   1               		.file	"ws2812.c"
   2               	__SP_H__ = 0x3e
   3               	__SP_L__ = 0x3d
   4               	__SREG__ = 0x3f
   5               	__tmp_reg__ = 0
   6               	__zero_reg__ = 1
   7               		.file 1 "e:\\game\\msys2\\mingw64\\avr\\include\\stdint.h"
   8               		.file 2 "./quantum/color.h"
   9               		.file 3 "drivers/avr/ws2812.c"
  10               		.file 4 "e:\\game\\msys2\\mingw64\\avr\\include\\util\\delay.h"
  11               		.section	.gnu.debuglto_.debug_info,"",@progbits
  12               	.Ldebug_info0:
  13               		.hidden	ws2812.c.7c586d1a
  14               		.weak	ws2812.c.7c586d1a
  15               	ws2812.c.7c586d1a:
  16 0000 B901 0000 		.long	0x1b9
  17 0004 0200      		.word	0x2
  18 0006 0000 0000 		.long	.Ldebug_abbrev0
  19 000a 04        		.byte	0x4
  20 000b 01        		.uleb128 0x1
  21 000c 0000 0000 		.long	.LASF27
  22 0010 0C        		.byte	0xc
  23 0011 0000 0000 		.long	.LASF28
  24 0015 0000 0000 		.long	.LASF29
  25 0019 0000 0000 		.long	.Ldebug_line0
  26 001d 02        		.uleb128 0x2
  27 001e 01        		.byte	0x1
  28 001f 06        		.byte	0x6
  29 0020 0000 0000 		.long	.LASF0
  30 0024 03        		.uleb128 0x3
  31 0025 0000 0000 		.long	.LASF2
  32 0029 01        		.byte	0x1
  33 002a 7E        		.byte	0x7e
  34 002b 16        		.byte	0x16
  35 002c 3000 0000 		.long	0x30
  36 0030 02        		.uleb128 0x2
  37 0031 01        		.byte	0x1
  38 0032 08        		.byte	0x8
  39 0033 0000 0000 		.long	.LASF1
  40 0037 04        		.uleb128 0x4
  41 0038 02        		.byte	0x2
  42 0039 05        		.byte	0x5
  43 003a 696E 7400 		.string	"int"
  44 003e 03        		.uleb128 0x3
  45 003f 0000 0000 		.long	.LASF3
  46 0043 01        		.byte	0x1
  47 0044 80        		.byte	0x80
  48 0045 16        		.byte	0x16
  49 0046 4A00 0000 		.long	0x4a
  50 004a 02        		.uleb128 0x2
  51 004b 02        		.byte	0x2
  52 004c 07        		.byte	0x7
  53 004d 0000 0000 		.long	.LASF4
  54 0051 02        		.uleb128 0x2
  55 0052 04        		.byte	0x4
  56 0053 05        		.byte	0x5
  57 0054 0000 0000 		.long	.LASF5
  58 0058 03        		.uleb128 0x3
  59 0059 0000 0000 		.long	.LASF6
  60 005d 01        		.byte	0x1
  61 005e 82        		.byte	0x82
  62 005f 16        		.byte	0x16
  63 0060 6400 0000 		.long	0x64
  64 0064 02        		.uleb128 0x2
  65 0065 04        		.byte	0x4
  66 0066 07        		.byte	0x7
  67 0067 0000 0000 		.long	.LASF7
  68 006b 02        		.uleb128 0x2
  69 006c 08        		.byte	0x8
  70 006d 05        		.byte	0x5
  71 006e 0000 0000 		.long	.LASF8
  72 0072 02        		.uleb128 0x2
  73 0073 08        		.byte	0x8
  74 0074 07        		.byte	0x7
  75 0075 0000 0000 		.long	.LASF9
  76 0079 05        		.uleb128 0x5
  77 007a 03        		.byte	0x3
  78 007b 02        		.byte	0x2
  79 007c 2E        		.byte	0x2e
  80 007d 09        		.byte	0x9
  81 007e AA00 0000 		.long	0xaa
  82 0082 06        		.uleb128 0x6
  83 0083 6700      		.string	"g"
  84 0085 02        		.byte	0x2
  85 0086 30        		.byte	0x30
  86 0087 0D        		.byte	0xd
  87 0088 2400 0000 		.long	0x24
  88 008c 02        		.byte	0x2
  89 008d 23        		.byte	0x23
  90 008e 00        		.uleb128 0
  91 008f 06        		.uleb128 0x6
  92 0090 7200      		.string	"r"
  93 0092 02        		.byte	0x2
  94 0093 31        		.byte	0x31
  95 0094 0D        		.byte	0xd
  96 0095 2400 0000 		.long	0x24
  97 0099 02        		.byte	0x2
  98 009a 23        		.byte	0x23
  99 009b 01        		.uleb128 0x1
 100 009c 06        		.uleb128 0x6
 101 009d 6200      		.string	"b"
 102 009f 02        		.byte	0x2
 103 00a0 32        		.byte	0x32
 104 00a1 0D        		.byte	0xd
 105 00a2 2400 0000 		.long	0x24
 106 00a6 02        		.byte	0x2
 107 00a7 23        		.byte	0x23
 108 00a8 02        		.uleb128 0x2
 109 00a9 00        		.byte	0
 110 00aa 03        		.uleb128 0x3
 111 00ab 0000 0000 		.long	.LASF10
 112 00af 02        		.byte	0x2
 113 00b0 3C        		.byte	0x3c
 114 00b1 03        		.byte	0x3
 115 00b2 7900 0000 		.long	0x79
 116 00b6 07        		.uleb128 0x7
 117 00b7 5247 4200 		.string	"RGB"
 118 00bb 02        		.byte	0x2
 119 00bc 3E        		.byte	0x3e
 120 00bd 0E        		.byte	0xe
 121 00be AA00 0000 		.long	0xaa
 122 00c2 08        		.uleb128 0x8
 123 00c3 0000 0000 		.long	.LASF19
 124 00c7 03        		.byte	0x3
 125 00c8 6B        		.byte	0x6b
 126 00c9 14        		.byte	0x14
 127 00ca 01        		.byte	0x1
 128 00cb 2401 0000 		.long	0x124
 129 00cf 09        		.uleb128 0x9
 130 00d0 0000 0000 		.long	.LASF11
 131 00d4 03        		.byte	0x3
 132 00d5 6B        		.byte	0x6b
 133 00d6 33        		.byte	0x33
 134 00d7 2401 0000 		.long	0x124
 135 00db 09        		.uleb128 0x9
 136 00dc 0000 0000 		.long	.LASF12
 137 00e0 03        		.byte	0x3
 138 00e1 6B        		.byte	0x6b
 139 00e2 42        		.byte	0x42
 140 00e3 3E00 0000 		.long	0x3e
 141 00e7 09        		.uleb128 0x9
 142 00e8 0000 0000 		.long	.LASF13
 143 00ec 03        		.byte	0x3
 144 00ed 6B        		.byte	0x6b
 145 00ee 52        		.byte	0x52
 146 00ef 2400 0000 		.long	0x24
 147 00f3 09        		.uleb128 0x9
 148 00f4 0000 0000 		.long	.LASF14
 149 00f8 03        		.byte	0x3
 150 00f9 6B        		.byte	0x6b
 151 00fa 62        		.byte	0x62
 152 00fb 2400 0000 		.long	0x24
 153 00ff 0A        		.uleb128 0xa
 154 0100 0000 0000 		.long	.LASF15
 155 0104 03        		.byte	0x3
 156 0105 6C        		.byte	0x6c
 157 0106 0D        		.byte	0xd
 158 0107 2400 0000 		.long	0x24
 159 010b 0B        		.uleb128 0xb
 160 010c 6374 7200 		.string	"ctr"
 161 0110 03        		.byte	0x3
 162 0111 6C        		.byte	0x6c
 163 0112 16        		.byte	0x16
 164 0113 2400 0000 		.long	0x24
 165 0117 0A        		.uleb128 0xa
 166 0118 0000 0000 		.long	.LASF16
 167 011c 03        		.byte	0x3
 168 011d 6C        		.byte	0x6c
 169 011e 1B        		.byte	0x1b
 170 011f 2400 0000 		.long	0x24
 171 0123 00        		.byte	0
 172 0124 0C        		.uleb128 0xc
 173 0125 02        		.byte	0x2
 174 0126 2400 0000 		.long	0x24
 175 012a 0D        		.uleb128 0xd
 176 012b 01        		.byte	0x1
 177 012c 0000 0000 		.long	.LASF24
 178 0130 03        		.byte	0x3
 179 0131 27        		.byte	0x27
 180 0132 06        		.byte	0x6
 181 0133 01        		.byte	0x1
 182 0134 6901 0000 		.long	0x169
 183 0138 09        		.uleb128 0x9
 184 0139 0000 0000 		.long	.LASF17
 185 013d 03        		.byte	0x3
 186 013e 27        		.byte	0x27
 187 013f 1F        		.byte	0x1f
 188 0140 6901 0000 		.long	0x169
 189 0144 09        		.uleb128 0x9
 190 0145 0000 0000 		.long	.LASF18
 191 0149 03        		.byte	0x3
 192 014a 27        		.byte	0x27
 193 014b 32        		.byte	0x32
 194 014c 3E00 0000 		.long	0x3e
 195 0150 0A        		.uleb128 0xa
 196 0151 0000 0000 		.long	.LASF13
 197 0155 03        		.byte	0x3
 198 0156 2A        		.byte	0x2a
 199 0157 0D        		.byte	0xd
 200 0158 2400 0000 		.long	0x24
 201 015c 0A        		.uleb128 0xa
 202 015d 0000 0000 		.long	.LASF14
 203 0161 03        		.byte	0x3
 204 0162 2B        		.byte	0x2b
 205 0163 0D        		.byte	0xd
 206 0164 2400 0000 		.long	0x24
 207 0168 00        		.byte	0
 208 0169 0C        		.uleb128 0xc
 209 016a 02        		.byte	0x2
 210 016b B600 0000 		.long	0xb6
 211 016f 08        		.uleb128 0x8
 212 0170 0000 0000 		.long	.LASF20
 213 0174 04        		.byte	0x4
 214 0175 FF        		.byte	0xff
 215 0176 01        		.byte	0x1
 216 0177 01        		.byte	0x1
 217 0178 B501 0000 		.long	0x1b5
 218 017c 09        		.uleb128 0x9
 219 017d 0000 0000 		.long	.LASF21
 220 0181 04        		.byte	0x4
 221 0182 FF        		.byte	0xff
 222 0183 12        		.byte	0x12
 223 0184 B501 0000 		.long	0x1b5
 224 0188 0E        		.uleb128 0xe
 225 0189 0000 0000 		.long	.LASF22
 226 018d 04        		.byte	0x4
 227 018e 0101      		.word	0x101
 228 0190 09        		.byte	0x9
 229 0191 B501 0000 		.long	0x1b5
 230 0195 0E        		.uleb128 0xe
 231 0196 0000 0000 		.long	.LASF23
 232 019a 04        		.byte	0x4
 233 019b 0501      		.word	0x105
 234 019d 0B        		.byte	0xb
 235 019e 5800 0000 		.long	0x58
 236 01a2 0F        		.uleb128 0xf
 237 01a3 01        		.byte	0x1
 238 01a4 0000 0000 		.long	.LASF25
 239 01a8 04        		.byte	0x4
 240 01a9 0601      		.word	0x106
 241 01ab 0E        		.byte	0xe
 242 01ac 01        		.byte	0x1
 243 01ad 01        		.byte	0x1
 244 01ae 10        		.uleb128 0x10
 245 01af 6400 0000 		.long	0x64
 246 01b3 00        		.byte	0
 247 01b4 00        		.byte	0
 248 01b5 02        		.uleb128 0x2
 249 01b6 04        		.byte	0x4
 250 01b7 04        		.byte	0x4
 251 01b8 0000 0000 		.long	.LASF26
 252 01bc 00        		.byte	0
 253               		.section	.gnu.debuglto_.debug_abbrev,"",@progbits
 254               	.Ldebug_abbrev0:
 255 0000 01        		.uleb128 0x1
 256 0001 11        		.uleb128 0x11
 257 0002 01        		.byte	0x1
 258 0003 25        		.uleb128 0x25
 259 0004 0E        		.uleb128 0xe
 260 0005 13        		.uleb128 0x13
 261 0006 0B        		.uleb128 0xb
 262 0007 03        		.uleb128 0x3
 263 0008 0E        		.uleb128 0xe
 264 0009 1B        		.uleb128 0x1b
 265 000a 0E        		.uleb128 0xe
 266 000b 10        		.uleb128 0x10
 267 000c 06        		.uleb128 0x6
 268 000d 00        		.byte	0
 269 000e 00        		.byte	0
 270 000f 02        		.uleb128 0x2
 271 0010 24        		.uleb128 0x24
 272 0011 00        		.byte	0
 273 0012 0B        		.uleb128 0xb
 274 0013 0B        		.uleb128 0xb
 275 0014 3E        		.uleb128 0x3e
 276 0015 0B        		.uleb128 0xb
 277 0016 03        		.uleb128 0x3
 278 0017 0E        		.uleb128 0xe
 279 0018 00        		.byte	0
 280 0019 00        		.byte	0
 281 001a 03        		.uleb128 0x3
 282 001b 16        		.uleb128 0x16
 283 001c 00        		.byte	0
 284 001d 03        		.uleb128 0x3
 285 001e 0E        		.uleb128 0xe
 286 001f 3A        		.uleb128 0x3a
 287 0020 0B        		.uleb128 0xb
 288 0021 3B        		.uleb128 0x3b
 289 0022 0B        		.uleb128 0xb
 290 0023 39        		.uleb128 0x39
 291 0024 0B        		.uleb128 0xb
 292 0025 49        		.uleb128 0x49
 293 0026 13        		.uleb128 0x13
 294 0027 00        		.byte	0
 295 0028 00        		.byte	0
 296 0029 04        		.uleb128 0x4
 297 002a 24        		.uleb128 0x24
 298 002b 00        		.byte	0
 299 002c 0B        		.uleb128 0xb
 300 002d 0B        		.uleb128 0xb
 301 002e 3E        		.uleb128 0x3e
 302 002f 0B        		.uleb128 0xb
 303 0030 03        		.uleb128 0x3
 304 0031 08        		.uleb128 0x8
 305 0032 00        		.byte	0
 306 0033 00        		.byte	0
 307 0034 05        		.uleb128 0x5
 308 0035 13        		.uleb128 0x13
 309 0036 01        		.byte	0x1
 310 0037 0B        		.uleb128 0xb
 311 0038 0B        		.uleb128 0xb
 312 0039 3A        		.uleb128 0x3a
 313 003a 0B        		.uleb128 0xb
 314 003b 3B        		.uleb128 0x3b
 315 003c 0B        		.uleb128 0xb
 316 003d 39        		.uleb128 0x39
 317 003e 0B        		.uleb128 0xb
 318 003f 01        		.uleb128 0x1
 319 0040 13        		.uleb128 0x13
 320 0041 00        		.byte	0
 321 0042 00        		.byte	0
 322 0043 06        		.uleb128 0x6
 323 0044 0D        		.uleb128 0xd
 324 0045 00        		.byte	0
 325 0046 03        		.uleb128 0x3
 326 0047 08        		.uleb128 0x8
 327 0048 3A        		.uleb128 0x3a
 328 0049 0B        		.uleb128 0xb
 329 004a 3B        		.uleb128 0x3b
 330 004b 0B        		.uleb128 0xb
 331 004c 39        		.uleb128 0x39
 332 004d 0B        		.uleb128 0xb
 333 004e 49        		.uleb128 0x49
 334 004f 13        		.uleb128 0x13
 335 0050 38        		.uleb128 0x38
 336 0051 0A        		.uleb128 0xa
 337 0052 00        		.byte	0
 338 0053 00        		.byte	0
 339 0054 07        		.uleb128 0x7
 340 0055 16        		.uleb128 0x16
 341 0056 00        		.byte	0
 342 0057 03        		.uleb128 0x3
 343 0058 08        		.uleb128 0x8
 344 0059 3A        		.uleb128 0x3a
 345 005a 0B        		.uleb128 0xb
 346 005b 3B        		.uleb128 0x3b
 347 005c 0B        		.uleb128 0xb
 348 005d 39        		.uleb128 0x39
 349 005e 0B        		.uleb128 0xb
 350 005f 49        		.uleb128 0x49
 351 0060 13        		.uleb128 0x13
 352 0061 00        		.byte	0
 353 0062 00        		.byte	0
 354 0063 08        		.uleb128 0x8
 355 0064 2E        		.uleb128 0x2e
 356 0065 01        		.byte	0x1
 357 0066 03        		.uleb128 0x3
 358 0067 0E        		.uleb128 0xe
 359 0068 3A        		.uleb128 0x3a
 360 0069 0B        		.uleb128 0xb
 361 006a 3B        		.uleb128 0x3b
 362 006b 0B        		.uleb128 0xb
 363 006c 39        		.uleb128 0x39
 364 006d 0B        		.uleb128 0xb
 365 006e 27        		.uleb128 0x27
 366 006f 0C        		.uleb128 0xc
 367 0070 01        		.uleb128 0x1
 368 0071 13        		.uleb128 0x13
 369 0072 00        		.byte	0
 370 0073 00        		.byte	0
 371 0074 09        		.uleb128 0x9
 372 0075 05        		.uleb128 0x5
 373 0076 00        		.byte	0
 374 0077 03        		.uleb128 0x3
 375 0078 0E        		.uleb128 0xe
 376 0079 3A        		.uleb128 0x3a
 377 007a 0B        		.uleb128 0xb
 378 007b 3B        		.uleb128 0x3b
 379 007c 0B        		.uleb128 0xb
 380 007d 39        		.uleb128 0x39
 381 007e 0B        		.uleb128 0xb
 382 007f 49        		.uleb128 0x49
 383 0080 13        		.uleb128 0x13
 384 0081 00        		.byte	0
 385 0082 00        		.byte	0
 386 0083 0A        		.uleb128 0xa
 387 0084 34        		.uleb128 0x34
 388 0085 00        		.byte	0
 389 0086 03        		.uleb128 0x3
 390 0087 0E        		.uleb128 0xe
 391 0088 3A        		.uleb128 0x3a
 392 0089 0B        		.uleb128 0xb
 393 008a 3B        		.uleb128 0x3b
 394 008b 0B        		.uleb128 0xb
 395 008c 39        		.uleb128 0x39
 396 008d 0B        		.uleb128 0xb
 397 008e 49        		.uleb128 0x49
 398 008f 13        		.uleb128 0x13
 399 0090 00        		.byte	0
 400 0091 00        		.byte	0
 401 0092 0B        		.uleb128 0xb
 402 0093 34        		.uleb128 0x34
 403 0094 00        		.byte	0
 404 0095 03        		.uleb128 0x3
 405 0096 08        		.uleb128 0x8
 406 0097 3A        		.uleb128 0x3a
 407 0098 0B        		.uleb128 0xb
 408 0099 3B        		.uleb128 0x3b
 409 009a 0B        		.uleb128 0xb
 410 009b 39        		.uleb128 0x39
 411 009c 0B        		.uleb128 0xb
 412 009d 49        		.uleb128 0x49
 413 009e 13        		.uleb128 0x13
 414 009f 00        		.byte	0
 415 00a0 00        		.byte	0
 416 00a1 0C        		.uleb128 0xc
 417 00a2 0F        		.uleb128 0xf
 418 00a3 00        		.byte	0
 419 00a4 0B        		.uleb128 0xb
 420 00a5 0B        		.uleb128 0xb
 421 00a6 49        		.uleb128 0x49
 422 00a7 13        		.uleb128 0x13
 423 00a8 00        		.byte	0
 424 00a9 00        		.byte	0
 425 00aa 0D        		.uleb128 0xd
 426 00ab 2E        		.uleb128 0x2e
 427 00ac 01        		.byte	0x1
 428 00ad 3F        		.uleb128 0x3f
 429 00ae 0C        		.uleb128 0xc
 430 00af 03        		.uleb128 0x3
 431 00b0 0E        		.uleb128 0xe
 432 00b1 3A        		.uleb128 0x3a
 433 00b2 0B        		.uleb128 0xb
 434 00b3 3B        		.uleb128 0x3b
 435 00b4 0B        		.uleb128 0xb
 436 00b5 39        		.uleb128 0x39
 437 00b6 0B        		.uleb128 0xb
 438 00b7 27        		.uleb128 0x27
 439 00b8 0C        		.uleb128 0xc
 440 00b9 01        		.uleb128 0x1
 441 00ba 13        		.uleb128 0x13
 442 00bb 00        		.byte	0
 443 00bc 00        		.byte	0
 444 00bd 0E        		.uleb128 0xe
 445 00be 34        		.uleb128 0x34
 446 00bf 00        		.byte	0
 447 00c0 03        		.uleb128 0x3
 448 00c1 0E        		.uleb128 0xe
 449 00c2 3A        		.uleb128 0x3a
 450 00c3 0B        		.uleb128 0xb
 451 00c4 3B        		.uleb128 0x3b
 452 00c5 05        		.uleb128 0x5
 453 00c6 39        		.uleb128 0x39
 454 00c7 0B        		.uleb128 0xb
 455 00c8 49        		.uleb128 0x49
 456 00c9 13        		.uleb128 0x13
 457 00ca 00        		.byte	0
 458 00cb 00        		.byte	0
 459 00cc 0F        		.uleb128 0xf
 460 00cd 2E        		.uleb128 0x2e
 461 00ce 01        		.byte	0x1
 462 00cf 3F        		.uleb128 0x3f
 463 00d0 0C        		.uleb128 0xc
 464 00d1 03        		.uleb128 0x3
 465 00d2 0E        		.uleb128 0xe
 466 00d3 3A        		.uleb128 0x3a
 467 00d4 0B        		.uleb128 0xb
 468 00d5 3B        		.uleb128 0x3b
 469 00d6 05        		.uleb128 0x5
 470 00d7 39        		.uleb128 0x39
 471 00d8 0B        		.uleb128 0xb
 472 00d9 27        		.uleb128 0x27
 473 00da 0C        		.uleb128 0xc
 474 00db 3C        		.uleb128 0x3c
 475 00dc 0C        		.uleb128 0xc
 476 00dd 00        		.byte	0
 477 00de 00        		.byte	0
 478 00df 10        		.uleb128 0x10
 479 00e0 05        		.uleb128 0x5
 480 00e1 00        		.byte	0
 481 00e2 49        		.uleb128 0x49
 482 00e3 13        		.uleb128 0x13
 483 00e4 00        		.byte	0
 484 00e5 00        		.byte	0
 485 00e6 00        		.byte	0
 486               		.section	.gnu.debuglto_.debug_line,"",@progbits
 487               	.Ldebug_line0:
 488 0000 A900 0000 		.long	.LELT0-.LSLT0
 489               	.LSLT0:
 490 0004 0200      		.word	0x2
 491 0006 A300 0000 		.long	.LELTP0-.LASLTP0
 492               	.LASLTP0:
 493 000a 01        		.byte	0x1
 494 000b 01        		.byte	0x1
 495 000c F6        		.byte	0xf6
 496 000d F2        		.byte	0xf2
 497 000e 0D        		.byte	0xd
 498 000f 00        		.byte	0
 499 0010 01        		.byte	0x1
 500 0011 01        		.byte	0x1
 501 0012 01        		.byte	0x1
 502 0013 01        		.byte	0x1
 503 0014 00        		.byte	0
 504 0015 00        		.byte	0
 505 0016 00        		.byte	0
 506 0017 01        		.byte	0x1
 507 0018 00        		.byte	0
 508 0019 00        		.byte	0
 509 001a 01        		.byte	0x1
 510 001b 653A 5C67 		.ascii	"e:\\game\\msys2\\mingw64\\avr\\include"
 510      616D 655C 
 510      6D73 7973 
 510      325C 6D69 
 510      6E67 7736 
 511 003c 00        		.byte	0
 512 003d 653A 5C67 		.ascii	"e:\\game\\msys2\\mingw64\\avr\\include\\util"
 512      616D 655C 
 512      6D73 7973 
 512      325C 6D69 
 512      6E67 7736 
 513 0063 00        		.byte	0
 514 0064 6472 6976 		.ascii	"drivers/avr"
 514      6572 732F 
 514      6176 72
 515 006f 00        		.byte	0
 516 0070 7175 616E 		.ascii	"quantum"
 516      7475 6D
 517 0077 00        		.byte	0
 518 0078 00        		.byte	0
 519 0079 7374 6469 		.string	"stdint.h"
 519      6E74 2E68 
 519      00
 520 0082 01        		.uleb128 0x1
 521 0083 00        		.uleb128 0
 522 0084 00        		.uleb128 0
 523 0085 636F 6C6F 		.string	"color.h"
 523      722E 6800 
 524 008d 04        		.uleb128 0x4
 525 008e 00        		.uleb128 0
 526 008f 00        		.uleb128 0
 527 0090 7773 3238 		.string	"ws2812.c"
 527      3132 2E63 
 527      00
 528 0099 03        		.uleb128 0x3
 529 009a 00        		.uleb128 0
 530 009b 00        		.uleb128 0
 531 009c 7574 696C 		.string	"util\\delay.h"
 531      5C64 656C 
 531      6179 2E68 
 531      00
 532 00a9 01        		.uleb128 0x1
 533 00aa 00        		.uleb128 0
 534 00ab 00        		.uleb128 0
 535 00ac 00        		.byte	0
 536               	.LELTP0:
 537               	.LELT0:
 538               		.section	.gnu.debuglto_.debug_str,"MS",@progbits,1
 539               	.LASF29:
 540 0000 443A 5C44 		.string	"D:\\Download\\vial-qmk"
 540      6F77 6E6C 
 540      6F61 645C 
 540      7669 616C 
 540      2D71 6D6B 
 541               	.LASF17:
 542 0015 6C65 6461 		.string	"ledarray"
 542      7272 6179 
 542      00
 543               	.LASF4:
 544 001e 756E 7369 		.string	"unsigned int"
 544      676E 6564 
 544      2069 6E74 
 544      00
 545               	.LASF21:
 546 002b 5F5F 7573 		.string	"__us"
 546      00
 547               	.LASF25:
 548 0030 5F5F 6275 		.string	"__builtin_avr_delay_cycles"
 548      696C 7469 
 548      6E5F 6176 
 548      725F 6465 
 548      6C61 795F 
 549               	.LASF24:
 550 004b 7773 3238 		.string	"ws2812_setleds"
 550      3132 5F73 
 550      6574 6C65 
 550      6473 00
 551               	.LASF11:
 552 005a 6461 7461 		.string	"data"
 552      00
 553               	.LASF1:
 554 005f 756E 7369 		.string	"unsigned char"
 554      676E 6564 
 554      2063 6861 
 554      7200 
 555               	.LASF18:
 556 006d 6E75 6D62 		.string	"number_of_leds"
 556      6572 5F6F 
 556      665F 6C65 
 556      6473 00
 557               	.LASF7:
 558 007c 6C6F 6E67 		.string	"long unsigned int"
 558      2075 6E73 
 558      6967 6E65 
 558      6420 696E 
 558      7400 
 559               	.LASF15:
 560 008e 6375 7262 		.string	"curbyte"
 560      7974 6500 
 561               	.LASF26:
 562 0096 646F 7562 		.string	"double"
 562      6C65 00
 563               	.LASF14:
 564 009d 6D61 736B 		.string	"maskhi"
 564      6869 00
 565               	.LASF22:
 566 00a4 5F5F 746D 		.string	"__tmp"
 566      7000 
 567               	.LASF27:
 568 00aa 474E 5520 		.string	"GNU C99 8.4.0 -mn-flash=1 -mno-skip-bug -mmcu=avr5 -gdwarf-2 -Os -std=gnu99 -funsigned-ch
 568      4339 3920 
 568      382E 342E 
 568      3020 2D6D 
 568      6E2D 666C 
 569               	.LASF28:
 570 019b 6472 6976 		.string	"drivers/avr/ws2812.c"
 570      6572 732F 
 570      6176 722F 
 570      7773 3238 
 570      3132 2E63 
 571               	.LASF20:
 572 01b0 5F64 656C 		.string	"_delay_us"
 572      6179 5F75 
 572      7300 
 573               	.LASF9:
 574 01ba 6C6F 6E67 		.string	"long long unsigned int"
 574      206C 6F6E 
 574      6720 756E 
 574      7369 676E 
 574      6564 2069 
 575               	.LASF2:
 576 01d1 7569 6E74 		.string	"uint8_t"
 576      385F 7400 
 577               	.LASF13:
 578 01d9 6D61 736B 		.string	"masklo"
 578      6C6F 00
 579               	.LASF12:
 580 01e0 6461 746C 		.string	"datlen"
 580      656E 00
 581               	.LASF8:
 582 01e7 6C6F 6E67 		.string	"long long int"
 582      206C 6F6E 
 582      6720 696E 
 582      7400 
 583               	.LASF16:
 584 01f5 7372 6567 		.string	"sreg_prev"
 584      5F70 7265 
 584      7600 
 585               	.LASF23:
 586 01ff 5F5F 7469 		.string	"__ticks_dc"
 586      636B 735F 
 586      6463 00
 587               	.LASF3:
 588 020a 7569 6E74 		.string	"uint16_t"
 588      3136 5F74 
 588      00
 589               	.LASF19:
 590 0213 7773 3238 		.string	"ws2812_sendarray_mask"
 590      3132 5F73 
 590      656E 6461 
 590      7272 6179 
 590      5F6D 6173 
 591               	.LASF6:
 592 0229 7569 6E74 		.string	"uint32_t"
 592      3332 5F74 
 592      00
 593               	.LASF5:
 594 0232 6C6F 6E67 		.string	"long int"
 594      2069 6E74 
 594      00
 595               	.LASF10:
 596 023b 6352 4742 		.string	"cRGB"
 596      00
 597               	.LASF0:
 598 0240 7369 676E 		.string	"signed char"
 598      6564 2063 
 598      6861 7200 
 599               		.text
 600               		.section	.gnu.lto_.profile.e7422341,"",@progbits
 601 0000 789C 6367 		.string	"x\234cg`f`d"
 601      6066 6064 
 601      00
 602 0009 0200      		.string	"\002"
 603 000b 00        		.string	""
 604 000c 6200      		.string	"b"
 605 000e 0C        		.ascii	"\f"
 606               		.text
 607               		.section	.gnu.lto_.icf.e7422341,"",@progbits
 608 0000 789C 6367 		.string	"x\234cg`f\340c@"
 608      6066 E063 
 608      4000 
 609 000a 2686 93D3 		.string	"&\206\223\323Nmed<\374`\307g.\006"
 609      4E6D 6564 
 609      3CFC 60C7 
 609      672E 0600 
 610 001a 2FB9 0653 		.ascii	"/\271\006S"
 611               		.text
 612               		.section	.gnu.lto_.jmpfuncs.e7422341,"",@progbits
 613 0000 789C 558E 		.ascii	"x\234U\2161\n\302@\020E\347\317,\304\312\\`;O\343\2454\026\202"
 613      310A C240 
 613      1045 E7CF 
 613      2CC4 CA5C 
 613      603B 4FE3 
 614 0018 D8A8 8DB0 		.ascii	"\330\250\215\260X\330i%\036\300D\323\350\001\354\254\025m\305"
 614      58D8 6925 
 614      1EC0 44D3 
 614      E801 ECAC 
 614      156D C5
 615 002b D622 FE35 		.ascii	"\326\"\3765Bp\340/\313\347\275\331M\304\344!\315\2508p\322~0"
 615      4270 E02F 
 615      CBE7 BDD9 
 615      4DC4 E421 
 615      CDA8 3870 
 616 0042 61C0 680C 		.ascii	"a\300h\f\0240\004\263X*f\206\323y\271p#\013\346\220u\260\203"
 616      1430 04B3 
 616      582A 6686 
 616      D379 B970 
 616      230B E690 
 617 0059 1794 E095 		.ascii	"\027\224\340\225\207HK{\\\026\013a\252\312D\273t\206\257\313"
 617      8748 4B7B 
 617      5C16 0B61 
 617      AACA 44BB 
 617      7486 AFCB 
 618 006d BA1D 9DB8 		.ascii	"\272\035\235\270,\207\307\037\322\bo~\201\370`2\335\244\021W"
 618      2C87 C71F 
 618      D208 6F7E 
 618      81F8 6032 
 618      DDA4 1157 
 619 0081 8205 3CAB 		.ascii	"\202\005<\253\325u{wuEh\317W\233\025\265t\233g\305Or8|\245b|"
 619      D575 7B77 
 619      7545 68CF 
 619      579B 15B5 
 619      749B 67C5 
 620 009c 7C26 7545 		.ascii	"|&uE\250\244\364\001\31129\275"
 620      A8A4 F401 
 620      C932 39BD 
 621               		.text
 622               		.section	.gnu.lto_.inline.e7422341,"",@progbits
 623 0000 789C 6367 		.string	"x\234cg`f(b@"
 623      6066 2862 
 623      4000 
 624 000a 2606 0699 		.string	"&\006\006\231\206\206\206\007li\214\214\214\002\214@\001# w\001[\032\003\003\033\220\321\
 624      8686 8607 
 624      6C69 8C8C 
 624      8C02 8C40 
 624      0123 2077 
 625 0055 B389 17C9 		.ascii	"\263\211\027\311"
 626               		.text
 627               		.section	.gnu.lto_.pureconst.e7422341,"",@progbits
 628 0000 789C 6367 		.string	"x\234cg`f`g```b\330\305\3128\213\005"
 628      6066 6067 
 628      6060 6062 
 628      D8C5 CA38 
 628      8B05 00
 629 0013 05EB 0172 		.ascii	"\005\353\001r"
 630               		.text
 631               		.section	.gnu.lto_ws2812_sendarray_mask.e7422341,"",@progbits
 632 0000 789C 8554 		.string	"x\234\205TkL\\E\024\2363s\357>Y0&6\265B\262\331\004B*\241@U\210I\215\232\370\303_\3760\36
 632      6B4C 5C45 
 632      149E 3373 
 632      EF3E 5930 
 632      2636 B542 
 633 009c 728F 5B80 		.ascii	"r\217[\200\024Q\246\250PD\025\002A\200\225\025f\274\210\376T"
 633      1451 A6A8 
 633      5044 1502 
 633      4180 9515 
 633      66BC 88FE 
 634 00b1 B23D 0C66 		.ascii	"\262=\ff\347\367]wl>\210\030\036\324\2765\267\362~\316\3520\342"
 634      E7F7 5D77 
 634      6C3E 8818 
 634      1ED4 BE35 
 634      B7F2 7ECE 
 635 00c8 A350 1481 		.ascii	"\243P\024\201\016\330\214\201}\303\373\232\243*p\017\200\342"
 635      0ED8 8C81 
 635      7DC3 FB9A 
 635      A32A 700F 
 635      80E2 
 636 00da 7260 786A 		.ascii	"r`xj\316\"\226\024\036\302e\313\\\357\t`\033\201\240\335u\356"
 636      CE22 9614 
 636      1EC2 65CB 
 636      5CEF 0960 
 636      1B81 A0DD 
 637 00f0 F301 7B7C 		.ascii	"\363\001{|3\347\305<8\366\n\217\250c\f:\201!#\234\204h8\001\321"
 637      33E7 C53C 
 637      38F6 0A8F 
 637      A863 0C3A 
 637      8121 239C 
 638 0109 84A0 2FE6 		.ascii	"\204\240/\346\002"
 638      02
 639 010e 10F8 01E2 		.string	"\020\370\001\342\0211\324[q\327\301\222$\372\343\331\372\026\213\201\036\334X\306\203P\30
 639      1131 D45B 
 639      71D7 C192 
 639      24FA E3D9 
 639      FA16 8B81 
 640 020f 71DB 0E22 		.ascii	"q\333\016\"x\t)c\344\257\305\203i\300\203\244\234Qi\226\004\311"
 640      7809 2963 
 640      E4AF C583 
 640      69C0 83A4 
 640      9C51 6996 
 641 0225 24F0 03B7 		.ascii	"$\360\003\267\337We\036\302^\210\224\3464\234\252\251Z`\302\326"
 641      DF57 651E 
 641      C25E 8894 
 641      E634 9CAA 
 641      A95A 60C2 
 642 023a 9882 1202 		.ascii	"\230\202\022\002\325\037\034\226\255h\222\212\232F\357\224\330"
 642      D51F 1C96 
 642      AD68 928A 
 642      9A46 EF94 
 642      D8
 643 024b F5E5 15B1 		.ascii	"\365\345\025\261\236\351Xnt4AC\2404\300\353\233\001\353e\206"
 643      9EE9 586E 
 643      7434 4143 
 643      A034 C0EB 
 643      9B01 EB65 
 644 0260 F3D8 38E7 		.ascii	"\363\3308\347D\343\300\005h\002d/\256\177W\020\212\364\221T\036"
 644      44E3 C005 
 644      6802 642F 
 644      AE7F 5710 
 644      8AF4 9154 
 645 0275 B762 1C3D 		.ascii	"\267b\034=\003\001\2274\3602^E\276\211\243\375\243v\327\033\365"
 645      0301 9734 
 645      F032 5E45 
 645      BE89 A3FD 
 645      A376 D71B 
 646 028a BCD6 59C7 		.ascii	"\274\326Y\307,\342\204\306\233\235M\252B1\240\037\\\370\377\013"
 646      2CE2 84C6 
 646      9B9D 4DAA 
 646      4231 A01F 
 646      5CF8 FF0B 
 647 029e E80C 4D51 		.ascii	"\350\fMQ:\016E\261\352\262\241^\026R\325R\375\250!\245\344\233"
 647      3A0E 45B1 
 647      EAB2 A15E 
 647      1652 D552 
 647      FDA8 21A5 
 648 02b4 F23A B32E 		.ascii	"\362:\263.\305\252\341,am0\031\247\314\005\257\f\275\030T\\S"
 648      C5AA E12C 
 648      616D 3019 
 648      A7CC 05AF 
 648      0CBD 1854 
 649 02ca 55A7 EA41 		.ascii	"U\247\352A\266p\275L\352=^|H\003\241\017g\266\376\230\320\247"
 649      B670 BD4C 
 649      EA3D 5E7C 
 649      4803 A10F 
 649      67B6 FE98 
 650 02e0 0AA6 0129 		.ascii	"\n\246\001)\357\327\220\274f\220\234g\205>\233L\342k#\211\031"
 650      EFD7 90BC 
 650      6690 9C67 
 650      853E 9B4C 
 650      E26B 2389 
 651 02f5 2893 FA14 		.ascii	"(\223\372\024\254u\026\362u\266V,Y]w\250.\320*\216\270\271s\367"
 651      AC75 16F2 
 651      75B6 562C 
 651      595D 77A8 
 651      2ED0 2A8E 
 652 030d C528 2970 		.string	"\305()pP\bDO\363`\333\001\212\036\270\b\212\306\034\270\363\033\210Z\374\333\372\305\224\
 652      5008 444F 
 652      F360 DB01 
 652      8A1E B808 
 652      8AC6 1CB8 
 653 040e 31E2 2079 		.ascii	"1\342 y\361\002\037q\373\262\013=>\377\226\364B\337\226w\374"
 653      F102 1F71 
 653      FBB2 0B3D 
 653      3EFF 96F4 
 653      42DF 9677 
 654 0423 2969 C929 		.ascii	")i\311)\211\231Dq\247\027\244?\034Z&\246f>\231\366\224;9\235"
 654      8999 4471 
 654      A717 A43F 
 654      1C5A 26A6 
 654      663E 99F6 
 655 043b 98D0 EFF5 		.ascii	"\230\320\357\365\344\232r\322\375o{\363\344++\333\352\367y\336"
 655      E49A 72D2 
 655      FD6F 7BF3 
 655      E42B 2BDB 
 655      EAF7 79DE 
 656 044f 7C3D DFE7 		.ascii	"|=\337\347)d\231\005>s\346v_\306\216\002\217\222\351\315&\346"
 656      2964 9905 
 656      3E73 E676 
 656      5FC6 8E02 
 656      8F92 E9CD 
 657 0465 1C4F 4E9E 		.ascii	"\034ON\236o\007\251\242N\375\361\272\263\361?6)!\315\351\264"
 657      6F07 A9A2 
 657      4EFD F1BA 
 657      B3F1 3F36 
 657      2921 CDE9 
 658 047a 59BD 7979 		.ascii	"Y\275yy\371\261\333\236v\206=6\253a\344m/\020\221)\t\261[\321"
 658      F9B1 DB9E 
 658      7686 3D36 
 658      AB61 E46D 
 658      2F10 9129 
 659 0492 999B 971F 		.ascii	"\231\233\227\037\332\367\275\225\223\357L|<\351^\250?\303\347"
 659      DAF7 BD95 
 659      93EF 4C7C 
 659      3CE9 5EA8 
 659      3FC3 E7
 660 04a5 C7D0 E484 		.ascii	"\307\320\344\204\324u\361O\334sz\375^\341L\326\231\326']\337"
 660      D475 F14F 
 660      DC73 7AFD 
 660      5EE1 4CD6 
 660      99D6 275D 
 661 04ba 5C97 F5FE 		.ascii	"\\\227\365\376}\267'S\352[%%\303\227\353\301\263\245X\233\225"
 661      7DB7 2753 
 661      EA5B 2525 
 661      C397 EBC1 
 661      B3A5 589B 
 662 04cf 28DB E2DC 		.ascii	"(\333\342\334\204\372\b}\221\374\007~\330Y\363"
 662      84FA 087D 
 662      91FC 077E 
 662      D859 F3
 663               		.text
 664               		.section	.gnu.lto_ws2812_setleds.e7422341,"",@progbits
 665 0000 789C 7D55 		.string	"x\234}UmL\223W\024\276\347\275o?\241`L\266l\t3\220\031BH\006\2239G\366c1Y\366g\377\226%\3
 665      6D4C 9357 
 665      14BE E7BD 
 665      6F3F A160 
 665      4CB6 6C09 
 666 0081 64A9 C20C 		.ascii	"d\251\302\fl\217\002{\340#^\305\341\257\305\206\237l\231\235"
 666      6C8F 027B 
 666      E023 5EC5 
 666      E1AF C586 
 666      9F6C 999D 
 667 0095 F846 68F5 		.ascii	"\370Fh\365M\317\213N\rB\234\261\032\374\352\0378\003\231\350"
 667      4DCF 8B4E 
 667      0D42 9CB1 
 667      1AFC EA1F 
 667      3803 99E8 
 668 00a9 D737 DAD0 		.ascii	"\3277\332\320\221\\\316C\034@\301\355\320\350/\013f\332*\260"
 668      915C CE43 
 668      1C40 C1ED 
 668      D0E8 2F0B 
 668      66DA 2AB0 
 669 00bd 06B7 8D73 		.ascii	"\006\267\215s\337\214\031\371s\300\320\376\263\352\313\001cF"
 669      DF8C 19F9 
 669      73C0 D0FE 
 669      B3EA CB01 
 669      6346 
 670 00cf 8710 C542 		.ascii	"\207\020\305B[~W$\2068\207s\300\221\021\316B\n|\007)\214\341"
 670      5B7E 5724 
 670      8638 8773 
 670      C091 11CE 
 670      420A 7C07 
 671 00e6 B3B4 6F15 		.ascii	"\263\264o\025\006\335\220\201\bq\347\323\201d\276Q\242\227\372"
 671      06DD 9081 
 671      0871 E7D3 
 671      8164 BE51 
 671      A297 FA
 672 00f9 BFFA C31A 		.ascii	"\277\372\303\032F\017\277Gh\025\264\377\241\325\264\213\210\356"
 672      460F BF47 
 672      6815 B4FF 
 672      A1D5 B48B 
 672      88EE 
 673 010b 810C 4698 		.ascii	"\201\fF\230\271\352\233\365\311\374M\211\257\031\251\033\260"
 673      B9EA 9BF5 
 673      C9FC 4D89 
 673      AF19 A91B 
 673      B0
 674 011c A4B7 49FC 		.ascii	"\244\267I\374\344\r\036\024Z 5\304\rp^\347x%\005^N\241c\245M"
 674      E40D 1E14 
 674      5A20 35C4 
 674      0D70 5EE7 
 674      7825 055E 
 675 0135 28E4 7E62 		.ascii	"(\344~bp\371A\002\177[B\027\036\235[\260\206\241Co\211}B!\340"
 675      70F9 4102 
 675      7F5B 4217 
 675      1E9D 5BB0 
 675      86A1 436F 
 676 014e C578 E0A0 		.ascii	"\305x\340\240\004\316\034_\251\265\031U\370\036\322\341\002\244"
 676      04CE 1C5F 
 676      A9B5 1955 
 676      F81E D2E1 
 676      02A4 
 677 0160 8713 0697 		.ascii	"\207\023\006\227\300\310\2001%\362\374\330\220A\023+\253eB[i"
 677      C0C8 8031 
 677      25F2 FCD8 
 677      9041 132B 
 677      AB65 425B 
 678 0175 83FD 274F 		.ascii	"\203\375'OB\022`\370F\205\026N\213J\213\001\027\223\231\021\310"
 678      4212 60F8 
 678      4685 164E 
 678      8B4A 8B01 
 678      1793 9911 
 679 018a C208 6605 		.ascii	"\302\bf\005:\\\002P\202\030+\345\254\030\353\243\202\320\330"
 679      3A5C 0250 
 679      8218 2BE5 
 679      AC18 EBA3 
 679      82D0 D8
 680 019d 5EAE 04A4 		.ascii	"^\256\004\244]\242\2619\020-\263\231R\363W8_W\361\233\211\354"
 680      5DA2 B139 
 680      102D B399 
 680      52F3 5738 
 680      5F57 F19B 
 681 01b3 7A0E 185F 		.ascii	"z\016\030_\340\263\312#\262^fy\266+\263K]F}\373\022n\017\034"
 681      E0B3 CA23 
 681      B25E 6679 
 681      B62B B34B 
 681      5D46 7DFB 
 682 01cb 7F3C A1B4 		.ascii	"\177<\241\264Ck \030\020\230\036\013\364bn/Sn\241\017\332\001"
 682      436B 2018 
 682      1098 1E0B 
 682      F462 6E2F 
 682      536E A10F 
 683 01e1 E94A AACB 		.ascii	"\351J\252\313@gSt\302\207\315\245K\234\030\214\240\302\025tE"
 683      4067 5374 
 683      C287 CDA5 
 683      4B9C 188C 
 683      A0C2 1574 
 684 01f6 C9C9 8FA5 		.ascii	"\311\311\217\245\317\323\t\257\"!\262\310h\177\217\211v,A\347"
 684      CFD3 09AF 
 684      2221 B2C8 
 684      687F 8F89 
 684      762C 41E7 
 685 020a A72E ECEC 		.ascii	"\247.\354\354\272\0344\351\341e\341v\376\336\337\353c\311\372"
 685      BA1C 34E9 
 685      E165 E176 
 685      FEDE DFEB 
 685      63C9 FA
 686 021d A364 3F84 		.ascii	"\243d?\204\243\253+\033\343:\334\2543t\314\036\373Y%\006\003"
 686      A3AB 2B1B 
 686      E33A DCAC 
 686      3374 CC1E 
 686      FB59 2506 
 687 0232 FC03 3080 		.ascii	"\374\0030\200\316sP\234J.\224Ut\223\372\017b\364\373\302\372"
 687      CE73 509C 
 687      4A2E 9455 
 687      7493 FA0F 
 687      62F4 FBC2 
 688 0247 EA53 057F 		.ascii	"\352S\005\177\214\246#\"hA\210L@T\340\002\tX\244\300bD\240\344"
 688      8CA6 2322 
 688      6841 884C 
 688      4054 E002 
 688      0958 A4C0 
 689 025f C4DE 70FE 		.ascii	"\304\336p\376\f\365\334\212\022\245\217\306\016%Q\200*p\030D"
 689      0CF5 DC8A 
 689      12A5 8FC6 
 689      0E25 5180 
 689      2A70 1844 
 690 0273 F85D 2893 		.ascii	"\370](\223p*Ocg\377"
 690      702A 4F63 
 690      67FF 
 691 027d AA25 08C5 		.string	"\252%\b\305\001s\210[k8v\020\\\203 \260z\236 \t\360\220\226\020O\220\022\217\025\211\212\
 691      0173 885B 
 691      6B38 7610 
 691      5C83 20B0 
 691      7A9E 2009 
 692 037e 167B AF4C 		.ascii	"\026{\257L\342\3751N\251\300\f\300\024f\201\311\225\032\340T"
 692      E2FD 314E 
 692      A9C0 0CC0 
 692      1466 81C9 
 692      951A E054 
 693 0392 9B12 B54F 		.ascii	"\233\022\265O\257\217\232g#f\361\027[\310\"\n$\274683l\n\227"
 693      AF8F 9A67 
 693      2366 F117 
 693      5BC8 220A 
 693      24BC 3638 
 694 03aa C116 5F86 		.ascii	"\301\026_\206i\275\f-\207\332y\024\374\241\004\217K\360\245\241"
 694      69BD 0C2D 
 694      87DA 7914 
 694      FCA1 048F 
 694      4BF0 A5A1 
 695 03be E606 3955 		.ascii	"\346\0069U6\020/\302\035\331\364\242\245\253]\017\340.\004S\245"
 695      3610 2FC2 
 695      1DD9 F4A2 
 695      A5AB 5D0F 
 695      E02E 0453 
 696 03d3 11D7 C149 		.ascii	"\021\327\301I5x\345S\345`\206\232\230p!\236L\344\323\025SV92"
 696      3578 E553 
 696      E560 869A 
 696      9870 219E 
 696      4CE4 D315 
 697 03eb 54E5 FF06 		.ascii	"T\345\377\006h\374\211\335$\355\356a$\255rB\345\277P)\336h\362"
 697      68FC 89DD 
 697      24ED EE61 
 697      24AD 7242 
 697      E5BF 5029 
 698 0402 DAC3 A678 		.ascii	"\332\303\246x\306\345\363\354r\373\374\331\316]\276\354\335\376"
 698      C6E5 F3EC 
 698      72FB FCD9 
 698      CE5D BEEC 
 698      DDFE 
 699 0414 9CDC 0D39 		.ascii	"\234\334\r9Yy\314\234\357v9}>g\321\332\310\243\254\327\362^\315"
 699      5979 CC9C 
 699      EF76 397D 
 699      3E67 D1DA 
 699      C8A3 ACD7 
 700 042b DDE4 DAE0 		.ascii	"\335\344\332\340dI\005\205\336-n\237c\307\373\016\364\362\033"
 700      6449 0585 
 700      DE2D 6E9F 
 700      63C7 FB0E 
 700      F4F2 1B
 701 043e BD4E FFF6 		.ascii	"\275N\377\366m\036\371\223\277Cu8\n\375\331\356\327\355[\235"
 701      6D1E F993 
 701      BF43 7538 
 701      0AFD D9EE 
 701      D7ED 5B9D 
 702 0452 5EB7 DDEB 		.ascii	"^\267\335\353/\362\347\330\275\236\202\255\2737m\264\243\202"
 702      2FF2 E7D8 
 702      BD9E 82AD 
 702      BB37 6DB4 
 702      A382 
 703 0464 DD53 9097 		.ascii	"\335S\220\227_\350r\333\013wz\362\355.w\276\263(k\033\263:\034"
 703      5FE8 72DB 
 703      0B77 7AF2 
 703      ED2E 77BE 
 703      B328 6B1B 
 704 047b 3B3D 79DB 		.ascii	";=y\333\375\016W\236\001M\357\007\377\002\002\375N\b"
 704      FD0E 579E 
 704      014D EF07 
 704      FF02 02FD 
 704      4E08 
 705               		.text
 706               		.section	.gnu.lto_.symbol_nodes.e7422341,"",@progbits
 707 0000 789C 6367 		.string	"x\234cg`fHa"
 707      6066 4861 
 707      00
 708 0009 0226 F67A 		.string	"\002&\366z\206\217\277VX0N8\307\300P\317\300\260\263\341`\003\033\003#H\206\255\236\261\2
 708      868F BF56 
 708      5830 4E38 
 708      C7C0 50CF 
 708      C0B0 B3E1 
 709 0054 40D3 1F3B 		.ascii	"@\323\037;"
 710               		.text
 711               		.section	.gnu.lto_.refs.e7422341,"",@progbits
 712 0000 789C 6367 		.string	"x\234cg`f`d"
 712      6066 6064 
 712      00
 713 0009 0200      		.string	"\002"
 714 000b 00        		.string	""
 715 000c 6200      		.string	"b"
 716 000e 0C        		.ascii	"\f"
 717               		.text
 718               		.section	.gnu.lto_.decls.e7422341,"",@progbits
 719 0000 789C 8D56 		.string	"x\234\215VmLSW\030>\357\275\245\205+USu!K\177\220\030bL\026\276\334\020\335\277m\321\375\
 719      6D4C 5357 
 719      183E EFBD 
 719      A585 2B55 
 719      5375 214B 
 720 004a 0743 5029 		.ascii	"\007CP)~P\235\002U\024\345\263{\3179\267\355\205\311\342M\337"
 720      7E50 9D02 
 720      5514 E5B3 
 720      7BCF 39B7 
 720      ED85 C9E2 
 721 0060 9E7B DEFB 		.ascii	"\236{\336\373\274\357\373\274\247\3179\267:\"\022A\"$\n\b\tG"
 721      BCEF FBBC 
 721      A7CF 39B7 
 721      3A22 1241 
 721      2224 0A08 
 722 0076 F3E3 2512 		.ascii	"\363\343%\022B\272\320\302\320\332\321.\243\265\241\365\243y"
 722      42BA D0C2 
 722      D0DA D12E 
 722      A3B5 A1F5 
 722      A379 
 723 0088 08BF 28E6 		.ascii	"\b\277(\3461\332\b\332s\362\337\253\013sE\342\230\206f@[\271"
 723      31DA 08DA 
 723      73F2 DFAB 
 723      0B73 45E2 
 723      9886 6640 
 724 009e 20D7 38DA 		.ascii	" \3278\332\013\264\031\2649\032\200\370\255J,(\271\027^\003\370"
 724      0BB4 19B4 
 724      391A 80F8 
 724      AD4A 2C28 
 724      B917 5E03 
 725 00b3 60F9 829C 		.ascii	"`\371\202\234\375\252\234F\302s\004r\003\342\2758nQx\0138\367"
 725      FDAA 9C46 
 725      C273 0472 
 725      03E2 BD38 
 725      6E51 780B 
 726 00c9 29B9 340A 		.ascii	")\2714\nwZ\207\366\375\266\036\212D\270\322Wv|Y\241\b\006\t\004"
 726      775A 87F6 
 726      FDB6 1E8A 
 726      44B8 D257 
 726      767C 59A1 
 727 00e1 9C76 F779 		.ascii	"\234v\367y'\302q\272R\202\3458-8_yW\203S\243\004~\300\371\376"
 727      27C2 71BA 
 727      5282 E538 
 727      2D38 5F79 
 727      5783 53A3 
 728 00fa 9CC1 0791 		.ascii	"\234\301\007\221|N\203\363\335\367\006u\242\300\356\177\255:"
 728      7C4E 83F3 
 728      DDF7 0675 
 728      A2C0 EE7F 
 728      AD3A 
 729 010c DBAD 8D3F 		.ascii	"\333\255\215?%\363+<\216@\013\210\254J\364\022\372\374DE\315"
 729      25F3 2B3C 
 729      8E40 0B88 
 729      AC4A F412 
 729      FAFC 4445 
 730 0121 45BD B88E 		.ascii	"E\275\270\216ao{\207\366\207K\205\262\234+\267\036\221\265Q\004"
 730      616F 7B87 
 730      F687 4B85 
 730      B29C 2BB7 
 730      1E91 B551 
 731 0136 D619 21DE 		.ascii	"\326\031!\336H\340\017`\271[!\236@3\030\341\002\030)\276a\350"
 731      48E0 0F60 
 731      B95B 219E 
 731      4033 18E1 
 731      0218 29BE 
 732 014c ECA8 2672 		.ascii	"\354\250&r/\305w\312\262\024\005m A\023>?\217\317\t\264C$[U\034"
 732      2FC5 77CA 
 732      B214 056D 
 732      2041 133E 
 732      3F8F CF09 
 733 0166 690B 65B5 		.ascii	"i\013e\265\223\224\363V\344\354\027U\244\267r\322\315E\003\303"
 733      9394 F356 
 733      E4EC 1755 
 733      A4B7 72D2 
 733      CD45 03C3 
 734 017a 92F8 31BB 		.ascii	"\222\3701\273\367\026\344{\3028\021\226\230\004\263\302\237\300"
 734      F716 E47B 
 734      C238 1196 
 734      9804 B3C2 
 734      9FC0 
 735 018c 2218 954B 		.ascii	"\"\030\225K\350\274H\235\227A\302\250\2363\035\370\3643\226\241"
 735      E8BC 489D 
 735      9741 C2A8 
 735      9E33 1DF8 
 735      F433 96A1 
 736 01a0 BDE6 768F 		.ascii	"\275\346v\217V\334\304\356\177k\177\335\037)~\316\356\353\017"
 736      56DC C4EE 
 736      7F6B 7FDD 
 736      1F29 7ECE 
 736      EEEB 0F
 737 01b3 BEBE 2B69 		.ascii	"\276\276+i\004\002\035l\025\320s\250w\272@\317W\232\262\252\361"
 737      0402 1D6C 
 737      15D0 73A8 
 737      77BA 40CF 
 737      579A B2AA 
 738 01c8 9C9C 0DE3 		.ascii	"\234\234\r\343+\035\205\323\362\202\332G\242\270\205\306\206"
 738      2B1D 85D3 
 738      F282 DA47 
 738      A2B8 85C6 
 738      86
 739 01d9 9D9D 3996 		.ascii	"\235\2359\226\004+bbb\326\026\321\265\364\310\200\304\256#\207"
 739      042B 6262 
 739      62D6 16D1 
 739      B5F4 C880 
 739      C4AE 2387 
 740 01ed 6B68 5741 		.ascii	"khWAC\340&\254\240\314\340\026\254\205N\210\201n\264.\210\241"
 740      43E0 26AC 
 740      A0CC E016 
 740      AC85 4E88 
 740      816E B42E 
 741 0203 AB70 94AD 		.ascii	"\253p\224\255\352\315\322\350\336\274\034\271"
 741      EACD D2E8 
 741      DEBC 1CB9 
 742 020f FE6B B654 		.string	"\376k\266TW\260\027\032\302W\231@\034\375J0\006\321\335\233\344\037\370\242\336X\200\344\
 742      57B0 171A 
 742      C257 9940 
 742      1CFD 4A30 
 742      06D1 DD9B 
 743 0310 51F2 F903 		.string	"Q\362\371\003\027\317\255@B\t\251O\b\210\206\347W`@\017:\345$W2\360\274*\002\363\036\362\
 743      17CF AD40 
 743      4209 A94F 
 743      0888 86E7 
 743      5760 400F 
 744 037c 69EF 05B7 		.string	"i\357\005\267\216\027uH`\0304\234IO\237{@\263\272Rn\365\310\255\336\023\037\034\352+\226\
 744      8E17 7548 
 744      6018 349C 
 744      494F 9F7B 
 744      40B3 BA52 
 745 0410 B903 3D9D 		.string	"\271\003=\235\265\322\"<|\214\307X\200G\365\356\232\234\b\344\341A\250\367\334FwS\261\\X 
 745      B5D2 223C 
 745      7C8C C758 
 745      8047 F5EE 
 745      9A9C 08E4 
 746 04ca AF31 6882 		.ascii	"\2571h\202q\234\001C\200)\233\320\246\212\037\034\324-\332\324"
 746      719C 0143 
 746      8029 9BD0 
 746      A68A 1F1C 
 746      D42D DAD4 
 747 04de 6CA0 A96B 		.ascii	"l\240\251k\274\251\362\352\351a\r/\340\013\025\b\034O\004\346"
 747      BCA9 F2EA 
 747      E961 0D2F 
 747      E00B 1508 
 747      1C4F 04E6 
 748 04f2 5881 595E 		.ascii	"X\201Y^`\216\025(\357\220G`\321\002\376@\201x\226\377\302\317"
 748      608E 1528 
 748      EF90 4760 
 748      D102 FE40 
 748      8178 96FF 
 749 0508 1DA7 C379 		.ascii	"\035\247\303y\376\316P\376\020\\\026\f\201 6\301\220WcU\217\302"
 749      FECE 50FE 
 749      105C 160C 
 749      8120 36C1 
 749      9057 6355 
 750 051e D4BF 28DD 		.ascii	"\324\277(\335[\241\210\034\201\377\2428\"\270\355XC\311\2743"
 750      5BA1 881C 
 750      81FF A238 
 750      22B8 ED58 
 750      43C9 BC33 
 751 0532 DD37 0F9C 		.ascii	"\3357\017\234\253\200s\031\270\246\266\345\206 \346\360\377E"
 751      AB80 7319 
 751      B8A6 B6E5 
 751      8620 E6F0 
 751      FF45 
 752 0544 B527 0FD7 		.ascii	"\265'\017\327/\025\367\361\311\276\266\366r-\375W\360\275\240"
 752      2F15 F7F1 
 752      C9BE B6F6 
 752      722D FD57 
 752      F0BD A0
 753 0557 FC2B 08E9 		.ascii	"\374+\b\351\177\313\222w\320\377n\201\352\277@P\364\177\265q"
 753      7FCB 9277 
 753      D0FF 6E81 
 753      EABF 4050 
 753      F47F B571 
 754 056b C4AD 554E 		.ascii	"\304\255UN\212\271\026\201o\304J\211\302 OP\324\017\371\202\006"
 754      8AB9 1681 
 754      6FC4 4A89 
 754      C220 4F50 
 754      D40F F982 
 755 0580 0A85 D5D4 		.ascii	"\n\205\325\324\023\334\216cH\002}d\245\305i\313\262:]q\346,g"
 755      13DC 8E63 
 755      4802 7D64 
 755      A5C5 69CB 
 755      B23A 5D71 
 756 0597 DC2E 5762 		.ascii	"\334.WbrBblj\370\346/\276\212\376t\303\006b\bxb\327\247~\224"
 756      7242 626C 
 756      6AF8 E62F 
 756      BE8A FE74 
 756      C306 6208 
 757 05b1 9C64 4930 		.ascii	"\234dI0\023]\246\315\221\221l\312\b\247cB\222)\003\234\260]\373"
 757      135D A6CD 
 757      9191 6CCA 
 757      08A7 6342 
 757      9229 039C 
 758 05c8 8D39 7587 		.ascii	"\2159u\207\325\002\333\f\261q\337f\232\035\031\231\351q\251;"
 758      D502 DB0C 
 758      B171 DF66 
 758      9A1D 1999 
 758      E971 A93B 
 759 05dc ED3B 9DB1 		.ascii	"\355;\235\261iD\223\372\345\346OD4\026\261.\321\224\261\212g"
 759      6944 93FA 
 759      E5E6 4F44 
 759      3416 B12E 
 759      D194 B18A 
 760 05f1 35B9 AC0E 		.ascii	"5\271\254\016\213\331\3514g\233\322\315\256\035\253\336\306\204"
 760      8BD9 E934 
 760      679B D2CD 
 760      AE1D ABDE 
 760      C684 
 761 0603 2C0D 6233 		.ascii	",\rb3\354V\213\353}\223i[\246\315\236as\230\020f\262X\355\030"
 761      EC56 8BEB 
 761      7D93 695B 
 761      A6CD 9E61 
 761      7398 1066 
 762 061b 9D9A 9D6A 		.ascii	"\235\232\235j\267\272\342\254\033S\266\233\323\255)\351\256l"
 762      B7BA E2AC 
 762      1B53 B69B 
 762      D3AD 29E9 
 762      AE6C 
 763 062d 5762 4ABA 		.ascii	"WbJ\272\315\261}W\322\207)\bK\2619R\355\231\026kJf\206\315\236"
 763      CDB1 7D57 
 763      D287 2908 
 763      4BB1 3952 
 763      ED99 166B 
 764 0646 C262 18AF 		.ascii	"\302b\030\2574\2633BI\221\351\322\233\355\273\314\331.\223\315"
 764      34B3 3342 
 764      4991 E9D2 
 764      9BED BBCC 
 764      D92E 93CD 
 765 065a 61B7 39AC 		.ascii	"a\2679\254\377\002}R&\021"
 765      FF02 7D52 
 765      2611 
 766               		.text
 767               		.section	.gnu.lto_.symtab.e7422341,"",@progbits
 768 0000 7773 3238 		.string	"ws2812_setleds"
 768      3132 5F73 
 768      6574 6C65 
 768      6473 00
 769 000f 00        		.string	""
 770 0010 00        		.string	""
 771 0011 00        		.string	""
 772 0012 00        		.string	""
 773 0013 00        		.string	""
 774 0014 00        		.string	""
 775 0015 00        		.string	""
 776 0016 00        		.string	""
 777 0017 00        		.string	""
 778 0018 00        		.string	""
 779 0019 00        		.string	""
 780 001a ED00      		.string	"\355"
 781 001c 00        		.string	""
 782 001d 00        		.string	""
 783               		.text
 784               		.section	.gnu.lto_.opts,"",@progbits
 785 0000 272D 666E 		.ascii	"'-fn"
 786 0004 6F2D 6F70 		.string	"o-openmp' '-fno-openacc' '-fno-pie' '-mn-flash=1' '-mno-skip-bug' '-mmcu=avr5' '-Os' '-We
 786      656E 6D70 
 786      2720 272D 
 786      666E 6F2D 
 786      6F70 656E 
 787               		.text
 788               		.comm	__gnu_lto_v1,1,1
 789               		.comm	__gnu_lto_slim,1,1
 790               		.ident	"GCC: (GNU) 8.4.0"
DEFINED SYMBOLS
                            *ABS*:0000000000000000 ws2812.c
C:\Users\Roningo\AppData\Local\Temp\cc4YjN1Z.s:2      *ABS*:000000000000003e __SP_H__
C:\Users\Roningo\AppData\Local\Temp\cc4YjN1Z.s:3      *ABS*:000000000000003d __SP_L__
C:\Users\Roningo\AppData\Local\Temp\cc4YjN1Z.s:4      *ABS*:000000000000003f __SREG__
C:\Users\Roningo\AppData\Local\Temp\cc4YjN1Z.s:5      *ABS*:0000000000000000 __tmp_reg__
C:\Users\Roningo\AppData\Local\Temp\cc4YjN1Z.s:6      *ABS*:0000000000000001 __zero_reg__
C:\Users\Roningo\AppData\Local\Temp\cc4YjN1Z.s:15     .gnu.debuglto_.debug_info:0000000000000000 ws2812.c.7c586d1a
                            *COM*:0000000000000001 __gnu_lto_v1
                            *COM*:0000000000000001 __gnu_lto_slim

NO UNDEFINED SYMBOLS
