   1               		.file	"USBTask.c"
   2               	__SP_H__ = 0x3e
   3               	__SP_L__ = 0x3d
   4               	__SREG__ = 0x3f
   5               	__tmp_reg__ = 0
   6               	__zero_reg__ = 1
   7               		.file 1 "e:\\game\\msys2\\mingw64\\avr\\include\\stdint.h"
   8               		.file 2 "lib/lufa/LUFA/Drivers/USB/Core/AVR8/../StdRequestType.h"
   9               		.file 3 "lib/lufa/LUFA/Drivers/USB/Core/AVR8/../DeviceStandardReq.h"
  10               		.file 4 "lib/lufa/LUFA/Drivers/USB/Core/USBTask.h"
  11               		.file 5 "lib/lufa/LUFA/Drivers/USB/Core/USBTask.c"
  12               		.file 6 "lib/lufa/LUFA/Drivers/USB/Core/AVR8/../AVR8/Endpoint_AVR8.h"
  13               		.file 7 "lib/lufa/LUFA/Drivers/USB/Core/AVR8/../Device.h"
  14               		.section	.gnu.debuglto_.debug_info,"",@progbits
  15               	.Ldebug_info0:
  16               		.hidden	USBTask.c.d660ee10
  17               		.weak	USBTask.c.d660ee10
  18               	USBTask.c.d660ee10:
  19 0000 EC01 0000 		.long	0x1ec
  20 0004 0200      		.word	0x2
  21 0006 0000 0000 		.long	.Ldebug_abbrev0
  22 000a 04        		.byte	0x4
  23 000b 01        		.uleb128 0x1
  24 000c 0000 0000 		.long	.LASF33
  25 0010 0C        		.byte	0xc
  26 0011 0000 0000 		.long	.LASF34
  27 0015 0000 0000 		.long	.LASF35
  28 0019 0000 0000 		.long	.Ldebug_line0
  29 001d 02        		.uleb128 0x2
  30 001e 01        		.byte	0x1
  31 001f 06        		.byte	0x6
  32 0020 0000 0000 		.long	.LASF0
  33 0024 03        		.uleb128 0x3
  34 0025 0000 0000 		.long	.LASF2
  35 0029 01        		.byte	0x1
  36 002a 7E        		.byte	0x7e
  37 002b 16        		.byte	0x16
  38 002c 3A00 0000 		.long	0x3a
  39 0030 04        		.uleb128 0x4
  40 0031 2400 0000 		.long	0x24
  41 0035 05        		.uleb128 0x5
  42 0036 2400 0000 		.long	0x24
  43 003a 02        		.uleb128 0x2
  44 003b 01        		.byte	0x1
  45 003c 08        		.byte	0x8
  46 003d 0000 0000 		.long	.LASF1
  47 0041 06        		.uleb128 0x6
  48 0042 02        		.byte	0x2
  49 0043 05        		.byte	0x5
  50 0044 696E 7400 		.string	"int"
  51 0048 03        		.uleb128 0x3
  52 0049 0000 0000 		.long	.LASF3
  53 004d 01        		.byte	0x1
  54 004e 80        		.byte	0x80
  55 004f 16        		.byte	0x16
  56 0050 5400 0000 		.long	0x54
  57 0054 02        		.uleb128 0x2
  58 0055 02        		.byte	0x2
  59 0056 07        		.byte	0x7
  60 0057 0000 0000 		.long	.LASF4
  61 005b 02        		.uleb128 0x2
  62 005c 04        		.byte	0x4
  63 005d 05        		.byte	0x5
  64 005e 0000 0000 		.long	.LASF5
  65 0062 02        		.uleb128 0x2
  66 0063 04        		.byte	0x4
  67 0064 07        		.byte	0x7
  68 0065 0000 0000 		.long	.LASF6
  69 0069 02        		.uleb128 0x2
  70 006a 08        		.byte	0x8
  71 006b 05        		.byte	0x5
  72 006c 0000 0000 		.long	.LASF7
  73 0070 02        		.uleb128 0x2
  74 0071 08        		.byte	0x8
  75 0072 07        		.byte	0x7
  76 0073 0000 0000 		.long	.LASF8
  77 0077 07        		.uleb128 0x7
  78 0078 0000 0000 		.long	.LASF36
  79 007c 07        		.byte	0x7
  80 007d 01        		.byte	0x1
  81 007e 3A00 0000 		.long	0x3a
  82 0082 07        		.byte	0x7
  83 0083 4E        		.byte	0x4e
  84 0084 09        		.byte	0x9
  85 0085 AE00 0000 		.long	0xae
  86 0089 08        		.uleb128 0x8
  87 008a 0000 0000 		.long	.LASF9
  88 008e 00        		.byte	0
  89 008f 08        		.uleb128 0x8
  90 0090 0000 0000 		.long	.LASF10
  91 0094 01        		.byte	0x1
  92 0095 08        		.uleb128 0x8
  93 0096 0000 0000 		.long	.LASF11
  94 009a 02        		.byte	0x2
  95 009b 08        		.uleb128 0x8
  96 009c 0000 0000 		.long	.LASF12
  97 00a0 03        		.byte	0x3
  98 00a1 08        		.uleb128 0x8
  99 00a2 0000 0000 		.long	.LASF13
 100 00a6 04        		.byte	0x4
 101 00a7 08        		.uleb128 0x8
 102 00a8 0000 0000 		.long	.LASF14
 103 00ac 05        		.byte	0x5
 104 00ad 00        		.byte	0
 105 00ae 09        		.uleb128 0x9
 106 00af 08        		.byte	0x8
 107 00b0 02        		.byte	0x2
 108 00b1 A3        		.byte	0xa3
 109 00b2 0C        		.byte	0xc
 110 00b3 0301 0000 		.long	0x103
 111 00b7 0A        		.uleb128 0xa
 112 00b8 0000 0000 		.long	.LASF15
 113 00bc 02        		.byte	0x2
 114 00bd A5        		.byte	0xa5
 115 00be 0E        		.byte	0xe
 116 00bf 2400 0000 		.long	0x24
 117 00c3 02        		.byte	0x2
 118 00c4 23        		.byte	0x23
 119 00c5 00        		.uleb128 0
 120 00c6 0A        		.uleb128 0xa
 121 00c7 0000 0000 		.long	.LASF16
 122 00cb 02        		.byte	0x2
 123 00cc A6        		.byte	0xa6
 124 00cd 0E        		.byte	0xe
 125 00ce 2400 0000 		.long	0x24
 126 00d2 02        		.byte	0x2
 127 00d3 23        		.byte	0x23
 128 00d4 01        		.uleb128 0x1
 129 00d5 0A        		.uleb128 0xa
 130 00d6 0000 0000 		.long	.LASF17
 131 00da 02        		.byte	0x2
 132 00db A7        		.byte	0xa7
 133 00dc 0E        		.byte	0xe
 134 00dd 4800 0000 		.long	0x48
 135 00e1 02        		.byte	0x2
 136 00e2 23        		.byte	0x23
 137 00e3 02        		.uleb128 0x2
 138 00e4 0A        		.uleb128 0xa
 139 00e5 0000 0000 		.long	.LASF18
 140 00e9 02        		.byte	0x2
 141 00ea A8        		.byte	0xa8
 142 00eb 0E        		.byte	0xe
 143 00ec 4800 0000 		.long	0x48
 144 00f0 02        		.byte	0x2
 145 00f1 23        		.byte	0x23
 146 00f2 04        		.uleb128 0x4
 147 00f3 0A        		.uleb128 0xa
 148 00f4 0000 0000 		.long	.LASF19
 149 00f8 02        		.byte	0x2
 150 00f9 A9        		.byte	0xa9
 151 00fa 0E        		.byte	0xe
 152 00fb 4800 0000 		.long	0x48
 153 00ff 02        		.byte	0x2
 154 0100 23        		.byte	0x23
 155 0101 06        		.uleb128 0x6
 156 0102 00        		.byte	0
 157 0103 03        		.uleb128 0x3
 158 0104 0000 0000 		.long	.LASF20
 159 0108 02        		.byte	0x2
 160 0109 AA        		.byte	0xaa
 161 010a 12        		.byte	0x12
 162 010b AE00 0000 		.long	0xae
 163 010f 0B        		.uleb128 0xb
 164 0110 0000 0000 		.long	.LASF21
 165 0114 03        		.byte	0x3
 166 0115 5E        		.byte	0x5e
 167 0116 13        		.byte	0x13
 168 0117 2400 0000 		.long	0x24
 169 011b 01        		.byte	0x1
 170 011c 01        		.byte	0x1
 171 011d 0B        		.uleb128 0xb
 172 011e 0000 0000 		.long	.LASF22
 173 0122 03        		.byte	0x3
 174 0123 6E        		.byte	0x6e
 175 0124 11        		.byte	0x11
 176 0125 2B01 0000 		.long	0x12b
 177 0129 01        		.byte	0x1
 178 012a 01        		.byte	0x1
 179 012b 02        		.uleb128 0x2
 180 012c 01        		.byte	0x1
 181 012d 02        		.byte	0x2
 182 012e 0000 0000 		.long	.LASF23
 183 0132 04        		.uleb128 0x4
 184 0133 2B01 0000 		.long	0x12b
 185 0137 0B        		.uleb128 0xb
 186 0138 0000 0000 		.long	.LASF24
 187 013c 03        		.byte	0x3
 188 013d 78        		.byte	0x78
 189 013e 11        		.byte	0x11
 190 013f 2B01 0000 		.long	0x12b
 191 0143 01        		.byte	0x1
 192 0144 01        		.byte	0x1
 193 0145 0B        		.uleb128 0xb
 194 0146 0000 0000 		.long	.LASF25
 195 014a 04        		.byte	0x4
 196 014b 51        		.byte	0x51
 197 014c 19        		.byte	0x19
 198 014d 3201 0000 		.long	0x132
 199 0151 01        		.byte	0x1
 200 0152 01        		.byte	0x1
 201 0153 0B        		.uleb128 0xb
 202 0154 0000 0000 		.long	.LASF26
 203 0158 04        		.byte	0x4
 204 0159 5B        		.byte	0x5b
 205 015a 21        		.byte	0x21
 206 015b 0301 0000 		.long	0x103
 207 015f 01        		.byte	0x1
 208 0160 01        		.byte	0x1
 209 0161 0B        		.uleb128 0xb
 210 0162 0000 0000 		.long	.LASF27
 211 0166 04        		.byte	0x4
 212 0167 90        		.byte	0x90
 213 0168 1E        		.byte	0x1e
 214 0169 3000 0000 		.long	0x30
 215 016d 01        		.byte	0x1
 216 016e 01        		.byte	0x1
 217 016f 0C        		.uleb128 0xc
 218 0170 4501 0000 		.long	0x145
 219 0174 05        		.byte	0x5
 220 0175 23        		.byte	0x23
 221 0176 16        		.byte	0x16
 222 0177 0C        		.uleb128 0xc
 223 0178 5301 0000 		.long	0x153
 224 017c 05        		.byte	0x5
 225 017d 24        		.byte	0x24
 226 017e 16        		.byte	0x16
 227 017f 0C        		.uleb128 0xc
 228 0180 6101 0000 		.long	0x161
 229 0184 05        		.byte	0x5
 230 0185 2B        		.byte	0x2b
 231 0186 16        		.byte	0x16
 232 0187 0D        		.uleb128 0xd
 233 0188 0000 0000 		.long	.LASF28
 234 018c 05        		.byte	0x5
 235 018d 3D        		.byte	0x3d
 236 018e 0D        		.byte	0xd
 237 018f 01        		.byte	0x1
 238 0190 A101 0000 		.long	0x1a1
 239 0194 0E        		.uleb128 0xe
 240 0195 0000 0000 		.long	.LASF37
 241 0199 05        		.byte	0x5
 242 019a 42        		.byte	0x42
 243 019b 0A        		.byte	0xa
 244 019c 2400 0000 		.long	0x24
 245 01a0 00        		.byte	0
 246 01a1 0F        		.uleb128 0xf
 247 01a2 01        		.byte	0x1
 248 01a3 0000 0000 		.long	.LASF38
 249 01a7 05        		.byte	0x5
 250 01a8 2E        		.byte	0x2e
 251 01a9 06        		.byte	0x6
 252 01aa 01        		.byte	0x1
 253 01ab 10        		.uleb128 0x10
 254 01ac 0000 0000 		.long	.LASF30
 255 01b0 06        		.byte	0x6
 256 01b1 AD01      		.word	0x1ad
 257 01b3 17        		.byte	0x17
 258 01b4 01        		.byte	0x1
 259 01b5 2B01 0000 		.long	0x12b
 260 01b9 11        		.uleb128 0x11
 261 01ba 0000 0000 		.long	.LASF29
 262 01be 06        		.byte	0x6
 263 01bf 0B01      		.word	0x10b
 264 01c1 17        		.byte	0x17
 265 01c2 01        		.byte	0x1
 266 01c3 D501 0000 		.long	0x1d5
 267 01c7 12        		.uleb128 0x12
 268 01c8 0000 0000 		.long	.LASF39
 269 01cc 06        		.byte	0x6
 270 01cd 0B01      		.word	0x10b
 271 01cf 3D        		.byte	0x3d
 272 01d0 3500 0000 		.long	0x35
 273 01d4 00        		.byte	0
 274 01d5 13        		.uleb128 0x13
 275 01d6 0000 0000 		.long	.LASF31
 276 01da 06        		.byte	0x6
 277 01db FA        		.byte	0xfa
 278 01dc 1A        		.byte	0x1a
 279 01dd 01        		.byte	0x1
 280 01de 2400 0000 		.long	0x24
 281 01e2 13        		.uleb128 0x13
 282 01e3 0000 0000 		.long	.LASF32
 283 01e7 06        		.byte	0x6
 284 01e8 EE        		.byte	0xee
 285 01e9 1A        		.byte	0x1a
 286 01ea 01        		.byte	0x1
 287 01eb 2400 0000 		.long	0x24
 288 01ef 00        		.byte	0
 289               		.section	.gnu.debuglto_.debug_abbrev,"",@progbits
 290               	.Ldebug_abbrev0:
 291 0000 01        		.uleb128 0x1
 292 0001 11        		.uleb128 0x11
 293 0002 01        		.byte	0x1
 294 0003 25        		.uleb128 0x25
 295 0004 0E        		.uleb128 0xe
 296 0005 13        		.uleb128 0x13
 297 0006 0B        		.uleb128 0xb
 298 0007 03        		.uleb128 0x3
 299 0008 0E        		.uleb128 0xe
 300 0009 1B        		.uleb128 0x1b
 301 000a 0E        		.uleb128 0xe
 302 000b 10        		.uleb128 0x10
 303 000c 06        		.uleb128 0x6
 304 000d 00        		.byte	0
 305 000e 00        		.byte	0
 306 000f 02        		.uleb128 0x2
 307 0010 24        		.uleb128 0x24
 308 0011 00        		.byte	0
 309 0012 0B        		.uleb128 0xb
 310 0013 0B        		.uleb128 0xb
 311 0014 3E        		.uleb128 0x3e
 312 0015 0B        		.uleb128 0xb
 313 0016 03        		.uleb128 0x3
 314 0017 0E        		.uleb128 0xe
 315 0018 00        		.byte	0
 316 0019 00        		.byte	0
 317 001a 03        		.uleb128 0x3
 318 001b 16        		.uleb128 0x16
 319 001c 00        		.byte	0
 320 001d 03        		.uleb128 0x3
 321 001e 0E        		.uleb128 0xe
 322 001f 3A        		.uleb128 0x3a
 323 0020 0B        		.uleb128 0xb
 324 0021 3B        		.uleb128 0x3b
 325 0022 0B        		.uleb128 0xb
 326 0023 39        		.uleb128 0x39
 327 0024 0B        		.uleb128 0xb
 328 0025 49        		.uleb128 0x49
 329 0026 13        		.uleb128 0x13
 330 0027 00        		.byte	0
 331 0028 00        		.byte	0
 332 0029 04        		.uleb128 0x4
 333 002a 35        		.uleb128 0x35
 334 002b 00        		.byte	0
 335 002c 49        		.uleb128 0x49
 336 002d 13        		.uleb128 0x13
 337 002e 00        		.byte	0
 338 002f 00        		.byte	0
 339 0030 05        		.uleb128 0x5
 340 0031 26        		.uleb128 0x26
 341 0032 00        		.byte	0
 342 0033 49        		.uleb128 0x49
 343 0034 13        		.uleb128 0x13
 344 0035 00        		.byte	0
 345 0036 00        		.byte	0
 346 0037 06        		.uleb128 0x6
 347 0038 24        		.uleb128 0x24
 348 0039 00        		.byte	0
 349 003a 0B        		.uleb128 0xb
 350 003b 0B        		.uleb128 0xb
 351 003c 3E        		.uleb128 0x3e
 352 003d 0B        		.uleb128 0xb
 353 003e 03        		.uleb128 0x3
 354 003f 08        		.uleb128 0x8
 355 0040 00        		.byte	0
 356 0041 00        		.byte	0
 357 0042 07        		.uleb128 0x7
 358 0043 04        		.uleb128 0x4
 359 0044 01        		.byte	0x1
 360 0045 03        		.uleb128 0x3
 361 0046 0E        		.uleb128 0xe
 362 0047 3E        		.uleb128 0x3e
 363 0048 0B        		.uleb128 0xb
 364 0049 0B        		.uleb128 0xb
 365 004a 0B        		.uleb128 0xb
 366 004b 49        		.uleb128 0x49
 367 004c 13        		.uleb128 0x13
 368 004d 3A        		.uleb128 0x3a
 369 004e 0B        		.uleb128 0xb
 370 004f 3B        		.uleb128 0x3b
 371 0050 0B        		.uleb128 0xb
 372 0051 39        		.uleb128 0x39
 373 0052 0B        		.uleb128 0xb
 374 0053 01        		.uleb128 0x1
 375 0054 13        		.uleb128 0x13
 376 0055 00        		.byte	0
 377 0056 00        		.byte	0
 378 0057 08        		.uleb128 0x8
 379 0058 28        		.uleb128 0x28
 380 0059 00        		.byte	0
 381 005a 03        		.uleb128 0x3
 382 005b 0E        		.uleb128 0xe
 383 005c 1C        		.uleb128 0x1c
 384 005d 0B        		.uleb128 0xb
 385 005e 00        		.byte	0
 386 005f 00        		.byte	0
 387 0060 09        		.uleb128 0x9
 388 0061 13        		.uleb128 0x13
 389 0062 01        		.byte	0x1
 390 0063 0B        		.uleb128 0xb
 391 0064 0B        		.uleb128 0xb
 392 0065 3A        		.uleb128 0x3a
 393 0066 0B        		.uleb128 0xb
 394 0067 3B        		.uleb128 0x3b
 395 0068 0B        		.uleb128 0xb
 396 0069 39        		.uleb128 0x39
 397 006a 0B        		.uleb128 0xb
 398 006b 01        		.uleb128 0x1
 399 006c 13        		.uleb128 0x13
 400 006d 00        		.byte	0
 401 006e 00        		.byte	0
 402 006f 0A        		.uleb128 0xa
 403 0070 0D        		.uleb128 0xd
 404 0071 00        		.byte	0
 405 0072 03        		.uleb128 0x3
 406 0073 0E        		.uleb128 0xe
 407 0074 3A        		.uleb128 0x3a
 408 0075 0B        		.uleb128 0xb
 409 0076 3B        		.uleb128 0x3b
 410 0077 0B        		.uleb128 0xb
 411 0078 39        		.uleb128 0x39
 412 0079 0B        		.uleb128 0xb
 413 007a 49        		.uleb128 0x49
 414 007b 13        		.uleb128 0x13
 415 007c 38        		.uleb128 0x38
 416 007d 0A        		.uleb128 0xa
 417 007e 00        		.byte	0
 418 007f 00        		.byte	0
 419 0080 0B        		.uleb128 0xb
 420 0081 34        		.uleb128 0x34
 421 0082 00        		.byte	0
 422 0083 03        		.uleb128 0x3
 423 0084 0E        		.uleb128 0xe
 424 0085 3A        		.uleb128 0x3a
 425 0086 0B        		.uleb128 0xb
 426 0087 3B        		.uleb128 0x3b
 427 0088 0B        		.uleb128 0xb
 428 0089 39        		.uleb128 0x39
 429 008a 0B        		.uleb128 0xb
 430 008b 49        		.uleb128 0x49
 431 008c 13        		.uleb128 0x13
 432 008d 3F        		.uleb128 0x3f
 433 008e 0C        		.uleb128 0xc
 434 008f 3C        		.uleb128 0x3c
 435 0090 0C        		.uleb128 0xc
 436 0091 00        		.byte	0
 437 0092 00        		.byte	0
 438 0093 0C        		.uleb128 0xc
 439 0094 34        		.uleb128 0x34
 440 0095 00        		.byte	0
 441 0096 47        		.uleb128 0x47
 442 0097 13        		.uleb128 0x13
 443 0098 3A        		.uleb128 0x3a
 444 0099 0B        		.uleb128 0xb
 445 009a 3B        		.uleb128 0x3b
 446 009b 0B        		.uleb128 0xb
 447 009c 39        		.uleb128 0x39
 448 009d 0B        		.uleb128 0xb
 449 009e 00        		.byte	0
 450 009f 00        		.byte	0
 451 00a0 0D        		.uleb128 0xd
 452 00a1 2E        		.uleb128 0x2e
 453 00a2 01        		.byte	0x1
 454 00a3 03        		.uleb128 0x3
 455 00a4 0E        		.uleb128 0xe
 456 00a5 3A        		.uleb128 0x3a
 457 00a6 0B        		.uleb128 0xb
 458 00a7 3B        		.uleb128 0x3b
 459 00a8 0B        		.uleb128 0xb
 460 00a9 39        		.uleb128 0x39
 461 00aa 0B        		.uleb128 0xb
 462 00ab 27        		.uleb128 0x27
 463 00ac 0C        		.uleb128 0xc
 464 00ad 01        		.uleb128 0x1
 465 00ae 13        		.uleb128 0x13
 466 00af 00        		.byte	0
 467 00b0 00        		.byte	0
 468 00b1 0E        		.uleb128 0xe
 469 00b2 34        		.uleb128 0x34
 470 00b3 00        		.byte	0
 471 00b4 03        		.uleb128 0x3
 472 00b5 0E        		.uleb128 0xe
 473 00b6 3A        		.uleb128 0x3a
 474 00b7 0B        		.uleb128 0xb
 475 00b8 3B        		.uleb128 0x3b
 476 00b9 0B        		.uleb128 0xb
 477 00ba 39        		.uleb128 0x39
 478 00bb 0B        		.uleb128 0xb
 479 00bc 49        		.uleb128 0x49
 480 00bd 13        		.uleb128 0x13
 481 00be 00        		.byte	0
 482 00bf 00        		.byte	0
 483 00c0 0F        		.uleb128 0xf
 484 00c1 2E        		.uleb128 0x2e
 485 00c2 00        		.byte	0
 486 00c3 3F        		.uleb128 0x3f
 487 00c4 0C        		.uleb128 0xc
 488 00c5 03        		.uleb128 0x3
 489 00c6 0E        		.uleb128 0xe
 490 00c7 3A        		.uleb128 0x3a
 491 00c8 0B        		.uleb128 0xb
 492 00c9 3B        		.uleb128 0x3b
 493 00ca 0B        		.uleb128 0xb
 494 00cb 39        		.uleb128 0x39
 495 00cc 0B        		.uleb128 0xb
 496 00cd 27        		.uleb128 0x27
 497 00ce 0C        		.uleb128 0xc
 498 00cf 00        		.byte	0
 499 00d0 00        		.byte	0
 500 00d1 10        		.uleb128 0x10
 501 00d2 2E        		.uleb128 0x2e
 502 00d3 00        		.byte	0
 503 00d4 03        		.uleb128 0x3
 504 00d5 0E        		.uleb128 0xe
 505 00d6 3A        		.uleb128 0x3a
 506 00d7 0B        		.uleb128 0xb
 507 00d8 3B        		.uleb128 0x3b
 508 00d9 05        		.uleb128 0x5
 509 00da 39        		.uleb128 0x39
 510 00db 0B        		.uleb128 0xb
 511 00dc 27        		.uleb128 0x27
 512 00dd 0C        		.uleb128 0xc
 513 00de 49        		.uleb128 0x49
 514 00df 13        		.uleb128 0x13
 515 00e0 00        		.byte	0
 516 00e1 00        		.byte	0
 517 00e2 11        		.uleb128 0x11
 518 00e3 2E        		.uleb128 0x2e
 519 00e4 01        		.byte	0x1
 520 00e5 03        		.uleb128 0x3
 521 00e6 0E        		.uleb128 0xe
 522 00e7 3A        		.uleb128 0x3a
 523 00e8 0B        		.uleb128 0xb
 524 00e9 3B        		.uleb128 0x3b
 525 00ea 05        		.uleb128 0x5
 526 00eb 39        		.uleb128 0x39
 527 00ec 0B        		.uleb128 0xb
 528 00ed 27        		.uleb128 0x27
 529 00ee 0C        		.uleb128 0xc
 530 00ef 01        		.uleb128 0x1
 531 00f0 13        		.uleb128 0x13
 532 00f1 00        		.byte	0
 533 00f2 00        		.byte	0
 534 00f3 12        		.uleb128 0x12
 535 00f4 05        		.uleb128 0x5
 536 00f5 00        		.byte	0
 537 00f6 03        		.uleb128 0x3
 538 00f7 0E        		.uleb128 0xe
 539 00f8 3A        		.uleb128 0x3a
 540 00f9 0B        		.uleb128 0xb
 541 00fa 3B        		.uleb128 0x3b
 542 00fb 05        		.uleb128 0x5
 543 00fc 39        		.uleb128 0x39
 544 00fd 0B        		.uleb128 0xb
 545 00fe 49        		.uleb128 0x49
 546 00ff 13        		.uleb128 0x13
 547 0100 00        		.byte	0
 548 0101 00        		.byte	0
 549 0102 13        		.uleb128 0x13
 550 0103 2E        		.uleb128 0x2e
 551 0104 00        		.byte	0
 552 0105 03        		.uleb128 0x3
 553 0106 0E        		.uleb128 0xe
 554 0107 3A        		.uleb128 0x3a
 555 0108 0B        		.uleb128 0xb
 556 0109 3B        		.uleb128 0x3b
 557 010a 0B        		.uleb128 0xb
 558 010b 39        		.uleb128 0x39
 559 010c 0B        		.uleb128 0xb
 560 010d 27        		.uleb128 0x27
 561 010e 0C        		.uleb128 0xc
 562 010f 49        		.uleb128 0x49
 563 0110 13        		.uleb128 0x13
 564 0111 00        		.byte	0
 565 0112 00        		.byte	0
 566 0113 00        		.byte	0
 567               		.section	.gnu.debuglto_.debug_line,"",@progbits
 568               	.Ldebug_line0:
 569 0000 4201 0000 		.long	.LELT0-.LSLT0
 570               	.LSLT0:
 571 0004 0200      		.word	0x2
 572 0006 3C01 0000 		.long	.LELTP0-.LASLTP0
 573               	.LASLTP0:
 574 000a 01        		.byte	0x1
 575 000b 01        		.byte	0x1
 576 000c F6        		.byte	0xf6
 577 000d F2        		.byte	0xf2
 578 000e 0D        		.byte	0xd
 579 000f 00        		.byte	0
 580 0010 01        		.byte	0x1
 581 0011 01        		.byte	0x1
 582 0012 01        		.byte	0x1
 583 0013 01        		.byte	0x1
 584 0014 00        		.byte	0
 585 0015 00        		.byte	0
 586 0016 00        		.byte	0
 587 0017 01        		.byte	0x1
 588 0018 00        		.byte	0
 589 0019 00        		.byte	0
 590 001a 01        		.byte	0x1
 591 001b 653A 5C67 		.ascii	"e:\\game\\msys2\\mingw64\\avr\\include"
 591      616D 655C 
 591      6D73 7973 
 591      325C 6D69 
 591      6E67 7736 
 592 003c 00        		.byte	0
 593 003d 6C69 622F 		.ascii	"lib/lufa/LUFA/Drivers/USB/Core"
 593      6C75 6661 
 593      2F4C 5546 
 593      412F 4472 
 593      6976 6572 
 594 005b 00        		.byte	0
 595 005c 6C69 622F 		.ascii	"lib/lufa/LUFA/Drivers/USB/Core/AVR8/.."
 595      6C75 6661 
 595      2F4C 5546 
 595      412F 4472 
 595      6976 6572 
 596 0082 00        		.byte	0
 597 0083 6C69 622F 		.ascii	"lib/lufa/LUFA/Drivers/USB/Core/AVR8/../AVR8"
 597      6C75 6661 
 597      2F4C 5546 
 597      412F 4472 
 597      6976 6572 
 598 00ae 00        		.byte	0
 599 00af 00        		.byte	0
 600 00b0 7374 6469 		.string	"stdint.h"
 600      6E74 2E68 
 600      00
 601 00b9 01        		.uleb128 0x1
 602 00ba 00        		.uleb128 0
 603 00bb 00        		.uleb128 0
 604 00bc 4156 5238 		.string	"AVR8/../StdRequestType.h"
 604      2F2E 2E2F 
 604      5374 6452 
 604      6571 7565 
 604      7374 5479 
 605 00d5 02        		.uleb128 0x2
 606 00d6 00        		.uleb128 0
 607 00d7 00        		.uleb128 0
 608 00d8 4156 5238 		.string	"AVR8/../DeviceStandardReq.h"
 608      2F2E 2E2F 
 608      4465 7669 
 608      6365 5374 
 608      616E 6461 
 609 00f4 02        		.uleb128 0x2
 610 00f5 00        		.uleb128 0
 611 00f6 00        		.uleb128 0
 612 00f7 5553 4254 		.string	"USBTask.h"
 612      6173 6B2E 
 612      6800 
 613 0101 02        		.uleb128 0x2
 614 0102 00        		.uleb128 0
 615 0103 00        		.uleb128 0
 616 0104 5553 4254 		.string	"USBTask.c"
 616      6173 6B2E 
 616      6300 
 617 010e 02        		.uleb128 0x2
 618 010f 00        		.uleb128 0
 619 0110 00        		.uleb128 0
 620 0111 4156 5238 		.string	"AVR8/../AVR8/Endpoint_AVR8.h"
 620      2F2E 2E2F 
 620      4156 5238 
 620      2F45 6E64 
 620      706F 696E 
 621 012e 02        		.uleb128 0x2
 622 012f 00        		.uleb128 0
 623 0130 00        		.uleb128 0
 624 0131 4156 5238 		.string	"AVR8/../Device.h"
 624      2F2E 2E2F 
 624      4465 7669 
 624      6365 2E68 
 624      00
 625 0142 02        		.uleb128 0x2
 626 0143 00        		.uleb128 0
 627 0144 00        		.uleb128 0
 628 0145 00        		.byte	0
 629               	.LELTP0:
 630               	.LELT0:
 631               		.section	.gnu.debuglto_.debug_str,"MS",@progbits,1
 632               	.LASF35:
 633 0000 443A 5C44 		.string	"D:\\Download\\qmk_firmware\\vial-qmk"
 633      6F77 6E6C 
 633      6F61 645C 
 633      716D 6B5F 
 633      6669 726D 
 634               	.LASF38:
 635 0022 5553 425F 		.string	"USB_USBTask"
 635      5553 4254 
 635      6173 6B00 
 636               	.LASF9:
 637 002e 4445 5649 		.string	"DEVICE_STATE_Unattached"
 637      4345 5F53 
 637      5441 5445 
 637      5F55 6E61 
 637      7474 6163 
 638               	.LASF32:
 639 0046 456E 6470 		.string	"Endpoint_GetEndpointDirection"
 639      6F69 6E74 
 639      5F47 6574 
 639      456E 6470 
 639      6F69 6E74 
 640               	.LASF26:
 641 0064 5553 425F 		.string	"USB_ControlRequest"
 641      436F 6E74 
 641      726F 6C52 
 641      6571 7565 
 641      7374 00
 642               	.LASF27:
 643 0077 5553 425F 		.string	"USB_DeviceState"
 643      4465 7669 
 643      6365 5374 
 643      6174 6500 
 644               	.LASF36:
 645 0087 5553 425F 		.string	"USB_Device_States_t"
 645      4465 7669 
 645      6365 5F53 
 645      7461 7465 
 645      735F 7400 
 646               	.LASF16:
 647 009b 6252 6571 		.string	"bRequest"
 647      7565 7374 
 647      00
 648               	.LASF12:
 649 00a4 4445 5649 		.string	"DEVICE_STATE_Addressed"
 649      4345 5F53 
 649      5441 5445 
 649      5F41 6464 
 649      7265 7373 
 650               	.LASF28:
 651 00bb 5553 425F 		.string	"USB_DeviceTask"
 651      4465 7669 
 651      6365 5461 
 651      736B 00
 652               	.LASF17:
 653 00ca 7756 616C 		.string	"wValue"
 653      7565 00
 654               	.LASF1:
 655 00d1 756E 7369 		.string	"unsigned char"
 655      676E 6564 
 655      2063 6861 
 655      7200 
 656               	.LASF24:
 657 00df 5553 425F 		.string	"USB_Device_CurrentlySelfPowered"
 657      4465 7669 
 657      6365 5F43 
 657      7572 7265 
 657      6E74 6C79 
 658               	.LASF39:
 659 00ff 4164 6472 		.string	"Address"
 659      6573 7300 
 660               	.LASF6:
 661 0107 6C6F 6E67 		.string	"long unsigned int"
 661      2075 6E73 
 661      6967 6E65 
 661      6420 696E 
 661      7400 
 662               	.LASF20:
 663 0119 5553 425F 		.string	"USB_Request_Header_t"
 663      5265 7175 
 663      6573 745F 
 663      4865 6164 
 663      6572 5F74 
 664               	.LASF14:
 665 012e 4445 5649 		.string	"DEVICE_STATE_Suspended"
 665      4345 5F53 
 665      5441 5445 
 665      5F53 7573 
 665      7065 6E64 
 666               	.LASF25:
 667 0145 5553 425F 		.string	"USB_IsInitialized"
 667      4973 496E 
 667      6974 6961 
 667      6C69 7A65 
 667      6400 
 668               	.LASF19:
 669 0157 774C 656E 		.string	"wLength"
 669      6774 6800 
 670               	.LASF33:
 671 015f 474E 5520 		.string	"GNU C99 8.4.0 -mn-flash=1 -mno-skip-bug -mmcu=avr5 -gdwarf-2 -Os -std=gnu99 -funsigned-ch
 671      4339 3920 
 671      382E 342E 
 671      3020 2D6D 
 671      6E2D 666C 
 672               	.LASF13:
 673 0250 4445 5649 		.string	"DEVICE_STATE_Configured"
 673      4345 5F53 
 673      5441 5445 
 673      5F43 6F6E 
 673      6669 6775 
 674               	.LASF4:
 675 0268 756E 7369 		.string	"unsigned int"
 675      676E 6564 
 675      2069 6E74 
 675      00
 676               	.LASF8:
 677 0275 6C6F 6E67 		.string	"long long unsigned int"
 677      206C 6F6E 
 677      6720 756E 
 677      7369 676E 
 677      6564 2069 
 678               	.LASF2:
 679 028c 7569 6E74 		.string	"uint8_t"
 679      385F 7400 
 680               	.LASF30:
 681 0294 456E 6470 		.string	"Endpoint_IsSETUPReceived"
 681      6F69 6E74 
 681      5F49 7353 
 681      4554 5550 
 681      5265 6365 
 682               	.LASF37:
 683 02ad 5072 6576 		.string	"PrevEndpoint"
 683      456E 6470 
 683      6F69 6E74 
 683      00
 684               	.LASF34:
 685 02ba 6C69 622F 		.string	"lib/lufa/LUFA/Drivers/USB/Core/USBTask.c"
 685      6C75 6661 
 685      2F4C 5546 
 685      412F 4472 
 685      6976 6572 
 686               	.LASF29:
 687 02e3 456E 6470 		.string	"Endpoint_SelectEndpoint"
 687      6F69 6E74 
 687      5F53 656C 
 687      6563 7445 
 687      6E64 706F 
 688               	.LASF7:
 689 02fb 6C6F 6E67 		.string	"long long int"
 689      206C 6F6E 
 689      6720 696E 
 689      7400 
 690               	.LASF15:
 691 0309 626D 5265 		.string	"bmRequestType"
 691      7175 6573 
 691      7454 7970 
 691      6500 
 692               	.LASF11:
 693 0317 4445 5649 		.string	"DEVICE_STATE_Default"
 693      4345 5F53 
 693      5441 5445 
 693      5F44 6566 
 693      6175 6C74 
 694               	.LASF18:
 695 032c 7749 6E64 		.string	"wIndex"
 695      6578 00
 696               	.LASF3:
 697 0333 7569 6E74 		.string	"uint16_t"
 697      3136 5F74 
 697      00
 698               	.LASF5:
 699 033c 6C6F 6E67 		.string	"long int"
 699      2069 6E74 
 699      00
 700               	.LASF21:
 701 0345 5553 425F 		.string	"USB_Device_ConfigurationNumber"
 701      4465 7669 
 701      6365 5F43 
 701      6F6E 6669 
 701      6775 7261 
 702               	.LASF0:
 703 0364 7369 676E 		.string	"signed char"
 703      6564 2063 
 703      6861 7200 
 704               	.LASF31:
 705 0370 456E 6470 		.string	"Endpoint_GetCurrentEndpoint"
 705      6F69 6E74 
 705      5F47 6574 
 705      4375 7272 
 705      656E 7445 
 706               	.LASF23:
 707 038c 5F42 6F6F 		.string	"_Bool"
 707      6C00 
 708               	.LASF22:
 709 0392 5553 425F 		.string	"USB_Device_RemoteWakeupEnabled"
 709      4465 7669 
 709      6365 5F52 
 709      656D 6F74 
 709      6557 616B 
 710               	.LASF10:
 711 03b1 4445 5649 		.string	"DEVICE_STATE_Powered"
 711      4345 5F53 
 711      5441 5445 
 711      5F50 6F77 
 711      6572 6564 
 712               		.text
 713               		.section	.gnu.lto_.profile.436b457f,"",@progbits
 714 0000 789C 6367 		.string	"x\234cg`f`d"
 714      6066 6064 
 714      00
 715 0009 0200      		.string	"\002"
 716 000b 00        		.string	""
 717 000c 6200      		.string	"b"
 718 000e 0C        		.ascii	"\f"
 719               		.text
 720               		.section	.gnu.lto_.icf.436b457f,"",@progbits
 721 0000 789C 6367 		.string	"x\234cg`f\020a@"
 721      6066 1061 
 721      4000 
 722 000a 6686 CF3F 		.string	"f\206\317?\332\372\331\230v}:\177\215\211\271\377\357\373\347\274\f"
 722      DAFA D998 
 722      767D 3A7F 
 722      8D89 B9FF 
 722      EFFB E7BC 
 723 0020 68B4 09EF 		.ascii	"h\264\t\357"
 724               		.text
 725               		.section	.gnu.lto_.jmpfuncs.436b457f,"",@progbits
 726 0000 789C 6367 		.string	"x\234cg`f\340b@"
 726      6066 E062 
 726      4000 
 727 000a 2638 0100 		.string	"&8\001"
 728 000e 0212 00   		.string	"\002\022"
 729 0011 19        		.ascii	"\031"
 730               		.text
 731               		.section	.gnu.lto_.inline.436b457f,"",@progbits
 732 0000 789C 6367 		.string	"x\234cg`f\ba@"
 732      6066 0861 
 732      4000 
 733 000a 2606 06D1 		.string	"&\006\006\321\205\3357\227\262\246120)544,`Ic``\0032\032X\222\231@\322\f\f\214\\\020\225,
 733      85DD 3797 
 733      B2A6 3132 
 733      3029 3534 
 733      342C 6049 
 734 0040 75CA 1220 		.ascii	"u\312\022 "
 735               		.text
 736               		.section	.gnu.lto_.pureconst.436b457f,"",@progbits
 737 0000 789C 6367 		.string	"x\234cg`f`g```b\230\305\3024\203\005"
 737      6066 6067 
 737      6060 6062 
 737      98C5 C234 
 737      8305 00
 738 0013 0546 0150 		.ascii	"\005F\001P"
 739               		.text
 740               		.section	.gnu.lto_USB_DeviceTask.436b457f,"",@progbits
 741 0000 789C 8554 		.string	"x\234\205T]L\\U\020>s\317\375\003v\2276\255?1<\364\211\264\204\354b\214\215M|(V}\362\301\
 741      5D4C 5C55 
 741      103E 73CF 
 741      FD03 7697 
 741      36AD 3F31 
 742 00c6 6FE4 B078 		.string	"o\344\260x\355\303?\334E\307\360^\304#\351'\203\242\352\321(g\254\031\037\353\007'\241\b\
 742      EDC3 3FDC 
 742      45C7 F05E 
 742      C423 E927 
 742      83A2 EAD1 
 743 0123 85E3 835A 		.ascii	"\205\343\203Z\\\334^\252\026\361\253\217\364n_\013,\312\025\235"
 743      5CDC 5EAA 
 743      16F1 AB8F 
 743      F46E 5F0B 
 743      2CCA 159D 
 744 0137 0E83 0E93 		.ascii	"\016\203\016\223\216\034<x.\035y\364\352\242\303M\207\207t\371"
 744      8E1C 3C78 
 744      2E1D 79F4 
 744      EAA2 C34D 
 744      8787 74F9 
 745 014b 74AC A2D7 		.ascii	"t\254\242\327\325t0V\305Y\b\323QA\304\331>\256\004\245\\\031"
 745      D574 3056 
 745      C559 08D3 
 745      5141 C4D9 
 745      3EAE 04A5 
 746 0161 67BF 8338 		.ascii	"g\277\2038\262\264F~8\005"
 746      B2B4 467E 
 746      3805 
 747 016b A75A 135E 		.string	"\247Z\023^\022#\034\020_\260\276\341\363\374\375<\312U\231\336\241c}K9a\b\005M\324\034\"\
 747      1223 1C10 
 747      5FB0 BEE1 
 747      F3FC FD3C 
 747      CA55 99DE 
 748 026c A00F CDB0 		.ascii	"\240\017\315\2609\251\236\233\272\025\336\205\026\r\301\344\224"
 748      39A9 9E9B 
 748      BA15 DE85 
 748      160D C1E4 
 748      94
 749 027d CBB2 6070 		.ascii	"\313\262`p\336\356N\025W\347\256\017\216\002ug\037\327\234N\311"
 749      DEEE 4E15 
 749      57E7 AE0F 
 749      8E02 7567 
 749      1FD7 9C4E 
 750 0292 BA8C 2D5D 		.ascii	"\272\214-]W\254Bx\"\334M_l\252N\344Y\232|Y\035\317\262\002\256"
 750      57AC 4278 
 750      22DC 4D5F 
 750      6CAA 4EE4 
 750      599A 7C59 
 751 02ab 4235 E61D 		.ascii	"B5\346\035\272R[\023\363P'\211\374\250\226\265\350p\372\036Z"
 751      BA52 5B13 
 751      F350 2789 
 751      FCA8 96B5 
 751      E870 FA1E 
 752 02c0 4702 22EA 		.ascii	"G\002\"\352\2147_\314\3455 \t\370\315\327M)s\375\247\242\001"
 752      8C37 5FCC 
 752      E535 2009 
 752      F8CD D74D 
 752      2973 FDA7 
 753 02d6 E76B 215A 		.ascii	"\347k!Z\234H7\n\241G\271\016?\323|q{\276\340\027X\217\312Mg\345"
 753      9C48 370A 
 753      A147 B90E 
 753      3FD3 7C71 
 753      7BBE E017 
 754 02f0 8CB5 7F70 		.ascii	"\214\265\177pi\312\304\231$\037\234\344\314L\332>,\313G\316_"
 754      69CA C499 
 754      241F 9CE4 
 754      CC4C DA3E 
 754      2CCB 47CE 
 755 0305 3F14 66B3 		.ascii	"?\024f\263T\307:\f\330\335Dtw\265\223\254m:\3424\300\240C\307"
 755      54C7 3A0C 
 755      D8DD 4474 
 755      77B5 93AC 
 755      6D3A E234 
 756 031d CEA6 6574 		.ascii	"\316\246et\304\013\270 \233z\301j\352xM\202\223\374 \356]D\255"
 756      C40B B820 
 756      9B7A C16A 
 756      EA78 4D82 
 756      93FC 20EE 
 757 0334 FD6D AC56 		.ascii	"\375m\254V\335\026Y,\372\240,\325w.gB\036\273\367\200\250\030"
 757      DD16 592C 
 757      FAA0 2CD5 
 757      772E 6742 
 757      1EBB F780 
 758 034a E357 0751 		.ascii	"\343W\007Q\327\250\222\215\b/`H\"\032\312\320l\226\223\034\341"
 758      D7A8 928D 
 758      082F 6048 
 758      221A CAD0 
 758      6C96 931C 
 759 035f 046A 2039 		.ascii	"\004j 9\275\333bY\212X\326\375\355\255X\026\306a\007\343o\331"
 759      BDDB 6259 
 759      8A58 D6FD 
 759      EDAD 5816 
 759      C661 07E3 
 760 0375 2C33 2CDF 		.ascii	",3,\337\303]\357\265p\213C&\214dX\026\371\350\214bm\001#C\254"
 760      C35D EFB5 
 760      708B 4326 
 760      8C64 5816 
 760      F9E8 8C62 
 761 038e 4570 A3F9 		.ascii	"Ep\243\371\361\366\303\251<2\307m\fp\t\nx\327\214\270\325\311"
 761      F1F6 C3A9 
 761      3C32 C76D 
 761      0C70 090A 
 761      78D7 8CB8 
 762 03a4 B3BB 80DD 		.ascii	"\263\273\200\335\207Q(P\025\344\237>;\336\275\300\354M1Y[_\t"
 762      8751 2850 
 762      15E4 9F3E 
 762      3BDE BDC0 
 762      EC4D 3159 
 763 03bb B210 7F42 		.ascii	"\262\020\177B\245\244\314\335{\312h\346\032\002\275\214k\t\327"
 763      A5A4 CCDD 
 763      7BCA 68E6 
 763      1A02 BD8C 
 763      6B09 D7
 764 03ce A029 978D 		.ascii	"\240)\227\215\261l\331\314\254$]6g\376\032\346a\021\017\256\273"
 764      B16C D9CC 
 764      AC24 5D36 
 764      67FE 1AE6 
 764      6111 0FAE 
 765 03e3 3F65 C61C 		.ascii	"?e\306\034\002\307fVRdl\031E\306\357G\021\274\200\244lHR6\004"
 765      02C7 6656 
 765      5264 6C19 
 765      45C6 EF47 
 765      11BC 80A4 
 766 03fc 37CC 0D8D 		.ascii	"7\314\r\215\344\b_\215\321\2637\214\206\033\346\n\2260\303\243"
 766      E408 5F8D 
 766      D1B3 378C 
 766      861B E60A 
 766      9630 C3A3 
 767 0410 E483 7934 		.ascii	"\344\203y4\201Z\f\"37\235\255?\017\n\263\247\033,%\276o\330Q"
 767      815A 0C22 
 767      3337 9DAD 
 767      3F0F 0AB3 
 767      A71B 2C25 
 768 0428 FEBA 6FC7 		.ascii	"\376\272o\307\356\355\333|/l}\276\324\367l\240|\217?P\341\333"
 768      EEED DB7C 
 768      2F6C 7DBE 
 768      D4F7 6CA0 
 768      7C8F 3F50 
 769 043e FAF2 33BE 		.ascii	"\372\3623\276-\273\002~\022^\331V\361\226\367\r\346z1\340\337"
 769      2DBB 027E 
 769      125E D956 
 769      F196 F70D 
 769      E67A 31E0 
 770 0453 F3DC CEB2 		.ascii	"\363\334\316\262\267w\225\357|g\215\243\367\226m\334X\342\367"
 770      B777 95EF 
 770      7C67 8DA3 
 770      F796 6DDC 
 770      58E2 F7
 771 0466 3F5E C29E 		.ascii	"?^\302\236\376\237P\245\257\276\364\224\317\353\265\3763\201"
 771      FE9F 50A5 
 771      AFBE F494 
 771      CFEB B5FE 
 771      3381 
 772 0478 5EA3 37EF 		.ascii	"^\2437\357\233\314(-+\013\370+*\376\003\366%vJ"
 772      9BCC 282D 
 772      2B0B F82B 
 772      2AFE 03F6 
 772      2576 4A
 773               		.text
 774               		.section	.gnu.lto_USB_USBTask.436b457f,"",@progbits
 775 0000 789C 6367 		.string	"x\234cg`f\330\303\300\300\240\r\304\262@\314\310\314\300\310\324\320\320\340\300\336\310\
 775      6066 D8C3 
 775      C0C0 A00D 
 775      C4B2 40CC 
 775      C8CC C0C8 
 776 004b E36E 462D 		.string	"\343nF-\006\006\240\312G\033\377M\345ec\201J1\356adc`\0042\326_b=\320\360\357\177{\303\20
 776      0606 A0CA 
 776      471B FF4D 
 776      E565 6381 
 776      4A31 EE61 
 777 0098 1A3B 77C5 		.string	"\032;w\305\231\377\234-\214M\215\0343\231\031'3\003\215d\334\313\330\302\3100\223\231\211
 777      99FF 9C2D 
 777      8C4D 8D1C 
 777      3399 1927 
 777      3303 8D64 
 778 00f0 00        		.string	""
 779 00f1 05D4 4C1D 		.ascii	"\005\324L\035"
 780               		.text
 781               		.section	.gnu.lto_.symbol_nodes.436b457f,"",@progbits
 782 0000 789C 6367 		.string	"x\234cg`fhb"
 782      6066 6862 
 782      00
 783 0009 02A6 9B0C 		.string	"\002\246\233\f\365\fM\r\r\r,\214\023\3161"
 783      F50C 4D0D 
 783      0D0D 2C8C 
 783      13CE 3100 
 784 0019 D90C 3B1B 		.string	"\331\f;\033\0166\26010\002\345X\25730\264*\201\024\335`\250gDQ\264\253\301\021\242\344\03
 784      0E36 B031 
 784      3002 E558 
 784      AF33 30B4 
 784      2A81 14DD 
 785 0069 00        		.string	""
 786 006a 68C4 2620 		.ascii	"h\304& "
 787               		.text
 788               		.section	.gnu.lto_.refs.436b457f,"",@progbits
 789 0000 789C 6367 		.string	"x\234cg`f`c```\004\"&\006"
 789      6066 6063 
 789      6060 6004 
 789      2226 0600 
 790 0010 00        		.string	""
 791 0011 DD00      		.string	"\335"
 792 0013 15        		.ascii	"\025"
 793               		.text
 794               		.section	.gnu.lto_.decls.436b457f,"",@progbits
 795 0000 789C 9556 		.ascii	"x\234\225V}PTU\024\277\347\335e\331}\202\224:\305L\3240c89c\200"
 795      7D50 5455 
 795      14BF E7DD 
 795      65D9 7D82 
 795      943A C54C 
 796 001b 53E3 E854 		.ascii	"S\343\350TS\206e\3168M#\342L\177\355\254\354+v\\\027\333]4\375"
 796      5386 65CE 
 796      384D 23E2 
 796      4C7F EDAC 
 796      EC2B 765C 
 797 0034 EB81 82A0 		.ascii	"\353\201\202\240QR\346\007~\201B\245\202\021eY\"\256\200\037"
 797      5152 E607 
 797      7E81 42A5 
 797      8211 6559 
 797      22AE 801F 
 798 0048 487E A188 		.ascii	"H~\241\210h\n~\201\242\202\250\210(\261\235{\357\333\335\007"
 798      680A 7E81 
 798      A282 A888 
 798      28B1 9D7B 
 798      EFDB DD07 
 799 005c 0E23 BDE1 		.ascii	"\016#\275\341\354{\347\334s\177\277\337=\367\236\367\b%\224\270"
 799      EC7B E7DC 
 799      737F BFDF 
 799      3DF7 9EF7 
 799      0825 94B8 
 800 0070 6542 5489 		.ascii	"eBT\211\220\223\204\020\037^\024\357\247H\360b\276\027\255\n"
 800      9093 8410 
 800      1F5E 14EF 
 800      A748 F062 
 800      BE17 AD0A 
 801 0084 AD46 F38F 		.ascii	"\255F\363\217\242\335@\353$\003\257t \304"
 801      A2DD 40EB 
 801      2403 AF74 
 801      20C4 
 802 0092 8CF7 14B4 		.string	"\214\367\024\264&\264(\264.\264\373h\265h\017\320\272\321\366k\371F\r\273\217q\243\205\34
 802      26B4 28B4 
 802      2EB4 FB68 
 802      B568 0FD0 
 802      BAD1 F66B 
 803 0193 C11E 2A99 		.string	"\301\036*\231\2527\035\241$\216t@\207t@\207T\210HU\034\251\250t_\231Ds\005\322\232G\245O\
 803      AA37 1DA1 
 803      248E 7440 
 803      8774 4087 
 803      5488 4855 
 804 0226 B520 C341 		.ascii	"\265 \303A\241/Po\364I\202O\"p\024\306\341\314\356\207\253~6"
 804      A12F 506F 
 804      F449 824F 
 804      2270 14C6 
 804      E1CC EE87 
 805 023d D10C B1A7 		.ascii	"\321\f\261\247\005\225\271k(J\032%\203\211)|\322ZaDw\214\f^>"
 805      0595 B96B 
 805      284A 1A25 
 805      8389 297C 
 805      D25A 6144 
 806 0256 9C73 AD1F 		.ascii	"\234s\255\037\304\260\021\335\332s\033"
 806      C4B0 11DD 
 806      DA73 1B
 807 0261 7E88 10AE 		.string	"~\210\020\256\204n\375\271\266\207&\221\375\034\272][2{5,\003\272\333\0327U\205\320\357\0
 807      846E FDB9 
 807      B687 2691 
 807      FD1C BA5D 
 807      5B32 7B35 
 808 0362 3681 F84F 		.string	"6\201\370O3\t\350\350(\211:\240\252\353\342\241\t\205\234\327\204\370\317S\334 \321U\257\
 808      3309 E8E8 
 808      2889 3AA0 
 808      AAEB E2A1 
 808      0985 9CD7 
 809 03c8 D85C 055E 		.string	"\330\\\005^\326\\\361\327\212U\336\\\214\255Nk.\r\0309\353X{\365\340\271\270\301\333kW\32
 809      D65C F1D7 
 809      8A55 DE5C 
 809      8CAD 4E6B 
 809      2E0D 1839 
 810 03fd A781 192D 		.ascii	"\247\201\031-_\3053\371\034\334\0063Y\316\313\242\026DC\340p"
 810      5FC5 33F9 
 810      1CDC 0633 
 810      59CE CBA2 
 810      1644 43E0 
 811 0412 B623 0B1B 		.ascii	"\266#\013\033\"p\007'\334B\236|\325\304#\b\372GG\305\217&\363"
 811      2270 0727 
 811      DC42 9E7C 
 811      D5C4 2308 
 811      FA47 47C5 
 812 0429 72FE AA78 		.ascii	"r\376\252x\306,\314\366\255/n\030\241\275(\316OS\277\212\206"
 812      C62C CCF6 
 812      AD2F 6E18 
 812      A1BD 28CE 
 812      4F53 BF8A 
 813 043e 0E30 C3CD 		.ascii	"\0160\303\315A\357\210\233l\021\235\270\210N\266\b\272\311\273"
 813      41EF 889B 
 813      6C11 9DB8 
 813      884E B608 
 813      BAC9 BB
 814 0451 F63B CAA4 		.ascii	"\366;\312\244\312~\251w\337\205.\220I\266\366F\0176\022\341q"
 814      CA7E A977 
 814      DF85 2E90 
 814      49B6 F646 
 814      0F36 12E1 
 815 0466 02F7 30FD 		.ascii	"\002\3670\375.\027\312rN\001\017\263\037\324\220W\322w\301\034"
 815      2E17 CA72 
 815      4E01 0FB3 
 815      1FD4 9057 
 815      D277 C11C 
 816 047a B622 D0D0 		.ascii	"\266\"\320\320\3745\025<\"\367!\214\357\036\3361\271\277w\307"
 816      FC35 153C 
 816      22F7 218C 
 816      EF1E DE31 
 816      B9BF 77C7 
 817 048e 51EA EFD8 		.ascii	"Q\352\357\330\354gt,<\340\004+\327\036S#\364\004\354=\035$\350"
 817      EC67 742C 
 817      3CE0 042B 
 817      D71E 5323 
 817      F404 EC3D 
 818 04a5 D608 BA39 		.ascii	"\326\b\2729A\301\335\372C\021t\217\330\241\035\245\233\313F\322"
 818      41C1 DDFA 
 818      4311 748F 
 818      D8A1 1DA5 
 818      9BCB 46D2 
 819 04b9 33C2 5959 		.ascii	"3\302YYU\275\321\310Z\274\307\337\342Y\027\322\267RzE\f\377\226"
 819      55BD D1C8 
 819      5ABC C7DF 
 819      E259 17D2 
 819      B752 7A45 
 820 04d0 53BF 870F 		.ascii	"S\277\207\017\367\372\207+\257\377\322)\351?s\354Ps\271\360\230"
 820      F7FA 872B 
 820      AFFF D229 
 820      E93F 73EC 
 820      5073 B9F0 
 821 04e5 B5E3 9301 		.ascii	"\265\343\223\001\237\272\337Nt\034\361\177\352:\373_\333\377"
 821      9FBA DF4E 
 821      741C F17F 
 821      EA3A FB5F 
 821      DBFF 
 822 04f7 80BD 1B54 		.ascii	"\200\275\033Tu\031\214a\211\360\320\177\220\341\021\236\326>"
 822      7519 8C61 
 822      89F0 D07F 
 822      90E1 119E 
 822      D63E 
 823 0509 18CB 2281 		.ascii	"\030\313\"\201\357T\003~\247\372\3707\2468\367\353\303\341\264"
 823      EF54 037E 
 823      A7FA F837 
 823      A638 F7EB 
 823      C3E1 B4
 824 051c DC30 84E4 		.ascii	"\3340\204\344\214\272\246u\262\306r\357\035\361\r,\2249\303\277"
 824      8CBA A675 
 824      B2C6 72EF 
 824      1DF1 0D2C 
 824      9439 C3BF 
 825 0530 0186 7E64 		.ascii	"\001\206~d\360!\303\277:\206+\310\340\343\f\007;\032n\031\351"
 825      F021 C3BF 
 825      3A86 2BC8 
 825      E0E3 0C07 
 825      3B1A 6E19 
 826 0545 C9A1 18FE 		.ascii	"\311\241\030\376\357;\265\263\365\361\0213\"\020\310\220dV\r"
 826      EF3B B5B3 
 826      F5F1 1133 
 826      2210 C890 
 826      6456 0D
 827 0558 86D1 5EB3 		.ascii	"\206\321^\263.|\210\177\020\226I\254jK%\255lW\016\035.\f\327"
 827      2E7C 887F 
 827      1096 49AC 
 827      6A4B 25AD 
 827      6C57 0E1D 
 828 056f 1674 A9F6 		.ascii	"\026t\251\366\225z|1a{\027\001\313\003U\362/)]2@\2464\226E\002"
 828      957A 7C31 
 828      617B 1701 
 828      CB03 55F2 
 828      2F29 5D32 
 829 0589 4BFA 1397 		.ascii	"K\372\023\227\2041\004\371y\353\322\337M\364\306PKzzkk+w\355"
 829      8431 04F9 
 829      79EB D2DF 
 829      4DF4 C650 
 829      4B7A 7A6B 
 830 05a1 1C20 103B 		.ascii	"\034 \020;K\333\332lT\0069\222~k[Z\333\332\215\232\306\366\371"
 830      4BDB DA6C 
 830      5406 3992 
 830      7E6B 5B5A 
 830      DBDA 8D9A 
 831 05b8 81A2 6312 		.ascii	"\201\242c\022d\005\024.G\205+Pa\226N\341NT\210122)\361}\3134"
 831      6405 142E 
 831      4785 2B50 
 831      6196 4EE1 
 831      4E54 8831 
 832 05d3 65A1 3D59 		.ascii	"e\241=Y\231mu\317{\315a\237\033\347H\373\314\03273\351\303\251"
 832      996D 75CF 
 832      7BCD 619F 
 832      1BE7 48FB 
 832      CC1A 3733 
 833 05ea 71D3 5CF6 		.ascii	"q\323\\\366\205\212\313\035\207Iq\t\251.\205=\260\264\330d\323"
 833      858A CB1D 
 833      8749 7109 
 833      A92E 853D 
 833      B0B4 D864 
 834 05ff F48F 93A2 		.ascii	"\364\217\223\242\023\246L!\243\003\241X\333\244I\361\21221\236"
 834      13A6 4C21 
 834      A303 A158 
 834      DBA4 49F1 
 834      8A32 319E 
 835 0613 8C1F 2E0A 		.ascii	"\214\037.\n\031\301\35057:(\305\362\211+5Yq\273\023R\235\036"
 835      19C1 E835 
 835      373A 28C5 
 835      F289 2B35 
 835      5971 BB13 
 836 062a 57AA 6396 		.ascii	"W\252c\226\362E\232\342\366\274\365\f\330\251sfM\216\213\215"
 836      F245 9AE2 
 836      F6BC F50C 
 836      D8A9 7366 
 836      4D8E 8B8D 
 837 063e 8D13 1889 		.ascii	"\215\023\030\211\036\253\323fu\331prl\n\211\b\202\343\200G\t"
 837      1EAB D366 
 837      75D9 7072 
 837      6C0A 8908 
 837      82E3 8047 
 838 0653 4DB3 3B3D 		.ascii	"M\263;=\223-\236Q,>\220\306\270h\206\323\246|ib\031\023'Y\320"
 838      932D 9E51 
 838      2C3E 90C6 
 838      B868 86D3 
 838      A67C 6962 
 839 066c 9F63 75A4 		.ascii	"\237cu\244)\246\271\332x\370\334\371\332\323\354\305\013\024"
 839      29A6 B9DA 
 839      78F8 DCF9 
 839      DAD3 ECC5 
 839      0B14 
 840 067e E302 6BF2 		.ascii	"\343\002k\362<\305\026\272h\246\342\374\334\2232y\230\032\023"
 840      3CC5 16BA 
 840      68A6 E2FC 
 840      DC93 3279 
 840      981A 13
 841 0691 3D36 1D08 		.ascii	"=6\035\b\n\034\303\204h!\313G\212\325\246\270,\236\347Yp\206"
 841      0A1C C384 
 841      6821 CB47 
 841      8AD5 A6B8 
 841      2C9E E759 
 842 06a7 7B86 D3EE 		.ascii	"{\206\323\356\261[\035\366%\212-\304\362~j\252\343\245\017\234"
 842      B15B 1DF6 
 842      258A 2DC4 
 842      F27E 6AAA 
 842      E3A5 0F9C 
 843 06bb B605 A9A8 		.ascii	"\266\005\251\250\3172]\361$\244\271\\\212\323\343\017\205[\035"
 843      CF32 5DF1 
 843      24A4 B95C 
 843      8AD3 E30F 
 843      855B 1D
 844 06ce 8BAC 8BDD 		.ascii	"\213\254\213\335\026\273\323aw*\243\026Y]NK\2323\315\255\330"
 844      16BB D361 
 844      772A A316 
 844      595D 4E4B 
 844      9A33 CDAD 
 845 06e3 2C2E C59D 		.ascii	",.\305\235\346\360\274=L\211\374\036 b\036\312|Y\317\354\177"
 845      E6F0 BC3D 
 845      4C89 FC1E 
 845      2062 1ECA 
 845      7C59 CFEC 
 846 06f8 9E66 7729 		.ascii	"\236fw)\311\036{\252\363\305\300h\242\342\300\220\337\215\f\304"
 846      C91E 7BAA 
 846      F3C5 C068 
 846      A2E2 C090 
 846      DF8D 0CC4 
 847 070c 67B8 133F 		.ascii	"g\270\023?\230\235\364\311,%YAZ\333\177\376\005\331("
 847      989D F4C9 
 847      2C25 5941 
 847      5ADB 7FFE 
 847      05D9 28
 848               		.text
 849               		.section	.gnu.lto_.symtab.436b457f,"",@progbits
 850 0000 5553 425F 		.string	"USB_DeviceState"
 850      4465 7669 
 850      6365 5374 
 850      6174 6500 
 851 0010 00        		.string	""
 852 0011 04        		.ascii	"\004"
 853 0012 00        		.string	""
 854 0013 0100      		.string	"\001"
 855 0015 00        		.string	""
 856 0016 00        		.string	""
 857 0017 00        		.string	""
 858 0018 00        		.string	""
 859 0019 00        		.string	""
 860 001a 00        		.string	""
 861 001b CA00      		.string	"\312"
 862 001d 00        		.string	""
 863 001e 00        		.string	""
 864 001f 5553 425F 		.string	"USB_USBTask"
 864      5553 4254 
 864      6173 6B00 
 865 002b 00        		.string	""
 866 002c 00        		.string	""
 867 002d 00        		.string	""
 868 002e 00        		.string	""
 869 002f 00        		.string	""
 870 0030 00        		.string	""
 871 0031 00        		.string	""
 872 0032 00        		.string	""
 873 0033 00        		.string	""
 874 0034 00        		.string	""
 875 0035 00        		.string	""
 876 0036 C200      		.string	"\302"
 877 0038 00        		.string	""
 878 0039 00        		.string	""
 879 003a 5553 425F 		.string	"USB_ControlRequest"
 879      436F 6E74 
 879      726F 6C52 
 879      6571 7565 
 879      7374 00
 880 004d 00        		.string	""
 881 004e 04        		.ascii	"\004"
 882 004f 00        		.string	""
 883 0050 0800      		.string	"\b"
 884 0052 00        		.string	""
 885 0053 00        		.string	""
 886 0054 00        		.string	""
 887 0055 00        		.string	""
 888 0056 00        		.string	""
 889 0057 00        		.string	""
 890 0058 E800      		.string	"\350"
 891 005a 00        		.string	""
 892 005b 00        		.string	""
 893 005c 5553 425F 		.string	"USB_IsInitialized"
 893      4973 496E 
 893      6974 6961 
 893      6C69 7A65 
 893      6400 
 894 006e 00        		.string	""
 895 006f 04        		.ascii	"\004"
 896 0070 00        		.string	""
 897 0071 0100      		.string	"\001"
 898 0073 00        		.string	""
 899 0074 00        		.string	""
 900 0075 00        		.string	""
 901 0076 00        		.string	""
 902 0077 00        		.string	""
 903 0078 00        		.string	""
 904 0079 EF00      		.string	"\357"
 905 007b 00        		.string	""
 906 007c 00        		.string	""
 907 007d 5553 425F 		.string	"USB_Device_ProcessControlRequest"
 907      4465 7669 
 907      6365 5F50 
 907      726F 6365 
 907      7373 436F 
 908 009e 00        		.string	""
 909 009f 02        		.ascii	"\002"
 910 00a0 00        		.string	""
 911 00a1 00        		.string	""
 912 00a2 00        		.string	""
 913 00a3 00        		.string	""
 914 00a4 00        		.string	""
 915 00a5 00        		.string	""
 916 00a6 00        		.string	""
 917 00a7 00        		.string	""
 918 00a8 00        		.string	""
 919 00a9 C400      		.string	"\304"
 920 00ab 00        		.string	""
 921 00ac 00        		.string	""
 922               		.text
 923               		.section	.gnu.lto_.opts,"",@progbits
 924 0000 272D 666E 		.ascii	"'-fn"
 925 0004 6F2D 6F70 		.string	"o-openmp' '-fno-openacc' '-fno-pie' '-mn-flash=1' '-mno-skip-bug' '-mmcu=avr5' '-Os' '-We
 925      656E 6D70 
 925      2720 272D 
 925      666E 6F2D 
 925      6F70 656E 
 926               		.text
 927               		.comm	__gnu_lto_v1,1,1
 928               		.comm	__gnu_lto_slim,1,1
 929               		.ident	"GCC: (GNU) 8.4.0"
DEFINED SYMBOLS
                            *ABS*:0000000000000000 USBTask.c
C:\Users\Roningo\AppData\Local\Temp\ccCXGjCg.s:2      *ABS*:000000000000003e __SP_H__
C:\Users\Roningo\AppData\Local\Temp\ccCXGjCg.s:3      *ABS*:000000000000003d __SP_L__
C:\Users\Roningo\AppData\Local\Temp\ccCXGjCg.s:4      *ABS*:000000000000003f __SREG__
C:\Users\Roningo\AppData\Local\Temp\ccCXGjCg.s:5      *ABS*:0000000000000000 __tmp_reg__
C:\Users\Roningo\AppData\Local\Temp\ccCXGjCg.s:6      *ABS*:0000000000000001 __zero_reg__
C:\Users\Roningo\AppData\Local\Temp\ccCXGjCg.s:18     .gnu.debuglto_.debug_info:0000000000000000 USBTask.c.d660ee10
                            *COM*:0000000000000001 __gnu_lto_v1
                            *COM*:0000000000000001 __gnu_lto_slim

NO UNDEFINED SYMBOLS
