   1               		.file	"atreus62.c"
   2               	__SP_H__ = 0x3e
   3               	__SP_L__ = 0x3d
   4               	__SREG__ = 0x3f
   5               	__tmp_reg__ = 0
   6               	__zero_reg__ = 1
   7               		.file 1 "e:\\game\\msys2\\mingw64\\avr\\include\\stdint.h"
   8               		.file 2 "e:\\game\\msys2\\mingw64\\lib\\gcc\\avr\\8.4.0\\include\\stddef.h"
   9               		.file 3 "tmk_core/common/report.h"
  10               		.file 4 "tmk_core/common/action.h"
  11               		.file 5 "tmk_core/common/host.h"
  12               		.file 6 "tmk_core/common/avr/xprintf.h"
  13               		.file 7 "tmk_core/common/debug.h"
  14               		.file 8 "quantum/keycode_config.h"
  15               		.file 9 "tmk_core/common/timer.h"
  16               		.file 10 "quantum/sequencer/sequencer.h"
  17               		.file 11 "quantum/keymap.h"
  18               		.file 12 "tmk_core/common/action_layer.h"
  19               		.file 13 "tmk_core/common/action_util.h"
  20               		.file 14 "quantum/send_string.h"
  21               		.file 15 "e:\\game\\msys2\\mingw64\\avr\\include\\stdlib.h"
  22               		.file 16 "quantum/process_keycode/process_unicode_common.h"
  23               		.section	.gnu.debuglto_.debug_info,"",@progbits
  24               	.Ldebug_info0:
  25               		.hidden	atreus62.c.88f6012b
  26               		.weak	atreus62.c.88f6012b
  27               	atreus62.c.88f6012b:
  28 0000 0306 0000 		.long	0x603
  29 0004 0200      		.word	0x2
  30 0006 0000 0000 		.long	.Ldebug_abbrev0
  31 000a 04        		.byte	0x4
  32 000b 01        		.uleb128 0x1
  33 000c 0000 0000 		.long	.LASF86
  34 0010 0C        		.byte	0xc
  35 0011 0000 0000 		.long	.LASF87
  36 0015 0000 0000 		.long	.LASF88
  37 0019 0000 0000 		.long	.Ldebug_line0
  38 001d 02        		.uleb128 0x2
  39 001e 01        		.byte	0x1
  40 001f 06        		.byte	0x6
  41 0020 0000 0000 		.long	.LASF0
  42 0024 03        		.uleb128 0x3
  43 0025 0000 0000 		.long	.LASF2
  44 0029 01        		.byte	0x1
  45 002a 7E        		.byte	0x7e
  46 002b 16        		.byte	0x16
  47 002c 3500 0000 		.long	0x35
  48 0030 04        		.uleb128 0x4
  49 0031 2400 0000 		.long	0x24
  50 0035 02        		.uleb128 0x2
  51 0036 01        		.byte	0x1
  52 0037 08        		.byte	0x8
  53 0038 0000 0000 		.long	.LASF1
  54 003c 05        		.uleb128 0x5
  55 003d 02        		.byte	0x2
  56 003e 05        		.byte	0x5
  57 003f 696E 7400 		.string	"int"
  58 0043 03        		.uleb128 0x3
  59 0044 0000 0000 		.long	.LASF3
  60 0048 01        		.byte	0x1
  61 0049 80        		.byte	0x80
  62 004a 16        		.byte	0x16
  63 004b 5400 0000 		.long	0x54
  64 004f 04        		.uleb128 0x4
  65 0050 4300 0000 		.long	0x43
  66 0054 02        		.uleb128 0x2
  67 0055 02        		.byte	0x2
  68 0056 07        		.byte	0x7
  69 0057 0000 0000 		.long	.LASF4
  70 005b 02        		.uleb128 0x2
  71 005c 04        		.byte	0x4
  72 005d 05        		.byte	0x5
  73 005e 0000 0000 		.long	.LASF5
  74 0062 03        		.uleb128 0x3
  75 0063 0000 0000 		.long	.LASF6
  76 0067 01        		.byte	0x1
  77 0068 82        		.byte	0x82
  78 0069 16        		.byte	0x16
  79 006a 7300 0000 		.long	0x73
  80 006e 06        		.uleb128 0x6
  81 006f 6200 0000 		.long	0x62
  82 0073 02        		.uleb128 0x2
  83 0074 04        		.byte	0x4
  84 0075 07        		.byte	0x7
  85 0076 0000 0000 		.long	.LASF7
  86 007a 02        		.uleb128 0x2
  87 007b 08        		.byte	0x8
  88 007c 05        		.byte	0x5
  89 007d 0000 0000 		.long	.LASF8
  90 0081 02        		.uleb128 0x2
  91 0082 08        		.byte	0x8
  92 0083 07        		.byte	0x7
  93 0084 0000 0000 		.long	.LASF9
  94 0088 03        		.uleb128 0x3
  95 0089 0000 0000 		.long	.LASF10
  96 008d 02        		.byte	0x2
  97 008e D8        		.byte	0xd8
  98 008f 17        		.byte	0x17
  99 0090 5400 0000 		.long	0x54
 100 0094 02        		.uleb128 0x2
 101 0095 01        		.byte	0x1
 102 0096 02        		.byte	0x2
 103 0097 0000 0000 		.long	.LASF11
 104 009b 07        		.uleb128 0x7
 105 009c 0000 0000 		.long	.LASF16
 106 00a0 04        		.byte	0x4
 107 00a1 4B        		.byte	0x4b
 108 00a2 0D        		.byte	0xd
 109 00a3 9400 0000 		.long	0x94
 110 00a7 01        		.byte	0x1
 111 00a8 01        		.byte	0x1
 112 00a9 08        		.uleb128 0x8
 113 00aa 08        		.byte	0x8
 114 00ab 03        		.byte	0x3
 115 00ac AD        		.byte	0xad
 116 00ad 05        		.byte	0x5
 117 00ae E000 0000 		.long	0xe0
 118 00b2 09        		.uleb128 0x9
 119 00b3 0000 0000 		.long	.LASF12
 120 00b7 03        		.byte	0x3
 121 00b8 B1        		.byte	0xb1
 122 00b9 11        		.byte	0x11
 123 00ba 2400 0000 		.long	0x24
 124 00be 02        		.byte	0x2
 125 00bf 23        		.byte	0x23
 126 00c0 00        		.uleb128 0
 127 00c1 09        		.uleb128 0x9
 128 00c2 0000 0000 		.long	.LASF13
 129 00c6 03        		.byte	0x3
 130 00c7 B2        		.byte	0xb2
 131 00c8 11        		.byte	0x11
 132 00c9 2400 0000 		.long	0x24
 133 00cd 02        		.byte	0x2
 134 00ce 23        		.byte	0x23
 135 00cf 01        		.uleb128 0x1
 136 00d0 09        		.uleb128 0x9
 137 00d1 0000 0000 		.long	.LASF14
 138 00d5 03        		.byte	0x3
 139 00d6 B3        		.byte	0xb3
 140 00d7 11        		.byte	0x11
 141 00d8 E000 0000 		.long	0xe0
 142 00dc 02        		.byte	0x2
 143 00dd 23        		.byte	0x23
 144 00de 02        		.uleb128 0x2
 145 00df 00        		.byte	0
 146 00e0 0A        		.uleb128 0xa
 147 00e1 2400 0000 		.long	0x24
 148 00e5 F000 0000 		.long	0xf0
 149 00e9 0B        		.uleb128 0xb
 150 00ea 5400 0000 		.long	0x54
 151 00ee 05        		.byte	0x5
 152 00ef 00        		.byte	0
 153 00f0 0C        		.uleb128 0xc
 154 00f1 08        		.byte	0x8
 155 00f2 03        		.byte	0x3
 156 00f3 AB        		.byte	0xab
 157 00f4 09        		.byte	0x9
 158 00f5 0B01 0000 		.long	0x10b
 159 00f9 0D        		.uleb128 0xd
 160 00fa 7261 7700 		.string	"raw"
 161 00fe 03        		.byte	0x3
 162 00ff AC        		.byte	0xac
 163 0100 0D        		.byte	0xd
 164 0101 0B01 0000 		.long	0x10b
 165 0105 0E        		.uleb128 0xe
 166 0106 A900 0000 		.long	0xa9
 167 010a 00        		.byte	0
 168 010b 0A        		.uleb128 0xa
 169 010c 2400 0000 		.long	0x24
 170 0110 1B01 0000 		.long	0x11b
 171 0114 0B        		.uleb128 0xb
 172 0115 5400 0000 		.long	0x54
 173 0119 07        		.byte	0x7
 174 011a 00        		.byte	0
 175 011b 03        		.uleb128 0x3
 176 011c 0000 0000 		.long	.LASF15
 177 0120 03        		.byte	0x3
 178 0121 BE        		.byte	0xbe
 179 0122 1B        		.byte	0x1b
 180 0123 F000 0000 		.long	0xf0
 181 0127 0F        		.uleb128 0xf
 182 0128 02        		.byte	0x2
 183 0129 1B01 0000 		.long	0x11b
 184 012d 07        		.uleb128 0x7
 185 012e 0000 0000 		.long	.LASF17
 186 0132 05        		.byte	0x5
 187 0133 24        		.byte	0x24
 188 0134 10        		.byte	0x10
 189 0135 2400 0000 		.long	0x24
 190 0139 01        		.byte	0x1
 191 013a 01        		.byte	0x1
 192 013b 07        		.uleb128 0x7
 193 013c 0000 0000 		.long	.LASF18
 194 0140 05        		.byte	0x5
 195 0141 25        		.byte	0x25
 196 0142 10        		.byte	0x10
 197 0143 2400 0000 		.long	0x24
 198 0147 01        		.byte	0x1
 199 0148 01        		.byte	0x1
 200 0149 10        		.uleb128 0x10
 201 014a 01        		.byte	0x1
 202 014b 5501 0000 		.long	0x155
 203 014f 11        		.uleb128 0x11
 204 0150 2400 0000 		.long	0x24
 205 0154 00        		.byte	0
 206 0155 07        		.uleb128 0x7
 207 0156 0000 0000 		.long	.LASF19
 208 015a 06        		.byte	0x6
 209 015b 0E        		.byte	0xe
 210 015c 0F        		.byte	0xf
 211 015d 6301 0000 		.long	0x163
 212 0161 01        		.byte	0x1
 213 0162 01        		.byte	0x1
 214 0163 0F        		.uleb128 0xf
 215 0164 02        		.byte	0x2
 216 0165 4901 0000 		.long	0x149
 217 0169 08        		.uleb128 0x8
 218 016a 01        		.byte	0x1
 219 016b 07        		.byte	0x7
 220 016c 1F        		.byte	0x1f
 221 016d 05        		.byte	0x5
 222 016e CD01 0000 		.long	0x1cd
 223 0172 12        		.uleb128 0x12
 224 0173 0000 0000 		.long	.LASF20
 225 0177 07        		.byte	0x7
 226 0178 20        		.byte	0x20
 227 0179 11        		.byte	0x11
 228 017a 9400 0000 		.long	0x94
 229 017e 01        		.byte	0x1
 230 017f 01        		.byte	0x1
 231 0180 07        		.byte	0x7
 232 0181 02        		.byte	0x2
 233 0182 23        		.byte	0x23
 234 0183 00        		.uleb128 0
 235 0184 12        		.uleb128 0x12
 236 0185 0000 0000 		.long	.LASF21
 237 0189 07        		.byte	0x7
 238 018a 21        		.byte	0x21
 239 018b 11        		.byte	0x11
 240 018c 9400 0000 		.long	0x94
 241 0190 01        		.byte	0x1
 242 0191 01        		.byte	0x1
 243 0192 06        		.byte	0x6
 244 0193 02        		.byte	0x2
 245 0194 23        		.byte	0x23
 246 0195 00        		.uleb128 0
 247 0196 12        		.uleb128 0x12
 248 0197 0000 0000 		.long	.LASF22
 249 019b 07        		.byte	0x7
 250 019c 22        		.byte	0x22
 251 019d 11        		.byte	0x11
 252 019e 9400 0000 		.long	0x94
 253 01a2 01        		.byte	0x1
 254 01a3 01        		.byte	0x1
 255 01a4 05        		.byte	0x5
 256 01a5 02        		.byte	0x2
 257 01a6 23        		.byte	0x23
 258 01a7 00        		.uleb128 0
 259 01a8 12        		.uleb128 0x12
 260 01a9 0000 0000 		.long	.LASF23
 261 01ad 07        		.byte	0x7
 262 01ae 23        		.byte	0x23
 263 01af 11        		.byte	0x11
 264 01b0 9400 0000 		.long	0x94
 265 01b4 01        		.byte	0x1
 266 01b5 01        		.byte	0x1
 267 01b6 04        		.byte	0x4
 268 01b7 02        		.byte	0x2
 269 01b8 23        		.byte	0x23
 270 01b9 00        		.uleb128 0
 271 01ba 12        		.uleb128 0x12
 272 01bb 0000 0000 		.long	.LASF13
 273 01bf 07        		.byte	0x7
 274 01c0 24        		.byte	0x24
 275 01c1 11        		.byte	0x11
 276 01c2 2400 0000 		.long	0x24
 277 01c6 01        		.byte	0x1
 278 01c7 04        		.byte	0x4
 279 01c8 00        		.byte	0
 280 01c9 02        		.byte	0x2
 281 01ca 23        		.byte	0x23
 282 01cb 00        		.uleb128 0
 283 01cc 00        		.byte	0
 284 01cd 0C        		.uleb128 0xc
 285 01ce 01        		.byte	0x1
 286 01cf 07        		.byte	0x7
 287 01d0 1E        		.byte	0x1e
 288 01d1 09        		.byte	0x9
 289 01d2 E801 0000 		.long	0x1e8
 290 01d6 0E        		.uleb128 0xe
 291 01d7 6901 0000 		.long	0x169
 292 01db 0D        		.uleb128 0xd
 293 01dc 7261 7700 		.string	"raw"
 294 01e0 07        		.byte	0x7
 295 01e1 26        		.byte	0x26
 296 01e2 0D        		.byte	0xd
 297 01e3 2400 0000 		.long	0x24
 298 01e7 00        		.byte	0
 299 01e8 03        		.uleb128 0x3
 300 01e9 0000 0000 		.long	.LASF24
 301 01ed 07        		.byte	0x7
 302 01ee 27        		.byte	0x27
 303 01ef 03        		.byte	0x3
 304 01f0 CD01 0000 		.long	0x1cd
 305 01f4 07        		.uleb128 0x7
 306 01f5 0000 0000 		.long	.LASF25
 307 01f9 07        		.byte	0x7
 308 01fa 29        		.byte	0x29
 309 01fb 17        		.byte	0x17
 310 01fc E801 0000 		.long	0x1e8
 311 0200 01        		.byte	0x1
 312 0201 01        		.byte	0x1
 313 0202 08        		.uleb128 0x8
 314 0203 02        		.byte	0x2
 315 0204 08        		.byte	0x8
 316 0205 1D        		.byte	0x1d
 317 0206 05        		.byte	0x5
 318 0207 D202 0000 		.long	0x2d2
 319 020b 12        		.uleb128 0x12
 320 020c 0000 0000 		.long	.LASF26
 321 0210 08        		.byte	0x8
 322 0211 1E        		.byte	0x1e
 323 0212 0E        		.byte	0xe
 324 0213 9400 0000 		.long	0x94
 325 0217 01        		.byte	0x1
 326 0218 01        		.byte	0x1
 327 0219 07        		.byte	0x7
 328 021a 02        		.byte	0x2
 329 021b 23        		.byte	0x23
 330 021c 00        		.uleb128 0
 331 021d 12        		.uleb128 0x12
 332 021e 0000 0000 		.long	.LASF27
 333 0222 08        		.byte	0x8
 334 0223 1F        		.byte	0x1f
 335 0224 0E        		.byte	0xe
 336 0225 9400 0000 		.long	0x94
 337 0229 01        		.byte	0x1
 338 022a 01        		.byte	0x1
 339 022b 06        		.byte	0x6
 340 022c 02        		.byte	0x2
 341 022d 23        		.byte	0x23
 342 022e 00        		.uleb128 0
 343 022f 12        		.uleb128 0x12
 344 0230 0000 0000 		.long	.LASF28
 345 0234 08        		.byte	0x8
 346 0235 20        		.byte	0x20
 347 0236 0E        		.byte	0xe
 348 0237 9400 0000 		.long	0x94
 349 023b 01        		.byte	0x1
 350 023c 01        		.byte	0x1
 351 023d 05        		.byte	0x5
 352 023e 02        		.byte	0x2
 353 023f 23        		.byte	0x23
 354 0240 00        		.uleb128 0
 355 0241 12        		.uleb128 0x12
 356 0242 0000 0000 		.long	.LASF29
 357 0246 08        		.byte	0x8
 358 0247 21        		.byte	0x21
 359 0248 0E        		.byte	0xe
 360 0249 9400 0000 		.long	0x94
 361 024d 01        		.byte	0x1
 362 024e 01        		.byte	0x1
 363 024f 04        		.byte	0x4
 364 0250 02        		.byte	0x2
 365 0251 23        		.byte	0x23
 366 0252 00        		.uleb128 0
 367 0253 12        		.uleb128 0x12
 368 0254 0000 0000 		.long	.LASF30
 369 0258 08        		.byte	0x8
 370 0259 22        		.byte	0x22
 371 025a 0E        		.byte	0xe
 372 025b 9400 0000 		.long	0x94
 373 025f 01        		.byte	0x1
 374 0260 01        		.byte	0x1
 375 0261 03        		.byte	0x3
 376 0262 02        		.byte	0x2
 377 0263 23        		.byte	0x23
 378 0264 00        		.uleb128 0
 379 0265 12        		.uleb128 0x12
 380 0266 0000 0000 		.long	.LASF31
 381 026a 08        		.byte	0x8
 382 026b 23        		.byte	0x23
 383 026c 0E        		.byte	0xe
 384 026d 9400 0000 		.long	0x94
 385 0271 01        		.byte	0x1
 386 0272 01        		.byte	0x1
 387 0273 02        		.byte	0x2
 388 0274 02        		.byte	0x2
 389 0275 23        		.byte	0x23
 390 0276 00        		.uleb128 0
 391 0277 12        		.uleb128 0x12
 392 0278 0000 0000 		.long	.LASF32
 393 027c 08        		.byte	0x8
 394 027d 24        		.byte	0x24
 395 027e 0E        		.byte	0xe
 396 027f 9400 0000 		.long	0x94
 397 0283 01        		.byte	0x1
 398 0284 01        		.byte	0x1
 399 0285 01        		.byte	0x1
 400 0286 02        		.byte	0x2
 401 0287 23        		.byte	0x23
 402 0288 00        		.uleb128 0
 403 0289 12        		.uleb128 0x12
 404 028a 0000 0000 		.long	.LASF33
 405 028e 08        		.byte	0x8
 406 028f 25        		.byte	0x25
 407 0290 0E        		.byte	0xe
 408 0291 9400 0000 		.long	0x94
 409 0295 01        		.byte	0x1
 410 0296 01        		.byte	0x1
 411 0297 00        		.byte	0
 412 0298 02        		.byte	0x2
 413 0299 23        		.byte	0x23
 414 029a 00        		.uleb128 0
 415 029b 12        		.uleb128 0x12
 416 029c 0000 0000 		.long	.LASF34
 417 02a0 08        		.byte	0x8
 418 02a1 26        		.byte	0x26
 419 02a2 0E        		.byte	0xe
 420 02a3 9400 0000 		.long	0x94
 421 02a7 01        		.byte	0x1
 422 02a8 01        		.byte	0x1
 423 02a9 07        		.byte	0x7
 424 02aa 02        		.byte	0x2
 425 02ab 23        		.byte	0x23
 426 02ac 01        		.uleb128 0x1
 427 02ad 12        		.uleb128 0x12
 428 02ae 0000 0000 		.long	.LASF35
 429 02b2 08        		.byte	0x8
 430 02b3 27        		.byte	0x27
 431 02b4 0E        		.byte	0xe
 432 02b5 9400 0000 		.long	0x94
 433 02b9 01        		.byte	0x1
 434 02ba 01        		.byte	0x1
 435 02bb 06        		.byte	0x6
 436 02bc 02        		.byte	0x2
 437 02bd 23        		.byte	0x23
 438 02be 01        		.uleb128 0x1
 439 02bf 12        		.uleb128 0x12
 440 02c0 0000 0000 		.long	.LASF36
 441 02c4 08        		.byte	0x8
 442 02c5 28        		.byte	0x28
 443 02c6 0E        		.byte	0xe
 444 02c7 9400 0000 		.long	0x94
 445 02cb 01        		.byte	0x1
 446 02cc 01        		.byte	0x1
 447 02cd 05        		.byte	0x5
 448 02ce 02        		.byte	0x2
 449 02cf 23        		.byte	0x23
 450 02d0 01        		.uleb128 0x1
 451 02d1 00        		.byte	0
 452 02d2 0C        		.uleb128 0xc
 453 02d3 02        		.byte	0x2
 454 02d4 08        		.byte	0x8
 455 02d5 1B        		.byte	0x1b
 456 02d6 09        		.byte	0x9
 457 02d7 ED02 0000 		.long	0x2ed
 458 02db 0D        		.uleb128 0xd
 459 02dc 7261 7700 		.string	"raw"
 460 02e0 08        		.byte	0x8
 461 02e1 1C        		.byte	0x1c
 462 02e2 0E        		.byte	0xe
 463 02e3 4300 0000 		.long	0x43
 464 02e7 0E        		.uleb128 0xe
 465 02e8 0202 0000 		.long	0x202
 466 02ec 00        		.byte	0
 467 02ed 03        		.uleb128 0x3
 468 02ee 0000 0000 		.long	.LASF37
 469 02f2 08        		.byte	0x8
 470 02f3 2A        		.byte	0x2a
 471 02f4 03        		.byte	0x3
 472 02f5 D202 0000 		.long	0x2d2
 473 02f9 07        		.uleb128 0x7
 474 02fa 0000 0000 		.long	.LASF38
 475 02fe 08        		.byte	0x8
 476 02ff 2C        		.byte	0x2c
 477 0300 18        		.byte	0x18
 478 0301 ED02 0000 		.long	0x2ed
 479 0305 01        		.byte	0x1
 480 0306 01        		.byte	0x1
 481 0307 07        		.uleb128 0x7
 482 0308 0000 0000 		.long	.LASF39
 483 030c 09        		.byte	0x9
 484 030d 20        		.byte	0x20
 485 030e 1A        		.byte	0x1a
 486 030f 6E00 0000 		.long	0x6e
 487 0313 01        		.byte	0x1
 488 0314 01        		.byte	0x1
 489 0315 13        		.uleb128 0x13
 490 0316 07        		.byte	0x7
 491 0317 01        		.byte	0x1
 492 0318 3500 0000 		.long	0x35
 493 031c 0A        		.byte	0xa
 494 031d 2D        		.byte	0x2d
 495 031e 0E        		.byte	0xe
 496 031f 6003 0000 		.long	0x360
 497 0323 14        		.uleb128 0x14
 498 0324 0000 0000 		.long	.LASF40
 499 0328 00        		.byte	0
 500 0329 14        		.uleb128 0x14
 501 032a 0000 0000 		.long	.LASF41
 502 032e 01        		.byte	0x1
 503 032f 14        		.uleb128 0x14
 504 0330 0000 0000 		.long	.LASF42
 505 0334 02        		.byte	0x2
 506 0335 14        		.uleb128 0x14
 507 0336 0000 0000 		.long	.LASF43
 508 033a 03        		.byte	0x3
 509 033b 14        		.uleb128 0x14
 510 033c 0000 0000 		.long	.LASF44
 511 0340 04        		.byte	0x4
 512 0341 14        		.uleb128 0x14
 513 0342 0000 0000 		.long	.LASF45
 514 0346 05        		.byte	0x5
 515 0347 14        		.uleb128 0x14
 516 0348 0000 0000 		.long	.LASF46
 517 034c 06        		.byte	0x6
 518 034d 14        		.uleb128 0x14
 519 034e 0000 0000 		.long	.LASF47
 520 0352 07        		.byte	0x7
 521 0353 14        		.uleb128 0x14
 522 0354 0000 0000 		.long	.LASF48
 523 0358 08        		.byte	0x8
 524 0359 14        		.uleb128 0x14
 525 035a 0000 0000 		.long	.LASF49
 526 035e 09        		.byte	0x9
 527 035f 00        		.byte	0
 528 0360 03        		.uleb128 0x3
 529 0361 0000 0000 		.long	.LASF50
 530 0365 0A        		.byte	0xa
 531 0366 2D        		.byte	0x2d
 532 0367 89        		.byte	0x89
 533 0368 1503 0000 		.long	0x315
 534 036c 08        		.uleb128 0x8
 535 036d 23        		.byte	0x23
 536 036e 0A        		.byte	0xa
 537 036f 2F        		.byte	0x2f
 538 0370 09        		.byte	0x9
 539 0371 C103 0000 		.long	0x3c1
 540 0375 09        		.uleb128 0x9
 541 0376 0000 0000 		.long	.LASF51
 542 037a 0A        		.byte	0xa
 543 037b 30        		.byte	0x30
 544 037c 1C        		.byte	0x1c
 545 037d 9400 0000 		.long	0x94
 546 0381 02        		.byte	0x2
 547 0382 23        		.byte	0x23
 548 0383 00        		.uleb128 0
 549 0384 09        		.uleb128 0x9
 550 0385 0000 0000 		.long	.LASF52
 551 0389 0A        		.byte	0xa
 552 038a 31        		.byte	0x31
 553 038b 1C        		.byte	0x1c
 554 038c C103 0000 		.long	0x3c1
 555 0390 02        		.byte	0x2
 556 0391 23        		.byte	0x23
 557 0392 01        		.uleb128 0x1
 558 0393 09        		.uleb128 0x9
 559 0394 0000 0000 		.long	.LASF53
 560 0398 0A        		.byte	0xa
 561 0399 32        		.byte	0x32
 562 039a 1C        		.byte	0x1c
 563 039b D103 0000 		.long	0x3d1
 564 039f 02        		.byte	0x2
 565 03a0 23        		.byte	0x23
 566 03a1 11        		.uleb128 0x11
 567 03a2 09        		.uleb128 0x9
 568 03a3 0000 0000 		.long	.LASF54
 569 03a7 0A        		.byte	0xa
 570 03a8 33        		.byte	0x33
 571 03a9 1C        		.byte	0x1c
 572 03aa 2400 0000 		.long	0x24
 573 03ae 02        		.byte	0x2
 574 03af 23        		.byte	0x23
 575 03b0 21        		.uleb128 0x21
 576 03b1 09        		.uleb128 0x9
 577 03b2 0000 0000 		.long	.LASF55
 578 03b6 0A        		.byte	0xa
 579 03b7 34        		.byte	0x34
 580 03b8 1C        		.byte	0x1c
 581 03b9 6003 0000 		.long	0x360
 582 03bd 02        		.byte	0x2
 583 03be 23        		.byte	0x23
 584 03bf 22        		.uleb128 0x22
 585 03c0 00        		.byte	0
 586 03c1 0A        		.uleb128 0xa
 587 03c2 2400 0000 		.long	0x24
 588 03c6 D103 0000 		.long	0x3d1
 589 03ca 0B        		.uleb128 0xb
 590 03cb 5400 0000 		.long	0x54
 591 03cf 0F        		.byte	0xf
 592 03d0 00        		.byte	0
 593 03d1 0A        		.uleb128 0xa
 594 03d2 4300 0000 		.long	0x43
 595 03d6 E103 0000 		.long	0x3e1
 596 03da 0B        		.uleb128 0xb
 597 03db 5400 0000 		.long	0x54
 598 03df 07        		.byte	0x7
 599 03e0 00        		.byte	0
 600 03e1 03        		.uleb128 0x3
 601 03e2 0000 0000 		.long	.LASF56
 602 03e6 0A        		.byte	0xa
 603 03e7 35        		.byte	0x35
 604 03e8 03        		.byte	0x3
 605 03e9 6C03 0000 		.long	0x36c
 606 03ed 15        		.uleb128 0x15
 607 03ee 0000 0000 		.long	.LASF60
 608 03f2 07        		.byte	0x7
 609 03f3 01        		.byte	0x1
 610 03f4 3500 0000 		.long	0x35
 611 03f8 0A        		.byte	0xa
 612 03f9 3B        		.byte	0x3b
 613 03fa 0E        		.byte	0xe
 614 03fb 1204 0000 		.long	0x412
 615 03ff 14        		.uleb128 0x14
 616 0400 0000 0000 		.long	.LASF57
 617 0404 00        		.byte	0
 618 0405 14        		.uleb128 0x14
 619 0406 0000 0000 		.long	.LASF58
 620 040a 01        		.byte	0x1
 621 040b 14        		.uleb128 0x14
 622 040c 0000 0000 		.long	.LASF59
 623 0410 02        		.byte	0x2
 624 0411 00        		.byte	0
 625 0412 03        		.uleb128 0x3
 626 0413 0000 0000 		.long	.LASF60
 627 0417 0A        		.byte	0xa
 628 0418 3F        		.byte	0x3f
 629 0419 03        		.byte	0x3
 630 041a ED03 0000 		.long	0x3ed
 631 041e 08        		.uleb128 0x8
 632 041f 06        		.byte	0x6
 633 0420 0A        		.byte	0xa
 634 0421 41        		.byte	0x41
 635 0422 09        		.byte	0x9
 636 0423 7304 0000 		.long	0x473
 637 0427 09        		.uleb128 0x9
 638 0428 0000 0000 		.long	.LASF61
 639 042c 0A        		.byte	0xa
 640 042d 42        		.byte	0x42
 641 042e 17        		.byte	0x17
 642 042f 2400 0000 		.long	0x24
 643 0433 02        		.byte	0x2
 644 0434 23        		.byte	0x23
 645 0435 00        		.uleb128 0
 646 0436 09        		.uleb128 0x9
 647 0437 0000 0000 		.long	.LASF62
 648 043b 0A        		.byte	0xa
 649 043c 43        		.byte	0x43
 650 043d 17        		.byte	0x17
 651 043e 2400 0000 		.long	0x24
 652 0442 02        		.byte	0x2
 653 0443 23        		.byte	0x23
 654 0444 01        		.uleb128 0x1
 655 0445 09        		.uleb128 0x9
 656 0446 0000 0000 		.long	.LASF63
 657 044a 0A        		.byte	0xa
 658 044b 44        		.byte	0x44
 659 044c 17        		.byte	0x17
 660 044d 2400 0000 		.long	0x24
 661 0451 02        		.byte	0x2
 662 0452 23        		.byte	0x23
 663 0453 02        		.uleb128 0x2
 664 0454 09        		.uleb128 0x9
 665 0455 0000 0000 		.long	.LASF64
 666 0459 0A        		.byte	0xa
 667 045a 45        		.byte	0x45
 668 045b 17        		.byte	0x17
 669 045c 4300 0000 		.long	0x43
 670 0460 02        		.byte	0x2
 671 0461 23        		.byte	0x23
 672 0462 03        		.uleb128 0x3
 673 0463 09        		.uleb128 0x9
 674 0464 0000 0000 		.long	.LASF65
 675 0468 0A        		.byte	0xa
 676 0469 46        		.byte	0x46
 677 046a 17        		.byte	0x17
 678 046b 1204 0000 		.long	0x412
 679 046f 02        		.byte	0x2
 680 0470 23        		.byte	0x23
 681 0471 05        		.uleb128 0x5
 682 0472 00        		.byte	0
 683 0473 03        		.uleb128 0x3
 684 0474 0000 0000 		.long	.LASF66
 685 0478 0A        		.byte	0xa
 686 0479 47        		.byte	0x47
 687 047a 03        		.byte	0x3
 688 047b 1E04 0000 		.long	0x41e
 689 047f 07        		.uleb128 0x7
 690 0480 0000 0000 		.long	.LASF67
 691 0484 0A        		.byte	0xa
 692 0485 49        		.byte	0x49
 693 0486 1B        		.byte	0x1b
 694 0487 E103 0000 		.long	0x3e1
 695 048b 01        		.byte	0x1
 696 048c 01        		.byte	0x1
 697 048d 07        		.uleb128 0x7
 698 048e 0000 0000 		.long	.LASF68
 699 0492 0A        		.byte	0xa
 700 0493 4C        		.byte	0x4c
 701 0494 1A        		.byte	0x1a
 702 0495 7304 0000 		.long	0x473
 703 0499 01        		.byte	0x1
 704 049a 01        		.byte	0x1
 705 049b 0A        		.uleb128 0xa
 706 049c 4F00 0000 		.long	0x4f
 707 04a0 B204 0000 		.long	0x4b2
 708 04a4 16        		.uleb128 0x16
 709 04a5 0B        		.uleb128 0xb
 710 04a6 5400 0000 		.long	0x54
 711 04aa 04        		.byte	0x4
 712 04ab 0B        		.uleb128 0xb
 713 04ac 5400 0000 		.long	0x54
 714 04b0 0C        		.byte	0xc
 715 04b1 00        		.byte	0
 716 04b2 04        		.uleb128 0x4
 717 04b3 9B04 0000 		.long	0x49b
 718 04b7 07        		.uleb128 0x7
 719 04b8 0000 0000 		.long	.LASF69
 720 04bc 0B        		.byte	0xb
 721 04bd 37        		.byte	0x37
 722 04be 17        		.byte	0x17
 723 04bf B204 0000 		.long	0x4b2
 724 04c3 01        		.byte	0x1
 725 04c4 01        		.byte	0x1
 726 04c5 0A        		.uleb128 0xa
 727 04c6 4F00 0000 		.long	0x4f
 728 04ca D004 0000 		.long	0x4d0
 729 04ce 16        		.uleb128 0x16
 730 04cf 00        		.byte	0
 731 04d0 04        		.uleb128 0x4
 732 04d1 C504 0000 		.long	0x4c5
 733 04d5 07        		.uleb128 0x7
 734 04d6 0000 0000 		.long	.LASF70
 735 04da 0B        		.byte	0xb
 736 04db 38        		.byte	0x38
 737 04dc 17        		.byte	0x17
 738 04dd D004 0000 		.long	0x4d0
 739 04e1 01        		.byte	0x1
 740 04e2 01        		.byte	0x1
 741 04e3 03        		.uleb128 0x3
 742 04e4 0000 0000 		.long	.LASF71
 743 04e8 0C        		.byte	0xc
 744 04e9 27        		.byte	0x27
 745 04ea 12        		.byte	0x12
 746 04eb 6200 0000 		.long	0x62
 747 04ef 07        		.uleb128 0x7
 748 04f0 0000 0000 		.long	.LASF72
 749 04f4 0C        		.byte	0xc
 750 04f5 32        		.byte	0x32
 751 04f6 16        		.byte	0x16
 752 04f7 E304 0000 		.long	0x4e3
 753 04fb 01        		.byte	0x1
 754 04fc 01        		.byte	0x1
 755 04fd 07        		.uleb128 0x7
 756 04fe 0000 0000 		.long	.LASF73
 757 0502 0C        		.byte	0xc
 758 0503 48        		.byte	0x48
 759 0504 16        		.byte	0x16
 760 0505 E304 0000 		.long	0x4e3
 761 0509 01        		.byte	0x1
 762 050a 01        		.byte	0x1
 763 050b 07        		.uleb128 0x7
 764 050c 0000 0000 		.long	.LASF74
 765 0510 0D        		.byte	0xd
 766 0511 1B        		.byte	0x1b
 767 0512 1B        		.byte	0x1b
 768 0513 2701 0000 		.long	0x127
 769 0517 01        		.byte	0x1
 770 0518 01        		.byte	0x1
 771 0519 0A        		.uleb128 0xa
 772 051a 3000 0000 		.long	0x30
 773 051e 2905 0000 		.long	0x529
 774 0522 0B        		.uleb128 0xb
 775 0523 5400 0000 		.long	0x54
 776 0527 0F        		.byte	0xf
 777 0528 00        		.byte	0
 778 0529 04        		.uleb128 0x4
 779 052a 1905 0000 		.long	0x519
 780 052e 07        		.uleb128 0x7
 781 052f 0000 0000 		.long	.LASF75
 782 0533 0E        		.byte	0xe
 783 0534 1A        		.byte	0x1a
 784 0535 16        		.byte	0x16
 785 0536 2905 0000 		.long	0x529
 786 053a 01        		.byte	0x1
 787 053b 01        		.byte	0x1
 788 053c 07        		.uleb128 0x7
 789 053d 0000 0000 		.long	.LASF76
 790 0541 0E        		.byte	0xe
 791 0542 1B        		.byte	0x1b
 792 0543 16        		.byte	0x16
 793 0544 2905 0000 		.long	0x529
 794 0548 01        		.byte	0x1
 795 0549 01        		.byte	0x1
 796 054a 07        		.uleb128 0x7
 797 054b 0000 0000 		.long	.LASF77
 798 054f 0E        		.byte	0xe
 799 0550 1C        		.byte	0x1c
 800 0551 16        		.byte	0x16
 801 0552 2905 0000 		.long	0x529
 802 0556 01        		.byte	0x1
 803 0557 01        		.byte	0x1
 804 0558 0A        		.uleb128 0xa
 805 0559 3000 0000 		.long	0x30
 806 055d 6805 0000 		.long	0x568
 807 0561 0B        		.uleb128 0xb
 808 0562 5400 0000 		.long	0x54
 809 0566 7F        		.byte	0x7f
 810 0567 00        		.byte	0
 811 0568 04        		.uleb128 0x4
 812 0569 5805 0000 		.long	0x558
 813 056d 07        		.uleb128 0x7
 814 056e 0000 0000 		.long	.LASF78
 815 0572 0E        		.byte	0xe
 816 0573 1D        		.byte	0x1d
 817 0574 16        		.byte	0x16
 818 0575 6805 0000 		.long	0x568
 819 0579 01        		.byte	0x1
 820 057a 01        		.byte	0x1
 821 057b 17        		.uleb128 0x17
 822 057c 0000 0000 		.long	.LASF79
 823 0580 0F        		.byte	0xf
 824 0581 3801      		.word	0x138
 825 0583 0F        		.byte	0xf
 826 0584 8800 0000 		.long	0x88
 827 0588 01        		.byte	0x1
 828 0589 01        		.byte	0x1
 829 058a 17        		.uleb128 0x17
 830 058b 0000 0000 		.long	.LASF80
 831 058f 0F        		.byte	0xf
 832 0590 3D01      		.word	0x13d
 833 0592 0E        		.byte	0xe
 834 0593 9905 0000 		.long	0x599
 835 0597 01        		.byte	0x1
 836 0598 01        		.byte	0x1
 837 0599 0F        		.uleb128 0xf
 838 059a 02        		.byte	0x2
 839 059b 9F05 0000 		.long	0x59f
 840 059f 02        		.uleb128 0x2
 841 05a0 01        		.byte	0x1
 842 05a1 08        		.byte	0x8
 843 05a2 0000 0000 		.long	.LASF81
 844 05a6 17        		.uleb128 0x17
 845 05a7 0000 0000 		.long	.LASF82
 846 05ab 0F        		.byte	0xf
 847 05ac 4201      		.word	0x142
 848 05ae 0E        		.byte	0xe
 849 05af 9905 0000 		.long	0x599
 850 05b3 01        		.byte	0x1
 851 05b4 01        		.byte	0x1
 852 05b5 08        		.uleb128 0x8
 853 05b6 01        		.byte	0x1
 854 05b7 10        		.byte	0x10
 855 05b8 48        		.byte	0x48
 856 05b9 05        		.byte	0x5
 857 05ba D105 0000 		.long	0x5d1
 858 05be 12        		.uleb128 0x12
 859 05bf 0000 0000 		.long	.LASF83
 860 05c3 10        		.byte	0x10
 861 05c4 49        		.byte	0x49
 862 05c5 11        		.byte	0x11
 863 05c6 2400 0000 		.long	0x24
 864 05ca 01        		.byte	0x1
 865 05cb 08        		.byte	0x8
 866 05cc 00        		.byte	0
 867 05cd 02        		.byte	0x2
 868 05ce 23        		.byte	0x23
 869 05cf 00        		.uleb128 0
 870 05d0 00        		.byte	0
 871 05d1 0C        		.uleb128 0xc
 872 05d2 04        		.byte	0x4
 873 05d3 10        		.byte	0x10
 874 05d4 46        		.byte	0x46
 875 05d5 09        		.byte	0x9
 876 05d6 EC05 0000 		.long	0x5ec
 877 05da 0D        		.uleb128 0xd
 878 05db 7261 7700 		.string	"raw"
 879 05df 10        		.byte	0x10
 880 05e0 47        		.byte	0x47
 881 05e1 0E        		.byte	0xe
 882 05e2 6200 0000 		.long	0x62
 883 05e6 0E        		.uleb128 0xe
 884 05e7 B505 0000 		.long	0x5b5
 885 05eb 00        		.byte	0
 886 05ec 03        		.uleb128 0x3
 887 05ed 0000 0000 		.long	.LASF84
 888 05f1 10        		.byte	0x10
 889 05f2 4B        		.byte	0x4b
 890 05f3 03        		.byte	0x3
 891 05f4 D105 0000 		.long	0x5d1
 892 05f8 07        		.uleb128 0x7
 893 05f9 0000 0000 		.long	.LASF85
 894 05fd 10        		.byte	0x10
 895 05fe 4D        		.byte	0x4d
 896 05ff 19        		.byte	0x19
 897 0600 EC05 0000 		.long	0x5ec
 898 0604 01        		.byte	0x1
 899 0605 01        		.byte	0x1
 900 0606 00        		.byte	0
 901               		.section	.gnu.debuglto_.debug_abbrev,"",@progbits
 902               	.Ldebug_abbrev0:
 903 0000 01        		.uleb128 0x1
 904 0001 11        		.uleb128 0x11
 905 0002 01        		.byte	0x1
 906 0003 25        		.uleb128 0x25
 907 0004 0E        		.uleb128 0xe
 908 0005 13        		.uleb128 0x13
 909 0006 0B        		.uleb128 0xb
 910 0007 03        		.uleb128 0x3
 911 0008 0E        		.uleb128 0xe
 912 0009 1B        		.uleb128 0x1b
 913 000a 0E        		.uleb128 0xe
 914 000b 10        		.uleb128 0x10
 915 000c 06        		.uleb128 0x6
 916 000d 00        		.byte	0
 917 000e 00        		.byte	0
 918 000f 02        		.uleb128 0x2
 919 0010 24        		.uleb128 0x24
 920 0011 00        		.byte	0
 921 0012 0B        		.uleb128 0xb
 922 0013 0B        		.uleb128 0xb
 923 0014 3E        		.uleb128 0x3e
 924 0015 0B        		.uleb128 0xb
 925 0016 03        		.uleb128 0x3
 926 0017 0E        		.uleb128 0xe
 927 0018 00        		.byte	0
 928 0019 00        		.byte	0
 929 001a 03        		.uleb128 0x3
 930 001b 16        		.uleb128 0x16
 931 001c 00        		.byte	0
 932 001d 03        		.uleb128 0x3
 933 001e 0E        		.uleb128 0xe
 934 001f 3A        		.uleb128 0x3a
 935 0020 0B        		.uleb128 0xb
 936 0021 3B        		.uleb128 0x3b
 937 0022 0B        		.uleb128 0xb
 938 0023 39        		.uleb128 0x39
 939 0024 0B        		.uleb128 0xb
 940 0025 49        		.uleb128 0x49
 941 0026 13        		.uleb128 0x13
 942 0027 00        		.byte	0
 943 0028 00        		.byte	0
 944 0029 04        		.uleb128 0x4
 945 002a 26        		.uleb128 0x26
 946 002b 00        		.byte	0
 947 002c 49        		.uleb128 0x49
 948 002d 13        		.uleb128 0x13
 949 002e 00        		.byte	0
 950 002f 00        		.byte	0
 951 0030 05        		.uleb128 0x5
 952 0031 24        		.uleb128 0x24
 953 0032 00        		.byte	0
 954 0033 0B        		.uleb128 0xb
 955 0034 0B        		.uleb128 0xb
 956 0035 3E        		.uleb128 0x3e
 957 0036 0B        		.uleb128 0xb
 958 0037 03        		.uleb128 0x3
 959 0038 08        		.uleb128 0x8
 960 0039 00        		.byte	0
 961 003a 00        		.byte	0
 962 003b 06        		.uleb128 0x6
 963 003c 35        		.uleb128 0x35
 964 003d 00        		.byte	0
 965 003e 49        		.uleb128 0x49
 966 003f 13        		.uleb128 0x13
 967 0040 00        		.byte	0
 968 0041 00        		.byte	0
 969 0042 07        		.uleb128 0x7
 970 0043 34        		.uleb128 0x34
 971 0044 00        		.byte	0
 972 0045 03        		.uleb128 0x3
 973 0046 0E        		.uleb128 0xe
 974 0047 3A        		.uleb128 0x3a
 975 0048 0B        		.uleb128 0xb
 976 0049 3B        		.uleb128 0x3b
 977 004a 0B        		.uleb128 0xb
 978 004b 39        		.uleb128 0x39
 979 004c 0B        		.uleb128 0xb
 980 004d 49        		.uleb128 0x49
 981 004e 13        		.uleb128 0x13
 982 004f 3F        		.uleb128 0x3f
 983 0050 0C        		.uleb128 0xc
 984 0051 3C        		.uleb128 0x3c
 985 0052 0C        		.uleb128 0xc
 986 0053 00        		.byte	0
 987 0054 00        		.byte	0
 988 0055 08        		.uleb128 0x8
 989 0056 13        		.uleb128 0x13
 990 0057 01        		.byte	0x1
 991 0058 0B        		.uleb128 0xb
 992 0059 0B        		.uleb128 0xb
 993 005a 3A        		.uleb128 0x3a
 994 005b 0B        		.uleb128 0xb
 995 005c 3B        		.uleb128 0x3b
 996 005d 0B        		.uleb128 0xb
 997 005e 39        		.uleb128 0x39
 998 005f 0B        		.uleb128 0xb
 999 0060 01        		.uleb128 0x1
 1000 0061 13        		.uleb128 0x13
 1001 0062 00        		.byte	0
 1002 0063 00        		.byte	0
 1003 0064 09        		.uleb128 0x9
 1004 0065 0D        		.uleb128 0xd
 1005 0066 00        		.byte	0
 1006 0067 03        		.uleb128 0x3
 1007 0068 0E        		.uleb128 0xe
 1008 0069 3A        		.uleb128 0x3a
 1009 006a 0B        		.uleb128 0xb
 1010 006b 3B        		.uleb128 0x3b
 1011 006c 0B        		.uleb128 0xb
 1012 006d 39        		.uleb128 0x39
 1013 006e 0B        		.uleb128 0xb
 1014 006f 49        		.uleb128 0x49
 1015 0070 13        		.uleb128 0x13
 1016 0071 38        		.uleb128 0x38
 1017 0072 0A        		.uleb128 0xa
 1018 0073 00        		.byte	0
 1019 0074 00        		.byte	0
 1020 0075 0A        		.uleb128 0xa
 1021 0076 01        		.uleb128 0x1
 1022 0077 01        		.byte	0x1
 1023 0078 49        		.uleb128 0x49
 1024 0079 13        		.uleb128 0x13
 1025 007a 01        		.uleb128 0x1
 1026 007b 13        		.uleb128 0x13
 1027 007c 00        		.byte	0
 1028 007d 00        		.byte	0
 1029 007e 0B        		.uleb128 0xb
 1030 007f 21        		.uleb128 0x21
 1031 0080 00        		.byte	0
 1032 0081 49        		.uleb128 0x49
 1033 0082 13        		.uleb128 0x13
 1034 0083 2F        		.uleb128 0x2f
 1035 0084 0B        		.uleb128 0xb
 1036 0085 00        		.byte	0
 1037 0086 00        		.byte	0
 1038 0087 0C        		.uleb128 0xc
 1039 0088 17        		.uleb128 0x17
 1040 0089 01        		.byte	0x1
 1041 008a 0B        		.uleb128 0xb
 1042 008b 0B        		.uleb128 0xb
 1043 008c 3A        		.uleb128 0x3a
 1044 008d 0B        		.uleb128 0xb
 1045 008e 3B        		.uleb128 0x3b
 1046 008f 0B        		.uleb128 0xb
 1047 0090 39        		.uleb128 0x39
 1048 0091 0B        		.uleb128 0xb
 1049 0092 01        		.uleb128 0x1
 1050 0093 13        		.uleb128 0x13
 1051 0094 00        		.byte	0
 1052 0095 00        		.byte	0
 1053 0096 0D        		.uleb128 0xd
 1054 0097 0D        		.uleb128 0xd
 1055 0098 00        		.byte	0
 1056 0099 03        		.uleb128 0x3
 1057 009a 08        		.uleb128 0x8
 1058 009b 3A        		.uleb128 0x3a
 1059 009c 0B        		.uleb128 0xb
 1060 009d 3B        		.uleb128 0x3b
 1061 009e 0B        		.uleb128 0xb
 1062 009f 39        		.uleb128 0x39
 1063 00a0 0B        		.uleb128 0xb
 1064 00a1 49        		.uleb128 0x49
 1065 00a2 13        		.uleb128 0x13
 1066 00a3 00        		.byte	0
 1067 00a4 00        		.byte	0
 1068 00a5 0E        		.uleb128 0xe
 1069 00a6 0D        		.uleb128 0xd
 1070 00a7 00        		.byte	0
 1071 00a8 49        		.uleb128 0x49
 1072 00a9 13        		.uleb128 0x13
 1073 00aa 00        		.byte	0
 1074 00ab 00        		.byte	0
 1075 00ac 0F        		.uleb128 0xf
 1076 00ad 0F        		.uleb128 0xf
 1077 00ae 00        		.byte	0
 1078 00af 0B        		.uleb128 0xb
 1079 00b0 0B        		.uleb128 0xb
 1080 00b1 49        		.uleb128 0x49
 1081 00b2 13        		.uleb128 0x13
 1082 00b3 00        		.byte	0
 1083 00b4 00        		.byte	0
 1084 00b5 10        		.uleb128 0x10
 1085 00b6 15        		.uleb128 0x15
 1086 00b7 01        		.byte	0x1
 1087 00b8 27        		.uleb128 0x27
 1088 00b9 0C        		.uleb128 0xc
 1089 00ba 01        		.uleb128 0x1
 1090 00bb 13        		.uleb128 0x13
 1091 00bc 00        		.byte	0
 1092 00bd 00        		.byte	0
 1093 00be 11        		.uleb128 0x11
 1094 00bf 05        		.uleb128 0x5
 1095 00c0 00        		.byte	0
 1096 00c1 49        		.uleb128 0x49
 1097 00c2 13        		.uleb128 0x13
 1098 00c3 00        		.byte	0
 1099 00c4 00        		.byte	0
 1100 00c5 12        		.uleb128 0x12
 1101 00c6 0D        		.uleb128 0xd
 1102 00c7 00        		.byte	0
 1103 00c8 03        		.uleb128 0x3
 1104 00c9 0E        		.uleb128 0xe
 1105 00ca 3A        		.uleb128 0x3a
 1106 00cb 0B        		.uleb128 0xb
 1107 00cc 3B        		.uleb128 0x3b
 1108 00cd 0B        		.uleb128 0xb
 1109 00ce 39        		.uleb128 0x39
 1110 00cf 0B        		.uleb128 0xb
 1111 00d0 49        		.uleb128 0x49
 1112 00d1 13        		.uleb128 0x13
 1113 00d2 0B        		.uleb128 0xb
 1114 00d3 0B        		.uleb128 0xb
 1115 00d4 0D        		.uleb128 0xd
 1116 00d5 0B        		.uleb128 0xb
 1117 00d6 0C        		.uleb128 0xc
 1118 00d7 0B        		.uleb128 0xb
 1119 00d8 38        		.uleb128 0x38
 1120 00d9 0A        		.uleb128 0xa
 1121 00da 00        		.byte	0
 1122 00db 00        		.byte	0
 1123 00dc 13        		.uleb128 0x13
 1124 00dd 04        		.uleb128 0x4
 1125 00de 01        		.byte	0x1
 1126 00df 3E        		.uleb128 0x3e
 1127 00e0 0B        		.uleb128 0xb
 1128 00e1 0B        		.uleb128 0xb
 1129 00e2 0B        		.uleb128 0xb
 1130 00e3 49        		.uleb128 0x49
 1131 00e4 13        		.uleb128 0x13
 1132 00e5 3A        		.uleb128 0x3a
 1133 00e6 0B        		.uleb128 0xb
 1134 00e7 3B        		.uleb128 0x3b
 1135 00e8 0B        		.uleb128 0xb
 1136 00e9 39        		.uleb128 0x39
 1137 00ea 0B        		.uleb128 0xb
 1138 00eb 01        		.uleb128 0x1
 1139 00ec 13        		.uleb128 0x13
 1140 00ed 00        		.byte	0
 1141 00ee 00        		.byte	0
 1142 00ef 14        		.uleb128 0x14
 1143 00f0 28        		.uleb128 0x28
 1144 00f1 00        		.byte	0
 1145 00f2 03        		.uleb128 0x3
 1146 00f3 0E        		.uleb128 0xe
 1147 00f4 1C        		.uleb128 0x1c
 1148 00f5 0B        		.uleb128 0xb
 1149 00f6 00        		.byte	0
 1150 00f7 00        		.byte	0
 1151 00f8 15        		.uleb128 0x15
 1152 00f9 04        		.uleb128 0x4
 1153 00fa 01        		.byte	0x1
 1154 00fb 03        		.uleb128 0x3
 1155 00fc 0E        		.uleb128 0xe
 1156 00fd 3E        		.uleb128 0x3e
 1157 00fe 0B        		.uleb128 0xb
 1158 00ff 0B        		.uleb128 0xb
 1159 0100 0B        		.uleb128 0xb
 1160 0101 49        		.uleb128 0x49
 1161 0102 13        		.uleb128 0x13
 1162 0103 3A        		.uleb128 0x3a
 1163 0104 0B        		.uleb128 0xb
 1164 0105 3B        		.uleb128 0x3b
 1165 0106 0B        		.uleb128 0xb
 1166 0107 39        		.uleb128 0x39
 1167 0108 0B        		.uleb128 0xb
 1168 0109 01        		.uleb128 0x1
 1169 010a 13        		.uleb128 0x13
 1170 010b 00        		.byte	0
 1171 010c 00        		.byte	0
 1172 010d 16        		.uleb128 0x16
 1173 010e 21        		.uleb128 0x21
 1174 010f 00        		.byte	0
 1175 0110 00        		.byte	0
 1176 0111 00        		.byte	0
 1177 0112 17        		.uleb128 0x17
 1178 0113 34        		.uleb128 0x34
 1179 0114 00        		.byte	0
 1180 0115 03        		.uleb128 0x3
 1181 0116 0E        		.uleb128 0xe
 1182 0117 3A        		.uleb128 0x3a
 1183 0118 0B        		.uleb128 0xb
 1184 0119 3B        		.uleb128 0x3b
 1185 011a 05        		.uleb128 0x5
 1186 011b 39        		.uleb128 0x39
 1187 011c 0B        		.uleb128 0xb
 1188 011d 49        		.uleb128 0x49
 1189 011e 13        		.uleb128 0x13
 1190 011f 3F        		.uleb128 0x3f
 1191 0120 0C        		.uleb128 0xc
 1192 0121 3C        		.uleb128 0x3c
 1193 0122 0C        		.uleb128 0xc
 1194 0123 00        		.byte	0
 1195 0124 00        		.byte	0
 1196 0125 00        		.byte	0
 1197               		.section	.gnu.debuglto_.debug_line,"",@progbits
 1198               	.Ldebug_line0:
 1199 0000 C701 0000 		.long	.LELT0-.LSLT0
 1200               	.LSLT0:
 1201 0004 0200      		.word	0x2
 1202 0006 C101 0000 		.long	.LELTP0-.LASLTP0
 1203               	.LASLTP0:
 1204 000a 01        		.byte	0x1
 1205 000b 01        		.byte	0x1
 1206 000c F6        		.byte	0xf6
 1207 000d F2        		.byte	0xf2
 1208 000e 0D        		.byte	0xd
 1209 000f 00        		.byte	0
 1210 0010 01        		.byte	0x1
 1211 0011 01        		.byte	0x1
 1212 0012 01        		.byte	0x1
 1213 0013 01        		.byte	0x1
 1214 0014 00        		.byte	0
 1215 0015 00        		.byte	0
 1216 0016 00        		.byte	0
 1217 0017 01        		.byte	0x1
 1218 0018 00        		.byte	0
 1219 0019 00        		.byte	0
 1220 001a 01        		.byte	0x1
 1221 001b 653A 5C67 		.ascii	"e:\\game\\msys2\\mingw64\\avr\\include"
 1221      616D 655C 
 1221      6D73 7973 
 1221      325C 6D69 
 1221      6E67 7736 
 1222 003c 00        		.byte	0
 1223 003d 653A 5C67 		.ascii	"e:\\game\\msys2\\mingw64\\lib\\gcc\\avr\\8.4.0\\include"
 1223      616D 655C 
 1223      6D73 7973 
 1223      325C 6D69 
 1223      6E67 7736 
 1224 006c 00        		.byte	0
 1225 006d 746D 6B5F 		.ascii	"tmk_core/common"
 1225      636F 7265 
 1225      2F63 6F6D 
 1225      6D6F 6E
 1226 007c 00        		.byte	0
 1227 007d 746D 6B5F 		.ascii	"tmk_core/common/avr"
 1227      636F 7265 
 1227      2F63 6F6D 
 1227      6D6F 6E2F 
 1227      6176 72
 1228 0090 00        		.byte	0
 1229 0091 7175 616E 		.ascii	"quantum"
 1229      7475 6D
 1230 0098 00        		.byte	0
 1231 0099 7175 616E 		.ascii	"quantum/process_keycode"
 1231      7475 6D2F 
 1231      7072 6F63 
 1231      6573 735F 
 1231      6B65 7963 
 1232 00b0 00        		.byte	0
 1233 00b1 7175 616E 		.ascii	"quantum/sequencer"
 1233      7475 6D2F 
 1233      7365 7175 
 1233      656E 6365 
 1233      72
 1234 00c2 00        		.byte	0
 1235 00c3 00        		.byte	0
 1236 00c4 7374 6469 		.string	"stdint.h"
 1236      6E74 2E68 
 1236      00
 1237 00cd 01        		.uleb128 0x1
 1238 00ce 00        		.uleb128 0
 1239 00cf 00        		.uleb128 0
 1240 00d0 7374 6464 		.string	"stddef.h"
 1240      6566 2E68 
 1240      00
 1241 00d9 02        		.uleb128 0x2
 1242 00da 00        		.uleb128 0
 1243 00db 00        		.uleb128 0
 1244 00dc 7265 706F 		.string	"report.h"
 1244      7274 2E68 
 1244      00
 1245 00e5 03        		.uleb128 0x3
 1246 00e6 00        		.uleb128 0
 1247 00e7 00        		.uleb128 0
 1248 00e8 6163 7469 		.string	"action.h"
 1248      6F6E 2E68 
 1248      00
 1249 00f1 03        		.uleb128 0x3
 1250 00f2 00        		.uleb128 0
 1251 00f3 00        		.uleb128 0
 1252 00f4 686F 7374 		.string	"host.h"
 1252      2E68 00
 1253 00fb 03        		.uleb128 0x3
 1254 00fc 00        		.uleb128 0
 1255 00fd 00        		.uleb128 0
 1256 00fe 6176 722F 		.string	"avr/xprintf.h"
 1256      7870 7269 
 1256      6E74 662E 
 1256      6800 
 1257 010c 03        		.uleb128 0x3
 1258 010d 00        		.uleb128 0
 1259 010e 00        		.uleb128 0
 1260 010f 6465 6275 		.string	"debug.h"
 1260      672E 6800 
 1261 0117 03        		.uleb128 0x3
 1262 0118 00        		.uleb128 0
 1263 0119 00        		.uleb128 0
 1264 011a 6B65 7963 		.string	"keycode_config.h"
 1264      6F64 655F 
 1264      636F 6E66 
 1264      6967 2E68 
 1264      00
 1265 012b 05        		.uleb128 0x5
 1266 012c 00        		.uleb128 0
 1267 012d 00        		.uleb128 0
 1268 012e 7469 6D65 		.string	"timer.h"
 1268      722E 6800 
 1269 0136 03        		.uleb128 0x3
 1270 0137 00        		.uleb128 0
 1271 0138 00        		.uleb128 0
 1272 0139 7365 7175 		.string	"sequencer/sequencer.h"
 1272      656E 6365 
 1272      722F 7365 
 1272      7175 656E 
 1272      6365 722E 
 1273 014f 05        		.uleb128 0x5
 1274 0150 00        		.uleb128 0
 1275 0151 00        		.uleb128 0
 1276 0152 6B65 796D 		.string	"keymap.h"
 1276      6170 2E68 
 1276      00
 1277 015b 05        		.uleb128 0x5
 1278 015c 00        		.uleb128 0
 1279 015d 00        		.uleb128 0
 1280 015e 6163 7469 		.string	"action_layer.h"
 1280      6F6E 5F6C 
 1280      6179 6572 
 1280      2E68 00
 1281 016d 03        		.uleb128 0x3
 1282 016e 00        		.uleb128 0
 1283 016f 00        		.uleb128 0
 1284 0170 6163 7469 		.string	"action_util.h"
 1284      6F6E 5F75 
 1284      7469 6C2E 
 1284      6800 
 1285 017e 03        		.uleb128 0x3
 1286 017f 00        		.uleb128 0
 1287 0180 00        		.uleb128 0
 1288 0181 7365 6E64 		.string	"send_string.h"
 1288      5F73 7472 
 1288      696E 672E 
 1288      6800 
 1289 018f 05        		.uleb128 0x5
 1290 0190 00        		.uleb128 0
 1291 0191 00        		.uleb128 0
 1292 0192 7374 646C 		.string	"stdlib.h"
 1292      6962 2E68 
 1292      00
 1293 019b 01        		.uleb128 0x1
 1294 019c 00        		.uleb128 0
 1295 019d 00        		.uleb128 0
 1296 019e 7072 6F63 		.string	"process_keycode/process_unicode_common.h"
 1296      6573 735F 
 1296      6B65 7963 
 1296      6F64 652F 
 1296      7072 6F63 
 1297 01c7 05        		.uleb128 0x5
 1298 01c8 00        		.uleb128 0
 1299 01c9 00        		.uleb128 0
 1300 01ca 00        		.byte	0
 1301               	.LELTP0:
 1302               	.LELT0:
 1303               		.section	.gnu.debuglto_.debug_str,"MS",@progbits,1
 1304               	.LASF60:
 1305 0000 7365 7175 		.string	"sequencer_phase_t"
 1305      656E 6365 
 1305      725F 7068 
 1305      6173 655F 
 1305      7400 
 1306               	.LASF20:
 1307 0012 656E 6162 		.string	"enable"
 1307      6C65 00
 1308               	.LASF79:
 1309 0019 5F5F 6D61 		.string	"__malloc_margin"
 1309      6C6C 6F63 
 1309      5F6D 6172 
 1309      6769 6E00 
 1310               	.LASF10:
 1311 0029 7369 7A65 		.string	"size_t"
 1311      5F74 00
 1312               	.LASF80:
 1313 0030 5F5F 6D61 		.string	"__malloc_heap_start"
 1313      6C6C 6F63 
 1313      5F68 6561 
 1313      705F 7374 
 1313      6172 7400 
 1314               	.LASF54:
 1315 0044 7465 6D70 		.string	"tempo"
 1315      6F00 
 1316               	.LASF65:
 1317 004a 7068 6173 		.string	"phase"
 1317      6500 
 1318               	.LASF8:
 1319 0050 6C6F 6E67 		.string	"long long int"
 1319      206C 6F6E 
 1319      6720 696E 
 1319      7400 
 1320               	.LASF24:
 1321 005e 6465 6275 		.string	"debug_config_t"
 1321      675F 636F 
 1321      6E66 6967 
 1321      5F74 00
 1322               	.LASF36:
 1323 006d 6F6E 6573 		.string	"oneshot_disable"
 1323      686F 745F 
 1323      6469 7361 
 1323      626C 6500 
 1324               	.LASF87:
 1325 007d 6B65 7962 		.string	"keyboards/atreus62/atreus62.c"
 1325      6F61 7264 
 1325      732F 6174 
 1325      7265 7573 
 1325      3632 2F61 
 1326               	.LASF71:
 1327 009b 6C61 7965 		.string	"layer_state_t"
 1327      725F 7374 
 1327      6174 655F 
 1327      7400 
 1328               	.LASF39:
 1329 00a9 7469 6D65 		.string	"timer_count"
 1329      725F 636F 
 1329      756E 7400 
 1330               	.LASF12:
 1331 00b5 6D6F 6473 		.string	"mods"
 1331      00
 1332               	.LASF86:
 1333 00ba 474E 5520 		.string	"GNU C99 8.4.0 -mn-flash=1 -mno-skip-bug -mmcu=avr5 -gdwarf-2 -Os -std=gnu99 -funsigned-ch
 1333      4339 3920 
 1333      382E 342E 
 1333      3020 2D6D 
 1333      6E2D 666C 
 1334               	.LASF2:
 1335 01ab 7569 6E74 		.string	"uint8_t"
 1335      385F 7400 
 1336               	.LASF64:
 1337 01b3 7469 6D65 		.string	"timer"
 1337      7200 
 1338               	.LASF15:
 1339 01b9 7265 706F 		.string	"report_keyboard_t"
 1339      7274 5F6B 
 1339      6579 626F 
 1339      6172 645F 
 1339      7400 
 1340               	.LASF37:
 1341 01cb 6B65 796D 		.string	"keymap_config_t"
 1341      6170 5F63 
 1341      6F6E 6669 
 1341      675F 7400 
 1342               	.LASF61:
 1343 01db 6163 7469 		.string	"active_tracks"
 1343      7665 5F74 
 1343      7261 636B 
 1343      7300 
 1344               	.LASF76:
 1345 01e9 6173 6369 		.string	"ascii_to_altgr_lut"
 1345      695F 746F 
 1345      5F61 6C74 
 1345      6772 5F6C 
 1345      7574 00
 1346               	.LASF49:
 1347 01fc 5345 5155 		.string	"SEQUENCER_RESOLUTIONS"
 1347      454E 4345 
 1347      525F 5245 
 1347      534F 4C55 
 1347      5449 4F4E 
 1348               	.LASF28:
 1349 0212 7377 6170 		.string	"swap_lalt_lgui"
 1349      5F6C 616C 
 1349      745F 6C67 
 1349      7569 00
 1350               	.LASF67:
 1351 0221 7365 7175 		.string	"sequencer_config"
 1351      656E 6365 
 1351      725F 636F 
 1351      6E66 6967 
 1351      00
 1352               	.LASF32:
 1353 0232 7377 6170 		.string	"swap_backslash_backspace"
 1353      5F62 6163 
 1353      6B73 6C61 
 1353      7368 5F62 
 1353      6163 6B73 
 1354               	.LASF41:
 1355 024b 5351 5F52 		.string	"SQ_RES_2T"
 1355      4553 5F32 
 1355      5400 
 1356               	.LASF58:
 1357 0255 5345 5155 		.string	"SEQUENCER_PHASE_RELEASE"
 1357      454E 4345 
 1357      525F 5048 
 1357      4153 455F 
 1357      5245 4C45 
 1358               	.LASF88:
 1359 026d 443A 5C44 		.string	"D:\\Download\\vial-qmk"
 1359      6F77 6E6C 
 1359      6F61 645C 
 1359      7669 616C 
 1359      2D71 6D6B 
 1360               	.LASF5:
 1361 0282 6C6F 6E67 		.string	"long int"
 1361      2069 6E74 
 1361      00
 1362               	.LASF62:
 1363 028b 6375 7272 		.string	"current_track"
 1363      656E 745F 
 1363      7472 6163 
 1363      6B00 
 1364               	.LASF31:
 1365 0299 7377 6170 		.string	"swap_grave_esc"
 1365      5F67 7261 
 1365      7665 5F65 
 1365      7363 00
 1366               	.LASF57:
 1367 02a8 5345 5155 		.string	"SEQUENCER_PHASE_ATTACK"
 1367      454E 4345 
 1367      525F 5048 
 1367      4153 455F 
 1367      4154 5441 
 1368               	.LASF27:
 1369 02bf 6361 7073 		.string	"capslock_to_control"
 1369      6C6F 636B 
 1369      5F74 6F5F 
 1369      636F 6E74 
 1369      726F 6C00 
 1370               	.LASF85:
 1371 02d3 756E 6963 		.string	"unicode_config"
 1371      6F64 655F 
 1371      636F 6E66 
 1371      6967 00
 1372               	.LASF47:
 1373 02e2 5351 5F52 		.string	"SQ_RES_16T"
 1373      4553 5F31 
 1373      3654 00
 1374               	.LASF48:
 1375 02ed 5351 5F52 		.string	"SQ_RES_32"
 1375      4553 5F33 
 1375      3200 
 1376               	.LASF63:
 1377 02f7 6375 7272 		.string	"current_step"
 1377      656E 745F 
 1377      7374 6570 
 1377      00
 1378               	.LASF50:
 1379 0304 7365 7175 		.string	"sequencer_resolution_t"
 1379      656E 6365 
 1379      725F 7265 
 1379      736F 6C75 
 1379      7469 6F6E 
 1380               	.LASF14:
 1381 031b 6B65 7973 		.string	"keys"
 1381      00
 1382               	.LASF1:
 1383 0320 756E 7369 		.string	"unsigned char"
 1383      676E 6564 
 1383      2063 6861 
 1383      7200 
 1384               	.LASF17:
 1385 032e 6B65 7962 		.string	"keyboard_idle"
 1385      6F61 7264 
 1385      5F69 646C 
 1385      6500 
 1386               	.LASF0:
 1387 033c 7369 676E 		.string	"signed char"
 1387      6564 2063 
 1387      6861 7200 
 1388               	.LASF9:
 1389 0348 6C6F 6E67 		.string	"long long unsigned int"
 1389      206C 6F6E 
 1389      6720 756E 
 1389      7369 676E 
 1389      6564 2069 
 1390               	.LASF6:
 1391 035f 7569 6E74 		.string	"uint32_t"
 1391      3332 5F74 
 1391      00
 1392               	.LASF4:
 1393 0368 756E 7369 		.string	"unsigned int"
 1393      676E 6564 
 1393      2069 6E74 
 1393      00
 1394               	.LASF3:
 1395 0375 7569 6E74 		.string	"uint16_t"
 1395      3136 5F74 
 1395      00
 1396               	.LASF68:
 1397 037e 7365 7175 		.string	"sequencer_internal_state"
 1397      656E 6365 
 1397      725F 696E 
 1397      7465 726E 
 1397      616C 5F73 
 1398               	.LASF40:
 1399 0397 5351 5F52 		.string	"SQ_RES_2"
 1399      4553 5F32 
 1399      00
 1400               	.LASF23:
 1401 03a0 6D6F 7573 		.string	"mouse"
 1401      6500 
 1402               	.LASF42:
 1403 03a6 5351 5F52 		.string	"SQ_RES_4"
 1403      4553 5F34 
 1403      00
 1404               	.LASF52:
 1405 03af 7374 6570 		.string	"steps"
 1405      7300 
 1406               	.LASF44:
 1407 03b5 5351 5F52 		.string	"SQ_RES_8"
 1407      4553 5F38 
 1407      00
 1408               	.LASF70:
 1409 03be 666E 5F61 		.string	"fn_actions"
 1409      6374 696F 
 1409      6E73 00
 1410               	.LASF19:
 1411 03c9 7866 756E 		.string	"xfunc_out"
 1411      635F 6F75 
 1411      7400 
 1412               	.LASF72:
 1413 03d3 6465 6661 		.string	"default_layer_state"
 1413      756C 745F 
 1413      6C61 7965 
 1413      725F 7374 
 1413      6174 6500 
 1414               	.LASF81:
 1415 03e7 6368 6172 		.string	"char"
 1415      00
 1416               	.LASF18:
 1417 03ec 6B65 7962 		.string	"keyboard_protocol"
 1417      6F61 7264 
 1417      5F70 726F 
 1417      746F 636F 
 1417      6C00 
 1418               	.LASF22:
 1419 03fe 6B65 7962 		.string	"keyboard"
 1419      6F61 7264 
 1419      00
 1420               	.LASF77:
 1421 0407 6173 6369 		.string	"ascii_to_dead_lut"
 1421      695F 746F 
 1421      5F64 6561 
 1421      645F 6C75 
 1421      7400 
 1422               	.LASF35:
 1423 0419 7377 6170 		.string	"swap_rctl_rgui"
 1423      5F72 6374 
 1423      6C5F 7267 
 1423      7569 00
 1424               	.LASF55:
 1425 0428 7265 736F 		.string	"resolution"
 1425      6C75 7469 
 1425      6F6E 00
 1426               	.LASF59:
 1427 0433 5345 5155 		.string	"SEQUENCER_PHASE_PAUSE"
 1427      454E 4345 
 1427      525F 5048 
 1427      4153 455F 
 1427      5041 5553 
 1428               	.LASF69:
 1429 0449 6B65 796D 		.string	"keymaps"
 1429      6170 7300 
 1430               	.LASF11:
 1431 0451 5F42 6F6F 		.string	"_Bool"
 1431      6C00 
 1432               	.LASF84:
 1433 0457 756E 6963 		.string	"unicode_config_t"
 1433      6F64 655F 
 1433      636F 6E66 
 1433      6967 5F74 
 1433      00
 1434               	.LASF83:
 1435 0468 696E 7075 		.string	"input_mode"
 1435      745F 6D6F 
 1435      6465 00
 1436               	.LASF38:
 1437 0473 6B65 796D 		.string	"keymap_config"
 1437      6170 5F63 
 1437      6F6E 6669 
 1437      6700 
 1438               	.LASF16:
 1439 0481 6469 7361 		.string	"disable_action_cache"
 1439      626C 655F 
 1439      6163 7469 
 1439      6F6E 5F63 
 1439      6163 6865 
 1440               	.LASF7:
 1441 0496 6C6F 6E67 		.string	"long unsigned int"
 1441      2075 6E73 
 1441      6967 6E65 
 1441      6420 696E 
 1441      7400 
 1442               	.LASF29:
 1443 04a8 7377 6170 		.string	"swap_ralt_rgui"
 1443      5F72 616C 
 1443      745F 7267 
 1443      7569 00
 1444               	.LASF75:
 1445 04b7 6173 6369 		.string	"ascii_to_shift_lut"
 1445      695F 746F 
 1445      5F73 6869 
 1445      6674 5F6C 
 1445      7574 00
 1446               	.LASF66:
 1447 04ca 7365 7175 		.string	"sequencer_state_t"
 1447      656E 6365 
 1447      725F 7374 
 1447      6174 655F 
 1447      7400 
 1448               	.LASF56:
 1449 04dc 7365 7175 		.string	"sequencer_config_t"
 1449      656E 6365 
 1449      725F 636F 
 1449      6E66 6967 
 1449      5F74 00
 1450               	.LASF51:
 1451 04ef 656E 6162 		.string	"enabled"
 1451      6C65 6400 
 1452               	.LASF82:
 1453 04f7 5F5F 6D61 		.string	"__malloc_heap_end"
 1453      6C6C 6F63 
 1453      5F68 6561 
 1453      705F 656E 
 1453      6400 
 1454               	.LASF25:
 1455 0509 6465 6275 		.string	"debug_config"
 1455      675F 636F 
 1455      6E66 6967 
 1455      00
 1456               	.LASF30:
 1457 0516 6E6F 5F67 		.string	"no_gui"
 1457      7569 00
 1458               	.LASF43:
 1459 051d 5351 5F52 		.string	"SQ_RES_4T"
 1459      4553 5F34 
 1459      5400 
 1460               	.LASF26:
 1461 0527 7377 6170 		.string	"swap_control_capslock"
 1461      5F63 6F6E 
 1461      7472 6F6C 
 1461      5F63 6170 
 1461      736C 6F63 
 1462               	.LASF34:
 1463 053d 7377 6170 		.string	"swap_lctl_lgui"
 1463      5F6C 6374 
 1463      6C5F 6C67 
 1463      7569 00
 1464               	.LASF78:
 1465 054c 6173 6369 		.string	"ascii_to_keycode_lut"
 1465      695F 746F 
 1465      5F6B 6579 
 1465      636F 6465 
 1465      5F6C 7574 
 1466               	.LASF45:
 1467 0561 5351 5F52 		.string	"SQ_RES_8T"
 1467      4553 5F38 
 1467      5400 
 1468               	.LASF33:
 1469 056b 6E6B 726F 		.string	"nkro"
 1469      00
 1470               	.LASF46:
 1471 0570 5351 5F52 		.string	"SQ_RES_16"
 1471      4553 5F31 
 1471      3600 
 1472               	.LASF74:
 1473 057a 6B65 7962 		.string	"keyboard_report"
 1473      6F61 7264 
 1473      5F72 6570 
 1473      6F72 7400 
 1474               	.LASF13:
 1475 058a 7265 7365 		.string	"reserved"
 1475      7276 6564 
 1475      00
 1476               	.LASF73:
 1477 0593 6C61 7965 		.string	"layer_state"
 1477      725F 7374 
 1477      6174 6500 
 1478               	.LASF21:
 1479 059f 6D61 7472 		.string	"matrix"
 1479      6978 00
 1480               	.LASF53:
 1481 05a6 7472 6163 		.string	"track_notes"
 1481      6B5F 6E6F 
 1481      7465 7300 
 1482               		.text
 1483               		.section	.gnu.lto_.profile.e11e830d,"",@progbits
 1484 0000 789C 6367 		.string	"x\234cg`f`d"
 1484      6066 6064 
 1484      00
 1485 0009 0200      		.string	"\002"
 1486 000b 00        		.string	""
 1487 000c 6200      		.string	"b"
 1488 000e 0C        		.ascii	"\f"
 1489               		.text
 1490               		.section	.gnu.lto_.icf.e11e830d,"",@progbits
 1491 0000 789C 6367 		.string	"x\234cg`f`b@\006"
 1491      6066 6062 
 1491      4006 00
 1492 000b 00        		.string	""
 1493 000c DC00      		.string	"\334"
 1494 000e 0D        		.ascii	"\r"
 1495               		.text
 1496               		.section	.gnu.lto_.jmpfuncs.e11e830d,"",@progbits
 1497 0000 789C 6367 		.string	"x\234cg`f`b@\006"
 1497      6066 6062 
 1497      4006 00
 1498 000b 00        		.string	""
 1499 000c DC00      		.string	"\334"
 1500 000e 0D        		.ascii	"\r"
 1501               		.text
 1502               		.section	.gnu.lto_.inline.e11e830d,"",@progbits
 1503 0000 789C 6367 		.string	"x\234cg`f`b@\006"
 1503      6066 6062 
 1503      4006 00
 1504 000b 00        		.string	""
 1505 000c DC00      		.string	"\334"
 1506 000e 0D        		.ascii	"\r"
 1507               		.text
 1508               		.section	.gnu.lto_.pureconst.e11e830d,"",@progbits
 1509 0000 789C 6367 		.string	"x\234cg`f`d"
 1509      6066 6064 
 1509      00
 1510 0009 0200      		.string	"\002"
 1511 000b 00        		.string	""
 1512 000c 6200      		.string	"b"
 1513 000e 0C        		.ascii	"\f"
 1514               		.text
 1515               		.section	.gnu.lto_.symbol_nodes.e11e830d,"",@progbits
 1516 0000 789C 6367 		.string	"x\234cg`f`b"
 1516      6066 6062 
 1516      00
 1517 0009 0100      		.string	"\001"
 1518 000b 00        		.string	""
 1519 000c 7400      		.string	"t"
 1520 000e 0D        		.ascii	"\r"
 1521               		.text
 1522               		.section	.gnu.lto_.refs.e11e830d,"",@progbits
 1523 0000 789C 6367 		.string	"x\234cg`f`d"
 1523      6066 6064 
 1523      00
 1524 0009 0200      		.string	"\002"
 1525 000b 00        		.string	""
 1526 000c 6200      		.string	"b"
 1527 000e 0C        		.ascii	"\f"
 1528               		.text
 1529               		.section	.gnu.lto_.decls.e11e830d,"",@progbits
 1530 0000 789C 6367 		.string	"x\234cg`f"
 1530      6066 00
 1531 0007 0146 2056 		.string	"\001F V\001\342\377@"
 1531      01E2 FF40 
 1531      00
 1532 0010 625F 6420 		.string	"b_d "
 1532      00
 1533 0015 00        		.string	""
 1534 0016 C16A 04FE 		.ascii	"\301j\004\376"
 1535               		.text
 1536               		.section	.gnu.lto_.symtab.e11e830d,"",@progbits
 1537               		.text
 1538               		.section	.gnu.lto_.opts,"",@progbits
 1539 0000 272D 666E 		.ascii	"'-fn"
 1540 0004 6F2D 6F70 		.string	"o-openmp' '-fno-openacc' '-fno-pie' '-mn-flash=1' '-mno-skip-bug' '-mmcu=avr5' '-Os' '-We
 1540      656E 6D70 
 1540      2720 272D 
 1540      666E 6F2D 
 1540      6F70 656E 
 1541               		.text
 1542               		.comm	__gnu_lto_v1,1,1
 1543               		.comm	__gnu_lto_slim,1,1
 1544               		.ident	"GCC: (GNU) 8.4.0"
DEFINED SYMBOLS
                            *ABS*:0000000000000000 atreus62.c
C:\Users\Roningo\AppData\Local\Temp\ccbiY7lw.s:2      *ABS*:000000000000003e __SP_H__
C:\Users\Roningo\AppData\Local\Temp\ccbiY7lw.s:3      *ABS*:000000000000003d __SP_L__
C:\Users\Roningo\AppData\Local\Temp\ccbiY7lw.s:4      *ABS*:000000000000003f __SREG__
C:\Users\Roningo\AppData\Local\Temp\ccbiY7lw.s:5      *ABS*:0000000000000000 __tmp_reg__
C:\Users\Roningo\AppData\Local\Temp\ccbiY7lw.s:6      *ABS*:0000000000000001 __zero_reg__
C:\Users\Roningo\AppData\Local\Temp\ccbiY7lw.s:27     .gnu.debuglto_.debug_info:0000000000000000 atreus62.c.88f6012b
                            *COM*:0000000000000001 __gnu_lto_v1
                            *COM*:0000000000000001 __gnu_lto_slim

NO UNDEFINED SYMBOLS
