   1               		.file	"ws2812.c"
   2               	__SP_H__ = 0x3e
   3               	__SP_L__ = 0x3d
   4               	__SREG__ = 0x3f
   5               	__tmp_reg__ = 0
   6               	__zero_reg__ = 1
   7               		.file 1 "e:\\game\\msys2\\mingw64\\avr\\include\\stdint.h"
   8               		.file 2 "./quantum/color.h"
   9               		.file 3 "drivers/avr/ws2812.c"
  10               		.file 4 "e:\\game\\msys2\\mingw64\\avr\\include\\util\\delay.h"
  11               		.section	.gnu.debuglto_.debug_info,"",@progbits
  12               	.Ldebug_info0:
  13               		.hidden	ws2812.c.85c62674
  14               		.weak	ws2812.c.85c62674
  15               	ws2812.c.85c62674:
  16 0000 B901 0000 		.long	0x1b9
  17 0004 0200      		.word	0x2
  18 0006 0000 0000 		.long	.Ldebug_abbrev0
  19 000a 04        		.byte	0x4
  20 000b 01        		.uleb128 0x1
  21 000c 0000 0000 		.long	.LASF27
  22 0010 0C        		.byte	0xc
  23 0011 0000 0000 		.long	.LASF28
  24 0015 0000 0000 		.long	.LASF29
  25 0019 0000 0000 		.long	.Ldebug_line0
  26 001d 02        		.uleb128 0x2
  27 001e 01        		.byte	0x1
  28 001f 06        		.byte	0x6
  29 0020 0000 0000 		.long	.LASF0
  30 0024 03        		.uleb128 0x3
  31 0025 0000 0000 		.long	.LASF2
  32 0029 01        		.byte	0x1
  33 002a 7E        		.byte	0x7e
  34 002b 16        		.byte	0x16
  35 002c 3000 0000 		.long	0x30
  36 0030 02        		.uleb128 0x2
  37 0031 01        		.byte	0x1
  38 0032 08        		.byte	0x8
  39 0033 0000 0000 		.long	.LASF1
  40 0037 04        		.uleb128 0x4
  41 0038 02        		.byte	0x2
  42 0039 05        		.byte	0x5
  43 003a 696E 7400 		.string	"int"
  44 003e 03        		.uleb128 0x3
  45 003f 0000 0000 		.long	.LASF3
  46 0043 01        		.byte	0x1
  47 0044 80        		.byte	0x80
  48 0045 16        		.byte	0x16
  49 0046 4A00 0000 		.long	0x4a
  50 004a 02        		.uleb128 0x2
  51 004b 02        		.byte	0x2
  52 004c 07        		.byte	0x7
  53 004d 0000 0000 		.long	.LASF4
  54 0051 02        		.uleb128 0x2
  55 0052 04        		.byte	0x4
  56 0053 05        		.byte	0x5
  57 0054 0000 0000 		.long	.LASF5
  58 0058 03        		.uleb128 0x3
  59 0059 0000 0000 		.long	.LASF6
  60 005d 01        		.byte	0x1
  61 005e 82        		.byte	0x82
  62 005f 16        		.byte	0x16
  63 0060 6400 0000 		.long	0x64
  64 0064 02        		.uleb128 0x2
  65 0065 04        		.byte	0x4
  66 0066 07        		.byte	0x7
  67 0067 0000 0000 		.long	.LASF7
  68 006b 02        		.uleb128 0x2
  69 006c 08        		.byte	0x8
  70 006d 05        		.byte	0x5
  71 006e 0000 0000 		.long	.LASF8
  72 0072 02        		.uleb128 0x2
  73 0073 08        		.byte	0x8
  74 0074 07        		.byte	0x7
  75 0075 0000 0000 		.long	.LASF9
  76 0079 05        		.uleb128 0x5
  77 007a 03        		.byte	0x3
  78 007b 02        		.byte	0x2
  79 007c 2E        		.byte	0x2e
  80 007d 09        		.byte	0x9
  81 007e AA00 0000 		.long	0xaa
  82 0082 06        		.uleb128 0x6
  83 0083 6700      		.string	"g"
  84 0085 02        		.byte	0x2
  85 0086 30        		.byte	0x30
  86 0087 0D        		.byte	0xd
  87 0088 2400 0000 		.long	0x24
  88 008c 02        		.byte	0x2
  89 008d 23        		.byte	0x23
  90 008e 00        		.uleb128 0
  91 008f 06        		.uleb128 0x6
  92 0090 7200      		.string	"r"
  93 0092 02        		.byte	0x2
  94 0093 31        		.byte	0x31
  95 0094 0D        		.byte	0xd
  96 0095 2400 0000 		.long	0x24
  97 0099 02        		.byte	0x2
  98 009a 23        		.byte	0x23
  99 009b 01        		.uleb128 0x1
 100 009c 06        		.uleb128 0x6
 101 009d 6200      		.string	"b"
 102 009f 02        		.byte	0x2
 103 00a0 32        		.byte	0x32
 104 00a1 0D        		.byte	0xd
 105 00a2 2400 0000 		.long	0x24
 106 00a6 02        		.byte	0x2
 107 00a7 23        		.byte	0x23
 108 00a8 02        		.uleb128 0x2
 109 00a9 00        		.byte	0
 110 00aa 03        		.uleb128 0x3
 111 00ab 0000 0000 		.long	.LASF10
 112 00af 02        		.byte	0x2
 113 00b0 3C        		.byte	0x3c
 114 00b1 03        		.byte	0x3
 115 00b2 7900 0000 		.long	0x79
 116 00b6 07        		.uleb128 0x7
 117 00b7 5247 4200 		.string	"RGB"
 118 00bb 02        		.byte	0x2
 119 00bc 3E        		.byte	0x3e
 120 00bd 0E        		.byte	0xe
 121 00be AA00 0000 		.long	0xaa
 122 00c2 08        		.uleb128 0x8
 123 00c3 0000 0000 		.long	.LASF19
 124 00c7 03        		.byte	0x3
 125 00c8 6B        		.byte	0x6b
 126 00c9 14        		.byte	0x14
 127 00ca 01        		.byte	0x1
 128 00cb 2401 0000 		.long	0x124
 129 00cf 09        		.uleb128 0x9
 130 00d0 0000 0000 		.long	.LASF11
 131 00d4 03        		.byte	0x3
 132 00d5 6B        		.byte	0x6b
 133 00d6 33        		.byte	0x33
 134 00d7 2401 0000 		.long	0x124
 135 00db 09        		.uleb128 0x9
 136 00dc 0000 0000 		.long	.LASF12
 137 00e0 03        		.byte	0x3
 138 00e1 6B        		.byte	0x6b
 139 00e2 42        		.byte	0x42
 140 00e3 3E00 0000 		.long	0x3e
 141 00e7 09        		.uleb128 0x9
 142 00e8 0000 0000 		.long	.LASF13
 143 00ec 03        		.byte	0x3
 144 00ed 6B        		.byte	0x6b
 145 00ee 52        		.byte	0x52
 146 00ef 2400 0000 		.long	0x24
 147 00f3 09        		.uleb128 0x9
 148 00f4 0000 0000 		.long	.LASF14
 149 00f8 03        		.byte	0x3
 150 00f9 6B        		.byte	0x6b
 151 00fa 62        		.byte	0x62
 152 00fb 2400 0000 		.long	0x24
 153 00ff 0A        		.uleb128 0xa
 154 0100 0000 0000 		.long	.LASF15
 155 0104 03        		.byte	0x3
 156 0105 6C        		.byte	0x6c
 157 0106 0D        		.byte	0xd
 158 0107 2400 0000 		.long	0x24
 159 010b 0B        		.uleb128 0xb
 160 010c 6374 7200 		.string	"ctr"
 161 0110 03        		.byte	0x3
 162 0111 6C        		.byte	0x6c
 163 0112 16        		.byte	0x16
 164 0113 2400 0000 		.long	0x24
 165 0117 0A        		.uleb128 0xa
 166 0118 0000 0000 		.long	.LASF16
 167 011c 03        		.byte	0x3
 168 011d 6C        		.byte	0x6c
 169 011e 1B        		.byte	0x1b
 170 011f 2400 0000 		.long	0x24
 171 0123 00        		.byte	0
 172 0124 0C        		.uleb128 0xc
 173 0125 02        		.byte	0x2
 174 0126 2400 0000 		.long	0x24
 175 012a 0D        		.uleb128 0xd
 176 012b 01        		.byte	0x1
 177 012c 0000 0000 		.long	.LASF24
 178 0130 03        		.byte	0x3
 179 0131 27        		.byte	0x27
 180 0132 06        		.byte	0x6
 181 0133 01        		.byte	0x1
 182 0134 6901 0000 		.long	0x169
 183 0138 09        		.uleb128 0x9
 184 0139 0000 0000 		.long	.LASF17
 185 013d 03        		.byte	0x3
 186 013e 27        		.byte	0x27
 187 013f 1F        		.byte	0x1f
 188 0140 6901 0000 		.long	0x169
 189 0144 09        		.uleb128 0x9
 190 0145 0000 0000 		.long	.LASF18
 191 0149 03        		.byte	0x3
 192 014a 27        		.byte	0x27
 193 014b 32        		.byte	0x32
 194 014c 3E00 0000 		.long	0x3e
 195 0150 0A        		.uleb128 0xa
 196 0151 0000 0000 		.long	.LASF13
 197 0155 03        		.byte	0x3
 198 0156 2A        		.byte	0x2a
 199 0157 0D        		.byte	0xd
 200 0158 2400 0000 		.long	0x24
 201 015c 0A        		.uleb128 0xa
 202 015d 0000 0000 		.long	.LASF14
 203 0161 03        		.byte	0x3
 204 0162 2B        		.byte	0x2b
 205 0163 0D        		.byte	0xd
 206 0164 2400 0000 		.long	0x24
 207 0168 00        		.byte	0
 208 0169 0C        		.uleb128 0xc
 209 016a 02        		.byte	0x2
 210 016b B600 0000 		.long	0xb6
 211 016f 08        		.uleb128 0x8
 212 0170 0000 0000 		.long	.LASF20
 213 0174 04        		.byte	0x4
 214 0175 FF        		.byte	0xff
 215 0176 01        		.byte	0x1
 216 0177 01        		.byte	0x1
 217 0178 B501 0000 		.long	0x1b5
 218 017c 09        		.uleb128 0x9
 219 017d 0000 0000 		.long	.LASF21
 220 0181 04        		.byte	0x4
 221 0182 FF        		.byte	0xff
 222 0183 12        		.byte	0x12
 223 0184 B501 0000 		.long	0x1b5
 224 0188 0E        		.uleb128 0xe
 225 0189 0000 0000 		.long	.LASF22
 226 018d 04        		.byte	0x4
 227 018e 0101      		.word	0x101
 228 0190 09        		.byte	0x9
 229 0191 B501 0000 		.long	0x1b5
 230 0195 0E        		.uleb128 0xe
 231 0196 0000 0000 		.long	.LASF23
 232 019a 04        		.byte	0x4
 233 019b 0501      		.word	0x105
 234 019d 0B        		.byte	0xb
 235 019e 5800 0000 		.long	0x58
 236 01a2 0F        		.uleb128 0xf
 237 01a3 01        		.byte	0x1
 238 01a4 0000 0000 		.long	.LASF25
 239 01a8 04        		.byte	0x4
 240 01a9 0601      		.word	0x106
 241 01ab 0E        		.byte	0xe
 242 01ac 01        		.byte	0x1
 243 01ad 01        		.byte	0x1
 244 01ae 10        		.uleb128 0x10
 245 01af 6400 0000 		.long	0x64
 246 01b3 00        		.byte	0
 247 01b4 00        		.byte	0
 248 01b5 02        		.uleb128 0x2
 249 01b6 04        		.byte	0x4
 250 01b7 04        		.byte	0x4
 251 01b8 0000 0000 		.long	.LASF26
 252 01bc 00        		.byte	0
 253               		.section	.gnu.debuglto_.debug_abbrev,"",@progbits
 254               	.Ldebug_abbrev0:
 255 0000 01        		.uleb128 0x1
 256 0001 11        		.uleb128 0x11
 257 0002 01        		.byte	0x1
 258 0003 25        		.uleb128 0x25
 259 0004 0E        		.uleb128 0xe
 260 0005 13        		.uleb128 0x13
 261 0006 0B        		.uleb128 0xb
 262 0007 03        		.uleb128 0x3
 263 0008 0E        		.uleb128 0xe
 264 0009 1B        		.uleb128 0x1b
 265 000a 0E        		.uleb128 0xe
 266 000b 10        		.uleb128 0x10
 267 000c 06        		.uleb128 0x6
 268 000d 00        		.byte	0
 269 000e 00        		.byte	0
 270 000f 02        		.uleb128 0x2
 271 0010 24        		.uleb128 0x24
 272 0011 00        		.byte	0
 273 0012 0B        		.uleb128 0xb
 274 0013 0B        		.uleb128 0xb
 275 0014 3E        		.uleb128 0x3e
 276 0015 0B        		.uleb128 0xb
 277 0016 03        		.uleb128 0x3
 278 0017 0E        		.uleb128 0xe
 279 0018 00        		.byte	0
 280 0019 00        		.byte	0
 281 001a 03        		.uleb128 0x3
 282 001b 16        		.uleb128 0x16
 283 001c 00        		.byte	0
 284 001d 03        		.uleb128 0x3
 285 001e 0E        		.uleb128 0xe
 286 001f 3A        		.uleb128 0x3a
 287 0020 0B        		.uleb128 0xb
 288 0021 3B        		.uleb128 0x3b
 289 0022 0B        		.uleb128 0xb
 290 0023 39        		.uleb128 0x39
 291 0024 0B        		.uleb128 0xb
 292 0025 49        		.uleb128 0x49
 293 0026 13        		.uleb128 0x13
 294 0027 00        		.byte	0
 295 0028 00        		.byte	0
 296 0029 04        		.uleb128 0x4
 297 002a 24        		.uleb128 0x24
 298 002b 00        		.byte	0
 299 002c 0B        		.uleb128 0xb
 300 002d 0B        		.uleb128 0xb
 301 002e 3E        		.uleb128 0x3e
 302 002f 0B        		.uleb128 0xb
 303 0030 03        		.uleb128 0x3
 304 0031 08        		.uleb128 0x8
 305 0032 00        		.byte	0
 306 0033 00        		.byte	0
 307 0034 05        		.uleb128 0x5
 308 0035 13        		.uleb128 0x13
 309 0036 01        		.byte	0x1
 310 0037 0B        		.uleb128 0xb
 311 0038 0B        		.uleb128 0xb
 312 0039 3A        		.uleb128 0x3a
 313 003a 0B        		.uleb128 0xb
 314 003b 3B        		.uleb128 0x3b
 315 003c 0B        		.uleb128 0xb
 316 003d 39        		.uleb128 0x39
 317 003e 0B        		.uleb128 0xb
 318 003f 01        		.uleb128 0x1
 319 0040 13        		.uleb128 0x13
 320 0041 00        		.byte	0
 321 0042 00        		.byte	0
 322 0043 06        		.uleb128 0x6
 323 0044 0D        		.uleb128 0xd
 324 0045 00        		.byte	0
 325 0046 03        		.uleb128 0x3
 326 0047 08        		.uleb128 0x8
 327 0048 3A        		.uleb128 0x3a
 328 0049 0B        		.uleb128 0xb
 329 004a 3B        		.uleb128 0x3b
 330 004b 0B        		.uleb128 0xb
 331 004c 39        		.uleb128 0x39
 332 004d 0B        		.uleb128 0xb
 333 004e 49        		.uleb128 0x49
 334 004f 13        		.uleb128 0x13
 335 0050 38        		.uleb128 0x38
 336 0051 0A        		.uleb128 0xa
 337 0052 00        		.byte	0
 338 0053 00        		.byte	0
 339 0054 07        		.uleb128 0x7
 340 0055 16        		.uleb128 0x16
 341 0056 00        		.byte	0
 342 0057 03        		.uleb128 0x3
 343 0058 08        		.uleb128 0x8
 344 0059 3A        		.uleb128 0x3a
 345 005a 0B        		.uleb128 0xb
 346 005b 3B        		.uleb128 0x3b
 347 005c 0B        		.uleb128 0xb
 348 005d 39        		.uleb128 0x39
 349 005e 0B        		.uleb128 0xb
 350 005f 49        		.uleb128 0x49
 351 0060 13        		.uleb128 0x13
 352 0061 00        		.byte	0
 353 0062 00        		.byte	0
 354 0063 08        		.uleb128 0x8
 355 0064 2E        		.uleb128 0x2e
 356 0065 01        		.byte	0x1
 357 0066 03        		.uleb128 0x3
 358 0067 0E        		.uleb128 0xe
 359 0068 3A        		.uleb128 0x3a
 360 0069 0B        		.uleb128 0xb
 361 006a 3B        		.uleb128 0x3b
 362 006b 0B        		.uleb128 0xb
 363 006c 39        		.uleb128 0x39
 364 006d 0B        		.uleb128 0xb
 365 006e 27        		.uleb128 0x27
 366 006f 0C        		.uleb128 0xc
 367 0070 01        		.uleb128 0x1
 368 0071 13        		.uleb128 0x13
 369 0072 00        		.byte	0
 370 0073 00        		.byte	0
 371 0074 09        		.uleb128 0x9
 372 0075 05        		.uleb128 0x5
 373 0076 00        		.byte	0
 374 0077 03        		.uleb128 0x3
 375 0078 0E        		.uleb128 0xe
 376 0079 3A        		.uleb128 0x3a
 377 007a 0B        		.uleb128 0xb
 378 007b 3B        		.uleb128 0x3b
 379 007c 0B        		.uleb128 0xb
 380 007d 39        		.uleb128 0x39
 381 007e 0B        		.uleb128 0xb
 382 007f 49        		.uleb128 0x49
 383 0080 13        		.uleb128 0x13
 384 0081 00        		.byte	0
 385 0082 00        		.byte	0
 386 0083 0A        		.uleb128 0xa
 387 0084 34        		.uleb128 0x34
 388 0085 00        		.byte	0
 389 0086 03        		.uleb128 0x3
 390 0087 0E        		.uleb128 0xe
 391 0088 3A        		.uleb128 0x3a
 392 0089 0B        		.uleb128 0xb
 393 008a 3B        		.uleb128 0x3b
 394 008b 0B        		.uleb128 0xb
 395 008c 39        		.uleb128 0x39
 396 008d 0B        		.uleb128 0xb
 397 008e 49        		.uleb128 0x49
 398 008f 13        		.uleb128 0x13
 399 0090 00        		.byte	0
 400 0091 00        		.byte	0
 401 0092 0B        		.uleb128 0xb
 402 0093 34        		.uleb128 0x34
 403 0094 00        		.byte	0
 404 0095 03        		.uleb128 0x3
 405 0096 08        		.uleb128 0x8
 406 0097 3A        		.uleb128 0x3a
 407 0098 0B        		.uleb128 0xb
 408 0099 3B        		.uleb128 0x3b
 409 009a 0B        		.uleb128 0xb
 410 009b 39        		.uleb128 0x39
 411 009c 0B        		.uleb128 0xb
 412 009d 49        		.uleb128 0x49
 413 009e 13        		.uleb128 0x13
 414 009f 00        		.byte	0
 415 00a0 00        		.byte	0
 416 00a1 0C        		.uleb128 0xc
 417 00a2 0F        		.uleb128 0xf
 418 00a3 00        		.byte	0
 419 00a4 0B        		.uleb128 0xb
 420 00a5 0B        		.uleb128 0xb
 421 00a6 49        		.uleb128 0x49
 422 00a7 13        		.uleb128 0x13
 423 00a8 00        		.byte	0
 424 00a9 00        		.byte	0
 425 00aa 0D        		.uleb128 0xd
 426 00ab 2E        		.uleb128 0x2e
 427 00ac 01        		.byte	0x1
 428 00ad 3F        		.uleb128 0x3f
 429 00ae 0C        		.uleb128 0xc
 430 00af 03        		.uleb128 0x3
 431 00b0 0E        		.uleb128 0xe
 432 00b1 3A        		.uleb128 0x3a
 433 00b2 0B        		.uleb128 0xb
 434 00b3 3B        		.uleb128 0x3b
 435 00b4 0B        		.uleb128 0xb
 436 00b5 39        		.uleb128 0x39
 437 00b6 0B        		.uleb128 0xb
 438 00b7 27        		.uleb128 0x27
 439 00b8 0C        		.uleb128 0xc
 440 00b9 01        		.uleb128 0x1
 441 00ba 13        		.uleb128 0x13
 442 00bb 00        		.byte	0
 443 00bc 00        		.byte	0
 444 00bd 0E        		.uleb128 0xe
 445 00be 34        		.uleb128 0x34
 446 00bf 00        		.byte	0
 447 00c0 03        		.uleb128 0x3
 448 00c1 0E        		.uleb128 0xe
 449 00c2 3A        		.uleb128 0x3a
 450 00c3 0B        		.uleb128 0xb
 451 00c4 3B        		.uleb128 0x3b
 452 00c5 05        		.uleb128 0x5
 453 00c6 39        		.uleb128 0x39
 454 00c7 0B        		.uleb128 0xb
 455 00c8 49        		.uleb128 0x49
 456 00c9 13        		.uleb128 0x13
 457 00ca 00        		.byte	0
 458 00cb 00        		.byte	0
 459 00cc 0F        		.uleb128 0xf
 460 00cd 2E        		.uleb128 0x2e
 461 00ce 01        		.byte	0x1
 462 00cf 3F        		.uleb128 0x3f
 463 00d0 0C        		.uleb128 0xc
 464 00d1 03        		.uleb128 0x3
 465 00d2 0E        		.uleb128 0xe
 466 00d3 3A        		.uleb128 0x3a
 467 00d4 0B        		.uleb128 0xb
 468 00d5 3B        		.uleb128 0x3b
 469 00d6 05        		.uleb128 0x5
 470 00d7 39        		.uleb128 0x39
 471 00d8 0B        		.uleb128 0xb
 472 00d9 27        		.uleb128 0x27
 473 00da 0C        		.uleb128 0xc
 474 00db 3C        		.uleb128 0x3c
 475 00dc 0C        		.uleb128 0xc
 476 00dd 00        		.byte	0
 477 00de 00        		.byte	0
 478 00df 10        		.uleb128 0x10
 479 00e0 05        		.uleb128 0x5
 480 00e1 00        		.byte	0
 481 00e2 49        		.uleb128 0x49
 482 00e3 13        		.uleb128 0x13
 483 00e4 00        		.byte	0
 484 00e5 00        		.byte	0
 485 00e6 00        		.byte	0
 486               		.section	.gnu.debuglto_.debug_line,"",@progbits
 487               	.Ldebug_line0:
 488 0000 A900 0000 		.long	.LELT0-.LSLT0
 489               	.LSLT0:
 490 0004 0200      		.word	0x2
 491 0006 A300 0000 		.long	.LELTP0-.LASLTP0
 492               	.LASLTP0:
 493 000a 01        		.byte	0x1
 494 000b 01        		.byte	0x1
 495 000c F6        		.byte	0xf6
 496 000d F2        		.byte	0xf2
 497 000e 0D        		.byte	0xd
 498 000f 00        		.byte	0
 499 0010 01        		.byte	0x1
 500 0011 01        		.byte	0x1
 501 0012 01        		.byte	0x1
 502 0013 01        		.byte	0x1
 503 0014 00        		.byte	0
 504 0015 00        		.byte	0
 505 0016 00        		.byte	0
 506 0017 01        		.byte	0x1
 507 0018 00        		.byte	0
 508 0019 00        		.byte	0
 509 001a 01        		.byte	0x1
 510 001b 653A 5C67 		.ascii	"e:\\game\\msys2\\mingw64\\avr\\include"
 510      616D 655C 
 510      6D73 7973 
 510      325C 6D69 
 510      6E67 7736 
 511 003c 00        		.byte	0
 512 003d 653A 5C67 		.ascii	"e:\\game\\msys2\\mingw64\\avr\\include\\util"
 512      616D 655C 
 512      6D73 7973 
 512      325C 6D69 
 512      6E67 7736 
 513 0063 00        		.byte	0
 514 0064 6472 6976 		.ascii	"drivers/avr"
 514      6572 732F 
 514      6176 72
 515 006f 00        		.byte	0
 516 0070 7175 616E 		.ascii	"quantum"
 516      7475 6D
 517 0077 00        		.byte	0
 518 0078 00        		.byte	0
 519 0079 7374 6469 		.string	"stdint.h"
 519      6E74 2E68 
 519      00
 520 0082 01        		.uleb128 0x1
 521 0083 00        		.uleb128 0
 522 0084 00        		.uleb128 0
 523 0085 636F 6C6F 		.string	"color.h"
 523      722E 6800 
 524 008d 04        		.uleb128 0x4
 525 008e 00        		.uleb128 0
 526 008f 00        		.uleb128 0
 527 0090 7773 3238 		.string	"ws2812.c"
 527      3132 2E63 
 527      00
 528 0099 03        		.uleb128 0x3
 529 009a 00        		.uleb128 0
 530 009b 00        		.uleb128 0
 531 009c 7574 696C 		.string	"util\\delay.h"
 531      5C64 656C 
 531      6179 2E68 
 531      00
 532 00a9 01        		.uleb128 0x1
 533 00aa 00        		.uleb128 0
 534 00ab 00        		.uleb128 0
 535 00ac 00        		.byte	0
 536               	.LELTP0:
 537               	.LELT0:
 538               		.section	.gnu.debuglto_.debug_str,"MS",@progbits,1
 539               	.LASF29:
 540 0000 443A 5C44 		.string	"D:\\Download\\qmk_firmware\\vial-qmk"
 540      6F77 6E6C 
 540      6F61 645C 
 540      716D 6B5F 
 540      6669 726D 
 541               	.LASF17:
 542 0022 6C65 6461 		.string	"ledarray"
 542      7272 6179 
 542      00
 543               	.LASF4:
 544 002b 756E 7369 		.string	"unsigned int"
 544      676E 6564 
 544      2069 6E74 
 544      00
 545               	.LASF21:
 546 0038 5F5F 7573 		.string	"__us"
 546      00
 547               	.LASF25:
 548 003d 5F5F 6275 		.string	"__builtin_avr_delay_cycles"
 548      696C 7469 
 548      6E5F 6176 
 548      725F 6465 
 548      6C61 795F 
 549               	.LASF24:
 550 0058 7773 3238 		.string	"ws2812_setleds"
 550      3132 5F73 
 550      6574 6C65 
 550      6473 00
 551               	.LASF11:
 552 0067 6461 7461 		.string	"data"
 552      00
 553               	.LASF1:
 554 006c 756E 7369 		.string	"unsigned char"
 554      676E 6564 
 554      2063 6861 
 554      7200 
 555               	.LASF18:
 556 007a 6E75 6D62 		.string	"number_of_leds"
 556      6572 5F6F 
 556      665F 6C65 
 556      6473 00
 557               	.LASF7:
 558 0089 6C6F 6E67 		.string	"long unsigned int"
 558      2075 6E73 
 558      6967 6E65 
 558      6420 696E 
 558      7400 
 559               	.LASF15:
 560 009b 6375 7262 		.string	"curbyte"
 560      7974 6500 
 561               	.LASF26:
 562 00a3 646F 7562 		.string	"double"
 562      6C65 00
 563               	.LASF14:
 564 00aa 6D61 736B 		.string	"maskhi"
 564      6869 00
 565               	.LASF22:
 566 00b1 5F5F 746D 		.string	"__tmp"
 566      7000 
 567               	.LASF27:
 568 00b7 474E 5520 		.string	"GNU C99 8.4.0 -mn-flash=1 -mno-skip-bug -mmcu=avr5 -gdwarf-2 -Os -std=gnu99 -funsigned-ch
 568      4339 3920 
 568      382E 342E 
 568      3020 2D6D 
 568      6E2D 666C 
 569               	.LASF28:
 570 01a8 6472 6976 		.string	"drivers/avr/ws2812.c"
 570      6572 732F 
 570      6176 722F 
 570      7773 3238 
 570      3132 2E63 
 571               	.LASF20:
 572 01bd 5F64 656C 		.string	"_delay_us"
 572      6179 5F75 
 572      7300 
 573               	.LASF9:
 574 01c7 6C6F 6E67 		.string	"long long unsigned int"
 574      206C 6F6E 
 574      6720 756E 
 574      7369 676E 
 574      6564 2069 
 575               	.LASF2:
 576 01de 7569 6E74 		.string	"uint8_t"
 576      385F 7400 
 577               	.LASF13:
 578 01e6 6D61 736B 		.string	"masklo"
 578      6C6F 00
 579               	.LASF12:
 580 01ed 6461 746C 		.string	"datlen"
 580      656E 00
 581               	.LASF8:
 582 01f4 6C6F 6E67 		.string	"long long int"
 582      206C 6F6E 
 582      6720 696E 
 582      7400 
 583               	.LASF16:
 584 0202 7372 6567 		.string	"sreg_prev"
 584      5F70 7265 
 584      7600 
 585               	.LASF23:
 586 020c 5F5F 7469 		.string	"__ticks_dc"
 586      636B 735F 
 586      6463 00
 587               	.LASF3:
 588 0217 7569 6E74 		.string	"uint16_t"
 588      3136 5F74 
 588      00
 589               	.LASF19:
 590 0220 7773 3238 		.string	"ws2812_sendarray_mask"
 590      3132 5F73 
 590      656E 6461 
 590      7272 6179 
 590      5F6D 6173 
 591               	.LASF6:
 592 0236 7569 6E74 		.string	"uint32_t"
 592      3332 5F74 
 592      00
 593               	.LASF5:
 594 023f 6C6F 6E67 		.string	"long int"
 594      2069 6E74 
 594      00
 595               	.LASF10:
 596 0248 6352 4742 		.string	"cRGB"
 596      00
 597               	.LASF0:
 598 024d 7369 676E 		.string	"signed char"
 598      6564 2063 
 598      6861 7200 
 599               		.text
 600               		.section	.gnu.lto_.profile.431fab57,"",@progbits
 601 0000 789C 6367 		.string	"x\234cg`f`d"
 601      6066 6064 
 601      00
 602 0009 0200      		.string	"\002"
 603 000b 00        		.string	""
 604 000c 6200      		.string	"b"
 605 000e 0C        		.ascii	"\f"
 606               		.text
 607               		.section	.gnu.lto_.icf.431fab57,"",@progbits
 608 0000 789C 6367 		.string	"x\234cg`f\340c@"
 608      6066 E063 
 608      4000 
 609 000a 2686 93D3 		.string	"&\206\223\323Nmed<\260\177\357\022\036\006"
 609      4E6D 6564 
 609      3CB0 7FEF 
 609      121E 0600 
 610 001a 2E2D 05E7 		.ascii	".-\005\347"
 611               		.text
 612               		.section	.gnu.lto_.jmpfuncs.431fab57,"",@progbits
 613 0000 789C 558E 		.ascii	"x\234U\216=\n\302@\020\205\347\315\004\022\020\314\005\322y\032"
 613      3D0A C240 
 613      1085 E7CD 
 613      0412 10CC 
 613      05D2 791A 
 614 0014 2FE5 4FA1 		.ascii	"/\345O\241\210\205\306r\261\320\316\312\023\304h\032\305\332"
 614      8885 C672 
 614      B1D0 CECA 
 614      13C4 681A 
 614      C5DA 
 615 0026 4E3C 80AD 		.ascii	"N<\200\255\304\3022\276u\213\340\300[\226\307\367\315n,&OiG%"
 615      C4C2 32BE 
 615      758B E0C0 
 615      5B96 C7F7 
 615      CD6E 2C26 
 616 003e 0227 1D3A 		.ascii	"\002'\035:\023\006\214\372@\001\2033\363\245be\270\3346\353h"
 616      1306 8CFA 
 616      4001 8333 
 616      F3A5 6265 
 616      B8DC 36EB 
 617 0053 66CE 228C 		.ascii	"f\316\"\214z(\220\t*\360\312C$\321\001\227\371B\230\2461\321"
 617      7A28 9009 
 617      2AF0 CA43 
 617      24D1 0197 
 617      F942 98A6 
 618 0069 3E9D 497D 		.ascii	">\235I}\337u\275\343\227\035\220\341\017i\205\017\277@|\274\314"
 618      DF75 BDE3 
 618      971D 90E1 
 618      0F69 850F 
 618      BF40 7CBC 
 619 007e F7A9 C795 		.ascii	"\367\251\307\225`\211\214U\275\330>\020*BG\276\332\256\b\322"
 619      6089 8C55 
 619      BDD8 3E10 
 619      2A42 47BE 
 619      DAAE 08D2 
 620 0092 F53D CD3B 		.ascii	"\365=\315;\201Hp\372I\345\374\374\212CE\250\242\364\005\300\230"
 620      8148 70FA 
 620      49E5 FCFC 
 620      8A43 45A8 
 620      A2F4 05C0 
 621 00a7 39A9      		.ascii	"9\251"
 622               		.text
 623               		.section	.gnu.lto_.inline.431fab57,"",@progbits
 624 0000 789C 6367 		.string	"x\234cg`f(b@"
 624      6066 2862 
 624      4000 
 625 000a 2606 0699 		.string	"&\006\006\231\206\206\206\007li\214\214\214\002\214@\001# w\001[\032\003\003\033\220\321\
 625      8686 8607 
 625      6C69 8C8C 
 625      8C02 8C40 
 625      0123 2077 
 626 0055 B389 17C9 		.ascii	"\263\211\027\311"
 627               		.text
 628               		.section	.gnu.lto_.pureconst.431fab57,"",@progbits
 629 0000 789C 6367 		.string	"x\234cg`f`g```b\330\305\3128\213\005"
 629      6066 6067 
 629      6060 6062 
 629      D8C5 CA38 
 629      8B05 00
 630 0013 05EB 0172 		.ascii	"\005\353\001r"
 631               		.text
 632               		.section	.gnu.lto_ws2812_sendarray_mask.431fab57,"",@progbits
 633 0000 789C 8554 		.string	"x\234\205TkL\\E\024\2363s\357\276\267\030\023\233Z!\331\220@\232J(\320Z\210I\215\232\370\
 633      6B4C 5C45 
 633      149E 3373 
 633      EFBE B718 
 633      139B 5A21 
 634 0073 0879 8D10 		.string	"\by\215\020\002&\002\224s\376\254\331o\241\240\bK\361[\230au[\024\312\006o/\246(\334\246\
 634      0226 0294 
 634      73FE ACD9 
 634      6FA1 A008 
 634      4BF1 5B98 
 635 00d8 282E 0747 		.string	"(.\007G\246\347,bI\341\021\\\266\316\365\035\007\266\t\b\332\335g\277\030\264oi\346\274\2
 635      A6E7 2C62 
 635      49E1 115C 
 635      B6CE F51D 
 635      07B6 0908 
 636 01ab 4FAF 0556 		.string	"O\257\005VH\340D\307\201N\007{Y\002'.\266u\207\016\275\365\\\b\370\363Z\340\212\f\276rd\2
 636      48E0 44C7 
 636      814E 077B 
 636      5902 272E 
 636      B675 870E 
 637 029a A2F1 FF57 		.string	"\242\361\377W\320\031\232\"t\034\212bU%\303},\244\252\265\352qCJ\321w\245uf]\2125\200\263
 637      D019 9A22 
 637      741C 8A62 
 637      5525 C37D 
 637      2CA4 AAB5 
 638 02d8 843E 9CD9 		.ascii	"\204>\234\331\372\243B\237*\230\006\245\274\337B\362\232Ar\236"
 638      FAA3 429F 
 638      2A98 06A5 
 638      BCDF 42F2 
 638      9A41 729E 
 639 02ec 11FA 6C32 		.ascii	"\021\372l2\211o\215$f\240D\352S\260\326\231\310\327\325V\266"
 639      896F 8D24 
 639      66A0 44EA 
 639      53B0 D699 
 639      C8D7 D556 
 640 0301 648D BE4B 		.ascii	"d\215\276Ku\201Vq\304\315\275\373.DH\201CB z\232\207\216\034"
 640      7581 5671 
 640      C4CD BDFB 
 640      2E44 4881 
 640      4342 207A 
 641 0319 A4E8 810B 		.ascii	"\244\350\201\013\240\004\230\023w~\007Q\213\177\333\276\2346"
 641      A004 9813 
 641      777E 0751 
 641      8B7F DBBE 
 641      9C36 
 642 032b 452F 1A60 		.ascii	"E/\032`\233\b\355\035\331W\256H\360\260\001\236\034<6g\023\340"
 642      9B08 ED1D 
 642      D957 AE48 
 642      F0B0 019E 
 642      1C3C 3667 
 643 0341 1101 B6E1 		.ascii	"\021\001\266\341\316E\tn\277\335R)?\"v\260\343\262\345\207\317"
 643      CE45 096E 
 643      BFDD 5229 
 643      3F22 76B0 
 643      E3B2 E587 
 644 0356 FE56 A3EF 		.ascii	"\376V\243\357\205s-,\217-P\3115fpU\317\3155\330\005\3278(0*5"
 644      8573 2D2C 
 644      8F2D 50C9 
 644      3566 7055 
 644      CFCD 35D8 
 645 0371 4F3C 3C93 		.ascii	"O<<\223Kk3\271,2\261\343\316\344\303\301\177\254\005_\021`\007"
 645      4B6B 33B9 
 645      2C32 B1E3 
 645      CEE4 C3C1 
 645      7FAC 055F 
 646 0388 EE5C 9585 		.ascii	"\356\\\225\2057\312\327/\256\332)\253\257\210\332(z\365\365I"
 646      37CA D72F 
 646      AEDA 29AB 
 646      AF88 DA28 
 646      7AF5 F549 
 647 039c 0930 AADB 		.ascii	"\t0\252\333\262\310 \013\362U\325\023\241\2568P\372\265Qp\013"
 647      B2C8 200B 
 647      F255 D513 
 647      A1AE 3850 
 647      FAB5 5170 
 648 03b1 46E2 5973 		.ascii	"F\342Ys3\363\325\362j\024\371\341\236\202\260>\221t\026r\025"
 648      33F3 D5F2 
 648      6A14 F9E1 
 648      9E82 B03E 
 648      9174 1672 
 649 03c6 8A6F F48C 		.ascii	"\212o\364\214\203\016\243\341}\202\225\205k \247~\026 \300L\224"
 649      830E A3E1 
 649      7D82 9585 
 649      6B20 A77E 
 649      1620 C04C 
 650 03db 6063 B1D1 		.ascii	"`c\261\321\305\323l\026h\200\231\305\332\302:\026\007(&\253\206"
 650      C5D3 6C16 
 650      6880 99C5 
 650      DAC2 3A16 
 650      0728 26AB 
 651 03f0 CFDF 4A8D 		.ascii	"\317\337J\215\032\032\272\332\376\315\302\\;Q\033W\317\323ul"
 651      1A1A BADA 
 651      FECD C25C 
 651      3B51 1B57 
 651      CFD3 756C 
 652 0404 3831 41B7 		.ascii	"81A\267\260\347\032\002`\f\200\030q\220\274x\201\217ehY\371n"
 652      B0E7 1A02 
 652      600C 8018 
 652      7190 BC78 
 652      818F 6568 
 653 041b CDB7 2D35 		.ascii	"\315\267-5_\333\366\216/)%1)>\235(\031\251y\251\217\206\226\361"
 653      5FDB F68E 
 653      2F29 2531 
 653      293E 9D28 
 653      19A9 79A9 
 654 0433 294F A5EF 		.ascii	")O\245\357L\332\231\274\203\230\320\357q\347\230\262S}o{\274"
 654      4CDA 99BC 
 654      8398 D0EF 
 654      71E7 98B2 
 654      537D 6F7B 
 655 0448 F295 9965 		.ascii	"\362\225\231e\365i\3567_\317\325\334\371,=O3\247\357\326\322"
 655      F569 EE37 
 655      5FCF D5DC 
 655      F92C 3D4F 
 655      33A7 EFD6 
 656 045d F6E4 B995 		.ascii	"\366\344\271\225tO\0261g\273\263\275\332\036RA]\372\343\311\310"
 656      744F 1631 
 656      67BB B3BD 
 656      DA1E 5241 
 656      5DFA E3C9 
 657 0472 C2FF 9884 		.ascii	"\302\377\230\204\270\024\227\313f\365x\275\2711\273\236v\205"
 657      B814 97CB 
 657      66F5 78BD 
 657      B931 BB9E 
 657      7685 
 658 0484 3D36 AB61 		.ascii	"=6\253axw\347\211\310\244\270\230\355\350\314\361\346\206\366"
 658      7877 E789 
 658      C8A4 B898 
 658      EDE8 CCF1 
 658      E686 F6
 659 0497 B5B7 B273 		.ascii	"\265\267\262s]\361O&\334\017\365\245i>\fM\214K^\027\277\343\276"
 659      5DF1 4F26 
 659      DC0F F5A5 
 659      693E 0C4D 
 659      8C4B 5E17 
 660 04ae D3E3 F308 		.ascii	"\323\343\363\bg\242\316\264>\351\372\346\272\254\017\356g\270"
 660      67A2 CEB4 
 660      3EE9 FAE6 
 660      BAAC 0FEE 
 660      67B8 
 661 04c0 D3A5 BE55 		.ascii	"\323\245\276UR\322\264\0347\236-\305\332\254D\331\025\233A\250"
 661      52D2 B41C 
 661      379E 2DC5 
 661      DAAC 44D9 
 661      159B 41A8 
 662 04d4 46E8 8BE4 		.ascii	"F\350\213\344?\325QY\331"
 662      3FD5 5159 
 662      D9
 663               		.text
 664               		.section	.gnu.lto_ws2812_setleds.431fab57,"",@progbits
 665 0000 789C 7D55 		.string	"x\234}UkL\233e\024~\317\367~\275BaY\242\321\004\027\210\206\020L@\021\221\370\303,1\376\3
 665      6B4C 9B65 
 665      147E CFF7 
 665      7EBD 4261 
 665      59A2 D104 
 666 007f 90A4 0A33 		.string	"\220\244\n3\260\003\n\034\200\017x-\207\277W\233\177\266e\366\340\033\2415\265>-z4\bq\306
 666      B003 0A1C 
 666      800F 782D 
 666      87BF 579B 
 666      7FB6 65F6 
 667 00b1 0A5E C726 		.string	"\n^\307&\177Y1\323U\201-xmY\374j\312\310\237\002\206\362_\265\237\216\0303\216\tQ*\264\36
 667      7F59 31D3 
 667      5581 2D78 
 667      6D59 FC6A 
 667      CAC8 9F02 
 668 010a 198C 308B 		.ascii	"\031\2140\213u7\233\222\371\353\022_?\3218bI\357\222\370\331"
 668      7537 9B92 
 668      F9EB 125F 
 668      3FD1 3862 
 668      49EF 92F8 
 669 011f 1B3C 28B4 		.ascii	"\033<(\264@j\210\033\340\242\316\361R\n\274\220Ba\245\335RH\375"
 669      406A 881B 
 669      E0A2 CEF1 
 669      520A BC90 
 669      4261 A5DD 
 670 0136 ECE8 FAFD 		.ascii	"\354\350\372\375\004\376\246\204\256,\367\255X\303\320\2617\304"
 670      04FE A684 
 670      AE2C F7AD 
 670      58C3 D0B1 
 670      37C4 
 671 0148 41A1 10F0 		.ascii	"A\241\020\360r<pT\002\027\316l4\330\214*|\007\351p\t\322\303"
 671      723C 7054 
 671      0217 CE6C 
 671      34D8 8C2A 
 671      7C07 E970 
 672 015f 0983 2B60 		.ascii	"\t\203+`d\300\230\022y\376\371\230A\023\033\233\225B\333\350"
 672      64C0 9812 
 672      79FE F998 
 672      4113 1B9B 
 672      9542 DBE8 
 673 0173 8223 E7CE 		.ascii	"\202#\347\316A\022\240\373F\205\016N\207J\207\001\017\223\231"
 673      4112 A0FB 
 673      4685 0E4E 
 673      874A 8701 
 673      0F93 99
 674 0186 11C8 C208 		.ascii	"\021\310\302\bf\005\n"
 674      6605 0A
 675 018d 2E01 2841 		.string	".\001(A\214\225sV\212\365QAh\254\202+\001)\227il\021D\307\335Li\363W\270\330X\375\233\211
 675      8C95 7356 
 675      8AF5 5141 
 675      68AC 822B 
 675      0129 9769 
 676 028e A3B4 8478 		.string	"\243\264\204x\2024\361\217\"Q\021\353\210~\330V\276\306\365\351\244h\246[7\257\333\364\35
 676      8234 F18F 
 676      2251 11EB 
 676      887E D856 
 676      BEC6 F5E9 
 677 037f 2C76 B3CC 		.ascii	",v\263\314\342\006\231\241T`\006`\016\263\300\344I\r\360u\227"
 677      E206 99A1 
 677      5460 0660 
 677      0EB3 C0E4 
 677      490D F075 
 678 0394 1295 7B9F 		.ascii	"\022\225{\237\213\212\027\"bi\373\016\222\210\002\t\257\215."
 678      8B8A 1722 
 678      6269 FB0E 
 678      9288 0209 
 678      AF8D 2E
 679 03a7 8C9B C265 		.ascii	"\214\233\302e\260\305\227a^/C\307\361n\036\005\277/\3013\022"
 679      B0C5 9761 
 679      5E2F 43C7 
 679      F16E 1E05 
 679      BF2F C133 
 680 03bc 7C65 ACAD 		.ascii	"|e\254\255Y.\016\033\210g\341\216lz\321\361e\267\356\300\022"
 680      592E 0E1B 
 680      8867 E18E 
 680      6C7A D1F1 
 680      65B7 EEC0 
 681 03d1 0453 A510 		.ascii	"\004S\245\020\327\301I\365\270\364\251r\260@ML\270\020O&\362"
 681      D7C1 49F5 
 681      B8F4 A972 
 681      B040 4D4C 
 681      B810 4F26 
 682 03e6 F9EA 39AB 		.ascii	"\371\3529\253\034\031\252\362\177\0034\363\310m\226n\177\240"
 682      1C19 AAF2 
 682      7F03 34F3 
 682      C86D 966E 
 682      7FA0 
 683 03f8 279D 7244 		.ascii	"'\235rD\345\377P9\3564\271\370\260)\236(\364\271\367\271|\376"
 683      E5FF 5039 
 683      EE34 B9F8 
 683      B029 9E28 
 683      F4B9 F7B9 
 684 040e 6CE7 3E5F 		.ascii	"l\347>_\366~\177N\376\2139Y\005\314\354q\025:}>g\311\326\310"
 684      F67E 7F4E 
 684      FE8B 3959 
 684      05CC EC71 
 684      153A 7D3E 
 685 0426 A3AC FC97 		.ascii	"\243\254\374\227\013\362r\362^\311eIE\305\336\035.\237c\317\273"
 685      0BF2 72F2 
 685      5EC9 6549 
 685      45C5 DE1D 
 685      2E9F 63CF 
 686 043b 0ED4 F21B 		.ascii	"\016\324\362\033\275N\377\356]n\371\343\331\243:\034\305\376"
 686      BD4E FFEE 
 686      5D6E F9E3 
 686      D9A3 3A1C 
 686      C5FE 
 687 044d 6CD7 ABF6 		.ascii	"l\327\253\366\235N\257\313\356\365\227\370s\354^w\321\316\375"
 687      9D4E AFCB 
 687      EEF5 97F8 
 687      73EC 5E77 
 687      D1CE FD
 688 0460 79B9 76B4 		.ascii	"y\271v\264`w\027\025x\212\013]\366\342\275n\217\275\320\345q"
 688      6077 1715 
 688      788A 0B5D 
 688      F6E2 BD6E 
 688      8FBD D0E5 
 689 0475 9664 ED62 		.ascii	"\226d\355bV\207c\257\273`\267\337QX`@\321\373\336\277\256\251"
 689      5687 63AF 
 689      BB60 B7DF 
 689      5158 6040 
 689      D1FB DEBF 
 690 048b 4BDA      		.ascii	"K\332"
 691               		.text
 692               		.section	.gnu.lto_.symbol_nodes.431fab57,"",@progbits
 693 0000 789C 6367 		.string	"x\234cg`fHa"
 693      6066 4861 
 693      00
 694 0009 0226 F67A 		.string	"\002&\366z\206\217\277VX0N8\307\300P\317\300\260\263\341`\003\033\003#H\206\255\236\261\2
 694      868F BF56 
 694      5830 4E38 
 694      C7C0 50CF 
 694      C0B0 B3E1 
 695 0054 40D3 1F3B 		.ascii	"@\323\037;"
 696               		.text
 697               		.section	.gnu.lto_.refs.431fab57,"",@progbits
 698 0000 789C 6367 		.string	"x\234cg`f`d"
 698      6066 6064 
 698      00
 699 0009 0200      		.string	"\002"
 700 000b 00        		.string	""
 701 000c 6200      		.string	"b"
 702 000e 0C        		.ascii	"\f"
 703               		.text
 704               		.section	.gnu.lto_.decls.431fab57,"",@progbits
 705 0000 789C 8D56 		.string	"x\234\215VmLSW\030>\357\275\245\205k\253\246\352B\226\376 1\304\230,\200\350\020\335\277m
 705      6D4C 5357 
 705      183E EFBD 
 705      A585 6BAB 
 705      A6EA 4296 
 706 00f7 E07C 7FEE 		.ascii	"\340|\177\356\300\003-\237\323\340\002\317\275\001\215(\260\373"
 706      C003 2D9F 
 706      D3E0 02CF 
 706      BD01 8D28 
 706      B0FB 
 707 0109 5FAA CE76 		.ascii	"_\252\316v\251\223~\225\371\025\235H\240\031DV%n\021}~\242\242"
 707      A993 7E95 
 707      F915 9D48 
 707      A019 4456 
 707      256E 117D 
 708 0120 E6A2 4E5C 		.ascii	"\346\242N\\\313\260\267}\203\373\243\245BY\316\223[\216\310\352"
 708      CBB0 B77D 
 708      83FB A3A5 
 708      4259 CE93 
 708      5B8E C8EA 
 709 0134 5802 6B0D 		.ascii	"X\002k\r\220d \360\007\260\334-\220D\240\t\fp\001\f\024_?xvD"
 709      9064 20F0 
 709      07B0 DC2D 
 709      9044 A009 
 709      0C70 010C 
 710 014e A5DD 4BF1 		.ascii	"\245\335K\361\035\262,\305B+H\320\210\317\317\343s\002m\240e"
 710      1DB2 2CC5 
 710      422B 48D0 
 710      88CF CFE3 
 710      7302 6DA0 
 711 0163 AB8A 236D 		.ascii	"\253\212#m\241\254v\202r\336\212\234\003b\004\351\255\234tSQ"
 711      A1AC 7682 
 711      72DE 8A9C 
 711      0362 04E9 
 711      AD9C 7453 
 712 0178 FF90 247E 		.ascii	"\377\220$~\304\356}\356\002o\024'\302\022\223PV\370\023X\004"
 712      C4EE 7DEE 
 712      026F 1427 
 712      C212 9350 
 712      56F8 1358 
 713 018d A372 099D 		.ascii	"\243r\t\235\027\251\3632H\030\325}\246\035\237~\3122\264\325"
 713      17A9 F332 
 713      4818 D57D 
 713      A61D 9F7E 
 713      CA32 B4D5 
 714 01a1 DCEE 568B 		.ascii	"\334\356V\213\233\330\375om\257\373\264\342g\354\276\356\340"
 714      9BD8 FD6F 
 714      6DAF FBB4 
 714      E267 ECBE 
 714      EEE0 
 715 01b3 EBBB 924A 		.ascii	"\353\273\222J \320\316V\001=\207z\246\334:\276\322\224U\215\367"
 715      20D0 CE56 
 715      013D 877A 
 715      A6DC 3ABE 
 715      D294 558D 
 716 01c8 D44C 145F 		.ascii	"\324L\024_\351X\234\226\273k\037\211\342\026\032\033uv\372X\n"
 716      E958 9C96 
 716      BB6B 1F89 
 716      E216 1A1B 
 716      7576 FA58 
 717 01dd 2C8B 8F8F 		.ascii	",\213\217\217_]D\327\322+\003\022\273\216\034\256\241]\005\025"
 717      5F5D 44D7 
 717      D22B 0312 
 717      BB8E 1CAE 
 717      A15D 0515 
 718 01f1 819B B08C 		.ascii	"\201\233\260\2142\203[\260\032: \036\272\320:!\236\256\302Q\266"
 718      3283 5BB0 
 718      1A3A 201E 
 718      BAD0 3A21 
 718      9EAE C251 
 719 0206 AA37 4BE3 		.ascii	"\2527K\343z\362s\345\272"
 719      7AF2 73E5 
 719      BA
 720 020f AFD8 525D 		.string	"\257\330R]\301^h\b_e\002\211\364k\215!\204\356\332$\177\317\027\365\306<$_\340\bh{\b\352\
 720      C15E 6808 
 720      5F65 0289 
 720      F46B 8D21 
 720      84EE DA24 
 721 0310 51F2 0582 		.string	"Q\362\005\202\027\317\255@\302\t\251O\b\212\206\347W`@\017:\345$W2\360\274\021\004\346<\3
 721      17CF AD40 
 721      C209 A94F 
 721      088A 86E7 
 721      5760 400F 
 722 0377 5390 2CC7 		.string	"S\220,\307\001\244\277\027\332:>\324!\201!Pq&\335\275\236~\325\312J\271\305+\267\370N|p\2
 722      01A4 BF17 
 722      DA3A 3ED4 
 722      2181 2150 
 722      7126 DDBD 
 723 0418 0F3F E331 		.ascii	"\017?\3431\032\344Q\275\273&7\006yx\021\352;\267\321\323X,\027"
 723      1AE4 51BD 
 723      BB26 3706 
 723      7978 11EA 
 723      3BB7 D1D3 
 724 042f BAE5 3839 		.ascii	"\272\34589\206\002a$\202\312\210\3622\"\360\234\221\370!\320"
 724      8602 6124 
 724      82CA 88F2 
 724      3222 F09C 
 724      91F8 21D0 
 725 0443 B857 43F7 		.ascii	"\270WC\367J\376\273\275\202\212NN\367\307Dn\352\027s^Ac\312\246"
 725      4AFE BBBD 
 725      828A 4E4E 
 725      F7C7 446E 
 725      EA17 735E 
 726 045b 1E63 9BFA 		.ascii	"\036c\233\372\310\236\207\263\300\267\251\232\356\260\206\335"
 726      C89E 87B3 
 726      C0B7 A99A 
 726      EEB0 86DD 
 727 046b 4DEC 2D23 		.ascii	"M\354-#+\261\372\310\320W \261#\031^\362J\356\337[<\032\036\254"
 727      2BB1 FAC8 
 727      D057 20B1 
 727      2319 5EF2 
 727      4AEE DF5B 
 728 0483 C169 4371 		.ascii	"\301iCq\336\236\305|\217\247Rm\274\2710\251\025\247\331\342\211"
 728      DE9E C57C 
 728      8FA7 526D 
 728      BCB9 30A9 
 728      15A7 D9E2 
 729 0498 CD2D 9D05 		.ascii	"\315-\235\005:\220\f\200\311\340-\257\3237\330\313\004K?\205"
 729      3A90 0C80 
 729      C9E0 2DAF 
 729      D337 D8CB 
 729      044B 3F85 
 730 04ac 8849 CC5F 		.ascii	"\210I\314_*#\314\377-\363\226\342!FG\314\332x\272\301+\351\367"
 730      2A23 CCFF 
 730      2DF3 96E2 
 730      2146 47CC 
 730      DA78 BAC1 
 731 04c3 5386 F40B 		.ascii	"S\206\364\013w\b>\200\327\0304\3168N\203>\310\224MhS\305\017"
 731      7708 3E80 
 731      D718 34CE 
 731      384E 833E 
 731      C894 4D68 
 732 04da 0E6A 166C 		.ascii	"\016j\026lj&\330\3245\336Ty\365\324\220\212\027\360\207\013\004"
 732      6A26 D8D4 
 732      35DE 5479 
 732      F5D4 908A 
 732      17F0 870B 
 733 04ef 8F27 02B3 		.ascii	"\217'\002\263\254\300\f/0\313\n\224\267\313\303\260`\201@\260"
 733      ACC0 0C2F 
 733      30CB 0A94 
 733      B7CB C3B0 
 733      6081 40B0 
 734 0503 4012 CB7F 		.ascii	"@\022\313\177\341\247\366\323\321<\177G8\177\030.\013\372`\020"
 734      E1A7 F6D3 
 734      D13C 7F47 
 734      387F 182E 
 734      0BFA 6010 
 735 0517 9B60 C8AB 		.ascii	"\233`\310\253\321\252GQ\221\277(\335[\341\210\\\201\377\2428"
 735      D1AA 4751 
 735      91BF 28DD 
 735      5BE1 885C 
 735      81FF A238 
 736 052b 22B8 F558 		.ascii	"\"\270\365X}\311\2343\335?\007\234\247\200\363\030\270\246\266"
 736      7DC9 9C33 
 736      DD3F 079C 
 736      A780 F318 
 736      B8A6 B6
 737 053e F986 20E6 		.ascii	"\371\206 \346\362\377E\265\247\016\327-\026\367\361\311\276\326"
 737      F2FF 45B5 
 737      A70E D72D 
 737      16F7 F1C9 
 737      BED6 
 738 0550 B672 35FD 		.ascii	"\266r5\375W\360\235\240\374+\b\353\177\313\242w\320\377n\201"
 738      57F0 9DA0 
 738      FC2B 08EB 
 738      7FCB A277 
 738      D0FF 6E81 
 739 0564 EADF 2D28 		.ascii	"\352\337-(\372\277\3320\354Q+'\305l\263\3007b\245Da\220/(\352"
 739      FABF DA30 
 739      EC51 2B27 
 739      C56C B3C0 
 739      3762 A544 
 740 057d 8702 4105 		.ascii	"\207\002A\005\205\302J\352\tm\307Q$\201>\262\334\222i\313\266"
 740      85C2 4AEA 
 740      096D C751 
 740      2481 3EB2 
 740      DC92 69CB 
 741 0592 663A 134D 		.ascii	"f:\023M\331\231\211\273\234\311\251k\222\023\314\321\233?\377"
 741      D999 89BB 
 741      9CC9 A96B 
 741      9213 CCD1 
 741      9B3F FF
 742 05a5 32EE 930D 		.ascii	"2\356\223\r\033\210>\350IH\375\320\234\222\234\262~\035\321d"
 742      1B88 3EE8 
 742      4948 FDD0 
 742      9C92 9CB2 
 742      7E1D D164 
 743 05b9 D91C AE54 		.ascii	"\331\034\256T\243+\232\216kR\214.\310\204\355\352\257M\346\035"
 743      A32B 9A8E 
 743      6B52 8C2E 
 743      C884 EDEA 
 743      AF4D E61D 
 744 05cd 560B 6CD3 		.ascii	"V\013l\323'$~\223er\270\2622\022\315;\355;3\023\322\211\312\374"
 744      2724 7E93 
 744      6572 B8B2 
 744      3212 CD3B 
 744      ED3B 3313 
 745 05e5 C5E6 8F45 		.ascii	"\305\346\217E4\026\2616\331\350Z\301\263\032\235V\207\305\224"
 745      3416 B136 
 745      D9E8 5AC1 
 745      B31A 9D56 
 745      87C5 94
 746 05f8 9969 CA31 		.ascii	"\231i\3121f\230\234;V\274\215\tY\034\302\272\354V\213\363}\243"
 746      6698 9C3B 
 746      56BC 8D09 
 746      591C C2BA 
 746      EC56 8BF3 
 747 060e 715B 96CD 		.ascii	"q[\226\315\356\2629\214\b3Z\254v\2146\347\230\355Vg\242uc\332"
 747      EEB2 398C 
 747      0833 5AAC 
 747      768C 36E7 
 747      98ED 5667 
 748 0626 7653 8635 		.ascii	"vS\2065-\303\231\343LN\313\2609\266\357JY\227\206\2604\233\303"
 748      2DC3 99E3 
 748      4C4E CBB0 
 748      39B6 EF4A 
 748      5997 86B0 
 749 063d 6CCF B258 		.ascii	"l\317\262X\323\262\\6{\032\213a\274\322M\2311J\212,\247\316d"
 749      D3B2 5C36 
 749      7B1A 8B61 
 749      BCD2 4D99 
 749      314A 8A2C 
 750 0654 DF65 CA71 		.ascii	"\337e\312q\032m\016\273\315a\375\027+1%\267"
 750      1A6D 0EBB 
 750      CD61 FD17 
 750      2B31 25B7 
 751               		.text
 752               		.section	.gnu.lto_.symtab.431fab57,"",@progbits
 753 0000 7773 3238 		.string	"ws2812_setleds"
 753      3132 5F73 
 753      6574 6C65 
 753      6473 00
 754 000f 00        		.string	""
 755 0010 00        		.string	""
 756 0011 00        		.string	""
 757 0012 00        		.string	""
 758 0013 00        		.string	""
 759 0014 00        		.string	""
 760 0015 00        		.string	""
 761 0016 00        		.string	""
 762 0017 00        		.string	""
 763 0018 00        		.string	""
 764 0019 00        		.string	""
 765 001a ED00      		.string	"\355"
 766 001c 00        		.string	""
 767 001d 00        		.string	""
 768               		.text
 769               		.section	.gnu.lto_.opts,"",@progbits
 770 0000 272D 666E 		.ascii	"'-fn"
 771 0004 6F2D 6F70 		.string	"o-openmp' '-fno-openacc' '-fno-pie' '-mn-flash=1' '-mno-skip-bug' '-mmcu=avr5' '-Os' '-We
 771      656E 6D70 
 771      2720 272D 
 771      666E 6F2D 
 771      6F70 656E 
 772               		.text
 773               		.comm	__gnu_lto_v1,1,1
 774               		.comm	__gnu_lto_slim,1,1
 775               		.ident	"GCC: (GNU) 8.4.0"
DEFINED SYMBOLS
                            *ABS*:0000000000000000 ws2812.c
C:\Users\Roningo\AppData\Local\Temp\cch0E74d.s:2      *ABS*:000000000000003e __SP_H__
C:\Users\Roningo\AppData\Local\Temp\cch0E74d.s:3      *ABS*:000000000000003d __SP_L__
C:\Users\Roningo\AppData\Local\Temp\cch0E74d.s:4      *ABS*:000000000000003f __SREG__
C:\Users\Roningo\AppData\Local\Temp\cch0E74d.s:5      *ABS*:0000000000000000 __tmp_reg__
C:\Users\Roningo\AppData\Local\Temp\cch0E74d.s:6      *ABS*:0000000000000001 __zero_reg__
C:\Users\Roningo\AppData\Local\Temp\cch0E74d.s:15     .gnu.debuglto_.debug_info:0000000000000000 ws2812.c.85c62674
                            *COM*:0000000000000001 __gnu_lto_v1
                            *COM*:0000000000000001 __gnu_lto_slim

NO UNDEFINED SYMBOLS
