   1               		.file	"host.c"
   2               	__SP_H__ = 0x3e
   3               	__SP_L__ = 0x3d
   4               	__SREG__ = 0x3f
   5               	__tmp_reg__ = 0
   6               	__zero_reg__ = 1
   7               		.file 1 "e:\\game\\msys2\\mingw64\\avr\\include\\stdint.h"
   8               		.file 2 "tmk_core/common/report.h"
   9               		.file 3 "tmk_core/common/host_driver.h"
  10               		.file 4 "quantum/led.h"
  11               		.file 5 "tmk_core/common/host.h"
  12               		.file 6 "tmk_core/common/debug.h"
  13               		.file 7 "tmk_core/common/host.c"
  14               		.section	.gnu.debuglto_.debug_info,"",@progbits
  15               	.Ldebug_info0:
  16               		.hidden	host.c.c6ae40f6
  17               		.weak	host.c.c6ae40f6
  18               	host.c.c6ae40f6:
  19 0000 5204 0000 		.long	0x452
  20 0004 0200      		.word	0x2
  21 0006 0000 0000 		.long	.Ldebug_abbrev0
  22 000a 04        		.byte	0x4
  23 000b 01        		.uleb128 0x1
  24 000c 0000 0000 		.long	.LASF50
  25 0010 0C        		.byte	0xc
  26 0011 0000 0000 		.long	.LASF51
  27 0015 0000 0000 		.long	.LASF52
  28 0019 0000 0000 		.long	.Ldebug_line0
  29 001d 02        		.uleb128 0x2
  30 001e 0000 0000 		.long	.LASF0
  31 0022 01        		.byte	0x1
  32 0023 7D        		.byte	0x7d
  33 0024 14        		.byte	0x14
  34 0025 2900 0000 		.long	0x29
  35 0029 03        		.uleb128 0x3
  36 002a 01        		.byte	0x1
  37 002b 06        		.byte	0x6
  38 002c 0000 0000 		.long	.LASF2
  39 0030 02        		.uleb128 0x2
  40 0031 0000 0000 		.long	.LASF1
  41 0035 01        		.byte	0x1
  42 0036 7E        		.byte	0x7e
  43 0037 16        		.byte	0x16
  44 0038 3C00 0000 		.long	0x3c
  45 003c 03        		.uleb128 0x3
  46 003d 01        		.byte	0x1
  47 003e 08        		.byte	0x8
  48 003f 0000 0000 		.long	.LASF3
  49 0043 04        		.uleb128 0x4
  50 0044 02        		.byte	0x2
  51 0045 05        		.byte	0x5
  52 0046 696E 7400 		.string	"int"
  53 004a 02        		.uleb128 0x2
  54 004b 0000 0000 		.long	.LASF4
  55 004f 01        		.byte	0x1
  56 0050 80        		.byte	0x80
  57 0051 16        		.byte	0x16
  58 0052 5600 0000 		.long	0x56
  59 0056 03        		.uleb128 0x3
  60 0057 02        		.byte	0x2
  61 0058 07        		.byte	0x7
  62 0059 0000 0000 		.long	.LASF5
  63 005d 03        		.uleb128 0x3
  64 005e 04        		.byte	0x4
  65 005f 05        		.byte	0x5
  66 0060 0000 0000 		.long	.LASF6
  67 0064 03        		.uleb128 0x3
  68 0065 04        		.byte	0x4
  69 0066 07        		.byte	0x7
  70 0067 0000 0000 		.long	.LASF7
  71 006b 03        		.uleb128 0x3
  72 006c 08        		.byte	0x8
  73 006d 05        		.byte	0x5
  74 006e 0000 0000 		.long	.LASF8
  75 0072 03        		.uleb128 0x3
  76 0073 08        		.byte	0x8
  77 0074 07        		.byte	0x7
  78 0075 0000 0000 		.long	.LASF9
  79 0079 05        		.uleb128 0x5
  80 007a 08        		.byte	0x8
  81 007b 02        		.byte	0x2
  82 007c AD        		.byte	0xad
  83 007d 05        		.byte	0x5
  84 007e B000 0000 		.long	0xb0
  85 0082 06        		.uleb128 0x6
  86 0083 0000 0000 		.long	.LASF10
  87 0087 02        		.byte	0x2
  88 0088 B1        		.byte	0xb1
  89 0089 11        		.byte	0x11
  90 008a 3000 0000 		.long	0x30
  91 008e 02        		.byte	0x2
  92 008f 23        		.byte	0x23
  93 0090 00        		.uleb128 0
  94 0091 06        		.uleb128 0x6
  95 0092 0000 0000 		.long	.LASF11
  96 0096 02        		.byte	0x2
  97 0097 B2        		.byte	0xb2
  98 0098 11        		.byte	0x11
  99 0099 3000 0000 		.long	0x30
 100 009d 02        		.byte	0x2
 101 009e 23        		.byte	0x23
 102 009f 01        		.uleb128 0x1
 103 00a0 06        		.uleb128 0x6
 104 00a1 0000 0000 		.long	.LASF12
 105 00a5 02        		.byte	0x2
 106 00a6 B3        		.byte	0xb3
 107 00a7 11        		.byte	0x11
 108 00a8 B000 0000 		.long	0xb0
 109 00ac 02        		.byte	0x2
 110 00ad 23        		.byte	0x23
 111 00ae 02        		.uleb128 0x2
 112 00af 00        		.byte	0
 113 00b0 07        		.uleb128 0x7
 114 00b1 3000 0000 		.long	0x30
 115 00b5 C000 0000 		.long	0xc0
 116 00b9 08        		.uleb128 0x8
 117 00ba 5600 0000 		.long	0x56
 118 00be 05        		.byte	0x5
 119 00bf 00        		.byte	0
 120 00c0 09        		.uleb128 0x9
 121 00c1 08        		.byte	0x8
 122 00c2 02        		.byte	0x2
 123 00c3 AB        		.byte	0xab
 124 00c4 09        		.byte	0x9
 125 00c5 DB00 0000 		.long	0xdb
 126 00c9 0A        		.uleb128 0xa
 127 00ca 7261 7700 		.string	"raw"
 128 00ce 02        		.byte	0x2
 129 00cf AC        		.byte	0xac
 130 00d0 0D        		.byte	0xd
 131 00d1 DB00 0000 		.long	0xdb
 132 00d5 0B        		.uleb128 0xb
 133 00d6 7900 0000 		.long	0x79
 134 00da 00        		.byte	0
 135 00db 07        		.uleb128 0x7
 136 00dc 3000 0000 		.long	0x30
 137 00e0 EB00 0000 		.long	0xeb
 138 00e4 08        		.uleb128 0x8
 139 00e5 5600 0000 		.long	0x56
 140 00e9 07        		.byte	0x7
 141 00ea 00        		.byte	0
 142 00eb 02        		.uleb128 0x2
 143 00ec 0000 0000 		.long	.LASF13
 144 00f0 02        		.byte	0x2
 145 00f1 BE        		.byte	0xbe
 146 00f2 1B        		.byte	0x1b
 147 00f3 C000 0000 		.long	0xc0
 148 00f7 05        		.uleb128 0x5
 149 00f8 05        		.byte	0x5
 150 00f9 02        		.byte	0x2
 151 00fa C5        		.byte	0xc5
 152 00fb 09        		.byte	0x9
 153 00fc 4401 0000 		.long	0x144
 154 0100 06        		.uleb128 0x6
 155 0101 0000 0000 		.long	.LASF14
 156 0105 02        		.byte	0x2
 157 0106 C9        		.byte	0xc9
 158 0107 0D        		.byte	0xd
 159 0108 3000 0000 		.long	0x30
 160 010c 02        		.byte	0x2
 161 010d 23        		.byte	0x23
 162 010e 00        		.uleb128 0
 163 010f 0C        		.uleb128 0xc
 164 0110 7800      		.string	"x"
 165 0112 02        		.byte	0x2
 166 0113 CA        		.byte	0xca
 167 0114 0D        		.byte	0xd
 168 0115 1D00 0000 		.long	0x1d
 169 0119 02        		.byte	0x2
 170 011a 23        		.byte	0x23
 171 011b 01        		.uleb128 0x1
 172 011c 0C        		.uleb128 0xc
 173 011d 7900      		.string	"y"
 174 011f 02        		.byte	0x2
 175 0120 CB        		.byte	0xcb
 176 0121 0D        		.byte	0xd
 177 0122 1D00 0000 		.long	0x1d
 178 0126 02        		.byte	0x2
 179 0127 23        		.byte	0x23
 180 0128 02        		.uleb128 0x2
 181 0129 0C        		.uleb128 0xc
 182 012a 7600      		.string	"v"
 183 012c 02        		.byte	0x2
 184 012d CC        		.byte	0xcc
 185 012e 0D        		.byte	0xd
 186 012f 1D00 0000 		.long	0x1d
 187 0133 02        		.byte	0x2
 188 0134 23        		.byte	0x23
 189 0135 03        		.uleb128 0x3
 190 0136 0C        		.uleb128 0xc
 191 0137 6800      		.string	"h"
 192 0139 02        		.byte	0x2
 193 013a CD        		.byte	0xcd
 194 013b 0D        		.byte	0xd
 195 013c 1D00 0000 		.long	0x1d
 196 0140 02        		.byte	0x2
 197 0141 23        		.byte	0x23
 198 0142 04        		.uleb128 0x4
 199 0143 00        		.byte	0
 200 0144 02        		.uleb128 0x2
 201 0145 0000 0000 		.long	.LASF15
 202 0149 02        		.byte	0x2
 203 014a CE        		.byte	0xce
 204 014b 1B        		.byte	0x1b
 205 014c F700 0000 		.long	0xf7
 206 0150 05        		.uleb128 0x5
 207 0151 0A        		.byte	0xa
 208 0152 03        		.byte	0x3
 209 0153 1A        		.byte	0x1a
 210 0154 09        		.byte	0x9
 211 0155 A501 0000 		.long	0x1a5
 212 0159 06        		.uleb128 0x6
 213 015a 0000 0000 		.long	.LASF16
 214 015e 03        		.byte	0x3
 215 015f 1B        		.byte	0x1b
 216 0160 0F        		.byte	0xf
 217 0161 AB01 0000 		.long	0x1ab
 218 0165 02        		.byte	0x2
 219 0166 23        		.byte	0x23
 220 0167 00        		.uleb128 0
 221 0168 06        		.uleb128 0x6
 222 0169 0000 0000 		.long	.LASF17
 223 016d 03        		.byte	0x3
 224 016e 1C        		.byte	0x1c
 225 016f 0C        		.byte	0xc
 226 0170 C301 0000 		.long	0x1c3
 227 0174 02        		.byte	0x2
 228 0175 23        		.byte	0x23
 229 0176 02        		.uleb128 0x2
 230 0177 06        		.uleb128 0x6
 231 0178 0000 0000 		.long	.LASF18
 232 017c 03        		.byte	0x3
 233 017d 1D        		.byte	0x1d
 234 017e 0C        		.byte	0xc
 235 017f DB01 0000 		.long	0x1db
 236 0183 02        		.byte	0x2
 237 0184 23        		.byte	0x23
 238 0185 04        		.uleb128 0x4
 239 0186 06        		.uleb128 0x6
 240 0187 0000 0000 		.long	.LASF19
 241 018b 03        		.byte	0x3
 242 018c 1E        		.byte	0x1e
 243 018d 0C        		.byte	0xc
 244 018e ED01 0000 		.long	0x1ed
 245 0192 02        		.byte	0x2
 246 0193 23        		.byte	0x23
 247 0194 06        		.uleb128 0x6
 248 0195 06        		.uleb128 0x6
 249 0196 0000 0000 		.long	.LASF20
 250 019a 03        		.byte	0x3
 251 019b 1F        		.byte	0x1f
 252 019c 0C        		.byte	0xc
 253 019d ED01 0000 		.long	0x1ed
 254 01a1 02        		.byte	0x2
 255 01a2 23        		.byte	0x23
 256 01a3 08        		.uleb128 0x8
 257 01a4 00        		.byte	0
 258 01a5 0D        		.uleb128 0xd
 259 01a6 01        		.byte	0x1
 260 01a7 3000 0000 		.long	0x30
 261 01ab 0E        		.uleb128 0xe
 262 01ac 02        		.byte	0x2
 263 01ad A501 0000 		.long	0x1a5
 264 01b1 0F        		.uleb128 0xf
 265 01b2 01        		.byte	0x1
 266 01b3 BD01 0000 		.long	0x1bd
 267 01b7 10        		.uleb128 0x10
 268 01b8 BD01 0000 		.long	0x1bd
 269 01bc 00        		.byte	0
 270 01bd 0E        		.uleb128 0xe
 271 01be 02        		.byte	0x2
 272 01bf EB00 0000 		.long	0xeb
 273 01c3 0E        		.uleb128 0xe
 274 01c4 02        		.byte	0x2
 275 01c5 B101 0000 		.long	0x1b1
 276 01c9 0F        		.uleb128 0xf
 277 01ca 01        		.byte	0x1
 278 01cb D501 0000 		.long	0x1d5
 279 01cf 10        		.uleb128 0x10
 280 01d0 D501 0000 		.long	0x1d5
 281 01d4 00        		.byte	0
 282 01d5 0E        		.uleb128 0xe
 283 01d6 02        		.byte	0x2
 284 01d7 4401 0000 		.long	0x144
 285 01db 0E        		.uleb128 0xe
 286 01dc 02        		.byte	0x2
 287 01dd C901 0000 		.long	0x1c9
 288 01e1 0F        		.uleb128 0xf
 289 01e2 01        		.byte	0x1
 290 01e3 ED01 0000 		.long	0x1ed
 291 01e7 10        		.uleb128 0x10
 292 01e8 4A00 0000 		.long	0x4a
 293 01ec 00        		.byte	0
 294 01ed 0E        		.uleb128 0xe
 295 01ee 02        		.byte	0x2
 296 01ef E101 0000 		.long	0x1e1
 297 01f3 02        		.uleb128 0x2
 298 01f4 0000 0000 		.long	.LASF21
 299 01f8 03        		.byte	0x3
 300 01f9 20        		.byte	0x20
 301 01fa 03        		.byte	0x3
 302 01fb 5001 0000 		.long	0x150
 303 01ff 05        		.uleb128 0x5
 304 0200 01        		.byte	0x1
 305 0201 04        		.byte	0x4
 306 0202 26        		.byte	0x26
 307 0203 05        		.byte	0x5
 308 0204 7502 0000 		.long	0x275
 309 0208 11        		.uleb128 0x11
 310 0209 0000 0000 		.long	.LASF22
 311 020d 04        		.byte	0x4
 312 020e 27        		.byte	0x27
 313 020f 11        		.byte	0x11
 314 0210 7502 0000 		.long	0x275
 315 0214 01        		.byte	0x1
 316 0215 01        		.byte	0x1
 317 0216 07        		.byte	0x7
 318 0217 02        		.byte	0x2
 319 0218 23        		.byte	0x23
 320 0219 00        		.uleb128 0
 321 021a 11        		.uleb128 0x11
 322 021b 0000 0000 		.long	.LASF23
 323 021f 04        		.byte	0x4
 324 0220 28        		.byte	0x28
 325 0221 11        		.byte	0x11
 326 0222 7502 0000 		.long	0x275
 327 0226 01        		.byte	0x1
 328 0227 01        		.byte	0x1
 329 0228 06        		.byte	0x6
 330 0229 02        		.byte	0x2
 331 022a 23        		.byte	0x23
 332 022b 00        		.uleb128 0
 333 022c 11        		.uleb128 0x11
 334 022d 0000 0000 		.long	.LASF24
 335 0231 04        		.byte	0x4
 336 0232 29        		.byte	0x29
 337 0233 11        		.byte	0x11
 338 0234 7502 0000 		.long	0x275
 339 0238 01        		.byte	0x1
 340 0239 01        		.byte	0x1
 341 023a 05        		.byte	0x5
 342 023b 02        		.byte	0x2
 343 023c 23        		.byte	0x23
 344 023d 00        		.uleb128 0
 345 023e 11        		.uleb128 0x11
 346 023f 0000 0000 		.long	.LASF25
 347 0243 04        		.byte	0x4
 348 0244 2A        		.byte	0x2a
 349 0245 11        		.byte	0x11
 350 0246 7502 0000 		.long	0x275
 351 024a 01        		.byte	0x1
 352 024b 01        		.byte	0x1
 353 024c 04        		.byte	0x4
 354 024d 02        		.byte	0x2
 355 024e 23        		.byte	0x23
 356 024f 00        		.uleb128 0
 357 0250 11        		.uleb128 0x11
 358 0251 0000 0000 		.long	.LASF26
 359 0255 04        		.byte	0x4
 360 0256 2B        		.byte	0x2b
 361 0257 11        		.byte	0x11
 362 0258 7502 0000 		.long	0x275
 363 025c 01        		.byte	0x1
 364 025d 01        		.byte	0x1
 365 025e 03        		.byte	0x3
 366 025f 02        		.byte	0x2
 367 0260 23        		.byte	0x23
 368 0261 00        		.uleb128 0
 369 0262 11        		.uleb128 0x11
 370 0263 0000 0000 		.long	.LASF11
 371 0267 04        		.byte	0x4
 372 0268 2C        		.byte	0x2c
 373 0269 11        		.byte	0x11
 374 026a 3000 0000 		.long	0x30
 375 026e 01        		.byte	0x1
 376 026f 03        		.byte	0x3
 377 0270 00        		.byte	0
 378 0271 02        		.byte	0x2
 379 0272 23        		.byte	0x23
 380 0273 00        		.uleb128 0
 381 0274 00        		.byte	0
 382 0275 03        		.uleb128 0x3
 383 0276 01        		.byte	0x1
 384 0277 02        		.byte	0x2
 385 0278 0000 0000 		.long	.LASF27
 386 027c 09        		.uleb128 0x9
 387 027d 01        		.byte	0x1
 388 027e 04        		.byte	0x4
 389 027f 24        		.byte	0x24
 390 0280 09        		.byte	0x9
 391 0281 9702 0000 		.long	0x297
 392 0285 0A        		.uleb128 0xa
 393 0286 7261 7700 		.string	"raw"
 394 028a 04        		.byte	0x4
 395 028b 25        		.byte	0x25
 396 028c 0D        		.byte	0xd
 397 028d 3000 0000 		.long	0x30
 398 0291 0B        		.uleb128 0xb
 399 0292 FF01 0000 		.long	0x1ff
 400 0296 00        		.byte	0
 401 0297 02        		.uleb128 0x2
 402 0298 0000 0000 		.long	.LASF28
 403 029c 04        		.byte	0x4
 404 029d 2E        		.byte	0x2e
 405 029e 03        		.byte	0x3
 406 029f 7C02 0000 		.long	0x27c
 407 02a3 12        		.uleb128 0x12
 408 02a4 0000 0000 		.long	.LASF29
 409 02a8 05        		.byte	0x5
 410 02a9 24        		.byte	0x24
 411 02aa 10        		.byte	0x10
 412 02ab 3000 0000 		.long	0x30
 413 02af 01        		.byte	0x1
 414 02b0 01        		.byte	0x1
 415 02b1 12        		.uleb128 0x12
 416 02b2 0000 0000 		.long	.LASF30
 417 02b6 05        		.byte	0x5
 418 02b7 25        		.byte	0x25
 419 02b8 10        		.byte	0x10
 420 02b9 3000 0000 		.long	0x30
 421 02bd 01        		.byte	0x1
 422 02be 01        		.byte	0x1
 423 02bf 05        		.uleb128 0x5
 424 02c0 01        		.byte	0x1
 425 02c1 06        		.byte	0x6
 426 02c2 1F        		.byte	0x1f
 427 02c3 05        		.byte	0x5
 428 02c4 2303 0000 		.long	0x323
 429 02c8 11        		.uleb128 0x11
 430 02c9 0000 0000 		.long	.LASF31
 431 02cd 06        		.byte	0x6
 432 02ce 20        		.byte	0x20
 433 02cf 11        		.byte	0x11
 434 02d0 7502 0000 		.long	0x275
 435 02d4 01        		.byte	0x1
 436 02d5 01        		.byte	0x1
 437 02d6 07        		.byte	0x7
 438 02d7 02        		.byte	0x2
 439 02d8 23        		.byte	0x23
 440 02d9 00        		.uleb128 0
 441 02da 11        		.uleb128 0x11
 442 02db 0000 0000 		.long	.LASF32
 443 02df 06        		.byte	0x6
 444 02e0 21        		.byte	0x21
 445 02e1 11        		.byte	0x11
 446 02e2 7502 0000 		.long	0x275
 447 02e6 01        		.byte	0x1
 448 02e7 01        		.byte	0x1
 449 02e8 06        		.byte	0x6
 450 02e9 02        		.byte	0x2
 451 02ea 23        		.byte	0x23
 452 02eb 00        		.uleb128 0
 453 02ec 11        		.uleb128 0x11
 454 02ed 0000 0000 		.long	.LASF33
 455 02f1 06        		.byte	0x6
 456 02f2 22        		.byte	0x22
 457 02f3 11        		.byte	0x11
 458 02f4 7502 0000 		.long	0x275
 459 02f8 01        		.byte	0x1
 460 02f9 01        		.byte	0x1
 461 02fa 05        		.byte	0x5
 462 02fb 02        		.byte	0x2
 463 02fc 23        		.byte	0x23
 464 02fd 00        		.uleb128 0
 465 02fe 11        		.uleb128 0x11
 466 02ff 0000 0000 		.long	.LASF34
 467 0303 06        		.byte	0x6
 468 0304 23        		.byte	0x23
 469 0305 11        		.byte	0x11
 470 0306 7502 0000 		.long	0x275
 471 030a 01        		.byte	0x1
 472 030b 01        		.byte	0x1
 473 030c 04        		.byte	0x4
 474 030d 02        		.byte	0x2
 475 030e 23        		.byte	0x23
 476 030f 00        		.uleb128 0
 477 0310 11        		.uleb128 0x11
 478 0311 0000 0000 		.long	.LASF11
 479 0315 06        		.byte	0x6
 480 0316 24        		.byte	0x24
 481 0317 11        		.byte	0x11
 482 0318 3000 0000 		.long	0x30
 483 031c 01        		.byte	0x1
 484 031d 04        		.byte	0x4
 485 031e 00        		.byte	0
 486 031f 02        		.byte	0x2
 487 0320 23        		.byte	0x23
 488 0321 00        		.uleb128 0
 489 0322 00        		.byte	0
 490 0323 09        		.uleb128 0x9
 491 0324 01        		.byte	0x1
 492 0325 06        		.byte	0x6
 493 0326 1E        		.byte	0x1e
 494 0327 09        		.byte	0x9
 495 0328 3E03 0000 		.long	0x33e
 496 032c 0B        		.uleb128 0xb
 497 032d BF02 0000 		.long	0x2bf
 498 0331 0A        		.uleb128 0xa
 499 0332 7261 7700 		.string	"raw"
 500 0336 06        		.byte	0x6
 501 0337 26        		.byte	0x26
 502 0338 0D        		.byte	0xd
 503 0339 3000 0000 		.long	0x30
 504 033d 00        		.byte	0
 505 033e 02        		.uleb128 0x2
 506 033f 0000 0000 		.long	.LASF35
 507 0343 06        		.byte	0x6
 508 0344 27        		.byte	0x27
 509 0345 03        		.byte	0x3
 510 0346 2303 0000 		.long	0x323
 511 034a 12        		.uleb128 0x12
 512 034b 0000 0000 		.long	.LASF36
 513 034f 06        		.byte	0x6
 514 0350 29        		.byte	0x29
 515 0351 17        		.byte	0x17
 516 0352 3E03 0000 		.long	0x33e
 517 0356 01        		.byte	0x1
 518 0357 01        		.byte	0x1
 519 0358 13        		.uleb128 0x13
 520 0359 0000 0000 		.long	.LASF37
 521 035d 07        		.byte	0x7
 522 035e 1E        		.byte	0x1e
 523 035f 17        		.byte	0x17
 524 0360 6403 0000 		.long	0x364
 525 0364 0E        		.uleb128 0xe
 526 0365 02        		.byte	0x2
 527 0366 F301 0000 		.long	0x1f3
 528 036a 13        		.uleb128 0x13
 529 036b 0000 0000 		.long	.LASF38
 530 036f 07        		.byte	0x7
 531 0370 1F        		.byte	0x1f
 532 0371 17        		.byte	0x17
 533 0372 4A00 0000 		.long	0x4a
 534 0376 13        		.uleb128 0x13
 535 0377 0000 0000 		.long	.LASF39
 536 037b 07        		.byte	0x7
 537 037c 20        		.byte	0x20
 538 037d 17        		.byte	0x17
 539 037e 4A00 0000 		.long	0x4a
 540 0382 14        		.uleb128 0x14
 541 0383 01        		.byte	0x1
 542 0384 0000 0000 		.long	.LASF40
 543 0388 07        		.byte	0x7
 544 0389 66        		.byte	0x66
 545 038a 0A        		.byte	0xa
 546 038b 01        		.byte	0x1
 547 038c 4A00 0000 		.long	0x4a
 548 0390 14        		.uleb128 0x14
 549 0391 01        		.byte	0x1
 550 0392 0000 0000 		.long	.LASF41
 551 0396 07        		.byte	0x7
 552 0397 64        		.byte	0x64
 553 0398 0A        		.byte	0xa
 554 0399 01        		.byte	0x1
 555 039a 4A00 0000 		.long	0x4a
 556 039e 15        		.uleb128 0x15
 557 039f 01        		.byte	0x1
 558 03a0 0000 0000 		.long	.LASF42
 559 03a4 07        		.byte	0x7
 560 03a5 5C        		.byte	0x5c
 561 03a6 06        		.byte	0x6
 562 03a7 01        		.byte	0x1
 563 03a8 B903 0000 		.long	0x3b9
 564 03ac 16        		.uleb128 0x16
 565 03ad 0000 0000 		.long	.LASF44
 566 03b1 07        		.byte	0x7
 567 03b2 5C        		.byte	0x5c
 568 03b3 22        		.byte	0x22
 569 03b4 4A00 0000 		.long	0x4a
 570 03b8 00        		.byte	0
 571 03b9 15        		.uleb128 0x15
 572 03ba 01        		.byte	0x1
 573 03bb 0000 0000 		.long	.LASF43
 574 03bf 07        		.byte	0x7
 575 03c0 54        		.byte	0x54
 576 03c1 06        		.byte	0x6
 577 03c2 01        		.byte	0x1
 578 03c3 D403 0000 		.long	0x3d4
 579 03c7 16        		.uleb128 0x16
 580 03c8 0000 0000 		.long	.LASF44
 581 03cc 07        		.byte	0x7
 582 03cd 54        		.byte	0x54
 583 03ce 20        		.byte	0x20
 584 03cf 4A00 0000 		.long	0x4a
 585 03d3 00        		.byte	0
 586 03d4 15        		.uleb128 0x15
 587 03d5 01        		.byte	0x1
 588 03d6 0000 0000 		.long	.LASF45
 589 03da 07        		.byte	0x7
 590 03db 4C        		.byte	0x4c
 591 03dc 06        		.byte	0x6
 592 03dd 01        		.byte	0x1
 593 03de EF03 0000 		.long	0x3ef
 594 03e2 16        		.uleb128 0x16
 595 03e3 0000 0000 		.long	.LASF44
 596 03e7 07        		.byte	0x7
 597 03e8 4C        		.byte	0x4c
 598 03e9 26        		.byte	0x26
 599 03ea D501 0000 		.long	0x1d5
 600 03ee 00        		.byte	0
 601 03ef 15        		.uleb128 0x15
 602 03f0 01        		.byte	0x1
 603 03f1 0000 0000 		.long	.LASF46
 604 03f5 07        		.byte	0x7
 605 03f6 31        		.byte	0x31
 606 03f7 06        		.byte	0x6
 607 03f8 01        		.byte	0x1
 608 03f9 1604 0000 		.long	0x416
 609 03fd 16        		.uleb128 0x16
 610 03fe 0000 0000 		.long	.LASF44
 611 0402 07        		.byte	0x7
 612 0403 31        		.byte	0x31
 613 0404 2C        		.byte	0x2c
 614 0405 BD01 0000 		.long	0x1bd
 615 0409 17        		.uleb128 0x17
 616 040a 18        		.uleb128 0x18
 617 040b 6900      		.string	"i"
 618 040d 07        		.byte	0x7
 619 040e 45        		.byte	0x45
 620 040f 16        		.byte	0x16
 621 0410 3000 0000 		.long	0x30
 622 0414 00        		.byte	0
 623 0415 00        		.byte	0
 624 0416 14        		.uleb128 0x14
 625 0417 01        		.byte	0x1
 626 0418 0000 0000 		.long	.LASF47
 627 041c 07        		.byte	0x7
 628 041d 2B        		.byte	0x2b
 629 041e 07        		.byte	0x7
 630 041f 01        		.byte	0x1
 631 0420 9702 0000 		.long	0x297
 632 0424 14        		.uleb128 0x14
 633 0425 01        		.byte	0x1
 634 0426 0000 0000 		.long	.LASF48
 635 042a 07        		.byte	0x7
 636 042b 26        		.byte	0x26
 637 042c 09        		.byte	0x9
 638 042d 01        		.byte	0x1
 639 042e 3000 0000 		.long	0x30
 640 0432 14        		.uleb128 0x14
 641 0433 01        		.byte	0x1
 642 0434 0000 0000 		.long	.LASF49
 643 0438 07        		.byte	0x7
 644 0439 24        		.byte	0x24
 645 043a 10        		.byte	0x10
 646 043b 01        		.byte	0x1
 647 043c 6403 0000 		.long	0x364
 648 0440 19        		.uleb128 0x19
 649 0441 01        		.byte	0x1
 650 0442 0000 0000 		.long	.LASF53
 651 0446 07        		.byte	0x7
 652 0447 22        		.byte	0x22
 653 0448 06        		.byte	0x6
 654 0449 01        		.byte	0x1
 655 044a 1A        		.uleb128 0x1a
 656 044b 6400      		.string	"d"
 657 044d 07        		.byte	0x7
 658 044e 22        		.byte	0x22
 659 044f 25        		.byte	0x25
 660 0450 6403 0000 		.long	0x364
 661 0454 00        		.byte	0
 662 0455 00        		.byte	0
 663               		.section	.gnu.debuglto_.debug_abbrev,"",@progbits
 664               	.Ldebug_abbrev0:
 665 0000 01        		.uleb128 0x1
 666 0001 11        		.uleb128 0x11
 667 0002 01        		.byte	0x1
 668 0003 25        		.uleb128 0x25
 669 0004 0E        		.uleb128 0xe
 670 0005 13        		.uleb128 0x13
 671 0006 0B        		.uleb128 0xb
 672 0007 03        		.uleb128 0x3
 673 0008 0E        		.uleb128 0xe
 674 0009 1B        		.uleb128 0x1b
 675 000a 0E        		.uleb128 0xe
 676 000b 10        		.uleb128 0x10
 677 000c 06        		.uleb128 0x6
 678 000d 00        		.byte	0
 679 000e 00        		.byte	0
 680 000f 02        		.uleb128 0x2
 681 0010 16        		.uleb128 0x16
 682 0011 00        		.byte	0
 683 0012 03        		.uleb128 0x3
 684 0013 0E        		.uleb128 0xe
 685 0014 3A        		.uleb128 0x3a
 686 0015 0B        		.uleb128 0xb
 687 0016 3B        		.uleb128 0x3b
 688 0017 0B        		.uleb128 0xb
 689 0018 39        		.uleb128 0x39
 690 0019 0B        		.uleb128 0xb
 691 001a 49        		.uleb128 0x49
 692 001b 13        		.uleb128 0x13
 693 001c 00        		.byte	0
 694 001d 00        		.byte	0
 695 001e 03        		.uleb128 0x3
 696 001f 24        		.uleb128 0x24
 697 0020 00        		.byte	0
 698 0021 0B        		.uleb128 0xb
 699 0022 0B        		.uleb128 0xb
 700 0023 3E        		.uleb128 0x3e
 701 0024 0B        		.uleb128 0xb
 702 0025 03        		.uleb128 0x3
 703 0026 0E        		.uleb128 0xe
 704 0027 00        		.byte	0
 705 0028 00        		.byte	0
 706 0029 04        		.uleb128 0x4
 707 002a 24        		.uleb128 0x24
 708 002b 00        		.byte	0
 709 002c 0B        		.uleb128 0xb
 710 002d 0B        		.uleb128 0xb
 711 002e 3E        		.uleb128 0x3e
 712 002f 0B        		.uleb128 0xb
 713 0030 03        		.uleb128 0x3
 714 0031 08        		.uleb128 0x8
 715 0032 00        		.byte	0
 716 0033 00        		.byte	0
 717 0034 05        		.uleb128 0x5
 718 0035 13        		.uleb128 0x13
 719 0036 01        		.byte	0x1
 720 0037 0B        		.uleb128 0xb
 721 0038 0B        		.uleb128 0xb
 722 0039 3A        		.uleb128 0x3a
 723 003a 0B        		.uleb128 0xb
 724 003b 3B        		.uleb128 0x3b
 725 003c 0B        		.uleb128 0xb
 726 003d 39        		.uleb128 0x39
 727 003e 0B        		.uleb128 0xb
 728 003f 01        		.uleb128 0x1
 729 0040 13        		.uleb128 0x13
 730 0041 00        		.byte	0
 731 0042 00        		.byte	0
 732 0043 06        		.uleb128 0x6
 733 0044 0D        		.uleb128 0xd
 734 0045 00        		.byte	0
 735 0046 03        		.uleb128 0x3
 736 0047 0E        		.uleb128 0xe
 737 0048 3A        		.uleb128 0x3a
 738 0049 0B        		.uleb128 0xb
 739 004a 3B        		.uleb128 0x3b
 740 004b 0B        		.uleb128 0xb
 741 004c 39        		.uleb128 0x39
 742 004d 0B        		.uleb128 0xb
 743 004e 49        		.uleb128 0x49
 744 004f 13        		.uleb128 0x13
 745 0050 38        		.uleb128 0x38
 746 0051 0A        		.uleb128 0xa
 747 0052 00        		.byte	0
 748 0053 00        		.byte	0
 749 0054 07        		.uleb128 0x7
 750 0055 01        		.uleb128 0x1
 751 0056 01        		.byte	0x1
 752 0057 49        		.uleb128 0x49
 753 0058 13        		.uleb128 0x13
 754 0059 01        		.uleb128 0x1
 755 005a 13        		.uleb128 0x13
 756 005b 00        		.byte	0
 757 005c 00        		.byte	0
 758 005d 08        		.uleb128 0x8
 759 005e 21        		.uleb128 0x21
 760 005f 00        		.byte	0
 761 0060 49        		.uleb128 0x49
 762 0061 13        		.uleb128 0x13
 763 0062 2F        		.uleb128 0x2f
 764 0063 0B        		.uleb128 0xb
 765 0064 00        		.byte	0
 766 0065 00        		.byte	0
 767 0066 09        		.uleb128 0x9
 768 0067 17        		.uleb128 0x17
 769 0068 01        		.byte	0x1
 770 0069 0B        		.uleb128 0xb
 771 006a 0B        		.uleb128 0xb
 772 006b 3A        		.uleb128 0x3a
 773 006c 0B        		.uleb128 0xb
 774 006d 3B        		.uleb128 0x3b
 775 006e 0B        		.uleb128 0xb
 776 006f 39        		.uleb128 0x39
 777 0070 0B        		.uleb128 0xb
 778 0071 01        		.uleb128 0x1
 779 0072 13        		.uleb128 0x13
 780 0073 00        		.byte	0
 781 0074 00        		.byte	0
 782 0075 0A        		.uleb128 0xa
 783 0076 0D        		.uleb128 0xd
 784 0077 00        		.byte	0
 785 0078 03        		.uleb128 0x3
 786 0079 08        		.uleb128 0x8
 787 007a 3A        		.uleb128 0x3a
 788 007b 0B        		.uleb128 0xb
 789 007c 3B        		.uleb128 0x3b
 790 007d 0B        		.uleb128 0xb
 791 007e 39        		.uleb128 0x39
 792 007f 0B        		.uleb128 0xb
 793 0080 49        		.uleb128 0x49
 794 0081 13        		.uleb128 0x13
 795 0082 00        		.byte	0
 796 0083 00        		.byte	0
 797 0084 0B        		.uleb128 0xb
 798 0085 0D        		.uleb128 0xd
 799 0086 00        		.byte	0
 800 0087 49        		.uleb128 0x49
 801 0088 13        		.uleb128 0x13
 802 0089 00        		.byte	0
 803 008a 00        		.byte	0
 804 008b 0C        		.uleb128 0xc
 805 008c 0D        		.uleb128 0xd
 806 008d 00        		.byte	0
 807 008e 03        		.uleb128 0x3
 808 008f 08        		.uleb128 0x8
 809 0090 3A        		.uleb128 0x3a
 810 0091 0B        		.uleb128 0xb
 811 0092 3B        		.uleb128 0x3b
 812 0093 0B        		.uleb128 0xb
 813 0094 39        		.uleb128 0x39
 814 0095 0B        		.uleb128 0xb
 815 0096 49        		.uleb128 0x49
 816 0097 13        		.uleb128 0x13
 817 0098 38        		.uleb128 0x38
 818 0099 0A        		.uleb128 0xa
 819 009a 00        		.byte	0
 820 009b 00        		.byte	0
 821 009c 0D        		.uleb128 0xd
 822 009d 15        		.uleb128 0x15
 823 009e 00        		.byte	0
 824 009f 27        		.uleb128 0x27
 825 00a0 0C        		.uleb128 0xc
 826 00a1 49        		.uleb128 0x49
 827 00a2 13        		.uleb128 0x13
 828 00a3 00        		.byte	0
 829 00a4 00        		.byte	0
 830 00a5 0E        		.uleb128 0xe
 831 00a6 0F        		.uleb128 0xf
 832 00a7 00        		.byte	0
 833 00a8 0B        		.uleb128 0xb
 834 00a9 0B        		.uleb128 0xb
 835 00aa 49        		.uleb128 0x49
 836 00ab 13        		.uleb128 0x13
 837 00ac 00        		.byte	0
 838 00ad 00        		.byte	0
 839 00ae 0F        		.uleb128 0xf
 840 00af 15        		.uleb128 0x15
 841 00b0 01        		.byte	0x1
 842 00b1 27        		.uleb128 0x27
 843 00b2 0C        		.uleb128 0xc
 844 00b3 01        		.uleb128 0x1
 845 00b4 13        		.uleb128 0x13
 846 00b5 00        		.byte	0
 847 00b6 00        		.byte	0
 848 00b7 10        		.uleb128 0x10
 849 00b8 05        		.uleb128 0x5
 850 00b9 00        		.byte	0
 851 00ba 49        		.uleb128 0x49
 852 00bb 13        		.uleb128 0x13
 853 00bc 00        		.byte	0
 854 00bd 00        		.byte	0
 855 00be 11        		.uleb128 0x11
 856 00bf 0D        		.uleb128 0xd
 857 00c0 00        		.byte	0
 858 00c1 03        		.uleb128 0x3
 859 00c2 0E        		.uleb128 0xe
 860 00c3 3A        		.uleb128 0x3a
 861 00c4 0B        		.uleb128 0xb
 862 00c5 3B        		.uleb128 0x3b
 863 00c6 0B        		.uleb128 0xb
 864 00c7 39        		.uleb128 0x39
 865 00c8 0B        		.uleb128 0xb
 866 00c9 49        		.uleb128 0x49
 867 00ca 13        		.uleb128 0x13
 868 00cb 0B        		.uleb128 0xb
 869 00cc 0B        		.uleb128 0xb
 870 00cd 0D        		.uleb128 0xd
 871 00ce 0B        		.uleb128 0xb
 872 00cf 0C        		.uleb128 0xc
 873 00d0 0B        		.uleb128 0xb
 874 00d1 38        		.uleb128 0x38
 875 00d2 0A        		.uleb128 0xa
 876 00d3 00        		.byte	0
 877 00d4 00        		.byte	0
 878 00d5 12        		.uleb128 0x12
 879 00d6 34        		.uleb128 0x34
 880 00d7 00        		.byte	0
 881 00d8 03        		.uleb128 0x3
 882 00d9 0E        		.uleb128 0xe
 883 00da 3A        		.uleb128 0x3a
 884 00db 0B        		.uleb128 0xb
 885 00dc 3B        		.uleb128 0x3b
 886 00dd 0B        		.uleb128 0xb
 887 00de 39        		.uleb128 0x39
 888 00df 0B        		.uleb128 0xb
 889 00e0 49        		.uleb128 0x49
 890 00e1 13        		.uleb128 0x13
 891 00e2 3F        		.uleb128 0x3f
 892 00e3 0C        		.uleb128 0xc
 893 00e4 3C        		.uleb128 0x3c
 894 00e5 0C        		.uleb128 0xc
 895 00e6 00        		.byte	0
 896 00e7 00        		.byte	0
 897 00e8 13        		.uleb128 0x13
 898 00e9 34        		.uleb128 0x34
 899 00ea 00        		.byte	0
 900 00eb 03        		.uleb128 0x3
 901 00ec 0E        		.uleb128 0xe
 902 00ed 3A        		.uleb128 0x3a
 903 00ee 0B        		.uleb128 0xb
 904 00ef 3B        		.uleb128 0x3b
 905 00f0 0B        		.uleb128 0xb
 906 00f1 39        		.uleb128 0x39
 907 00f2 0B        		.uleb128 0xb
 908 00f3 49        		.uleb128 0x49
 909 00f4 13        		.uleb128 0x13
 910 00f5 00        		.byte	0
 911 00f6 00        		.byte	0
 912 00f7 14        		.uleb128 0x14
 913 00f8 2E        		.uleb128 0x2e
 914 00f9 00        		.byte	0
 915 00fa 3F        		.uleb128 0x3f
 916 00fb 0C        		.uleb128 0xc
 917 00fc 03        		.uleb128 0x3
 918 00fd 0E        		.uleb128 0xe
 919 00fe 3A        		.uleb128 0x3a
 920 00ff 0B        		.uleb128 0xb
 921 0100 3B        		.uleb128 0x3b
 922 0101 0B        		.uleb128 0xb
 923 0102 39        		.uleb128 0x39
 924 0103 0B        		.uleb128 0xb
 925 0104 27        		.uleb128 0x27
 926 0105 0C        		.uleb128 0xc
 927 0106 49        		.uleb128 0x49
 928 0107 13        		.uleb128 0x13
 929 0108 00        		.byte	0
 930 0109 00        		.byte	0
 931 010a 15        		.uleb128 0x15
 932 010b 2E        		.uleb128 0x2e
 933 010c 01        		.byte	0x1
 934 010d 3F        		.uleb128 0x3f
 935 010e 0C        		.uleb128 0xc
 936 010f 03        		.uleb128 0x3
 937 0110 0E        		.uleb128 0xe
 938 0111 3A        		.uleb128 0x3a
 939 0112 0B        		.uleb128 0xb
 940 0113 3B        		.uleb128 0x3b
 941 0114 0B        		.uleb128 0xb
 942 0115 39        		.uleb128 0x39
 943 0116 0B        		.uleb128 0xb
 944 0117 27        		.uleb128 0x27
 945 0118 0C        		.uleb128 0xc
 946 0119 01        		.uleb128 0x1
 947 011a 13        		.uleb128 0x13
 948 011b 00        		.byte	0
 949 011c 00        		.byte	0
 950 011d 16        		.uleb128 0x16
 951 011e 05        		.uleb128 0x5
 952 011f 00        		.byte	0
 953 0120 03        		.uleb128 0x3
 954 0121 0E        		.uleb128 0xe
 955 0122 3A        		.uleb128 0x3a
 956 0123 0B        		.uleb128 0xb
 957 0124 3B        		.uleb128 0x3b
 958 0125 0B        		.uleb128 0xb
 959 0126 39        		.uleb128 0x39
 960 0127 0B        		.uleb128 0xb
 961 0128 49        		.uleb128 0x49
 962 0129 13        		.uleb128 0x13
 963 012a 00        		.byte	0
 964 012b 00        		.byte	0
 965 012c 17        		.uleb128 0x17
 966 012d 0B        		.uleb128 0xb
 967 012e 01        		.byte	0x1
 968 012f 00        		.byte	0
 969 0130 00        		.byte	0
 970 0131 18        		.uleb128 0x18
 971 0132 34        		.uleb128 0x34
 972 0133 00        		.byte	0
 973 0134 03        		.uleb128 0x3
 974 0135 08        		.uleb128 0x8
 975 0136 3A        		.uleb128 0x3a
 976 0137 0B        		.uleb128 0xb
 977 0138 3B        		.uleb128 0x3b
 978 0139 0B        		.uleb128 0xb
 979 013a 39        		.uleb128 0x39
 980 013b 0B        		.uleb128 0xb
 981 013c 49        		.uleb128 0x49
 982 013d 13        		.uleb128 0x13
 983 013e 00        		.byte	0
 984 013f 00        		.byte	0
 985 0140 19        		.uleb128 0x19
 986 0141 2E        		.uleb128 0x2e
 987 0142 01        		.byte	0x1
 988 0143 3F        		.uleb128 0x3f
 989 0144 0C        		.uleb128 0xc
 990 0145 03        		.uleb128 0x3
 991 0146 0E        		.uleb128 0xe
 992 0147 3A        		.uleb128 0x3a
 993 0148 0B        		.uleb128 0xb
 994 0149 3B        		.uleb128 0x3b
 995 014a 0B        		.uleb128 0xb
 996 014b 39        		.uleb128 0x39
 997 014c 0B        		.uleb128 0xb
 998 014d 27        		.uleb128 0x27
 999 014e 0C        		.uleb128 0xc
 1000 014f 00        		.byte	0
 1001 0150 00        		.byte	0
 1002 0151 1A        		.uleb128 0x1a
 1003 0152 05        		.uleb128 0x5
 1004 0153 00        		.byte	0
 1005 0154 03        		.uleb128 0x3
 1006 0155 08        		.uleb128 0x8
 1007 0156 3A        		.uleb128 0x3a
 1008 0157 0B        		.uleb128 0xb
 1009 0158 3B        		.uleb128 0x3b
 1010 0159 0B        		.uleb128 0xb
 1011 015a 39        		.uleb128 0x39
 1012 015b 0B        		.uleb128 0xb
 1013 015c 49        		.uleb128 0x49
 1014 015d 13        		.uleb128 0x13
 1015 015e 00        		.byte	0
 1016 015f 00        		.byte	0
 1017 0160 00        		.byte	0
 1018               		.section	.gnu.debuglto_.debug_line,"",@progbits
 1019               	.Ldebug_line0:
 1020 0000 A400 0000 		.long	.LELT0-.LSLT0
 1021               	.LSLT0:
 1022 0004 0200      		.word	0x2
 1023 0006 9E00 0000 		.long	.LELTP0-.LASLTP0
 1024               	.LASLTP0:
 1025 000a 01        		.byte	0x1
 1026 000b 01        		.byte	0x1
 1027 000c F6        		.byte	0xf6
 1028 000d F2        		.byte	0xf2
 1029 000e 0D        		.byte	0xd
 1030 000f 00        		.byte	0
 1031 0010 01        		.byte	0x1
 1032 0011 01        		.byte	0x1
 1033 0012 01        		.byte	0x1
 1034 0013 01        		.byte	0x1
 1035 0014 00        		.byte	0
 1036 0015 00        		.byte	0
 1037 0016 00        		.byte	0
 1038 0017 01        		.byte	0x1
 1039 0018 00        		.byte	0
 1040 0019 00        		.byte	0
 1041 001a 01        		.byte	0x1
 1042 001b 653A 5C67 		.ascii	"e:\\game\\msys2\\mingw64\\avr\\include"
 1042      616D 655C 
 1042      6D73 7973 
 1042      325C 6D69 
 1042      6E67 7736 
 1043 003c 00        		.byte	0
 1044 003d 746D 6B5F 		.ascii	"tmk_core/common"
 1044      636F 7265 
 1044      2F63 6F6D 
 1044      6D6F 6E
 1045 004c 00        		.byte	0
 1046 004d 7175 616E 		.ascii	"quantum"
 1046      7475 6D
 1047 0054 00        		.byte	0
 1048 0055 00        		.byte	0
 1049 0056 7374 6469 		.string	"stdint.h"
 1049      6E74 2E68 
 1049      00
 1050 005f 01        		.uleb128 0x1
 1051 0060 00        		.uleb128 0
 1052 0061 00        		.uleb128 0
 1053 0062 7265 706F 		.string	"report.h"
 1053      7274 2E68 
 1053      00
 1054 006b 02        		.uleb128 0x2
 1055 006c 00        		.uleb128 0
 1056 006d 00        		.uleb128 0
 1057 006e 686F 7374 		.string	"host_driver.h"
 1057      5F64 7269 
 1057      7665 722E 
 1057      6800 
 1058 007c 02        		.uleb128 0x2
 1059 007d 00        		.uleb128 0
 1060 007e 00        		.uleb128 0
 1061 007f 6C65 642E 		.string	"led.h"
 1061      6800 
 1062 0085 03        		.uleb128 0x3
 1063 0086 00        		.uleb128 0
 1064 0087 00        		.uleb128 0
 1065 0088 686F 7374 		.string	"host.h"
 1065      2E68 00
 1066 008f 02        		.uleb128 0x2
 1067 0090 00        		.uleb128 0
 1068 0091 00        		.uleb128 0
 1069 0092 6465 6275 		.string	"debug.h"
 1069      672E 6800 
 1070 009a 02        		.uleb128 0x2
 1071 009b 00        		.uleb128 0
 1072 009c 00        		.uleb128 0
 1073 009d 686F 7374 		.string	"host.c"
 1073      2E63 00
 1074 00a4 02        		.uleb128 0x2
 1075 00a5 00        		.uleb128 0
 1076 00a6 00        		.uleb128 0
 1077 00a7 00        		.byte	0
 1078               	.LELTP0:
 1079               	.LELT0:
 1080               		.section	.gnu.debuglto_.debug_str,"MS",@progbits,1
 1081               	.LASF8:
 1082 0000 6C6F 6E67 		.string	"long long int"
 1082      206C 6F6E 
 1082      6720 696E 
 1082      7400 
 1083               	.LASF16:
 1084 000e 6B65 7962 		.string	"keyboard_leds"
 1084      6F61 7264 
 1084      5F6C 6564 
 1084      7300 
 1085               	.LASF20:
 1086 001c 7365 6E64 		.string	"send_consumer"
 1086      5F63 6F6E 
 1086      7375 6D65 
 1086      7200 
 1087               	.LASF34:
 1088 002a 6D6F 7573 		.string	"mouse"
 1088      6500 
 1089               	.LASF52:
 1090 0030 443A 5C44 		.string	"D:\\Download\\vial-qmk"
 1090      6F77 6E6C 
 1090      6F61 645C 
 1090      7669 616C 
 1090      2D71 6D6B 
 1091               	.LASF22:
 1092 0045 6E75 6D5F 		.string	"num_lock"
 1092      6C6F 636B 
 1092      00
 1093               	.LASF29:
 1094 004e 6B65 7962 		.string	"keyboard_idle"
 1094      6F61 7264 
 1094      5F69 646C 
 1094      6500 
 1095               	.LASF31:
 1096 005c 656E 6162 		.string	"enable"
 1096      6C65 00
 1097               	.LASF0:
 1098 0063 696E 7438 		.string	"int8_t"
 1098      5F74 00
 1099               	.LASF17:
 1100 006a 7365 6E64 		.string	"send_keyboard"
 1100      5F6B 6579 
 1100      626F 6172 
 1100      6400 
 1101               	.LASF9:
 1102 0078 6C6F 6E67 		.string	"long long unsigned int"
 1102      206C 6F6E 
 1102      6720 756E 
 1102      7369 676E 
 1102      6564 2069 
 1103               	.LASF36:
 1104 008f 6465 6275 		.string	"debug_config"
 1104      675F 636F 
 1104      6E66 6967 
 1104      00
 1105               	.LASF25:
 1106 009c 636F 6D70 		.string	"compose"
 1106      6F73 6500 
 1107               	.LASF3:
 1108 00a4 756E 7369 		.string	"unsigned char"
 1108      676E 6564 
 1108      2063 6861 
 1108      7200 
 1109               	.LASF48:
 1110 00b2 686F 7374 		.string	"host_keyboard_leds"
 1110      5F6B 6579 
 1110      626F 6172 
 1110      645F 6C65 
 1110      6473 00
 1111               	.LASF28:
 1112 00c5 6C65 645F 		.string	"led_t"
 1112      7400 
 1113               	.LASF39:
 1114 00cb 6C61 7374 		.string	"last_consumer_report"
 1114      5F63 6F6E 
 1114      7375 6D65 
 1114      725F 7265 
 1114      706F 7274 
 1115               	.LASF51:
 1116 00e0 746D 6B5F 		.string	"tmk_core/common/host.c"
 1116      636F 7265 
 1116      2F63 6F6D 
 1116      6D6F 6E2F 
 1116      686F 7374 
 1117               	.LASF40:
 1118 00f7 686F 7374 		.string	"host_last_consumer_report"
 1118      5F6C 6173 
 1118      745F 636F 
 1118      6E73 756D 
 1118      6572 5F72 
 1119               	.LASF13:
 1120 0111 7265 706F 		.string	"report_keyboard_t"
 1120      7274 5F6B 
 1120      6579 626F 
 1120      6172 645F 
 1120      7400 
 1121               	.LASF30:
 1122 0123 6B65 7962 		.string	"keyboard_protocol"
 1122      6F61 7264 
 1122      5F70 726F 
 1122      746F 636F 
 1122      6C00 
 1123               	.LASF7:
 1124 0135 6C6F 6E67 		.string	"long unsigned int"
 1124      2075 6E73 
 1124      6967 6E65 
 1124      6420 696E 
 1124      7400 
 1125               	.LASF43:
 1126 0147 686F 7374 		.string	"host_system_send"
 1126      5F73 7973 
 1126      7465 6D5F 
 1126      7365 6E64 
 1126      00
 1127               	.LASF50:
 1128 0158 474E 5520 		.string	"GNU C99 8.4.0 -mn-flash=1 -mno-skip-bug -mmcu=avr5 -gdwarf-2 -Os -std=gnu99 -funsigned-ch
 1128      4339 3920 
 1128      382E 342E 
 1128      3020 2D6D 
 1128      6E2D 666C 
 1129               	.LASF33:
 1130 0249 6B65 7962 		.string	"keyboard"
 1130      6F61 7264 
 1130      00
 1131               	.LASF19:
 1132 0252 7365 6E64 		.string	"send_system"
 1132      5F73 7973 
 1132      7465 6D00 
 1133               	.LASF11:
 1134 025e 7265 7365 		.string	"reserved"
 1134      7276 6564 
 1134      00
 1135               	.LASF5:
 1136 0267 756E 7369 		.string	"unsigned int"
 1136      676E 6564 
 1136      2069 6E74 
 1136      00
 1137               	.LASF24:
 1138 0274 7363 726F 		.string	"scroll_lock"
 1138      6C6C 5F6C 
 1138      6F63 6B00 
 1139               	.LASF26:
 1140 0280 6B61 6E61 		.string	"kana"
 1140      00
 1141               	.LASF1:
 1142 0285 7569 6E74 		.string	"uint8_t"
 1142      385F 7400 
 1143               	.LASF49:
 1144 028d 686F 7374 		.string	"host_get_driver"
 1144      5F67 6574 
 1144      5F64 7269 
 1144      7665 7200 
 1145               	.LASF23:
 1146 029d 6361 7073 		.string	"caps_lock"
 1146      5F6C 6F63 
 1146      6B00 
 1147               	.LASF18:
 1148 02a7 7365 6E64 		.string	"send_mouse"
 1148      5F6D 6F75 
 1148      7365 00
 1149               	.LASF47:
 1150 02b2 686F 7374 		.string	"host_keyboard_led_state"
 1150      5F6B 6579 
 1150      626F 6172 
 1150      645F 6C65 
 1150      645F 7374 
 1151               	.LASF35:
 1152 02ca 6465 6275 		.string	"debug_config_t"
 1152      675F 636F 
 1152      6E66 6967 
 1152      5F74 00
 1153               	.LASF10:
 1154 02d9 6D6F 6473 		.string	"mods"
 1154      00
 1155               	.LASF32:
 1156 02de 6D61 7472 		.string	"matrix"
 1156      6978 00
 1157               	.LASF15:
 1158 02e5 7265 706F 		.string	"report_mouse_t"
 1158      7274 5F6D 
 1158      6F75 7365 
 1158      5F74 00
 1159               	.LASF45:
 1160 02f4 686F 7374 		.string	"host_mouse_send"
 1160      5F6D 6F75 
 1160      7365 5F73 
 1160      656E 6400 
 1161               	.LASF44:
 1162 0304 7265 706F 		.string	"report"
 1162      7274 00
 1163               	.LASF42:
 1164 030b 686F 7374 		.string	"host_consumer_send"
 1164      5F63 6F6E 
 1164      7375 6D65 
 1164      725F 7365 
 1164      6E64 00
 1165               	.LASF4:
 1166 031e 7569 6E74 		.string	"uint16_t"
 1166      3136 5F74 
 1166      00
 1167               	.LASF41:
 1168 0327 686F 7374 		.string	"host_last_system_report"
 1168      5F6C 6173 
 1168      745F 7379 
 1168      7374 656D 
 1168      5F72 6570 
 1169               	.LASF21:
 1170 033f 686F 7374 		.string	"host_driver_t"
 1170      5F64 7269 
 1170      7665 725F 
 1170      7400 
 1171               	.LASF6:
 1172 034d 6C6F 6E67 		.string	"long int"
 1172      2069 6E74 
 1172      00
 1173               	.LASF2:
 1174 0356 7369 676E 		.string	"signed char"
 1174      6564 2063 
 1174      6861 7200 
 1175               	.LASF12:
 1176 0362 6B65 7973 		.string	"keys"
 1176      00
 1177               	.LASF38:
 1178 0367 6C61 7374 		.string	"last_system_report"
 1178      5F73 7973 
 1178      7465 6D5F 
 1178      7265 706F 
 1178      7274 00
 1179               	.LASF27:
 1180 037a 5F42 6F6F 		.string	"_Bool"
 1180      6C00 
 1181               	.LASF53:
 1182 0380 686F 7374 		.string	"host_set_driver"
 1182      5F73 6574 
 1182      5F64 7269 
 1182      7665 7200 
 1183               	.LASF14:
 1184 0390 6275 7474 		.string	"buttons"
 1184      6F6E 7300 
 1185               	.LASF37:
 1186 0398 6472 6976 		.string	"driver"
 1186      6572 00
 1187               	.LASF46:
 1188 039f 686F 7374 		.string	"host_keyboard_send"
 1188      5F6B 6579 
 1188      626F 6172 
 1188      645F 7365 
 1188      6E64 00
 1189               		.text
 1190               		.section	.gnu.lto_.profile.61e94752,"",@progbits
 1191 0000 789C 6367 		.string	"x\234cg`f`d"
 1191      6066 6064 
 1191      00
 1192 0009 0200      		.string	"\002"
 1193 000b 00        		.string	""
 1194 000c 6200      		.string	"b"
 1195 000e 0C        		.ascii	"\f"
 1196               		.text
 1197               		.section	.gnu.lto_.icf.61e94752,"",@progbits
 1198 0000 789C 6367 		.string	"x\234cg`f\360c@"
 1198      6066 F063 
 1198      4000 
 1199 000a 5E86 DDEB 		.string	"^\206\335\353\376=`g<\363\365\322f\016\246\231{vm\347d~\366\363\352mN\226m?'}cd\355\354\2
 1199      FE3D 6067 
 1199      3CF3 F5D2 
 1199      660E A699 
 1199      7B76 6DE7 
 1200 0051 2E45 26E7 		.ascii	".E&\347"
 1201               		.text
 1202               		.section	.gnu.lto_.jmpfuncs.61e94752,"",@progbits
 1203 0000 789C 7DCC 		.ascii	"x\234}\314\313\r\2000\f\203\341\337\tP\361\030\202I\351\b\234"
 1203      CB0D 8030 
 1203      0C83 E1DF 
 1203      0950 F118 
 1203      8249 E908 
 1204 0015 BB0D 9B95 		.ascii	"\273\r\233\225@\017H\b\021\311>\370\223\222pv\236\233\220\224"
 1204      400F 4808 
 1204      11C9 3EF8 
 1204      9392 7076 
 1204      9E9B 9094 
 1205 0029 8B63 8440 		.ascii	"\213c\204@^\273\273\373\230U\\f\033B\207D\244V\017\033\232\331"
 1205      5EBB BBFB 
 1205      9855 5C66 
 1205      1B42 8744 
 1205      A456 0F1B 
 1206 003f 97A5 F6CE 		.ascii	"\227\245\366\316/\343e\343\217\315\260\304x\002\256$\031^"
 1206      2FE3 65E3 
 1206      8FCD B0C4 
 1206      7802 AE24 
 1206      195E 
 1207               		.text
 1208               		.section	.gnu.lto_.inline.61e94752,"",@progbits
 1209 0000 789C 6367 		.string	"x\234cg`f\350ad\200\003.\006\006\226\006 `Kfd`b\002\261X\222\030\030\330\300\214d&\006&\2
 1209      6066 E861 
 1209      6480 032E 
 1209      0606 9606 
 1209      2060 4B66 
 1210 003d 4C32 F002 		.string	"L2\360\002\025.f\005)\344\001\233\212C!+\221&2N\360c#^);\003\377\322\273\333\273\301\326\
 1210      152E 6605 
 1210      29E4 019B 
 1210      8A43 212B 
 1210      9126 324E 
 1211 0072 4AA4 5474 		.ascii	"J\244Tt"
 1212               		.text
 1213               		.section	.gnu.lto_.pureconst.61e94752,"",@progbits
 1214 0000 789C 05C1 		.string	"x\234\005\301\211\021"
 1214      8911 00
 1215 0007 1010 04C1 		.ascii	"\020\020\004\301-\206+O\016\222\275 \254hu\207\252\216\244\251"
 1215      2D86 2B4F 
 1215      0E92 BD20 
 1215      AC68 7587 
 1215      AA8E A4A9 
 1216 001b 4B49 AAE1 		.ascii	"KI\252\341\321L7a\206Y\311N>e\324\006R"
 1216      D14C 3761 
 1216      8659 C94E 
 1216      3E65 D406 
 1216      52
 1217               		.text
 1218               		.section	.gnu.lto_host_set_driver.61e94752,"",@progbits
 1219 0000 789C 2D4F 		.string	"x\234-OMK\002Q\024\275\347\275Q\247Pr\027\205-\003\221\320\026\341\272M\377\240}\304d\024
 1219      4D4B 0251 
 1219      14BD E7BD 
 1219      51A7 5072 
 1219      1785 2D03 
 1220 00b6 9708 10C9 		.ascii	"\227\b\020\311Z\340A%\\#H\366\316\313i{\327\347V\376\317\302"
 1220      5AE0 4125 
 1220      5C23 48F6 
 1220      CECB 697B 
 1220      D7E7 56FE 
 1221 00cc 829B E417 		.ascii	"\202\233\344\027tRwY\242\335Y\023\326\3750W\344\003\316|\232"
 1221      7452 7759 
 1221      A2DD 5913 
 1221      D6FD 3057 
 1221      E403 CE7C 
 1222 00e1 9329 ED2A 		.ascii	"\223)\355*\020\026\255rf8x\305\242W\210\375\017\346,7a\026j\363"
 1222      1016 AD72 
 1222      6638 78C5 
 1222      A257 88FD 
 1222      0FE6 2C37 
 1223 00f9 3694 E2C6 		.ascii	"6\224\342\306\346\326\261c]q\374\025+\217\235\236\024LC\225\225"
 1223      E6D6 B163 
 1223      5D71 FC15 
 1223      2B8F 9D9E 
 1223      144C 4395 
 1224 010e A27D 5016 		.ascii	"\242}P\026\177\217\316\n\275%\034\300v{\213\024pc\373\304\035"
 1224      7F8F CE0A 
 1224      BD25 1CC0 
 1224      767B 8B14 
 1224      7063 FBC4 
 1225 0123 4AC8 7246 		.ascii	"J\310rF-\230{nG\332\216\264\024u\2562\242\376D|aJ\323\227b\021"
 1225      2D98 7B6E 
 1225      47DA 8EB4 
 1225      1475 AE32 
 1225      A2FE 447C 
 1226 013d 4D8F C7F5 		.ascii	"M\217\307\365\305\310\234\276\234\bk\204\031\177\027\205\265"
 1226      C5C8 9CBE 
 1226      9C08 6B84 
 1226      197F 1785 
 1226      B5
 1227 014e E874 6C6C 		.ascii	"\350tllt6J\177\250\225ux"
 1227      7436 4A7F 
 1227      A895 7578 
 1228               		.text
 1229               		.section	.gnu.lto_host_get_driver.61e94752,"",@progbits
 1230 0000 789C 2D4E 		.ascii	"x\234-N=K\003A\024|\263{&g h\247B\004\005\253\024\346/\370OR"
 1230      3D4B 0341 
 1230      147C B37B 
 1230      2667 2068 
 1230      A742 0405 
 1231 001b 1C82 20E7 		.ascii	"\034\202 \347\201\246\317\336\231\363\243R\021I\202\306BI\b\212"
 1231      81A6 CFDE 
 1231      99F3 A352 
 1231      1149 82C6 
 1231      4249 088A 
 1232 002f 8885 955F 		.ascii	"\210\205\225_ka\021\260\272*u\020\265\260\024+I|\357paaf\230"
 1232      6B61 11B0 
 1232      BA2A 7510 
 1232      B5B0 142B 
 1232      497C EF70 
 1233 0047 3733 59D2 		.ascii	"73Y\322\224\007\321\f\021\315\362\207&(c\314R6t\025 \3101.\250"
 1233      9407 D10C 
 1233      11CD F287 
 1233      2628 63CC 
 1233      5236 7415 
 1234 0060 AA50 C5AE 		.ascii	"\252P\305\256>\320\350\365\217;\023;\272)F\246I\377\343\307\025"
 1234      3ED0 E8F5 
 1234      8F3B 133B 
 1234      BA29 46A6 
 1234      49FF E3C7 
 1235 0075 0A4C 327D 		.ascii	"\nL2}\271|?\315\025\273\306D\306\326\033\363\211\211\247\233"
 1235      B97C 3FCD 
 1235      15BB C644 
 1235      C6D6 1BF3 
 1235      8989 A79B 
 1236 0089 5AD1 21BB 		.ascii	"Z\321!\273\357Q\300\035\n$\017\017(\022\261\177p3<\312g\0341"
 1236      EF51 C01D 
 1236      0A24 0F0F 
 1236      2812 B17F 
 1236      7033 3CCA 
 1237 00a0 88FC 880C 		.ascii	"\210\374\210\f\361\032\272N\306\254\031\216\266\215\375^\320"
 1237      F11A BA4E 
 1237      C6AC 198E 
 1237      B68D FD5E 
 1237      D0
 1238 00b1 7C2F 1914 		.ascii	"|/\031\024k\212x\220\003ciK\2530\305\233\226\336`\316\006*\275"
 1238      6B8A 7890 
 1238      0363 694B 
 1238      AB30 C59B 
 1238      96DE 60CE 
 1239 00c8 FD44 D4E8 		.ascii	"\375D\324\350\225\005\326\265\254\013\367\366\257\322\261\032"
 1239      9505 D6B5 
 1239      AC0B F7F6 
 1239      AFD2 B11A 
 1240 00d8 D2D6 EABE 		.ascii	"\322\326\352\276\216\306k\210B\227\225\226T\262\370{q{\222k\343"
 1240      8EC6 6B88 
 1240      4297 9596 
 1240      54B2 F87B 
 1240      717B 926B 
 1241 00ed 1C5C 028B 		.ascii	"\034\\\002\213\032\360$+\361\2146\350\013\321\334\177\234\f\214"
 1241      1AF0 242B 
 1241      F18C 36E8 
 1241      0BD1 DC7F 
 1241      9C0C 8C
 1242 0100 3932 AD65 		.ascii	"92\255e6U\361W\313^\260\276\\\362\002\337\017\326J+\301Fe\321"
 1242      3655 F157 
 1242      CB5E B0BE 
 1242      5CF2 02DF 
 1242      0FD6 4A2B 
 1243 0118 A33F 8466 		.ascii	"\243?\204f]\347"
 1243      5DE7 
 1244               		.text
 1245               		.section	.gnu.lto_host_keyboard_leds.61e94752,"",@progbits
 1246 0000 789C 6D50 		.string	"x\234mPMK[Q\020\235s\347\306\244\361\243K\025\"t\343&\213\332`wn\372O\272\b\202 i\240\206
 1246      4D4B 5B51 
 1246      109D 73E7 
 1246      C6A4 F1A3 
 1246      4B15 2274 
 1247 005a 513F 118D 		.string	"Q?\021\215\310\217"
 1247      C88F 00
 1248 0061 4119 639E 		.ascii	"A\031c\236\005\235\220Rz\343O\275S\2330\177\313m=\325\246\213"
 1248      059D 9052 
 1248      7AE3 4FBD 
 1248      539B 307F 
 1248      CB6D 3DD5 
 1249 0077 A1ED 4E3B 		.ascii	"\241\355N;!\r\264;\023\002\245\025k\244\361\206\363\214\306\376"
 1249      210D B43B 
 1249      1302 A515 
 1249      6BA4 F186 
 1249      F38C C6FE 
 1250 008b D965 6774 		.ascii	"\331egt\305\030\327x\205\271\301\212\231\354+2\321;&\fG"
 1250      C518 D778 
 1250      85B9 C18A 
 1250      99EC 2B32 
 1250      D13B 260C 
 1251 00a0 F024 42F6 		.string	"\360$B\366\303\027D\211\344\365\257O\315\367\335\035\332\256\355x\007\035$^h\375{\3003\31
 1251      C317 4489 
 1251      E4F5 AF4F 
 1251      CDF7 DD1D 
 1251      DAAE ED78 
 1252 01a1 F12F 9BC7 		.ascii	"\361/\233\307"
 1253               		.text
 1254               		.section	.gnu.lto_host_keyboard_led_state.61e94752,"",@progbits
 1255 0000 789C 6D52 		.ascii	"x\234mR\317k\023a\020\235\267\263\333\374\260\305\243\024\"\344"
 1255      CF6B 1361 
 1255      109D B7B3 
 1255      DBFC B0C5 
 1255      A314 22E4 
 1256 0014 D443 4063 		.ascii	"\324C@c\320\2137O\376\033\036\202 H\fh\257\322o\323\030\353\311"
 1256      D08B 374F 
 1256      FE1B 1E82 
 1256      2048 0C68 
 1256      AFD2 6FD3 
 1257 002b B65A D380 		.ascii	"\266Z\323\200-\245I1\004\245Zmz\250\306\255\215\332\210\"\b\""
 1257      2DA5 4931 
 1257      04A5 5A6D 
 1257      7AA8 C6AD 
 1257      8DDA 8822 
 1258 0041 A218 B052 		.ascii	"\242\030\260RT<U\245\210\322:\263\333\344\242\013\273;\314|\363"
 1258      543C 55A5 
 1258      88D2 3AB3 
 1258      DBE4 A20B 
 1258      BB3B CC7C 
 1259 0056 E6BD 375F 		.ascii	"\346\2757_\210\230\316[D\375Dt\\^\364\020,c\314\261\220\033\266"
 1259      8898 CE5B 
 1259      44FD 4474 
 1259      5C5E F410 
 1259      2C63 CCB1 
 1260 006d 2CBE BBD5 		.ascii	",\276\273\325\332c\233\250\375b\244~\3046\275\fGk\266\033\266"
 1260      DA63 9BA8 
 1260      FD62 A47E 
 1260      C436 BD0C 
 1260      476B B61B 
 1261 0082 BB91 03F8 		.ascii	"\273\221\003\370\221\t\203\206,\266\035\f\341\022\2171V\026*"
 1261      9109 8386 
 1261      2CB6 1D0C 
 1261      E112 8F31 
 1261      5616 2A
 1262 0095 3790 A84A 		.ascii	"7\220\250J\321x\305\372\376|\325C\211\211\2560\341p\f\207b\244"
 1262      D178 C5FA 
 1262      FE7C D543 
 1262      8989 AE30 
 1262      E170 0C87 
 1263 00ab 0F96 9120 		.ascii	"\017\226\221 \222\323\037\357lO\364\365\330Z\326\364}%\"\177"
 1263      92D3 1FEF 
 1263      6C4F F4F5 
 1263      D85A D6F4 
 1263      7D25 227F 
 1264 00bf A9BC 5D7C 		.ascii	"\251\274]|\326v\006*\306\\5\336\306DHp\334\370\277@\204\007\030"
 1264      D676 062A 
 1264      C65C 35DE 
 1264      C644 4870 
 1264      DCF8 BF40 
 1265 00d6 987F E578 		.ascii	"\230\177\345xf{\347\242\361>\274F\345w4\002*1,\371"
 1265      667B E7A2 
 1265      F13E BC46 
 1265      E577 3402 
 1265      2A31 2CF9 
 1266 00ea 582C 1F69 		.string	"X,\037i\272\300\224\023B6\214G\005\266\\?\036\366\350\023\314\354\367\204?\3663r\223\255~
 1266      BAC0 9413 
 1266      4236 8C47 
 1266      05B6 5C3F 
 1266      1EF6 E813 
 1267 01eb 41F7 8A20 		.ascii	"A\367\212 /wy\337`\346\364\211t\366\354\311d:\233\311d\317$O"
 1267      2F77 79DF 
 1267      60E6 F489 
 1267      74F6 ECC9 
 1267      643A 9BC9 
 1268 0203 65CF 0D1E 		.ascii	"e\317\r\036L\323_b\345\326\341"
 1268      4CD3 5F62 
 1268      E5D6 E1
 1269               		.text
 1270               		.section	.gnu.lto_host_keyboard_send.61e94752,"",@progbits
 1271 0000 789C 6D92 		.ascii	"x\234m\222\313kSA\024\306\317w\347\336\34466\332\235\264da6\245"
 1271      CB6B 5341 
 1271      14C6 CF77 
 1271      E7DE E436 
 1271      36DA 9DB4 
 1272 0018 54EC C396 		.ascii	"T\354\303\226\256\\\370O\270\026\t\025Eb$\006]fr\233\324V\003"
 1272      AE5C F84F 
 1272      B816 0915 
 1272      4562 2406 
 1272      5D66 729B 
 1273 002f 5A45 9250 		.ascii	"ZE\222P+\2651%T$\025\251]\250\361\332\326j\360\261\310\252\013"
 1273      2BB5 3125 
 1273      5424 15A9 
 1273      5DA8 F1DA 
 1273      D66A F0B1 
 1274 0046 41B0 159F 		.ascii	"A\260\025\237\270Q,B\037\236\231\233\202\202\027\346r\0363\277"
 1274      B851 2C42 
 1274      1F9E 999B 
 1274      8282 17E6 
 1274      721E 33BF 
 1275 005a F39D 33E3 		.ascii	"\363\2353\343'A\347\r\242>\":\304\013\026\301\220R\036\366\247"
 1275      2741 E70D 
 1275      A23E 223A 
 1275      C40B 16C1 
 1275      9052 1EF6 
 1276 006f 6CC3 30EF 		.ascii	"l\3030\357\257\327v\2312 ^\217<\3507e\263\200\331\310\231\200"
 1276      AFD7 7699 
 1276      3220 5E8F 
 1276      3CE8 3765 
 1276      B380 D9C8 
 1277 0085 B24C 6983 		.ascii	"\262Li\203\222\2060\2214\222\243bL\340\347\372\370\207`g\231"
 1277      9286 3091 
 1277      3492 A362 
 1277      4CE0 E7FA 
 1277      F887 6067 
 1278 009a 93D2 CDD5 		.ascii	"\223\322\315\325[e\331EA\020]\343\345}x\210N\336W[\031\237\336"
 1278      5B65 D945 
 1278      4110 5DE3 
 1278      E57D 7888 
 1278      4EDE 575B 
 1279 00b1 3322 0A02 		.ascii	"3\"\n\0020\330\255\257|\374e+\327@\013\273\2672?\346 \332@l;"
 1279      30D8 ADAF 
 1279      7CFC 652B 
 1279      D740 0BBB 
 1279      B732 3FE6 
 1280 00ca 1B37 2F05 		.ascii	"\0337/\005:\246\245t\244\273vD6\027\204@\025\202\211x\214\020"
 1280      3AA6 A574 
 1280      A4BB 7644 
 1280      3617 8440 
 1280      1582 8978 
 1281 00e0 1E21 44C4 		.ascii	"\036!D\304\261\360\246\237\360\004\035\244\316\274\277\267u="
 1281      B1F0 A69F 
 1281      F004 1DA4 
 1281      CEBC BFB7 
 1281      753D 
 1282 00f2 E833 1B65 		.ascii	"\3503\033e\341\302\007\216\226^.Vw\213\203\232:;\364v\323h\277"
 1282      E1C2 078E 
 1282      965E 2E56 
 1282      778B 839A 
 1282      3A3B F476 
 1283 0109 ADA9 DFF3 		.ascii	"\255\251\337\363\241\005)\363\322,p#O=t_\b=!u8|\321\376\213\210"
 1283      A105 29F3 
 1283      D22C 7023 
 1283      4F3D 745F 
 1283      083D 2175 
 1284 0123 05B4 6B1E 		.ascii	"\005\264k\036\205Gm\302\"\203"
 1284      8547 6DC2 
 1284      2283 
 1285 012d 794F A56E 		.string	"yO\245n\271rk\373\202t\337,c\372k\026~\260$\313\340\237\317\202\247*#\310\341\241\230\220
 1285      B972 6BFB 
 1285      8274 DF2C 
 1285      63FA 6B16 
 1285      7EB0 24CB 
 1286 022e 70ED DC37 		.ascii	"p\355\3347"
 1287               		.text
 1288               		.section	.gnu.lto_host_mouse_send.61e94752,"",@progbits
 1289 0000 789C 6D51 		.ascii	"x\234mQ\315KTQ\024?\277w\356\373hr\310]%.j'.\264\001q\323\246"
 1289      CD4B 5451 
 1289      143F BF77 
 1289      EEFB 6872 
 1289      C85D 252E 
 1290 001c 557F 417B 		.ascii	"U\177A{\211a\"\210\351\3054\264\365\276\347\314dT\224JL\203\032"
 1290      8961 2288 
 1290      E9C5 34B4 
 1290      F5BE E7CC 
 1290      6454 944A 
 1291 0033 E630 2642 		.ascii	"\3460&BX\204\031T\366\312)\030\310\215\020\270\013\254\350\203"
 1291      5884 1954 
 1291      F6CA 2918 
 1291      C88D 10B8 
 1291      0BAC E883 
 1292 0047 7649 4324 		.ascii	"vIC$\332\271\357\225\253."
 1292      DAB9 EF95 
 1292      AB2E 
 1293 0051 9CCB F9FC 		.string	"\234\313\371\374\235\3379\307%\246\337 \312\020\321q\021\330\004Kk}\302\r<\313R\217\332\2
 1293      9DDF 39C7 
 1293      25A6 DF20 
 1293      CA10 D171 
 1293      11D8 044B 
 1294 0152 7D40 E9FD 		.ascii	"}@\351\375j\023\377AT 4M\242\274\n\363\327\346\203:\377\243s"
 1294      6A13 FF41 
 1294      5420 344D 
 1294      A2BC 0AF3 
 1294      D7E6 833A 
 1295 0169 EFFA 1E9D 		.ascii	"\357\372\036\235\225\226\223\024\233U.\207\013UA\255\033\356"
 1295      9596 9314 
 1295      9B55 2E87 
 1295      0B55 41AD 
 1295      1BEE 
 1296 017b 3397 6438 		.ascii	"3\227d8W@\023\024\211\376Z\236\035Kg\026\315}f\272dp\274\226"
 1296      5740 1314 
 1296      89FE 5A9E 
 1296      1D4B 6716 
 1296      CD7D 66BA 
 1297 0193 DCF1 644D 		.ascii	"\334\361dMo\220\241o(\035\211a\005L\304\256\261\027\367V{\253"
 1297      6F90 A16F 
 1297      281D 8961 
 1297      054C C4AE 
 1297      B117 F756 
 1298 01a9 F80E 2BB9 		.ascii	"\370\016+\271dY\210\306N\261\017\026\363\347\206\262~!\327\237"
 1298      6459 88C6 
 1298      4EB1 0F16 
 1298      F3E7 86B2 
 1298      7E21 D79F 
 1299 01bd F5F3 79FF 		.ascii	"\365\363y\377|\377Y\377b\261/KN!w\301/\024;\023\263/;x:7p\354"
 1299      7CFF 59FF 
 1299      62B1 2F4B 
 1299      4E21 77C1 
 1299      2F14 3B13 
 1300 01d9 CC20 FD01 		.ascii	"\314 \375\001\334\302\265%"
 1300      DCC2 B525 
 1301               		.text
 1302               		.section	.gnu.lto_host_system_send.61e94752,"",@progbits
 1303 0000 789C 8D92 		.ascii	"x\234\215\222Oh\023A\024\306\3377\263\273\331\304\006{SK\017"
 1303      4F68 1341 
 1303      14C6 DF37 
 1303      B3BB D9C4 
 1303      067B 534B 
 1304 0015 7A0B 3DB4 		.ascii	"z\013=\264FJ\361\350\311\243'\357"
 1304      464A F1E8 
 1304      C9A3 27EF 
 1305 0021 2221 2248 		.string	"\"!\"H\214\304\340\265\223\230\304\212\212\306?\304\320FjKB)HQ\2119T\353j\2435\255\025\35
 1305      8CC4 E0B5 
 1305      9398 C48A 
 1305      8AC6 3FC4 
 1305      D046 6A4B 
 1306 0122 5949 69EE 		.ascii	"YIi\356\337\200r('E\312\215\317;\364\021j\244v\305tq\237\221"
 1306      DF80 7228 
 1306      2745 CA8D 
 1306      CF3B F411 
 1306      6AA4 76C5 
 1307 013a BEDD 08E9 		.ascii	"\276\335\b\351\260 \301\212\251\253\327\356\271~|n\323\245\261"
 1307      B020 C18A 
 1307      A9AB D7EE 
 1307      B97E 7C6E 
 1307      D3A5 B1
 1308 014d D7EB FE0C 		.ascii	"\327\353\376\f\322)\233+%\335\005\027W\307\253C\2012F\241-<G"
 1308      D229 9B2B 
 1308      25DD 0517 
 1308      57C7 AB43 
 1308      8132 46A1 
 1309 0164 0678 A69B 		.ascii	"\006x\246\233\3074\312\240Ed\336O\327\261A,H\313\375[9)\227/"
 1309      C734 CAA0 
 1309      4564 DE4F 
 1309      D7B1 412C 
 1309      48CB FD5B 
 1310 017c BFBD 2937 		.ascii	"\277\275)7\345'[\362C\215\203:\374/\261zK\354\005\213i\272\246"
 1310      E527 5BF2 
 1310      438D 833A 
 1310      FC2F B17A 
 1310      4BEC 058B 
 1311 0193 2D6E 35B3 		.ascii	"-n5\263\307\223\026[\315\330\333\314\330%\211\177\371&f4\377"
 1311      C793 165B 
 1311      CDD8 DBCC 
 1311      D825 897F 
 1311      F926 6634 
 1312 01a8 A5CB 7FB5 		.ascii	"\245\313\177\265\315\314_D\023\204\206\336\350\2323*\357jsb\323"
 1312      CDCC 5F44 
 1312      1384 86DE 
 1312      E89A 332A 
 1312      EF6A 7362 
 1313 01bd DC52 AB9D 		.ascii	"\334R\253\235\251\206\345\035\326w\252\226\036/0uT\017b\370\034"
 1313      A986 E51D 
 1313      D677 AA96 
 1313      1E2F 3075 
 1313      540F 62F8 
 1314 01d2 4FCA CF50 		.ascii	"O\312\317P\217\302_\177\325F\362\301\360\204\276q\303\035<E\314"
 1314      8FC2 5F7F 
 1314      D546 F2C1 
 1314      F084 BE71 
 1314      C31D 3C45 
 1315 01e7 F2DE EBDE 		.ascii	"\362\336\353\336\340\347\020\246/\310\354u\261\f\343e\025e\300"
 1315      E0E7 10A6 
 1315      2FC8 EC75 
 1315      B10C E365 
 1315      1565 C0
 1316 01fa D536 FFCC 		.ascii	"\3256\377\314\365+\204w7\263\334\250[\344|W2v\352X$\236\210\366"
 1316      F52B 8477 
 1316      37B3 DCA8 
 1316      5BE4 7C57 
 1316      3276 EA58 
 1317 0212 44E2 B158 		.ascii	"D\342\261X\374t\317\311\370\331dw\204\254D\364L<\221l\367\322"
 1317      FC74 CFC9 
 1317      F8D9 6477 
 1317      84AC 44F4 
 1317      4C3C 916C 
 1318 0228 EE48 DFF1 		.ascii	"\356H\337\361h\357\376\023}\364\033Q\313\372\242"
 1318      68EF FE13 
 1318      7DF4 1B51 
 1318      CBFA A2
 1319               		.text
 1320               		.section	.gnu.lto_host_consumer_send.61e94752,"",@progbits
 1321 0000 789C 8D92 		.string	"x\234\215\222Mh\023A\024\307\337\177fw\263\211\r\366\246\226\036\364\026zh\255\224\036<y\
 1321      4D68 1341 
 1321      14C7 DF7F 
 1321      6677 B389 
 1321      0DF6 A696 
 1322 00fc 21D2 67DE 		.ascii	"!\322g\336\336\\\032\bZ\306\212,\034m\224\203\3619\323QK\313"
 1322      DE5C 1A08 
 1322      5AC6 8A2C 
 1322      1C6D 9483 
 1322      F139 D351 
 1323 0112 2718 54C6 		.ascii	"'\030T\306\300n?\370\240!\370eJ~Y\026<@FR\212\3737\240\034\312"
 1323      C06E 3FF8 
 1323      A021 F865 
 1323      4A7E 5916 
 1323      3C40 4652 
 1324 012c 4A91 74E3 		.ascii	"J\221t\343\343\016\275\207\032i\2341]\334'\244.\327C:\314K\260"
 1324      E30E BD87 
 1324      1A69 9C31 
 1324      5DDC 27A4 
 1324      2ED7 433A 
 1325 0143 62F2 DCF9 		.ascii	"b\362\334\371\033\256\037\237\333tq\364\371\262?\215T\322\346"
 1325      1BAE 1F9F 
 1325      DB74 71F4 
 1325      F9B2 3F8D 
 1325      54D2 E6
 1326 0156 4A51 77C1 		.ascii	"JQw\301\305\305\261\352P\240\214\022\264\205GH\003\017u\363\230"
 1326      C5C5 B1EA 
 1326      50A0 8C12 
 1326      B485 4748 
 1326      030F 75F3 
 1327 016b 4419 F40E 		.ascii	"D\031\364\016\3517\223SX!\346\245\345\376\255\254\224\013\247"
 1327      E937 9353 
 1327      5821 E6A5 
 1327      E5FE ADAC 
 1327      940B A7
 1328 017e 5F5E 92AB 		.ascii	"_^\222\253\362\277\232\362C\365\235:\374/\261\251\246\330c\026"
 1328      F2BF 9AF2 
 1328      43F5 9D3A 
 1328      FC2F B1A9 
 1328      A6D8 6316 
 1329 0192 D374 4D2B 		.ascii	"\323tM+\235]cf\213'-\326\232\261\327\231\261\213\022\377\362"
 1329      9D5D 6366 
 1329      8B27 2DD6 
 1329      9AB1 D799 
 1329      B18B 12FF 
 1330 01a7 4D3C D5FC 		.ascii	"M<\325\374'.\377\331:3\177\021M\020\352z\243k\316\250\274\256"
 1330      272E FFD9 
 1330      3A33 7F11 
 1330      4D10 EA7A 
 1330      A36B CEA8 
 1331 01bd CD88 5573 		.ascii	"\315\210Us\327\232\355L\324-\357\260\276S\265\324X\236\251%="
 1331      D79A ED4C 
 1331      D42D EFB0 
 1331      BE53 B5D4 
 1331      589E A925 
 1332 01d2 88E1 633C 		.ascii	"\210\341c<)?C=\n\177\375Y\033\311\005\273\307\365\215\033n\343"
 1332      293F 433D 
 1332      0A7F FD59 
 1332      1BC9 05BB 
 1332      C7F5 8D1B 
 1333 01e8 2962 9AF7 		.ascii	")b\232\367^\360\006?\203n\372\214\364V\027\3130^VA\006\\m\363"
 1333      5EF0 063F 
 1333      836E FA8C 
 1333      F456 17CB 
 1333      305E 5641 
 1334 0200 CF5C BF40 		.ascii	"\317\\\277@xw3\303\215\272E\3167%\242\207\366\205c\361HW8\026"
 1334      7877 33C3 
 1334      8DBA 45CE 
 1334      3725 A287 
 1334      F685 63F1 
 1335 0218 8DC6 0E77 		.ascii	"\215\306\016w\035\214\035Mt\206\311\212G\216\304\342\211V/\355"
 1335      1D8C 1D4D 
 1335      7486 C98A 
 1335      478E C4E2 
 1335      8956 2FED 
 1336 022c 0CF7 EE8F 		.ascii	"\f\367\356\217\364l?\320K\277\001O\005\372l"
 1336      F46C 3FD0 
 1336      4BBF 014F 
 1336      05FA 6C
 1337               		.text
 1338               		.section	.gnu.lto_host_last_system_report.61e94752,"",@progbits
 1339 0000 789C 2D4E 		.string	"x\234-N;K\003a\020\334\371\2763w\006|t\"D\260\261Ia\376\202\377\304\"\b\212\234\007\232>{
 1339      3B4B 0361 
 1339      10DC F9BE 
 1339      3377 067C 
 1339      7422 44B0 
 1340 005b 450E 7BA0 		.ascii	"E\016{\240\242A\021\353v\333\242\32598\031Z\263{*\024\332\356"
 1340      A241 11EB 
 1340      76DB A2D5 
 1340      3938 195A 
 1340      B37B 2A14 
 1341 0071 7CFC 784A 		.ascii	"|\374xJ\201a\241Og\357G\351l\2239\342\270Ru\3677^X\376\f\355"
 1341      8161 A14F 
 1341      67EF 47E9 
 1341      6C93 39E2 
 1341      B852 75F7 
 1342 008b 88FC 0619 		.ascii	"\210\374\006\031\\#C\372p\213,\221\030^/\273\273\003)G\005\272"
 1342      5C23 43FA 
 1342      708B 2C91 
 1342      185E 2FBB 
 1342      BB03 2947 
 1343 00a1 BE43 8AA4 		.ascii	"\276C\212\244\016]\264\373b\356\366V9~\234\260\342\327\033T\266"
 1343      0E5D B4FB 
 1343      62EE F656 
 1343      397E 9CB0 
 1343      E2D7 1B54 
 1344 00b6 1449 2307 		.ascii	"\024I#\007\034\323\2125a\202\227cz\003\037\177\231\304\373\211"
 1344      1CD3 8A35 
 1344      6182 9763 
 1344      7A03 1F7F 
 1344      99C4 FB89 
 1345 00ca A8DA 9A53 		.ascii	"\250\332\232SX\261Z/\334\334:O\332ZhZ\255\371\334\353/!\n=\331"
 1345      58B1 5A2F 
 1345      DCDC 3A4F 
 1345      DA5A 685A 
 1345      ADF9 DCEB 
 1346 00e3 D434 5296 		.ascii	"\3244R\226\277\247W\207\351\006\352\220\020\304(\001\367\332"
 1346      BFA7 5787 
 1346      E906 EA90 
 1346      10C4 2801 
 1346      F7DA 
 1347 00f5 120F 6880 		.ascii	"\022\017h\200\276\021\215\377\237\323\202e9\231\304\n\033)\370"
 1347      BE11 8DFF 
 1347      9FD3 8265 
 1347      3999 C40A 
 1347      1B29 F8
 1348 0108 F3D3 F960 		.ascii	"\363\323\371`q&\227\017|?X\310\315\006K\205\311<\375\001\360"
 1348      7126 970F 
 1348      7C3F 58C8 
 1348      CD06 4B85 
 1348      C93C FD01 
 1349 011d 955E 39   		.ascii	"\225^9"
 1350               		.text
 1351               		.section	.gnu.lto_host_last_consumer_report.61e94752,"",@progbits
 1352 0000 789C 2D4E 		.ascii	"x\234-N;K\003a\020\334\371\2763w\006|t\"D\260\261Ia\376\202\377"
 1352      3B4B 0361 
 1352      10DC F9BE 
 1352      3377 067C 
 1352      7422 44B0 
 1353 001a C4E2 1084 		.ascii	"\304\342\020\204\020\0174}\366\316\304W\243\"\022\037\211\205"
 1353      100F 347D 
 1353      F6CE C457 
 1353      A322 121F 
 1353      8985 
 1354 002c 9210 1411 		.ascii	"\222\020\024\021\013+_ga\021\260\220`\221ZD-\254,\254$q\367\360"
 1354      0B2B 5F67 
 1354      6111 B090 
 1354      6091 5A44 
 1354      2DAC 2CAC 
 1355 0044 8385 99FD 		.ascii	"\203\205\231\375fv\306%K\303 \032'\242\t\031X\202a\346\0317\364"
 1355      6676 C625 
 1355      4BC3 201A 
 1355      27A2 0919 
 1355      5882 61E6 
 1356 005b 0CA0 C861 		.ascii	"\f\240\310a\017T2(a\335n[\264\273\207\315\2215\273\257B\241\235"
 1356      0F54 3228 
 1356      61DD 6E5B 
 1356      B4BB 87CD 
 1356      9135 BBAF 
 1357 0072 EEC7 8FA7 		.ascii	"\356\307\217\247\024\030\025\372x\366~\224\316\266\230#\216\253"
 1357      1418 15FA 
 1357      78F6 7E94 
 1357      CEB6 9823 
 1357      8EAB 
 1358 0084 35F7 60E3 		.ascii	"5\367`\343\231\345\317\320\216\310o\220\30152\244\017\267\310"
 1358      99E5 CFD0 
 1358      8EC8 6F90 
 1358      C135 32A4 
 1358      0FB7 C8
 1359 0097 1289 E1F5 		.ascii	"\022\211\341\365\262\267;\224rT\240\353;\244H\352\320Eg \346"
 1359      B2B7 3B94 
 1359      7254 A0EB 
 1359      3BA4 48EA 
 1359      D045 6720 
 1360 00ac 5E7F 95E3 		.ascii	"^\177\225\343\227)+~\275A\025K\2214r\3001\255X\023&x9\2467\360"
 1360      9729 2B7E 
 1360      BD41 154B 
 1360      9134 72C0 
 1360      31AD 5813 
 1361 00c6 F1B7 49BC 		.ascii	"\361\267I\274\237\210\366\332y\205U\253\365\302\315\255\363\244"
 1361      9F88 F6DA 
 1361      7985 55AB 
 1361      F5C2 CDAD 
 1361      F3A4 
 1362 00d8 AD85 A6D5 		.ascii	"\255\205\246\325[O\375\3012\242\320\223M]#e\371{zUK7p\002\tA"
 1362      5B4F FDC1 
 1362      32A2 D093 
 1362      4D5D 2365 
 1362      F97B 7A55 
 1363 00f2 8C32 70AF 		.ascii	"\2142p\257-\361\200\006\350\013\321\344\3779-X\221\223I\254\260"
 1363      2DF1 8006 
 1363      E80B D1E4 
 1363      FF39 2D58 
 1363      9193 49AC 
 1364 0107 B162 213F 		.ascii	"\261b!?\353\007\213s9?(\024\202\205\334|\260T\234\366\351\017"
 1364      EB07 8B73 
 1364      393F 2814 
 1364      8285 DC7C 
 1364      B054 9CF6 
 1365 011d 04F6 5E57 		.ascii	"\004\366^W"
 1366               		.text
 1367               		.section	.gnu.lto_.symbol_nodes.61e94752,"",@progbits
 1368 0000 789C 6D8E 		.ascii	"x\234m\216\273\t\002A\024E\357\373\314\314\256\337\036\354\304"
 1368      BB09 0241 
 1368      1445 EFFB 
 1368      CCCC AEDF 
 1368      1EEC C4
 1369 0013 266C E70E 		.ascii	"&l\347\016V`b\005\202\261\231`l&lfh\001\026\260\271+\003\232"
 1369      5660 6205 
 1369      82B1 9960 
 1369      6C26 6C66 
 1369      6801 16B0 
 1370 002b BCEC F0CE 		.ascii	"\274\354\360\316\341q\013\f;\001\240\231\330\327Z]\016\003@\340"
 1370      E171 0B0C 
 1370      3B01 A099 
 1370      D8D7 5A5D 
 1370      0E03 40E0 
 1371 003f 56B7 F88A 		.ascii	"V\267\370\212d\250\033\300\264P\302@;j,zZ,f\364X\314\231b\261"
 1371      64A8 1BC0 
 1371      B450 C240 
 1371      3B6A 2C7A 
 1371      5A2C 66F4 
 1372 0058 608E D7B9 		.ascii	"`\216\327\271\264uK\2268H\332\202\025\273\370\365\232}(\334\336"
 1372      B475 4B96 
 1372      3848 DA82 
 1372      15BB F8F5 
 1372      9A7D 28DC 
 1373 006d F7CB C9E4 		.ascii	"\367\313\311\344)pox\314\360\324p\234\256\371\037\224\363\353"
 1373      2970 6F78 
 1373      CCF0 D470 
 1373      9CAE F91F 
 1373      94F3 EB
 1374 0080 FA50 19A7 		.ascii	"\372P\031\247\240\377!>E\232U\\"
 1374      A0FF 213E 
 1374      459A 555C 
 1375               		.text
 1376               		.section	.gnu.lto_.refs.61e94752,"",@progbits
 1377 0000 789C 15C8 		.string	"x\234\025\310\301\021\300 \f\003\301\223\0350!\351\211\376\273\302\372\354\350T$\007\020R
 1377      C111 C020 
 1377      0C03 C193 
 1377      1D30 21E9 
 1377      89FE BBC2 
 1378               		.text
 1379               		.section	.gnu.lto_.decls.61e94752,"",@progbits
 1380 0000 789C 9D58 		.string	"x\234\235X{P\224\327\025\377\316ww\331eyY\240\306$\264\343$C&\316t\320\244\211\323L;\223i
 1380      7B50 94D7 
 1380      15FF CE77 
 1380      77D9 6579 
 1380      59A0 C624 
 1381 003b 8A46 5D04 		.string	"\212F]\004\255\212\017\360\201\361\005\304R#H\220\207<DE\036\312S\003\"\262\250DE\024\037
 1381      AD8A 0FF0 
 1381      81F1 05C4 
 1381      5223 4890 
 1381      873C 4445 
 1382 00d8 F502 F0D9 		.string	"\365\002\360\331)t,Bo&J\240\320\211\024\317g\374p\254Vy\f^\003\017G\224\302y(\257\316\365
 1382      2974 2C42 
 1382      6F26 4AA0 
 1382      D089 14CF 
 1382      67FC 70AC 
 1383 0197 DE0C C066 		.string	"\336\f\300fMo\303\230\205\250@y\332\362\366?0\340\320\"\013LN\022\354p\246\366]\016\346\0
 1383      4D6F C398 
 1383      85A8 4079 
 1383      DAF2 F63F 
 1383      30E0 D022 
 1384 01f4 C65D 0BF3 		.string	"\306]\013\363\024\250\306\316*\354D\2153\217\357\214\250\006\214\007\324\201\005\226\033h
 1384      14A8 C6CE 
 1384      2AEC 448D 
 1384      338F EF8C 
 1384      A806 8C07 
 1385 028d 9C3B F719 		.string	"\234;\367\031\316\002S`3oF\327\316\360\231W\254:\365\310L>d\272[\312W\244Y\310_\330{nf\36
 1385      CE02 5360 
 1385      336F 46D7 
 1385      CEF0 9957 
 1385      AC3A F5C8 
 1386 0341 D174 8976 		.ascii	"\321t\211v\261\270\235\335\361|Y\271S\3232\203\241\005\323\241"
 1386      B1B8 9DDD 
 1386      F17C 59B9 
 1386      53D3 3283 
 1386      A105 D3A1 
 1387 0355 0D5D A7BA 		.ascii	"\r]\247\272\372\342\263?/D\271\341=\257\244kU\251\204a[}\260"
 1387      FAE2 B33F 
 1387      2F44 B9E1 
 1387      3DAF A46B 
 1387      55A9 8461 
 1388 036c 3C01 1878 		.ascii	"<\001\030x/\003\3378\032\236\252i@A\n\213\206\370\355b!k.{\252"
 1388      2F03 DF38 
 1388      1A9E AA69 
 1388      4041 0A8B 
 1388      86F8 ED62 
 1389 0385 5AD3 36CD 		.ascii	"Z\3236\315\203N\344j\367\341\232\353c\367\232d\367\202\017\366"
 1389      834E E46A 
 1389      F7E1 9AEB 
 1389      63F7 9A64 
 1389      F782 0FF6 
 1390 0399 24F8 8007 		.ascii	"$\370\200\007$\360i\037\360)\017\030\343Z\352\3324`&9@\003\253"
 1390      24F0 691F 
 1390      F029 0F18 
 1390      E35A EADA 
 1390      3460 2639 
 1391 03b0 DE1F ECEF 		.ascii	"\336\037\354\3575@\304\234\351c\nC\030\312\037\021V>\365\361"
 1391      3540 C49C 
 1391      E963 0A43 
 1391      18CA 1F11 
 1391      563E F5F1 
 1392 03c4 B299 5FD0 		.ascii	"\262\231_\320\251_A\205AtA\314\236\205\202Y\336\271\357p}\220"
 1392      A95F 4185 
 1392      4174 41CC 
 1392      9E85 8259 
 1392      DEB9 EF70 
 1393 03da 5C46 14E9 		.ascii	"\\F\024\351)#\227\273\214\\\335\217[,\254\\\261O\224\353\325"
 1393      2923 97BB 
 1393      8C5C DD8F 
 1393      5B2C AC5C 
 1393      B14F 94EB 
 1394 03ef 33D7 6B82 		.ascii	"3\327k\202\374\224\353UV\256\303z\2716\257\234\334o\226\355\\"
 1394      FC94 EB55 
 1394      56AE C37A 
 1394      B936 AF9C 
 1394      DC6F 96ED 
 1395 0404 F52A D76B 		.ascii	"\365*\327kn;M}\333\322\rd'\013\0058'\206*\002x\372U\261*\254"
 1395      6E3B 4D7D 
 1395      DBD2 0D64 
 1395      270B 0538 
 1395      2786 2A02 
 1396 041e 1ED9 AF92 		.ascii	"\036\331\257\222\022>\230\371MU\243\211g\252\211f\352\346\324"
 1396      123E 98F9 
 1396      4D55 A389 
 1396      67AA 8966 
 1396      EAE6 D4
 1397 0431 C630 5E85 		.ascii	"\3060^\205\334\002\366{\f\334\004\013[N\270\301\213`siG]X\270"
 1397      DC02 F67B 
 1397      0CDC 040B 
 1397      5B4E B8C1 
 1397      8B60 7369 
 1398 0449 9387 9846 		.ascii	"\223\207\230F\210-\377\b\342\277e\370[\020\256kM_"
 1398      882D FF08 
 1398      E2BF 65F8 
 1398      5B10 AE6B 
 1398      4D5F 
 1399 045b 27BD 7939 		.string	"'\275y9#\006\356\332<l\256-\354.\262\220R\356\331\211\312\246\264`\277\256\334\321]\351\3
 1399      2306 EEDA 
 1399      3C6C AE2D 
 1399      EC2E B290 
 1399      52EE D989 
 1400 055c B9D4 28D2 		.string	"\271\324(\322\223~\351\252^j\223\3736\354\004V\322\330'J\372f\331\305\021\360S\322\231*-\
 1400      937E E9AA 
 1400      5E6A 93FB 
 1400      36EC 0456 
 1400      D2D8 274A 
 1401 064a C3CA 29E1 		.ascii	"\303\312)\341\220\312\227\300\345\302\202s\301$\227\235,\325"
 1401      90CA 97C0 
 1401      E5C2 8273 
 1401      C124 979D 
 1401      2CD5 
 1402 065c FE89 7DDF 		.ascii	"\376\211}\337\207y\177\270\364\271\300?q\n?z:\365/\321\331lD"
 1402      8779 7FB8 
 1402      F4B9 C03F 
 1402      710A 3F7A 
 1402      3AF5 2FD1 
 1403 0673 F806 29C1 		.ascii	"\370\006)\301\351\354\230\321\236#\315G,r^l\364rp\023\317\013"
 1403      E9EC 98D1 
 1403      9E23 CD47 
 1403      2C72 5E6C 
 1403      F472 7013 
 1404 0689 FAA4 3BF7 		.ascii	"\372\244;\367\301\222-\206>\374\340\251\342hM\207@<\200\to\003"
 1404      C192 2D86 
 1404      3EFC E0A9 
 1404      E268 4D87 
 1404      403C 8009 
 1405 069f 6BE2 53E5 		.ascii	"k\342S\345\017\321\005\002\246\350\357\002\305\373U\017!\373"
 1405      0FD1 0502 
 1405      A6E8 EF02 
 1405      C5FB 550F 
 1405      21FB 
 1406 06b1 078A E09B 		.ascii	"\007\212\340\233\324\177\234[@<\204\264O\325\327\211\363\013"
 1406      D47F 9C5B 
 1406      403C 84B4 
 1406      4FD5 D789 
 1406      F30B 
 1407 06c3 18BD 75D0 		.ascii	"\030\275u\320?\022\003\347\225\034\360\032\344\206\245ay\226"
 1407      3F12 03E7 
 1407      951C F01A 
 1407      E486 A561 
 1407      7996 
 1408 06d5 A05F 1F7A 		.ascii	"\240_\037z.\037\b';\371\025\340\212\323Y\310\217\336\233\334"
 1408      2E1F 0827 
 1408      3BF9 15E0 
 1408      8AD3 59C8 
 1408      8FDE 9BDC 
 1409 06e9 857F B9D3 		.ascii	"\205\177\271\323\231\032\354\247\360\267\262\262\314\323\013"
 1409      991A ECA7 
 1409      F0B7 B2B2 
 1409      CCD3 0B
 1410 06f8 7FF8 7EDA 		.ascii	"\177\370~\3327!\317\026h\371\375ZUg\363\363\203\270\022\270#"
 1410      3721 CF16 
 1410      68F9 FD5A 
 1410      5567 F3F3 
 1410      83B8 12B8 
 1411 070d 6906 8A83 		.ascii	"i\006\212\203-\322\212\341;}lV\373 \246\312\254\3006\365YT?r"
 1411      2DD2 8AE1 
 1411      3B7D 6C56 
 1411      FB20 A6CA 
 1411      ACC0 36F5 
 1412 0725 AFAB 5025 		.ascii	"\257\253P%M\334\225\023%\231\003&\331,\365H\267\273\303k;(\375"
 1412      4DDC 9513 
 1412      2599 0326 
 1412      D92C F548 
 1412      B7BB C36B 
 1413 073c 727C 77A8 		.ascii	"r|w\2500;\224n\2449\212Z\341\024\005\333%\253\333%\253\207\321"
 1413      303B 946E 
 1413      A439 8A5A 
 1413      E114 05DB 
 1413      25AB DB25 
 1414 0753 6A3E B37A 		.ascii	"j>\263z\355p'~){\270\325\207\r\331\r\006A5\236K\004\225\3126"
 1414      ED70 277E 
 1414      297B B8D5 
 1414      870D D90D 
 1414      0641 359E 
 1415 076c 9802 89AA 		.ascii	"\230\002\211\252@\242\332\215T;\031Ug\352\326u\001\344{N\245"
 1415      40A2 DA8D 
 1415      543B 1955 
 1415      67EA D675 
 1415      01E4 7B4E 
 1416 0781 9F97 23F9 		.ascii	"\237\227#\371yY\277RD\262+\005)\256u\265\230\300\022\005\230"
 1416      7959 BF52 
 1416      44B2 2B05 
 1416      29AE 75B5 
 1416      98C0 1205 
 1417 0796 9DC0 8FE8 		.ascii	"\235\300\217\350Z\377lP\334S,T\351a\340+,\223\275X&[4\304\334"
 1417      5AFF 6C50 
 1417      DC53 2C54 
 1417      E961 E02B 
 1417      2C93 BD58 
 1418 07af 02D6 BB05 		.ascii	"\002\326\273\005K\200>\245+L$\277\302\234\251k\337d\"\031\204"
 1418      4B80 3EA5 
 1418      2B4C 24BF 
 1418      C29C A96B 
 1418      DF64 2219 
 1419 07c4 DA27 E919 		.ascii	"\332'\351\031\303\353\030{ \n\323\237"
 1419      C3EB 187B 
 1419      200A D39F 
 1420 07d0 0107 D540 		.ascii	"\001\007\325@e\0057\226\3571\006xtbC\n\034B{\007\230=3\353A\322"
 1420      6505 3796 
 1420      EF31 0678 
 1420      7462 430A 
 1420      1C42 7B07 
 1421 07ea F569 5B71 		.ascii	"\365i[q\203Z\315Ha0\377\354\333\304\311\337\365{g$\277w>\032"
 1421      835A CD48 
 1421      6130 FFEC 
 1421      DBC4 C9DF 
 1421      F57B 6724 
 1422 0802 CD3D A392 		.ascii	"\315=\243\222M|\254\270\324e\"\273\371\373\252\301\203\251FR"
 1422      4D7C ACB8 
 1422      D465 22BB 
 1422      F9FB AAC1 
 1422      83A9 4652 
 1423 0816 C41A 81A3 		.ascii	"\304\032\201\243+J&,t\233\215\236\203"
 1423      2B4A 262C 
 1423      749B 8D9E 
 1423      83
 1424 0823 3784 68FE 		.string	"7\204h\376\361\235\274\361\322\371\225\232s>^J\024(S\375\234\262\321\353\241\r\306tm\325\
 1424      F19D BCF1 
 1424      D2F9 959A 
 1424      733E 5E4A 
 1424      1428 53FD 
 1425 0924 7987 AA95 		.ascii	"y\207\252\225\\?\341\265C\245\235\313Z\023\346\336\030\177q\327"
 1425      5C3F E1B5 
 1425      43A5 9DCB 
 1425      5A13 E6DE 
 1425      187F 71D7 
 1426 0938 BD31 220C 		.ascii	"\2751\"\fvI\236\354\222\366"
 1426      7649 9EEC 
 1426      92F6 
 1427 0942 958D B8AF 		.string	"\225\215\270\257\324\261}e\370RGi 9\315\313\251q\377\375t}\223m\376\304\275C\3213V\275\30
 1427      D4B1 7D65 
 1427      F852 4769 
 1427      2039 CDCB 
 1427      A971 FFFD 
 1428 0a43 05CE A9CF 		.string	"\005\316\251\317\321\377}\313\274UM\257\277t\302\224h\335\215\274!\0039\315Ykr\006\036\20
 1428      D1FF 7DCB 
 1428      BC55 4DAF 
 1428      BF74 C294 
 1428      68DD 8DBC 
 1429 0b21 3B7F 15EB 		.ascii	";\177\025\353\200\317\341\357\246\217S\034\016[\222\335\224\302"
 1429      80CF E1EF 
 1429      A68F 531C 
 1429      0E5B 92DD 
 1429      94C2 
 1430 0b33 FB02 96C5 		.ascii	"\373\002\226\305\305/\261&\300\342'}M%[\227\331\222\0351\213"
 1430      C52F B126 
 1430      C0E2 277D 
 1430      4D25 5B97 
 1430      D992 1D31 
 1431 0b48 9550 FEC6 		.ascii	"\225P\376\306\311b\035!\214y\211\365\363\217mq\311\t$9\3563\003"
 1431      C962 1D21 
 1431      8C79 89F5 
 1431      F38F 6D71 
 1431      C909 2439 
 1432 0b5f 36EC E664 		.ascii	"6\354\346d\253\335\232\274\334\232`H\264%\330\177\"tt\030\252"
 1432      ABDD 9ABC 
 1432      DC9A 6048 
 1432      B425 D87F 
 1432      2274 7418 
 1433 0b74 B95F 975A 		.ascii	"\271_\227Z\023\354\234$\036\035II\264&\377|\272i\306&$\177\272"
 1433      13EC 9C24 
 1433      1E1D 4949 
 1433      B426 FF7C 
 1433      BA69 C626 
 1434 0b8b DC9A 8C0E 		.ascii	"\334\232\214\016\204H\315XG\030k\331\255z\317\023\323\307H\341"
 1434      8448 CD58 
 1434      4718 6BD9 
 1434      AD7A CF13 
 1434      D3C7 48E1 
 1435 0b9f B8BF BA71 		.ascii	"\270\277\272q\341\254\355\345\305\023S\272b\355\2168\207\325"
 1435      E1AC EDE5 
 1435      C513 53BA 
 1435      62ED 8E38 
 1435      87D5 
 1436 0bb1 18FB 3B9B 		.ascii	"\030\373;\233m\251aI\\R\234\tI\227\331\354\326 {|\262m\351\322"
 1436      6DA9 6149 
 1436      5C52 9C09 
 1436      4997 D9EC 
 1436      D620 7B7C 
 1437 0bc9 D8A5 B6F8 		.ascii	"\330\245\266\370%\201\361q\313\354\354\315\234\224\222\310^B"
 1437      2581 F171 
 1437      CBEC ECCD 
 1437      9C94 92C8 
 1437      5E42 
 1438 0bdb FF96 1297 		.ascii	"\377\226\022\227\344HI\234\213\034\350\261\221R9|,\322)s\247"
 1438      E448 499C 
 1438      8B1C E8B1 
 1438      9152 397C 
 1438      2CD2 2973 
 1439 0bf0 7824 697B 		.ascii	"x$i{\006\237\f[l\326\301u\364\300\260.\356\345\3228\017\220\007"
 1439      069F 0C5B 
 1439      6CD6 C175 
 1439      F4C0 B02E 
 1439      EEE5 D238 
 1440 0c07 F749 4FBF 		.ascii	"\367IO\277\033\317G\002\304\214\247\352DN\007\377\017\275n\331"
 1440      1BCF 4702 
 1440      C48C A7EA 
 1440      444E 07FF 
 1440      0FBD 6ED9 
 1441 0c1b C6        		.ascii	"\306"
 1442               		.text
 1443               		.section	.gnu.lto_.symtab.61e94752,"",@progbits
 1444 0000 686F 7374 		.string	"host_set_driver"
 1444      5F73 6574 
 1444      5F64 7269 
 1444      7665 7200 
 1445 0010 00        		.string	""
 1446 0011 00        		.string	""
 1447 0012 00        		.string	""
 1448 0013 00        		.string	""
 1449 0014 00        		.string	""
 1450 0015 00        		.string	""
 1451 0016 00        		.string	""
 1452 0017 00        		.string	""
 1453 0018 00        		.string	""
 1454 0019 00        		.string	""
 1455 001a 00        		.string	""
 1456 001b 1D01 00   		.string	"\035\001"
 1457 001e 00        		.string	""
 1458 001f 686F 7374 		.string	"host_get_driver"
 1458      5F67 6574 
 1458      5F64 7269 
 1458      7665 7200 
 1459 002f 00        		.string	""
 1460 0030 00        		.string	""
 1461 0031 00        		.string	""
 1462 0032 00        		.string	""
 1463 0033 00        		.string	""
 1464 0034 00        		.string	""
 1465 0035 00        		.string	""
 1466 0036 00        		.string	""
 1467 0037 00        		.string	""
 1468 0038 00        		.string	""
 1469 0039 00        		.string	""
 1470 003a 2001 00   		.string	" \001"
 1471 003d 00        		.string	""
 1472 003e 686F 7374 		.string	"host_keyboard_leds"
 1472      5F6B 6579 
 1472      626F 6172 
 1472      645F 6C65 
 1472      6473 00
 1473 0051 00        		.string	""
 1474 0052 00        		.string	""
 1475 0053 00        		.string	""
 1476 0054 00        		.string	""
 1477 0055 00        		.string	""
 1478 0056 00        		.string	""
 1479 0057 00        		.string	""
 1480 0058 00        		.string	""
 1481 0059 00        		.string	""
 1482 005a 00        		.string	""
 1483 005b 00        		.string	""
 1484 005c 2201 00   		.string	"\"\001"
 1485 005f 00        		.string	""
 1486 0060 686F 7374 		.string	"host_keyboard_led_state"
 1486      5F6B 6579 
 1486      626F 6172 
 1486      645F 6C65 
 1486      645F 7374 
 1487 0078 00        		.string	""
 1488 0079 00        		.string	""
 1489 007a 00        		.string	""
 1490 007b 00        		.string	""
 1491 007c 00        		.string	""
 1492 007d 00        		.string	""
 1493 007e 00        		.string	""
 1494 007f 00        		.string	""
 1495 0080 00        		.string	""
 1496 0081 00        		.string	""
 1497 0082 00        		.string	""
 1498 0083 4501 00   		.string	"E\001"
 1499 0086 00        		.string	""
 1500 0087 686F 7374 		.string	"host_keyboard_send"
 1500      5F6B 6579 
 1500      626F 6172 
 1500      645F 7365 
 1500      6E64 00
 1501 009a 00        		.string	""
 1502 009b 00        		.string	""
 1503 009c 00        		.string	""
 1504 009d 00        		.string	""
 1505 009e 00        		.string	""
 1506 009f 00        		.string	""
 1507 00a0 00        		.string	""
 1508 00a1 00        		.string	""
 1509 00a2 00        		.string	""
 1510 00a3 00        		.string	""
 1511 00a4 00        		.string	""
 1512 00a5 4701 00   		.string	"G\001"
 1513 00a8 00        		.string	""
 1514 00a9 686F 7374 		.string	"host_mouse_send"
 1514      5F6D 6F75 
 1514      7365 5F73 
 1514      656E 6400 
 1515 00b9 00        		.string	""
 1516 00ba 00        		.string	""
 1517 00bb 00        		.string	""
 1518 00bc 00        		.string	""
 1519 00bd 00        		.string	""
 1520 00be 00        		.string	""
 1521 00bf 00        		.string	""
 1522 00c0 00        		.string	""
 1523 00c1 00        		.string	""
 1524 00c2 00        		.string	""
 1525 00c3 00        		.string	""
 1526 00c4 4901 00   		.string	"I\001"
 1527 00c7 00        		.string	""
 1528 00c8 686F 7374 		.string	"host_system_send"
 1528      5F73 7973 
 1528      7465 6D5F 
 1528      7365 6E64 
 1528      00
 1529 00d9 00        		.string	""
 1530 00da 00        		.string	""
 1531 00db 00        		.string	""
 1532 00dc 00        		.string	""
 1533 00dd 00        		.string	""
 1534 00de 00        		.string	""
 1535 00df 00        		.string	""
 1536 00e0 00        		.string	""
 1537 00e1 00        		.string	""
 1538 00e2 00        		.string	""
 1539 00e3 00        		.string	""
 1540 00e4 4B01 00   		.string	"K\001"
 1541 00e7 00        		.string	""
 1542 00e8 686F 7374 		.string	"host_consumer_send"
 1542      5F63 6F6E 
 1542      7375 6D65 
 1542      725F 7365 
 1542      6E64 00
 1543 00fb 00        		.string	""
 1544 00fc 00        		.string	""
 1545 00fd 00        		.string	""
 1546 00fe 00        		.string	""
 1547 00ff 00        		.string	""
 1548 0100 00        		.string	""
 1549 0101 00        		.string	""
 1550 0102 00        		.string	""
 1551 0103 00        		.string	""
 1552 0104 00        		.string	""
 1553 0105 00        		.string	""
 1554 0106 4D01 00   		.string	"M\001"
 1555 0109 00        		.string	""
 1556 010a 686F 7374 		.string	"host_last_system_report"
 1556      5F6C 6173 
 1556      745F 7379 
 1556      7374 656D 
 1556      5F72 6570 
 1557 0122 00        		.string	""
 1558 0123 00        		.string	""
 1559 0124 00        		.string	""
 1560 0125 00        		.string	""
 1561 0126 00        		.string	""
 1562 0127 00        		.string	""
 1563 0128 00        		.string	""
 1564 0129 00        		.string	""
 1565 012a 00        		.string	""
 1566 012b 00        		.string	""
 1567 012c 00        		.string	""
 1568 012d 5001 00   		.string	"P\001"
 1569 0130 00        		.string	""
 1570 0131 686F 7374 		.string	"host_last_consumer_report"
 1570      5F6C 6173 
 1570      745F 636F 
 1570      6E73 756D 
 1570      6572 5F72 
 1571 014b 00        		.string	""
 1572 014c 00        		.string	""
 1573 014d 00        		.string	""
 1574 014e 00        		.string	""
 1575 014f 00        		.string	""
 1576 0150 00        		.string	""
 1577 0151 00        		.string	""
 1578 0152 00        		.string	""
 1579 0153 00        		.string	""
 1580 0154 00        		.string	""
 1581 0155 00        		.string	""
 1582 0156 5201 00   		.string	"R\001"
 1583 0159 00        		.string	""
 1584               		.text
 1585               		.section	.gnu.lto_.opts,"",@progbits
 1586 0000 272D 666E 		.ascii	"'-fn"
 1587 0004 6F2D 6F70 		.string	"o-openmp' '-fno-openacc' '-fno-pie' '-mn-flash=1' '-mno-skip-bug' '-mmcu=avr5' '-Os' '-We
 1587      656E 6D70 
 1587      2720 272D 
 1587      666E 6F2D 
 1587      6F70 656E 
 1588               		.text
 1589               		.comm	__gnu_lto_v1,1,1
 1590               		.comm	__gnu_lto_slim,1,1
 1591               		.ident	"GCC: (GNU) 8.4.0"
DEFINED SYMBOLS
                            *ABS*:0000000000000000 host.c
C:\Users\Roningo\AppData\Local\Temp\cc1W24qE.s:2      *ABS*:000000000000003e __SP_H__
C:\Users\Roningo\AppData\Local\Temp\cc1W24qE.s:3      *ABS*:000000000000003d __SP_L__
C:\Users\Roningo\AppData\Local\Temp\cc1W24qE.s:4      *ABS*:000000000000003f __SREG__
C:\Users\Roningo\AppData\Local\Temp\cc1W24qE.s:5      *ABS*:0000000000000000 __tmp_reg__
C:\Users\Roningo\AppData\Local\Temp\cc1W24qE.s:6      *ABS*:0000000000000001 __zero_reg__
C:\Users\Roningo\AppData\Local\Temp\cc1W24qE.s:18     .gnu.debuglto_.debug_info:0000000000000000 host.c.c6ae40f6
                            *COM*:0000000000000001 __gnu_lto_v1
                            *COM*:0000000000000001 __gnu_lto_slim

NO UNDEFINED SYMBOLS
