   1               		.file	"usb_util.c"
   2               	__SP_H__ = 0x3e
   3               	__SP_L__ = 0x3d
   4               	__SREG__ = 0x3f
   5               	__tmp_reg__ = 0
   6               	__zero_reg__ = 1
   7               		.file 1 "e:\\game\\msys2\\mingw64\\avr\\include\\stdint.h"
   8               		.file 2 "e:\\game\\msys2\\mingw64\\lib\\gcc\\avr\\8.4.0\\include\\stddef.h"
   9               		.file 3 "tmk_core/common/report.h"
  10               		.file 4 "tmk_core/common/action.h"
  11               		.file 5 "tmk_core/common/host.h"
  12               		.file 6 "tmk_core/common/debug.h"
  13               		.file 7 "quantum/keycode_config.h"
  14               		.file 8 "tmk_core/common/timer.h"
  15               		.file 9 "quantum/sequencer/sequencer.h"
  16               		.file 10 "quantum/keymap.h"
  17               		.file 11 "tmk_core/common/action_layer.h"
  18               		.file 12 "tmk_core/common/action_util.h"
  19               		.file 13 "quantum/send_string.h"
  20               		.file 14 "e:\\game\\msys2\\mingw64\\avr\\include\\stdlib.h"
  21               		.file 15 "tmk_core/common/usb_util.c"
  22               		.section	.gnu.debuglto_.debug_info,"",@progbits
  23               	.Ldebug_info0:
  24               		.hidden	usb_util.c.321ce185
  25               		.weak	usb_util.c.321ce185
  26               	usb_util.c.321ce185:
  27 0000 B805 0000 		.long	0x5b8
  28 0004 0200      		.word	0x2
  29 0006 0000 0000 		.long	.Ldebug_abbrev0
  30 000a 04        		.byte	0x4
  31 000b 01        		.uleb128 0x1
  32 000c 0000 0000 		.long	.LASF84
  33 0010 0C        		.byte	0xc
  34 0011 0000 0000 		.long	.LASF85
  35 0015 0000 0000 		.long	.LASF86
  36 0019 0000 0000 		.long	.Ldebug_line0
  37 001d 02        		.uleb128 0x2
  38 001e 01        		.byte	0x1
  39 001f 06        		.byte	0x6
  40 0020 0000 0000 		.long	.LASF0
  41 0024 03        		.uleb128 0x3
  42 0025 0000 0000 		.long	.LASF2
  43 0029 01        		.byte	0x1
  44 002a 7E        		.byte	0x7e
  45 002b 16        		.byte	0x16
  46 002c 3500 0000 		.long	0x35
  47 0030 04        		.uleb128 0x4
  48 0031 2400 0000 		.long	0x24
  49 0035 02        		.uleb128 0x2
  50 0036 01        		.byte	0x1
  51 0037 08        		.byte	0x8
  52 0038 0000 0000 		.long	.LASF1
  53 003c 05        		.uleb128 0x5
  54 003d 02        		.byte	0x2
  55 003e 05        		.byte	0x5
  56 003f 696E 7400 		.string	"int"
  57 0043 03        		.uleb128 0x3
  58 0044 0000 0000 		.long	.LASF3
  59 0048 01        		.byte	0x1
  60 0049 80        		.byte	0x80
  61 004a 16        		.byte	0x16
  62 004b 5400 0000 		.long	0x54
  63 004f 04        		.uleb128 0x4
  64 0050 4300 0000 		.long	0x43
  65 0054 02        		.uleb128 0x2
  66 0055 02        		.byte	0x2
  67 0056 07        		.byte	0x7
  68 0057 0000 0000 		.long	.LASF4
  69 005b 02        		.uleb128 0x2
  70 005c 04        		.byte	0x4
  71 005d 05        		.byte	0x5
  72 005e 0000 0000 		.long	.LASF5
  73 0062 03        		.uleb128 0x3
  74 0063 0000 0000 		.long	.LASF6
  75 0067 01        		.byte	0x1
  76 0068 82        		.byte	0x82
  77 0069 16        		.byte	0x16
  78 006a 7300 0000 		.long	0x73
  79 006e 06        		.uleb128 0x6
  80 006f 6200 0000 		.long	0x62
  81 0073 02        		.uleb128 0x2
  82 0074 04        		.byte	0x4
  83 0075 07        		.byte	0x7
  84 0076 0000 0000 		.long	.LASF7
  85 007a 02        		.uleb128 0x2
  86 007b 08        		.byte	0x8
  87 007c 05        		.byte	0x5
  88 007d 0000 0000 		.long	.LASF8
  89 0081 02        		.uleb128 0x2
  90 0082 08        		.byte	0x8
  91 0083 07        		.byte	0x7
  92 0084 0000 0000 		.long	.LASF9
  93 0088 03        		.uleb128 0x3
  94 0089 0000 0000 		.long	.LASF10
  95 008d 02        		.byte	0x2
  96 008e D8        		.byte	0xd8
  97 008f 17        		.byte	0x17
  98 0090 5400 0000 		.long	0x54
  99 0094 02        		.uleb128 0x2
 100 0095 01        		.byte	0x1
 101 0096 02        		.byte	0x2
 102 0097 0000 0000 		.long	.LASF11
 103 009b 07        		.uleb128 0x7
 104 009c 0000 0000 		.long	.LASF16
 105 00a0 04        		.byte	0x4
 106 00a1 4B        		.byte	0x4b
 107 00a2 0D        		.byte	0xd
 108 00a3 9400 0000 		.long	0x94
 109 00a7 01        		.byte	0x1
 110 00a8 01        		.byte	0x1
 111 00a9 08        		.uleb128 0x8
 112 00aa 08        		.byte	0x8
 113 00ab 03        		.byte	0x3
 114 00ac AD        		.byte	0xad
 115 00ad 05        		.byte	0x5
 116 00ae E000 0000 		.long	0xe0
 117 00b2 09        		.uleb128 0x9
 118 00b3 0000 0000 		.long	.LASF12
 119 00b7 03        		.byte	0x3
 120 00b8 B1        		.byte	0xb1
 121 00b9 11        		.byte	0x11
 122 00ba 2400 0000 		.long	0x24
 123 00be 02        		.byte	0x2
 124 00bf 23        		.byte	0x23
 125 00c0 00        		.uleb128 0
 126 00c1 09        		.uleb128 0x9
 127 00c2 0000 0000 		.long	.LASF13
 128 00c6 03        		.byte	0x3
 129 00c7 B2        		.byte	0xb2
 130 00c8 11        		.byte	0x11
 131 00c9 2400 0000 		.long	0x24
 132 00cd 02        		.byte	0x2
 133 00ce 23        		.byte	0x23
 134 00cf 01        		.uleb128 0x1
 135 00d0 09        		.uleb128 0x9
 136 00d1 0000 0000 		.long	.LASF14
 137 00d5 03        		.byte	0x3
 138 00d6 B3        		.byte	0xb3
 139 00d7 11        		.byte	0x11
 140 00d8 E000 0000 		.long	0xe0
 141 00dc 02        		.byte	0x2
 142 00dd 23        		.byte	0x23
 143 00de 02        		.uleb128 0x2
 144 00df 00        		.byte	0
 145 00e0 0A        		.uleb128 0xa
 146 00e1 2400 0000 		.long	0x24
 147 00e5 F000 0000 		.long	0xf0
 148 00e9 0B        		.uleb128 0xb
 149 00ea 5400 0000 		.long	0x54
 150 00ee 05        		.byte	0x5
 151 00ef 00        		.byte	0
 152 00f0 0C        		.uleb128 0xc
 153 00f1 08        		.byte	0x8
 154 00f2 03        		.byte	0x3
 155 00f3 AB        		.byte	0xab
 156 00f4 09        		.byte	0x9
 157 00f5 0B01 0000 		.long	0x10b
 158 00f9 0D        		.uleb128 0xd
 159 00fa 7261 7700 		.string	"raw"
 160 00fe 03        		.byte	0x3
 161 00ff AC        		.byte	0xac
 162 0100 0D        		.byte	0xd
 163 0101 0B01 0000 		.long	0x10b
 164 0105 0E        		.uleb128 0xe
 165 0106 A900 0000 		.long	0xa9
 166 010a 00        		.byte	0
 167 010b 0A        		.uleb128 0xa
 168 010c 2400 0000 		.long	0x24
 169 0110 1B01 0000 		.long	0x11b
 170 0114 0B        		.uleb128 0xb
 171 0115 5400 0000 		.long	0x54
 172 0119 07        		.byte	0x7
 173 011a 00        		.byte	0
 174 011b 03        		.uleb128 0x3
 175 011c 0000 0000 		.long	.LASF15
 176 0120 03        		.byte	0x3
 177 0121 BE        		.byte	0xbe
 178 0122 1B        		.byte	0x1b
 179 0123 F000 0000 		.long	0xf0
 180 0127 0F        		.uleb128 0xf
 181 0128 02        		.byte	0x2
 182 0129 1B01 0000 		.long	0x11b
 183 012d 07        		.uleb128 0x7
 184 012e 0000 0000 		.long	.LASF17
 185 0132 05        		.byte	0x5
 186 0133 24        		.byte	0x24
 187 0134 10        		.byte	0x10
 188 0135 2400 0000 		.long	0x24
 189 0139 01        		.byte	0x1
 190 013a 01        		.byte	0x1
 191 013b 07        		.uleb128 0x7
 192 013c 0000 0000 		.long	.LASF18
 193 0140 05        		.byte	0x5
 194 0141 25        		.byte	0x25
 195 0142 10        		.byte	0x10
 196 0143 2400 0000 		.long	0x24
 197 0147 01        		.byte	0x1
 198 0148 01        		.byte	0x1
 199 0149 08        		.uleb128 0x8
 200 014a 01        		.byte	0x1
 201 014b 06        		.byte	0x6
 202 014c 1F        		.byte	0x1f
 203 014d 05        		.byte	0x5
 204 014e AD01 0000 		.long	0x1ad
 205 0152 10        		.uleb128 0x10
 206 0153 0000 0000 		.long	.LASF19
 207 0157 06        		.byte	0x6
 208 0158 20        		.byte	0x20
 209 0159 11        		.byte	0x11
 210 015a 9400 0000 		.long	0x94
 211 015e 01        		.byte	0x1
 212 015f 01        		.byte	0x1
 213 0160 07        		.byte	0x7
 214 0161 02        		.byte	0x2
 215 0162 23        		.byte	0x23
 216 0163 00        		.uleb128 0
 217 0164 10        		.uleb128 0x10
 218 0165 0000 0000 		.long	.LASF20
 219 0169 06        		.byte	0x6
 220 016a 21        		.byte	0x21
 221 016b 11        		.byte	0x11
 222 016c 9400 0000 		.long	0x94
 223 0170 01        		.byte	0x1
 224 0171 01        		.byte	0x1
 225 0172 06        		.byte	0x6
 226 0173 02        		.byte	0x2
 227 0174 23        		.byte	0x23
 228 0175 00        		.uleb128 0
 229 0176 10        		.uleb128 0x10
 230 0177 0000 0000 		.long	.LASF21
 231 017b 06        		.byte	0x6
 232 017c 22        		.byte	0x22
 233 017d 11        		.byte	0x11
 234 017e 9400 0000 		.long	0x94
 235 0182 01        		.byte	0x1
 236 0183 01        		.byte	0x1
 237 0184 05        		.byte	0x5
 238 0185 02        		.byte	0x2
 239 0186 23        		.byte	0x23
 240 0187 00        		.uleb128 0
 241 0188 10        		.uleb128 0x10
 242 0189 0000 0000 		.long	.LASF22
 243 018d 06        		.byte	0x6
 244 018e 23        		.byte	0x23
 245 018f 11        		.byte	0x11
 246 0190 9400 0000 		.long	0x94
 247 0194 01        		.byte	0x1
 248 0195 01        		.byte	0x1
 249 0196 04        		.byte	0x4
 250 0197 02        		.byte	0x2
 251 0198 23        		.byte	0x23
 252 0199 00        		.uleb128 0
 253 019a 10        		.uleb128 0x10
 254 019b 0000 0000 		.long	.LASF13
 255 019f 06        		.byte	0x6
 256 01a0 24        		.byte	0x24
 257 01a1 11        		.byte	0x11
 258 01a2 2400 0000 		.long	0x24
 259 01a6 01        		.byte	0x1
 260 01a7 04        		.byte	0x4
 261 01a8 00        		.byte	0
 262 01a9 02        		.byte	0x2
 263 01aa 23        		.byte	0x23
 264 01ab 00        		.uleb128 0
 265 01ac 00        		.byte	0
 266 01ad 0C        		.uleb128 0xc
 267 01ae 01        		.byte	0x1
 268 01af 06        		.byte	0x6
 269 01b0 1E        		.byte	0x1e
 270 01b1 09        		.byte	0x9
 271 01b2 C801 0000 		.long	0x1c8
 272 01b6 0E        		.uleb128 0xe
 273 01b7 4901 0000 		.long	0x149
 274 01bb 0D        		.uleb128 0xd
 275 01bc 7261 7700 		.string	"raw"
 276 01c0 06        		.byte	0x6
 277 01c1 26        		.byte	0x26
 278 01c2 0D        		.byte	0xd
 279 01c3 2400 0000 		.long	0x24
 280 01c7 00        		.byte	0
 281 01c8 03        		.uleb128 0x3
 282 01c9 0000 0000 		.long	.LASF23
 283 01cd 06        		.byte	0x6
 284 01ce 27        		.byte	0x27
 285 01cf 03        		.byte	0x3
 286 01d0 AD01 0000 		.long	0x1ad
 287 01d4 07        		.uleb128 0x7
 288 01d5 0000 0000 		.long	.LASF24
 289 01d9 06        		.byte	0x6
 290 01da 29        		.byte	0x29
 291 01db 17        		.byte	0x17
 292 01dc C801 0000 		.long	0x1c8
 293 01e0 01        		.byte	0x1
 294 01e1 01        		.byte	0x1
 295 01e2 08        		.uleb128 0x8
 296 01e3 02        		.byte	0x2
 297 01e4 07        		.byte	0x7
 298 01e5 1D        		.byte	0x1d
 299 01e6 05        		.byte	0x5
 300 01e7 B202 0000 		.long	0x2b2
 301 01eb 10        		.uleb128 0x10
 302 01ec 0000 0000 		.long	.LASF25
 303 01f0 07        		.byte	0x7
 304 01f1 1E        		.byte	0x1e
 305 01f2 0E        		.byte	0xe
 306 01f3 9400 0000 		.long	0x94
 307 01f7 01        		.byte	0x1
 308 01f8 01        		.byte	0x1
 309 01f9 07        		.byte	0x7
 310 01fa 02        		.byte	0x2
 311 01fb 23        		.byte	0x23
 312 01fc 00        		.uleb128 0
 313 01fd 10        		.uleb128 0x10
 314 01fe 0000 0000 		.long	.LASF26
 315 0202 07        		.byte	0x7
 316 0203 1F        		.byte	0x1f
 317 0204 0E        		.byte	0xe
 318 0205 9400 0000 		.long	0x94
 319 0209 01        		.byte	0x1
 320 020a 01        		.byte	0x1
 321 020b 06        		.byte	0x6
 322 020c 02        		.byte	0x2
 323 020d 23        		.byte	0x23
 324 020e 00        		.uleb128 0
 325 020f 10        		.uleb128 0x10
 326 0210 0000 0000 		.long	.LASF27
 327 0214 07        		.byte	0x7
 328 0215 20        		.byte	0x20
 329 0216 0E        		.byte	0xe
 330 0217 9400 0000 		.long	0x94
 331 021b 01        		.byte	0x1
 332 021c 01        		.byte	0x1
 333 021d 05        		.byte	0x5
 334 021e 02        		.byte	0x2
 335 021f 23        		.byte	0x23
 336 0220 00        		.uleb128 0
 337 0221 10        		.uleb128 0x10
 338 0222 0000 0000 		.long	.LASF28
 339 0226 07        		.byte	0x7
 340 0227 21        		.byte	0x21
 341 0228 0E        		.byte	0xe
 342 0229 9400 0000 		.long	0x94
 343 022d 01        		.byte	0x1
 344 022e 01        		.byte	0x1
 345 022f 04        		.byte	0x4
 346 0230 02        		.byte	0x2
 347 0231 23        		.byte	0x23
 348 0232 00        		.uleb128 0
 349 0233 10        		.uleb128 0x10
 350 0234 0000 0000 		.long	.LASF29
 351 0238 07        		.byte	0x7
 352 0239 22        		.byte	0x22
 353 023a 0E        		.byte	0xe
 354 023b 9400 0000 		.long	0x94
 355 023f 01        		.byte	0x1
 356 0240 01        		.byte	0x1
 357 0241 03        		.byte	0x3
 358 0242 02        		.byte	0x2
 359 0243 23        		.byte	0x23
 360 0244 00        		.uleb128 0
 361 0245 10        		.uleb128 0x10
 362 0246 0000 0000 		.long	.LASF30
 363 024a 07        		.byte	0x7
 364 024b 23        		.byte	0x23
 365 024c 0E        		.byte	0xe
 366 024d 9400 0000 		.long	0x94
 367 0251 01        		.byte	0x1
 368 0252 01        		.byte	0x1
 369 0253 02        		.byte	0x2
 370 0254 02        		.byte	0x2
 371 0255 23        		.byte	0x23
 372 0256 00        		.uleb128 0
 373 0257 10        		.uleb128 0x10
 374 0258 0000 0000 		.long	.LASF31
 375 025c 07        		.byte	0x7
 376 025d 24        		.byte	0x24
 377 025e 0E        		.byte	0xe
 378 025f 9400 0000 		.long	0x94
 379 0263 01        		.byte	0x1
 380 0264 01        		.byte	0x1
 381 0265 01        		.byte	0x1
 382 0266 02        		.byte	0x2
 383 0267 23        		.byte	0x23
 384 0268 00        		.uleb128 0
 385 0269 10        		.uleb128 0x10
 386 026a 0000 0000 		.long	.LASF32
 387 026e 07        		.byte	0x7
 388 026f 25        		.byte	0x25
 389 0270 0E        		.byte	0xe
 390 0271 9400 0000 		.long	0x94
 391 0275 01        		.byte	0x1
 392 0276 01        		.byte	0x1
 393 0277 00        		.byte	0
 394 0278 02        		.byte	0x2
 395 0279 23        		.byte	0x23
 396 027a 00        		.uleb128 0
 397 027b 10        		.uleb128 0x10
 398 027c 0000 0000 		.long	.LASF33
 399 0280 07        		.byte	0x7
 400 0281 26        		.byte	0x26
 401 0282 0E        		.byte	0xe
 402 0283 9400 0000 		.long	0x94
 403 0287 01        		.byte	0x1
 404 0288 01        		.byte	0x1
 405 0289 07        		.byte	0x7
 406 028a 02        		.byte	0x2
 407 028b 23        		.byte	0x23
 408 028c 01        		.uleb128 0x1
 409 028d 10        		.uleb128 0x10
 410 028e 0000 0000 		.long	.LASF34
 411 0292 07        		.byte	0x7
 412 0293 27        		.byte	0x27
 413 0294 0E        		.byte	0xe
 414 0295 9400 0000 		.long	0x94
 415 0299 01        		.byte	0x1
 416 029a 01        		.byte	0x1
 417 029b 06        		.byte	0x6
 418 029c 02        		.byte	0x2
 419 029d 23        		.byte	0x23
 420 029e 01        		.uleb128 0x1
 421 029f 10        		.uleb128 0x10
 422 02a0 0000 0000 		.long	.LASF35
 423 02a4 07        		.byte	0x7
 424 02a5 28        		.byte	0x28
 425 02a6 0E        		.byte	0xe
 426 02a7 9400 0000 		.long	0x94
 427 02ab 01        		.byte	0x1
 428 02ac 01        		.byte	0x1
 429 02ad 05        		.byte	0x5
 430 02ae 02        		.byte	0x2
 431 02af 23        		.byte	0x23
 432 02b0 01        		.uleb128 0x1
 433 02b1 00        		.byte	0
 434 02b2 0C        		.uleb128 0xc
 435 02b3 02        		.byte	0x2
 436 02b4 07        		.byte	0x7
 437 02b5 1B        		.byte	0x1b
 438 02b6 09        		.byte	0x9
 439 02b7 CD02 0000 		.long	0x2cd
 440 02bb 0D        		.uleb128 0xd
 441 02bc 7261 7700 		.string	"raw"
 442 02c0 07        		.byte	0x7
 443 02c1 1C        		.byte	0x1c
 444 02c2 0E        		.byte	0xe
 445 02c3 4300 0000 		.long	0x43
 446 02c7 0E        		.uleb128 0xe
 447 02c8 E201 0000 		.long	0x1e2
 448 02cc 00        		.byte	0
 449 02cd 03        		.uleb128 0x3
 450 02ce 0000 0000 		.long	.LASF36
 451 02d2 07        		.byte	0x7
 452 02d3 2A        		.byte	0x2a
 453 02d4 03        		.byte	0x3
 454 02d5 B202 0000 		.long	0x2b2
 455 02d9 07        		.uleb128 0x7
 456 02da 0000 0000 		.long	.LASF37
 457 02de 07        		.byte	0x7
 458 02df 2C        		.byte	0x2c
 459 02e0 18        		.byte	0x18
 460 02e1 CD02 0000 		.long	0x2cd
 461 02e5 01        		.byte	0x1
 462 02e6 01        		.byte	0x1
 463 02e7 07        		.uleb128 0x7
 464 02e8 0000 0000 		.long	.LASF38
 465 02ec 08        		.byte	0x8
 466 02ed 20        		.byte	0x20
 467 02ee 1A        		.byte	0x1a
 468 02ef 6E00 0000 		.long	0x6e
 469 02f3 01        		.byte	0x1
 470 02f4 01        		.byte	0x1
 471 02f5 11        		.uleb128 0x11
 472 02f6 07        		.byte	0x7
 473 02f7 01        		.byte	0x1
 474 02f8 3500 0000 		.long	0x35
 475 02fc 09        		.byte	0x9
 476 02fd 2D        		.byte	0x2d
 477 02fe 0E        		.byte	0xe
 478 02ff 4003 0000 		.long	0x340
 479 0303 12        		.uleb128 0x12
 480 0304 0000 0000 		.long	.LASF39
 481 0308 00        		.byte	0
 482 0309 12        		.uleb128 0x12
 483 030a 0000 0000 		.long	.LASF40
 484 030e 01        		.byte	0x1
 485 030f 12        		.uleb128 0x12
 486 0310 0000 0000 		.long	.LASF41
 487 0314 02        		.byte	0x2
 488 0315 12        		.uleb128 0x12
 489 0316 0000 0000 		.long	.LASF42
 490 031a 03        		.byte	0x3
 491 031b 12        		.uleb128 0x12
 492 031c 0000 0000 		.long	.LASF43
 493 0320 04        		.byte	0x4
 494 0321 12        		.uleb128 0x12
 495 0322 0000 0000 		.long	.LASF44
 496 0326 05        		.byte	0x5
 497 0327 12        		.uleb128 0x12
 498 0328 0000 0000 		.long	.LASF45
 499 032c 06        		.byte	0x6
 500 032d 12        		.uleb128 0x12
 501 032e 0000 0000 		.long	.LASF46
 502 0332 07        		.byte	0x7
 503 0333 12        		.uleb128 0x12
 504 0334 0000 0000 		.long	.LASF47
 505 0338 08        		.byte	0x8
 506 0339 12        		.uleb128 0x12
 507 033a 0000 0000 		.long	.LASF48
 508 033e 09        		.byte	0x9
 509 033f 00        		.byte	0
 510 0340 03        		.uleb128 0x3
 511 0341 0000 0000 		.long	.LASF49
 512 0345 09        		.byte	0x9
 513 0346 2D        		.byte	0x2d
 514 0347 89        		.byte	0x89
 515 0348 F502 0000 		.long	0x2f5
 516 034c 08        		.uleb128 0x8
 517 034d 23        		.byte	0x23
 518 034e 09        		.byte	0x9
 519 034f 2F        		.byte	0x2f
 520 0350 09        		.byte	0x9
 521 0351 A103 0000 		.long	0x3a1
 522 0355 09        		.uleb128 0x9
 523 0356 0000 0000 		.long	.LASF50
 524 035a 09        		.byte	0x9
 525 035b 30        		.byte	0x30
 526 035c 1C        		.byte	0x1c
 527 035d 9400 0000 		.long	0x94
 528 0361 02        		.byte	0x2
 529 0362 23        		.byte	0x23
 530 0363 00        		.uleb128 0
 531 0364 09        		.uleb128 0x9
 532 0365 0000 0000 		.long	.LASF51
 533 0369 09        		.byte	0x9
 534 036a 31        		.byte	0x31
 535 036b 1C        		.byte	0x1c
 536 036c A103 0000 		.long	0x3a1
 537 0370 02        		.byte	0x2
 538 0371 23        		.byte	0x23
 539 0372 01        		.uleb128 0x1
 540 0373 09        		.uleb128 0x9
 541 0374 0000 0000 		.long	.LASF52
 542 0378 09        		.byte	0x9
 543 0379 32        		.byte	0x32
 544 037a 1C        		.byte	0x1c
 545 037b B103 0000 		.long	0x3b1
 546 037f 02        		.byte	0x2
 547 0380 23        		.byte	0x23
 548 0381 11        		.uleb128 0x11
 549 0382 09        		.uleb128 0x9
 550 0383 0000 0000 		.long	.LASF53
 551 0387 09        		.byte	0x9
 552 0388 33        		.byte	0x33
 553 0389 1C        		.byte	0x1c
 554 038a 2400 0000 		.long	0x24
 555 038e 02        		.byte	0x2
 556 038f 23        		.byte	0x23
 557 0390 21        		.uleb128 0x21
 558 0391 09        		.uleb128 0x9
 559 0392 0000 0000 		.long	.LASF54
 560 0396 09        		.byte	0x9
 561 0397 34        		.byte	0x34
 562 0398 1C        		.byte	0x1c
 563 0399 4003 0000 		.long	0x340
 564 039d 02        		.byte	0x2
 565 039e 23        		.byte	0x23
 566 039f 22        		.uleb128 0x22
 567 03a0 00        		.byte	0
 568 03a1 0A        		.uleb128 0xa
 569 03a2 2400 0000 		.long	0x24
 570 03a6 B103 0000 		.long	0x3b1
 571 03aa 0B        		.uleb128 0xb
 572 03ab 5400 0000 		.long	0x54
 573 03af 0F        		.byte	0xf
 574 03b0 00        		.byte	0
 575 03b1 0A        		.uleb128 0xa
 576 03b2 4300 0000 		.long	0x43
 577 03b6 C103 0000 		.long	0x3c1
 578 03ba 0B        		.uleb128 0xb
 579 03bb 5400 0000 		.long	0x54
 580 03bf 07        		.byte	0x7
 581 03c0 00        		.byte	0
 582 03c1 03        		.uleb128 0x3
 583 03c2 0000 0000 		.long	.LASF55
 584 03c6 09        		.byte	0x9
 585 03c7 35        		.byte	0x35
 586 03c8 03        		.byte	0x3
 587 03c9 4C03 0000 		.long	0x34c
 588 03cd 13        		.uleb128 0x13
 589 03ce 0000 0000 		.long	.LASF59
 590 03d2 07        		.byte	0x7
 591 03d3 01        		.byte	0x1
 592 03d4 3500 0000 		.long	0x35
 593 03d8 09        		.byte	0x9
 594 03d9 3B        		.byte	0x3b
 595 03da 0E        		.byte	0xe
 596 03db F203 0000 		.long	0x3f2
 597 03df 12        		.uleb128 0x12
 598 03e0 0000 0000 		.long	.LASF56
 599 03e4 00        		.byte	0
 600 03e5 12        		.uleb128 0x12
 601 03e6 0000 0000 		.long	.LASF57
 602 03ea 01        		.byte	0x1
 603 03eb 12        		.uleb128 0x12
 604 03ec 0000 0000 		.long	.LASF58
 605 03f0 02        		.byte	0x2
 606 03f1 00        		.byte	0
 607 03f2 03        		.uleb128 0x3
 608 03f3 0000 0000 		.long	.LASF59
 609 03f7 09        		.byte	0x9
 610 03f8 3F        		.byte	0x3f
 611 03f9 03        		.byte	0x3
 612 03fa CD03 0000 		.long	0x3cd
 613 03fe 08        		.uleb128 0x8
 614 03ff 06        		.byte	0x6
 615 0400 09        		.byte	0x9
 616 0401 41        		.byte	0x41
 617 0402 09        		.byte	0x9
 618 0403 5304 0000 		.long	0x453
 619 0407 09        		.uleb128 0x9
 620 0408 0000 0000 		.long	.LASF60
 621 040c 09        		.byte	0x9
 622 040d 42        		.byte	0x42
 623 040e 17        		.byte	0x17
 624 040f 2400 0000 		.long	0x24
 625 0413 02        		.byte	0x2
 626 0414 23        		.byte	0x23
 627 0415 00        		.uleb128 0
 628 0416 09        		.uleb128 0x9
 629 0417 0000 0000 		.long	.LASF61
 630 041b 09        		.byte	0x9
 631 041c 43        		.byte	0x43
 632 041d 17        		.byte	0x17
 633 041e 2400 0000 		.long	0x24
 634 0422 02        		.byte	0x2
 635 0423 23        		.byte	0x23
 636 0424 01        		.uleb128 0x1
 637 0425 09        		.uleb128 0x9
 638 0426 0000 0000 		.long	.LASF62
 639 042a 09        		.byte	0x9
 640 042b 44        		.byte	0x44
 641 042c 17        		.byte	0x17
 642 042d 2400 0000 		.long	0x24
 643 0431 02        		.byte	0x2
 644 0432 23        		.byte	0x23
 645 0433 02        		.uleb128 0x2
 646 0434 09        		.uleb128 0x9
 647 0435 0000 0000 		.long	.LASF63
 648 0439 09        		.byte	0x9
 649 043a 45        		.byte	0x45
 650 043b 17        		.byte	0x17
 651 043c 4300 0000 		.long	0x43
 652 0440 02        		.byte	0x2
 653 0441 23        		.byte	0x23
 654 0442 03        		.uleb128 0x3
 655 0443 09        		.uleb128 0x9
 656 0444 0000 0000 		.long	.LASF64
 657 0448 09        		.byte	0x9
 658 0449 46        		.byte	0x46
 659 044a 17        		.byte	0x17
 660 044b F203 0000 		.long	0x3f2
 661 044f 02        		.byte	0x2
 662 0450 23        		.byte	0x23
 663 0451 05        		.uleb128 0x5
 664 0452 00        		.byte	0
 665 0453 03        		.uleb128 0x3
 666 0454 0000 0000 		.long	.LASF65
 667 0458 09        		.byte	0x9
 668 0459 47        		.byte	0x47
 669 045a 03        		.byte	0x3
 670 045b FE03 0000 		.long	0x3fe
 671 045f 07        		.uleb128 0x7
 672 0460 0000 0000 		.long	.LASF66
 673 0464 09        		.byte	0x9
 674 0465 49        		.byte	0x49
 675 0466 1B        		.byte	0x1b
 676 0467 C103 0000 		.long	0x3c1
 677 046b 01        		.byte	0x1
 678 046c 01        		.byte	0x1
 679 046d 07        		.uleb128 0x7
 680 046e 0000 0000 		.long	.LASF67
 681 0472 09        		.byte	0x9
 682 0473 4C        		.byte	0x4c
 683 0474 1A        		.byte	0x1a
 684 0475 5304 0000 		.long	0x453
 685 0479 01        		.byte	0x1
 686 047a 01        		.byte	0x1
 687 047b 0A        		.uleb128 0xa
 688 047c 4F00 0000 		.long	0x4f
 689 0480 9204 0000 		.long	0x492
 690 0484 14        		.uleb128 0x14
 691 0485 0B        		.uleb128 0xb
 692 0486 5400 0000 		.long	0x54
 693 048a 04        		.byte	0x4
 694 048b 0B        		.uleb128 0xb
 695 048c 5400 0000 		.long	0x54
 696 0490 0F        		.byte	0xf
 697 0491 00        		.byte	0
 698 0492 04        		.uleb128 0x4
 699 0493 7B04 0000 		.long	0x47b
 700 0497 07        		.uleb128 0x7
 701 0498 0000 0000 		.long	.LASF68
 702 049c 0A        		.byte	0xa
 703 049d 37        		.byte	0x37
 704 049e 17        		.byte	0x17
 705 049f 9204 0000 		.long	0x492
 706 04a3 01        		.byte	0x1
 707 04a4 01        		.byte	0x1
 708 04a5 0A        		.uleb128 0xa
 709 04a6 4F00 0000 		.long	0x4f
 710 04aa B004 0000 		.long	0x4b0
 711 04ae 14        		.uleb128 0x14
 712 04af 00        		.byte	0
 713 04b0 04        		.uleb128 0x4
 714 04b1 A504 0000 		.long	0x4a5
 715 04b5 07        		.uleb128 0x7
 716 04b6 0000 0000 		.long	.LASF69
 717 04ba 0A        		.byte	0xa
 718 04bb 38        		.byte	0x38
 719 04bc 17        		.byte	0x17
 720 04bd B004 0000 		.long	0x4b0
 721 04c1 01        		.byte	0x1
 722 04c2 01        		.byte	0x1
 723 04c3 03        		.uleb128 0x3
 724 04c4 0000 0000 		.long	.LASF70
 725 04c8 0B        		.byte	0xb
 726 04c9 27        		.byte	0x27
 727 04ca 12        		.byte	0x12
 728 04cb 6200 0000 		.long	0x62
 729 04cf 07        		.uleb128 0x7
 730 04d0 0000 0000 		.long	.LASF71
 731 04d4 0B        		.byte	0xb
 732 04d5 32        		.byte	0x32
 733 04d6 16        		.byte	0x16
 734 04d7 C304 0000 		.long	0x4c3
 735 04db 01        		.byte	0x1
 736 04dc 01        		.byte	0x1
 737 04dd 07        		.uleb128 0x7
 738 04de 0000 0000 		.long	.LASF72
 739 04e2 0B        		.byte	0xb
 740 04e3 48        		.byte	0x48
 741 04e4 16        		.byte	0x16
 742 04e5 C304 0000 		.long	0x4c3
 743 04e9 01        		.byte	0x1
 744 04ea 01        		.byte	0x1
 745 04eb 07        		.uleb128 0x7
 746 04ec 0000 0000 		.long	.LASF73
 747 04f0 0C        		.byte	0xc
 748 04f1 1B        		.byte	0x1b
 749 04f2 1B        		.byte	0x1b
 750 04f3 2701 0000 		.long	0x127
 751 04f7 01        		.byte	0x1
 752 04f8 01        		.byte	0x1
 753 04f9 0A        		.uleb128 0xa
 754 04fa 3000 0000 		.long	0x30
 755 04fe 0905 0000 		.long	0x509
 756 0502 0B        		.uleb128 0xb
 757 0503 5400 0000 		.long	0x54
 758 0507 0F        		.byte	0xf
 759 0508 00        		.byte	0
 760 0509 04        		.uleb128 0x4
 761 050a F904 0000 		.long	0x4f9
 762 050e 07        		.uleb128 0x7
 763 050f 0000 0000 		.long	.LASF74
 764 0513 0D        		.byte	0xd
 765 0514 1A        		.byte	0x1a
 766 0515 16        		.byte	0x16
 767 0516 0905 0000 		.long	0x509
 768 051a 01        		.byte	0x1
 769 051b 01        		.byte	0x1
 770 051c 07        		.uleb128 0x7
 771 051d 0000 0000 		.long	.LASF75
 772 0521 0D        		.byte	0xd
 773 0522 1B        		.byte	0x1b
 774 0523 16        		.byte	0x16
 775 0524 0905 0000 		.long	0x509
 776 0528 01        		.byte	0x1
 777 0529 01        		.byte	0x1
 778 052a 07        		.uleb128 0x7
 779 052b 0000 0000 		.long	.LASF76
 780 052f 0D        		.byte	0xd
 781 0530 1C        		.byte	0x1c
 782 0531 16        		.byte	0x16
 783 0532 0905 0000 		.long	0x509
 784 0536 01        		.byte	0x1
 785 0537 01        		.byte	0x1
 786 0538 0A        		.uleb128 0xa
 787 0539 3000 0000 		.long	0x30
 788 053d 4805 0000 		.long	0x548
 789 0541 0B        		.uleb128 0xb
 790 0542 5400 0000 		.long	0x54
 791 0546 7F        		.byte	0x7f
 792 0547 00        		.byte	0
 793 0548 04        		.uleb128 0x4
 794 0549 3805 0000 		.long	0x538
 795 054d 07        		.uleb128 0x7
 796 054e 0000 0000 		.long	.LASF77
 797 0552 0D        		.byte	0xd
 798 0553 1D        		.byte	0x1d
 799 0554 16        		.byte	0x16
 800 0555 4805 0000 		.long	0x548
 801 0559 01        		.byte	0x1
 802 055a 01        		.byte	0x1
 803 055b 15        		.uleb128 0x15
 804 055c 0000 0000 		.long	.LASF78
 805 0560 0E        		.byte	0xe
 806 0561 3801      		.word	0x138
 807 0563 0F        		.byte	0xf
 808 0564 8800 0000 		.long	0x88
 809 0568 01        		.byte	0x1
 810 0569 01        		.byte	0x1
 811 056a 15        		.uleb128 0x15
 812 056b 0000 0000 		.long	.LASF79
 813 056f 0E        		.byte	0xe
 814 0570 3D01      		.word	0x13d
 815 0572 0E        		.byte	0xe
 816 0573 7905 0000 		.long	0x579
 817 0577 01        		.byte	0x1
 818 0578 01        		.byte	0x1
 819 0579 0F        		.uleb128 0xf
 820 057a 02        		.byte	0x2
 821 057b 7F05 0000 		.long	0x57f
 822 057f 02        		.uleb128 0x2
 823 0580 01        		.byte	0x1
 824 0581 08        		.byte	0x8
 825 0582 0000 0000 		.long	.LASF80
 826 0586 15        		.uleb128 0x15
 827 0587 0000 0000 		.long	.LASF81
 828 058b 0E        		.byte	0xe
 829 058c 4201      		.word	0x142
 830 058e 0E        		.byte	0xe
 831 058f 7905 0000 		.long	0x579
 832 0593 01        		.byte	0x1
 833 0594 01        		.byte	0x1
 834 0595 16        		.uleb128 0x16
 835 0596 01        		.byte	0x1
 836 0597 0000 0000 		.long	.LASF82
 837 059b 0F        		.byte	0xf
 838 059c 15        		.byte	0x15
 839 059d 1C        		.byte	0x1c
 840 059e 01        		.byte	0x1
 841 059f 9400 0000 		.long	0x94
 842 05a3 16        		.uleb128 0x16
 843 05a4 01        		.byte	0x1
 844 05a5 0000 0000 		.long	.LASF83
 845 05a9 0F        		.byte	0xf
 846 05aa 14        		.byte	0x14
 847 05ab 1C        		.byte	0x1c
 848 05ac 01        		.byte	0x1
 849 05ad 9400 0000 		.long	0x94
 850 05b1 17        		.uleb128 0x17
 851 05b2 01        		.byte	0x1
 852 05b3 0000 0000 		.long	.LASF87
 853 05b7 0F        		.byte	0xf
 854 05b8 13        		.byte	0x13
 855 05b9 1C        		.byte	0x1c
 856 05ba 01        		.byte	0x1
 857 05bb 00        		.byte	0
 858               		.section	.gnu.debuglto_.debug_abbrev,"",@progbits
 859               	.Ldebug_abbrev0:
 860 0000 01        		.uleb128 0x1
 861 0001 11        		.uleb128 0x11
 862 0002 01        		.byte	0x1
 863 0003 25        		.uleb128 0x25
 864 0004 0E        		.uleb128 0xe
 865 0005 13        		.uleb128 0x13
 866 0006 0B        		.uleb128 0xb
 867 0007 03        		.uleb128 0x3
 868 0008 0E        		.uleb128 0xe
 869 0009 1B        		.uleb128 0x1b
 870 000a 0E        		.uleb128 0xe
 871 000b 10        		.uleb128 0x10
 872 000c 06        		.uleb128 0x6
 873 000d 00        		.byte	0
 874 000e 00        		.byte	0
 875 000f 02        		.uleb128 0x2
 876 0010 24        		.uleb128 0x24
 877 0011 00        		.byte	0
 878 0012 0B        		.uleb128 0xb
 879 0013 0B        		.uleb128 0xb
 880 0014 3E        		.uleb128 0x3e
 881 0015 0B        		.uleb128 0xb
 882 0016 03        		.uleb128 0x3
 883 0017 0E        		.uleb128 0xe
 884 0018 00        		.byte	0
 885 0019 00        		.byte	0
 886 001a 03        		.uleb128 0x3
 887 001b 16        		.uleb128 0x16
 888 001c 00        		.byte	0
 889 001d 03        		.uleb128 0x3
 890 001e 0E        		.uleb128 0xe
 891 001f 3A        		.uleb128 0x3a
 892 0020 0B        		.uleb128 0xb
 893 0021 3B        		.uleb128 0x3b
 894 0022 0B        		.uleb128 0xb
 895 0023 39        		.uleb128 0x39
 896 0024 0B        		.uleb128 0xb
 897 0025 49        		.uleb128 0x49
 898 0026 13        		.uleb128 0x13
 899 0027 00        		.byte	0
 900 0028 00        		.byte	0
 901 0029 04        		.uleb128 0x4
 902 002a 26        		.uleb128 0x26
 903 002b 00        		.byte	0
 904 002c 49        		.uleb128 0x49
 905 002d 13        		.uleb128 0x13
 906 002e 00        		.byte	0
 907 002f 00        		.byte	0
 908 0030 05        		.uleb128 0x5
 909 0031 24        		.uleb128 0x24
 910 0032 00        		.byte	0
 911 0033 0B        		.uleb128 0xb
 912 0034 0B        		.uleb128 0xb
 913 0035 3E        		.uleb128 0x3e
 914 0036 0B        		.uleb128 0xb
 915 0037 03        		.uleb128 0x3
 916 0038 08        		.uleb128 0x8
 917 0039 00        		.byte	0
 918 003a 00        		.byte	0
 919 003b 06        		.uleb128 0x6
 920 003c 35        		.uleb128 0x35
 921 003d 00        		.byte	0
 922 003e 49        		.uleb128 0x49
 923 003f 13        		.uleb128 0x13
 924 0040 00        		.byte	0
 925 0041 00        		.byte	0
 926 0042 07        		.uleb128 0x7
 927 0043 34        		.uleb128 0x34
 928 0044 00        		.byte	0
 929 0045 03        		.uleb128 0x3
 930 0046 0E        		.uleb128 0xe
 931 0047 3A        		.uleb128 0x3a
 932 0048 0B        		.uleb128 0xb
 933 0049 3B        		.uleb128 0x3b
 934 004a 0B        		.uleb128 0xb
 935 004b 39        		.uleb128 0x39
 936 004c 0B        		.uleb128 0xb
 937 004d 49        		.uleb128 0x49
 938 004e 13        		.uleb128 0x13
 939 004f 3F        		.uleb128 0x3f
 940 0050 0C        		.uleb128 0xc
 941 0051 3C        		.uleb128 0x3c
 942 0052 0C        		.uleb128 0xc
 943 0053 00        		.byte	0
 944 0054 00        		.byte	0
 945 0055 08        		.uleb128 0x8
 946 0056 13        		.uleb128 0x13
 947 0057 01        		.byte	0x1
 948 0058 0B        		.uleb128 0xb
 949 0059 0B        		.uleb128 0xb
 950 005a 3A        		.uleb128 0x3a
 951 005b 0B        		.uleb128 0xb
 952 005c 3B        		.uleb128 0x3b
 953 005d 0B        		.uleb128 0xb
 954 005e 39        		.uleb128 0x39
 955 005f 0B        		.uleb128 0xb
 956 0060 01        		.uleb128 0x1
 957 0061 13        		.uleb128 0x13
 958 0062 00        		.byte	0
 959 0063 00        		.byte	0
 960 0064 09        		.uleb128 0x9
 961 0065 0D        		.uleb128 0xd
 962 0066 00        		.byte	0
 963 0067 03        		.uleb128 0x3
 964 0068 0E        		.uleb128 0xe
 965 0069 3A        		.uleb128 0x3a
 966 006a 0B        		.uleb128 0xb
 967 006b 3B        		.uleb128 0x3b
 968 006c 0B        		.uleb128 0xb
 969 006d 39        		.uleb128 0x39
 970 006e 0B        		.uleb128 0xb
 971 006f 49        		.uleb128 0x49
 972 0070 13        		.uleb128 0x13
 973 0071 38        		.uleb128 0x38
 974 0072 0A        		.uleb128 0xa
 975 0073 00        		.byte	0
 976 0074 00        		.byte	0
 977 0075 0A        		.uleb128 0xa
 978 0076 01        		.uleb128 0x1
 979 0077 01        		.byte	0x1
 980 0078 49        		.uleb128 0x49
 981 0079 13        		.uleb128 0x13
 982 007a 01        		.uleb128 0x1
 983 007b 13        		.uleb128 0x13
 984 007c 00        		.byte	0
 985 007d 00        		.byte	0
 986 007e 0B        		.uleb128 0xb
 987 007f 21        		.uleb128 0x21
 988 0080 00        		.byte	0
 989 0081 49        		.uleb128 0x49
 990 0082 13        		.uleb128 0x13
 991 0083 2F        		.uleb128 0x2f
 992 0084 0B        		.uleb128 0xb
 993 0085 00        		.byte	0
 994 0086 00        		.byte	0
 995 0087 0C        		.uleb128 0xc
 996 0088 17        		.uleb128 0x17
 997 0089 01        		.byte	0x1
 998 008a 0B        		.uleb128 0xb
 999 008b 0B        		.uleb128 0xb
 1000 008c 3A        		.uleb128 0x3a
 1001 008d 0B        		.uleb128 0xb
 1002 008e 3B        		.uleb128 0x3b
 1003 008f 0B        		.uleb128 0xb
 1004 0090 39        		.uleb128 0x39
 1005 0091 0B        		.uleb128 0xb
 1006 0092 01        		.uleb128 0x1
 1007 0093 13        		.uleb128 0x13
 1008 0094 00        		.byte	0
 1009 0095 00        		.byte	0
 1010 0096 0D        		.uleb128 0xd
 1011 0097 0D        		.uleb128 0xd
 1012 0098 00        		.byte	0
 1013 0099 03        		.uleb128 0x3
 1014 009a 08        		.uleb128 0x8
 1015 009b 3A        		.uleb128 0x3a
 1016 009c 0B        		.uleb128 0xb
 1017 009d 3B        		.uleb128 0x3b
 1018 009e 0B        		.uleb128 0xb
 1019 009f 39        		.uleb128 0x39
 1020 00a0 0B        		.uleb128 0xb
 1021 00a1 49        		.uleb128 0x49
 1022 00a2 13        		.uleb128 0x13
 1023 00a3 00        		.byte	0
 1024 00a4 00        		.byte	0
 1025 00a5 0E        		.uleb128 0xe
 1026 00a6 0D        		.uleb128 0xd
 1027 00a7 00        		.byte	0
 1028 00a8 49        		.uleb128 0x49
 1029 00a9 13        		.uleb128 0x13
 1030 00aa 00        		.byte	0
 1031 00ab 00        		.byte	0
 1032 00ac 0F        		.uleb128 0xf
 1033 00ad 0F        		.uleb128 0xf
 1034 00ae 00        		.byte	0
 1035 00af 0B        		.uleb128 0xb
 1036 00b0 0B        		.uleb128 0xb
 1037 00b1 49        		.uleb128 0x49
 1038 00b2 13        		.uleb128 0x13
 1039 00b3 00        		.byte	0
 1040 00b4 00        		.byte	0
 1041 00b5 10        		.uleb128 0x10
 1042 00b6 0D        		.uleb128 0xd
 1043 00b7 00        		.byte	0
 1044 00b8 03        		.uleb128 0x3
 1045 00b9 0E        		.uleb128 0xe
 1046 00ba 3A        		.uleb128 0x3a
 1047 00bb 0B        		.uleb128 0xb
 1048 00bc 3B        		.uleb128 0x3b
 1049 00bd 0B        		.uleb128 0xb
 1050 00be 39        		.uleb128 0x39
 1051 00bf 0B        		.uleb128 0xb
 1052 00c0 49        		.uleb128 0x49
 1053 00c1 13        		.uleb128 0x13
 1054 00c2 0B        		.uleb128 0xb
 1055 00c3 0B        		.uleb128 0xb
 1056 00c4 0D        		.uleb128 0xd
 1057 00c5 0B        		.uleb128 0xb
 1058 00c6 0C        		.uleb128 0xc
 1059 00c7 0B        		.uleb128 0xb
 1060 00c8 38        		.uleb128 0x38
 1061 00c9 0A        		.uleb128 0xa
 1062 00ca 00        		.byte	0
 1063 00cb 00        		.byte	0
 1064 00cc 11        		.uleb128 0x11
 1065 00cd 04        		.uleb128 0x4
 1066 00ce 01        		.byte	0x1
 1067 00cf 3E        		.uleb128 0x3e
 1068 00d0 0B        		.uleb128 0xb
 1069 00d1 0B        		.uleb128 0xb
 1070 00d2 0B        		.uleb128 0xb
 1071 00d3 49        		.uleb128 0x49
 1072 00d4 13        		.uleb128 0x13
 1073 00d5 3A        		.uleb128 0x3a
 1074 00d6 0B        		.uleb128 0xb
 1075 00d7 3B        		.uleb128 0x3b
 1076 00d8 0B        		.uleb128 0xb
 1077 00d9 39        		.uleb128 0x39
 1078 00da 0B        		.uleb128 0xb
 1079 00db 01        		.uleb128 0x1
 1080 00dc 13        		.uleb128 0x13
 1081 00dd 00        		.byte	0
 1082 00de 00        		.byte	0
 1083 00df 12        		.uleb128 0x12
 1084 00e0 28        		.uleb128 0x28
 1085 00e1 00        		.byte	0
 1086 00e2 03        		.uleb128 0x3
 1087 00e3 0E        		.uleb128 0xe
 1088 00e4 1C        		.uleb128 0x1c
 1089 00e5 0B        		.uleb128 0xb
 1090 00e6 00        		.byte	0
 1091 00e7 00        		.byte	0
 1092 00e8 13        		.uleb128 0x13
 1093 00e9 04        		.uleb128 0x4
 1094 00ea 01        		.byte	0x1
 1095 00eb 03        		.uleb128 0x3
 1096 00ec 0E        		.uleb128 0xe
 1097 00ed 3E        		.uleb128 0x3e
 1098 00ee 0B        		.uleb128 0xb
 1099 00ef 0B        		.uleb128 0xb
 1100 00f0 0B        		.uleb128 0xb
 1101 00f1 49        		.uleb128 0x49
 1102 00f2 13        		.uleb128 0x13
 1103 00f3 3A        		.uleb128 0x3a
 1104 00f4 0B        		.uleb128 0xb
 1105 00f5 3B        		.uleb128 0x3b
 1106 00f6 0B        		.uleb128 0xb
 1107 00f7 39        		.uleb128 0x39
 1108 00f8 0B        		.uleb128 0xb
 1109 00f9 01        		.uleb128 0x1
 1110 00fa 13        		.uleb128 0x13
 1111 00fb 00        		.byte	0
 1112 00fc 00        		.byte	0
 1113 00fd 14        		.uleb128 0x14
 1114 00fe 21        		.uleb128 0x21
 1115 00ff 00        		.byte	0
 1116 0100 00        		.byte	0
 1117 0101 00        		.byte	0
 1118 0102 15        		.uleb128 0x15
 1119 0103 34        		.uleb128 0x34
 1120 0104 00        		.byte	0
 1121 0105 03        		.uleb128 0x3
 1122 0106 0E        		.uleb128 0xe
 1123 0107 3A        		.uleb128 0x3a
 1124 0108 0B        		.uleb128 0xb
 1125 0109 3B        		.uleb128 0x3b
 1126 010a 05        		.uleb128 0x5
 1127 010b 39        		.uleb128 0x39
 1128 010c 0B        		.uleb128 0xb
 1129 010d 49        		.uleb128 0x49
 1130 010e 13        		.uleb128 0x13
 1131 010f 3F        		.uleb128 0x3f
 1132 0110 0C        		.uleb128 0xc
 1133 0111 3C        		.uleb128 0x3c
 1134 0112 0C        		.uleb128 0xc
 1135 0113 00        		.byte	0
 1136 0114 00        		.byte	0
 1137 0115 16        		.uleb128 0x16
 1138 0116 2E        		.uleb128 0x2e
 1139 0117 00        		.byte	0
 1140 0118 3F        		.uleb128 0x3f
 1141 0119 0C        		.uleb128 0xc
 1142 011a 03        		.uleb128 0x3
 1143 011b 0E        		.uleb128 0xe
 1144 011c 3A        		.uleb128 0x3a
 1145 011d 0B        		.uleb128 0xb
 1146 011e 3B        		.uleb128 0x3b
 1147 011f 0B        		.uleb128 0xb
 1148 0120 39        		.uleb128 0x39
 1149 0121 0B        		.uleb128 0xb
 1150 0122 27        		.uleb128 0x27
 1151 0123 0C        		.uleb128 0xc
 1152 0124 49        		.uleb128 0x49
 1153 0125 13        		.uleb128 0x13
 1154 0126 00        		.byte	0
 1155 0127 00        		.byte	0
 1156 0128 17        		.uleb128 0x17
 1157 0129 2E        		.uleb128 0x2e
 1158 012a 00        		.byte	0
 1159 012b 3F        		.uleb128 0x3f
 1160 012c 0C        		.uleb128 0xc
 1161 012d 03        		.uleb128 0x3
 1162 012e 0E        		.uleb128 0xe
 1163 012f 3A        		.uleb128 0x3a
 1164 0130 0B        		.uleb128 0xb
 1165 0131 3B        		.uleb128 0x3b
 1166 0132 0B        		.uleb128 0xb
 1167 0133 39        		.uleb128 0x39
 1168 0134 0B        		.uleb128 0xb
 1169 0135 27        		.uleb128 0x27
 1170 0136 0C        		.uleb128 0xc
 1171 0137 00        		.byte	0
 1172 0138 00        		.byte	0
 1173 0139 00        		.byte	0
 1174               		.section	.gnu.debuglto_.debug_line,"",@progbits
 1175               	.Ldebug_line0:
 1176 0000 6C01 0000 		.long	.LELT0-.LSLT0
 1177               	.LSLT0:
 1178 0004 0200      		.word	0x2
 1179 0006 6601 0000 		.long	.LELTP0-.LASLTP0
 1180               	.LASLTP0:
 1181 000a 01        		.byte	0x1
 1182 000b 01        		.byte	0x1
 1183 000c F6        		.byte	0xf6
 1184 000d F2        		.byte	0xf2
 1185 000e 0D        		.byte	0xd
 1186 000f 00        		.byte	0
 1187 0010 01        		.byte	0x1
 1188 0011 01        		.byte	0x1
 1189 0012 01        		.byte	0x1
 1190 0013 01        		.byte	0x1
 1191 0014 00        		.byte	0
 1192 0015 00        		.byte	0
 1193 0016 00        		.byte	0
 1194 0017 01        		.byte	0x1
 1195 0018 00        		.byte	0
 1196 0019 00        		.byte	0
 1197 001a 01        		.byte	0x1
 1198 001b 653A 5C67 		.ascii	"e:\\game\\msys2\\mingw64\\avr\\include"
 1198      616D 655C 
 1198      6D73 7973 
 1198      325C 6D69 
 1198      6E67 7736 
 1199 003c 00        		.byte	0
 1200 003d 653A 5C67 		.ascii	"e:\\game\\msys2\\mingw64\\lib\\gcc\\avr\\8.4.0\\include"
 1200      616D 655C 
 1200      6D73 7973 
 1200      325C 6D69 
 1200      6E67 7736 
 1201 006c 00        		.byte	0
 1202 006d 746D 6B5F 		.ascii	"tmk_core/common"
 1202      636F 7265 
 1202      2F63 6F6D 
 1202      6D6F 6E
 1203 007c 00        		.byte	0
 1204 007d 7175 616E 		.ascii	"quantum"
 1204      7475 6D
 1205 0084 00        		.byte	0
 1206 0085 7175 616E 		.ascii	"quantum/sequencer"
 1206      7475 6D2F 
 1206      7365 7175 
 1206      656E 6365 
 1206      72
 1207 0096 00        		.byte	0
 1208 0097 00        		.byte	0
 1209 0098 7374 6469 		.string	"stdint.h"
 1209      6E74 2E68 
 1209      00
 1210 00a1 01        		.uleb128 0x1
 1211 00a2 00        		.uleb128 0
 1212 00a3 00        		.uleb128 0
 1213 00a4 7374 6464 		.string	"stddef.h"
 1213      6566 2E68 
 1213      00
 1214 00ad 02        		.uleb128 0x2
 1215 00ae 00        		.uleb128 0
 1216 00af 00        		.uleb128 0
 1217 00b0 7265 706F 		.string	"report.h"
 1217      7274 2E68 
 1217      00
 1218 00b9 03        		.uleb128 0x3
 1219 00ba 00        		.uleb128 0
 1220 00bb 00        		.uleb128 0
 1221 00bc 6163 7469 		.string	"action.h"
 1221      6F6E 2E68 
 1221      00
 1222 00c5 03        		.uleb128 0x3
 1223 00c6 00        		.uleb128 0
 1224 00c7 00        		.uleb128 0
 1225 00c8 686F 7374 		.string	"host.h"
 1225      2E68 00
 1226 00cf 03        		.uleb128 0x3
 1227 00d0 00        		.uleb128 0
 1228 00d1 00        		.uleb128 0
 1229 00d2 6465 6275 		.string	"debug.h"
 1229      672E 6800 
 1230 00da 03        		.uleb128 0x3
 1231 00db 00        		.uleb128 0
 1232 00dc 00        		.uleb128 0
 1233 00dd 6B65 7963 		.string	"keycode_config.h"
 1233      6F64 655F 
 1233      636F 6E66 
 1233      6967 2E68 
 1233      00
 1234 00ee 04        		.uleb128 0x4
 1235 00ef 00        		.uleb128 0
 1236 00f0 00        		.uleb128 0
 1237 00f1 7469 6D65 		.string	"timer.h"
 1237      722E 6800 
 1238 00f9 03        		.uleb128 0x3
 1239 00fa 00        		.uleb128 0
 1240 00fb 00        		.uleb128 0
 1241 00fc 7365 7175 		.string	"sequencer/sequencer.h"
 1241      656E 6365 
 1241      722F 7365 
 1241      7175 656E 
 1241      6365 722E 
 1242 0112 04        		.uleb128 0x4
 1243 0113 00        		.uleb128 0
 1244 0114 00        		.uleb128 0
 1245 0115 6B65 796D 		.string	"keymap.h"
 1245      6170 2E68 
 1245      00
 1246 011e 04        		.uleb128 0x4
 1247 011f 00        		.uleb128 0
 1248 0120 00        		.uleb128 0
 1249 0121 6163 7469 		.string	"action_layer.h"
 1249      6F6E 5F6C 
 1249      6179 6572 
 1249      2E68 00
 1250 0130 03        		.uleb128 0x3
 1251 0131 00        		.uleb128 0
 1252 0132 00        		.uleb128 0
 1253 0133 6163 7469 		.string	"action_util.h"
 1253      6F6E 5F75 
 1253      7469 6C2E 
 1253      6800 
 1254 0141 03        		.uleb128 0x3
 1255 0142 00        		.uleb128 0
 1256 0143 00        		.uleb128 0
 1257 0144 7365 6E64 		.string	"send_string.h"
 1257      5F73 7472 
 1257      696E 672E 
 1257      6800 
 1258 0152 04        		.uleb128 0x4
 1259 0153 00        		.uleb128 0
 1260 0154 00        		.uleb128 0
 1261 0155 7374 646C 		.string	"stdlib.h"
 1261      6962 2E68 
 1261      00
 1262 015e 01        		.uleb128 0x1
 1263 015f 00        		.uleb128 0
 1264 0160 00        		.uleb128 0
 1265 0161 7573 625F 		.string	"usb_util.c"
 1265      7574 696C 
 1265      2E63 00
 1266 016c 03        		.uleb128 0x3
 1267 016d 00        		.uleb128 0
 1268 016e 00        		.uleb128 0
 1269 016f 00        		.byte	0
 1270               	.LELTP0:
 1271               	.LELT0:
 1272               		.section	.gnu.debuglto_.debug_str,"MS",@progbits,1
 1273               	.LASF59:
 1274 0000 7365 7175 		.string	"sequencer_phase_t"
 1274      656E 6365 
 1274      725F 7068 
 1274      6173 655F 
 1274      7400 
 1275               	.LASF19:
 1276 0012 656E 6162 		.string	"enable"
 1276      6C65 00
 1277               	.LASF78:
 1278 0019 5F5F 6D61 		.string	"__malloc_margin"
 1278      6C6C 6F63 
 1278      5F6D 6172 
 1278      6769 6E00 
 1279               	.LASF87:
 1280 0029 7573 625F 		.string	"usb_disable"
 1280      6469 7361 
 1280      626C 6500 
 1281               	.LASF10:
 1282 0035 7369 7A65 		.string	"size_t"
 1282      5F74 00
 1283               	.LASF79:
 1284 003c 5F5F 6D61 		.string	"__malloc_heap_start"
 1284      6C6C 6F63 
 1284      5F68 6561 
 1284      705F 7374 
 1284      6172 7400 
 1285               	.LASF53:
 1286 0050 7465 6D70 		.string	"tempo"
 1286      6F00 
 1287               	.LASF64:
 1288 0056 7068 6173 		.string	"phase"
 1288      6500 
 1289               	.LASF8:
 1290 005c 6C6F 6E67 		.string	"long long int"
 1290      206C 6F6E 
 1290      6720 696E 
 1290      7400 
 1291               	.LASF23:
 1292 006a 6465 6275 		.string	"debug_config_t"
 1292      675F 636F 
 1292      6E66 6967 
 1292      5F74 00
 1293               	.LASF35:
 1294 0079 6F6E 6573 		.string	"oneshot_disable"
 1294      686F 745F 
 1294      6469 7361 
 1294      626C 6500 
 1295               	.LASF70:
 1296 0089 6C61 7965 		.string	"layer_state_t"
 1296      725F 7374 
 1296      6174 655F 
 1296      7400 
 1297               	.LASF38:
 1298 0097 7469 6D65 		.string	"timer_count"
 1298      725F 636F 
 1298      756E 7400 
 1299               	.LASF12:
 1300 00a3 6D6F 6473 		.string	"mods"
 1300      00
 1301               	.LASF84:
 1302 00a8 474E 5520 		.string	"GNU C99 8.4.0 -mn-flash=1 -mno-skip-bug -mmcu=avr5 -gdwarf-2 -Os -std=gnu99 -funsigned-ch
 1302      4339 3920 
 1302      382E 342E 
 1302      3020 2D6D 
 1302      6E2D 666C 
 1303               	.LASF2:
 1304 0199 7569 6E74 		.string	"uint8_t"
 1304      385F 7400 
 1305               	.LASF63:
 1306 01a1 7469 6D65 		.string	"timer"
 1306      7200 
 1307               	.LASF15:
 1308 01a7 7265 706F 		.string	"report_keyboard_t"
 1308      7274 5F6B 
 1308      6579 626F 
 1308      6172 645F 
 1308      7400 
 1309               	.LASF36:
 1310 01b9 6B65 796D 		.string	"keymap_config_t"
 1310      6170 5F63 
 1310      6F6E 6669 
 1310      675F 7400 
 1311               	.LASF60:
 1312 01c9 6163 7469 		.string	"active_tracks"
 1312      7665 5F74 
 1312      7261 636B 
 1312      7300 
 1313               	.LASF75:
 1314 01d7 6173 6369 		.string	"ascii_to_altgr_lut"
 1314      695F 746F 
 1314      5F61 6C74 
 1314      6772 5F6C 
 1314      7574 00
 1315               	.LASF48:
 1316 01ea 5345 5155 		.string	"SEQUENCER_RESOLUTIONS"
 1316      454E 4345 
 1316      525F 5245 
 1316      534F 4C55 
 1316      5449 4F4E 
 1317               	.LASF27:
 1318 0200 7377 6170 		.string	"swap_lalt_lgui"
 1318      5F6C 616C 
 1318      745F 6C67 
 1318      7569 00
 1319               	.LASF66:
 1320 020f 7365 7175 		.string	"sequencer_config"
 1320      656E 6365 
 1320      725F 636F 
 1320      6E66 6967 
 1320      00
 1321               	.LASF31:
 1322 0220 7377 6170 		.string	"swap_backslash_backspace"
 1322      5F62 6163 
 1322      6B73 6C61 
 1322      7368 5F62 
 1322      6163 6B73 
 1323               	.LASF40:
 1324 0239 5351 5F52 		.string	"SQ_RES_2T"
 1324      4553 5F32 
 1324      5400 
 1325               	.LASF57:
 1326 0243 5345 5155 		.string	"SEQUENCER_PHASE_RELEASE"
 1326      454E 4345 
 1326      525F 5048 
 1326      4153 455F 
 1326      5245 4C45 
 1327               	.LASF86:
 1328 025b 443A 5C44 		.string	"D:\\Download\\vial-qmk"
 1328      6F77 6E6C 
 1328      6F61 645C 
 1328      7669 616C 
 1328      2D71 6D6B 
 1329               	.LASF5:
 1330 0270 6C6F 6E67 		.string	"long int"
 1330      2069 6E74 
 1330      00
 1331               	.LASF61:
 1332 0279 6375 7272 		.string	"current_track"
 1332      656E 745F 
 1332      7472 6163 
 1332      6B00 
 1333               	.LASF30:
 1334 0287 7377 6170 		.string	"swap_grave_esc"
 1334      5F67 7261 
 1334      7665 5F65 
 1334      7363 00
 1335               	.LASF56:
 1336 0296 5345 5155 		.string	"SEQUENCER_PHASE_ATTACK"
 1336      454E 4345 
 1336      525F 5048 
 1336      4153 455F 
 1336      4154 5441 
 1337               	.LASF26:
 1338 02ad 6361 7073 		.string	"capslock_to_control"
 1338      6C6F 636B 
 1338      5F74 6F5F 
 1338      636F 6E74 
 1338      726F 6C00 
 1339               	.LASF46:
 1340 02c1 5351 5F52 		.string	"SQ_RES_16T"
 1340      4553 5F31 
 1340      3654 00
 1341               	.LASF47:
 1342 02cc 5351 5F52 		.string	"SQ_RES_32"
 1342      4553 5F33 
 1342      3200 
 1343               	.LASF62:
 1344 02d6 6375 7272 		.string	"current_step"
 1344      656E 745F 
 1344      7374 6570 
 1344      00
 1345               	.LASF49:
 1346 02e3 7365 7175 		.string	"sequencer_resolution_t"
 1346      656E 6365 
 1346      725F 7265 
 1346      736F 6C75 
 1346      7469 6F6E 
 1347               	.LASF14:
 1348 02fa 6B65 7973 		.string	"keys"
 1348      00
 1349               	.LASF1:
 1350 02ff 756E 7369 		.string	"unsigned char"
 1350      676E 6564 
 1350      2063 6861 
 1350      7200 
 1351               	.LASF17:
 1352 030d 6B65 7962 		.string	"keyboard_idle"
 1352      6F61 7264 
 1352      5F69 646C 
 1352      6500 
 1353               	.LASF0:
 1354 031b 7369 676E 		.string	"signed char"
 1354      6564 2063 
 1354      6861 7200 
 1355               	.LASF9:
 1356 0327 6C6F 6E67 		.string	"long long unsigned int"
 1356      206C 6F6E 
 1356      6720 756E 
 1356      7369 676E 
 1356      6564 2069 
 1357               	.LASF6:
 1358 033e 7569 6E74 		.string	"uint32_t"
 1358      3332 5F74 
 1358      00
 1359               	.LASF83:
 1360 0347 7573 625F 		.string	"usb_connected_state"
 1360      636F 6E6E 
 1360      6563 7465 
 1360      645F 7374 
 1360      6174 6500 
 1361               	.LASF4:
 1362 035b 756E 7369 		.string	"unsigned int"
 1362      676E 6564 
 1362      2069 6E74 
 1362      00
 1363               	.LASF3:
 1364 0368 7569 6E74 		.string	"uint16_t"
 1364      3136 5F74 
 1364      00
 1365               	.LASF67:
 1366 0371 7365 7175 		.string	"sequencer_internal_state"
 1366      656E 6365 
 1366      725F 696E 
 1366      7465 726E 
 1366      616C 5F73 
 1367               	.LASF39:
 1368 038a 5351 5F52 		.string	"SQ_RES_2"
 1368      4553 5F32 
 1368      00
 1369               	.LASF22:
 1370 0393 6D6F 7573 		.string	"mouse"
 1370      6500 
 1371               	.LASF41:
 1372 0399 5351 5F52 		.string	"SQ_RES_4"
 1372      4553 5F34 
 1372      00
 1373               	.LASF51:
 1374 03a2 7374 6570 		.string	"steps"
 1374      7300 
 1375               	.LASF43:
 1376 03a8 5351 5F52 		.string	"SQ_RES_8"
 1376      4553 5F38 
 1376      00
 1377               	.LASF69:
 1378 03b1 666E 5F61 		.string	"fn_actions"
 1378      6374 696F 
 1378      6E73 00
 1379               	.LASF71:
 1380 03bc 6465 6661 		.string	"default_layer_state"
 1380      756C 745F 
 1380      6C61 7965 
 1380      725F 7374 
 1380      6174 6500 
 1381               	.LASF80:
 1382 03d0 6368 6172 		.string	"char"
 1382      00
 1383               	.LASF18:
 1384 03d5 6B65 7962 		.string	"keyboard_protocol"
 1384      6F61 7264 
 1384      5F70 726F 
 1384      746F 636F 
 1384      6C00 
 1385               	.LASF21:
 1386 03e7 6B65 7962 		.string	"keyboard"
 1386      6F61 7264 
 1386      00
 1387               	.LASF76:
 1388 03f0 6173 6369 		.string	"ascii_to_dead_lut"
 1388      695F 746F 
 1388      5F64 6561 
 1388      645F 6C75 
 1388      7400 
 1389               	.LASF34:
 1390 0402 7377 6170 		.string	"swap_rctl_rgui"
 1390      5F72 6374 
 1390      6C5F 7267 
 1390      7569 00
 1391               	.LASF54:
 1392 0411 7265 736F 		.string	"resolution"
 1392      6C75 7469 
 1392      6F6E 00
 1393               	.LASF58:
 1394 041c 5345 5155 		.string	"SEQUENCER_PHASE_PAUSE"
 1394      454E 4345 
 1394      525F 5048 
 1394      4153 455F 
 1394      5041 5553 
 1395               	.LASF68:
 1396 0432 6B65 796D 		.string	"keymaps"
 1396      6170 7300 
 1397               	.LASF11:
 1398 043a 5F42 6F6F 		.string	"_Bool"
 1398      6C00 
 1399               	.LASF37:
 1400 0440 6B65 796D 		.string	"keymap_config"
 1400      6170 5F63 
 1400      6F6E 6669 
 1400      6700 
 1401               	.LASF16:
 1402 044e 6469 7361 		.string	"disable_action_cache"
 1402      626C 655F 
 1402      6163 7469 
 1402      6F6E 5F63 
 1402      6163 6865 
 1403               	.LASF7:
 1404 0463 6C6F 6E67 		.string	"long unsigned int"
 1404      2075 6E73 
 1404      6967 6E65 
 1404      6420 696E 
 1404      7400 
 1405               	.LASF28:
 1406 0475 7377 6170 		.string	"swap_ralt_rgui"
 1406      5F72 616C 
 1406      745F 7267 
 1406      7569 00
 1407               	.LASF74:
 1408 0484 6173 6369 		.string	"ascii_to_shift_lut"
 1408      695F 746F 
 1408      5F73 6869 
 1408      6674 5F6C 
 1408      7574 00
 1409               	.LASF82:
 1410 0497 7573 625F 		.string	"usb_vbus_state"
 1410      7662 7573 
 1410      5F73 7461 
 1410      7465 00
 1411               	.LASF65:
 1412 04a6 7365 7175 		.string	"sequencer_state_t"
 1412      656E 6365 
 1412      725F 7374 
 1412      6174 655F 
 1412      7400 
 1413               	.LASF55:
 1414 04b8 7365 7175 		.string	"sequencer_config_t"
 1414      656E 6365 
 1414      725F 636F 
 1414      6E66 6967 
 1414      5F74 00
 1415               	.LASF50:
 1416 04cb 656E 6162 		.string	"enabled"
 1416      6C65 6400 
 1417               	.LASF81:
 1418 04d3 5F5F 6D61 		.string	"__malloc_heap_end"
 1418      6C6C 6F63 
 1418      5F68 6561 
 1418      705F 656E 
 1418      6400 
 1419               	.LASF24:
 1420 04e5 6465 6275 		.string	"debug_config"
 1420      675F 636F 
 1420      6E66 6967 
 1420      00
 1421               	.LASF29:
 1422 04f2 6E6F 5F67 		.string	"no_gui"
 1422      7569 00
 1423               	.LASF42:
 1424 04f9 5351 5F52 		.string	"SQ_RES_4T"
 1424      4553 5F34 
 1424      5400 
 1425               	.LASF25:
 1426 0503 7377 6170 		.string	"swap_control_capslock"
 1426      5F63 6F6E 
 1426      7472 6F6C 
 1426      5F63 6170 
 1426      736C 6F63 
 1427               	.LASF33:
 1428 0519 7377 6170 		.string	"swap_lctl_lgui"
 1428      5F6C 6374 
 1428      6C5F 6C67 
 1428      7569 00
 1429               	.LASF77:
 1430 0528 6173 6369 		.string	"ascii_to_keycode_lut"
 1430      695F 746F 
 1430      5F6B 6579 
 1430      636F 6465 
 1430      5F6C 7574 
 1431               	.LASF44:
 1432 053d 5351 5F52 		.string	"SQ_RES_8T"
 1432      4553 5F38 
 1432      5400 
 1433               	.LASF32:
 1434 0547 6E6B 726F 		.string	"nkro"
 1434      00
 1435               	.LASF45:
 1436 054c 5351 5F52 		.string	"SQ_RES_16"
 1436      4553 5F31 
 1436      3600 
 1437               	.LASF73:
 1438 0556 6B65 7962 		.string	"keyboard_report"
 1438      6F61 7264 
 1438      5F72 6570 
 1438      6F72 7400 
 1439               	.LASF13:
 1440 0566 7265 7365 		.string	"reserved"
 1440      7276 6564 
 1440      00
 1441               	.LASF72:
 1442 056f 6C61 7965 		.string	"layer_state"
 1442      725F 7374 
 1442      6174 6500 
 1443               	.LASF20:
 1444 057b 6D61 7472 		.string	"matrix"
 1444      6978 00
 1445               	.LASF52:
 1446 0582 7472 6163 		.string	"track_notes"
 1446      6B5F 6E6F 
 1446      7465 7300 
 1447               	.LASF85:
 1448 058e 746D 6B5F 		.string	"tmk_core/common/usb_util.c"
 1448      636F 7265 
 1448      2F63 6F6D 
 1448      6D6F 6E2F 
 1448      7573 625F 
 1449               		.text
 1450               		.section	.gnu.lto_.profile.61e91805,"",@progbits
 1451 0000 789C 6367 		.string	"x\234cg`f`d"
 1451      6066 6064 
 1451      00
 1452 0009 0200      		.string	"\002"
 1453 000b 00        		.string	""
 1454 000c 6200      		.string	"b"
 1455 000e 0C        		.ascii	"\f"
 1456               		.text
 1457               		.section	.gnu.lto_.icf.61e91805,"",@progbits
 1458 0000 789C 6367 		.string	"x\234cg`f\020a@"
 1458      6066 1061 
 1458      4000 
 1459 000a 6686 E95D 		.string	"f\206\351]'z\271\030\327tN\234\315\306\004&\031"
 1459      277A B918 
 1459      D774 4E9C 
 1459      CDC6 0426 
 1459      1900 
 1460 001c 518A 0773 		.ascii	"Q\212\007s"
 1461               		.text
 1462               		.section	.gnu.lto_.jmpfuncs.61e91805,"",@progbits
 1463 0000 789C 6367 		.string	"x\234cg`f\340f@"
 1463      6066 E066 
 1463      4000 
 1464 000a 6620 6664 		.string	"f fd``\002R"
 1464      6060 0252 
 1464      00
 1465 0013 0250 00   		.string	"\002P"
 1466 0016 1C        		.ascii	"\034"
 1467               		.text
 1468               		.section	.gnu.lto_.inline.61e91805,"",@progbits
 1469 0000 789C 6367 		.string	"x\234cg`f\310f@"
 1469      6066 C866 
 1469      4000 
 1470 000a 6620 6A00 		.string	"f j"
 1471 000e 0296 6446 		.string	"\002\226dF\006&\006\206F \263\216\201\201\r\"\304\004\022b``$\254\204\211\260\022\006"
 1471      0626 0686 
 1471      4620 B38E 
 1471      8181 0D22 
 1471      C404 1262 
 1472 002c 0C52 1693 		.ascii	"\fR\026\223"
 1473               		.text
 1474               		.section	.gnu.lto_.pureconst.61e91805,"",@progbits
 1475 0000 789C 6367 		.string	"x\234cg`f\340b`"
 1475      6066 E062 
 1475      6000 
 1476 000a 9233 5818 		.string	"\2223X\030g\2600\315`\001"
 1476      67B0 30CD 
 1476      6001 00
 1477 0015 0A8E 01EF 		.ascii	"\n\216\001\357"
 1478               		.text
 1479               		.section	.gnu.lto_usb_disable.61e91805,"",@progbits
 1480 0000 789C 6367 		.string	"x\234cg`f\230\304\300\300 \013\305\214\314\f\214L\r\r\r\016\354\215\034L\214\214 \026K\00
 1480      6066 98C4 
 1480      C0C0 200B 
 1480      C58C CC0C 
 1480      8C4C 0D0D 
 1481 00bb 00        		.string	""
 1482 00bc 9857 3BFD 		.ascii	"\230W;\375"
 1483               		.text
 1484               		.section	.gnu.lto_usb_connected_state.61e91805,"",@progbits
 1485 0000 789C 6367 		.string	"x\234cg`fX\301\300\300 \013\305\214\314\f\214L\r\r\r\016\354\215\034L\214\214 \026K\003\0
 1485      6066 58C1 
 1485      C0C0 200B 
 1485      C58C CC0C 
 1485      8C4C 0D0D 
 1486 0050 E36E 462D 		.string	"\343nF-\006\006\240\352G\033\377M\345ec\001I\203\204\3670\26210\002\031\353/\261\036h\370
 1486      0606 A0EA 
 1486      471B FF4D 
 1486      E565 6301 
 1486      4983 84F7 
 1487 00d4 00        		.string	""
 1488 00d5 631D 4391 		.ascii	"c\035C\221"
 1489               		.text
 1490               		.section	.gnu.lto_usb_vbus_state.61e91805,"",@progbits
 1491 0000 789C 6367 		.string	"x\234cg`fX\311\300\300 \013\305\214\314\f\214L\r\r\r\016\354\215\034L\214\214 \026K\003\0
 1491      6066 58C9 
 1491      C0C0 200B 
 1491      C58C CC0C 
 1491      8C4C 0D0D 
 1492 0050 E36E 462D 		.string	"\343nF-\006\006\240\352G\033\377M\345ec\001I\203\204\3670\26210\002\031\353/\261\036h\370
 1492      0606 A0EA 
 1492      471B FF4D 
 1492      E565 6301 
 1492      4983 84F7 
 1493 00d7 F74C 448D 		.ascii	"\367LD\215"
 1494               		.text
 1495               		.section	.gnu.lto_.symbol_nodes.61e91805,"",@progbits
 1496 0000 789C 6367 		.string	"x\234cg`f\360e"
 1496      6066 F065 
 1496      00
 1497 0009 0226 897A 		.string	"\002&\211z\206\246\206\206\006\026\306\t\347\030\030\352\031\030v5820\202$$\353\031\261KH
 1497      86A6 8686 
 1497      0616 C609 
 1497      E718 18EA 
 1497      1918 7635 
 1498 002e 00        		.string	""
 1499 002f FAD0 1249 		.ascii	"\372\320\022I"
 1500               		.text
 1501               		.section	.gnu.lto_.refs.61e91805,"",@progbits
 1502 0000 789C 6367 		.string	"x\234cg`f`d"
 1502      6066 6064 
 1502      00
 1503 0009 0200      		.string	"\002"
 1504 000b 00        		.string	""
 1505 000c 6200      		.string	"b"
 1506 000e 0C        		.ascii	"\f"
 1507               		.text
 1508               		.section	.gnu.lto_.decls.61e91805,"",@progbits
 1509 0000 789C 7550 		.string	"x\234uPMhSA\020\236y\373j\022\002\251P\221\2429\004r\2256\265H\355M\364\340\315\203\340\3
 1509      4D68 5341 
 1509      109E 79FB 
 1509      6A12 02A9 
 1509      5091 A239 
 1510 0067 5020 6F92 		.string	"P o\222\351\024\033\3201*C\231\274F^\207\377-\213"
 1510      E914 1BD0 
 1510      312A 4399 
 1510      BC46 5E87 
 1510      FF2D 8B00 
 1511 007b B420 A2EE 		.string	"\264 \242\356\250\360\377\332\234\302\255\330p\265.\270\333]p\335\372\336dX\\,\346\364M\3
 1511      A8F0 FFDA 
 1511      9CC2 ADD8 
 1511      70B5 2EB8 
 1511      DB5D 70DD 
 1512 010d C6DC A2BE 		.string	"\306\334\242\276\363y\371\236gp^\024K\234\373\020#\007q\324\213\001/u~\215\203\264O\353\2
 1512      F379 F99E 
 1512      6770 5E14 
 1512      4B9C FB10 
 1512      2307 71D4 
 1513 018e DFD2 8337 		.ascii	"\337\322\2037\350\205\034wZ\031\342|8\237\331bvy\224o\353{\267"
 1513      E885 1C77 
 1513      5A19 E27C 
 1513      389F D962 
 1513      7679 946F 
 1514 01a5 47DF 5221 		.ascii	"G\337R!\263\353Q\372\276\237\345\327\254\236\004\301J[\332\262"
 1514      B3EB 51FA 
 1514      BE9F E5D7 
 1514      AC9E 04C1 
 1514      4A5B DAB2 
 1515 01b9 9056 B149 		.ascii	"\220V\261I\273O\322j\226\264\313\277g\362\375l\026{h{\337\\\370"
 1515      BB4F D26A 
 1515      96B4 CBBF 
 1515      67F2 FD6C 
 1515      167B 687B 
 1516 01d0 DAFA BC1D 		.ascii	"\332\372\274\035;\371j\233|M\220\257\332\310\347\210\274\216"
 1516      3BF9 6A9B 
 1516      7C4D 90AF 
 1516      DAC8 E788 
 1516      BC8E 
 1517 01e2 7E70 A793 		.ascii	"~p\247\223\341\340\304d2\024\216\232\372E34u(\025\233\n\032\211"
 1517      E1E0 C464 
 1517      3214 8E9A 
 1517      FA45 3334 
 1517      7528 159B 
 1518 01f9 0BE6 B091 		.ascii	"\013\346\260\221\210\305\022\361a\001H\247&\243C\206\363\364"
 1518      88C5 12F1 
 1518      6101 48A7 
 1518      26A3 4386 
 1518      F3F4 
 1519 020b 9973 BE53 		.ascii	"\231s\276S\343\343p\240\223\033\032=:b\230#\307\217\301\341\336"
 1519      E3E3 70A0 
 1519      931B 1A3D 
 1519      3A62 9823 
 1519      C78F C1E1 
 1520 0220 0F61 409C 		.ascii	"\017a@\234\215D<n\032)s\"\230L\205Rf_\360d\"\021\365\210\312"
 1520      8D44 3C6E 
 1520      1A29 7322 
 1520      984C 8552 
 1520      665F F064 
 1521 0239 7438 9D94 		.ascii	"t8\235\224\311\277Hz\362\275"
 1521      C9BF 487A 
 1521      F2BD 
 1522               		.text
 1523               		.section	.gnu.lto_.symtab.61e91805,"",@progbits
 1524 0000 7573 625F 		.string	"usb_disable"
 1524      6469 7361 
 1524      626C 6500 
 1525 000c 00        		.string	""
 1526 000d 01        		.ascii	"\001"
 1527 000e 00        		.string	""
 1528 000f 00        		.string	""
 1529 0010 00        		.string	""
 1530 0011 00        		.string	""
 1531 0012 00        		.string	""
 1532 0013 00        		.string	""
 1533 0014 00        		.string	""
 1534 0015 00        		.string	""
 1535 0016 00        		.string	""
 1536 0017 C200      		.string	"\302"
 1537 0019 00        		.string	""
 1538 001a 00        		.string	""
 1539 001b 7573 625F 		.string	"usb_connected_state"
 1539      636F 6E6E 
 1539      6563 7465 
 1539      645F 7374 
 1539      6174 6500 
 1540 002f 00        		.string	""
 1541 0030 01        		.ascii	"\001"
 1542 0031 00        		.string	""
 1543 0032 00        		.string	""
 1544 0033 00        		.string	""
 1545 0034 00        		.string	""
 1546 0035 00        		.string	""
 1547 0036 00        		.string	""
 1548 0037 00        		.string	""
 1549 0038 00        		.string	""
 1550 0039 00        		.string	""
 1551 003a CA00      		.string	"\312"
 1552 003c 00        		.string	""
 1553 003d 00        		.string	""
 1554 003e 7573 625F 		.string	"usb_vbus_state"
 1554      7662 7573 
 1554      5F73 7461 
 1554      7465 00
 1555 004d 00        		.string	""
 1556 004e 01        		.ascii	"\001"
 1557 004f 00        		.string	""
 1558 0050 00        		.string	""
 1559 0051 00        		.string	""
 1560 0052 00        		.string	""
 1561 0053 00        		.string	""
 1562 0054 00        		.string	""
 1563 0055 00        		.string	""
 1564 0056 00        		.string	""
 1565 0057 00        		.string	""
 1566 0058 CD00      		.string	"\315"
 1567 005a 00        		.string	""
 1568 005b 00        		.string	""
 1569               		.text
 1570               		.section	.gnu.lto_.opts,"",@progbits
 1571 0000 272D 666E 		.ascii	"'-fn"
 1572 0004 6F2D 6F70 		.string	"o-openmp' '-fno-openacc' '-fno-pie' '-mn-flash=1' '-mno-skip-bug' '-mmcu=avr5' '-Os' '-We
 1572      656E 6D70 
 1572      2720 272D 
 1572      666E 6F2D 
 1572      6F70 656E 
 1573               		.text
 1574               		.comm	__gnu_lto_v1,1,1
 1575               		.comm	__gnu_lto_slim,1,1
 1576               		.ident	"GCC: (GNU) 8.4.0"
DEFINED SYMBOLS
                            *ABS*:0000000000000000 usb_util.c
C:\Users\Roningo\AppData\Local\Temp\ccNPV1O5.s:2      *ABS*:000000000000003e __SP_H__
C:\Users\Roningo\AppData\Local\Temp\ccNPV1O5.s:3      *ABS*:000000000000003d __SP_L__
C:\Users\Roningo\AppData\Local\Temp\ccNPV1O5.s:4      *ABS*:000000000000003f __SREG__
C:\Users\Roningo\AppData\Local\Temp\ccNPV1O5.s:5      *ABS*:0000000000000000 __tmp_reg__
C:\Users\Roningo\AppData\Local\Temp\ccNPV1O5.s:6      *ABS*:0000000000000001 __zero_reg__
C:\Users\Roningo\AppData\Local\Temp\ccNPV1O5.s:26     .gnu.debuglto_.debug_info:0000000000000000 usb_util.c.321ce185
                            *COM*:0000000000000001 __gnu_lto_v1
                            *COM*:0000000000000001 __gnu_lto_slim

NO UNDEFINED SYMBOLS
