   1               		.file	"timer.c"
   2               	__SP_H__ = 0x3e
   3               	__SP_L__ = 0x3d
   4               	__SREG__ = 0x3f
   5               	__tmp_reg__ = 0
   6               	__zero_reg__ = 1
   7               		.file 1 "e:\\game\\msys2\\mingw64\\avr\\include\\stdint.h"
   8               		.file 2 "tmk_core/common/avr/timer.c"
   9               		.file 3 "tmk_core/common/timer.h"
  10               		.file 4 "e:\\game\\msys2\\mingw64\\avr\\include\\util\\atomic.h"
  11               		.section	.gnu.debuglto_.debug_info,"",@progbits
  12               	.Ldebug_info0:
  13               		.hidden	timer.c.019cdedb
  14               		.weak	timer.c.019cdedb
  15               	timer.c.019cdedb:
  16 0000 0502 0000 		.long	0x205
  17 0004 0200      		.word	0x2
  18 0006 0000 0000 		.long	.Ldebug_abbrev0
  19 000a 04        		.byte	0x4
  20 000b 01        		.uleb128 0x1
  21 000c 0000 0000 		.long	.LASF20
  22 0010 0C        		.byte	0xc
  23 0011 0000 0000 		.long	.LASF21
  24 0015 0000 0000 		.long	.LASF22
  25 0019 0000 0000 		.long	.Ldebug_line0
  26 001d 02        		.uleb128 0x2
  27 001e 01        		.byte	0x1
  28 001f 06        		.byte	0x6
  29 0020 0000 0000 		.long	.LASF0
  30 0024 03        		.uleb128 0x3
  31 0025 0000 0000 		.long	.LASF2
  32 0029 01        		.byte	0x1
  33 002a 7E        		.byte	0x7e
  34 002b 16        		.byte	0x16
  35 002c 3500 0000 		.long	0x35
  36 0030 04        		.uleb128 0x4
  37 0031 2400 0000 		.long	0x24
  38 0035 02        		.uleb128 0x2
  39 0036 01        		.byte	0x1
  40 0037 08        		.byte	0x8
  41 0038 0000 0000 		.long	.LASF1
  42 003c 05        		.uleb128 0x5
  43 003d 02        		.byte	0x2
  44 003e 05        		.byte	0x5
  45 003f 696E 7400 		.string	"int"
  46 0043 03        		.uleb128 0x3
  47 0044 0000 0000 		.long	.LASF3
  48 0048 01        		.byte	0x1
  49 0049 80        		.byte	0x80
  50 004a 16        		.byte	0x16
  51 004b 4F00 0000 		.long	0x4f
  52 004f 02        		.uleb128 0x2
  53 0050 02        		.byte	0x2
  54 0051 07        		.byte	0x7
  55 0052 0000 0000 		.long	.LASF4
  56 0056 02        		.uleb128 0x2
  57 0057 04        		.byte	0x4
  58 0058 05        		.byte	0x5
  59 0059 0000 0000 		.long	.LASF5
  60 005d 03        		.uleb128 0x3
  61 005e 0000 0000 		.long	.LASF6
  62 0062 01        		.byte	0x1
  63 0063 82        		.byte	0x82
  64 0064 16        		.byte	0x16
  65 0065 6E00 0000 		.long	0x6e
  66 0069 06        		.uleb128 0x6
  67 006a 5D00 0000 		.long	0x5d
  68 006e 02        		.uleb128 0x2
  69 006f 04        		.byte	0x4
  70 0070 07        		.byte	0x7
  71 0071 0000 0000 		.long	.LASF7
  72 0075 02        		.uleb128 0x2
  73 0076 08        		.byte	0x8
  74 0077 05        		.byte	0x5
  75 0078 0000 0000 		.long	.LASF8
  76 007c 02        		.uleb128 0x2
  77 007d 08        		.byte	0x8
  78 007e 07        		.byte	0x7
  79 007f 0000 0000 		.long	.LASF9
  80 0083 07        		.uleb128 0x7
  81 0084 0000 0000 		.long	.LASF23
  82 0088 03        		.byte	0x3
  83 0089 20        		.byte	0x20
  84 008a 1A        		.byte	0x1a
  85 008b 6900 0000 		.long	0x69
  86 008f 01        		.byte	0x1
  87 0090 01        		.byte	0x1
  88 0091 08        		.uleb128 0x8
  89 0092 8300 0000 		.long	0x83
  90 0096 02        		.byte	0x2
  91 0097 1B        		.byte	0x1b
  92 0098 13        		.byte	0x13
  93 0099 09        		.uleb128 0x9
  94 009a 01        		.byte	0x1
  95 009b 0000 0000 		.long	.LASF24
  96 009f 02        		.byte	0x2
  97 00a0 85        		.byte	0x85
  98 00a1 01        		.byte	0x1
  99 00a2 01        		.byte	0x1
 100 00a3 0A        		.uleb128 0xa
 101 00a4 01        		.byte	0x1
 102 00a5 0000 0000 		.long	.LASF12
 103 00a9 02        		.byte	0x2
 104 00aa 77        		.byte	0x77
 105 00ab 11        		.byte	0x11
 106 00ac 01        		.byte	0x1
 107 00ad 5D00 0000 		.long	0x5d
 108 00b1 E600 0000 		.long	0xe6
 109 00b5 0B        		.uleb128 0xb
 110 00b6 0000 0000 		.long	.LASF14
 111 00ba 02        		.byte	0x2
 112 00bb 77        		.byte	0x77
 113 00bc 2A        		.byte	0x2a
 114 00bd 5D00 0000 		.long	0x5d
 115 00c1 0C        		.uleb128 0xc
 116 00c2 7400      		.string	"t"
 117 00c4 02        		.byte	0x2
 118 00c5 78        		.byte	0x78
 119 00c6 0E        		.byte	0xe
 120 00c7 5D00 0000 		.long	0x5d
 121 00cb 0D        		.uleb128 0xd
 122 00cc 0E        		.uleb128 0xe
 123 00cd 0000 0000 		.long	.LASF10
 124 00d1 02        		.byte	0x2
 125 00d2 7A        		.byte	0x7a
 126 00d3 05        		.byte	0x5
 127 00d4 2400 0000 		.long	0x24
 128 00d8 0E        		.uleb128 0xe
 129 00d9 0000 0000 		.long	.LASF11
 130 00dd 02        		.byte	0x2
 131 00de 7A        		.byte	0x7a
 132 00df 05        		.byte	0x5
 133 00e0 2400 0000 		.long	0x24
 134 00e4 00        		.byte	0
 135 00e5 00        		.byte	0
 136 00e6 0A        		.uleb128 0xa
 137 00e7 01        		.byte	0x1
 138 00e8 0000 0000 		.long	.LASF13
 139 00ec 02        		.byte	0x2
 140 00ed 6B        		.byte	0x6b
 141 00ee 11        		.byte	0x11
 142 00ef 01        		.byte	0x1
 143 00f0 4300 0000 		.long	0x43
 144 00f4 2901 0000 		.long	0x129
 145 00f8 0B        		.uleb128 0xb
 146 00f9 0000 0000 		.long	.LASF14
 147 00fd 02        		.byte	0x2
 148 00fe 6B        		.byte	0x6b
 149 00ff 28        		.byte	0x28
 150 0100 4300 0000 		.long	0x43
 151 0104 0C        		.uleb128 0xc
 152 0105 7400      		.string	"t"
 153 0107 02        		.byte	0x2
 154 0108 6C        		.byte	0x6c
 155 0109 0E        		.byte	0xe
 156 010a 5D00 0000 		.long	0x5d
 157 010e 0D        		.uleb128 0xd
 158 010f 0E        		.uleb128 0xe
 159 0110 0000 0000 		.long	.LASF10
 160 0114 02        		.byte	0x2
 161 0115 6E        		.byte	0x6e
 162 0116 05        		.byte	0x5
 163 0117 2400 0000 		.long	0x24
 164 011b 0E        		.uleb128 0xe
 165 011c 0000 0000 		.long	.LASF11
 166 0120 02        		.byte	0x2
 167 0121 6E        		.byte	0x6e
 168 0122 05        		.byte	0x5
 169 0123 2400 0000 		.long	0x24
 170 0127 00        		.byte	0
 171 0128 00        		.byte	0
 172 0129 0A        		.uleb128 0xa
 173 012a 01        		.byte	0x1
 174 012b 0000 0000 		.long	.LASF15
 175 012f 02        		.byte	0x2
 176 0130 5F        		.byte	0x5f
 177 0131 11        		.byte	0x11
 178 0132 01        		.byte	0x1
 179 0133 5D00 0000 		.long	0x5d
 180 0137 6001 0000 		.long	0x160
 181 013b 0C        		.uleb128 0xc
 182 013c 7400      		.string	"t"
 183 013e 02        		.byte	0x2
 184 013f 60        		.byte	0x60
 185 0140 0E        		.byte	0xe
 186 0141 5D00 0000 		.long	0x5d
 187 0145 0D        		.uleb128 0xd
 188 0146 0E        		.uleb128 0xe
 189 0147 0000 0000 		.long	.LASF10
 190 014b 02        		.byte	0x2
 191 014c 62        		.byte	0x62
 192 014d 05        		.byte	0x5
 193 014e 2400 0000 		.long	0x24
 194 0152 0E        		.uleb128 0xe
 195 0153 0000 0000 		.long	.LASF11
 196 0157 02        		.byte	0x2
 197 0158 62        		.byte	0x62
 198 0159 05        		.byte	0x5
 199 015a 2400 0000 		.long	0x24
 200 015e 00        		.byte	0
 201 015f 00        		.byte	0
 202 0160 0A        		.uleb128 0xa
 203 0161 01        		.byte	0x1
 204 0162 0000 0000 		.long	.LASF16
 205 0166 02        		.byte	0x2
 206 0167 53        		.byte	0x53
 207 0168 11        		.byte	0x11
 208 0169 01        		.byte	0x1
 209 016a 4300 0000 		.long	0x43
 210 016e 9701 0000 		.long	0x197
 211 0172 0C        		.uleb128 0xc
 212 0173 7400      		.string	"t"
 213 0175 02        		.byte	0x2
 214 0176 54        		.byte	0x54
 215 0177 0E        		.byte	0xe
 216 0178 5D00 0000 		.long	0x5d
 217 017c 0D        		.uleb128 0xd
 218 017d 0E        		.uleb128 0xe
 219 017e 0000 0000 		.long	.LASF10
 220 0182 02        		.byte	0x2
 221 0183 56        		.byte	0x56
 222 0184 05        		.byte	0x5
 223 0185 2400 0000 		.long	0x24
 224 0189 0E        		.uleb128 0xe
 225 018a 0000 0000 		.long	.LASF11
 226 018e 02        		.byte	0x2
 227 018f 56        		.byte	0x56
 228 0190 05        		.byte	0x5
 229 0191 2400 0000 		.long	0x24
 230 0195 00        		.byte	0
 231 0196 00        		.byte	0
 232 0197 0F        		.uleb128 0xf
 233 0198 01        		.byte	0x1
 234 0199 0000 0000 		.long	.LASF17
 235 019d 02        		.byte	0x2
 236 019e 4B        		.byte	0x4b
 237 019f 0D        		.byte	0xd
 238 01a0 01        		.byte	0x1
 239 01a1 C001 0000 		.long	0x1c0
 240 01a5 0D        		.uleb128 0xd
 241 01a6 0E        		.uleb128 0xe
 242 01a7 0000 0000 		.long	.LASF10
 243 01ab 02        		.byte	0x2
 244 01ac 4C        		.byte	0x4c
 245 01ad 05        		.byte	0x5
 246 01ae 2400 0000 		.long	0x24
 247 01b2 0E        		.uleb128 0xe
 248 01b3 0000 0000 		.long	.LASF11
 249 01b7 02        		.byte	0x2
 250 01b8 4C        		.byte	0x4c
 251 01b9 05        		.byte	0x5
 252 01ba 2400 0000 		.long	0x24
 253 01be 00        		.byte	0
 254 01bf 00        		.byte	0
 255 01c0 0F        		.uleb128 0xf
 256 01c1 01        		.byte	0x1
 257 01c2 0000 0000 		.long	.LASF18
 258 01c6 02        		.byte	0x2
 259 01c7 21        		.byte	0x21
 260 01c8 06        		.byte	0x6
 261 01c9 01        		.byte	0x1
 262 01ca DB01 0000 		.long	0x1db
 263 01ce 0E        		.uleb128 0xe
 264 01cf 0000 0000 		.long	.LASF19
 265 01d3 02        		.byte	0x2
 266 01d4 27        		.byte	0x27
 267 01d5 0D        		.byte	0xd
 268 01d6 2400 0000 		.long	0x24
 269 01da 00        		.byte	0
 270 01db 10        		.uleb128 0x10
 271 01dc 0000 0000 		.long	.LASF25
 272 01e0 04        		.byte	0x4
 273 01e1 44        		.byte	0x44
 274 01e2 18        		.byte	0x18
 275 01e3 01        		.byte	0x1
 276 01e4 F501 0000 		.long	0x1f5
 277 01e8 11        		.uleb128 0x11
 278 01e9 5F5F 7300 		.string	"__s"
 279 01ed 04        		.byte	0x4
 280 01ee 44        		.byte	0x44
 281 01ef 33        		.byte	0x33
 282 01f0 F501 0000 		.long	0x1f5
 283 01f4 00        		.byte	0
 284 01f5 12        		.uleb128 0x12
 285 01f6 02        		.byte	0x2
 286 01f7 3000 0000 		.long	0x30
 287 01fb 13        		.uleb128 0x13
 288 01fc 0000 0000 		.long	.LASF26
 289 0200 04        		.byte	0x4
 290 0201 30        		.byte	0x30
 291 0202 1B        		.byte	0x1b
 292 0203 01        		.byte	0x1
 293 0204 2400 0000 		.long	0x24
 294 0208 00        		.byte	0
 295               		.section	.gnu.debuglto_.debug_abbrev,"",@progbits
 296               	.Ldebug_abbrev0:
 297 0000 01        		.uleb128 0x1
 298 0001 11        		.uleb128 0x11
 299 0002 01        		.byte	0x1
 300 0003 25        		.uleb128 0x25
 301 0004 0E        		.uleb128 0xe
 302 0005 13        		.uleb128 0x13
 303 0006 0B        		.uleb128 0xb
 304 0007 03        		.uleb128 0x3
 305 0008 0E        		.uleb128 0xe
 306 0009 1B        		.uleb128 0x1b
 307 000a 0E        		.uleb128 0xe
 308 000b 10        		.uleb128 0x10
 309 000c 06        		.uleb128 0x6
 310 000d 00        		.byte	0
 311 000e 00        		.byte	0
 312 000f 02        		.uleb128 0x2
 313 0010 24        		.uleb128 0x24
 314 0011 00        		.byte	0
 315 0012 0B        		.uleb128 0xb
 316 0013 0B        		.uleb128 0xb
 317 0014 3E        		.uleb128 0x3e
 318 0015 0B        		.uleb128 0xb
 319 0016 03        		.uleb128 0x3
 320 0017 0E        		.uleb128 0xe
 321 0018 00        		.byte	0
 322 0019 00        		.byte	0
 323 001a 03        		.uleb128 0x3
 324 001b 16        		.uleb128 0x16
 325 001c 00        		.byte	0
 326 001d 03        		.uleb128 0x3
 327 001e 0E        		.uleb128 0xe
 328 001f 3A        		.uleb128 0x3a
 329 0020 0B        		.uleb128 0xb
 330 0021 3B        		.uleb128 0x3b
 331 0022 0B        		.uleb128 0xb
 332 0023 39        		.uleb128 0x39
 333 0024 0B        		.uleb128 0xb
 334 0025 49        		.uleb128 0x49
 335 0026 13        		.uleb128 0x13
 336 0027 00        		.byte	0
 337 0028 00        		.byte	0
 338 0029 04        		.uleb128 0x4
 339 002a 26        		.uleb128 0x26
 340 002b 00        		.byte	0
 341 002c 49        		.uleb128 0x49
 342 002d 13        		.uleb128 0x13
 343 002e 00        		.byte	0
 344 002f 00        		.byte	0
 345 0030 05        		.uleb128 0x5
 346 0031 24        		.uleb128 0x24
 347 0032 00        		.byte	0
 348 0033 0B        		.uleb128 0xb
 349 0034 0B        		.uleb128 0xb
 350 0035 3E        		.uleb128 0x3e
 351 0036 0B        		.uleb128 0xb
 352 0037 03        		.uleb128 0x3
 353 0038 08        		.uleb128 0x8
 354 0039 00        		.byte	0
 355 003a 00        		.byte	0
 356 003b 06        		.uleb128 0x6
 357 003c 35        		.uleb128 0x35
 358 003d 00        		.byte	0
 359 003e 49        		.uleb128 0x49
 360 003f 13        		.uleb128 0x13
 361 0040 00        		.byte	0
 362 0041 00        		.byte	0
 363 0042 07        		.uleb128 0x7
 364 0043 34        		.uleb128 0x34
 365 0044 00        		.byte	0
 366 0045 03        		.uleb128 0x3
 367 0046 0E        		.uleb128 0xe
 368 0047 3A        		.uleb128 0x3a
 369 0048 0B        		.uleb128 0xb
 370 0049 3B        		.uleb128 0x3b
 371 004a 0B        		.uleb128 0xb
 372 004b 39        		.uleb128 0x39
 373 004c 0B        		.uleb128 0xb
 374 004d 49        		.uleb128 0x49
 375 004e 13        		.uleb128 0x13
 376 004f 3F        		.uleb128 0x3f
 377 0050 0C        		.uleb128 0xc
 378 0051 3C        		.uleb128 0x3c
 379 0052 0C        		.uleb128 0xc
 380 0053 00        		.byte	0
 381 0054 00        		.byte	0
 382 0055 08        		.uleb128 0x8
 383 0056 34        		.uleb128 0x34
 384 0057 00        		.byte	0
 385 0058 47        		.uleb128 0x47
 386 0059 13        		.uleb128 0x13
 387 005a 3A        		.uleb128 0x3a
 388 005b 0B        		.uleb128 0xb
 389 005c 3B        		.uleb128 0x3b
 390 005d 0B        		.uleb128 0xb
 391 005e 39        		.uleb128 0x39
 392 005f 0B        		.uleb128 0xb
 393 0060 00        		.byte	0
 394 0061 00        		.byte	0
 395 0062 09        		.uleb128 0x9
 396 0063 2E        		.uleb128 0x2e
 397 0064 00        		.byte	0
 398 0065 3F        		.uleb128 0x3f
 399 0066 0C        		.uleb128 0xc
 400 0067 03        		.uleb128 0x3
 401 0068 0E        		.uleb128 0xe
 402 0069 3A        		.uleb128 0x3a
 403 006a 0B        		.uleb128 0xb
 404 006b 3B        		.uleb128 0x3b
 405 006c 0B        		.uleb128 0xb
 406 006d 39        		.uleb128 0x39
 407 006e 0B        		.uleb128 0xb
 408 006f 27        		.uleb128 0x27
 409 0070 0C        		.uleb128 0xc
 410 0071 00        		.byte	0
 411 0072 00        		.byte	0
 412 0073 0A        		.uleb128 0xa
 413 0074 2E        		.uleb128 0x2e
 414 0075 01        		.byte	0x1
 415 0076 3F        		.uleb128 0x3f
 416 0077 0C        		.uleb128 0xc
 417 0078 03        		.uleb128 0x3
 418 0079 0E        		.uleb128 0xe
 419 007a 3A        		.uleb128 0x3a
 420 007b 0B        		.uleb128 0xb
 421 007c 3B        		.uleb128 0x3b
 422 007d 0B        		.uleb128 0xb
 423 007e 39        		.uleb128 0x39
 424 007f 0B        		.uleb128 0xb
 425 0080 27        		.uleb128 0x27
 426 0081 0C        		.uleb128 0xc
 427 0082 49        		.uleb128 0x49
 428 0083 13        		.uleb128 0x13
 429 0084 01        		.uleb128 0x1
 430 0085 13        		.uleb128 0x13
 431 0086 00        		.byte	0
 432 0087 00        		.byte	0
 433 0088 0B        		.uleb128 0xb
 434 0089 05        		.uleb128 0x5
 435 008a 00        		.byte	0
 436 008b 03        		.uleb128 0x3
 437 008c 0E        		.uleb128 0xe
 438 008d 3A        		.uleb128 0x3a
 439 008e 0B        		.uleb128 0xb
 440 008f 3B        		.uleb128 0x3b
 441 0090 0B        		.uleb128 0xb
 442 0091 39        		.uleb128 0x39
 443 0092 0B        		.uleb128 0xb
 444 0093 49        		.uleb128 0x49
 445 0094 13        		.uleb128 0x13
 446 0095 00        		.byte	0
 447 0096 00        		.byte	0
 448 0097 0C        		.uleb128 0xc
 449 0098 34        		.uleb128 0x34
 450 0099 00        		.byte	0
 451 009a 03        		.uleb128 0x3
 452 009b 08        		.uleb128 0x8
 453 009c 3A        		.uleb128 0x3a
 454 009d 0B        		.uleb128 0xb
 455 009e 3B        		.uleb128 0x3b
 456 009f 0B        		.uleb128 0xb
 457 00a0 39        		.uleb128 0x39
 458 00a1 0B        		.uleb128 0xb
 459 00a2 49        		.uleb128 0x49
 460 00a3 13        		.uleb128 0x13
 461 00a4 00        		.byte	0
 462 00a5 00        		.byte	0
 463 00a6 0D        		.uleb128 0xd
 464 00a7 0B        		.uleb128 0xb
 465 00a8 01        		.byte	0x1
 466 00a9 00        		.byte	0
 467 00aa 00        		.byte	0
 468 00ab 0E        		.uleb128 0xe
 469 00ac 34        		.uleb128 0x34
 470 00ad 00        		.byte	0
 471 00ae 03        		.uleb128 0x3
 472 00af 0E        		.uleb128 0xe
 473 00b0 3A        		.uleb128 0x3a
 474 00b1 0B        		.uleb128 0xb
 475 00b2 3B        		.uleb128 0x3b
 476 00b3 0B        		.uleb128 0xb
 477 00b4 39        		.uleb128 0x39
 478 00b5 0B        		.uleb128 0xb
 479 00b6 49        		.uleb128 0x49
 480 00b7 13        		.uleb128 0x13
 481 00b8 00        		.byte	0
 482 00b9 00        		.byte	0
 483 00ba 0F        		.uleb128 0xf
 484 00bb 2E        		.uleb128 0x2e
 485 00bc 01        		.byte	0x1
 486 00bd 3F        		.uleb128 0x3f
 487 00be 0C        		.uleb128 0xc
 488 00bf 03        		.uleb128 0x3
 489 00c0 0E        		.uleb128 0xe
 490 00c1 3A        		.uleb128 0x3a
 491 00c2 0B        		.uleb128 0xb
 492 00c3 3B        		.uleb128 0x3b
 493 00c4 0B        		.uleb128 0xb
 494 00c5 39        		.uleb128 0x39
 495 00c6 0B        		.uleb128 0xb
 496 00c7 27        		.uleb128 0x27
 497 00c8 0C        		.uleb128 0xc
 498 00c9 01        		.uleb128 0x1
 499 00ca 13        		.uleb128 0x13
 500 00cb 00        		.byte	0
 501 00cc 00        		.byte	0
 502 00cd 10        		.uleb128 0x10
 503 00ce 2E        		.uleb128 0x2e
 504 00cf 01        		.byte	0x1
 505 00d0 03        		.uleb128 0x3
 506 00d1 0E        		.uleb128 0xe
 507 00d2 3A        		.uleb128 0x3a
 508 00d3 0B        		.uleb128 0xb
 509 00d4 3B        		.uleb128 0x3b
 510 00d5 0B        		.uleb128 0xb
 511 00d6 39        		.uleb128 0x39
 512 00d7 0B        		.uleb128 0xb
 513 00d8 27        		.uleb128 0x27
 514 00d9 0C        		.uleb128 0xc
 515 00da 01        		.uleb128 0x1
 516 00db 13        		.uleb128 0x13
 517 00dc 00        		.byte	0
 518 00dd 00        		.byte	0
 519 00de 11        		.uleb128 0x11
 520 00df 05        		.uleb128 0x5
 521 00e0 00        		.byte	0
 522 00e1 03        		.uleb128 0x3
 523 00e2 08        		.uleb128 0x8
 524 00e3 3A        		.uleb128 0x3a
 525 00e4 0B        		.uleb128 0xb
 526 00e5 3B        		.uleb128 0x3b
 527 00e6 0B        		.uleb128 0xb
 528 00e7 39        		.uleb128 0x39
 529 00e8 0B        		.uleb128 0xb
 530 00e9 49        		.uleb128 0x49
 531 00ea 13        		.uleb128 0x13
 532 00eb 00        		.byte	0
 533 00ec 00        		.byte	0
 534 00ed 12        		.uleb128 0x12
 535 00ee 0F        		.uleb128 0xf
 536 00ef 00        		.byte	0
 537 00f0 0B        		.uleb128 0xb
 538 00f1 0B        		.uleb128 0xb
 539 00f2 49        		.uleb128 0x49
 540 00f3 13        		.uleb128 0x13
 541 00f4 00        		.byte	0
 542 00f5 00        		.byte	0
 543 00f6 13        		.uleb128 0x13
 544 00f7 2E        		.uleb128 0x2e
 545 00f8 00        		.byte	0
 546 00f9 03        		.uleb128 0x3
 547 00fa 0E        		.uleb128 0xe
 548 00fb 3A        		.uleb128 0x3a
 549 00fc 0B        		.uleb128 0xb
 550 00fd 3B        		.uleb128 0x3b
 551 00fe 0B        		.uleb128 0xb
 552 00ff 39        		.uleb128 0x39
 553 0100 0B        		.uleb128 0xb
 554 0101 27        		.uleb128 0x27
 555 0102 0C        		.uleb128 0xc
 556 0103 49        		.uleb128 0x49
 557 0104 13        		.uleb128 0x13
 558 0105 00        		.byte	0
 559 0106 00        		.byte	0
 560 0107 00        		.byte	0
 561               		.section	.gnu.debuglto_.debug_line,"",@progbits
 562               	.Ldebug_line0:
 563 0000 BD00 0000 		.long	.LELT0-.LSLT0
 564               	.LSLT0:
 565 0004 0200      		.word	0x2
 566 0006 B700 0000 		.long	.LELTP0-.LASLTP0
 567               	.LASLTP0:
 568 000a 01        		.byte	0x1
 569 000b 01        		.byte	0x1
 570 000c F6        		.byte	0xf6
 571 000d F2        		.byte	0xf2
 572 000e 0D        		.byte	0xd
 573 000f 00        		.byte	0
 574 0010 01        		.byte	0x1
 575 0011 01        		.byte	0x1
 576 0012 01        		.byte	0x1
 577 0013 01        		.byte	0x1
 578 0014 00        		.byte	0
 579 0015 00        		.byte	0
 580 0016 00        		.byte	0
 581 0017 01        		.byte	0x1
 582 0018 00        		.byte	0
 583 0019 00        		.byte	0
 584 001a 01        		.byte	0x1
 585 001b 653A 5C67 		.ascii	"e:\\game\\msys2\\mingw64\\avr\\include"
 585      616D 655C 
 585      6D73 7973 
 585      325C 6D69 
 585      6E67 7736 
 586 003c 00        		.byte	0
 587 003d 653A 5C67 		.ascii	"e:\\game\\msys2\\mingw64\\avr\\include\\util"
 587      616D 655C 
 587      6D73 7973 
 587      325C 6D69 
 587      6E67 7736 
 588 0063 00        		.byte	0
 589 0064 746D 6B5F 		.ascii	"tmk_core/common"
 589      636F 7265 
 589      2F63 6F6D 
 589      6D6F 6E
 590 0073 00        		.byte	0
 591 0074 746D 6B5F 		.ascii	"tmk_core/common/avr"
 591      636F 7265 
 591      2F63 6F6D 
 591      6D6F 6E2F 
 591      6176 72
 592 0087 00        		.byte	0
 593 0088 00        		.byte	0
 594 0089 7374 6469 		.string	"stdint.h"
 594      6E74 2E68 
 594      00
 595 0092 01        		.uleb128 0x1
 596 0093 00        		.uleb128 0
 597 0094 00        		.uleb128 0
 598 0095 6176 722F 		.string	"avr/timer.c"
 598      7469 6D65 
 598      722E 6300 
 599 00a1 03        		.uleb128 0x3
 600 00a2 00        		.uleb128 0
 601 00a3 00        		.uleb128 0
 602 00a4 7469 6D65 		.string	"timer.h"
 602      722E 6800 
 603 00ac 03        		.uleb128 0x3
 604 00ad 00        		.uleb128 0
 605 00ae 00        		.uleb128 0
 606 00af 7574 696C 		.string	"util\\atomic.h"
 606      5C61 746F 
 606      6D69 632E 
 606      6800 
 607 00bd 01        		.uleb128 0x1
 608 00be 00        		.uleb128 0
 609 00bf 00        		.uleb128 0
 610 00c0 00        		.byte	0
 611               	.LELTP0:
 612               	.LELT0:
 613               		.section	.gnu.debuglto_.debug_str,"MS",@progbits,1
 614               	.LASF22:
 615 0000 443A 5C44 		.string	"D:\\Download\\qmk_firmware\\vial-qmk"
 615      6F77 6E6C 
 615      6F61 645C 
 615      716D 6B5F 
 615      6669 726D 
 616               	.LASF21:
 617 0022 746D 6B5F 		.string	"tmk_core/common/avr/timer.c"
 617      636F 7265 
 617      2F63 6F6D 
 617      6D6F 6E2F 
 617      6176 722F 
 618               	.LASF19:
 619 003e 7072 6573 		.string	"prescaler"
 619      6361 6C65 
 619      7200 
 620               	.LASF18:
 621 0048 7469 6D65 		.string	"timer_init"
 621      725F 696E 
 621      6974 00
 622               	.LASF1:
 623 0053 756E 7369 		.string	"unsigned char"
 623      676E 6564 
 623      2063 6861 
 623      7200 
 624               	.LASF17:
 625 0061 7469 6D65 		.string	"timer_clear"
 625      725F 636C 
 625      6561 7200 
 626               	.LASF7:
 627 006d 6C6F 6E67 		.string	"long unsigned int"
 627      2075 6E73 
 627      6967 6E65 
 627      6420 696E 
 627      7400 
 628               	.LASF11:
 629 007f 5F5F 546F 		.string	"__ToDo"
 629      446F 00
 630               	.LASF23:
 631 0086 7469 6D65 		.string	"timer_count"
 631      725F 636F 
 631      756E 7400 
 632               	.LASF26:
 633 0092 5F5F 6943 		.string	"__iCliRetVal"
 633      6C69 5265 
 633      7456 616C 
 633      00
 634               	.LASF10:
 635 009f 7372 6567 		.string	"sreg_save"
 635      5F73 6176 
 635      6500 
 636               	.LASF20:
 637 00a9 474E 5520 		.string	"GNU C99 8.4.0 -mn-flash=1 -mno-skip-bug -mmcu=avr5 -gdwarf-2 -Os -std=gnu99 -funsigned-ch
 637      4339 3920 
 637      382E 342E 
 637      3020 2D6D 
 637      6E2D 666C 
 638               	.LASF4:
 639 019a 756E 7369 		.string	"unsigned int"
 639      676E 6564 
 639      2069 6E74 
 639      00
 640               	.LASF25:
 641 01a7 5F5F 6952 		.string	"__iRestore"
 641      6573 746F 
 641      7265 00
 642               	.LASF9:
 643 01b2 6C6F 6E67 		.string	"long long unsigned int"
 643      206C 6F6E 
 643      6720 756E 
 643      7369 676E 
 643      6564 2069 
 644               	.LASF2:
 645 01c9 7569 6E74 		.string	"uint8_t"
 645      385F 7400 
 646               	.LASF8:
 647 01d1 6C6F 6E67 		.string	"long long int"
 647      206C 6F6E 
 647      6720 696E 
 647      7400 
 648               	.LASF16:
 649 01df 7469 6D65 		.string	"timer_read"
 649      725F 7265 
 649      6164 00
 650               	.LASF24:
 651 01ea 5F5F 7665 		.string	"__vector_21"
 651      6374 6F72 
 651      5F32 3100 
 652               	.LASF12:
 653 01f6 7469 6D65 		.string	"timer_elapsed32"
 653      725F 656C 
 653      6170 7365 
 653      6433 3200 
 654               	.LASF13:
 655 0206 7469 6D65 		.string	"timer_elapsed"
 655      725F 656C 
 655      6170 7365 
 655      6400 
 656               	.LASF3:
 657 0214 7569 6E74 		.string	"uint16_t"
 657      3136 5F74 
 657      00
 658               	.LASF6:
 659 021d 7569 6E74 		.string	"uint32_t"
 659      3332 5F74 
 659      00
 660               	.LASF5:
 661 0226 6C6F 6E67 		.string	"long int"
 661      2069 6E74 
 661      00
 662               	.LASF0:
 663 022f 7369 676E 		.string	"signed char"
 663      6564 2063 
 663      6861 7200 
 664               	.LASF15:
 665 023b 7469 6D65 		.string	"timer_read32"
 665      725F 7265 
 665      6164 3332 
 665      00
 666               	.LASF14:
 667 0248 6C61 7374 		.string	"last"
 667      00
 668               		.text
 669               		.section	.gnu.lto_.profile.436b4e67,"",@progbits
 670 0000 789C 6367 		.string	"x\234cg`f`d"
 670      6066 6064 
 670      00
 671 0009 0200      		.string	"\002"
 672 000b 00        		.string	""
 673 000c 6200      		.string	"b"
 674 000e 0C        		.ascii	"\f"
 675               		.text
 676               		.section	.gnu.lto_.icf.436b4e67,"",@progbits
 677 0000 789C 6367 		.string	"x\234cg`f\320f@"
 677      6066 D066 
 677      4000 
 678 000a 7686 15D3 		.string	"v\206\025\323f~\341g|\275`\233\b\363\276\311\263v\360\260,Zx\350\031\033\353\311\206\276\
 678      667E E167 
 678      7CBD 609B 
 678      08F3 BEC9 
 678      B376 F0B0 
 679 0039 B2C9 13BC 		.ascii	"\262\311\023\274"
 680               		.text
 681               		.section	.gnu.lto_.jmpfuncs.436b4e67,"",@progbits
 682 0000 789C 6367 		.string	"x\234cg`fPd@"
 682      6066 5064 
 682      4000 
 683 000a 7620 6664 		.string	"v fd"
 683      00
 684 000f 0A32 B030 		.string	"\n2\26000\260222\326\317df`cd\002\321\214 I"
 684      30B0 3232 
 684      32D6 CF64 
 684      6660 6364 
 684      02D1 8C20 
 685 0025 2405 028B 		.ascii	"$\005\002\213"
 686               		.text
 687               		.section	.gnu.lto_.inline.436b4e67,"",@progbits
 688 0000 789C 85CA 		.ascii	"x\234\205\312A\016\200 \f\004\300\245@\213\306\370I\341\037<"
 688      410E 8020 
 688      0C04 C0A5 
 688      408B C6F8 
 688      49E1 1F3C 
 689 0014 CD5F 79B5 		.ascii	"\315_y\265\305\030\0239t\323C7;\202\210\013_D\257k\270\006P\261"
 689      C518 1339 
 689      74D3 4337 
 689      3B82 880B 
 689      5F44 AF6B 
 690 002c 2F55 80C7 		.ascii	"/U\200\307s\020\310L\3002zS\262=\370O\242O\222O2V\255\347 \273"
 690      7310 C84C 
 690      C032 7A53 
 690      B23D F84F 
 690      A24F 924F 
 691 0046 2D32 11F6 		.ascii	"-2\021\366\211\240\274\003\031\356y\"\270\001\246C5%"
 691      89A0 BC03 
 691      19EE 7922 
 691      B801 A643 
 691      3525 
 692               		.text
 693               		.section	.gnu.lto_.pureconst.436b4e67,"",@progbits
 694 0000 789C 05C1 		.string	"x\234\005\301\201\021"
 694      8111 00
 695 0007 200C 0231 		.ascii	" \f\0021\274\362\262\201\303w\024\2463\211FOR\264>e\212\013\345"
 695      BCF2 B281 
 695      C377 14A6 
 695      3389 464F 
 695      52B4 3E65 
 696 001e 96AC 3F3B 		.ascii	"\226\254?;k\0059"
 696      6B05 39
 697               		.text
 698               		.section	.gnu.lto_timer_init.436b4e67,"",@progbits
 699 0000 789C 6D92 		.string	"x\234m\222\337KTA\024\307\317w\316\266\256\260[\364\022\0047\352Ih\003\327\350\251\236\37
 699      DF4B 5441 
 699      14C7 CF77 
 699      CEB6 AEB0 
 699      5BF4 1204 
 700 0072 8C0A C9   		.ascii	"\214\n\311"
 701 0075 08A8 5BA0 		.string	"\b\250[\240\033\327y\220Q\376}g3\026\237\322_\244\032\271uPN)\344\231hH\317`\3409\342D\33
 701      1BD7 7990 
 701      51FE 7D67 
 701      3316 9FD2 
 701      5FA4 1AB9 
 702 0176 B668 6073 		.ascii	"\266h`s+\177\2365\006}]\207-\006A\037\017\257\224BA\320\035\240"
 702      2B7F 9E35 
 702      067D 5D87 
 702      2D06 411F 
 702      0FAF 9442 
 703 018e 5483 4FFF 		.ascii	"T\203O\377\007\236\313n\347\232\003\370\226\201g>\316~\2116\300"
 703      079E CB6E 
 703      E79A 03F8 
 703      9681 673E 
 703      CE7E 8936 
 704 01a3 97EA F037 		.ascii	"\227\352\3607&\2519\366w\375\004\372\275|\232\031\031}\271\376"
 704      26A9 39F6 
 704      77FD 04FA 
 704      BD7C 9A19 
 704      197D B9FE 
 705 01b7 4BE9 FFCF 		.ascii	"K\351\377\317\352L^8k\247\\'a\247\222\311\324\245D{\227\233\350"
 705      EA4C 5E38 
 705      6BA7 5C27 
 705      61A7 92C9 
 705      D4A5 447B 
 706 01ce 3C9F 74DC 		.ascii	"<\237t\334V\233\232/\273\316\025\273\375\242\343\356\257m\265"
 706      569B 9A2F 
 706      BBCE 15BB 
 706      FDA2 E3EE 
 706      AF6D B5
 707 01e1 B61D 3F69 		.ascii	"\266\035?iw8\035\347\350/&E\333x"
 707      7738 1DE7 
 707      E82F 2645 
 707      DB78 
 708               		.text
 709               		.section	.gnu.lto_timer_clear.436b4e67,"",@progbits
 710 0000 789C 8553 		.ascii	"x\234\205SmlSU\030>\317=\267\037\353\330\224?&&\215.3i\b$\333"
 710      6D6C 5355 
 710      183E CF3D 
 710      B71F EBD8 
 710      943F 2626 
 711 001b 4463 74BF 		.ascii	"Dct\277H\364\217\361\237\037\377\2324\245\273\231\215\273\253"
 711      48F4 8FF1 
 711      9F1F FF9A 
 711      34A5 BB99 
 711      8DBB AB
 712 002e 693B 0CBF 		.ascii	"i;\f\277vZ:\\\031\212D\260\353\306b3\3279L\b\321\030\262\200"
 712      765A 3A5C 
 712      198A 44B0 
 712      EBC6 6233 
 712      D739 4C08 
 713 0046 B26E 0C64 		.ascii	"\262n\fd2`\016\031\203\352\230\004\020\002B2;51\351|\317\271"
 713      3260 0E19 
 713      83EA 9804 
 713      1002 4232 
 713      3B35 31E9 
 714 005d 774B FBCB 		.ascii	"wK\373\313\223\334\233\363\236\363~<\317\373>\307\3058{\335\301"
 714      93DC 9BF3 
 714      9EF3 7E3C 
 714      CFFB 3EC7 
 714      C538 7BDD 
 715 0072 583F 63EC 		.ascii	"X?c\354\031\372\300\0314!\304\016W\302\255\001r\247\0137X\267"
 715      19FA C019 
 715      3421 C40E 
 715      57C2 AD01 
 715      72A7 0B37 
 716 0088 866E AD3B 		.ascii	"\206n\255;\315\017r\224\376\036\274S\267u\214\256D!s\3029$\346"
 716      CD0F 7294 
 716      FE1E BC53 
 716      B775 8CAE 
 716      4421 73C2 
 717 009f 04CF 72C6 		.ascii	"\004\317r\306>\245\317Z8\205\255\214\221\353\255\257\313\207"
 717      3EA5 CF5A 
 717      3885 AD8C 
 717      91EB ADAF 
 717      CB87 
 718 00b1 EB9C BA7D 		.ascii	"\353\234\272}\205\357\340\004\235\226\347\323{\353\370\263\220"
 718      85EF E004 
 718      9D96 E7D3 
 718      7BEB F8B3 
 718      90
 719 00c2 1E2B 5FCD 		.ascii	"\036+_\315\235\204oD\210\244(\334\315zR\242\220h\310r\340{p\n"
 719      9D84 6F44 
 719      88A4 28DC 
 719      CD7A 52A2 
 719      9068 C872 
 720 00da C20B 5EB4 		.ascii	"\302\013^\264xe\254\357\033.\335?\317<*\351\374e\025za\245w\255"
 720      7865 ACEF 
 720      1B2E DD3F 
 720      CF3C 2AE9 
 720      FC65 157A 
 721 00f2 5ED7 28EF 		.ascii	"^\327(\357\004\241\226'=\323\305\311Z\376\252\272=\264\266\362"
 721      04A1 9627 
 721      3DD3 C5C9 
 721      5AFE AABA 
 721      3DB4 B6F2 
 722 0106 8F83 6E31 		.ascii	"\217\203n1\t\216\002t\3450\225\311]t\3617\224\303o\217\257\235"
 722      098E 0274 
 722      E530 95C9 
 722      5D74 F137 
 722      94C3 6F8F 
 723 011c ACB7 2B37 		.ascii	"\254\267+7\364\013]V=SQ\025S2\210\371Fy\005\023L\303\207\323"
 723      F40B 5D56 
 723      3D53 5115 
 723      5332 88F9 
 723      4679 0513 
 724 0134 F029 2ECC 		.ascii	"\360).\314\227Ww3\213\203\243O\364R\0174hd\316/\376\376\227["
 724      9757 7733 
 724      8B83 A34F 
 724      F452 0F34 
 724      6864 CE2F 
 725 014c 9A1C 4F92 		.ascii	"\232\034O\222\371\340\354\277}\032\177G\325,\215_\231qm\031U"
 725      F9E0 ECBF 
 725      7D1A 7F47 
 725      D52C 8D5F 
 725      9971 6D19 
 726 0161 352F 0F6E 		.ascii	"5/\017n\357_8,\2043\313u\234\227\205\201\037\340\3059x\031f\260"
 726      EF5F 382C 
 726      8433 CB75 
 726      9C97 8581 
 726      1FE0 C539 
 727 0179 858E 7DF7 		.ascii	"\205\216}\367T\376\324\267\207Np\033\351\364[b\277\3206BXU\210"
 727      54FE D4B7 
 727      874E 701B 
 727      E9F4 5B62 
 727      BFD0 3642 
 728 0190 6CD4 06D6 		.ascii	"l\324\006\326\2245\240q\247\003?J\300g\341\244\022Uc\301\005"
 728      9435 A071 
 728      A703 3F4A 
 728      C067 E1A4 
 728      1255 63C1 
 729 01a5 1AC8 2C11 		.ascii	"\032\310,\021a\362Ow\354\370\274\243 \312k\037\212\302\322\323"
 729      61F2 4F77 
 729      ECF8 BCA3 
 729      20CA 6B1F 
 729      8AC2 D2D3 
 730 01b9 13A5 4B9B 		.ascii	"\023\245K\233]`YN\362\350\341,I\351t\210\002\333\313\265\204"
 730      5D60 594E 
 730      F2E8 E12C 
 730      49E9 7488 
 730      02DB CBB5 
 731 01ce DAEF 29B0 		.ascii	"\332\357)\260\333\020\303\177\356w\250n\320\276QVa\3670\365Y"
 731      DB10 C37F 
 731      EE77 A86E 
 731      D0BE 5156 
 731      61F7 30F5 
 732 01e3 1FE4 36C3 		.ascii	"\037\3446\303\345\274\023\007>9\246\372\343TM\310\027W\367\324"
 732      E5BC 1307 
 732      3E39 A6FA 
 732      E354 4DC8 
 732      1757 F7D4 
 733 01f7 5AE6 4D69 		.ascii	"Z\346Mi\337?U\036\251\313\343\213D*!h\366.\\\"J\027\211\022\303"
 733      DF3F 551E 
 733      A9CB E38B 
 733      442A 2168 
 733      F62E 5C22 
 734 0210 65E4 4179 		.ascii	"e\344Ay\223\r2\231\354=%\224u\236\253f\271\303f'\2650g!\271u"
 734      930D 3299 
 734      EC3D 2594 
 734      759E AB66 
 734      B9C3 6627 
 735 022a E7A3 ABA8 		.ascii	"\347\243\253\250\244J\347\370IQ\225\377\373H4\332&\333'\375\226"
 735      A44A E7F8 
 735      4951 95FF 
 735      FB48 34DA 
 735      26DB 27FD 
 736 023f 8FCF 156B 		.ascii	"\217\317\025k\033\017 '\372\t\203[\342\032yp:\357P\372\232G#"
 736      1B0F 2027 
 736      FA09 835B 
 736      E21A 7970 
 736      3AEF 50FA 
 737 0256 FDAF 901E 		.ascii	"\375\257\220\036$\337c\\E\022\254\345\364\021\256\220\221\"("
 737      24DF 635C 
 737      4512 ACE5 
 737      F411 AE90 
 737      9122 28
 738 0269 E08F 73AB 		.ascii	"\340\217s\253;%/\320\372\231\360\337\006\311\217\256l\303\356"
 738      3B25 2FD0 
 738      FA99 F0DF 
 738      06C9 8FAE 
 738      6CC3 EE
 739 027c 8E4C 7157 		.ascii	"\216LqW[oT\351\274)\267\225]\252Q]\032\032\233]\253I!\231p\323"
 739      5B6F 54E9 
 739      BC29 B795 
 739      5DAA 515D 
 739      1A1A 9B5D 
 740 0296 C910 B727 		.ascii	"\311\020\267'\273PLC\266J \313=X@\n\270\252:u\215\216+\223x\300"
 740      BB50 4C43 
 740      B64A 20CB 
 740      3D58 400A 
 740      B8AA 3A75 
 741 02b0 B068 951D 		.ascii	"\260h\225\035~\312\256k\267\321\002\273\341\t\362\274^\211\366"
 741      7ECA AE6B 
 741      B7D1 02BB 
 741      E109 F2BC 
 741      5E89 F6
 742 02c3 7A35 5A2B 		.ascii	"z5Z+J>\333\201|a\323\266\243JV\217\306\264\236\034!\323\331\021"
 742      4A3E DB81 
 742      7C61 D3B6 
 742      A34A 568F 
 742      C6B4 9E1C 
 743 02db A929 F5BA 		.ascii	"\251)\365\272o`\233\364z\374e\272^\342&\267\034I#\313k\325\243"
 743      6F60 9BF4 
 743      7AFC 65BA 
 743      5EE2 26B7 
 743      1C49 23CB 
 744 02f2 91C9 5024 		.ascii	"\221\311P$\300j~RyVE\322\246\214\264g6d\351\221\032\263\264\357"
 744      C06A 7E52 
 744      7956 45D2 
 744      A68C B467 
 744      3664 E991 
 745 030a 2897 FB2A 		.ascii	"(\227\373*\201\240Z\036\277\020i[\021\303\023\244\302\331\365"
 745      81A0 5A1E 
 745      BF10 695B 
 745      11C3 13A4 
 745      C2D9 F5
 746 031d C95A 9A66 		.ascii	"\311Z\232f\231\377\235\354\257j\262Kj\262\232\315\363\343\374"
 746      99FF 9DEC 
 746      AF6A B24B 
 746      6AB2 9ACD 
 746      F3E3 FC
 747 0330 C043 6EF3 		.ascii	"\300Cn\363\314\fx&\205,\213\n\2427\025\321\276\203\345\033\216"
 747      CC0C 7826 
 747      852C 8B0A 
 747      A237 15D1 
 747      BE83 E51B 
 748 0345 D671 D1AB 		.ascii	"\326q\321\253n\261\214\326\365\034\212/9\261\207H\346V7\251\307"
 748      6EB1 8CD6 
 748      F51C 8A2F 
 748      39B1 8748 
 748      E656 37A9 
 749 035a 2157 0F75 		.ascii	"!W\017u]=\034\252\354\215\233\357\005B\221\250\321\034\212\230"
 749      5D3D 1CAA 
 749      EC8D 9BEF 
 749      0542 91A8 
 749      D11C 8A98 
 750 036e 66A4 B339 		.ascii	"f\244\2639\270+\332\034\017\233F\264)\304\234\201\300\333\221"
 750      B82B DA1C 
 750      0F9B 46B4 
 750      29C4 9C81 
 750      C0DB 91
 751 0381 D722 9B6D 		.ascii	"\327\"\233m\273\251\345\371WBmF\333N\346\t\004\302o\032\2618"
 751      BBA9 E5F9 
 751      5742 6D46 
 751      DB4E E609 
 751      04C2 6F1A 
 752 0397 C5B9 421D 		.ascii	"\305\271B\035F\260\263\353\375\232X\324h\017\304\202\273\f\036"
 752      46B0 B3EB 
 752      FD9A 58D4 
 752      680F C482 
 752      BB0C 1E
 753 03aa 08C4 5A8C 		.ascii	"\b\304Z\214V\177{\3204\374flwl\273\337\fw\266\177\360\322\213"
 753      567F 7BD0 
 753      34FC 666C 
 753      776C BBDF 
 753      0C77 B67F 
 754 03c1 7E4A EE0F 		.ascii	"~J\356\017w\206:\272\332\f\177W<\334\341\017\306#f8\324\364."
 754      7786 3ABA 
 754      DA0C 7F57 
 754      3CDC E10F 
 754      C623 6638 
 755 03d8 D343 1D61 		.ascii	"\323C\035a\3462\r3\022\335M\035\373\017\n\302\324\032"
 755      E632 0D33 
 755      12DD 4D1D 
 755      FB0F 0AC2 
 755      D41A 
 756               		.text
 757               		.section	.gnu.lto_timer_read.436b4e67,"",@progbits
 758 0000 789C 8553 		.ascii	"x\234\205S_L\233U\024\277\347\273\337\327\177\ft/"
 758      5F4C 9B55 
 758      14BF E7BB 
 758      DFD7 7F0C 
 758      742F 
 759 0012 3E18 A280 		.string	">\030\242\200\tY\266\004p3&\362\264\007}\364EM|\260I\303\312\027l\244\324\264efO\334v\355
 759      0959 B604 
 759      7033 26F2 
 759      B407 7DF4 
 759      454D 7CB0 
 760 0113 3DD9 C9D8 		.ascii	"=\331\311\330\276b\276C\342\256~5q\032L\334\207IGD\244Ce\t\256"
 760      BE62 BE43 
 760      E2AE 7E35 
 760      711A 4CDC 
 760      8749 4744 
 761 012c C24F 06EC 		.ascii	"\302O\006\354\216R\2501@c\234\302\217\305\357\256\251\274V\246"
 761      8E52 A831 
 761      4063 9CC2 
 761      8FC5 EFAE 
 761      A9BC 56A6 
 762 0140 5E5C 6DCD 		.ascii	"^\\m\315\225\250\n\342\216\241rt\023\035\315\f\027\3617\244\367"
 762      95A8 0AE2 
 762      8EA1 7274 
 762      131D CD0C 
 762      17F1 37A4 
 763 0155 506E F51F 		.ascii	"Pn\365\037\r\275\3603p8\017\252\f\030\211\367\\\266\3627e\300"
 763      0DBD F033 
 763      7038 0FAA 
 763      0C18 89F7 
 763      5CB6 F237 
 764 016b B57B 574F 		.ascii	"\265{WO\227\230\225\313d3*\214\347U\205_(\211\225\377[\320\315"
 764      9798 95CB 
 764      6433 2A8C 
 764      E755 855F 
 764      2889 95FF 
 765 0182 05A8 8451 		.ascii	"\005\250\204Q\354\210za\345O\244\357\326\330\3436\205\277+Q\327"
 765      EC88 7A61 
 765      E54F A4EF 
 765      D6D8 E336 
 765      85BF 2B51 
 766 0197 4E4D 8D5B 		.ascii	"NM\215[\267\034\227\250\013G\266wM\037\026\302\222\340\032\\"
 766      B71C 97A8 
 766      0B47 B677 
 766      4D1F 16C2 
 766      92E0 1A5C 
 767 01ab 2268 D818 		.ascii	"\"h\330\030\003\\\206-x]\276\"\333\212|"
 767      035C 862D 
 767      785D BE22 
 767      DB8A 7C
 768 01ba 7FE8 076E 		.string	"\177\350\007nr\031}[\264\013e#\205\025\244\220\024\033l\"\270!8\3509\213\006\277\022\245\
 768      7219 7D5B 
 768      B40B 6523 
 768      8515 A490 
 768      141B 6C22 
 769 02bb 33C8 FF06 		.ascii	"3\310\377\006\340\002\242\353\2511L\035\360\247J\021\334\262"
 769      E002 A2EB 
 769      A931 4C1D 
 769      F0A7 4A11 
 769      DCB2 
 770 02cd B22E 5AD7 		.ascii	"\262.Z\327\370{\206hj\276h\016)Zw\377\245\234=\002\341\220\r"
 770      F87B 8668 
 770      6ABE 680E 
 770      295A 77FF 
 770      A59C 3D02 
 771 02e4 6FBA B9B9 		.ascii	"o\272\271\271\b\323\231\030\220r\002\022\274\bf!\002\360\247"
 771      08D3 9918 
 771      9072 0212 
 771      BC08 6621 
 771      02F0 A7
 772 02f7 142E 5320 		.ascii	"\024.S \234,k\220\177\316\254kz\f\342\033\265T`0\227\317|\256"
 772      9C2C 6B90 
 772      7FCE AC6B 
 772      7A0C E21B 
 772      B554 6030 
 773 030f 80B9 9ACF 		.ascii	"\200\271\232\317\334@\240\007\235L\2457m\033\220\353x\267_\211"
 773      DC40 A007 
 773      9D4C A537 
 773      6D1B 90EB 
 773      78B7 5F89 
 774 0323 F620 458D 		.ascii	"\366 E\215}N\273(\337\375_\260\215\242\356}\031+\241\0060\254"
 774      7D4E BB28 
 774      DFFD 5FB0 
 774      8DA2 EE7D 
 774      192B A106 
 775 0339 67A8 434B 		.ascii	"g\250CK\360M\3629\021\030\314#s9W\332X\243 \3564e\232\263\354"
 775      F04D F239 
 775      1118 CC23 
 775      7339 57DA 
 775      58A3 20EE 
 776 0352 36F6 1845 		.ascii	"6\366\030E\232?0\300\351\\\2608P\2706\013\330\275\271)\275\347"
 776      9A3F 30C0 
 776      E95C B038 
 776      50B8 360B 
 776      D8BD B929 
 777 0368 DA35 992A 		.ascii	"\3325\231*'n\274\005\226\370\337\211/\312\211_\223\023W\314>"
 777      276E BC05 
 777      96F8 DF89 
 777      2FCA 895F 
 777      9313 57CC 
 778 037d 3F4E 256F 		.ascii	"?N%os\263\317x\3221,\250\254\232\327\350\222l\264\2553;\253\325"
 778      73B3 CF78 
 778      D231 2CA8 
 778      AC9A D7E8 
 778      926C B4AD 
 779 0395 9E12 ADD2 		.ascii	"\236\022\255\322\013\327\241v\035C\366\273d\364\324{\335|@+\020"
 779      0BD7 A176 
 779      1D43 F6BB 
 779      64F4 D47B 
 779      DD7C 402B 
 780 03aa 7EB2 FF11 		.ascii	"~\262\377\021\247s\234k\244\361m\222\3260\t6\212\363\221/\017"
 780      A773 9C6B 
 780      A4F1 6D92 
 780      D630 0936 
 780      8AF3 912F 
 781 03bf 7995 06BD 		.ascii	"y\225\006\275\037\270\334>\277^\355\366y\275\276\246\352\272"
 781      1FB8 DC3E 
 781      BF5E EDF6 
 781      79BD BEA6 
 781      EABA 
 782 03d1 DDFE EAA0 		.ascii	"\335\376\352\240\307\253\373\253\334\f\202\233\315cU\315\313"
 782      C7AB FBAB 
 782      DC0C 829B 
 782      CD63 55CD 
 782      CB
 783 03e2 AFB9 EBF5 		.ascii	"\257\271\353\365\372]\314\342r\275\343{\335\347p\271<o\351\201"
 783      FA5D CCE2 
 783      72BD E37B 
 783      DDE7 70B9 
 783      3C6F E981 
 784 03f6 2066 5ADD 		.ascii	" fZ\335\215z]S\363\207\366\200_op\005\352v\353\334\345\n\324"
 784      8D7A 5D53 
 784      F387 F680 
 784      5F6F 7005 
 784      EA76 EBDC 
 785 040d E8B5 CE86 		.ascii	"\350\265\316\206:\257\356\364\006\366\004\266;\275\236\246\206"
 785      3AAF EEF4 
 785      06F6 04B6 
 785      3BBD 9EA6 
 785      86
 786 041e 8F5E 7DC5 		.ascii	"\217^}\305\211\360NO\223\273\261\271^w6\007=\215\316\272\240"
 786      89F0 4E4F 
 786      93BB B1B9 
 786      5E77 3607 
 786      3D8D CEBA 
 787 0433 CFEB 7157 		.ascii	"\317\353qW\275\317Tw\243\207Y\275\272\327\347\337\203\212\376"
 787      BDCF 5477 
 787      A387 59BD 
 787      BAD7 E7DF 
 787      838A FE
 788 0446 07C7 180B 		.ascii	"\007\307\030\013\007"
 788      07
 789               		.text
 790               		.section	.gnu.lto_timer_read32.436b4e67,"",@progbits
 791 0000 789C 8554 		.string	"x\234\205T_L\233U\024\277\347\273_\377\201\240{\361\305F\001\023\262l\t\340fL\344i\017\37
 791      5F4C 9B55 
 791      14BF E7BB 
 791      5FFF 81A0 
 791      7BF1 C546 
 792 00cf D9E7 D267 		.ascii	"\331\347\322g\016;\252\207d\362t\277\363\201\020\275B\305l8\017"
 792      0E3B AA87 
 792      64F2 74BF 
 792      F381 10BD 
 792      42C5 6C38 
 793 00e4 FC3F 052A 		.ascii	"\374?\005*G\025\312X\375:w\244\314\252\302\030TS\013*\234\006"
 793      4715 CA58 
 793      FD3A 77A4 
 793      CCAA C218 
 793      5453 0B2A 
 794 00fa 2B60 2497 		.ascii	"+`$\227\211\035*\343\273e\335\365/\347\316\202Yw\241\277$*\322"
 794      891D 2AE3 
 794      BB65 DDF5 
 794      2FE7 CE82 
 794      5977 A1BF 
 795 0111 E18A 04E7 		.ascii	"\341\212\004\3470n\224\335\355\204:\243hF\026=\026\277"
 795      306E 94DD 
 795      ED84 3AA3 
 795      6846 163D 
 795      16BF 
 796 0123 BFA1 F27A 		.string	"\277\241\362z\231zq\275=_\256*X\367\007\344\206N\332&\263\343\245\374u\031\355\311\257\37
 796      997A 71BD 
 796      3D5F AE2A 
 796      58F7 07E4 
 796      864E DA26 
 797 0224 760B 263E 		.string	"v\013&>\353"
 797      EB00 
 798 022a 32E3 9CA4 		.ascii	"2\343\234\244\020\376\344\360I"
 798      10FE E4F0 
 798      49
 799 0233 499D 55F2 		.string	"I\235U\362\223\312><Xj\270\313\344\337\036\315\r\225\245\340x8\032\026(\013\033d\020\355\
 799      93CA 3E3C 
 799      586A B8CB 
 799      E4DF 1ECD 
 799      0D95 A5E0 
 800 0334 F05A F2AB 		.ascii	"\360Z\362\253.K\202\227\312wF\305\340\032N.\367Jb5\032\242\234"
 800      2E4B 8297 
 800      CA77 46C5 
 800      E01A 4E2E 
 800      F74A 6235 
 801 034b 29D3 DCE5 		.ascii	")\323\334\345\200!a$\351\332G#\234\354\"\341@\261l\226\021\275"
 801      8021 6124 
 801      E9DA 4723 
 801      9CEC 22E1 
 801      40B1 6C96 
 802 0361 A994 C1B1 		.ascii	"\251\224\301\261N\213L\225\0337\236\001K\374\357\306W\344\306"
 802      4E8B 4C95 
 802      1B37 9E01 
 802      4BFC EFC6 
 802      57E4 C6
 803 0374 AFCB 8D2B 		.ascii	"\257\313\215+&\316\256T\337]n\342\214\367\225\214\013j\313\013"
 803      26CE AE54 
 803      DF5D 6EE2 
 803      8CF7 958C 
 803      0B6A CB0B 
 804 0388 80AE 4AA0 		.ascii	"\200\256J\240\035\335\271%K\375i\321.\243\360'\324o\326\220x"
 804      1DDD B925 
 804      4BFD 69D1 
 804      2EA3 F027 
 804      D46F D690 
 805 039d 570D 4C83 		.ascii	"W\rL\203\337\230\017\350.D\222\001\262\210^F\217\016\214\207"
 805      DF98 0FE8 
 805      2E44 9201 
 805      B288 5E46 
 805      8F0E 8C87 
 806 03b1 8663 3843 		.ascii	"\206c8C\372\373n\257?\240\325z\375\272\356o\256\365\354\017\324"
 806      FAFB 6EAF 
 806      3FA0 D57A 
 806      FDBA EE6F 
 806      AEF5 EC0F 
 807 03c6 867C BA16 		.ascii	"\206|\272\026\250\3612\bm3\315\232\272\227^\3656h\r{\231\325"
 807      A8F1 3208 
 807      6D33 CD9A 
 807      BA97 5EF5 
 807      3668 0D7B 
 808 03dc ED7E DBFF 		.ascii	"\355~\333\377\232\277\304\355\366\275\251\005C\230i\3636i\236"
 808      9ABF C4ED 
 808      F6BD A905 
 808      4398 69F3 
 808      3669 9E
 809 03ef E696 7D8E 		.ascii	"\346\226}\216`@kt\007=\3735\356v\007\353\264zW\243G\327\\z\360"
 809      6040 6B74 
 809      073D FB35 
 809      EE76 07EB 
 809      B47A 57A3 
 810 0408 4070 974B 		.ascii	"@p\227K\36757~\360\312\313.,\357\3625{\233Z\0324WK\310\327\344"
 810      F735 377E 
 810      F0CA CB2E 
 810      2CEF F235 
 810      7B9B 5A1A 
 811 0422 F284 FCBA 		.ascii	"\362\204\374\272\317[\363\036S\275M>f\3235\335\0378\200\004\376"
 811      CF5B F31E 
 811      53BD 4D3E 
 811      66D3 35DD 
 811      1F38 8004 
 812 0437 0B35 9205 		.ascii	"\0135\222\005\235"
 812      9D
 813               		.text
 814               		.section	.gnu.lto_timer_elapsed.436b4e67,"",@progbits
 815 0000 789C 8554 		.string	"x\234\205T]L\233U\030>\357w\276\257-\277\272\033\257P\t\022B\266\004p\232E\271q\027^y9\36
 815      5D4C 9B55 
 815      183E EF77 
 815      BEAF 2DBF 
 815      BA1B AF50 
 816 007f DAA9 C206 		.string	"\332\251\302\006\254V\201Z\245\266\231\267s\210O\037=\376R\023\217\220'\232\023\323\177?\
 816      AC56 815A 
 816      A5B6 99B7 
 816      7388 4F1F 
 816      3DFE 5213 
 817 0135 6FD6 279A 		.ascii	"o\326'\232\033\263\370;2\357"
 817      1BB3 F83B 
 817      32EF 
 818 013f CA37 E367 		.string	"\3127\343g\301\314\373\264;=(b\201\334\bWa\314H\373V\016\224\030I\217\312\244\275\341\007
 818      C1CC FBB4 
 818      3B3D 2862 
 818      81DC 0857 
 818      61CC 48FB 
 819 0240 A2FF 7148 		.string	"\242\377qH\223|\320\376y\366\3466\217"
 819      937C D0FE 
 819      79F6 E636 
 819      8F00 
 820 024e B125 1839 		.string	"\261%\0309\322\002\264\rs\032~\240\355\340\t\251\177\233\344+:\373\244>\3030o\223}\357\33
 820      D202 B40D 
 820      731A 7EA0 
 820      EDE0 09A9 
 820      7F9B E42B 
 821 02e6 6A11 AF5E 		.string	"j\021\257^\030\227\251\003\365\005S\224nQ\331$\255#\376\211A\232\226LZ\206$\255{\360\372F
 821      1897 A903 
 821      F505 5394 
 821      6E51 D924 
 821      AD23 FE89 
 822 032e BE55 4BC5 		.ascii	"\276UK\305\017E\"\031y\"\005\271\226\214\334\310@o\2733\032\313"
 822      0F45 2219 
 822      7922 05B9 
 822      968C DCC8 
 822      406F BB33 
 823 0344 DC31 2495 		.ascii	"\3341$\225\371`Pi\350C\210\032\353\"Y\312O\300m\330A^\017\277"
 823      F960 5069 
 823      E843 881A 
 823      EB22 59CA 
 823      4FC0 6DD8 
 824 035c 6ECE A606 		.ascii	"n\316\246\006\320\255o-\244Ex\226|Y\224\f\346\020\271\234+\211"
 824      D0AD 6F2D 
 824      A445 7896 
 824      7C59 940C 
 824      E610 B99C 
 825 0372 D728 88F2 		.ascii	"\327(\210\362\246Hs\226\335\206\244\221\244\304\201!N\373\024"
 825      A648 7396 
 825      DD86 A491 
 825      A4C4 8121 
 825      4EFB 14
 826 0385 E140 AA6C 		.ascii	"\341@\252l\356`\367\246R\372/\265j2TN\334x\026\254\347\177'>"
 826      EE60 F7A6 
 826      52FA 2FB5 
 826      6A32 544E 
 826      DC78 16AC 
 827 039d 2F27 7E57 		.ascii	"/'~WN\\1\373\fE;\227\271\331g\2703}XPY5\251\321\005\331hK\373"
 827      4E5C 31FB 
 827      0C45 3B97 
 827      B9D9 67B8 
 827      337D 5850 
 828 03ba FA8C 567A 		.ascii	"\372\214VzZ4\311[\370\013J7s\310~\027\214\236\372\217\265\031"
 828      5A34 C95B 
 828      F80B 4A37 
 828      73C8 7E17 
 828      8C9E FA8F 
 829 03d0 0F68 09EA 		.ascii	"\017h\t\352\376\335\037\347\264\017s\2058^\202\372\357\032\301"
 829      FEDD 1FE7 
 829      B40F 7385 
 829      385E 82FA 
 829      EF1A C1
 830 03e3 38B0 CA33 		.ascii	"8\260\3123\013[&\272\215\023*\325\2003\223\257\021\261\346\370"
 830      0B5B 26BA 
 830      8D13 2AD5 
 830      8033 93AF 
 830      11B1 E6F8 
 831 03f7 3D9F 395C 		.ascii	"=\2379\\\336j\275\330\345\365x\274U\305\316\275\325\305~\267"
 831      DE6A BDD8 
 831      E5F5 78BC 
 831      55C5 CEBD 
 831      D5C5 7EB7 
 832 040b 47AF 2E72 		.ascii	"G\257.r1\265\322\351\363o3\255\242\2227\337u\225\353\345e\f\374"
 832      31B5 D2E9 
 832      F36F 33AD 
 832      A292 37DF 
 832      7595 EBE5 
 833 0422 1687 E323 		.ascii	"\026\207\343#\357\373\336t\207\303\275G\367\3711\334\352\252"
 833      EFFB DE74 
 833      87C3 BD47 
 833      F7F9 31DC 
 833      EAAA 
 834 0434 D49D 5535 		.ascii	"\324\235U5\237\247\371\252\365\n\207\317\271W\347\016\207\257"
 834      9FA7 F9AA 
 834      F50A 87CF 
 834      B957 E70E 
 834      87AF 
 835 0446 442F B557 		.ascii	"D/\265W8=\272\335\343\333\347\333i\367\270\253*\276\330\365\266"
 835      383D BADD 
 835      E3DB E7DB 
 835      69F7 B8AB 
 835      2ABE D8F5 
 836 045b 1D6B D8DD 		.ascii	"\035k\330\335U\256\312\232r\335^\343wW\332\235~\257\307\355*"
 836      55AE CA9A 
 836      72DD 5EE3 
 836      7757 DA9D 
 836      7EAF C7ED 
 837 0470 FA94 A9AE 		.ascii	"\372\224\251\256J7\263zt\217\267z\037R\375\037\207\026&\224"
 837      4A37 B37A 
 837      748F B77A 
 837      1F52 FD1F 
 837      8716 2694 
 838               		.text
 839               		.section	.gnu.lto_timer_elapsed32.436b4e67,"",@progbits
 840 0000 789C 8554 		.string	"x\234\205T]L\233U\030>\357w\276\257-\277s7^\221I\220\020\262%\200\323,\312\215\273\360\31
 840      5D4C 9B55 
 840      183E EF77 
 840      BEAF 2DBF 
 840      7337 5E91 
 841 004f 15C2 DC32 		.string	"\025\302\3342d\306\271\244\370\276\347\373`\2557\222\360\345\274\347\375{\336\347}N\255\2
 841      64C6 B9A4 
 841      F8BE E7FB 
 841      60AD 3792 
 841      F0E5 BCE7 
 842 007f E8A4 0A1B 		.string	"\350\244\n\033\260Z\005j\225\332f\336\316\341Ao\303#\336\304;1REs\356\364\326L\016\231"
 842      B05A 056A 
 842      95DA 66DE 
 842      CEE1 416F 
 842      C323 DEC4 
 843 009f F968 6E26 		.ascii	"\371hn&\036\2052\366\016\tQ'\242\341\005\353p\353\224@\237\302"
 843      1E85 32F6 
 843      0E09 5127 
 843      A2E1 05EB 
 843      70EB 9440 
 844 00b5 3EC0 F0AF 		.ascii	">\300\360\257!\017.A\036\243?\270\f{1<\330=\263"
 844      210F 2E41 
 844      1EA3 3FB8 
 844      0C7B 313C 
 844      D83D B3
 845 00c8 ACF0 6780 		.string	"\254\360g\200\341y0\374\371\231\354\342A\231z\243Fdc\032\\\001\236\226\211w\205_\002\203\
 845      E179 30FC 
 845      F999 ECE2 
 845      4199 7AA3 
 845      4664 631A 
 846 01c9 D791 C549 		.ascii	"\327\221\305Id\021~\200b\274.\\\345\224\025\372\342\304W\334"
 846      6411 7E80 
 846      62BC 2E5C 
 846      E594 15FA 
 846      E2C4 57DC 
 847 01dd 443A FABA 		.ascii	"D:\372\2728&\224\235\024\226\226BD\355`\r\241\276P&\233V\r\246"
 847      3826 949D 
 847      1496 9642 
 847      44ED 600D 
 847      A1BE 5026 
 848 01f5 08F0 0458 		.ascii	"\b\360\004X\260EJ\200\312\340G\\\3104\016\302\350\213>\240m\235"
 848      B045 4A80 
 848      CAE0 475C 
 848      C834 0EC2 
 848      E88B 3EA0 
 849 020b 9BD6 A222 		.ascii	"\233\326\242\"\271\365\236\210&\367\254"
 849      B9F5 9E88 
 849      26F7 AC
 850 0216 6E26 7767 		.string	"n&wg\002*C\343\322\2079\370\325\2004b!\3010\326\300Y\035vRADY#W\202\362\\\037e+ \372\227\
 850      022A 43E3 
 850      D287 39F8 
 850      D580 3462 
 850      21C1 30D6 
 851 0317 E625 71BF 		.string	"\346%q\277\244\021'\333\032\340\2376\373\232\036\003\370N/d\027\026R\221/\244!WS\221\033\
 851      A411 27DB 
 851      1AE0 9F36 
 851      FB9A 1E03 
 851      F84E 2F64 
 852 0359 0CEB 5B6F 		.string	"\f\353[o\323:y\226|rT\f\026\021\271\334+\351\326h\210\312\246Ls\227=\206\232\221\244\205\
 852      D33A 7996 
 852      7C72 540C 
 852      1611 B9DC 
 852      2BE9 D668 
 853 0420 D3AD 2E8F 		.ascii	"\323\255.\217\356\254\252y'\303_\255W:\374\316#:w8\374ez\271"
 853      EEAC AA79 
 853      27C3 5FAD 
 853      573A FCCE 
 853      233A 7738 
 854 0438 BDD2 E9D5 		.ascii	"\275\322\351\325\355^\377Q\377~\273\327]U\371\356\201\027\354"
 854      ED5E FF51 
 854      FF7E BBD7 
 854      5D55 F9EE 
 854      8117 EC
 855 044b D8C3 EEAE 		.ascii	"\330\303\356\256ryj*t{M\300\355\261;\003>\257\333U\362\026S]"
 855      7279 6A2A 
 855      747B 4DC0 
 855      EDB1 3B03 
 855      3EAF DB55 
 856 0463 1E37 B37A 		.ascii	"\0367\263zu\257\257\372(2\373/\223\317!\320"
 856      75AF AFFA 
 856      2832 FB2F 
 856      93CF 21D0 
 857               		.text
 858               		.section	.gnu.lto___vector_21.436b4e67,"",@progbits
 859 0000 789C 8D8F 		.string	"x\234\215\217=K\003A\020\206\347\335I.\247\020l-\242\235M\n\363\027\374\025\266\242!\205\
 859      3D4B 0341 
 859      1086 E7DD 
 859      492E A710 
 859      6C2D A29D 
 860 0060 93A5 B40D 		.string	"\223\245\264\r\252(T\320\3445\306\347\367\366K6\337\221\216\216Z[\203\276\016\206C&Z\227H
 860      AA28 54D0 
 860      E435 C6E7 
 860      F7F6 4B36 
 860      DF91 8E8E 
 861 00dd FBBE 46C8 		.ascii	"\373\276F\310\214s\324\2013\344d\245\013)\013\262\266\323@\202"
 861      8C73 D481 
 861      33E4 64A5 
 861      0B29 0BB2 
 861      B6D3 4082 
 862 00f1 5409 F5FD 		.ascii	"T\t\365\375\352k\306@\031@$\223b}\\\216G\376\351\270\374st\245"
 862      EA6B C640 
 862      1940 2493 
 862      627D 5C8E 
 862      47FE E9B8 
 863 0109 2C60 7A43 		.ascii	",`zCu\327\212o0/\220\325\343\363\024Q\256\354\314M\025]\257T"
 863      75D7 8A6F 
 863      302F 90D5 
 863      E3F3 1451 
 863      AEEC CC4D 
 864 0121 28BA 8EE3 		.ascii	"(\272\216\343\316\027\246\027\274By\326)y\343E\372\001g<u\210"
 864      CE17 A617 
 864      BC42 79D6 
 864      2979 E345 
 864      FA01 673C 
 865               		.text
 866               		.section	.gnu.lto_.symbol_nodes.436b4e67,"",@progbits
 867 0000 789C 6367 		.string	"x\234cg`f\330\311"
 867      6066 D8C9 
 867      00
 868 0009 044C 6CF5 		.string	"\004Ll\365\fM\r\r\r,\214\023\31610\32430\354jpd`\004I\260\3273b\225`eehU\002)\340\250g\30
 868      0C4D 0D0D 
 868      0D2C 8C13 
 868      CE31 30D4 
 868      3330 EC6A 
 869 004d FF53 2AF1 		.ascii	"\377S*\361"
 870               		.text
 871               		.section	.gnu.lto_.refs.436b4e67,"",@progbits
 872 0000 789C 15C4 		.string	"x\234\025\304\301\021"
 872      C111 00
 873 0007 2008 03C1 		.string	" \b\003\301K@y1\366`\377E*\373\330\"\270\200$\267\002\037\345\264\246\375sa\313\311\003\0
 873      4B40 7931 
 873      F660 FF45 
 873      2AFB D822 
 873      B880 24B7 
 874 0029 AD        		.ascii	"\255"
 875               		.text
 876               		.section	.gnu.lto_.decls.436b4e67,"",@progbits
 877 0000 789C A556 		.ascii	"x\234\245VkL\024W\024\2363\263\354\262\313\253\335\230\306\324"
 877      6B4C 1457 
 877      149E 33B3 
 877      ECB2 CBAB 
 877      DD98 C6D4 
 878 0014 6D        		.ascii	"m"
 879 0015 63A2 29FF 		.string	"c\242)\377\004\2411\322\037\375Q\177\364\207I\1774i\033\023\222\r.\023\331t\027\314\262\3
 879      04A1 31D2 
 879      1FFD 517F 
 879      F487 497F 
 879      3469 1B13 
 880 0116 DB74 E076 		.string	"\333t\340v\013\350\310Iq\336\016d\0162_\321\337qB%\360\364\275\371\372\342umx\245\304.\37
 880      0BE8 C849 
 880      71DE 0E64 
 880      0E32 5FD1 
 880      DF71 4225 
 881 013b 8102 8506 		.string	"\201\002\205\006\220\371\306\334\341I\235\020Ec;\006\217\224\206 \214^\007<\241\031\234z\
 881      90F9 C6DC 
 881      E149 9D10 
 881      4563 3B06 
 881      8F94 8620 
 882 0172 0718 3868 		.string	"\007\0308h\002\312\335\b\341\034\324\243\263\2168[@\207Y\217.N\327h\020$\224hu\273C\024jC
 882      02CA DD08 
 882      E11C D4A3 
 882      B38E 385B 
 882      4087 598F 
 883 0211 9F49 46AC 		.ascii	"\237IF\254\230V\256\022<\273&mr\374\271F\330J\353|\177\250\355"
 883      9856 AE12 
 883      3CBB 266D 
 883      72FC B946 
 883      D84A EB7C 
 884 0228 44F0 EA3C 		.ascii	"D\360\352<\262%\034\222\264\026 \356=\2104@8nn\270\f\253\361"
 884      B225 1C92 
 884      B416 20EE 
 884      3D88 3440 
 884      386E 6EB8 
 885 023f 9EAC 6259 		.ascii	"\236\254bY\007\253\332{t\353\216K\305\343\222\343y\341\372\211"
 885      07AB DA7B 
 885      74EB 8E4B 
 885      C5E3 92E3 
 885      79E1 FA89 
 886 0253 6C49 4AC3 		.ascii	"lIJ\303,\025\t\203N\254:)9\241\351\244\333\n:\300\t\241\016\201"
 886      2C15 0983 
 886      4EAC 3A29 
 886      39A1 E9A4 
 886      DB0A 3AC0 
 887 026b 832E 5887 		.ascii	"\203.X\207\351Y\373\177}\020$$R\322\351\226\213\005j\031j\254"
 887      E959 FB7F 
 887      7D10 2424 
 887      52D2 E996 
 887      8B05 6A19 
 888 0281 E0FD 5E49 		.ascii	"\340\375^I\312G\244\365\024\251[\201\324\255@:\214HW(R\211\363"
 888      CA47 A4F5 
 888      14A9 5B81 
 888      D4AD 403A 
 888      8C48 5728 
 889 0298 4086 56D8 		.ascii	"@\206V\330\3156\365\221\324\205\020\245|\334k^\375W}\364_x\262"
 889      CD36 F591 
 889      D485 10A5 
 889      7CDC 6B5E 
 889      FD57 7DF4 
 890 02af A710 3CA4 		.ascii	"\247\020<\244\205\372>\017)FA\217\202\264GA:\316s\320KI\263\017"
 890      85FA 3E0F 
 890      2946 418F 
 890      82B4 4741 
 890      3ACE 73D0 
 891 02c7 FCBE 9F17 		.ascii	"\374\276\237\027\262\201m\324\362\363NA\311\332\256`\355\367"
 891      B281 6DD4 
 891      F2F3 4E41 
 891      C9DA AE60 
 891      EDF7 
 892 02d9 61AD 1CCB 		.ascii	"a\255\034\313\226\374d\326\3715\351\222#E\222\212y\022\004}\n"
 892      96FC 64D6 
 892      F935 E992 
 892      2345 928A 
 892      7912 047D 
 893 02ee D23E 0569 		.ascii	"\322>\005i9\222\016P\322s\231M.\265p\230\221v\277|\372\220W\341"
 893      3992 0E50 
 893      D273 994D 
 893      2EB5 7098 
 893      9176 BF7C 
 894 0306 46A1 6B44 		.ascii	"F\241kD|\364\025\327\026\215\250\227[\376u*\344/\220\225\224"
 894      7CF4 15D7 
 894      168D A897 
 894      5BFE 752A 
 894      E42F 9095 
 895 031b B6F5 8CF1 		.ascii	"\266\365\214\361\262\222\033\037x\225`\024\\S(\271\246P2\211"
 895      B292 1B1F 
 895      7895 6014 
 895      5C53 28B9 
 895      A650 3289 
 896 032f BB68 902A 		.ascii	"\273h\220*\311\273W_\255\025~aJ\006\033\356\2242%\355^%\027\036"
 896      C9BB 575F 
 896      AD15 7E61 
 896      4A06 1BEE 
 896      9432 25ED 
 897 0347 1FFD 2960 		.ascii	"\037\375)`\271\222\fS%7<J*G\034'=\237\177\376C\257\022\214\202"
 897      B992 0C53 
 897      2537 3C4A 
 897      2A47 1C27 
 897      3D9F 7FFE 
 898 0360 2185 9221 		.ascii	"!\205\222!\205\022<\277`\204*ih\356\233\320\b\1770%y\225uU\001"
 898      8512 3CBF 
 898      6084 2A69 
 898      68EE 9BD0 
 898      087F 3025 
 899 0379 4233 1BE4 		.ascii	"B3\033\344\336\356r\371\241,\030\243\211\244\375\265\024t\006"
 899      DEEE 72F9 
 899      A12C 18A3 
 899      89A4 FDB5 
 899      1474 06
 900 038c 08ED 6CDA 		.ascii	"\b\355l\3329\343\372\206\314\216\343,BR\325\373\252O7\360B7\013"
 900      39E3 FA86 
 900      CC8E E32C 
 900      4252 D5FB 
 900      AA4F 37F0 
 901 03a3 18C8 CFAB 		.ascii	"\030\310\317\253\005\022q\213D\334d\021\243\223\005\003Za\234"
 901      0512 718B 
 901      44DC 6411 
 901      A393 0503 
 901      5A61 9C
 902 03b6 45D4 ECCB 		.ascii	"E\324\354\313\271\254%\021\023$\3426\213(;X:\027,\257f\272\214"
 902      B9AC 2511 
 902      1324 E236 
 902      8B28 3B58 
 902      3A17 2CAF 
 903 03cd 4F97 9A53 		.ascii	"O\227\232S\260\004<\335\314\243\236\345\300\035\f&C\357\212\360"
 903      B004 3CDD 
 903      CCA3 9EE5 
 903      C01D 0C26 
 903      43EF 8AF0 
 904 03e1 9702 4CD2 		.ascii	"\227\002L\322\025=>\2375\036 \334g\024{\006k\226\264\244\263"
 904      153D 3E9F 
 904      351E 20DC 
 904      6714 7B06 
 904      6B96 B4A4 
 905 03f6 A5AD A8B3 		.ascii	"\245\255\250\263\221n\274\370s\243\366\243\022\251\244\025\367"
 905      916E BCF8 
 905      73A3 F6A3 
 905      12A9 A415 
 905      F7
 906 0407 758D 5F26 		.ascii	"u\215_&\226S\005w\261\372S\214\334\013\300\021\017\027\232\213"
 906      9653 0577 
 906      B1FA 538C 
 906      DC0B C011 
 906      0F17 9A8B 
 907 041b C4F7 E023 		.ascii	"\304\367\340#\314\314\250;>JN\017\003vdP\264c\203\334\216\213"
 907      CCCC A83B 
 907      3E4A 4E0F 
 907      0376 6450 
 907      B463 83DC 
 908 0431 CADA 8284 		.ascii	"\312\332\202\204gL\327\320\324\315\034\177\326q\035\305\222\032"
 908      674C D7D0 
 908      D4CD 1C7F 
 908      D671 1DC5 
 908      921A 
 909 0443 75B1 8F0B 		.ascii	"u\261\217\013\017\201&PU\017\220\351>\221\352\242\375\366Gw}"
 909      0F81 2650 
 909      550F 90E9 
 909      3E91 EAA2 
 909      FDF6 4777 
 910 0458 B686 ADE5 		.ascii	"\266\206\255\345\3159\344\003V,\016k\003\263\275\347\nL\343*"
 910      CD39 E403 
 910      562C 0E6B 
 910      03B3 BDE7 
 910      0A4C E32A 
 911 046c 3C47 0B07 		.ascii	"<G\013\007\217 \220\356\013|b\360\322\334\251N\301#(\353\315"
 911      8F20 90EE 
 911      0B7C 62F0 
 911      D2DC A94E 
 911      C123 28EB 
 912 0481 E04F BACF 		.ascii	"\340O\272\317\325\206(\301g|\300ge\360Y\n^\274wb\t\330\351\243"
 912      D586 28C1 
 912      677C C067 
 912      65F0 590A 
 912      5EBC 7762 
 913 0499 2607 474D 		.ascii	"&\007GMf#=\360$9W\257L}\002:\274\207\031\3401c\3128\347h\327"
 913      6623 3DF0 
 913      2439 57AF 
 913      4C7D 023A 
 913      BC87 19E0 
 914 04b4 B064 0DD9 		.ascii	"\260d\r\3314\207R\367\006\263\243k3\016\257\275h\230\017\024"
 914      3487 52F7 
 914      06B3 A36B 
 914      330E AFBD 
 914      6898 0F14 
 915 04c8 9668 5585 		.ascii	"\226hU\205&Goz\020\350\f\200`\360/\305}\206kyN\341\3470\342\005"
 915      2647 6F7A 
 915      10E8 0C80 
 915      60F0 2FC5 
 915      7D86 6B79 
 916 04e2 E217 4A18 		.ascii	"\342\027J\0306\263\233z\013%\177\372D\324\372\337j\306u\372\034"
 916      36B3 9B7A 
 916      0B25 7FFA 
 916      44D4 FADF 
 916      6AC6 75FA 
 917 04f7 A290 DCB0 		.ascii	"\242\220\334\260\361\343\004\374\215IO\251\306y\320{\224\322"
 917      F1E3 04FC 
 917      8D49 4FA9 
 917      C679 D07B 
 917      94D2 
 918 0509 01A6 B4DE 		.ascii	"\001\246\264\336Z\350\tR\026\344\256OA\026\344\202,\320\202T"
 918      5AE8 0952 
 918      16E4 AE4F 
 918      4116 E482 
 918      2CD0 8254 
 919 051d DF3C 3BAD 		.ascii	"\337<;\255R\006\273|\202\027\345\340E\032\\tx\372\251JHc?;2\363"
 919      5206 BB7C 
 919      8217 E5E0 
 919      451A 5C74 
 919      78FA A94A 
 920 0537 9D57 74B4 		.ascii	"\235Wt\264Y`i\345f1\351l\355W/s\350\270i\257X\362\364\212\305"
 920      5960 69E5 
 920      6631 E96C 
 920      ED57 2F73 
 920      E8B8 69AF 
 921 0550 1F3A BB48 		.ascii	"\037:\273H\257p\220S\247#\"\177\346\220$eH\322\036P\221Hx\351"
 921      AF70 9053 
 921      A723 227F 
 921      E690 2465 
 921      48D2 1E50 
 922 0568 ED17 20F1 		.ascii	"\355\027 \361\353\310\320\373\0176,P\037b\234\251\353\306\223"
 922      EBC8 D0FB 
 922      0F36 2C50 
 922      1F62 9CA9 
 922      EBC6 93
 923 057b A489 E971 		.ascii	"\244\211\351qW\\8\346\247\344v)\032U*\257\354\335\247\313\312"
 923      575C 38E6 
 923      A7E4 7629 
 923      1A55 2AAF 
 923      ECDD A7CB 
 924 0590 3B55      		.ascii	";U"
 925 0592 32F7 A5B3 		.string	"2\367\245\263\032\326\250\216\363$\nRx/q\032\022\343\320K\274 P\037\267\306n\375\326hJ\26
 925      1AD6 A88E 
 925      F324 0A52 
 925      782F 711A 
 925      12E3 D04B 
 926 0693 F58D 76F4 		.ascii	"\365\215v\364"
 927               		.text
 928               		.section	.gnu.lto_.symtab.436b4e67,"",@progbits
 929 0000 7469 6D65 		.string	"timer_init"
 929      725F 696E 
 929      6974 00
 930 000b 00        		.string	""
 931 000c 00        		.string	""
 932 000d 00        		.string	""
 933 000e 00        		.string	""
 934 000f 00        		.string	""
 935 0010 00        		.string	""
 936 0011 00        		.string	""
 937 0012 00        		.string	""
 938 0013 00        		.string	""
 939 0014 00        		.string	""
 940 0015 00        		.string	""
 941 0016 CC00      		.string	"\314"
 942 0018 00        		.string	""
 943 0019 00        		.string	""
 944 001a 7469 6D65 		.string	"timer_clear"
 944      725F 636C 
 944      6561 7200 
 945 0026 00        		.string	""
 946 0027 00        		.string	""
 947 0028 00        		.string	""
 948 0029 00        		.string	""
 949 002a 00        		.string	""
 950 002b 00        		.string	""
 951 002c 00        		.string	""
 952 002d 00        		.string	""
 953 002e 00        		.string	""
 954 002f 00        		.string	""
 955 0030 00        		.string	""
 956 0031 CE00      		.string	"\316"
 957 0033 00        		.string	""
 958 0034 00        		.string	""
 959 0035 7469 6D65 		.string	"timer_count"
 959      725F 636F 
 959      756E 7400 
 960 0041 00        		.string	""
 961 0042 04        		.ascii	"\004"
 962 0043 00        		.string	""
 963 0044 0400      		.string	"\004"
 964 0046 00        		.string	""
 965 0047 00        		.string	""
 966 0048 00        		.string	""
 967 0049 00        		.string	""
 968 004a 00        		.string	""
 969 004b 00        		.string	""
 970 004c E900      		.string	"\351"
 971 004e 00        		.string	""
 972 004f 00        		.string	""
 973 0050 7469 6D65 		.string	"timer_read"
 973      725F 7265 
 973      6164 00
 974 005b 00        		.string	""
 975 005c 00        		.string	""
 976 005d 00        		.string	""
 977 005e 00        		.string	""
 978 005f 00        		.string	""
 979 0060 00        		.string	""
 980 0061 00        		.string	""
 981 0062 00        		.string	""
 982 0063 00        		.string	""
 983 0064 00        		.string	""
 984 0065 00        		.string	""
 985 0066 D100      		.string	"\321"
 986 0068 00        		.string	""
 987 0069 00        		.string	""
 988 006a 7469 6D65 		.string	"timer_read32"
 988      725F 7265 
 988      6164 3332 
 988      00
 989 0077 00        		.string	""
 990 0078 00        		.string	""
 991 0079 00        		.string	""
 992 007a 00        		.string	""
 993 007b 00        		.string	""
 994 007c 00        		.string	""
 995 007d 00        		.string	""
 996 007e 00        		.string	""
 997 007f 00        		.string	""
 998 0080 00        		.string	""
 999 0081 00        		.string	""
 1000 0082 D400      		.string	"\324"
 1001 0084 00        		.string	""
 1002 0085 00        		.string	""
 1003 0086 7469 6D65 		.string	"timer_elapsed"
 1003      725F 656C 
 1003      6170 7365 
 1003      6400 
 1004 0094 00        		.string	""
 1005 0095 00        		.string	""
 1006 0096 00        		.string	""
 1007 0097 00        		.string	""
 1008 0098 00        		.string	""
 1009 0099 00        		.string	""
 1010 009a 00        		.string	""
 1011 009b 00        		.string	""
 1012 009c 00        		.string	""
 1013 009d 00        		.string	""
 1014 009e 00        		.string	""
 1015 009f D800      		.string	"\330"
 1016 00a1 00        		.string	""
 1017 00a2 00        		.string	""
 1018 00a3 7469 6D65 		.string	"timer_elapsed32"
 1018      725F 656C 
 1018      6170 7365 
 1018      6433 3200 
 1019 00b3 00        		.string	""
 1020 00b4 00        		.string	""
 1021 00b5 00        		.string	""
 1022 00b6 00        		.string	""
 1023 00b7 00        		.string	""
 1024 00b8 00        		.string	""
 1025 00b9 00        		.string	""
 1026 00ba 00        		.string	""
 1027 00bb 00        		.string	""
 1028 00bc 00        		.string	""
 1029 00bd 00        		.string	""
 1030 00be DC00      		.string	"\334"
 1031 00c0 00        		.string	""
 1032 00c1 00        		.string	""
 1033 00c2 5F5F 7665 		.string	"__vector_21"
 1033      6374 6F72 
 1033      5F32 3100 
 1034 00ce 00        		.string	""
 1035 00cf 00        		.string	""
 1036 00d0 00        		.string	""
 1037 00d1 00        		.string	""
 1038 00d2 00        		.string	""
 1039 00d3 00        		.string	""
 1040 00d4 00        		.string	""
 1041 00d5 00        		.string	""
 1042 00d6 00        		.string	""
 1043 00d7 00        		.string	""
 1044 00d8 00        		.string	""
 1045 00d9 E600      		.string	"\346"
 1046 00db 00        		.string	""
 1047 00dc 00        		.string	""
 1048               		.text
 1049               		.section	.gnu.lto_.opts,"",@progbits
 1050 0000 272D 666E 		.ascii	"'-fn"
 1051 0004 6F2D 6F70 		.string	"o-openmp' '-fno-openacc' '-fno-pie' '-mn-flash=1' '-mno-skip-bug' '-mmcu=avr5' '-Os' '-We
 1051      656E 6D70 
 1051      2720 272D 
 1051      666E 6F2D 
 1051      6F70 656E 
 1052               		.text
 1053               		.comm	__gnu_lto_v1,1,1
 1054               		.comm	__gnu_lto_slim,1,1
 1055               		.ident	"GCC: (GNU) 8.4.0"
DEFINED SYMBOLS
                            *ABS*:0000000000000000 timer.c
C:\Users\Roningo\AppData\Local\Temp\ccFmmsGM.s:2      *ABS*:000000000000003e __SP_H__
C:\Users\Roningo\AppData\Local\Temp\ccFmmsGM.s:3      *ABS*:000000000000003d __SP_L__
C:\Users\Roningo\AppData\Local\Temp\ccFmmsGM.s:4      *ABS*:000000000000003f __SREG__
C:\Users\Roningo\AppData\Local\Temp\ccFmmsGM.s:5      *ABS*:0000000000000000 __tmp_reg__
C:\Users\Roningo\AppData\Local\Temp\ccFmmsGM.s:6      *ABS*:0000000000000001 __zero_reg__
C:\Users\Roningo\AppData\Local\Temp\ccFmmsGM.s:15     .gnu.debuglto_.debug_info:0000000000000000 timer.c.019cdedb
                            *COM*:0000000000000001 __gnu_lto_v1
                            *COM*:0000000000000001 __gnu_lto_slim

NO UNDEFINED SYMBOLS
