   1               		.file	"keycode_config.c"
   2               	__SP_H__ = 0x3e
   3               	__SP_L__ = 0x3d
   4               	__SREG__ = 0x3f
   5               	__tmp_reg__ = 0
   6               	__zero_reg__ = 1
   7               		.file 1 "e:\\game\\msys2\\mingw64\\avr\\include\\stdint.h"
   8               		.file 2 "tmk_core/common/keycode.h"
   9               		.file 3 "tmk_core/common/action_code.h"
  10               		.file 4 "quantum/keycode_config.h"
  11               		.file 5 "quantum/keycode_config.c"
  12               		.section	.gnu.debuglto_.debug_info,"",@progbits
  13               	.Ldebug_info0:
  14               		.hidden	keycode_config.c.c7e2c03d
  15               		.weak	keycode_config.c.c7e2c03d
  16               	keycode_config.c.c7e2c03d:
  17 0000 1406 0000 		.long	0x614
  18 0004 0200      		.word	0x2
  19 0006 0000 0000 		.long	.Ldebug_abbrev0
  20 000a 04        		.byte	0x4
  21 000b 01        		.uleb128 0x1
  22 000c 0000 0000 		.long	.LASF206
  23 0010 0C        		.byte	0xc
  24 0011 0000 0000 		.long	.LASF207
  25 0015 0000 0000 		.long	.LASF208
  26 0019 0000 0000 		.long	.Ldebug_line0
  27 001d 02        		.uleb128 0x2
  28 001e 01        		.byte	0x1
  29 001f 06        		.byte	0x6
  30 0020 0000 0000 		.long	.LASF0
  31 0024 03        		.uleb128 0x3
  32 0025 0000 0000 		.long	.LASF2
  33 0029 01        		.byte	0x1
  34 002a 7E        		.byte	0x7e
  35 002b 16        		.byte	0x16
  36 002c 3000 0000 		.long	0x30
  37 0030 02        		.uleb128 0x2
  38 0031 01        		.byte	0x1
  39 0032 08        		.byte	0x8
  40 0033 0000 0000 		.long	.LASF1
  41 0037 04        		.uleb128 0x4
  42 0038 02        		.byte	0x2
  43 0039 05        		.byte	0x5
  44 003a 696E 7400 		.string	"int"
  45 003e 03        		.uleb128 0x3
  46 003f 0000 0000 		.long	.LASF3
  47 0043 01        		.byte	0x1
  48 0044 80        		.byte	0x80
  49 0045 16        		.byte	0x16
  50 0046 4A00 0000 		.long	0x4a
  51 004a 02        		.uleb128 0x2
  52 004b 02        		.byte	0x2
  53 004c 07        		.byte	0x7
  54 004d 0000 0000 		.long	.LASF4
  55 0051 02        		.uleb128 0x2
  56 0052 04        		.byte	0x4
  57 0053 05        		.byte	0x5
  58 0054 0000 0000 		.long	.LASF5
  59 0058 02        		.uleb128 0x2
  60 0059 04        		.byte	0x4
  61 005a 07        		.byte	0x7
  62 005b 0000 0000 		.long	.LASF6
  63 005f 02        		.uleb128 0x2
  64 0060 08        		.byte	0x8
  65 0061 05        		.byte	0x5
  66 0062 0000 0000 		.long	.LASF7
  67 0066 02        		.uleb128 0x2
  68 0067 08        		.byte	0x8
  69 0068 07        		.byte	0x7
  70 0069 0000 0000 		.long	.LASF8
  71 006d 05        		.uleb128 0x5
  72 006e 0000 0000 		.long	.LASF182
  73 0072 07        		.byte	0x7
  74 0073 01        		.byte	0x1
  75 0074 3000 0000 		.long	0x30
  76 0078 02        		.byte	0x2
  77 0079 DC        		.byte	0xdc
  78 007a 06        		.byte	0x6
  79 007b 8E04 0000 		.long	0x48e
  80 007f 06        		.uleb128 0x6
  81 0080 0000 0000 		.long	.LASF9
  82 0084 00        		.byte	0
  83 0085 06        		.uleb128 0x6
  84 0086 0000 0000 		.long	.LASF10
  85 008a 01        		.byte	0x1
  86 008b 06        		.uleb128 0x6
  87 008c 0000 0000 		.long	.LASF11
  88 0090 02        		.byte	0x2
  89 0091 06        		.uleb128 0x6
  90 0092 0000 0000 		.long	.LASF12
  91 0096 03        		.byte	0x3
  92 0097 06        		.uleb128 0x6
  93 0098 0000 0000 		.long	.LASF13
  94 009c 04        		.byte	0x4
  95 009d 06        		.uleb128 0x6
  96 009e 0000 0000 		.long	.LASF14
  97 00a2 05        		.byte	0x5
  98 00a3 06        		.uleb128 0x6
  99 00a4 0000 0000 		.long	.LASF15
 100 00a8 06        		.byte	0x6
 101 00a9 06        		.uleb128 0x6
 102 00aa 0000 0000 		.long	.LASF16
 103 00ae 07        		.byte	0x7
 104 00af 06        		.uleb128 0x6
 105 00b0 0000 0000 		.long	.LASF17
 106 00b4 08        		.byte	0x8
 107 00b5 06        		.uleb128 0x6
 108 00b6 0000 0000 		.long	.LASF18
 109 00ba 09        		.byte	0x9
 110 00bb 06        		.uleb128 0x6
 111 00bc 0000 0000 		.long	.LASF19
 112 00c0 0A        		.byte	0xa
 113 00c1 06        		.uleb128 0x6
 114 00c2 0000 0000 		.long	.LASF20
 115 00c6 0B        		.byte	0xb
 116 00c7 06        		.uleb128 0x6
 117 00c8 0000 0000 		.long	.LASF21
 118 00cc 0C        		.byte	0xc
 119 00cd 06        		.uleb128 0x6
 120 00ce 0000 0000 		.long	.LASF22
 121 00d2 0D        		.byte	0xd
 122 00d3 06        		.uleb128 0x6
 123 00d4 0000 0000 		.long	.LASF23
 124 00d8 0E        		.byte	0xe
 125 00d9 06        		.uleb128 0x6
 126 00da 0000 0000 		.long	.LASF24
 127 00de 0F        		.byte	0xf
 128 00df 06        		.uleb128 0x6
 129 00e0 0000 0000 		.long	.LASF25
 130 00e4 10        		.byte	0x10
 131 00e5 06        		.uleb128 0x6
 132 00e6 0000 0000 		.long	.LASF26
 133 00ea 11        		.byte	0x11
 134 00eb 06        		.uleb128 0x6
 135 00ec 0000 0000 		.long	.LASF27
 136 00f0 12        		.byte	0x12
 137 00f1 06        		.uleb128 0x6
 138 00f2 0000 0000 		.long	.LASF28
 139 00f6 13        		.byte	0x13
 140 00f7 06        		.uleb128 0x6
 141 00f8 0000 0000 		.long	.LASF29
 142 00fc 14        		.byte	0x14
 143 00fd 06        		.uleb128 0x6
 144 00fe 0000 0000 		.long	.LASF30
 145 0102 15        		.byte	0x15
 146 0103 06        		.uleb128 0x6
 147 0104 0000 0000 		.long	.LASF31
 148 0108 16        		.byte	0x16
 149 0109 06        		.uleb128 0x6
 150 010a 0000 0000 		.long	.LASF32
 151 010e 17        		.byte	0x17
 152 010f 06        		.uleb128 0x6
 153 0110 0000 0000 		.long	.LASF33
 154 0114 18        		.byte	0x18
 155 0115 06        		.uleb128 0x6
 156 0116 0000 0000 		.long	.LASF34
 157 011a 19        		.byte	0x19
 158 011b 06        		.uleb128 0x6
 159 011c 0000 0000 		.long	.LASF35
 160 0120 1A        		.byte	0x1a
 161 0121 06        		.uleb128 0x6
 162 0122 0000 0000 		.long	.LASF36
 163 0126 1B        		.byte	0x1b
 164 0127 06        		.uleb128 0x6
 165 0128 0000 0000 		.long	.LASF37
 166 012c 1C        		.byte	0x1c
 167 012d 06        		.uleb128 0x6
 168 012e 0000 0000 		.long	.LASF38
 169 0132 1D        		.byte	0x1d
 170 0133 06        		.uleb128 0x6
 171 0134 0000 0000 		.long	.LASF39
 172 0138 1E        		.byte	0x1e
 173 0139 06        		.uleb128 0x6
 174 013a 0000 0000 		.long	.LASF40
 175 013e 1F        		.byte	0x1f
 176 013f 06        		.uleb128 0x6
 177 0140 0000 0000 		.long	.LASF41
 178 0144 20        		.byte	0x20
 179 0145 06        		.uleb128 0x6
 180 0146 0000 0000 		.long	.LASF42
 181 014a 21        		.byte	0x21
 182 014b 06        		.uleb128 0x6
 183 014c 0000 0000 		.long	.LASF43
 184 0150 22        		.byte	0x22
 185 0151 06        		.uleb128 0x6
 186 0152 0000 0000 		.long	.LASF44
 187 0156 23        		.byte	0x23
 188 0157 06        		.uleb128 0x6
 189 0158 0000 0000 		.long	.LASF45
 190 015c 24        		.byte	0x24
 191 015d 06        		.uleb128 0x6
 192 015e 0000 0000 		.long	.LASF46
 193 0162 25        		.byte	0x25
 194 0163 06        		.uleb128 0x6
 195 0164 0000 0000 		.long	.LASF47
 196 0168 26        		.byte	0x26
 197 0169 06        		.uleb128 0x6
 198 016a 0000 0000 		.long	.LASF48
 199 016e 27        		.byte	0x27
 200 016f 06        		.uleb128 0x6
 201 0170 0000 0000 		.long	.LASF49
 202 0174 28        		.byte	0x28
 203 0175 06        		.uleb128 0x6
 204 0176 0000 0000 		.long	.LASF50
 205 017a 29        		.byte	0x29
 206 017b 06        		.uleb128 0x6
 207 017c 0000 0000 		.long	.LASF51
 208 0180 2A        		.byte	0x2a
 209 0181 06        		.uleb128 0x6
 210 0182 0000 0000 		.long	.LASF52
 211 0186 2B        		.byte	0x2b
 212 0187 06        		.uleb128 0x6
 213 0188 0000 0000 		.long	.LASF53
 214 018c 2C        		.byte	0x2c
 215 018d 06        		.uleb128 0x6
 216 018e 0000 0000 		.long	.LASF54
 217 0192 2D        		.byte	0x2d
 218 0193 06        		.uleb128 0x6
 219 0194 0000 0000 		.long	.LASF55
 220 0198 2E        		.byte	0x2e
 221 0199 06        		.uleb128 0x6
 222 019a 0000 0000 		.long	.LASF56
 223 019e 2F        		.byte	0x2f
 224 019f 06        		.uleb128 0x6
 225 01a0 0000 0000 		.long	.LASF57
 226 01a4 30        		.byte	0x30
 227 01a5 06        		.uleb128 0x6
 228 01a6 0000 0000 		.long	.LASF58
 229 01aa 31        		.byte	0x31
 230 01ab 06        		.uleb128 0x6
 231 01ac 0000 0000 		.long	.LASF59
 232 01b0 32        		.byte	0x32
 233 01b1 06        		.uleb128 0x6
 234 01b2 0000 0000 		.long	.LASF60
 235 01b6 33        		.byte	0x33
 236 01b7 06        		.uleb128 0x6
 237 01b8 0000 0000 		.long	.LASF61
 238 01bc 34        		.byte	0x34
 239 01bd 06        		.uleb128 0x6
 240 01be 0000 0000 		.long	.LASF62
 241 01c2 35        		.byte	0x35
 242 01c3 06        		.uleb128 0x6
 243 01c4 0000 0000 		.long	.LASF63
 244 01c8 36        		.byte	0x36
 245 01c9 06        		.uleb128 0x6
 246 01ca 0000 0000 		.long	.LASF64
 247 01ce 37        		.byte	0x37
 248 01cf 06        		.uleb128 0x6
 249 01d0 0000 0000 		.long	.LASF65
 250 01d4 38        		.byte	0x38
 251 01d5 06        		.uleb128 0x6
 252 01d6 0000 0000 		.long	.LASF66
 253 01da 39        		.byte	0x39
 254 01db 06        		.uleb128 0x6
 255 01dc 0000 0000 		.long	.LASF67
 256 01e0 3A        		.byte	0x3a
 257 01e1 06        		.uleb128 0x6
 258 01e2 0000 0000 		.long	.LASF68
 259 01e6 3B        		.byte	0x3b
 260 01e7 06        		.uleb128 0x6
 261 01e8 0000 0000 		.long	.LASF69
 262 01ec 3C        		.byte	0x3c
 263 01ed 06        		.uleb128 0x6
 264 01ee 0000 0000 		.long	.LASF70
 265 01f2 3D        		.byte	0x3d
 266 01f3 06        		.uleb128 0x6
 267 01f4 0000 0000 		.long	.LASF71
 268 01f8 3E        		.byte	0x3e
 269 01f9 06        		.uleb128 0x6
 270 01fa 0000 0000 		.long	.LASF72
 271 01fe 3F        		.byte	0x3f
 272 01ff 06        		.uleb128 0x6
 273 0200 0000 0000 		.long	.LASF73
 274 0204 40        		.byte	0x40
 275 0205 06        		.uleb128 0x6
 276 0206 0000 0000 		.long	.LASF74
 277 020a 41        		.byte	0x41
 278 020b 06        		.uleb128 0x6
 279 020c 0000 0000 		.long	.LASF75
 280 0210 42        		.byte	0x42
 281 0211 06        		.uleb128 0x6
 282 0212 0000 0000 		.long	.LASF76
 283 0216 43        		.byte	0x43
 284 0217 06        		.uleb128 0x6
 285 0218 0000 0000 		.long	.LASF77
 286 021c 44        		.byte	0x44
 287 021d 06        		.uleb128 0x6
 288 021e 0000 0000 		.long	.LASF78
 289 0222 45        		.byte	0x45
 290 0223 06        		.uleb128 0x6
 291 0224 0000 0000 		.long	.LASF79
 292 0228 46        		.byte	0x46
 293 0229 06        		.uleb128 0x6
 294 022a 0000 0000 		.long	.LASF80
 295 022e 47        		.byte	0x47
 296 022f 06        		.uleb128 0x6
 297 0230 0000 0000 		.long	.LASF81
 298 0234 48        		.byte	0x48
 299 0235 06        		.uleb128 0x6
 300 0236 0000 0000 		.long	.LASF82
 301 023a 49        		.byte	0x49
 302 023b 06        		.uleb128 0x6
 303 023c 0000 0000 		.long	.LASF83
 304 0240 4A        		.byte	0x4a
 305 0241 06        		.uleb128 0x6
 306 0242 0000 0000 		.long	.LASF84
 307 0246 4B        		.byte	0x4b
 308 0247 06        		.uleb128 0x6
 309 0248 0000 0000 		.long	.LASF85
 310 024c 4C        		.byte	0x4c
 311 024d 06        		.uleb128 0x6
 312 024e 0000 0000 		.long	.LASF86
 313 0252 4D        		.byte	0x4d
 314 0253 06        		.uleb128 0x6
 315 0254 0000 0000 		.long	.LASF87
 316 0258 4E        		.byte	0x4e
 317 0259 06        		.uleb128 0x6
 318 025a 0000 0000 		.long	.LASF88
 319 025e 4F        		.byte	0x4f
 320 025f 06        		.uleb128 0x6
 321 0260 0000 0000 		.long	.LASF89
 322 0264 50        		.byte	0x50
 323 0265 06        		.uleb128 0x6
 324 0266 0000 0000 		.long	.LASF90
 325 026a 51        		.byte	0x51
 326 026b 06        		.uleb128 0x6
 327 026c 0000 0000 		.long	.LASF91
 328 0270 52        		.byte	0x52
 329 0271 06        		.uleb128 0x6
 330 0272 0000 0000 		.long	.LASF92
 331 0276 53        		.byte	0x53
 332 0277 06        		.uleb128 0x6
 333 0278 0000 0000 		.long	.LASF93
 334 027c 54        		.byte	0x54
 335 027d 06        		.uleb128 0x6
 336 027e 0000 0000 		.long	.LASF94
 337 0282 55        		.byte	0x55
 338 0283 06        		.uleb128 0x6
 339 0284 0000 0000 		.long	.LASF95
 340 0288 56        		.byte	0x56
 341 0289 06        		.uleb128 0x6
 342 028a 0000 0000 		.long	.LASF96
 343 028e 57        		.byte	0x57
 344 028f 06        		.uleb128 0x6
 345 0290 0000 0000 		.long	.LASF97
 346 0294 58        		.byte	0x58
 347 0295 06        		.uleb128 0x6
 348 0296 0000 0000 		.long	.LASF98
 349 029a 59        		.byte	0x59
 350 029b 06        		.uleb128 0x6
 351 029c 0000 0000 		.long	.LASF99
 352 02a0 5A        		.byte	0x5a
 353 02a1 06        		.uleb128 0x6
 354 02a2 0000 0000 		.long	.LASF100
 355 02a6 5B        		.byte	0x5b
 356 02a7 06        		.uleb128 0x6
 357 02a8 0000 0000 		.long	.LASF101
 358 02ac 5C        		.byte	0x5c
 359 02ad 06        		.uleb128 0x6
 360 02ae 0000 0000 		.long	.LASF102
 361 02b2 5D        		.byte	0x5d
 362 02b3 06        		.uleb128 0x6
 363 02b4 0000 0000 		.long	.LASF103
 364 02b8 5E        		.byte	0x5e
 365 02b9 06        		.uleb128 0x6
 366 02ba 0000 0000 		.long	.LASF104
 367 02be 5F        		.byte	0x5f
 368 02bf 06        		.uleb128 0x6
 369 02c0 0000 0000 		.long	.LASF105
 370 02c4 60        		.byte	0x60
 371 02c5 06        		.uleb128 0x6
 372 02c6 0000 0000 		.long	.LASF106
 373 02ca 61        		.byte	0x61
 374 02cb 06        		.uleb128 0x6
 375 02cc 0000 0000 		.long	.LASF107
 376 02d0 62        		.byte	0x62
 377 02d1 06        		.uleb128 0x6
 378 02d2 0000 0000 		.long	.LASF108
 379 02d6 63        		.byte	0x63
 380 02d7 06        		.uleb128 0x6
 381 02d8 0000 0000 		.long	.LASF109
 382 02dc 64        		.byte	0x64
 383 02dd 06        		.uleb128 0x6
 384 02de 0000 0000 		.long	.LASF110
 385 02e2 65        		.byte	0x65
 386 02e3 06        		.uleb128 0x6
 387 02e4 0000 0000 		.long	.LASF111
 388 02e8 66        		.byte	0x66
 389 02e9 06        		.uleb128 0x6
 390 02ea 0000 0000 		.long	.LASF112
 391 02ee 67        		.byte	0x67
 392 02ef 06        		.uleb128 0x6
 393 02f0 0000 0000 		.long	.LASF113
 394 02f4 68        		.byte	0x68
 395 02f5 06        		.uleb128 0x6
 396 02f6 0000 0000 		.long	.LASF114
 397 02fa 69        		.byte	0x69
 398 02fb 06        		.uleb128 0x6
 399 02fc 0000 0000 		.long	.LASF115
 400 0300 6A        		.byte	0x6a
 401 0301 06        		.uleb128 0x6
 402 0302 0000 0000 		.long	.LASF116
 403 0306 6B        		.byte	0x6b
 404 0307 06        		.uleb128 0x6
 405 0308 0000 0000 		.long	.LASF117
 406 030c 6C        		.byte	0x6c
 407 030d 06        		.uleb128 0x6
 408 030e 0000 0000 		.long	.LASF118
 409 0312 6D        		.byte	0x6d
 410 0313 06        		.uleb128 0x6
 411 0314 0000 0000 		.long	.LASF119
 412 0318 6E        		.byte	0x6e
 413 0319 06        		.uleb128 0x6
 414 031a 0000 0000 		.long	.LASF120
 415 031e 6F        		.byte	0x6f
 416 031f 06        		.uleb128 0x6
 417 0320 0000 0000 		.long	.LASF121
 418 0324 70        		.byte	0x70
 419 0325 06        		.uleb128 0x6
 420 0326 0000 0000 		.long	.LASF122
 421 032a 71        		.byte	0x71
 422 032b 06        		.uleb128 0x6
 423 032c 0000 0000 		.long	.LASF123
 424 0330 72        		.byte	0x72
 425 0331 06        		.uleb128 0x6
 426 0332 0000 0000 		.long	.LASF124
 427 0336 73        		.byte	0x73
 428 0337 06        		.uleb128 0x6
 429 0338 0000 0000 		.long	.LASF125
 430 033c 74        		.byte	0x74
 431 033d 06        		.uleb128 0x6
 432 033e 0000 0000 		.long	.LASF126
 433 0342 75        		.byte	0x75
 434 0343 06        		.uleb128 0x6
 435 0344 0000 0000 		.long	.LASF127
 436 0348 76        		.byte	0x76
 437 0349 06        		.uleb128 0x6
 438 034a 0000 0000 		.long	.LASF128
 439 034e 77        		.byte	0x77
 440 034f 06        		.uleb128 0x6
 441 0350 0000 0000 		.long	.LASF129
 442 0354 78        		.byte	0x78
 443 0355 06        		.uleb128 0x6
 444 0356 0000 0000 		.long	.LASF130
 445 035a 79        		.byte	0x79
 446 035b 06        		.uleb128 0x6
 447 035c 0000 0000 		.long	.LASF131
 448 0360 7A        		.byte	0x7a
 449 0361 06        		.uleb128 0x6
 450 0362 0000 0000 		.long	.LASF132
 451 0366 7B        		.byte	0x7b
 452 0367 06        		.uleb128 0x6
 453 0368 0000 0000 		.long	.LASF133
 454 036c 7C        		.byte	0x7c
 455 036d 06        		.uleb128 0x6
 456 036e 0000 0000 		.long	.LASF134
 457 0372 7D        		.byte	0x7d
 458 0373 06        		.uleb128 0x6
 459 0374 0000 0000 		.long	.LASF135
 460 0378 7E        		.byte	0x7e
 461 0379 06        		.uleb128 0x6
 462 037a 0000 0000 		.long	.LASF136
 463 037e 7F        		.byte	0x7f
 464 037f 06        		.uleb128 0x6
 465 0380 0000 0000 		.long	.LASF137
 466 0384 80        		.byte	0x80
 467 0385 06        		.uleb128 0x6
 468 0386 0000 0000 		.long	.LASF138
 469 038a 81        		.byte	0x81
 470 038b 06        		.uleb128 0x6
 471 038c 0000 0000 		.long	.LASF139
 472 0390 82        		.byte	0x82
 473 0391 06        		.uleb128 0x6
 474 0392 0000 0000 		.long	.LASF140
 475 0396 83        		.byte	0x83
 476 0397 06        		.uleb128 0x6
 477 0398 0000 0000 		.long	.LASF141
 478 039c 84        		.byte	0x84
 479 039d 06        		.uleb128 0x6
 480 039e 0000 0000 		.long	.LASF142
 481 03a2 85        		.byte	0x85
 482 03a3 06        		.uleb128 0x6
 483 03a4 0000 0000 		.long	.LASF143
 484 03a8 86        		.byte	0x86
 485 03a9 06        		.uleb128 0x6
 486 03aa 0000 0000 		.long	.LASF144
 487 03ae 87        		.byte	0x87
 488 03af 06        		.uleb128 0x6
 489 03b0 0000 0000 		.long	.LASF145
 490 03b4 88        		.byte	0x88
 491 03b5 06        		.uleb128 0x6
 492 03b6 0000 0000 		.long	.LASF146
 493 03ba 89        		.byte	0x89
 494 03bb 06        		.uleb128 0x6
 495 03bc 0000 0000 		.long	.LASF147
 496 03c0 8A        		.byte	0x8a
 497 03c1 06        		.uleb128 0x6
 498 03c2 0000 0000 		.long	.LASF148
 499 03c6 8B        		.byte	0x8b
 500 03c7 06        		.uleb128 0x6
 501 03c8 0000 0000 		.long	.LASF149
 502 03cc 8C        		.byte	0x8c
 503 03cd 06        		.uleb128 0x6
 504 03ce 0000 0000 		.long	.LASF150
 505 03d2 8D        		.byte	0x8d
 506 03d3 06        		.uleb128 0x6
 507 03d4 0000 0000 		.long	.LASF151
 508 03d8 8E        		.byte	0x8e
 509 03d9 06        		.uleb128 0x6
 510 03da 0000 0000 		.long	.LASF152
 511 03de 8F        		.byte	0x8f
 512 03df 06        		.uleb128 0x6
 513 03e0 0000 0000 		.long	.LASF153
 514 03e4 90        		.byte	0x90
 515 03e5 06        		.uleb128 0x6
 516 03e6 0000 0000 		.long	.LASF154
 517 03ea 91        		.byte	0x91
 518 03eb 06        		.uleb128 0x6
 519 03ec 0000 0000 		.long	.LASF155
 520 03f0 92        		.byte	0x92
 521 03f1 06        		.uleb128 0x6
 522 03f2 0000 0000 		.long	.LASF156
 523 03f6 93        		.byte	0x93
 524 03f7 06        		.uleb128 0x6
 525 03f8 0000 0000 		.long	.LASF157
 526 03fc 94        		.byte	0x94
 527 03fd 06        		.uleb128 0x6
 528 03fe 0000 0000 		.long	.LASF158
 529 0402 95        		.byte	0x95
 530 0403 06        		.uleb128 0x6
 531 0404 0000 0000 		.long	.LASF159
 532 0408 96        		.byte	0x96
 533 0409 06        		.uleb128 0x6
 534 040a 0000 0000 		.long	.LASF160
 535 040e 97        		.byte	0x97
 536 040f 06        		.uleb128 0x6
 537 0410 0000 0000 		.long	.LASF161
 538 0414 98        		.byte	0x98
 539 0415 06        		.uleb128 0x6
 540 0416 0000 0000 		.long	.LASF162
 541 041a 99        		.byte	0x99
 542 041b 06        		.uleb128 0x6
 543 041c 0000 0000 		.long	.LASF163
 544 0420 9A        		.byte	0x9a
 545 0421 06        		.uleb128 0x6
 546 0422 0000 0000 		.long	.LASF164
 547 0426 9B        		.byte	0x9b
 548 0427 06        		.uleb128 0x6
 549 0428 0000 0000 		.long	.LASF165
 550 042c 9C        		.byte	0x9c
 551 042d 06        		.uleb128 0x6
 552 042e 0000 0000 		.long	.LASF166
 553 0432 9D        		.byte	0x9d
 554 0433 06        		.uleb128 0x6
 555 0434 0000 0000 		.long	.LASF167
 556 0438 9E        		.byte	0x9e
 557 0439 06        		.uleb128 0x6
 558 043a 0000 0000 		.long	.LASF168
 559 043e 9F        		.byte	0x9f
 560 043f 06        		.uleb128 0x6
 561 0440 0000 0000 		.long	.LASF169
 562 0444 A0        		.byte	0xa0
 563 0445 06        		.uleb128 0x6
 564 0446 0000 0000 		.long	.LASF170
 565 044a A1        		.byte	0xa1
 566 044b 06        		.uleb128 0x6
 567 044c 0000 0000 		.long	.LASF171
 568 0450 A2        		.byte	0xa2
 569 0451 06        		.uleb128 0x6
 570 0452 0000 0000 		.long	.LASF172
 571 0456 A3        		.byte	0xa3
 572 0457 06        		.uleb128 0x6
 573 0458 0000 0000 		.long	.LASF173
 574 045c A4        		.byte	0xa4
 575 045d 06        		.uleb128 0x6
 576 045e 0000 0000 		.long	.LASF174
 577 0462 E0        		.byte	0xe0
 578 0463 06        		.uleb128 0x6
 579 0464 0000 0000 		.long	.LASF175
 580 0468 E1        		.byte	0xe1
 581 0469 06        		.uleb128 0x6
 582 046a 0000 0000 		.long	.LASF176
 583 046e E2        		.byte	0xe2
 584 046f 06        		.uleb128 0x6
 585 0470 0000 0000 		.long	.LASF177
 586 0474 E3        		.byte	0xe3
 587 0475 06        		.uleb128 0x6
 588 0476 0000 0000 		.long	.LASF178
 589 047a E4        		.byte	0xe4
 590 047b 06        		.uleb128 0x6
 591 047c 0000 0000 		.long	.LASF179
 592 0480 E5        		.byte	0xe5
 593 0481 06        		.uleb128 0x6
 594 0482 0000 0000 		.long	.LASF180
 595 0486 E6        		.byte	0xe6
 596 0487 06        		.uleb128 0x6
 597 0488 0000 0000 		.long	.LASF181
 598 048c E7        		.byte	0xe7
 599 048d 00        		.byte	0
 600 048e 05        		.uleb128 0x5
 601 048f 0000 0000 		.long	.LASF183
 602 0493 07        		.byte	0x7
 603 0494 01        		.byte	0x1
 604 0495 3000 0000 		.long	0x30
 605 0499 03        		.byte	0x3
 606 049a C1        		.byte	0xc1
 607 049b 06        		.byte	0x6
 608 049c D104 0000 		.long	0x4d1
 609 04a0 06        		.uleb128 0x6
 610 04a1 0000 0000 		.long	.LASF184
 611 04a5 01        		.byte	0x1
 612 04a6 06        		.uleb128 0x6
 613 04a7 0000 0000 		.long	.LASF185
 614 04ab 02        		.byte	0x2
 615 04ac 06        		.uleb128 0x6
 616 04ad 0000 0000 		.long	.LASF186
 617 04b1 04        		.byte	0x4
 618 04b2 06        		.uleb128 0x6
 619 04b3 0000 0000 		.long	.LASF187
 620 04b7 08        		.byte	0x8
 621 04b8 06        		.uleb128 0x6
 622 04b9 0000 0000 		.long	.LASF188
 623 04bd 11        		.byte	0x11
 624 04be 06        		.uleb128 0x6
 625 04bf 0000 0000 		.long	.LASF189
 626 04c3 12        		.byte	0x12
 627 04c4 06        		.uleb128 0x6
 628 04c5 0000 0000 		.long	.LASF190
 629 04c9 14        		.byte	0x14
 630 04ca 06        		.uleb128 0x6
 631 04cb 0000 0000 		.long	.LASF191
 632 04cf 18        		.byte	0x18
 633 04d0 00        		.byte	0
 634 04d1 07        		.uleb128 0x7
 635 04d2 02        		.byte	0x2
 636 04d3 04        		.byte	0x4
 637 04d4 1D        		.byte	0x1d
 638 04d5 05        		.byte	0x5
 639 04d6 A105 0000 		.long	0x5a1
 640 04da 08        		.uleb128 0x8
 641 04db 0000 0000 		.long	.LASF192
 642 04df 04        		.byte	0x4
 643 04e0 1E        		.byte	0x1e
 644 04e1 0E        		.byte	0xe
 645 04e2 A105 0000 		.long	0x5a1
 646 04e6 01        		.byte	0x1
 647 04e7 01        		.byte	0x1
 648 04e8 07        		.byte	0x7
 649 04e9 02        		.byte	0x2
 650 04ea 23        		.byte	0x23
 651 04eb 00        		.uleb128 0
 652 04ec 08        		.uleb128 0x8
 653 04ed 0000 0000 		.long	.LASF193
 654 04f1 04        		.byte	0x4
 655 04f2 1F        		.byte	0x1f
 656 04f3 0E        		.byte	0xe
 657 04f4 A105 0000 		.long	0x5a1
 658 04f8 01        		.byte	0x1
 659 04f9 01        		.byte	0x1
 660 04fa 06        		.byte	0x6
 661 04fb 02        		.byte	0x2
 662 04fc 23        		.byte	0x23
 663 04fd 00        		.uleb128 0
 664 04fe 08        		.uleb128 0x8
 665 04ff 0000 0000 		.long	.LASF194
 666 0503 04        		.byte	0x4
 667 0504 20        		.byte	0x20
 668 0505 0E        		.byte	0xe
 669 0506 A105 0000 		.long	0x5a1
 670 050a 01        		.byte	0x1
 671 050b 01        		.byte	0x1
 672 050c 05        		.byte	0x5
 673 050d 02        		.byte	0x2
 674 050e 23        		.byte	0x23
 675 050f 00        		.uleb128 0
 676 0510 08        		.uleb128 0x8
 677 0511 0000 0000 		.long	.LASF195
 678 0515 04        		.byte	0x4
 679 0516 21        		.byte	0x21
 680 0517 0E        		.byte	0xe
 681 0518 A105 0000 		.long	0x5a1
 682 051c 01        		.byte	0x1
 683 051d 01        		.byte	0x1
 684 051e 04        		.byte	0x4
 685 051f 02        		.byte	0x2
 686 0520 23        		.byte	0x23
 687 0521 00        		.uleb128 0
 688 0522 08        		.uleb128 0x8
 689 0523 0000 0000 		.long	.LASF196
 690 0527 04        		.byte	0x4
 691 0528 22        		.byte	0x22
 692 0529 0E        		.byte	0xe
 693 052a A105 0000 		.long	0x5a1
 694 052e 01        		.byte	0x1
 695 052f 01        		.byte	0x1
 696 0530 03        		.byte	0x3
 697 0531 02        		.byte	0x2
 698 0532 23        		.byte	0x23
 699 0533 00        		.uleb128 0
 700 0534 08        		.uleb128 0x8
 701 0535 0000 0000 		.long	.LASF197
 702 0539 04        		.byte	0x4
 703 053a 23        		.byte	0x23
 704 053b 0E        		.byte	0xe
 705 053c A105 0000 		.long	0x5a1
 706 0540 01        		.byte	0x1
 707 0541 01        		.byte	0x1
 708 0542 02        		.byte	0x2
 709 0543 02        		.byte	0x2
 710 0544 23        		.byte	0x23
 711 0545 00        		.uleb128 0
 712 0546 08        		.uleb128 0x8
 713 0547 0000 0000 		.long	.LASF198
 714 054b 04        		.byte	0x4
 715 054c 24        		.byte	0x24
 716 054d 0E        		.byte	0xe
 717 054e A105 0000 		.long	0x5a1
 718 0552 01        		.byte	0x1
 719 0553 01        		.byte	0x1
 720 0554 01        		.byte	0x1
 721 0555 02        		.byte	0x2
 722 0556 23        		.byte	0x23
 723 0557 00        		.uleb128 0
 724 0558 08        		.uleb128 0x8
 725 0559 0000 0000 		.long	.LASF199
 726 055d 04        		.byte	0x4
 727 055e 25        		.byte	0x25
 728 055f 0E        		.byte	0xe
 729 0560 A105 0000 		.long	0x5a1
 730 0564 01        		.byte	0x1
 731 0565 01        		.byte	0x1
 732 0566 00        		.byte	0
 733 0567 02        		.byte	0x2
 734 0568 23        		.byte	0x23
 735 0569 00        		.uleb128 0
 736 056a 08        		.uleb128 0x8
 737 056b 0000 0000 		.long	.LASF200
 738 056f 04        		.byte	0x4
 739 0570 26        		.byte	0x26
 740 0571 0E        		.byte	0xe
 741 0572 A105 0000 		.long	0x5a1
 742 0576 01        		.byte	0x1
 743 0577 01        		.byte	0x1
 744 0578 07        		.byte	0x7
 745 0579 02        		.byte	0x2
 746 057a 23        		.byte	0x23
 747 057b 01        		.uleb128 0x1
 748 057c 08        		.uleb128 0x8
 749 057d 0000 0000 		.long	.LASF201
 750 0581 04        		.byte	0x4
 751 0582 27        		.byte	0x27
 752 0583 0E        		.byte	0xe
 753 0584 A105 0000 		.long	0x5a1
 754 0588 01        		.byte	0x1
 755 0589 01        		.byte	0x1
 756 058a 06        		.byte	0x6
 757 058b 02        		.byte	0x2
 758 058c 23        		.byte	0x23
 759 058d 01        		.uleb128 0x1
 760 058e 08        		.uleb128 0x8
 761 058f 0000 0000 		.long	.LASF202
 762 0593 04        		.byte	0x4
 763 0594 28        		.byte	0x28
 764 0595 0E        		.byte	0xe
 765 0596 A105 0000 		.long	0x5a1
 766 059a 01        		.byte	0x1
 767 059b 01        		.byte	0x1
 768 059c 05        		.byte	0x5
 769 059d 02        		.byte	0x2
 770 059e 23        		.byte	0x23
 771 059f 01        		.uleb128 0x1
 772 05a0 00        		.byte	0
 773 05a1 02        		.uleb128 0x2
 774 05a2 01        		.byte	0x1
 775 05a3 02        		.byte	0x2
 776 05a4 0000 0000 		.long	.LASF203
 777 05a8 09        		.uleb128 0x9
 778 05a9 02        		.byte	0x2
 779 05aa 04        		.byte	0x4
 780 05ab 1B        		.byte	0x1b
 781 05ac 09        		.byte	0x9
 782 05ad C305 0000 		.long	0x5c3
 783 05b1 0A        		.uleb128 0xa
 784 05b2 7261 7700 		.string	"raw"
 785 05b6 04        		.byte	0x4
 786 05b7 1C        		.byte	0x1c
 787 05b8 0E        		.byte	0xe
 788 05b9 3E00 0000 		.long	0x3e
 789 05bd 0B        		.uleb128 0xb
 790 05be D104 0000 		.long	0x4d1
 791 05c2 00        		.byte	0
 792 05c3 03        		.uleb128 0x3
 793 05c4 0000 0000 		.long	.LASF204
 794 05c8 04        		.byte	0x4
 795 05c9 2A        		.byte	0x2a
 796 05ca 03        		.byte	0x3
 797 05cb A805 0000 		.long	0x5a8
 798 05cf 0C        		.uleb128 0xc
 799 05d0 0000 0000 		.long	.LASF209
 800 05d4 04        		.byte	0x4
 801 05d5 2C        		.byte	0x2c
 802 05d6 18        		.byte	0x18
 803 05d7 C305 0000 		.long	0x5c3
 804 05db 01        		.byte	0x1
 805 05dc 01        		.byte	0x1
 806 05dd 0D        		.uleb128 0xd
 807 05de 01        		.byte	0x1
 808 05df 0000 0000 		.long	.LASF210
 809 05e3 05        		.byte	0x5
 810 05e4 7A        		.byte	0x7a
 811 05e5 09        		.byte	0x9
 812 05e6 01        		.byte	0x1
 813 05e7 2400 0000 		.long	0x24
 814 05eb FC05 0000 		.long	0x5fc
 815 05ef 0E        		.uleb128 0xe
 816 05f0 6D6F 6400 		.string	"mod"
 817 05f4 05        		.byte	0x5
 818 05f5 7A        		.byte	0x7a
 819 05f6 1C        		.byte	0x1c
 820 05f7 2400 0000 		.long	0x24
 821 05fb 00        		.byte	0
 822 05fc 0F        		.uleb128 0xf
 823 05fd 01        		.byte	0x1
 824 05fe 0000 0000 		.long	.LASF211
 825 0602 05        		.byte	0x5
 826 0603 1A        		.byte	0x1a
 827 0604 0A        		.byte	0xa
 828 0605 01        		.byte	0x1
 829 0606 3E00 0000 		.long	0x3e
 830 060a 10        		.uleb128 0x10
 831 060b 0000 0000 		.long	.LASF205
 832 060f 05        		.byte	0x5
 833 0610 1A        		.byte	0x1a
 834 0611 22        		.byte	0x22
 835 0612 3E00 0000 		.long	0x3e
 836 0616 00        		.byte	0
 837 0617 00        		.byte	0
 838               		.section	.gnu.debuglto_.debug_abbrev,"",@progbits
 839               	.Ldebug_abbrev0:
 840 0000 01        		.uleb128 0x1
 841 0001 11        		.uleb128 0x11
 842 0002 01        		.byte	0x1
 843 0003 25        		.uleb128 0x25
 844 0004 0E        		.uleb128 0xe
 845 0005 13        		.uleb128 0x13
 846 0006 0B        		.uleb128 0xb
 847 0007 03        		.uleb128 0x3
 848 0008 0E        		.uleb128 0xe
 849 0009 1B        		.uleb128 0x1b
 850 000a 0E        		.uleb128 0xe
 851 000b 10        		.uleb128 0x10
 852 000c 06        		.uleb128 0x6
 853 000d 00        		.byte	0
 854 000e 00        		.byte	0
 855 000f 02        		.uleb128 0x2
 856 0010 24        		.uleb128 0x24
 857 0011 00        		.byte	0
 858 0012 0B        		.uleb128 0xb
 859 0013 0B        		.uleb128 0xb
 860 0014 3E        		.uleb128 0x3e
 861 0015 0B        		.uleb128 0xb
 862 0016 03        		.uleb128 0x3
 863 0017 0E        		.uleb128 0xe
 864 0018 00        		.byte	0
 865 0019 00        		.byte	0
 866 001a 03        		.uleb128 0x3
 867 001b 16        		.uleb128 0x16
 868 001c 00        		.byte	0
 869 001d 03        		.uleb128 0x3
 870 001e 0E        		.uleb128 0xe
 871 001f 3A        		.uleb128 0x3a
 872 0020 0B        		.uleb128 0xb
 873 0021 3B        		.uleb128 0x3b
 874 0022 0B        		.uleb128 0xb
 875 0023 39        		.uleb128 0x39
 876 0024 0B        		.uleb128 0xb
 877 0025 49        		.uleb128 0x49
 878 0026 13        		.uleb128 0x13
 879 0027 00        		.byte	0
 880 0028 00        		.byte	0
 881 0029 04        		.uleb128 0x4
 882 002a 24        		.uleb128 0x24
 883 002b 00        		.byte	0
 884 002c 0B        		.uleb128 0xb
 885 002d 0B        		.uleb128 0xb
 886 002e 3E        		.uleb128 0x3e
 887 002f 0B        		.uleb128 0xb
 888 0030 03        		.uleb128 0x3
 889 0031 08        		.uleb128 0x8
 890 0032 00        		.byte	0
 891 0033 00        		.byte	0
 892 0034 05        		.uleb128 0x5
 893 0035 04        		.uleb128 0x4
 894 0036 01        		.byte	0x1
 895 0037 03        		.uleb128 0x3
 896 0038 0E        		.uleb128 0xe
 897 0039 3E        		.uleb128 0x3e
 898 003a 0B        		.uleb128 0xb
 899 003b 0B        		.uleb128 0xb
 900 003c 0B        		.uleb128 0xb
 901 003d 49        		.uleb128 0x49
 902 003e 13        		.uleb128 0x13
 903 003f 3A        		.uleb128 0x3a
 904 0040 0B        		.uleb128 0xb
 905 0041 3B        		.uleb128 0x3b
 906 0042 0B        		.uleb128 0xb
 907 0043 39        		.uleb128 0x39
 908 0044 0B        		.uleb128 0xb
 909 0045 01        		.uleb128 0x1
 910 0046 13        		.uleb128 0x13
 911 0047 00        		.byte	0
 912 0048 00        		.byte	0
 913 0049 06        		.uleb128 0x6
 914 004a 28        		.uleb128 0x28
 915 004b 00        		.byte	0
 916 004c 03        		.uleb128 0x3
 917 004d 0E        		.uleb128 0xe
 918 004e 1C        		.uleb128 0x1c
 919 004f 0B        		.uleb128 0xb
 920 0050 00        		.byte	0
 921 0051 00        		.byte	0
 922 0052 07        		.uleb128 0x7
 923 0053 13        		.uleb128 0x13
 924 0054 01        		.byte	0x1
 925 0055 0B        		.uleb128 0xb
 926 0056 0B        		.uleb128 0xb
 927 0057 3A        		.uleb128 0x3a
 928 0058 0B        		.uleb128 0xb
 929 0059 3B        		.uleb128 0x3b
 930 005a 0B        		.uleb128 0xb
 931 005b 39        		.uleb128 0x39
 932 005c 0B        		.uleb128 0xb
 933 005d 01        		.uleb128 0x1
 934 005e 13        		.uleb128 0x13
 935 005f 00        		.byte	0
 936 0060 00        		.byte	0
 937 0061 08        		.uleb128 0x8
 938 0062 0D        		.uleb128 0xd
 939 0063 00        		.byte	0
 940 0064 03        		.uleb128 0x3
 941 0065 0E        		.uleb128 0xe
 942 0066 3A        		.uleb128 0x3a
 943 0067 0B        		.uleb128 0xb
 944 0068 3B        		.uleb128 0x3b
 945 0069 0B        		.uleb128 0xb
 946 006a 39        		.uleb128 0x39
 947 006b 0B        		.uleb128 0xb
 948 006c 49        		.uleb128 0x49
 949 006d 13        		.uleb128 0x13
 950 006e 0B        		.uleb128 0xb
 951 006f 0B        		.uleb128 0xb
 952 0070 0D        		.uleb128 0xd
 953 0071 0B        		.uleb128 0xb
 954 0072 0C        		.uleb128 0xc
 955 0073 0B        		.uleb128 0xb
 956 0074 38        		.uleb128 0x38
 957 0075 0A        		.uleb128 0xa
 958 0076 00        		.byte	0
 959 0077 00        		.byte	0
 960 0078 09        		.uleb128 0x9
 961 0079 17        		.uleb128 0x17
 962 007a 01        		.byte	0x1
 963 007b 0B        		.uleb128 0xb
 964 007c 0B        		.uleb128 0xb
 965 007d 3A        		.uleb128 0x3a
 966 007e 0B        		.uleb128 0xb
 967 007f 3B        		.uleb128 0x3b
 968 0080 0B        		.uleb128 0xb
 969 0081 39        		.uleb128 0x39
 970 0082 0B        		.uleb128 0xb
 971 0083 01        		.uleb128 0x1
 972 0084 13        		.uleb128 0x13
 973 0085 00        		.byte	0
 974 0086 00        		.byte	0
 975 0087 0A        		.uleb128 0xa
 976 0088 0D        		.uleb128 0xd
 977 0089 00        		.byte	0
 978 008a 03        		.uleb128 0x3
 979 008b 08        		.uleb128 0x8
 980 008c 3A        		.uleb128 0x3a
 981 008d 0B        		.uleb128 0xb
 982 008e 3B        		.uleb128 0x3b
 983 008f 0B        		.uleb128 0xb
 984 0090 39        		.uleb128 0x39
 985 0091 0B        		.uleb128 0xb
 986 0092 49        		.uleb128 0x49
 987 0093 13        		.uleb128 0x13
 988 0094 00        		.byte	0
 989 0095 00        		.byte	0
 990 0096 0B        		.uleb128 0xb
 991 0097 0D        		.uleb128 0xd
 992 0098 00        		.byte	0
 993 0099 49        		.uleb128 0x49
 994 009a 13        		.uleb128 0x13
 995 009b 00        		.byte	0
 996 009c 00        		.byte	0
 997 009d 0C        		.uleb128 0xc
 998 009e 34        		.uleb128 0x34
 999 009f 00        		.byte	0
 1000 00a0 03        		.uleb128 0x3
 1001 00a1 0E        		.uleb128 0xe
 1002 00a2 3A        		.uleb128 0x3a
 1003 00a3 0B        		.uleb128 0xb
 1004 00a4 3B        		.uleb128 0x3b
 1005 00a5 0B        		.uleb128 0xb
 1006 00a6 39        		.uleb128 0x39
 1007 00a7 0B        		.uleb128 0xb
 1008 00a8 49        		.uleb128 0x49
 1009 00a9 13        		.uleb128 0x13
 1010 00aa 3F        		.uleb128 0x3f
 1011 00ab 0C        		.uleb128 0xc
 1012 00ac 3C        		.uleb128 0x3c
 1013 00ad 0C        		.uleb128 0xc
 1014 00ae 00        		.byte	0
 1015 00af 00        		.byte	0
 1016 00b0 0D        		.uleb128 0xd
 1017 00b1 2E        		.uleb128 0x2e
 1018 00b2 01        		.byte	0x1
 1019 00b3 3F        		.uleb128 0x3f
 1020 00b4 0C        		.uleb128 0xc
 1021 00b5 03        		.uleb128 0x3
 1022 00b6 0E        		.uleb128 0xe
 1023 00b7 3A        		.uleb128 0x3a
 1024 00b8 0B        		.uleb128 0xb
 1025 00b9 3B        		.uleb128 0x3b
 1026 00ba 0B        		.uleb128 0xb
 1027 00bb 39        		.uleb128 0x39
 1028 00bc 0B        		.uleb128 0xb
 1029 00bd 27        		.uleb128 0x27
 1030 00be 0C        		.uleb128 0xc
 1031 00bf 49        		.uleb128 0x49
 1032 00c0 13        		.uleb128 0x13
 1033 00c1 01        		.uleb128 0x1
 1034 00c2 13        		.uleb128 0x13
 1035 00c3 00        		.byte	0
 1036 00c4 00        		.byte	0
 1037 00c5 0E        		.uleb128 0xe
 1038 00c6 05        		.uleb128 0x5
 1039 00c7 00        		.byte	0
 1040 00c8 03        		.uleb128 0x3
 1041 00c9 08        		.uleb128 0x8
 1042 00ca 3A        		.uleb128 0x3a
 1043 00cb 0B        		.uleb128 0xb
 1044 00cc 3B        		.uleb128 0x3b
 1045 00cd 0B        		.uleb128 0xb
 1046 00ce 39        		.uleb128 0x39
 1047 00cf 0B        		.uleb128 0xb
 1048 00d0 49        		.uleb128 0x49
 1049 00d1 13        		.uleb128 0x13
 1050 00d2 00        		.byte	0
 1051 00d3 00        		.byte	0
 1052 00d4 0F        		.uleb128 0xf
 1053 00d5 2E        		.uleb128 0x2e
 1054 00d6 01        		.byte	0x1
 1055 00d7 3F        		.uleb128 0x3f
 1056 00d8 0C        		.uleb128 0xc
 1057 00d9 03        		.uleb128 0x3
 1058 00da 0E        		.uleb128 0xe
 1059 00db 3A        		.uleb128 0x3a
 1060 00dc 0B        		.uleb128 0xb
 1061 00dd 3B        		.uleb128 0x3b
 1062 00de 0B        		.uleb128 0xb
 1063 00df 39        		.uleb128 0x39
 1064 00e0 0B        		.uleb128 0xb
 1065 00e1 27        		.uleb128 0x27
 1066 00e2 0C        		.uleb128 0xc
 1067 00e3 49        		.uleb128 0x49
 1068 00e4 13        		.uleb128 0x13
 1069 00e5 00        		.byte	0
 1070 00e6 00        		.byte	0
 1071 00e7 10        		.uleb128 0x10
 1072 00e8 05        		.uleb128 0x5
 1073 00e9 00        		.byte	0
 1074 00ea 03        		.uleb128 0x3
 1075 00eb 0E        		.uleb128 0xe
 1076 00ec 3A        		.uleb128 0x3a
 1077 00ed 0B        		.uleb128 0xb
 1078 00ee 3B        		.uleb128 0x3b
 1079 00ef 0B        		.uleb128 0xb
 1080 00f0 39        		.uleb128 0x39
 1081 00f1 0B        		.uleb128 0xb
 1082 00f2 49        		.uleb128 0x49
 1083 00f3 13        		.uleb128 0x13
 1084 00f4 00        		.byte	0
 1085 00f5 00        		.byte	0
 1086 00f6 00        		.byte	0
 1087               		.section	.gnu.debuglto_.debug_line,"",@progbits
 1088               	.Ldebug_line0:
 1089 0000 A500 0000 		.long	.LELT0-.LSLT0
 1090               	.LSLT0:
 1091 0004 0200      		.word	0x2
 1092 0006 9F00 0000 		.long	.LELTP0-.LASLTP0
 1093               	.LASLTP0:
 1094 000a 01        		.byte	0x1
 1095 000b 01        		.byte	0x1
 1096 000c F6        		.byte	0xf6
 1097 000d F2        		.byte	0xf2
 1098 000e 0D        		.byte	0xd
 1099 000f 00        		.byte	0
 1100 0010 01        		.byte	0x1
 1101 0011 01        		.byte	0x1
 1102 0012 01        		.byte	0x1
 1103 0013 01        		.byte	0x1
 1104 0014 00        		.byte	0
 1105 0015 00        		.byte	0
 1106 0016 00        		.byte	0
 1107 0017 01        		.byte	0x1
 1108 0018 00        		.byte	0
 1109 0019 00        		.byte	0
 1110 001a 01        		.byte	0x1
 1111 001b 653A 5C67 		.ascii	"e:\\game\\msys2\\mingw64\\avr\\include"
 1111      616D 655C 
 1111      6D73 7973 
 1111      325C 6D69 
 1111      6E67 7736 
 1112 003c 00        		.byte	0
 1113 003d 746D 6B5F 		.ascii	"tmk_core/common"
 1113      636F 7265 
 1113      2F63 6F6D 
 1113      6D6F 6E
 1114 004c 00        		.byte	0
 1115 004d 7175 616E 		.ascii	"quantum"
 1115      7475 6D
 1116 0054 00        		.byte	0
 1117 0055 00        		.byte	0
 1118 0056 7374 6469 		.string	"stdint.h"
 1118      6E74 2E68 
 1118      00
 1119 005f 01        		.uleb128 0x1
 1120 0060 00        		.uleb128 0
 1121 0061 00        		.uleb128 0
 1122 0062 6B65 7963 		.string	"keycode.h"
 1122      6F64 652E 
 1122      6800 
 1123 006c 02        		.uleb128 0x2
 1124 006d 00        		.uleb128 0
 1125 006e 00        		.uleb128 0
 1126 006f 6163 7469 		.string	"action_code.h"
 1126      6F6E 5F63 
 1126      6F64 652E 
 1126      6800 
 1127 007d 02        		.uleb128 0x2
 1128 007e 00        		.uleb128 0
 1129 007f 00        		.uleb128 0
 1130 0080 6B65 7963 		.string	"keycode_config.h"
 1130      6F64 655F 
 1130      636F 6E66 
 1130      6967 2E68 
 1130      00
 1131 0091 03        		.uleb128 0x3
 1132 0092 00        		.uleb128 0
 1133 0093 00        		.uleb128 0
 1134 0094 6B65 7963 		.string	"keycode_config.c"
 1134      6F64 655F 
 1134      636F 6E66 
 1134      6967 2E63 
 1134      00
 1135 00a5 03        		.uleb128 0x3
 1136 00a6 00        		.uleb128 0
 1137 00a7 00        		.uleb128 0
 1138 00a8 00        		.byte	0
 1139               	.LELTP0:
 1140               	.LELT0:
 1141               		.section	.gnu.debuglto_.debug_str,"MS",@progbits,1
 1142               	.LASF107:
 1143 0000 4B43 5F4B 		.string	"KC_KP_0"
 1143      505F 3000 
 1144               	.LASF98:
 1145 0008 4B43 5F4B 		.string	"KC_KP_1"
 1145      505F 3100 
 1146               	.LASF99:
 1147 0010 4B43 5F4B 		.string	"KC_KP_2"
 1147      505F 3200 
 1148               	.LASF100:
 1149 0018 4B43 5F4B 		.string	"KC_KP_3"
 1149      505F 3300 
 1150               	.LASF101:
 1151 0020 4B43 5F4B 		.string	"KC_KP_4"
 1151      505F 3400 
 1152               	.LASF102:
 1153 0028 4B43 5F4B 		.string	"KC_KP_5"
 1153      505F 3500 
 1154               	.LASF103:
 1155 0030 4B43 5F4B 		.string	"KC_KP_6"
 1155      505F 3600 
 1156               	.LASF104:
 1157 0038 4B43 5F4B 		.string	"KC_KP_7"
 1157      505F 3700 
 1158               	.LASF105:
 1159 0040 4B43 5F4B 		.string	"KC_KP_8"
 1159      505F 3800 
 1160               	.LASF106:
 1161 0048 4B43 5F4B 		.string	"KC_KP_9"
 1161      505F 3900 
 1162               	.LASF141:
 1163 0050 4B43 5F4C 		.string	"KC_LOCKING_SCROLL"
 1163      4F43 4B49 
 1163      4E47 5F53 
 1163      4352 4F4C 
 1163      4C00 
 1164               	.LASF143:
 1165 0062 4B43 5F4B 		.string	"KC_KP_EQUAL_AS400"
 1165      505F 4551 
 1165      5541 4C5F 
 1165      4153 3430 
 1165      3000 
 1166               	.LASF183:
 1167 0074 6D6F 6473 		.string	"mods_bit"
 1167      5F62 6974 
 1167      00
 1168               	.LASF133:
 1169 007d 4B43 5F43 		.string	"KC_COPY"
 1169      4F50 5900 
 1170               	.LASF199:
 1171 0085 6E6B 726F 		.string	"nkro"
 1171      00
 1172               	.LASF52:
 1173 008a 4B43 5F54 		.string	"KC_TAB"
 1173      4142 00
 1174               	.LASF200:
 1175 0091 7377 6170 		.string	"swap_lctl_lgui"
 1175      5F6C 6374 
 1175      6C5F 6C67 
 1175      7569 00
 1176               	.LASF90:
 1177 00a0 4B43 5F44 		.string	"KC_DOWN"
 1177      4F57 4E00 
 1178               	.LASF4:
 1179 00a8 756E 7369 		.string	"unsigned int"
 1179      676E 6564 
 1179      2069 6E74 
 1179      00
 1180               	.LASF109:
 1181 00b5 4B43 5F4E 		.string	"KC_NONUS_BSLASH"
 1181      4F4E 5553 
 1181      5F42 534C 
 1181      4153 4800 
 1182               	.LASF197:
 1183 00c5 7377 6170 		.string	"swap_grave_esc"
 1183      5F67 7261 
 1183      7665 5F65 
 1183      7363 00
 1184               	.LASF12:
 1185 00d4 4B43 5F55 		.string	"KC_UNDEFINED"
 1185      4E44 4546 
 1185      494E 4544 
 1185      00
 1186               	.LASF110:
 1187 00e1 4B43 5F41 		.string	"KC_APPLICATION"
 1187      5050 4C49 
 1187      4341 5449 
 1187      4F4E 00
 1188               	.LASF53:
 1189 00f0 4B43 5F53 		.string	"KC_SPACE"
 1189      5041 4345 
 1189      00
 1190               	.LASF172:
 1191 00f9 4B43 5F43 		.string	"KC_CRSEL"
 1191      5253 454C 
 1191      00
 1192               	.LASF164:
 1193 0102 4B43 5F43 		.string	"KC_CANCEL"
 1193      414E 4345 
 1193      4C00 
 1194               	.LASF167:
 1195 010c 4B43 5F52 		.string	"KC_RETURN"
 1195      4554 5552 
 1195      4E00 
 1196               	.LASF140:
 1197 0116 4B43 5F4C 		.string	"KC_LOCKING_NUM"
 1197      4F43 4B49 
 1197      4E47 5F4E 
 1197      554D 00
 1198               	.LASF88:
 1199 0125 4B43 5F52 		.string	"KC_RIGHT"
 1199      4947 4854 
 1199      00
 1200               	.LASF192:
 1201 012e 7377 6170 		.string	"swap_control_capslock"
 1201      5F63 6F6E 
 1201      7472 6F6C 
 1201      5F63 6170 
 1201      736C 6F63 
 1202               	.LASF207:
 1203 0144 7175 616E 		.string	"quantum/keycode_config.c"
 1203      7475 6D2F 
 1203      6B65 7963 
 1203      6F64 655F 
 1203      636F 6E66 
 1204               	.LASF209:
 1205 015d 6B65 796D 		.string	"keymap_config"
 1205      6170 5F63 
 1205      6F6E 6669 
 1205      6700 
 1206               	.LASF120:
 1207 016b 4B43 5F46 		.string	"KC_F20"
 1207      3230 00
 1208               	.LASF121:
 1209 0172 4B43 5F46 		.string	"KC_F21"
 1209      3231 00
 1210               	.LASF122:
 1211 0179 4B43 5F46 		.string	"KC_F22"
 1211      3232 00
 1212               	.LASF206:
 1213 0180 474E 5520 		.string	"GNU C99 8.4.0 -mn-flash=1 -mno-skip-bug -mmcu=avr5 -gdwarf-2 -Os -std=gnu99 -funsigned-ch
 1213      4339 3920 
 1213      382E 342E 
 1213      3020 2D6D 
 1213      6E2D 666C 
 1214               	.LASF112:
 1215 0271 4B43 5F4B 		.string	"KC_KP_EQUAL"
 1215      505F 4551 
 1215      5541 4C00 
 1216               	.LASF129:
 1217 027d 4B43 5F53 		.string	"KC_STOP"
 1217      544F 5000 
 1218               	.LASF138:
 1219 0285 4B43 5F5F 		.string	"KC__VOLDOWN"
 1219      564F 4C44 
 1219      4F57 4E00 
 1220               	.LASF187:
 1221 0291 4D4F 445F 		.string	"MOD_LGUI"
 1221      4C47 5549 
 1221      00
 1222               	.LASF11:
 1223 029a 4B43 5F50 		.string	"KC_POST_FAIL"
 1223      4F53 545F 
 1223      4641 494C 
 1223      00
 1224               	.LASF127:
 1225 02a7 4B43 5F4D 		.string	"KC_MENU"
 1225      454E 5500 
 1226               	.LASF94:
 1227 02af 4B43 5F4B 		.string	"KC_KP_ASTERISK"
 1227      505F 4153 
 1227      5445 5249 
 1227      534B 00
 1228               	.LASF171:
 1229 02be 4B43 5F43 		.string	"KC_CLEAR_AGAIN"
 1229      4C45 4152 
 1229      5F41 4741 
 1229      494E 00
 1230               	.LASF186:
 1231 02cd 4D4F 445F 		.string	"MOD_LALT"
 1231      4C41 4C54 
 1231      00
 1232               	.LASF175:
 1233 02d6 4B43 5F4C 		.string	"KC_LSHIFT"
 1233      5348 4946 
 1233      5400 
 1234               	.LASF136:
 1235 02e0 4B43 5F5F 		.string	"KC__MUTE"
 1235      4D55 5445 
 1235      00
 1236               	.LASF139:
 1237 02e9 4B43 5F4C 		.string	"KC_LOCKING_CAPS"
 1237      4F43 4B49 
 1237      4E47 5F43 
 1237      4150 5300 
 1238               	.LASF131:
 1239 02f9 4B43 5F55 		.string	"KC_UNDO"
 1239      4E44 4F00 
 1240               	.LASF8:
 1241 0301 6C6F 6E67 		.string	"long long unsigned int"
 1241      206C 6F6E 
 1241      6720 756E 
 1241      7369 676E 
 1241      6564 2069 
 1242               	.LASF135:
 1243 0318 4B43 5F46 		.string	"KC_FIND"
 1243      494E 4400 
 1244               	.LASF201:
 1245 0320 7377 6170 		.string	"swap_rctl_rgui"
 1245      5F72 6374 
 1245      6C5F 7267 
 1245      7569 00
 1246               	.LASF166:
 1247 032f 4B43 5F50 		.string	"KC_PRIOR"
 1247      5249 4F52 
 1247      00
 1248               	.LASF126:
 1249 0338 4B43 5F48 		.string	"KC_HELP"
 1249      454C 5000 
 1250               	.LASF153:
 1251 0340 4B43 5F4C 		.string	"KC_LANG1"
 1251      414E 4731 
 1251      00
 1252               	.LASF154:
 1253 0349 4B43 5F4C 		.string	"KC_LANG2"
 1253      414E 4732 
 1253      00
 1254               	.LASF155:
 1255 0352 4B43 5F4C 		.string	"KC_LANG3"
 1255      414E 4733 
 1255      00
 1256               	.LASF156:
 1257 035b 4B43 5F4C 		.string	"KC_LANG4"
 1257      414E 4734 
 1257      00
 1258               	.LASF157:
 1259 0364 4B43 5F4C 		.string	"KC_LANG5"
 1259      414E 4735 
 1259      00
 1260               	.LASF158:
 1261 036d 4B43 5F4C 		.string	"KC_LANG6"
 1261      414E 4736 
 1261      00
 1262               	.LASF159:
 1263 0376 4B43 5F4C 		.string	"KC_LANG7"
 1263      414E 4737 
 1263      00
 1264               	.LASF160:
 1265 037f 4B43 5F4C 		.string	"KC_LANG8"
 1265      414E 4738 
 1265      00
 1266               	.LASF161:
 1267 0388 4B43 5F4C 		.string	"KC_LANG9"
 1267      414E 4739 
 1267      00
 1268               	.LASF10:
 1269 0391 4B43 5F52 		.string	"KC_ROLL_OVER"
 1269      4F4C 4C5F 
 1269      4F56 4552 
 1269      00
 1270               	.LASF51:
 1271 039e 4B43 5F42 		.string	"KC_BSPACE"
 1271      5350 4143 
 1271      4500 
 1272               	.LASF95:
 1273 03a8 4B43 5F4B 		.string	"KC_KP_MINUS"
 1273      505F 4D49 
 1273      4E55 5300 
 1274               	.LASF97:
 1275 03b4 4B43 5F4B 		.string	"KC_KP_ENTER"
 1275      505F 454E 
 1275      5445 5200 
 1276               	.LASF211:
 1277 03c0 6B65 7963 		.string	"keycode_config"
 1277      6F64 655F 
 1277      636F 6E66 
 1277      6967 00
 1278               	.LASF142:
 1279 03cf 4B43 5F4B 		.string	"KC_KP_COMMA"
 1279      505F 434F 
 1279      4D4D 4100 
 1280               	.LASF144:
 1281 03db 4B43 5F49 		.string	"KC_INT1"
 1281      4E54 3100 
 1282               	.LASF145:
 1283 03e3 4B43 5F49 		.string	"KC_INT2"
 1283      4E54 3200 
 1284               	.LASF146:
 1285 03eb 4B43 5F49 		.string	"KC_INT3"
 1285      4E54 3300 
 1286               	.LASF147:
 1287 03f3 4B43 5F49 		.string	"KC_INT4"
 1287      4E54 3400 
 1288               	.LASF148:
 1289 03fb 4B43 5F49 		.string	"KC_INT5"
 1289      4E54 3500 
 1290               	.LASF149:
 1291 0403 4B43 5F49 		.string	"KC_INT6"
 1291      4E54 3600 
 1292               	.LASF150:
 1293 040b 4B43 5F49 		.string	"KC_INT7"
 1293      4E54 3700 
 1294               	.LASF151:
 1295 0413 4B43 5F49 		.string	"KC_INT8"
 1295      4E54 3800 
 1296               	.LASF152:
 1297 041b 4B43 5F49 		.string	"KC_INT9"
 1297      4E54 3900 
 1298               	.LASF9:
 1299 0423 4B43 5F4E 		.string	"KC_NO"
 1299      4F00 
 1300               	.LASF61:
 1301 0429 4B43 5F51 		.string	"KC_QUOTE"
 1301      554F 5445 
 1301      00
 1302               	.LASF210:
 1303 0432 6D6F 645F 		.string	"mod_config"
 1303      636F 6E66 
 1303      6967 00
 1304               	.LASF55:
 1305 043d 4B43 5F45 		.string	"KC_EQUAL"
 1305      5155 414C 
 1305      00
 1306               	.LASF181:
 1307 0446 4B43 5F52 		.string	"KC_RGUI"
 1307      4755 4900 
 1308               	.LASF177:
 1309 044e 4B43 5F4C 		.string	"KC_LGUI"
 1309      4755 4900 
 1310               	.LASF162:
 1311 0456 4B43 5F41 		.string	"KC_ALT_ERASE"
 1311      4C54 5F45 
 1311      5241 5345 
 1311      00
 1312               	.LASF169:
 1313 0463 4B43 5F4F 		.string	"KC_OUT"
 1313      5554 00
 1314               	.LASF83:
 1315 046a 4B43 5F48 		.string	"KC_HOME"
 1315      4F4D 4500 
 1316               	.LASF176:
 1317 0472 4B43 5F4C 		.string	"KC_LALT"
 1317      414C 5400 
 1318               	.LASF125:
 1319 047a 4B43 5F45 		.string	"KC_EXECUTE"
 1319      5845 4355 
 1319      5445 00
 1320               	.LASF108:
 1321 0485 4B43 5F4B 		.string	"KC_KP_DOT"
 1321      505F 444F 
 1321      5400 
 1322               	.LASF111:
 1323 048f 4B43 5F50 		.string	"KC_POWER"
 1323      4F57 4552 
 1323      00
 1324               	.LASF76:
 1325 0498 4B43 5F46 		.string	"KC_F10"
 1325      3130 00
 1326               	.LASF77:
 1327 049f 4B43 5F46 		.string	"KC_F11"
 1327      3131 00
 1328               	.LASF78:
 1329 04a6 4B43 5F46 		.string	"KC_F12"
 1329      3132 00
 1330               	.LASF113:
 1331 04ad 4B43 5F46 		.string	"KC_F13"
 1331      3133 00
 1332               	.LASF114:
 1333 04b4 4B43 5F46 		.string	"KC_F14"
 1333      3134 00
 1334               	.LASF115:
 1335 04bb 4B43 5F46 		.string	"KC_F15"
 1335      3135 00
 1336               	.LASF116:
 1337 04c2 4B43 5F46 		.string	"KC_F16"
 1337      3136 00
 1338               	.LASF117:
 1339 04c9 4B43 5F46 		.string	"KC_F17"
 1339      3137 00
 1340               	.LASF118:
 1341 04d0 4B43 5F46 		.string	"KC_F18"
 1341      3138 00
 1342               	.LASF119:
 1343 04d7 4B43 5F46 		.string	"KC_F19"
 1343      3139 00
 1344               	.LASF2:
 1345 04de 7569 6E74 		.string	"uint8_t"
 1345      385F 7400 
 1346               	.LASF80:
 1347 04e6 4B43 5F53 		.string	"KC_SCROLLLOCK"
 1347      4352 4F4C 
 1347      4C4C 4F43 
 1347      4B00 
 1348               	.LASF193:
 1349 04f4 6361 7073 		.string	"capslock_to_control"
 1349      6C6F 636B 
 1349      5F74 6F5F 
 1349      636F 6E74 
 1349      726F 6C00 
 1350               	.LASF81:
 1351 0508 4B43 5F50 		.string	"KC_PAUSE"
 1351      4155 5345 
 1351      00
 1352               	.LASF178:
 1353 0511 4B43 5F52 		.string	"KC_RCTRL"
 1353      4354 524C 
 1353      00
 1354               	.LASF59:
 1355 051a 4B43 5F4E 		.string	"KC_NONUS_HASH"
 1355      4F4E 5553 
 1355      5F48 4153 
 1355      4800 
 1356               	.LASF50:
 1357 0528 4B43 5F45 		.string	"KC_ESCAPE"
 1357      5343 4150 
 1357      4500 
 1358               	.LASF7:
 1359 0532 6C6F 6E67 		.string	"long long int"
 1359      206C 6F6E 
 1359      6720 696E 
 1359      7400 
 1360               	.LASF54:
 1361 0540 4B43 5F4D 		.string	"KC_MINUS"
 1361      494E 5553 
 1361      00
 1362               	.LASF92:
 1363 0549 4B43 5F4E 		.string	"KC_NUMLOCK"
 1363      554D 4C4F 
 1363      434B 00
 1364               	.LASF49:
 1365 0554 4B43 5F45 		.string	"KC_ENTER"
 1365      4E54 4552 
 1365      00
 1366               	.LASF56:
 1367 055d 4B43 5F4C 		.string	"KC_LBRACKET"
 1367      4252 4143 
 1367      4B45 5400 
 1368               	.LASF123:
 1369 0569 4B43 5F46 		.string	"KC_F23"
 1369      3233 00
 1370               	.LASF124:
 1371 0570 4B43 5F46 		.string	"KC_F24"
 1371      3234 00
 1372               	.LASF63:
 1373 0577 4B43 5F43 		.string	"KC_COMMA"
 1373      4F4D 4D41 
 1373      00
 1374               	.LASF184:
 1375 0580 4D4F 445F 		.string	"MOD_LCTL"
 1375      4C43 544C 
 1375      00
 1376               	.LASF208:
 1377 0589 443A 5C44 		.string	"D:\\Download\\vial-qmk"
 1377      6F77 6E6C 
 1377      6F61 645C 
 1377      7669 616C 
 1377      2D71 6D6B 
 1378               	.LASF174:
 1379 059e 4B43 5F4C 		.string	"KC_LCTRL"
 1379      4354 524C 
 1379      00
 1380               	.LASF79:
 1381 05a7 4B43 5F50 		.string	"KC_PSCREEN"
 1381      5343 5245 
 1381      454E 00
 1382               	.LASF130:
 1383 05b2 4B43 5F41 		.string	"KC_AGAIN"
 1383      4741 494E 
 1383      00
 1384               	.LASF203:
 1385 05bb 5F42 6F6F 		.string	"_Bool"
 1385      6C00 
 1386               	.LASF163:
 1387 05c1 4B43 5F53 		.string	"KC_SYSREQ"
 1387      5953 5245 
 1387      5100 
 1388               	.LASF89:
 1389 05cb 4B43 5F4C 		.string	"KC_LEFT"
 1389      4546 5400 
 1390               	.LASF204:
 1391 05d3 6B65 796D 		.string	"keymap_config_t"
 1391      6170 5F63 
 1391      6F6E 6669 
 1391      675F 7400 
 1392               	.LASF188:
 1393 05e3 4D4F 445F 		.string	"MOD_RCTL"
 1393      5243 544C 
 1393      00
 1394               	.LASF3:
 1395 05ec 7569 6E74 		.string	"uint16_t"
 1395      3136 5F74 
 1395      00
 1396               	.LASF189:
 1397 05f5 4D4F 445F 		.string	"MOD_RSFT"
 1397      5253 4654 
 1397      00
 1398               	.LASF82:
 1399 05fe 4B43 5F49 		.string	"KC_INSERT"
 1399      4E53 4552 
 1399      5400 
 1400               	.LASF170:
 1401 0608 4B43 5F4F 		.string	"KC_OPER"
 1401      5045 5200 
 1402               	.LASF132:
 1403 0610 4B43 5F43 		.string	"KC_CUT"
 1403      5554 00
 1404               	.LASF64:
 1405 0617 4B43 5F44 		.string	"KC_DOT"
 1405      4F54 00
 1406               	.LASF191:
 1407 061e 4D4F 445F 		.string	"MOD_RGUI"
 1407      5247 5549 
 1407      00
 1408               	.LASF57:
 1409 0627 4B43 5F52 		.string	"KC_RBRACKET"
 1409      4252 4143 
 1409      4B45 5400 
 1410               	.LASF93:
 1411 0633 4B43 5F4B 		.string	"KC_KP_SLASH"
 1411      505F 534C 
 1411      4153 4800 
 1412               	.LASF5:
 1413 063f 6C6F 6E67 		.string	"long int"
 1413      2069 6E74 
 1413      00
 1414               	.LASF62:
 1415 0648 4B43 5F47 		.string	"KC_GRAVE"
 1415      5241 5645 
 1415      00
 1416               	.LASF48:
 1417 0651 4B43 5F30 		.string	"KC_0"
 1417      00
 1418               	.LASF39:
 1419 0656 4B43 5F31 		.string	"KC_1"
 1419      00
 1420               	.LASF40:
 1421 065b 4B43 5F32 		.string	"KC_2"
 1421      00
 1422               	.LASF41:
 1423 0660 4B43 5F33 		.string	"KC_3"
 1423      00
 1424               	.LASF42:
 1425 0665 4B43 5F34 		.string	"KC_4"
 1425      00
 1426               	.LASF43:
 1427 066a 4B43 5F35 		.string	"KC_5"
 1427      00
 1428               	.LASF44:
 1429 066f 4B43 5F36 		.string	"KC_6"
 1429      00
 1430               	.LASF45:
 1431 0674 4B43 5F37 		.string	"KC_7"
 1431      00
 1432               	.LASF46:
 1433 0679 4B43 5F38 		.string	"KC_8"
 1433      00
 1434               	.LASF47:
 1435 067e 4B43 5F39 		.string	"KC_9"
 1435      00
 1436               	.LASF13:
 1437 0683 4B43 5F41 		.string	"KC_A"
 1437      00
 1438               	.LASF14:
 1439 0688 4B43 5F42 		.string	"KC_B"
 1439      00
 1440               	.LASF15:
 1441 068d 4B43 5F43 		.string	"KC_C"
 1441      00
 1442               	.LASF16:
 1443 0692 4B43 5F44 		.string	"KC_D"
 1443      00
 1444               	.LASF17:
 1445 0697 4B43 5F45 		.string	"KC_E"
 1445      00
 1446               	.LASF18:
 1447 069c 4B43 5F46 		.string	"KC_F"
 1447      00
 1448               	.LASF19:
 1449 06a1 4B43 5F47 		.string	"KC_G"
 1449      00
 1450               	.LASF20:
 1451 06a6 4B43 5F48 		.string	"KC_H"
 1451      00
 1452               	.LASF21:
 1453 06ab 4B43 5F49 		.string	"KC_I"
 1453      00
 1454               	.LASF22:
 1455 06b0 4B43 5F4A 		.string	"KC_J"
 1455      00
 1456               	.LASF23:
 1457 06b5 4B43 5F4B 		.string	"KC_K"
 1457      00
 1458               	.LASF24:
 1459 06ba 4B43 5F4C 		.string	"KC_L"
 1459      00
 1460               	.LASF25:
 1461 06bf 4B43 5F4D 		.string	"KC_M"
 1461      00
 1462               	.LASF26:
 1463 06c4 4B43 5F4E 		.string	"KC_N"
 1463      00
 1464               	.LASF27:
 1465 06c9 4B43 5F4F 		.string	"KC_O"
 1465      00
 1466               	.LASF28:
 1467 06ce 4B43 5F50 		.string	"KC_P"
 1467      00
 1468               	.LASF29:
 1469 06d3 4B43 5F51 		.string	"KC_Q"
 1469      00
 1470               	.LASF30:
 1471 06d8 4B43 5F52 		.string	"KC_R"
 1471      00
 1472               	.LASF31:
 1473 06dd 4B43 5F53 		.string	"KC_S"
 1473      00
 1474               	.LASF32:
 1475 06e2 4B43 5F54 		.string	"KC_T"
 1475      00
 1476               	.LASF33:
 1477 06e7 4B43 5F55 		.string	"KC_U"
 1477      00
 1478               	.LASF34:
 1479 06ec 4B43 5F56 		.string	"KC_V"
 1479      00
 1480               	.LASF35:
 1481 06f1 4B43 5F57 		.string	"KC_W"
 1481      00
 1482               	.LASF36:
 1483 06f6 4B43 5F58 		.string	"KC_X"
 1483      00
 1484               	.LASF37:
 1485 06fb 4B43 5F59 		.string	"KC_Y"
 1485      00
 1486               	.LASF38:
 1487 0700 4B43 5F5A 		.string	"KC_Z"
 1487      00
 1488               	.LASF134:
 1489 0705 4B43 5F50 		.string	"KC_PASTE"
 1489      4153 5445 
 1489      00
 1490               	.LASF198:
 1491 070e 7377 6170 		.string	"swap_backslash_backspace"
 1491      5F62 6163 
 1491      6B73 6C61 
 1491      7368 5F62 
 1491      6163 6B73 
 1492               	.LASF66:
 1493 0727 4B43 5F43 		.string	"KC_CAPSLOCK"
 1493      4150 534C 
 1493      4F43 4B00 
 1494               	.LASF85:
 1495 0733 4B43 5F44 		.string	"KC_DELETE"
 1495      454C 4554 
 1495      4500 
 1496               	.LASF179:
 1497 073d 4B43 5F52 		.string	"KC_RSHIFT"
 1497      5348 4946 
 1497      5400 
 1498               	.LASF6:
 1499 0747 6C6F 6E67 		.string	"long unsigned int"
 1499      2075 6E73 
 1499      6967 6E65 
 1499      6420 696E 
 1499      7400 
 1500               	.LASF196:
 1501 0759 6E6F 5F67 		.string	"no_gui"
 1501      7569 00
 1502               	.LASF67:
 1503 0760 4B43 5F46 		.string	"KC_F1"
 1503      3100 
 1504               	.LASF68:
 1505 0766 4B43 5F46 		.string	"KC_F2"
 1505      3200 
 1506               	.LASF69:
 1507 076c 4B43 5F46 		.string	"KC_F3"
 1507      3300 
 1508               	.LASF70:
 1509 0772 4B43 5F46 		.string	"KC_F4"
 1509      3400 
 1510               	.LASF71:
 1511 0778 4B43 5F46 		.string	"KC_F5"
 1511      3500 
 1512               	.LASF72:
 1513 077e 4B43 5F46 		.string	"KC_F6"
 1513      3600 
 1514               	.LASF73:
 1515 0784 4B43 5F46 		.string	"KC_F7"
 1515      3700 
 1516               	.LASF74:
 1517 078a 4B43 5F46 		.string	"KC_F8"
 1517      3800 
 1518               	.LASF75:
 1519 0790 4B43 5F46 		.string	"KC_F9"
 1519      3900 
 1520               	.LASF194:
 1521 0796 7377 6170 		.string	"swap_lalt_lgui"
 1521      5F6C 616C 
 1521      745F 6C67 
 1521      7569 00
 1522               	.LASF60:
 1523 07a5 4B43 5F53 		.string	"KC_SCOLON"
 1523      434F 4C4F 
 1523      4E00 
 1524               	.LASF91:
 1525 07af 4B43 5F55 		.string	"KC_UP"
 1525      5000 
 1526               	.LASF137:
 1527 07b5 4B43 5F5F 		.string	"KC__VOLUP"
 1527      564F 4C55 
 1527      5000 
 1528               	.LASF128:
 1529 07bf 4B43 5F53 		.string	"KC_SELECT"
 1529      454C 4543 
 1529      5400 
 1530               	.LASF168:
 1531 07c9 4B43 5F53 		.string	"KC_SEPARATOR"
 1531      4550 4152 
 1531      4154 4F52 
 1531      00
 1532               	.LASF1:
 1533 07d6 756E 7369 		.string	"unsigned char"
 1533      676E 6564 
 1533      2063 6861 
 1533      7200 
 1534               	.LASF165:
 1535 07e4 4B43 5F43 		.string	"KC_CLEAR"
 1535      4C45 4152 
 1535      00
 1536               	.LASF65:
 1537 07ed 4B43 5F53 		.string	"KC_SLASH"
 1537      4C41 5348 
 1537      00
 1538               	.LASF96:
 1539 07f6 4B43 5F4B 		.string	"KC_KP_PLUS"
 1539      505F 504C 
 1539      5553 00
 1540               	.LASF173:
 1541 0801 4B43 5F45 		.string	"KC_EXSEL"
 1541      5853 454C 
 1541      00
 1542               	.LASF180:
 1543 080a 4B43 5F52 		.string	"KC_RALT"
 1543      414C 5400 
 1544               	.LASF182:
 1545 0812 6869 645F 		.string	"hid_keyboard_keypad_usage"
 1545      6B65 7962 
 1545      6F61 7264 
 1545      5F6B 6579 
 1545      7061 645F 
 1546               	.LASF0:
 1547 082c 7369 676E 		.string	"signed char"
 1547      6564 2063 
 1547      6861 7200 
 1548               	.LASF58:
 1549 0838 4B43 5F42 		.string	"KC_BSLASH"
 1549      534C 4153 
 1549      4800 
 1550               	.LASF84:
 1551 0842 4B43 5F50 		.string	"KC_PGUP"
 1551      4755 5000 
 1552               	.LASF205:
 1553 084a 6B65 7963 		.string	"keycode"
 1553      6F64 6500 
 1554               	.LASF86:
 1555 0852 4B43 5F45 		.string	"KC_END"
 1555      4E44 00
 1556               	.LASF87:
 1557 0859 4B43 5F50 		.string	"KC_PGDOWN"
 1557      4744 4F57 
 1557      4E00 
 1558               	.LASF202:
 1559 0863 6F6E 6573 		.string	"oneshot_disable"
 1559      686F 745F 
 1559      6469 7361 
 1559      626C 6500 
 1560               	.LASF185:
 1561 0873 4D4F 445F 		.string	"MOD_LSFT"
 1561      4C53 4654 
 1561      00
 1562               	.LASF190:
 1563 087c 4D4F 445F 		.string	"MOD_RALT"
 1563      5241 4C54 
 1563      00
 1564               	.LASF195:
 1565 0885 7377 6170 		.string	"swap_ralt_rgui"
 1565      5F72 616C 
 1565      745F 7267 
 1565      7569 00
 1566               		.text
 1567               		.section	.gnu.lto_.profile.61a2062f,"",@progbits
 1568 0000 789C 6367 		.string	"x\234cg`f`d"
 1568      6066 6064 
 1568      00
 1569 0009 0200      		.string	"\002"
 1570 000b 00        		.string	""
 1571 000c 6200      		.string	"b"
 1572 000e 0C        		.ascii	"\f"
 1573               		.text
 1574               		.section	.gnu.lto_.icf.61a2062f,"",@progbits
 1575 0000 789C 6367 		.string	"x\234cg`f\340c@"
 1575      6066 E063 
 1575      4000 
 1576 000a 2686 5773 		.string	"&\206Ws\227\234\342g\372sh\311^\026\006"
 1576      979C E267 
 1576      FA73 68C9 
 1576      5E16 0600 
 1577 001a 310C 0644 		.ascii	"1\f\006D"
 1578               		.text
 1579               		.section	.gnu.lto_.jmpfuncs.61a2062f,"",@progbits
 1580 0000 789C 6367 		.string	"x\234cg`f\020b@"
 1580      6066 1062 
 1580      4000 
 1581 000a 2606 4646 		.string	"&\006FF\306\372\231\314\fL\020\232\221\001"
 1581      C6FA 99CC 
 1581      0C4C 109A 
 1581      9101 00
 1582 0019 16AE 025E 		.ascii	"\026\256\002^"
 1583               		.text
 1584               		.section	.gnu.lto_.inline.61a2062f,"",@progbits
 1585 0000 789C 5591 		.ascii	"x\234U\221;K\003A\024\205\317\331Gv!\272l!V\026i\265\023\264"
 1585      3B4B 0341 
 1585      1485 CFD9 
 1585      4776 21BA 
 1585      6C21 5616 
 1586 0018 B010 FC29 		.ascii	"\260\020\374)\202Yb\347?\220Q\020S\004$6*\230B[\013\033\tb\036"
 1586      8259 62E7 
 1586      3F90 5110 
 1586      5304 2436 
 1586      2A98 425B 
 1587 0031 4613 6D44 		.ascii	"F\023mD\020\033A\024\3047\251B\032\013-\274\273\223\035q80g\276"
 1587      101B 4114 
 1587      C437 A942 
 1587      1A0B 2DBC 
 1587      BB93 1D71 
 1588 0049 B9F7 CEE5 		.ascii	"\271\367\316\345\216\007\033Y\013f\211\375\204Rj\333]\3440\302"
 1588      8E07 1B59 
 1588      0B66 89FD 
 1588      8452 6ADB 
 1588      5DE4 30C2 
 1589 005d A5B2 CD72 		.ascii	"\245\262\315r\255\267n\025\355\035\033\034g\215c\320\270\322"
 1589      ADB7 6E15 
 1589      ED1D 1B1C 
 1589      678D 63D0 
 1589      B8D2 
 1590 006f AD1C 381A 		.ascii	"\255\0348\032O\260n\360n\343\260D\215'\3310\370\350\352\241\223"
 1590      4FB0 6EF0 
 1590      6EE3 B044 
 1590      8D27 D930 
 1590      F8E8 EAA1 
 1591 0084 D178 9A4D 		.ascii	"\321x\232M\203\373\345\275\257A\221\031\236\032\274\366\323\337"
 1591      83FB E5BD 
 1591      AF41 9119 
 1591      9E1A BCF6 
 1591      D3DF 
 1592 0096 CF6A BC4A 		.ascii	"\317j\274J\266\f\257\227\276\217\007U\236\310\263\277G\037{U"
 1592      B60C AF97 
 1592      BE8F 0755 
 1592      9EC8 B3BF 
 1592      471F 7B55 
 1593 00aa 4FF3 67F2 		.ascii	"O\363g\362\334\360\366\365[3\320\374\205l\033\336\275\277\271"
 1593      DCF0 F6F5 
 1593      5B33 D0FC 
 1593      856C 1BDE 
 1593      BDBF B9
 1594 00bd 1BD2 FC95 		.ascii	"\033\322\374\225\354\030~r[-\272\232\277\223\027\2067\26767l"
 1594      EC18 7E72 
 1594      5B2D BA9A 
 1594      BF93 1786 
 1594      37B7 3637 
 1595 00d2 CD3F C8CB 		.ascii	"\315?\310\313\204\023\b\200\025\231\3252\220\221M9\013\226\314"
 1595      8413 0880 
 1595      1599 D532 
 1595      9091 4D39 
 1595      0B96 CC
 1596 00e5 6F2A B699 		.ascii	"o*\266\231\274\f\221\030\025\333r#5\007Q\020_xy\225\203(L\022"
 1596      BC0C 9118 
 1596      15DB 7223 
 1596      3507 5110 
 1596      5F78 7995 
 1597 00fd 2215 4294 		.ascii	"\"\025B\224\206\371\020\245a\016D\351\215\005\221\237\344\344"
 1597      86F9 10A5 
 1597      610E 44E9 
 1597      8D05 919F 
 1597      E4E4 
 1598 010f 5B84 6870 		.ascii	"[\204hp\310!\227\332\020aj}\370\251u\340\350\177\235\215Ky\005"
 1598      C821 97DA 
 1598      1061 6A7D 
 1598      F8A9 75E0 
 1598      E87F 9D8D 
 1599 0126 4AAA B46E 		.ascii	"J\252\264n\317'm\026\376\265>\022[7\322\031\370\005;\223\213"
 1599      CF27 6D16 
 1599      FEB5 3E12 
 1599      5B37 D219 
 1599      F805 3B93 
 1600 013b 96        		.ascii	"\226"
 1601               		.text
 1602               		.section	.gnu.lto_.pureconst.61a2062f,"",@progbits
 1603 0000 789C 6367 		.string	"x\234cg`f`g```bhaaja\001"
 1603      6066 6067 
 1603      6060 6062 
 1603      6861 616A 
 1603      6101 00
 1604 0013 04B0 0126 		.ascii	"\004\260\001&"
 1605               		.text
 1606               		.section	.gnu.lto_keycode_config.61a2062f,"",@progbits
 1607 0000 789C 8D98 		.string	"x\234\215\230\333S\024\331\035\307\373w\272\347~\3436\003\f\r3\214Z\021\253\262\211Z\251T
 1607      DB53 14D9 
 1607      1DC7 FB77 
 1607      BAE7 7EE3 
 1607      3603 0C0D 
 1608 007d AB04 208A 		.string	"\253\004 \212\242\374\306\026\265\023w\244\367V\217ER\354\262v\rk\3272\355\032\324\256\24
 1608      A2FC C616 
 1608      B513 77A4 
 1608      F756 8F45 
 1608      52EC B276 
 1609 015a EA9D 6207 		.string	"\352\235b\007\341\023\"J\026\253\315\356p\272\334\036\257/'7/\277\300\037(,*\016\226\310\
 1609      E113 224A 
 1609      16AB CDEE 
 1609      70BA DC1E 
 1609      AF2F 2737 
 1610 01e2 6760 AD80 		.string	"g`\255\200\232\007G\336\355\362X%\354\036;M\200U"
 1610      9A07 47DE 
 1610      EDF2 5825 
 1610      EC1E 3B4D 
 1610      8055 00
 1611 01f5 7A73 78D8 		.ascii	"zsx\330\222P\336-nU\022c\335p\353\267?\001*\244\203\240A\304"
 1611      9250 DE2D 
 1611      6E55 1263 
 1611      DD70 EBB7 
 1611      3F01 2AA4 
 1612 020d 2061 B060 		.ascii	" a\260`\260b\260a\260cp`pbpapc\360`\360b\360a\310\301\220\213"
 1612      B062 B061 
 1612      B063 7060 
 1612      7062 7061 
 1612      7063 F060 
 1613 0229 210F 433E 		.ascii	"!\017C>\206\002\f~\f\001\f\205\030\2120\024c\bb(\301 c(\305P"
 1613      8602 0C7E 
 1613      0C01 0C85 
 1613      188A 3014 
 1613      6308 6228 
 1614 0243 8621 8421 		.ascii	"\206!\204!\214\241\034C\004\303*\f\253\221s\r0\312ZQ\250\242"
 1614      8CA1 1C43 
 1614      04C3 2A0C 
 1614      AB91 730D 
 1614      30CA 5A51 
 1615 0259 B324 8192 		.ascii	"\263$\201\222\020\352D\022U\357\253\023\302CP>\233\255P\221\247"
 1615      10EA 4412 
 1615      55EF AB13 
 1615      C243 503E 
 1615      9BAD 5091 
 1616 026e A08B D6D1 		.ascii	"\240\213\326\321\273\230\270\206\232\362\264!\225p\304`W\264"
 1616      BB98 B886 
 1616      9AF2 B421 
 1616      9570 C460 
 1616      57B4 
 1617 0280 4651 F62D 		.ascii	"FQ\366-6\025wP`\241\2159\364\025\304\2006i9\371l+\301I#PA\213"
 1617      3615 7750 
 1617      60A1 8D39 
 1617      F415 C480 
 1617      3669 39F9 
 1618 029c 6FA2 27AA 		.ascii	"o\242'\252mi\305~/\025\300Yjw\233\210f\3029\246\351\234\356\354"
 1618      6D69 C57E 
 1618      2F15 C059 
 1618      6A77 9B88 
 1618      66C2 39A6 
 1619 02b4 9598 06A7 		.ascii	"\225\230\006\247\356\310\243\372\005OZ\363D\325\234W5\0045\027"
 1619      EEC8 A3FA 
 1619      054F 5AF3 
 1619      44D5 9C57 
 1619      3504 3517 
 1620 02c8 9866 CFE9 		.ascii	"\230f\317\351\303\r\3004\353i\361\352\324\236/!\2559\246j.\252"
 1620      C30D C034 
 1620      EB69 F1EA 
 1620      D49E 2F21 
 1620      AD39 A66A 
 1621 02de 1A1C 1C7C 		.ascii	"\032\034\034|\3154\377\276<v\336\3124\277\240\305x\364N\203/"
 1621      CD34 FFBE 
 1621      3C76 DECA 
 1621      34BF A0C5 
 1621      78F4 4E83 
 1622 02f3 ADF9 D683 		.ascii	"\255\371\326\203\232\001U#\241\346\022\323\274h\331?\257\215"
 1622      9A01 5523 
 1622      A1E6 12D3 
 1622      BC68 D93F 
 1622      AF8D 
 1623 0305 ED57 C833 		.ascii	"\355W\3103Tu\310\233\326<\007\324\f\252\032\013j.3"
 1623      5475 C89B 
 1623      D63C 07D4 
 1623      0CAA 1A0B 
 1623      6A2E 33
 1624 0318 4DED 9B17 		.string	"M\355\233\027\237\271\230\246\n\313\007\236E\027\255i\321\367\252hhIt\205\211N5,|\251\rn\
 1624      9FB9 98A6 
 1624      0ACB 079E 
 1624      4517 AD69 
 1624      D1F7 AA68 
 1625 0419 9278 5CD0 		.string	"\222x\\\320\314\315c?H\033\376E7\215\022\246;\013\306\240\033`\243\f\353i\026\356\302\006
 1625      CCCD 633F 
 1625      481B FE45 
 1625      378D 12A6 
 1625      3B0B C6A0 
 1626 0460 F7B4 23AD 		.ascii	"\367\264#\255N\224\266\335\335\357H\357\315\305K\252@MXx\352"
 1626      4E94 B6DD 
 1626      DDEF 48EF 
 1626      CDC5 4BAA 
 1626      404D 5878 
 1627 0475 DE41 0DDB 		.ascii	"\336A\r\333\252\266;<\315aW\260g\210Yq\216\363\234\211\305\332"
 1627      AAB6 3B3C 
 1627      CD61 57B0 
 1627      6788 5971 
 1627      8EF3 9C89 
 1628 048b 26DB FAC3 		.ascii	"&\333\372\303\b\272/E\3236\270OQw\252\273\236\246\223\003\365"
 1628      08BA 2F45 
 1628      D336 B84F 
 1628      5177 AABB 
 1628      9EA6 9303 
 1629 04a0 3522 F361 		.ascii	"5\"\363a\337A\300\201?\200\365\272\021\023\006#$6\204\231\372"
 1629      DF41 C081 
 1629      3F80 F5BA 
 1629      1113 0623 
 1629      2436 8499 
 1630 04b5 DB29 8961 		.ascii	"\333)\211a\002]O\006#$\216\334\372\366\330\221\3624\371\311\025"
 1630      025D 4F06 
 1630      2324 8EDC 
 1630      FAF6 D891 
 1630      F234 F9C9 
 1631 04ca 882C 5911 		.ascii	"\210,Y\021=2'\2324'\232bD\033\221\350\261\201\b\207\220\211`"
 1631      3D32 279A 
 1631      3427 9A62 
 1631      441B 91E8 
 1631      B181 0887 
 1632 04e1 E510 6C23 		.ascii	"\345\020l#c\243\3764\302\231A\242!\320.F-\254\265\215\271\242"
 1632      63A3 FE34 
 1632      C299 41A2 
 1632      21D0 2E46 
 1632      2DAC B58D 
 1633 04f7 FFC3 1321 		.ascii	"\377\303\023!\007\236\244\273|\250ui\343\272\264\327\306\207"
 1633      079E A4BB 
 1633      7CA8 7569 
 1633      E3BA B4D7 
 1633      C687 
 1634 0509 6CE9 2E67 		.ascii	"l\351.g\006\227\326\203\203_\017\363\351\365`c\333`\005\367\354"
 1634      0697 D683 
 1634      835F 0FF3 
 1634      E9F5 6063 
 1634      DB60 05F7 
 1635 051e 59B9 376D 		.ascii	"Y\2717m\356\336\214\271{O\271\365\360\255\301=\007\033\302\363"
 1635      EEDE 8CB9 
 1635      7B4F B9F5 
 1635      F0AD C13D 
 1635      071B C2F3 
 1636 0532 BDB5 AF45 		.ascii	"\275\265\257EF.\301wF3\035\034\2713\366\237\261\022}'\254d\246"
 1636      462E C177 
 1636      4633 1D1C 
 1636      B933 F69F 
 1636      B112 7D27 
 1637 0549 9376 99E9 		.ascii	"\223v\231\351\236\223\353\303u,5\252\357\246\336\313K\356\271"
 1637      9E93 EBC3 
 1637      752C 35AA 
 1637      EFA6 DECB 
 1637      4BEE B9
 1638 055c 79F7 4E5C 		.ascii	"y\367N\\\326\334\263\263\2657\223\351\236++\367f\315\335{f\356"
 1638      D6DC B3B3 
 1638      B537 93E9 
 1638      9E2B 2BF7 
 1638      66CD DD7B 
 1639 0572 DE73 CEBD 		.ascii	"\336s\316\275\027\006\367\334t\b\231v\2719T\017\277}\246V@\360"
 1639      1706 F7DC 
 1639      7408 9976 
 1639      B939 540F 
 1639      BF7D A656 
 1640 0588 6485 3067 		.ascii	"d\2050g\216\360\322\034\341{n\373\2742 x\351\0202\267\217\227"
 1640      8EF0 D21C 
 1640      E17B 6EFB 
 1640      BC32 2078 
 1640      E910 32B7 
 1641 059e 43F0 5675 		.ascii	"C\360Vu\265\004\323\bs:\002\355\242C\233q\037\332\360\304\330"
 1641      B504 D308 
 1641      733A 02ED 
 1641      A243 9B71 
 1641      1FDA F0C4 
 1642 05b3 878F EBC3 		.ascii	"\207\217\353\303\327\330?\341N\3671\317\315x\016?\343\007\032"
 1642      D7D8 3FE1 
 1642      4EF7 31CF 
 1642      CD78 0E3F 
 1642      E307 1A
 1643 05c6 8AD9 8C3B 		.ascii	"\212\331\214;\324v\2377\224f\330\225\223\225]\363\346v\375`n"
 1643      D476 9F37 
 1643      9466 D895 
 1643      9395 5DF3 
 1643      E676 FD60 
 1644 05db D76B CEAE 		.ascii	"\327k\316\256\224\301\256\\6\004\375\227\262\b\004\026\214\344"
 1644      94C1 AE5C 
 1644      3604 FD97 
 1644      B208 0416 
 1644      8CE4 
 1645 05ed B91C 792E 		.ascii	"\271\034y.\277"
 1645      BF
 1646 05f2 5F7A 1B2A 		.string	"_z\033*\226\210~\312\032\347eE\364\346\307\210z\b\022\275\3751\242\343*\321;n\r/\032\210\
 1646      9688 7ECA 
 1646      1AE7 6545 
 1646      F4E6 C788 
 1646      7A08 12BD 
 1647 06f3 4A39 F292 		.ascii	"J9\362\222\266\246\204W_\353\034\271\274l\2557i\344\300\326z"
 1647      B6A6 8457 
 1647      5FEB 1CB9 
 1647      BC6C AD37 
 1647      69E4 C0D6 
 1648 0708 5326 7959 		.ascii	"S&yYV\344;\315\311[\315\311\3338\362]\006\362\020\035B&j\210"
 1648      56E4 3BCD 
 1648      C95B CDC9 
 1648      DB38 F25D 
 1648      06F2 101D 
 1649 0720 432D E551 		.ascii	"C-\345Q{\233\226P\313\226\375\206I\243\212\3547\314\n\250\341"
 1649      7B9B 9650 
 1649      CB96 FD86 
 1649      49A3 8AEC 
 1649      37CC 0AA8 
 1650 0735 AC50 DBCD 		.ascii	"\254P\333\315Qc\346\250\237r\250\035\006\324r6\204\035\013\223"
 1650      5163 E6A8 
 1650      9F72 A81D 
 1650      06D4 7236 
 1650      841D 0B93 
 1651 0749 A7AC 6C92 		.ascii	"\247\254l\222\023\002\304\215\350\345\034z\210G?\303\241\207"
 1651      1302 C48D 
 1651      E8E5 1C7A 
 1651      8847 3FC3 
 1651      A187 
 1652 075b 79F4 9934 		.ascii	"y\364\2314:a\0374V@\217d\205\276\333\034}\2179z'\207\336e@_E"
 1652      3A61 1F34 
 1652      5640 8F64 
 1652      85BE DB1C 
 1652      7D8F 397A 
 1653 0776 8790 89BA 		.ascii	"\207\220\211\272\212C-\347Q\3478\324\310\300\303G\213\"c\005"
 1653      8A43 2DE7 
 1653      51E7 38D4 
 1653      C8C0 C347 
 1653      8B22 6305 
 1654 078a F513 CC53 		.ascii	"\365\023\314S BL\\M\263/a5~*\220R\315rL\\#\366\355\f\3407\nK"
 1654      2042 4C5C 
 1654      4DB3 2F61 
 1654      357E 2A90 
 1654      52CD 724C 
 1655 07a7 BC55 E6DF 		.ascii	"\274U\346\337y\t}\301\334Kd[\274\275\f_\367\355\311v\031U\326"
 1655      7909 7DC1 
 1655      DC4B 645B 
 1655      BCBD 0C5F 
 1655      F7ED C976 
 1656 07be 782C 80F5 		.ascii	"x,\200\365\316x\\\255w%\3432~Cp\304w\007"
 1656      CE78 5CAD 
 1656      7725 E332 
 1656      7E43 70C4 
 1656      7707 
 1657 07d0 F0EA 4EED 		.ascii	"\360\352N\355V\333y\006\313\260\231\257'\204\255\274\251\275"
 1657      56DB 7906 
 1657      CBB0 99AF 
 1657      2784 ADBC 
 1657      A9BD 
 1658 07e2 AA2A 37F5 		.ascii	"\252*7\365`\\\304\327\363\274\276\211\204\210_\004rR\023\343"
 1658      605C C4D7 
 1658      F3BC BE89 
 1658      8488 5F04 
 1658      7252 13E3 
 1659 07f6 0453 05A9 		.ascii	"\004S\005\251I\226\362\367M\321\024}\357\317OM\321\024\275\t"
 1659      4996 F2F7 
 1659      4DD1 147D 
 1659      EFCF 4F4D 
 1659      D114 BD09 
 1660 080a 24A7 59E3 		.ascii	"$\247Y\343\302\236\017\260i\361\366\315\330\260(\371\035\315"
 1660      C29E 0FB0 
 1660      69F1 F6CD 
 1660      D8B0 28F9 
 1660      1DCD 
 1661 081c 9F05 B9A4 		.ascii	"\237\005\271\244o\226\346\007@\016\246fi\r\275)M\276\24054%\307"
 1661      6F96 E607 
 1661      400E A666 
 1661      690D BD29 
 1661      4DBE A035 
 1662 0833 E768 CD79 		.ascii	"\347h\315y\220C\2519Zs\021\344\262\276W\264\206\336\224\307\347"
 1662      9043 A939 
 1662      5A73 11E4 
 1662      B2BE 57B4 
 1662      86DE 94C7 
 1663 0848 690D 4D85 		.ascii	"i\rM\205\223\363\343\364\005|\r\331\376w\241\226\366\243:G\004"
 1663      93F3 E3F4 
 1663      057C 0DD9 
 1663      FE77 A196 
 1663      F6A3 3A47 
 1664 085d A1F8 2F5B 		.ascii	"\241\370/[\376\260\371\343-\037\376\354\203M\177\253\374\350"
 1664      FEB0 F9E3 
 1664      2D1F FEEC 
 1664      834D 7FAB 
 1664      FCE8 
 1665 086f FD4D BFAF 		.ascii	"\375M\277\257\374h\363\037\377\374\247\367*\005\233V\0234f\336"
 1665      FC68 F31F 
 1665      FFFC A7F7 
 1665      2A05 9B56 
 1665      1334 66DE 
 1666 0883 ABFC E5A6 		.ascii	"\253\374\345\246\r\225?\337\370\276\360\177\262\327,\252"
 1666      0D95 3FDF 
 1666      F8BE F07F 
 1666      B2D7 2CAA 
 1667               		.text
 1668               		.section	.gnu.lto_mod_config.61a2062f,"",@progbits
 1669 0000 789C 8D56 		.string	"x\234\215V[oTU\024\336\353\\\346\234\2319\235\373\265L\333\341\336\360\200\\\036\214>\221
 1669      5B6F 5455 
 1669      14DE EB5C 
 1669      E69C 9939 
 1669      9DFB B54C 
 1670 0031 4E5B 0B22 		.string	"N[\013\"\225J\2515P\304\030\323r\033\004\205b\025\254\027JEQ\247Z\240\215\\DQ*\255k_f:g\3
 1670      954A A935 
 1670      50C4 18D3 
 1670      721B 0485 
 1670      6215 AC17 
 1671 00fd D893 A903 		.ascii	"\330\223\251\003\331,\311\212\352\322t\267\307kT\370\374\201"
 1671      D92C C98A 
 1671      EAD2 74B7 
 1671      C76B 54F8 
 1671      FC81 
 1672 010f 6028 1C89 		.ascii	"`(\034\211\306\342\t\330\f\257\312;d\270v\366\327;\336e\275\246"
 1672      C6E2 09D8 
 1672      0CAF CA3B 
 1672      64B8 76F6 
 1672      D73B DE65 
 1673 0125 D968 E63A 		.string	"\331h\346:\356j\235\255\027M\271S&\344\r\231\300\352\024\254H\021\372\007Ga\031&\347w\215
 1673      EE6A 9DAD 
 1673      174D B953 
 1673      26E4 0D99 
 1673      C0EA 14AC 
 1674 0226 4E42 8A45 		.string	"NB\212Er\263\315\333\264\225\375\270\221\3315\210a\005N\301~\330\311\272\217\341\261s\255
 1674      72B3 CDDB 
 1674      B495 FDB8 
 1674      91D9 3588 
 1674      6105 4EC1 
 1675 0268 1438 83FB 		.ascii	"\0248\203\373\344\241\351\332\3513\205$\314\330"
 1675      E4A1 E9DA 
 1675      E933 8524 
 1675      CCD8 
 1676 0276 DE70 356F 		.string	"\336p5o\360\f\002\237\002\267\317V\231\036jS*\324\373G&)\352\335\322\256\221\0169\335!\37
 1676      F00C 029F 
 1676      02B7 CF56 
 1676      991E 6A53 
 1676      2AD4 FB47 
 1677 0377 8BEF FDE9 		.string	"\213\357\375\351\340\003\225\273!\001\237\027\233\347\266\270\341\250S\367\302\310\211\00
 1677      E003 95BB 
 1677      2101 9F17 
 1677      9BE7 B6B8 
 1677      E1A8 53F7 
 1678 0397 866D BD08 		.ascii	"\206m\275\b3\206\223N\335\213`\024\031\336\274q\366Oa\367\b|"
 1678      3386 934E 
 1678      DD8B 6014 
 1678      19DE BC71 
 1678      F64F 61F7 
 1679 03ad 6123 8830 		.ascii	"a#\2100A\036\2139\362Y\2539\026\322\372lnX\310\330xA\336R7L8"
 1679      411E 8B39 
 1679      F259 AB39 
 1679      16D2 FA6C 
 1679      6E58 C8D8 
 1680 03c8 D513 E5F5 		.ascii	"\325\023\345\365\f\234\312\f\bwO\002|i\223\023e\f\223N\365\304"
 1680      0C9C CA0C 
 1680      0877 4F02 
 1680      7C69 9313 
 1680      650C 934E 
 1681 03de 30CA 7A68 		.ascii	"0\312zh]\021c\002\f\0077\270\371Y\313\332o.\345\177]U\027\036"
 1681      5D11 6302 
 1681      0C07 37B8 
 1681      F959 CBDA 
 1681      6F2E E57F 
 1682 03f6 7E55 5D7C 		.ascii	"~U]|\350U\365\025\277\252V\323\253j\244\354\252R\271\202\311"
 1682      E855 F515 
 1682      BFAA 56D3 
 1682      AB6A A4EC 
 1682      AA52 B982 
 1683 040b D64B F715 		.ascii	"\326K\367\025>\031\200\257\313\255\251\316Y\323\215\275\243s"
 1683      3E19 80AF 
 1683      CBAD A9CE 
 1683      59D3 8DBD 
 1683      A373 
 1684 041d 88B8 EF77 		.ascii	"\210\270\357w\017\2415u\017~\210y\317\367PkVX\2549]f\315E\330"
 1684      0FA1 3575 
 1684      0F7E 8879 
 1684      CFF7 506B 
 1684      5658 AC39 
 1685 0436 06BB 3517 		.ascii	"\006\2735\027\225\334L>\213\027g\235f\027"
 1685      95DC 4C3E 
 1685      8B17 679D 
 1685      6617 
 1686 0444 A724 F69B 		.string	"\247$\366\233(\316\317~\233\303\254\022\030e%YW$\330\216~\213\331\016\264Y\315\266\0307\3
 1686      28CE CF7E 
 1686      9BC3 AC12 
 1686      1865 2559 
 1686      5724 D88E 
 1687 0545 2E97 4F5F 		.ascii	".\227O_\233\233\276\027\325\007\261\023\251\360\340!:}O\004?"
 1687      9B9B BE17 
 1687      D507 B113 
 1687      A9F0 E021 
 1687      3A7D 4F04 
 1688 055a 5447 5FEB 		.ascii	"TG_\353\247\323\217[\246\337\335\316\247\217*\273^*\310\304\275"
 1688      A7D3 8F5B 
 1688      A6DF DDCE 
 1688      A78F 2ABB 
 1688      5E2A C8C4 
 1689 056f 26FE 3EFC 		.ascii	"&\376>\374\236V\237\247\271i,\037\345\321\303\314\177\335\216"
 1689      9E56 9FA7 
 1689      B969 2C1F 
 1689      E5D1 C3CC 
 1689      7FDD 8E
 1690 0582 413D 3F85 		.ascii	"A=?\205\355s\316i\271,\264\326\320T\373\344kX\335\t\207\272\r"
 1690      ED73 CE69 
 1690      B92C B4D6 
 1690      D054 FBE4 
 1690      6B58 DD09 
 1691 0599 FEFD DBCE 		.ascii	"\376\375\333\316\353\236B\035/p&\203\325b _\f\367\257\211\017"
 1691      EB9E 421D 
 1691      2F70 2683 
 1691      D562 205F 
 1691      0CF7 AF89 
 1692 05ae 1EB9 0EF8 		.ascii	"\036\271\016\370{\0238\207DH\362\371MOoxq\323\372G\236\253\177"
 1692      7B13 3887 
 1692      4448 F2F9 
 1692      4D4F 6F78 
 1692      71D3 FA47 
 1693 05c5 A56E E3DA 		.ascii	"\245n\343\332\372\247\3526nX\367\3543\313\353\210\274~\343\332"
 1693      FAA7 EA36 
 1693      6E58 F7EC 
 1693      33CB EB88 
 1693      BC7E E3DA 
 1694 05d9 CAF2 B7CB 		.ascii	"\312\362\267\313\353\036\255_U\267b\365Z\362\037\244\202\353"
 1694      EB1E AD5F 
 1694      55B7 62F5 
 1694      5AF2 1FA4 
 1694      82EB 
 1695 05eb 2C        		.ascii	","
 1696               		.text
 1697               		.section	.gnu.lto_.symbol_nodes.61a2062f,"",@progbits
 1698 0000 789C 6367 		.string	"x\234cg`f\260f"
 1698      6066 B066 
 1698      00
 1699 0009 0226 867A 		.string	"\002&\206z\206\246\206\206\006\026\306\t\347\030\200l\206]\r\216\f\214@\tV&\006\005\220<c
 1699      86A6 8686 
 1699      0616 C609 
 1699      E718 806C 
 1699      865D 0D8E 
 1700 002e 8C5E 0C31 		.ascii	"\214^\f1"
 1701               		.text
 1702               		.section	.gnu.lto_.refs.61a2062f,"",@progbits
 1703 0000 789C 0DC9 		.string	"x\234\r\311\241\022@@"
 1703      A112 4040 
 1703      00
 1704 0009 06E1 DD33 		.ascii	"\006\341\3353F\020\256\252\202j\206$\335\273\013\252$I\036\305"
 1704      4610 AEAA 
 1704      826A 8624 
 1704      DDBB 0BAA 
 1704      2449 1EC5 
 1705 001d 3FB3 5FDA 		.ascii	"?\263_\332\201\216\006T\260\307\021+N8\343\202+\356x\340\231"
 1705      818E 0654 
 1705      B0C7 112B 
 1705      4E38 E382 
 1705      2BEE 78E0 
 1706 0032 7DC5 1D4F 		.ascii	"}\305\035O\274\361Q\n\246\215\037\253H\006\227"
 1706      BCF1 510A 
 1706      A68D 1FAB 
 1706      4806 97
 1707               		.text
 1708               		.section	.gnu.lto_.decls.61a2062f,"",@progbits
 1709 0000 789C 7D56 		.string	"x\234}V]LTG\024\236sg\201ee\301 mP\267\211\211`Jb\0245\2655}h\253m\332\247\246I\343C\2376
 1709      5D4C 5447 
 1709      149E 7367 
 1709      8165 65C1 
 1709      206D 50B7 
 1710 00b4 5A20 5A10 		.string	"Z Z\020\343G\013\206\377\326.f8E\253\351\177\352\371\323\236K\241\255\360\344\244.\207\30
 1710      E347 0B86 
 1710      FFD6 2E66 
 1710      3845 ABE9 
 1710      7FEA F9D3 
 1711 011f 438E 2CEF 		.string	"C\216,\357\226[d\331\020I\240\006L\340\006\023\201\313\300kWC,\201?p\261\212-\326\202\001
 1711      965B 64D9 
 1711      1049 A006 
 1711      4CE0 0613 
 1711      81CB C06B 
 1712 0169 C773 FA3A 		.string	"\307s\372:\244\377\223\321\327s\372\312\212\312\002]/\364"
 1712      A4FF 93D1 
 1712      D773 FACA 
 1712      8ACA 025D 
 1712      2FF4 00
 1713 017c 3B06 103B 		.ascii	";\006\020;\004\240L\300M\370\300]\234%1)K\240\300\210\372\254"
 1713      04A0 4CC0 
 1713      4DF8 C05D 
 1713      9C25 3129 
 1713      4BA0 C088 
 1714 0192 A0C4 BAE4 		.ascii	"\240\304\272\344%\344\177@\024\276Yu\bn\005\342%dk\222zb\202"
 1714      25E4 7F40 
 1714      14BE 5975 
 1714      086E 05E2 
 1714      2564 6B92 
 1715 01a9 5F81 F18E 		.ascii	"_\201\361\216\001\242e\020\274\032\001s\202\242\260&\254}KP["
 1715      01A2 6510 
 1715      BC1A 0173 
 1715      82A2 B026 
 1715      AC7D 4B50 
 1716 01be E250 5DD9 		.ascii	"\342P]\331Q=\375\212\357c\343\364\330\023I\207\345\331\021\300"
 1716      513D FD8A 
 1716      EF63 E3F4 
 1716      D813 4987 
 1716      E5D9 11C0 
 1717 01d2 0E1D 5B73 		.ascii	"\016\035[s\235/\356\016\214\314c=\340\226\345e\300Cb{\t\\\207"
 1717      9D2F EE0E 
 1717      8CCC 633D 
 1717      E096 E565 
 1717      C043 627B 
 1718 01e9 48FC BC06 		.ascii	"H\374\274\006:\301\225_]\224\273`y\211\354\352\223\335\263\205"
 1718      3AC1 955F 
 1718      5D94 BB60 
 1718      7989 ECEA 
 1718      93DD B385 
 1719 01fd EF96 96A6 		.ascii	"\357\226\226\246\313\225\230\367\261\304\200\320\200\207\301"
 1719      CB95 98F7 
 1719      B1C4 80D0 
 1719      8087 C1
 1720 020c 4E82 556F 		.ascii	"N\202Uo\340\255\004W\241\027\242\336, p\003\226c\376\205\247"
 1720      E0AD 0457 
 1720      A117 A2DE 
 1720      2C20 7003 
 1720      9663 FE85 
 1721 0221 BF7D 4277 		.ascii	"\277}Bwq)\243CS\r\301\\J\275GJNc\375\021\243VJ\275FJ\023\227"
 1721      7129 A343 
 1721      530D C15C 
 1721      4ABD 474A 
 1721      4E63 FD11 
 1722 023d D2A8 4A99 		.ascii	"\322\250J\231\330\337\3640T\221\322Q"
 1722      D8DF F430 
 1722      5491 D251 
 1723 0249 1CDE 2ACB 		.string	"\034\336*\313\2071\315%1\034\334\324(\271\251Q\322\203J\232\205\222;\271\330]\231\300\265
 1723      8731 CD25 
 1723      311C DCD4 
 1723      28B9 A951 
 1723      D283 4A9A 
 1724 034a 8F82 C263 		.ascii	"\217\202\302cX\004k\225\263]m\342\313#\020\r\367\201]}\245\274"
 1724      5804 6B95 
 1724      B35D 6DE2 
 1724      CB23 100D 
 1724      F781 5D7D 
 1725 0360 079A 363B 		.ascii	"\007\2326;\345\234\245x\177\020\216V/\025\206\307\2175\n\020"
 1725      E59C A578 
 1725      7F10 8E56 
 1725      2F15 86C7 
 1725      8F35 0A10 
 1726 0374 D967 0669 		.ascii	"\331g\006i\246\274w)'\351\234\307\035\353\345^\353\315\250\375"
 1726      A6BC 7729 
 1726      27E9 9CC7 
 1726      1DEB E55E 
 1726      EBCD A8FD 
 1727 0388 ACA5 1378 		.ascii	"\254\245\023x\340\216\177|\033\327\222\313\264\264\310\240\271"
 1727      E08E 7F7C 
 1727      1BD7 92CB 
 1727      B4B4 C8A0 
 1727      B9
 1728 0399 D684 1EEC 		.ascii	"\326\204\036\3540x\n1\360\f\241\317\321\376A\373\033m\fm\030"
 1728      3078 0A31 
 1728      F00C A1CF 
 1728      D1FE 41FB 
 1728      1B6D 0C6D 
 1729 03ae ED05 DA13 		.ascii	"\355\005\332\023\264Q\264\207h\217 \232x\004<\372T\025\320\345"
 1729      B451 B487 
 1729      688F 209A 
 1729      7804 3CFA 
 1729      5415 D0E5 
 1730 03c2 7F33 EE71 		.ascii	"\1773\356q\001\307\371f<\373\032/i\006$jk{\311\306\007\274\357"
 1730      01C7 F966 
 1730      3CFB 1A2F 
 1730      6906 246A 
 1730      6B7B C9C6 
 1731 03d9 3FE4 9F4E 		.ascii	"?\344\237N\263c/<\345\357\372\177\177\r\376\272\007?\340\237"
 1731      B363 2F3C 
 1731      E5EF FA7F 
 1731      7F0D FEBA 
 1731      073F E09F 
 1732 03ed BF1F BC09 		.ascii	"\277\037\274\tS\233\324\204\277\374'h\016\244\337S\240\307?\276"
 1732      539B D484 
 1732      BFFC 2768 
 1732      0EA4 DF53 
 1732      A0C7 3FBE 
 1733 0401 5B53 A0D6 		.ascii	"[S\240\326\2230\350?\241M\223\320\346Ix\340?\241O\0349\325\225"
 1733      9330 E83F 
 1733      A14D 93D0 
 1733      E649 78E0 
 1733      3FA1 4F1C 
 1734 0418 D49C B968 		.ascii	"\324\234\271h\200\350\210\230ho/\272\323\2518\200q\210\360\331"
 1734      80E8 8898 
 1734      686F 2FBA 
 1734      D3A9 3880 
 1734      7188 F0D9 
 1735 042c 8D07 7DB5 		.ascii	"\215\007}\265\n\003\263Vy\205\2552\201%^\2126\020\247z\377G\312"
 1735      0A03 B356 
 1735      7985 AD32 
 1735      8125 5E8A 
 1735      3610 A77A 
 1736 0443 8E15 313E 		.ascii	"\216\0251>\216uh\200\212\242\354JnE\321\376\352\342\367\2607"
 1736      8E75 6880 
 1736      8AA2 EC4A 
 1736      6E45 D1FE 
 1736      EAE2 F7B0 
 1737 0458 EFE0 9491 		.ascii	"\357\340\224\221\366\361\357\2414x|bT\0071\021\242F\307{\254"
 1737      F6F1 EFA1 
 1737      3478 7C62 
 1737      5407 3111 
 1737      A246 C77B 
 1738 046d C46B CC9D 		.ascii	"\304k\314\235\324\334\213\254\244O\3050\205B\375\210\306B'\317"
 1738      D4DC 8BAC 
 1738      A44F C530 
 1738      8542 FD88 
 1738      C642 27CF 
 1739 0481 DDB8 6C5C 		.ascii	"\335\270l\\qTv\311\3547`\345\356\343\351\356J\0318}\213\240\327"
 1739      7154 76C9 
 1739      EC37 60E5 
 1739      EEE3 E9EE 
 1739      4A19 387D 
 1740 0498 48C4 1512 		.ascii	"H\304\025\022\325\214\267\356\033X\201\271\205\373\252\273\202"
 1740      D58C B7EE 
 1740      1B58 81B9 
 1740      85FB AABB 
 1740      82
 1741 04a9 43F6 7AFE 		.ascii	"C\366z\376Q\340Y^\3644\204pi8#\270\310\225=e\210\372Y\374{R\256"
 1741      51E0 595E 
 1741      F434 8470 
 1741      6938 23B8 
 1741      C895 3D65 
 1742 04c4 2790 F036 		.ascii	"'\220\3606\377\035Q\177;g \nQ\035eg\313\215\002\345\256/\nO\227"
 1742      FF1D 517F 
 1742      3B67 200A 
 1742      511D 6567 
 1742      CB8D 02E5 
 1743 04dd 9D30 1F38 		.ascii	"\2350\0378\313\201\371U\316\n\205\316\335\366\016\022\316\207"
 1743      CB81 F955 
 1743      CE0A 85CE 
 1743      DDF6 0E12 
 1743      CE87 
 1744 04ef C912 83C9 		.ascii	"\311\022\203\311\305\245\355\301\n\354\221\311\007,\235\303\272"
 1744      C5A5 EDC1 
 1744      0AEC 91C9 
 1744      072C 9DC3 
 1744      BA
 1745 0500 9D55 CF54 		.ascii	"\235U\317T\266{K}\300vs\2303\343\373\242P\005\326\237!\303\306"
 1745      B67B 4B7D 
 1745      C076 7398 
 1745      33E3 FBA2 
 1745      5005 D69F 
 1746 0517 F9B0 0C0E 		.ascii	"\371\260\f\016\273\235{\363i\230\252-\323\007,\223\303~*\351"
 1746      BB9D 7BF3 
 1746      6998 AA2D 
 1746      D307 2C93 
 1746      C37E 2AE9 
 1747 052b 7FA0 53B5 		.ascii	"\177\240S\2659}\300\234\034V5Vv*D\205e\371\200eqX^U\376!\252"
 1747      397D C09C 
 1747      1C56 3556 
 1747      762A 4485 
 1747      65F9 8065 
 1748 0546 C06A 237D 		.ascii	"\300j#}\274B6\207\235\350\316\310\tTa\213}\300r8,?\267\365\027"
 1748      BC42 3687 
 1748      9DE8 CEC8 
 1748      0954 618B 
 1748      7DC0 7238 
 1749 055f 75DF 6A97 		.ascii	"u\337j\227\370\200\355\221\242H\344wi\226dG\332\266\325I\361"
 1749      F880 ED91 
 1749      A248 E477 
 1749      6996 6447 
 1749      DAB6 D549 
 1750 0574 BBAC F6B8 		.ascii	"\273\254\366\270x\263\325\236\374m\342\326UV\375\347_n^\266i"
 1750      78B3 D59E 
 1750      FC6D E2D6 
 1750      5556 FDE7 
 1750      5F6E 5EB6 
 1751 0589 C306 B264 		.ascii	"\303\006\262d~d\225\365\375\370\265\326\330uqD\237\226\230\354"
 1751      7E64 95F5 
 1751      FDF8 B5D6 
 1751      D875 7144 
 1751      9F96 98EC 
 1752 059d 58B3 DEEC 		.ascii	"X\263\336\354\bb\017\037\230\035\241s\261\213\375\221\023\303"
 1752      0862 0F1F 
 1752      981D A173 
 1752      B18B FD91 
 1752      13C3 
 1753 05af 367B 9CE2 		.ascii	"6{\234\342\0311\270\315\262]\361h\212eg\200y\243\335n\013\263"
 1753      1931 B8CD 
 1753      B25D F168 
 1753      8A65 6780 
 1753      79A3 DD6E 
 1754 05c5 27C7 A726 		.ascii	"'\307\247&\330\035\346\270\304T\313\026[|h\352ND\245X\0356s\312"
 1754      D81D E6B8 
 1754      C454 CB16 
 1754      5B7C 68EA 
 1754      4E44 A558 
 1755 05dd D6B4 44E1 		.ascii	"\326\264D\341\332\230kCW\227\234\224b\217\344k[,\326\244T\233"
 1755      DA98 6B43 
 1755      5797 9C94 
 1755      628F E46B 
 1755      5B2C D6A4 
 1756 05f3 2535 413C 		.ascii	"%5A<m\267X\225\334\255)\226\035\361\346\370Tk`\262\335\354\241"
 1756      6DB7 5895 
 1756      DCAD 2996 
 1756      1DF1 E6F8 
 1756      546B 60B2 
 1757 060a 48B1 D81C 		.ascii	"H\261\330\034ZF\3462\306EV\313\366T\233\335\232dv\330\2318G\212"
 1757      5A46 E632 
 1757      C645 56CB 
 1757      F654 9BDD 
 1757      9A64 76D8 
 1758 0622 DDF6 1687 		.ascii	"\335\366\026\207(\216Y\005\370{\315\004\0226\347\335\314\216"
 1758      288E 5905 
 1758      F87B CD04 
 1758      1236 E7DD 
 1758      CC8E 
 1759 0634 7F01 3739 		.ascii	"\177\00179y#"
 1759      7923 
 1760               		.text
 1761               		.section	.gnu.lto_.symtab.61a2062f,"",@progbits
 1762 0000 6B65 7963 		.string	"keycode_config"
 1762      6F64 655F 
 1762      636F 6E66 
 1762      6967 00
 1763 000f 00        		.string	""
 1764 0010 00        		.string	""
 1765 0011 00        		.string	""
 1766 0012 00        		.string	""
 1767 0013 00        		.string	""
 1768 0014 00        		.string	""
 1769 0015 00        		.string	""
 1770 0016 00        		.string	""
 1771 0017 00        		.string	""
 1772 0018 00        		.string	""
 1773 0019 00        		.string	""
 1774 001a CB00      		.string	"\313"
 1775 001c 00        		.string	""
 1776 001d 00        		.string	""
 1777 001e 6D6F 645F 		.string	"mod_config"
 1777      636F 6E66 
 1777      6967 00
 1778 0029 00        		.string	""
 1779 002a 00        		.string	""
 1780 002b 00        		.string	""
 1781 002c 00        		.string	""
 1782 002d 00        		.string	""
 1783 002e 00        		.string	""
 1784 002f 00        		.string	""
 1785 0030 00        		.string	""
 1786 0031 00        		.string	""
 1787 0032 00        		.string	""
 1788 0033 00        		.string	""
 1789 0034 CF00      		.string	"\317"
 1790 0036 00        		.string	""
 1791 0037 00        		.string	""
 1792 0038 6B65 796D 		.string	"keymap_config"
 1792      6170 5F63 
 1792      6F6E 6669 
 1792      6700 
 1793 0046 00        		.string	""
 1794 0047 02        		.ascii	"\002"
 1795 0048 00        		.string	""
 1796 0049 00        		.string	""
 1797 004a 00        		.string	""
 1798 004b 00        		.string	""
 1799 004c 00        		.string	""
 1800 004d 00        		.string	""
 1801 004e 00        		.string	""
 1802 004f 00        		.string	""
 1803 0050 00        		.string	""
 1804 0051 FC00      		.string	"\374"
 1805 0053 00        		.string	""
 1806 0054 00        		.string	""
 1807               		.text
 1808               		.section	.gnu.lto_.opts,"",@progbits
 1809 0000 272D 666E 		.ascii	"'-fn"
 1810 0004 6F2D 6F70 		.string	"o-openmp' '-fno-openacc' '-fno-pie' '-mn-flash=1' '-mno-skip-bug' '-mmcu=avr5' '-Os' '-We
 1810      656E 6D70 
 1810      2720 272D 
 1810      666E 6F2D 
 1810      6F70 656E 
 1811               		.text
 1812               		.comm	__gnu_lto_v1,1,1
 1813               		.comm	__gnu_lto_slim,1,1
 1814               		.ident	"GCC: (GNU) 8.4.0"
DEFINED SYMBOLS
                            *ABS*:0000000000000000 keycode_config.c
C:\Users\Roningo\AppData\Local\Temp\ccLe8QQK.s:2      *ABS*:000000000000003e __SP_H__
C:\Users\Roningo\AppData\Local\Temp\ccLe8QQK.s:3      *ABS*:000000000000003d __SP_L__
C:\Users\Roningo\AppData\Local\Temp\ccLe8QQK.s:4      *ABS*:000000000000003f __SREG__
C:\Users\Roningo\AppData\Local\Temp\ccLe8QQK.s:5      *ABS*:0000000000000000 __tmp_reg__
C:\Users\Roningo\AppData\Local\Temp\ccLe8QQK.s:6      *ABS*:0000000000000001 __zero_reg__
C:\Users\Roningo\AppData\Local\Temp\ccLe8QQK.s:16     .gnu.debuglto_.debug_info:0000000000000000 keycode_config.c.c7e2c03d
                            *COM*:0000000000000001 __gnu_lto_v1
                            *COM*:0000000000000001 __gnu_lto_slim

NO UNDEFINED SYMBOLS
