   1               		.file	"magic.c"
   2               	__SP_H__ = 0x3e
   3               	__SP_L__ = 0x3d
   4               	__SREG__ = 0x3f
   5               	__tmp_reg__ = 0
   6               	__zero_reg__ = 1
   7               		.file 1 "e:\\game\\msys2\\mingw64\\avr\\include\\stdint.h"
   8               		.file 2 "tmk_core/common/debug.h"
   9               		.file 3 "tmk_core/common/action.h"
  10               		.file 4 "lib/lufa/LUFA/Drivers/USB/Core/AVR8/../StdRequestType.h"
  11               		.file 5 "lib/lufa/LUFA/Drivers/USB/Core/AVR8/../DeviceStandardReq.h"
  12               		.file 6 "lib/lufa/LUFA/Drivers/USB/Core/USBTask.h"
  13               		.file 7 "lib/lufa/LUFA/Drivers/USB/Core/HostStandardReq.h"
  14               		.file 8 "e:\\game\\msys2\\mingw64\\avr\\include\\stdio.h"
  15               		.file 9 "tmk_core/common/host.h"
  16               		.file 10 "quantum/keycode_config.h"
  17               		.file 11 "tmk_core/common/timer.h"
  18               		.file 12 "quantum/sequencer/sequencer.h"
  19               		.file 13 "quantum/keymap.h"
  20               		.file 14 "tmk_core/common/action_layer.h"
  21               		.file 15 "quantum/bootmagic/magic.c"
  22               		.section	.gnu.debuglto_.debug_info,"",@progbits
  23               	.Ldebug_info0:
  24               		.hidden	magic.c.6ac71999
  25               		.weak	magic.c.6ac71999
  26               	magic.c.6ac71999:
  27 0000 3806 0000 		.long	0x638
  28 0004 0200      		.word	0x2
  29 0006 0000 0000 		.long	.Ldebug_abbrev0
  30 000a 04        		.byte	0x4
  31 000b 01        		.uleb128 0x1
  32 000c 0000 0000 		.long	.LASF88
  33 0010 0C        		.byte	0xc
  34 0011 0000 0000 		.long	.LASF89
  35 0015 0000 0000 		.long	.LASF90
  36 0019 0000 0000 		.long	.Ldebug_line0
  37 001d 02        		.uleb128 0x2
  38 001e 01        		.byte	0x1
  39 001f 06        		.byte	0x6
  40 0020 0000 0000 		.long	.LASF0
  41 0024 03        		.uleb128 0x3
  42 0025 0000 0000 		.long	.LASF2
  43 0029 01        		.byte	0x1
  44 002a 7E        		.byte	0x7e
  45 002b 16        		.byte	0x16
  46 002c 3500 0000 		.long	0x35
  47 0030 04        		.uleb128 0x4
  48 0031 2400 0000 		.long	0x24
  49 0035 02        		.uleb128 0x2
  50 0036 01        		.byte	0x1
  51 0037 08        		.byte	0x8
  52 0038 0000 0000 		.long	.LASF1
  53 003c 05        		.uleb128 0x5
  54 003d 02        		.byte	0x2
  55 003e 05        		.byte	0x5
  56 003f 696E 7400 		.string	"int"
  57 0043 03        		.uleb128 0x3
  58 0044 0000 0000 		.long	.LASF3
  59 0048 01        		.byte	0x1
  60 0049 80        		.byte	0x80
  61 004a 16        		.byte	0x16
  62 004b 5400 0000 		.long	0x54
  63 004f 06        		.uleb128 0x6
  64 0050 4300 0000 		.long	0x43
  65 0054 02        		.uleb128 0x2
  66 0055 02        		.byte	0x2
  67 0056 07        		.byte	0x7
  68 0057 0000 0000 		.long	.LASF4
  69 005b 02        		.uleb128 0x2
  70 005c 04        		.byte	0x4
  71 005d 05        		.byte	0x5
  72 005e 0000 0000 		.long	.LASF5
  73 0062 03        		.uleb128 0x3
  74 0063 0000 0000 		.long	.LASF6
  75 0067 01        		.byte	0x1
  76 0068 82        		.byte	0x82
  77 0069 16        		.byte	0x16
  78 006a 7300 0000 		.long	0x73
  79 006e 04        		.uleb128 0x4
  80 006f 6200 0000 		.long	0x62
  81 0073 02        		.uleb128 0x2
  82 0074 04        		.byte	0x4
  83 0075 07        		.byte	0x7
  84 0076 0000 0000 		.long	.LASF7
  85 007a 02        		.uleb128 0x2
  86 007b 08        		.byte	0x8
  87 007c 05        		.byte	0x5
  88 007d 0000 0000 		.long	.LASF8
  89 0081 02        		.uleb128 0x2
  90 0082 08        		.byte	0x8
  91 0083 07        		.byte	0x7
  92 0084 0000 0000 		.long	.LASF9
  93 0088 07        		.uleb128 0x7
  94 0089 01        		.byte	0x1
  95 008a 02        		.byte	0x2
  96 008b 1F        		.byte	0x1f
  97 008c 05        		.byte	0x5
  98 008d EC00 0000 		.long	0xec
  99 0091 08        		.uleb128 0x8
 100 0092 0000 0000 		.long	.LASF10
 101 0096 02        		.byte	0x2
 102 0097 20        		.byte	0x20
 103 0098 11        		.byte	0x11
 104 0099 EC00 0000 		.long	0xec
 105 009d 01        		.byte	0x1
 106 009e 01        		.byte	0x1
 107 009f 07        		.byte	0x7
 108 00a0 02        		.byte	0x2
 109 00a1 23        		.byte	0x23
 110 00a2 00        		.uleb128 0
 111 00a3 08        		.uleb128 0x8
 112 00a4 0000 0000 		.long	.LASF11
 113 00a8 02        		.byte	0x2
 114 00a9 21        		.byte	0x21
 115 00aa 11        		.byte	0x11
 116 00ab EC00 0000 		.long	0xec
 117 00af 01        		.byte	0x1
 118 00b0 01        		.byte	0x1
 119 00b1 06        		.byte	0x6
 120 00b2 02        		.byte	0x2
 121 00b3 23        		.byte	0x23
 122 00b4 00        		.uleb128 0
 123 00b5 08        		.uleb128 0x8
 124 00b6 0000 0000 		.long	.LASF12
 125 00ba 02        		.byte	0x2
 126 00bb 22        		.byte	0x22
 127 00bc 11        		.byte	0x11
 128 00bd EC00 0000 		.long	0xec
 129 00c1 01        		.byte	0x1
 130 00c2 01        		.byte	0x1
 131 00c3 05        		.byte	0x5
 132 00c4 02        		.byte	0x2
 133 00c5 23        		.byte	0x23
 134 00c6 00        		.uleb128 0
 135 00c7 08        		.uleb128 0x8
 136 00c8 0000 0000 		.long	.LASF13
 137 00cc 02        		.byte	0x2
 138 00cd 23        		.byte	0x23
 139 00ce 11        		.byte	0x11
 140 00cf EC00 0000 		.long	0xec
 141 00d3 01        		.byte	0x1
 142 00d4 01        		.byte	0x1
 143 00d5 04        		.byte	0x4
 144 00d6 02        		.byte	0x2
 145 00d7 23        		.byte	0x23
 146 00d8 00        		.uleb128 0
 147 00d9 08        		.uleb128 0x8
 148 00da 0000 0000 		.long	.LASF14
 149 00de 02        		.byte	0x2
 150 00df 24        		.byte	0x24
 151 00e0 11        		.byte	0x11
 152 00e1 2400 0000 		.long	0x24
 153 00e5 01        		.byte	0x1
 154 00e6 04        		.byte	0x4
 155 00e7 00        		.byte	0
 156 00e8 02        		.byte	0x2
 157 00e9 23        		.byte	0x23
 158 00ea 00        		.uleb128 0
 159 00eb 00        		.byte	0
 160 00ec 02        		.uleb128 0x2
 161 00ed 01        		.byte	0x1
 162 00ee 02        		.byte	0x2
 163 00ef 0000 0000 		.long	.LASF15
 164 00f3 04        		.uleb128 0x4
 165 00f4 EC00 0000 		.long	0xec
 166 00f8 09        		.uleb128 0x9
 167 00f9 01        		.byte	0x1
 168 00fa 02        		.byte	0x2
 169 00fb 1E        		.byte	0x1e
 170 00fc 09        		.byte	0x9
 171 00fd 1301 0000 		.long	0x113
 172 0101 0A        		.uleb128 0xa
 173 0102 8800 0000 		.long	0x88
 174 0106 0B        		.uleb128 0xb
 175 0107 7261 7700 		.string	"raw"
 176 010b 02        		.byte	0x2
 177 010c 26        		.byte	0x26
 178 010d 0D        		.byte	0xd
 179 010e 2400 0000 		.long	0x24
 180 0112 00        		.byte	0
 181 0113 03        		.uleb128 0x3
 182 0114 0000 0000 		.long	.LASF16
 183 0118 02        		.byte	0x2
 184 0119 27        		.byte	0x27
 185 011a 03        		.byte	0x3
 186 011b F800 0000 		.long	0xf8
 187 011f 0C        		.uleb128 0xc
 188 0120 0000 0000 		.long	.LASF17
 189 0124 02        		.byte	0x2
 190 0125 29        		.byte	0x29
 191 0126 17        		.byte	0x17
 192 0127 1301 0000 		.long	0x113
 193 012b 01        		.byte	0x1
 194 012c 01        		.byte	0x1
 195 012d 0C        		.uleb128 0xc
 196 012e 0000 0000 		.long	.LASF18
 197 0132 03        		.byte	0x3
 198 0133 4B        		.byte	0x4b
 199 0134 0D        		.byte	0xd
 200 0135 EC00 0000 		.long	0xec
 201 0139 01        		.byte	0x1
 202 013a 01        		.byte	0x1
 203 013b 07        		.uleb128 0x7
 204 013c 08        		.byte	0x8
 205 013d 04        		.byte	0x4
 206 013e A3        		.byte	0xa3
 207 013f 0C        		.byte	0xc
 208 0140 9001 0000 		.long	0x190
 209 0144 0D        		.uleb128 0xd
 210 0145 0000 0000 		.long	.LASF19
 211 0149 04        		.byte	0x4
 212 014a A5        		.byte	0xa5
 213 014b 0E        		.byte	0xe
 214 014c 2400 0000 		.long	0x24
 215 0150 02        		.byte	0x2
 216 0151 23        		.byte	0x23
 217 0152 00        		.uleb128 0
 218 0153 0D        		.uleb128 0xd
 219 0154 0000 0000 		.long	.LASF20
 220 0158 04        		.byte	0x4
 221 0159 A6        		.byte	0xa6
 222 015a 0E        		.byte	0xe
 223 015b 2400 0000 		.long	0x24
 224 015f 02        		.byte	0x2
 225 0160 23        		.byte	0x23
 226 0161 01        		.uleb128 0x1
 227 0162 0D        		.uleb128 0xd
 228 0163 0000 0000 		.long	.LASF21
 229 0167 04        		.byte	0x4
 230 0168 A7        		.byte	0xa7
 231 0169 0E        		.byte	0xe
 232 016a 4300 0000 		.long	0x43
 233 016e 02        		.byte	0x2
 234 016f 23        		.byte	0x23
 235 0170 02        		.uleb128 0x2
 236 0171 0D        		.uleb128 0xd
 237 0172 0000 0000 		.long	.LASF22
 238 0176 04        		.byte	0x4
 239 0177 A8        		.byte	0xa8
 240 0178 0E        		.byte	0xe
 241 0179 4300 0000 		.long	0x43
 242 017d 02        		.byte	0x2
 243 017e 23        		.byte	0x23
 244 017f 04        		.uleb128 0x4
 245 0180 0D        		.uleb128 0xd
 246 0181 0000 0000 		.long	.LASF23
 247 0185 04        		.byte	0x4
 248 0186 A9        		.byte	0xa9
 249 0187 0E        		.byte	0xe
 250 0188 4300 0000 		.long	0x43
 251 018c 02        		.byte	0x2
 252 018d 23        		.byte	0x23
 253 018e 06        		.uleb128 0x6
 254 018f 00        		.byte	0
 255 0190 03        		.uleb128 0x3
 256 0191 0000 0000 		.long	.LASF24
 257 0195 04        		.byte	0x4
 258 0196 AA        		.byte	0xaa
 259 0197 12        		.byte	0x12
 260 0198 3B01 0000 		.long	0x13b
 261 019c 0C        		.uleb128 0xc
 262 019d 0000 0000 		.long	.LASF25
 263 01a1 05        		.byte	0x5
 264 01a2 5E        		.byte	0x5e
 265 01a3 13        		.byte	0x13
 266 01a4 2400 0000 		.long	0x24
 267 01a8 01        		.byte	0x1
 268 01a9 01        		.byte	0x1
 269 01aa 0C        		.uleb128 0xc
 270 01ab 0000 0000 		.long	.LASF26
 271 01af 05        		.byte	0x5
 272 01b0 6E        		.byte	0x6e
 273 01b1 11        		.byte	0x11
 274 01b2 EC00 0000 		.long	0xec
 275 01b6 01        		.byte	0x1
 276 01b7 01        		.byte	0x1
 277 01b8 0C        		.uleb128 0xc
 278 01b9 0000 0000 		.long	.LASF27
 279 01bd 05        		.byte	0x5
 280 01be 78        		.byte	0x78
 281 01bf 11        		.byte	0x11
 282 01c0 EC00 0000 		.long	0xec
 283 01c4 01        		.byte	0x1
 284 01c5 01        		.byte	0x1
 285 01c6 0C        		.uleb128 0xc
 286 01c7 0000 0000 		.long	.LASF28
 287 01cb 06        		.byte	0x6
 288 01cc 51        		.byte	0x51
 289 01cd 19        		.byte	0x19
 290 01ce F300 0000 		.long	0xf3
 291 01d2 01        		.byte	0x1
 292 01d3 01        		.byte	0x1
 293 01d4 0C        		.uleb128 0xc
 294 01d5 0000 0000 		.long	.LASF29
 295 01d9 06        		.byte	0x6
 296 01da 5B        		.byte	0x5b
 297 01db 21        		.byte	0x21
 298 01dc 9001 0000 		.long	0x190
 299 01e0 01        		.byte	0x1
 300 01e1 01        		.byte	0x1
 301 01e2 0C        		.uleb128 0xc
 302 01e3 0000 0000 		.long	.LASF30
 303 01e7 06        		.byte	0x6
 304 01e8 90        		.byte	0x90
 305 01e9 1E        		.byte	0x1e
 306 01ea 3000 0000 		.long	0x30
 307 01ee 01        		.byte	0x1
 308 01ef 01        		.byte	0x1
 309 01f0 0C        		.uleb128 0xc
 310 01f1 0000 0000 		.long	.LASF31
 311 01f5 07        		.byte	0x7
 312 01f6 67        		.byte	0x67
 313 01f7 13        		.byte	0x13
 314 01f8 2400 0000 		.long	0x24
 315 01fc 01        		.byte	0x1
 316 01fd 01        		.byte	0x1
 317 01fe 0E        		.uleb128 0xe
 318 01ff 02        		.byte	0x2
 319 0200 0F        		.uleb128 0xf
 320 0201 0000 0000 		.long	.LASF91
 321 0205 0E        		.byte	0xe
 322 0206 08        		.byte	0x8
 323 0207 F4        		.byte	0xf4
 324 0208 08        		.byte	0x8
 325 0209 8B02 0000 		.long	0x28b
 326 020d 10        		.uleb128 0x10
 327 020e 6275 6600 		.string	"buf"
 328 0212 08        		.byte	0x8
 329 0213 F5        		.byte	0xf5
 330 0214 08        		.byte	0x8
 331 0215 8B02 0000 		.long	0x28b
 332 0219 02        		.byte	0x2
 333 021a 23        		.byte	0x23
 334 021b 00        		.uleb128 0
 335 021c 0D        		.uleb128 0xd
 336 021d 0000 0000 		.long	.LASF32
 337 0221 08        		.byte	0x8
 338 0222 F6        		.byte	0xf6
 339 0223 10        		.byte	0x10
 340 0224 3500 0000 		.long	0x35
 341 0228 02        		.byte	0x2
 342 0229 23        		.byte	0x23
 343 022a 02        		.uleb128 0x2
 344 022b 0D        		.uleb128 0xd
 345 022c 0000 0000 		.long	.LASF33
 346 0230 08        		.byte	0x8
 347 0231 F7        		.byte	0xf7
 348 0232 0A        		.byte	0xa
 349 0233 2400 0000 		.long	0x24
 350 0237 02        		.byte	0x2
 351 0238 23        		.byte	0x23
 352 0239 03        		.uleb128 0x3
 353 023a 11        		.uleb128 0x11
 354 023b 0000 0000 		.long	.LASF34
 355 023f 08        		.byte	0x8
 356 0240 0701      		.word	0x107
 357 0242 06        		.byte	0x6
 358 0243 3C00 0000 		.long	0x3c
 359 0247 02        		.byte	0x2
 360 0248 23        		.byte	0x23
 361 0249 04        		.uleb128 0x4
 362 024a 12        		.uleb128 0x12
 363 024b 6C65 6E00 		.string	"len"
 364 024f 08        		.byte	0x8
 365 0250 0801      		.word	0x108
 366 0252 06        		.byte	0x6
 367 0253 3C00 0000 		.long	0x3c
 368 0257 02        		.byte	0x2
 369 0258 23        		.byte	0x23
 370 0259 06        		.uleb128 0x6
 371 025a 12        		.uleb128 0x12
 372 025b 7075 7400 		.string	"put"
 373 025f 08        		.byte	0x8
 374 0260 0901      		.word	0x109
 375 0262 08        		.byte	0x8
 376 0263 B302 0000 		.long	0x2b3
 377 0267 02        		.byte	0x2
 378 0268 23        		.byte	0x23
 379 0269 08        		.uleb128 0x8
 380 026a 12        		.uleb128 0x12
 381 026b 6765 7400 		.string	"get"
 382 026f 08        		.byte	0x8
 383 0270 0A01      		.word	0x10a
 384 0272 08        		.byte	0x8
 385 0273 C902 0000 		.long	0x2c9
 386 0277 02        		.byte	0x2
 387 0278 23        		.byte	0x23
 388 0279 0A        		.uleb128 0xa
 389 027a 11        		.uleb128 0x11
 390 027b 0000 0000 		.long	.LASF35
 391 027f 08        		.byte	0x8
 392 0280 0B01      		.word	0x10b
 393 0282 08        		.byte	0x8
 394 0283 FE01 0000 		.long	0x1fe
 395 0287 02        		.byte	0x2
 396 0288 23        		.byte	0x23
 397 0289 0C        		.uleb128 0xc
 398 028a 00        		.byte	0
 399 028b 13        		.uleb128 0x13
 400 028c 02        		.byte	0x2
 401 028d 9102 0000 		.long	0x291
 402 0291 02        		.uleb128 0x2
 403 0292 01        		.byte	0x1
 404 0293 08        		.byte	0x8
 405 0294 0000 0000 		.long	.LASF36
 406 0298 14        		.uleb128 0x14
 407 0299 01        		.byte	0x1
 408 029a 3C00 0000 		.long	0x3c
 409 029e AD02 0000 		.long	0x2ad
 410 02a2 15        		.uleb128 0x15
 411 02a3 9102 0000 		.long	0x291
 412 02a7 15        		.uleb128 0x15
 413 02a8 AD02 0000 		.long	0x2ad
 414 02ac 00        		.byte	0
 415 02ad 13        		.uleb128 0x13
 416 02ae 02        		.byte	0x2
 417 02af 0002 0000 		.long	0x200
 418 02b3 13        		.uleb128 0x13
 419 02b4 02        		.byte	0x2
 420 02b5 9802 0000 		.long	0x298
 421 02b9 14        		.uleb128 0x14
 422 02ba 01        		.byte	0x1
 423 02bb 3C00 0000 		.long	0x3c
 424 02bf C902 0000 		.long	0x2c9
 425 02c3 15        		.uleb128 0x15
 426 02c4 AD02 0000 		.long	0x2ad
 427 02c8 00        		.byte	0
 428 02c9 13        		.uleb128 0x13
 429 02ca 02        		.byte	0x2
 430 02cb B902 0000 		.long	0x2b9
 431 02cf 16        		.uleb128 0x16
 432 02d0 AD02 0000 		.long	0x2ad
 433 02d4 DA02 0000 		.long	0x2da
 434 02d8 17        		.uleb128 0x17
 435 02d9 00        		.byte	0
 436 02da 18        		.uleb128 0x18
 437 02db 0000 0000 		.long	.LASF37
 438 02df 08        		.byte	0x8
 439 02e0 9701      		.word	0x197
 440 02e2 17        		.byte	0x17
 441 02e3 CF02 0000 		.long	0x2cf
 442 02e7 01        		.byte	0x1
 443 02e8 01        		.byte	0x1
 444 02e9 16        		.uleb128 0x16
 445 02ea 2400 0000 		.long	0x24
 446 02ee F902 0000 		.long	0x2f9
 447 02f2 19        		.uleb128 0x19
 448 02f3 5400 0000 		.long	0x54
 449 02f7 0F        		.byte	0xf
 450 02f8 00        		.byte	0
 451 02f9 0C        		.uleb128 0xc
 452 02fa 0000 0000 		.long	.LASF38
 453 02fe 09        		.byte	0x9
 454 02ff 24        		.byte	0x24
 455 0300 10        		.byte	0x10
 456 0301 2400 0000 		.long	0x24
 457 0305 01        		.byte	0x1
 458 0306 01        		.byte	0x1
 459 0307 0C        		.uleb128 0xc
 460 0308 0000 0000 		.long	.LASF39
 461 030c 09        		.byte	0x9
 462 030d 25        		.byte	0x25
 463 030e 10        		.byte	0x10
 464 030f 2400 0000 		.long	0x24
 465 0313 01        		.byte	0x1
 466 0314 01        		.byte	0x1
 467 0315 07        		.uleb128 0x7
 468 0316 02        		.byte	0x2
 469 0317 0A        		.byte	0xa
 470 0318 1D        		.byte	0x1d
 471 0319 05        		.byte	0x5
 472 031a E503 0000 		.long	0x3e5
 473 031e 08        		.uleb128 0x8
 474 031f 0000 0000 		.long	.LASF40
 475 0323 0A        		.byte	0xa
 476 0324 1E        		.byte	0x1e
 477 0325 0E        		.byte	0xe
 478 0326 EC00 0000 		.long	0xec
 479 032a 01        		.byte	0x1
 480 032b 01        		.byte	0x1
 481 032c 07        		.byte	0x7
 482 032d 02        		.byte	0x2
 483 032e 23        		.byte	0x23
 484 032f 00        		.uleb128 0
 485 0330 08        		.uleb128 0x8
 486 0331 0000 0000 		.long	.LASF41
 487 0335 0A        		.byte	0xa
 488 0336 1F        		.byte	0x1f
 489 0337 0E        		.byte	0xe
 490 0338 EC00 0000 		.long	0xec
 491 033c 01        		.byte	0x1
 492 033d 01        		.byte	0x1
 493 033e 06        		.byte	0x6
 494 033f 02        		.byte	0x2
 495 0340 23        		.byte	0x23
 496 0341 00        		.uleb128 0
 497 0342 08        		.uleb128 0x8
 498 0343 0000 0000 		.long	.LASF42
 499 0347 0A        		.byte	0xa
 500 0348 20        		.byte	0x20
 501 0349 0E        		.byte	0xe
 502 034a EC00 0000 		.long	0xec
 503 034e 01        		.byte	0x1
 504 034f 01        		.byte	0x1
 505 0350 05        		.byte	0x5
 506 0351 02        		.byte	0x2
 507 0352 23        		.byte	0x23
 508 0353 00        		.uleb128 0
 509 0354 08        		.uleb128 0x8
 510 0355 0000 0000 		.long	.LASF43
 511 0359 0A        		.byte	0xa
 512 035a 21        		.byte	0x21
 513 035b 0E        		.byte	0xe
 514 035c EC00 0000 		.long	0xec
 515 0360 01        		.byte	0x1
 516 0361 01        		.byte	0x1
 517 0362 04        		.byte	0x4
 518 0363 02        		.byte	0x2
 519 0364 23        		.byte	0x23
 520 0365 00        		.uleb128 0
 521 0366 08        		.uleb128 0x8
 522 0367 0000 0000 		.long	.LASF44
 523 036b 0A        		.byte	0xa
 524 036c 22        		.byte	0x22
 525 036d 0E        		.byte	0xe
 526 036e EC00 0000 		.long	0xec
 527 0372 01        		.byte	0x1
 528 0373 01        		.byte	0x1
 529 0374 03        		.byte	0x3
 530 0375 02        		.byte	0x2
 531 0376 23        		.byte	0x23
 532 0377 00        		.uleb128 0
 533 0378 08        		.uleb128 0x8
 534 0379 0000 0000 		.long	.LASF45
 535 037d 0A        		.byte	0xa
 536 037e 23        		.byte	0x23
 537 037f 0E        		.byte	0xe
 538 0380 EC00 0000 		.long	0xec
 539 0384 01        		.byte	0x1
 540 0385 01        		.byte	0x1
 541 0386 02        		.byte	0x2
 542 0387 02        		.byte	0x2
 543 0388 23        		.byte	0x23
 544 0389 00        		.uleb128 0
 545 038a 08        		.uleb128 0x8
 546 038b 0000 0000 		.long	.LASF46
 547 038f 0A        		.byte	0xa
 548 0390 24        		.byte	0x24
 549 0391 0E        		.byte	0xe
 550 0392 EC00 0000 		.long	0xec
 551 0396 01        		.byte	0x1
 552 0397 01        		.byte	0x1
 553 0398 01        		.byte	0x1
 554 0399 02        		.byte	0x2
 555 039a 23        		.byte	0x23
 556 039b 00        		.uleb128 0
 557 039c 08        		.uleb128 0x8
 558 039d 0000 0000 		.long	.LASF47
 559 03a1 0A        		.byte	0xa
 560 03a2 25        		.byte	0x25
 561 03a3 0E        		.byte	0xe
 562 03a4 EC00 0000 		.long	0xec
 563 03a8 01        		.byte	0x1
 564 03a9 01        		.byte	0x1
 565 03aa 00        		.byte	0
 566 03ab 02        		.byte	0x2
 567 03ac 23        		.byte	0x23
 568 03ad 00        		.uleb128 0
 569 03ae 08        		.uleb128 0x8
 570 03af 0000 0000 		.long	.LASF48
 571 03b3 0A        		.byte	0xa
 572 03b4 26        		.byte	0x26
 573 03b5 0E        		.byte	0xe
 574 03b6 EC00 0000 		.long	0xec
 575 03ba 01        		.byte	0x1
 576 03bb 01        		.byte	0x1
 577 03bc 07        		.byte	0x7
 578 03bd 02        		.byte	0x2
 579 03be 23        		.byte	0x23
 580 03bf 01        		.uleb128 0x1
 581 03c0 08        		.uleb128 0x8
 582 03c1 0000 0000 		.long	.LASF49
 583 03c5 0A        		.byte	0xa
 584 03c6 27        		.byte	0x27
 585 03c7 0E        		.byte	0xe
 586 03c8 EC00 0000 		.long	0xec
 587 03cc 01        		.byte	0x1
 588 03cd 01        		.byte	0x1
 589 03ce 06        		.byte	0x6
 590 03cf 02        		.byte	0x2
 591 03d0 23        		.byte	0x23
 592 03d1 01        		.uleb128 0x1
 593 03d2 08        		.uleb128 0x8
 594 03d3 0000 0000 		.long	.LASF50
 595 03d7 0A        		.byte	0xa
 596 03d8 28        		.byte	0x28
 597 03d9 0E        		.byte	0xe
 598 03da EC00 0000 		.long	0xec
 599 03de 01        		.byte	0x1
 600 03df 01        		.byte	0x1
 601 03e0 05        		.byte	0x5
 602 03e1 02        		.byte	0x2
 603 03e2 23        		.byte	0x23
 604 03e3 01        		.uleb128 0x1
 605 03e4 00        		.byte	0
 606 03e5 09        		.uleb128 0x9
 607 03e6 02        		.byte	0x2
 608 03e7 0A        		.byte	0xa
 609 03e8 1B        		.byte	0x1b
 610 03e9 09        		.byte	0x9
 611 03ea 0004 0000 		.long	0x400
 612 03ee 0B        		.uleb128 0xb
 613 03ef 7261 7700 		.string	"raw"
 614 03f3 0A        		.byte	0xa
 615 03f4 1C        		.byte	0x1c
 616 03f5 0E        		.byte	0xe
 617 03f6 4300 0000 		.long	0x43
 618 03fa 0A        		.uleb128 0xa
 619 03fb 1503 0000 		.long	0x315
 620 03ff 00        		.byte	0
 621 0400 03        		.uleb128 0x3
 622 0401 0000 0000 		.long	.LASF51
 623 0405 0A        		.byte	0xa
 624 0406 2A        		.byte	0x2a
 625 0407 03        		.byte	0x3
 626 0408 E503 0000 		.long	0x3e5
 627 040c 0C        		.uleb128 0xc
 628 040d 0000 0000 		.long	.LASF52
 629 0411 0A        		.byte	0xa
 630 0412 2C        		.byte	0x2c
 631 0413 18        		.byte	0x18
 632 0414 0004 0000 		.long	0x400
 633 0418 01        		.byte	0x1
 634 0419 01        		.byte	0x1
 635 041a 0C        		.uleb128 0xc
 636 041b 0000 0000 		.long	.LASF53
 637 041f 0B        		.byte	0xb
 638 0420 20        		.byte	0x20
 639 0421 1A        		.byte	0x1a
 640 0422 6E00 0000 		.long	0x6e
 641 0426 01        		.byte	0x1
 642 0427 01        		.byte	0x1
 643 0428 1A        		.uleb128 0x1a
 644 0429 07        		.byte	0x7
 645 042a 01        		.byte	0x1
 646 042b 3500 0000 		.long	0x35
 647 042f 0C        		.byte	0xc
 648 0430 2D        		.byte	0x2d
 649 0431 0E        		.byte	0xe
 650 0432 7304 0000 		.long	0x473
 651 0436 1B        		.uleb128 0x1b
 652 0437 0000 0000 		.long	.LASF54
 653 043b 00        		.byte	0
 654 043c 1B        		.uleb128 0x1b
 655 043d 0000 0000 		.long	.LASF55
 656 0441 01        		.byte	0x1
 657 0442 1B        		.uleb128 0x1b
 658 0443 0000 0000 		.long	.LASF56
 659 0447 02        		.byte	0x2
 660 0448 1B        		.uleb128 0x1b
 661 0449 0000 0000 		.long	.LASF57
 662 044d 03        		.byte	0x3
 663 044e 1B        		.uleb128 0x1b
 664 044f 0000 0000 		.long	.LASF58
 665 0453 04        		.byte	0x4
 666 0454 1B        		.uleb128 0x1b
 667 0455 0000 0000 		.long	.LASF59
 668 0459 05        		.byte	0x5
 669 045a 1B        		.uleb128 0x1b
 670 045b 0000 0000 		.long	.LASF60
 671 045f 06        		.byte	0x6
 672 0460 1B        		.uleb128 0x1b
 673 0461 0000 0000 		.long	.LASF61
 674 0465 07        		.byte	0x7
 675 0466 1B        		.uleb128 0x1b
 676 0467 0000 0000 		.long	.LASF62
 677 046b 08        		.byte	0x8
 678 046c 1B        		.uleb128 0x1b
 679 046d 0000 0000 		.long	.LASF63
 680 0471 09        		.byte	0x9
 681 0472 00        		.byte	0
 682 0473 03        		.uleb128 0x3
 683 0474 0000 0000 		.long	.LASF64
 684 0478 0C        		.byte	0xc
 685 0479 2D        		.byte	0x2d
 686 047a 89        		.byte	0x89
 687 047b 2804 0000 		.long	0x428
 688 047f 07        		.uleb128 0x7
 689 0480 23        		.byte	0x23
 690 0481 0C        		.byte	0xc
 691 0482 2F        		.byte	0x2f
 692 0483 09        		.byte	0x9
 693 0484 D404 0000 		.long	0x4d4
 694 0488 0D        		.uleb128 0xd
 695 0489 0000 0000 		.long	.LASF65
 696 048d 0C        		.byte	0xc
 697 048e 30        		.byte	0x30
 698 048f 1C        		.byte	0x1c
 699 0490 EC00 0000 		.long	0xec
 700 0494 02        		.byte	0x2
 701 0495 23        		.byte	0x23
 702 0496 00        		.uleb128 0
 703 0497 0D        		.uleb128 0xd
 704 0498 0000 0000 		.long	.LASF66
 705 049c 0C        		.byte	0xc
 706 049d 31        		.byte	0x31
 707 049e 1C        		.byte	0x1c
 708 049f E902 0000 		.long	0x2e9
 709 04a3 02        		.byte	0x2
 710 04a4 23        		.byte	0x23
 711 04a5 01        		.uleb128 0x1
 712 04a6 0D        		.uleb128 0xd
 713 04a7 0000 0000 		.long	.LASF67
 714 04ab 0C        		.byte	0xc
 715 04ac 32        		.byte	0x32
 716 04ad 1C        		.byte	0x1c
 717 04ae D404 0000 		.long	0x4d4
 718 04b2 02        		.byte	0x2
 719 04b3 23        		.byte	0x23
 720 04b4 11        		.uleb128 0x11
 721 04b5 0D        		.uleb128 0xd
 722 04b6 0000 0000 		.long	.LASF68
 723 04ba 0C        		.byte	0xc
 724 04bb 33        		.byte	0x33
 725 04bc 1C        		.byte	0x1c
 726 04bd 2400 0000 		.long	0x24
 727 04c1 02        		.byte	0x2
 728 04c2 23        		.byte	0x23
 729 04c3 21        		.uleb128 0x21
 730 04c4 0D        		.uleb128 0xd
 731 04c5 0000 0000 		.long	.LASF69
 732 04c9 0C        		.byte	0xc
 733 04ca 34        		.byte	0x34
 734 04cb 1C        		.byte	0x1c
 735 04cc 7304 0000 		.long	0x473
 736 04d0 02        		.byte	0x2
 737 04d1 23        		.byte	0x23
 738 04d2 22        		.uleb128 0x22
 739 04d3 00        		.byte	0
 740 04d4 16        		.uleb128 0x16
 741 04d5 4300 0000 		.long	0x43
 742 04d9 E404 0000 		.long	0x4e4
 743 04dd 19        		.uleb128 0x19
 744 04de 5400 0000 		.long	0x54
 745 04e2 07        		.byte	0x7
 746 04e3 00        		.byte	0
 747 04e4 03        		.uleb128 0x3
 748 04e5 0000 0000 		.long	.LASF70
 749 04e9 0C        		.byte	0xc
 750 04ea 35        		.byte	0x35
 751 04eb 03        		.byte	0x3
 752 04ec 7F04 0000 		.long	0x47f
 753 04f0 1C        		.uleb128 0x1c
 754 04f1 0000 0000 		.long	.LASF74
 755 04f5 07        		.byte	0x7
 756 04f6 01        		.byte	0x1
 757 04f7 3500 0000 		.long	0x35
 758 04fb 0C        		.byte	0xc
 759 04fc 3B        		.byte	0x3b
 760 04fd 0E        		.byte	0xe
 761 04fe 1505 0000 		.long	0x515
 762 0502 1B        		.uleb128 0x1b
 763 0503 0000 0000 		.long	.LASF71
 764 0507 00        		.byte	0
 765 0508 1B        		.uleb128 0x1b
 766 0509 0000 0000 		.long	.LASF72
 767 050d 01        		.byte	0x1
 768 050e 1B        		.uleb128 0x1b
 769 050f 0000 0000 		.long	.LASF73
 770 0513 02        		.byte	0x2
 771 0514 00        		.byte	0
 772 0515 03        		.uleb128 0x3
 773 0516 0000 0000 		.long	.LASF74
 774 051a 0C        		.byte	0xc
 775 051b 3F        		.byte	0x3f
 776 051c 03        		.byte	0x3
 777 051d F004 0000 		.long	0x4f0
 778 0521 07        		.uleb128 0x7
 779 0522 06        		.byte	0x6
 780 0523 0C        		.byte	0xc
 781 0524 41        		.byte	0x41
 782 0525 09        		.byte	0x9
 783 0526 7605 0000 		.long	0x576
 784 052a 0D        		.uleb128 0xd
 785 052b 0000 0000 		.long	.LASF75
 786 052f 0C        		.byte	0xc
 787 0530 42        		.byte	0x42
 788 0531 17        		.byte	0x17
 789 0532 2400 0000 		.long	0x24
 790 0536 02        		.byte	0x2
 791 0537 23        		.byte	0x23
 792 0538 00        		.uleb128 0
 793 0539 0D        		.uleb128 0xd
 794 053a 0000 0000 		.long	.LASF76
 795 053e 0C        		.byte	0xc
 796 053f 43        		.byte	0x43
 797 0540 17        		.byte	0x17
 798 0541 2400 0000 		.long	0x24
 799 0545 02        		.byte	0x2
 800 0546 23        		.byte	0x23
 801 0547 01        		.uleb128 0x1
 802 0548 0D        		.uleb128 0xd
 803 0549 0000 0000 		.long	.LASF77
 804 054d 0C        		.byte	0xc
 805 054e 44        		.byte	0x44
 806 054f 17        		.byte	0x17
 807 0550 2400 0000 		.long	0x24
 808 0554 02        		.byte	0x2
 809 0555 23        		.byte	0x23
 810 0556 02        		.uleb128 0x2
 811 0557 0D        		.uleb128 0xd
 812 0558 0000 0000 		.long	.LASF78
 813 055c 0C        		.byte	0xc
 814 055d 45        		.byte	0x45
 815 055e 17        		.byte	0x17
 816 055f 4300 0000 		.long	0x43
 817 0563 02        		.byte	0x2
 818 0564 23        		.byte	0x23
 819 0565 03        		.uleb128 0x3
 820 0566 0D        		.uleb128 0xd
 821 0567 0000 0000 		.long	.LASF79
 822 056b 0C        		.byte	0xc
 823 056c 46        		.byte	0x46
 824 056d 17        		.byte	0x17
 825 056e 1505 0000 		.long	0x515
 826 0572 02        		.byte	0x2
 827 0573 23        		.byte	0x23
 828 0574 05        		.uleb128 0x5
 829 0575 00        		.byte	0
 830 0576 03        		.uleb128 0x3
 831 0577 0000 0000 		.long	.LASF80
 832 057b 0C        		.byte	0xc
 833 057c 47        		.byte	0x47
 834 057d 03        		.byte	0x3
 835 057e 2105 0000 		.long	0x521
 836 0582 0C        		.uleb128 0xc
 837 0583 0000 0000 		.long	.LASF81
 838 0587 0C        		.byte	0xc
 839 0588 49        		.byte	0x49
 840 0589 1B        		.byte	0x1b
 841 058a E404 0000 		.long	0x4e4
 842 058e 01        		.byte	0x1
 843 058f 01        		.byte	0x1
 844 0590 0C        		.uleb128 0xc
 845 0591 0000 0000 		.long	.LASF82
 846 0595 0C        		.byte	0xc
 847 0596 4C        		.byte	0x4c
 848 0597 1A        		.byte	0x1a
 849 0598 7605 0000 		.long	0x576
 850 059c 01        		.byte	0x1
 851 059d 01        		.byte	0x1
 852 059e 16        		.uleb128 0x16
 853 059f 4F00 0000 		.long	0x4f
 854 05a3 B505 0000 		.long	0x5b5
 855 05a7 17        		.uleb128 0x17
 856 05a8 19        		.uleb128 0x19
 857 05a9 5400 0000 		.long	0x54
 858 05ad 06        		.byte	0x6
 859 05ae 19        		.uleb128 0x19
 860 05af 5400 0000 		.long	0x54
 861 05b3 06        		.byte	0x6
 862 05b4 00        		.byte	0
 863 05b5 06        		.uleb128 0x6
 864 05b6 9E05 0000 		.long	0x59e
 865 05ba 0C        		.uleb128 0xc
 866 05bb 0000 0000 		.long	.LASF83
 867 05bf 0D        		.byte	0xd
 868 05c0 37        		.byte	0x37
 869 05c1 17        		.byte	0x17
 870 05c2 B505 0000 		.long	0x5b5
 871 05c6 01        		.byte	0x1
 872 05c7 01        		.byte	0x1
 873 05c8 16        		.uleb128 0x16
 874 05c9 4F00 0000 		.long	0x4f
 875 05cd D305 0000 		.long	0x5d3
 876 05d1 17        		.uleb128 0x17
 877 05d2 00        		.byte	0
 878 05d3 06        		.uleb128 0x6
 879 05d4 C805 0000 		.long	0x5c8
 880 05d8 0C        		.uleb128 0xc
 881 05d9 0000 0000 		.long	.LASF84
 882 05dd 0D        		.byte	0xd
 883 05de 38        		.byte	0x38
 884 05df 17        		.byte	0x17
 885 05e0 D305 0000 		.long	0x5d3
 886 05e4 01        		.byte	0x1
 887 05e5 01        		.byte	0x1
 888 05e6 03        		.uleb128 0x3
 889 05e7 0000 0000 		.long	.LASF85
 890 05eb 0E        		.byte	0xe
 891 05ec 27        		.byte	0x27
 892 05ed 12        		.byte	0x12
 893 05ee 6200 0000 		.long	0x62
 894 05f2 0C        		.uleb128 0xc
 895 05f3 0000 0000 		.long	.LASF86
 896 05f7 0E        		.byte	0xe
 897 05f8 32        		.byte	0x32
 898 05f9 16        		.byte	0x16
 899 05fa E605 0000 		.long	0x5e6
 900 05fe 01        		.byte	0x1
 901 05ff 01        		.byte	0x1
 902 0600 0C        		.uleb128 0xc
 903 0601 0000 0000 		.long	.LASF87
 904 0605 0E        		.byte	0xe
 905 0606 48        		.byte	0x48
 906 0607 16        		.byte	0x16
 907 0608 E605 0000 		.long	0x5e6
 908 060c 01        		.byte	0x1
 909 060d 01        		.byte	0x1
 910 060e 1D        		.uleb128 0x1d
 911 060f 0C04 0000 		.long	0x40c
 912 0613 0F        		.byte	0xf
 913 0614 1C        		.byte	0x1c
 914 0615 11        		.byte	0x11
 915 0616 1E        		.uleb128 0x1e
 916 0617 01        		.byte	0x1
 917 0618 0000 0000 		.long	.LASF92
 918 061c 0F        		.byte	0xf
 919 061d 24        		.byte	0x24
 920 061e 06        		.byte	0x6
 921 061f 01        		.byte	0x1
 922 0620 3106 0000 		.long	0x631
 923 0624 1F        		.uleb128 0x1f
 924 0625 0000 0000 		.long	.LASF93
 925 0629 0F        		.byte	0xf
 926 062a 31        		.byte	0x31
 927 062b 13        		.byte	0x13
 928 062c E605 0000 		.long	0x5e6
 929 0630 00        		.byte	0
 930 0631 20        		.uleb128 0x20
 931 0632 01        		.byte	0x1
 932 0633 0000 0000 		.long	.LASF94
 933 0637 0F        		.byte	0xf
 934 0638 1E        		.byte	0x1e
 935 0639 1C        		.byte	0x1c
 936 063a 01        		.byte	0x1
 937 063b 00        		.byte	0
 938               		.section	.gnu.debuglto_.debug_abbrev,"",@progbits
 939               	.Ldebug_abbrev0:
 940 0000 01        		.uleb128 0x1
 941 0001 11        		.uleb128 0x11
 942 0002 01        		.byte	0x1
 943 0003 25        		.uleb128 0x25
 944 0004 0E        		.uleb128 0xe
 945 0005 13        		.uleb128 0x13
 946 0006 0B        		.uleb128 0xb
 947 0007 03        		.uleb128 0x3
 948 0008 0E        		.uleb128 0xe
 949 0009 1B        		.uleb128 0x1b
 950 000a 0E        		.uleb128 0xe
 951 000b 10        		.uleb128 0x10
 952 000c 06        		.uleb128 0x6
 953 000d 00        		.byte	0
 954 000e 00        		.byte	0
 955 000f 02        		.uleb128 0x2
 956 0010 24        		.uleb128 0x24
 957 0011 00        		.byte	0
 958 0012 0B        		.uleb128 0xb
 959 0013 0B        		.uleb128 0xb
 960 0014 3E        		.uleb128 0x3e
 961 0015 0B        		.uleb128 0xb
 962 0016 03        		.uleb128 0x3
 963 0017 0E        		.uleb128 0xe
 964 0018 00        		.byte	0
 965 0019 00        		.byte	0
 966 001a 03        		.uleb128 0x3
 967 001b 16        		.uleb128 0x16
 968 001c 00        		.byte	0
 969 001d 03        		.uleb128 0x3
 970 001e 0E        		.uleb128 0xe
 971 001f 3A        		.uleb128 0x3a
 972 0020 0B        		.uleb128 0xb
 973 0021 3B        		.uleb128 0x3b
 974 0022 0B        		.uleb128 0xb
 975 0023 39        		.uleb128 0x39
 976 0024 0B        		.uleb128 0xb
 977 0025 49        		.uleb128 0x49
 978 0026 13        		.uleb128 0x13
 979 0027 00        		.byte	0
 980 0028 00        		.byte	0
 981 0029 04        		.uleb128 0x4
 982 002a 35        		.uleb128 0x35
 983 002b 00        		.byte	0
 984 002c 49        		.uleb128 0x49
 985 002d 13        		.uleb128 0x13
 986 002e 00        		.byte	0
 987 002f 00        		.byte	0
 988 0030 05        		.uleb128 0x5
 989 0031 24        		.uleb128 0x24
 990 0032 00        		.byte	0
 991 0033 0B        		.uleb128 0xb
 992 0034 0B        		.uleb128 0xb
 993 0035 3E        		.uleb128 0x3e
 994 0036 0B        		.uleb128 0xb
 995 0037 03        		.uleb128 0x3
 996 0038 08        		.uleb128 0x8
 997 0039 00        		.byte	0
 998 003a 00        		.byte	0
 999 003b 06        		.uleb128 0x6
 1000 003c 26        		.uleb128 0x26
 1001 003d 00        		.byte	0
 1002 003e 49        		.uleb128 0x49
 1003 003f 13        		.uleb128 0x13
 1004 0040 00        		.byte	0
 1005 0041 00        		.byte	0
 1006 0042 07        		.uleb128 0x7
 1007 0043 13        		.uleb128 0x13
 1008 0044 01        		.byte	0x1
 1009 0045 0B        		.uleb128 0xb
 1010 0046 0B        		.uleb128 0xb
 1011 0047 3A        		.uleb128 0x3a
 1012 0048 0B        		.uleb128 0xb
 1013 0049 3B        		.uleb128 0x3b
 1014 004a 0B        		.uleb128 0xb
 1015 004b 39        		.uleb128 0x39
 1016 004c 0B        		.uleb128 0xb
 1017 004d 01        		.uleb128 0x1
 1018 004e 13        		.uleb128 0x13
 1019 004f 00        		.byte	0
 1020 0050 00        		.byte	0
 1021 0051 08        		.uleb128 0x8
 1022 0052 0D        		.uleb128 0xd
 1023 0053 00        		.byte	0
 1024 0054 03        		.uleb128 0x3
 1025 0055 0E        		.uleb128 0xe
 1026 0056 3A        		.uleb128 0x3a
 1027 0057 0B        		.uleb128 0xb
 1028 0058 3B        		.uleb128 0x3b
 1029 0059 0B        		.uleb128 0xb
 1030 005a 39        		.uleb128 0x39
 1031 005b 0B        		.uleb128 0xb
 1032 005c 49        		.uleb128 0x49
 1033 005d 13        		.uleb128 0x13
 1034 005e 0B        		.uleb128 0xb
 1035 005f 0B        		.uleb128 0xb
 1036 0060 0D        		.uleb128 0xd
 1037 0061 0B        		.uleb128 0xb
 1038 0062 0C        		.uleb128 0xc
 1039 0063 0B        		.uleb128 0xb
 1040 0064 38        		.uleb128 0x38
 1041 0065 0A        		.uleb128 0xa
 1042 0066 00        		.byte	0
 1043 0067 00        		.byte	0
 1044 0068 09        		.uleb128 0x9
 1045 0069 17        		.uleb128 0x17
 1046 006a 01        		.byte	0x1
 1047 006b 0B        		.uleb128 0xb
 1048 006c 0B        		.uleb128 0xb
 1049 006d 3A        		.uleb128 0x3a
 1050 006e 0B        		.uleb128 0xb
 1051 006f 3B        		.uleb128 0x3b
 1052 0070 0B        		.uleb128 0xb
 1053 0071 39        		.uleb128 0x39
 1054 0072 0B        		.uleb128 0xb
 1055 0073 01        		.uleb128 0x1
 1056 0074 13        		.uleb128 0x13
 1057 0075 00        		.byte	0
 1058 0076 00        		.byte	0
 1059 0077 0A        		.uleb128 0xa
 1060 0078 0D        		.uleb128 0xd
 1061 0079 00        		.byte	0
 1062 007a 49        		.uleb128 0x49
 1063 007b 13        		.uleb128 0x13
 1064 007c 00        		.byte	0
 1065 007d 00        		.byte	0
 1066 007e 0B        		.uleb128 0xb
 1067 007f 0D        		.uleb128 0xd
 1068 0080 00        		.byte	0
 1069 0081 03        		.uleb128 0x3
 1070 0082 08        		.uleb128 0x8
 1071 0083 3A        		.uleb128 0x3a
 1072 0084 0B        		.uleb128 0xb
 1073 0085 3B        		.uleb128 0x3b
 1074 0086 0B        		.uleb128 0xb
 1075 0087 39        		.uleb128 0x39
 1076 0088 0B        		.uleb128 0xb
 1077 0089 49        		.uleb128 0x49
 1078 008a 13        		.uleb128 0x13
 1079 008b 00        		.byte	0
 1080 008c 00        		.byte	0
 1081 008d 0C        		.uleb128 0xc
 1082 008e 34        		.uleb128 0x34
 1083 008f 00        		.byte	0
 1084 0090 03        		.uleb128 0x3
 1085 0091 0E        		.uleb128 0xe
 1086 0092 3A        		.uleb128 0x3a
 1087 0093 0B        		.uleb128 0xb
 1088 0094 3B        		.uleb128 0x3b
 1089 0095 0B        		.uleb128 0xb
 1090 0096 39        		.uleb128 0x39
 1091 0097 0B        		.uleb128 0xb
 1092 0098 49        		.uleb128 0x49
 1093 0099 13        		.uleb128 0x13
 1094 009a 3F        		.uleb128 0x3f
 1095 009b 0C        		.uleb128 0xc
 1096 009c 3C        		.uleb128 0x3c
 1097 009d 0C        		.uleb128 0xc
 1098 009e 00        		.byte	0
 1099 009f 00        		.byte	0
 1100 00a0 0D        		.uleb128 0xd
 1101 00a1 0D        		.uleb128 0xd
 1102 00a2 00        		.byte	0
 1103 00a3 03        		.uleb128 0x3
 1104 00a4 0E        		.uleb128 0xe
 1105 00a5 3A        		.uleb128 0x3a
 1106 00a6 0B        		.uleb128 0xb
 1107 00a7 3B        		.uleb128 0x3b
 1108 00a8 0B        		.uleb128 0xb
 1109 00a9 39        		.uleb128 0x39
 1110 00aa 0B        		.uleb128 0xb
 1111 00ab 49        		.uleb128 0x49
 1112 00ac 13        		.uleb128 0x13
 1113 00ad 38        		.uleb128 0x38
 1114 00ae 0A        		.uleb128 0xa
 1115 00af 00        		.byte	0
 1116 00b0 00        		.byte	0
 1117 00b1 0E        		.uleb128 0xe
 1118 00b2 0F        		.uleb128 0xf
 1119 00b3 00        		.byte	0
 1120 00b4 0B        		.uleb128 0xb
 1121 00b5 0B        		.uleb128 0xb
 1122 00b6 00        		.byte	0
 1123 00b7 00        		.byte	0
 1124 00b8 0F        		.uleb128 0xf
 1125 00b9 13        		.uleb128 0x13
 1126 00ba 01        		.byte	0x1
 1127 00bb 03        		.uleb128 0x3
 1128 00bc 0E        		.uleb128 0xe
 1129 00bd 0B        		.uleb128 0xb
 1130 00be 0B        		.uleb128 0xb
 1131 00bf 3A        		.uleb128 0x3a
 1132 00c0 0B        		.uleb128 0xb
 1133 00c1 3B        		.uleb128 0x3b
 1134 00c2 0B        		.uleb128 0xb
 1135 00c3 39        		.uleb128 0x39
 1136 00c4 0B        		.uleb128 0xb
 1137 00c5 01        		.uleb128 0x1
 1138 00c6 13        		.uleb128 0x13
 1139 00c7 00        		.byte	0
 1140 00c8 00        		.byte	0
 1141 00c9 10        		.uleb128 0x10
 1142 00ca 0D        		.uleb128 0xd
 1143 00cb 00        		.byte	0
 1144 00cc 03        		.uleb128 0x3
 1145 00cd 08        		.uleb128 0x8
 1146 00ce 3A        		.uleb128 0x3a
 1147 00cf 0B        		.uleb128 0xb
 1148 00d0 3B        		.uleb128 0x3b
 1149 00d1 0B        		.uleb128 0xb
 1150 00d2 39        		.uleb128 0x39
 1151 00d3 0B        		.uleb128 0xb
 1152 00d4 49        		.uleb128 0x49
 1153 00d5 13        		.uleb128 0x13
 1154 00d6 38        		.uleb128 0x38
 1155 00d7 0A        		.uleb128 0xa
 1156 00d8 00        		.byte	0
 1157 00d9 00        		.byte	0
 1158 00da 11        		.uleb128 0x11
 1159 00db 0D        		.uleb128 0xd
 1160 00dc 00        		.byte	0
 1161 00dd 03        		.uleb128 0x3
 1162 00de 0E        		.uleb128 0xe
 1163 00df 3A        		.uleb128 0x3a
 1164 00e0 0B        		.uleb128 0xb
 1165 00e1 3B        		.uleb128 0x3b
 1166 00e2 05        		.uleb128 0x5
 1167 00e3 39        		.uleb128 0x39
 1168 00e4 0B        		.uleb128 0xb
 1169 00e5 49        		.uleb128 0x49
 1170 00e6 13        		.uleb128 0x13
 1171 00e7 38        		.uleb128 0x38
 1172 00e8 0A        		.uleb128 0xa
 1173 00e9 00        		.byte	0
 1174 00ea 00        		.byte	0
 1175 00eb 12        		.uleb128 0x12
 1176 00ec 0D        		.uleb128 0xd
 1177 00ed 00        		.byte	0
 1178 00ee 03        		.uleb128 0x3
 1179 00ef 08        		.uleb128 0x8
 1180 00f0 3A        		.uleb128 0x3a
 1181 00f1 0B        		.uleb128 0xb
 1182 00f2 3B        		.uleb128 0x3b
 1183 00f3 05        		.uleb128 0x5
 1184 00f4 39        		.uleb128 0x39
 1185 00f5 0B        		.uleb128 0xb
 1186 00f6 49        		.uleb128 0x49
 1187 00f7 13        		.uleb128 0x13
 1188 00f8 38        		.uleb128 0x38
 1189 00f9 0A        		.uleb128 0xa
 1190 00fa 00        		.byte	0
 1191 00fb 00        		.byte	0
 1192 00fc 13        		.uleb128 0x13
 1193 00fd 0F        		.uleb128 0xf
 1194 00fe 00        		.byte	0
 1195 00ff 0B        		.uleb128 0xb
 1196 0100 0B        		.uleb128 0xb
 1197 0101 49        		.uleb128 0x49
 1198 0102 13        		.uleb128 0x13
 1199 0103 00        		.byte	0
 1200 0104 00        		.byte	0
 1201 0105 14        		.uleb128 0x14
 1202 0106 15        		.uleb128 0x15
 1203 0107 01        		.byte	0x1
 1204 0108 27        		.uleb128 0x27
 1205 0109 0C        		.uleb128 0xc
 1206 010a 49        		.uleb128 0x49
 1207 010b 13        		.uleb128 0x13
 1208 010c 01        		.uleb128 0x1
 1209 010d 13        		.uleb128 0x13
 1210 010e 00        		.byte	0
 1211 010f 00        		.byte	0
 1212 0110 15        		.uleb128 0x15
 1213 0111 05        		.uleb128 0x5
 1214 0112 00        		.byte	0
 1215 0113 49        		.uleb128 0x49
 1216 0114 13        		.uleb128 0x13
 1217 0115 00        		.byte	0
 1218 0116 00        		.byte	0
 1219 0117 16        		.uleb128 0x16
 1220 0118 01        		.uleb128 0x1
 1221 0119 01        		.byte	0x1
 1222 011a 49        		.uleb128 0x49
 1223 011b 13        		.uleb128 0x13
 1224 011c 01        		.uleb128 0x1
 1225 011d 13        		.uleb128 0x13
 1226 011e 00        		.byte	0
 1227 011f 00        		.byte	0
 1228 0120 17        		.uleb128 0x17
 1229 0121 21        		.uleb128 0x21
 1230 0122 00        		.byte	0
 1231 0123 00        		.byte	0
 1232 0124 00        		.byte	0
 1233 0125 18        		.uleb128 0x18
 1234 0126 34        		.uleb128 0x34
 1235 0127 00        		.byte	0
 1236 0128 03        		.uleb128 0x3
 1237 0129 0E        		.uleb128 0xe
 1238 012a 3A        		.uleb128 0x3a
 1239 012b 0B        		.uleb128 0xb
 1240 012c 3B        		.uleb128 0x3b
 1241 012d 05        		.uleb128 0x5
 1242 012e 39        		.uleb128 0x39
 1243 012f 0B        		.uleb128 0xb
 1244 0130 49        		.uleb128 0x49
 1245 0131 13        		.uleb128 0x13
 1246 0132 3F        		.uleb128 0x3f
 1247 0133 0C        		.uleb128 0xc
 1248 0134 3C        		.uleb128 0x3c
 1249 0135 0C        		.uleb128 0xc
 1250 0136 00        		.byte	0
 1251 0137 00        		.byte	0
 1252 0138 19        		.uleb128 0x19
 1253 0139 21        		.uleb128 0x21
 1254 013a 00        		.byte	0
 1255 013b 49        		.uleb128 0x49
 1256 013c 13        		.uleb128 0x13
 1257 013d 2F        		.uleb128 0x2f
 1258 013e 0B        		.uleb128 0xb
 1259 013f 00        		.byte	0
 1260 0140 00        		.byte	0
 1261 0141 1A        		.uleb128 0x1a
 1262 0142 04        		.uleb128 0x4
 1263 0143 01        		.byte	0x1
 1264 0144 3E        		.uleb128 0x3e
 1265 0145 0B        		.uleb128 0xb
 1266 0146 0B        		.uleb128 0xb
 1267 0147 0B        		.uleb128 0xb
 1268 0148 49        		.uleb128 0x49
 1269 0149 13        		.uleb128 0x13
 1270 014a 3A        		.uleb128 0x3a
 1271 014b 0B        		.uleb128 0xb
 1272 014c 3B        		.uleb128 0x3b
 1273 014d 0B        		.uleb128 0xb
 1274 014e 39        		.uleb128 0x39
 1275 014f 0B        		.uleb128 0xb
 1276 0150 01        		.uleb128 0x1
 1277 0151 13        		.uleb128 0x13
 1278 0152 00        		.byte	0
 1279 0153 00        		.byte	0
 1280 0154 1B        		.uleb128 0x1b
 1281 0155 28        		.uleb128 0x28
 1282 0156 00        		.byte	0
 1283 0157 03        		.uleb128 0x3
 1284 0158 0E        		.uleb128 0xe
 1285 0159 1C        		.uleb128 0x1c
 1286 015a 0B        		.uleb128 0xb
 1287 015b 00        		.byte	0
 1288 015c 00        		.byte	0
 1289 015d 1C        		.uleb128 0x1c
 1290 015e 04        		.uleb128 0x4
 1291 015f 01        		.byte	0x1
 1292 0160 03        		.uleb128 0x3
 1293 0161 0E        		.uleb128 0xe
 1294 0162 3E        		.uleb128 0x3e
 1295 0163 0B        		.uleb128 0xb
 1296 0164 0B        		.uleb128 0xb
 1297 0165 0B        		.uleb128 0xb
 1298 0166 49        		.uleb128 0x49
 1299 0167 13        		.uleb128 0x13
 1300 0168 3A        		.uleb128 0x3a
 1301 0169 0B        		.uleb128 0xb
 1302 016a 3B        		.uleb128 0x3b
 1303 016b 0B        		.uleb128 0xb
 1304 016c 39        		.uleb128 0x39
 1305 016d 0B        		.uleb128 0xb
 1306 016e 01        		.uleb128 0x1
 1307 016f 13        		.uleb128 0x13
 1308 0170 00        		.byte	0
 1309 0171 00        		.byte	0
 1310 0172 1D        		.uleb128 0x1d
 1311 0173 34        		.uleb128 0x34
 1312 0174 00        		.byte	0
 1313 0175 47        		.uleb128 0x47
 1314 0176 13        		.uleb128 0x13
 1315 0177 3A        		.uleb128 0x3a
 1316 0178 0B        		.uleb128 0xb
 1317 0179 3B        		.uleb128 0x3b
 1318 017a 0B        		.uleb128 0xb
 1319 017b 39        		.uleb128 0x39
 1320 017c 0B        		.uleb128 0xb
 1321 017d 00        		.byte	0
 1322 017e 00        		.byte	0
 1323 017f 1E        		.uleb128 0x1e
 1324 0180 2E        		.uleb128 0x2e
 1325 0181 01        		.byte	0x1
 1326 0182 3F        		.uleb128 0x3f
 1327 0183 0C        		.uleb128 0xc
 1328 0184 03        		.uleb128 0x3
 1329 0185 0E        		.uleb128 0xe
 1330 0186 3A        		.uleb128 0x3a
 1331 0187 0B        		.uleb128 0xb
 1332 0188 3B        		.uleb128 0x3b
 1333 0189 0B        		.uleb128 0xb
 1334 018a 39        		.uleb128 0x39
 1335 018b 0B        		.uleb128 0xb
 1336 018c 27        		.uleb128 0x27
 1337 018d 0C        		.uleb128 0xc
 1338 018e 01        		.uleb128 0x1
 1339 018f 13        		.uleb128 0x13
 1340 0190 00        		.byte	0
 1341 0191 00        		.byte	0
 1342 0192 1F        		.uleb128 0x1f
 1343 0193 34        		.uleb128 0x34
 1344 0194 00        		.byte	0
 1345 0195 03        		.uleb128 0x3
 1346 0196 0E        		.uleb128 0xe
 1347 0197 3A        		.uleb128 0x3a
 1348 0198 0B        		.uleb128 0xb
 1349 0199 3B        		.uleb128 0x3b
 1350 019a 0B        		.uleb128 0xb
 1351 019b 39        		.uleb128 0x39
 1352 019c 0B        		.uleb128 0xb
 1353 019d 49        		.uleb128 0x49
 1354 019e 13        		.uleb128 0x13
 1355 019f 00        		.byte	0
 1356 01a0 00        		.byte	0
 1357 01a1 20        		.uleb128 0x20
 1358 01a2 2E        		.uleb128 0x2e
 1359 01a3 00        		.byte	0
 1360 01a4 3F        		.uleb128 0x3f
 1361 01a5 0C        		.uleb128 0xc
 1362 01a6 03        		.uleb128 0x3
 1363 01a7 0E        		.uleb128 0xe
 1364 01a8 3A        		.uleb128 0x3a
 1365 01a9 0B        		.uleb128 0xb
 1366 01aa 3B        		.uleb128 0x3b
 1367 01ab 0B        		.uleb128 0xb
 1368 01ac 39        		.uleb128 0x39
 1369 01ad 0B        		.uleb128 0xb
 1370 01ae 27        		.uleb128 0x27
 1371 01af 0C        		.uleb128 0xc
 1372 01b0 00        		.byte	0
 1373 01b1 00        		.byte	0
 1374 01b2 00        		.byte	0
 1375               		.section	.gnu.debuglto_.debug_line,"",@progbits
 1376               	.Ldebug_line0:
 1377 0000 BD01 0000 		.long	.LELT0-.LSLT0
 1378               	.LSLT0:
 1379 0004 0200      		.word	0x2
 1380 0006 B701 0000 		.long	.LELTP0-.LASLTP0
 1381               	.LASLTP0:
 1382 000a 01        		.byte	0x1
 1383 000b 01        		.byte	0x1
 1384 000c F6        		.byte	0xf6
 1385 000d F2        		.byte	0xf2
 1386 000e 0D        		.byte	0xd
 1387 000f 00        		.byte	0
 1388 0010 01        		.byte	0x1
 1389 0011 01        		.byte	0x1
 1390 0012 01        		.byte	0x1
 1391 0013 01        		.byte	0x1
 1392 0014 00        		.byte	0
 1393 0015 00        		.byte	0
 1394 0016 00        		.byte	0
 1395 0017 01        		.byte	0x1
 1396 0018 00        		.byte	0
 1397 0019 00        		.byte	0
 1398 001a 01        		.byte	0x1
 1399 001b 653A 5C67 		.ascii	"e:\\game\\msys2\\mingw64\\avr\\include"
 1399      616D 655C 
 1399      6D73 7973 
 1399      325C 6D69 
 1399      6E67 7736 
 1400 003c 00        		.byte	0
 1401 003d 6C69 622F 		.ascii	"lib/lufa/LUFA/Drivers/USB/Core"
 1401      6C75 6661 
 1401      2F4C 5546 
 1401      412F 4472 
 1401      6976 6572 
 1402 005b 00        		.byte	0
 1403 005c 6C69 622F 		.ascii	"lib/lufa/LUFA/Drivers/USB/Core/AVR8/.."
 1403      6C75 6661 
 1403      2F4C 5546 
 1403      412F 4472 
 1403      6976 6572 
 1404 0082 00        		.byte	0
 1405 0083 746D 6B5F 		.ascii	"tmk_core/common"
 1405      636F 7265 
 1405      2F63 6F6D 
 1405      6D6F 6E
 1406 0092 00        		.byte	0
 1407 0093 7175 616E 		.ascii	"quantum"
 1407      7475 6D
 1408 009a 00        		.byte	0
 1409 009b 7175 616E 		.ascii	"quantum/bootmagic"
 1409      7475 6D2F 
 1409      626F 6F74 
 1409      6D61 6769 
 1409      63
 1410 00ac 00        		.byte	0
 1411 00ad 7175 616E 		.ascii	"quantum/sequencer"
 1411      7475 6D2F 
 1411      7365 7175 
 1411      656E 6365 
 1411      72
 1412 00be 00        		.byte	0
 1413 00bf 00        		.byte	0
 1414 00c0 7374 6469 		.string	"stdint.h"
 1414      6E74 2E68 
 1414      00
 1415 00c9 01        		.uleb128 0x1
 1416 00ca 00        		.uleb128 0
 1417 00cb 00        		.uleb128 0
 1418 00cc 6465 6275 		.string	"debug.h"
 1418      672E 6800 
 1419 00d4 04        		.uleb128 0x4
 1420 00d5 00        		.uleb128 0
 1421 00d6 00        		.uleb128 0
 1422 00d7 6163 7469 		.string	"action.h"
 1422      6F6E 2E68 
 1422      00
 1423 00e0 04        		.uleb128 0x4
 1424 00e1 00        		.uleb128 0
 1425 00e2 00        		.uleb128 0
 1426 00e3 4156 5238 		.string	"AVR8/../StdRequestType.h"
 1426      2F2E 2E2F 
 1426      5374 6452 
 1426      6571 7565 
 1426      7374 5479 
 1427 00fc 02        		.uleb128 0x2
 1428 00fd 00        		.uleb128 0
 1429 00fe 00        		.uleb128 0
 1430 00ff 4156 5238 		.string	"AVR8/../DeviceStandardReq.h"
 1430      2F2E 2E2F 
 1430      4465 7669 
 1430      6365 5374 
 1430      616E 6461 
 1431 011b 02        		.uleb128 0x2
 1432 011c 00        		.uleb128 0
 1433 011d 00        		.uleb128 0
 1434 011e 5553 4254 		.string	"USBTask.h"
 1434      6173 6B2E 
 1434      6800 
 1435 0128 02        		.uleb128 0x2
 1436 0129 00        		.uleb128 0
 1437 012a 00        		.uleb128 0
 1438 012b 486F 7374 		.string	"HostStandardReq.h"
 1438      5374 616E 
 1438      6461 7264 
 1438      5265 712E 
 1438      6800 
 1439 013d 02        		.uleb128 0x2
 1440 013e 00        		.uleb128 0
 1441 013f 00        		.uleb128 0
 1442 0140 7374 6469 		.string	"stdio.h"
 1442      6F2E 6800 
 1443 0148 01        		.uleb128 0x1
 1444 0149 00        		.uleb128 0
 1445 014a 00        		.uleb128 0
 1446 014b 686F 7374 		.string	"host.h"
 1446      2E68 00
 1447 0152 04        		.uleb128 0x4
 1448 0153 00        		.uleb128 0
 1449 0154 00        		.uleb128 0
 1450 0155 6B65 7963 		.string	"keycode_config.h"
 1450      6F64 655F 
 1450      636F 6E66 
 1450      6967 2E68 
 1450      00
 1451 0166 05        		.uleb128 0x5
 1452 0167 00        		.uleb128 0
 1453 0168 00        		.uleb128 0
 1454 0169 7469 6D65 		.string	"timer.h"
 1454      722E 6800 
 1455 0171 04        		.uleb128 0x4
 1456 0172 00        		.uleb128 0
 1457 0173 00        		.uleb128 0
 1458 0174 7365 7175 		.string	"sequencer/sequencer.h"
 1458      656E 6365 
 1458      722F 7365 
 1458      7175 656E 
 1458      6365 722E 
 1459 018a 05        		.uleb128 0x5
 1460 018b 00        		.uleb128 0
 1461 018c 00        		.uleb128 0
 1462 018d 6B65 796D 		.string	"keymap.h"
 1462      6170 2E68 
 1462      00
 1463 0196 05        		.uleb128 0x5
 1464 0197 00        		.uleb128 0
 1465 0198 00        		.uleb128 0
 1466 0199 6163 7469 		.string	"action_layer.h"
 1466      6F6E 5F6C 
 1466      6179 6572 
 1466      2E68 00
 1467 01a8 04        		.uleb128 0x4
 1468 01a9 00        		.uleb128 0
 1469 01aa 00        		.uleb128 0
 1470 01ab 626F 6F74 		.string	"bootmagic/magic.c"
 1470      6D61 6769 
 1470      632F 6D61 
 1470      6769 632E 
 1470      6300 
 1471 01bd 05        		.uleb128 0x5
 1472 01be 00        		.uleb128 0
 1473 01bf 00        		.uleb128 0
 1474 01c0 00        		.byte	0
 1475               	.LELTP0:
 1476               	.LELT0:
 1477               		.section	.gnu.debuglto_.debug_str,"MS",@progbits,1
 1478               	.LASF74:
 1479 0000 7365 7175 		.string	"sequencer_phase_t"
 1479      656E 6365 
 1479      725F 7068 
 1479      6173 655F 
 1479      7400 
 1480               	.LASF43:
 1481 0012 7377 6170 		.string	"swap_ralt_rgui"
 1481      5F72 616C 
 1481      745F 7267 
 1481      7569 00
 1482               	.LASF20:
 1483 0021 6252 6571 		.string	"bRequest"
 1483      7565 7374 
 1483      00
 1484               	.LASF41:
 1485 002a 6361 7073 		.string	"capslock_to_control"
 1485      6C6F 636B 
 1485      5F74 6F5F 
 1485      636F 6E74 
 1485      726F 6C00 
 1486               	.LASF79:
 1487 003e 7068 6173 		.string	"phase"
 1487      6500 
 1488               	.LASF8:
 1489 0044 6C6F 6E67 		.string	"long long int"
 1489      206C 6F6E 
 1489      6720 696E 
 1489      7400 
 1490               	.LASF16:
 1491 0052 6465 6275 		.string	"debug_config_t"
 1491      675F 636F 
 1491      6E66 6967 
 1491      5F74 00
 1492               	.LASF50:
 1493 0061 6F6E 6573 		.string	"oneshot_disable"
 1493      686F 745F 
 1493      6469 7361 
 1493      626C 6500 
 1494               	.LASF85:
 1495 0071 6C61 7965 		.string	"layer_state_t"
 1495      725F 7374 
 1495      6174 655F 
 1495      7400 
 1496               	.LASF53:
 1497 007f 7469 6D65 		.string	"timer_count"
 1497      725F 636F 
 1497      756E 7400 
 1498               	.LASF31:
 1499 008b 5553 425F 		.string	"USB_Host_ConfigurationNumber"
 1499      486F 7374 
 1499      5F43 6F6E 
 1499      6669 6775 
 1499      7261 7469 
 1500               	.LASF37:
 1501 00a8 5F5F 696F 		.string	"__iob"
 1501      6200 
 1502               	.LASF32:
 1503 00ae 756E 6765 		.string	"unget"
 1503      7400 
 1504               	.LASF10:
 1505 00b4 656E 6162 		.string	"enable"
 1505      6C65 00
 1506               	.LASF78:
 1507 00bb 7469 6D65 		.string	"timer"
 1507      7200 
 1508               	.LASF25:
 1509 00c1 5553 425F 		.string	"USB_Device_ConfigurationNumber"
 1509      4465 7669 
 1509      6365 5F43 
 1509      6F6E 6669 
 1509      6775 7261 
 1510               	.LASF51:
 1511 00e0 6B65 796D 		.string	"keymap_config_t"
 1511      6170 5F63 
 1511      6F6E 6669 
 1511      675F 7400 
 1512               	.LASF75:
 1513 00f0 6163 7469 		.string	"active_tracks"
 1513      7665 5F74 
 1513      7261 636B 
 1513      7300 
 1514               	.LASF77:
 1515 00fe 6375 7272 		.string	"current_step"
 1515      656E 745F 
 1515      7374 6570 
 1515      00
 1516               	.LASF63:
 1517 010b 5345 5155 		.string	"SEQUENCER_RESOLUTIONS"
 1517      454E 4345 
 1517      525F 5245 
 1517      534F 4C55 
 1517      5449 4F4E 
 1518               	.LASF42:
 1519 0121 7377 6170 		.string	"swap_lalt_lgui"
 1519      5F6C 616C 
 1519      745F 6C67 
 1519      7569 00
 1520               	.LASF81:
 1521 0130 7365 7175 		.string	"sequencer_config"
 1521      656E 6365 
 1521      725F 636F 
 1521      6E66 6967 
 1521      00
 1522               	.LASF46:
 1523 0141 7377 6170 		.string	"swap_backslash_backspace"
 1523      5F62 6163 
 1523      6B73 6C61 
 1523      7368 5F62 
 1523      6163 6B73 
 1524               	.LASF55:
 1525 015a 5351 5F52 		.string	"SQ_RES_2T"
 1525      4553 5F32 
 1525      5400 
 1526               	.LASF72:
 1527 0164 5345 5155 		.string	"SEQUENCER_PHASE_RELEASE"
 1527      454E 4345 
 1527      525F 5048 
 1527      4153 455F 
 1527      5245 4C45 
 1528               	.LASF9:
 1529 017c 6C6F 6E67 		.string	"long long unsigned int"
 1529      206C 6F6E 
 1529      6720 756E 
 1529      7369 676E 
 1529      6564 2069 
 1530               	.LASF29:
 1531 0193 5553 425F 		.string	"USB_ControlRequest"
 1531      436F 6E74 
 1531      726F 6C52 
 1531      6571 7565 
 1531      7374 00
 1532               	.LASF88:
 1533 01a6 474E 5520 		.string	"GNU C99 8.4.0 -mn-flash=1 -mno-skip-bug -mmcu=avr5 -gdwarf-2 -Os -std=gnu99 -funsigned-ch
 1533      4339 3920 
 1533      382E 342E 
 1533      3020 2D6D 
 1533      6E2D 666C 
 1534               	.LASF5:
 1535 0297 6C6F 6E67 		.string	"long int"
 1535      2069 6E74 
 1535      00
 1536               	.LASF30:
 1537 02a0 5553 425F 		.string	"USB_DeviceState"
 1537      4465 7669 
 1537      6365 5374 
 1537      6174 6500 
 1538               	.LASF76:
 1539 02b0 6375 7272 		.string	"current_track"
 1539      656E 745F 
 1539      7472 6163 
 1539      6B00 
 1540               	.LASF45:
 1541 02be 7377 6170 		.string	"swap_grave_esc"
 1541      5F67 7261 
 1541      7665 5F65 
 1541      7363 00
 1542               	.LASF71:
 1543 02cd 5345 5155 		.string	"SEQUENCER_PHASE_ATTACK"
 1543      454E 4345 
 1543      525F 5048 
 1543      4153 455F 
 1543      4154 5441 
 1544               	.LASF93:
 1545 02e4 6465 6661 		.string	"default_layer"
 1545      756C 745F 
 1545      6C61 7965 
 1545      7200 
 1546               	.LASF28:
 1547 02f2 5553 425F 		.string	"USB_IsInitialized"
 1547      4973 496E 
 1547      6974 6961 
 1547      6C69 7A65 
 1547      6400 
 1548               	.LASF21:
 1549 0304 7756 616C 		.string	"wValue"
 1549      7565 00
 1550               	.LASF61:
 1551 030b 5351 5F52 		.string	"SQ_RES_16T"
 1551      4553 5F31 
 1551      3654 00
 1552               	.LASF62:
 1553 0316 5351 5F52 		.string	"SQ_RES_32"
 1553      4553 5F33 
 1553      3200 
 1554               	.LASF24:
 1555 0320 5553 425F 		.string	"USB_Request_Header_t"
 1555      5265 7175 
 1555      6573 745F 
 1555      4865 6164 
 1555      6572 5F74 
 1556               	.LASF64:
 1557 0335 7365 7175 		.string	"sequencer_resolution_t"
 1557      656E 6365 
 1557      725F 7265 
 1557      736F 6C75 
 1557      7469 6F6E 
 1558               	.LASF26:
 1559 034c 5553 425F 		.string	"USB_Device_RemoteWakeupEnabled"
 1559      4465 7669 
 1559      6365 5F52 
 1559      656D 6F74 
 1559      6557 616B 
 1560               	.LASF1:
 1561 036b 756E 7369 		.string	"unsigned char"
 1561      676E 6564 
 1561      2063 6861 
 1561      7200 
 1562               	.LASF38:
 1563 0379 6B65 7962 		.string	"keyboard_idle"
 1563      6F61 7264 
 1563      5F69 646C 
 1563      6500 
 1564               	.LASF91:
 1565 0387 5F5F 6669 		.string	"__file"
 1565      6C65 00
 1566               	.LASF0:
 1567 038e 7369 676E 		.string	"signed char"
 1567      6564 2063 
 1567      6861 7200 
 1568               	.LASF33:
 1569 039a 666C 6167 		.string	"flags"
 1569      7300 
 1570               	.LASF14:
 1571 03a0 7265 7365 		.string	"reserved"
 1571      7276 6564 
 1571      00
 1572               	.LASF6:
 1573 03a9 7569 6E74 		.string	"uint32_t"
 1573      3332 5F74 
 1573      00
 1574               	.LASF4:
 1575 03b2 756E 7369 		.string	"unsigned int"
 1575      676E 6564 
 1575      2069 6E74 
 1575      00
 1576               	.LASF3:
 1577 03bf 7569 6E74 		.string	"uint16_t"
 1577      3136 5F74 
 1577      00
 1578               	.LASF7:
 1579 03c8 6C6F 6E67 		.string	"long unsigned int"
 1579      2075 6E73 
 1579      6967 6E65 
 1579      6420 696E 
 1579      7400 
 1580               	.LASF94:
 1581 03da 626F 6F74 		.string	"bootmagic"
 1581      6D61 6769 
 1581      6300 
 1582               	.LASF54:
 1583 03e4 5351 5F52 		.string	"SQ_RES_2"
 1583      4553 5F32 
 1583      00
 1584               	.LASF13:
 1585 03ed 6D6F 7573 		.string	"mouse"
 1585      6500 
 1586               	.LASF56:
 1587 03f3 5351 5F52 		.string	"SQ_RES_4"
 1587      4553 5F34 
 1587      00
 1588               	.LASF66:
 1589 03fc 7374 6570 		.string	"steps"
 1589      7300 
 1590               	.LASF58:
 1591 0402 5351 5F52 		.string	"SQ_RES_8"
 1591      4553 5F38 
 1591      00
 1592               	.LASF84:
 1593 040b 666E 5F61 		.string	"fn_actions"
 1593      6374 696F 
 1593      6E73 00
 1594               	.LASF35:
 1595 0416 7564 6174 		.string	"udata"
 1595      6100 
 1596               	.LASF86:
 1597 041c 6465 6661 		.string	"default_layer_state"
 1597      756C 745F 
 1597      6C61 7965 
 1597      725F 7374 
 1597      6174 6500 
 1598               	.LASF36:
 1599 0430 6368 6172 		.string	"char"
 1599      00
 1600               	.LASF39:
 1601 0435 6B65 7962 		.string	"keyboard_protocol"
 1601      6F61 7264 
 1601      5F70 726F 
 1601      746F 636F 
 1601      6C00 
 1602               	.LASF12:
 1603 0447 6B65 7962 		.string	"keyboard"
 1603      6F61 7264 
 1603      00
 1604               	.LASF49:
 1605 0450 7377 6170 		.string	"swap_rctl_rgui"
 1605      5F72 6374 
 1605      6C5F 7267 
 1605      7569 00
 1606               	.LASF69:
 1607 045f 7265 736F 		.string	"resolution"
 1607      6C75 7469 
 1607      6F6E 00
 1608               	.LASF73:
 1609 046a 5345 5155 		.string	"SEQUENCER_PHASE_PAUSE"
 1609      454E 4345 
 1609      525F 5048 
 1609      4153 455F 
 1609      5041 5553 
 1610               	.LASF83:
 1611 0480 6B65 796D 		.string	"keymaps"
 1611      6170 7300 
 1612               	.LASF82:
 1613 0488 7365 7175 		.string	"sequencer_internal_state"
 1613      656E 6365 
 1613      725F 696E 
 1613      7465 726E 
 1613      616C 5F73 
 1614               	.LASF15:
 1615 04a1 5F42 6F6F 		.string	"_Bool"
 1615      6C00 
 1616               	.LASF19:
 1617 04a7 626D 5265 		.string	"bmRequestType"
 1617      7175 6573 
 1617      7454 7970 
 1617      6500 
 1618               	.LASF17:
 1619 04b5 6465 6275 		.string	"debug_config"
 1619      675F 636F 
 1619      6E66 6967 
 1619      00
 1620               	.LASF68:
 1621 04c2 7465 6D70 		.string	"tempo"
 1621      6F00 
 1622               	.LASF52:
 1623 04c8 6B65 796D 		.string	"keymap_config"
 1623      6170 5F63 
 1623      6F6E 6669 
 1623      6700 
 1624               	.LASF18:
 1625 04d6 6469 7361 		.string	"disable_action_cache"
 1625      626C 655F 
 1625      6163 7469 
 1625      6F6E 5F63 
 1625      6163 6865 
 1626               	.LASF47:
 1627 04eb 6E6B 726F 		.string	"nkro"
 1627      00
 1628               	.LASF65:
 1629 04f0 656E 6162 		.string	"enabled"
 1629      6C65 6400 
 1630               	.LASF34:
 1631 04f8 7369 7A65 		.string	"size"
 1631      00
 1632               	.LASF80:
 1633 04fd 7365 7175 		.string	"sequencer_state_t"
 1633      656E 6365 
 1633      725F 7374 
 1633      6174 655F 
 1633      7400 
 1634               	.LASF70:
 1635 050f 7365 7175 		.string	"sequencer_config_t"
 1635      656E 6365 
 1635      725F 636F 
 1635      6E66 6967 
 1635      5F74 00
 1636               	.LASF27:
 1637 0522 5553 425F 		.string	"USB_Device_CurrentlySelfPowered"
 1637      4465 7669 
 1637      6365 5F43 
 1637      7572 7265 
 1637      6E74 6C79 
 1638               	.LASF90:
 1639 0542 443A 5C44 		.string	"D:\\Download\\qmk_firmware\\vial-qmk"
 1639      6F77 6E6C 
 1639      6F61 645C 
 1639      716D 6B5F 
 1639      6669 726D 
 1640               	.LASF2:
 1641 0564 7569 6E74 		.string	"uint8_t"
 1641      385F 7400 
 1642               	.LASF44:
 1643 056c 6E6F 5F67 		.string	"no_gui"
 1643      7569 00
 1644               	.LASF57:
 1645 0573 5351 5F52 		.string	"SQ_RES_4T"
 1645      4553 5F34 
 1645      5400 
 1646               	.LASF40:
 1647 057d 7377 6170 		.string	"swap_control_capslock"
 1647      5F63 6F6E 
 1647      7472 6F6C 
 1647      5F63 6170 
 1647      736C 6F63 
 1648               	.LASF89:
 1649 0593 7175 616E 		.string	"quantum/bootmagic/magic.c"
 1649      7475 6D2F 
 1649      626F 6F74 
 1649      6D61 6769 
 1649      632F 6D61 
 1650               	.LASF48:
 1651 05ad 7377 6170 		.string	"swap_lctl_lgui"
 1651      5F6C 6374 
 1651      6C5F 6C67 
 1651      7569 00
 1652               	.LASF92:
 1653 05bc 6D61 6769 		.string	"magic"
 1653      6300 
 1654               	.LASF59:
 1655 05c2 5351 5F52 		.string	"SQ_RES_8T"
 1655      4553 5F38 
 1655      5400 
 1656               	.LASF60:
 1657 05cc 5351 5F52 		.string	"SQ_RES_16"
 1657      4553 5F31 
 1657      3600 
 1658               	.LASF23:
 1659 05d6 774C 656E 		.string	"wLength"
 1659      6774 6800 
 1660               	.LASF87:
 1661 05de 6C61 7965 		.string	"layer_state"
 1661      725F 7374 
 1661      6174 6500 
 1662               	.LASF11:
 1663 05ea 6D61 7472 		.string	"matrix"
 1663      6978 00
 1664               	.LASF22:
 1665 05f1 7749 6E64 		.string	"wIndex"
 1665      6578 00
 1666               	.LASF67:
 1667 05f8 7472 6163 		.string	"track_notes"
 1667      6B5F 6E6F 
 1667      7465 7300 
 1668               		.text
 1669               		.section	.gnu.lto_.profile.b85098ed,"",@progbits
 1670 0000 789C 6367 		.string	"x\234cg`f`d"
 1670      6066 6064 
 1670      00
 1671 0009 0200      		.string	"\002"
 1672 000b 00        		.string	""
 1673 000c 6200      		.string	"b"
 1674 000e 0C        		.ascii	"\f"
 1675               		.text
 1676               		.section	.gnu.lto_.icf.b85098ed,"",@progbits
 1677 0000 789C 6367 		.string	"x\234cg`f\020a@"
 1677      6066 1061 
 1677      4000 
 1678 000a 6686 E95D 		.string	"f\206\351]'z\271\030\237\355\230>\233\233\371\314\327K\2339\030"
 1678      277A B918 
 1678      9FED 983E 
 1678      9B9B F9CC 
 1678      D74B 9B39 
 1679 0020 5ADE 08CF 		.ascii	"Z\336\b\317"
 1680               		.text
 1681               		.section	.gnu.lto_.jmpfuncs.b85098ed,"",@progbits
 1682 0000 789C 6367 		.string	"x\234cg`f\be@"
 1682      6066 0865 
 1682      4000 
 1683 000a 2620 6604 		.string	"& f\004S\214\007\030\031\031\200\370?\020\360\243\b022Ndfl\354\237\260\226\277\203y&3P=\3
 1683      538C 0718 
 1683      1919 80F8 
 1683      3F10 F0A3 
 1683      0830 3232 
 1684 0043 5FE2 140A 		.ascii	"_\342\024\n"
 1685               		.text
 1686               		.section	.gnu.lto_.inline.b85098ed,"",@progbits
 1687 0000 789C 6367 		.string	"x\234cg`f\250a@"
 1687      6066 A861 
 1687      4000 
 1688 000a 2606 06E6 		.string	"&\006\006\346\006 `If\004\261\033\201\314:\006\0066\210\020\023H\210\201\201\221A\362\354
 1688      0620 6049 
 1688      6604 B11B 
 1688      81CC 3A06 
 1688      0636 8810 
 1689 004b 2640 1260 		.ascii	"&@\022`"
 1690               		.text
 1691               		.section	.gnu.lto_.pureconst.b85098ed,"",@progbits
 1692 0000 789C 6367 		.string	"x\234cg`f`g```b\230\301\3028\203\005"
 1692      6066 6067 
 1692      6060 6062 
 1692      98C1 C238 
 1692      8305 00
 1693 0013 0539 014D 		.ascii	"\0059\001M"
 1694               		.text
 1695               		.section	.gnu.lto_bootmagic.b85098ed,"",@progbits
 1696 0000 789C 6367 		.string	"x\234cg`f\230\304\300\300 \003\304\262@\314\310\314\300\310\324\320\320\340\300\336\310\3
 1696      6066 98C4 
 1696      C0C0 2003 
 1696      C4B2 40CC 
 1696      C8CC C0C8 
 1697 00b9 00        		.string	""
 1698 00ba 6B7C 3B86 		.ascii	"k|;\206"
 1699               		.text
 1700               		.section	.gnu.lto_magic.b85098ed,"",@progbits
 1701 0000 789C 8552 		.string	"x\234\205R\317O\023A\024\236o\337,-\320\n\210(\020L8q(\t\204\213\206\350\301\177\300\277\
 1701      CF4F 1341 
 1701      149E 6FDF 
 1701      2C2D D00A 
 1701      8828 104C 
 1702 0068 2FE8 029A 		.ascii	"/\350\002\232a\030\207\\\001\267\246Q\307\375\316\"ix\344\342"
 1702      6118 875C 
 1702      01B7 A651 
 1702      C7FD CE22 
 1702      6978 E4E2 
 1703 007c D482 4F1A 		.ascii	"\324\202O\0329\004\251l2\340\226\200}2\334\020\255\032I\264\342"
 1703      3904 A96C 
 1703      32E0 9680 
 1703      7D32 DC10 
 1703      AD1A 49B4 
 1704 0091 225D 21FC 		.ascii	"\"]!\374\372}\375\213\327\027g\233auu\227\030q\013&\t\021\341"
 1704      FA7D FD8B 
 1704      D717 679B 
 1704      6175 7597 
 1704      1871 0B26 
 1705 00a8 E57C 48C0 		.ascii	"\345|H\300'\004{\376\270\025^\242\013d\022 \371\372\341fr\306"
 1705      2704 7BFE 
 1705      B815 5EA2 
 1705      0B64 1220 
 1705      F9FA E166 
 1706 00be ABAE 1ACA 		.ascii	"\253\256\032\312\371\272\034\\\034\363\320^(Osv(\346\251\350"
 1706      F9BA 1C5C 
 1706      1CF3 D05E 
 1706      284F 7376 
 1706      28E6 A9E8 
 1707 00d2 338C A061 		.ascii	"3\214\240aM\016\351\355\206\025(7\211\360\004\304\270x\2142<"
 1707      4D0E E9ED 
 1707      8615 2837 
 1707      89F0 04C4 
 1707      B878 8C32 
 1708 00e7 4299 02AF 		.ascii	"B\231\002\257\354\363\250\200O\017V\257y\263$\206Q\221b\206\205"
 1708      ECF3 A880 
 1708      4F0F 56AF 
 1708      79B3 2486 
 1708      5191 6286 
 1709 00fc 2C01 FEAB 		.ascii	",\001\376\253\267\201i\3352V\223\2143\327\207\336Dn!\204IR\343"
 1709      B781 69DD 
 1709      3256 938C 
 1709      33D7 87DE 
 1709      446E 2184 
 1710 0113 4D27 DEB2 		.ascii	"M'\336\262\244:\351\274\271\362\205\215!\302$\202\234\221\204"
 1710      A43A E9BC 
 1710      B9F2 858D 
 1710      21C2 2482 
 1710      9C91 84
 1711 0126 6189 F3A4 		.ascii	"a\211\363\244\005\354s\233%fa\364&|6\370W\264\365\234R\247.\002"
 1711      05EC 739B 
 1711      2566 61F4 
 1711      267C 36F8 
 1711      57B4 F59C 
 1712 013e 4B88 C627 		.ascii	"K\210\306'\222\331!\004\003n\223\334\021R\324O\021RD\331\342"
 1712      92D9 2104 
 1712      036E 93DC 
 1712      1152 D44F 
 1712      1152 44D9 
 1713 0153 3342 F323 		.ascii	"3B\363#\243Xw\016t^\276\227\247r\227\020x\346\244\302<4\275\360"
 1713      A358 770E 
 1713      745E BE97 
 1713      A772 9710 
 1713      78E6 A4C2 
 1714 016b 278E 359E 		.ascii	"'\2165\236\341q\254\021\225\333\2074\226\234\bi\3142\342\260"
 1714      E171 AC11 
 1714      95DB 8734 
 1714      969C 0869 
 1714      CC32 E2B0 
 1715 017f E4DA 0872 		.ascii	"\344\332\br\223\322\357\353J\347R\354Z\032\210'B\\/\214: ^1\217"
 1715      93D2 EFEB 
 1715      4AE7 52EC 
 1715      5A1A 8827 
 1715      425C 2F8C 
 1716 0198 E0C7 8E25 		.ascii	"\340\307\216%]9o\324\271\003\351\354;\242\252\316\374\270\322"
 1716      5D39 6FD4 
 1716      B903 E9EC 
 1716      3BA2 AACE 
 1716      FCB8 D2
 1717 01ab 3F78 2327 		.ascii	"?x#'\206\333\334\366<\274`\034<W\t\261\305J\206/\271j\006\324"
 1717      86DB DCF6 
 1717      3CBC 601C 
 1717      3C57 09B1 
 1717      C54A 862F 
 1718 01c3 68F4 DC61 		.ascii	"h\364\334as>\306\020\303U\247?/Q\303jl\231?3eR\032[A\204xf\361"
 1718      733E C610 
 1718      C355 A73F 
 1718      2F51 C36A 
 1718      6C99 3F33 
 1719 01e0 CA91 B973 		.ascii	"\312\221\271s;\231\205\0312\013\243\252\025\233e\356\302k%s|"
 1719      3B99 8519 
 1719      320B A3AA 
 1719      159B 65EE 
 1719      C26B 2573 
 1720 01f5 0B99 FD6C 		.ascii	"\013\231\375l.\302\204-\023J\346\033%\223l\231\313\276\377\265"
 1720      2EC2 842D 
 1720      134A E61B 
 1720      2593 6C99 
 1720      CBBE FFB5 
 1721 0209 43E7 80C9 		.ascii	"C\347\200\311\265v\250\220\030\375\313\254\237\234\314df\003"
 1721      B576 A890 
 1721      18FD CBAC 
 1721      9F9C CC64 
 1721      6603 
 1722 021b B238 ECED 		.ascii	"\2628\354\355\206\006\254\264?\324\035\347|\366g\240\240M\250"
 1722      8606 ACB4 
 1722      3FD4 1DE7 
 1722      7CF6 67A0 
 1722      A04D A8
 1723 022e 2693 9F6C 		.ascii	"&\223\237l\340\273\225)\340\320\226ZvG\310\305\240\357\024(\207"
 1723      E0BB 9529 
 1723      E0D0 965A 
 1723      7647 C8C5 
 1723      A0EF 1428 
 1724 0243 98B4 C78E 		.ascii	"\230\264\307\216\032t\3440Ew\266C\240o\254^qF\365\212\243j\304"
 1724      1A74 E430 
 1724      4577 B643 
 1724      A06F AC5E 
 1724      7146 F58A 
 1725 025a 3657 8F30 		.ascii	"6W\2170\255\2527\245\252\207\031\256\324\266*J\"\344f\237\367"
 1725      ADAA 37A5 
 1725      AA87 19AE 
 1725      D4B6 2A4A 
 1725      22E4 669F 
 1726 026f 8E0A DDA4 		.ascii	"\216\n\335\244R\361\r\301\236D\256\355\254\2760\263\333\003\313"
 1726      52F1 0DC1 
 1726      9E44 AEED 
 1726      ACBE 30B3 
 1726      DB03 CB
 1727 0282 2CA5 675A 		.ascii	",\245gZ\374\247\233[\032\253\2176557\372O\234\254\253\266\367"
 1727      FCA7 9B5B 
 1727      1AAB 8F36 
 1727      3535 37FA 
 1727      4F9C ACAB 
 1728 0298 AA3A E13D 		.ascii	"\252:\341=V\177\334\337\322\320|\244\301\177\256\376lA\352\271"
 1728      567F DCDF 
 1728      D2D0 7CA4 
 1728      C17F AEFE 
 1728      6C41 EAB9 
 1729 02ac 6A9F BF6E 		.ascii	"j\237\277n\177Mmm\255\370\013\220\321h|"
 1729      7F4D 6D6D 
 1729      ADF8 0B90 
 1729      D168 7C
 1730               		.text
 1731               		.section	.gnu.lto_.symbol_nodes.b85098ed,"",@progbits
 1732 0000 789C 6DCF 		.string	"x\234m\317\273\021\3020\020E\321\367\274\266e\354\"`\250\004f(\203^V\246\002j`\b\250\201\
 1732      BB11 C230 
 1732      1045 D1F7 
 1732      BCB6 65EC 
 1732      2260 A804 
 1733 0037 9233 140B 		.ascii	"\2223\024\013\357}\312\345\036\241\261\365Str\201\322\224\354"
 1733      EF7D CAE5 
 1733      1EA1 B1F5 
 1733      5374 7281 
 1733      D294 EC
 1734 004a 018C DAFB 		.ascii	"\001\214\332\373\004\326\3436\336H\332\001?\320\344\027\317\260"
 1734      04D6 E336 
 1734      DE48 DA01 
 1734      3FD0 E417 
 1734      CFB0 
 1735 005c 7B06 783F 		.ascii	"{\006x?\t\362\202\212-OhjK\003\315l\271Cs[nPg\313\025Z\230\""
 1735      09F2 828A 
 1735      2D4F 686A 
 1735      4B03 CD6C 
 1735      B943 735B 
 1736 0078 ACEA EE9B 		.ascii	"\254\352\356\2333ayh\276\033rM\341\240\037\036C\026}\356r!\372"
 1736      3361 7968 
 1736      BE1B 724D 
 1736      E1A0 1F1E 
 1736      4316 7DEE 
 1737 008f 5C39 A18B 		.ascii	"\\9\241\213\013!\363\230\2450\213\273\025\376\304\035~\274"
 1737      0B21 F398 
 1737      A530 8BBB 
 1737      15FE C41D 
 1737      7EBC 
 1738               		.text
 1739               		.section	.gnu.lto_.refs.b85098ed,"",@progbits
 1740 0000 789C 6367 		.string	"x\234cg`f\340a```fdd\342`d\346f`\021e"
 1740      6066 E061 
 1740      6060 6066 
 1740      6464 E260 
 1740      64E6 6660 
 1741 0017 00        		.string	""
 1742 0018 02A7 00   		.string	"\002\247"
 1743 001b 4E        		.ascii	"N"
 1744               		.text
 1745               		.section	.gnu.lto_.decls.b85098ed,"",@progbits
 1746 0000 789C 8557 		.string	"x\234\205WkTSW\026\276\347\236\004BL\210Uf\026\035Yk\230\325\246],g\211\217\326\307\254\3
 1746      6B54 5357 
 1746      16BE E79E 
 1746      0442 4C88 
 1746      5566 161D 
 1747 0058 510B B3CF 		.ascii	"Q\013\263\317#77J\326d\261s\356>\347\333\337\331{\237\275\317"
 1747      2337 374A 
 1747      D664 B173 
 1747      EE3E E7DB 
 1747      DFD9 7B9F 
 1748 006e 2591 0216 		.ascii	"%\221\002\026\036\316\027\004\257(\bk\221 \314\302\007\013\202"
 1748      1ECE 1704 
 1748      AF28 086B 
 1748      9120 CCC2 
 1748      070B 82
 1749 0081 D001 02AA 		.ascii	"\320\001\002\252\320 \260O\024\310U\220\026\2206\220N\220>\220"
 1749      D020 B04F 
 1749      14C8 5590 
 1749      1690 3690 
 1749      4E90 3E90 
 1750 0095 6190 7B20 		.ascii	"a\220{ ~\220\307 \304V\013\206\211 \313\220\020\362\331\215\030"
 1750      7E90 C720 
 1750      C456 0B86 
 1750      8920 CB90 
 1750      10F2 D98D 
 1751 00aa E706 AE23 		.ascii	"\347\006\256#\316\371\366g?,,\342\270\005 1\334\2171\2208\220"
 1751      CEF9 F667 
 1751      3F2C 2CE2 
 1751      B805 2031 
 1751      DC8F 3190 
 1752 00c0 7520 1F83 		.ascii	"u \037\203,\007\334#\030W\300\330\f\343'0\366\302\370)\214Q "
 1752      2C07 DC23 
 1752      1857 C0D8 
 1752      0CE3 2730 
 1752      F6C2 F829 
 1753 00d7 B7E0 7925 		.ascii	"\267\340y%\214wa\\\005\343\022\220!x^\215X|k`\374\023H+<C\370"
 1753      8C77 615C 
 1753      05E3 1290 
 1753      2178 5E8D 
 1753      587C 6B60 
 1754 00f2 821A 9E17 		.ascii	"\202\032\236\027#\026k\013\217\307\317\343\033\346\276\366\361"
 1754      2316 6B0B 
 1754      8FC7 CFE3 
 1754      1BE6 BEF6 
 1754      F1
 1755 0103 D8DB FE5F 		.ascii	"\330\333\376_\254\030\2157=9\025\231\203\321\307ZD\262j\200\251"
 1755      AC18 8D37 
 1755      3D39 1599 
 1755      83D1 C75A 
 1755      44B2 6A80 
 1756 0118 FCCC C111 		.ascii	"\374\314\301\021\035\233\"\210\366\333W\212\364X\244\317\327"
 1756      1D9B 2288 
 1756      F6DB 578A 
 1756      F458 A4CF 
 1756      D7
 1757 0129 1F74 5EC7 		.ascii	"\037t^\307K\253%\366\321\374Y@? L\251\214\363\310z\336\216"
 1757      4BAB 25F6 
 1757      D1FC 5940 
 1757      3F20 4CA9 
 1757      8CF3 C87A 
 1758 013f 96A1 68BC 		.string	"\226\241h\274\212b\1779\344\236\306@\263@\213T\240\366\177;\333\245\0075F\213\342A\035k\3
 1758      8A62 7F39 
 1758      E49E C640 
 1758      B340 8B54 
 1758      A0F6 7F3B 
 1759 0240 28F6 EF38 		.ascii	"(\366\3578X\030\201\355\314\225\341k\365\032\240\363\016I>\177"
 1759      5818 81ED 
 1759      CC95 E16B 
 1759      F51A A0F3 
 1759      0E49 3E7F 
 1760 0254 B25B F265 		.ascii	"\262[\362e\202\013\"\345\272\026\340\002\206k\n\242\002 j\241"
 1760      820B 22E5 
 1760      BA16 E002 
 1760      866B 0AA2 
 1760      0220 6AA1 
 1761 0268 44AD 2FEF 		.ascii	"D\255/\3574\251p\006%\232::\235Ob\2425@\274\205\271\227GGgC\242"
 1761      34A9 7006 
 1761      259A 3A3A 
 1761      9D4F 62A2 
 1761      3540 BC85 
 1762 0283 224B 81B0 		.ascii	"\"K\201\260ZiX?!\036W\355\304\364\221(\022\027`\233+?\364\\\332"
 1762      5A69 583F 
 1762      211E 57ED 
 1762      C4F4 9128 
 1762      1217 609B 
 1763 029c 27E5 4450 		.ascii	"'\345DP\024\272\256p\344:/d\001\265Q\027v\236\030\2719\017W\240"
 1763      14BA AE70 
 1763      E43A 2F64 
 1763      01B5 5117 
 1763      769E 18B9 
 1764 02b4 B03E F41F 		.ascii	"\260>\364\037\316.\215\f\223\331\016\352B{\300\205\357\213&."
 1764      CE2E 8D0C 
 1764      93D9 0EEA 
 1764      427B C085 
 1764      EF8B 262E 
 1765 02c8 1AB8 0B7E 		.ascii	"\032\270\013~\277\332-5 \002A7\024\373\337\220\367\357\244\373"
 1765      BFDA 2D35 
 1765      2002 4137 
 1765      14FB DF90 
 1765      F7EF A4FB 
 1766 02dc 6FF3 9DBD 		.ascii	"o\363\235\275\257\303ul\377\354\013%wT\320<q\320\245H\321\242"
 1766      AFC3 756C 
 1766      FFEC 0B25 
 1766      7754 D03C 
 1766      71D0 A548 
 1767 02f2 71AC 452B 		.ascii	"q\254E+\017U4\352q\017\303\366\215\336\315\327\260\316\362y\245"
 1767      0F55 34EA 
 1767      710F C3F6 
 1767      8DDE CDD7 
 1767      B0CE F279 
 1768 0307 08E8 2CE6 		.ascii	"\b\350,\346\025\352A\324\200\366\325M\350\253n\350+\300\317V"
 1768      15EA 41D4 
 1768      80F6 D54D 
 1768      E8AB 6EE8 
 1768      2BC0 CF56 
 1769 031b D57D AB56 		.ascii	"\325}\253V\306qK\221\313\336\220\022)\254\313-\210\346qL]\370"
 1769      C671 4B91 
 1769      CBDE 9012 
 1769      29AC CB2D 
 1769      88E6 714C 
 1770 0331 A3E7 244B 		.ascii	"\243\347$K%\200P\227\"\224.9\224>\032\312\233\312'\376h\374\212"
 1770      2580 5097 
 1770      2294 2E39 
 1770      943E 1ACA 
 1770      9BCA 27FE 
 1771 0348 B9        		.ascii	"\271"
 1772 0349 D7E9 393A 		.string	"\327\3519:MBYG.\034\254\210e\035\213\345\322\356\001\277\026\357b\367\315\265^\317w\006v\
 1772      4D42 5947 
 1772      2E1C AC88 
 1772      651D 8BE5 
 1772      D2EE 01BF 
 1773 044a A051 85FF 		.string	"\240Q\205\377\243\262\377\217\251\377\333g\372nF\340n1\344\r\022\303\336 \371\305\331%:|\
 1773      A3B2 FF8F 
 1773      A9FF DB67 
 1773      FA6E 46E0 
 1773      6E31 E40D 
 1774 0487 CC04 A6B3 		.ascii	"\314\004\246\263$\0302\002\345\301\236\327\331\374\245DJ1\367"
 1774      2418 3202 
 1774      E5C1 9ED7 
 1774      D9FC A544 
 1774      4A31 F7
 1775 049a 6659 6534 		.ascii	"fYe4\036\013\255\275\030V{\307\037\016\325b<\301\326\256l\275"
 1775      1E0B ADBD 
 1775      1856 7BC7 
 1775      1F0E D562 
 1775      3CC1 D6AE 
 1776 04b0 50AF C6D3 		.ascii	"P\257\306\323L\331\332\337yN\203%L\024Mo\273\373\264\006\031"
 1776      4CD9 DADF 
 1776      794E 8325 
 1776      4C14 4D6F 
 1776      BBFB B406 
 1777 04c5 E1B3 D068 		.ascii	"\341\263\320hL(\245\216\315>\210\337\347\316\364\rG\320\\MC\370"
 1777      4C28 A58E 
 1777      CD3E 88DF 
 1777      E7CE F40D 
 1777      47D0 5C4D 
 1778 04db 3368 215A 		.ascii	"3h!Z\316\035M\214\243\323\257\221\021-#\3778\224\322\324>\371"
 1778      CE1D 4D8C 
 1778      A3D3 AF91 
 1778      112D 23FF 
 1778      3894 D2D4 
 1779 04f1 5796 94B3 		.ascii	"W\226\224\263\b\372U\240\340\0252\030\276\0020\240\356\331\247"
 1779      08FA 55A0 
 1779      E015 3218 
 1779      BE02 30A0 
 1779      EED9 A7
 1780 0504 CE92 B62F 		.ascii	"\316\222\266/\242\fS\341\211'Q\320\244\177m{/;\265\027\341\r"
 1780      A20C 53E1 
 1780      8927 51D0 
 1780      A47F 6D7B 
 1780      2F3B B517 
 1781 051a 9E53 83DD 		.ascii	"\236S\203\335\354\224Ql0\255\004\017\207\2072\305\004\364\n\200"
 1781      EC94 516C 
 1781      30AD 040F 
 1781      8787 32C5 
 1781      04F4 0A80 
 1782 052e B320 6F40 		.ascii	"\263 o@~\005\221D\243 o\323\"o\3632\3746\313\203n\rS<\234\013"
 1782      7E05 9144 
 1782      A320 6FD3 
 1782      226F F332 
 1782      FC36 CB83 
 1783 0548 9AE0 F871 		.ascii	"\232\340\370q\0244 w\0221\030\247~\225S\277f\376\t\377\202\020"
 1783      1434 2077 
 1783      1231 18A7 
 1783      7E95 53BF 
 1783      66FE 09FF 
 1784 055e A410 2827 		.ascii	"\244\020('\376vt\327?:*b/=\020\325\300\261\251\305\310\230`\214"
 1784      FE76 74D7 
 1784      3F3A 2A62 
 1784      2F3D 10D5 
 1784      C0B1 A9C5 
 1785 0576 6179 1D5B 		.ascii	"ay\035[+\355\210eF\331b\314\034ye\334\223{1!\007H\b9su\262\033"
 1785      2BED 8865 
 1785      46D9 62CC 
 1785      1C79 65DC 
 1785      937B 3121 
 1786 0592 67C1 FB0C 		.ascii	"g\301\373\fS\257\266\2108\f\323\236w\263G\200${Y\220\275\255"
 1786      53AF B688 
 1786      380C D39E 
 1786      77B3 4780 
 1786      247B 5990 
 1787 05a8 A211 B959 		.ascii	"\242\021\271Y\306\300\347g\376\274F\035>B}\026\337\024\r\227"
 1787      C6C0 E767 
 1787      FEBC 461D 
 1787      3E42 7D16 
 1787      DF14 0D97 
 1788 05bc 1850 420C 		.ascii	"\030PB\f\217\363\023\342J.\230n\023\203\235C\\\233c\017\224\003"
 1788      8FF3 13E2 
 1788      4A2E 986E 
 1788      1383 9D43 
 1788      5C9B 630F 
 1789 05d2 D4E1 B799 		.ascii	"\324\341\267\231){\235/~tD\202\027\273\257\355\005\324N"
 1789      297B 9D2F 
 1789      7E74 4482 
 1789      17BB AFED 
 1789      05D4 4E
 1790 05e5 43A6 8A52 		.string	"C\246\212R?aM){\n\272`<\004\377Il\027?\"/\321[\273\341\rs\n\263\202?\330\356\215\302\365L
 1790      3F61 4D29 
 1790      7B0A BA60 
 1790      3C04 FF49 
 1790      6C17 3F22 
 1791 06e6 7250 D9BF 		.string	"rP\331\277cr\377\346\207O\306.1\3302Oh;\002p\256\216\031\t\306_\024\236N\221\261\247\362\
 1791      6372 FFE6 
 1791      874F C62E 
 1791      31D8 324F 
 1791      683B 0270 
 1792 073a E15E 2BA9 		.ascii	"\341^+\251\257\256\323\"cL\2021X\213\344N\242\007P\t\035=W5\356"
 1792      AFAE D322 
 1792      634C 8231 
 1792      588B E44E 
 1792      A207 5009 
 1793 0753 99AB 542A 		.ascii	"\231\253T*\371mq\024J\345\030lQ\301\312\200\235\352\317\354\""
 1793      F96D 7114 
 1793      4AE5 186C 
 1793      51C1 CA80 
 1793      9DEA CFEC 
 1794 0768 AC9C F322 		.ascii	"\254\234\363\"\364\217`\266\351\020\277\b\303\355\013}8X\260"
 1794      F48F 60B6 
 1794      E910 BF08 
 1794      C3ED 0B7D 
 1794      3858 B0
 1795 077b E795 1EBB 		.ascii	"\347\225\036\273\325\364\202\273W\376r\\%_p=\237\222-\252\301"
 1795      D5F4 82BB 
 1795      57FE 725C 
 1795      255F 703D 
 1795      9F92 2DAA 
 1796 0790 B64A 71C1 		.ascii	"\266Jq\301U\006/\270P\217\321qp4\214\323\260\321O\307\236\226"
 1796      5506 2FB8 
 1796      508F D171 
 1796      7034 8CD3 
 1796      B0D1 4FC7 
 1797 07a6 D02B 8EFE 		.ascii	"\320+\216\376\216Y\272\267\f~\307H\210\322\177\315\350\025.\302"
 1797      8E59 BAB7 
 1797      0C7E C748 
 1797      88D2 7FCD 
 1797      E815 2EC2 
 1798 07ba 8C60 CC83 		.ascii	"\214`\314\203\337\035\337\323k\256\361\320\326cz\274\237:\211"
 1798      DF1D DFD3 
 1798      6BAE F1D0 
 1798      D663 7ABC 
 1798      9F3A 89
 1799 07cd AAB7 95   		.ascii	"\252\267\225"
 1800 07d0 96EB 09D1 		.ascii	"\226\353\t\321\026\362\303!\276\350\366\001)'{>\375\005P\303"
 1800      16F2 C321 
 1800      BEE8 F601 
 1800      2927 7B3E 
 1800      FD05 50C3 
 1801 07e4 8902 BF59 		.ascii	"\211\002\277Y\0052#\030% :A\211^<\313\314\325\350\266\313\377"
 1801      0532 2318 
 1801      2520 3A41 
 1801      895E 3CCB 
 1801      CCD5 E8B6 
 1802 07fa 9AD2 7F7C 		.ascii	"\232\322\177|\202\333\236\024u4F\030\001\374\3657\255\222A\t"
 1802      82DB 9E14 
 1802      7534 4618 
 1802      01FC F537 
 1802      AD92 4109 
 1803 080e 6E0E 019F 		.ascii	"n\016\001\237"
 1804 0812 E2E0 5314 		.string	"\342\340S\024\274\257\355\205_\247\004\367\206\200Os\360i\n.\036\177|2Z\t\316\r9\2403\034
 1804      BCAF ED85 
 1804      5FA7 04F7 
 1804      8680 4F73 
 1804      F069 0A2E 
 1805 0913 634C A87D 		.string	"cL\250}\252\365\2534\363F\r1\\\266\322\344Z\3706{R\306z\275<\227\222\236\242@\2448M\326ts
 1805      AAF5 AB34 
 1805      F346 0D31 
 1805      5CB6 D2E4 
 1805      5AF8 367B 
 1806 09d8 2017 1AF8 		.ascii	" \027\032\370o\261'[M\362Q\030B\"2\271\346)\352\343\177\"\373"
 1806      6FB1 275B 
 1806      4DF2 5118 
 1806      4222 32B9 
 1806      E629 EAE3 
 1807 09ef A79F      		.ascii	"\247\237"
 1808               		.text
 1809               		.section	.gnu.lto_.symtab.b85098ed,"",@progbits
 1810 0000 626F 6F74 		.string	"bootmagic"
 1810      6D61 6769 
 1810      6300 
 1811 000a 00        		.string	""
 1812 000b 01        		.ascii	"\001"
 1813 000c 00        		.string	""
 1814 000d 00        		.string	""
 1815 000e 00        		.string	""
 1816 000f 00        		.string	""
 1817 0010 00        		.string	""
 1818 0011 00        		.string	""
 1819 0012 00        		.string	""
 1820 0013 00        		.string	""
 1821 0014 00        		.string	""
 1822 0015 C800      		.string	"\310"
 1823 0017 00        		.string	""
 1824 0018 00        		.string	""
 1825 0019 6D61 6769 		.string	"magic"
 1825      6300 
 1826 001f 00        		.string	""
 1827 0020 00        		.string	""
 1828 0021 00        		.string	""
 1829 0022 00        		.string	""
 1830 0023 00        		.string	""
 1831 0024 00        		.string	""
 1832 0025 00        		.string	""
 1833 0026 00        		.string	""
 1834 0027 00        		.string	""
 1835 0028 00        		.string	""
 1836 0029 00        		.string	""
 1837 002a CA00      		.string	"\312"
 1838 002c 00        		.string	""
 1839 002d 00        		.string	""
 1840 002e 6B65 796D 		.string	"keymap_config"
 1840      6170 5F63 
 1840      6F6E 6669 
 1840      6700 
 1841 003c 00        		.string	""
 1842 003d 04        		.ascii	"\004"
 1843 003e 00        		.string	""
 1844 003f 0200      		.string	"\002"
 1845 0041 00        		.string	""
 1846 0042 00        		.string	""
 1847 0043 00        		.string	""
 1848 0044 00        		.string	""
 1849 0045 00        		.string	""
 1850 0046 00        		.string	""
 1851 0047 2F01 00   		.string	"/\001"
 1852 004a 00        		.string	""
 1853 004b 6465 6275 		.string	"debug_config"
 1853      675F 636F 
 1853      6E66 6967 
 1853      00
 1854 0058 00        		.string	""
 1855 0059 02        		.ascii	"\002"
 1856 005a 00        		.string	""
 1857 005b 00        		.string	""
 1858 005c 00        		.string	""
 1859 005d 00        		.string	""
 1860 005e 00        		.string	""
 1861 005f 00        		.string	""
 1862 0060 00        		.string	""
 1863 0061 00        		.string	""
 1864 0062 00        		.string	""
 1865 0063 0A01 00   		.string	"\n\001"
 1866 0066 00        		.string	""
 1867 0067 6C61 7965 		.string	"layer_state"
 1867      725F 7374 
 1867      6174 6500 
 1868 0073 00        		.string	""
 1869 0074 02        		.ascii	"\002"
 1870 0075 00        		.string	""
 1871 0076 00        		.string	""
 1872 0077 00        		.string	""
 1873 0078 00        		.string	""
 1874 0079 00        		.string	""
 1875 007a 00        		.string	""
 1876 007b 00        		.string	""
 1877 007c 00        		.string	""
 1878 007d 00        		.string	""
 1879 007e 3101 00   		.string	"1\001"
 1880 0081 00        		.string	""
 1881 0082 6C61 7965 		.string	"layer_state_set_kb"
 1881      725F 7374 
 1881      6174 655F 
 1881      7365 745F 
 1881      6B62 00
 1882 0095 00        		.string	""
 1883 0096 02        		.ascii	"\002"
 1884 0097 00        		.string	""
 1885 0098 00        		.string	""
 1886 0099 00        		.string	""
 1887 009a 00        		.string	""
 1888 009b 00        		.string	""
 1889 009c 00        		.string	""
 1890 009d 00        		.string	""
 1891 009e 00        		.string	""
 1892 009f 00        		.string	""
 1893 00a0 CE00      		.string	"\316"
 1894 00a2 00        		.string	""
 1895 00a3 00        		.string	""
 1896 00a4 6465 6661 		.string	"default_layer_set"
 1896      756C 745F 
 1896      6C61 7965 
 1896      725F 7365 
 1896      7400 
 1897 00b6 00        		.string	""
 1898 00b7 02        		.ascii	"\002"
 1899 00b8 00        		.string	""
 1900 00b9 00        		.string	""
 1901 00ba 00        		.string	""
 1902 00bb 00        		.string	""
 1903 00bc 00        		.string	""
 1904 00bd 00        		.string	""
 1905 00be 00        		.string	""
 1906 00bf 00        		.string	""
 1907 00c0 00        		.string	""
 1908 00c1 D200      		.string	"\322"
 1909 00c3 00        		.string	""
 1910 00c4 00        		.string	""
 1911 00c5 6565 636F 		.string	"eeconfig_read_default_layer"
 1911      6E66 6967 
 1911      5F72 6561 
 1911      645F 6465 
 1911      6661 756C 
 1912 00e1 00        		.string	""
 1913 00e2 02        		.ascii	"\002"
 1914 00e3 00        		.string	""
 1915 00e4 00        		.string	""
 1916 00e5 00        		.string	""
 1917 00e6 00        		.string	""
 1918 00e7 00        		.string	""
 1919 00e8 00        		.string	""
 1920 00e9 00        		.string	""
 1921 00ea 00        		.string	""
 1922 00eb 00        		.string	""
 1923 00ec D900      		.string	"\331"
 1924 00ee 00        		.string	""
 1925 00ef 00        		.string	""
 1926 00f0 6565 636F 		.string	"eeconfig_read_keymap"
 1926      6E66 6967 
 1926      5F72 6561 
 1926      645F 6B65 
 1926      796D 6170 
 1927 0105 00        		.string	""
 1928 0106 02        		.ascii	"\002"
 1929 0107 00        		.string	""
 1930 0108 00        		.string	""
 1931 0109 00        		.string	""
 1932 010a 00        		.string	""
 1933 010b 00        		.string	""
 1934 010c 00        		.string	""
 1935 010d 00        		.string	""
 1936 010e 00        		.string	""
 1937 010f 00        		.string	""
 1938 0110 E200      		.string	"\342"
 1939 0112 00        		.string	""
 1940 0113 00        		.string	""
 1941 0114 6565 636F 		.string	"eeconfig_read_debug"
 1941      6E66 6967 
 1941      5F72 6561 
 1941      645F 6465 
 1941      6275 6700 
 1942 0128 00        		.string	""
 1943 0129 02        		.ascii	"\002"
 1944 012a 00        		.string	""
 1945 012b 00        		.string	""
 1946 012c 00        		.string	""
 1947 012d 00        		.string	""
 1948 012e 00        		.string	""
 1949 012f 00        		.string	""
 1950 0130 00        		.string	""
 1951 0131 00        		.string	""
 1952 0132 00        		.string	""
 1953 0133 E400      		.string	"\344"
 1954 0135 00        		.string	""
 1955 0136 00        		.string	""
 1956 0137 6565 636F 		.string	"eeconfig_init"
 1956      6E66 6967 
 1956      5F69 6E69 
 1956      7400 
 1957 0145 00        		.string	""
 1958 0146 02        		.ascii	"\002"
 1959 0147 00        		.string	""
 1960 0148 00        		.string	""
 1961 0149 00        		.string	""
 1962 014a 00        		.string	""
 1963 014b 00        		.string	""
 1964 014c 00        		.string	""
 1965 014d 00        		.string	""
 1966 014e 00        		.string	""
 1967 014f 00        		.string	""
 1968 0150 E600      		.string	"\346"
 1969 0152 00        		.string	""
 1970 0153 00        		.string	""
 1971 0154 6565 636F 		.string	"eeconfig_is_enabled"
 1971      6E66 6967 
 1971      5F69 735F 
 1971      656E 6162 
 1971      6C65 6400 
 1972 0168 00        		.string	""
 1973 0169 02        		.ascii	"\002"
 1974 016a 00        		.string	""
 1975 016b 00        		.string	""
 1976 016c 00        		.string	""
 1977 016d 00        		.string	""
 1978 016e 00        		.string	""
 1979 016f 00        		.string	""
 1980 0170 00        		.string	""
 1981 0171 00        		.string	""
 1982 0172 00        		.string	""
 1983 0173 ED00      		.string	"\355"
 1984 0175 00        		.string	""
 1985 0176 00        		.string	""
 1986               		.text
 1987               		.section	.gnu.lto_.opts,"",@progbits
 1988 0000 272D 666E 		.ascii	"'-fn"
 1989 0004 6F2D 6F70 		.string	"o-openmp' '-fno-openacc' '-fno-pie' '-mn-flash=1' '-mno-skip-bug' '-mmcu=avr5' '-Os' '-We
 1989      656E 6D70 
 1989      2720 272D 
 1989      666E 6F2D 
 1989      6F70 656E 
 1990               		.text
 1991               		.comm	__gnu_lto_v1,1,1
 1992               		.comm	__gnu_lto_slim,1,1
 1993               		.ident	"GCC: (GNU) 8.4.0"
DEFINED SYMBOLS
                            *ABS*:0000000000000000 magic.c
C:\Users\Roningo\AppData\Local\Temp\cc19dgib.s:2      *ABS*:000000000000003e __SP_H__
C:\Users\Roningo\AppData\Local\Temp\cc19dgib.s:3      *ABS*:000000000000003d __SP_L__
C:\Users\Roningo\AppData\Local\Temp\cc19dgib.s:4      *ABS*:000000000000003f __SREG__
C:\Users\Roningo\AppData\Local\Temp\cc19dgib.s:5      *ABS*:0000000000000000 __tmp_reg__
C:\Users\Roningo\AppData\Local\Temp\cc19dgib.s:6      *ABS*:0000000000000001 __zero_reg__
C:\Users\Roningo\AppData\Local\Temp\cc19dgib.s:26     .gnu.debuglto_.debug_info:0000000000000000 magic.c.6ac71999
                            *COM*:0000000000000001 __gnu_lto_v1
                            *COM*:0000000000000001 __gnu_lto_slim

NO UNDEFINED SYMBOLS
