   1               		.file	"usb_util.c"
   2               	__SP_H__ = 0x3e
   3               	__SP_L__ = 0x3d
   4               	__SREG__ = 0x3f
   5               	__tmp_reg__ = 0
   6               	__zero_reg__ = 1
   7               		.file 1 "e:\\game\\msys2\\mingw64\\avr\\include\\stdint.h"
   8               		.file 2 "e:\\game\\msys2\\mingw64\\lib\\gcc\\avr\\8.4.0\\include\\stddef.h"
   9               		.file 3 "lib/lufa/LUFA/Drivers/USB/Core/AVR8/../StdRequestType.h"
  10               		.file 4 "tmk_core/common/action.h"
  11               		.file 5 "lib/lufa/LUFA/Drivers/USB/Core/AVR8/../DeviceStandardReq.h"
  12               		.file 6 "lib/lufa/LUFA/Drivers/USB/Core/USBTask.h"
  13               		.file 7 "lib/lufa/LUFA/Drivers/USB/Core/HostStandardReq.h"
  14               		.file 8 "e:\\game\\msys2\\mingw64\\avr\\include\\stdio.h"
  15               		.file 9 "tmk_core/common/report.h"
  16               		.file 10 "tmk_core/common/host.h"
  17               		.file 11 "tmk_core/common/avr/xprintf.h"
  18               		.file 12 "tmk_core/common/debug.h"
  19               		.file 13 "quantum/keycode_config.h"
  20               		.file 14 "tmk_core/common/timer.h"
  21               		.file 15 "quantum/sequencer/sequencer.h"
  22               		.file 16 "quantum/keymap.h"
  23               		.file 17 "tmk_core/common/action_layer.h"
  24               		.file 18 "tmk_core/common/action_util.h"
  25               		.file 19 "quantum/send_string.h"
  26               		.file 20 "e:\\game\\msys2\\mingw64\\avr\\include\\stdlib.h"
  27               		.file 21 "tmk_core/common/usb_util.c"
  28               		.section	.gnu.debuglto_.debug_info,"",@progbits
  29               	.Ldebug_info0:
  30               		.hidden	usb_util.c.5ad8caa9
  31               		.weak	usb_util.c.5ad8caa9
  32               	usb_util.c.5ad8caa9:
  33 0000 DA07 0000 		.long	0x7da
  34 0004 0200      		.word	0x2
  35 0006 0000 0000 		.long	.Ldebug_abbrev0
  36 000a 04        		.byte	0x4
  37 000b 01        		.uleb128 0x1
  38 000c 0000 0000 		.long	.LASF107
  39 0010 0C        		.byte	0xc
  40 0011 0000 0000 		.long	.LASF108
  41 0015 0000 0000 		.long	.LASF109
  42 0019 0000 0000 		.long	.Ldebug_line0
  43 001d 02        		.uleb128 0x2
  44 001e 01        		.byte	0x1
  45 001f 06        		.byte	0x6
  46 0020 0000 0000 		.long	.LASF0
  47 0024 03        		.uleb128 0x3
  48 0025 0000 0000 		.long	.LASF2
  49 0029 01        		.byte	0x1
  50 002a 7E        		.byte	0x7e
  51 002b 16        		.byte	0x16
  52 002c 3A00 0000 		.long	0x3a
  53 0030 04        		.uleb128 0x4
  54 0031 2400 0000 		.long	0x24
  55 0035 05        		.uleb128 0x5
  56 0036 2400 0000 		.long	0x24
  57 003a 02        		.uleb128 0x2
  58 003b 01        		.byte	0x1
  59 003c 08        		.byte	0x8
  60 003d 0000 0000 		.long	.LASF1
  61 0041 06        		.uleb128 0x6
  62 0042 02        		.byte	0x2
  63 0043 05        		.byte	0x5
  64 0044 696E 7400 		.string	"int"
  65 0048 03        		.uleb128 0x3
  66 0049 0000 0000 		.long	.LASF3
  67 004d 01        		.byte	0x1
  68 004e 80        		.byte	0x80
  69 004f 16        		.byte	0x16
  70 0050 5900 0000 		.long	0x59
  71 0054 05        		.uleb128 0x5
  72 0055 4800 0000 		.long	0x48
  73 0059 02        		.uleb128 0x2
  74 005a 02        		.byte	0x2
  75 005b 07        		.byte	0x7
  76 005c 0000 0000 		.long	.LASF4
  77 0060 02        		.uleb128 0x2
  78 0061 04        		.byte	0x4
  79 0062 05        		.byte	0x5
  80 0063 0000 0000 		.long	.LASF5
  81 0067 03        		.uleb128 0x3
  82 0068 0000 0000 		.long	.LASF6
  83 006c 01        		.byte	0x1
  84 006d 82        		.byte	0x82
  85 006e 16        		.byte	0x16
  86 006f 7800 0000 		.long	0x78
  87 0073 04        		.uleb128 0x4
  88 0074 6700 0000 		.long	0x67
  89 0078 02        		.uleb128 0x2
  90 0079 04        		.byte	0x4
  91 007a 07        		.byte	0x7
  92 007b 0000 0000 		.long	.LASF7
  93 007f 02        		.uleb128 0x2
  94 0080 08        		.byte	0x8
  95 0081 05        		.byte	0x5
  96 0082 0000 0000 		.long	.LASF8
  97 0086 02        		.uleb128 0x2
  98 0087 08        		.byte	0x8
  99 0088 07        		.byte	0x7
 100 0089 0000 0000 		.long	.LASF9
 101 008d 03        		.uleb128 0x3
 102 008e 0000 0000 		.long	.LASF10
 103 0092 02        		.byte	0x2
 104 0093 D8        		.byte	0xd8
 105 0094 17        		.byte	0x17
 106 0095 5900 0000 		.long	0x59
 107 0099 02        		.uleb128 0x2
 108 009a 01        		.byte	0x1
 109 009b 02        		.byte	0x2
 110 009c 0000 0000 		.long	.LASF11
 111 00a0 04        		.uleb128 0x4
 112 00a1 9900 0000 		.long	0x99
 113 00a5 07        		.uleb128 0x7
 114 00a6 0000 0000 		.long	.LASF18
 115 00aa 04        		.byte	0x4
 116 00ab 4B        		.byte	0x4b
 117 00ac 0D        		.byte	0xd
 118 00ad 9900 0000 		.long	0x99
 119 00b1 01        		.byte	0x1
 120 00b2 01        		.byte	0x1
 121 00b3 08        		.uleb128 0x8
 122 00b4 08        		.byte	0x8
 123 00b5 03        		.byte	0x3
 124 00b6 A3        		.byte	0xa3
 125 00b7 0C        		.byte	0xc
 126 00b8 0801 0000 		.long	0x108
 127 00bc 09        		.uleb128 0x9
 128 00bd 0000 0000 		.long	.LASF12
 129 00c1 03        		.byte	0x3
 130 00c2 A5        		.byte	0xa5
 131 00c3 0E        		.byte	0xe
 132 00c4 2400 0000 		.long	0x24
 133 00c8 02        		.byte	0x2
 134 00c9 23        		.byte	0x23
 135 00ca 00        		.uleb128 0
 136 00cb 09        		.uleb128 0x9
 137 00cc 0000 0000 		.long	.LASF13
 138 00d0 03        		.byte	0x3
 139 00d1 A6        		.byte	0xa6
 140 00d2 0E        		.byte	0xe
 141 00d3 2400 0000 		.long	0x24
 142 00d7 02        		.byte	0x2
 143 00d8 23        		.byte	0x23
 144 00d9 01        		.uleb128 0x1
 145 00da 09        		.uleb128 0x9
 146 00db 0000 0000 		.long	.LASF14
 147 00df 03        		.byte	0x3
 148 00e0 A7        		.byte	0xa7
 149 00e1 0E        		.byte	0xe
 150 00e2 4800 0000 		.long	0x48
 151 00e6 02        		.byte	0x2
 152 00e7 23        		.byte	0x23
 153 00e8 02        		.uleb128 0x2
 154 00e9 09        		.uleb128 0x9
 155 00ea 0000 0000 		.long	.LASF15
 156 00ee 03        		.byte	0x3
 157 00ef A8        		.byte	0xa8
 158 00f0 0E        		.byte	0xe
 159 00f1 4800 0000 		.long	0x48
 160 00f5 02        		.byte	0x2
 161 00f6 23        		.byte	0x23
 162 00f7 04        		.uleb128 0x4
 163 00f8 09        		.uleb128 0x9
 164 00f9 0000 0000 		.long	.LASF16
 165 00fd 03        		.byte	0x3
 166 00fe A9        		.byte	0xa9
 167 00ff 0E        		.byte	0xe
 168 0100 4800 0000 		.long	0x48
 169 0104 02        		.byte	0x2
 170 0105 23        		.byte	0x23
 171 0106 06        		.uleb128 0x6
 172 0107 00        		.byte	0
 173 0108 03        		.uleb128 0x3
 174 0109 0000 0000 		.long	.LASF17
 175 010d 03        		.byte	0x3
 176 010e AA        		.byte	0xaa
 177 010f 12        		.byte	0x12
 178 0110 B300 0000 		.long	0xb3
 179 0114 07        		.uleb128 0x7
 180 0115 0000 0000 		.long	.LASF19
 181 0119 05        		.byte	0x5
 182 011a 5E        		.byte	0x5e
 183 011b 13        		.byte	0x13
 184 011c 2400 0000 		.long	0x24
 185 0120 01        		.byte	0x1
 186 0121 01        		.byte	0x1
 187 0122 07        		.uleb128 0x7
 188 0123 0000 0000 		.long	.LASF20
 189 0127 05        		.byte	0x5
 190 0128 6E        		.byte	0x6e
 191 0129 11        		.byte	0x11
 192 012a 9900 0000 		.long	0x99
 193 012e 01        		.byte	0x1
 194 012f 01        		.byte	0x1
 195 0130 07        		.uleb128 0x7
 196 0131 0000 0000 		.long	.LASF21
 197 0135 05        		.byte	0x5
 198 0136 78        		.byte	0x78
 199 0137 11        		.byte	0x11
 200 0138 9900 0000 		.long	0x99
 201 013c 01        		.byte	0x1
 202 013d 01        		.byte	0x1
 203 013e 07        		.uleb128 0x7
 204 013f 0000 0000 		.long	.LASF22
 205 0143 06        		.byte	0x6
 206 0144 51        		.byte	0x51
 207 0145 19        		.byte	0x19
 208 0146 A000 0000 		.long	0xa0
 209 014a 01        		.byte	0x1
 210 014b 01        		.byte	0x1
 211 014c 07        		.uleb128 0x7
 212 014d 0000 0000 		.long	.LASF23
 213 0151 06        		.byte	0x6
 214 0152 5B        		.byte	0x5b
 215 0153 21        		.byte	0x21
 216 0154 0801 0000 		.long	0x108
 217 0158 01        		.byte	0x1
 218 0159 01        		.byte	0x1
 219 015a 07        		.uleb128 0x7
 220 015b 0000 0000 		.long	.LASF24
 221 015f 06        		.byte	0x6
 222 0160 90        		.byte	0x90
 223 0161 1E        		.byte	0x1e
 224 0162 3000 0000 		.long	0x30
 225 0166 01        		.byte	0x1
 226 0167 01        		.byte	0x1
 227 0168 07        		.uleb128 0x7
 228 0169 0000 0000 		.long	.LASF25
 229 016d 07        		.byte	0x7
 230 016e 67        		.byte	0x67
 231 016f 13        		.byte	0x13
 232 0170 2400 0000 		.long	0x24
 233 0174 01        		.byte	0x1
 234 0175 01        		.byte	0x1
 235 0176 0A        		.uleb128 0xa
 236 0177 02        		.byte	0x2
 237 0178 0B        		.uleb128 0xb
 238 0179 0000 0000 		.long	.LASF35
 239 017d 0E        		.byte	0xe
 240 017e 08        		.byte	0x8
 241 017f F4        		.byte	0xf4
 242 0180 08        		.byte	0x8
 243 0181 0302 0000 		.long	0x203
 244 0185 0C        		.uleb128 0xc
 245 0186 6275 6600 		.string	"buf"
 246 018a 08        		.byte	0x8
 247 018b F5        		.byte	0xf5
 248 018c 08        		.byte	0x8
 249 018d 0302 0000 		.long	0x203
 250 0191 02        		.byte	0x2
 251 0192 23        		.byte	0x23
 252 0193 00        		.uleb128 0
 253 0194 09        		.uleb128 0x9
 254 0195 0000 0000 		.long	.LASF26
 255 0199 08        		.byte	0x8
 256 019a F6        		.byte	0xf6
 257 019b 10        		.byte	0x10
 258 019c 3A00 0000 		.long	0x3a
 259 01a0 02        		.byte	0x2
 260 01a1 23        		.byte	0x23
 261 01a2 02        		.uleb128 0x2
 262 01a3 09        		.uleb128 0x9
 263 01a4 0000 0000 		.long	.LASF27
 264 01a8 08        		.byte	0x8
 265 01a9 F7        		.byte	0xf7
 266 01aa 0A        		.byte	0xa
 267 01ab 2400 0000 		.long	0x24
 268 01af 02        		.byte	0x2
 269 01b0 23        		.byte	0x23
 270 01b1 03        		.uleb128 0x3
 271 01b2 0D        		.uleb128 0xd
 272 01b3 0000 0000 		.long	.LASF28
 273 01b7 08        		.byte	0x8
 274 01b8 0701      		.word	0x107
 275 01ba 06        		.byte	0x6
 276 01bb 4100 0000 		.long	0x41
 277 01bf 02        		.byte	0x2
 278 01c0 23        		.byte	0x23
 279 01c1 04        		.uleb128 0x4
 280 01c2 0E        		.uleb128 0xe
 281 01c3 6C65 6E00 		.string	"len"
 282 01c7 08        		.byte	0x8
 283 01c8 0801      		.word	0x108
 284 01ca 06        		.byte	0x6
 285 01cb 4100 0000 		.long	0x41
 286 01cf 02        		.byte	0x2
 287 01d0 23        		.byte	0x23
 288 01d1 06        		.uleb128 0x6
 289 01d2 0E        		.uleb128 0xe
 290 01d3 7075 7400 		.string	"put"
 291 01d7 08        		.byte	0x8
 292 01d8 0901      		.word	0x109
 293 01da 08        		.byte	0x8
 294 01db 2B02 0000 		.long	0x22b
 295 01df 02        		.byte	0x2
 296 01e0 23        		.byte	0x23
 297 01e1 08        		.uleb128 0x8
 298 01e2 0E        		.uleb128 0xe
 299 01e3 6765 7400 		.string	"get"
 300 01e7 08        		.byte	0x8
 301 01e8 0A01      		.word	0x10a
 302 01ea 08        		.byte	0x8
 303 01eb 4102 0000 		.long	0x241
 304 01ef 02        		.byte	0x2
 305 01f0 23        		.byte	0x23
 306 01f1 0A        		.uleb128 0xa
 307 01f2 0D        		.uleb128 0xd
 308 01f3 0000 0000 		.long	.LASF29
 309 01f7 08        		.byte	0x8
 310 01f8 0B01      		.word	0x10b
 311 01fa 08        		.byte	0x8
 312 01fb 7601 0000 		.long	0x176
 313 01ff 02        		.byte	0x2
 314 0200 23        		.byte	0x23
 315 0201 0C        		.uleb128 0xc
 316 0202 00        		.byte	0
 317 0203 0F        		.uleb128 0xf
 318 0204 02        		.byte	0x2
 319 0205 0902 0000 		.long	0x209
 320 0209 02        		.uleb128 0x2
 321 020a 01        		.byte	0x1
 322 020b 08        		.byte	0x8
 323 020c 0000 0000 		.long	.LASF30
 324 0210 10        		.uleb128 0x10
 325 0211 01        		.byte	0x1
 326 0212 4100 0000 		.long	0x41
 327 0216 2502 0000 		.long	0x225
 328 021a 11        		.uleb128 0x11
 329 021b 0902 0000 		.long	0x209
 330 021f 11        		.uleb128 0x11
 331 0220 2502 0000 		.long	0x225
 332 0224 00        		.byte	0
 333 0225 0F        		.uleb128 0xf
 334 0226 02        		.byte	0x2
 335 0227 7801 0000 		.long	0x178
 336 022b 0F        		.uleb128 0xf
 337 022c 02        		.byte	0x2
 338 022d 1002 0000 		.long	0x210
 339 0231 10        		.uleb128 0x10
 340 0232 01        		.byte	0x1
 341 0233 4100 0000 		.long	0x41
 342 0237 4102 0000 		.long	0x241
 343 023b 11        		.uleb128 0x11
 344 023c 2502 0000 		.long	0x225
 345 0240 00        		.byte	0
 346 0241 0F        		.uleb128 0xf
 347 0242 02        		.byte	0x2
 348 0243 3102 0000 		.long	0x231
 349 0247 12        		.uleb128 0x12
 350 0248 2502 0000 		.long	0x225
 351 024c 5202 0000 		.long	0x252
 352 0250 13        		.uleb128 0x13
 353 0251 00        		.byte	0
 354 0252 14        		.uleb128 0x14
 355 0253 0000 0000 		.long	.LASF31
 356 0257 08        		.byte	0x8
 357 0258 9701      		.word	0x197
 358 025a 17        		.byte	0x17
 359 025b 4702 0000 		.long	0x247
 360 025f 01        		.byte	0x1
 361 0260 01        		.byte	0x1
 362 0261 12        		.uleb128 0x12
 363 0262 2400 0000 		.long	0x24
 364 0266 7102 0000 		.long	0x271
 365 026a 15        		.uleb128 0x15
 366 026b 5900 0000 		.long	0x59
 367 026f 05        		.byte	0x5
 368 0270 00        		.byte	0
 369 0271 12        		.uleb128 0x12
 370 0272 2400 0000 		.long	0x24
 371 0276 8102 0000 		.long	0x281
 372 027a 15        		.uleb128 0x15
 373 027b 5900 0000 		.long	0x59
 374 027f 0F        		.byte	0xf
 375 0280 00        		.byte	0
 376 0281 12        		.uleb128 0x12
 377 0282 2400 0000 		.long	0x24
 378 0286 9102 0000 		.long	0x291
 379 028a 15        		.uleb128 0x15
 380 028b 5900 0000 		.long	0x59
 381 028f 07        		.byte	0x7
 382 0290 00        		.byte	0
 383 0291 08        		.uleb128 0x8
 384 0292 08        		.byte	0x8
 385 0293 09        		.byte	0x9
 386 0294 AD        		.byte	0xad
 387 0295 05        		.byte	0x5
 388 0296 C802 0000 		.long	0x2c8
 389 029a 09        		.uleb128 0x9
 390 029b 0000 0000 		.long	.LASF32
 391 029f 09        		.byte	0x9
 392 02a0 B1        		.byte	0xb1
 393 02a1 11        		.byte	0x11
 394 02a2 2400 0000 		.long	0x24
 395 02a6 02        		.byte	0x2
 396 02a7 23        		.byte	0x23
 397 02a8 00        		.uleb128 0
 398 02a9 09        		.uleb128 0x9
 399 02aa 0000 0000 		.long	.LASF33
 400 02ae 09        		.byte	0x9
 401 02af B2        		.byte	0xb2
 402 02b0 11        		.byte	0x11
 403 02b1 2400 0000 		.long	0x24
 404 02b5 02        		.byte	0x2
 405 02b6 23        		.byte	0x23
 406 02b7 01        		.uleb128 0x1
 407 02b8 09        		.uleb128 0x9
 408 02b9 0000 0000 		.long	.LASF34
 409 02bd 09        		.byte	0x9
 410 02be B3        		.byte	0xb3
 411 02bf 11        		.byte	0x11
 412 02c0 6102 0000 		.long	0x261
 413 02c4 02        		.byte	0x2
 414 02c5 23        		.byte	0x23
 415 02c6 02        		.uleb128 0x2
 416 02c7 00        		.byte	0
 417 02c8 0B        		.uleb128 0xb
 418 02c9 0000 0000 		.long	.LASF36
 419 02cd 20        		.byte	0x20
 420 02ce 09        		.byte	0x9
 421 02cf B6        		.byte	0xb6
 422 02d0 0C        		.byte	0xc
 423 02d1 0303 0000 		.long	0x303
 424 02d5 09        		.uleb128 0x9
 425 02d6 0000 0000 		.long	.LASF37
 426 02da 09        		.byte	0x9
 427 02db B8        		.byte	0xb8
 428 02dc 11        		.byte	0x11
 429 02dd 2400 0000 		.long	0x24
 430 02e1 02        		.byte	0x2
 431 02e2 23        		.byte	0x23
 432 02e3 00        		.uleb128 0
 433 02e4 09        		.uleb128 0x9
 434 02e5 0000 0000 		.long	.LASF32
 435 02e9 09        		.byte	0x9
 436 02ea BA        		.byte	0xba
 437 02eb 11        		.byte	0x11
 438 02ec 2400 0000 		.long	0x24
 439 02f0 02        		.byte	0x2
 440 02f1 23        		.byte	0x23
 441 02f2 01        		.uleb128 0x1
 442 02f3 09        		.uleb128 0x9
 443 02f4 0000 0000 		.long	.LASF38
 444 02f8 09        		.byte	0x9
 445 02f9 BB        		.byte	0xbb
 446 02fa 11        		.byte	0x11
 447 02fb 0303 0000 		.long	0x303
 448 02ff 02        		.byte	0x2
 449 0300 23        		.byte	0x23
 450 0301 02        		.uleb128 0x2
 451 0302 00        		.byte	0
 452 0303 12        		.uleb128 0x12
 453 0304 2400 0000 		.long	0x24
 454 0308 1303 0000 		.long	0x313
 455 030c 15        		.uleb128 0x15
 456 030d 5900 0000 		.long	0x59
 457 0311 1D        		.byte	0x1d
 458 0312 00        		.byte	0
 459 0313 16        		.uleb128 0x16
 460 0314 20        		.byte	0x20
 461 0315 09        		.byte	0x9
 462 0316 AB        		.byte	0xab
 463 0317 09        		.byte	0x9
 464 0318 3A03 0000 		.long	0x33a
 465 031c 17        		.uleb128 0x17
 466 031d 7261 7700 		.string	"raw"
 467 0321 09        		.byte	0x9
 468 0322 AC        		.byte	0xac
 469 0323 0D        		.byte	0xd
 470 0324 8102 0000 		.long	0x281
 471 0328 18        		.uleb128 0x18
 472 0329 9102 0000 		.long	0x291
 473 032d 19        		.uleb128 0x19
 474 032e 0000 0000 		.long	.LASF39
 475 0332 09        		.byte	0x9
 476 0333 BC        		.byte	0xbc
 477 0334 07        		.byte	0x7
 478 0335 C802 0000 		.long	0x2c8
 479 0339 00        		.byte	0
 480 033a 03        		.uleb128 0x3
 481 033b 0000 0000 		.long	.LASF40
 482 033f 09        		.byte	0x9
 483 0340 BE        		.byte	0xbe
 484 0341 1B        		.byte	0x1b
 485 0342 1303 0000 		.long	0x313
 486 0346 0F        		.uleb128 0xf
 487 0347 02        		.byte	0x2
 488 0348 3A03 0000 		.long	0x33a
 489 034c 07        		.uleb128 0x7
 490 034d 0000 0000 		.long	.LASF41
 491 0351 0A        		.byte	0xa
 492 0352 24        		.byte	0x24
 493 0353 10        		.byte	0x10
 494 0354 2400 0000 		.long	0x24
 495 0358 01        		.byte	0x1
 496 0359 01        		.byte	0x1
 497 035a 07        		.uleb128 0x7
 498 035b 0000 0000 		.long	.LASF42
 499 035f 0A        		.byte	0xa
 500 0360 25        		.byte	0x25
 501 0361 10        		.byte	0x10
 502 0362 2400 0000 		.long	0x24
 503 0366 01        		.byte	0x1
 504 0367 01        		.byte	0x1
 505 0368 1A        		.uleb128 0x1a
 506 0369 01        		.byte	0x1
 507 036a 7403 0000 		.long	0x374
 508 036e 11        		.uleb128 0x11
 509 036f 2400 0000 		.long	0x24
 510 0373 00        		.byte	0
 511 0374 07        		.uleb128 0x7
 512 0375 0000 0000 		.long	.LASF43
 513 0379 0B        		.byte	0xb
 514 037a 0E        		.byte	0xe
 515 037b 0F        		.byte	0xf
 516 037c 8203 0000 		.long	0x382
 517 0380 01        		.byte	0x1
 518 0381 01        		.byte	0x1
 519 0382 0F        		.uleb128 0xf
 520 0383 02        		.byte	0x2
 521 0384 6803 0000 		.long	0x368
 522 0388 08        		.uleb128 0x8
 523 0389 01        		.byte	0x1
 524 038a 0C        		.byte	0xc
 525 038b 1F        		.byte	0x1f
 526 038c 05        		.byte	0x5
 527 038d EC03 0000 		.long	0x3ec
 528 0391 1B        		.uleb128 0x1b
 529 0392 0000 0000 		.long	.LASF44
 530 0396 0C        		.byte	0xc
 531 0397 20        		.byte	0x20
 532 0398 11        		.byte	0x11
 533 0399 9900 0000 		.long	0x99
 534 039d 01        		.byte	0x1
 535 039e 01        		.byte	0x1
 536 039f 07        		.byte	0x7
 537 03a0 02        		.byte	0x2
 538 03a1 23        		.byte	0x23
 539 03a2 00        		.uleb128 0
 540 03a3 1B        		.uleb128 0x1b
 541 03a4 0000 0000 		.long	.LASF45
 542 03a8 0C        		.byte	0xc
 543 03a9 21        		.byte	0x21
 544 03aa 11        		.byte	0x11
 545 03ab 9900 0000 		.long	0x99
 546 03af 01        		.byte	0x1
 547 03b0 01        		.byte	0x1
 548 03b1 06        		.byte	0x6
 549 03b2 02        		.byte	0x2
 550 03b3 23        		.byte	0x23
 551 03b4 00        		.uleb128 0
 552 03b5 1B        		.uleb128 0x1b
 553 03b6 0000 0000 		.long	.LASF46
 554 03ba 0C        		.byte	0xc
 555 03bb 22        		.byte	0x22
 556 03bc 11        		.byte	0x11
 557 03bd 9900 0000 		.long	0x99
 558 03c1 01        		.byte	0x1
 559 03c2 01        		.byte	0x1
 560 03c3 05        		.byte	0x5
 561 03c4 02        		.byte	0x2
 562 03c5 23        		.byte	0x23
 563 03c6 00        		.uleb128 0
 564 03c7 1B        		.uleb128 0x1b
 565 03c8 0000 0000 		.long	.LASF47
 566 03cc 0C        		.byte	0xc
 567 03cd 23        		.byte	0x23
 568 03ce 11        		.byte	0x11
 569 03cf 9900 0000 		.long	0x99
 570 03d3 01        		.byte	0x1
 571 03d4 01        		.byte	0x1
 572 03d5 04        		.byte	0x4
 573 03d6 02        		.byte	0x2
 574 03d7 23        		.byte	0x23
 575 03d8 00        		.uleb128 0
 576 03d9 1B        		.uleb128 0x1b
 577 03da 0000 0000 		.long	.LASF33
 578 03de 0C        		.byte	0xc
 579 03df 24        		.byte	0x24
 580 03e0 11        		.byte	0x11
 581 03e1 2400 0000 		.long	0x24
 582 03e5 01        		.byte	0x1
 583 03e6 04        		.byte	0x4
 584 03e7 00        		.byte	0
 585 03e8 02        		.byte	0x2
 586 03e9 23        		.byte	0x23
 587 03ea 00        		.uleb128 0
 588 03eb 00        		.byte	0
 589 03ec 16        		.uleb128 0x16
 590 03ed 01        		.byte	0x1
 591 03ee 0C        		.byte	0xc
 592 03ef 1E        		.byte	0x1e
 593 03f0 09        		.byte	0x9
 594 03f1 0704 0000 		.long	0x407
 595 03f5 18        		.uleb128 0x18
 596 03f6 8803 0000 		.long	0x388
 597 03fa 17        		.uleb128 0x17
 598 03fb 7261 7700 		.string	"raw"
 599 03ff 0C        		.byte	0xc
 600 0400 26        		.byte	0x26
 601 0401 0D        		.byte	0xd
 602 0402 2400 0000 		.long	0x24
 603 0406 00        		.byte	0
 604 0407 03        		.uleb128 0x3
 605 0408 0000 0000 		.long	.LASF48
 606 040c 0C        		.byte	0xc
 607 040d 27        		.byte	0x27
 608 040e 03        		.byte	0x3
 609 040f EC03 0000 		.long	0x3ec
 610 0413 07        		.uleb128 0x7
 611 0414 0000 0000 		.long	.LASF49
 612 0418 0C        		.byte	0xc
 613 0419 29        		.byte	0x29
 614 041a 17        		.byte	0x17
 615 041b 0704 0000 		.long	0x407
 616 041f 01        		.byte	0x1
 617 0420 01        		.byte	0x1
 618 0421 08        		.uleb128 0x8
 619 0422 02        		.byte	0x2
 620 0423 0D        		.byte	0xd
 621 0424 1D        		.byte	0x1d
 622 0425 05        		.byte	0x5
 623 0426 F104 0000 		.long	0x4f1
 624 042a 1B        		.uleb128 0x1b
 625 042b 0000 0000 		.long	.LASF50
 626 042f 0D        		.byte	0xd
 627 0430 1E        		.byte	0x1e
 628 0431 0E        		.byte	0xe
 629 0432 9900 0000 		.long	0x99
 630 0436 01        		.byte	0x1
 631 0437 01        		.byte	0x1
 632 0438 07        		.byte	0x7
 633 0439 02        		.byte	0x2
 634 043a 23        		.byte	0x23
 635 043b 00        		.uleb128 0
 636 043c 1B        		.uleb128 0x1b
 637 043d 0000 0000 		.long	.LASF51
 638 0441 0D        		.byte	0xd
 639 0442 1F        		.byte	0x1f
 640 0443 0E        		.byte	0xe
 641 0444 9900 0000 		.long	0x99
 642 0448 01        		.byte	0x1
 643 0449 01        		.byte	0x1
 644 044a 06        		.byte	0x6
 645 044b 02        		.byte	0x2
 646 044c 23        		.byte	0x23
 647 044d 00        		.uleb128 0
 648 044e 1B        		.uleb128 0x1b
 649 044f 0000 0000 		.long	.LASF52
 650 0453 0D        		.byte	0xd
 651 0454 20        		.byte	0x20
 652 0455 0E        		.byte	0xe
 653 0456 9900 0000 		.long	0x99
 654 045a 01        		.byte	0x1
 655 045b 01        		.byte	0x1
 656 045c 05        		.byte	0x5
 657 045d 02        		.byte	0x2
 658 045e 23        		.byte	0x23
 659 045f 00        		.uleb128 0
 660 0460 1B        		.uleb128 0x1b
 661 0461 0000 0000 		.long	.LASF53
 662 0465 0D        		.byte	0xd
 663 0466 21        		.byte	0x21
 664 0467 0E        		.byte	0xe
 665 0468 9900 0000 		.long	0x99
 666 046c 01        		.byte	0x1
 667 046d 01        		.byte	0x1
 668 046e 04        		.byte	0x4
 669 046f 02        		.byte	0x2
 670 0470 23        		.byte	0x23
 671 0471 00        		.uleb128 0
 672 0472 1B        		.uleb128 0x1b
 673 0473 0000 0000 		.long	.LASF54
 674 0477 0D        		.byte	0xd
 675 0478 22        		.byte	0x22
 676 0479 0E        		.byte	0xe
 677 047a 9900 0000 		.long	0x99
 678 047e 01        		.byte	0x1
 679 047f 01        		.byte	0x1
 680 0480 03        		.byte	0x3
 681 0481 02        		.byte	0x2
 682 0482 23        		.byte	0x23
 683 0483 00        		.uleb128 0
 684 0484 1B        		.uleb128 0x1b
 685 0485 0000 0000 		.long	.LASF55
 686 0489 0D        		.byte	0xd
 687 048a 23        		.byte	0x23
 688 048b 0E        		.byte	0xe
 689 048c 9900 0000 		.long	0x99
 690 0490 01        		.byte	0x1
 691 0491 01        		.byte	0x1
 692 0492 02        		.byte	0x2
 693 0493 02        		.byte	0x2
 694 0494 23        		.byte	0x23
 695 0495 00        		.uleb128 0
 696 0496 1B        		.uleb128 0x1b
 697 0497 0000 0000 		.long	.LASF56
 698 049b 0D        		.byte	0xd
 699 049c 24        		.byte	0x24
 700 049d 0E        		.byte	0xe
 701 049e 9900 0000 		.long	0x99
 702 04a2 01        		.byte	0x1
 703 04a3 01        		.byte	0x1
 704 04a4 01        		.byte	0x1
 705 04a5 02        		.byte	0x2
 706 04a6 23        		.byte	0x23
 707 04a7 00        		.uleb128 0
 708 04a8 1B        		.uleb128 0x1b
 709 04a9 0000 0000 		.long	.LASF39
 710 04ad 0D        		.byte	0xd
 711 04ae 25        		.byte	0x25
 712 04af 0E        		.byte	0xe
 713 04b0 9900 0000 		.long	0x99
 714 04b4 01        		.byte	0x1
 715 04b5 01        		.byte	0x1
 716 04b6 00        		.byte	0
 717 04b7 02        		.byte	0x2
 718 04b8 23        		.byte	0x23
 719 04b9 00        		.uleb128 0
 720 04ba 1B        		.uleb128 0x1b
 721 04bb 0000 0000 		.long	.LASF57
 722 04bf 0D        		.byte	0xd
 723 04c0 26        		.byte	0x26
 724 04c1 0E        		.byte	0xe
 725 04c2 9900 0000 		.long	0x99
 726 04c6 01        		.byte	0x1
 727 04c7 01        		.byte	0x1
 728 04c8 07        		.byte	0x7
 729 04c9 02        		.byte	0x2
 730 04ca 23        		.byte	0x23
 731 04cb 01        		.uleb128 0x1
 732 04cc 1B        		.uleb128 0x1b
 733 04cd 0000 0000 		.long	.LASF58
 734 04d1 0D        		.byte	0xd
 735 04d2 27        		.byte	0x27
 736 04d3 0E        		.byte	0xe
 737 04d4 9900 0000 		.long	0x99
 738 04d8 01        		.byte	0x1
 739 04d9 01        		.byte	0x1
 740 04da 06        		.byte	0x6
 741 04db 02        		.byte	0x2
 742 04dc 23        		.byte	0x23
 743 04dd 01        		.uleb128 0x1
 744 04de 1B        		.uleb128 0x1b
 745 04df 0000 0000 		.long	.LASF59
 746 04e3 0D        		.byte	0xd
 747 04e4 28        		.byte	0x28
 748 04e5 0E        		.byte	0xe
 749 04e6 9900 0000 		.long	0x99
 750 04ea 01        		.byte	0x1
 751 04eb 01        		.byte	0x1
 752 04ec 05        		.byte	0x5
 753 04ed 02        		.byte	0x2
 754 04ee 23        		.byte	0x23
 755 04ef 01        		.uleb128 0x1
 756 04f0 00        		.byte	0
 757 04f1 16        		.uleb128 0x16
 758 04f2 02        		.byte	0x2
 759 04f3 0D        		.byte	0xd
 760 04f4 1B        		.byte	0x1b
 761 04f5 09        		.byte	0x9
 762 04f6 0C05 0000 		.long	0x50c
 763 04fa 17        		.uleb128 0x17
 764 04fb 7261 7700 		.string	"raw"
 765 04ff 0D        		.byte	0xd
 766 0500 1C        		.byte	0x1c
 767 0501 0E        		.byte	0xe
 768 0502 4800 0000 		.long	0x48
 769 0506 18        		.uleb128 0x18
 770 0507 2104 0000 		.long	0x421
 771 050b 00        		.byte	0
 772 050c 03        		.uleb128 0x3
 773 050d 0000 0000 		.long	.LASF60
 774 0511 0D        		.byte	0xd
 775 0512 2A        		.byte	0x2a
 776 0513 03        		.byte	0x3
 777 0514 F104 0000 		.long	0x4f1
 778 0518 07        		.uleb128 0x7
 779 0519 0000 0000 		.long	.LASF61
 780 051d 0D        		.byte	0xd
 781 051e 2C        		.byte	0x2c
 782 051f 18        		.byte	0x18
 783 0520 0C05 0000 		.long	0x50c
 784 0524 01        		.byte	0x1
 785 0525 01        		.byte	0x1
 786 0526 07        		.uleb128 0x7
 787 0527 0000 0000 		.long	.LASF62
 788 052b 0E        		.byte	0xe
 789 052c 20        		.byte	0x20
 790 052d 1A        		.byte	0x1a
 791 052e 7300 0000 		.long	0x73
 792 0532 01        		.byte	0x1
 793 0533 01        		.byte	0x1
 794 0534 1C        		.uleb128 0x1c
 795 0535 07        		.byte	0x7
 796 0536 01        		.byte	0x1
 797 0537 3A00 0000 		.long	0x3a
 798 053b 0F        		.byte	0xf
 799 053c 2D        		.byte	0x2d
 800 053d 0E        		.byte	0xe
 801 053e 7F05 0000 		.long	0x57f
 802 0542 1D        		.uleb128 0x1d
 803 0543 0000 0000 		.long	.LASF63
 804 0547 00        		.byte	0
 805 0548 1D        		.uleb128 0x1d
 806 0549 0000 0000 		.long	.LASF64
 807 054d 01        		.byte	0x1
 808 054e 1D        		.uleb128 0x1d
 809 054f 0000 0000 		.long	.LASF65
 810 0553 02        		.byte	0x2
 811 0554 1D        		.uleb128 0x1d
 812 0555 0000 0000 		.long	.LASF66
 813 0559 03        		.byte	0x3
 814 055a 1D        		.uleb128 0x1d
 815 055b 0000 0000 		.long	.LASF67
 816 055f 04        		.byte	0x4
 817 0560 1D        		.uleb128 0x1d
 818 0561 0000 0000 		.long	.LASF68
 819 0565 05        		.byte	0x5
 820 0566 1D        		.uleb128 0x1d
 821 0567 0000 0000 		.long	.LASF69
 822 056b 06        		.byte	0x6
 823 056c 1D        		.uleb128 0x1d
 824 056d 0000 0000 		.long	.LASF70
 825 0571 07        		.byte	0x7
 826 0572 1D        		.uleb128 0x1d
 827 0573 0000 0000 		.long	.LASF71
 828 0577 08        		.byte	0x8
 829 0578 1D        		.uleb128 0x1d
 830 0579 0000 0000 		.long	.LASF72
 831 057d 09        		.byte	0x9
 832 057e 00        		.byte	0
 833 057f 03        		.uleb128 0x3
 834 0580 0000 0000 		.long	.LASF73
 835 0584 0F        		.byte	0xf
 836 0585 2D        		.byte	0x2d
 837 0586 89        		.byte	0x89
 838 0587 3405 0000 		.long	0x534
 839 058b 08        		.uleb128 0x8
 840 058c 23        		.byte	0x23
 841 058d 0F        		.byte	0xf
 842 058e 2F        		.byte	0x2f
 843 058f 09        		.byte	0x9
 844 0590 E005 0000 		.long	0x5e0
 845 0594 09        		.uleb128 0x9
 846 0595 0000 0000 		.long	.LASF74
 847 0599 0F        		.byte	0xf
 848 059a 30        		.byte	0x30
 849 059b 1C        		.byte	0x1c
 850 059c 9900 0000 		.long	0x99
 851 05a0 02        		.byte	0x2
 852 05a1 23        		.byte	0x23
 853 05a2 00        		.uleb128 0
 854 05a3 09        		.uleb128 0x9
 855 05a4 0000 0000 		.long	.LASF75
 856 05a8 0F        		.byte	0xf
 857 05a9 31        		.byte	0x31
 858 05aa 1C        		.byte	0x1c
 859 05ab 7102 0000 		.long	0x271
 860 05af 02        		.byte	0x2
 861 05b0 23        		.byte	0x23
 862 05b1 01        		.uleb128 0x1
 863 05b2 09        		.uleb128 0x9
 864 05b3 0000 0000 		.long	.LASF76
 865 05b7 0F        		.byte	0xf
 866 05b8 32        		.byte	0x32
 867 05b9 1C        		.byte	0x1c
 868 05ba E005 0000 		.long	0x5e0
 869 05be 02        		.byte	0x2
 870 05bf 23        		.byte	0x23
 871 05c0 11        		.uleb128 0x11
 872 05c1 09        		.uleb128 0x9
 873 05c2 0000 0000 		.long	.LASF77
 874 05c6 0F        		.byte	0xf
 875 05c7 33        		.byte	0x33
 876 05c8 1C        		.byte	0x1c
 877 05c9 2400 0000 		.long	0x24
 878 05cd 02        		.byte	0x2
 879 05ce 23        		.byte	0x23
 880 05cf 21        		.uleb128 0x21
 881 05d0 09        		.uleb128 0x9
 882 05d1 0000 0000 		.long	.LASF78
 883 05d5 0F        		.byte	0xf
 884 05d6 34        		.byte	0x34
 885 05d7 1C        		.byte	0x1c
 886 05d8 7F05 0000 		.long	0x57f
 887 05dc 02        		.byte	0x2
 888 05dd 23        		.byte	0x23
 889 05de 22        		.uleb128 0x22
 890 05df 00        		.byte	0
 891 05e0 12        		.uleb128 0x12
 892 05e1 4800 0000 		.long	0x48
 893 05e5 F005 0000 		.long	0x5f0
 894 05e9 15        		.uleb128 0x15
 895 05ea 5900 0000 		.long	0x59
 896 05ee 07        		.byte	0x7
 897 05ef 00        		.byte	0
 898 05f0 03        		.uleb128 0x3
 899 05f1 0000 0000 		.long	.LASF79
 900 05f5 0F        		.byte	0xf
 901 05f6 35        		.byte	0x35
 902 05f7 03        		.byte	0x3
 903 05f8 8B05 0000 		.long	0x58b
 904 05fc 1E        		.uleb128 0x1e
 905 05fd 0000 0000 		.long	.LASF83
 906 0601 07        		.byte	0x7
 907 0602 01        		.byte	0x1
 908 0603 3A00 0000 		.long	0x3a
 909 0607 0F        		.byte	0xf
 910 0608 3B        		.byte	0x3b
 911 0609 0E        		.byte	0xe
 912 060a 2106 0000 		.long	0x621
 913 060e 1D        		.uleb128 0x1d
 914 060f 0000 0000 		.long	.LASF80
 915 0613 00        		.byte	0
 916 0614 1D        		.uleb128 0x1d
 917 0615 0000 0000 		.long	.LASF81
 918 0619 01        		.byte	0x1
 919 061a 1D        		.uleb128 0x1d
 920 061b 0000 0000 		.long	.LASF82
 921 061f 02        		.byte	0x2
 922 0620 00        		.byte	0
 923 0621 03        		.uleb128 0x3
 924 0622 0000 0000 		.long	.LASF83
 925 0626 0F        		.byte	0xf
 926 0627 3F        		.byte	0x3f
 927 0628 03        		.byte	0x3
 928 0629 FC05 0000 		.long	0x5fc
 929 062d 08        		.uleb128 0x8
 930 062e 06        		.byte	0x6
 931 062f 0F        		.byte	0xf
 932 0630 41        		.byte	0x41
 933 0631 09        		.byte	0x9
 934 0632 8206 0000 		.long	0x682
 935 0636 09        		.uleb128 0x9
 936 0637 0000 0000 		.long	.LASF84
 937 063b 0F        		.byte	0xf
 938 063c 42        		.byte	0x42
 939 063d 17        		.byte	0x17
 940 063e 2400 0000 		.long	0x24
 941 0642 02        		.byte	0x2
 942 0643 23        		.byte	0x23
 943 0644 00        		.uleb128 0
 944 0645 09        		.uleb128 0x9
 945 0646 0000 0000 		.long	.LASF85
 946 064a 0F        		.byte	0xf
 947 064b 43        		.byte	0x43
 948 064c 17        		.byte	0x17
 949 064d 2400 0000 		.long	0x24
 950 0651 02        		.byte	0x2
 951 0652 23        		.byte	0x23
 952 0653 01        		.uleb128 0x1
 953 0654 09        		.uleb128 0x9
 954 0655 0000 0000 		.long	.LASF86
 955 0659 0F        		.byte	0xf
 956 065a 44        		.byte	0x44
 957 065b 17        		.byte	0x17
 958 065c 2400 0000 		.long	0x24
 959 0660 02        		.byte	0x2
 960 0661 23        		.byte	0x23
 961 0662 02        		.uleb128 0x2
 962 0663 09        		.uleb128 0x9
 963 0664 0000 0000 		.long	.LASF87
 964 0668 0F        		.byte	0xf
 965 0669 45        		.byte	0x45
 966 066a 17        		.byte	0x17
 967 066b 4800 0000 		.long	0x48
 968 066f 02        		.byte	0x2
 969 0670 23        		.byte	0x23
 970 0671 03        		.uleb128 0x3
 971 0672 09        		.uleb128 0x9
 972 0673 0000 0000 		.long	.LASF88
 973 0677 0F        		.byte	0xf
 974 0678 46        		.byte	0x46
 975 0679 17        		.byte	0x17
 976 067a 2106 0000 		.long	0x621
 977 067e 02        		.byte	0x2
 978 067f 23        		.byte	0x23
 979 0680 05        		.uleb128 0x5
 980 0681 00        		.byte	0
 981 0682 03        		.uleb128 0x3
 982 0683 0000 0000 		.long	.LASF89
 983 0687 0F        		.byte	0xf
 984 0688 47        		.byte	0x47
 985 0689 03        		.byte	0x3
 986 068a 2D06 0000 		.long	0x62d
 987 068e 07        		.uleb128 0x7
 988 068f 0000 0000 		.long	.LASF90
 989 0693 0F        		.byte	0xf
 990 0694 49        		.byte	0x49
 991 0695 1B        		.byte	0x1b
 992 0696 F005 0000 		.long	0x5f0
 993 069a 01        		.byte	0x1
 994 069b 01        		.byte	0x1
 995 069c 07        		.uleb128 0x7
 996 069d 0000 0000 		.long	.LASF91
 997 06a1 0F        		.byte	0xf
 998 06a2 4C        		.byte	0x4c
 999 06a3 1A        		.byte	0x1a
 1000 06a4 8206 0000 		.long	0x682
 1001 06a8 01        		.byte	0x1
 1002 06a9 01        		.byte	0x1
 1003 06aa 12        		.uleb128 0x12
 1004 06ab 5400 0000 		.long	0x54
 1005 06af C106 0000 		.long	0x6c1
 1006 06b3 13        		.uleb128 0x13
 1007 06b4 15        		.uleb128 0x15
 1008 06b5 5900 0000 		.long	0x59
 1009 06b9 03        		.byte	0x3
 1010 06ba 15        		.uleb128 0x15
 1011 06bb 5900 0000 		.long	0x59
 1012 06bf 03        		.byte	0x3
 1013 06c0 00        		.byte	0
 1014 06c1 05        		.uleb128 0x5
 1015 06c2 AA06 0000 		.long	0x6aa
 1016 06c6 07        		.uleb128 0x7
 1017 06c7 0000 0000 		.long	.LASF92
 1018 06cb 10        		.byte	0x10
 1019 06cc 37        		.byte	0x37
 1020 06cd 17        		.byte	0x17
 1021 06ce C106 0000 		.long	0x6c1
 1022 06d2 01        		.byte	0x1
 1023 06d3 01        		.byte	0x1
 1024 06d4 12        		.uleb128 0x12
 1025 06d5 5400 0000 		.long	0x54
 1026 06d9 DF06 0000 		.long	0x6df
 1027 06dd 13        		.uleb128 0x13
 1028 06de 00        		.byte	0
 1029 06df 05        		.uleb128 0x5
 1030 06e0 D406 0000 		.long	0x6d4
 1031 06e4 07        		.uleb128 0x7
 1032 06e5 0000 0000 		.long	.LASF93
 1033 06e9 10        		.byte	0x10
 1034 06ea 38        		.byte	0x38
 1035 06eb 17        		.byte	0x17
 1036 06ec DF06 0000 		.long	0x6df
 1037 06f0 01        		.byte	0x1
 1038 06f1 01        		.byte	0x1
 1039 06f2 03        		.uleb128 0x3
 1040 06f3 0000 0000 		.long	.LASF94
 1041 06f7 11        		.byte	0x11
 1042 06f8 27        		.byte	0x27
 1043 06f9 12        		.byte	0x12
 1044 06fa 6700 0000 		.long	0x67
 1045 06fe 07        		.uleb128 0x7
 1046 06ff 0000 0000 		.long	.LASF95
 1047 0703 11        		.byte	0x11
 1048 0704 32        		.byte	0x32
 1049 0705 16        		.byte	0x16
 1050 0706 F206 0000 		.long	0x6f2
 1051 070a 01        		.byte	0x1
 1052 070b 01        		.byte	0x1
 1053 070c 07        		.uleb128 0x7
 1054 070d 0000 0000 		.long	.LASF96
 1055 0711 11        		.byte	0x11
 1056 0712 48        		.byte	0x48
 1057 0713 16        		.byte	0x16
 1058 0714 F206 0000 		.long	0x6f2
 1059 0718 01        		.byte	0x1
 1060 0719 01        		.byte	0x1
 1061 071a 07        		.uleb128 0x7
 1062 071b 0000 0000 		.long	.LASF97
 1063 071f 12        		.byte	0x12
 1064 0720 1B        		.byte	0x1b
 1065 0721 1B        		.byte	0x1b
 1066 0722 4603 0000 		.long	0x346
 1067 0726 01        		.byte	0x1
 1068 0727 01        		.byte	0x1
 1069 0728 12        		.uleb128 0x12
 1070 0729 3500 0000 		.long	0x35
 1071 072d 3807 0000 		.long	0x738
 1072 0731 15        		.uleb128 0x15
 1073 0732 5900 0000 		.long	0x59
 1074 0736 0F        		.byte	0xf
 1075 0737 00        		.byte	0
 1076 0738 05        		.uleb128 0x5
 1077 0739 2807 0000 		.long	0x728
 1078 073d 07        		.uleb128 0x7
 1079 073e 0000 0000 		.long	.LASF98
 1080 0742 13        		.byte	0x13
 1081 0743 1A        		.byte	0x1a
 1082 0744 16        		.byte	0x16
 1083 0745 3807 0000 		.long	0x738
 1084 0749 01        		.byte	0x1
 1085 074a 01        		.byte	0x1
 1086 074b 07        		.uleb128 0x7
 1087 074c 0000 0000 		.long	.LASF99
 1088 0750 13        		.byte	0x13
 1089 0751 1B        		.byte	0x1b
 1090 0752 16        		.byte	0x16
 1091 0753 3807 0000 		.long	0x738
 1092 0757 01        		.byte	0x1
 1093 0758 01        		.byte	0x1
 1094 0759 07        		.uleb128 0x7
 1095 075a 0000 0000 		.long	.LASF100
 1096 075e 13        		.byte	0x13
 1097 075f 1C        		.byte	0x1c
 1098 0760 16        		.byte	0x16
 1099 0761 3807 0000 		.long	0x738
 1100 0765 01        		.byte	0x1
 1101 0766 01        		.byte	0x1
 1102 0767 12        		.uleb128 0x12
 1103 0768 3500 0000 		.long	0x35
 1104 076c 7707 0000 		.long	0x777
 1105 0770 15        		.uleb128 0x15
 1106 0771 5900 0000 		.long	0x59
 1107 0775 7F        		.byte	0x7f
 1108 0776 00        		.byte	0
 1109 0777 05        		.uleb128 0x5
 1110 0778 6707 0000 		.long	0x767
 1111 077c 07        		.uleb128 0x7
 1112 077d 0000 0000 		.long	.LASF101
 1113 0781 13        		.byte	0x13
 1114 0782 1D        		.byte	0x1d
 1115 0783 16        		.byte	0x16
 1116 0784 7707 0000 		.long	0x777
 1117 0788 01        		.byte	0x1
 1118 0789 01        		.byte	0x1
 1119 078a 14        		.uleb128 0x14
 1120 078b 0000 0000 		.long	.LASF102
 1121 078f 14        		.byte	0x14
 1122 0790 3801      		.word	0x138
 1123 0792 0F        		.byte	0xf
 1124 0793 8D00 0000 		.long	0x8d
 1125 0797 01        		.byte	0x1
 1126 0798 01        		.byte	0x1
 1127 0799 14        		.uleb128 0x14
 1128 079a 0000 0000 		.long	.LASF103
 1129 079e 14        		.byte	0x14
 1130 079f 3D01      		.word	0x13d
 1131 07a1 0E        		.byte	0xe
 1132 07a2 0302 0000 		.long	0x203
 1133 07a6 01        		.byte	0x1
 1134 07a7 01        		.byte	0x1
 1135 07a8 14        		.uleb128 0x14
 1136 07a9 0000 0000 		.long	.LASF104
 1137 07ad 14        		.byte	0x14
 1138 07ae 4201      		.word	0x142
 1139 07b0 0E        		.byte	0xe
 1140 07b1 0302 0000 		.long	0x203
 1141 07b5 01        		.byte	0x1
 1142 07b6 01        		.byte	0x1
 1143 07b7 1F        		.uleb128 0x1f
 1144 07b8 01        		.byte	0x1
 1145 07b9 0000 0000 		.long	.LASF105
 1146 07bd 15        		.byte	0x15
 1147 07be 15        		.byte	0x15
 1148 07bf 1C        		.byte	0x1c
 1149 07c0 01        		.byte	0x1
 1150 07c1 9900 0000 		.long	0x99
 1151 07c5 1F        		.uleb128 0x1f
 1152 07c6 01        		.byte	0x1
 1153 07c7 0000 0000 		.long	.LASF106
 1154 07cb 15        		.byte	0x15
 1155 07cc 14        		.byte	0x14
 1156 07cd 1C        		.byte	0x1c
 1157 07ce 01        		.byte	0x1
 1158 07cf 9900 0000 		.long	0x99
 1159 07d3 20        		.uleb128 0x20
 1160 07d4 01        		.byte	0x1
 1161 07d5 0000 0000 		.long	.LASF110
 1162 07d9 15        		.byte	0x15
 1163 07da 13        		.byte	0x13
 1164 07db 1C        		.byte	0x1c
 1165 07dc 01        		.byte	0x1
 1166 07dd 00        		.byte	0
 1167               		.section	.gnu.debuglto_.debug_abbrev,"",@progbits
 1168               	.Ldebug_abbrev0:
 1169 0000 01        		.uleb128 0x1
 1170 0001 11        		.uleb128 0x11
 1171 0002 01        		.byte	0x1
 1172 0003 25        		.uleb128 0x25
 1173 0004 0E        		.uleb128 0xe
 1174 0005 13        		.uleb128 0x13
 1175 0006 0B        		.uleb128 0xb
 1176 0007 03        		.uleb128 0x3
 1177 0008 0E        		.uleb128 0xe
 1178 0009 1B        		.uleb128 0x1b
 1179 000a 0E        		.uleb128 0xe
 1180 000b 10        		.uleb128 0x10
 1181 000c 06        		.uleb128 0x6
 1182 000d 00        		.byte	0
 1183 000e 00        		.byte	0
 1184 000f 02        		.uleb128 0x2
 1185 0010 24        		.uleb128 0x24
 1186 0011 00        		.byte	0
 1187 0012 0B        		.uleb128 0xb
 1188 0013 0B        		.uleb128 0xb
 1189 0014 3E        		.uleb128 0x3e
 1190 0015 0B        		.uleb128 0xb
 1191 0016 03        		.uleb128 0x3
 1192 0017 0E        		.uleb128 0xe
 1193 0018 00        		.byte	0
 1194 0019 00        		.byte	0
 1195 001a 03        		.uleb128 0x3
 1196 001b 16        		.uleb128 0x16
 1197 001c 00        		.byte	0
 1198 001d 03        		.uleb128 0x3
 1199 001e 0E        		.uleb128 0xe
 1200 001f 3A        		.uleb128 0x3a
 1201 0020 0B        		.uleb128 0xb
 1202 0021 3B        		.uleb128 0x3b
 1203 0022 0B        		.uleb128 0xb
 1204 0023 39        		.uleb128 0x39
 1205 0024 0B        		.uleb128 0xb
 1206 0025 49        		.uleb128 0x49
 1207 0026 13        		.uleb128 0x13
 1208 0027 00        		.byte	0
 1209 0028 00        		.byte	0
 1210 0029 04        		.uleb128 0x4
 1211 002a 35        		.uleb128 0x35
 1212 002b 00        		.byte	0
 1213 002c 49        		.uleb128 0x49
 1214 002d 13        		.uleb128 0x13
 1215 002e 00        		.byte	0
 1216 002f 00        		.byte	0
 1217 0030 05        		.uleb128 0x5
 1218 0031 26        		.uleb128 0x26
 1219 0032 00        		.byte	0
 1220 0033 49        		.uleb128 0x49
 1221 0034 13        		.uleb128 0x13
 1222 0035 00        		.byte	0
 1223 0036 00        		.byte	0
 1224 0037 06        		.uleb128 0x6
 1225 0038 24        		.uleb128 0x24
 1226 0039 00        		.byte	0
 1227 003a 0B        		.uleb128 0xb
 1228 003b 0B        		.uleb128 0xb
 1229 003c 3E        		.uleb128 0x3e
 1230 003d 0B        		.uleb128 0xb
 1231 003e 03        		.uleb128 0x3
 1232 003f 08        		.uleb128 0x8
 1233 0040 00        		.byte	0
 1234 0041 00        		.byte	0
 1235 0042 07        		.uleb128 0x7
 1236 0043 34        		.uleb128 0x34
 1237 0044 00        		.byte	0
 1238 0045 03        		.uleb128 0x3
 1239 0046 0E        		.uleb128 0xe
 1240 0047 3A        		.uleb128 0x3a
 1241 0048 0B        		.uleb128 0xb
 1242 0049 3B        		.uleb128 0x3b
 1243 004a 0B        		.uleb128 0xb
 1244 004b 39        		.uleb128 0x39
 1245 004c 0B        		.uleb128 0xb
 1246 004d 49        		.uleb128 0x49
 1247 004e 13        		.uleb128 0x13
 1248 004f 3F        		.uleb128 0x3f
 1249 0050 0C        		.uleb128 0xc
 1250 0051 3C        		.uleb128 0x3c
 1251 0052 0C        		.uleb128 0xc
 1252 0053 00        		.byte	0
 1253 0054 00        		.byte	0
 1254 0055 08        		.uleb128 0x8
 1255 0056 13        		.uleb128 0x13
 1256 0057 01        		.byte	0x1
 1257 0058 0B        		.uleb128 0xb
 1258 0059 0B        		.uleb128 0xb
 1259 005a 3A        		.uleb128 0x3a
 1260 005b 0B        		.uleb128 0xb
 1261 005c 3B        		.uleb128 0x3b
 1262 005d 0B        		.uleb128 0xb
 1263 005e 39        		.uleb128 0x39
 1264 005f 0B        		.uleb128 0xb
 1265 0060 01        		.uleb128 0x1
 1266 0061 13        		.uleb128 0x13
 1267 0062 00        		.byte	0
 1268 0063 00        		.byte	0
 1269 0064 09        		.uleb128 0x9
 1270 0065 0D        		.uleb128 0xd
 1271 0066 00        		.byte	0
 1272 0067 03        		.uleb128 0x3
 1273 0068 0E        		.uleb128 0xe
 1274 0069 3A        		.uleb128 0x3a
 1275 006a 0B        		.uleb128 0xb
 1276 006b 3B        		.uleb128 0x3b
 1277 006c 0B        		.uleb128 0xb
 1278 006d 39        		.uleb128 0x39
 1279 006e 0B        		.uleb128 0xb
 1280 006f 49        		.uleb128 0x49
 1281 0070 13        		.uleb128 0x13
 1282 0071 38        		.uleb128 0x38
 1283 0072 0A        		.uleb128 0xa
 1284 0073 00        		.byte	0
 1285 0074 00        		.byte	0
 1286 0075 0A        		.uleb128 0xa
 1287 0076 0F        		.uleb128 0xf
 1288 0077 00        		.byte	0
 1289 0078 0B        		.uleb128 0xb
 1290 0079 0B        		.uleb128 0xb
 1291 007a 00        		.byte	0
 1292 007b 00        		.byte	0
 1293 007c 0B        		.uleb128 0xb
 1294 007d 13        		.uleb128 0x13
 1295 007e 01        		.byte	0x1
 1296 007f 03        		.uleb128 0x3
 1297 0080 0E        		.uleb128 0xe
 1298 0081 0B        		.uleb128 0xb
 1299 0082 0B        		.uleb128 0xb
 1300 0083 3A        		.uleb128 0x3a
 1301 0084 0B        		.uleb128 0xb
 1302 0085 3B        		.uleb128 0x3b
 1303 0086 0B        		.uleb128 0xb
 1304 0087 39        		.uleb128 0x39
 1305 0088 0B        		.uleb128 0xb
 1306 0089 01        		.uleb128 0x1
 1307 008a 13        		.uleb128 0x13
 1308 008b 00        		.byte	0
 1309 008c 00        		.byte	0
 1310 008d 0C        		.uleb128 0xc
 1311 008e 0D        		.uleb128 0xd
 1312 008f 00        		.byte	0
 1313 0090 03        		.uleb128 0x3
 1314 0091 08        		.uleb128 0x8
 1315 0092 3A        		.uleb128 0x3a
 1316 0093 0B        		.uleb128 0xb
 1317 0094 3B        		.uleb128 0x3b
 1318 0095 0B        		.uleb128 0xb
 1319 0096 39        		.uleb128 0x39
 1320 0097 0B        		.uleb128 0xb
 1321 0098 49        		.uleb128 0x49
 1322 0099 13        		.uleb128 0x13
 1323 009a 38        		.uleb128 0x38
 1324 009b 0A        		.uleb128 0xa
 1325 009c 00        		.byte	0
 1326 009d 00        		.byte	0
 1327 009e 0D        		.uleb128 0xd
 1328 009f 0D        		.uleb128 0xd
 1329 00a0 00        		.byte	0
 1330 00a1 03        		.uleb128 0x3
 1331 00a2 0E        		.uleb128 0xe
 1332 00a3 3A        		.uleb128 0x3a
 1333 00a4 0B        		.uleb128 0xb
 1334 00a5 3B        		.uleb128 0x3b
 1335 00a6 05        		.uleb128 0x5
 1336 00a7 39        		.uleb128 0x39
 1337 00a8 0B        		.uleb128 0xb
 1338 00a9 49        		.uleb128 0x49
 1339 00aa 13        		.uleb128 0x13
 1340 00ab 38        		.uleb128 0x38
 1341 00ac 0A        		.uleb128 0xa
 1342 00ad 00        		.byte	0
 1343 00ae 00        		.byte	0
 1344 00af 0E        		.uleb128 0xe
 1345 00b0 0D        		.uleb128 0xd
 1346 00b1 00        		.byte	0
 1347 00b2 03        		.uleb128 0x3
 1348 00b3 08        		.uleb128 0x8
 1349 00b4 3A        		.uleb128 0x3a
 1350 00b5 0B        		.uleb128 0xb
 1351 00b6 3B        		.uleb128 0x3b
 1352 00b7 05        		.uleb128 0x5
 1353 00b8 39        		.uleb128 0x39
 1354 00b9 0B        		.uleb128 0xb
 1355 00ba 49        		.uleb128 0x49
 1356 00bb 13        		.uleb128 0x13
 1357 00bc 38        		.uleb128 0x38
 1358 00bd 0A        		.uleb128 0xa
 1359 00be 00        		.byte	0
 1360 00bf 00        		.byte	0
 1361 00c0 0F        		.uleb128 0xf
 1362 00c1 0F        		.uleb128 0xf
 1363 00c2 00        		.byte	0
 1364 00c3 0B        		.uleb128 0xb
 1365 00c4 0B        		.uleb128 0xb
 1366 00c5 49        		.uleb128 0x49
 1367 00c6 13        		.uleb128 0x13
 1368 00c7 00        		.byte	0
 1369 00c8 00        		.byte	0
 1370 00c9 10        		.uleb128 0x10
 1371 00ca 15        		.uleb128 0x15
 1372 00cb 01        		.byte	0x1
 1373 00cc 27        		.uleb128 0x27
 1374 00cd 0C        		.uleb128 0xc
 1375 00ce 49        		.uleb128 0x49
 1376 00cf 13        		.uleb128 0x13
 1377 00d0 01        		.uleb128 0x1
 1378 00d1 13        		.uleb128 0x13
 1379 00d2 00        		.byte	0
 1380 00d3 00        		.byte	0
 1381 00d4 11        		.uleb128 0x11
 1382 00d5 05        		.uleb128 0x5
 1383 00d6 00        		.byte	0
 1384 00d7 49        		.uleb128 0x49
 1385 00d8 13        		.uleb128 0x13
 1386 00d9 00        		.byte	0
 1387 00da 00        		.byte	0
 1388 00db 12        		.uleb128 0x12
 1389 00dc 01        		.uleb128 0x1
 1390 00dd 01        		.byte	0x1
 1391 00de 49        		.uleb128 0x49
 1392 00df 13        		.uleb128 0x13
 1393 00e0 01        		.uleb128 0x1
 1394 00e1 13        		.uleb128 0x13
 1395 00e2 00        		.byte	0
 1396 00e3 00        		.byte	0
 1397 00e4 13        		.uleb128 0x13
 1398 00e5 21        		.uleb128 0x21
 1399 00e6 00        		.byte	0
 1400 00e7 00        		.byte	0
 1401 00e8 00        		.byte	0
 1402 00e9 14        		.uleb128 0x14
 1403 00ea 34        		.uleb128 0x34
 1404 00eb 00        		.byte	0
 1405 00ec 03        		.uleb128 0x3
 1406 00ed 0E        		.uleb128 0xe
 1407 00ee 3A        		.uleb128 0x3a
 1408 00ef 0B        		.uleb128 0xb
 1409 00f0 3B        		.uleb128 0x3b
 1410 00f1 05        		.uleb128 0x5
 1411 00f2 39        		.uleb128 0x39
 1412 00f3 0B        		.uleb128 0xb
 1413 00f4 49        		.uleb128 0x49
 1414 00f5 13        		.uleb128 0x13
 1415 00f6 3F        		.uleb128 0x3f
 1416 00f7 0C        		.uleb128 0xc
 1417 00f8 3C        		.uleb128 0x3c
 1418 00f9 0C        		.uleb128 0xc
 1419 00fa 00        		.byte	0
 1420 00fb 00        		.byte	0
 1421 00fc 15        		.uleb128 0x15
 1422 00fd 21        		.uleb128 0x21
 1423 00fe 00        		.byte	0
 1424 00ff 49        		.uleb128 0x49
 1425 0100 13        		.uleb128 0x13
 1426 0101 2F        		.uleb128 0x2f
 1427 0102 0B        		.uleb128 0xb
 1428 0103 00        		.byte	0
 1429 0104 00        		.byte	0
 1430 0105 16        		.uleb128 0x16
 1431 0106 17        		.uleb128 0x17
 1432 0107 01        		.byte	0x1
 1433 0108 0B        		.uleb128 0xb
 1434 0109 0B        		.uleb128 0xb
 1435 010a 3A        		.uleb128 0x3a
 1436 010b 0B        		.uleb128 0xb
 1437 010c 3B        		.uleb128 0x3b
 1438 010d 0B        		.uleb128 0xb
 1439 010e 39        		.uleb128 0x39
 1440 010f 0B        		.uleb128 0xb
 1441 0110 01        		.uleb128 0x1
 1442 0111 13        		.uleb128 0x13
 1443 0112 00        		.byte	0
 1444 0113 00        		.byte	0
 1445 0114 17        		.uleb128 0x17
 1446 0115 0D        		.uleb128 0xd
 1447 0116 00        		.byte	0
 1448 0117 03        		.uleb128 0x3
 1449 0118 08        		.uleb128 0x8
 1450 0119 3A        		.uleb128 0x3a
 1451 011a 0B        		.uleb128 0xb
 1452 011b 3B        		.uleb128 0x3b
 1453 011c 0B        		.uleb128 0xb
 1454 011d 39        		.uleb128 0x39
 1455 011e 0B        		.uleb128 0xb
 1456 011f 49        		.uleb128 0x49
 1457 0120 13        		.uleb128 0x13
 1458 0121 00        		.byte	0
 1459 0122 00        		.byte	0
 1460 0123 18        		.uleb128 0x18
 1461 0124 0D        		.uleb128 0xd
 1462 0125 00        		.byte	0
 1463 0126 49        		.uleb128 0x49
 1464 0127 13        		.uleb128 0x13
 1465 0128 00        		.byte	0
 1466 0129 00        		.byte	0
 1467 012a 19        		.uleb128 0x19
 1468 012b 0D        		.uleb128 0xd
 1469 012c 00        		.byte	0
 1470 012d 03        		.uleb128 0x3
 1471 012e 0E        		.uleb128 0xe
 1472 012f 3A        		.uleb128 0x3a
 1473 0130 0B        		.uleb128 0xb
 1474 0131 3B        		.uleb128 0x3b
 1475 0132 0B        		.uleb128 0xb
 1476 0133 39        		.uleb128 0x39
 1477 0134 0B        		.uleb128 0xb
 1478 0135 49        		.uleb128 0x49
 1479 0136 13        		.uleb128 0x13
 1480 0137 00        		.byte	0
 1481 0138 00        		.byte	0
 1482 0139 1A        		.uleb128 0x1a
 1483 013a 15        		.uleb128 0x15
 1484 013b 01        		.byte	0x1
 1485 013c 27        		.uleb128 0x27
 1486 013d 0C        		.uleb128 0xc
 1487 013e 01        		.uleb128 0x1
 1488 013f 13        		.uleb128 0x13
 1489 0140 00        		.byte	0
 1490 0141 00        		.byte	0
 1491 0142 1B        		.uleb128 0x1b
 1492 0143 0D        		.uleb128 0xd
 1493 0144 00        		.byte	0
 1494 0145 03        		.uleb128 0x3
 1495 0146 0E        		.uleb128 0xe
 1496 0147 3A        		.uleb128 0x3a
 1497 0148 0B        		.uleb128 0xb
 1498 0149 3B        		.uleb128 0x3b
 1499 014a 0B        		.uleb128 0xb
 1500 014b 39        		.uleb128 0x39
 1501 014c 0B        		.uleb128 0xb
 1502 014d 49        		.uleb128 0x49
 1503 014e 13        		.uleb128 0x13
 1504 014f 0B        		.uleb128 0xb
 1505 0150 0B        		.uleb128 0xb
 1506 0151 0D        		.uleb128 0xd
 1507 0152 0B        		.uleb128 0xb
 1508 0153 0C        		.uleb128 0xc
 1509 0154 0B        		.uleb128 0xb
 1510 0155 38        		.uleb128 0x38
 1511 0156 0A        		.uleb128 0xa
 1512 0157 00        		.byte	0
 1513 0158 00        		.byte	0
 1514 0159 1C        		.uleb128 0x1c
 1515 015a 04        		.uleb128 0x4
 1516 015b 01        		.byte	0x1
 1517 015c 3E        		.uleb128 0x3e
 1518 015d 0B        		.uleb128 0xb
 1519 015e 0B        		.uleb128 0xb
 1520 015f 0B        		.uleb128 0xb
 1521 0160 49        		.uleb128 0x49
 1522 0161 13        		.uleb128 0x13
 1523 0162 3A        		.uleb128 0x3a
 1524 0163 0B        		.uleb128 0xb
 1525 0164 3B        		.uleb128 0x3b
 1526 0165 0B        		.uleb128 0xb
 1527 0166 39        		.uleb128 0x39
 1528 0167 0B        		.uleb128 0xb
 1529 0168 01        		.uleb128 0x1
 1530 0169 13        		.uleb128 0x13
 1531 016a 00        		.byte	0
 1532 016b 00        		.byte	0
 1533 016c 1D        		.uleb128 0x1d
 1534 016d 28        		.uleb128 0x28
 1535 016e 00        		.byte	0
 1536 016f 03        		.uleb128 0x3
 1537 0170 0E        		.uleb128 0xe
 1538 0171 1C        		.uleb128 0x1c
 1539 0172 0B        		.uleb128 0xb
 1540 0173 00        		.byte	0
 1541 0174 00        		.byte	0
 1542 0175 1E        		.uleb128 0x1e
 1543 0176 04        		.uleb128 0x4
 1544 0177 01        		.byte	0x1
 1545 0178 03        		.uleb128 0x3
 1546 0179 0E        		.uleb128 0xe
 1547 017a 3E        		.uleb128 0x3e
 1548 017b 0B        		.uleb128 0xb
 1549 017c 0B        		.uleb128 0xb
 1550 017d 0B        		.uleb128 0xb
 1551 017e 49        		.uleb128 0x49
 1552 017f 13        		.uleb128 0x13
 1553 0180 3A        		.uleb128 0x3a
 1554 0181 0B        		.uleb128 0xb
 1555 0182 3B        		.uleb128 0x3b
 1556 0183 0B        		.uleb128 0xb
 1557 0184 39        		.uleb128 0x39
 1558 0185 0B        		.uleb128 0xb
 1559 0186 01        		.uleb128 0x1
 1560 0187 13        		.uleb128 0x13
 1561 0188 00        		.byte	0
 1562 0189 00        		.byte	0
 1563 018a 1F        		.uleb128 0x1f
 1564 018b 2E        		.uleb128 0x2e
 1565 018c 00        		.byte	0
 1566 018d 3F        		.uleb128 0x3f
 1567 018e 0C        		.uleb128 0xc
 1568 018f 03        		.uleb128 0x3
 1569 0190 0E        		.uleb128 0xe
 1570 0191 3A        		.uleb128 0x3a
 1571 0192 0B        		.uleb128 0xb
 1572 0193 3B        		.uleb128 0x3b
 1573 0194 0B        		.uleb128 0xb
 1574 0195 39        		.uleb128 0x39
 1575 0196 0B        		.uleb128 0xb
 1576 0197 27        		.uleb128 0x27
 1577 0198 0C        		.uleb128 0xc
 1578 0199 49        		.uleb128 0x49
 1579 019a 13        		.uleb128 0x13
 1580 019b 00        		.byte	0
 1581 019c 00        		.byte	0
 1582 019d 20        		.uleb128 0x20
 1583 019e 2E        		.uleb128 0x2e
 1584 019f 00        		.byte	0
 1585 01a0 3F        		.uleb128 0x3f
 1586 01a1 0C        		.uleb128 0xc
 1587 01a2 03        		.uleb128 0x3
 1588 01a3 0E        		.uleb128 0xe
 1589 01a4 3A        		.uleb128 0x3a
 1590 01a5 0B        		.uleb128 0xb
 1591 01a6 3B        		.uleb128 0x3b
 1592 01a7 0B        		.uleb128 0xb
 1593 01a8 39        		.uleb128 0x39
 1594 01a9 0B        		.uleb128 0xb
 1595 01aa 27        		.uleb128 0x27
 1596 01ab 0C        		.uleb128 0xc
 1597 01ac 00        		.byte	0
 1598 01ad 00        		.byte	0
 1599 01ae 00        		.byte	0
 1600               		.section	.gnu.debuglto_.debug_line,"",@progbits
 1601               	.Ldebug_line0:
 1602 0000 3F02 0000 		.long	.LELT0-.LSLT0
 1603               	.LSLT0:
 1604 0004 0200      		.word	0x2
 1605 0006 3902 0000 		.long	.LELTP0-.LASLTP0
 1606               	.LASLTP0:
 1607 000a 01        		.byte	0x1
 1608 000b 01        		.byte	0x1
 1609 000c F6        		.byte	0xf6
 1610 000d F2        		.byte	0xf2
 1611 000e 0D        		.byte	0xd
 1612 000f 00        		.byte	0
 1613 0010 01        		.byte	0x1
 1614 0011 01        		.byte	0x1
 1615 0012 01        		.byte	0x1
 1616 0013 01        		.byte	0x1
 1617 0014 00        		.byte	0
 1618 0015 00        		.byte	0
 1619 0016 00        		.byte	0
 1620 0017 01        		.byte	0x1
 1621 0018 00        		.byte	0
 1622 0019 00        		.byte	0
 1623 001a 01        		.byte	0x1
 1624 001b 653A 5C67 		.ascii	"e:\\game\\msys2\\mingw64\\avr\\include"
 1624      616D 655C 
 1624      6D73 7973 
 1624      325C 6D69 
 1624      6E67 7736 
 1625 003c 00        		.byte	0
 1626 003d 653A 5C67 		.ascii	"e:\\game\\msys2\\mingw64\\lib\\gcc\\avr\\8.4.0\\include"
 1626      616D 655C 
 1626      6D73 7973 
 1626      325C 6D69 
 1626      6E67 7736 
 1627 006c 00        		.byte	0
 1628 006d 6C69 622F 		.ascii	"lib/lufa/LUFA/Drivers/USB/Core"
 1628      6C75 6661 
 1628      2F4C 5546 
 1628      412F 4472 
 1628      6976 6572 
 1629 008b 00        		.byte	0
 1630 008c 6C69 622F 		.ascii	"lib/lufa/LUFA/Drivers/USB/Core/AVR8/.."
 1630      6C75 6661 
 1630      2F4C 5546 
 1630      412F 4472 
 1630      6976 6572 
 1631 00b2 00        		.byte	0
 1632 00b3 746D 6B5F 		.ascii	"tmk_core/common"
 1632      636F 7265 
 1632      2F63 6F6D 
 1632      6D6F 6E
 1633 00c2 00        		.byte	0
 1634 00c3 746D 6B5F 		.ascii	"tmk_core/common/avr"
 1634      636F 7265 
 1634      2F63 6F6D 
 1634      6D6F 6E2F 
 1634      6176 72
 1635 00d6 00        		.byte	0
 1636 00d7 7175 616E 		.ascii	"quantum"
 1636      7475 6D
 1637 00de 00        		.byte	0
 1638 00df 7175 616E 		.ascii	"quantum/sequencer"
 1638      7475 6D2F 
 1638      7365 7175 
 1638      656E 6365 
 1638      72
 1639 00f0 00        		.byte	0
 1640 00f1 00        		.byte	0
 1641 00f2 7374 6469 		.string	"stdint.h"
 1641      6E74 2E68 
 1641      00
 1642 00fb 01        		.uleb128 0x1
 1643 00fc 00        		.uleb128 0
 1644 00fd 00        		.uleb128 0
 1645 00fe 7374 6464 		.string	"stddef.h"
 1645      6566 2E68 
 1645      00
 1646 0107 02        		.uleb128 0x2
 1647 0108 00        		.uleb128 0
 1648 0109 00        		.uleb128 0
 1649 010a 4156 5238 		.string	"AVR8/../StdRequestType.h"
 1649      2F2E 2E2F 
 1649      5374 6452 
 1649      6571 7565 
 1649      7374 5479 
 1650 0123 03        		.uleb128 0x3
 1651 0124 00        		.uleb128 0
 1652 0125 00        		.uleb128 0
 1653 0126 6163 7469 		.string	"action.h"
 1653      6F6E 2E68 
 1653      00
 1654 012f 05        		.uleb128 0x5
 1655 0130 00        		.uleb128 0
 1656 0131 00        		.uleb128 0
 1657 0132 4156 5238 		.string	"AVR8/../DeviceStandardReq.h"
 1657      2F2E 2E2F 
 1657      4465 7669 
 1657      6365 5374 
 1657      616E 6461 
 1658 014e 03        		.uleb128 0x3
 1659 014f 00        		.uleb128 0
 1660 0150 00        		.uleb128 0
 1661 0151 5553 4254 		.string	"USBTask.h"
 1661      6173 6B2E 
 1661      6800 
 1662 015b 03        		.uleb128 0x3
 1663 015c 00        		.uleb128 0
 1664 015d 00        		.uleb128 0
 1665 015e 486F 7374 		.string	"HostStandardReq.h"
 1665      5374 616E 
 1665      6461 7264 
 1665      5265 712E 
 1665      6800 
 1666 0170 03        		.uleb128 0x3
 1667 0171 00        		.uleb128 0
 1668 0172 00        		.uleb128 0
 1669 0173 7374 6469 		.string	"stdio.h"
 1669      6F2E 6800 
 1670 017b 01        		.uleb128 0x1
 1671 017c 00        		.uleb128 0
 1672 017d 00        		.uleb128 0
 1673 017e 7265 706F 		.string	"report.h"
 1673      7274 2E68 
 1673      00
 1674 0187 05        		.uleb128 0x5
 1675 0188 00        		.uleb128 0
 1676 0189 00        		.uleb128 0
 1677 018a 686F 7374 		.string	"host.h"
 1677      2E68 00
 1678 0191 05        		.uleb128 0x5
 1679 0192 00        		.uleb128 0
 1680 0193 00        		.uleb128 0
 1681 0194 6176 722F 		.string	"avr/xprintf.h"
 1681      7870 7269 
 1681      6E74 662E 
 1681      6800 
 1682 01a2 05        		.uleb128 0x5
 1683 01a3 00        		.uleb128 0
 1684 01a4 00        		.uleb128 0
 1685 01a5 6465 6275 		.string	"debug.h"
 1685      672E 6800 
 1686 01ad 05        		.uleb128 0x5
 1687 01ae 00        		.uleb128 0
 1688 01af 00        		.uleb128 0
 1689 01b0 6B65 7963 		.string	"keycode_config.h"
 1689      6F64 655F 
 1689      636F 6E66 
 1689      6967 2E68 
 1689      00
 1690 01c1 07        		.uleb128 0x7
 1691 01c2 00        		.uleb128 0
 1692 01c3 00        		.uleb128 0
 1693 01c4 7469 6D65 		.string	"timer.h"
 1693      722E 6800 
 1694 01cc 05        		.uleb128 0x5
 1695 01cd 00        		.uleb128 0
 1696 01ce 00        		.uleb128 0
 1697 01cf 7365 7175 		.string	"sequencer/sequencer.h"
 1697      656E 6365 
 1697      722F 7365 
 1697      7175 656E 
 1697      6365 722E 
 1698 01e5 07        		.uleb128 0x7
 1699 01e6 00        		.uleb128 0
 1700 01e7 00        		.uleb128 0
 1701 01e8 6B65 796D 		.string	"keymap.h"
 1701      6170 2E68 
 1701      00
 1702 01f1 07        		.uleb128 0x7
 1703 01f2 00        		.uleb128 0
 1704 01f3 00        		.uleb128 0
 1705 01f4 6163 7469 		.string	"action_layer.h"
 1705      6F6E 5F6C 
 1705      6179 6572 
 1705      2E68 00
 1706 0203 05        		.uleb128 0x5
 1707 0204 00        		.uleb128 0
 1708 0205 00        		.uleb128 0
 1709 0206 6163 7469 		.string	"action_util.h"
 1709      6F6E 5F75 
 1709      7469 6C2E 
 1709      6800 
 1710 0214 05        		.uleb128 0x5
 1711 0215 00        		.uleb128 0
 1712 0216 00        		.uleb128 0
 1713 0217 7365 6E64 		.string	"send_string.h"
 1713      5F73 7472 
 1713      696E 672E 
 1713      6800 
 1714 0225 07        		.uleb128 0x7
 1715 0226 00        		.uleb128 0
 1716 0227 00        		.uleb128 0
 1717 0228 7374 646C 		.string	"stdlib.h"
 1717      6962 2E68 
 1717      00
 1718 0231 01        		.uleb128 0x1
 1719 0232 00        		.uleb128 0
 1720 0233 00        		.uleb128 0
 1721 0234 7573 625F 		.string	"usb_util.c"
 1721      7574 696C 
 1721      2E63 00
 1722 023f 05        		.uleb128 0x5
 1723 0240 00        		.uleb128 0
 1724 0241 00        		.uleb128 0
 1725 0242 00        		.byte	0
 1726               	.LELTP0:
 1727               	.LELT0:
 1728               		.section	.gnu.debuglto_.debug_str,"MS",@progbits,1
 1729               	.LASF83:
 1730 0000 7365 7175 		.string	"sequencer_phase_t"
 1730      656E 6365 
 1730      725F 7068 
 1730      6173 655F 
 1730      7400 
 1731               	.LASF50:
 1732 0012 7377 6170 		.string	"swap_control_capslock"
 1732      5F63 6F6E 
 1732      7472 6F6C 
 1732      5F63 6170 
 1732      736C 6F63 
 1733               	.LASF53:
 1734 0028 7377 6170 		.string	"swap_ralt_rgui"
 1734      5F72 616C 
 1734      745F 7267 
 1734      7569 00
 1735               	.LASF13:
 1736 0037 6252 6571 		.string	"bRequest"
 1736      7565 7374 
 1736      00
 1737               	.LASF110:
 1738 0040 7573 625F 		.string	"usb_disable"
 1738      6469 7361 
 1738      626C 6500 
 1739               	.LASF10:
 1740 004c 7369 7A65 		.string	"size_t"
 1740      5F74 00
 1741               	.LASF103:
 1742 0053 5F5F 6D61 		.string	"__malloc_heap_start"
 1742      6C6C 6F63 
 1742      5F68 6561 
 1742      705F 7374 
 1742      6172 7400 
 1743               	.LASF51:
 1744 0067 6361 7073 		.string	"capslock_to_control"
 1744      6C6F 636B 
 1744      5F74 6F5F 
 1744      636F 6E74 
 1744      726F 6C00 
 1745               	.LASF88:
 1746 007b 7068 6173 		.string	"phase"
 1746      6500 
 1747               	.LASF8:
 1748 0081 6C6F 6E67 		.string	"long long int"
 1748      206C 6F6E 
 1748      6720 696E 
 1748      7400 
 1749               	.LASF48:
 1750 008f 6465 6275 		.string	"debug_config_t"
 1750      675F 636F 
 1750      6E66 6967 
 1750      5F74 00
 1751               	.LASF59:
 1752 009e 6F6E 6573 		.string	"oneshot_disable"
 1752      686F 745F 
 1752      6469 7361 
 1752      626C 6500 
 1753               	.LASF94:
 1754 00ae 6C61 7965 		.string	"layer_state_t"
 1754      725F 7374 
 1754      6174 655F 
 1754      7400 
 1755               	.LASF62:
 1756 00bc 7469 6D65 		.string	"timer_count"
 1756      725F 636F 
 1756      756E 7400 
 1757               	.LASF102:
 1758 00c8 5F5F 6D61 		.string	"__malloc_margin"
 1758      6C6C 6F63 
 1758      5F6D 6172 
 1758      6769 6E00 
 1759               	.LASF25:
 1760 00d8 5553 425F 		.string	"USB_Host_ConfigurationNumber"
 1760      486F 7374 
 1760      5F43 6F6E 
 1760      6669 6775 
 1760      7261 7469 
 1761               	.LASF32:
 1762 00f5 6D6F 6473 		.string	"mods"
 1762      00
 1763               	.LASF26:
 1764 00fa 756E 6765 		.string	"unget"
 1764      7400 
 1765               	.LASF107:
 1766 0100 474E 5520 		.string	"GNU C99 8.4.0 -mn-flash=1 -mno-skip-bug -mmcu=avr5 -gdwarf-2 -Os -std=gnu99 -funsigned-ch
 1766      4339 3920 
 1766      382E 342E 
 1766      3020 2D6D 
 1766      6E2D 666C 
 1767               	.LASF44:
 1768 01f1 656E 6162 		.string	"enable"
 1768      6C65 00
 1769               	.LASF87:
 1770 01f8 7469 6D65 		.string	"timer"
 1770      7200 
 1771               	.LASF19:
 1772 01fe 5553 425F 		.string	"USB_Device_ConfigurationNumber"
 1772      4465 7669 
 1772      6365 5F43 
 1772      6F6E 6669 
 1772      6775 7261 
 1773               	.LASF60:
 1774 021d 6B65 796D 		.string	"keymap_config_t"
 1774      6170 5F63 
 1774      6F6E 6669 
 1774      675F 7400 
 1775               	.LASF84:
 1776 022d 6163 7469 		.string	"active_tracks"
 1776      7665 5F74 
 1776      7261 636B 
 1776      7300 
 1777               	.LASF85:
 1778 023b 6375 7272 		.string	"current_track"
 1778      656E 745F 
 1778      7472 6163 
 1778      6B00 
 1779               	.LASF99:
 1780 0249 6173 6369 		.string	"ascii_to_altgr_lut"
 1780      695F 746F 
 1780      5F61 6C74 
 1780      6772 5F6C 
 1780      7574 00
 1781               	.LASF86:
 1782 025c 6375 7272 		.string	"current_step"
 1782      656E 745F 
 1782      7374 6570 
 1782      00
 1783               	.LASF72:
 1784 0269 5345 5155 		.string	"SEQUENCER_RESOLUTIONS"
 1784      454E 4345 
 1784      525F 5245 
 1784      534F 4C55 
 1784      5449 4F4E 
 1785               	.LASF52:
 1786 027f 7377 6170 		.string	"swap_lalt_lgui"
 1786      5F6C 616C 
 1786      745F 6C67 
 1786      7569 00
 1787               	.LASF90:
 1788 028e 7365 7175 		.string	"sequencer_config"
 1788      656E 6365 
 1788      725F 636F 
 1788      6E66 6967 
 1788      00
 1789               	.LASF56:
 1790 029f 7377 6170 		.string	"swap_backslash_backspace"
 1790      5F62 6163 
 1790      6B73 6C61 
 1790      7368 5F62 
 1790      6163 6B73 
 1791               	.LASF64:
 1792 02b8 5351 5F52 		.string	"SQ_RES_2T"
 1792      4553 5F32 
 1792      5400 
 1793               	.LASF81:
 1794 02c2 5345 5155 		.string	"SEQUENCER_PHASE_RELEASE"
 1794      454E 4345 
 1794      525F 5048 
 1794      4153 455F 
 1794      5245 4C45 
 1795               	.LASF9:
 1796 02da 6C6F 6E67 		.string	"long long unsigned int"
 1796      206C 6F6E 
 1796      6720 756E 
 1796      7369 676E 
 1796      6564 2069 
 1797               	.LASF38:
 1798 02f1 6269 7473 		.string	"bits"
 1798      00
 1799               	.LASF23:
 1800 02f6 5553 425F 		.string	"USB_ControlRequest"
 1800      436F 6E74 
 1800      726F 6C52 
 1800      6571 7565 
 1800      7374 00
 1801               	.LASF108:
 1802 0309 746D 6B5F 		.string	"tmk_core/common/usb_util.c"
 1802      636F 7265 
 1802      2F63 6F6D 
 1802      6D6F 6E2F 
 1802      7573 625F 
 1803               	.LASF5:
 1804 0324 6C6F 6E67 		.string	"long int"
 1804      2069 6E74 
 1804      00
 1805               	.LASF24:
 1806 032d 5553 425F 		.string	"USB_DeviceState"
 1806      4465 7669 
 1806      6365 5374 
 1806      6174 6500 
 1807               	.LASF43:
 1808 033d 7866 756E 		.string	"xfunc_out"
 1808      635F 6F75 
 1808      7400 
 1809               	.LASF55:
 1810 0347 7377 6170 		.string	"swap_grave_esc"
 1810      5F67 7261 
 1810      7665 5F65 
 1810      7363 00
 1811               	.LASF80:
 1812 0356 5345 5155 		.string	"SEQUENCER_PHASE_ATTACK"
 1812      454E 4345 
 1812      525F 5048 
 1812      4153 455F 
 1812      4154 5441 
 1813               	.LASF22:
 1814 036d 5553 425F 		.string	"USB_IsInitialized"
 1814      4973 496E 
 1814      6974 6961 
 1814      6C69 7A65 
 1814      6400 
 1815               	.LASF14:
 1816 037f 7756 616C 		.string	"wValue"
 1816      7565 00
 1817               	.LASF70:
 1818 0386 5351 5F52 		.string	"SQ_RES_16T"
 1818      4553 5F31 
 1818      3654 00
 1819               	.LASF71:
 1820 0391 5351 5F52 		.string	"SQ_RES_32"
 1820      4553 5F33 
 1820      3200 
 1821               	.LASF17:
 1822 039b 5553 425F 		.string	"USB_Request_Header_t"
 1822      5265 7175 
 1822      6573 745F 
 1822      4865 6164 
 1822      6572 5F74 
 1823               	.LASF73:
 1824 03b0 7365 7175 		.string	"sequencer_resolution_t"
 1824      656E 6365 
 1824      725F 7265 
 1824      736F 6C75 
 1824      7469 6F6E 
 1825               	.LASF34:
 1826 03c7 6B65 7973 		.string	"keys"
 1826      00
 1827               	.LASF20:
 1828 03cc 5553 425F 		.string	"USB_Device_RemoteWakeupEnabled"
 1828      4465 7669 
 1828      6365 5F52 
 1828      656D 6F74 
 1828      6557 616B 
 1829               	.LASF1:
 1830 03eb 756E 7369 		.string	"unsigned char"
 1830      676E 6564 
 1830      2063 6861 
 1830      7200 
 1831               	.LASF41:
 1832 03f9 6B65 7962 		.string	"keyboard_idle"
 1832      6F61 7264 
 1832      5F69 646C 
 1832      6500 
 1833               	.LASF35:
 1834 0407 5F5F 6669 		.string	"__file"
 1834      6C65 00
 1835               	.LASF0:
 1836 040e 7369 676E 		.string	"signed char"
 1836      6564 2063 
 1836      6861 7200 
 1837               	.LASF27:
 1838 041a 666C 6167 		.string	"flags"
 1838      7300 
 1839               	.LASF33:
 1840 0420 7265 7365 		.string	"reserved"
 1840      7276 6564 
 1840      00
 1841               	.LASF6:
 1842 0429 7569 6E74 		.string	"uint32_t"
 1842      3332 5F74 
 1842      00
 1843               	.LASF106:
 1844 0432 7573 625F 		.string	"usb_connected_state"
 1844      636F 6E6E 
 1844      6563 7465 
 1844      645F 7374 
 1844      6174 6500 
 1845               	.LASF4:
 1846 0446 756E 7369 		.string	"unsigned int"
 1846      676E 6564 
 1846      2069 6E74 
 1846      00
 1847               	.LASF3:
 1848 0453 7569 6E74 		.string	"uint16_t"
 1848      3136 5F74 
 1848      00
 1849               	.LASF7:
 1850 045c 6C6F 6E67 		.string	"long unsigned int"
 1850      2075 6E73 
 1850      6967 6E65 
 1850      6420 696E 
 1850      7400 
 1851               	.LASF63:
 1852 046e 5351 5F52 		.string	"SQ_RES_2"
 1852      4553 5F32 
 1852      00
 1853               	.LASF47:
 1854 0477 6D6F 7573 		.string	"mouse"
 1854      6500 
 1855               	.LASF65:
 1856 047d 5351 5F52 		.string	"SQ_RES_4"
 1856      4553 5F34 
 1856      00
 1857               	.LASF75:
 1858 0486 7374 6570 		.string	"steps"
 1858      7300 
 1859               	.LASF67:
 1860 048c 5351 5F52 		.string	"SQ_RES_8"
 1860      4553 5F38 
 1860      00
 1861               	.LASF93:
 1862 0495 666E 5F61 		.string	"fn_actions"
 1862      6374 696F 
 1862      6E73 00
 1863               	.LASF29:
 1864 04a0 7564 6174 		.string	"udata"
 1864      6100 
 1865               	.LASF95:
 1866 04a6 6465 6661 		.string	"default_layer_state"
 1866      756C 745F 
 1866      6C61 7965 
 1866      725F 7374 
 1866      6174 6500 
 1867               	.LASF30:
 1868 04ba 6368 6172 		.string	"char"
 1868      00
 1869               	.LASF42:
 1870 04bf 6B65 7962 		.string	"keyboard_protocol"
 1870      6F61 7264 
 1870      5F70 726F 
 1870      746F 636F 
 1870      6C00 
 1871               	.LASF46:
 1872 04d1 6B65 7962 		.string	"keyboard"
 1872      6F61 7264 
 1872      00
 1873               	.LASF100:
 1874 04da 6173 6369 		.string	"ascii_to_dead_lut"
 1874      695F 746F 
 1874      5F64 6561 
 1874      645F 6C75 
 1874      7400 
 1875               	.LASF58:
 1876 04ec 7377 6170 		.string	"swap_rctl_rgui"
 1876      5F72 6374 
 1876      6C5F 7267 
 1876      7569 00
 1877               	.LASF78:
 1878 04fb 7265 736F 		.string	"resolution"
 1878      6C75 7469 
 1878      6F6E 00
 1879               	.LASF82:
 1880 0506 5345 5155 		.string	"SEQUENCER_PHASE_PAUSE"
 1880      454E 4345 
 1880      525F 5048 
 1880      4153 455F 
 1880      5041 5553 
 1881               	.LASF92:
 1882 051c 6B65 796D 		.string	"keymaps"
 1882      6170 7300 
 1883               	.LASF91:
 1884 0524 7365 7175 		.string	"sequencer_internal_state"
 1884      656E 6365 
 1884      725F 696E 
 1884      7465 726E 
 1884      616C 5F73 
 1885               	.LASF11:
 1886 053d 5F42 6F6F 		.string	"_Bool"
 1886      6C00 
 1887               	.LASF12:
 1888 0543 626D 5265 		.string	"bmRequestType"
 1888      7175 6573 
 1888      7454 7970 
 1888      6500 
 1889               	.LASF49:
 1890 0551 6465 6275 		.string	"debug_config"
 1890      675F 636F 
 1890      6E66 6967 
 1890      00
 1891               	.LASF77:
 1892 055e 7465 6D70 		.string	"tempo"
 1892      6F00 
 1893               	.LASF61:
 1894 0564 6B65 796D 		.string	"keymap_config"
 1894      6170 5F63 
 1894      6F6E 6669 
 1894      6700 
 1895               	.LASF18:
 1896 0572 6469 7361 		.string	"disable_action_cache"
 1896      626C 655F 
 1896      6163 7469 
 1896      6F6E 5F63 
 1896      6163 6865 
 1897               	.LASF39:
 1898 0587 6E6B 726F 		.string	"nkro"
 1898      00
 1899               	.LASF74:
 1900 058c 656E 6162 		.string	"enabled"
 1900      6C65 6400 
 1901               	.LASF98:
 1902 0594 6173 6369 		.string	"ascii_to_shift_lut"
 1902      695F 746F 
 1902      5F73 6869 
 1902      6674 5F6C 
 1902      7574 00
 1903               	.LASF28:
 1904 05a7 7369 7A65 		.string	"size"
 1904      00
 1905               	.LASF105:
 1906 05ac 7573 625F 		.string	"usb_vbus_state"
 1906      7662 7573 
 1906      5F73 7461 
 1906      7465 00
 1907               	.LASF89:
 1908 05bb 7365 7175 		.string	"sequencer_state_t"
 1908      656E 6365 
 1908      725F 7374 
 1908      6174 655F 
 1908      7400 
 1909               	.LASF79:
 1910 05cd 7365 7175 		.string	"sequencer_config_t"
 1910      656E 6365 
 1910      725F 636F 
 1910      6E66 6967 
 1910      5F74 00
 1911               	.LASF21:
 1912 05e0 5553 425F 		.string	"USB_Device_CurrentlySelfPowered"
 1912      4465 7669 
 1912      6365 5F43 
 1912      7572 7265 
 1912      6E74 6C79 
 1913               	.LASF109:
 1914 0600 443A 5C44 		.string	"D:\\Download\\qmk_firmware\\vial-qmk"
 1914      6F77 6E6C 
 1914      6F61 645C 
 1914      716D 6B5F 
 1914      6669 726D 
 1915               	.LASF104:
 1916 0622 5F5F 6D61 		.string	"__malloc_heap_end"
 1916      6C6C 6F63 
 1916      5F68 6561 
 1916      705F 656E 
 1916      6400 
 1917               	.LASF2:
 1918 0634 7569 6E74 		.string	"uint8_t"
 1918      385F 7400 
 1919               	.LASF54:
 1920 063c 6E6F 5F67 		.string	"no_gui"
 1920      7569 00
 1921               	.LASF66:
 1922 0643 5351 5F52 		.string	"SQ_RES_4T"
 1922      4553 5F34 
 1922      5400 
 1923               	.LASF40:
 1924 064d 7265 706F 		.string	"report_keyboard_t"
 1924      7274 5F6B 
 1924      6579 626F 
 1924      6172 645F 
 1924      7400 
 1925               	.LASF57:
 1926 065f 7377 6170 		.string	"swap_lctl_lgui"
 1926      5F6C 6374 
 1926      6C5F 6C67 
 1926      7569 00
 1927               	.LASF37:
 1928 066e 7265 706F 		.string	"report_id"
 1928      7274 5F69 
 1928      6400 
 1929               	.LASF101:
 1930 0678 6173 6369 		.string	"ascii_to_keycode_lut"
 1930      695F 746F 
 1930      5F6B 6579 
 1930      636F 6465 
 1930      5F6C 7574 
 1931               	.LASF68:
 1932 068d 5351 5F52 		.string	"SQ_RES_8T"
 1932      4553 5F38 
 1932      5400 
 1933               	.LASF69:
 1934 0697 5351 5F52 		.string	"SQ_RES_16"
 1934      4553 5F31 
 1934      3600 
 1935               	.LASF16:
 1936 06a1 774C 656E 		.string	"wLength"
 1936      6774 6800 
 1937               	.LASF97:
 1938 06a9 6B65 7962 		.string	"keyboard_report"
 1938      6F61 7264 
 1938      5F72 6570 
 1938      6F72 7400 
 1939               	.LASF96:
 1940 06b9 6C61 7965 		.string	"layer_state"
 1940      725F 7374 
 1940      6174 6500 
 1941               	.LASF45:
 1942 06c5 6D61 7472 		.string	"matrix"
 1942      6978 00
 1943               	.LASF31:
 1944 06cc 5F5F 696F 		.string	"__iob"
 1944      6200 
 1945               	.LASF15:
 1946 06d2 7749 6E64 		.string	"wIndex"
 1946      6578 00
 1947               	.LASF76:
 1948 06d9 7472 6163 		.string	"track_notes"
 1948      6B5F 6E6F 
 1948      7465 7300 
 1949               	.LASF36:
 1950 06e5 6E6B 726F 		.string	"nkro_report"
 1950      5F72 6570 
 1950      6F72 7400 
 1951               		.text
 1952               		.section	.gnu.lto_.profile.ee80510d,"",@progbits
 1953 0000 789C 6367 		.string	"x\234cg`f`d"
 1953      6066 6064 
 1953      00
 1954 0009 0200      		.string	"\002"
 1955 000b 00        		.string	""
 1956 000c 6200      		.string	"b"
 1957 000e 0C        		.ascii	"\f"
 1958               		.text
 1959               		.section	.gnu.lto_.icf.ee80510d,"",@progbits
 1960 0000 789C 6367 		.string	"x\234cg`f\020a@"
 1960      6066 1061 
 1960      4000 
 1961 000a 6686 E95D 		.string	"f\206\351]'z\271\030\327tN\234\315\306\004&\031"
 1961      277A B918 
 1961      D774 4E9C 
 1961      CDC6 0426 
 1961      1900 
 1962 001c 518A 0773 		.ascii	"Q\212\007s"
 1963               		.text
 1964               		.section	.gnu.lto_.jmpfuncs.ee80510d,"",@progbits
 1965 0000 789C 6367 		.string	"x\234cg`f\340f@"
 1965      6066 E066 
 1965      4000 
 1966 000a 6620 6664 		.string	"f fd``\002R"
 1966      6060 0252 
 1966      00
 1967 0013 0250 00   		.string	"\002P"
 1968 0016 1C        		.ascii	"\034"
 1969               		.text
 1970               		.section	.gnu.lto_.inline.ee80510d,"",@progbits
 1971 0000 789C 6367 		.string	"x\234cg`f\310f@"
 1971      6066 C866 
 1971      4000 
 1972 000a 6620 6A00 		.string	"f j"
 1973 000e 0296 6446 		.string	"\002\226dF\006&\006\206F \263\216\201\201\r\"\304\004\022b``$\254\204\211\260\022\006"
 1973      0626 0686 
 1973      4620 B38E 
 1973      8181 0D22 
 1973      C404 1262 
 1974 002c 0C52 1693 		.ascii	"\fR\026\223"
 1975               		.text
 1976               		.section	.gnu.lto_.pureconst.ee80510d,"",@progbits
 1977 0000 789C 6367 		.string	"x\234cg`f\340b`"
 1977      6066 E062 
 1977      6000 
 1978 000a 9233 5818 		.string	"\2223X\030g\2600\315`\001"
 1978      67B0 30CD 
 1978      6001 00
 1979 0015 0A8E 01EF 		.ascii	"\n\216\001\357"
 1980               		.text
 1981               		.section	.gnu.lto_usb_disable.ee80510d,"",@progbits
 1982 0000 789C 6367 		.string	"x\234cg`f\230\304\300\300 \013\305\214\314\f\214L\r\r\r\016\354\215\034L\214\214 \026K\00
 1982      6066 98C4 
 1982      C0C0 200B 
 1982      C58C CC0C 
 1982      8C4C 0D0D 
 1983 00bb 00        		.string	""
 1984 00bc 9857 3BFD 		.ascii	"\230W;\375"
 1985               		.text
 1986               		.section	.gnu.lto_usb_connected_state.ee80510d,"",@progbits
 1987 0000 789C 6367 		.string	"x\234cg`fX\301\300\300 \013\305\214\314\f\214L\r\r\r\016\354\215\034L\214\214 \026K\003\0
 1987      6066 58C1 
 1987      C0C0 200B 
 1987      C58C CC0C 
 1987      8C4C 0D0D 
 1988 0050 E36E 462D 		.string	"\343nF-\006\006\240\352G\033\377M\345ec\001I\203\204\3670\26210\002\031\353/\261\036h\370
 1988      0606 A0EA 
 1988      471B FF4D 
 1988      E565 6301 
 1988      4983 84F7 
 1989 00d4 00        		.string	""
 1990 00d5 631D 4391 		.ascii	"c\035C\221"
 1991               		.text
 1992               		.section	.gnu.lto_usb_vbus_state.ee80510d,"",@progbits
 1993 0000 789C 6367 		.string	"x\234cg`fX\311\300\300 \013\305\214\314\f\214L\r\r\r\016\354\215\034L\214\214 \026K\003\0
 1993      6066 58C9 
 1993      C0C0 200B 
 1993      C58C CC0C 
 1993      8C4C 0D0D 
 1994 0050 E36E 462D 		.string	"\343nF-\006\006\240\352G\033\377M\345ec\001I\203\204\3670\26210\002\031\353/\261\036h\370
 1994      0606 A0EA 
 1994      471B FF4D 
 1994      E565 6301 
 1994      4983 84F7 
 1995 00d7 F74C 448D 		.ascii	"\367LD\215"
 1996               		.text
 1997               		.section	.gnu.lto_.symbol_nodes.ee80510d,"",@progbits
 1998 0000 789C 6367 		.string	"x\234cg`f\b`"
 1998      6066 0860 
 1998      00
 1999 0009 02A6 AF0C 		.string	"\002\246\257\f\365\fM\r\r\r,\214\023\3161"
 1999      F50C 4D0D 
 1999      0D0D 2C8C 
 1999      13CE 3100 
 2000 0019 D90C BB1A 		.string	"\331\f\273\032\034\031\030A2\337\030\352\031\261\313|g\250g\302*\303"
 2000      1C19 1841 
 2000      32DF 18EA 
 2000      19B1 CB7C 
 2000      67A8 67C2 
 2001 0030 00        		.string	""
 2002 0031 95CD 14E3 		.ascii	"\225\315\024\343"
 2003               		.text
 2004               		.section	.gnu.lto_.refs.ee80510d,"",@progbits
 2005 0000 789C 6367 		.string	"x\234cg`f`d"
 2005      6066 6064 
 2005      00
 2006 0009 0200      		.string	"\002"
 2007 000b 00        		.string	""
 2008 000c 6200      		.string	"b"
 2009 000e 0C        		.ascii	"\f"
 2010               		.text
 2011               		.section	.gnu.lto_.decls.ee80510d,"",@progbits
 2012 0000 789C 7550 		.string	"x\234uPAhSA\020\235\371\373k\022\n\211P\221\2429\004r\2256 Rs\023=x\363 x5$?\037R\232\344
 2012      4168 5341 
 2012      109D F9FB 
 2012      6B12 0A89 
 2012      5091 A239 
 2013 0066 8032 799B 		.string	"\2002y\233L\247\330\202\236Q\031\226\310\033\344M\370\337\n\b@\013\022\352\216\n\377\257\
 2013      4CA7 D882 
 2013      9E51 1996 
 2013      C81B E44D 
 2013      F8DF 0A08 
 2014 00cf 7B8A B2B1 		.string	"{\212\262\261\243\354T\211\235\177(\177\345\317\3661\322F\347\346\346\317\205!\346\265\31
 2014      A3EC 5489 
 2014      9D7F 287F 
 2014      E5CF F631 
 2014      D246 E7E6 
 2015 011c 62E2 201E 		.ascii	"b\342 \036\365c\310O\235_\343(\355\323\272d\335\370\360qC\013"
 2015      F563 C84F 
 2015      9D5F E328 
 2015      EDD3 BA64 
 2015      DDF8 F071 
 2016 0132 DEE3 A52A 		.ascii	"\336\343\245*\257\376\270}d\351\301\f\257\2248?a\343p\021\251"
 2016      AFFE B87D 
 2016      64E9 C10C 
 2016      AF94 383F 
 2016      61E3 7011 
 2017 0147 1786 08FF 		.ascii	"\027\206\b\377\022u\020W1\373s\334\302\211u\037\340\022\006\211"
 2017      1275 1057 
 2017      31FB 73DC 
 2017      C289 751F 
 2017      E012 0689 
 2018 015b A2B5 59DB 		.ascii	"\242\265Y\333v\261\304\200\261\233\365\365y\027\273$\252,_\330"
 2018      76B1 C480 
 2018      B19B F5F5 
 2018      7917 BB24 
 2018      AA2C 5FD8 
 2019 016f BE8E E847 		.ascii	"\276\216\350G\364\220\027\371U\316\367\343\nz\340\n\347\2634"
 2019      F490 17F9 
 2019      55CE F7E3 
 2019      0A7A E00A 
 2019      E7B3 34
 2020 0182 6829 403F 		.ascii	"h)@?%\307\304:u\026%\300\267\364\340\r\372\241\310\335v\2068"
 2020      25C7 C43A 
 2020      7516 25C0 
 2020      B7F4 E00D 
 2020      FAA1 C8DD 
 2021 0199 1FCE E5BF 		.ascii	"\037\316\345\2773\247<\312w\365\275\333\243o\261\234\337\365"
 2021      33A7 3CCA 
 2021      77F5 BDDB 
 2021      A36F B19C 
 2021      DFF5 
 2022 01ab 2A7D DFCE 		.ascii	"*}\337\316\362kvO\202`\255+mYH\2539\244\325IZ\303\226v\371\367"
 2022      F26B 764F 
 2022      8260 AD2B 
 2022      6D59 48AB 
 2022      39A4 D549 
 2023 01c5 4CC9 C766 		.ascii	"L\311\307fq\200\266\367\355\371/\235\317\333q\222\257v\311\327"
 2023      7180 B6F7 
 2023      EDF9 2F9D 
 2023      CFDB 7192 
 2023      AF76 C9D7 
 2024 01d9 04F9 AA83 		.ascii	"\004\371\252\203\374\t\22171\b\303\271L,\022\237\314DcIS\277"
 2024      FC09 9137 
 2024      3108 C3B9 
 2024      4C2C 129F 
 2024      CC44 6349 
 2025 01ef 6846 A70E 		.ascii	"hF\247\016eSS\021\303\272`\216\033V*e\245\307\005 \227\235L\216"
 2025      6553 5311 
 2025      C3BA 608E 
 2025      1B56 2A65 
 2025      A5C7 0520 
 2026 0207 19EE D367 		.ascii	"\031\356\323g\316\005N\205\303p\240\227\033;\026\215\0377\242"
 2026      CE05 4E85 
 2026      C370 A097 
 2026      1B3B 168D 
 2026      1F37 A2
 2027 021a D130 1C1E 		.ascii	"\3210\034\036\374\020F\304\331\260\322i\323\310\232\361H&\033"
 2027      FC10 46C4 
 2027      D9B0 D269 
 2027      D3C8 9AF1 
 2027      4826 1B
 2028 022d CD9A 4391 		.ascii	"\315\232C\221\223\226\225\364\212\312t,\227\221\311\277\362\324"
 2028      9396 95F4 
 2028      8ACA 742C 
 2028      9791 C9BF 
 2028      F2D4 
 2029 023f F3C3      		.ascii	"\363\303"
 2030               		.text
 2031               		.section	.gnu.lto_.symtab.ee80510d,"",@progbits
 2032 0000 7573 625F 		.string	"usb_disable"
 2032      6469 7361 
 2032      626C 6500 
 2033 000c 00        		.string	""
 2034 000d 01        		.ascii	"\001"
 2035 000e 00        		.string	""
 2036 000f 00        		.string	""
 2037 0010 00        		.string	""
 2038 0011 00        		.string	""
 2039 0012 00        		.string	""
 2040 0013 00        		.string	""
 2041 0014 00        		.string	""
 2042 0015 00        		.string	""
 2043 0016 00        		.string	""
 2044 0017 C200      		.string	"\302"
 2045 0019 00        		.string	""
 2046 001a 00        		.string	""
 2047 001b 7573 625F 		.string	"usb_connected_state"
 2047      636F 6E6E 
 2047      6563 7465 
 2047      645F 7374 
 2047      6174 6500 
 2048 002f 00        		.string	""
 2049 0030 01        		.ascii	"\001"
 2050 0031 00        		.string	""
 2051 0032 00        		.string	""
 2052 0033 00        		.string	""
 2053 0034 00        		.string	""
 2054 0035 00        		.string	""
 2055 0036 00        		.string	""
 2056 0037 00        		.string	""
 2057 0038 00        		.string	""
 2058 0039 00        		.string	""
 2059 003a CA00      		.string	"\312"
 2060 003c 00        		.string	""
 2061 003d 00        		.string	""
 2062 003e 7573 625F 		.string	"usb_vbus_state"
 2062      7662 7573 
 2062      5F73 7461 
 2062      7465 00
 2063 004d 00        		.string	""
 2064 004e 01        		.ascii	"\001"
 2065 004f 00        		.string	""
 2066 0050 00        		.string	""
 2067 0051 00        		.string	""
 2068 0052 00        		.string	""
 2069 0053 00        		.string	""
 2070 0054 00        		.string	""
 2071 0055 00        		.string	""
 2072 0056 00        		.string	""
 2073 0057 00        		.string	""
 2074 0058 CD00      		.string	"\315"
 2075 005a 00        		.string	""
 2076 005b 00        		.string	""
 2077               		.text
 2078               		.section	.gnu.lto_.opts,"",@progbits
 2079 0000 272D 666E 		.ascii	"'-fn"
 2080 0004 6F2D 6F70 		.string	"o-openmp' '-fno-openacc' '-fno-pie' '-mn-flash=1' '-mno-skip-bug' '-mmcu=avr5' '-Os' '-We
 2080      656E 6D70 
 2080      2720 272D 
 2080      666E 6F2D 
 2080      6F70 656E 
 2081               		.text
 2082               		.comm	__gnu_lto_v1,1,1
 2083               		.comm	__gnu_lto_slim,1,1
 2084               		.ident	"GCC: (GNU) 8.4.0"
DEFINED SYMBOLS
                            *ABS*:0000000000000000 usb_util.c
C:\Users\Roningo\AppData\Local\Temp\ccHG6mQn.s:2      *ABS*:000000000000003e __SP_H__
C:\Users\Roningo\AppData\Local\Temp\ccHG6mQn.s:3      *ABS*:000000000000003d __SP_L__
C:\Users\Roningo\AppData\Local\Temp\ccHG6mQn.s:4      *ABS*:000000000000003f __SREG__
C:\Users\Roningo\AppData\Local\Temp\ccHG6mQn.s:5      *ABS*:0000000000000000 __tmp_reg__
C:\Users\Roningo\AppData\Local\Temp\ccHG6mQn.s:6      *ABS*:0000000000000001 __zero_reg__
C:\Users\Roningo\AppData\Local\Temp\ccHG6mQn.s:32     .gnu.debuglto_.debug_info:0000000000000000 usb_util.c.5ad8caa9
                            *COM*:0000000000000001 __gnu_lto_v1
                            *COM*:0000000000000001 __gnu_lto_slim

NO UNDEFINED SYMBOLS
