   1               		.file	"action_macro.c"
   2               	__SP_H__ = 0x3e
   3               	__SP_L__ = 0x3d
   4               	__SREG__ = 0x3f
   5               	__tmp_reg__ = 0
   6               	__zero_reg__ = 1
   7               		.file 1 "tmk_core/common/report.h"
   8               		.file 2 "e:\\game\\msys2\\mingw64\\avr\\include\\stdint.h"
   9               		.file 3 "tmk_core/common/action.h"
  10               		.file 4 "tmk_core/common/action_util.h"
  11               		.file 5 "tmk_core/common/debug.h"
  12               		.section	.gnu.debuglto_.debug_info,"",@progbits
  13               	.Ldebug_info0:
  14               		.hidden	action_macro.c.62603152
  15               		.weak	action_macro.c.62603152
  16               	action_macro.c.62603152:
  17 0000 9E01 0000 		.long	0x19e
  18 0004 0200      		.word	0x2
  19 0006 0000 0000 		.long	.Ldebug_abbrev0
  20 000a 04        		.byte	0x4
  21 000b 01        		.uleb128 0x1
  22 000c 0000 0000 		.long	.LASF21
  23 0010 0C        		.byte	0xc
  24 0011 0000 0000 		.long	.LASF22
  25 0015 0000 0000 		.long	.LASF23
  26 0019 0000 0000 		.long	.Ldebug_line0
  27 001d 02        		.uleb128 0x2
  28 001e 01        		.byte	0x1
  29 001f 06        		.byte	0x6
  30 0020 0000 0000 		.long	.LASF0
  31 0024 03        		.uleb128 0x3
  32 0025 0000 0000 		.long	.LASF11
  33 0029 02        		.byte	0x2
  34 002a 7E        		.byte	0x7e
  35 002b 16        		.byte	0x16
  36 002c 3000 0000 		.long	0x30
  37 0030 02        		.uleb128 0x2
  38 0031 01        		.byte	0x1
  39 0032 08        		.byte	0x8
  40 0033 0000 0000 		.long	.LASF1
  41 0037 04        		.uleb128 0x4
  42 0038 02        		.byte	0x2
  43 0039 05        		.byte	0x5
  44 003a 696E 7400 		.string	"int"
  45 003e 02        		.uleb128 0x2
  46 003f 02        		.byte	0x2
  47 0040 07        		.byte	0x7
  48 0041 0000 0000 		.long	.LASF2
  49 0045 02        		.uleb128 0x2
  50 0046 04        		.byte	0x4
  51 0047 05        		.byte	0x5
  52 0048 0000 0000 		.long	.LASF3
  53 004c 02        		.uleb128 0x2
  54 004d 04        		.byte	0x4
  55 004e 07        		.byte	0x7
  56 004f 0000 0000 		.long	.LASF4
  57 0053 02        		.uleb128 0x2
  58 0054 08        		.byte	0x8
  59 0055 05        		.byte	0x5
  60 0056 0000 0000 		.long	.LASF5
  61 005a 02        		.uleb128 0x2
  62 005b 08        		.byte	0x8
  63 005c 07        		.byte	0x7
  64 005d 0000 0000 		.long	.LASF6
  65 0061 02        		.uleb128 0x2
  66 0062 01        		.byte	0x1
  67 0063 02        		.byte	0x2
  68 0064 0000 0000 		.long	.LASF7
  69 0068 05        		.uleb128 0x5
  70 0069 0000 0000 		.long	.LASF13
  71 006d 03        		.byte	0x3
  72 006e 4B        		.byte	0x4b
  73 006f 0D        		.byte	0xd
  74 0070 6100 0000 		.long	0x61
  75 0074 01        		.byte	0x1
  76 0075 01        		.byte	0x1
  77 0076 06        		.uleb128 0x6
  78 0077 08        		.byte	0x8
  79 0078 01        		.byte	0x1
  80 0079 AD        		.byte	0xad
  81 007a 05        		.byte	0x5
  82 007b AD00 0000 		.long	0xad
  83 007f 07        		.uleb128 0x7
  84 0080 0000 0000 		.long	.LASF8
  85 0084 01        		.byte	0x1
  86 0085 B1        		.byte	0xb1
  87 0086 11        		.byte	0x11
  88 0087 2400 0000 		.long	0x24
  89 008b 02        		.byte	0x2
  90 008c 23        		.byte	0x23
  91 008d 00        		.uleb128 0
  92 008e 07        		.uleb128 0x7
  93 008f 0000 0000 		.long	.LASF9
  94 0093 01        		.byte	0x1
  95 0094 B2        		.byte	0xb2
  96 0095 11        		.byte	0x11
  97 0096 2400 0000 		.long	0x24
  98 009a 02        		.byte	0x2
  99 009b 23        		.byte	0x23
 100 009c 01        		.uleb128 0x1
 101 009d 07        		.uleb128 0x7
 102 009e 0000 0000 		.long	.LASF10
 103 00a2 01        		.byte	0x1
 104 00a3 B3        		.byte	0xb3
 105 00a4 11        		.byte	0x11
 106 00a5 AD00 0000 		.long	0xad
 107 00a9 02        		.byte	0x2
 108 00aa 23        		.byte	0x23
 109 00ab 02        		.uleb128 0x2
 110 00ac 00        		.byte	0
 111 00ad 08        		.uleb128 0x8
 112 00ae 2400 0000 		.long	0x24
 113 00b2 BD00 0000 		.long	0xbd
 114 00b6 09        		.uleb128 0x9
 115 00b7 3E00 0000 		.long	0x3e
 116 00bb 05        		.byte	0x5
 117 00bc 00        		.byte	0
 118 00bd 0A        		.uleb128 0xa
 119 00be 08        		.byte	0x8
 120 00bf 01        		.byte	0x1
 121 00c0 AB        		.byte	0xab
 122 00c1 09        		.byte	0x9
 123 00c2 D800 0000 		.long	0xd8
 124 00c6 0B        		.uleb128 0xb
 125 00c7 7261 7700 		.string	"raw"
 126 00cb 01        		.byte	0x1
 127 00cc AC        		.byte	0xac
 128 00cd 0D        		.byte	0xd
 129 00ce D800 0000 		.long	0xd8
 130 00d2 0C        		.uleb128 0xc
 131 00d3 7600 0000 		.long	0x76
 132 00d7 00        		.byte	0
 133 00d8 08        		.uleb128 0x8
 134 00d9 2400 0000 		.long	0x24
 135 00dd E800 0000 		.long	0xe8
 136 00e1 09        		.uleb128 0x9
 137 00e2 3E00 0000 		.long	0x3e
 138 00e6 07        		.byte	0x7
 139 00e7 00        		.byte	0
 140 00e8 03        		.uleb128 0x3
 141 00e9 0000 0000 		.long	.LASF12
 142 00ed 01        		.byte	0x1
 143 00ee BE        		.byte	0xbe
 144 00ef 1B        		.byte	0x1b
 145 00f0 BD00 0000 		.long	0xbd
 146 00f4 05        		.uleb128 0x5
 147 00f5 0000 0000 		.long	.LASF14
 148 00f9 04        		.byte	0x4
 149 00fa 1B        		.byte	0x1b
 150 00fb 1B        		.byte	0x1b
 151 00fc 0201 0000 		.long	0x102
 152 0100 01        		.byte	0x1
 153 0101 01        		.byte	0x1
 154 0102 0D        		.uleb128 0xd
 155 0103 02        		.byte	0x2
 156 0104 E800 0000 		.long	0xe8
 157 0108 06        		.uleb128 0x6
 158 0109 01        		.byte	0x1
 159 010a 05        		.byte	0x5
 160 010b 1F        		.byte	0x1f
 161 010c 05        		.byte	0x5
 162 010d 6C01 0000 		.long	0x16c
 163 0111 0E        		.uleb128 0xe
 164 0112 0000 0000 		.long	.LASF15
 165 0116 05        		.byte	0x5
 166 0117 20        		.byte	0x20
 167 0118 11        		.byte	0x11
 168 0119 6100 0000 		.long	0x61
 169 011d 01        		.byte	0x1
 170 011e 01        		.byte	0x1
 171 011f 07        		.byte	0x7
 172 0120 02        		.byte	0x2
 173 0121 23        		.byte	0x23
 174 0122 00        		.uleb128 0
 175 0123 0E        		.uleb128 0xe
 176 0124 0000 0000 		.long	.LASF16
 177 0128 05        		.byte	0x5
 178 0129 21        		.byte	0x21
 179 012a 11        		.byte	0x11
 180 012b 6100 0000 		.long	0x61
 181 012f 01        		.byte	0x1
 182 0130 01        		.byte	0x1
 183 0131 06        		.byte	0x6
 184 0132 02        		.byte	0x2
 185 0133 23        		.byte	0x23
 186 0134 00        		.uleb128 0
 187 0135 0E        		.uleb128 0xe
 188 0136 0000 0000 		.long	.LASF17
 189 013a 05        		.byte	0x5
 190 013b 22        		.byte	0x22
 191 013c 11        		.byte	0x11
 192 013d 6100 0000 		.long	0x61
 193 0141 01        		.byte	0x1
 194 0142 01        		.byte	0x1
 195 0143 05        		.byte	0x5
 196 0144 02        		.byte	0x2
 197 0145 23        		.byte	0x23
 198 0146 00        		.uleb128 0
 199 0147 0E        		.uleb128 0xe
 200 0148 0000 0000 		.long	.LASF18
 201 014c 05        		.byte	0x5
 202 014d 23        		.byte	0x23
 203 014e 11        		.byte	0x11
 204 014f 6100 0000 		.long	0x61
 205 0153 01        		.byte	0x1
 206 0154 01        		.byte	0x1
 207 0155 04        		.byte	0x4
 208 0156 02        		.byte	0x2
 209 0157 23        		.byte	0x23
 210 0158 00        		.uleb128 0
 211 0159 0E        		.uleb128 0xe
 212 015a 0000 0000 		.long	.LASF9
 213 015e 05        		.byte	0x5
 214 015f 24        		.byte	0x24
 215 0160 11        		.byte	0x11
 216 0161 2400 0000 		.long	0x24
 217 0165 01        		.byte	0x1
 218 0166 04        		.byte	0x4
 219 0167 00        		.byte	0
 220 0168 02        		.byte	0x2
 221 0169 23        		.byte	0x23
 222 016a 00        		.uleb128 0
 223 016b 00        		.byte	0
 224 016c 0A        		.uleb128 0xa
 225 016d 01        		.byte	0x1
 226 016e 05        		.byte	0x5
 227 016f 1E        		.byte	0x1e
 228 0170 09        		.byte	0x9
 229 0171 8701 0000 		.long	0x187
 230 0175 0C        		.uleb128 0xc
 231 0176 0801 0000 		.long	0x108
 232 017a 0B        		.uleb128 0xb
 233 017b 7261 7700 		.string	"raw"
 234 017f 05        		.byte	0x5
 235 0180 26        		.byte	0x26
 236 0181 0D        		.byte	0xd
 237 0182 2400 0000 		.long	0x24
 238 0186 00        		.byte	0
 239 0187 03        		.uleb128 0x3
 240 0188 0000 0000 		.long	.LASF19
 241 018c 05        		.byte	0x5
 242 018d 27        		.byte	0x27
 243 018e 03        		.byte	0x3
 244 018f 6C01 0000 		.long	0x16c
 245 0193 05        		.uleb128 0x5
 246 0194 0000 0000 		.long	.LASF20
 247 0198 05        		.byte	0x5
 248 0199 29        		.byte	0x29
 249 019a 17        		.byte	0x17
 250 019b 8701 0000 		.long	0x187
 251 019f 01        		.byte	0x1
 252 01a0 01        		.byte	0x1
 253 01a1 00        		.byte	0
 254               		.section	.gnu.debuglto_.debug_abbrev,"",@progbits
 255               	.Ldebug_abbrev0:
 256 0000 01        		.uleb128 0x1
 257 0001 11        		.uleb128 0x11
 258 0002 01        		.byte	0x1
 259 0003 25        		.uleb128 0x25
 260 0004 0E        		.uleb128 0xe
 261 0005 13        		.uleb128 0x13
 262 0006 0B        		.uleb128 0xb
 263 0007 03        		.uleb128 0x3
 264 0008 0E        		.uleb128 0xe
 265 0009 1B        		.uleb128 0x1b
 266 000a 0E        		.uleb128 0xe
 267 000b 10        		.uleb128 0x10
 268 000c 06        		.uleb128 0x6
 269 000d 00        		.byte	0
 270 000e 00        		.byte	0
 271 000f 02        		.uleb128 0x2
 272 0010 24        		.uleb128 0x24
 273 0011 00        		.byte	0
 274 0012 0B        		.uleb128 0xb
 275 0013 0B        		.uleb128 0xb
 276 0014 3E        		.uleb128 0x3e
 277 0015 0B        		.uleb128 0xb
 278 0016 03        		.uleb128 0x3
 279 0017 0E        		.uleb128 0xe
 280 0018 00        		.byte	0
 281 0019 00        		.byte	0
 282 001a 03        		.uleb128 0x3
 283 001b 16        		.uleb128 0x16
 284 001c 00        		.byte	0
 285 001d 03        		.uleb128 0x3
 286 001e 0E        		.uleb128 0xe
 287 001f 3A        		.uleb128 0x3a
 288 0020 0B        		.uleb128 0xb
 289 0021 3B        		.uleb128 0x3b
 290 0022 0B        		.uleb128 0xb
 291 0023 39        		.uleb128 0x39
 292 0024 0B        		.uleb128 0xb
 293 0025 49        		.uleb128 0x49
 294 0026 13        		.uleb128 0x13
 295 0027 00        		.byte	0
 296 0028 00        		.byte	0
 297 0029 04        		.uleb128 0x4
 298 002a 24        		.uleb128 0x24
 299 002b 00        		.byte	0
 300 002c 0B        		.uleb128 0xb
 301 002d 0B        		.uleb128 0xb
 302 002e 3E        		.uleb128 0x3e
 303 002f 0B        		.uleb128 0xb
 304 0030 03        		.uleb128 0x3
 305 0031 08        		.uleb128 0x8
 306 0032 00        		.byte	0
 307 0033 00        		.byte	0
 308 0034 05        		.uleb128 0x5
 309 0035 34        		.uleb128 0x34
 310 0036 00        		.byte	0
 311 0037 03        		.uleb128 0x3
 312 0038 0E        		.uleb128 0xe
 313 0039 3A        		.uleb128 0x3a
 314 003a 0B        		.uleb128 0xb
 315 003b 3B        		.uleb128 0x3b
 316 003c 0B        		.uleb128 0xb
 317 003d 39        		.uleb128 0x39
 318 003e 0B        		.uleb128 0xb
 319 003f 49        		.uleb128 0x49
 320 0040 13        		.uleb128 0x13
 321 0041 3F        		.uleb128 0x3f
 322 0042 0C        		.uleb128 0xc
 323 0043 3C        		.uleb128 0x3c
 324 0044 0C        		.uleb128 0xc
 325 0045 00        		.byte	0
 326 0046 00        		.byte	0
 327 0047 06        		.uleb128 0x6
 328 0048 13        		.uleb128 0x13
 329 0049 01        		.byte	0x1
 330 004a 0B        		.uleb128 0xb
 331 004b 0B        		.uleb128 0xb
 332 004c 3A        		.uleb128 0x3a
 333 004d 0B        		.uleb128 0xb
 334 004e 3B        		.uleb128 0x3b
 335 004f 0B        		.uleb128 0xb
 336 0050 39        		.uleb128 0x39
 337 0051 0B        		.uleb128 0xb
 338 0052 01        		.uleb128 0x1
 339 0053 13        		.uleb128 0x13
 340 0054 00        		.byte	0
 341 0055 00        		.byte	0
 342 0056 07        		.uleb128 0x7
 343 0057 0D        		.uleb128 0xd
 344 0058 00        		.byte	0
 345 0059 03        		.uleb128 0x3
 346 005a 0E        		.uleb128 0xe
 347 005b 3A        		.uleb128 0x3a
 348 005c 0B        		.uleb128 0xb
 349 005d 3B        		.uleb128 0x3b
 350 005e 0B        		.uleb128 0xb
 351 005f 39        		.uleb128 0x39
 352 0060 0B        		.uleb128 0xb
 353 0061 49        		.uleb128 0x49
 354 0062 13        		.uleb128 0x13
 355 0063 38        		.uleb128 0x38
 356 0064 0A        		.uleb128 0xa
 357 0065 00        		.byte	0
 358 0066 00        		.byte	0
 359 0067 08        		.uleb128 0x8
 360 0068 01        		.uleb128 0x1
 361 0069 01        		.byte	0x1
 362 006a 49        		.uleb128 0x49
 363 006b 13        		.uleb128 0x13
 364 006c 01        		.uleb128 0x1
 365 006d 13        		.uleb128 0x13
 366 006e 00        		.byte	0
 367 006f 00        		.byte	0
 368 0070 09        		.uleb128 0x9
 369 0071 21        		.uleb128 0x21
 370 0072 00        		.byte	0
 371 0073 49        		.uleb128 0x49
 372 0074 13        		.uleb128 0x13
 373 0075 2F        		.uleb128 0x2f
 374 0076 0B        		.uleb128 0xb
 375 0077 00        		.byte	0
 376 0078 00        		.byte	0
 377 0079 0A        		.uleb128 0xa
 378 007a 17        		.uleb128 0x17
 379 007b 01        		.byte	0x1
 380 007c 0B        		.uleb128 0xb
 381 007d 0B        		.uleb128 0xb
 382 007e 3A        		.uleb128 0x3a
 383 007f 0B        		.uleb128 0xb
 384 0080 3B        		.uleb128 0x3b
 385 0081 0B        		.uleb128 0xb
 386 0082 39        		.uleb128 0x39
 387 0083 0B        		.uleb128 0xb
 388 0084 01        		.uleb128 0x1
 389 0085 13        		.uleb128 0x13
 390 0086 00        		.byte	0
 391 0087 00        		.byte	0
 392 0088 0B        		.uleb128 0xb
 393 0089 0D        		.uleb128 0xd
 394 008a 00        		.byte	0
 395 008b 03        		.uleb128 0x3
 396 008c 08        		.uleb128 0x8
 397 008d 3A        		.uleb128 0x3a
 398 008e 0B        		.uleb128 0xb
 399 008f 3B        		.uleb128 0x3b
 400 0090 0B        		.uleb128 0xb
 401 0091 39        		.uleb128 0x39
 402 0092 0B        		.uleb128 0xb
 403 0093 49        		.uleb128 0x49
 404 0094 13        		.uleb128 0x13
 405 0095 00        		.byte	0
 406 0096 00        		.byte	0
 407 0097 0C        		.uleb128 0xc
 408 0098 0D        		.uleb128 0xd
 409 0099 00        		.byte	0
 410 009a 49        		.uleb128 0x49
 411 009b 13        		.uleb128 0x13
 412 009c 00        		.byte	0
 413 009d 00        		.byte	0
 414 009e 0D        		.uleb128 0xd
 415 009f 0F        		.uleb128 0xf
 416 00a0 00        		.byte	0
 417 00a1 0B        		.uleb128 0xb
 418 00a2 0B        		.uleb128 0xb
 419 00a3 49        		.uleb128 0x49
 420 00a4 13        		.uleb128 0x13
 421 00a5 00        		.byte	0
 422 00a6 00        		.byte	0
 423 00a7 0E        		.uleb128 0xe
 424 00a8 0D        		.uleb128 0xd
 425 00a9 00        		.byte	0
 426 00aa 03        		.uleb128 0x3
 427 00ab 0E        		.uleb128 0xe
 428 00ac 3A        		.uleb128 0x3a
 429 00ad 0B        		.uleb128 0xb
 430 00ae 3B        		.uleb128 0x3b
 431 00af 0B        		.uleb128 0xb
 432 00b0 39        		.uleb128 0x39
 433 00b1 0B        		.uleb128 0xb
 434 00b2 49        		.uleb128 0x49
 435 00b3 13        		.uleb128 0x13
 436 00b4 0B        		.uleb128 0xb
 437 00b5 0B        		.uleb128 0xb
 438 00b6 0D        		.uleb128 0xd
 439 00b7 0B        		.uleb128 0xb
 440 00b8 0C        		.uleb128 0xc
 441 00b9 0B        		.uleb128 0xb
 442 00ba 38        		.uleb128 0x38
 443 00bb 0A        		.uleb128 0xa
 444 00bc 00        		.byte	0
 445 00bd 00        		.byte	0
 446 00be 00        		.byte	0
 447               		.section	.gnu.debuglto_.debug_line,"",@progbits
 448               	.Ldebug_line0:
 449 0000 8B00 0000 		.long	.LELT0-.LSLT0
 450               	.LSLT0:
 451 0004 0200      		.word	0x2
 452 0006 8500 0000 		.long	.LELTP0-.LASLTP0
 453               	.LASLTP0:
 454 000a 01        		.byte	0x1
 455 000b 01        		.byte	0x1
 456 000c F6        		.byte	0xf6
 457 000d F2        		.byte	0xf2
 458 000e 0D        		.byte	0xd
 459 000f 00        		.byte	0
 460 0010 01        		.byte	0x1
 461 0011 01        		.byte	0x1
 462 0012 01        		.byte	0x1
 463 0013 01        		.byte	0x1
 464 0014 00        		.byte	0
 465 0015 00        		.byte	0
 466 0016 00        		.byte	0
 467 0017 01        		.byte	0x1
 468 0018 00        		.byte	0
 469 0019 00        		.byte	0
 470 001a 01        		.byte	0x1
 471 001b 653A 5C67 		.ascii	"e:\\game\\msys2\\mingw64\\avr\\include"
 471      616D 655C 
 471      6D73 7973 
 471      325C 6D69 
 471      6E67 7736 
 472 003c 00        		.byte	0
 473 003d 746D 6B5F 		.ascii	"tmk_core/common"
 473      636F 7265 
 473      2F63 6F6D 
 473      6D6F 6E
 474 004c 00        		.byte	0
 475 004d 00        		.byte	0
 476 004e 7265 706F 		.string	"report.h"
 476      7274 2E68 
 476      00
 477 0057 02        		.uleb128 0x2
 478 0058 00        		.uleb128 0
 479 0059 00        		.uleb128 0
 480 005a 7374 6469 		.string	"stdint.h"
 480      6E74 2E68 
 480      00
 481 0063 01        		.uleb128 0x1
 482 0064 00        		.uleb128 0
 483 0065 00        		.uleb128 0
 484 0066 6163 7469 		.string	"action.h"
 484      6F6E 2E68 
 484      00
 485 006f 02        		.uleb128 0x2
 486 0070 00        		.uleb128 0
 487 0071 00        		.uleb128 0
 488 0072 6163 7469 		.string	"action_util.h"
 488      6F6E 5F75 
 488      7469 6C2E 
 488      6800 
 489 0080 02        		.uleb128 0x2
 490 0081 00        		.uleb128 0
 491 0082 00        		.uleb128 0
 492 0083 6465 6275 		.string	"debug.h"
 492      672E 6800 
 493 008b 02        		.uleb128 0x2
 494 008c 00        		.uleb128 0
 495 008d 00        		.uleb128 0
 496 008e 00        		.byte	0
 497               	.LELTP0:
 498               	.LELT0:
 499               		.section	.gnu.debuglto_.debug_str,"MS",@progbits,1
 500               	.LASF12:
 501 0000 7265 706F 		.string	"report_keyboard_t"
 501      7274 5F6B 
 501      6579 626F 
 501      6172 645F 
 501      7400 
 502               	.LASF21:
 503 0012 474E 5520 		.string	"GNU C99 8.4.0 -mn-flash=1 -mno-skip-bug -mmcu=avr5 -gdwarf-2 -Os -std=gnu99 -funsigned-ch
 503      4339 3920 
 503      382E 342E 
 503      3020 2D6D 
 503      6E2D 666C 
 504               	.LASF2:
 505 0103 756E 7369 		.string	"unsigned int"
 505      676E 6564 
 505      2069 6E74 
 505      00
 506               	.LASF15:
 507 0110 656E 6162 		.string	"enable"
 507      6C65 00
 508               	.LASF18:
 509 0117 6D6F 7573 		.string	"mouse"
 509      6500 
 510               	.LASF4:
 511 011d 6C6F 6E67 		.string	"long unsigned int"
 511      2075 6E73 
 511      6967 6E65 
 511      6420 696E 
 511      7400 
 512               	.LASF14:
 513 012f 6B65 7962 		.string	"keyboard_report"
 513      6F61 7264 
 513      5F72 6570 
 513      6F72 7400 
 514               	.LASF6:
 515 013f 6C6F 6E67 		.string	"long long unsigned int"
 515      206C 6F6E 
 515      6720 756E 
 515      7369 676E 
 515      6564 2069 
 516               	.LASF8:
 517 0156 6D6F 6473 		.string	"mods"
 517      00
 518               	.LASF19:
 519 015b 6465 6275 		.string	"debug_config_t"
 519      675F 636F 
 519      6E66 6967 
 519      5F74 00
 520               	.LASF10:
 521 016a 6B65 7973 		.string	"keys"
 521      00
 522               	.LASF11:
 523 016f 7569 6E74 		.string	"uint8_t"
 523      385F 7400 
 524               	.LASF1:
 525 0177 756E 7369 		.string	"unsigned char"
 525      676E 6564 
 525      2063 6861 
 525      7200 
 526               	.LASF23:
 527 0185 443A 5C44 		.string	"D:\\Download\\vial-qmk"
 527      6F77 6E6C 
 527      6F61 645C 
 527      7669 616C 
 527      2D71 6D6B 
 528               	.LASF3:
 529 019a 6C6F 6E67 		.string	"long int"
 529      2069 6E74 
 529      00
 530               	.LASF13:
 531 01a3 6469 7361 		.string	"disable_action_cache"
 531      626C 655F 
 531      6163 7469 
 531      6F6E 5F63 
 531      6163 6865 
 532               	.LASF16:
 533 01b8 6D61 7472 		.string	"matrix"
 533      6978 00
 534               	.LASF7:
 535 01bf 5F42 6F6F 		.string	"_Bool"
 535      6C00 
 536               	.LASF5:
 537 01c5 6C6F 6E67 		.string	"long long int"
 537      206C 6F6E 
 537      6720 696E 
 537      7400 
 538               	.LASF0:
 539 01d3 7369 676E 		.string	"signed char"
 539      6564 2063 
 539      6861 7200 
 540               	.LASF20:
 541 01df 6465 6275 		.string	"debug_config"
 541      675F 636F 
 541      6E66 6967 
 541      00
 542               	.LASF22:
 543 01ec 746D 6B5F 		.string	"tmk_core/common/action_macro.c"
 543      636F 7265 
 543      2F63 6F6D 
 543      6D6F 6E2F 
 543      6163 7469 
 544               	.LASF17:
 545 020b 6B65 7962 		.string	"keyboard"
 545      6F61 7264 
 545      00
 546               	.LASF9:
 547 0214 7265 7365 		.string	"reserved"
 547      7276 6564 
 547      00
 548               		.text
 549               		.section	.gnu.lto_.profile.e742fa55,"",@progbits
 550 0000 789C 6367 		.string	"x\234cg`f`d"
 550      6066 6064 
 550      00
 551 0009 0200      		.string	"\002"
 552 000b 00        		.string	""
 553 000c 6200      		.string	"b"
 554 000e 0C        		.ascii	"\f"
 555               		.text
 556               		.section	.gnu.lto_.icf.e742fa55,"",@progbits
 557 0000 789C 6367 		.string	"x\234cg`f`b@\006"
 557      6066 6062 
 557      4006 00
 558 000b 00        		.string	""
 559 000c DC00      		.string	"\334"
 560 000e 0D        		.ascii	"\r"
 561               		.text
 562               		.section	.gnu.lto_.jmpfuncs.e742fa55,"",@progbits
 563 0000 789C 6367 		.string	"x\234cg`f`b@\006"
 563      6066 6062 
 563      4006 00
 564 000b 00        		.string	""
 565 000c DC00      		.string	"\334"
 566 000e 0D        		.ascii	"\r"
 567               		.text
 568               		.section	.gnu.lto_.inline.e742fa55,"",@progbits
 569 0000 789C 6367 		.string	"x\234cg`f`b@\006"
 569      6066 6062 
 569      4006 00
 570 000b 00        		.string	""
 571 000c DC00      		.string	"\334"
 572 000e 0D        		.ascii	"\r"
 573               		.text
 574               		.section	.gnu.lto_.pureconst.e742fa55,"",@progbits
 575 0000 789C 6367 		.string	"x\234cg`f`d"
 575      6066 6064 
 575      00
 576 0009 0200      		.string	"\002"
 577 000b 00        		.string	""
 578 000c 6200      		.string	"b"
 579 000e 0C        		.ascii	"\f"
 580               		.text
 581               		.section	.gnu.lto_.symbol_nodes.e742fa55,"",@progbits
 582 0000 789C 6367 		.string	"x\234cg`f`b"
 582      6066 6062 
 582      00
 583 0009 0100      		.string	"\001"
 584 000b 00        		.string	""
 585 000c 7400      		.string	"t"
 586 000e 0D        		.ascii	"\r"
 587               		.text
 588               		.section	.gnu.lto_.refs.e742fa55,"",@progbits
 589 0000 789C 6367 		.string	"x\234cg`f`d"
 589      6066 6064 
 589      00
 590 0009 0200      		.string	"\002"
 591 000b 00        		.string	""
 592 000c 6200      		.string	"b"
 593 000e 0C        		.ascii	"\f"
 594               		.text
 595               		.section	.gnu.lto_.decls.e742fa55,"",@progbits
 596 0000 789C 6367 		.string	"x\234cg`f"
 596      6066 00
 597 0007 0146 2056 		.string	"\001F V\001\342\377@"
 597      01E2 FF40 
 597      00
 598 0010 625F 6420 		.string	"b_d "
 598      00
 599 0015 00        		.string	""
 600 0016 C16A 04FE 		.ascii	"\301j\004\376"
 601               		.text
 602               		.section	.gnu.lto_.symtab.e742fa55,"",@progbits
 603               		.text
 604               		.section	.gnu.lto_.opts,"",@progbits
 605 0000 272D 666E 		.ascii	"'-fn"
 606 0004 6F2D 6F70 		.string	"o-openmp' '-fno-openacc' '-fno-pie' '-mn-flash=1' '-mno-skip-bug' '-mmcu=avr5' '-Os' '-We
 606      656E 6D70 
 606      2720 272D 
 606      666E 6F2D 
 606      6F70 656E 
 607               		.text
 608               		.comm	__gnu_lto_v1,1,1
 609               		.comm	__gnu_lto_slim,1,1
 610               		.ident	"GCC: (GNU) 8.4.0"
DEFINED SYMBOLS
                            *ABS*:0000000000000000 action_macro.c
C:\Users\Roningo\AppData\Local\Temp\ccGcRGzj.s:2      *ABS*:000000000000003e __SP_H__
C:\Users\Roningo\AppData\Local\Temp\ccGcRGzj.s:3      *ABS*:000000000000003d __SP_L__
C:\Users\Roningo\AppData\Local\Temp\ccGcRGzj.s:4      *ABS*:000000000000003f __SREG__
C:\Users\Roningo\AppData\Local\Temp\ccGcRGzj.s:5      *ABS*:0000000000000000 __tmp_reg__
C:\Users\Roningo\AppData\Local\Temp\ccGcRGzj.s:6      *ABS*:0000000000000001 __zero_reg__
C:\Users\Roningo\AppData\Local\Temp\ccGcRGzj.s:16     .gnu.debuglto_.debug_info:0000000000000000 action_macro.c.62603152
                            *COM*:0000000000000001 __gnu_lto_v1
                            *COM*:0000000000000001 __gnu_lto_slim

NO UNDEFINED SYMBOLS
