   1               		.file	"bootmagic_lite.c"
   2               	__SP_H__ = 0x3e
   3               	__SP_L__ = 0x3d
   4               	__SREG__ = 0x3f
   5               	__tmp_reg__ = 0
   6               	__zero_reg__ = 1
   7               		.file 1 "e:\\game\\msys2\\mingw64\\avr\\include\\stdint.h"
   8               		.file 2 "e:\\game\\msys2\\mingw64\\lib\\gcc\\avr\\8.4.0\\include\\stddef.h"
   9               		.file 3 "tmk_core/common/report.h"
  10               		.file 4 "tmk_core/common/action.h"
  11               		.file 5 "tmk_core/common/host.h"
  12               		.file 6 "tmk_core/common/debug.h"
  13               		.file 7 "quantum/keycode_config.h"
  14               		.file 8 "tmk_core/common/timer.h"
  15               		.file 9 "quantum/sequencer/sequencer.h"
  16               		.file 10 "quantum/keymap.h"
  17               		.file 11 "tmk_core/common/action_layer.h"
  18               		.file 12 "tmk_core/common/action_util.h"
  19               		.file 13 "quantum/send_string.h"
  20               		.file 14 "e:\\game\\msys2\\mingw64\\avr\\include\\stdlib.h"
  21               		.file 15 "quantum/bootmagic/bootmagic_lite.c"
  22               		.file 16 "e:\\game\\msys2\\mingw64\\avr\\include\\util\\delay.h"
  23               		.section	.gnu.debuglto_.debug_info,"",@progbits
  24               	.Ldebug_info0:
  25               		.hidden	bootmagic_lite.c.8b4da072
  26               		.weak	bootmagic_lite.c.8b4da072
  27               	bootmagic_lite.c.8b4da072:
  28 0000 1706 0000 		.long	0x617
  29 0004 0200      		.word	0x2
  30 0006 0000 0000 		.long	.Ldebug_abbrev0
  31 000a 04        		.byte	0x4
  32 000b 01        		.uleb128 0x1
  33 000c 0000 0000 		.long	.LASF89
  34 0010 0C        		.byte	0xc
  35 0011 0000 0000 		.long	.LASF90
  36 0015 0000 0000 		.long	.LASF91
  37 0019 0000 0000 		.long	.Ldebug_line0
  38 001d 02        		.uleb128 0x2
  39 001e 01        		.byte	0x1
  40 001f 06        		.byte	0x6
  41 0020 0000 0000 		.long	.LASF0
  42 0024 03        		.uleb128 0x3
  43 0025 0000 0000 		.long	.LASF2
  44 0029 01        		.byte	0x1
  45 002a 7E        		.byte	0x7e
  46 002b 16        		.byte	0x16
  47 002c 3500 0000 		.long	0x35
  48 0030 04        		.uleb128 0x4
  49 0031 2400 0000 		.long	0x24
  50 0035 02        		.uleb128 0x2
  51 0036 01        		.byte	0x1
  52 0037 08        		.byte	0x8
  53 0038 0000 0000 		.long	.LASF1
  54 003c 05        		.uleb128 0x5
  55 003d 02        		.byte	0x2
  56 003e 05        		.byte	0x5
  57 003f 696E 7400 		.string	"int"
  58 0043 03        		.uleb128 0x3
  59 0044 0000 0000 		.long	.LASF3
  60 0048 01        		.byte	0x1
  61 0049 80        		.byte	0x80
  62 004a 16        		.byte	0x16
  63 004b 5400 0000 		.long	0x54
  64 004f 04        		.uleb128 0x4
  65 0050 4300 0000 		.long	0x43
  66 0054 02        		.uleb128 0x2
  67 0055 02        		.byte	0x2
  68 0056 07        		.byte	0x7
  69 0057 0000 0000 		.long	.LASF4
  70 005b 02        		.uleb128 0x2
  71 005c 04        		.byte	0x4
  72 005d 05        		.byte	0x5
  73 005e 0000 0000 		.long	.LASF5
  74 0062 03        		.uleb128 0x3
  75 0063 0000 0000 		.long	.LASF6
  76 0067 01        		.byte	0x1
  77 0068 82        		.byte	0x82
  78 0069 16        		.byte	0x16
  79 006a 7300 0000 		.long	0x73
  80 006e 06        		.uleb128 0x6
  81 006f 6200 0000 		.long	0x62
  82 0073 02        		.uleb128 0x2
  83 0074 04        		.byte	0x4
  84 0075 07        		.byte	0x7
  85 0076 0000 0000 		.long	.LASF7
  86 007a 02        		.uleb128 0x2
  87 007b 08        		.byte	0x8
  88 007c 05        		.byte	0x5
  89 007d 0000 0000 		.long	.LASF8
  90 0081 02        		.uleb128 0x2
  91 0082 08        		.byte	0x8
  92 0083 07        		.byte	0x7
  93 0084 0000 0000 		.long	.LASF9
  94 0088 03        		.uleb128 0x3
  95 0089 0000 0000 		.long	.LASF10
  96 008d 02        		.byte	0x2
  97 008e D8        		.byte	0xd8
  98 008f 17        		.byte	0x17
  99 0090 5400 0000 		.long	0x54
 100 0094 02        		.uleb128 0x2
 101 0095 01        		.byte	0x1
 102 0096 02        		.byte	0x2
 103 0097 0000 0000 		.long	.LASF11
 104 009b 07        		.uleb128 0x7
 105 009c 0000 0000 		.long	.LASF16
 106 00a0 04        		.byte	0x4
 107 00a1 4B        		.byte	0x4b
 108 00a2 0D        		.byte	0xd
 109 00a3 9400 0000 		.long	0x94
 110 00a7 01        		.byte	0x1
 111 00a8 01        		.byte	0x1
 112 00a9 08        		.uleb128 0x8
 113 00aa 08        		.byte	0x8
 114 00ab 03        		.byte	0x3
 115 00ac AD        		.byte	0xad
 116 00ad 05        		.byte	0x5
 117 00ae E000 0000 		.long	0xe0
 118 00b2 09        		.uleb128 0x9
 119 00b3 0000 0000 		.long	.LASF12
 120 00b7 03        		.byte	0x3
 121 00b8 B1        		.byte	0xb1
 122 00b9 11        		.byte	0x11
 123 00ba 2400 0000 		.long	0x24
 124 00be 02        		.byte	0x2
 125 00bf 23        		.byte	0x23
 126 00c0 00        		.uleb128 0
 127 00c1 09        		.uleb128 0x9
 128 00c2 0000 0000 		.long	.LASF13
 129 00c6 03        		.byte	0x3
 130 00c7 B2        		.byte	0xb2
 131 00c8 11        		.byte	0x11
 132 00c9 2400 0000 		.long	0x24
 133 00cd 02        		.byte	0x2
 134 00ce 23        		.byte	0x23
 135 00cf 01        		.uleb128 0x1
 136 00d0 09        		.uleb128 0x9
 137 00d1 0000 0000 		.long	.LASF14
 138 00d5 03        		.byte	0x3
 139 00d6 B3        		.byte	0xb3
 140 00d7 11        		.byte	0x11
 141 00d8 E000 0000 		.long	0xe0
 142 00dc 02        		.byte	0x2
 143 00dd 23        		.byte	0x23
 144 00de 02        		.uleb128 0x2
 145 00df 00        		.byte	0
 146 00e0 0A        		.uleb128 0xa
 147 00e1 2400 0000 		.long	0x24
 148 00e5 F000 0000 		.long	0xf0
 149 00e9 0B        		.uleb128 0xb
 150 00ea 5400 0000 		.long	0x54
 151 00ee 05        		.byte	0x5
 152 00ef 00        		.byte	0
 153 00f0 0C        		.uleb128 0xc
 154 00f1 08        		.byte	0x8
 155 00f2 03        		.byte	0x3
 156 00f3 AB        		.byte	0xab
 157 00f4 09        		.byte	0x9
 158 00f5 0B01 0000 		.long	0x10b
 159 00f9 0D        		.uleb128 0xd
 160 00fa 7261 7700 		.string	"raw"
 161 00fe 03        		.byte	0x3
 162 00ff AC        		.byte	0xac
 163 0100 0D        		.byte	0xd
 164 0101 0B01 0000 		.long	0x10b
 165 0105 0E        		.uleb128 0xe
 166 0106 A900 0000 		.long	0xa9
 167 010a 00        		.byte	0
 168 010b 0A        		.uleb128 0xa
 169 010c 2400 0000 		.long	0x24
 170 0110 1B01 0000 		.long	0x11b
 171 0114 0B        		.uleb128 0xb
 172 0115 5400 0000 		.long	0x54
 173 0119 07        		.byte	0x7
 174 011a 00        		.byte	0
 175 011b 03        		.uleb128 0x3
 176 011c 0000 0000 		.long	.LASF15
 177 0120 03        		.byte	0x3
 178 0121 BE        		.byte	0xbe
 179 0122 1B        		.byte	0x1b
 180 0123 F000 0000 		.long	0xf0
 181 0127 0F        		.uleb128 0xf
 182 0128 02        		.byte	0x2
 183 0129 1B01 0000 		.long	0x11b
 184 012d 07        		.uleb128 0x7
 185 012e 0000 0000 		.long	.LASF17
 186 0132 05        		.byte	0x5
 187 0133 24        		.byte	0x24
 188 0134 10        		.byte	0x10
 189 0135 2400 0000 		.long	0x24
 190 0139 01        		.byte	0x1
 191 013a 01        		.byte	0x1
 192 013b 07        		.uleb128 0x7
 193 013c 0000 0000 		.long	.LASF18
 194 0140 05        		.byte	0x5
 195 0141 25        		.byte	0x25
 196 0142 10        		.byte	0x10
 197 0143 2400 0000 		.long	0x24
 198 0147 01        		.byte	0x1
 199 0148 01        		.byte	0x1
 200 0149 08        		.uleb128 0x8
 201 014a 01        		.byte	0x1
 202 014b 06        		.byte	0x6
 203 014c 1F        		.byte	0x1f
 204 014d 05        		.byte	0x5
 205 014e AD01 0000 		.long	0x1ad
 206 0152 10        		.uleb128 0x10
 207 0153 0000 0000 		.long	.LASF19
 208 0157 06        		.byte	0x6
 209 0158 20        		.byte	0x20
 210 0159 11        		.byte	0x11
 211 015a 9400 0000 		.long	0x94
 212 015e 01        		.byte	0x1
 213 015f 01        		.byte	0x1
 214 0160 07        		.byte	0x7
 215 0161 02        		.byte	0x2
 216 0162 23        		.byte	0x23
 217 0163 00        		.uleb128 0
 218 0164 10        		.uleb128 0x10
 219 0165 0000 0000 		.long	.LASF20
 220 0169 06        		.byte	0x6
 221 016a 21        		.byte	0x21
 222 016b 11        		.byte	0x11
 223 016c 9400 0000 		.long	0x94
 224 0170 01        		.byte	0x1
 225 0171 01        		.byte	0x1
 226 0172 06        		.byte	0x6
 227 0173 02        		.byte	0x2
 228 0174 23        		.byte	0x23
 229 0175 00        		.uleb128 0
 230 0176 10        		.uleb128 0x10
 231 0177 0000 0000 		.long	.LASF21
 232 017b 06        		.byte	0x6
 233 017c 22        		.byte	0x22
 234 017d 11        		.byte	0x11
 235 017e 9400 0000 		.long	0x94
 236 0182 01        		.byte	0x1
 237 0183 01        		.byte	0x1
 238 0184 05        		.byte	0x5
 239 0185 02        		.byte	0x2
 240 0186 23        		.byte	0x23
 241 0187 00        		.uleb128 0
 242 0188 10        		.uleb128 0x10
 243 0189 0000 0000 		.long	.LASF22
 244 018d 06        		.byte	0x6
 245 018e 23        		.byte	0x23
 246 018f 11        		.byte	0x11
 247 0190 9400 0000 		.long	0x94
 248 0194 01        		.byte	0x1
 249 0195 01        		.byte	0x1
 250 0196 04        		.byte	0x4
 251 0197 02        		.byte	0x2
 252 0198 23        		.byte	0x23
 253 0199 00        		.uleb128 0
 254 019a 10        		.uleb128 0x10
 255 019b 0000 0000 		.long	.LASF13
 256 019f 06        		.byte	0x6
 257 01a0 24        		.byte	0x24
 258 01a1 11        		.byte	0x11
 259 01a2 2400 0000 		.long	0x24
 260 01a6 01        		.byte	0x1
 261 01a7 04        		.byte	0x4
 262 01a8 00        		.byte	0
 263 01a9 02        		.byte	0x2
 264 01aa 23        		.byte	0x23
 265 01ab 00        		.uleb128 0
 266 01ac 00        		.byte	0
 267 01ad 0C        		.uleb128 0xc
 268 01ae 01        		.byte	0x1
 269 01af 06        		.byte	0x6
 270 01b0 1E        		.byte	0x1e
 271 01b1 09        		.byte	0x9
 272 01b2 C801 0000 		.long	0x1c8
 273 01b6 0E        		.uleb128 0xe
 274 01b7 4901 0000 		.long	0x149
 275 01bb 0D        		.uleb128 0xd
 276 01bc 7261 7700 		.string	"raw"
 277 01c0 06        		.byte	0x6
 278 01c1 26        		.byte	0x26
 279 01c2 0D        		.byte	0xd
 280 01c3 2400 0000 		.long	0x24
 281 01c7 00        		.byte	0
 282 01c8 03        		.uleb128 0x3
 283 01c9 0000 0000 		.long	.LASF23
 284 01cd 06        		.byte	0x6
 285 01ce 27        		.byte	0x27
 286 01cf 03        		.byte	0x3
 287 01d0 AD01 0000 		.long	0x1ad
 288 01d4 07        		.uleb128 0x7
 289 01d5 0000 0000 		.long	.LASF24
 290 01d9 06        		.byte	0x6
 291 01da 29        		.byte	0x29
 292 01db 17        		.byte	0x17
 293 01dc C801 0000 		.long	0x1c8
 294 01e0 01        		.byte	0x1
 295 01e1 01        		.byte	0x1
 296 01e2 08        		.uleb128 0x8
 297 01e3 02        		.byte	0x2
 298 01e4 07        		.byte	0x7
 299 01e5 1D        		.byte	0x1d
 300 01e6 05        		.byte	0x5
 301 01e7 B202 0000 		.long	0x2b2
 302 01eb 10        		.uleb128 0x10
 303 01ec 0000 0000 		.long	.LASF25
 304 01f0 07        		.byte	0x7
 305 01f1 1E        		.byte	0x1e
 306 01f2 0E        		.byte	0xe
 307 01f3 9400 0000 		.long	0x94
 308 01f7 01        		.byte	0x1
 309 01f8 01        		.byte	0x1
 310 01f9 07        		.byte	0x7
 311 01fa 02        		.byte	0x2
 312 01fb 23        		.byte	0x23
 313 01fc 00        		.uleb128 0
 314 01fd 10        		.uleb128 0x10
 315 01fe 0000 0000 		.long	.LASF26
 316 0202 07        		.byte	0x7
 317 0203 1F        		.byte	0x1f
 318 0204 0E        		.byte	0xe
 319 0205 9400 0000 		.long	0x94
 320 0209 01        		.byte	0x1
 321 020a 01        		.byte	0x1
 322 020b 06        		.byte	0x6
 323 020c 02        		.byte	0x2
 324 020d 23        		.byte	0x23
 325 020e 00        		.uleb128 0
 326 020f 10        		.uleb128 0x10
 327 0210 0000 0000 		.long	.LASF27
 328 0214 07        		.byte	0x7
 329 0215 20        		.byte	0x20
 330 0216 0E        		.byte	0xe
 331 0217 9400 0000 		.long	0x94
 332 021b 01        		.byte	0x1
 333 021c 01        		.byte	0x1
 334 021d 05        		.byte	0x5
 335 021e 02        		.byte	0x2
 336 021f 23        		.byte	0x23
 337 0220 00        		.uleb128 0
 338 0221 10        		.uleb128 0x10
 339 0222 0000 0000 		.long	.LASF28
 340 0226 07        		.byte	0x7
 341 0227 21        		.byte	0x21
 342 0228 0E        		.byte	0xe
 343 0229 9400 0000 		.long	0x94
 344 022d 01        		.byte	0x1
 345 022e 01        		.byte	0x1
 346 022f 04        		.byte	0x4
 347 0230 02        		.byte	0x2
 348 0231 23        		.byte	0x23
 349 0232 00        		.uleb128 0
 350 0233 10        		.uleb128 0x10
 351 0234 0000 0000 		.long	.LASF29
 352 0238 07        		.byte	0x7
 353 0239 22        		.byte	0x22
 354 023a 0E        		.byte	0xe
 355 023b 9400 0000 		.long	0x94
 356 023f 01        		.byte	0x1
 357 0240 01        		.byte	0x1
 358 0241 03        		.byte	0x3
 359 0242 02        		.byte	0x2
 360 0243 23        		.byte	0x23
 361 0244 00        		.uleb128 0
 362 0245 10        		.uleb128 0x10
 363 0246 0000 0000 		.long	.LASF30
 364 024a 07        		.byte	0x7
 365 024b 23        		.byte	0x23
 366 024c 0E        		.byte	0xe
 367 024d 9400 0000 		.long	0x94
 368 0251 01        		.byte	0x1
 369 0252 01        		.byte	0x1
 370 0253 02        		.byte	0x2
 371 0254 02        		.byte	0x2
 372 0255 23        		.byte	0x23
 373 0256 00        		.uleb128 0
 374 0257 10        		.uleb128 0x10
 375 0258 0000 0000 		.long	.LASF31
 376 025c 07        		.byte	0x7
 377 025d 24        		.byte	0x24
 378 025e 0E        		.byte	0xe
 379 025f 9400 0000 		.long	0x94
 380 0263 01        		.byte	0x1
 381 0264 01        		.byte	0x1
 382 0265 01        		.byte	0x1
 383 0266 02        		.byte	0x2
 384 0267 23        		.byte	0x23
 385 0268 00        		.uleb128 0
 386 0269 10        		.uleb128 0x10
 387 026a 0000 0000 		.long	.LASF32
 388 026e 07        		.byte	0x7
 389 026f 25        		.byte	0x25
 390 0270 0E        		.byte	0xe
 391 0271 9400 0000 		.long	0x94
 392 0275 01        		.byte	0x1
 393 0276 01        		.byte	0x1
 394 0277 00        		.byte	0
 395 0278 02        		.byte	0x2
 396 0279 23        		.byte	0x23
 397 027a 00        		.uleb128 0
 398 027b 10        		.uleb128 0x10
 399 027c 0000 0000 		.long	.LASF33
 400 0280 07        		.byte	0x7
 401 0281 26        		.byte	0x26
 402 0282 0E        		.byte	0xe
 403 0283 9400 0000 		.long	0x94
 404 0287 01        		.byte	0x1
 405 0288 01        		.byte	0x1
 406 0289 07        		.byte	0x7
 407 028a 02        		.byte	0x2
 408 028b 23        		.byte	0x23
 409 028c 01        		.uleb128 0x1
 410 028d 10        		.uleb128 0x10
 411 028e 0000 0000 		.long	.LASF34
 412 0292 07        		.byte	0x7
 413 0293 27        		.byte	0x27
 414 0294 0E        		.byte	0xe
 415 0295 9400 0000 		.long	0x94
 416 0299 01        		.byte	0x1
 417 029a 01        		.byte	0x1
 418 029b 06        		.byte	0x6
 419 029c 02        		.byte	0x2
 420 029d 23        		.byte	0x23
 421 029e 01        		.uleb128 0x1
 422 029f 10        		.uleb128 0x10
 423 02a0 0000 0000 		.long	.LASF35
 424 02a4 07        		.byte	0x7
 425 02a5 28        		.byte	0x28
 426 02a6 0E        		.byte	0xe
 427 02a7 9400 0000 		.long	0x94
 428 02ab 01        		.byte	0x1
 429 02ac 01        		.byte	0x1
 430 02ad 05        		.byte	0x5
 431 02ae 02        		.byte	0x2
 432 02af 23        		.byte	0x23
 433 02b0 01        		.uleb128 0x1
 434 02b1 00        		.byte	0
 435 02b2 0C        		.uleb128 0xc
 436 02b3 02        		.byte	0x2
 437 02b4 07        		.byte	0x7
 438 02b5 1B        		.byte	0x1b
 439 02b6 09        		.byte	0x9
 440 02b7 CD02 0000 		.long	0x2cd
 441 02bb 0D        		.uleb128 0xd
 442 02bc 7261 7700 		.string	"raw"
 443 02c0 07        		.byte	0x7
 444 02c1 1C        		.byte	0x1c
 445 02c2 0E        		.byte	0xe
 446 02c3 4300 0000 		.long	0x43
 447 02c7 0E        		.uleb128 0xe
 448 02c8 E201 0000 		.long	0x1e2
 449 02cc 00        		.byte	0
 450 02cd 03        		.uleb128 0x3
 451 02ce 0000 0000 		.long	.LASF36
 452 02d2 07        		.byte	0x7
 453 02d3 2A        		.byte	0x2a
 454 02d4 03        		.byte	0x3
 455 02d5 B202 0000 		.long	0x2b2
 456 02d9 07        		.uleb128 0x7
 457 02da 0000 0000 		.long	.LASF37
 458 02de 07        		.byte	0x7
 459 02df 2C        		.byte	0x2c
 460 02e0 18        		.byte	0x18
 461 02e1 CD02 0000 		.long	0x2cd
 462 02e5 01        		.byte	0x1
 463 02e6 01        		.byte	0x1
 464 02e7 07        		.uleb128 0x7
 465 02e8 0000 0000 		.long	.LASF38
 466 02ec 08        		.byte	0x8
 467 02ed 20        		.byte	0x20
 468 02ee 1A        		.byte	0x1a
 469 02ef 6E00 0000 		.long	0x6e
 470 02f3 01        		.byte	0x1
 471 02f4 01        		.byte	0x1
 472 02f5 11        		.uleb128 0x11
 473 02f6 07        		.byte	0x7
 474 02f7 01        		.byte	0x1
 475 02f8 3500 0000 		.long	0x35
 476 02fc 09        		.byte	0x9
 477 02fd 2D        		.byte	0x2d
 478 02fe 0E        		.byte	0xe
 479 02ff 4003 0000 		.long	0x340
 480 0303 12        		.uleb128 0x12
 481 0304 0000 0000 		.long	.LASF39
 482 0308 00        		.byte	0
 483 0309 12        		.uleb128 0x12
 484 030a 0000 0000 		.long	.LASF40
 485 030e 01        		.byte	0x1
 486 030f 12        		.uleb128 0x12
 487 0310 0000 0000 		.long	.LASF41
 488 0314 02        		.byte	0x2
 489 0315 12        		.uleb128 0x12
 490 0316 0000 0000 		.long	.LASF42
 491 031a 03        		.byte	0x3
 492 031b 12        		.uleb128 0x12
 493 031c 0000 0000 		.long	.LASF43
 494 0320 04        		.byte	0x4
 495 0321 12        		.uleb128 0x12
 496 0322 0000 0000 		.long	.LASF44
 497 0326 05        		.byte	0x5
 498 0327 12        		.uleb128 0x12
 499 0328 0000 0000 		.long	.LASF45
 500 032c 06        		.byte	0x6
 501 032d 12        		.uleb128 0x12
 502 032e 0000 0000 		.long	.LASF46
 503 0332 07        		.byte	0x7
 504 0333 12        		.uleb128 0x12
 505 0334 0000 0000 		.long	.LASF47
 506 0338 08        		.byte	0x8
 507 0339 12        		.uleb128 0x12
 508 033a 0000 0000 		.long	.LASF48
 509 033e 09        		.byte	0x9
 510 033f 00        		.byte	0
 511 0340 03        		.uleb128 0x3
 512 0341 0000 0000 		.long	.LASF49
 513 0345 09        		.byte	0x9
 514 0346 2D        		.byte	0x2d
 515 0347 89        		.byte	0x89
 516 0348 F502 0000 		.long	0x2f5
 517 034c 08        		.uleb128 0x8
 518 034d 23        		.byte	0x23
 519 034e 09        		.byte	0x9
 520 034f 2F        		.byte	0x2f
 521 0350 09        		.byte	0x9
 522 0351 A103 0000 		.long	0x3a1
 523 0355 09        		.uleb128 0x9
 524 0356 0000 0000 		.long	.LASF50
 525 035a 09        		.byte	0x9
 526 035b 30        		.byte	0x30
 527 035c 1C        		.byte	0x1c
 528 035d 9400 0000 		.long	0x94
 529 0361 02        		.byte	0x2
 530 0362 23        		.byte	0x23
 531 0363 00        		.uleb128 0
 532 0364 09        		.uleb128 0x9
 533 0365 0000 0000 		.long	.LASF51
 534 0369 09        		.byte	0x9
 535 036a 31        		.byte	0x31
 536 036b 1C        		.byte	0x1c
 537 036c A103 0000 		.long	0x3a1
 538 0370 02        		.byte	0x2
 539 0371 23        		.byte	0x23
 540 0372 01        		.uleb128 0x1
 541 0373 09        		.uleb128 0x9
 542 0374 0000 0000 		.long	.LASF52
 543 0378 09        		.byte	0x9
 544 0379 32        		.byte	0x32
 545 037a 1C        		.byte	0x1c
 546 037b B103 0000 		.long	0x3b1
 547 037f 02        		.byte	0x2
 548 0380 23        		.byte	0x23
 549 0381 11        		.uleb128 0x11
 550 0382 09        		.uleb128 0x9
 551 0383 0000 0000 		.long	.LASF53
 552 0387 09        		.byte	0x9
 553 0388 33        		.byte	0x33
 554 0389 1C        		.byte	0x1c
 555 038a 2400 0000 		.long	0x24
 556 038e 02        		.byte	0x2
 557 038f 23        		.byte	0x23
 558 0390 21        		.uleb128 0x21
 559 0391 09        		.uleb128 0x9
 560 0392 0000 0000 		.long	.LASF54
 561 0396 09        		.byte	0x9
 562 0397 34        		.byte	0x34
 563 0398 1C        		.byte	0x1c
 564 0399 4003 0000 		.long	0x340
 565 039d 02        		.byte	0x2
 566 039e 23        		.byte	0x23
 567 039f 22        		.uleb128 0x22
 568 03a0 00        		.byte	0
 569 03a1 0A        		.uleb128 0xa
 570 03a2 2400 0000 		.long	0x24
 571 03a6 B103 0000 		.long	0x3b1
 572 03aa 0B        		.uleb128 0xb
 573 03ab 5400 0000 		.long	0x54
 574 03af 0F        		.byte	0xf
 575 03b0 00        		.byte	0
 576 03b1 0A        		.uleb128 0xa
 577 03b2 4300 0000 		.long	0x43
 578 03b6 C103 0000 		.long	0x3c1
 579 03ba 0B        		.uleb128 0xb
 580 03bb 5400 0000 		.long	0x54
 581 03bf 07        		.byte	0x7
 582 03c0 00        		.byte	0
 583 03c1 03        		.uleb128 0x3
 584 03c2 0000 0000 		.long	.LASF55
 585 03c6 09        		.byte	0x9
 586 03c7 35        		.byte	0x35
 587 03c8 03        		.byte	0x3
 588 03c9 4C03 0000 		.long	0x34c
 589 03cd 13        		.uleb128 0x13
 590 03ce 0000 0000 		.long	.LASF59
 591 03d2 07        		.byte	0x7
 592 03d3 01        		.byte	0x1
 593 03d4 3500 0000 		.long	0x35
 594 03d8 09        		.byte	0x9
 595 03d9 3B        		.byte	0x3b
 596 03da 0E        		.byte	0xe
 597 03db F203 0000 		.long	0x3f2
 598 03df 12        		.uleb128 0x12
 599 03e0 0000 0000 		.long	.LASF56
 600 03e4 00        		.byte	0
 601 03e5 12        		.uleb128 0x12
 602 03e6 0000 0000 		.long	.LASF57
 603 03ea 01        		.byte	0x1
 604 03eb 12        		.uleb128 0x12
 605 03ec 0000 0000 		.long	.LASF58
 606 03f0 02        		.byte	0x2
 607 03f1 00        		.byte	0
 608 03f2 03        		.uleb128 0x3
 609 03f3 0000 0000 		.long	.LASF59
 610 03f7 09        		.byte	0x9
 611 03f8 3F        		.byte	0x3f
 612 03f9 03        		.byte	0x3
 613 03fa CD03 0000 		.long	0x3cd
 614 03fe 08        		.uleb128 0x8
 615 03ff 06        		.byte	0x6
 616 0400 09        		.byte	0x9
 617 0401 41        		.byte	0x41
 618 0402 09        		.byte	0x9
 619 0403 5304 0000 		.long	0x453
 620 0407 09        		.uleb128 0x9
 621 0408 0000 0000 		.long	.LASF60
 622 040c 09        		.byte	0x9
 623 040d 42        		.byte	0x42
 624 040e 17        		.byte	0x17
 625 040f 2400 0000 		.long	0x24
 626 0413 02        		.byte	0x2
 627 0414 23        		.byte	0x23
 628 0415 00        		.uleb128 0
 629 0416 09        		.uleb128 0x9
 630 0417 0000 0000 		.long	.LASF61
 631 041b 09        		.byte	0x9
 632 041c 43        		.byte	0x43
 633 041d 17        		.byte	0x17
 634 041e 2400 0000 		.long	0x24
 635 0422 02        		.byte	0x2
 636 0423 23        		.byte	0x23
 637 0424 01        		.uleb128 0x1
 638 0425 09        		.uleb128 0x9
 639 0426 0000 0000 		.long	.LASF62
 640 042a 09        		.byte	0x9
 641 042b 44        		.byte	0x44
 642 042c 17        		.byte	0x17
 643 042d 2400 0000 		.long	0x24
 644 0431 02        		.byte	0x2
 645 0432 23        		.byte	0x23
 646 0433 02        		.uleb128 0x2
 647 0434 09        		.uleb128 0x9
 648 0435 0000 0000 		.long	.LASF63
 649 0439 09        		.byte	0x9
 650 043a 45        		.byte	0x45
 651 043b 17        		.byte	0x17
 652 043c 4300 0000 		.long	0x43
 653 0440 02        		.byte	0x2
 654 0441 23        		.byte	0x23
 655 0442 03        		.uleb128 0x3
 656 0443 09        		.uleb128 0x9
 657 0444 0000 0000 		.long	.LASF64
 658 0448 09        		.byte	0x9
 659 0449 46        		.byte	0x46
 660 044a 17        		.byte	0x17
 661 044b F203 0000 		.long	0x3f2
 662 044f 02        		.byte	0x2
 663 0450 23        		.byte	0x23
 664 0451 05        		.uleb128 0x5
 665 0452 00        		.byte	0
 666 0453 03        		.uleb128 0x3
 667 0454 0000 0000 		.long	.LASF65
 668 0458 09        		.byte	0x9
 669 0459 47        		.byte	0x47
 670 045a 03        		.byte	0x3
 671 045b FE03 0000 		.long	0x3fe
 672 045f 07        		.uleb128 0x7
 673 0460 0000 0000 		.long	.LASF66
 674 0464 09        		.byte	0x9
 675 0465 49        		.byte	0x49
 676 0466 1B        		.byte	0x1b
 677 0467 C103 0000 		.long	0x3c1
 678 046b 01        		.byte	0x1
 679 046c 01        		.byte	0x1
 680 046d 07        		.uleb128 0x7
 681 046e 0000 0000 		.long	.LASF67
 682 0472 09        		.byte	0x9
 683 0473 4C        		.byte	0x4c
 684 0474 1A        		.byte	0x1a
 685 0475 5304 0000 		.long	0x453
 686 0479 01        		.byte	0x1
 687 047a 01        		.byte	0x1
 688 047b 0A        		.uleb128 0xa
 689 047c 4F00 0000 		.long	0x4f
 690 0480 9204 0000 		.long	0x492
 691 0484 14        		.uleb128 0x14
 692 0485 0B        		.uleb128 0xb
 693 0486 5400 0000 		.long	0x54
 694 048a 04        		.byte	0x4
 695 048b 0B        		.uleb128 0xb
 696 048c 5400 0000 		.long	0x54
 697 0490 0F        		.byte	0xf
 698 0491 00        		.byte	0
 699 0492 04        		.uleb128 0x4
 700 0493 7B04 0000 		.long	0x47b
 701 0497 07        		.uleb128 0x7
 702 0498 0000 0000 		.long	.LASF68
 703 049c 0A        		.byte	0xa
 704 049d 37        		.byte	0x37
 705 049e 17        		.byte	0x17
 706 049f 9204 0000 		.long	0x492
 707 04a3 01        		.byte	0x1
 708 04a4 01        		.byte	0x1
 709 04a5 0A        		.uleb128 0xa
 710 04a6 4F00 0000 		.long	0x4f
 711 04aa B004 0000 		.long	0x4b0
 712 04ae 14        		.uleb128 0x14
 713 04af 00        		.byte	0
 714 04b0 04        		.uleb128 0x4
 715 04b1 A504 0000 		.long	0x4a5
 716 04b5 07        		.uleb128 0x7
 717 04b6 0000 0000 		.long	.LASF69
 718 04ba 0A        		.byte	0xa
 719 04bb 38        		.byte	0x38
 720 04bc 17        		.byte	0x17
 721 04bd B004 0000 		.long	0x4b0
 722 04c1 01        		.byte	0x1
 723 04c2 01        		.byte	0x1
 724 04c3 03        		.uleb128 0x3
 725 04c4 0000 0000 		.long	.LASF70
 726 04c8 0B        		.byte	0xb
 727 04c9 27        		.byte	0x27
 728 04ca 12        		.byte	0x12
 729 04cb 6200 0000 		.long	0x62
 730 04cf 07        		.uleb128 0x7
 731 04d0 0000 0000 		.long	.LASF71
 732 04d4 0B        		.byte	0xb
 733 04d5 32        		.byte	0x32
 734 04d6 16        		.byte	0x16
 735 04d7 C304 0000 		.long	0x4c3
 736 04db 01        		.byte	0x1
 737 04dc 01        		.byte	0x1
 738 04dd 07        		.uleb128 0x7
 739 04de 0000 0000 		.long	.LASF72
 740 04e2 0B        		.byte	0xb
 741 04e3 48        		.byte	0x48
 742 04e4 16        		.byte	0x16
 743 04e5 C304 0000 		.long	0x4c3
 744 04e9 01        		.byte	0x1
 745 04ea 01        		.byte	0x1
 746 04eb 07        		.uleb128 0x7
 747 04ec 0000 0000 		.long	.LASF73
 748 04f0 0C        		.byte	0xc
 749 04f1 1B        		.byte	0x1b
 750 04f2 1B        		.byte	0x1b
 751 04f3 2701 0000 		.long	0x127
 752 04f7 01        		.byte	0x1
 753 04f8 01        		.byte	0x1
 754 04f9 0A        		.uleb128 0xa
 755 04fa 3000 0000 		.long	0x30
 756 04fe 0905 0000 		.long	0x509
 757 0502 0B        		.uleb128 0xb
 758 0503 5400 0000 		.long	0x54
 759 0507 0F        		.byte	0xf
 760 0508 00        		.byte	0
 761 0509 04        		.uleb128 0x4
 762 050a F904 0000 		.long	0x4f9
 763 050e 07        		.uleb128 0x7
 764 050f 0000 0000 		.long	.LASF74
 765 0513 0D        		.byte	0xd
 766 0514 1A        		.byte	0x1a
 767 0515 16        		.byte	0x16
 768 0516 0905 0000 		.long	0x509
 769 051a 01        		.byte	0x1
 770 051b 01        		.byte	0x1
 771 051c 07        		.uleb128 0x7
 772 051d 0000 0000 		.long	.LASF75
 773 0521 0D        		.byte	0xd
 774 0522 1B        		.byte	0x1b
 775 0523 16        		.byte	0x16
 776 0524 0905 0000 		.long	0x509
 777 0528 01        		.byte	0x1
 778 0529 01        		.byte	0x1
 779 052a 07        		.uleb128 0x7
 780 052b 0000 0000 		.long	.LASF76
 781 052f 0D        		.byte	0xd
 782 0530 1C        		.byte	0x1c
 783 0531 16        		.byte	0x16
 784 0532 0905 0000 		.long	0x509
 785 0536 01        		.byte	0x1
 786 0537 01        		.byte	0x1
 787 0538 0A        		.uleb128 0xa
 788 0539 3000 0000 		.long	0x30
 789 053d 4805 0000 		.long	0x548
 790 0541 0B        		.uleb128 0xb
 791 0542 5400 0000 		.long	0x54
 792 0546 7F        		.byte	0x7f
 793 0547 00        		.byte	0
 794 0548 04        		.uleb128 0x4
 795 0549 3805 0000 		.long	0x538
 796 054d 07        		.uleb128 0x7
 797 054e 0000 0000 		.long	.LASF77
 798 0552 0D        		.byte	0xd
 799 0553 1D        		.byte	0x1d
 800 0554 16        		.byte	0x16
 801 0555 4805 0000 		.long	0x548
 802 0559 01        		.byte	0x1
 803 055a 01        		.byte	0x1
 804 055b 15        		.uleb128 0x15
 805 055c 0000 0000 		.long	.LASF78
 806 0560 0E        		.byte	0xe
 807 0561 3801      		.word	0x138
 808 0563 0F        		.byte	0xf
 809 0564 8800 0000 		.long	0x88
 810 0568 01        		.byte	0x1
 811 0569 01        		.byte	0x1
 812 056a 15        		.uleb128 0x15
 813 056b 0000 0000 		.long	.LASF79
 814 056f 0E        		.byte	0xe
 815 0570 3D01      		.word	0x13d
 816 0572 0E        		.byte	0xe
 817 0573 7905 0000 		.long	0x579
 818 0577 01        		.byte	0x1
 819 0578 01        		.byte	0x1
 820 0579 0F        		.uleb128 0xf
 821 057a 02        		.byte	0x2
 822 057b 7F05 0000 		.long	0x57f
 823 057f 02        		.uleb128 0x2
 824 0580 01        		.byte	0x1
 825 0581 08        		.byte	0x8
 826 0582 0000 0000 		.long	.LASF80
 827 0586 15        		.uleb128 0x15
 828 0587 0000 0000 		.long	.LASF81
 829 058b 0E        		.byte	0xe
 830 058c 4201      		.word	0x142
 831 058e 0E        		.byte	0xe
 832 058f 7905 0000 		.long	0x579
 833 0593 01        		.byte	0x1
 834 0594 01        		.byte	0x1
 835 0595 16        		.uleb128 0x16
 836 0596 01        		.byte	0x1
 837 0597 0000 0000 		.long	.LASF82
 838 059b 0F        		.byte	0xf
 839 059c 42        		.byte	0x42
 840 059d 06        		.byte	0x6
 841 059e 01        		.byte	0x1
 842 059f 17        		.uleb128 0x17
 843 05a0 01        		.byte	0x1
 844 05a1 0000 0000 		.long	.LASF86
 845 05a5 0F        		.byte	0xf
 846 05a6 22        		.byte	0x22
 847 05a7 1C        		.byte	0x1c
 848 05a8 01        		.byte	0x1
 849 05a9 C605 0000 		.long	0x5c6
 850 05ad 18        		.uleb128 0x18
 851 05ae 726F 7700 		.string	"row"
 852 05b2 0F        		.byte	0xf
 853 05b3 30        		.byte	0x30
 854 05b4 0D        		.byte	0xd
 855 05b5 2400 0000 		.long	0x24
 856 05b9 18        		.uleb128 0x18
 857 05ba 636F 6C00 		.string	"col"
 858 05be 0F        		.byte	0xf
 859 05bf 31        		.byte	0x31
 860 05c0 0D        		.byte	0xd
 861 05c1 2400 0000 		.long	0x24
 862 05c5 00        		.byte	0
 863 05c6 16        		.uleb128 0x16
 864 05c7 01        		.byte	0x1
 865 05c8 0000 0000 		.long	.LASF83
 866 05cc 0F        		.byte	0xf
 867 05cd 16        		.byte	0x16
 868 05ce 1C        		.byte	0x1c
 869 05cf 01        		.byte	0x1
 870 05d0 19        		.uleb128 0x19
 871 05d1 0000 0000 		.long	.LASF92
 872 05d5 10        		.byte	0x10
 873 05d6 A6        		.byte	0xa6
 874 05d7 01        		.byte	0x1
 875 05d8 01        		.byte	0x1
 876 05d9 1306 0000 		.long	0x613
 877 05dd 1A        		.uleb128 0x1a
 878 05de 0000 0000 		.long	.LASF93
 879 05e2 10        		.byte	0x10
 880 05e3 A6        		.byte	0xa6
 881 05e4 12        		.byte	0x12
 882 05e5 1306 0000 		.long	0x613
 883 05e9 1B        		.uleb128 0x1b
 884 05ea 0000 0000 		.long	.LASF84
 885 05ee 10        		.byte	0x10
 886 05ef A8        		.byte	0xa8
 887 05f0 09        		.byte	0x9
 888 05f1 1306 0000 		.long	0x613
 889 05f5 1B        		.uleb128 0x1b
 890 05f6 0000 0000 		.long	.LASF85
 891 05fa 10        		.byte	0x10
 892 05fb AC        		.byte	0xac
 893 05fc 0B        		.byte	0xb
 894 05fd 6200 0000 		.long	0x62
 895 0601 1C        		.uleb128 0x1c
 896 0602 01        		.byte	0x1
 897 0603 0000 0000 		.long	.LASF87
 898 0607 10        		.byte	0x10
 899 0608 AD        		.byte	0xad
 900 0609 0E        		.byte	0xe
 901 060a 01        		.byte	0x1
 902 060b 01        		.byte	0x1
 903 060c 1D        		.uleb128 0x1d
 904 060d 7300 0000 		.long	0x73
 905 0611 00        		.byte	0
 906 0612 00        		.byte	0
 907 0613 02        		.uleb128 0x2
 908 0614 04        		.byte	0x4
 909 0615 04        		.byte	0x4
 910 0616 0000 0000 		.long	.LASF88
 911 061a 00        		.byte	0
 912               		.section	.gnu.debuglto_.debug_abbrev,"",@progbits
 913               	.Ldebug_abbrev0:
 914 0000 01        		.uleb128 0x1
 915 0001 11        		.uleb128 0x11
 916 0002 01        		.byte	0x1
 917 0003 25        		.uleb128 0x25
 918 0004 0E        		.uleb128 0xe
 919 0005 13        		.uleb128 0x13
 920 0006 0B        		.uleb128 0xb
 921 0007 03        		.uleb128 0x3
 922 0008 0E        		.uleb128 0xe
 923 0009 1B        		.uleb128 0x1b
 924 000a 0E        		.uleb128 0xe
 925 000b 10        		.uleb128 0x10
 926 000c 06        		.uleb128 0x6
 927 000d 00        		.byte	0
 928 000e 00        		.byte	0
 929 000f 02        		.uleb128 0x2
 930 0010 24        		.uleb128 0x24
 931 0011 00        		.byte	0
 932 0012 0B        		.uleb128 0xb
 933 0013 0B        		.uleb128 0xb
 934 0014 3E        		.uleb128 0x3e
 935 0015 0B        		.uleb128 0xb
 936 0016 03        		.uleb128 0x3
 937 0017 0E        		.uleb128 0xe
 938 0018 00        		.byte	0
 939 0019 00        		.byte	0
 940 001a 03        		.uleb128 0x3
 941 001b 16        		.uleb128 0x16
 942 001c 00        		.byte	0
 943 001d 03        		.uleb128 0x3
 944 001e 0E        		.uleb128 0xe
 945 001f 3A        		.uleb128 0x3a
 946 0020 0B        		.uleb128 0xb
 947 0021 3B        		.uleb128 0x3b
 948 0022 0B        		.uleb128 0xb
 949 0023 39        		.uleb128 0x39
 950 0024 0B        		.uleb128 0xb
 951 0025 49        		.uleb128 0x49
 952 0026 13        		.uleb128 0x13
 953 0027 00        		.byte	0
 954 0028 00        		.byte	0
 955 0029 04        		.uleb128 0x4
 956 002a 26        		.uleb128 0x26
 957 002b 00        		.byte	0
 958 002c 49        		.uleb128 0x49
 959 002d 13        		.uleb128 0x13
 960 002e 00        		.byte	0
 961 002f 00        		.byte	0
 962 0030 05        		.uleb128 0x5
 963 0031 24        		.uleb128 0x24
 964 0032 00        		.byte	0
 965 0033 0B        		.uleb128 0xb
 966 0034 0B        		.uleb128 0xb
 967 0035 3E        		.uleb128 0x3e
 968 0036 0B        		.uleb128 0xb
 969 0037 03        		.uleb128 0x3
 970 0038 08        		.uleb128 0x8
 971 0039 00        		.byte	0
 972 003a 00        		.byte	0
 973 003b 06        		.uleb128 0x6
 974 003c 35        		.uleb128 0x35
 975 003d 00        		.byte	0
 976 003e 49        		.uleb128 0x49
 977 003f 13        		.uleb128 0x13
 978 0040 00        		.byte	0
 979 0041 00        		.byte	0
 980 0042 07        		.uleb128 0x7
 981 0043 34        		.uleb128 0x34
 982 0044 00        		.byte	0
 983 0045 03        		.uleb128 0x3
 984 0046 0E        		.uleb128 0xe
 985 0047 3A        		.uleb128 0x3a
 986 0048 0B        		.uleb128 0xb
 987 0049 3B        		.uleb128 0x3b
 988 004a 0B        		.uleb128 0xb
 989 004b 39        		.uleb128 0x39
 990 004c 0B        		.uleb128 0xb
 991 004d 49        		.uleb128 0x49
 992 004e 13        		.uleb128 0x13
 993 004f 3F        		.uleb128 0x3f
 994 0050 0C        		.uleb128 0xc
 995 0051 3C        		.uleb128 0x3c
 996 0052 0C        		.uleb128 0xc
 997 0053 00        		.byte	0
 998 0054 00        		.byte	0
 999 0055 08        		.uleb128 0x8
 1000 0056 13        		.uleb128 0x13
 1001 0057 01        		.byte	0x1
 1002 0058 0B        		.uleb128 0xb
 1003 0059 0B        		.uleb128 0xb
 1004 005a 3A        		.uleb128 0x3a
 1005 005b 0B        		.uleb128 0xb
 1006 005c 3B        		.uleb128 0x3b
 1007 005d 0B        		.uleb128 0xb
 1008 005e 39        		.uleb128 0x39
 1009 005f 0B        		.uleb128 0xb
 1010 0060 01        		.uleb128 0x1
 1011 0061 13        		.uleb128 0x13
 1012 0062 00        		.byte	0
 1013 0063 00        		.byte	0
 1014 0064 09        		.uleb128 0x9
 1015 0065 0D        		.uleb128 0xd
 1016 0066 00        		.byte	0
 1017 0067 03        		.uleb128 0x3
 1018 0068 0E        		.uleb128 0xe
 1019 0069 3A        		.uleb128 0x3a
 1020 006a 0B        		.uleb128 0xb
 1021 006b 3B        		.uleb128 0x3b
 1022 006c 0B        		.uleb128 0xb
 1023 006d 39        		.uleb128 0x39
 1024 006e 0B        		.uleb128 0xb
 1025 006f 49        		.uleb128 0x49
 1026 0070 13        		.uleb128 0x13
 1027 0071 38        		.uleb128 0x38
 1028 0072 0A        		.uleb128 0xa
 1029 0073 00        		.byte	0
 1030 0074 00        		.byte	0
 1031 0075 0A        		.uleb128 0xa
 1032 0076 01        		.uleb128 0x1
 1033 0077 01        		.byte	0x1
 1034 0078 49        		.uleb128 0x49
 1035 0079 13        		.uleb128 0x13
 1036 007a 01        		.uleb128 0x1
 1037 007b 13        		.uleb128 0x13
 1038 007c 00        		.byte	0
 1039 007d 00        		.byte	0
 1040 007e 0B        		.uleb128 0xb
 1041 007f 21        		.uleb128 0x21
 1042 0080 00        		.byte	0
 1043 0081 49        		.uleb128 0x49
 1044 0082 13        		.uleb128 0x13
 1045 0083 2F        		.uleb128 0x2f
 1046 0084 0B        		.uleb128 0xb
 1047 0085 00        		.byte	0
 1048 0086 00        		.byte	0
 1049 0087 0C        		.uleb128 0xc
 1050 0088 17        		.uleb128 0x17
 1051 0089 01        		.byte	0x1
 1052 008a 0B        		.uleb128 0xb
 1053 008b 0B        		.uleb128 0xb
 1054 008c 3A        		.uleb128 0x3a
 1055 008d 0B        		.uleb128 0xb
 1056 008e 3B        		.uleb128 0x3b
 1057 008f 0B        		.uleb128 0xb
 1058 0090 39        		.uleb128 0x39
 1059 0091 0B        		.uleb128 0xb
 1060 0092 01        		.uleb128 0x1
 1061 0093 13        		.uleb128 0x13
 1062 0094 00        		.byte	0
 1063 0095 00        		.byte	0
 1064 0096 0D        		.uleb128 0xd
 1065 0097 0D        		.uleb128 0xd
 1066 0098 00        		.byte	0
 1067 0099 03        		.uleb128 0x3
 1068 009a 08        		.uleb128 0x8
 1069 009b 3A        		.uleb128 0x3a
 1070 009c 0B        		.uleb128 0xb
 1071 009d 3B        		.uleb128 0x3b
 1072 009e 0B        		.uleb128 0xb
 1073 009f 39        		.uleb128 0x39
 1074 00a0 0B        		.uleb128 0xb
 1075 00a1 49        		.uleb128 0x49
 1076 00a2 13        		.uleb128 0x13
 1077 00a3 00        		.byte	0
 1078 00a4 00        		.byte	0
 1079 00a5 0E        		.uleb128 0xe
 1080 00a6 0D        		.uleb128 0xd
 1081 00a7 00        		.byte	0
 1082 00a8 49        		.uleb128 0x49
 1083 00a9 13        		.uleb128 0x13
 1084 00aa 00        		.byte	0
 1085 00ab 00        		.byte	0
 1086 00ac 0F        		.uleb128 0xf
 1087 00ad 0F        		.uleb128 0xf
 1088 00ae 00        		.byte	0
 1089 00af 0B        		.uleb128 0xb
 1090 00b0 0B        		.uleb128 0xb
 1091 00b1 49        		.uleb128 0x49
 1092 00b2 13        		.uleb128 0x13
 1093 00b3 00        		.byte	0
 1094 00b4 00        		.byte	0
 1095 00b5 10        		.uleb128 0x10
 1096 00b6 0D        		.uleb128 0xd
 1097 00b7 00        		.byte	0
 1098 00b8 03        		.uleb128 0x3
 1099 00b9 0E        		.uleb128 0xe
 1100 00ba 3A        		.uleb128 0x3a
 1101 00bb 0B        		.uleb128 0xb
 1102 00bc 3B        		.uleb128 0x3b
 1103 00bd 0B        		.uleb128 0xb
 1104 00be 39        		.uleb128 0x39
 1105 00bf 0B        		.uleb128 0xb
 1106 00c0 49        		.uleb128 0x49
 1107 00c1 13        		.uleb128 0x13
 1108 00c2 0B        		.uleb128 0xb
 1109 00c3 0B        		.uleb128 0xb
 1110 00c4 0D        		.uleb128 0xd
 1111 00c5 0B        		.uleb128 0xb
 1112 00c6 0C        		.uleb128 0xc
 1113 00c7 0B        		.uleb128 0xb
 1114 00c8 38        		.uleb128 0x38
 1115 00c9 0A        		.uleb128 0xa
 1116 00ca 00        		.byte	0
 1117 00cb 00        		.byte	0
 1118 00cc 11        		.uleb128 0x11
 1119 00cd 04        		.uleb128 0x4
 1120 00ce 01        		.byte	0x1
 1121 00cf 3E        		.uleb128 0x3e
 1122 00d0 0B        		.uleb128 0xb
 1123 00d1 0B        		.uleb128 0xb
 1124 00d2 0B        		.uleb128 0xb
 1125 00d3 49        		.uleb128 0x49
 1126 00d4 13        		.uleb128 0x13
 1127 00d5 3A        		.uleb128 0x3a
 1128 00d6 0B        		.uleb128 0xb
 1129 00d7 3B        		.uleb128 0x3b
 1130 00d8 0B        		.uleb128 0xb
 1131 00d9 39        		.uleb128 0x39
 1132 00da 0B        		.uleb128 0xb
 1133 00db 01        		.uleb128 0x1
 1134 00dc 13        		.uleb128 0x13
 1135 00dd 00        		.byte	0
 1136 00de 00        		.byte	0
 1137 00df 12        		.uleb128 0x12
 1138 00e0 28        		.uleb128 0x28
 1139 00e1 00        		.byte	0
 1140 00e2 03        		.uleb128 0x3
 1141 00e3 0E        		.uleb128 0xe
 1142 00e4 1C        		.uleb128 0x1c
 1143 00e5 0B        		.uleb128 0xb
 1144 00e6 00        		.byte	0
 1145 00e7 00        		.byte	0
 1146 00e8 13        		.uleb128 0x13
 1147 00e9 04        		.uleb128 0x4
 1148 00ea 01        		.byte	0x1
 1149 00eb 03        		.uleb128 0x3
 1150 00ec 0E        		.uleb128 0xe
 1151 00ed 3E        		.uleb128 0x3e
 1152 00ee 0B        		.uleb128 0xb
 1153 00ef 0B        		.uleb128 0xb
 1154 00f0 0B        		.uleb128 0xb
 1155 00f1 49        		.uleb128 0x49
 1156 00f2 13        		.uleb128 0x13
 1157 00f3 3A        		.uleb128 0x3a
 1158 00f4 0B        		.uleb128 0xb
 1159 00f5 3B        		.uleb128 0x3b
 1160 00f6 0B        		.uleb128 0xb
 1161 00f7 39        		.uleb128 0x39
 1162 00f8 0B        		.uleb128 0xb
 1163 00f9 01        		.uleb128 0x1
 1164 00fa 13        		.uleb128 0x13
 1165 00fb 00        		.byte	0
 1166 00fc 00        		.byte	0
 1167 00fd 14        		.uleb128 0x14
 1168 00fe 21        		.uleb128 0x21
 1169 00ff 00        		.byte	0
 1170 0100 00        		.byte	0
 1171 0101 00        		.byte	0
 1172 0102 15        		.uleb128 0x15
 1173 0103 34        		.uleb128 0x34
 1174 0104 00        		.byte	0
 1175 0105 03        		.uleb128 0x3
 1176 0106 0E        		.uleb128 0xe
 1177 0107 3A        		.uleb128 0x3a
 1178 0108 0B        		.uleb128 0xb
 1179 0109 3B        		.uleb128 0x3b
 1180 010a 05        		.uleb128 0x5
 1181 010b 39        		.uleb128 0x39
 1182 010c 0B        		.uleb128 0xb
 1183 010d 49        		.uleb128 0x49
 1184 010e 13        		.uleb128 0x13
 1185 010f 3F        		.uleb128 0x3f
 1186 0110 0C        		.uleb128 0xc
 1187 0111 3C        		.uleb128 0x3c
 1188 0112 0C        		.uleb128 0xc
 1189 0113 00        		.byte	0
 1190 0114 00        		.byte	0
 1191 0115 16        		.uleb128 0x16
 1192 0116 2E        		.uleb128 0x2e
 1193 0117 00        		.byte	0
 1194 0118 3F        		.uleb128 0x3f
 1195 0119 0C        		.uleb128 0xc
 1196 011a 03        		.uleb128 0x3
 1197 011b 0E        		.uleb128 0xe
 1198 011c 3A        		.uleb128 0x3a
 1199 011d 0B        		.uleb128 0xb
 1200 011e 3B        		.uleb128 0x3b
 1201 011f 0B        		.uleb128 0xb
 1202 0120 39        		.uleb128 0x39
 1203 0121 0B        		.uleb128 0xb
 1204 0122 27        		.uleb128 0x27
 1205 0123 0C        		.uleb128 0xc
 1206 0124 00        		.byte	0
 1207 0125 00        		.byte	0
 1208 0126 17        		.uleb128 0x17
 1209 0127 2E        		.uleb128 0x2e
 1210 0128 01        		.byte	0x1
 1211 0129 3F        		.uleb128 0x3f
 1212 012a 0C        		.uleb128 0xc
 1213 012b 03        		.uleb128 0x3
 1214 012c 0E        		.uleb128 0xe
 1215 012d 3A        		.uleb128 0x3a
 1216 012e 0B        		.uleb128 0xb
 1217 012f 3B        		.uleb128 0x3b
 1218 0130 0B        		.uleb128 0xb
 1219 0131 39        		.uleb128 0x39
 1220 0132 0B        		.uleb128 0xb
 1221 0133 27        		.uleb128 0x27
 1222 0134 0C        		.uleb128 0xc
 1223 0135 01        		.uleb128 0x1
 1224 0136 13        		.uleb128 0x13
 1225 0137 00        		.byte	0
 1226 0138 00        		.byte	0
 1227 0139 18        		.uleb128 0x18
 1228 013a 34        		.uleb128 0x34
 1229 013b 00        		.byte	0
 1230 013c 03        		.uleb128 0x3
 1231 013d 08        		.uleb128 0x8
 1232 013e 3A        		.uleb128 0x3a
 1233 013f 0B        		.uleb128 0xb
 1234 0140 3B        		.uleb128 0x3b
 1235 0141 0B        		.uleb128 0xb
 1236 0142 39        		.uleb128 0x39
 1237 0143 0B        		.uleb128 0xb
 1238 0144 49        		.uleb128 0x49
 1239 0145 13        		.uleb128 0x13
 1240 0146 00        		.byte	0
 1241 0147 00        		.byte	0
 1242 0148 19        		.uleb128 0x19
 1243 0149 2E        		.uleb128 0x2e
 1244 014a 01        		.byte	0x1
 1245 014b 03        		.uleb128 0x3
 1246 014c 0E        		.uleb128 0xe
 1247 014d 3A        		.uleb128 0x3a
 1248 014e 0B        		.uleb128 0xb
 1249 014f 3B        		.uleb128 0x3b
 1250 0150 0B        		.uleb128 0xb
 1251 0151 39        		.uleb128 0x39
 1252 0152 0B        		.uleb128 0xb
 1253 0153 27        		.uleb128 0x27
 1254 0154 0C        		.uleb128 0xc
 1255 0155 01        		.uleb128 0x1
 1256 0156 13        		.uleb128 0x13
 1257 0157 00        		.byte	0
 1258 0158 00        		.byte	0
 1259 0159 1A        		.uleb128 0x1a
 1260 015a 05        		.uleb128 0x5
 1261 015b 00        		.byte	0
 1262 015c 03        		.uleb128 0x3
 1263 015d 0E        		.uleb128 0xe
 1264 015e 3A        		.uleb128 0x3a
 1265 015f 0B        		.uleb128 0xb
 1266 0160 3B        		.uleb128 0x3b
 1267 0161 0B        		.uleb128 0xb
 1268 0162 39        		.uleb128 0x39
 1269 0163 0B        		.uleb128 0xb
 1270 0164 49        		.uleb128 0x49
 1271 0165 13        		.uleb128 0x13
 1272 0166 00        		.byte	0
 1273 0167 00        		.byte	0
 1274 0168 1B        		.uleb128 0x1b
 1275 0169 34        		.uleb128 0x34
 1276 016a 00        		.byte	0
 1277 016b 03        		.uleb128 0x3
 1278 016c 0E        		.uleb128 0xe
 1279 016d 3A        		.uleb128 0x3a
 1280 016e 0B        		.uleb128 0xb
 1281 016f 3B        		.uleb128 0x3b
 1282 0170 0B        		.uleb128 0xb
 1283 0171 39        		.uleb128 0x39
 1284 0172 0B        		.uleb128 0xb
 1285 0173 49        		.uleb128 0x49
 1286 0174 13        		.uleb128 0x13
 1287 0175 00        		.byte	0
 1288 0176 00        		.byte	0
 1289 0177 1C        		.uleb128 0x1c
 1290 0178 2E        		.uleb128 0x2e
 1291 0179 01        		.byte	0x1
 1292 017a 3F        		.uleb128 0x3f
 1293 017b 0C        		.uleb128 0xc
 1294 017c 03        		.uleb128 0x3
 1295 017d 0E        		.uleb128 0xe
 1296 017e 3A        		.uleb128 0x3a
 1297 017f 0B        		.uleb128 0xb
 1298 0180 3B        		.uleb128 0x3b
 1299 0181 0B        		.uleb128 0xb
 1300 0182 39        		.uleb128 0x39
 1301 0183 0B        		.uleb128 0xb
 1302 0184 27        		.uleb128 0x27
 1303 0185 0C        		.uleb128 0xc
 1304 0186 3C        		.uleb128 0x3c
 1305 0187 0C        		.uleb128 0xc
 1306 0188 00        		.byte	0
 1307 0189 00        		.byte	0
 1308 018a 1D        		.uleb128 0x1d
 1309 018b 05        		.uleb128 0x5
 1310 018c 00        		.byte	0
 1311 018d 49        		.uleb128 0x49
 1312 018e 13        		.uleb128 0x13
 1313 018f 00        		.byte	0
 1314 0190 00        		.byte	0
 1315 0191 00        		.byte	0
 1316               		.section	.gnu.debuglto_.debug_line,"",@progbits
 1317               	.Ldebug_line0:
 1318 0000 C501 0000 		.long	.LELT0-.LSLT0
 1319               	.LSLT0:
 1320 0004 0200      		.word	0x2
 1321 0006 BF01 0000 		.long	.LELTP0-.LASLTP0
 1322               	.LASLTP0:
 1323 000a 01        		.byte	0x1
 1324 000b 01        		.byte	0x1
 1325 000c F6        		.byte	0xf6
 1326 000d F2        		.byte	0xf2
 1327 000e 0D        		.byte	0xd
 1328 000f 00        		.byte	0
 1329 0010 01        		.byte	0x1
 1330 0011 01        		.byte	0x1
 1331 0012 01        		.byte	0x1
 1332 0013 01        		.byte	0x1
 1333 0014 00        		.byte	0
 1334 0015 00        		.byte	0
 1335 0016 00        		.byte	0
 1336 0017 01        		.byte	0x1
 1337 0018 00        		.byte	0
 1338 0019 00        		.byte	0
 1339 001a 01        		.byte	0x1
 1340 001b 653A 5C67 		.ascii	"e:\\game\\msys2\\mingw64\\avr\\include"
 1340      616D 655C 
 1340      6D73 7973 
 1340      325C 6D69 
 1340      6E67 7736 
 1341 003c 00        		.byte	0
 1342 003d 653A 5C67 		.ascii	"e:\\game\\msys2\\mingw64\\avr\\include\\util"
 1342      616D 655C 
 1342      6D73 7973 
 1342      325C 6D69 
 1342      6E67 7736 
 1343 0063 00        		.byte	0
 1344 0064 653A 5C67 		.ascii	"e:\\game\\msys2\\mingw64\\lib\\gcc\\avr\\8.4.0\\include"
 1344      616D 655C 
 1344      6D73 7973 
 1344      325C 6D69 
 1344      6E67 7736 
 1345 0093 00        		.byte	0
 1346 0094 746D 6B5F 		.ascii	"tmk_core/common"
 1346      636F 7265 
 1346      2F63 6F6D 
 1346      6D6F 6E
 1347 00a3 00        		.byte	0
 1348 00a4 7175 616E 		.ascii	"quantum"
 1348      7475 6D
 1349 00ab 00        		.byte	0
 1350 00ac 7175 616E 		.ascii	"quantum/bootmagic"
 1350      7475 6D2F 
 1350      626F 6F74 
 1350      6D61 6769 
 1350      63
 1351 00bd 00        		.byte	0
 1352 00be 7175 616E 		.ascii	"quantum/sequencer"
 1352      7475 6D2F 
 1352      7365 7175 
 1352      656E 6365 
 1352      72
 1353 00cf 00        		.byte	0
 1354 00d0 00        		.byte	0
 1355 00d1 7374 6469 		.string	"stdint.h"
 1355      6E74 2E68 
 1355      00
 1356 00da 01        		.uleb128 0x1
 1357 00db 00        		.uleb128 0
 1358 00dc 00        		.uleb128 0
 1359 00dd 7374 6464 		.string	"stddef.h"
 1359      6566 2E68 
 1359      00
 1360 00e6 03        		.uleb128 0x3
 1361 00e7 00        		.uleb128 0
 1362 00e8 00        		.uleb128 0
 1363 00e9 7265 706F 		.string	"report.h"
 1363      7274 2E68 
 1363      00
 1364 00f2 04        		.uleb128 0x4
 1365 00f3 00        		.uleb128 0
 1366 00f4 00        		.uleb128 0
 1367 00f5 6163 7469 		.string	"action.h"
 1367      6F6E 2E68 
 1367      00
 1368 00fe 04        		.uleb128 0x4
 1369 00ff 00        		.uleb128 0
 1370 0100 00        		.uleb128 0
 1371 0101 686F 7374 		.string	"host.h"
 1371      2E68 00
 1372 0108 04        		.uleb128 0x4
 1373 0109 00        		.uleb128 0
 1374 010a 00        		.uleb128 0
 1375 010b 6465 6275 		.string	"debug.h"
 1375      672E 6800 
 1376 0113 04        		.uleb128 0x4
 1377 0114 00        		.uleb128 0
 1378 0115 00        		.uleb128 0
 1379 0116 6B65 7963 		.string	"keycode_config.h"
 1379      6F64 655F 
 1379      636F 6E66 
 1379      6967 2E68 
 1379      00
 1380 0127 05        		.uleb128 0x5
 1381 0128 00        		.uleb128 0
 1382 0129 00        		.uleb128 0
 1383 012a 7469 6D65 		.string	"timer.h"
 1383      722E 6800 
 1384 0132 04        		.uleb128 0x4
 1385 0133 00        		.uleb128 0
 1386 0134 00        		.uleb128 0
 1387 0135 7365 7175 		.string	"sequencer/sequencer.h"
 1387      656E 6365 
 1387      722F 7365 
 1387      7175 656E 
 1387      6365 722E 
 1388 014b 05        		.uleb128 0x5
 1389 014c 00        		.uleb128 0
 1390 014d 00        		.uleb128 0
 1391 014e 6B65 796D 		.string	"keymap.h"
 1391      6170 2E68 
 1391      00
 1392 0157 05        		.uleb128 0x5
 1393 0158 00        		.uleb128 0
 1394 0159 00        		.uleb128 0
 1395 015a 6163 7469 		.string	"action_layer.h"
 1395      6F6E 5F6C 
 1395      6179 6572 
 1395      2E68 00
 1396 0169 04        		.uleb128 0x4
 1397 016a 00        		.uleb128 0
 1398 016b 00        		.uleb128 0
 1399 016c 6163 7469 		.string	"action_util.h"
 1399      6F6E 5F75 
 1399      7469 6C2E 
 1399      6800 
 1400 017a 04        		.uleb128 0x4
 1401 017b 00        		.uleb128 0
 1402 017c 00        		.uleb128 0
 1403 017d 7365 6E64 		.string	"send_string.h"
 1403      5F73 7472 
 1403      696E 672E 
 1403      6800 
 1404 018b 05        		.uleb128 0x5
 1405 018c 00        		.uleb128 0
 1406 018d 00        		.uleb128 0
 1407 018e 7374 646C 		.string	"stdlib.h"
 1407      6962 2E68 
 1407      00
 1408 0197 01        		.uleb128 0x1
 1409 0198 00        		.uleb128 0
 1410 0199 00        		.uleb128 0
 1411 019a 626F 6F74 		.string	"bootmagic/bootmagic_lite.c"
 1411      6D61 6769 
 1411      632F 626F 
 1411      6F74 6D61 
 1411      6769 635F 
 1412 01b5 05        		.uleb128 0x5
 1413 01b6 00        		.uleb128 0
 1414 01b7 00        		.uleb128 0
 1415 01b8 7574 696C 		.string	"util\\delay.h"
 1415      5C64 656C 
 1415      6179 2E68 
 1415      00
 1416 01c5 01        		.uleb128 0x1
 1417 01c6 00        		.uleb128 0
 1418 01c7 00        		.uleb128 0
 1419 01c8 00        		.byte	0
 1420               	.LELTP0:
 1421               	.LELT0:
 1422               		.section	.gnu.debuglto_.debug_str,"MS",@progbits,1
 1423               	.LASF93:
 1424 0000 5F5F 6D73 		.string	"__ms"
 1424      00
 1425               	.LASF19:
 1426 0005 656E 6162 		.string	"enable"
 1426      6C65 00
 1427               	.LASF78:
 1428 000c 5F5F 6D61 		.string	"__malloc_margin"
 1428      6C6C 6F63 
 1428      5F6D 6172 
 1428      6769 6E00 
 1429               	.LASF87:
 1430 001c 5F5F 6275 		.string	"__builtin_avr_delay_cycles"
 1430      696C 7469 
 1430      6E5F 6176 
 1430      725F 6465 
 1430      6C61 795F 
 1431               	.LASF10:
 1432 0037 7369 7A65 		.string	"size_t"
 1432      5F74 00
 1433               	.LASF79:
 1434 003e 5F5F 6D61 		.string	"__malloc_heap_start"
 1434      6C6C 6F63 
 1434      5F68 6561 
 1434      705F 7374 
 1434      6172 7400 
 1435               	.LASF59:
 1436 0052 7365 7175 		.string	"sequencer_phase_t"
 1436      656E 6365 
 1436      725F 7068 
 1436      6173 655F 
 1436      7400 
 1437               	.LASF53:
 1438 0064 7465 6D70 		.string	"tempo"
 1438      6F00 
 1439               	.LASF64:
 1440 006a 7068 6173 		.string	"phase"
 1440      6500 
 1441               	.LASF8:
 1442 0070 6C6F 6E67 		.string	"long long int"
 1442      206C 6F6E 
 1442      6720 696E 
 1442      7400 
 1443               	.LASF23:
 1444 007e 6465 6275 		.string	"debug_config_t"
 1444      675F 636F 
 1444      6E66 6967 
 1444      5F74 00
 1445               	.LASF35:
 1446 008d 6F6E 6573 		.string	"oneshot_disable"
 1446      686F 745F 
 1446      6469 7361 
 1446      626C 6500 
 1447               	.LASF70:
 1448 009d 6C61 7965 		.string	"layer_state_t"
 1448      725F 7374 
 1448      6174 655F 
 1448      7400 
 1449               	.LASF38:
 1450 00ab 7469 6D65 		.string	"timer_count"
 1450      725F 636F 
 1450      756E 7400 
 1451               	.LASF90:
 1452 00b7 7175 616E 		.string	"quantum/bootmagic/bootmagic_lite.c"
 1452      7475 6D2F 
 1452      626F 6F74 
 1452      6D61 6769 
 1452      632F 626F 
 1453               	.LASF89:
 1454 00da 474E 5520 		.string	"GNU C99 8.4.0 -mn-flash=1 -mno-skip-bug -mmcu=avr5 -gdwarf-2 -Os -std=gnu99 -funsigned-ch
 1454      4339 3920 
 1454      382E 342E 
 1454      3020 2D6D 
 1454      6E2D 666C 
 1455               	.LASF2:
 1456 01cb 7569 6E74 		.string	"uint8_t"
 1456      385F 7400 
 1457               	.LASF63:
 1458 01d3 7469 6D65 		.string	"timer"
 1458      7200 
 1459               	.LASF15:
 1460 01d9 7265 706F 		.string	"report_keyboard_t"
 1460      7274 5F6B 
 1460      6579 626F 
 1460      6172 645F 
 1460      7400 
 1461               	.LASF36:
 1462 01eb 6B65 796D 		.string	"keymap_config_t"
 1462      6170 5F63 
 1462      6F6E 6669 
 1462      675F 7400 
 1463               	.LASF60:
 1464 01fb 6163 7469 		.string	"active_tracks"
 1464      7665 5F74 
 1464      7261 636B 
 1464      7300 
 1465               	.LASF61:
 1466 0209 6375 7272 		.string	"current_track"
 1466      656E 745F 
 1466      7472 6163 
 1466      6B00 
 1467               	.LASF75:
 1468 0217 6173 6369 		.string	"ascii_to_altgr_lut"
 1468      695F 746F 
 1468      5F61 6C74 
 1468      6772 5F6C 
 1468      7574 00
 1469               	.LASF48:
 1470 022a 5345 5155 		.string	"SEQUENCER_RESOLUTIONS"
 1470      454E 4345 
 1470      525F 5245 
 1470      534F 4C55 
 1470      5449 4F4E 
 1471               	.LASF27:
 1472 0240 7377 6170 		.string	"swap_lalt_lgui"
 1472      5F6C 616C 
 1472      745F 6C67 
 1472      7569 00
 1473               	.LASF66:
 1474 024f 7365 7175 		.string	"sequencer_config"
 1474      656E 6365 
 1474      725F 636F 
 1474      6E66 6967 
 1474      00
 1475               	.LASF31:
 1476 0260 7377 6170 		.string	"swap_backslash_backspace"
 1476      5F62 6163 
 1476      6B73 6C61 
 1476      7368 5F62 
 1476      6163 6B73 
 1477               	.LASF83:
 1478 0279 626F 6F74 		.string	"bootmagic_lite_reset_eeprom"
 1478      6D61 6769 
 1478      635F 6C69 
 1478      7465 5F72 
 1478      6573 6574 
 1479               	.LASF40:
 1480 0295 5351 5F52 		.string	"SQ_RES_2T"
 1480      4553 5F32 
 1480      5400 
 1481               	.LASF57:
 1482 029f 5345 5155 		.string	"SEQUENCER_PHASE_RELEASE"
 1482      454E 4345 
 1482      525F 5048 
 1482      4153 455F 
 1482      5245 4C45 
 1483               	.LASF91:
 1484 02b7 443A 5C44 		.string	"D:\\Download\\vial-qmk"
 1484      6F77 6E6C 
 1484      6F61 645C 
 1484      7669 616C 
 1484      2D71 6D6B 
 1485               	.LASF5:
 1486 02cc 6C6F 6E67 		.string	"long int"
 1486      2069 6E74 
 1486      00
 1487               	.LASF92:
 1488 02d5 5F64 656C 		.string	"_delay_ms"
 1488      6179 5F6D 
 1488      7300 
 1489               	.LASF30:
 1490 02df 7377 6170 		.string	"swap_grave_esc"
 1490      5F67 7261 
 1490      7665 5F65 
 1490      7363 00
 1491               	.LASF56:
 1492 02ee 5345 5155 		.string	"SEQUENCER_PHASE_ATTACK"
 1492      454E 4345 
 1492      525F 5048 
 1492      4153 455F 
 1492      4154 5441 
 1493               	.LASF26:
 1494 0305 6361 7073 		.string	"capslock_to_control"
 1494      6C6F 636B 
 1494      5F74 6F5F 
 1494      636F 6E74 
 1494      726F 6C00 
 1495               	.LASF46:
 1496 0319 5351 5F52 		.string	"SQ_RES_16T"
 1496      4553 5F31 
 1496      3654 00
 1497               	.LASF47:
 1498 0324 5351 5F52 		.string	"SQ_RES_32"
 1498      4553 5F33 
 1498      3200 
 1499               	.LASF62:
 1500 032e 6375 7272 		.string	"current_step"
 1500      656E 745F 
 1500      7374 6570 
 1500      00
 1501               	.LASF49:
 1502 033b 7365 7175 		.string	"sequencer_resolution_t"
 1502      656E 6365 
 1502      725F 7265 
 1502      736F 6C75 
 1502      7469 6F6E 
 1503               	.LASF14:
 1504 0352 6B65 7973 		.string	"keys"
 1504      00
 1505               	.LASF1:
 1506 0357 756E 7369 		.string	"unsigned char"
 1506      676E 6564 
 1506      2063 6861 
 1506      7200 
 1507               	.LASF17:
 1508 0365 6B65 7962 		.string	"keyboard_idle"
 1508      6F61 7264 
 1508      5F69 646C 
 1508      6500 
 1509               	.LASF84:
 1510 0373 5F5F 746D 		.string	"__tmp"
 1510      7000 
 1511               	.LASF0:
 1512 0379 7369 676E 		.string	"signed char"
 1512      6564 2063 
 1512      6861 7200 
 1513               	.LASF9:
 1514 0385 6C6F 6E67 		.string	"long long unsigned int"
 1514      206C 6F6E 
 1514      6720 756E 
 1514      7369 676E 
 1514      6564 2069 
 1515               	.LASF6:
 1516 039c 7569 6E74 		.string	"uint32_t"
 1516      3332 5F74 
 1516      00
 1517               	.LASF4:
 1518 03a5 756E 7369 		.string	"unsigned int"
 1518      676E 6564 
 1518      2069 6E74 
 1518      00
 1519               	.LASF3:
 1520 03b2 7569 6E74 		.string	"uint16_t"
 1520      3136 5F74 
 1520      00
 1521               	.LASF67:
 1522 03bb 7365 7175 		.string	"sequencer_internal_state"
 1522      656E 6365 
 1522      725F 696E 
 1522      7465 726E 
 1522      616C 5F73 
 1523               	.LASF82:
 1524 03d4 626F 6F74 		.string	"bootmagic"
 1524      6D61 6769 
 1524      6300 
 1525               	.LASF39:
 1526 03de 5351 5F52 		.string	"SQ_RES_2"
 1526      4553 5F32 
 1526      00
 1527               	.LASF22:
 1528 03e7 6D6F 7573 		.string	"mouse"
 1528      6500 
 1529               	.LASF41:
 1530 03ed 5351 5F52 		.string	"SQ_RES_4"
 1530      4553 5F34 
 1530      00
 1531               	.LASF51:
 1532 03f6 7374 6570 		.string	"steps"
 1532      7300 
 1533               	.LASF43:
 1534 03fc 5351 5F52 		.string	"SQ_RES_8"
 1534      4553 5F38 
 1534      00
 1535               	.LASF69:
 1536 0405 666E 5F61 		.string	"fn_actions"
 1536      6374 696F 
 1536      6E73 00
 1537               	.LASF71:
 1538 0410 6465 6661 		.string	"default_layer_state"
 1538      756C 745F 
 1538      6C61 7965 
 1538      725F 7374 
 1538      6174 6500 
 1539               	.LASF80:
 1540 0424 6368 6172 		.string	"char"
 1540      00
 1541               	.LASF18:
 1542 0429 6B65 7962 		.string	"keyboard_protocol"
 1542      6F61 7264 
 1542      5F70 726F 
 1542      746F 636F 
 1542      6C00 
 1543               	.LASF21:
 1544 043b 6B65 7962 		.string	"keyboard"
 1544      6F61 7264 
 1544      00
 1545               	.LASF76:
 1546 0444 6173 6369 		.string	"ascii_to_dead_lut"
 1546      695F 746F 
 1546      5F64 6561 
 1546      645F 6C75 
 1546      7400 
 1547               	.LASF34:
 1548 0456 7377 6170 		.string	"swap_rctl_rgui"
 1548      5F72 6374 
 1548      6C5F 7267 
 1548      7569 00
 1549               	.LASF54:
 1550 0465 7265 736F 		.string	"resolution"
 1550      6C75 7469 
 1550      6F6E 00
 1551               	.LASF58:
 1552 0470 5345 5155 		.string	"SEQUENCER_PHASE_PAUSE"
 1552      454E 4345 
 1552      525F 5048 
 1552      4153 455F 
 1552      5041 5553 
 1553               	.LASF68:
 1554 0486 6B65 796D 		.string	"keymaps"
 1554      6170 7300 
 1555               	.LASF11:
 1556 048e 5F42 6F6F 		.string	"_Bool"
 1556      6C00 
 1557               	.LASF37:
 1558 0494 6B65 796D 		.string	"keymap_config"
 1558      6170 5F63 
 1558      6F6E 6669 
 1558      6700 
 1559               	.LASF16:
 1560 04a2 6469 7361 		.string	"disable_action_cache"
 1560      626C 655F 
 1560      6163 7469 
 1560      6F6E 5F63 
 1560      6163 6865 
 1561               	.LASF7:
 1562 04b7 6C6F 6E67 		.string	"long unsigned int"
 1562      2075 6E73 
 1562      6967 6E65 
 1562      6420 696E 
 1562      7400 
 1563               	.LASF88:
 1564 04c9 646F 7562 		.string	"double"
 1564      6C65 00
 1565               	.LASF28:
 1566 04d0 7377 6170 		.string	"swap_ralt_rgui"
 1566      5F72 616C 
 1566      745F 7267 
 1566      7569 00
 1567               	.LASF74:
 1568 04df 6173 6369 		.string	"ascii_to_shift_lut"
 1568      695F 746F 
 1568      5F73 6869 
 1568      6674 5F6C 
 1568      7574 00
 1569               	.LASF12:
 1570 04f2 6D6F 6473 		.string	"mods"
 1570      00
 1571               	.LASF65:
 1572 04f7 7365 7175 		.string	"sequencer_state_t"
 1572      656E 6365 
 1572      725F 7374 
 1572      6174 655F 
 1572      7400 
 1573               	.LASF55:
 1574 0509 7365 7175 		.string	"sequencer_config_t"
 1574      656E 6365 
 1574      725F 636F 
 1574      6E66 6967 
 1574      5F74 00
 1575               	.LASF50:
 1576 051c 656E 6162 		.string	"enabled"
 1576      6C65 6400 
 1577               	.LASF81:
 1578 0524 5F5F 6D61 		.string	"__malloc_heap_end"
 1578      6C6C 6F63 
 1578      5F68 6561 
 1578      705F 656E 
 1578      6400 
 1579               	.LASF24:
 1580 0536 6465 6275 		.string	"debug_config"
 1580      675F 636F 
 1580      6E66 6967 
 1580      00
 1581               	.LASF29:
 1582 0543 6E6F 5F67 		.string	"no_gui"
 1582      7569 00
 1583               	.LASF42:
 1584 054a 5351 5F52 		.string	"SQ_RES_4T"
 1584      4553 5F34 
 1584      5400 
 1585               	.LASF25:
 1586 0554 7377 6170 		.string	"swap_control_capslock"
 1586      5F63 6F6E 
 1586      7472 6F6C 
 1586      5F63 6170 
 1586      736C 6F63 
 1587               	.LASF85:
 1588 056a 5F5F 7469 		.string	"__ticks_dc"
 1588      636B 735F 
 1588      6463 00
 1589               	.LASF33:
 1590 0575 7377 6170 		.string	"swap_lctl_lgui"
 1590      5F6C 6374 
 1590      6C5F 6C67 
 1590      7569 00
 1591               	.LASF77:
 1592 0584 6173 6369 		.string	"ascii_to_keycode_lut"
 1592      695F 746F 
 1592      5F6B 6579 
 1592      636F 6465 
 1592      5F6C 7574 
 1593               	.LASF44:
 1594 0599 5351 5F52 		.string	"SQ_RES_8T"
 1594      4553 5F38 
 1594      5400 
 1595               	.LASF32:
 1596 05a3 6E6B 726F 		.string	"nkro"
 1596      00
 1597               	.LASF45:
 1598 05a8 5351 5F52 		.string	"SQ_RES_16"
 1598      4553 5F31 
 1598      3600 
 1599               	.LASF73:
 1600 05b2 6B65 7962 		.string	"keyboard_report"
 1600      6F61 7264 
 1600      5F72 6570 
 1600      6F72 7400 
 1601               	.LASF13:
 1602 05c2 7265 7365 		.string	"reserved"
 1602      7276 6564 
 1602      00
 1603               	.LASF72:
 1604 05cb 6C61 7965 		.string	"layer_state"
 1604      725F 7374 
 1604      6174 6500 
 1605               	.LASF20:
 1606 05d7 6D61 7472 		.string	"matrix"
 1606      6978 00
 1607               	.LASF52:
 1608 05de 7472 6163 		.string	"track_notes"
 1608      6B5F 6E6F 
 1608      7465 7300 
 1609               	.LASF86:
 1610 05ea 626F 6F74 		.string	"bootmagic_lite"
 1610      6D61 6769 
 1610      635F 6C69 
 1610      7465 00
 1611               		.text
 1612               		.section	.gnu.lto_.profile.61e5d649,"",@progbits
 1613 0000 789C 6367 		.string	"x\234cg`f`d"
 1613      6066 6064 
 1613      00
 1614 0009 0200      		.string	"\002"
 1615 000b 00        		.string	""
 1616 000c 6200      		.string	"b"
 1617 000e 0C        		.ascii	"\f"
 1618               		.text
 1619               		.section	.gnu.lto_.icf.61e5d649,"",@progbits
 1620 0000 789C 6367 		.string	"x\234cg`f\020a@"
 1620      6066 1061 
 1620      4000 
 1621 000a 6686 5D9F 		.string	"f\206]\237\316_cblZ\265\371 7\023\230\315"
 1621      CE5F 6362 
 1621      6C5A B5F9 
 1621      2037 1398 
 1621      CD00 
 1622 001c 00        		.string	""
 1623 001d 6576 0976 		.ascii	"ev\tv"
 1624               		.text
 1625               		.section	.gnu.lto_.jmpfuncs.61e5d649,"",@progbits
 1626 0000 789C 6367 		.string	"x\234cg`f\be@"
 1626      6066 0865 
 1626      4000 
 1627 000a 6610 C108 		.string	"f\020\301\b\"\230\030'236\366OX\313\337\301<\223\031(\306\270\233Q\206\201\361"
 1627      2298 1827 
 1627      3233 36F6 
 1627      4F58 CBDF 
 1627      C13C 9319 
 1628 0027 2323 0308 		.string	"##\003\bC\025\354\3538}\205\023\244\200\221\261\341\021'\343\036\250\022 \033\252\bd\024"
 1628      4315 ECEB 
 1628      387D 8513 
 1628      A480 91B1 
 1628      E111 27E3 
 1629 0045 BA59 10C4 		.ascii	"\272Y\020\304"
 1630               		.text
 1631               		.section	.gnu.lto_.inline.61e5d649,"",@progbits
 1632 0000 789C 6367 		.string	"x\234cg`f\230\313\200"
 1632      6066 98CB 
 1632      8000 
 1633 000a CC0C 0C2C 		.string	"\314\f\f,\377\201\2005\225\221\201\211\201\241\261\241\241\241\216\201\201\rH5\260$3\201\
 1633      FF81 8035 
 1633      9591 8189 
 1633      81A1 B1A1 
 1633      A1A1 8E81 
 1634 004d 00        		.string	""
 1635 004e 3A6E 1C48 		.ascii	":n\034H"
 1636               		.text
 1637               		.section	.gnu.lto_.pureconst.61e5d649,"",@progbits
 1638 0000 789C 6367 		.string	"x\234cg`f\340b`"
 1638      6066 E062 
 1638      6000 
 1639 000a 9233 5818 		.string	"\2223X\030g\2600\315`\001"
 1639      67B0 30CD 
 1639      6001 00
 1640 0015 0A8E 01EF 		.ascii	"\n\216\001\357"
 1641               		.text
 1642               		.section	.gnu.lto_bootmagic_lite_reset_eeprom.61e5d649,"",@progbits
 1643 0000 789C 458C 		.string	"x\234E\214\275J\003a\020E\357\375fM6Ez\033A\020\013S\250\217\340\233H\f\"\001c\0206ufw\26
 1643      BD4A 0361 
 1643      1045 EFFD 
 1643      664D 3645 
 1643      7A1B 4110 
 1644 0033 ABD4 56FE 		.ascii	"\253\324V\3764\301\316\200\330$N6\202\003\027\016\334;\247\f"
 1644      34C1 CE80 
 1644      D824 4E36 
 1644      8203 170E 
 1644      DC3B A70C 
 1645 0047 C110 C0BA 		.ascii	"\301\020\300\272e\305B\001\235\252\356\224\343\320\221s\n4$\272"
 1645      65C5 4201 
 1645      9DAA EE94 
 1645      E3D0 9173 
 1645      0A34 24BA 
 1646 005b 8E5D 9EC9 		.ascii	"\216]\236\311\271p\362}\365Q\255\r\254Q\177\371\262\235j\266"
 1646      B970 F27D 
 1646      F551 AD0D 
 1646      AC51 7FF9 
 1646      B29D 6AB6 
 1647 006f 9C0B D0B7 		.ascii	"\234\013\320\267,\216\217\254\001\266|}\230^TK\301_\305'\226"
 1647      2C8E 8FAC 
 1647      01B6 7C7D 
 1647      985E 544B 
 1647      C15F C527 
 1648 0084 4083 FBD1 		.ascii	"@\203\373\321\222\327\351\354T\375\344\216?\201\225\231 1]@\365"
 1648      92D7 E9EC 
 1648      54FD E48E 
 1648      3F81 9599 
 1648      2031 5D40 
 1649 0099 3811 1717 		.ascii	"8\021\027\027\234z\274So\3376\212\3071\323\325\002\314{=x\236"
 1649      9C7A BC53 
 1649      6FDF 368A 
 1649      C731 D3D5 
 1649      02CC 7B3D 
 1650 00af 557A 4CE2 		.ascii	"UzL\3420\027\366\305\234\034\262G\344\342\360\311\344\346\253"
 1650      3017 F6C5 
 1650      9C1C B247 
 1650      E4E2 F0C9 
 1650      E4E6 AB
 1651 00c2 522C E797 		.ascii	"R,\347\227\t\0276\007\254\035w\352GQ\247\265\265\327nG\255\372"
 1651      0917 3607 
 1651      AC1D 77EA 
 1651      4751 A7B5 
 1651      B5D7 6E47 
 1652 00d8 41B3 F14F 		.ascii	"A\263\361O\273\207\315h\177\263\201_\324\032L\242"
 1652      BB87 CD68 
 1652      7FB3 815F 
 1652      D41A 4CA2 
 1653               		.text
 1654               		.section	.gnu.lto_bootmagic_lite.61e5d649,"",@progbits
 1655 0000 789C 8D54 		.string	"x\234\215T\377oSU\024?\347\335\333o+\025C\"1f!KL\032R\222\361E\242\004\177\341\027M\374\0
 1655      FF6F 5355 
 1655      143F E7DD 
 1655      DB6F 2B15 
 1655      4322 3166 
 1656 0074 BC4A 2F3A 		.string	"\274J/:"
 1656      00
 1657 0079 3521 C43A 		.string	"5!\304:W\312\255i\354\203\003\275\317q\321\300\377\2720\027\340b\001C.\367x\312\315\021\2
 1657      57CA AD69 
 1657      EC83 03BD 
 1657      CF71 D1C0 
 1657      FFBA 3017 
 1658 00b8 057A 8D07 		.string	"\005z\215\007\217b"
 1658      8F62 00
 1659 00bf 803C 6766 		.ascii	"\200<gf\305A\027\363\243\264\217\365~\221\366\370?\023\"-\364"
 1659      C541 17F3 
 1659      A3B4 8FF5 
 1659      7E91 F6F8 
 1659      3F13 222D 
 1660 00d4 EA04 CB0A 		.ascii	"\352\004\313\n=\325Td\210\337!#$\276\324\210+\032%8p\304+\335"
 1660      3DD5 5464 
 1660      88DF 2123 
 1660      24BE D488 
 1660      2B1A 2538 
 1661 00ec F377 26FB 		.ascii	"\363w&\373\034\3545\005\375fl\367anBO\276.z\204&\201\307\355"
 1661      1CEC 3505 
 1661      FD66 6CF7 
 1661      616E 424F 
 1661      BE2E 7A84 
 1662 0104 C0B2 024E 		.ascii	"\300\262\002N\037z\262\323\347\344x\002\375x\f\375fY\250\243"
 1662      1F7A B2D3 
 1662      E7E4 7802 
 1662      FD78 0CFD 
 1662      6659 A8A3 
 1663 0118 1390 8C83 		.ascii	"\023\220\214\203c\016]<\231\337*\364\211\035\270o\250\007\275"
 1663      630E 5D3C 
 1663      99DF 2AF4 
 1663      891D B86F 
 1663      A807 BD
 1664 012b 0845 A669 		.ascii	"\bE\246i\362\003\220c\220&Z\034\205\016\3573-\245\354\214\016"
 1664      F203 9063 
 1664      9026 5A1C 
 1664      850E EF33 
 1664      2DA5 EC8C 
 1665 0140 D751 0C1E 		.ascii	"\327Q\f\036\016\250"
 1665      0EA8 
 1666 0146 20B7 30D3 		.string	" \2670\323\244\f\312\265g\370\354\274'\213\351\224\273\310\250\030\212\217#\230\225\001\2
 1666      A40C CAB5 
 1666      67F8 ECBC 
 1666      278B E994 
 1666      BBC8 A818 
 1667 0247 6C00      		.string	"l"
 1668 0249 A81F B42A 		.ascii	"\250\037\264*\rZE*A\002\3409\022\001\324W\366\377\217]\232e\337"
 1668      0D5A 452A 
 1668      4102 E039 
 1668      1201 D457 
 1668      F6FF 8F5D 
 1669 0260 5F6C 990F 		.ascii	"_l\231\017kf\272\324\"-\031B\236\253\352\227\337:\315.,\252u"
 1669      6B66 BAD4 
 1669      222D 1942 
 1669      9EAB EA97 
 1669      DF3A CD2E 
 1670 0277 A134 6074 		.ascii	"\2414`t"
 1671 027b E1BC D185 		.string	"\341\274\321\205\301\231~f\201\337U\340\212\002\037\357\256\214{\344$\271\251\005\036\274
 1671      C199 7E66 
 1671      81DF 55E0 
 1671      8A02 1FEF 
 1671      AE8C 7BE4 
 1672 037c 8B74 C45F 		.ascii	"\213t\304_\260\377m^\323\262\2725\274\342\225U\3006tl\342\241"
 1672      B0FF 6D5E 
 1672      D3B2 BA35 
 1672      BCE2 9555 
 1672      C036 746C 
 1673 0392 50A2 7379 		.ascii	"P\242sytm\260-\234\210\006\023\235\233;W\005\023\261\366\266"
 1673      746D B02D 
 1673      9C88 0613 
 1673      9D9B 3B57 
 1673      0513 B1F6 
 1674 03a7 4D2F AF0E 		.ascii	"M/\257\016\2067n\b\306\332#\361\256\326h\260+\031\213\007[\243"
 1674      8637 6E08 
 1674      C6DA 23F1 
 1674      AED6 68B0 
 1674      2B19 8B07 
 1675 03bd F1F0 E6E6 		.ascii	"\361\360\346\3467\241!\024J\306\"ou\206Z#\0162\023o\377\r7\353"
 1675      37A1 2114 
 1675      4AC6 226F 
 1675      7586 5A23 
 1675      0E32 136F 
 1676 03d5 FFF0      		.ascii	"\377\360"
 1677               		.text
 1678               		.section	.gnu.lto_bootmagic.61e5d649,"",@progbits
 1679 0000 789C 458C 		.string	"x\234E\214\301J\002a\024\205\317\371\3574N\013\367n\202(\332\270\250W\350M\302$B\310$\030
 1679      C14A 0261 
 1679      1485 CFF9 
 1679      EF34 4E0B 
 1679      F76E 8228 
 1680 006f 03CB E6F8 		.ascii	"\003\313\346\370\312*`\313\351xq_\016\203\277\212o\fA\203\227"
 1680      CA2A 60CB 
 1680      E978 715F 
 1680      0E83 BF8A 
 1680      6F0C 4183 
 1681 0084 CF2D AF8B 		.ascii	"\317-\257\213\345\265\372\331\236X\225\tR\223\005T\217\276\270"
 1681      E5B5 FAD9 
 1681      9E58 9509 
 1681      5293 0554 
 1681      8FBE B8
 1682 0097 A4E0 AEC7 		.ascii	"\244\340\256\307\027\365y\312\342\355\207\335\335\002\314\372"
 1682      17F5 79CA 
 1682      E2ED 87DD 
 1682      DD02 CCFA 
 1683 00a7 38FA 586E 		.ascii	"8\372Xn\367\230&Q.\034\210\031\371\316\036\221\213\303/\323\247"
 1683      F798 2651 
 1683      2E1C 8819 
 1683      F9CE 1E91 
 1683      8BC3 2FD3 
 1684 00bc B018 AE2F 		.ascii	"\260\030\256/\023nd\016\330\277j\327.\343v\363\350\264\325\212"
 1684      136E 640E 
 1684      D8BF 6AD7 
 1684      2EE3 76F3 
 1684      E8B4 D58A 
 1685 00d0 9BB5 F346 		.ascii	"\233\265\363F\375\237N.\032\361\331a\035+\333RI\221"
 1685      FD9F 4E2E 
 1685      1AF1 D961 
 1685      1D2B DB52 
 1685      4991 
 1686               		.text
 1687               		.section	.gnu.lto_.symbol_nodes.61e5d649,"",@progbits
 1688 0000 789C 6DCE 		.string	"x\234m\316\275\r\302@\f\206\341\357;_r\022\005i\371\013a\024@\354e\303\004\314\200(\230\2
 1688      BD0D C240 
 1688      0C86 E1EF 
 1688      3B5F 7212 
 1688      0569 F90B 
 1689 0026 6A1A 4077 		.string	"j\032@w(\225]\275\362\343\302\t\202\216"
 1689      2895 5DBD 
 1689      F2E3 C209 
 1689      828E 00
 1690 0035 C24C 7132 		.ascii	"\302Lq2\263\310s\017(p\267\0352\314\225>,4\270\300\245\312\347"
 1690      B3C8 730F 
 1690      2870 B71D 
 1690      32CC 953E 
 1690      2C34 B8C0 
 1691 004c 3F5D 46C0 		.ascii	"?]F\300l\373\203\265F\037Z\255|Xi\355\303F\223\013\0029\346\247"
 1691      6CFB 83B5 
 1691      461F 5AAD 
 1691      7C58 69ED 
 1691      C346 930B 
 1692 0064 0EC2 7AAC 		.ascii	"\016\302z\254T\352\221\306\3450\021V%\257S!\236\257\367\215\274"
 1692      54EA 91C6 
 1692      E530 1156 
 1692      25AF 5321 
 1692      9EAF F78D 
 1693 0079 34C2 5872 		.ascii	"4\302Xrh$\260\034\354\361\005)\211b\336"
 1693      6824 B01C 
 1693      ECF1 0529 
 1693      8962 DE
 1694               		.text
 1695               		.section	.gnu.lto_.refs.61e5d649,"",@progbits
 1696 0000 789C 6367 		.string	"x\234cg`f`d"
 1696      6066 6064 
 1696      00
 1697 0009 0200      		.string	"\002"
 1698 000b 00        		.string	""
 1699 000c 6200      		.string	"b"
 1700 000e 0C        		.ascii	"\f"
 1701               		.text
 1702               		.section	.gnu.lto_.decls.61e5d649,"",@progbits
 1703 0000 789C 8D94 		.string	"x\234\215\224kLTG\024\307\347\354]a\331]\026jLC,MH\371`\372\005\210\222\026\375\324\244\0
 1703      6B4C 5447 
 1703      14C7 E7EC 
 1703      5D61 D95D 
 1703      166A 4C43 
 1704 0056 938A D19A 		.ascii	"\223\212\321\232l\317\235\231\273\334\265\332v\302\331\271s\346"
 1704      6CCF 9D99 
 1704      BBDC B5DA 
 1704      76C2 D9B9 
 1704      73E6 
 1705 0068 3FBF 73E6 		.ascii	"?\277s\346qH'\022y;\235\220F \244\b-\201\315J\b\351E\263\240"
 1705      7148 2712 
 1705      793B 9D90 
 1705      4620 A408 
 1705      2D81 CD4A 
 1706 0081 6968 ED84 		.ascii	"ih\355\2047\033Z\027\332U1\337\2176\200\026G\273\2036A\376\331"
 1706      371B 5A17 
 1706      DA55 31DF 
 1706      8F36 8016 
 1706      47BB 8336 
 1707 0098 BE47 A6   		.ascii	"\276G\246"
 1708 009b 84FD 3AB4 		.string	"\204\375:\264I\264N\341\267\bV\377K\326\324\341\232l\261F\217\277\006m\nm\fm1\332\022\264
 1708      49B4 4EE1 
 1708      B708 56FF 
 1708      4BD6 D4E1 
 1708      9A6C B146 
 1709 019c 3F23 00   		.string	"?#"
 1710 019f D101 333E 		.ascii	"\321\0013>\0066\304\336\302;\341\002!#\306\267Pq\277e\001\310"
 1710      0636 C4DE 
 1710      C23B E102 
 1710      2123 C6B7 
 1710      5071 BF65 
 1711 01b5 FE80 085E 		.ascii	"\376\200\b^\302h\234-$\013@\335g1\356\214\363\205\f\177, \036"
 1711      C268 9C2D 
 1711      240B 40DD 
 1711      6731 EE8C 
 1711      F385 0C7F 
 1712 01cc BF20 70AE 		.ascii	"\277 p\256)\201\224I\036\3304m\336%\030\217\342dC\355\236L\351"
 1712      2981 9449 
 1712      1ED8 346D 
 1712      DE25 188F 
 1712      E264 43ED 
 1713 01e3 7376 CEDD 		.ascii	"sv\316\335\267\0374/\222\312\331wl\377\363^\233\325B\340\022"
 1713      B71F 342F 
 1713      92CA D977 
 1713      6CFF F35E 
 1713      9BD5 42E0 
 1714 01f8 BB78 F4CC 		.ascii	"\273x\364\314\334\270\330\350\312\331\255?\b\215\322<\200u\257"
 1714      DCB8 D8E8 
 1714      CAD9 AD3F 
 1714      088D D23C 
 1714      8075 AF
 1715 020b 8B9B 26D0 		.ascii	"\213\233&\320\t9\370[n\345\312\233s\217.\333\362\033\350\250"
 1715      0939 F85B 
 1715      6EE5 CA9B 
 1715      738F 2EDB 
 1715      F21B E8A8 
 1716 021f 46B5 785D 		.ascii	"F\265x]I\313\221*\032\253\247\364=\246\203\016\274\024\375F\b"
 1716      49CB 912A 
 1716      1AAB A7F4 
 1716      3DA6 830E 
 1716      BC14 FD46 
 1717 0234 5C06 2BD1 		.ascii	"\\\006+\321\207z>\277C\034\n\332\035\004\272 \037\021\247G\366"
 1717      877A 3EBF 
 1717      431C 0ADA 
 1717      1D04 BA20 
 1717      1F11 A747 
 1718 0249 1F4E 93EA 		.ascii	"\037N\223\352\340\025\2714\214\265\326\270D\204\276O\3517x\373"
 1718      E015 B934 
 1718      8CB5 D6B8 
 1718      4484 BE4F 
 1718      E937 78FB 
 1719 025d D90C DE9D 		.ascii	"\331\f\336\235\204_\321\341\335&x\035\302\2572x\363\266\372\243"
 1719      845F D1E1 
 1719      DD26 781D 
 1719      C2AF 3278 
 1719      F3B6 FAA3 
 1720 0271 4EE9 0487 		.ascii	"N\351\004\207'\366n\337jET\375(\325\006\36787Q\255\nwha\264\036"
 1720      27F6 6EDF 
 1720      6A45 54FD 
 1720      28D5 06F7 
 1720      3837 51AD 
 1721 028b 8386 8C1E 		.ascii	"\203\206\214\036\023\252\026Q\275\fu\355Y\327\345t\351\024G\325"
 1721      13AA 1651 
 1721      BD0C 75ED 
 1721      59D7 E574 
 1721      E914 47D5 
 1722 029f 0E6D ECB0 		.ascii	"\016m\354\260\353Y\341\tu\236.\371q+\375Zb\234>\023\247O\024"
 1722      EB59 E109 
 1722      759E 2EF9 
 1722      712B FD5A 
 1722      629C 3E13 
 1723 02b6 1281 7EBE 		.ascii	"\022\201~\276\323?\343\223Ni\210\023\006\257\314\267\271\004"
 1723      D33F E393 
 1723      4E69 8813 
 1723      06AF CCB7 
 1723      B904 
 1724 02c8 A1F5 7C71 		.ascii	"\241\365|q\037\255\317a\200k&\300\265$`\200\001f\237?>\345\220"
 1724      1FAD CF61 
 1724      806B 26C0 
 1724      B524 6080 
 1724      0166 9F3F 
 1725 02df 36F3 C29D 		.ascii	"6\363\302\235\235x\326\221\201G\305\nM\277\020\364\365\355kz"
 1725      9D78 D691 
 1725      8147 C50A 
 1725      4DBF 10F4 
 1725      F5ED 6B7A 
 1726 02f3 AAD7 FD1A 		.ascii	"\252\327\375\032\275\330$S\251\255\341\245\326\3267\375\304\""
 1726      BDD8 2453 
 1726      A9AD E1A5 
 1726      D6D6 37FD 
 1726      C422 
 1727 0305 D572 C0A5 		.ascii	"\325r\300\245\241}?d\361Z\263\350k\207&\347m\274\326\262qx\260"
 1727      A17D 3F64 
 1727      F15A B3E8 
 1727      6B87 26E7 
 1727      6DBC D6B2 
 1728 031c 695E 73F0 		.ascii	"i^s\360Z\353\241\324\216\265v\033\313\352\226^V7\201\001Y\255"
 1728      5AEB A1D4 
 1728      8EB5 761B 
 1728      CBEA 965E 
 1728      5637 8101 
 1729 0332 DD40 E710 		.ascii	"\335@\347\020:qE\317\226\235\027\354\346W3\214y\031\317f\204"
 1729      3A71 45CF 
 1729      969D 17EC 
 1729      E657 338C 
 1729      7919 CF66 
 1730 0347 3D9B EB20 		.ascii	"=\233\353 \336\315t\375\330N\207\330\375\365\256\222\211\203"
 1730      DECD 74FD 
 1730      D84E 87D8 
 1730      FDF5 AE92 
 1730      8983 
 1731 0359 555A 1113 		.ascii	"UZ\021\023\301\240i\377\203\311\375\307\331\376\033\207\356\265"
 1731      C1A0 69FF 
 1731      83C9 FDC7 
 1731      D9FE 1B87 
 1731      EEB5 
 1732 036b 644A 3FF3 		.ascii	"dJ?\363\364\023\315g\016,2\207\323L\341\306R^\351\221\316S\367"
 1732      F413 CD67 
 1732      0E2C 3287 
 1732      D34C E1C6 
 1732      525E E991 
 1733 0382 9D22 5AFB 		.ascii	"\235\"Z\373ni\023m\001]\001\243\246X\243\311XwX,\372\364\376"
 1733      6E69 136D 
 1733      015D 01A3 
 1733      A658 A3C9 
 1733      5877 582C 
 1734 0399 3EBB A4F1 		.ascii	">\273\244\361X'\232\377\212\331\331Y/3\216z\367@O\223\375\025"
 1734      5827 9AFF 
 1734      8AD9 D959 
 1734      2F33 8E7A 
 1734      F740 4F93 
 1735 03af 3572 9745 		.ascii	"5r\227E\377\303\330\354\221-G\2532D\370\370\255U\035\347v\321"
 1735      FFC3 D8EC 
 1735      912D 47AB 
 1735      3244 F8F8 
 1735      AD55 1DE7 
 1736 03c5 EACD 348F 		.ascii	"\352\3154\217f\350B\0307%1\236Lb\202%Q\363]7\315rnM^\002{!\306"
 1736      66E8 4218 
 1736      3725 319E 
 1736      4C62 8225 
 1736      51F3 5D37 
 1737 03e2 3D10 9804 		.ascii	"=\020\230\004'\023c\217\342]W\036O8\315\342\261\024\361\224\020"
 1737      2713 638F 
 1737      E25D 571E 
 1737      4F38 CDE2 
 1737      B114 F194 
 1738 03f7 4F31 71CB 		.ascii	"O1q\313\241\237j\301,\276\233\"\236\026\342iN~\262\255\330\254"
 1738      A19F 6AC1 
 1738      2CBE 9B22 
 1738      9E16 E269 
 1738      4E7E B2AD 
 1739 040d 1D49 D1CE 		.ascii	"\035I\321\316\b\355\f\323\236\031\237\332\225%\325H\354\334\232"
 1739      08ED 0CD3 
 1739      9E19 9FDA 
 1739      9525 D548 
 1739      ECDC 9A
 1740 0420 8E1F 88B9 		.ascii	"\216\037\210\271\244Z>\250ii\335\237\246\327\366}\243\266\027"
 1740      A45A 3EA8 
 1740      6969 DD9F 
 1740      A6D7 F67D 
 1740      A3B6 17
 1741 0433 8E75 B5E3 		.ascii	"\216u\265\343\177\034\353,;\326\207\306\261><T\035\223\360X5"
 1741      7F1C EB2C 
 1741      3BD6 87C6 
 1741      B13E 3C54 
 1741      1D93 F058 
 1742 0448 2CE7 F966 		.ascii	",\347\371f\013/\347\006\273.\203{\311\177\016\017\300\ns\220"
 1742      0B2F E706 
 1742      BB2E 837B 
 1742      C97F 0E0F 
 1742      C00A 7390 
 1743 045c AF7B 9245 		.ascii	"\257{\222E\335\203E\215>\362\326\227Q%\020\211\372\013\327\006"
 1743      DD83 458D 
 1743      3EF2 D697 
 1743      5125 1089 
 1743      FA0B D706 
 1744 0470 8311 BF52 		.ascii	"\203\021\277R\346\365,|\311>oD-\360\330>\370\370\263\274\367"
 1744      E6F5 2C7C 
 1744      C93E 6F44 
 1744      2DF0 D83E 
 1744      F8F8 B3BC 
 1745 0485 57AE 244B 		.ascii	"W\256$K_\234)(Y[\\\252\024\275\273\234\244G\275\201H\211\034"
 1745      5F9C 2928 
 1745      595B 5CAA 
 1745      14BD BB9C 
 1745      A447 BD81 
 1746 049c B1E9 FD8A 		.ascii	"\261\351\375\212\345r\344\215T\255\034R\303jDV\325\r\241\240"
 1746      E572 E48D 
 1746      54AD 1C52 
 1746      C36A 4456 
 1746      D50D A1A0 
 1747 04b0 DF5A A12A 		.ascii	"\337Z\241*\353\363\377;0q\245z2\222\303\354r\257\"`\234\3542"
 1747      EBF3 FF3B 
 1747      3071 A57A 
 1747      3292 C3EC 
 1747      72AF 2260 
 1748 04c7 6838 51B0 		.ascii	"h8Q\260\216d\351J_P)UC\362\027Q\377\2067#\376\365\262'\030R\013"
 1748      8E64 E94A 
 1748      5F50 2955 
 1748      43F2 1751 
 1748      FF86 3723 
 1749 04e2 3D41 BF3F 		.ascii	"=A\277?\030(\\\230G\265\313\257DB\336\257\3442\3140\024\254p"
 1749      1828 5C98 
 1749      47B5 CBAF 
 1749      4442 DEAF 
 1749      E432 CC30 
 1750 04f9 8A21 7ECA 		.ascii	"\212!~\312\221\327\f0w\242\332!\246\303\036%\260T\226\327F\275"
 1750      91D7 0C30 
 1750      77A2 DA21 
 1750      A6C3 1E25 
 1750      B054 96D7 
 1751 050f BE88 3720 		.ascii	"\276\2107 +\345!\271T\365)\225\262\247\322\343S\303\205\352*"
 1751      2BE5 21B9 
 1751      54F5 2995 
 1751      B2A7 D2E3 
 1751      53C3 85EA 
 1752 0524 7799 E257 		.ascii	"w\231\342W\335\376pex\271\333\357\r\224U\274S\354F\231\333\033"
 1752      DDFE 7065 
 1752      78B9 DBEF 
 1752      0D94 55BC 
 1752      53EC 4699 
 1753 053a F0F8 A2A5 		.ascii	"\360\370\242\245\252;\032\361\372\334l\rb3\304j\1778S\361U(\225"
 1753      AA3B 1AF1 
 1753      FADC 6C0D 
 1753      6233 C46A 
 1753      7F38 53F1 
 1754 0551 61D9 1BF0 		.ascii	"a\331\033\360y\003\352\337\200\004\266k"
 1754      7903 EADF 
 1754      8004 B66B 
 1755               		.text
 1756               		.section	.gnu.lto_.symtab.61e5d649,"",@progbits
 1757 0000 626F 6F74 		.string	"bootmagic_lite_reset_eeprom"
 1757      6D61 6769 
 1757      635F 6C69 
 1757      7465 5F72 
 1757      6573 6574 
 1758 001c 00        		.string	""
 1759 001d 01        		.ascii	"\001"
 1760 001e 00        		.string	""
 1761 001f 00        		.string	""
 1762 0020 00        		.string	""
 1763 0021 00        		.string	""
 1764 0022 00        		.string	""
 1765 0023 00        		.string	""
 1766 0024 00        		.string	""
 1767 0025 00        		.string	""
 1768 0026 00        		.string	""
 1769 0027 CC00      		.string	"\314"
 1770 0029 00        		.string	""
 1771 002a 00        		.string	""
 1772 002b 626F 6F74 		.string	"bootmagic_lite"
 1772      6D61 6769 
 1772      635F 6C69 
 1772      7465 00
 1773 003a 00        		.string	""
 1774 003b 01        		.ascii	"\001"
 1775 003c 00        		.string	""
 1776 003d 00        		.string	""
 1777 003e 00        		.string	""
 1778 003f 00        		.string	""
 1779 0040 00        		.string	""
 1780 0041 00        		.string	""
 1781 0042 00        		.string	""
 1782 0043 00        		.string	""
 1783 0044 00        		.string	""
 1784 0045 CF00      		.string	"\317"
 1785 0047 00        		.string	""
 1786 0048 00        		.string	""
 1787 0049 626F 6F74 		.string	"bootmagic"
 1787      6D61 6769 
 1787      6300 
 1788 0053 00        		.string	""
 1789 0054 00        		.string	""
 1790 0055 00        		.string	""
 1791 0056 00        		.string	""
 1792 0057 00        		.string	""
 1793 0058 00        		.string	""
 1794 0059 00        		.string	""
 1795 005a 00        		.string	""
 1796 005b 00        		.string	""
 1797 005c 00        		.string	""
 1798 005d 00        		.string	""
 1799 005e D100      		.string	"\321"
 1800 0060 00        		.string	""
 1801 0061 00        		.string	""
 1802 0062 7669 615F 		.string	"via_eeprom_reset"
 1802      6565 7072 
 1802      6F6D 5F72 
 1802      6573 6574 
 1802      00
 1803 0073 00        		.string	""
 1804 0074 02        		.ascii	"\002"
 1805 0075 00        		.string	""
 1806 0076 00        		.string	""
 1807 0077 00        		.string	""
 1808 0078 00        		.string	""
 1809 0079 00        		.string	""
 1810 007a 00        		.string	""
 1811 007b 00        		.string	""
 1812 007c 00        		.string	""
 1813 007d 00        		.string	""
 1814 007e D300      		.string	"\323"
 1815 0080 00        		.string	""
 1816 0081 00        		.string	""
 1817 0082 626F 6F74 		.string	"bootloader_jump"
 1817      6C6F 6164 
 1817      6572 5F6A 
 1817      756D 7000 
 1818 0092 00        		.string	""
 1819 0093 02        		.ascii	"\002"
 1820 0094 00        		.string	""
 1821 0095 00        		.string	""
 1822 0096 00        		.string	""
 1823 0097 00        		.string	""
 1824 0098 00        		.string	""
 1825 0099 00        		.string	""
 1826 009a 00        		.string	""
 1827 009b 00        		.string	""
 1828 009c 00        		.string	""
 1829 009d D500      		.string	"\325"
 1830 009f 00        		.string	""
 1831 00a0 00        		.string	""
 1832 00a1 6D61 7472 		.string	"matrix_get_row"
 1832      6978 5F67 
 1832      6574 5F72 
 1832      6F77 00
 1833 00b0 00        		.string	""
 1834 00b1 02        		.ascii	"\002"
 1835 00b2 00        		.string	""
 1836 00b3 00        		.string	""
 1837 00b4 00        		.string	""
 1838 00b5 00        		.string	""
 1839 00b6 00        		.string	""
 1840 00b7 00        		.string	""
 1841 00b8 00        		.string	""
 1842 00b9 00        		.string	""
 1843 00ba 00        		.string	""
 1844 00bb DF00      		.string	"\337"
 1845 00bd 00        		.string	""
 1846 00be 00        		.string	""
 1847 00bf 6D61 7472 		.string	"matrix_scan"
 1847      6978 5F73 
 1847      6361 6E00 
 1848 00cb 00        		.string	""
 1849 00cc 02        		.ascii	"\002"
 1850 00cd 00        		.string	""
 1851 00ce 00        		.string	""
 1852 00cf 00        		.string	""
 1853 00d0 00        		.string	""
 1854 00d1 00        		.string	""
 1855 00d2 00        		.string	""
 1856 00d3 00        		.string	""
 1857 00d4 00        		.string	""
 1858 00d5 00        		.string	""
 1859 00d6 E200      		.string	"\342"
 1860 00d8 00        		.string	""
 1861 00d9 00        		.string	""
 1862               		.text
 1863               		.section	.gnu.lto_.opts,"",@progbits
 1864 0000 272D 666E 		.ascii	"'-fn"
 1865 0004 6F2D 6F70 		.string	"o-openmp' '-fno-openacc' '-fno-pie' '-mn-flash=1' '-mno-skip-bug' '-mmcu=avr5' '-Os' '-We
 1865      656E 6D70 
 1865      2720 272D 
 1865      666E 6F2D 
 1865      6F70 656E 
 1866               		.text
 1867               		.comm	__gnu_lto_v1,1,1
 1868               		.comm	__gnu_lto_slim,1,1
 1869               		.ident	"GCC: (GNU) 8.4.0"
DEFINED SYMBOLS
                            *ABS*:0000000000000000 bootmagic_lite.c
C:\Users\Roningo\AppData\Local\Temp\cc7YXm6y.s:2      *ABS*:000000000000003e __SP_H__
C:\Users\Roningo\AppData\Local\Temp\cc7YXm6y.s:3      *ABS*:000000000000003d __SP_L__
C:\Users\Roningo\AppData\Local\Temp\cc7YXm6y.s:4      *ABS*:000000000000003f __SREG__
C:\Users\Roningo\AppData\Local\Temp\cc7YXm6y.s:5      *ABS*:0000000000000000 __tmp_reg__
C:\Users\Roningo\AppData\Local\Temp\cc7YXm6y.s:6      *ABS*:0000000000000001 __zero_reg__
C:\Users\Roningo\AppData\Local\Temp\cc7YXm6y.s:27     .gnu.debuglto_.debug_info:0000000000000000 bootmagic_lite.c.8b4da072
                            *COM*:0000000000000001 __gnu_lto_v1
                            *COM*:0000000000000001 __gnu_lto_slim

NO UNDEFINED SYMBOLS
