   1               		.file	"magic.c"
   2               	__SP_H__ = 0x3e
   3               	__SP_L__ = 0x3d
   4               	__SREG__ = 0x3f
   5               	__tmp_reg__ = 0
   6               	__zero_reg__ = 1
   7               		.file 1 "e:\\game\\msys2\\mingw64\\avr\\include\\stdint.h"
   8               		.file 2 "tmk_core/common/debug.h"
   9               		.file 3 "tmk_core/common/action.h"
  10               		.file 4 "tmk_core/common/host.h"
  11               		.file 5 "quantum/keycode_config.h"
  12               		.file 6 "tmk_core/common/timer.h"
  13               		.file 7 "quantum/sequencer/sequencer.h"
  14               		.file 8 "quantum/keymap.h"
  15               		.file 9 "tmk_core/common/action_layer.h"
  16               		.file 10 "quantum/bootmagic/magic.c"
  17               		.section	.gnu.debuglto_.debug_info,"",@progbits
  18               	.Ldebug_info0:
  19               		.hidden	magic.c.0d55ac33
  20               		.weak	magic.c.0d55ac33
  21               	magic.c.0d55ac33:
  22 0000 8004 0000 		.long	0x480
  23 0004 0200      		.word	0x2
  24 0006 0000 0000 		.long	.Ldebug_abbrev0
  25 000a 04        		.byte	0x4
  26 000b 01        		.uleb128 0x1
  27 000c 0000 0000 		.long	.LASF69
  28 0010 0C        		.byte	0xc
  29 0011 0000 0000 		.long	.LASF70
  30 0015 0000 0000 		.long	.LASF71
  31 0019 0000 0000 		.long	.Ldebug_line0
  32 001d 02        		.uleb128 0x2
  33 001e 01        		.byte	0x1
  34 001f 06        		.byte	0x6
  35 0020 0000 0000 		.long	.LASF0
  36 0024 03        		.uleb128 0x3
  37 0025 0000 0000 		.long	.LASF2
  38 0029 01        		.byte	0x1
  39 002a 7E        		.byte	0x7e
  40 002b 16        		.byte	0x16
  41 002c 3000 0000 		.long	0x30
  42 0030 02        		.uleb128 0x2
  43 0031 01        		.byte	0x1
  44 0032 08        		.byte	0x8
  45 0033 0000 0000 		.long	.LASF1
  46 0037 04        		.uleb128 0x4
  47 0038 02        		.byte	0x2
  48 0039 05        		.byte	0x5
  49 003a 696E 7400 		.string	"int"
  50 003e 03        		.uleb128 0x3
  51 003f 0000 0000 		.long	.LASF3
  52 0043 01        		.byte	0x1
  53 0044 80        		.byte	0x80
  54 0045 16        		.byte	0x16
  55 0046 4F00 0000 		.long	0x4f
  56 004a 05        		.uleb128 0x5
  57 004b 3E00 0000 		.long	0x3e
  58 004f 02        		.uleb128 0x2
  59 0050 02        		.byte	0x2
  60 0051 07        		.byte	0x7
  61 0052 0000 0000 		.long	.LASF4
  62 0056 02        		.uleb128 0x2
  63 0057 04        		.byte	0x4
  64 0058 05        		.byte	0x5
  65 0059 0000 0000 		.long	.LASF5
  66 005d 03        		.uleb128 0x3
  67 005e 0000 0000 		.long	.LASF6
  68 0062 01        		.byte	0x1
  69 0063 82        		.byte	0x82
  70 0064 16        		.byte	0x16
  71 0065 6E00 0000 		.long	0x6e
  72 0069 06        		.uleb128 0x6
  73 006a 5D00 0000 		.long	0x5d
  74 006e 02        		.uleb128 0x2
  75 006f 04        		.byte	0x4
  76 0070 07        		.byte	0x7
  77 0071 0000 0000 		.long	.LASF7
  78 0075 02        		.uleb128 0x2
  79 0076 08        		.byte	0x8
  80 0077 05        		.byte	0x5
  81 0078 0000 0000 		.long	.LASF8
  82 007c 02        		.uleb128 0x2
  83 007d 08        		.byte	0x8
  84 007e 07        		.byte	0x7
  85 007f 0000 0000 		.long	.LASF9
  86 0083 07        		.uleb128 0x7
  87 0084 01        		.byte	0x1
  88 0085 02        		.byte	0x2
  89 0086 1F        		.byte	0x1f
  90 0087 05        		.byte	0x5
  91 0088 E700 0000 		.long	0xe7
  92 008c 08        		.uleb128 0x8
  93 008d 0000 0000 		.long	.LASF10
  94 0091 02        		.byte	0x2
  95 0092 20        		.byte	0x20
  96 0093 11        		.byte	0x11
  97 0094 E700 0000 		.long	0xe7
  98 0098 01        		.byte	0x1
  99 0099 01        		.byte	0x1
 100 009a 07        		.byte	0x7
 101 009b 02        		.byte	0x2
 102 009c 23        		.byte	0x23
 103 009d 00        		.uleb128 0
 104 009e 08        		.uleb128 0x8
 105 009f 0000 0000 		.long	.LASF11
 106 00a3 02        		.byte	0x2
 107 00a4 21        		.byte	0x21
 108 00a5 11        		.byte	0x11
 109 00a6 E700 0000 		.long	0xe7
 110 00aa 01        		.byte	0x1
 111 00ab 01        		.byte	0x1
 112 00ac 06        		.byte	0x6
 113 00ad 02        		.byte	0x2
 114 00ae 23        		.byte	0x23
 115 00af 00        		.uleb128 0
 116 00b0 08        		.uleb128 0x8
 117 00b1 0000 0000 		.long	.LASF12
 118 00b5 02        		.byte	0x2
 119 00b6 22        		.byte	0x22
 120 00b7 11        		.byte	0x11
 121 00b8 E700 0000 		.long	0xe7
 122 00bc 01        		.byte	0x1
 123 00bd 01        		.byte	0x1
 124 00be 05        		.byte	0x5
 125 00bf 02        		.byte	0x2
 126 00c0 23        		.byte	0x23
 127 00c1 00        		.uleb128 0
 128 00c2 08        		.uleb128 0x8
 129 00c3 0000 0000 		.long	.LASF13
 130 00c7 02        		.byte	0x2
 131 00c8 23        		.byte	0x23
 132 00c9 11        		.byte	0x11
 133 00ca E700 0000 		.long	0xe7
 134 00ce 01        		.byte	0x1
 135 00cf 01        		.byte	0x1
 136 00d0 04        		.byte	0x4
 137 00d1 02        		.byte	0x2
 138 00d2 23        		.byte	0x23
 139 00d3 00        		.uleb128 0
 140 00d4 08        		.uleb128 0x8
 141 00d5 0000 0000 		.long	.LASF14
 142 00d9 02        		.byte	0x2
 143 00da 24        		.byte	0x24
 144 00db 11        		.byte	0x11
 145 00dc 2400 0000 		.long	0x24
 146 00e0 01        		.byte	0x1
 147 00e1 04        		.byte	0x4
 148 00e2 00        		.byte	0
 149 00e3 02        		.byte	0x2
 150 00e4 23        		.byte	0x23
 151 00e5 00        		.uleb128 0
 152 00e6 00        		.byte	0
 153 00e7 02        		.uleb128 0x2
 154 00e8 01        		.byte	0x1
 155 00e9 02        		.byte	0x2
 156 00ea 0000 0000 		.long	.LASF15
 157 00ee 09        		.uleb128 0x9
 158 00ef 01        		.byte	0x1
 159 00f0 02        		.byte	0x2
 160 00f1 1E        		.byte	0x1e
 161 00f2 09        		.byte	0x9
 162 00f3 0901 0000 		.long	0x109
 163 00f7 0A        		.uleb128 0xa
 164 00f8 8300 0000 		.long	0x83
 165 00fc 0B        		.uleb128 0xb
 166 00fd 7261 7700 		.string	"raw"
 167 0101 02        		.byte	0x2
 168 0102 26        		.byte	0x26
 169 0103 0D        		.byte	0xd
 170 0104 2400 0000 		.long	0x24
 171 0108 00        		.byte	0
 172 0109 03        		.uleb128 0x3
 173 010a 0000 0000 		.long	.LASF16
 174 010e 02        		.byte	0x2
 175 010f 27        		.byte	0x27
 176 0110 03        		.byte	0x3
 177 0111 EE00 0000 		.long	0xee
 178 0115 0C        		.uleb128 0xc
 179 0116 0000 0000 		.long	.LASF17
 180 011a 02        		.byte	0x2
 181 011b 29        		.byte	0x29
 182 011c 17        		.byte	0x17
 183 011d 0901 0000 		.long	0x109
 184 0121 01        		.byte	0x1
 185 0122 01        		.byte	0x1
 186 0123 0C        		.uleb128 0xc
 187 0124 0000 0000 		.long	.LASF18
 188 0128 03        		.byte	0x3
 189 0129 4B        		.byte	0x4b
 190 012a 0D        		.byte	0xd
 191 012b E700 0000 		.long	0xe7
 192 012f 01        		.byte	0x1
 193 0130 01        		.byte	0x1
 194 0131 0C        		.uleb128 0xc
 195 0132 0000 0000 		.long	.LASF19
 196 0136 04        		.byte	0x4
 197 0137 24        		.byte	0x24
 198 0138 10        		.byte	0x10
 199 0139 2400 0000 		.long	0x24
 200 013d 01        		.byte	0x1
 201 013e 01        		.byte	0x1
 202 013f 0C        		.uleb128 0xc
 203 0140 0000 0000 		.long	.LASF20
 204 0144 04        		.byte	0x4
 205 0145 25        		.byte	0x25
 206 0146 10        		.byte	0x10
 207 0147 2400 0000 		.long	0x24
 208 014b 01        		.byte	0x1
 209 014c 01        		.byte	0x1
 210 014d 07        		.uleb128 0x7
 211 014e 02        		.byte	0x2
 212 014f 05        		.byte	0x5
 213 0150 1D        		.byte	0x1d
 214 0151 05        		.byte	0x5
 215 0152 1D02 0000 		.long	0x21d
 216 0156 08        		.uleb128 0x8
 217 0157 0000 0000 		.long	.LASF21
 218 015b 05        		.byte	0x5
 219 015c 1E        		.byte	0x1e
 220 015d 0E        		.byte	0xe
 221 015e E700 0000 		.long	0xe7
 222 0162 01        		.byte	0x1
 223 0163 01        		.byte	0x1
 224 0164 07        		.byte	0x7
 225 0165 02        		.byte	0x2
 226 0166 23        		.byte	0x23
 227 0167 00        		.uleb128 0
 228 0168 08        		.uleb128 0x8
 229 0169 0000 0000 		.long	.LASF22
 230 016d 05        		.byte	0x5
 231 016e 1F        		.byte	0x1f
 232 016f 0E        		.byte	0xe
 233 0170 E700 0000 		.long	0xe7
 234 0174 01        		.byte	0x1
 235 0175 01        		.byte	0x1
 236 0176 06        		.byte	0x6
 237 0177 02        		.byte	0x2
 238 0178 23        		.byte	0x23
 239 0179 00        		.uleb128 0
 240 017a 08        		.uleb128 0x8
 241 017b 0000 0000 		.long	.LASF23
 242 017f 05        		.byte	0x5
 243 0180 20        		.byte	0x20
 244 0181 0E        		.byte	0xe
 245 0182 E700 0000 		.long	0xe7
 246 0186 01        		.byte	0x1
 247 0187 01        		.byte	0x1
 248 0188 05        		.byte	0x5
 249 0189 02        		.byte	0x2
 250 018a 23        		.byte	0x23
 251 018b 00        		.uleb128 0
 252 018c 08        		.uleb128 0x8
 253 018d 0000 0000 		.long	.LASF24
 254 0191 05        		.byte	0x5
 255 0192 21        		.byte	0x21
 256 0193 0E        		.byte	0xe
 257 0194 E700 0000 		.long	0xe7
 258 0198 01        		.byte	0x1
 259 0199 01        		.byte	0x1
 260 019a 04        		.byte	0x4
 261 019b 02        		.byte	0x2
 262 019c 23        		.byte	0x23
 263 019d 00        		.uleb128 0
 264 019e 08        		.uleb128 0x8
 265 019f 0000 0000 		.long	.LASF25
 266 01a3 05        		.byte	0x5
 267 01a4 22        		.byte	0x22
 268 01a5 0E        		.byte	0xe
 269 01a6 E700 0000 		.long	0xe7
 270 01aa 01        		.byte	0x1
 271 01ab 01        		.byte	0x1
 272 01ac 03        		.byte	0x3
 273 01ad 02        		.byte	0x2
 274 01ae 23        		.byte	0x23
 275 01af 00        		.uleb128 0
 276 01b0 08        		.uleb128 0x8
 277 01b1 0000 0000 		.long	.LASF26
 278 01b5 05        		.byte	0x5
 279 01b6 23        		.byte	0x23
 280 01b7 0E        		.byte	0xe
 281 01b8 E700 0000 		.long	0xe7
 282 01bc 01        		.byte	0x1
 283 01bd 01        		.byte	0x1
 284 01be 02        		.byte	0x2
 285 01bf 02        		.byte	0x2
 286 01c0 23        		.byte	0x23
 287 01c1 00        		.uleb128 0
 288 01c2 08        		.uleb128 0x8
 289 01c3 0000 0000 		.long	.LASF27
 290 01c7 05        		.byte	0x5
 291 01c8 24        		.byte	0x24
 292 01c9 0E        		.byte	0xe
 293 01ca E700 0000 		.long	0xe7
 294 01ce 01        		.byte	0x1
 295 01cf 01        		.byte	0x1
 296 01d0 01        		.byte	0x1
 297 01d1 02        		.byte	0x2
 298 01d2 23        		.byte	0x23
 299 01d3 00        		.uleb128 0
 300 01d4 08        		.uleb128 0x8
 301 01d5 0000 0000 		.long	.LASF28
 302 01d9 05        		.byte	0x5
 303 01da 25        		.byte	0x25
 304 01db 0E        		.byte	0xe
 305 01dc E700 0000 		.long	0xe7
 306 01e0 01        		.byte	0x1
 307 01e1 01        		.byte	0x1
 308 01e2 00        		.byte	0
 309 01e3 02        		.byte	0x2
 310 01e4 23        		.byte	0x23
 311 01e5 00        		.uleb128 0
 312 01e6 08        		.uleb128 0x8
 313 01e7 0000 0000 		.long	.LASF29
 314 01eb 05        		.byte	0x5
 315 01ec 26        		.byte	0x26
 316 01ed 0E        		.byte	0xe
 317 01ee E700 0000 		.long	0xe7
 318 01f2 01        		.byte	0x1
 319 01f3 01        		.byte	0x1
 320 01f4 07        		.byte	0x7
 321 01f5 02        		.byte	0x2
 322 01f6 23        		.byte	0x23
 323 01f7 01        		.uleb128 0x1
 324 01f8 08        		.uleb128 0x8
 325 01f9 0000 0000 		.long	.LASF30
 326 01fd 05        		.byte	0x5
 327 01fe 27        		.byte	0x27
 328 01ff 0E        		.byte	0xe
 329 0200 E700 0000 		.long	0xe7
 330 0204 01        		.byte	0x1
 331 0205 01        		.byte	0x1
 332 0206 06        		.byte	0x6
 333 0207 02        		.byte	0x2
 334 0208 23        		.byte	0x23
 335 0209 01        		.uleb128 0x1
 336 020a 08        		.uleb128 0x8
 337 020b 0000 0000 		.long	.LASF31
 338 020f 05        		.byte	0x5
 339 0210 28        		.byte	0x28
 340 0211 0E        		.byte	0xe
 341 0212 E700 0000 		.long	0xe7
 342 0216 01        		.byte	0x1
 343 0217 01        		.byte	0x1
 344 0218 05        		.byte	0x5
 345 0219 02        		.byte	0x2
 346 021a 23        		.byte	0x23
 347 021b 01        		.uleb128 0x1
 348 021c 00        		.byte	0
 349 021d 09        		.uleb128 0x9
 350 021e 02        		.byte	0x2
 351 021f 05        		.byte	0x5
 352 0220 1B        		.byte	0x1b
 353 0221 09        		.byte	0x9
 354 0222 3802 0000 		.long	0x238
 355 0226 0B        		.uleb128 0xb
 356 0227 7261 7700 		.string	"raw"
 357 022b 05        		.byte	0x5
 358 022c 1C        		.byte	0x1c
 359 022d 0E        		.byte	0xe
 360 022e 3E00 0000 		.long	0x3e
 361 0232 0A        		.uleb128 0xa
 362 0233 4D01 0000 		.long	0x14d
 363 0237 00        		.byte	0
 364 0238 03        		.uleb128 0x3
 365 0239 0000 0000 		.long	.LASF32
 366 023d 05        		.byte	0x5
 367 023e 2A        		.byte	0x2a
 368 023f 03        		.byte	0x3
 369 0240 1D02 0000 		.long	0x21d
 370 0244 0C        		.uleb128 0xc
 371 0245 0000 0000 		.long	.LASF33
 372 0249 05        		.byte	0x5
 373 024a 2C        		.byte	0x2c
 374 024b 18        		.byte	0x18
 375 024c 3802 0000 		.long	0x238
 376 0250 01        		.byte	0x1
 377 0251 01        		.byte	0x1
 378 0252 0C        		.uleb128 0xc
 379 0253 0000 0000 		.long	.LASF34
 380 0257 06        		.byte	0x6
 381 0258 20        		.byte	0x20
 382 0259 1A        		.byte	0x1a
 383 025a 6900 0000 		.long	0x69
 384 025e 01        		.byte	0x1
 385 025f 01        		.byte	0x1
 386 0260 0D        		.uleb128 0xd
 387 0261 07        		.byte	0x7
 388 0262 01        		.byte	0x1
 389 0263 3000 0000 		.long	0x30
 390 0267 07        		.byte	0x7
 391 0268 2D        		.byte	0x2d
 392 0269 0E        		.byte	0xe
 393 026a AB02 0000 		.long	0x2ab
 394 026e 0E        		.uleb128 0xe
 395 026f 0000 0000 		.long	.LASF35
 396 0273 00        		.byte	0
 397 0274 0E        		.uleb128 0xe
 398 0275 0000 0000 		.long	.LASF36
 399 0279 01        		.byte	0x1
 400 027a 0E        		.uleb128 0xe
 401 027b 0000 0000 		.long	.LASF37
 402 027f 02        		.byte	0x2
 403 0280 0E        		.uleb128 0xe
 404 0281 0000 0000 		.long	.LASF38
 405 0285 03        		.byte	0x3
 406 0286 0E        		.uleb128 0xe
 407 0287 0000 0000 		.long	.LASF39
 408 028b 04        		.byte	0x4
 409 028c 0E        		.uleb128 0xe
 410 028d 0000 0000 		.long	.LASF40
 411 0291 05        		.byte	0x5
 412 0292 0E        		.uleb128 0xe
 413 0293 0000 0000 		.long	.LASF41
 414 0297 06        		.byte	0x6
 415 0298 0E        		.uleb128 0xe
 416 0299 0000 0000 		.long	.LASF42
 417 029d 07        		.byte	0x7
 418 029e 0E        		.uleb128 0xe
 419 029f 0000 0000 		.long	.LASF43
 420 02a3 08        		.byte	0x8
 421 02a4 0E        		.uleb128 0xe
 422 02a5 0000 0000 		.long	.LASF44
 423 02a9 09        		.byte	0x9
 424 02aa 00        		.byte	0
 425 02ab 03        		.uleb128 0x3
 426 02ac 0000 0000 		.long	.LASF45
 427 02b0 07        		.byte	0x7
 428 02b1 2D        		.byte	0x2d
 429 02b2 89        		.byte	0x89
 430 02b3 6002 0000 		.long	0x260
 431 02b7 07        		.uleb128 0x7
 432 02b8 23        		.byte	0x23
 433 02b9 07        		.byte	0x7
 434 02ba 2F        		.byte	0x2f
 435 02bb 09        		.byte	0x9
 436 02bc 0C03 0000 		.long	0x30c
 437 02c0 0F        		.uleb128 0xf
 438 02c1 0000 0000 		.long	.LASF46
 439 02c5 07        		.byte	0x7
 440 02c6 30        		.byte	0x30
 441 02c7 1C        		.byte	0x1c
 442 02c8 E700 0000 		.long	0xe7
 443 02cc 02        		.byte	0x2
 444 02cd 23        		.byte	0x23
 445 02ce 00        		.uleb128 0
 446 02cf 0F        		.uleb128 0xf
 447 02d0 0000 0000 		.long	.LASF47
 448 02d4 07        		.byte	0x7
 449 02d5 31        		.byte	0x31
 450 02d6 1C        		.byte	0x1c
 451 02d7 0C03 0000 		.long	0x30c
 452 02db 02        		.byte	0x2
 453 02dc 23        		.byte	0x23
 454 02dd 01        		.uleb128 0x1
 455 02de 0F        		.uleb128 0xf
 456 02df 0000 0000 		.long	.LASF48
 457 02e3 07        		.byte	0x7
 458 02e4 32        		.byte	0x32
 459 02e5 1C        		.byte	0x1c
 460 02e6 1C03 0000 		.long	0x31c
 461 02ea 02        		.byte	0x2
 462 02eb 23        		.byte	0x23
 463 02ec 11        		.uleb128 0x11
 464 02ed 0F        		.uleb128 0xf
 465 02ee 0000 0000 		.long	.LASF49
 466 02f2 07        		.byte	0x7
 467 02f3 33        		.byte	0x33
 468 02f4 1C        		.byte	0x1c
 469 02f5 2400 0000 		.long	0x24
 470 02f9 02        		.byte	0x2
 471 02fa 23        		.byte	0x23
 472 02fb 21        		.uleb128 0x21
 473 02fc 0F        		.uleb128 0xf
 474 02fd 0000 0000 		.long	.LASF50
 475 0301 07        		.byte	0x7
 476 0302 34        		.byte	0x34
 477 0303 1C        		.byte	0x1c
 478 0304 AB02 0000 		.long	0x2ab
 479 0308 02        		.byte	0x2
 480 0309 23        		.byte	0x23
 481 030a 22        		.uleb128 0x22
 482 030b 00        		.byte	0
 483 030c 10        		.uleb128 0x10
 484 030d 2400 0000 		.long	0x24
 485 0311 1C03 0000 		.long	0x31c
 486 0315 11        		.uleb128 0x11
 487 0316 4F00 0000 		.long	0x4f
 488 031a 0F        		.byte	0xf
 489 031b 00        		.byte	0
 490 031c 10        		.uleb128 0x10
 491 031d 3E00 0000 		.long	0x3e
 492 0321 2C03 0000 		.long	0x32c
 493 0325 11        		.uleb128 0x11
 494 0326 4F00 0000 		.long	0x4f
 495 032a 07        		.byte	0x7
 496 032b 00        		.byte	0
 497 032c 03        		.uleb128 0x3
 498 032d 0000 0000 		.long	.LASF51
 499 0331 07        		.byte	0x7
 500 0332 35        		.byte	0x35
 501 0333 03        		.byte	0x3
 502 0334 B702 0000 		.long	0x2b7
 503 0338 12        		.uleb128 0x12
 504 0339 0000 0000 		.long	.LASF55
 505 033d 07        		.byte	0x7
 506 033e 01        		.byte	0x1
 507 033f 3000 0000 		.long	0x30
 508 0343 07        		.byte	0x7
 509 0344 3B        		.byte	0x3b
 510 0345 0E        		.byte	0xe
 511 0346 5D03 0000 		.long	0x35d
 512 034a 0E        		.uleb128 0xe
 513 034b 0000 0000 		.long	.LASF52
 514 034f 00        		.byte	0
 515 0350 0E        		.uleb128 0xe
 516 0351 0000 0000 		.long	.LASF53
 517 0355 01        		.byte	0x1
 518 0356 0E        		.uleb128 0xe
 519 0357 0000 0000 		.long	.LASF54
 520 035b 02        		.byte	0x2
 521 035c 00        		.byte	0
 522 035d 03        		.uleb128 0x3
 523 035e 0000 0000 		.long	.LASF55
 524 0362 07        		.byte	0x7
 525 0363 3F        		.byte	0x3f
 526 0364 03        		.byte	0x3
 527 0365 3803 0000 		.long	0x338
 528 0369 07        		.uleb128 0x7
 529 036a 06        		.byte	0x6
 530 036b 07        		.byte	0x7
 531 036c 41        		.byte	0x41
 532 036d 09        		.byte	0x9
 533 036e BE03 0000 		.long	0x3be
 534 0372 0F        		.uleb128 0xf
 535 0373 0000 0000 		.long	.LASF56
 536 0377 07        		.byte	0x7
 537 0378 42        		.byte	0x42
 538 0379 17        		.byte	0x17
 539 037a 2400 0000 		.long	0x24
 540 037e 02        		.byte	0x2
 541 037f 23        		.byte	0x23
 542 0380 00        		.uleb128 0
 543 0381 0F        		.uleb128 0xf
 544 0382 0000 0000 		.long	.LASF57
 545 0386 07        		.byte	0x7
 546 0387 43        		.byte	0x43
 547 0388 17        		.byte	0x17
 548 0389 2400 0000 		.long	0x24
 549 038d 02        		.byte	0x2
 550 038e 23        		.byte	0x23
 551 038f 01        		.uleb128 0x1
 552 0390 0F        		.uleb128 0xf
 553 0391 0000 0000 		.long	.LASF58
 554 0395 07        		.byte	0x7
 555 0396 44        		.byte	0x44
 556 0397 17        		.byte	0x17
 557 0398 2400 0000 		.long	0x24
 558 039c 02        		.byte	0x2
 559 039d 23        		.byte	0x23
 560 039e 02        		.uleb128 0x2
 561 039f 0F        		.uleb128 0xf
 562 03a0 0000 0000 		.long	.LASF59
 563 03a4 07        		.byte	0x7
 564 03a5 45        		.byte	0x45
 565 03a6 17        		.byte	0x17
 566 03a7 3E00 0000 		.long	0x3e
 567 03ab 02        		.byte	0x2
 568 03ac 23        		.byte	0x23
 569 03ad 03        		.uleb128 0x3
 570 03ae 0F        		.uleb128 0xf
 571 03af 0000 0000 		.long	.LASF60
 572 03b3 07        		.byte	0x7
 573 03b4 46        		.byte	0x46
 574 03b5 17        		.byte	0x17
 575 03b6 5D03 0000 		.long	0x35d
 576 03ba 02        		.byte	0x2
 577 03bb 23        		.byte	0x23
 578 03bc 05        		.uleb128 0x5
 579 03bd 00        		.byte	0
 580 03be 03        		.uleb128 0x3
 581 03bf 0000 0000 		.long	.LASF61
 582 03c3 07        		.byte	0x7
 583 03c4 47        		.byte	0x47
 584 03c5 03        		.byte	0x3
 585 03c6 6903 0000 		.long	0x369
 586 03ca 0C        		.uleb128 0xc
 587 03cb 0000 0000 		.long	.LASF62
 588 03cf 07        		.byte	0x7
 589 03d0 49        		.byte	0x49
 590 03d1 1B        		.byte	0x1b
 591 03d2 2C03 0000 		.long	0x32c
 592 03d6 01        		.byte	0x1
 593 03d7 01        		.byte	0x1
 594 03d8 0C        		.uleb128 0xc
 595 03d9 0000 0000 		.long	.LASF63
 596 03dd 07        		.byte	0x7
 597 03de 4C        		.byte	0x4c
 598 03df 1A        		.byte	0x1a
 599 03e0 BE03 0000 		.long	0x3be
 600 03e4 01        		.byte	0x1
 601 03e5 01        		.byte	0x1
 602 03e6 10        		.uleb128 0x10
 603 03e7 4A00 0000 		.long	0x4a
 604 03eb FD03 0000 		.long	0x3fd
 605 03ef 13        		.uleb128 0x13
 606 03f0 11        		.uleb128 0x11
 607 03f1 4F00 0000 		.long	0x4f
 608 03f5 04        		.byte	0x4
 609 03f6 11        		.uleb128 0x11
 610 03f7 4F00 0000 		.long	0x4f
 611 03fb 0F        		.byte	0xf
 612 03fc 00        		.byte	0
 613 03fd 05        		.uleb128 0x5
 614 03fe E603 0000 		.long	0x3e6
 615 0402 0C        		.uleb128 0xc
 616 0403 0000 0000 		.long	.LASF64
 617 0407 08        		.byte	0x8
 618 0408 37        		.byte	0x37
 619 0409 17        		.byte	0x17
 620 040a FD03 0000 		.long	0x3fd
 621 040e 01        		.byte	0x1
 622 040f 01        		.byte	0x1
 623 0410 10        		.uleb128 0x10
 624 0411 4A00 0000 		.long	0x4a
 625 0415 1B04 0000 		.long	0x41b
 626 0419 13        		.uleb128 0x13
 627 041a 00        		.byte	0
 628 041b 05        		.uleb128 0x5
 629 041c 1004 0000 		.long	0x410
 630 0420 0C        		.uleb128 0xc
 631 0421 0000 0000 		.long	.LASF65
 632 0425 08        		.byte	0x8
 633 0426 38        		.byte	0x38
 634 0427 17        		.byte	0x17
 635 0428 1B04 0000 		.long	0x41b
 636 042c 01        		.byte	0x1
 637 042d 01        		.byte	0x1
 638 042e 03        		.uleb128 0x3
 639 042f 0000 0000 		.long	.LASF66
 640 0433 09        		.byte	0x9
 641 0434 27        		.byte	0x27
 642 0435 12        		.byte	0x12
 643 0436 5D00 0000 		.long	0x5d
 644 043a 0C        		.uleb128 0xc
 645 043b 0000 0000 		.long	.LASF67
 646 043f 09        		.byte	0x9
 647 0440 32        		.byte	0x32
 648 0441 16        		.byte	0x16
 649 0442 2E04 0000 		.long	0x42e
 650 0446 01        		.byte	0x1
 651 0447 01        		.byte	0x1
 652 0448 0C        		.uleb128 0xc
 653 0449 0000 0000 		.long	.LASF68
 654 044d 09        		.byte	0x9
 655 044e 48        		.byte	0x48
 656 044f 16        		.byte	0x16
 657 0450 2E04 0000 		.long	0x42e
 658 0454 01        		.byte	0x1
 659 0455 01        		.byte	0x1
 660 0456 14        		.uleb128 0x14
 661 0457 4402 0000 		.long	0x244
 662 045b 0A        		.byte	0xa
 663 045c 1C        		.byte	0x1c
 664 045d 11        		.byte	0x11
 665 045e 15        		.uleb128 0x15
 666 045f 01        		.byte	0x1
 667 0460 0000 0000 		.long	.LASF72
 668 0464 0A        		.byte	0xa
 669 0465 24        		.byte	0x24
 670 0466 06        		.byte	0x6
 671 0467 01        		.byte	0x1
 672 0468 7904 0000 		.long	0x479
 673 046c 16        		.uleb128 0x16
 674 046d 0000 0000 		.long	.LASF73
 675 0471 0A        		.byte	0xa
 676 0472 31        		.byte	0x31
 677 0473 13        		.byte	0x13
 678 0474 2E04 0000 		.long	0x42e
 679 0478 00        		.byte	0
 680 0479 17        		.uleb128 0x17
 681 047a 01        		.byte	0x1
 682 047b 0000 0000 		.long	.LASF74
 683 047f 0A        		.byte	0xa
 684 0480 1E        		.byte	0x1e
 685 0481 1C        		.byte	0x1c
 686 0482 01        		.byte	0x1
 687 0483 00        		.byte	0
 688               		.section	.gnu.debuglto_.debug_abbrev,"",@progbits
 689               	.Ldebug_abbrev0:
 690 0000 01        		.uleb128 0x1
 691 0001 11        		.uleb128 0x11
 692 0002 01        		.byte	0x1
 693 0003 25        		.uleb128 0x25
 694 0004 0E        		.uleb128 0xe
 695 0005 13        		.uleb128 0x13
 696 0006 0B        		.uleb128 0xb
 697 0007 03        		.uleb128 0x3
 698 0008 0E        		.uleb128 0xe
 699 0009 1B        		.uleb128 0x1b
 700 000a 0E        		.uleb128 0xe
 701 000b 10        		.uleb128 0x10
 702 000c 06        		.uleb128 0x6
 703 000d 00        		.byte	0
 704 000e 00        		.byte	0
 705 000f 02        		.uleb128 0x2
 706 0010 24        		.uleb128 0x24
 707 0011 00        		.byte	0
 708 0012 0B        		.uleb128 0xb
 709 0013 0B        		.uleb128 0xb
 710 0014 3E        		.uleb128 0x3e
 711 0015 0B        		.uleb128 0xb
 712 0016 03        		.uleb128 0x3
 713 0017 0E        		.uleb128 0xe
 714 0018 00        		.byte	0
 715 0019 00        		.byte	0
 716 001a 03        		.uleb128 0x3
 717 001b 16        		.uleb128 0x16
 718 001c 00        		.byte	0
 719 001d 03        		.uleb128 0x3
 720 001e 0E        		.uleb128 0xe
 721 001f 3A        		.uleb128 0x3a
 722 0020 0B        		.uleb128 0xb
 723 0021 3B        		.uleb128 0x3b
 724 0022 0B        		.uleb128 0xb
 725 0023 39        		.uleb128 0x39
 726 0024 0B        		.uleb128 0xb
 727 0025 49        		.uleb128 0x49
 728 0026 13        		.uleb128 0x13
 729 0027 00        		.byte	0
 730 0028 00        		.byte	0
 731 0029 04        		.uleb128 0x4
 732 002a 24        		.uleb128 0x24
 733 002b 00        		.byte	0
 734 002c 0B        		.uleb128 0xb
 735 002d 0B        		.uleb128 0xb
 736 002e 3E        		.uleb128 0x3e
 737 002f 0B        		.uleb128 0xb
 738 0030 03        		.uleb128 0x3
 739 0031 08        		.uleb128 0x8
 740 0032 00        		.byte	0
 741 0033 00        		.byte	0
 742 0034 05        		.uleb128 0x5
 743 0035 26        		.uleb128 0x26
 744 0036 00        		.byte	0
 745 0037 49        		.uleb128 0x49
 746 0038 13        		.uleb128 0x13
 747 0039 00        		.byte	0
 748 003a 00        		.byte	0
 749 003b 06        		.uleb128 0x6
 750 003c 35        		.uleb128 0x35
 751 003d 00        		.byte	0
 752 003e 49        		.uleb128 0x49
 753 003f 13        		.uleb128 0x13
 754 0040 00        		.byte	0
 755 0041 00        		.byte	0
 756 0042 07        		.uleb128 0x7
 757 0043 13        		.uleb128 0x13
 758 0044 01        		.byte	0x1
 759 0045 0B        		.uleb128 0xb
 760 0046 0B        		.uleb128 0xb
 761 0047 3A        		.uleb128 0x3a
 762 0048 0B        		.uleb128 0xb
 763 0049 3B        		.uleb128 0x3b
 764 004a 0B        		.uleb128 0xb
 765 004b 39        		.uleb128 0x39
 766 004c 0B        		.uleb128 0xb
 767 004d 01        		.uleb128 0x1
 768 004e 13        		.uleb128 0x13
 769 004f 00        		.byte	0
 770 0050 00        		.byte	0
 771 0051 08        		.uleb128 0x8
 772 0052 0D        		.uleb128 0xd
 773 0053 00        		.byte	0
 774 0054 03        		.uleb128 0x3
 775 0055 0E        		.uleb128 0xe
 776 0056 3A        		.uleb128 0x3a
 777 0057 0B        		.uleb128 0xb
 778 0058 3B        		.uleb128 0x3b
 779 0059 0B        		.uleb128 0xb
 780 005a 39        		.uleb128 0x39
 781 005b 0B        		.uleb128 0xb
 782 005c 49        		.uleb128 0x49
 783 005d 13        		.uleb128 0x13
 784 005e 0B        		.uleb128 0xb
 785 005f 0B        		.uleb128 0xb
 786 0060 0D        		.uleb128 0xd
 787 0061 0B        		.uleb128 0xb
 788 0062 0C        		.uleb128 0xc
 789 0063 0B        		.uleb128 0xb
 790 0064 38        		.uleb128 0x38
 791 0065 0A        		.uleb128 0xa
 792 0066 00        		.byte	0
 793 0067 00        		.byte	0
 794 0068 09        		.uleb128 0x9
 795 0069 17        		.uleb128 0x17
 796 006a 01        		.byte	0x1
 797 006b 0B        		.uleb128 0xb
 798 006c 0B        		.uleb128 0xb
 799 006d 3A        		.uleb128 0x3a
 800 006e 0B        		.uleb128 0xb
 801 006f 3B        		.uleb128 0x3b
 802 0070 0B        		.uleb128 0xb
 803 0071 39        		.uleb128 0x39
 804 0072 0B        		.uleb128 0xb
 805 0073 01        		.uleb128 0x1
 806 0074 13        		.uleb128 0x13
 807 0075 00        		.byte	0
 808 0076 00        		.byte	0
 809 0077 0A        		.uleb128 0xa
 810 0078 0D        		.uleb128 0xd
 811 0079 00        		.byte	0
 812 007a 49        		.uleb128 0x49
 813 007b 13        		.uleb128 0x13
 814 007c 00        		.byte	0
 815 007d 00        		.byte	0
 816 007e 0B        		.uleb128 0xb
 817 007f 0D        		.uleb128 0xd
 818 0080 00        		.byte	0
 819 0081 03        		.uleb128 0x3
 820 0082 08        		.uleb128 0x8
 821 0083 3A        		.uleb128 0x3a
 822 0084 0B        		.uleb128 0xb
 823 0085 3B        		.uleb128 0x3b
 824 0086 0B        		.uleb128 0xb
 825 0087 39        		.uleb128 0x39
 826 0088 0B        		.uleb128 0xb
 827 0089 49        		.uleb128 0x49
 828 008a 13        		.uleb128 0x13
 829 008b 00        		.byte	0
 830 008c 00        		.byte	0
 831 008d 0C        		.uleb128 0xc
 832 008e 34        		.uleb128 0x34
 833 008f 00        		.byte	0
 834 0090 03        		.uleb128 0x3
 835 0091 0E        		.uleb128 0xe
 836 0092 3A        		.uleb128 0x3a
 837 0093 0B        		.uleb128 0xb
 838 0094 3B        		.uleb128 0x3b
 839 0095 0B        		.uleb128 0xb
 840 0096 39        		.uleb128 0x39
 841 0097 0B        		.uleb128 0xb
 842 0098 49        		.uleb128 0x49
 843 0099 13        		.uleb128 0x13
 844 009a 3F        		.uleb128 0x3f
 845 009b 0C        		.uleb128 0xc
 846 009c 3C        		.uleb128 0x3c
 847 009d 0C        		.uleb128 0xc
 848 009e 00        		.byte	0
 849 009f 00        		.byte	0
 850 00a0 0D        		.uleb128 0xd
 851 00a1 04        		.uleb128 0x4
 852 00a2 01        		.byte	0x1
 853 00a3 3E        		.uleb128 0x3e
 854 00a4 0B        		.uleb128 0xb
 855 00a5 0B        		.uleb128 0xb
 856 00a6 0B        		.uleb128 0xb
 857 00a7 49        		.uleb128 0x49
 858 00a8 13        		.uleb128 0x13
 859 00a9 3A        		.uleb128 0x3a
 860 00aa 0B        		.uleb128 0xb
 861 00ab 3B        		.uleb128 0x3b
 862 00ac 0B        		.uleb128 0xb
 863 00ad 39        		.uleb128 0x39
 864 00ae 0B        		.uleb128 0xb
 865 00af 01        		.uleb128 0x1
 866 00b0 13        		.uleb128 0x13
 867 00b1 00        		.byte	0
 868 00b2 00        		.byte	0
 869 00b3 0E        		.uleb128 0xe
 870 00b4 28        		.uleb128 0x28
 871 00b5 00        		.byte	0
 872 00b6 03        		.uleb128 0x3
 873 00b7 0E        		.uleb128 0xe
 874 00b8 1C        		.uleb128 0x1c
 875 00b9 0B        		.uleb128 0xb
 876 00ba 00        		.byte	0
 877 00bb 00        		.byte	0
 878 00bc 0F        		.uleb128 0xf
 879 00bd 0D        		.uleb128 0xd
 880 00be 00        		.byte	0
 881 00bf 03        		.uleb128 0x3
 882 00c0 0E        		.uleb128 0xe
 883 00c1 3A        		.uleb128 0x3a
 884 00c2 0B        		.uleb128 0xb
 885 00c3 3B        		.uleb128 0x3b
 886 00c4 0B        		.uleb128 0xb
 887 00c5 39        		.uleb128 0x39
 888 00c6 0B        		.uleb128 0xb
 889 00c7 49        		.uleb128 0x49
 890 00c8 13        		.uleb128 0x13
 891 00c9 38        		.uleb128 0x38
 892 00ca 0A        		.uleb128 0xa
 893 00cb 00        		.byte	0
 894 00cc 00        		.byte	0
 895 00cd 10        		.uleb128 0x10
 896 00ce 01        		.uleb128 0x1
 897 00cf 01        		.byte	0x1
 898 00d0 49        		.uleb128 0x49
 899 00d1 13        		.uleb128 0x13
 900 00d2 01        		.uleb128 0x1
 901 00d3 13        		.uleb128 0x13
 902 00d4 00        		.byte	0
 903 00d5 00        		.byte	0
 904 00d6 11        		.uleb128 0x11
 905 00d7 21        		.uleb128 0x21
 906 00d8 00        		.byte	0
 907 00d9 49        		.uleb128 0x49
 908 00da 13        		.uleb128 0x13
 909 00db 2F        		.uleb128 0x2f
 910 00dc 0B        		.uleb128 0xb
 911 00dd 00        		.byte	0
 912 00de 00        		.byte	0
 913 00df 12        		.uleb128 0x12
 914 00e0 04        		.uleb128 0x4
 915 00e1 01        		.byte	0x1
 916 00e2 03        		.uleb128 0x3
 917 00e3 0E        		.uleb128 0xe
 918 00e4 3E        		.uleb128 0x3e
 919 00e5 0B        		.uleb128 0xb
 920 00e6 0B        		.uleb128 0xb
 921 00e7 0B        		.uleb128 0xb
 922 00e8 49        		.uleb128 0x49
 923 00e9 13        		.uleb128 0x13
 924 00ea 3A        		.uleb128 0x3a
 925 00eb 0B        		.uleb128 0xb
 926 00ec 3B        		.uleb128 0x3b
 927 00ed 0B        		.uleb128 0xb
 928 00ee 39        		.uleb128 0x39
 929 00ef 0B        		.uleb128 0xb
 930 00f0 01        		.uleb128 0x1
 931 00f1 13        		.uleb128 0x13
 932 00f2 00        		.byte	0
 933 00f3 00        		.byte	0
 934 00f4 13        		.uleb128 0x13
 935 00f5 21        		.uleb128 0x21
 936 00f6 00        		.byte	0
 937 00f7 00        		.byte	0
 938 00f8 00        		.byte	0
 939 00f9 14        		.uleb128 0x14
 940 00fa 34        		.uleb128 0x34
 941 00fb 00        		.byte	0
 942 00fc 47        		.uleb128 0x47
 943 00fd 13        		.uleb128 0x13
 944 00fe 3A        		.uleb128 0x3a
 945 00ff 0B        		.uleb128 0xb
 946 0100 3B        		.uleb128 0x3b
 947 0101 0B        		.uleb128 0xb
 948 0102 39        		.uleb128 0x39
 949 0103 0B        		.uleb128 0xb
 950 0104 00        		.byte	0
 951 0105 00        		.byte	0
 952 0106 15        		.uleb128 0x15
 953 0107 2E        		.uleb128 0x2e
 954 0108 01        		.byte	0x1
 955 0109 3F        		.uleb128 0x3f
 956 010a 0C        		.uleb128 0xc
 957 010b 03        		.uleb128 0x3
 958 010c 0E        		.uleb128 0xe
 959 010d 3A        		.uleb128 0x3a
 960 010e 0B        		.uleb128 0xb
 961 010f 3B        		.uleb128 0x3b
 962 0110 0B        		.uleb128 0xb
 963 0111 39        		.uleb128 0x39
 964 0112 0B        		.uleb128 0xb
 965 0113 27        		.uleb128 0x27
 966 0114 0C        		.uleb128 0xc
 967 0115 01        		.uleb128 0x1
 968 0116 13        		.uleb128 0x13
 969 0117 00        		.byte	0
 970 0118 00        		.byte	0
 971 0119 16        		.uleb128 0x16
 972 011a 34        		.uleb128 0x34
 973 011b 00        		.byte	0
 974 011c 03        		.uleb128 0x3
 975 011d 0E        		.uleb128 0xe
 976 011e 3A        		.uleb128 0x3a
 977 011f 0B        		.uleb128 0xb
 978 0120 3B        		.uleb128 0x3b
 979 0121 0B        		.uleb128 0xb
 980 0122 39        		.uleb128 0x39
 981 0123 0B        		.uleb128 0xb
 982 0124 49        		.uleb128 0x49
 983 0125 13        		.uleb128 0x13
 984 0126 00        		.byte	0
 985 0127 00        		.byte	0
 986 0128 17        		.uleb128 0x17
 987 0129 2E        		.uleb128 0x2e
 988 012a 00        		.byte	0
 989 012b 3F        		.uleb128 0x3f
 990 012c 0C        		.uleb128 0xc
 991 012d 03        		.uleb128 0x3
 992 012e 0E        		.uleb128 0xe
 993 012f 3A        		.uleb128 0x3a
 994 0130 0B        		.uleb128 0xb
 995 0131 3B        		.uleb128 0x3b
 996 0132 0B        		.uleb128 0xb
 997 0133 39        		.uleb128 0x39
 998 0134 0B        		.uleb128 0xb
 999 0135 27        		.uleb128 0x27
 1000 0136 0C        		.uleb128 0xc
 1001 0137 00        		.byte	0
 1002 0138 00        		.byte	0
 1003 0139 00        		.byte	0
 1004               		.section	.gnu.debuglto_.debug_line,"",@progbits
 1005               	.Ldebug_line0:
 1006 0000 0F01 0000 		.long	.LELT0-.LSLT0
 1007               	.LSLT0:
 1008 0004 0200      		.word	0x2
 1009 0006 0901 0000 		.long	.LELTP0-.LASLTP0
 1010               	.LASLTP0:
 1011 000a 01        		.byte	0x1
 1012 000b 01        		.byte	0x1
 1013 000c F6        		.byte	0xf6
 1014 000d F2        		.byte	0xf2
 1015 000e 0D        		.byte	0xd
 1016 000f 00        		.byte	0
 1017 0010 01        		.byte	0x1
 1018 0011 01        		.byte	0x1
 1019 0012 01        		.byte	0x1
 1020 0013 01        		.byte	0x1
 1021 0014 00        		.byte	0
 1022 0015 00        		.byte	0
 1023 0016 00        		.byte	0
 1024 0017 01        		.byte	0x1
 1025 0018 00        		.byte	0
 1026 0019 00        		.byte	0
 1027 001a 01        		.byte	0x1
 1028 001b 653A 5C67 		.ascii	"e:\\game\\msys2\\mingw64\\avr\\include"
 1028      616D 655C 
 1028      6D73 7973 
 1028      325C 6D69 
 1028      6E67 7736 
 1029 003c 00        		.byte	0
 1030 003d 746D 6B5F 		.ascii	"tmk_core/common"
 1030      636F 7265 
 1030      2F63 6F6D 
 1030      6D6F 6E
 1031 004c 00        		.byte	0
 1032 004d 7175 616E 		.ascii	"quantum"
 1032      7475 6D
 1033 0054 00        		.byte	0
 1034 0055 7175 616E 		.ascii	"quantum/bootmagic"
 1034      7475 6D2F 
 1034      626F 6F74 
 1034      6D61 6769 
 1034      63
 1035 0066 00        		.byte	0
 1036 0067 7175 616E 		.ascii	"quantum/sequencer"
 1036      7475 6D2F 
 1036      7365 7175 
 1036      656E 6365 
 1036      72
 1037 0078 00        		.byte	0
 1038 0079 00        		.byte	0
 1039 007a 7374 6469 		.string	"stdint.h"
 1039      6E74 2E68 
 1039      00
 1040 0083 01        		.uleb128 0x1
 1041 0084 00        		.uleb128 0
 1042 0085 00        		.uleb128 0
 1043 0086 6465 6275 		.string	"debug.h"
 1043      672E 6800 
 1044 008e 02        		.uleb128 0x2
 1045 008f 00        		.uleb128 0
 1046 0090 00        		.uleb128 0
 1047 0091 6163 7469 		.string	"action.h"
 1047      6F6E 2E68 
 1047      00
 1048 009a 02        		.uleb128 0x2
 1049 009b 00        		.uleb128 0
 1050 009c 00        		.uleb128 0
 1051 009d 686F 7374 		.string	"host.h"
 1051      2E68 00
 1052 00a4 02        		.uleb128 0x2
 1053 00a5 00        		.uleb128 0
 1054 00a6 00        		.uleb128 0
 1055 00a7 6B65 7963 		.string	"keycode_config.h"
 1055      6F64 655F 
 1055      636F 6E66 
 1055      6967 2E68 
 1055      00
 1056 00b8 03        		.uleb128 0x3
 1057 00b9 00        		.uleb128 0
 1058 00ba 00        		.uleb128 0
 1059 00bb 7469 6D65 		.string	"timer.h"
 1059      722E 6800 
 1060 00c3 02        		.uleb128 0x2
 1061 00c4 00        		.uleb128 0
 1062 00c5 00        		.uleb128 0
 1063 00c6 7365 7175 		.string	"sequencer/sequencer.h"
 1063      656E 6365 
 1063      722F 7365 
 1063      7175 656E 
 1063      6365 722E 
 1064 00dc 03        		.uleb128 0x3
 1065 00dd 00        		.uleb128 0
 1066 00de 00        		.uleb128 0
 1067 00df 6B65 796D 		.string	"keymap.h"
 1067      6170 2E68 
 1067      00
 1068 00e8 03        		.uleb128 0x3
 1069 00e9 00        		.uleb128 0
 1070 00ea 00        		.uleb128 0
 1071 00eb 6163 7469 		.string	"action_layer.h"
 1071      6F6E 5F6C 
 1071      6179 6572 
 1071      2E68 00
 1072 00fa 02        		.uleb128 0x2
 1073 00fb 00        		.uleb128 0
 1074 00fc 00        		.uleb128 0
 1075 00fd 626F 6F74 		.string	"bootmagic/magic.c"
 1075      6D61 6769 
 1075      632F 6D61 
 1075      6769 632E 
 1075      6300 
 1076 010f 03        		.uleb128 0x3
 1077 0110 00        		.uleb128 0
 1078 0111 00        		.uleb128 0
 1079 0112 00        		.byte	0
 1080               	.LELTP0:
 1081               	.LELT0:
 1082               		.section	.gnu.debuglto_.debug_str,"MS",@progbits,1
 1083               	.LASF55:
 1084 0000 7365 7175 		.string	"sequencer_phase_t"
 1084      656E 6365 
 1084      725F 7068 
 1084      6173 655F 
 1084      7400 
 1085               	.LASF10:
 1086 0012 656E 6162 		.string	"enable"
 1086      6C65 00
 1087               	.LASF24:
 1088 0019 7377 6170 		.string	"swap_ralt_rgui"
 1088      5F72 616C 
 1088      745F 7267 
 1088      7569 00
 1089               	.LASF49:
 1090 0028 7465 6D70 		.string	"tempo"
 1090      6F00 
 1091               	.LASF60:
 1092 002e 7068 6173 		.string	"phase"
 1092      6500 
 1093               	.LASF8:
 1094 0034 6C6F 6E67 		.string	"long long int"
 1094      206C 6F6E 
 1094      6720 696E 
 1094      7400 
 1095               	.LASF16:
 1096 0042 6465 6275 		.string	"debug_config_t"
 1096      675F 636F 
 1096      6E66 6967 
 1096      5F74 00
 1097               	.LASF31:
 1098 0051 6F6E 6573 		.string	"oneshot_disable"
 1098      686F 745F 
 1098      6469 7361 
 1098      626C 6500 
 1099               	.LASF66:
 1100 0061 6C61 7965 		.string	"layer_state_t"
 1100      725F 7374 
 1100      6174 655F 
 1100      7400 
 1101               	.LASF34:
 1102 006f 7469 6D65 		.string	"timer_count"
 1102      725F 636F 
 1102      756E 7400 
 1103               	.LASF69:
 1104 007b 474E 5520 		.string	"GNU C99 8.4.0 -mn-flash=1 -mno-skip-bug -mmcu=avr5 -gdwarf-2 -Os -std=gnu99 -funsigned-ch
 1104      4339 3920 
 1104      382E 342E 
 1104      3020 2D6D 
 1104      6E2D 666C 
 1105               	.LASF2:
 1106 016c 7569 6E74 		.string	"uint8_t"
 1106      385F 7400 
 1107               	.LASF59:
 1108 0174 7469 6D65 		.string	"timer"
 1108      7200 
 1109               	.LASF32:
 1110 017a 6B65 796D 		.string	"keymap_config_t"
 1110      6170 5F63 
 1110      6F6E 6669 
 1110      675F 7400 
 1111               	.LASF56:
 1112 018a 6163 7469 		.string	"active_tracks"
 1112      7665 5F74 
 1112      7261 636B 
 1112      7300 
 1113               	.LASF44:
 1114 0198 5345 5155 		.string	"SEQUENCER_RESOLUTIONS"
 1114      454E 4345 
 1114      525F 5245 
 1114      534F 4C55 
 1114      5449 4F4E 
 1115               	.LASF23:
 1116 01ae 7377 6170 		.string	"swap_lalt_lgui"
 1116      5F6C 616C 
 1116      745F 6C67 
 1116      7569 00
 1117               	.LASF62:
 1118 01bd 7365 7175 		.string	"sequencer_config"
 1118      656E 6365 
 1118      725F 636F 
 1118      6E66 6967 
 1118      00
 1119               	.LASF27:
 1120 01ce 7377 6170 		.string	"swap_backslash_backspace"
 1120      5F62 6163 
 1120      6B73 6C61 
 1120      7368 5F62 
 1120      6163 6B73 
 1121               	.LASF36:
 1122 01e7 5351 5F52 		.string	"SQ_RES_2T"
 1122      4553 5F32 
 1122      5400 
 1123               	.LASF53:
 1124 01f1 5345 5155 		.string	"SEQUENCER_PHASE_RELEASE"
 1124      454E 4345 
 1124      525F 5048 
 1124      4153 455F 
 1124      5245 4C45 
 1125               	.LASF71:
 1126 0209 443A 5C44 		.string	"D:\\Download\\vial-qmk"
 1126      6F77 6E6C 
 1126      6F61 645C 
 1126      7669 616C 
 1126      2D71 6D6B 
 1127               	.LASF5:
 1128 021e 6C6F 6E67 		.string	"long int"
 1128      2069 6E74 
 1128      00
 1129               	.LASF57:
 1130 0227 6375 7272 		.string	"current_track"
 1130      656E 745F 
 1130      7472 6163 
 1130      6B00 
 1131               	.LASF26:
 1132 0235 7377 6170 		.string	"swap_grave_esc"
 1132      5F67 7261 
 1132      7665 5F65 
 1132      7363 00
 1133               	.LASF52:
 1134 0244 5345 5155 		.string	"SEQUENCER_PHASE_ATTACK"
 1134      454E 4345 
 1134      525F 5048 
 1134      4153 455F 
 1134      4154 5441 
 1135               	.LASF73:
 1136 025b 6465 6661 		.string	"default_layer"
 1136      756C 745F 
 1136      6C61 7965 
 1136      7200 
 1137               	.LASF22:
 1138 0269 6361 7073 		.string	"capslock_to_control"
 1138      6C6F 636B 
 1138      5F74 6F5F 
 1138      636F 6E74 
 1138      726F 6C00 
 1139               	.LASF42:
 1140 027d 5351 5F52 		.string	"SQ_RES_16T"
 1140      4553 5F31 
 1140      3654 00
 1141               	.LASF43:
 1142 0288 5351 5F52 		.string	"SQ_RES_32"
 1142      4553 5F33 
 1142      3200 
 1143               	.LASF58:
 1144 0292 6375 7272 		.string	"current_step"
 1144      656E 745F 
 1144      7374 6570 
 1144      00
 1145               	.LASF45:
 1146 029f 7365 7175 		.string	"sequencer_resolution_t"
 1146      656E 6365 
 1146      725F 7265 
 1146      736F 6C75 
 1146      7469 6F6E 
 1147               	.LASF1:
 1148 02b6 756E 7369 		.string	"unsigned char"
 1148      676E 6564 
 1148      2063 6861 
 1148      7200 
 1149               	.LASF19:
 1150 02c4 6B65 7962 		.string	"keyboard_idle"
 1150      6F61 7264 
 1150      5F69 646C 
 1150      6500 
 1151               	.LASF0:
 1152 02d2 7369 676E 		.string	"signed char"
 1152      6564 2063 
 1152      6861 7200 
 1153               	.LASF9:
 1154 02de 6C6F 6E67 		.string	"long long unsigned int"
 1154      206C 6F6E 
 1154      6720 756E 
 1154      7369 676E 
 1154      6564 2069 
 1155               	.LASF6:
 1156 02f5 7569 6E74 		.string	"uint32_t"
 1156      3332 5F74 
 1156      00
 1157               	.LASF4:
 1158 02fe 756E 7369 		.string	"unsigned int"
 1158      676E 6564 
 1158      2069 6E74 
 1158      00
 1159               	.LASF3:
 1160 030b 7569 6E74 		.string	"uint16_t"
 1160      3136 5F74 
 1160      00
 1161               	.LASF63:
 1162 0314 7365 7175 		.string	"sequencer_internal_state"
 1162      656E 6365 
 1162      725F 696E 
 1162      7465 726E 
 1162      616C 5F73 
 1163               	.LASF74:
 1164 032d 626F 6F74 		.string	"bootmagic"
 1164      6D61 6769 
 1164      6300 
 1165               	.LASF35:
 1166 0337 5351 5F52 		.string	"SQ_RES_2"
 1166      4553 5F32 
 1166      00
 1167               	.LASF13:
 1168 0340 6D6F 7573 		.string	"mouse"
 1168      6500 
 1169               	.LASF37:
 1170 0346 5351 5F52 		.string	"SQ_RES_4"
 1170      4553 5F34 
 1170      00
 1171               	.LASF47:
 1172 034f 7374 6570 		.string	"steps"
 1172      7300 
 1173               	.LASF39:
 1174 0355 5351 5F52 		.string	"SQ_RES_8"
 1174      4553 5F38 
 1174      00
 1175               	.LASF65:
 1176 035e 666E 5F61 		.string	"fn_actions"
 1176      6374 696F 
 1176      6E73 00
 1177               	.LASF67:
 1178 0369 6465 6661 		.string	"default_layer_state"
 1178      756C 745F 
 1178      6C61 7965 
 1178      725F 7374 
 1178      6174 6500 
 1179               	.LASF20:
 1180 037d 6B65 7962 		.string	"keyboard_protocol"
 1180      6F61 7264 
 1180      5F70 726F 
 1180      746F 636F 
 1180      6C00 
 1181               	.LASF12:
 1182 038f 6B65 7962 		.string	"keyboard"
 1182      6F61 7264 
 1182      00
 1183               	.LASF30:
 1184 0398 7377 6170 		.string	"swap_rctl_rgui"
 1184      5F72 6374 
 1184      6C5F 7267 
 1184      7569 00
 1185               	.LASF50:
 1186 03a7 7265 736F 		.string	"resolution"
 1186      6C75 7469 
 1186      6F6E 00
 1187               	.LASF54:
 1188 03b2 5345 5155 		.string	"SEQUENCER_PHASE_PAUSE"
 1188      454E 4345 
 1188      525F 5048 
 1188      4153 455F 
 1188      5041 5553 
 1189               	.LASF64:
 1190 03c8 6B65 796D 		.string	"keymaps"
 1190      6170 7300 
 1191               	.LASF15:
 1192 03d0 5F42 6F6F 		.string	"_Bool"
 1192      6C00 
 1193               	.LASF33:
 1194 03d6 6B65 796D 		.string	"keymap_config"
 1194      6170 5F63 
 1194      6F6E 6669 
 1194      6700 
 1195               	.LASF18:
 1196 03e4 6469 7361 		.string	"disable_action_cache"
 1196      626C 655F 
 1196      6163 7469 
 1196      6F6E 5F63 
 1196      6163 6865 
 1197               	.LASF7:
 1198 03f9 6C6F 6E67 		.string	"long unsigned int"
 1198      2075 6E73 
 1198      6967 6E65 
 1198      6420 696E 
 1198      7400 
 1199               	.LASF61:
 1200 040b 7365 7175 		.string	"sequencer_state_t"
 1200      656E 6365 
 1200      725F 7374 
 1200      6174 655F 
 1200      7400 
 1201               	.LASF51:
 1202 041d 7365 7175 		.string	"sequencer_config_t"
 1202      656E 6365 
 1202      725F 636F 
 1202      6E66 6967 
 1202      5F74 00
 1203               	.LASF46:
 1204 0430 656E 6162 		.string	"enabled"
 1204      6C65 6400 
 1205               	.LASF28:
 1206 0438 6E6B 726F 		.string	"nkro"
 1206      00
 1207               	.LASF17:
 1208 043d 6465 6275 		.string	"debug_config"
 1208      675F 636F 
 1208      6E66 6967 
 1208      00
 1209               	.LASF25:
 1210 044a 6E6F 5F67 		.string	"no_gui"
 1210      7569 00
 1211               	.LASF38:
 1212 0451 5351 5F52 		.string	"SQ_RES_4T"
 1212      4553 5F34 
 1212      5400 
 1213               	.LASF21:
 1214 045b 7377 6170 		.string	"swap_control_capslock"
 1214      5F63 6F6E 
 1214      7472 6F6C 
 1214      5F63 6170 
 1214      736C 6F63 
 1215               	.LASF70:
 1216 0471 7175 616E 		.string	"quantum/bootmagic/magic.c"
 1216      7475 6D2F 
 1216      626F 6F74 
 1216      6D61 6769 
 1216      632F 6D61 
 1217               	.LASF29:
 1218 048b 7377 6170 		.string	"swap_lctl_lgui"
 1218      5F6C 6374 
 1218      6C5F 6C67 
 1218      7569 00
 1219               	.LASF72:
 1220 049a 6D61 6769 		.string	"magic"
 1220      6300 
 1221               	.LASF40:
 1222 04a0 5351 5F52 		.string	"SQ_RES_8T"
 1222      4553 5F38 
 1222      5400 
 1223               	.LASF41:
 1224 04aa 5351 5F52 		.string	"SQ_RES_16"
 1224      4553 5F31 
 1224      3600 
 1225               	.LASF14:
 1226 04b4 7265 7365 		.string	"reserved"
 1226      7276 6564 
 1226      00
 1227               	.LASF68:
 1228 04bd 6C61 7965 		.string	"layer_state"
 1228      725F 7374 
 1228      6174 6500 
 1229               	.LASF11:
 1230 04c9 6D61 7472 		.string	"matrix"
 1230      6978 00
 1231               	.LASF48:
 1232 04d0 7472 6163 		.string	"track_notes"
 1232      6B5F 6E6F 
 1232      7465 7300 
 1233               		.text
 1234               		.section	.gnu.lto_.profile.61e5a49d,"",@progbits
 1235 0000 789C 6367 		.string	"x\234cg`f`d"
 1235      6066 6064 
 1235      00
 1236 0009 0200      		.string	"\002"
 1237 000b 00        		.string	""
 1238 000c 6200      		.string	"b"
 1239 000e 0C        		.ascii	"\f"
 1240               		.text
 1241               		.section	.gnu.lto_.icf.61e5a49d,"",@progbits
 1242 0000 789C 6367 		.string	"x\234cg`f\020a@"
 1242      6066 1061 
 1242      4000 
 1243 000a 6686 E95D 		.string	"f\206\351]'z\271\030\237\355\230>\233\233\371\314\327K\2339\030"
 1243      277A B918 
 1243      9FED 983E 
 1243      9B9B F9CC 
 1243      D74B 9B39 
 1244 0020 5ADE 08CF 		.ascii	"Z\336\b\317"
 1245               		.text
 1246               		.section	.gnu.lto_.jmpfuncs.61e5a49d,"",@progbits
 1247 0000 789C 6367 		.string	"x\234cg`f\be@"
 1247      6066 0865 
 1247      4000 
 1248 000a 2620 6604 		.string	"& f\004S\214\007\030\031\031\200\370?\020\360\243\b022Ndfl\354\237\260\226\277\203y&3P=\3
 1248      538C 0718 
 1248      1919 80F8 
 1248      3F10 F0A3 
 1248      0830 3232 
 1249 0043 5FE2 140A 		.ascii	"_\342\024\n"
 1250               		.text
 1251               		.section	.gnu.lto_.inline.61e5a49d,"",@progbits
 1252 0000 789C 6367 		.string	"x\234cg`f\250a@"
 1252      6066 A861 
 1252      4000 
 1253 000a 2606 06E6 		.string	"&\006\006\346\006 `If\004\261\033\201\314:\006\0066\210\020\023H\210\201\201\221A\362\354
 1253      0620 6049 
 1253      6604 B11B 
 1253      81CC 3A06 
 1253      0636 8810 
 1254 004b 2640 1260 		.ascii	"&@\022`"
 1255               		.text
 1256               		.section	.gnu.lto_.pureconst.61e5a49d,"",@progbits
 1257 0000 789C 6367 		.string	"x\234cg`f`g```b\230\301\3028\203\005"
 1257      6066 6067 
 1257      6060 6062 
 1257      98C1 C238 
 1257      8305 00
 1258 0013 0539 014D 		.ascii	"\0059\001M"
 1259               		.text
 1260               		.section	.gnu.lto_bootmagic.61e5a49d,"",@progbits
 1261 0000 789C 6367 		.string	"x\234cg`f\230\304\300\300 \003\304\262@\314\310\314\300\310\324\320\320\340\300\336\310\3
 1261      6066 98C4 
 1261      C0C0 2003 
 1261      C4B2 40CC 
 1261      C8CC C0C8 
 1262 00b9 00        		.string	""
 1263 00ba 6B7C 3B86 		.ascii	"k|;\206"
 1264               		.text
 1265               		.section	.gnu.lto_magic.61e5a49d,"",@progbits
 1266 0000 789C 8552 		.string	"x\234\205R\317O\023A\024\236\267o\266-\320\362CD\201`\302\211CI@B8\351\301\177\300\277\30
 1266      CF4F 1341 
 1266      149E B76F 
 1266      B62D D0F2 
 1266      4344 8160 
 1267 00cb 484F 6B7E 		.ascii	"HOk~$\352\255\030\020\302\020\366\364\210\336)\354`\271\205\b"
 1267      24EA AD18 
 1267      10C2 10F6 
 1267      F488 DE29 
 1267      EC60 B985 
 1268 00e0 4F01 0917 		.ascii	"O\001\t\027\236@\031<\2062\t^\271\344\221\001\237\037n\\\367"
 1268      9E40 193C 
 1268      8632 095E 
 1268      B9E4 9101 
 1268      9F1F 6E5C 
 1269 00f5 B938 8C42 		.ascii	"\2718\214BE\222\031lp1\240\277|\033\232\325m\261\221 \234\205"
 1269      4592 196C 
 1269      7031 A0BF 
 1269      7C1B 9AD5 
 1269      6DB1 9120 
 1270 010b 01E8 8FE7 		.ascii	"\001\350\217\347\024\002\263\220k\264\351H\233\213\313\223N\233"
 1270      1402 B390 
 1270      6BB4 E948 
 1270      9B8B CB93 
 1270      4E9B 
 1271 011d 3B9F 290C 		.ascii	";\237)\f\026FfPF\034\204\315.\240\026T\347\016\233\315\203\350"
 1271      1646 6650 
 1271      461C 84CD 
 1271      2EA0 1654 
 1271      E70E 9BCD 
 1272 0133 8FFB 15F8 		.ascii	"\217\373\025\3707\350\350;-O=\b$!\022\233Jd\205\300\bz,\364\230"
 1272      37E8 E83B 
 1272      2D4F 3D08 
 1272      2421 129B 
 1272      4A64 85C0 
 1273 014c 28A9 9F41 		.ascii	"(\251\237AH\022e\261/\020Z\034\033\207-\347`\367\225\373y2w\016"
 1273      4812 65B1 
 1273      2F10 5A1C 
 1273      1B87 2DE7 
 1273      60F7 95FB 
 1274 0164 0C9E 3BA9 		.ascii	"\f\236;\251\020\017\316.\377\211\301&\317\350$l\022\225\253C"
 1274      100F CE2E 
 1274      FF89 C126 
 1274      CFE8 246C 
 1274      1295 AB43 
 1275 0178 1A4B B689 		.ascii	"\032K\266\211\032\261\2149,9\n\201\247(\375\276\245t!\311\256"
 1275      1AB1 8C39 
 1275      2C39 0A81 
 1275      A728 FDBE 
 1275      A574 21C9 
 1276 018d A581 784D 		.ascii	"\245\201xM\244z\301\270\003\342c\213`|\352Z\325\245\363v\235"
 1276      A47A C1B8 
 1276      03E2 638B 
 1276      607C EA5A 
 1276      D5A5 F376 
 1277 01a2 B990 CE9E 		.ascii	"\271\220\316\236\033\221u\246\307\365\301\341\233\331Q\270Cm"
 1277      1B91 75A6 
 1277      C7F5 C1E1 
 1277      9BD9 51B8 
 1277      436D 
 1278 01b4 CF83 9784 		.ascii	"\317\203\227\204\003/dBd\261\023\341\313\356\232!9\032}w\311"
 1278      032F 6442 
 1278      64B1 13E1 
 1278      CBEE 9A21 
 1278      391A 7D77 
 1279 01c9 9C0F 1310 		.ascii	"\234\017\023\020\205kN\177^A\r\251Q2\177f\312\3044\266\002\023"
 1279      856B 4E7F 
 1279      5E41 0DA9 
 1279      5132 7F66 
 1279      CAC4 34B6 
 1280 01df 6966 E1B5 		.ascii	"if\341\265#s\317n2\0133d\026Fd+Re\356\2057R\346\344\0162\007"
 1280      2373 CF6E 
 1280      320B 3364 
 1280      1646 642B 
 1280      5265 EE85 
 1281 01fa C95C 0453 		.ascii	"\311\\\004SJ&H\231o\245LT2\327\374\377k\207N\001\323\233\355"
 1281      4A26 4899 
 1281      6FA5 4C54 
 1281      32D7 FCFF 
 1281      6B87 4E01 
 1282 0211 9021 51FC 		.ascii	"\220!Q\374\227\331 :\231\361\314\006\270(\354\335\266\006\254"
 1282      97D9 203A 
 1282      99F1 CC06 
 1282      B828 ECDD 
 1282      B606 AC
 1283 0224 773E D21D 		.ascii	"w>\322\035\347|\362' C\021\312\311\244'\005|\2572\t\034\332Q"
 1283      E77C F227 
 1283      2043 11CA 
 1283      C9A4 2705 
 1283      7CAF 3209 
 1284 023b CB3E 13DD 		.ascii	"\313>\023\335\004\372^\202R\210\205\373U\324\260#\207(z\263\034"
 1284      04FA 5E82 
 1284      5288 85FB 
 1284      55D4 B023 
 1284      8728 7AB3 
 1285 0250 027D 7BF5 		.ascii	"\002}{\365\2123\252W\034\221#\226Z=\204YY\275\031Y=\230\243J"
 1285      8A33 AA57 
 1285      1C91 2396 
 1285      5A3D 8459 
 1285      59BD 1959 
 1286 0268 EDAA A2C4 		.ascii	"\355\252\242\304D\017\371|pT\350\026\226\262%0\372\3429\312Y"
 1286      440F F97C 
 1286      7054 E816 
 1286      96B2 2530 
 1286      FAE2 39CA 
 1287 027d 7E61 6257 		.ascii	"~abW\003K,\245g\333\002gZ\333\232\253\217\267\264\2646\007N\236"
 1287      034B 2CA5 
 1287      67DB 0267 
 1287      5ADB 9AAB 
 1287      8FB7 B4B4 
 1288 0295 AAAF 567B 		.ascii	"\252\257V{U=\36354\236\b\2645\265\036k\n\234o<W\220|\256:\330"
 1288      553D F335 
 1288      349E 08B4 
 1288      35B5 1E6B 
 1288      0A9C 6F3C 
 1289 02af 5057 17A8 		.ascii	"PW\027\250\257\255e\177\001\242Fh\333"
 1289      AFAD 657F 
 1289      01A2 4668 
 1289      DB
 1290               		.text
 1291               		.section	.gnu.lto_.symbol_nodes.61e5a49d,"",@progbits
 1292 0000 789C 6D8F 		.string	"x\234m\217\273\021\302@\fDw-\333gl\376\337\020\206J`\206\002\350Hg*\240\006\206\200\032\2
 1292      BB11 C240 
 1292      0C44 772D 
 1292      DB67 6CFE 
 1292      DF10 864A 
 1293 005a DEEF 1AB1 		.ascii	"\336\357\032\261P\261\305\\S[\3144\263\305Ds[\214\325\331b\244"
 1293      50B1 C55C 
 1293      535B CC34 
 1293      B3C5 4473 
 1293      5B8C D5D9 
 1294 0070 8529 8455 		.ascii	"\205)\204U\035\236;\b\313\327\347{#\257\024\366\272\341\273\301"
 1294      1D9E 3B08 
 1294      CBD7 E77B 
 1294      23AF 14F6 
 1294      BAE1 BBC1 
 1295 0084 A2C3 472E 		.ascii	"\242\303G.D\207\027'tq\241\301<b)\314\342n\205?\225{tT"
 1295      4487 1727 
 1295      7471 A1C1 
 1295      3C62 29CC 
 1295      E26E 853F 
 1296               		.text
 1297               		.section	.gnu.lto_.refs.61e5a49d,"",@progbits
 1298 0000 789C 6367 		.string	"x\234cg`f\340a```fdd\342`d\346f`\021e"
 1298      6066 E061 
 1298      6060 6066 
 1298      6464 E260 
 1298      64E6 6660 
 1299 0017 00        		.string	""
 1300 0018 02A7 00   		.string	"\002\247"
 1301 001b 4E        		.ascii	"N"
 1302               		.text
 1303               		.section	.gnu.lto_.decls.61e5a49d,"",@progbits
 1304 0000 789C 8557 		.ascii	"x\234\205WiPSY\026~\367\335\004BL\210\255\314\024=R5Lu\247\273"
 1304      6950 5359 
 1304      167E F7DD 
 1304      0442 4C88 
 1304      ADCC 143D 
 1305 001a 28A7 04B5 		.ascii	"(\247\004\265\265uj~LM\3335\377f~\314\364\017\177\275\n!\255"
 1305      B575 6A7E 
 1305      4C4D DB35 
 1305      FF66 7ECC 
 1305      F40F 7FBD 
 1306 0031 144B 9C24 		.ascii	"\024K\234$\350\364\277\207\002\202\255\210\0134\213\013\2104"
 1306      E8F4 BF87 
 1306      0282 AD88 
 1306      0B34 8B0B 
 1306      8834 
 1307 0043 8B48 E32E 		.ascii	"\213H\343.hk\240A\024\033d\023YT\02048\270@\273\200\250\rs\356"
 1307      686B A041 
 1307      141B 6413 
 1307      5954 1034 
 1307      38B8 40BB 
 1308 005c 9297 1725 		.ascii	"\222\227\027%5)N\356;\367~\347\273\347\234{\316}$X\300\302\243"
 1308      3529 4EEE 
 1308      3BF7 7EE7 
 1308      BBE7 9C7B 
 1308      CE7D 2458 
 1309 0073 8582 502C 		.ascii	"\205\202P,\n\302:$\bs\360\301\202 t\202\200*4\n\354\023\002r"
 1309      0AC2 3A24 
 1309      0873 F0C1 
 1309      8220 7482 
 1309      802A 340A 
 1310 008b 15A4 15A4 		.ascii	"\025\244\025\244\035\244\013\244\037d\004\344>\210\007\344\t"
 1310      1DA4 0BA4 
 1310      1F64 04E4 
 1310      3E88 07E4 
 1310      09
 1311 009c 08B1 D583 		.ascii	"\b\261\325\203a4\310r$\370}\366 \306\271\221\353\210s\276\373"
 1311      6134 C872 
 1311      24F8 7DF6 
 1311      20C6 B991 
 1311      EB88 73BE 
 1312 00b1 C985 8525 		.ascii	"\311\205\205%\034\267\b$\214\3731\016\022\001\262\036\344S\220"
 1312      1CB7 0824 
 1312      8CFB 310E 
 1312      1201 B21E 
 1312      E453 90
 1313 00c4 1580 7B0C 		.ascii	"\025\200{\f\343J\030[`\374\f\306>\030W\301\030\002r\013\236W"
 1313      E34A 185B 
 1313      60FC 0CC6 
 1313      3E18 57C1 
 1313      1802 720B 
 1314 00da C378 0FC6 		.ascii	"\303x\017\306\317a\\\0062\f\317k\020\213o-\214\177\002i\203g"
 1314      CF61 5C06 
 1314      320C CF6B 
 1314      108B 6F2D 
 1314      8C7F 0269 
 1315 00f0 085F D0C2 		.ascii	"\b_\320\302\363R\304bm\345\361xx|#\334\327~\036{\373\377\213"
 1315      F352 C462 
 1315      6DE5 F178 
 1315      787C 23DC 
 1315      D77E 1E7B 
 1316 0107 15A3 89E6 		.ascii	"\025\243\211\346\247\247\20231\372T\217HVM0\225\223:4j`S\004"
 1316      A7A7 8233 
 1316      31FA 548F 
 1316      4856 4D30 
 1316      9593 3A34 
 1317 011f D171 FB4A 		.ascii	"\321q\373J\201\021\213\364\371\372\303\256\3538\246Ff\037\335"
 1317      8111 8BF4 
 1317      F9FA C3AE 
 1317      EB38 A646 
 1317      661F DD
 1318 0132 9F05 F423 		.ascii	"\237\005\364#\302\224\312\274\200\254g\357l\035\016\305\237S"
 1318      C294 CABC 
 1318      80AC 67EF 
 1318      6C1D 0EC5 
 1318      9F53 
 1319 0144 EC2F 87D3 		.ascii	"\354/\207\323g0\320,\322#\r\250\003\207\346\272\215\240\206\351"
 1319      6730 D02C 
 1319      D223 0DA8 
 1319      0387 E6BA 
 1319      8DA0 86E9 
 1320 0158 5124 A8E3 		.ascii	"Q$\250\343-\375\243!\372LY\336*O\312\362\242p\0015\240\b\344"
 1320      2DFD A321 
 1320      FA4C 59DE 
 1320      2A4F CAF2 
 1320      A270 0135 
 1321 016f 4611 02BA 		.ascii	"F\021\002\272\214\350\336\227P\214\200.\302\344\0052\331\210"
 1321      8CE8 DE97 
 1321      508C 802E 
 1321      C2E4 0532 
 1321      D988 
 1322 0181 F460 555B 		.ascii	"\364`U[][\250\031Bw\220\310O\211\034\020\342\003\242\302tDU\030"
 1322      5D5B A819 
 1322      4277 90C8 
 1322      4F89 1C10 
 1322      E203 A2C2 
 1323 0199 4536 F029 		.ascii	"E6\360)\304a\202\367\231\243\330\274\350#\244\177H\340|s\336"
 1323      C461 82F7 
 1323      99A3 D8BC 
 1323      E823 A47F 
 1323      48E0 7C73 
 1324 01ae 0FE3 E610 		.ascii	"\017\343\346\020\037!\231\023\275Ie\374\034\006_\"\342\025\313"
 1324      1F21 9913 
 1324      BD49 65FC 
 1324      1C06 5F22 
 1324      E215 CB
 1325 01c1 1918 AFCA 		.ascii	"\031\030\257\312\001\277E\266\261jY\035%\362\236Z\365\356\342"
 1325      01BF 45B6 
 1325      B16A 591D 
 1325      25F2 9E5A 
 1325      F5EE E2
 1326 01d4 0A03 FE92 		.ascii	"\n\003\376\222\346\271\355\366\223j-\376\007}\256=\360\266S\247"
 1326      E6B9 EDF6 
 1326      936A 2DFE 
 1326      077D AE3D 
 1326      F0B6 53A7 
 1327 01e8 1105 D44C 		.ascii	"\021\005\324L\217\205\344\271\277\351Hhx\0369.\267,G\"\264\361"
 1327      8F85 E4B9 
 1327      BFE9 4868 
 1327      781E 392E 
 1327      B72C 4722 
 1328 01fe B768 6504 		.ascii	"\267he\004\212\201\022E-(\034\2767k\030\362\355\013\317\r\343"
 1328      8A81 1245 
 1328      2D28 1CBE 
 1328      376B 18F2 
 1328      ED0B CF0D 
 1329 0213 4725 F2B0 		.ascii	"G%\362\260[v\217\025\256\371\251<U\256-\226\345\277P\034j\202"
 1329      5B76 8F15 
 1329      AEF9 A93C 
 1329      55AE 2D96 
 1329      E5BF 501C 
 1330 0229 4321 2722 		.ascii	"C!'\"\240+H#\020\225\370\363\023\032B\346\031\235\200\256\242"
 1330      A02B 4823 
 1330      1095 F8F3 
 1330      131A 42E6 
 1330      199D 80AE 
 1331 023e 8F80 2277 		.ascii	"\217\200\"w\347\301\374 lg\256\214\\k\320\001]\361\260\354\366"
 1331      E7C1 FC20 
 1331      6C67 AE8C 
 1331      5C6B D001 
 1331      5DF1 B0EC 
 1332 0253 C4A5 CBEE 		.ascii	"\304\245\313\356TpA\244\\\327\274\\\300pMEt\027\210Z)Q\333\253"
 1332      5470 41A4 
 1332      5CD7 BC5C 
 1332      C070 4D45 
 1332      7417 885A 
 1333 026b 3BCD 1A9C 		.ascii	";\315\032\234B\211\246\253frHL\264\006\210\2670\367\252jl\316"
 1333      4289 A6AB 
 1333      6672 484C 
 1333      B406 88B7 
 1333      30F7 AA6A 
 1334 0281 2F2A B2E4 		.ascii	"/*\262\344\r\253\215\206\3653\342q\325M\316\034\r!q\001\266\245"
 1334      0DAB 8D86 
 1334      F533 E271 
 1334      D54D CE1C 
 1334      0D21 7101 
 1335 0297 F2E3 A24B 		.ascii	"\362\343\242K\373\345\314 \212B\327U\216\\\347\205,\240v\352"
 1335      FBE5 CC20 
 1335      8A42 D755 
 1335      8E5C E785 
 1335      2CA0 76EA 
 1336 02ab C2AE 13A3 		.ascii	"\302\256\023\2437\027\340\n\024\320\207\201#\031\245\301\001"
 1336      3717 E00A 
 1336      14D0 8781 
 1336      2319 A5C1 
 1336      01
 1337 02bc 32DB 495D 		.ascii	"2\333I]\350\360\272\360C\301\344E\023w\301\343\321\246\313\215"
 1337      E8F0 BAF0 
 1337      43C1 E445 
 1337      1377 C1E3 
 1337      D1A6 CB8D 
 1338 02d0 8840 D00D 		.ascii	"\210@\320\r\325\3767\224\375\273\350\376\333\335g\037\030p=\333"
 1338      D5FE 3794 
 1338      FDBB E8FE 
 1338      DBDD 671F 
 1338      1870 3DDB 
 1339 02e4 3FE3 42C9 		.ascii	"?\343B\311\035\r4O\004t)R\265h\004k\321\312\303\025MF\334\313"
 1339      1D0D 344F 
 1339      0474 2952 
 1339      B568 046B 
 1339      D1CA C315 
 1340 02fc B0FD 63F7 		.ascii	"\260\375c\367rt\254\263\334\305r\020t\026\363\n\365\"j@\373\352"
 1340      7274 ACB3 
 1340      DCC5 7210 
 1340      7416 F30A 
 1340      F522 6A40 
 1341 0312 26F4 550F 		.ascii	"&\364U\017\364\025\340\347\252\353\017i\325q\334R\345\262\317"
 1341      F415 E0E7 
 1341      AAEB 0F69 
 1341      D571 DC52 
 1341      E5B2 CF
 1342 0325 AF44 F2EB 		.ascii	"\257D\362\353\263\362By\034\323\027\376Xt\222\245\022@\250[\025"
 1342      B3F2 4279 
 1342      1CD3 17FE 
 1342      5874 92A5 
 1342      1240 A85B 
 1343 033a 4AB7 124A 		.ascii	"J\267\022J?\r\345m\345SO(~\315\334\353"
 1343      3F0D E56D 
 1343      E553 4F28 
 1343      7ECD DCEB 
 1344 034a 2AAA 9A21 		.string	"*\252\232!\241\254'\027\016V\305\262\236\305ri\317\240G\217w\263\373\346Z_\321\367&v\207\
 1344      A1AC 2717 
 1344      0E56 C5B2 
 1344      9EC5 7269 
 1344      CFA0 478F 
 1345 044b 684C E5FF 		.string	"hL\345\377\230\342\377\023\352\377\216\331\376\233A\270G\364{\203\204\2617HNaF\211\001\33
 1345      98E2 FF13 
 1345      EAFF 8ED9 
 1345      FE9B 41B8 
 1345      47F4 7B83 
 1346 0487 00        		.string	""
 1347 0488 3389 E92C 		.ascii	"3\211\351,\t\206\214@y\260\367M\006\177)\221R\314\272Y"
 1347      0986 8C40 
 1347      79B0 F74D 
 1347      067F 2991 
 1347      52CC BA59 
 1348 049c 5619 8AC7 		.string	"V\031\212\307\375k/\214\325\336\361G\303u\030O\262\265+\333.4h\361\fS\266\rt\235\323a\031
 1348      FD6B 2F8C 
 1348      D5DE F147 
 1348      C375 184F 
 1348      B2B5 2BDB 
 1349 059d A6BD EF67 		.string	"\246\275\357g\217"
 1349      8F00 
 1350 05a3 49F6 D220 		.ascii	"I\366\322 {\333D3Jg\031\003\237\237{\262\233\f\370(\365Y|[0R"
 1350      7BDB 4433 
 1350      4A67 1903 
 1350      9F9F 7BB2 
 1350      9B0C F828 
 1351 05bd 6242 5161 		.ascii	"bBQa<\316\317\210+Y`\272]\364u\016qm\236=P&P"
 1351      3CCE CF88 
 1351      2B59 60BA 
 1351      5DF4 750E 
 1351      716D 9E3D 
 1352 05d4 07DE 66B6 		.string	"\007\336f\266\354M\216\370\311Q\031^\354\356\366\227P;\215\251\032J\375\2245\245\342)\350
 1352      EC4D 8EF8 
 1352      C951 195E 
 1352      ECEE F697 
 1352      503B 8DA9 
 1353 06d5 7A14 E47B 		.string	"z\024\344{\220R\220r\220B\2202\220\303 G@\016\200\034T\367\357\270\322\2779\201\223\261[\
 1353      9052 9072 
 1353      9042 9032 
 1353      90C3 2047 
 1353      400E 801C 
 1354 06fb 9CAF 6346 		.string	"\234\257cF}\361\027\004\246Se\354\231\262}v\340\370Ux\337u\223\027\230\377\205\352\032|\3
 1354      7DF1 1704 
 1354      A653 65EC 
 1354      99B2 7D76 
 1354      E0F8 5578 
 1355 074e 2AA1 A3E7 		.ascii	"*\241\243\347\253\306\275\363\225J%\277-\252\240T\216\301\026"
 1355      ABC6 BDF3 
 1355      954A 25BF 
 1355      2DAA A054 
 1355      8EC1 16
 1356 0761 15AC 0CD8 		.ascii	"\025\254\f\330\251\336e\027a\345\274\027\241g\024\263M\207\371"
 1356      A9DE 6517 
 1356      61E5 BC17 
 1356      A167 14B3 
 1356      4D87 F9
 1357 0774 4518 685F 		.ascii	"E\030h_\350\303\241\274\275\257\2158]K/\270\373\345\257&4\312"
 1357      E8C3 A1BC 
 1357      BDAF 8D38 
 1357      5D4B 2FB8 
 1357      FBE5 AF26 
 1358 078a 05D7 BB8A 		.ascii	"\005\327\273\212lQ\003\266\325\252\013\256\322w\301\371{\214"
 1358      6C51 03B6 
 1358      D5AA 0BAE 
 1358      D277 C1F9 
 1358      7B8C 
 1359 079c 8E83 A301 		.ascii	"\216\203\243\001\234\206\215~>\366\254\204^q\364wL\314\2762\370"
 1359      9C86 8D7E 
 1359      3EF6 AC84 
 1359      5E71 F477 
 1359      4CCC BE32 
 1360 07b1 1D23 234A 		.ascii	"\035##J\377-\243W\271\b3\202\271\027~w\374@\257\271\246\303\333"
 1360      FF2D A357 
 1360      B908 3382 
 1360      B917 7E77 
 1360      FC40 AFB9 
 1361 07c8 8E19 712E 		.ascii	"\216\031q.u\022\325l"
 1361      7512 D56C 
 1362 07d0 2F2D 3712 		.ascii	"/-7\022\242\255\344\207Cd\301\355\003rf\306B\372\013\240\226"
 1362      A2AD E487 
 1362      4364 C1ED 
 1362      0372 66C6 
 1362      42FA 0BA0 
 1363 07e5 1379 7FB3 		.ascii	"\023y\177\263\ndF0_\005\242\023\224\350\345\363\324,\235a\207"
 1363      0A64 4630 
 1363      5F05 A213 
 1363      94E8 E5F3 
 1363      D42C 9D61 
 1364 07fa F2AF 29FD 		.ascii	"\362\257)\375\307\307\267\355I\321@c\204\021\300\337~\327&\233"
 1364      C7C7 B7ED 
 1364      49D1 4063 
 1364      8411 C0DF 
 1364      7ED7 269B 
 1365 080e D4E0 163F 		.ascii	"\324\340\026?\360)"
 1365      F029 
 1366 0814 0E3E 45C1 		.string	"\016>E\301\373\333_z\fjp\237\037\3704\007\237\246\340\302\211''C\325\340,\277\003:\303\30
 1366      FBDB 5F7A 
 1366      0C6A 709F 
 1366      1FF8 3407 
 1366      9FA6 E0C2 
 1367 0915 6398 BF7D 		.string	"c\230\277}\202\355\233$\313&\0351\\\276Zr-~\227=6e\203Q\231\213O\216W!\342\235\222-\331\0
 1367      82ED 9B24 
 1367      CB26 1D31 
 1367      5CBE 5A72 
 1367      2D7E 973D 
 1368 096a 2FB1 C3B2 		.ascii	"/\261\303\262%T\315'\271\214\314U\256\233\354\3116\347F\273K"
 1368      2554 CD27 
 1368      B98C CC55 
 1368      AE9B ECC9 
 1368      36E7 46BB 
 1369 097f 8A8B 7712 		.ascii	"\212\213w\022\246P\347\026XsX]\211\222cCJ<S\023\211\232\b\252"
 1369      A650 E716 
 1369      5873 585D 
 1369      8992 6343 
 1369      4A3C 5313 
 1370 0997 2639 C161 		.ascii	"&9\301a\017\247s\261\026k\2023\321\342\334\310\2366Y\254\334"
 1370      0FA7 73B1 
 1370      166B 8233 
 1370      D1E2 DCC8 
 1370      9E36 59AC 
 1371 09ac 7683 C3B2 		.ascii	"v\203\303\262\331&\331\234\326\240d\273\244P8,\220\\\025#Q\t"
 1371      D926 D99C 
 1371      D6A0 64BB 
 1371      A450 382C 
 1371      905C 1523 
 1372 09c2 E362 AB65 		.ascii	"\343b\253e\2233\321nM\220\\v\342\222\313aO\374\r\205pE\362\002"
 1372      9333 D16E 
 1372      4D90 5C76 
 1372      E292 CB61 
 1372      4FFC 0D85 
 1373 09da 9442 03FF 		.ascii	"\224B\003\377\255\3668\233\244\034\205\311/\"\311\265@U\037\377"
 1373      ADF6 389B 
 1373      A41C 85C9 
 1373      2F22 C9B5 
 1373      4055 1FFF 
 1374 09ee 0372 BEA8 		.ascii	"\003r\276\250\300"
 1374      C0
 1375               		.text
 1376               		.section	.gnu.lto_.symtab.61e5a49d,"",@progbits
 1377 0000 626F 6F74 		.string	"bootmagic"
 1377      6D61 6769 
 1377      6300 
 1378 000a 00        		.string	""
 1379 000b 01        		.ascii	"\001"
 1380 000c 00        		.string	""
 1381 000d 00        		.string	""
 1382 000e 00        		.string	""
 1383 000f 00        		.string	""
 1384 0010 00        		.string	""
 1385 0011 00        		.string	""
 1386 0012 00        		.string	""
 1387 0013 00        		.string	""
 1388 0014 00        		.string	""
 1389 0015 C800      		.string	"\310"
 1390 0017 00        		.string	""
 1391 0018 00        		.string	""
 1392 0019 6D61 6769 		.string	"magic"
 1392      6300 
 1393 001f 00        		.string	""
 1394 0020 00        		.string	""
 1395 0021 00        		.string	""
 1396 0022 00        		.string	""
 1397 0023 00        		.string	""
 1398 0024 00        		.string	""
 1399 0025 00        		.string	""
 1400 0026 00        		.string	""
 1401 0027 00        		.string	""
 1402 0028 00        		.string	""
 1403 0029 00        		.string	""
 1404 002a CA00      		.string	"\312"
 1405 002c 00        		.string	""
 1406 002d 00        		.string	""
 1407 002e 6B65 796D 		.string	"keymap_config"
 1407      6170 5F63 
 1407      6F6E 6669 
 1407      6700 
 1408 003c 00        		.string	""
 1409 003d 04        		.ascii	"\004"
 1410 003e 00        		.string	""
 1411 003f 0200      		.string	"\002"
 1412 0041 00        		.string	""
 1413 0042 00        		.string	""
 1414 0043 00        		.string	""
 1415 0044 00        		.string	""
 1416 0045 00        		.string	""
 1417 0046 00        		.string	""
 1418 0047 2F01 00   		.string	"/\001"
 1419 004a 00        		.string	""
 1420 004b 6465 6275 		.string	"debug_config"
 1420      675F 636F 
 1420      6E66 6967 
 1420      00
 1421 0058 00        		.string	""
 1422 0059 02        		.ascii	"\002"
 1423 005a 00        		.string	""
 1424 005b 00        		.string	""
 1425 005c 00        		.string	""
 1426 005d 00        		.string	""
 1427 005e 00        		.string	""
 1428 005f 00        		.string	""
 1429 0060 00        		.string	""
 1430 0061 00        		.string	""
 1431 0062 00        		.string	""
 1432 0063 0A01 00   		.string	"\n\001"
 1433 0066 00        		.string	""
 1434 0067 6C61 7965 		.string	"layer_state"
 1434      725F 7374 
 1434      6174 6500 
 1435 0073 00        		.string	""
 1436 0074 02        		.ascii	"\002"
 1437 0075 00        		.string	""
 1438 0076 00        		.string	""
 1439 0077 00        		.string	""
 1440 0078 00        		.string	""
 1441 0079 00        		.string	""
 1442 007a 00        		.string	""
 1443 007b 00        		.string	""
 1444 007c 00        		.string	""
 1445 007d 00        		.string	""
 1446 007e 3101 00   		.string	"1\001"
 1447 0081 00        		.string	""
 1448 0082 6C61 7965 		.string	"layer_state_set_kb"
 1448      725F 7374 
 1448      6174 655F 
 1448      7365 745F 
 1448      6B62 00
 1449 0095 00        		.string	""
 1450 0096 02        		.ascii	"\002"
 1451 0097 00        		.string	""
 1452 0098 00        		.string	""
 1453 0099 00        		.string	""
 1454 009a 00        		.string	""
 1455 009b 00        		.string	""
 1456 009c 00        		.string	""
 1457 009d 00        		.string	""
 1458 009e 00        		.string	""
 1459 009f 00        		.string	""
 1460 00a0 CE00      		.string	"\316"
 1461 00a2 00        		.string	""
 1462 00a3 00        		.string	""
 1463 00a4 6465 6661 		.string	"default_layer_set"
 1463      756C 745F 
 1463      6C61 7965 
 1463      725F 7365 
 1463      7400 
 1464 00b6 00        		.string	""
 1465 00b7 02        		.ascii	"\002"
 1466 00b8 00        		.string	""
 1467 00b9 00        		.string	""
 1468 00ba 00        		.string	""
 1469 00bb 00        		.string	""
 1470 00bc 00        		.string	""
 1471 00bd 00        		.string	""
 1472 00be 00        		.string	""
 1473 00bf 00        		.string	""
 1474 00c0 00        		.string	""
 1475 00c1 D200      		.string	"\322"
 1476 00c3 00        		.string	""
 1477 00c4 00        		.string	""
 1478 00c5 6565 636F 		.string	"eeconfig_read_default_layer"
 1478      6E66 6967 
 1478      5F72 6561 
 1478      645F 6465 
 1478      6661 756C 
 1479 00e1 00        		.string	""
 1480 00e2 02        		.ascii	"\002"
 1481 00e3 00        		.string	""
 1482 00e4 00        		.string	""
 1483 00e5 00        		.string	""
 1484 00e6 00        		.string	""
 1485 00e7 00        		.string	""
 1486 00e8 00        		.string	""
 1487 00e9 00        		.string	""
 1488 00ea 00        		.string	""
 1489 00eb 00        		.string	""
 1490 00ec D900      		.string	"\331"
 1491 00ee 00        		.string	""
 1492 00ef 00        		.string	""
 1493 00f0 6565 636F 		.string	"eeconfig_read_keymap"
 1493      6E66 6967 
 1493      5F72 6561 
 1493      645F 6B65 
 1493      796D 6170 
 1494 0105 00        		.string	""
 1495 0106 02        		.ascii	"\002"
 1496 0107 00        		.string	""
 1497 0108 00        		.string	""
 1498 0109 00        		.string	""
 1499 010a 00        		.string	""
 1500 010b 00        		.string	""
 1501 010c 00        		.string	""
 1502 010d 00        		.string	""
 1503 010e 00        		.string	""
 1504 010f 00        		.string	""
 1505 0110 E200      		.string	"\342"
 1506 0112 00        		.string	""
 1507 0113 00        		.string	""
 1508 0114 6565 636F 		.string	"eeconfig_read_debug"
 1508      6E66 6967 
 1508      5F72 6561 
 1508      645F 6465 
 1508      6275 6700 
 1509 0128 00        		.string	""
 1510 0129 02        		.ascii	"\002"
 1511 012a 00        		.string	""
 1512 012b 00        		.string	""
 1513 012c 00        		.string	""
 1514 012d 00        		.string	""
 1515 012e 00        		.string	""
 1516 012f 00        		.string	""
 1517 0130 00        		.string	""
 1518 0131 00        		.string	""
 1519 0132 00        		.string	""
 1520 0133 E400      		.string	"\344"
 1521 0135 00        		.string	""
 1522 0136 00        		.string	""
 1523 0137 6565 636F 		.string	"eeconfig_init"
 1523      6E66 6967 
 1523      5F69 6E69 
 1523      7400 
 1524 0145 00        		.string	""
 1525 0146 02        		.ascii	"\002"
 1526 0147 00        		.string	""
 1527 0148 00        		.string	""
 1528 0149 00        		.string	""
 1529 014a 00        		.string	""
 1530 014b 00        		.string	""
 1531 014c 00        		.string	""
 1532 014d 00        		.string	""
 1533 014e 00        		.string	""
 1534 014f 00        		.string	""
 1535 0150 E600      		.string	"\346"
 1536 0152 00        		.string	""
 1537 0153 00        		.string	""
 1538 0154 6565 636F 		.string	"eeconfig_is_enabled"
 1538      6E66 6967 
 1538      5F69 735F 
 1538      656E 6162 
 1538      6C65 6400 
 1539 0168 00        		.string	""
 1540 0169 02        		.ascii	"\002"
 1541 016a 00        		.string	""
 1542 016b 00        		.string	""
 1543 016c 00        		.string	""
 1544 016d 00        		.string	""
 1545 016e 00        		.string	""
 1546 016f 00        		.string	""
 1547 0170 00        		.string	""
 1548 0171 00        		.string	""
 1549 0172 00        		.string	""
 1550 0173 ED00      		.string	"\355"
 1551 0175 00        		.string	""
 1552 0176 00        		.string	""
 1553               		.text
 1554               		.section	.gnu.lto_.opts,"",@progbits
 1555 0000 272D 666E 		.ascii	"'-fn"
 1556 0004 6F2D 6F70 		.string	"o-openmp' '-fno-openacc' '-fno-pie' '-mn-flash=1' '-mno-skip-bug' '-mmcu=avr5' '-Os' '-We
 1556      656E 6D70 
 1556      2720 272D 
 1556      666E 6F2D 
 1556      6F70 656E 
 1557               		.text
 1558               		.comm	__gnu_lto_v1,1,1
 1559               		.comm	__gnu_lto_slim,1,1
 1560               		.ident	"GCC: (GNU) 8.4.0"
DEFINED SYMBOLS
                            *ABS*:0000000000000000 magic.c
C:\Users\Roningo\AppData\Local\Temp\ccvV5FKZ.s:2      *ABS*:000000000000003e __SP_H__
C:\Users\Roningo\AppData\Local\Temp\ccvV5FKZ.s:3      *ABS*:000000000000003d __SP_L__
C:\Users\Roningo\AppData\Local\Temp\ccvV5FKZ.s:4      *ABS*:000000000000003f __SREG__
C:\Users\Roningo\AppData\Local\Temp\ccvV5FKZ.s:5      *ABS*:0000000000000000 __tmp_reg__
C:\Users\Roningo\AppData\Local\Temp\ccvV5FKZ.s:6      *ABS*:0000000000000001 __zero_reg__
C:\Users\Roningo\AppData\Local\Temp\ccvV5FKZ.s:21     .gnu.debuglto_.debug_info:0000000000000000 magic.c.0d55ac33
                            *COM*:0000000000000001 __gnu_lto_v1
                            *COM*:0000000000000001 __gnu_lto_slim

NO UNDEFINED SYMBOLS
