   1               		.file	"printf.c"
   2               	__SP_H__ = 0x3e
   3               	__SP_L__ = 0x3d
   4               	__SREG__ = 0x3f
   5               	__tmp_reg__ = 0
   6               	__zero_reg__ = 1
   7               		.file 1 "e:\\game\\msys2\\mingw64\\avr\\include\\stdint.h"
   8               		.file 2 "tmk_core/common/sendchar.h"
   9               		.file 3 "tmk_core/common/avr/xprintf.h"
  10               		.file 4 "tmk_core/common/avr/printf.c"
  11               		.section	.gnu.debuglto_.debug_info,"",@progbits
  12               	.Ldebug_info0:
  13               		.hidden	printf.c.e6ac97a1
  14               		.weak	printf.c.e6ac97a1
  15               	printf.c.e6ac97a1:
  16 0000 C300 0000 		.long	0xc3
  17 0004 0200      		.word	0x2
  18 0006 0000 0000 		.long	.Ldebug_abbrev0
  19 000a 04        		.byte	0x4
  20 000b 01        		.uleb128 0x1
  21 000c 0000 0000 		.long	.LASF10
  22 0010 0C        		.byte	0xc
  23 0011 0000 0000 		.long	.LASF11
  24 0015 0000 0000 		.long	.LASF12
  25 0019 0000 0000 		.long	.Ldebug_line0
  26 001d 02        		.uleb128 0x2
  27 001e 0000 0000 		.long	.LASF0
  28 0022 01        		.byte	0x1
  29 0023 7D        		.byte	0x7d
  30 0024 14        		.byte	0x14
  31 0025 2900 0000 		.long	0x29
  32 0029 03        		.uleb128 0x3
  33 002a 01        		.byte	0x1
  34 002b 06        		.byte	0x6
  35 002c 0000 0000 		.long	.LASF2
  36 0030 02        		.uleb128 0x2
  37 0031 0000 0000 		.long	.LASF1
  38 0035 01        		.byte	0x1
  39 0036 7E        		.byte	0x7e
  40 0037 16        		.byte	0x16
  41 0038 3C00 0000 		.long	0x3c
  42 003c 03        		.uleb128 0x3
  43 003d 01        		.byte	0x1
  44 003e 08        		.byte	0x8
  45 003f 0000 0000 		.long	.LASF3
  46 0043 04        		.uleb128 0x4
  47 0044 02        		.byte	0x2
  48 0045 05        		.byte	0x5
  49 0046 696E 7400 		.string	"int"
  50 004a 03        		.uleb128 0x3
  51 004b 02        		.byte	0x2
  52 004c 07        		.byte	0x7
  53 004d 0000 0000 		.long	.LASF4
  54 0051 03        		.uleb128 0x3
  55 0052 04        		.byte	0x4
  56 0053 05        		.byte	0x5
  57 0054 0000 0000 		.long	.LASF5
  58 0058 03        		.uleb128 0x3
  59 0059 04        		.byte	0x4
  60 005a 07        		.byte	0x7
  61 005b 0000 0000 		.long	.LASF6
  62 005f 03        		.uleb128 0x3
  63 0060 08        		.byte	0x8
  64 0061 05        		.byte	0x5
  65 0062 0000 0000 		.long	.LASF7
  66 0066 03        		.uleb128 0x3
  67 0067 08        		.byte	0x8
  68 0068 07        		.byte	0x7
  69 0069 0000 0000 		.long	.LASF8
  70 006d 05        		.uleb128 0x5
  71 006e 01        		.byte	0x1
  72 006f 7900 0000 		.long	0x79
  73 0073 06        		.uleb128 0x6
  74 0074 3000 0000 		.long	0x30
  75 0078 00        		.byte	0
  76 0079 07        		.uleb128 0x7
  77 007a 0000 0000 		.long	.LASF13
  78 007e 03        		.byte	0x3
  79 007f 0E        		.byte	0xe
  80 0080 0F        		.byte	0xf
  81 0081 8700 0000 		.long	0x87
  82 0085 01        		.byte	0x1
  83 0086 01        		.byte	0x1
  84 0087 08        		.uleb128 0x8
  85 0088 02        		.byte	0x2
  86 0089 6D00 0000 		.long	0x6d
  87 008d 02        		.uleb128 0x2
  88 008e 0000 0000 		.long	.LASF9
  89 0092 02        		.byte	0x2
  90 0093 1A        		.byte	0x1a
  91 0094 12        		.byte	0x12
  92 0095 9900 0000 		.long	0x99
  93 0099 08        		.uleb128 0x8
  94 009a 02        		.byte	0x2
  95 009b 9F00 0000 		.long	0x9f
  96 009f 09        		.uleb128 0x9
  97 00a0 01        		.byte	0x1
  98 00a1 1D00 0000 		.long	0x1d
  99 00a5 AF00 0000 		.long	0xaf
 100 00a9 06        		.uleb128 0x6
 101 00aa 3000 0000 		.long	0x30
 102 00ae 00        		.byte	0
 103 00af 0A        		.uleb128 0xa
 104 00b0 01        		.byte	0x1
 105 00b1 0000 0000 		.long	.LASF14
 106 00b5 04        		.byte	0x4
 107 00b6 14        		.byte	0x14
 108 00b7 06        		.byte	0x6
 109 00b8 01        		.byte	0x1
 110 00b9 0B        		.uleb128 0xb
 111 00ba 0000 0000 		.long	.LASF15
 112 00be 04        		.byte	0x4
 113 00bf 14        		.byte	0x14
 114 00c0 29        		.byte	0x29
 115 00c1 8D00 0000 		.long	0x8d
 116 00c5 00        		.byte	0
 117 00c6 00        		.byte	0
 118               		.section	.gnu.debuglto_.debug_abbrev,"",@progbits
 119               	.Ldebug_abbrev0:
 120 0000 01        		.uleb128 0x1
 121 0001 11        		.uleb128 0x11
 122 0002 01        		.byte	0x1
 123 0003 25        		.uleb128 0x25
 124 0004 0E        		.uleb128 0xe
 125 0005 13        		.uleb128 0x13
 126 0006 0B        		.uleb128 0xb
 127 0007 03        		.uleb128 0x3
 128 0008 0E        		.uleb128 0xe
 129 0009 1B        		.uleb128 0x1b
 130 000a 0E        		.uleb128 0xe
 131 000b 10        		.uleb128 0x10
 132 000c 06        		.uleb128 0x6
 133 000d 00        		.byte	0
 134 000e 00        		.byte	0
 135 000f 02        		.uleb128 0x2
 136 0010 16        		.uleb128 0x16
 137 0011 00        		.byte	0
 138 0012 03        		.uleb128 0x3
 139 0013 0E        		.uleb128 0xe
 140 0014 3A        		.uleb128 0x3a
 141 0015 0B        		.uleb128 0xb
 142 0016 3B        		.uleb128 0x3b
 143 0017 0B        		.uleb128 0xb
 144 0018 39        		.uleb128 0x39
 145 0019 0B        		.uleb128 0xb
 146 001a 49        		.uleb128 0x49
 147 001b 13        		.uleb128 0x13
 148 001c 00        		.byte	0
 149 001d 00        		.byte	0
 150 001e 03        		.uleb128 0x3
 151 001f 24        		.uleb128 0x24
 152 0020 00        		.byte	0
 153 0021 0B        		.uleb128 0xb
 154 0022 0B        		.uleb128 0xb
 155 0023 3E        		.uleb128 0x3e
 156 0024 0B        		.uleb128 0xb
 157 0025 03        		.uleb128 0x3
 158 0026 0E        		.uleb128 0xe
 159 0027 00        		.byte	0
 160 0028 00        		.byte	0
 161 0029 04        		.uleb128 0x4
 162 002a 24        		.uleb128 0x24
 163 002b 00        		.byte	0
 164 002c 0B        		.uleb128 0xb
 165 002d 0B        		.uleb128 0xb
 166 002e 3E        		.uleb128 0x3e
 167 002f 0B        		.uleb128 0xb
 168 0030 03        		.uleb128 0x3
 169 0031 08        		.uleb128 0x8
 170 0032 00        		.byte	0
 171 0033 00        		.byte	0
 172 0034 05        		.uleb128 0x5
 173 0035 15        		.uleb128 0x15
 174 0036 01        		.byte	0x1
 175 0037 27        		.uleb128 0x27
 176 0038 0C        		.uleb128 0xc
 177 0039 01        		.uleb128 0x1
 178 003a 13        		.uleb128 0x13
 179 003b 00        		.byte	0
 180 003c 00        		.byte	0
 181 003d 06        		.uleb128 0x6
 182 003e 05        		.uleb128 0x5
 183 003f 00        		.byte	0
 184 0040 49        		.uleb128 0x49
 185 0041 13        		.uleb128 0x13
 186 0042 00        		.byte	0
 187 0043 00        		.byte	0
 188 0044 07        		.uleb128 0x7
 189 0045 34        		.uleb128 0x34
 190 0046 00        		.byte	0
 191 0047 03        		.uleb128 0x3
 192 0048 0E        		.uleb128 0xe
 193 0049 3A        		.uleb128 0x3a
 194 004a 0B        		.uleb128 0xb
 195 004b 3B        		.uleb128 0x3b
 196 004c 0B        		.uleb128 0xb
 197 004d 39        		.uleb128 0x39
 198 004e 0B        		.uleb128 0xb
 199 004f 49        		.uleb128 0x49
 200 0050 13        		.uleb128 0x13
 201 0051 3F        		.uleb128 0x3f
 202 0052 0C        		.uleb128 0xc
 203 0053 3C        		.uleb128 0x3c
 204 0054 0C        		.uleb128 0xc
 205 0055 00        		.byte	0
 206 0056 00        		.byte	0
 207 0057 08        		.uleb128 0x8
 208 0058 0F        		.uleb128 0xf
 209 0059 00        		.byte	0
 210 005a 0B        		.uleb128 0xb
 211 005b 0B        		.uleb128 0xb
 212 005c 49        		.uleb128 0x49
 213 005d 13        		.uleb128 0x13
 214 005e 00        		.byte	0
 215 005f 00        		.byte	0
 216 0060 09        		.uleb128 0x9
 217 0061 15        		.uleb128 0x15
 218 0062 01        		.byte	0x1
 219 0063 27        		.uleb128 0x27
 220 0064 0C        		.uleb128 0xc
 221 0065 49        		.uleb128 0x49
 222 0066 13        		.uleb128 0x13
 223 0067 01        		.uleb128 0x1
 224 0068 13        		.uleb128 0x13
 225 0069 00        		.byte	0
 226 006a 00        		.byte	0
 227 006b 0A        		.uleb128 0xa
 228 006c 2E        		.uleb128 0x2e
 229 006d 01        		.byte	0x1
 230 006e 3F        		.uleb128 0x3f
 231 006f 0C        		.uleb128 0xc
 232 0070 03        		.uleb128 0x3
 233 0071 0E        		.uleb128 0xe
 234 0072 3A        		.uleb128 0x3a
 235 0073 0B        		.uleb128 0xb
 236 0074 3B        		.uleb128 0x3b
 237 0075 0B        		.uleb128 0xb
 238 0076 39        		.uleb128 0x39
 239 0077 0B        		.uleb128 0xb
 240 0078 27        		.uleb128 0x27
 241 0079 0C        		.uleb128 0xc
 242 007a 00        		.byte	0
 243 007b 00        		.byte	0
 244 007c 0B        		.uleb128 0xb
 245 007d 05        		.uleb128 0x5
 246 007e 00        		.byte	0
 247 007f 03        		.uleb128 0x3
 248 0080 0E        		.uleb128 0xe
 249 0081 3A        		.uleb128 0x3a
 250 0082 0B        		.uleb128 0xb
 251 0083 3B        		.uleb128 0x3b
 252 0084 0B        		.uleb128 0xb
 253 0085 39        		.uleb128 0x39
 254 0086 0B        		.uleb128 0xb
 255 0087 49        		.uleb128 0x49
 256 0088 13        		.uleb128 0x13
 257 0089 00        		.byte	0
 258 008a 00        		.byte	0
 259 008b 00        		.byte	0
 260               		.section	.gnu.debuglto_.debug_line,"",@progbits
 261               	.Ldebug_line0:
 262 0000 9A00 0000 		.long	.LELT0-.LSLT0
 263               	.LSLT0:
 264 0004 0200      		.word	0x2
 265 0006 9400 0000 		.long	.LELTP0-.LASLTP0
 266               	.LASLTP0:
 267 000a 01        		.byte	0x1
 268 000b 01        		.byte	0x1
 269 000c F6        		.byte	0xf6
 270 000d F2        		.byte	0xf2
 271 000e 0D        		.byte	0xd
 272 000f 00        		.byte	0
 273 0010 01        		.byte	0x1
 274 0011 01        		.byte	0x1
 275 0012 01        		.byte	0x1
 276 0013 01        		.byte	0x1
 277 0014 00        		.byte	0
 278 0015 00        		.byte	0
 279 0016 00        		.byte	0
 280 0017 01        		.byte	0x1
 281 0018 00        		.byte	0
 282 0019 00        		.byte	0
 283 001a 01        		.byte	0x1
 284 001b 653A 5C67 		.ascii	"e:\\game\\msys2\\mingw64\\avr\\include"
 284      616D 655C 
 284      6D73 7973 
 284      325C 6D69 
 284      6E67 7736 
 285 003c 00        		.byte	0
 286 003d 746D 6B5F 		.ascii	"tmk_core/common"
 286      636F 7265 
 286      2F63 6F6D 
 286      6D6F 6E
 287 004c 00        		.byte	0
 288 004d 746D 6B5F 		.ascii	"tmk_core/common/avr"
 288      636F 7265 
 288      2F63 6F6D 
 288      6D6F 6E2F 
 288      6176 72
 289 0060 00        		.byte	0
 290 0061 00        		.byte	0
 291 0062 7374 6469 		.string	"stdint.h"
 291      6E74 2E68 
 291      00
 292 006b 01        		.uleb128 0x1
 293 006c 00        		.uleb128 0
 294 006d 00        		.uleb128 0
 295 006e 7365 6E64 		.string	"sendchar.h"
 295      6368 6172 
 295      2E68 00
 296 0079 02        		.uleb128 0x2
 297 007a 00        		.uleb128 0
 298 007b 00        		.uleb128 0
 299 007c 6176 722F 		.string	"avr/xprintf.h"
 299      7870 7269 
 299      6E74 662E 
 299      6800 
 300 008a 02        		.uleb128 0x2
 301 008b 00        		.uleb128 0
 302 008c 00        		.uleb128 0
 303 008d 6176 722F 		.string	"avr/printf.c"
 303      7072 696E 
 303      7466 2E63 
 303      00
 304 009a 02        		.uleb128 0x2
 305 009b 00        		.uleb128 0
 306 009c 00        		.uleb128 0
 307 009d 00        		.byte	0
 308               	.LELTP0:
 309               	.LELT0:
 310               		.section	.gnu.debuglto_.debug_str,"MS",@progbits,1
 311               	.LASF12:
 312 0000 443A 5C44 		.string	"D:\\Download\\qmk_firmware\\vial-qmk"
 312      6F77 6E6C 
 312      6F61 645C 
 312      716D 6B5F 
 312      6669 726D 
 313               	.LASF9:
 314 0022 7365 6E64 		.string	"sendchar_func_t"
 314      6368 6172 
 314      5F66 756E 
 314      635F 7400 
 315               	.LASF0:
 316 0032 696E 7438 		.string	"int8_t"
 316      5F74 00
 317               	.LASF3:
 318 0039 756E 7369 		.string	"unsigned char"
 318      676E 6564 
 318      2063 6861 
 318      7200 
 319               	.LASF6:
 320 0047 6C6F 6E67 		.string	"long unsigned int"
 320      2075 6E73 
 320      6967 6E65 
 320      6420 696E 
 320      7400 
 321               	.LASF11:
 322 0059 746D 6B5F 		.string	"tmk_core/common/avr/printf.c"
 322      636F 7265 
 322      2F63 6F6D 
 322      6D6F 6E2F 
 322      6176 722F 
 323               	.LASF15:
 324 0076 6675 6E63 		.string	"func"
 324      00
 325               	.LASF13:
 326 007b 7866 756E 		.string	"xfunc_out"
 326      635F 6F75 
 326      7400 
 327               	.LASF10:
 328 0085 474E 5520 		.string	"GNU C99 8.4.0 -mn-flash=1 -mno-skip-bug -mmcu=avr5 -gdwarf-2 -Os -std=gnu99 -funsigned-ch
 328      4339 3920 
 328      382E 342E 
 328      3020 2D6D 
 328      6E2D 666C 
 329               	.LASF4:
 330 0176 756E 7369 		.string	"unsigned int"
 330      676E 6564 
 330      2069 6E74 
 330      00
 331               	.LASF8:
 332 0183 6C6F 6E67 		.string	"long long unsigned int"
 332      206C 6F6E 
 332      6720 756E 
 332      7369 676E 
 332      6564 2069 
 333               	.LASF1:
 334 019a 7569 6E74 		.string	"uint8_t"
 334      385F 7400 
 335               	.LASF7:
 336 01a2 6C6F 6E67 		.string	"long long int"
 336      206C 6F6E 
 336      6720 696E 
 336      7400 
 337               	.LASF5:
 338 01b0 6C6F 6E67 		.string	"long int"
 338      2069 6E74 
 338      00
 339               	.LASF2:
 340 01b9 7369 676E 		.string	"signed char"
 340      6564 2063 
 340      6861 7200 
 341               	.LASF14:
 342 01c5 7072 696E 		.string	"print_set_sendchar"
 342      745F 7365 
 342      745F 7365 
 342      6E64 6368 
 342      6172 00
 343               		.text
 344               		.section	.gnu.lto_.profile.fbf3fac2,"",@progbits
 345 0000 789C 6367 		.string	"x\234cg`f`d"
 345      6066 6064 
 345      00
 346 0009 0200      		.string	"\002"
 347 000b 00        		.string	""
 348 000c 6200      		.string	"b"
 349 000e 0C        		.ascii	"\f"
 350               		.text
 351               		.section	.gnu.lto_.icf.fbf3fac2,"",@progbits
 352 0000 789C 6367 		.string	"x\234cg`f\340`@"
 352      6066 E060 
 352      4000 
 353 000a 4686 DDEB 		.string	"F\206\335\353\376=`g"
 353      FE3D 6067 
 353      00
 354 0013 00        		.string	""
 355 0014 1018 0362 		.ascii	"\020\030\003b"
 356               		.text
 357               		.section	.gnu.lto_.jmpfuncs.fbf3fac2,"",@progbits
 358 0000 789C 6367 		.string	"x\234cg`f\340b@"
 358      6066 E062 
 358      4000 
 359 000a 4606 4646 		.string	"F\006FF\306\372\231\314\f\f"
 359      C6FA 99CC 
 359      0C0C 00
 360 0015 06FB 0134 		.ascii	"\006\373\0014"
 361               		.text
 362               		.section	.gnu.lto_.inline.fbf3fac2,"",@progbits
 363 0000 789C 6367 		.string	"x\234cg`fPe@"
 363      6066 5065 
 363      4000 
 364 000a 4606 0696 		.string	"F\006\006\226\006 `Kfd`b\002\261X\222\030\030\330\300\214d&\006&\260\""
 364      0620 604B 
 364      6664 6062 
 364      02B1 5892 
 364      1818 D8C0 
 365 0026 A44B 077A 		.ascii	"\244K\007z"
 366               		.text
 367               		.section	.gnu.lto_.pureconst.fbf3fac2,"",@progbits
 368 0000 789C 6367 		.string	"x\234cg`f`a```d\230\301\002"
 368      6066 6061 
 368      6060 6064 
 368      98C1 0200 
 369 0010 01D6 00   		.string	"\001\326"
 370 0013 AC        		.ascii	"\254"
 371               		.text
 372               		.section	.gnu.lto_print_set_sendchar.fbf3fac2,"",@progbits
 373 0000 789C 3550 		.string	"x\2345P\277KBa\024\275\347}\317_\221\024M\r\006-\2028(-E[C\377Bs\310C!B\r\261V\277\367\32
 373      BF4B 4261 
 373      14BD E77D 
 373      CF5F 9114 
 373      4D0D 062D 
 374 0062 1652 A51B 		.ascii	"\026R\245\033\224Q\220AA\354\013|~\227\337\274\301\006\277H\263"
 374      9451 9041 
 374      41EC 0B7C 
 374      7E97 DFBC 
 374      C106 BF48 
 375 0077 D89D 940D 		.ascii	"\330\235\224\r\023%At\300\371\033\270F\220\373\236\272\345\372"
 375      1325 4174 
 375      C0F9 1BB8 
 375      4690 FB9E 
 375      BAE5 FA
 376 008a D8B6 2809 		.ascii	"\330\266(\t@a\332\351\276\177\271-\252`\234\351\363i\253\340"
 376      4061 DAE9 
 376      BE7F B92D 
 376      AA60 9CE9 
 376      F369 ABE0 
 377 009e 14D3 20C6 		.ascii	"\024\323 \306\331\235f\317\021\250KiH\263\275$GKB\340\016\202"
 377      D99D 66CF 
 377      11A8 4B69 
 377      48B3 BD24 
 377      474B 42E0 
 378 00b4 1571 0B1F 		.ascii	"\025q\013\037n\340#\342\232\377\n\204{\004\310\232y\271\030\034"
 378      6EE0 23E2 
 378      9AFF 0A84 
 378      7B04 C89A 
 378      79B9 181C 
 379 00c8 7A9D EADF 		.ascii	"z\235\352\337Z\230p\022_A\347\035\207)\007\303-i\366\375B\345"
 379      5A98 7012 
 379      5F41 E71D 
 379      8729 07C3 
 379      2D69 F6FD 
 380 00de 03EC FEBC 		.ascii	"\003\354\376\274 \203\355\252\220&m\nE\267q\326\244W\310\343"
 380      2083 EDAA 
 380      9026 6D0A 
 380      45B7 71D6 
 380      A457 C8E3 
 381 00f2 BAB0 877B 		.ascii	"\272\260\207{0*\036\013\261\266\276\273wf;Wm{\325F{\350\311\301"
 381      302A 1E0B 
 381      B1B6 BEBB 
 381      7766 3B57 
 381      6D7B D546 
 382 010a D0DD 5CA9 		.ascii	"\320\335\\\251Z\373\270\330o^VFj8\341\333\035h!\007<X6\361\210"
 382      5AFB B8D8 
 382      6F5E 5646 
 382      6A38 E1DB 
 382      1D68 2107 
 383 0123 1A8A 42A1 		.ascii	"\032\212B\241\017\030GN[\331\212<\213\332K\025\376\345t|uYK\246"
 383      0F18 474E 
 383      5BD9 8A3C 
 383      8BDA 4B15 
 383      FEE5 747C 
 384 013b A261 2D19 		.ascii	"\242a-\031\217'\023\341\310F*\274\226ZI\244c!\215\324\330zB\233"
 384      8F27 13E1 
 384      C846 2ABC 
 384      965A 49A4 
 384      6321 8DD4 
 385 0153 F8A7 A1E8 		.ascii	"\370\247\241\350lD\233\237\213\314\320\017F\333x\030"
 385      6C44 9B9F 
 385      8BCC D00F 
 385      46DB 7818 
 386               		.text
 387               		.section	.gnu.lto_.symbol_nodes.fbf3fac2,"",@progbits
 388 0000 789C 6367 		.string	"x\234cg`fPb"
 388      6066 5062 
 388      00
 389 0009 0226 C67A 		.string	"\002&\306z\206\246\206\206\006\026\306\t\347\030\030\352\031\030v5820\002%X\231\030\024@\
 389      86A6 8686 
 389      0616 C609 
 389      E718 18EA 
 389      1918 7635 
 390 0029 8DEE 0636 		.ascii	"\215\356\0066"
 391               		.text
 392               		.section	.gnu.lto_.refs.fbf3fac2,"",@progbits
 393 0000 789C 6367 		.string	"x\234cg`f`c```d`ddb"
 393      6066 6063 
 393      6060 6064 
 393      6064 6462 
 393      00
 394 0011 00        		.string	""
 395 0012 00        		.string	""
 396 0013 E100      		.string	"\341"
 397 0015 16        		.ascii	"\026"
 398               		.text
 399               		.section	.gnu.lto_.decls.fbf3fac2,"",@progbits
 400 0000 789C 8D53 		.ascii	"x\234\215SQH\223Q\024\276\347\377\177\346\374\375\227!R\203V"
 400      5148 9351 
 400      14BE E7FF 
 400      7FE6 FCFD 
 400      9721 5283 
 401 0015 0882 F8A4 		.ascii	"\b\202\370\244\213\240\224\036z\360!\350\241\267^z\031cM\026"
 401      8BA0 941E 
 401      7AF0 21E8 
 401      A1B7 5E7A 
 401      1963 4D16 
 402 0029 E126 738A 		.ascii	"\341&s\212=u-\fQ\002\205\220\262\242\r%\312\"-{I\315f\315r\232"
 402      3D75 2D0C 
 402      5102 8590 
 402      B2A2 0D25 
 402      CA22 2D7B 
 403 0043 359D 9A93 		.ascii	"5\235\232\223\306\312L)\002)\242\007)\327\271\367\376k\277\221"
 403      C6CA 4C29 
 403      0229 A207 
 403      29D7 B9F7 
 403      FE6B BF91 
 404 0057 D165 E79E 		.ascii	"\321e\347\236{\316\375\276s\316\177\317Y\016\221\311.\205\220"
 404      7BCE FDBE 
 404      73CE 7FCF 
 404      590E 91C9 
 404      2E85 90
 405 006a 0142 482D 		.ascii	"\001BH-J\032\227\204z\032\005P&\211X\354\034\323\365\034\331"
 405      4A1A 9784 
 405      7A1A 0550 
 405      2689 58EC 
 405      1CD3 F51C 
 406 007f BC42 E834 		.ascii	"\274B\3504\241\366\240\024\240\024\352\274y\224\331\377\340w"
 406      A1F6 A014 
 406      A014 EABC 
 406      7994 D9FF 
 406      E077 
 407 0091 C8F0 A1F3 		.ascii	"\310\360\241\363uB\226%`\347\216\236\324r\276\375.\025\313|\210"
 407      7542 9625 
 407      60E7 8E9E 
 407      D472 BEFD 
 407      2E15 CB7C 
 408 00a6 C010 C81C 		.ascii	"\300\020\310\034X\232\307\356\243\013Wn\344\267\310P\240\202"
 408      589A C7EE 
 408      A30B 576E 
 408      E4B7 C850 
 408      A082 
 409 00b8 84E6 CCC2 		.ascii	"\204\346\314\302\352w3\232\205*lG\363\374P(\251\240iS!\rh\267"
 409      EA77 339A 
 409      852A 6C47 
 409      F3FC 5028 
 409      A9A0 6953 
 410 00d0 37A5 DE6B 		.ascii	"7\245\336k\302f\344[\327oF,\362A~N\254\276k7\253-\224\236\245"
 410      C266 E45B 
 410      D76F 462C 
 410      F241 7E4E 
 410      ACBE 6B37 
 411 00e9 E120 3559 		.ascii	"\341 5Y\t\354\263\201\335F`\0248~\030\354\004\302`\203\307`c"
 411      09EC B381 
 411      DD46 6014 
 411      387E 18EC 
 411      04C2 6083 
 412 0100 F8B5 95F5 		.ascii	"\370\265\225\365\361\\\005_\007\236\200\n\r\n\363\r>\230\\Q1"
 412      F15C 055F 
 412      079E 800A 
 412      0D0A F30D 
 412      3E98 5C51 
 413 0115 FC4E 4CC7 		.ascii	"\374NL\307\354\346\313\211t\236\260\351\031\264\343o\326\303"
 413      ECE6 CB89 
 413      749E B0E9 
 413      19B4 E36F 
 413      D6C3 
 414 0127 66B9 8AE7 		.ascii	"f\271\212\347"
 415 012b FB16 FAFC 		.string	"\373\026\372\374Pa\371\350\037\371\236\001'\360|c\230/\"\362\215|\035^\321\254\235\034Oi\
 415      5061 F9E8 
 415      1FF9 9E01 
 415      27F0 7C63 
 415      982F 22F2 
 416 022c 5B4D 69E2 		.string	"[Mi\342S\344\222e\213R\342\274\224\231L)\315\027'\332\314\306\201\210o\032\244Y\320\364\3
 416      53E4 9265 
 416      8B52 E2BC 
 416      9499 4C29 
 416      CD17 27DA 
 417 0261 A645 C506 		.ascii	"\246E\305\006\032zH\351i\002sP\202\324\253\261\326.\325\230\203"
 417      1A7A 48E9 
 417      6902 7350 
 417      82D4 ABB1 
 417      D62E D598 
 418 0276 91B2 E079 		.ascii	"\221\262\340y\221\203k[\240\346\224\303\345\363\273\313]\276"
 418      9183 6B5B 
 418      A0E6 94C3 
 418      E5F3 BBCB 
 418      5DBE 
 419 0288 9A1A 9FB7 		.ascii	"\232\032\237\267\334\331\340/\257\365\237\364\006\252\313\\\346"
 419      DCD9 E02F 
 419      AFF5 9FF4 
 419      06AA CB5C 
 419      E6
 420 0299 C347 8F15 		.ascii	"\303G\217\025UUV\222\202\214\247\314\275\337\351\252<\340\334"
 420      5555 5692 
 420      828C A7CC 
 420      BDDF E9AA 
 420      3CE0 DC
 421 02ac 4B72 EAD1 		.ascii	"Kr\352\321S\341\b\230\204\312\257s{O\270<N\277\243\272\336\353"
 421      53E1 0898 
 421      84CA AF73 
 421      7B4F B83C 
 421      4EBF A3BA 
 422 02c2 7204 04C3 		.ascii	"r\004\004\303Q\347f\"nv\377+\025\311m\344D_}`\317\337p\215:\320"
 422      51E7 6622 
 422      6E76 FF2B 
 422      15C9 6DE4 
 422      445F 7D60 
 423 02dc 437E 0149 		.ascii	"C~\001I\234R\245"
 423      9C52 A5
 424               		.text
 425               		.section	.gnu.lto_.symtab.fbf3fac2,"",@progbits
 426 0000 7072 696E 		.string	"print_set_sendchar"
 426      745F 7365 
 426      745F 7365 
 426      6E64 6368 
 426      6172 00
 427 0013 00        		.string	""
 428 0014 00        		.string	""
 429 0015 00        		.string	""
 430 0016 00        		.string	""
 431 0017 00        		.string	""
 432 0018 00        		.string	""
 433 0019 00        		.string	""
 434 001a 00        		.string	""
 435 001b 00        		.string	""
 436 001c 00        		.string	""
 437 001d 00        		.string	""
 438 001e D000      		.string	"\320"
 439 0020 00        		.string	""
 440 0021 00        		.string	""
 441 0022 7866 756E 		.string	"xfunc_out"
 441      635F 6F75 
 441      7400 
 442 002c 00        		.string	""
 443 002d 02        		.ascii	"\002"
 444 002e 00        		.string	""
 445 002f 00        		.string	""
 446 0030 00        		.string	""
 447 0031 00        		.string	""
 448 0032 00        		.string	""
 449 0033 00        		.string	""
 450 0034 00        		.string	""
 451 0035 00        		.string	""
 452 0036 00        		.string	""
 453 0037 D500      		.string	"\325"
 454 0039 00        		.string	""
 455 003a 00        		.string	""
 456               		.text
 457               		.section	.gnu.lto_.opts,"",@progbits
 458 0000 272D 666E 		.ascii	"'-fn"
 459 0004 6F2D 6F70 		.string	"o-openmp' '-fno-openacc' '-fno-pie' '-mn-flash=1' '-mno-skip-bug' '-mmcu=avr5' '-Os' '-We
 459      656E 6D70 
 459      2720 272D 
 459      666E 6F2D 
 459      6F70 656E 
 460               		.text
 461               		.comm	__gnu_lto_v1,1,1
 462               		.comm	__gnu_lto_slim,1,1
 463               		.ident	"GCC: (GNU) 8.4.0"
DEFINED SYMBOLS
                            *ABS*:0000000000000000 printf.c
C:\Users\Roningo\AppData\Local\Temp\ccFo96tc.s:2      *ABS*:000000000000003e __SP_H__
C:\Users\Roningo\AppData\Local\Temp\ccFo96tc.s:3      *ABS*:000000000000003d __SP_L__
C:\Users\Roningo\AppData\Local\Temp\ccFo96tc.s:4      *ABS*:000000000000003f __SREG__
C:\Users\Roningo\AppData\Local\Temp\ccFo96tc.s:5      *ABS*:0000000000000000 __tmp_reg__
C:\Users\Roningo\AppData\Local\Temp\ccFo96tc.s:6      *ABS*:0000000000000001 __zero_reg__
C:\Users\Roningo\AppData\Local\Temp\ccFo96tc.s:15     .gnu.debuglto_.debug_info:0000000000000000 printf.c.e6ac97a1
                            *COM*:0000000000000001 __gnu_lto_v1
                            *COM*:0000000000000001 __gnu_lto_slim

NO UNDEFINED SYMBOLS
