   1               		.file	"sym_defer_g.c"
   2               	__SP_H__ = 0x3e
   3               	__SP_L__ = 0x3d
   4               	__SREG__ = 0x3f
   5               	__tmp_reg__ = 0
   6               	__zero_reg__ = 1
   7               		.file 1 "e:\\game\\msys2\\mingw64\\avr\\include\\stdint.h"
   8               		.file 2 "quantum/matrix.h"
   9               		.file 3 "e:\\game\\msys2\\mingw64\\lib\\gcc\\avr\\8.4.0\\include\\stddef.h"
  10               		.file 4 "tmk_core/common/timer.h"
  11               		.file 5 "tmk_core/common/action.h"
  12               		.file 6 "tmk_core/common/report.h"
  13               		.file 7 "tmk_core/common/host.h"
  14               		.file 8 "tmk_core/common/avr/xprintf.h"
  15               		.file 9 "tmk_core/common/debug.h"
  16               		.file 10 "quantum/keycode_config.h"
  17               		.file 11 "quantum/sequencer/sequencer.h"
  18               		.file 12 "quantum/keymap.h"
  19               		.file 13 "tmk_core/common/action_layer.h"
  20               		.file 14 "tmk_core/common/action_util.h"
  21               		.file 15 "quantum/send_string.h"
  22               		.file 16 "e:\\game\\msys2\\mingw64\\avr\\include\\stdlib.h"
  23               		.file 17 "quantum/process_keycode/process_unicode_common.h"
  24               		.file 18 "quantum/debounce/sym_defer_g.c"
  25               		.section	.gnu.debuglto_.debug_info,"",@progbits
  26               	.Ldebug_info0:
  27               		.hidden	sym_defer_g.c.254e7f78
  28               		.weak	sym_defer_g.c.254e7f78
  29               	sym_defer_g.c.254e7f78:
  30 0000 9D06 0000 		.long	0x69d
  31 0004 0200      		.word	0x2
  32 0006 0000 0000 		.long	.Ldebug_abbrev0
  33 000a 04        		.byte	0x4
  34 000b 01        		.uleb128 0x1
  35 000c 0000 0000 		.long	.LASF92
  36 0010 0C        		.byte	0xc
  37 0011 0000 0000 		.long	.LASF93
  38 0015 0000 0000 		.long	.LASF94
  39 0019 0000 0000 		.long	.Ldebug_line0
  40 001d 02        		.uleb128 0x2
  41 001e 01        		.byte	0x1
  42 001f 06        		.byte	0x6
  43 0020 0000 0000 		.long	.LASF0
  44 0024 03        		.uleb128 0x3
  45 0025 0000 0000 		.long	.LASF2
  46 0029 01        		.byte	0x1
  47 002a 7E        		.byte	0x7e
  48 002b 16        		.byte	0x16
  49 002c 3500 0000 		.long	0x35
  50 0030 04        		.uleb128 0x4
  51 0031 2400 0000 		.long	0x24
  52 0035 02        		.uleb128 0x2
  53 0036 01        		.byte	0x1
  54 0037 08        		.byte	0x8
  55 0038 0000 0000 		.long	.LASF1
  56 003c 05        		.uleb128 0x5
  57 003d 02        		.byte	0x2
  58 003e 05        		.byte	0x5
  59 003f 696E 7400 		.string	"int"
  60 0043 03        		.uleb128 0x3
  61 0044 0000 0000 		.long	.LASF3
  62 0048 01        		.byte	0x1
  63 0049 80        		.byte	0x80
  64 004a 16        		.byte	0x16
  65 004b 5400 0000 		.long	0x54
  66 004f 04        		.uleb128 0x4
  67 0050 4300 0000 		.long	0x43
  68 0054 02        		.uleb128 0x2
  69 0055 02        		.byte	0x2
  70 0056 07        		.byte	0x7
  71 0057 0000 0000 		.long	.LASF4
  72 005b 02        		.uleb128 0x2
  73 005c 04        		.byte	0x4
  74 005d 05        		.byte	0x5
  75 005e 0000 0000 		.long	.LASF5
  76 0062 03        		.uleb128 0x3
  77 0063 0000 0000 		.long	.LASF6
  78 0067 01        		.byte	0x1
  79 0068 82        		.byte	0x82
  80 0069 16        		.byte	0x16
  81 006a 7300 0000 		.long	0x73
  82 006e 06        		.uleb128 0x6
  83 006f 6200 0000 		.long	0x62
  84 0073 02        		.uleb128 0x2
  85 0074 04        		.byte	0x4
  86 0075 07        		.byte	0x7
  87 0076 0000 0000 		.long	.LASF7
  88 007a 02        		.uleb128 0x2
  89 007b 08        		.byte	0x8
  90 007c 05        		.byte	0x5
  91 007d 0000 0000 		.long	.LASF8
  92 0081 02        		.uleb128 0x2
  93 0082 08        		.byte	0x8
  94 0083 07        		.byte	0x7
  95 0084 0000 0000 		.long	.LASF9
  96 0088 03        		.uleb128 0x3
  97 0089 0000 0000 		.long	.LASF10
  98 008d 02        		.byte	0x2
  99 008e 1A        		.byte	0x1a
 100 008f 12        		.byte	0x12
 101 0090 4300 0000 		.long	0x43
 102 0094 07        		.uleb128 0x7
 103 0095 0000 0000 		.long	.LASF13
 104 0099 04        		.byte	0x4
 105 009a 20        		.byte	0x20
 106 009b 1A        		.byte	0x1a
 107 009c 6E00 0000 		.long	0x6e
 108 00a0 01        		.byte	0x1
 109 00a1 01        		.byte	0x1
 110 00a2 03        		.uleb128 0x3
 111 00a3 0000 0000 		.long	.LASF11
 112 00a7 03        		.byte	0x3
 113 00a8 D8        		.byte	0xd8
 114 00a9 17        		.byte	0x17
 115 00aa 5400 0000 		.long	0x54
 116 00ae 02        		.uleb128 0x2
 117 00af 01        		.byte	0x1
 118 00b0 02        		.byte	0x2
 119 00b1 0000 0000 		.long	.LASF12
 120 00b5 07        		.uleb128 0x7
 121 00b6 0000 0000 		.long	.LASF14
 122 00ba 05        		.byte	0x5
 123 00bb 4B        		.byte	0x4b
 124 00bc 0D        		.byte	0xd
 125 00bd AE00 0000 		.long	0xae
 126 00c1 01        		.byte	0x1
 127 00c2 01        		.byte	0x1
 128 00c3 08        		.uleb128 0x8
 129 00c4 08        		.byte	0x8
 130 00c5 06        		.byte	0x6
 131 00c6 AD        		.byte	0xad
 132 00c7 05        		.byte	0x5
 133 00c8 FA00 0000 		.long	0xfa
 134 00cc 09        		.uleb128 0x9
 135 00cd 0000 0000 		.long	.LASF15
 136 00d1 06        		.byte	0x6
 137 00d2 B1        		.byte	0xb1
 138 00d3 11        		.byte	0x11
 139 00d4 2400 0000 		.long	0x24
 140 00d8 02        		.byte	0x2
 141 00d9 23        		.byte	0x23
 142 00da 00        		.uleb128 0
 143 00db 09        		.uleb128 0x9
 144 00dc 0000 0000 		.long	.LASF16
 145 00e0 06        		.byte	0x6
 146 00e1 B2        		.byte	0xb2
 147 00e2 11        		.byte	0x11
 148 00e3 2400 0000 		.long	0x24
 149 00e7 02        		.byte	0x2
 150 00e8 23        		.byte	0x23
 151 00e9 01        		.uleb128 0x1
 152 00ea 09        		.uleb128 0x9
 153 00eb 0000 0000 		.long	.LASF17
 154 00ef 06        		.byte	0x6
 155 00f0 B3        		.byte	0xb3
 156 00f1 11        		.byte	0x11
 157 00f2 FA00 0000 		.long	0xfa
 158 00f6 02        		.byte	0x2
 159 00f7 23        		.byte	0x23
 160 00f8 02        		.uleb128 0x2
 161 00f9 00        		.byte	0
 162 00fa 0A        		.uleb128 0xa
 163 00fb 2400 0000 		.long	0x24
 164 00ff 0A01 0000 		.long	0x10a
 165 0103 0B        		.uleb128 0xb
 166 0104 5400 0000 		.long	0x54
 167 0108 05        		.byte	0x5
 168 0109 00        		.byte	0
 169 010a 0C        		.uleb128 0xc
 170 010b 08        		.byte	0x8
 171 010c 06        		.byte	0x6
 172 010d AB        		.byte	0xab
 173 010e 09        		.byte	0x9
 174 010f 2501 0000 		.long	0x125
 175 0113 0D        		.uleb128 0xd
 176 0114 7261 7700 		.string	"raw"
 177 0118 06        		.byte	0x6
 178 0119 AC        		.byte	0xac
 179 011a 0D        		.byte	0xd
 180 011b 2501 0000 		.long	0x125
 181 011f 0E        		.uleb128 0xe
 182 0120 C300 0000 		.long	0xc3
 183 0124 00        		.byte	0
 184 0125 0A        		.uleb128 0xa
 185 0126 2400 0000 		.long	0x24
 186 012a 3501 0000 		.long	0x135
 187 012e 0B        		.uleb128 0xb
 188 012f 5400 0000 		.long	0x54
 189 0133 07        		.byte	0x7
 190 0134 00        		.byte	0
 191 0135 03        		.uleb128 0x3
 192 0136 0000 0000 		.long	.LASF18
 193 013a 06        		.byte	0x6
 194 013b BE        		.byte	0xbe
 195 013c 1B        		.byte	0x1b
 196 013d 0A01 0000 		.long	0x10a
 197 0141 0F        		.uleb128 0xf
 198 0142 02        		.byte	0x2
 199 0143 3501 0000 		.long	0x135
 200 0147 07        		.uleb128 0x7
 201 0148 0000 0000 		.long	.LASF19
 202 014c 07        		.byte	0x7
 203 014d 24        		.byte	0x24
 204 014e 10        		.byte	0x10
 205 014f 2400 0000 		.long	0x24
 206 0153 01        		.byte	0x1
 207 0154 01        		.byte	0x1
 208 0155 07        		.uleb128 0x7
 209 0156 0000 0000 		.long	.LASF20
 210 015a 07        		.byte	0x7
 211 015b 25        		.byte	0x25
 212 015c 10        		.byte	0x10
 213 015d 2400 0000 		.long	0x24
 214 0161 01        		.byte	0x1
 215 0162 01        		.byte	0x1
 216 0163 10        		.uleb128 0x10
 217 0164 01        		.byte	0x1
 218 0165 6F01 0000 		.long	0x16f
 219 0169 11        		.uleb128 0x11
 220 016a 2400 0000 		.long	0x24
 221 016e 00        		.byte	0
 222 016f 07        		.uleb128 0x7
 223 0170 0000 0000 		.long	.LASF21
 224 0174 08        		.byte	0x8
 225 0175 0E        		.byte	0xe
 226 0176 0F        		.byte	0xf
 227 0177 7D01 0000 		.long	0x17d
 228 017b 01        		.byte	0x1
 229 017c 01        		.byte	0x1
 230 017d 0F        		.uleb128 0xf
 231 017e 02        		.byte	0x2
 232 017f 6301 0000 		.long	0x163
 233 0183 08        		.uleb128 0x8
 234 0184 01        		.byte	0x1
 235 0185 09        		.byte	0x9
 236 0186 1F        		.byte	0x1f
 237 0187 05        		.byte	0x5
 238 0188 E701 0000 		.long	0x1e7
 239 018c 12        		.uleb128 0x12
 240 018d 0000 0000 		.long	.LASF22
 241 0191 09        		.byte	0x9
 242 0192 20        		.byte	0x20
 243 0193 11        		.byte	0x11
 244 0194 AE00 0000 		.long	0xae
 245 0198 01        		.byte	0x1
 246 0199 01        		.byte	0x1
 247 019a 07        		.byte	0x7
 248 019b 02        		.byte	0x2
 249 019c 23        		.byte	0x23
 250 019d 00        		.uleb128 0
 251 019e 12        		.uleb128 0x12
 252 019f 0000 0000 		.long	.LASF23
 253 01a3 09        		.byte	0x9
 254 01a4 21        		.byte	0x21
 255 01a5 11        		.byte	0x11
 256 01a6 AE00 0000 		.long	0xae
 257 01aa 01        		.byte	0x1
 258 01ab 01        		.byte	0x1
 259 01ac 06        		.byte	0x6
 260 01ad 02        		.byte	0x2
 261 01ae 23        		.byte	0x23
 262 01af 00        		.uleb128 0
 263 01b0 12        		.uleb128 0x12
 264 01b1 0000 0000 		.long	.LASF24
 265 01b5 09        		.byte	0x9
 266 01b6 22        		.byte	0x22
 267 01b7 11        		.byte	0x11
 268 01b8 AE00 0000 		.long	0xae
 269 01bc 01        		.byte	0x1
 270 01bd 01        		.byte	0x1
 271 01be 05        		.byte	0x5
 272 01bf 02        		.byte	0x2
 273 01c0 23        		.byte	0x23
 274 01c1 00        		.uleb128 0
 275 01c2 12        		.uleb128 0x12
 276 01c3 0000 0000 		.long	.LASF25
 277 01c7 09        		.byte	0x9
 278 01c8 23        		.byte	0x23
 279 01c9 11        		.byte	0x11
 280 01ca AE00 0000 		.long	0xae
 281 01ce 01        		.byte	0x1
 282 01cf 01        		.byte	0x1
 283 01d0 04        		.byte	0x4
 284 01d1 02        		.byte	0x2
 285 01d2 23        		.byte	0x23
 286 01d3 00        		.uleb128 0
 287 01d4 12        		.uleb128 0x12
 288 01d5 0000 0000 		.long	.LASF16
 289 01d9 09        		.byte	0x9
 290 01da 24        		.byte	0x24
 291 01db 11        		.byte	0x11
 292 01dc 2400 0000 		.long	0x24
 293 01e0 01        		.byte	0x1
 294 01e1 04        		.byte	0x4
 295 01e2 00        		.byte	0
 296 01e3 02        		.byte	0x2
 297 01e4 23        		.byte	0x23
 298 01e5 00        		.uleb128 0
 299 01e6 00        		.byte	0
 300 01e7 0C        		.uleb128 0xc
 301 01e8 01        		.byte	0x1
 302 01e9 09        		.byte	0x9
 303 01ea 1E        		.byte	0x1e
 304 01eb 09        		.byte	0x9
 305 01ec 0202 0000 		.long	0x202
 306 01f0 0E        		.uleb128 0xe
 307 01f1 8301 0000 		.long	0x183
 308 01f5 0D        		.uleb128 0xd
 309 01f6 7261 7700 		.string	"raw"
 310 01fa 09        		.byte	0x9
 311 01fb 26        		.byte	0x26
 312 01fc 0D        		.byte	0xd
 313 01fd 2400 0000 		.long	0x24
 314 0201 00        		.byte	0
 315 0202 03        		.uleb128 0x3
 316 0203 0000 0000 		.long	.LASF26
 317 0207 09        		.byte	0x9
 318 0208 27        		.byte	0x27
 319 0209 03        		.byte	0x3
 320 020a E701 0000 		.long	0x1e7
 321 020e 07        		.uleb128 0x7
 322 020f 0000 0000 		.long	.LASF27
 323 0213 09        		.byte	0x9
 324 0214 29        		.byte	0x29
 325 0215 17        		.byte	0x17
 326 0216 0202 0000 		.long	0x202
 327 021a 01        		.byte	0x1
 328 021b 01        		.byte	0x1
 329 021c 08        		.uleb128 0x8
 330 021d 02        		.byte	0x2
 331 021e 0A        		.byte	0xa
 332 021f 1D        		.byte	0x1d
 333 0220 05        		.byte	0x5
 334 0221 EC02 0000 		.long	0x2ec
 335 0225 12        		.uleb128 0x12
 336 0226 0000 0000 		.long	.LASF28
 337 022a 0A        		.byte	0xa
 338 022b 1E        		.byte	0x1e
 339 022c 0E        		.byte	0xe
 340 022d AE00 0000 		.long	0xae
 341 0231 01        		.byte	0x1
 342 0232 01        		.byte	0x1
 343 0233 07        		.byte	0x7
 344 0234 02        		.byte	0x2
 345 0235 23        		.byte	0x23
 346 0236 00        		.uleb128 0
 347 0237 12        		.uleb128 0x12
 348 0238 0000 0000 		.long	.LASF29
 349 023c 0A        		.byte	0xa
 350 023d 1F        		.byte	0x1f
 351 023e 0E        		.byte	0xe
 352 023f AE00 0000 		.long	0xae
 353 0243 01        		.byte	0x1
 354 0244 01        		.byte	0x1
 355 0245 06        		.byte	0x6
 356 0246 02        		.byte	0x2
 357 0247 23        		.byte	0x23
 358 0248 00        		.uleb128 0
 359 0249 12        		.uleb128 0x12
 360 024a 0000 0000 		.long	.LASF30
 361 024e 0A        		.byte	0xa
 362 024f 20        		.byte	0x20
 363 0250 0E        		.byte	0xe
 364 0251 AE00 0000 		.long	0xae
 365 0255 01        		.byte	0x1
 366 0256 01        		.byte	0x1
 367 0257 05        		.byte	0x5
 368 0258 02        		.byte	0x2
 369 0259 23        		.byte	0x23
 370 025a 00        		.uleb128 0
 371 025b 12        		.uleb128 0x12
 372 025c 0000 0000 		.long	.LASF31
 373 0260 0A        		.byte	0xa
 374 0261 21        		.byte	0x21
 375 0262 0E        		.byte	0xe
 376 0263 AE00 0000 		.long	0xae
 377 0267 01        		.byte	0x1
 378 0268 01        		.byte	0x1
 379 0269 04        		.byte	0x4
 380 026a 02        		.byte	0x2
 381 026b 23        		.byte	0x23
 382 026c 00        		.uleb128 0
 383 026d 12        		.uleb128 0x12
 384 026e 0000 0000 		.long	.LASF32
 385 0272 0A        		.byte	0xa
 386 0273 22        		.byte	0x22
 387 0274 0E        		.byte	0xe
 388 0275 AE00 0000 		.long	0xae
 389 0279 01        		.byte	0x1
 390 027a 01        		.byte	0x1
 391 027b 03        		.byte	0x3
 392 027c 02        		.byte	0x2
 393 027d 23        		.byte	0x23
 394 027e 00        		.uleb128 0
 395 027f 12        		.uleb128 0x12
 396 0280 0000 0000 		.long	.LASF33
 397 0284 0A        		.byte	0xa
 398 0285 23        		.byte	0x23
 399 0286 0E        		.byte	0xe
 400 0287 AE00 0000 		.long	0xae
 401 028b 01        		.byte	0x1
 402 028c 01        		.byte	0x1
 403 028d 02        		.byte	0x2
 404 028e 02        		.byte	0x2
 405 028f 23        		.byte	0x23
 406 0290 00        		.uleb128 0
 407 0291 12        		.uleb128 0x12
 408 0292 0000 0000 		.long	.LASF34
 409 0296 0A        		.byte	0xa
 410 0297 24        		.byte	0x24
 411 0298 0E        		.byte	0xe
 412 0299 AE00 0000 		.long	0xae
 413 029d 01        		.byte	0x1
 414 029e 01        		.byte	0x1
 415 029f 01        		.byte	0x1
 416 02a0 02        		.byte	0x2
 417 02a1 23        		.byte	0x23
 418 02a2 00        		.uleb128 0
 419 02a3 12        		.uleb128 0x12
 420 02a4 0000 0000 		.long	.LASF35
 421 02a8 0A        		.byte	0xa
 422 02a9 25        		.byte	0x25
 423 02aa 0E        		.byte	0xe
 424 02ab AE00 0000 		.long	0xae
 425 02af 01        		.byte	0x1
 426 02b0 01        		.byte	0x1
 427 02b1 00        		.byte	0
 428 02b2 02        		.byte	0x2
 429 02b3 23        		.byte	0x23
 430 02b4 00        		.uleb128 0
 431 02b5 12        		.uleb128 0x12
 432 02b6 0000 0000 		.long	.LASF36
 433 02ba 0A        		.byte	0xa
 434 02bb 26        		.byte	0x26
 435 02bc 0E        		.byte	0xe
 436 02bd AE00 0000 		.long	0xae
 437 02c1 01        		.byte	0x1
 438 02c2 01        		.byte	0x1
 439 02c3 07        		.byte	0x7
 440 02c4 02        		.byte	0x2
 441 02c5 23        		.byte	0x23
 442 02c6 01        		.uleb128 0x1
 443 02c7 12        		.uleb128 0x12
 444 02c8 0000 0000 		.long	.LASF37
 445 02cc 0A        		.byte	0xa
 446 02cd 27        		.byte	0x27
 447 02ce 0E        		.byte	0xe
 448 02cf AE00 0000 		.long	0xae
 449 02d3 01        		.byte	0x1
 450 02d4 01        		.byte	0x1
 451 02d5 06        		.byte	0x6
 452 02d6 02        		.byte	0x2
 453 02d7 23        		.byte	0x23
 454 02d8 01        		.uleb128 0x1
 455 02d9 12        		.uleb128 0x12
 456 02da 0000 0000 		.long	.LASF38
 457 02de 0A        		.byte	0xa
 458 02df 28        		.byte	0x28
 459 02e0 0E        		.byte	0xe
 460 02e1 AE00 0000 		.long	0xae
 461 02e5 01        		.byte	0x1
 462 02e6 01        		.byte	0x1
 463 02e7 05        		.byte	0x5
 464 02e8 02        		.byte	0x2
 465 02e9 23        		.byte	0x23
 466 02ea 01        		.uleb128 0x1
 467 02eb 00        		.byte	0
 468 02ec 0C        		.uleb128 0xc
 469 02ed 02        		.byte	0x2
 470 02ee 0A        		.byte	0xa
 471 02ef 1B        		.byte	0x1b
 472 02f0 09        		.byte	0x9
 473 02f1 0703 0000 		.long	0x307
 474 02f5 0D        		.uleb128 0xd
 475 02f6 7261 7700 		.string	"raw"
 476 02fa 0A        		.byte	0xa
 477 02fb 1C        		.byte	0x1c
 478 02fc 0E        		.byte	0xe
 479 02fd 4300 0000 		.long	0x43
 480 0301 0E        		.uleb128 0xe
 481 0302 1C02 0000 		.long	0x21c
 482 0306 00        		.byte	0
 483 0307 03        		.uleb128 0x3
 484 0308 0000 0000 		.long	.LASF39
 485 030c 0A        		.byte	0xa
 486 030d 2A        		.byte	0x2a
 487 030e 03        		.byte	0x3
 488 030f EC02 0000 		.long	0x2ec
 489 0313 07        		.uleb128 0x7
 490 0314 0000 0000 		.long	.LASF40
 491 0318 0A        		.byte	0xa
 492 0319 2C        		.byte	0x2c
 493 031a 18        		.byte	0x18
 494 031b 0703 0000 		.long	0x307
 495 031f 01        		.byte	0x1
 496 0320 01        		.byte	0x1
 497 0321 13        		.uleb128 0x13
 498 0322 07        		.byte	0x7
 499 0323 01        		.byte	0x1
 500 0324 3500 0000 		.long	0x35
 501 0328 0B        		.byte	0xb
 502 0329 2D        		.byte	0x2d
 503 032a 0E        		.byte	0xe
 504 032b 6C03 0000 		.long	0x36c
 505 032f 14        		.uleb128 0x14
 506 0330 0000 0000 		.long	.LASF41
 507 0334 00        		.byte	0
 508 0335 14        		.uleb128 0x14
 509 0336 0000 0000 		.long	.LASF42
 510 033a 01        		.byte	0x1
 511 033b 14        		.uleb128 0x14
 512 033c 0000 0000 		.long	.LASF43
 513 0340 02        		.byte	0x2
 514 0341 14        		.uleb128 0x14
 515 0342 0000 0000 		.long	.LASF44
 516 0346 03        		.byte	0x3
 517 0347 14        		.uleb128 0x14
 518 0348 0000 0000 		.long	.LASF45
 519 034c 04        		.byte	0x4
 520 034d 14        		.uleb128 0x14
 521 034e 0000 0000 		.long	.LASF46
 522 0352 05        		.byte	0x5
 523 0353 14        		.uleb128 0x14
 524 0354 0000 0000 		.long	.LASF47
 525 0358 06        		.byte	0x6
 526 0359 14        		.uleb128 0x14
 527 035a 0000 0000 		.long	.LASF48
 528 035e 07        		.byte	0x7
 529 035f 14        		.uleb128 0x14
 530 0360 0000 0000 		.long	.LASF49
 531 0364 08        		.byte	0x8
 532 0365 14        		.uleb128 0x14
 533 0366 0000 0000 		.long	.LASF50
 534 036a 09        		.byte	0x9
 535 036b 00        		.byte	0
 536 036c 03        		.uleb128 0x3
 537 036d 0000 0000 		.long	.LASF51
 538 0371 0B        		.byte	0xb
 539 0372 2D        		.byte	0x2d
 540 0373 89        		.byte	0x89
 541 0374 2103 0000 		.long	0x321
 542 0378 08        		.uleb128 0x8
 543 0379 23        		.byte	0x23
 544 037a 0B        		.byte	0xb
 545 037b 2F        		.byte	0x2f
 546 037c 09        		.byte	0x9
 547 037d CD03 0000 		.long	0x3cd
 548 0381 09        		.uleb128 0x9
 549 0382 0000 0000 		.long	.LASF52
 550 0386 0B        		.byte	0xb
 551 0387 30        		.byte	0x30
 552 0388 1C        		.byte	0x1c
 553 0389 AE00 0000 		.long	0xae
 554 038d 02        		.byte	0x2
 555 038e 23        		.byte	0x23
 556 038f 00        		.uleb128 0
 557 0390 09        		.uleb128 0x9
 558 0391 0000 0000 		.long	.LASF53
 559 0395 0B        		.byte	0xb
 560 0396 31        		.byte	0x31
 561 0397 1C        		.byte	0x1c
 562 0398 CD03 0000 		.long	0x3cd
 563 039c 02        		.byte	0x2
 564 039d 23        		.byte	0x23
 565 039e 01        		.uleb128 0x1
 566 039f 09        		.uleb128 0x9
 567 03a0 0000 0000 		.long	.LASF54
 568 03a4 0B        		.byte	0xb
 569 03a5 32        		.byte	0x32
 570 03a6 1C        		.byte	0x1c
 571 03a7 DD03 0000 		.long	0x3dd
 572 03ab 02        		.byte	0x2
 573 03ac 23        		.byte	0x23
 574 03ad 11        		.uleb128 0x11
 575 03ae 09        		.uleb128 0x9
 576 03af 0000 0000 		.long	.LASF55
 577 03b3 0B        		.byte	0xb
 578 03b4 33        		.byte	0x33
 579 03b5 1C        		.byte	0x1c
 580 03b6 2400 0000 		.long	0x24
 581 03ba 02        		.byte	0x2
 582 03bb 23        		.byte	0x23
 583 03bc 21        		.uleb128 0x21
 584 03bd 09        		.uleb128 0x9
 585 03be 0000 0000 		.long	.LASF56
 586 03c2 0B        		.byte	0xb
 587 03c3 34        		.byte	0x34
 588 03c4 1C        		.byte	0x1c
 589 03c5 6C03 0000 		.long	0x36c
 590 03c9 02        		.byte	0x2
 591 03ca 23        		.byte	0x23
 592 03cb 22        		.uleb128 0x22
 593 03cc 00        		.byte	0
 594 03cd 0A        		.uleb128 0xa
 595 03ce 2400 0000 		.long	0x24
 596 03d2 DD03 0000 		.long	0x3dd
 597 03d6 0B        		.uleb128 0xb
 598 03d7 5400 0000 		.long	0x54
 599 03db 0F        		.byte	0xf
 600 03dc 00        		.byte	0
 601 03dd 0A        		.uleb128 0xa
 602 03de 4300 0000 		.long	0x43
 603 03e2 ED03 0000 		.long	0x3ed
 604 03e6 0B        		.uleb128 0xb
 605 03e7 5400 0000 		.long	0x54
 606 03eb 07        		.byte	0x7
 607 03ec 00        		.byte	0
 608 03ed 03        		.uleb128 0x3
 609 03ee 0000 0000 		.long	.LASF57
 610 03f2 0B        		.byte	0xb
 611 03f3 35        		.byte	0x35
 612 03f4 03        		.byte	0x3
 613 03f5 7803 0000 		.long	0x378
 614 03f9 15        		.uleb128 0x15
 615 03fa 0000 0000 		.long	.LASF61
 616 03fe 07        		.byte	0x7
 617 03ff 01        		.byte	0x1
 618 0400 3500 0000 		.long	0x35
 619 0404 0B        		.byte	0xb
 620 0405 3B        		.byte	0x3b
 621 0406 0E        		.byte	0xe
 622 0407 1E04 0000 		.long	0x41e
 623 040b 14        		.uleb128 0x14
 624 040c 0000 0000 		.long	.LASF58
 625 0410 00        		.byte	0
 626 0411 14        		.uleb128 0x14
 627 0412 0000 0000 		.long	.LASF59
 628 0416 01        		.byte	0x1
 629 0417 14        		.uleb128 0x14
 630 0418 0000 0000 		.long	.LASF60
 631 041c 02        		.byte	0x2
 632 041d 00        		.byte	0
 633 041e 03        		.uleb128 0x3
 634 041f 0000 0000 		.long	.LASF61
 635 0423 0B        		.byte	0xb
 636 0424 3F        		.byte	0x3f
 637 0425 03        		.byte	0x3
 638 0426 F903 0000 		.long	0x3f9
 639 042a 08        		.uleb128 0x8
 640 042b 06        		.byte	0x6
 641 042c 0B        		.byte	0xb
 642 042d 41        		.byte	0x41
 643 042e 09        		.byte	0x9
 644 042f 7F04 0000 		.long	0x47f
 645 0433 09        		.uleb128 0x9
 646 0434 0000 0000 		.long	.LASF62
 647 0438 0B        		.byte	0xb
 648 0439 42        		.byte	0x42
 649 043a 17        		.byte	0x17
 650 043b 2400 0000 		.long	0x24
 651 043f 02        		.byte	0x2
 652 0440 23        		.byte	0x23
 653 0441 00        		.uleb128 0
 654 0442 09        		.uleb128 0x9
 655 0443 0000 0000 		.long	.LASF63
 656 0447 0B        		.byte	0xb
 657 0448 43        		.byte	0x43
 658 0449 17        		.byte	0x17
 659 044a 2400 0000 		.long	0x24
 660 044e 02        		.byte	0x2
 661 044f 23        		.byte	0x23
 662 0450 01        		.uleb128 0x1
 663 0451 09        		.uleb128 0x9
 664 0452 0000 0000 		.long	.LASF64
 665 0456 0B        		.byte	0xb
 666 0457 44        		.byte	0x44
 667 0458 17        		.byte	0x17
 668 0459 2400 0000 		.long	0x24
 669 045d 02        		.byte	0x2
 670 045e 23        		.byte	0x23
 671 045f 02        		.uleb128 0x2
 672 0460 09        		.uleb128 0x9
 673 0461 0000 0000 		.long	.LASF65
 674 0465 0B        		.byte	0xb
 675 0466 45        		.byte	0x45
 676 0467 17        		.byte	0x17
 677 0468 4300 0000 		.long	0x43
 678 046c 02        		.byte	0x2
 679 046d 23        		.byte	0x23
 680 046e 03        		.uleb128 0x3
 681 046f 09        		.uleb128 0x9
 682 0470 0000 0000 		.long	.LASF66
 683 0474 0B        		.byte	0xb
 684 0475 46        		.byte	0x46
 685 0476 17        		.byte	0x17
 686 0477 1E04 0000 		.long	0x41e
 687 047b 02        		.byte	0x2
 688 047c 23        		.byte	0x23
 689 047d 05        		.uleb128 0x5
 690 047e 00        		.byte	0
 691 047f 03        		.uleb128 0x3
 692 0480 0000 0000 		.long	.LASF67
 693 0484 0B        		.byte	0xb
 694 0485 47        		.byte	0x47
 695 0486 03        		.byte	0x3
 696 0487 2A04 0000 		.long	0x42a
 697 048b 07        		.uleb128 0x7
 698 048c 0000 0000 		.long	.LASF68
 699 0490 0B        		.byte	0xb
 700 0491 49        		.byte	0x49
 701 0492 1B        		.byte	0x1b
 702 0493 ED03 0000 		.long	0x3ed
 703 0497 01        		.byte	0x1
 704 0498 01        		.byte	0x1
 705 0499 07        		.uleb128 0x7
 706 049a 0000 0000 		.long	.LASF69
 707 049e 0B        		.byte	0xb
 708 049f 4C        		.byte	0x4c
 709 04a0 1A        		.byte	0x1a
 710 04a1 7F04 0000 		.long	0x47f
 711 04a5 01        		.byte	0x1
 712 04a6 01        		.byte	0x1
 713 04a7 0A        		.uleb128 0xa
 714 04a8 4F00 0000 		.long	0x4f
 715 04ac BE04 0000 		.long	0x4be
 716 04b0 16        		.uleb128 0x16
 717 04b1 0B        		.uleb128 0xb
 718 04b2 5400 0000 		.long	0x54
 719 04b6 04        		.byte	0x4
 720 04b7 0B        		.uleb128 0xb
 721 04b8 5400 0000 		.long	0x54
 722 04bc 0C        		.byte	0xc
 723 04bd 00        		.byte	0
 724 04be 04        		.uleb128 0x4
 725 04bf A704 0000 		.long	0x4a7
 726 04c3 07        		.uleb128 0x7
 727 04c4 0000 0000 		.long	.LASF70
 728 04c8 0C        		.byte	0xc
 729 04c9 37        		.byte	0x37
 730 04ca 17        		.byte	0x17
 731 04cb BE04 0000 		.long	0x4be
 732 04cf 01        		.byte	0x1
 733 04d0 01        		.byte	0x1
 734 04d1 0A        		.uleb128 0xa
 735 04d2 4F00 0000 		.long	0x4f
 736 04d6 DC04 0000 		.long	0x4dc
 737 04da 16        		.uleb128 0x16
 738 04db 00        		.byte	0
 739 04dc 04        		.uleb128 0x4
 740 04dd D104 0000 		.long	0x4d1
 741 04e1 07        		.uleb128 0x7
 742 04e2 0000 0000 		.long	.LASF71
 743 04e6 0C        		.byte	0xc
 744 04e7 38        		.byte	0x38
 745 04e8 17        		.byte	0x17
 746 04e9 DC04 0000 		.long	0x4dc
 747 04ed 01        		.byte	0x1
 748 04ee 01        		.byte	0x1
 749 04ef 03        		.uleb128 0x3
 750 04f0 0000 0000 		.long	.LASF72
 751 04f4 0D        		.byte	0xd
 752 04f5 27        		.byte	0x27
 753 04f6 12        		.byte	0x12
 754 04f7 6200 0000 		.long	0x62
 755 04fb 07        		.uleb128 0x7
 756 04fc 0000 0000 		.long	.LASF73
 757 0500 0D        		.byte	0xd
 758 0501 32        		.byte	0x32
 759 0502 16        		.byte	0x16
 760 0503 EF04 0000 		.long	0x4ef
 761 0507 01        		.byte	0x1
 762 0508 01        		.byte	0x1
 763 0509 07        		.uleb128 0x7
 764 050a 0000 0000 		.long	.LASF74
 765 050e 0D        		.byte	0xd
 766 050f 48        		.byte	0x48
 767 0510 16        		.byte	0x16
 768 0511 EF04 0000 		.long	0x4ef
 769 0515 01        		.byte	0x1
 770 0516 01        		.byte	0x1
 771 0517 07        		.uleb128 0x7
 772 0518 0000 0000 		.long	.LASF75
 773 051c 0E        		.byte	0xe
 774 051d 1B        		.byte	0x1b
 775 051e 1B        		.byte	0x1b
 776 051f 4101 0000 		.long	0x141
 777 0523 01        		.byte	0x1
 778 0524 01        		.byte	0x1
 779 0525 0A        		.uleb128 0xa
 780 0526 3000 0000 		.long	0x30
 781 052a 3505 0000 		.long	0x535
 782 052e 0B        		.uleb128 0xb
 783 052f 5400 0000 		.long	0x54
 784 0533 0F        		.byte	0xf
 785 0534 00        		.byte	0
 786 0535 04        		.uleb128 0x4
 787 0536 2505 0000 		.long	0x525
 788 053a 07        		.uleb128 0x7
 789 053b 0000 0000 		.long	.LASF76
 790 053f 0F        		.byte	0xf
 791 0540 1A        		.byte	0x1a
 792 0541 16        		.byte	0x16
 793 0542 3505 0000 		.long	0x535
 794 0546 01        		.byte	0x1
 795 0547 01        		.byte	0x1
 796 0548 07        		.uleb128 0x7
 797 0549 0000 0000 		.long	.LASF77
 798 054d 0F        		.byte	0xf
 799 054e 1B        		.byte	0x1b
 800 054f 16        		.byte	0x16
 801 0550 3505 0000 		.long	0x535
 802 0554 01        		.byte	0x1
 803 0555 01        		.byte	0x1
 804 0556 07        		.uleb128 0x7
 805 0557 0000 0000 		.long	.LASF78
 806 055b 0F        		.byte	0xf
 807 055c 1C        		.byte	0x1c
 808 055d 16        		.byte	0x16
 809 055e 3505 0000 		.long	0x535
 810 0562 01        		.byte	0x1
 811 0563 01        		.byte	0x1
 812 0564 0A        		.uleb128 0xa
 813 0565 3000 0000 		.long	0x30
 814 0569 7405 0000 		.long	0x574
 815 056d 0B        		.uleb128 0xb
 816 056e 5400 0000 		.long	0x54
 817 0572 7F        		.byte	0x7f
 818 0573 00        		.byte	0
 819 0574 04        		.uleb128 0x4
 820 0575 6405 0000 		.long	0x564
 821 0579 07        		.uleb128 0x7
 822 057a 0000 0000 		.long	.LASF79
 823 057e 0F        		.byte	0xf
 824 057f 1D        		.byte	0x1d
 825 0580 16        		.byte	0x16
 826 0581 7405 0000 		.long	0x574
 827 0585 01        		.byte	0x1
 828 0586 01        		.byte	0x1
 829 0587 17        		.uleb128 0x17
 830 0588 0000 0000 		.long	.LASF80
 831 058c 10        		.byte	0x10
 832 058d 3801      		.word	0x138
 833 058f 0F        		.byte	0xf
 834 0590 A200 0000 		.long	0xa2
 835 0594 01        		.byte	0x1
 836 0595 01        		.byte	0x1
 837 0596 17        		.uleb128 0x17
 838 0597 0000 0000 		.long	.LASF81
 839 059b 10        		.byte	0x10
 840 059c 3D01      		.word	0x13d
 841 059e 0E        		.byte	0xe
 842 059f A505 0000 		.long	0x5a5
 843 05a3 01        		.byte	0x1
 844 05a4 01        		.byte	0x1
 845 05a5 0F        		.uleb128 0xf
 846 05a6 02        		.byte	0x2
 847 05a7 AB05 0000 		.long	0x5ab
 848 05ab 02        		.uleb128 0x2
 849 05ac 01        		.byte	0x1
 850 05ad 08        		.byte	0x8
 851 05ae 0000 0000 		.long	.LASF82
 852 05b2 17        		.uleb128 0x17
 853 05b3 0000 0000 		.long	.LASF83
 854 05b7 10        		.byte	0x10
 855 05b8 4201      		.word	0x142
 856 05ba 0E        		.byte	0xe
 857 05bb A505 0000 		.long	0x5a5
 858 05bf 01        		.byte	0x1
 859 05c0 01        		.byte	0x1
 860 05c1 08        		.uleb128 0x8
 861 05c2 01        		.byte	0x1
 862 05c3 11        		.byte	0x11
 863 05c4 48        		.byte	0x48
 864 05c5 05        		.byte	0x5
 865 05c6 DD05 0000 		.long	0x5dd
 866 05ca 12        		.uleb128 0x12
 867 05cb 0000 0000 		.long	.LASF84
 868 05cf 11        		.byte	0x11
 869 05d0 49        		.byte	0x49
 870 05d1 11        		.byte	0x11
 871 05d2 2400 0000 		.long	0x24
 872 05d6 01        		.byte	0x1
 873 05d7 08        		.byte	0x8
 874 05d8 00        		.byte	0
 875 05d9 02        		.byte	0x2
 876 05da 23        		.byte	0x23
 877 05db 00        		.uleb128 0
 878 05dc 00        		.byte	0
 879 05dd 0C        		.uleb128 0xc
 880 05de 04        		.byte	0x4
 881 05df 11        		.byte	0x11
 882 05e0 46        		.byte	0x46
 883 05e1 09        		.byte	0x9
 884 05e2 F805 0000 		.long	0x5f8
 885 05e6 0D        		.uleb128 0xd
 886 05e7 7261 7700 		.string	"raw"
 887 05eb 11        		.byte	0x11
 888 05ec 47        		.byte	0x47
 889 05ed 0E        		.byte	0xe
 890 05ee 6200 0000 		.long	0x62
 891 05f2 0E        		.uleb128 0xe
 892 05f3 C105 0000 		.long	0x5c1
 893 05f7 00        		.byte	0
 894 05f8 03        		.uleb128 0x3
 895 05f9 0000 0000 		.long	.LASF85
 896 05fd 11        		.byte	0x11
 897 05fe 4B        		.byte	0x4b
 898 05ff 03        		.byte	0x3
 899 0600 DD05 0000 		.long	0x5dd
 900 0604 07        		.uleb128 0x7
 901 0605 0000 0000 		.long	.LASF86
 902 0609 11        		.byte	0x11
 903 060a 4D        		.byte	0x4d
 904 060b 19        		.byte	0x19
 905 060c F805 0000 		.long	0x5f8
 906 0610 01        		.byte	0x1
 907 0611 01        		.byte	0x1
 908 0612 18        		.uleb128 0x18
 909 0613 0000 0000 		.long	.LASF87
 910 0617 12        		.byte	0x12
 911 0618 1B        		.byte	0x1b
 912 0619 0D        		.byte	0xd
 913 061a AE00 0000 		.long	0xae
 914 061e 18        		.uleb128 0x18
 915 061f 0000 0000 		.long	.LASF88
 916 0623 12        		.byte	0x12
 917 0624 1E        		.byte	0x1e
 918 0625 11        		.byte	0x11
 919 0626 4300 0000 		.long	0x43
 920 062a 19        		.uleb128 0x19
 921 062b 01        		.byte	0x1
 922 062c 0000 0000 		.long	.LASF95
 923 0630 12        		.byte	0x12
 924 0631 34        		.byte	0x34
 925 0632 06        		.byte	0x6
 926 0633 01        		.byte	0x1
 927 0634 AE00 0000 		.long	0xae
 928 0638 1A        		.uleb128 0x1a
 929 0639 01        		.byte	0x1
 930 063a 0000 0000 		.long	.LASF96
 931 063e 12        		.byte	0x12
 932 063f 1F        		.byte	0x1f
 933 0640 11        		.byte	0x11
 934 0641 01        		.byte	0x1
 935 0642 8306 0000 		.long	0x683
 936 0646 1B        		.uleb128 0x1b
 937 0647 7261 7700 		.string	"raw"
 938 064b 12        		.byte	0x12
 939 064c 1F        		.byte	0x1f
 940 064d 27        		.byte	0x27
 941 064e 8306 0000 		.long	0x683
 942 0652 1C        		.uleb128 0x1c
 943 0653 0000 0000 		.long	.LASF89
 944 0657 12        		.byte	0x12
 945 0658 1F        		.byte	0x1f
 946 0659 3B        		.byte	0x3b
 947 065a 8306 0000 		.long	0x683
 948 065e 1C        		.uleb128 0x1c
 949 065f 0000 0000 		.long	.LASF90
 950 0663 12        		.byte	0x12
 951 0664 1F        		.byte	0x1f
 952 0665 4D        		.byte	0x4d
 953 0666 2400 0000 		.long	0x24
 954 066a 1C        		.uleb128 0x1c
 955 066b 0000 0000 		.long	.LASF91
 956 066f 12        		.byte	0x12
 957 0670 1F        		.byte	0x1f
 958 0671 5C        		.byte	0x5c
 959 0672 AE00 0000 		.long	0xae
 960 0676 1D        		.uleb128 0x1d
 961 0677 1E        		.uleb128 0x1e
 962 0678 6900      		.string	"i"
 963 067a 12        		.byte	0x12
 964 067b 26        		.byte	0x26
 965 067c 12        		.byte	0x12
 966 067d 3C00 0000 		.long	0x3c
 967 0681 00        		.byte	0
 968 0682 00        		.byte	0
 969 0683 0F        		.uleb128 0xf
 970 0684 02        		.byte	0x2
 971 0685 8800 0000 		.long	0x88
 972 0689 1F        		.uleb128 0x1f
 973 068a 01        		.byte	0x1
 974 068b 0000 0000 		.long	.LASF97
 975 068f 12        		.byte	0x12
 976 0690 1A        		.byte	0x1a
 977 0691 0D        		.byte	0xd
 978 0692 01        		.byte	0x1
 979 0693 1C        		.uleb128 0x1c
 980 0694 0000 0000 		.long	.LASF90
 981 0698 12        		.byte	0x12
 982 0699 1A        		.byte	0x1a
 983 069a 23        		.byte	0x23
 984 069b 2400 0000 		.long	0x24
 985 069f 00        		.byte	0
 986 06a0 00        		.byte	0
 987               		.section	.gnu.debuglto_.debug_abbrev,"",@progbits
 988               	.Ldebug_abbrev0:
 989 0000 01        		.uleb128 0x1
 990 0001 11        		.uleb128 0x11
 991 0002 01        		.byte	0x1
 992 0003 25        		.uleb128 0x25
 993 0004 0E        		.uleb128 0xe
 994 0005 13        		.uleb128 0x13
 995 0006 0B        		.uleb128 0xb
 996 0007 03        		.uleb128 0x3
 997 0008 0E        		.uleb128 0xe
 998 0009 1B        		.uleb128 0x1b
 999 000a 0E        		.uleb128 0xe
 1000 000b 10        		.uleb128 0x10
 1001 000c 06        		.uleb128 0x6
 1002 000d 00        		.byte	0
 1003 000e 00        		.byte	0
 1004 000f 02        		.uleb128 0x2
 1005 0010 24        		.uleb128 0x24
 1006 0011 00        		.byte	0
 1007 0012 0B        		.uleb128 0xb
 1008 0013 0B        		.uleb128 0xb
 1009 0014 3E        		.uleb128 0x3e
 1010 0015 0B        		.uleb128 0xb
 1011 0016 03        		.uleb128 0x3
 1012 0017 0E        		.uleb128 0xe
 1013 0018 00        		.byte	0
 1014 0019 00        		.byte	0
 1015 001a 03        		.uleb128 0x3
 1016 001b 16        		.uleb128 0x16
 1017 001c 00        		.byte	0
 1018 001d 03        		.uleb128 0x3
 1019 001e 0E        		.uleb128 0xe
 1020 001f 3A        		.uleb128 0x3a
 1021 0020 0B        		.uleb128 0xb
 1022 0021 3B        		.uleb128 0x3b
 1023 0022 0B        		.uleb128 0xb
 1024 0023 39        		.uleb128 0x39
 1025 0024 0B        		.uleb128 0xb
 1026 0025 49        		.uleb128 0x49
 1027 0026 13        		.uleb128 0x13
 1028 0027 00        		.byte	0
 1029 0028 00        		.byte	0
 1030 0029 04        		.uleb128 0x4
 1031 002a 26        		.uleb128 0x26
 1032 002b 00        		.byte	0
 1033 002c 49        		.uleb128 0x49
 1034 002d 13        		.uleb128 0x13
 1035 002e 00        		.byte	0
 1036 002f 00        		.byte	0
 1037 0030 05        		.uleb128 0x5
 1038 0031 24        		.uleb128 0x24
 1039 0032 00        		.byte	0
 1040 0033 0B        		.uleb128 0xb
 1041 0034 0B        		.uleb128 0xb
 1042 0035 3E        		.uleb128 0x3e
 1043 0036 0B        		.uleb128 0xb
 1044 0037 03        		.uleb128 0x3
 1045 0038 08        		.uleb128 0x8
 1046 0039 00        		.byte	0
 1047 003a 00        		.byte	0
 1048 003b 06        		.uleb128 0x6
 1049 003c 35        		.uleb128 0x35
 1050 003d 00        		.byte	0
 1051 003e 49        		.uleb128 0x49
 1052 003f 13        		.uleb128 0x13
 1053 0040 00        		.byte	0
 1054 0041 00        		.byte	0
 1055 0042 07        		.uleb128 0x7
 1056 0043 34        		.uleb128 0x34
 1057 0044 00        		.byte	0
 1058 0045 03        		.uleb128 0x3
 1059 0046 0E        		.uleb128 0xe
 1060 0047 3A        		.uleb128 0x3a
 1061 0048 0B        		.uleb128 0xb
 1062 0049 3B        		.uleb128 0x3b
 1063 004a 0B        		.uleb128 0xb
 1064 004b 39        		.uleb128 0x39
 1065 004c 0B        		.uleb128 0xb
 1066 004d 49        		.uleb128 0x49
 1067 004e 13        		.uleb128 0x13
 1068 004f 3F        		.uleb128 0x3f
 1069 0050 0C        		.uleb128 0xc
 1070 0051 3C        		.uleb128 0x3c
 1071 0052 0C        		.uleb128 0xc
 1072 0053 00        		.byte	0
 1073 0054 00        		.byte	0
 1074 0055 08        		.uleb128 0x8
 1075 0056 13        		.uleb128 0x13
 1076 0057 01        		.byte	0x1
 1077 0058 0B        		.uleb128 0xb
 1078 0059 0B        		.uleb128 0xb
 1079 005a 3A        		.uleb128 0x3a
 1080 005b 0B        		.uleb128 0xb
 1081 005c 3B        		.uleb128 0x3b
 1082 005d 0B        		.uleb128 0xb
 1083 005e 39        		.uleb128 0x39
 1084 005f 0B        		.uleb128 0xb
 1085 0060 01        		.uleb128 0x1
 1086 0061 13        		.uleb128 0x13
 1087 0062 00        		.byte	0
 1088 0063 00        		.byte	0
 1089 0064 09        		.uleb128 0x9
 1090 0065 0D        		.uleb128 0xd
 1091 0066 00        		.byte	0
 1092 0067 03        		.uleb128 0x3
 1093 0068 0E        		.uleb128 0xe
 1094 0069 3A        		.uleb128 0x3a
 1095 006a 0B        		.uleb128 0xb
 1096 006b 3B        		.uleb128 0x3b
 1097 006c 0B        		.uleb128 0xb
 1098 006d 39        		.uleb128 0x39
 1099 006e 0B        		.uleb128 0xb
 1100 006f 49        		.uleb128 0x49
 1101 0070 13        		.uleb128 0x13
 1102 0071 38        		.uleb128 0x38
 1103 0072 0A        		.uleb128 0xa
 1104 0073 00        		.byte	0
 1105 0074 00        		.byte	0
 1106 0075 0A        		.uleb128 0xa
 1107 0076 01        		.uleb128 0x1
 1108 0077 01        		.byte	0x1
 1109 0078 49        		.uleb128 0x49
 1110 0079 13        		.uleb128 0x13
 1111 007a 01        		.uleb128 0x1
 1112 007b 13        		.uleb128 0x13
 1113 007c 00        		.byte	0
 1114 007d 00        		.byte	0
 1115 007e 0B        		.uleb128 0xb
 1116 007f 21        		.uleb128 0x21
 1117 0080 00        		.byte	0
 1118 0081 49        		.uleb128 0x49
 1119 0082 13        		.uleb128 0x13
 1120 0083 2F        		.uleb128 0x2f
 1121 0084 0B        		.uleb128 0xb
 1122 0085 00        		.byte	0
 1123 0086 00        		.byte	0
 1124 0087 0C        		.uleb128 0xc
 1125 0088 17        		.uleb128 0x17
 1126 0089 01        		.byte	0x1
 1127 008a 0B        		.uleb128 0xb
 1128 008b 0B        		.uleb128 0xb
 1129 008c 3A        		.uleb128 0x3a
 1130 008d 0B        		.uleb128 0xb
 1131 008e 3B        		.uleb128 0x3b
 1132 008f 0B        		.uleb128 0xb
 1133 0090 39        		.uleb128 0x39
 1134 0091 0B        		.uleb128 0xb
 1135 0092 01        		.uleb128 0x1
 1136 0093 13        		.uleb128 0x13
 1137 0094 00        		.byte	0
 1138 0095 00        		.byte	0
 1139 0096 0D        		.uleb128 0xd
 1140 0097 0D        		.uleb128 0xd
 1141 0098 00        		.byte	0
 1142 0099 03        		.uleb128 0x3
 1143 009a 08        		.uleb128 0x8
 1144 009b 3A        		.uleb128 0x3a
 1145 009c 0B        		.uleb128 0xb
 1146 009d 3B        		.uleb128 0x3b
 1147 009e 0B        		.uleb128 0xb
 1148 009f 39        		.uleb128 0x39
 1149 00a0 0B        		.uleb128 0xb
 1150 00a1 49        		.uleb128 0x49
 1151 00a2 13        		.uleb128 0x13
 1152 00a3 00        		.byte	0
 1153 00a4 00        		.byte	0
 1154 00a5 0E        		.uleb128 0xe
 1155 00a6 0D        		.uleb128 0xd
 1156 00a7 00        		.byte	0
 1157 00a8 49        		.uleb128 0x49
 1158 00a9 13        		.uleb128 0x13
 1159 00aa 00        		.byte	0
 1160 00ab 00        		.byte	0
 1161 00ac 0F        		.uleb128 0xf
 1162 00ad 0F        		.uleb128 0xf
 1163 00ae 00        		.byte	0
 1164 00af 0B        		.uleb128 0xb
 1165 00b0 0B        		.uleb128 0xb
 1166 00b1 49        		.uleb128 0x49
 1167 00b2 13        		.uleb128 0x13
 1168 00b3 00        		.byte	0
 1169 00b4 00        		.byte	0
 1170 00b5 10        		.uleb128 0x10
 1171 00b6 15        		.uleb128 0x15
 1172 00b7 01        		.byte	0x1
 1173 00b8 27        		.uleb128 0x27
 1174 00b9 0C        		.uleb128 0xc
 1175 00ba 01        		.uleb128 0x1
 1176 00bb 13        		.uleb128 0x13
 1177 00bc 00        		.byte	0
 1178 00bd 00        		.byte	0
 1179 00be 11        		.uleb128 0x11
 1180 00bf 05        		.uleb128 0x5
 1181 00c0 00        		.byte	0
 1182 00c1 49        		.uleb128 0x49
 1183 00c2 13        		.uleb128 0x13
 1184 00c3 00        		.byte	0
 1185 00c4 00        		.byte	0
 1186 00c5 12        		.uleb128 0x12
 1187 00c6 0D        		.uleb128 0xd
 1188 00c7 00        		.byte	0
 1189 00c8 03        		.uleb128 0x3
 1190 00c9 0E        		.uleb128 0xe
 1191 00ca 3A        		.uleb128 0x3a
 1192 00cb 0B        		.uleb128 0xb
 1193 00cc 3B        		.uleb128 0x3b
 1194 00cd 0B        		.uleb128 0xb
 1195 00ce 39        		.uleb128 0x39
 1196 00cf 0B        		.uleb128 0xb
 1197 00d0 49        		.uleb128 0x49
 1198 00d1 13        		.uleb128 0x13
 1199 00d2 0B        		.uleb128 0xb
 1200 00d3 0B        		.uleb128 0xb
 1201 00d4 0D        		.uleb128 0xd
 1202 00d5 0B        		.uleb128 0xb
 1203 00d6 0C        		.uleb128 0xc
 1204 00d7 0B        		.uleb128 0xb
 1205 00d8 38        		.uleb128 0x38
 1206 00d9 0A        		.uleb128 0xa
 1207 00da 00        		.byte	0
 1208 00db 00        		.byte	0
 1209 00dc 13        		.uleb128 0x13
 1210 00dd 04        		.uleb128 0x4
 1211 00de 01        		.byte	0x1
 1212 00df 3E        		.uleb128 0x3e
 1213 00e0 0B        		.uleb128 0xb
 1214 00e1 0B        		.uleb128 0xb
 1215 00e2 0B        		.uleb128 0xb
 1216 00e3 49        		.uleb128 0x49
 1217 00e4 13        		.uleb128 0x13
 1218 00e5 3A        		.uleb128 0x3a
 1219 00e6 0B        		.uleb128 0xb
 1220 00e7 3B        		.uleb128 0x3b
 1221 00e8 0B        		.uleb128 0xb
 1222 00e9 39        		.uleb128 0x39
 1223 00ea 0B        		.uleb128 0xb
 1224 00eb 01        		.uleb128 0x1
 1225 00ec 13        		.uleb128 0x13
 1226 00ed 00        		.byte	0
 1227 00ee 00        		.byte	0
 1228 00ef 14        		.uleb128 0x14
 1229 00f0 28        		.uleb128 0x28
 1230 00f1 00        		.byte	0
 1231 00f2 03        		.uleb128 0x3
 1232 00f3 0E        		.uleb128 0xe
 1233 00f4 1C        		.uleb128 0x1c
 1234 00f5 0B        		.uleb128 0xb
 1235 00f6 00        		.byte	0
 1236 00f7 00        		.byte	0
 1237 00f8 15        		.uleb128 0x15
 1238 00f9 04        		.uleb128 0x4
 1239 00fa 01        		.byte	0x1
 1240 00fb 03        		.uleb128 0x3
 1241 00fc 0E        		.uleb128 0xe
 1242 00fd 3E        		.uleb128 0x3e
 1243 00fe 0B        		.uleb128 0xb
 1244 00ff 0B        		.uleb128 0xb
 1245 0100 0B        		.uleb128 0xb
 1246 0101 49        		.uleb128 0x49
 1247 0102 13        		.uleb128 0x13
 1248 0103 3A        		.uleb128 0x3a
 1249 0104 0B        		.uleb128 0xb
 1250 0105 3B        		.uleb128 0x3b
 1251 0106 0B        		.uleb128 0xb
 1252 0107 39        		.uleb128 0x39
 1253 0108 0B        		.uleb128 0xb
 1254 0109 01        		.uleb128 0x1
 1255 010a 13        		.uleb128 0x13
 1256 010b 00        		.byte	0
 1257 010c 00        		.byte	0
 1258 010d 16        		.uleb128 0x16
 1259 010e 21        		.uleb128 0x21
 1260 010f 00        		.byte	0
 1261 0110 00        		.byte	0
 1262 0111 00        		.byte	0
 1263 0112 17        		.uleb128 0x17
 1264 0113 34        		.uleb128 0x34
 1265 0114 00        		.byte	0
 1266 0115 03        		.uleb128 0x3
 1267 0116 0E        		.uleb128 0xe
 1268 0117 3A        		.uleb128 0x3a
 1269 0118 0B        		.uleb128 0xb
 1270 0119 3B        		.uleb128 0x3b
 1271 011a 05        		.uleb128 0x5
 1272 011b 39        		.uleb128 0x39
 1273 011c 0B        		.uleb128 0xb
 1274 011d 49        		.uleb128 0x49
 1275 011e 13        		.uleb128 0x13
 1276 011f 3F        		.uleb128 0x3f
 1277 0120 0C        		.uleb128 0xc
 1278 0121 3C        		.uleb128 0x3c
 1279 0122 0C        		.uleb128 0xc
 1280 0123 00        		.byte	0
 1281 0124 00        		.byte	0
 1282 0125 18        		.uleb128 0x18
 1283 0126 34        		.uleb128 0x34
 1284 0127 00        		.byte	0
 1285 0128 03        		.uleb128 0x3
 1286 0129 0E        		.uleb128 0xe
 1287 012a 3A        		.uleb128 0x3a
 1288 012b 0B        		.uleb128 0xb
 1289 012c 3B        		.uleb128 0x3b
 1290 012d 0B        		.uleb128 0xb
 1291 012e 39        		.uleb128 0x39
 1292 012f 0B        		.uleb128 0xb
 1293 0130 49        		.uleb128 0x49
 1294 0131 13        		.uleb128 0x13
 1295 0132 00        		.byte	0
 1296 0133 00        		.byte	0
 1297 0134 19        		.uleb128 0x19
 1298 0135 2E        		.uleb128 0x2e
 1299 0136 00        		.byte	0
 1300 0137 3F        		.uleb128 0x3f
 1301 0138 0C        		.uleb128 0xc
 1302 0139 03        		.uleb128 0x3
 1303 013a 0E        		.uleb128 0xe
 1304 013b 3A        		.uleb128 0x3a
 1305 013c 0B        		.uleb128 0xb
 1306 013d 3B        		.uleb128 0x3b
 1307 013e 0B        		.uleb128 0xb
 1308 013f 39        		.uleb128 0x39
 1309 0140 0B        		.uleb128 0xb
 1310 0141 27        		.uleb128 0x27
 1311 0142 0C        		.uleb128 0xc
 1312 0143 49        		.uleb128 0x49
 1313 0144 13        		.uleb128 0x13
 1314 0145 00        		.byte	0
 1315 0146 00        		.byte	0
 1316 0147 1A        		.uleb128 0x1a
 1317 0148 2E        		.uleb128 0x2e
 1318 0149 01        		.byte	0x1
 1319 014a 3F        		.uleb128 0x3f
 1320 014b 0C        		.uleb128 0xc
 1321 014c 03        		.uleb128 0x3
 1322 014d 0E        		.uleb128 0xe
 1323 014e 3A        		.uleb128 0x3a
 1324 014f 0B        		.uleb128 0xb
 1325 0150 3B        		.uleb128 0x3b
 1326 0151 0B        		.uleb128 0xb
 1327 0152 39        		.uleb128 0x39
 1328 0153 0B        		.uleb128 0xb
 1329 0154 27        		.uleb128 0x27
 1330 0155 0C        		.uleb128 0xc
 1331 0156 01        		.uleb128 0x1
 1332 0157 13        		.uleb128 0x13
 1333 0158 00        		.byte	0
 1334 0159 00        		.byte	0
 1335 015a 1B        		.uleb128 0x1b
 1336 015b 05        		.uleb128 0x5
 1337 015c 00        		.byte	0
 1338 015d 03        		.uleb128 0x3
 1339 015e 08        		.uleb128 0x8
 1340 015f 3A        		.uleb128 0x3a
 1341 0160 0B        		.uleb128 0xb
 1342 0161 3B        		.uleb128 0x3b
 1343 0162 0B        		.uleb128 0xb
 1344 0163 39        		.uleb128 0x39
 1345 0164 0B        		.uleb128 0xb
 1346 0165 49        		.uleb128 0x49
 1347 0166 13        		.uleb128 0x13
 1348 0167 00        		.byte	0
 1349 0168 00        		.byte	0
 1350 0169 1C        		.uleb128 0x1c
 1351 016a 05        		.uleb128 0x5
 1352 016b 00        		.byte	0
 1353 016c 03        		.uleb128 0x3
 1354 016d 0E        		.uleb128 0xe
 1355 016e 3A        		.uleb128 0x3a
 1356 016f 0B        		.uleb128 0xb
 1357 0170 3B        		.uleb128 0x3b
 1358 0171 0B        		.uleb128 0xb
 1359 0172 39        		.uleb128 0x39
 1360 0173 0B        		.uleb128 0xb
 1361 0174 49        		.uleb128 0x49
 1362 0175 13        		.uleb128 0x13
 1363 0176 00        		.byte	0
 1364 0177 00        		.byte	0
 1365 0178 1D        		.uleb128 0x1d
 1366 0179 0B        		.uleb128 0xb
 1367 017a 01        		.byte	0x1
 1368 017b 00        		.byte	0
 1369 017c 00        		.byte	0
 1370 017d 1E        		.uleb128 0x1e
 1371 017e 34        		.uleb128 0x34
 1372 017f 00        		.byte	0
 1373 0180 03        		.uleb128 0x3
 1374 0181 08        		.uleb128 0x8
 1375 0182 3A        		.uleb128 0x3a
 1376 0183 0B        		.uleb128 0xb
 1377 0184 3B        		.uleb128 0x3b
 1378 0185 0B        		.uleb128 0xb
 1379 0186 39        		.uleb128 0x39
 1380 0187 0B        		.uleb128 0xb
 1381 0188 49        		.uleb128 0x49
 1382 0189 13        		.uleb128 0x13
 1383 018a 00        		.byte	0
 1384 018b 00        		.byte	0
 1385 018c 1F        		.uleb128 0x1f
 1386 018d 2E        		.uleb128 0x2e
 1387 018e 01        		.byte	0x1
 1388 018f 3F        		.uleb128 0x3f
 1389 0190 0C        		.uleb128 0xc
 1390 0191 03        		.uleb128 0x3
 1391 0192 0E        		.uleb128 0xe
 1392 0193 3A        		.uleb128 0x3a
 1393 0194 0B        		.uleb128 0xb
 1394 0195 3B        		.uleb128 0x3b
 1395 0196 0B        		.uleb128 0xb
 1396 0197 39        		.uleb128 0x39
 1397 0198 0B        		.uleb128 0xb
 1398 0199 27        		.uleb128 0x27
 1399 019a 0C        		.uleb128 0xc
 1400 019b 00        		.byte	0
 1401 019c 00        		.byte	0
 1402 019d 00        		.byte	0
 1403               		.section	.gnu.debuglto_.debug_line,"",@progbits
 1404               	.Ldebug_line0:
 1405 0000 FE01 0000 		.long	.LELT0-.LSLT0
 1406               	.LSLT0:
 1407 0004 0200      		.word	0x2
 1408 0006 F801 0000 		.long	.LELTP0-.LASLTP0
 1409               	.LASLTP0:
 1410 000a 01        		.byte	0x1
 1411 000b 01        		.byte	0x1
 1412 000c F6        		.byte	0xf6
 1413 000d F2        		.byte	0xf2
 1414 000e 0D        		.byte	0xd
 1415 000f 00        		.byte	0
 1416 0010 01        		.byte	0x1
 1417 0011 01        		.byte	0x1
 1418 0012 01        		.byte	0x1
 1419 0013 01        		.byte	0x1
 1420 0014 00        		.byte	0
 1421 0015 00        		.byte	0
 1422 0016 00        		.byte	0
 1423 0017 01        		.byte	0x1
 1424 0018 00        		.byte	0
 1425 0019 00        		.byte	0
 1426 001a 01        		.byte	0x1
 1427 001b 653A 5C67 		.ascii	"e:\\game\\msys2\\mingw64\\avr\\include"
 1427      616D 655C 
 1427      6D73 7973 
 1427      325C 6D69 
 1427      6E67 7736 
 1428 003c 00        		.byte	0
 1429 003d 653A 5C67 		.ascii	"e:\\game\\msys2\\mingw64\\lib\\gcc\\avr\\8.4.0\\include"
 1429      616D 655C 
 1429      6D73 7973 
 1429      325C 6D69 
 1429      6E67 7736 
 1430 006c 00        		.byte	0
 1431 006d 746D 6B5F 		.ascii	"tmk_core/common"
 1431      636F 7265 
 1431      2F63 6F6D 
 1431      6D6F 6E
 1432 007c 00        		.byte	0
 1433 007d 746D 6B5F 		.ascii	"tmk_core/common/avr"
 1433      636F 7265 
 1433      2F63 6F6D 
 1433      6D6F 6E2F 
 1433      6176 72
 1434 0090 00        		.byte	0
 1435 0091 7175 616E 		.ascii	"quantum"
 1435      7475 6D
 1436 0098 00        		.byte	0
 1437 0099 7175 616E 		.ascii	"quantum/debounce"
 1437      7475 6D2F 
 1437      6465 626F 
 1437      756E 6365 
 1438 00a9 00        		.byte	0
 1439 00aa 7175 616E 		.ascii	"quantum/process_keycode"
 1439      7475 6D2F 
 1439      7072 6F63 
 1439      6573 735F 
 1439      6B65 7963 
 1440 00c1 00        		.byte	0
 1441 00c2 7175 616E 		.ascii	"quantum/sequencer"
 1441      7475 6D2F 
 1441      7365 7175 
 1441      656E 6365 
 1441      72
 1442 00d3 00        		.byte	0
 1443 00d4 00        		.byte	0
 1444 00d5 7374 6469 		.string	"stdint.h"
 1444      6E74 2E68 
 1444      00
 1445 00de 01        		.uleb128 0x1
 1446 00df 00        		.uleb128 0
 1447 00e0 00        		.uleb128 0
 1448 00e1 6D61 7472 		.string	"matrix.h"
 1448      6978 2E68 
 1448      00
 1449 00ea 05        		.uleb128 0x5
 1450 00eb 00        		.uleb128 0
 1451 00ec 00        		.uleb128 0
 1452 00ed 7374 6464 		.string	"stddef.h"
 1452      6566 2E68 
 1452      00
 1453 00f6 02        		.uleb128 0x2
 1454 00f7 00        		.uleb128 0
 1455 00f8 00        		.uleb128 0
 1456 00f9 7469 6D65 		.string	"timer.h"
 1456      722E 6800 
 1457 0101 03        		.uleb128 0x3
 1458 0102 00        		.uleb128 0
 1459 0103 00        		.uleb128 0
 1460 0104 6163 7469 		.string	"action.h"
 1460      6F6E 2E68 
 1460      00
 1461 010d 03        		.uleb128 0x3
 1462 010e 00        		.uleb128 0
 1463 010f 00        		.uleb128 0
 1464 0110 7265 706F 		.string	"report.h"
 1464      7274 2E68 
 1464      00
 1465 0119 03        		.uleb128 0x3
 1466 011a 00        		.uleb128 0
 1467 011b 00        		.uleb128 0
 1468 011c 686F 7374 		.string	"host.h"
 1468      2E68 00
 1469 0123 03        		.uleb128 0x3
 1470 0124 00        		.uleb128 0
 1471 0125 00        		.uleb128 0
 1472 0126 6176 722F 		.string	"avr/xprintf.h"
 1472      7870 7269 
 1472      6E74 662E 
 1472      6800 
 1473 0134 03        		.uleb128 0x3
 1474 0135 00        		.uleb128 0
 1475 0136 00        		.uleb128 0
 1476 0137 6465 6275 		.string	"debug.h"
 1476      672E 6800 
 1477 013f 03        		.uleb128 0x3
 1478 0140 00        		.uleb128 0
 1479 0141 00        		.uleb128 0
 1480 0142 6B65 7963 		.string	"keycode_config.h"
 1480      6F64 655F 
 1480      636F 6E66 
 1480      6967 2E68 
 1480      00
 1481 0153 05        		.uleb128 0x5
 1482 0154 00        		.uleb128 0
 1483 0155 00        		.uleb128 0
 1484 0156 7365 7175 		.string	"sequencer/sequencer.h"
 1484      656E 6365 
 1484      722F 7365 
 1484      7175 656E 
 1484      6365 722E 
 1485 016c 05        		.uleb128 0x5
 1486 016d 00        		.uleb128 0
 1487 016e 00        		.uleb128 0
 1488 016f 6B65 796D 		.string	"keymap.h"
 1488      6170 2E68 
 1488      00
 1489 0178 05        		.uleb128 0x5
 1490 0179 00        		.uleb128 0
 1491 017a 00        		.uleb128 0
 1492 017b 6163 7469 		.string	"action_layer.h"
 1492      6F6E 5F6C 
 1492      6179 6572 
 1492      2E68 00
 1493 018a 03        		.uleb128 0x3
 1494 018b 00        		.uleb128 0
 1495 018c 00        		.uleb128 0
 1496 018d 6163 7469 		.string	"action_util.h"
 1496      6F6E 5F75 
 1496      7469 6C2E 
 1496      6800 
 1497 019b 03        		.uleb128 0x3
 1498 019c 00        		.uleb128 0
 1499 019d 00        		.uleb128 0
 1500 019e 7365 6E64 		.string	"send_string.h"
 1500      5F73 7472 
 1500      696E 672E 
 1500      6800 
 1501 01ac 05        		.uleb128 0x5
 1502 01ad 00        		.uleb128 0
 1503 01ae 00        		.uleb128 0
 1504 01af 7374 646C 		.string	"stdlib.h"
 1504      6962 2E68 
 1504      00
 1505 01b8 01        		.uleb128 0x1
 1506 01b9 00        		.uleb128 0
 1507 01ba 00        		.uleb128 0
 1508 01bb 7072 6F63 		.string	"process_keycode/process_unicode_common.h"
 1508      6573 735F 
 1508      6B65 7963 
 1508      6F64 652F 
 1508      7072 6F63 
 1509 01e4 05        		.uleb128 0x5
 1510 01e5 00        		.uleb128 0
 1511 01e6 00        		.uleb128 0
 1512 01e7 6465 626F 		.string	"debounce/sym_defer_g.c"
 1512      756E 6365 
 1512      2F73 796D 
 1512      5F64 6566 
 1512      6572 5F67 
 1513 01fe 05        		.uleb128 0x5
 1514 01ff 00        		.uleb128 0
 1515 0200 00        		.uleb128 0
 1516 0201 00        		.byte	0
 1517               	.LELTP0:
 1518               	.LELT0:
 1519               		.section	.gnu.debuglto_.debug_str,"MS",@progbits,1
 1520               	.LASF61:
 1521 0000 7365 7175 		.string	"sequencer_phase_t"
 1521      656E 6365 
 1521      725F 7068 
 1521      6173 655F 
 1521      7400 
 1522               	.LASF95:
 1523 0012 6465 626F 		.string	"debounce_active"
 1523      756E 6365 
 1523      5F61 6374 
 1523      6976 6500 
 1524               	.LASF22:
 1525 0022 656E 6162 		.string	"enable"
 1525      6C65 00
 1526               	.LASF80:
 1527 0029 5F5F 6D61 		.string	"__malloc_margin"
 1527      6C6C 6F63 
 1527      5F6D 6172 
 1527      6769 6E00 
 1528               	.LASF11:
 1529 0039 7369 7A65 		.string	"size_t"
 1529      5F74 00
 1530               	.LASF81:
 1531 0040 5F5F 6D61 		.string	"__malloc_heap_start"
 1531      6C6C 6F63 
 1531      5F68 6561 
 1531      705F 7374 
 1531      6172 7400 
 1532               	.LASF56:
 1533 0054 7265 736F 		.string	"resolution"
 1533      6C75 7469 
 1533      6F6E 00
 1534               	.LASF55:
 1535 005f 7465 6D70 		.string	"tempo"
 1535      6F00 
 1536               	.LASF66:
 1537 0065 7068 6173 		.string	"phase"
 1537      6500 
 1538               	.LASF8:
 1539 006b 6C6F 6E67 		.string	"long long int"
 1539      206C 6F6E 
 1539      6720 696E 
 1539      7400 
 1540               	.LASF26:
 1541 0079 6465 6275 		.string	"debug_config_t"
 1541      675F 636F 
 1541      6E66 6967 
 1541      5F74 00
 1542               	.LASF38:
 1543 0088 6F6E 6573 		.string	"oneshot_disable"
 1543      686F 745F 
 1543      6469 7361 
 1543      626C 6500 
 1544               	.LASF72:
 1545 0098 6C61 7965 		.string	"layer_state_t"
 1545      725F 7374 
 1545      6174 655F 
 1545      7400 
 1546               	.LASF13:
 1547 00a6 7469 6D65 		.string	"timer_count"
 1547      725F 636F 
 1547      756E 7400 
 1548               	.LASF15:
 1549 00b2 6D6F 6473 		.string	"mods"
 1549      00
 1550               	.LASF92:
 1551 00b7 474E 5520 		.string	"GNU C99 8.4.0 -mn-flash=1 -mno-skip-bug -mmcu=avr5 -gdwarf-2 -Os -std=gnu99 -funsigned-ch
 1551      4339 3920 
 1551      382E 342E 
 1551      3020 2D6D 
 1551      6E2D 666C 
 1552               	.LASF2:
 1553 01a8 7569 6E74 		.string	"uint8_t"
 1553      385F 7400 
 1554               	.LASF65:
 1555 01b0 7469 6D65 		.string	"timer"
 1555      7200 
 1556               	.LASF18:
 1557 01b6 7265 706F 		.string	"report_keyboard_t"
 1557      7274 5F6B 
 1557      6579 626F 
 1557      6172 645F 
 1557      7400 
 1558               	.LASF39:
 1559 01c8 6B65 796D 		.string	"keymap_config_t"
 1559      6170 5F63 
 1559      6F6E 6669 
 1559      675F 7400 
 1560               	.LASF62:
 1561 01d8 6163 7469 		.string	"active_tracks"
 1561      7665 5F74 
 1561      7261 636B 
 1561      7300 
 1562               	.LASF77:
 1563 01e6 6173 6369 		.string	"ascii_to_altgr_lut"
 1563      695F 746F 
 1563      5F61 6C74 
 1563      6772 5F6C 
 1563      7574 00
 1564               	.LASF50:
 1565 01f9 5345 5155 		.string	"SEQUENCER_RESOLUTIONS"
 1565      454E 4345 
 1565      525F 5245 
 1565      534F 4C55 
 1565      5449 4F4E 
 1566               	.LASF30:
 1567 020f 7377 6170 		.string	"swap_lalt_lgui"
 1567      5F6C 616C 
 1567      745F 6C67 
 1567      7569 00
 1568               	.LASF68:
 1569 021e 7365 7175 		.string	"sequencer_config"
 1569      656E 6365 
 1569      725F 636F 
 1569      6E66 6967 
 1569      00
 1570               	.LASF34:
 1571 022f 7377 6170 		.string	"swap_backslash_backspace"
 1571      5F62 6163 
 1571      6B73 6C61 
 1571      7368 5F62 
 1571      6163 6B73 
 1572               	.LASF42:
 1573 0248 5351 5F52 		.string	"SQ_RES_2T"
 1573      4553 5F32 
 1573      5400 
 1574               	.LASF59:
 1575 0252 5345 5155 		.string	"SEQUENCER_PHASE_RELEASE"
 1575      454E 4345 
 1575      525F 5048 
 1575      4153 455F 
 1575      5245 4C45 
 1576               	.LASF94:
 1577 026a 443A 5C44 		.string	"D:\\Download\\vial-qmk"
 1577      6F77 6E6C 
 1577      6F61 645C 
 1577      7669 616C 
 1577      2D71 6D6B 
 1578               	.LASF5:
 1579 027f 6C6F 6E67 		.string	"long int"
 1579      2069 6E74 
 1579      00
 1580               	.LASF63:
 1581 0288 6375 7272 		.string	"current_track"
 1581      656E 745F 
 1581      7472 6163 
 1581      6B00 
 1582               	.LASF33:
 1583 0296 7377 6170 		.string	"swap_grave_esc"
 1583      5F67 7261 
 1583      7665 5F65 
 1583      7363 00
 1584               	.LASF58:
 1585 02a5 5345 5155 		.string	"SEQUENCER_PHASE_ATTACK"
 1585      454E 4345 
 1585      525F 5048 
 1585      4153 455F 
 1585      4154 5441 
 1586               	.LASF29:
 1587 02bc 6361 7073 		.string	"capslock_to_control"
 1587      6C6F 636B 
 1587      5F74 6F5F 
 1587      636F 6E74 
 1587      726F 6C00 
 1588               	.LASF86:
 1589 02d0 756E 6963 		.string	"unicode_config"
 1589      6F64 655F 
 1589      636F 6E66 
 1589      6967 00
 1590               	.LASF48:
 1591 02df 5351 5F52 		.string	"SQ_RES_16T"
 1591      4553 5F31 
 1591      3654 00
 1592               	.LASF49:
 1593 02ea 5351 5F52 		.string	"SQ_RES_32"
 1593      4553 5F33 
 1593      3200 
 1594               	.LASF64:
 1595 02f4 6375 7272 		.string	"current_step"
 1595      656E 745F 
 1595      7374 6570 
 1595      00
 1596               	.LASF51:
 1597 0301 7365 7175 		.string	"sequencer_resolution_t"
 1597      656E 6365 
 1597      725F 7265 
 1597      736F 6C75 
 1597      7469 6F6E 
 1598               	.LASF17:
 1599 0318 6B65 7973 		.string	"keys"
 1599      00
 1600               	.LASF91:
 1601 031d 6368 616E 		.string	"changed"
 1601      6765 6400 
 1602               	.LASF87:
 1603 0325 6465 626F 		.string	"debouncing"
 1603      756E 6369 
 1603      6E67 00
 1604               	.LASF1:
 1605 0330 756E 7369 		.string	"unsigned char"
 1605      676E 6564 
 1605      2063 6861 
 1605      7200 
 1606               	.LASF19:
 1607 033e 6B65 7962 		.string	"keyboard_idle"
 1607      6F61 7264 
 1607      5F69 646C 
 1607      6500 
 1608               	.LASF96:
 1609 034c 6465 626F 		.string	"debounce"
 1609      756E 6365 
 1609      00
 1610               	.LASF0:
 1611 0355 7369 676E 		.string	"signed char"
 1611      6564 2063 
 1611      6861 7200 
 1612               	.LASF9:
 1613 0361 6C6F 6E67 		.string	"long long unsigned int"
 1613      206C 6F6E 
 1613      6720 756E 
 1613      7369 676E 
 1613      6564 2069 
 1614               	.LASF6:
 1615 0378 7569 6E74 		.string	"uint32_t"
 1615      3332 5F74 
 1615      00
 1616               	.LASF93:
 1617 0381 7175 616E 		.string	"quantum/debounce/sym_defer_g.c"
 1617      7475 6D2F 
 1617      6465 626F 
 1617      756E 6365 
 1617      2F73 796D 
 1618               	.LASF4:
 1619 03a0 756E 7369 		.string	"unsigned int"
 1619      676E 6564 
 1619      2069 6E74 
 1619      00
 1620               	.LASF3:
 1621 03ad 7569 6E74 		.string	"uint16_t"
 1621      3136 5F74 
 1621      00
 1622               	.LASF69:
 1623 03b6 7365 7175 		.string	"sequencer_internal_state"
 1623      656E 6365 
 1623      725F 696E 
 1623      7465 726E 
 1623      616C 5F73 
 1624               	.LASF41:
 1625 03cf 5351 5F52 		.string	"SQ_RES_2"
 1625      4553 5F32 
 1625      00
 1626               	.LASF25:
 1627 03d8 6D6F 7573 		.string	"mouse"
 1627      6500 
 1628               	.LASF43:
 1629 03de 5351 5F52 		.string	"SQ_RES_4"
 1629      4553 5F34 
 1629      00
 1630               	.LASF53:
 1631 03e7 7374 6570 		.string	"steps"
 1631      7300 
 1632               	.LASF45:
 1633 03ed 5351 5F52 		.string	"SQ_RES_8"
 1633      4553 5F38 
 1633      00
 1634               	.LASF71:
 1635 03f6 666E 5F61 		.string	"fn_actions"
 1635      6374 696F 
 1635      6E73 00
 1636               	.LASF84:
 1637 0401 696E 7075 		.string	"input_mode"
 1637      745F 6D6F 
 1637      6465 00
 1638               	.LASF21:
 1639 040c 7866 756E 		.string	"xfunc_out"
 1639      635F 6F75 
 1639      7400 
 1640               	.LASF73:
 1641 0416 6465 6661 		.string	"default_layer_state"
 1641      756C 745F 
 1641      6C61 7965 
 1641      725F 7374 
 1641      6174 6500 
 1642               	.LASF82:
 1643 042a 6368 6172 		.string	"char"
 1643      00
 1644               	.LASF20:
 1645 042f 6B65 7962 		.string	"keyboard_protocol"
 1645      6F61 7264 
 1645      5F70 726F 
 1645      746F 636F 
 1645      6C00 
 1646               	.LASF24:
 1647 0441 6B65 7962 		.string	"keyboard"
 1647      6F61 7264 
 1647      00
 1648               	.LASF78:
 1649 044a 6173 6369 		.string	"ascii_to_dead_lut"
 1649      695F 746F 
 1649      5F64 6561 
 1649      645F 6C75 
 1649      7400 
 1650               	.LASF37:
 1651 045c 7377 6170 		.string	"swap_rctl_rgui"
 1651      5F72 6374 
 1651      6C5F 7267 
 1651      7569 00
 1652               	.LASF10:
 1653 046b 6D61 7472 		.string	"matrix_row_t"
 1653      6978 5F72 
 1653      6F77 5F74 
 1653      00
 1654               	.LASF60:
 1655 0478 5345 5155 		.string	"SEQUENCER_PHASE_PAUSE"
 1655      454E 4345 
 1655      525F 5048 
 1655      4153 455F 
 1655      5041 5553 
 1656               	.LASF70:
 1657 048e 6B65 796D 		.string	"keymaps"
 1657      6170 7300 
 1658               	.LASF12:
 1659 0496 5F42 6F6F 		.string	"_Bool"
 1659      6C00 
 1660               	.LASF85:
 1661 049c 756E 6963 		.string	"unicode_config_t"
 1661      6F64 655F 
 1661      636F 6E66 
 1661      6967 5F74 
 1661      00
 1662               	.LASF97:
 1663 04ad 6465 626F 		.string	"debounce_init"
 1663      756E 6365 
 1663      5F69 6E69 
 1663      7400 
 1664               	.LASF88:
 1665 04bb 6465 626F 		.string	"debouncing_time"
 1665      756E 6369 
 1665      6E67 5F74 
 1665      696D 6500 
 1666               	.LASF40:
 1667 04cb 6B65 796D 		.string	"keymap_config"
 1667      6170 5F63 
 1667      6F6E 6669 
 1667      6700 
 1668               	.LASF14:
 1669 04d9 6469 7361 		.string	"disable_action_cache"
 1669      626C 655F 
 1669      6163 7469 
 1669      6F6E 5F63 
 1669      6163 6865 
 1670               	.LASF7:
 1671 04ee 6C6F 6E67 		.string	"long unsigned int"
 1671      2075 6E73 
 1671      6967 6E65 
 1671      6420 696E 
 1671      7400 
 1672               	.LASF31:
 1673 0500 7377 6170 		.string	"swap_ralt_rgui"
 1673      5F72 616C 
 1673      745F 7267 
 1673      7569 00
 1674               	.LASF76:
 1675 050f 6173 6369 		.string	"ascii_to_shift_lut"
 1675      695F 746F 
 1675      5F73 6869 
 1675      6674 5F6C 
 1675      7574 00
 1676               	.LASF16:
 1677 0522 7265 7365 		.string	"reserved"
 1677      7276 6564 
 1677      00
 1678               	.LASF89:
 1679 052b 636F 6F6B 		.string	"cooked"
 1679      6564 00
 1680               	.LASF67:
 1681 0532 7365 7175 		.string	"sequencer_state_t"
 1681      656E 6365 
 1681      725F 7374 
 1681      6174 655F 
 1681      7400 
 1682               	.LASF57:
 1683 0544 7365 7175 		.string	"sequencer_config_t"
 1683      656E 6365 
 1683      725F 636F 
 1683      6E66 6967 
 1683      5F74 00
 1684               	.LASF52:
 1685 0557 656E 6162 		.string	"enabled"
 1685      6C65 6400 
 1686               	.LASF83:
 1687 055f 5F5F 6D61 		.string	"__malloc_heap_end"
 1687      6C6C 6F63 
 1687      5F68 6561 
 1687      705F 656E 
 1687      6400 
 1688               	.LASF27:
 1689 0571 6465 6275 		.string	"debug_config"
 1689      675F 636F 
 1689      6E66 6967 
 1689      00
 1690               	.LASF32:
 1691 057e 6E6F 5F67 		.string	"no_gui"
 1691      7569 00
 1692               	.LASF44:
 1693 0585 5351 5F52 		.string	"SQ_RES_4T"
 1693      4553 5F34 
 1693      5400 
 1694               	.LASF28:
 1695 058f 7377 6170 		.string	"swap_control_capslock"
 1695      5F63 6F6E 
 1695      7472 6F6C 
 1695      5F63 6170 
 1695      736C 6F63 
 1696               	.LASF36:
 1697 05a5 7377 6170 		.string	"swap_lctl_lgui"
 1697      5F6C 6374 
 1697      6C5F 6C67 
 1697      7569 00
 1698               	.LASF79:
 1699 05b4 6173 6369 		.string	"ascii_to_keycode_lut"
 1699      695F 746F 
 1699      5F6B 6579 
 1699      636F 6465 
 1699      5F6C 7574 
 1700               	.LASF46:
 1701 05c9 5351 5F52 		.string	"SQ_RES_8T"
 1701      4553 5F38 
 1701      5400 
 1702               	.LASF35:
 1703 05d3 6E6B 726F 		.string	"nkro"
 1703      00
 1704               	.LASF47:
 1705 05d8 5351 5F52 		.string	"SQ_RES_16"
 1705      4553 5F31 
 1705      3600 
 1706               	.LASF75:
 1707 05e2 6B65 7962 		.string	"keyboard_report"
 1707      6F61 7264 
 1707      5F72 6570 
 1707      6F72 7400 
 1708               	.LASF90:
 1709 05f2 6E75 6D5F 		.string	"num_rows"
 1709      726F 7773 
 1709      00
 1710               	.LASF74:
 1711 05fb 6C61 7965 		.string	"layer_state"
 1711      725F 7374 
 1711      6174 6500 
 1712               	.LASF23:
 1713 0607 6D61 7472 		.string	"matrix"
 1713      6978 00
 1714               	.LASF54:
 1715 060e 7472 6163 		.string	"track_notes"
 1715      6B5F 6E6F 
 1715      7465 7300 
 1716               		.text
 1717               		.section	.gnu.lto_.profile.e167a56c,"",@progbits
 1718 0000 789C 6367 		.string	"x\234cg`f`d"
 1718      6066 6064 
 1718      00
 1719 0009 0200      		.string	"\002"
 1720 000b 00        		.string	""
 1721 000c 6200      		.string	"b"
 1722 000e 0C        		.ascii	"\f"
 1723               		.text
 1724               		.section	.gnu.lto_.icf.e167a56c,"",@progbits
 1725 0000 789C 6367 		.string	"x\234cg`fP`@"
 1725      6066 5060 
 1725      4000 
 1726 000a 5686 4D9B 		.string	"V\206M\233\177.gc\274\363\177\366)N\2465\177o\\gc>\363\365\322f\016\226K\363n\036\341a"
 1726      7F2E 6763 
 1726      BCF3 7FF6 
 1726      294E A635 
 1726      7F6F 5C67 
 1727 002d 00        		.string	""
 1728 002e 1166 1053 		.ascii	"\021f\020S"
 1729               		.text
 1730               		.section	.gnu.lto_.jmpfuncs.e167a56c,"",@progbits
 1731 0000 789C 6367 		.string	"x\234cg`f0a@"
 1731      6066 3061 
 1731      4000 
 1732 000a 6606 4646 		.string	"f\006FF\006\206\231@\212\205\021\b\370\353g23B1\003\02031100\036"
 1732      0686 9940 
 1732      8A85 1108 
 1732      F8EB 6732 
 1732      3342 3103 
 1733 0026 2A01 E2FF 		.string	"*\001\342\377\377\231\031\030X\200z"
 1733      FF99 1918 
 1733      5880 7A00 
 1734 0032 D999 08F4 		.ascii	"\331\231\b\364"
 1735               		.text
 1736               		.section	.gnu.lto_.inline.e167a56c,"",@progbits
 1737 0000 789C 6367 		.string	"x\234cg`f\330\311\200"
 1737      6066 D8C9 
 1737      8000 
 1738 000a CC40 D400 		.string	"\314@\324"
 1739 000e 042C C98C 		.string	"\004,\311\214\fL\f\f\215@f\035\003\003\033D\210\t$\304\300\300\310 \375\365\342\207I\354i
 1739      0C4C 0C0C 
 1739      8D40 661D 
 1739      0303 1B44 
 1739      8809 24C4 
 1740 0080 00        		.string	""
 1741 0081 E61E 256C 		.ascii	"\346\036%l"
 1742               		.text
 1743               		.section	.gnu.lto_.pureconst.e167a56c,"",@progbits
 1744 0000 789C 6367 		.string	"x\234cg`f\340b`"
 1744      6066 E062 
 1744      6000 
 1745 000a 920D 2C8C 		.string	"\222\r,\214\263XXZX"
 1745      B358 585A 
 1745      5800 
 1746 0014 09B6 01C7 		.ascii	"\t\266\001\307"
 1747               		.text
 1748               		.section	.gnu.lto_debounce_init.e167a56c,"",@progbits
 1749 0000 789C 6367 		.string	"x\234cg`f8\307\300\300\340\004\304\262@\314\310\314\300\310\324\320\320\340\300\336\310\3
 1749      6066 38C7 
 1749      C0C0 E004 
 1749      C4B2 40CC 
 1749      C8CC C0C8 
 1750 00c1 C313 C686 		.string	"\303\023\306\206E\277\230\300\332\33606-`\003\263@\240\225\231\021\242\b\250Y\276\26041\2
 1750      45BF 98C0 
 1750      DADE 3036 
 1750      2D60 03B3 
 1750      40A0 9599 
 1751 0111 0D12 5AEF 		.ascii	"\r\022Z\357"
 1752               		.text
 1753               		.section	.gnu.lto_debounce.e167a56c,"",@progbits
 1754 0000 789C 8D54 		.ascii	"x\234\215T]L\\U\020>s\347\376\355\335\005|\001$%\221\030\263"
 1754      5D4C 5C55 
 1754      103E 73E7 
 1754      FEED DD05 
 1754      7C01 2425 
 1755 0017 2168 8AF1 		.ascii	"!h\212\361'\305\027\343\213\257>\031\373H(l\2531@\244\222\306"
 1755      27C5 17E3 
 1755      8BAF 3E19 
 1755      FB48 286C 
 1755      AB31 40A4 
 1756 002d A7DE 5DD8 		.ascii	"\247\336]\330\305V\r*i\327MA\211\224\212\030h\2545\244A\333\245"
 1756      C556 0D2A 
 1756      69D7 4D41 
 1756      8994 8A18 
 1756      68AC 35A4 
 1757 0044 5BF9 29F8 		.ascii	"[\371)\370\303V\004k\313C\213R\t\265\230P\232\022\002\316\234"
 1757      C356 046B 
 1757      CB43 8B52 
 1757      09B5 9850 
 1757      9A12 02CE 
 1758 0059 7381 6535 		.ascii	"s\201e5\261\233\354\331sg\346\373f\346\233\271k\t\024\021S\210"
 1758      B19B ECD9 
 1758      7367 E6FB 
 1758      66E6 9BB9 
 1758      6B09 1411 
 1759 006f BD42 88CF 		.ascii	"\275B\210\317\351\013~\001\232\353\272/Xa[\323\360h\177k\276"
 1759      E90B 7E01 
 1759      9AEB BA2F 
 1759      5861 5BD3 
 1759      F068 7F6B 
 1760 0084 EE3A FACA 		.ascii	"\356:\372\312\344R\231\356\006\020t\366\351a[\327\f\317\347\363"
 1760      E452 99EE 
 1760      0610 74F6 
 1760      E961 5BD7 
 1760      0CCF E7F3 
 1761 0098 7C86 E690 		.ascii	"|\206\346\220\257\204-\3527\340\200%\231\300T\027}\310\26643"
 1761      AF84 2DEA 
 1761      37E0 8025 
 1761      99C0 5417 
 1761      7DC8 B634 
 1762 00ad BDB4 5A41 		.ascii	"\275\264ZAAv\177k\324\242 \033|\036\245\017@\336\\\033\304a\r"
 1762      4176 7F6B 
 1762      D4A2 201B 
 1762      7C1E A50F 
 1762      40DE 5C1B 
 1763 00c4 75C3 312D 		.ascii	"u\3031-2\036\326,\001I\200\rP\247P\237#\370\001\302\362\275\023"
 1763      321E D62C 
 1763      0149 800D 
 1763      50A7 509F 
 1763      23F8 01C2 
 1764 00db BFE7 94F5 		.ascii	"\277\347\224\365\020\314M\306\327\037\213\270\321\207\023(D\033"
 1764      10CC 4DC6 
 1764      D71F 8BB8 
 1764      D187 1328 
 1764      441B 
 1765 00ed 7A41 0206 		.ascii	"zA\002\006\241\214\342\306fN\234\312{\033\023\b\240\321czf~\305"
 1765      A18C E2C6 
 1765      664E 9CCA 
 1765      7B1B 1308 
 1765      A0D1 637A 
 1766 0104 E647 0D1E 		.ascii	"\346G\r\036\242\307"
 1766      A2C7 
 1767 010a E8D0 62AF 		.string	"\350\320b\257\206\217\202\240\373\314'\357\266X\245\247\\7\342&\327^v\003\tD8\017H\214\36
 1767      868F 82A0 
 1767      FBCC 27EF 
 1767      B658 A5A7 
 1767      5C37 E226 
 1768 020b 8FA3 1058 		.string	"\217\243\020X\326\"\351\025\"\212\242\177\252wJ\0037)b\250\365\311{SR\314\201\373iW\231,\
 1768      D622 E915 
 1768      228A A27F 
 1768      AA77 4A03 
 1768      3729 62A8 
 1769 023f 0197 5567 		.string	"\001\227Ug\004\306\033w'\227\304&\370\263\313\022!nAdy\3649\276f\"m)\\G\317\304\206\257\0
 1769      04C6 1B77 
 1769      2797 C426 
 1769      F8B3 CB12 
 1769      216E 4164 
 1770 02b2 26B9 B09F 		.string	"&\271\260\237dai*,\3161\244\201\276C\300\201\262M\t>\032+Rei\017\324\366\225\355\266\177&
 1770      6461 692A 
 1770      2CCE 31A4 
 1770      81BE 43C0 
 1770      81B2 4D09 
 1771 0319 88A1 D91A 		.string	"\210\241\331\032\235\036\301Me.,"
 1771      9D1E C14D 
 1771      652E 2C00 
 1772 0325 EF3B 57BD 		.string	"\357;W\275\3262f\361=\216F\034\375di:\023\003e`[\346?\223\005\032\374J\324\024sv3\306\212
 1772      D632 66F1 
 1772      3D8E 461C 
 1772      FD64 693A 
 1772      1303 6560 
 1773 03c8 CA8A 9DB4 		.string	"\312\212\235\264C\314\266\224\337\023}>\363\225|\302\333\374\377_\306\353\333\3138K]z\333
 1773      43CC B694 
 1773      DF13 7D3E 
 1773      F395 7CC2 
 1773      DBFC FF5F 
 1774 0445 7E82 3ECC 		.ascii	"~\202>\314"
 1775               		.text
 1776               		.section	.gnu.lto_debounce_active.e167a56c,"",@progbits
 1777 0000 789C 2D4E 		.ascii	"x\234-N\273J\003Q\020\235sgMVE\254\205\210\212]\n#\370\003\376"
 1777      BB4A 0351 
 1777      109D 7367 
 1777      4D56 45AC 
 1777      8588 8A5D 
 1778 0019 80DF 1034 		.ascii	"\200\337\0204\331X%\342c\013\253\334]\327W\245\"\022\003I\243"
 1778      D958 25E2 
 1778      630B ABDC 
 1778      5DD7 57A5 
 1778      2212 0349 
 1779 002e 0496 8088 		.ascii	"\004\226\200\210\205\225\257\333\211`ee-\021Rhc)\2228wu`\340"
 1779      8595 AFDB 
 1779      8960 6565 
 1779      2D11 5268 
 1779      6329 9238 
 1780 0046 CC99 9973 		.ascii	"\314\231\231sN\232\230>\211hJz\\\032LPZ\353\371t\340*\300\"G"
 1780      4E9A 983E 
 1780      8968 4A7A 
 1780      5C1A 4C50 
 1780      5AEB F974 
 1781 005f BBA0 AA42 		.ascii	"\273\240\252B\025\373|\304\350>\276\177\rgc\255Cmj\257cQlPg\242"
 1781      15FB 7CC4 
 1781      E83E BE7F 
 1781      0D67 63AD 
 1781      436D 6AAF 
 1782 0079 6379 9CCB 		.ascii	"cy\234\313`6C\266p\203,\221\\\277]\365NFR\216][\372\026)\202"
 1782      6036 43B6 
 1782      7083 2C91 
 1782      5CBF 5DF5 
 1782      4E46 528E 
 1783 0093 80CB 9701 		.ascii	"\200\313\227\001\243{\375]m:\323\314\212\254\002m3\205b\350@"
 1783      A37B FD5D 
 1783      6D3A D3CC 
 1783      8AAC 026D 
 1783      3385 62E8 
 1784 00a8 1BDA 6115 		.ascii	"\033\332a\025$x\313P\007\372\354\033\311o\027\341\351\323\202"
 1784      2478 CB50 
 1784      07FA EC1B 
 1784      C96F 17E1 
 1784      E9D3 82
 1785 00bb 8535 5622 		.ascii	"\2055V\"\037\034\034^\214\356q\235\001\353\326\214\237\373\203"
 1785      1F1C 1C5E 
 1785      8CEE 719D 
 1785      01EB D68C 
 1785      9FFB 83
 1786 00ce 11C2 C015 		.ascii	"\021\302\300\025\246i5\205\374i_7\206Z8\2671q\217\b\270\203\244"
 1786      A669 3585 
 1786      FC69 5F37 
 1786      865A 38B7 
 1786      3171 8F08 
 1787 00e5 C403 5AA0 		.ascii	"\304\003Z\240\017\204\223\377r\224D\300\237\255L\023\253\376"
 1787      0F84 93FF 
 1787      7294 44C0 
 1787      9FAD 4C13 
 1787      ABFE 
 1788 00f7 6265 C32F 		.ascii	"be\303/\347\212\336\322\212_)x\271\365\315r\276\350\225\274\265"
 1788      E78A DED2 
 1788      8A5F 2978 
 1788      B9F5 CD72 
 1788      BEE8 95BC 
 1789 010c FCF2 4C81 		.ascii	"\374\362L\201~\001)\236W\217"
 1789      7E01 299E 
 1789      578F 
 1790               		.text
 1791               		.section	.gnu.lto_.symbol_nodes.e167a56c,"",@progbits
 1792 0000 789C 6367 		.string	"x\234cg`fX\312"
 1792      6066 58CA 
 1792      00
 1793 0009 044C 12F5 		.string	"\004L\022\365\fM\r\r\r,\214\023\31610\32430\354jpd`\004IH\3273\256\273\272\352*\023\272\0
 1793      0C4D 0D0D 
 1793      0D2C 8C13 
 1793      CE31 30D4 
 1793      3330 EC6A 
 1794 004f 2564 EB59 		.string	"%d\353Y\260J03\262=\372z\361\003\003\343\021FfFV\b\263\205\235\001"
 1794      B04A 3033 
 1794      B23D FA7A 
 1794      F103 03E3 
 1794      1146 6646 
 1795 006a 378F 346E 		.ascii	"7\2174n"
 1796               		.text
 1797               		.section	.gnu.lto_.refs.e167a56c,"",@progbits
 1798 0000 789C 6367 		.string	"x\234cg`f\020g```eddbadfg`\342d`\346fd\222cda`bb"
 1798      6066 1067 
 1798      6060 6065 
 1798      6464 6261 
 1798      6466 6760 
 1799 0022 00        		.string	""
 1800 0023 07B2 00   		.string	"\007\262"
 1801 0026 7D        		.ascii	"}"
 1802               		.text
 1803               		.section	.gnu.lto_.decls.e167a56c,"",@progbits
 1804 0000 789C 7D54 		.string	"x\234}TmL[U\030>oO\201r\327ZB\026\345\007Q\222%\213C\003\3709\366\317\314\037F\177\370Kc0
 1804      6D4C 5B55 
 1804      183E 6F4F 
 1804      8172 D75A 
 1804      4216 E507 
 1805 0037 B141 D804 		.string	"\261A\330\004B\263l\3049\\2%\231\216\262\001\033h\225/\031\037+-0Z`\023b\242\030$\023\337
 1805      42B3 6CC4 
 1805      395C 3225 
 1805      998E B201 
 1805      1B68 952F 
 1806 0129 97BE 0605 		.string	"\227\276\006\005\004~\200l\270\n\030\f\200\202k\006'[\316Y\3219S\001\003\016G'c\353&\034\
 1806      047E 806C 
 1806      B80A 180C 
 1806      8082 6B06 
 1806      275B CE59 
 1807 018a 0640 89AF 		.ascii	"\006@\211\257!p\023\314|'\261Gn\260\177\254)\215\276\303\234"
 1807      2170 13CC 
 1807      7C27 B147 
 1807      6EB0 7FAC 
 1807      298D BEC3 
 1808 019f E8D1 9AA5 		.ascii	"\350\321\232\245\323\200<HG4\253h\231\001C\220N\216\361\312\325"
 1808      D380 3C48 
 1808      4734 AB68 
 1808      9901 4390 
 1808      4E8E F1CA 
 1809 01b4 B61C 8857 		.ascii	"\266\034\210W~\013\235\331\024\201\237p\301 \n7\253&\036a\177"
 1809      7E0B 9DD9 
 1809      1481 9F70 
 1809      C120 0A37 
 1809      AB26 1E61 
 1810 01c9 A8DB F575 		.ascii	"\250\333\365uW\2631\f!\300\335\346o\213Y\202\354\200C\214\201"
 1810      57B3 310C 
 1810      21C0 DDE6 
 1810      6F8B 5982 
 1810      EC80 438C 
 1811 01de 0FB1 3788 		.ascii	"\017\2617\210N\206@\322\210\366,Y\"nH\b\362\037\020\251\267\245"
 1811      4E86 40D2 
 1811      88F6 2C59 
 1811      226E 4808 
 1811      F21F 10A9 
 1812 01f4 35A1 2D29 		.ascii	"5\241-)\tA\0263h\007F\350K\032;l \2772\251 tu\t$M\nc\335\264"
 1812      0941 1633 
 1812      6807 46E8 
 1812      4B1A 3B6C 
 1812      20BF 32A9 
 1813 0212 BE4A D04E 		.ascii	"\276J\320NdMC\367j\n}\217\277\311\265\350?\267\322\215h\317\316"
 1813      644D 43F7 
 1813      6A0A 7D8F 
 1813      BFC9 B5E8 
 1813      3FB7 D28D 
 1814 0229 0854 19F9 		.ascii	"\bT\031\371\331Z\351k\262d\371\330!\f\250j\016@\371\343r\217"
 1814      D95A E96B 
 1814      B264 F9D8 
 1814      210C A86A 
 1814      0E40 F9E3 
 1815 023f 09FC 0A59 		.ascii	"\t\374\nY\370\377\013\030\205T\377p\323\236]\355jWD\r\204\317"
 1815      F8FF 0B18 
 1815      8554 FF70 
 1815      D39E 5DED 
 1815      6A57 440D 
 1816 0255 3E3D D6E1 		.ascii	">=\326\341U\273p\325+\234\007A|!\354\0340\357 ?\311\3603\204"
 1816      55BB 70D5 
 1816      2B9C 0741 
 1816      7C21 EC1C 
 1816      30EF 203F 
 1817 026d 21F7 530B 		.ascii	"!\367S\013\201a\330\205\313W\353}\027\037\243'\200\247\362\305"
 1817      8161 D885 
 1817      CB57 EB7D 
 1817      171F A327 
 1817      80A7 F2C5 
 1818 0281 9589 BB56 		.ascii	"\225\211\273V\236\n\276.\231Jpd|\201\306\323\033\005\036<\363"
 1818      9E0A BE2E 
 1818      994A 7064 
 1818      7C81 C6D3 
 1818      1B05 1E3C 
 1819 0296 4753 B599 		.ascii	"GS\265\231\007\361\274\300\230\b\206\326\326\036\244\305\203"
 1819      07F1 BCC0 
 1819      9808 86D6 
 1819      D61E A4C5 
 1819      83
 1820 02a7 E322 38BD 		.ascii	"\343\"8\275~\276=m\233J&x%\277i\225t\337\360\017S,\245\rK\371"
 1820      7EBE 3D6D 
 1820      9B4A 2678 
 1820      25BF 6995 
 1820      74DF F00F 
 1821 02c1 F7F3 941A 		.ascii	"\367\363\224\0325\340\305U\006F\203\021]!#\272B\272\315\004n"
 1821      35E0 C555 
 1821      0646 8311 
 1821      5D21 23BA 
 1821      42BA CD04 
 1822 02d6 F342 62BD 		.ascii	"\363Bb\275\233\247\254\264Q\024r\301w4J\365\256\254\036\315v"
 1822      9BA7 ACB4 
 1822      5114 72C1 
 1822      7734 4AF5 
 1822      AEAC 1ECD 
 1823 02eb 8ADB 5649 		.ascii	"\212\333VI\327\321\320\227\247\215\3225Z&M3\031\t&u\246\223:"
 1823      D7D1 D097 
 1823      A78D D235 
 1823      5A26 4D33 
 1823      1909 2675 
 1824 0302 D34E 349D 		.ascii	"\323N4\235\346\246\337\037\353\371=\225\372\205\351\265\372\231"
 1824      E6A6 DF1F 
 1824      EBF9 3D95 
 1824      FA85 E9B5 
 1824      FA99 
 1825 0314 A842 2F8B 		.ascii	"\250B/\213A\254\266&\222\362\350\357\363\316\243\277\317\340"
 1825      41AC B626 
 1825      92F2 E8EF 
 1825      F3CE A3BF 
 1825      CFE0 
 1826 0326 833F EF1B 		.ascii	"\203?\357\033\370\366\205\342\347\240\255\273\365N\252\276\016"
 1826      F8F6 85E2 
 1826      E7A0 ADBB 
 1826      F54E AABE 
 1826      0E
 1827 0337 36A5 D511 		.ascii	"6\245\325\021\346u\314j\333w\262\346\314w\251XH\004\271\341K"
 1827      E675 CC6A 
 1827      DB77 B2E6 
 1827      CC77 A958 
 1827      4804 B9E1 
 1828 034c 85FE 0E6F 		.ascii	"\205\376\016o\240\200\223`FW\307\214\274\317\bDx\005\376pCm:"
 1828      A080 9360 
 1828      4657 C78C 
 1828      BCCF 0844 
 1828      7805 FE70 
 1829 0363 1D17 49F7 		.ascii	"\035\027I\367\266ToZ\267\263\233O\332\266`\343\267'\214\322m"
 1829      B654 6F5A 
 1829      B7B3 9B4F 
 1829      DAB6 60E3 
 1829      B727 8CD2 
 1830 0378 FEAD 3A33 		.ascii	"\376\255:3\233\2069\235\321\\\334h\201\033\265\372|S\n\r\013"
 1830      9B86 399D 
 1830      D15C DC68 
 1830      811B B5FA 
 1830      7C53 0A0D 
 1831 038d A373 DEFA 		.ascii	"\243s\336\3721\313n\277\252^g\247\366\331\261#^\265\200\277\243"
 1831      31CB 6EBF 
 1831      AA5E 67A7 
 1831      F6D9 B123 
 1831      5EB5 80BF 
 1832 03a2 BB42 216E 		.ascii	"\273B!n\312\306x\227\3446\340\226/\302nv\205F\"\263f\272\"t\206"
 1832      CAC6 7897 
 1832      E436 E096 
 1832      2FC2 6E76 
 1832      8546 22B3 
 1833 03bb BA8F CC2A 		.ascii	"\272\217\314*Rg\235\037\031\221sT\312$\3567\214\220\334\257P"
 1833      5267 9D1F 
 1833      1991 7354 
 1833      CA24 EE37 
 1833      8C90 DCAF 
 1834 03d0 25C6 5526 		.ascii	"%\306U&.\372F-\372\333\220\231'\330K\3626\\\342\267\241z\252"
 1834      2EFA 462D 
 1834      FADB 9099 
 1834      27D8 4BF2 
 1834      365C E2B7 
 1835 03e7 E519 3D97 		.ascii	"\345\031=\227\225\232\340.K\3562\347nl.]4\351\311\241\244kvE"
 1835      959A E02E 
 1835      4BEE 32E7 
 1835      6E6C 2E5D 
 1835      34E9 C9A1 
 1836 03ff 9257 3879 		.ascii	"\222W8y\306\1776\220\224E8I\371\236$\263\376\311C\225\305.O\245"
 1836      C67F 3690 
 1836      9445 3849 
 1836      F99E 24B3 
 1836      FEC9 4395 
 1837 0417 33BF D4FE 		.ascii	"3\277\324\376\276\273\322Ub\317?\374\211\323Vj/\263W\330\016"
 1837      BEBB D255 
 1837      62CF 3FFC 
 1837      89D3 566A 
 1837      2FB3 57D8 
 1838 042c E495 985E 		.ascii	"\344\225\230^{\363\355\234W\367\355#O$\205\363\236\177\351E\373"
 1838      7BF3 ED9C 
 1838      57F7 ED23 
 1838      4F24 85F3 
 1838      9E7F E945 
 1839 0441 DEB2 BD85 		.ascii	"\336\262\275\205$\255\322\341\362\024\332<fg\261\247\302\361"
 1839      24AD D2E1 
 1839      F214 DA3C 
 1839      6667 B1A7 
 1839      C2F1 
 1840 0453 B1AD C2FD 		.ascii	"\261\255\302\375\221\315\223b\333\357v\037\264h\2226\207\313"
 1840      91CD 9362 
 1840      DBEF 761F 
 1840      B468 9236 
 1840      87CB 
 1841 0465 E179 EAFF 		.ascii	"\341y\352\377\215\210I\213[\343\313\212K<\216*\273\305\343p\""
 1841      8D88 498B 
 1841      5BE3 CB8A 
 1841      4B3C 8E2A 
 1841      BBC5 E370 
 1842 047a C77E B0F8 		.ascii	"\307~\260\370\303\303\366R\023\363{\356e\233'\313\343\374\300"
 1842      C3C3 F652 
 1842      13F3 7BEE 
 1842      659B 27CB 
 1842      E3FC C0
 1843 048d 56E2 AEB0 		.ascii	"V\342\256\260\347\227\270\235N\267+\237\323\362\312\211\"\370"
 1843      E797 B89D 
 1843      4EB7 2B9F 
 1843      D3F2 CA89 
 1843      22F8 
 1844 049f 15F6 E252 		.ascii	"\025\366\342REJ9\\\007\254\211G\033#\374\007+\245G#"
 1844      454A 395C 
 1844      07AC 8947 
 1844      1B23 FC07 
 1844      2BA5 4723 
 1845               		.text
 1846               		.section	.gnu.lto_.symtab.e167a56c,"",@progbits
 1847 0000 6465 626F 		.string	"debounce_init"
 1847      756E 6365 
 1847      5F69 6E69 
 1847      7400 
 1848 000e 00        		.string	""
 1849 000f 00        		.string	""
 1850 0010 00        		.string	""
 1851 0011 00        		.string	""
 1852 0012 00        		.string	""
 1853 0013 00        		.string	""
 1854 0014 00        		.string	""
 1855 0015 00        		.string	""
 1856 0016 00        		.string	""
 1857 0017 00        		.string	""
 1858 0018 00        		.string	""
 1859 0019 D000      		.string	"\320"
 1860 001b 00        		.string	""
 1861 001c 00        		.string	""
 1862 001d 6465 626F 		.string	"debounce"
 1862      756E 6365 
 1862      00
 1863 0026 00        		.string	""
 1864 0027 00        		.string	""
 1865 0028 00        		.string	""
 1866 0029 00        		.string	""
 1867 002a 00        		.string	""
 1868 002b 00        		.string	""
 1869 002c 00        		.string	""
 1870 002d 00        		.string	""
 1871 002e 00        		.string	""
 1872 002f 00        		.string	""
 1873 0030 00        		.string	""
 1874 0031 D700      		.string	"\327"
 1875 0033 00        		.string	""
 1876 0034 00        		.string	""
 1877 0035 6465 626F 		.string	"debounce_active"
 1877      756E 6365 
 1877      5F61 6374 
 1877      6976 6500 
 1878 0045 00        		.string	""
 1879 0046 00        		.string	""
 1880 0047 00        		.string	""
 1881 0048 00        		.string	""
 1882 0049 00        		.string	""
 1883 004a 00        		.string	""
 1884 004b 00        		.string	""
 1885 004c 00        		.string	""
 1886 004d 00        		.string	""
 1887 004e 00        		.string	""
 1888 004f 00        		.string	""
 1889 0050 DA00      		.string	"\332"
 1890 0052 00        		.string	""
 1891 0053 00        		.string	""
 1892 0054 7469 6D65 		.string	"timer_elapsed"
 1892      725F 656C 
 1892      6170 7365 
 1892      6400 
 1893 0062 00        		.string	""
 1894 0063 02        		.ascii	"\002"
 1895 0064 00        		.string	""
 1896 0065 00        		.string	""
 1897 0066 00        		.string	""
 1898 0067 00        		.string	""
 1899 0068 00        		.string	""
 1900 0069 00        		.string	""
 1901 006a 00        		.string	""
 1902 006b 00        		.string	""
 1903 006c 00        		.string	""
 1904 006d E000      		.string	"\340"
 1905 006f 00        		.string	""
 1906 0070 00        		.string	""
 1907 0071 7469 6D65 		.string	"timer_read"
 1907      725F 7265 
 1907      6164 00
 1908 007c 00        		.string	""
 1909 007d 02        		.ascii	"\002"
 1910 007e 00        		.string	""
 1911 007f 00        		.string	""
 1912 0080 00        		.string	""
 1913 0081 00        		.string	""
 1914 0082 00        		.string	""
 1915 0083 00        		.string	""
 1916 0084 00        		.string	""
 1917 0085 00        		.string	""
 1918 0086 00        		.string	""
 1919 0087 E300      		.string	"\343"
 1920 0089 00        		.string	""
 1921 008a 00        		.string	""
 1922               		.text
 1923               		.section	.gnu.lto_.opts,"",@progbits
 1924 0000 272D 666E 		.ascii	"'-fn"
 1925 0004 6F2D 6F70 		.string	"o-openmp' '-fno-openacc' '-fno-pie' '-mn-flash=1' '-mno-skip-bug' '-mmcu=avr5' '-Os' '-We
 1925      656E 6D70 
 1925      2720 272D 
 1925      666E 6F2D 
 1925      6F70 656E 
 1926               		.text
 1927               		.comm	__gnu_lto_v1,1,1
 1928               		.comm	__gnu_lto_slim,1,1
 1929               		.ident	"GCC: (GNU) 8.4.0"
DEFINED SYMBOLS
                            *ABS*:0000000000000000 sym_defer_g.c
C:\Users\Roningo\AppData\Local\Temp\ccBJcSH1.s:2      *ABS*:000000000000003e __SP_H__
C:\Users\Roningo\AppData\Local\Temp\ccBJcSH1.s:3      *ABS*:000000000000003d __SP_L__
C:\Users\Roningo\AppData\Local\Temp\ccBJcSH1.s:4      *ABS*:000000000000003f __SREG__
C:\Users\Roningo\AppData\Local\Temp\ccBJcSH1.s:5      *ABS*:0000000000000000 __tmp_reg__
C:\Users\Roningo\AppData\Local\Temp\ccBJcSH1.s:6      *ABS*:0000000000000001 __zero_reg__
C:\Users\Roningo\AppData\Local\Temp\ccBJcSH1.s:29     .gnu.debuglto_.debug_info:0000000000000000 sym_defer_g.c.254e7f78
                            *COM*:0000000000000001 __gnu_lto_v1
                            *COM*:0000000000000001 __gnu_lto_slim

NO UNDEFINED SYMBOLS
