   1               		.file	"sweet16.c"
   2               	__SP_H__ = 0x3e
   3               	__SP_L__ = 0x3d
   4               	__SREG__ = 0x3f
   5               	__tmp_reg__ = 0
   6               	__zero_reg__ = 1
   7               		.file 1 "e:\\game\\msys2\\mingw64\\avr\\include\\stdint.h"
   8               		.file 2 "e:\\game\\msys2\\mingw64\\lib\\gcc\\avr\\8.4.0\\include\\stddef.h"
   9               		.file 3 "lib/lufa/LUFA/Drivers/USB/Core/AVR8/../StdRequestType.h"
  10               		.file 4 "tmk_core/common/action.h"
  11               		.file 5 "lib/lufa/LUFA/Drivers/USB/Core/AVR8/../DeviceStandardReq.h"
  12               		.file 6 "lib/lufa/LUFA/Drivers/USB/Core/USBTask.h"
  13               		.file 7 "lib/lufa/LUFA/Drivers/USB/Core/HostStandardReq.h"
  14               		.file 8 "e:\\game\\msys2\\mingw64\\avr\\include\\stdio.h"
  15               		.file 9 "tmk_core/common/report.h"
  16               		.file 10 "tmk_core/common/host.h"
  17               		.file 11 "tmk_core/common/avr/xprintf.h"
  18               		.file 12 "tmk_core/common/debug.h"
  19               		.file 13 "quantum/keycode_config.h"
  20               		.file 14 "tmk_core/common/timer.h"
  21               		.file 15 "quantum/sequencer/sequencer.h"
  22               		.file 16 "quantum/keymap.h"
  23               		.file 17 "tmk_core/common/action_layer.h"
  24               		.file 18 "tmk_core/common/action_util.h"
  25               		.file 19 "quantum/send_string.h"
  26               		.file 20 "e:\\game\\msys2\\mingw64\\avr\\include\\stdlib.h"
  27               		.section	.gnu.debuglto_.debug_info,"",@progbits
  28               	.Ldebug_info0:
  29               		.hidden	sweet16.c.248d8138
  30               		.weak	sweet16.c.248d8138
  31               	sweet16.c.248d8138:
  32 0000 B407 0000 		.long	0x7b4
  33 0004 0200      		.word	0x2
  34 0006 0000 0000 		.long	.Ldebug_abbrev0
  35 000a 04        		.byte	0x4
  36 000b 01        		.uleb128 0x1
  37 000c 0000 0000 		.long	.LASF105
  38 0010 0C        		.byte	0xc
  39 0011 0000 0000 		.long	.LASF106
  40 0015 0000 0000 		.long	.LASF107
  41 0019 0000 0000 		.long	.Ldebug_line0
  42 001d 02        		.uleb128 0x2
  43 001e 01        		.byte	0x1
  44 001f 06        		.byte	0x6
  45 0020 0000 0000 		.long	.LASF0
  46 0024 03        		.uleb128 0x3
  47 0025 0000 0000 		.long	.LASF2
  48 0029 01        		.byte	0x1
  49 002a 7E        		.byte	0x7e
  50 002b 16        		.byte	0x16
  51 002c 3A00 0000 		.long	0x3a
  52 0030 04        		.uleb128 0x4
  53 0031 2400 0000 		.long	0x24
  54 0035 05        		.uleb128 0x5
  55 0036 2400 0000 		.long	0x24
  56 003a 02        		.uleb128 0x2
  57 003b 01        		.byte	0x1
  58 003c 08        		.byte	0x8
  59 003d 0000 0000 		.long	.LASF1
  60 0041 06        		.uleb128 0x6
  61 0042 02        		.byte	0x2
  62 0043 05        		.byte	0x5
  63 0044 696E 7400 		.string	"int"
  64 0048 03        		.uleb128 0x3
  65 0049 0000 0000 		.long	.LASF3
  66 004d 01        		.byte	0x1
  67 004e 80        		.byte	0x80
  68 004f 16        		.byte	0x16
  69 0050 5900 0000 		.long	0x59
  70 0054 05        		.uleb128 0x5
  71 0055 4800 0000 		.long	0x48
  72 0059 02        		.uleb128 0x2
  73 005a 02        		.byte	0x2
  74 005b 07        		.byte	0x7
  75 005c 0000 0000 		.long	.LASF4
  76 0060 02        		.uleb128 0x2
  77 0061 04        		.byte	0x4
  78 0062 05        		.byte	0x5
  79 0063 0000 0000 		.long	.LASF5
  80 0067 03        		.uleb128 0x3
  81 0068 0000 0000 		.long	.LASF6
  82 006c 01        		.byte	0x1
  83 006d 82        		.byte	0x82
  84 006e 16        		.byte	0x16
  85 006f 7800 0000 		.long	0x78
  86 0073 04        		.uleb128 0x4
  87 0074 6700 0000 		.long	0x67
  88 0078 02        		.uleb128 0x2
  89 0079 04        		.byte	0x4
  90 007a 07        		.byte	0x7
  91 007b 0000 0000 		.long	.LASF7
  92 007f 02        		.uleb128 0x2
  93 0080 08        		.byte	0x8
  94 0081 05        		.byte	0x5
  95 0082 0000 0000 		.long	.LASF8
  96 0086 02        		.uleb128 0x2
  97 0087 08        		.byte	0x8
  98 0088 07        		.byte	0x7
  99 0089 0000 0000 		.long	.LASF9
 100 008d 03        		.uleb128 0x3
 101 008e 0000 0000 		.long	.LASF10
 102 0092 02        		.byte	0x2
 103 0093 D8        		.byte	0xd8
 104 0094 17        		.byte	0x17
 105 0095 5900 0000 		.long	0x59
 106 0099 02        		.uleb128 0x2
 107 009a 01        		.byte	0x1
 108 009b 02        		.byte	0x2
 109 009c 0000 0000 		.long	.LASF11
 110 00a0 04        		.uleb128 0x4
 111 00a1 9900 0000 		.long	0x99
 112 00a5 07        		.uleb128 0x7
 113 00a6 0000 0000 		.long	.LASF18
 114 00aa 04        		.byte	0x4
 115 00ab 4B        		.byte	0x4b
 116 00ac 0D        		.byte	0xd
 117 00ad 9900 0000 		.long	0x99
 118 00b1 01        		.byte	0x1
 119 00b2 01        		.byte	0x1
 120 00b3 08        		.uleb128 0x8
 121 00b4 08        		.byte	0x8
 122 00b5 03        		.byte	0x3
 123 00b6 A3        		.byte	0xa3
 124 00b7 0C        		.byte	0xc
 125 00b8 0801 0000 		.long	0x108
 126 00bc 09        		.uleb128 0x9
 127 00bd 0000 0000 		.long	.LASF12
 128 00c1 03        		.byte	0x3
 129 00c2 A5        		.byte	0xa5
 130 00c3 0E        		.byte	0xe
 131 00c4 2400 0000 		.long	0x24
 132 00c8 02        		.byte	0x2
 133 00c9 23        		.byte	0x23
 134 00ca 00        		.uleb128 0
 135 00cb 09        		.uleb128 0x9
 136 00cc 0000 0000 		.long	.LASF13
 137 00d0 03        		.byte	0x3
 138 00d1 A6        		.byte	0xa6
 139 00d2 0E        		.byte	0xe
 140 00d3 2400 0000 		.long	0x24
 141 00d7 02        		.byte	0x2
 142 00d8 23        		.byte	0x23
 143 00d9 01        		.uleb128 0x1
 144 00da 09        		.uleb128 0x9
 145 00db 0000 0000 		.long	.LASF14
 146 00df 03        		.byte	0x3
 147 00e0 A7        		.byte	0xa7
 148 00e1 0E        		.byte	0xe
 149 00e2 4800 0000 		.long	0x48
 150 00e6 02        		.byte	0x2
 151 00e7 23        		.byte	0x23
 152 00e8 02        		.uleb128 0x2
 153 00e9 09        		.uleb128 0x9
 154 00ea 0000 0000 		.long	.LASF15
 155 00ee 03        		.byte	0x3
 156 00ef A8        		.byte	0xa8
 157 00f0 0E        		.byte	0xe
 158 00f1 4800 0000 		.long	0x48
 159 00f5 02        		.byte	0x2
 160 00f6 23        		.byte	0x23
 161 00f7 04        		.uleb128 0x4
 162 00f8 09        		.uleb128 0x9
 163 00f9 0000 0000 		.long	.LASF16
 164 00fd 03        		.byte	0x3
 165 00fe A9        		.byte	0xa9
 166 00ff 0E        		.byte	0xe
 167 0100 4800 0000 		.long	0x48
 168 0104 02        		.byte	0x2
 169 0105 23        		.byte	0x23
 170 0106 06        		.uleb128 0x6
 171 0107 00        		.byte	0
 172 0108 03        		.uleb128 0x3
 173 0109 0000 0000 		.long	.LASF17
 174 010d 03        		.byte	0x3
 175 010e AA        		.byte	0xaa
 176 010f 12        		.byte	0x12
 177 0110 B300 0000 		.long	0xb3
 178 0114 07        		.uleb128 0x7
 179 0115 0000 0000 		.long	.LASF19
 180 0119 05        		.byte	0x5
 181 011a 5E        		.byte	0x5e
 182 011b 13        		.byte	0x13
 183 011c 2400 0000 		.long	0x24
 184 0120 01        		.byte	0x1
 185 0121 01        		.byte	0x1
 186 0122 07        		.uleb128 0x7
 187 0123 0000 0000 		.long	.LASF20
 188 0127 05        		.byte	0x5
 189 0128 6E        		.byte	0x6e
 190 0129 11        		.byte	0x11
 191 012a 9900 0000 		.long	0x99
 192 012e 01        		.byte	0x1
 193 012f 01        		.byte	0x1
 194 0130 07        		.uleb128 0x7
 195 0131 0000 0000 		.long	.LASF21
 196 0135 05        		.byte	0x5
 197 0136 78        		.byte	0x78
 198 0137 11        		.byte	0x11
 199 0138 9900 0000 		.long	0x99
 200 013c 01        		.byte	0x1
 201 013d 01        		.byte	0x1
 202 013e 07        		.uleb128 0x7
 203 013f 0000 0000 		.long	.LASF22
 204 0143 06        		.byte	0x6
 205 0144 51        		.byte	0x51
 206 0145 19        		.byte	0x19
 207 0146 A000 0000 		.long	0xa0
 208 014a 01        		.byte	0x1
 209 014b 01        		.byte	0x1
 210 014c 07        		.uleb128 0x7
 211 014d 0000 0000 		.long	.LASF23
 212 0151 06        		.byte	0x6
 213 0152 5B        		.byte	0x5b
 214 0153 21        		.byte	0x21
 215 0154 0801 0000 		.long	0x108
 216 0158 01        		.byte	0x1
 217 0159 01        		.byte	0x1
 218 015a 07        		.uleb128 0x7
 219 015b 0000 0000 		.long	.LASF24
 220 015f 06        		.byte	0x6
 221 0160 90        		.byte	0x90
 222 0161 1E        		.byte	0x1e
 223 0162 3000 0000 		.long	0x30
 224 0166 01        		.byte	0x1
 225 0167 01        		.byte	0x1
 226 0168 07        		.uleb128 0x7
 227 0169 0000 0000 		.long	.LASF25
 228 016d 07        		.byte	0x7
 229 016e 67        		.byte	0x67
 230 016f 13        		.byte	0x13
 231 0170 2400 0000 		.long	0x24
 232 0174 01        		.byte	0x1
 233 0175 01        		.byte	0x1
 234 0176 0A        		.uleb128 0xa
 235 0177 02        		.byte	0x2
 236 0178 0B        		.uleb128 0xb
 237 0179 0000 0000 		.long	.LASF35
 238 017d 0E        		.byte	0xe
 239 017e 08        		.byte	0x8
 240 017f F4        		.byte	0xf4
 241 0180 08        		.byte	0x8
 242 0181 0302 0000 		.long	0x203
 243 0185 0C        		.uleb128 0xc
 244 0186 6275 6600 		.string	"buf"
 245 018a 08        		.byte	0x8
 246 018b F5        		.byte	0xf5
 247 018c 08        		.byte	0x8
 248 018d 0302 0000 		.long	0x203
 249 0191 02        		.byte	0x2
 250 0192 23        		.byte	0x23
 251 0193 00        		.uleb128 0
 252 0194 09        		.uleb128 0x9
 253 0195 0000 0000 		.long	.LASF26
 254 0199 08        		.byte	0x8
 255 019a F6        		.byte	0xf6
 256 019b 10        		.byte	0x10
 257 019c 3A00 0000 		.long	0x3a
 258 01a0 02        		.byte	0x2
 259 01a1 23        		.byte	0x23
 260 01a2 02        		.uleb128 0x2
 261 01a3 09        		.uleb128 0x9
 262 01a4 0000 0000 		.long	.LASF27
 263 01a8 08        		.byte	0x8
 264 01a9 F7        		.byte	0xf7
 265 01aa 0A        		.byte	0xa
 266 01ab 2400 0000 		.long	0x24
 267 01af 02        		.byte	0x2
 268 01b0 23        		.byte	0x23
 269 01b1 03        		.uleb128 0x3
 270 01b2 0D        		.uleb128 0xd
 271 01b3 0000 0000 		.long	.LASF28
 272 01b7 08        		.byte	0x8
 273 01b8 0701      		.word	0x107
 274 01ba 06        		.byte	0x6
 275 01bb 4100 0000 		.long	0x41
 276 01bf 02        		.byte	0x2
 277 01c0 23        		.byte	0x23
 278 01c1 04        		.uleb128 0x4
 279 01c2 0E        		.uleb128 0xe
 280 01c3 6C65 6E00 		.string	"len"
 281 01c7 08        		.byte	0x8
 282 01c8 0801      		.word	0x108
 283 01ca 06        		.byte	0x6
 284 01cb 4100 0000 		.long	0x41
 285 01cf 02        		.byte	0x2
 286 01d0 23        		.byte	0x23
 287 01d1 06        		.uleb128 0x6
 288 01d2 0E        		.uleb128 0xe
 289 01d3 7075 7400 		.string	"put"
 290 01d7 08        		.byte	0x8
 291 01d8 0901      		.word	0x109
 292 01da 08        		.byte	0x8
 293 01db 2B02 0000 		.long	0x22b
 294 01df 02        		.byte	0x2
 295 01e0 23        		.byte	0x23
 296 01e1 08        		.uleb128 0x8
 297 01e2 0E        		.uleb128 0xe
 298 01e3 6765 7400 		.string	"get"
 299 01e7 08        		.byte	0x8
 300 01e8 0A01      		.word	0x10a
 301 01ea 08        		.byte	0x8
 302 01eb 4102 0000 		.long	0x241
 303 01ef 02        		.byte	0x2
 304 01f0 23        		.byte	0x23
 305 01f1 0A        		.uleb128 0xa
 306 01f2 0D        		.uleb128 0xd
 307 01f3 0000 0000 		.long	.LASF29
 308 01f7 08        		.byte	0x8
 309 01f8 0B01      		.word	0x10b
 310 01fa 08        		.byte	0x8
 311 01fb 7601 0000 		.long	0x176
 312 01ff 02        		.byte	0x2
 313 0200 23        		.byte	0x23
 314 0201 0C        		.uleb128 0xc
 315 0202 00        		.byte	0
 316 0203 0F        		.uleb128 0xf
 317 0204 02        		.byte	0x2
 318 0205 0902 0000 		.long	0x209
 319 0209 02        		.uleb128 0x2
 320 020a 01        		.byte	0x1
 321 020b 08        		.byte	0x8
 322 020c 0000 0000 		.long	.LASF30
 323 0210 10        		.uleb128 0x10
 324 0211 01        		.byte	0x1
 325 0212 4100 0000 		.long	0x41
 326 0216 2502 0000 		.long	0x225
 327 021a 11        		.uleb128 0x11
 328 021b 0902 0000 		.long	0x209
 329 021f 11        		.uleb128 0x11
 330 0220 2502 0000 		.long	0x225
 331 0224 00        		.byte	0
 332 0225 0F        		.uleb128 0xf
 333 0226 02        		.byte	0x2
 334 0227 7801 0000 		.long	0x178
 335 022b 0F        		.uleb128 0xf
 336 022c 02        		.byte	0x2
 337 022d 1002 0000 		.long	0x210
 338 0231 10        		.uleb128 0x10
 339 0232 01        		.byte	0x1
 340 0233 4100 0000 		.long	0x41
 341 0237 4102 0000 		.long	0x241
 342 023b 11        		.uleb128 0x11
 343 023c 2502 0000 		.long	0x225
 344 0240 00        		.byte	0
 345 0241 0F        		.uleb128 0xf
 346 0242 02        		.byte	0x2
 347 0243 3102 0000 		.long	0x231
 348 0247 12        		.uleb128 0x12
 349 0248 2502 0000 		.long	0x225
 350 024c 5202 0000 		.long	0x252
 351 0250 13        		.uleb128 0x13
 352 0251 00        		.byte	0
 353 0252 14        		.uleb128 0x14
 354 0253 0000 0000 		.long	.LASF31
 355 0257 08        		.byte	0x8
 356 0258 9701      		.word	0x197
 357 025a 17        		.byte	0x17
 358 025b 4702 0000 		.long	0x247
 359 025f 01        		.byte	0x1
 360 0260 01        		.byte	0x1
 361 0261 12        		.uleb128 0x12
 362 0262 2400 0000 		.long	0x24
 363 0266 7102 0000 		.long	0x271
 364 026a 15        		.uleb128 0x15
 365 026b 5900 0000 		.long	0x59
 366 026f 05        		.byte	0x5
 367 0270 00        		.byte	0
 368 0271 12        		.uleb128 0x12
 369 0272 2400 0000 		.long	0x24
 370 0276 8102 0000 		.long	0x281
 371 027a 15        		.uleb128 0x15
 372 027b 5900 0000 		.long	0x59
 373 027f 0F        		.byte	0xf
 374 0280 00        		.byte	0
 375 0281 12        		.uleb128 0x12
 376 0282 2400 0000 		.long	0x24
 377 0286 9102 0000 		.long	0x291
 378 028a 15        		.uleb128 0x15
 379 028b 5900 0000 		.long	0x59
 380 028f 07        		.byte	0x7
 381 0290 00        		.byte	0
 382 0291 08        		.uleb128 0x8
 383 0292 08        		.byte	0x8
 384 0293 09        		.byte	0x9
 385 0294 AD        		.byte	0xad
 386 0295 05        		.byte	0x5
 387 0296 C802 0000 		.long	0x2c8
 388 029a 09        		.uleb128 0x9
 389 029b 0000 0000 		.long	.LASF32
 390 029f 09        		.byte	0x9
 391 02a0 B1        		.byte	0xb1
 392 02a1 11        		.byte	0x11
 393 02a2 2400 0000 		.long	0x24
 394 02a6 02        		.byte	0x2
 395 02a7 23        		.byte	0x23
 396 02a8 00        		.uleb128 0
 397 02a9 09        		.uleb128 0x9
 398 02aa 0000 0000 		.long	.LASF33
 399 02ae 09        		.byte	0x9
 400 02af B2        		.byte	0xb2
 401 02b0 11        		.byte	0x11
 402 02b1 2400 0000 		.long	0x24
 403 02b5 02        		.byte	0x2
 404 02b6 23        		.byte	0x23
 405 02b7 01        		.uleb128 0x1
 406 02b8 09        		.uleb128 0x9
 407 02b9 0000 0000 		.long	.LASF34
 408 02bd 09        		.byte	0x9
 409 02be B3        		.byte	0xb3
 410 02bf 11        		.byte	0x11
 411 02c0 6102 0000 		.long	0x261
 412 02c4 02        		.byte	0x2
 413 02c5 23        		.byte	0x23
 414 02c6 02        		.uleb128 0x2
 415 02c7 00        		.byte	0
 416 02c8 0B        		.uleb128 0xb
 417 02c9 0000 0000 		.long	.LASF36
 418 02cd 20        		.byte	0x20
 419 02ce 09        		.byte	0x9
 420 02cf B6        		.byte	0xb6
 421 02d0 0C        		.byte	0xc
 422 02d1 0303 0000 		.long	0x303
 423 02d5 09        		.uleb128 0x9
 424 02d6 0000 0000 		.long	.LASF37
 425 02da 09        		.byte	0x9
 426 02db B8        		.byte	0xb8
 427 02dc 11        		.byte	0x11
 428 02dd 2400 0000 		.long	0x24
 429 02e1 02        		.byte	0x2
 430 02e2 23        		.byte	0x23
 431 02e3 00        		.uleb128 0
 432 02e4 09        		.uleb128 0x9
 433 02e5 0000 0000 		.long	.LASF32
 434 02e9 09        		.byte	0x9
 435 02ea BA        		.byte	0xba
 436 02eb 11        		.byte	0x11
 437 02ec 2400 0000 		.long	0x24
 438 02f0 02        		.byte	0x2
 439 02f1 23        		.byte	0x23
 440 02f2 01        		.uleb128 0x1
 441 02f3 09        		.uleb128 0x9
 442 02f4 0000 0000 		.long	.LASF38
 443 02f8 09        		.byte	0x9
 444 02f9 BB        		.byte	0xbb
 445 02fa 11        		.byte	0x11
 446 02fb 0303 0000 		.long	0x303
 447 02ff 02        		.byte	0x2
 448 0300 23        		.byte	0x23
 449 0301 02        		.uleb128 0x2
 450 0302 00        		.byte	0
 451 0303 12        		.uleb128 0x12
 452 0304 2400 0000 		.long	0x24
 453 0308 1303 0000 		.long	0x313
 454 030c 15        		.uleb128 0x15
 455 030d 5900 0000 		.long	0x59
 456 0311 1D        		.byte	0x1d
 457 0312 00        		.byte	0
 458 0313 16        		.uleb128 0x16
 459 0314 20        		.byte	0x20
 460 0315 09        		.byte	0x9
 461 0316 AB        		.byte	0xab
 462 0317 09        		.byte	0x9
 463 0318 3A03 0000 		.long	0x33a
 464 031c 17        		.uleb128 0x17
 465 031d 7261 7700 		.string	"raw"
 466 0321 09        		.byte	0x9
 467 0322 AC        		.byte	0xac
 468 0323 0D        		.byte	0xd
 469 0324 8102 0000 		.long	0x281
 470 0328 18        		.uleb128 0x18
 471 0329 9102 0000 		.long	0x291
 472 032d 19        		.uleb128 0x19
 473 032e 0000 0000 		.long	.LASF39
 474 0332 09        		.byte	0x9
 475 0333 BC        		.byte	0xbc
 476 0334 07        		.byte	0x7
 477 0335 C802 0000 		.long	0x2c8
 478 0339 00        		.byte	0
 479 033a 03        		.uleb128 0x3
 480 033b 0000 0000 		.long	.LASF40
 481 033f 09        		.byte	0x9
 482 0340 BE        		.byte	0xbe
 483 0341 1B        		.byte	0x1b
 484 0342 1303 0000 		.long	0x313
 485 0346 0F        		.uleb128 0xf
 486 0347 02        		.byte	0x2
 487 0348 3A03 0000 		.long	0x33a
 488 034c 07        		.uleb128 0x7
 489 034d 0000 0000 		.long	.LASF41
 490 0351 0A        		.byte	0xa
 491 0352 24        		.byte	0x24
 492 0353 10        		.byte	0x10
 493 0354 2400 0000 		.long	0x24
 494 0358 01        		.byte	0x1
 495 0359 01        		.byte	0x1
 496 035a 07        		.uleb128 0x7
 497 035b 0000 0000 		.long	.LASF42
 498 035f 0A        		.byte	0xa
 499 0360 25        		.byte	0x25
 500 0361 10        		.byte	0x10
 501 0362 2400 0000 		.long	0x24
 502 0366 01        		.byte	0x1
 503 0367 01        		.byte	0x1
 504 0368 1A        		.uleb128 0x1a
 505 0369 01        		.byte	0x1
 506 036a 7403 0000 		.long	0x374
 507 036e 11        		.uleb128 0x11
 508 036f 2400 0000 		.long	0x24
 509 0373 00        		.byte	0
 510 0374 07        		.uleb128 0x7
 511 0375 0000 0000 		.long	.LASF43
 512 0379 0B        		.byte	0xb
 513 037a 0E        		.byte	0xe
 514 037b 0F        		.byte	0xf
 515 037c 8203 0000 		.long	0x382
 516 0380 01        		.byte	0x1
 517 0381 01        		.byte	0x1
 518 0382 0F        		.uleb128 0xf
 519 0383 02        		.byte	0x2
 520 0384 6803 0000 		.long	0x368
 521 0388 08        		.uleb128 0x8
 522 0389 01        		.byte	0x1
 523 038a 0C        		.byte	0xc
 524 038b 1F        		.byte	0x1f
 525 038c 05        		.byte	0x5
 526 038d EC03 0000 		.long	0x3ec
 527 0391 1B        		.uleb128 0x1b
 528 0392 0000 0000 		.long	.LASF44
 529 0396 0C        		.byte	0xc
 530 0397 20        		.byte	0x20
 531 0398 11        		.byte	0x11
 532 0399 9900 0000 		.long	0x99
 533 039d 01        		.byte	0x1
 534 039e 01        		.byte	0x1
 535 039f 07        		.byte	0x7
 536 03a0 02        		.byte	0x2
 537 03a1 23        		.byte	0x23
 538 03a2 00        		.uleb128 0
 539 03a3 1B        		.uleb128 0x1b
 540 03a4 0000 0000 		.long	.LASF45
 541 03a8 0C        		.byte	0xc
 542 03a9 21        		.byte	0x21
 543 03aa 11        		.byte	0x11
 544 03ab 9900 0000 		.long	0x99
 545 03af 01        		.byte	0x1
 546 03b0 01        		.byte	0x1
 547 03b1 06        		.byte	0x6
 548 03b2 02        		.byte	0x2
 549 03b3 23        		.byte	0x23
 550 03b4 00        		.uleb128 0
 551 03b5 1B        		.uleb128 0x1b
 552 03b6 0000 0000 		.long	.LASF46
 553 03ba 0C        		.byte	0xc
 554 03bb 22        		.byte	0x22
 555 03bc 11        		.byte	0x11
 556 03bd 9900 0000 		.long	0x99
 557 03c1 01        		.byte	0x1
 558 03c2 01        		.byte	0x1
 559 03c3 05        		.byte	0x5
 560 03c4 02        		.byte	0x2
 561 03c5 23        		.byte	0x23
 562 03c6 00        		.uleb128 0
 563 03c7 1B        		.uleb128 0x1b
 564 03c8 0000 0000 		.long	.LASF47
 565 03cc 0C        		.byte	0xc
 566 03cd 23        		.byte	0x23
 567 03ce 11        		.byte	0x11
 568 03cf 9900 0000 		.long	0x99
 569 03d3 01        		.byte	0x1
 570 03d4 01        		.byte	0x1
 571 03d5 04        		.byte	0x4
 572 03d6 02        		.byte	0x2
 573 03d7 23        		.byte	0x23
 574 03d8 00        		.uleb128 0
 575 03d9 1B        		.uleb128 0x1b
 576 03da 0000 0000 		.long	.LASF33
 577 03de 0C        		.byte	0xc
 578 03df 24        		.byte	0x24
 579 03e0 11        		.byte	0x11
 580 03e1 2400 0000 		.long	0x24
 581 03e5 01        		.byte	0x1
 582 03e6 04        		.byte	0x4
 583 03e7 00        		.byte	0
 584 03e8 02        		.byte	0x2
 585 03e9 23        		.byte	0x23
 586 03ea 00        		.uleb128 0
 587 03eb 00        		.byte	0
 588 03ec 16        		.uleb128 0x16
 589 03ed 01        		.byte	0x1
 590 03ee 0C        		.byte	0xc
 591 03ef 1E        		.byte	0x1e
 592 03f0 09        		.byte	0x9
 593 03f1 0704 0000 		.long	0x407
 594 03f5 18        		.uleb128 0x18
 595 03f6 8803 0000 		.long	0x388
 596 03fa 17        		.uleb128 0x17
 597 03fb 7261 7700 		.string	"raw"
 598 03ff 0C        		.byte	0xc
 599 0400 26        		.byte	0x26
 600 0401 0D        		.byte	0xd
 601 0402 2400 0000 		.long	0x24
 602 0406 00        		.byte	0
 603 0407 03        		.uleb128 0x3
 604 0408 0000 0000 		.long	.LASF48
 605 040c 0C        		.byte	0xc
 606 040d 27        		.byte	0x27
 607 040e 03        		.byte	0x3
 608 040f EC03 0000 		.long	0x3ec
 609 0413 07        		.uleb128 0x7
 610 0414 0000 0000 		.long	.LASF49
 611 0418 0C        		.byte	0xc
 612 0419 29        		.byte	0x29
 613 041a 17        		.byte	0x17
 614 041b 0704 0000 		.long	0x407
 615 041f 01        		.byte	0x1
 616 0420 01        		.byte	0x1
 617 0421 08        		.uleb128 0x8
 618 0422 02        		.byte	0x2
 619 0423 0D        		.byte	0xd
 620 0424 1D        		.byte	0x1d
 621 0425 05        		.byte	0x5
 622 0426 F104 0000 		.long	0x4f1
 623 042a 1B        		.uleb128 0x1b
 624 042b 0000 0000 		.long	.LASF50
 625 042f 0D        		.byte	0xd
 626 0430 1E        		.byte	0x1e
 627 0431 0E        		.byte	0xe
 628 0432 9900 0000 		.long	0x99
 629 0436 01        		.byte	0x1
 630 0437 01        		.byte	0x1
 631 0438 07        		.byte	0x7
 632 0439 02        		.byte	0x2
 633 043a 23        		.byte	0x23
 634 043b 00        		.uleb128 0
 635 043c 1B        		.uleb128 0x1b
 636 043d 0000 0000 		.long	.LASF51
 637 0441 0D        		.byte	0xd
 638 0442 1F        		.byte	0x1f
 639 0443 0E        		.byte	0xe
 640 0444 9900 0000 		.long	0x99
 641 0448 01        		.byte	0x1
 642 0449 01        		.byte	0x1
 643 044a 06        		.byte	0x6
 644 044b 02        		.byte	0x2
 645 044c 23        		.byte	0x23
 646 044d 00        		.uleb128 0
 647 044e 1B        		.uleb128 0x1b
 648 044f 0000 0000 		.long	.LASF52
 649 0453 0D        		.byte	0xd
 650 0454 20        		.byte	0x20
 651 0455 0E        		.byte	0xe
 652 0456 9900 0000 		.long	0x99
 653 045a 01        		.byte	0x1
 654 045b 01        		.byte	0x1
 655 045c 05        		.byte	0x5
 656 045d 02        		.byte	0x2
 657 045e 23        		.byte	0x23
 658 045f 00        		.uleb128 0
 659 0460 1B        		.uleb128 0x1b
 660 0461 0000 0000 		.long	.LASF53
 661 0465 0D        		.byte	0xd
 662 0466 21        		.byte	0x21
 663 0467 0E        		.byte	0xe
 664 0468 9900 0000 		.long	0x99
 665 046c 01        		.byte	0x1
 666 046d 01        		.byte	0x1
 667 046e 04        		.byte	0x4
 668 046f 02        		.byte	0x2
 669 0470 23        		.byte	0x23
 670 0471 00        		.uleb128 0
 671 0472 1B        		.uleb128 0x1b
 672 0473 0000 0000 		.long	.LASF54
 673 0477 0D        		.byte	0xd
 674 0478 22        		.byte	0x22
 675 0479 0E        		.byte	0xe
 676 047a 9900 0000 		.long	0x99
 677 047e 01        		.byte	0x1
 678 047f 01        		.byte	0x1
 679 0480 03        		.byte	0x3
 680 0481 02        		.byte	0x2
 681 0482 23        		.byte	0x23
 682 0483 00        		.uleb128 0
 683 0484 1B        		.uleb128 0x1b
 684 0485 0000 0000 		.long	.LASF55
 685 0489 0D        		.byte	0xd
 686 048a 23        		.byte	0x23
 687 048b 0E        		.byte	0xe
 688 048c 9900 0000 		.long	0x99
 689 0490 01        		.byte	0x1
 690 0491 01        		.byte	0x1
 691 0492 02        		.byte	0x2
 692 0493 02        		.byte	0x2
 693 0494 23        		.byte	0x23
 694 0495 00        		.uleb128 0
 695 0496 1B        		.uleb128 0x1b
 696 0497 0000 0000 		.long	.LASF56
 697 049b 0D        		.byte	0xd
 698 049c 24        		.byte	0x24
 699 049d 0E        		.byte	0xe
 700 049e 9900 0000 		.long	0x99
 701 04a2 01        		.byte	0x1
 702 04a3 01        		.byte	0x1
 703 04a4 01        		.byte	0x1
 704 04a5 02        		.byte	0x2
 705 04a6 23        		.byte	0x23
 706 04a7 00        		.uleb128 0
 707 04a8 1B        		.uleb128 0x1b
 708 04a9 0000 0000 		.long	.LASF39
 709 04ad 0D        		.byte	0xd
 710 04ae 25        		.byte	0x25
 711 04af 0E        		.byte	0xe
 712 04b0 9900 0000 		.long	0x99
 713 04b4 01        		.byte	0x1
 714 04b5 01        		.byte	0x1
 715 04b6 00        		.byte	0
 716 04b7 02        		.byte	0x2
 717 04b8 23        		.byte	0x23
 718 04b9 00        		.uleb128 0
 719 04ba 1B        		.uleb128 0x1b
 720 04bb 0000 0000 		.long	.LASF57
 721 04bf 0D        		.byte	0xd
 722 04c0 26        		.byte	0x26
 723 04c1 0E        		.byte	0xe
 724 04c2 9900 0000 		.long	0x99
 725 04c6 01        		.byte	0x1
 726 04c7 01        		.byte	0x1
 727 04c8 07        		.byte	0x7
 728 04c9 02        		.byte	0x2
 729 04ca 23        		.byte	0x23
 730 04cb 01        		.uleb128 0x1
 731 04cc 1B        		.uleb128 0x1b
 732 04cd 0000 0000 		.long	.LASF58
 733 04d1 0D        		.byte	0xd
 734 04d2 27        		.byte	0x27
 735 04d3 0E        		.byte	0xe
 736 04d4 9900 0000 		.long	0x99
 737 04d8 01        		.byte	0x1
 738 04d9 01        		.byte	0x1
 739 04da 06        		.byte	0x6
 740 04db 02        		.byte	0x2
 741 04dc 23        		.byte	0x23
 742 04dd 01        		.uleb128 0x1
 743 04de 1B        		.uleb128 0x1b
 744 04df 0000 0000 		.long	.LASF59
 745 04e3 0D        		.byte	0xd
 746 04e4 28        		.byte	0x28
 747 04e5 0E        		.byte	0xe
 748 04e6 9900 0000 		.long	0x99
 749 04ea 01        		.byte	0x1
 750 04eb 01        		.byte	0x1
 751 04ec 05        		.byte	0x5
 752 04ed 02        		.byte	0x2
 753 04ee 23        		.byte	0x23
 754 04ef 01        		.uleb128 0x1
 755 04f0 00        		.byte	0
 756 04f1 16        		.uleb128 0x16
 757 04f2 02        		.byte	0x2
 758 04f3 0D        		.byte	0xd
 759 04f4 1B        		.byte	0x1b
 760 04f5 09        		.byte	0x9
 761 04f6 0C05 0000 		.long	0x50c
 762 04fa 17        		.uleb128 0x17
 763 04fb 7261 7700 		.string	"raw"
 764 04ff 0D        		.byte	0xd
 765 0500 1C        		.byte	0x1c
 766 0501 0E        		.byte	0xe
 767 0502 4800 0000 		.long	0x48
 768 0506 18        		.uleb128 0x18
 769 0507 2104 0000 		.long	0x421
 770 050b 00        		.byte	0
 771 050c 03        		.uleb128 0x3
 772 050d 0000 0000 		.long	.LASF60
 773 0511 0D        		.byte	0xd
 774 0512 2A        		.byte	0x2a
 775 0513 03        		.byte	0x3
 776 0514 F104 0000 		.long	0x4f1
 777 0518 07        		.uleb128 0x7
 778 0519 0000 0000 		.long	.LASF61
 779 051d 0D        		.byte	0xd
 780 051e 2C        		.byte	0x2c
 781 051f 18        		.byte	0x18
 782 0520 0C05 0000 		.long	0x50c
 783 0524 01        		.byte	0x1
 784 0525 01        		.byte	0x1
 785 0526 07        		.uleb128 0x7
 786 0527 0000 0000 		.long	.LASF62
 787 052b 0E        		.byte	0xe
 788 052c 20        		.byte	0x20
 789 052d 1A        		.byte	0x1a
 790 052e 7300 0000 		.long	0x73
 791 0532 01        		.byte	0x1
 792 0533 01        		.byte	0x1
 793 0534 1C        		.uleb128 0x1c
 794 0535 07        		.byte	0x7
 795 0536 01        		.byte	0x1
 796 0537 3A00 0000 		.long	0x3a
 797 053b 0F        		.byte	0xf
 798 053c 2D        		.byte	0x2d
 799 053d 0E        		.byte	0xe
 800 053e 7F05 0000 		.long	0x57f
 801 0542 1D        		.uleb128 0x1d
 802 0543 0000 0000 		.long	.LASF63
 803 0547 00        		.byte	0
 804 0548 1D        		.uleb128 0x1d
 805 0549 0000 0000 		.long	.LASF64
 806 054d 01        		.byte	0x1
 807 054e 1D        		.uleb128 0x1d
 808 054f 0000 0000 		.long	.LASF65
 809 0553 02        		.byte	0x2
 810 0554 1D        		.uleb128 0x1d
 811 0555 0000 0000 		.long	.LASF66
 812 0559 03        		.byte	0x3
 813 055a 1D        		.uleb128 0x1d
 814 055b 0000 0000 		.long	.LASF67
 815 055f 04        		.byte	0x4
 816 0560 1D        		.uleb128 0x1d
 817 0561 0000 0000 		.long	.LASF68
 818 0565 05        		.byte	0x5
 819 0566 1D        		.uleb128 0x1d
 820 0567 0000 0000 		.long	.LASF69
 821 056b 06        		.byte	0x6
 822 056c 1D        		.uleb128 0x1d
 823 056d 0000 0000 		.long	.LASF70
 824 0571 07        		.byte	0x7
 825 0572 1D        		.uleb128 0x1d
 826 0573 0000 0000 		.long	.LASF71
 827 0577 08        		.byte	0x8
 828 0578 1D        		.uleb128 0x1d
 829 0579 0000 0000 		.long	.LASF72
 830 057d 09        		.byte	0x9
 831 057e 00        		.byte	0
 832 057f 03        		.uleb128 0x3
 833 0580 0000 0000 		.long	.LASF73
 834 0584 0F        		.byte	0xf
 835 0585 2D        		.byte	0x2d
 836 0586 89        		.byte	0x89
 837 0587 3405 0000 		.long	0x534
 838 058b 08        		.uleb128 0x8
 839 058c 23        		.byte	0x23
 840 058d 0F        		.byte	0xf
 841 058e 2F        		.byte	0x2f
 842 058f 09        		.byte	0x9
 843 0590 E005 0000 		.long	0x5e0
 844 0594 09        		.uleb128 0x9
 845 0595 0000 0000 		.long	.LASF74
 846 0599 0F        		.byte	0xf
 847 059a 30        		.byte	0x30
 848 059b 1C        		.byte	0x1c
 849 059c 9900 0000 		.long	0x99
 850 05a0 02        		.byte	0x2
 851 05a1 23        		.byte	0x23
 852 05a2 00        		.uleb128 0
 853 05a3 09        		.uleb128 0x9
 854 05a4 0000 0000 		.long	.LASF75
 855 05a8 0F        		.byte	0xf
 856 05a9 31        		.byte	0x31
 857 05aa 1C        		.byte	0x1c
 858 05ab 7102 0000 		.long	0x271
 859 05af 02        		.byte	0x2
 860 05b0 23        		.byte	0x23
 861 05b1 01        		.uleb128 0x1
 862 05b2 09        		.uleb128 0x9
 863 05b3 0000 0000 		.long	.LASF76
 864 05b7 0F        		.byte	0xf
 865 05b8 32        		.byte	0x32
 866 05b9 1C        		.byte	0x1c
 867 05ba E005 0000 		.long	0x5e0
 868 05be 02        		.byte	0x2
 869 05bf 23        		.byte	0x23
 870 05c0 11        		.uleb128 0x11
 871 05c1 09        		.uleb128 0x9
 872 05c2 0000 0000 		.long	.LASF77
 873 05c6 0F        		.byte	0xf
 874 05c7 33        		.byte	0x33
 875 05c8 1C        		.byte	0x1c
 876 05c9 2400 0000 		.long	0x24
 877 05cd 02        		.byte	0x2
 878 05ce 23        		.byte	0x23
 879 05cf 21        		.uleb128 0x21
 880 05d0 09        		.uleb128 0x9
 881 05d1 0000 0000 		.long	.LASF78
 882 05d5 0F        		.byte	0xf
 883 05d6 34        		.byte	0x34
 884 05d7 1C        		.byte	0x1c
 885 05d8 7F05 0000 		.long	0x57f
 886 05dc 02        		.byte	0x2
 887 05dd 23        		.byte	0x23
 888 05de 22        		.uleb128 0x22
 889 05df 00        		.byte	0
 890 05e0 12        		.uleb128 0x12
 891 05e1 4800 0000 		.long	0x48
 892 05e5 F005 0000 		.long	0x5f0
 893 05e9 15        		.uleb128 0x15
 894 05ea 5900 0000 		.long	0x59
 895 05ee 07        		.byte	0x7
 896 05ef 00        		.byte	0
 897 05f0 03        		.uleb128 0x3
 898 05f1 0000 0000 		.long	.LASF79
 899 05f5 0F        		.byte	0xf
 900 05f6 35        		.byte	0x35
 901 05f7 03        		.byte	0x3
 902 05f8 8B05 0000 		.long	0x58b
 903 05fc 1E        		.uleb128 0x1e
 904 05fd 0000 0000 		.long	.LASF83
 905 0601 07        		.byte	0x7
 906 0602 01        		.byte	0x1
 907 0603 3A00 0000 		.long	0x3a
 908 0607 0F        		.byte	0xf
 909 0608 3B        		.byte	0x3b
 910 0609 0E        		.byte	0xe
 911 060a 2106 0000 		.long	0x621
 912 060e 1D        		.uleb128 0x1d
 913 060f 0000 0000 		.long	.LASF80
 914 0613 00        		.byte	0
 915 0614 1D        		.uleb128 0x1d
 916 0615 0000 0000 		.long	.LASF81
 917 0619 01        		.byte	0x1
 918 061a 1D        		.uleb128 0x1d
 919 061b 0000 0000 		.long	.LASF82
 920 061f 02        		.byte	0x2
 921 0620 00        		.byte	0
 922 0621 03        		.uleb128 0x3
 923 0622 0000 0000 		.long	.LASF83
 924 0626 0F        		.byte	0xf
 925 0627 3F        		.byte	0x3f
 926 0628 03        		.byte	0x3
 927 0629 FC05 0000 		.long	0x5fc
 928 062d 08        		.uleb128 0x8
 929 062e 06        		.byte	0x6
 930 062f 0F        		.byte	0xf
 931 0630 41        		.byte	0x41
 932 0631 09        		.byte	0x9
 933 0632 8206 0000 		.long	0x682
 934 0636 09        		.uleb128 0x9
 935 0637 0000 0000 		.long	.LASF84
 936 063b 0F        		.byte	0xf
 937 063c 42        		.byte	0x42
 938 063d 17        		.byte	0x17
 939 063e 2400 0000 		.long	0x24
 940 0642 02        		.byte	0x2
 941 0643 23        		.byte	0x23
 942 0644 00        		.uleb128 0
 943 0645 09        		.uleb128 0x9
 944 0646 0000 0000 		.long	.LASF85
 945 064a 0F        		.byte	0xf
 946 064b 43        		.byte	0x43
 947 064c 17        		.byte	0x17
 948 064d 2400 0000 		.long	0x24
 949 0651 02        		.byte	0x2
 950 0652 23        		.byte	0x23
 951 0653 01        		.uleb128 0x1
 952 0654 09        		.uleb128 0x9
 953 0655 0000 0000 		.long	.LASF86
 954 0659 0F        		.byte	0xf
 955 065a 44        		.byte	0x44
 956 065b 17        		.byte	0x17
 957 065c 2400 0000 		.long	0x24
 958 0660 02        		.byte	0x2
 959 0661 23        		.byte	0x23
 960 0662 02        		.uleb128 0x2
 961 0663 09        		.uleb128 0x9
 962 0664 0000 0000 		.long	.LASF87
 963 0668 0F        		.byte	0xf
 964 0669 45        		.byte	0x45
 965 066a 17        		.byte	0x17
 966 066b 4800 0000 		.long	0x48
 967 066f 02        		.byte	0x2
 968 0670 23        		.byte	0x23
 969 0671 03        		.uleb128 0x3
 970 0672 09        		.uleb128 0x9
 971 0673 0000 0000 		.long	.LASF88
 972 0677 0F        		.byte	0xf
 973 0678 46        		.byte	0x46
 974 0679 17        		.byte	0x17
 975 067a 2106 0000 		.long	0x621
 976 067e 02        		.byte	0x2
 977 067f 23        		.byte	0x23
 978 0680 05        		.uleb128 0x5
 979 0681 00        		.byte	0
 980 0682 03        		.uleb128 0x3
 981 0683 0000 0000 		.long	.LASF89
 982 0687 0F        		.byte	0xf
 983 0688 47        		.byte	0x47
 984 0689 03        		.byte	0x3
 985 068a 2D06 0000 		.long	0x62d
 986 068e 07        		.uleb128 0x7
 987 068f 0000 0000 		.long	.LASF90
 988 0693 0F        		.byte	0xf
 989 0694 49        		.byte	0x49
 990 0695 1B        		.byte	0x1b
 991 0696 F005 0000 		.long	0x5f0
 992 069a 01        		.byte	0x1
 993 069b 01        		.byte	0x1
 994 069c 07        		.uleb128 0x7
 995 069d 0000 0000 		.long	.LASF91
 996 06a1 0F        		.byte	0xf
 997 06a2 4C        		.byte	0x4c
 998 06a3 1A        		.byte	0x1a
 999 06a4 8206 0000 		.long	0x682
 1000 06a8 01        		.byte	0x1
 1001 06a9 01        		.byte	0x1
 1002 06aa 12        		.uleb128 0x12
 1003 06ab 5400 0000 		.long	0x54
 1004 06af C106 0000 		.long	0x6c1
 1005 06b3 13        		.uleb128 0x13
 1006 06b4 15        		.uleb128 0x15
 1007 06b5 5900 0000 		.long	0x59
 1008 06b9 03        		.byte	0x3
 1009 06ba 15        		.uleb128 0x15
 1010 06bb 5900 0000 		.long	0x59
 1011 06bf 03        		.byte	0x3
 1012 06c0 00        		.byte	0
 1013 06c1 05        		.uleb128 0x5
 1014 06c2 AA06 0000 		.long	0x6aa
 1015 06c6 07        		.uleb128 0x7
 1016 06c7 0000 0000 		.long	.LASF92
 1017 06cb 10        		.byte	0x10
 1018 06cc 37        		.byte	0x37
 1019 06cd 17        		.byte	0x17
 1020 06ce C106 0000 		.long	0x6c1
 1021 06d2 01        		.byte	0x1
 1022 06d3 01        		.byte	0x1
 1023 06d4 12        		.uleb128 0x12
 1024 06d5 5400 0000 		.long	0x54
 1025 06d9 DF06 0000 		.long	0x6df
 1026 06dd 13        		.uleb128 0x13
 1027 06de 00        		.byte	0
 1028 06df 05        		.uleb128 0x5
 1029 06e0 D406 0000 		.long	0x6d4
 1030 06e4 07        		.uleb128 0x7
 1031 06e5 0000 0000 		.long	.LASF93
 1032 06e9 10        		.byte	0x10
 1033 06ea 38        		.byte	0x38
 1034 06eb 17        		.byte	0x17
 1035 06ec DF06 0000 		.long	0x6df
 1036 06f0 01        		.byte	0x1
 1037 06f1 01        		.byte	0x1
 1038 06f2 03        		.uleb128 0x3
 1039 06f3 0000 0000 		.long	.LASF94
 1040 06f7 11        		.byte	0x11
 1041 06f8 27        		.byte	0x27
 1042 06f9 12        		.byte	0x12
 1043 06fa 6700 0000 		.long	0x67
 1044 06fe 07        		.uleb128 0x7
 1045 06ff 0000 0000 		.long	.LASF95
 1046 0703 11        		.byte	0x11
 1047 0704 32        		.byte	0x32
 1048 0705 16        		.byte	0x16
 1049 0706 F206 0000 		.long	0x6f2
 1050 070a 01        		.byte	0x1
 1051 070b 01        		.byte	0x1
 1052 070c 07        		.uleb128 0x7
 1053 070d 0000 0000 		.long	.LASF96
 1054 0711 11        		.byte	0x11
 1055 0712 48        		.byte	0x48
 1056 0713 16        		.byte	0x16
 1057 0714 F206 0000 		.long	0x6f2
 1058 0718 01        		.byte	0x1
 1059 0719 01        		.byte	0x1
 1060 071a 07        		.uleb128 0x7
 1061 071b 0000 0000 		.long	.LASF97
 1062 071f 12        		.byte	0x12
 1063 0720 1B        		.byte	0x1b
 1064 0721 1B        		.byte	0x1b
 1065 0722 4603 0000 		.long	0x346
 1066 0726 01        		.byte	0x1
 1067 0727 01        		.byte	0x1
 1068 0728 12        		.uleb128 0x12
 1069 0729 3500 0000 		.long	0x35
 1070 072d 3807 0000 		.long	0x738
 1071 0731 15        		.uleb128 0x15
 1072 0732 5900 0000 		.long	0x59
 1073 0736 0F        		.byte	0xf
 1074 0737 00        		.byte	0
 1075 0738 05        		.uleb128 0x5
 1076 0739 2807 0000 		.long	0x728
 1077 073d 07        		.uleb128 0x7
 1078 073e 0000 0000 		.long	.LASF98
 1079 0742 13        		.byte	0x13
 1080 0743 1A        		.byte	0x1a
 1081 0744 16        		.byte	0x16
 1082 0745 3807 0000 		.long	0x738
 1083 0749 01        		.byte	0x1
 1084 074a 01        		.byte	0x1
 1085 074b 07        		.uleb128 0x7
 1086 074c 0000 0000 		.long	.LASF99
 1087 0750 13        		.byte	0x13
 1088 0751 1B        		.byte	0x1b
 1089 0752 16        		.byte	0x16
 1090 0753 3807 0000 		.long	0x738
 1091 0757 01        		.byte	0x1
 1092 0758 01        		.byte	0x1
 1093 0759 07        		.uleb128 0x7
 1094 075a 0000 0000 		.long	.LASF100
 1095 075e 13        		.byte	0x13
 1096 075f 1C        		.byte	0x1c
 1097 0760 16        		.byte	0x16
 1098 0761 3807 0000 		.long	0x738
 1099 0765 01        		.byte	0x1
 1100 0766 01        		.byte	0x1
 1101 0767 12        		.uleb128 0x12
 1102 0768 3500 0000 		.long	0x35
 1103 076c 7707 0000 		.long	0x777
 1104 0770 15        		.uleb128 0x15
 1105 0771 5900 0000 		.long	0x59
 1106 0775 7F        		.byte	0x7f
 1107 0776 00        		.byte	0
 1108 0777 05        		.uleb128 0x5
 1109 0778 6707 0000 		.long	0x767
 1110 077c 07        		.uleb128 0x7
 1111 077d 0000 0000 		.long	.LASF101
 1112 0781 13        		.byte	0x13
 1113 0782 1D        		.byte	0x1d
 1114 0783 16        		.byte	0x16
 1115 0784 7707 0000 		.long	0x777
 1116 0788 01        		.byte	0x1
 1117 0789 01        		.byte	0x1
 1118 078a 14        		.uleb128 0x14
 1119 078b 0000 0000 		.long	.LASF102
 1120 078f 14        		.byte	0x14
 1121 0790 3801      		.word	0x138
 1122 0792 0F        		.byte	0xf
 1123 0793 8D00 0000 		.long	0x8d
 1124 0797 01        		.byte	0x1
 1125 0798 01        		.byte	0x1
 1126 0799 14        		.uleb128 0x14
 1127 079a 0000 0000 		.long	.LASF103
 1128 079e 14        		.byte	0x14
 1129 079f 3D01      		.word	0x13d
 1130 07a1 0E        		.byte	0xe
 1131 07a2 0302 0000 		.long	0x203
 1132 07a6 01        		.byte	0x1
 1133 07a7 01        		.byte	0x1
 1134 07a8 14        		.uleb128 0x14
 1135 07a9 0000 0000 		.long	.LASF104
 1136 07ad 14        		.byte	0x14
 1137 07ae 4201      		.word	0x142
 1138 07b0 0E        		.byte	0xe
 1139 07b1 0302 0000 		.long	0x203
 1140 07b5 01        		.byte	0x1
 1141 07b6 01        		.byte	0x1
 1142 07b7 00        		.byte	0
 1143               		.section	.gnu.debuglto_.debug_abbrev,"",@progbits
 1144               	.Ldebug_abbrev0:
 1145 0000 01        		.uleb128 0x1
 1146 0001 11        		.uleb128 0x11
 1147 0002 01        		.byte	0x1
 1148 0003 25        		.uleb128 0x25
 1149 0004 0E        		.uleb128 0xe
 1150 0005 13        		.uleb128 0x13
 1151 0006 0B        		.uleb128 0xb
 1152 0007 03        		.uleb128 0x3
 1153 0008 0E        		.uleb128 0xe
 1154 0009 1B        		.uleb128 0x1b
 1155 000a 0E        		.uleb128 0xe
 1156 000b 10        		.uleb128 0x10
 1157 000c 06        		.uleb128 0x6
 1158 000d 00        		.byte	0
 1159 000e 00        		.byte	0
 1160 000f 02        		.uleb128 0x2
 1161 0010 24        		.uleb128 0x24
 1162 0011 00        		.byte	0
 1163 0012 0B        		.uleb128 0xb
 1164 0013 0B        		.uleb128 0xb
 1165 0014 3E        		.uleb128 0x3e
 1166 0015 0B        		.uleb128 0xb
 1167 0016 03        		.uleb128 0x3
 1168 0017 0E        		.uleb128 0xe
 1169 0018 00        		.byte	0
 1170 0019 00        		.byte	0
 1171 001a 03        		.uleb128 0x3
 1172 001b 16        		.uleb128 0x16
 1173 001c 00        		.byte	0
 1174 001d 03        		.uleb128 0x3
 1175 001e 0E        		.uleb128 0xe
 1176 001f 3A        		.uleb128 0x3a
 1177 0020 0B        		.uleb128 0xb
 1178 0021 3B        		.uleb128 0x3b
 1179 0022 0B        		.uleb128 0xb
 1180 0023 39        		.uleb128 0x39
 1181 0024 0B        		.uleb128 0xb
 1182 0025 49        		.uleb128 0x49
 1183 0026 13        		.uleb128 0x13
 1184 0027 00        		.byte	0
 1185 0028 00        		.byte	0
 1186 0029 04        		.uleb128 0x4
 1187 002a 35        		.uleb128 0x35
 1188 002b 00        		.byte	0
 1189 002c 49        		.uleb128 0x49
 1190 002d 13        		.uleb128 0x13
 1191 002e 00        		.byte	0
 1192 002f 00        		.byte	0
 1193 0030 05        		.uleb128 0x5
 1194 0031 26        		.uleb128 0x26
 1195 0032 00        		.byte	0
 1196 0033 49        		.uleb128 0x49
 1197 0034 13        		.uleb128 0x13
 1198 0035 00        		.byte	0
 1199 0036 00        		.byte	0
 1200 0037 06        		.uleb128 0x6
 1201 0038 24        		.uleb128 0x24
 1202 0039 00        		.byte	0
 1203 003a 0B        		.uleb128 0xb
 1204 003b 0B        		.uleb128 0xb
 1205 003c 3E        		.uleb128 0x3e
 1206 003d 0B        		.uleb128 0xb
 1207 003e 03        		.uleb128 0x3
 1208 003f 08        		.uleb128 0x8
 1209 0040 00        		.byte	0
 1210 0041 00        		.byte	0
 1211 0042 07        		.uleb128 0x7
 1212 0043 34        		.uleb128 0x34
 1213 0044 00        		.byte	0
 1214 0045 03        		.uleb128 0x3
 1215 0046 0E        		.uleb128 0xe
 1216 0047 3A        		.uleb128 0x3a
 1217 0048 0B        		.uleb128 0xb
 1218 0049 3B        		.uleb128 0x3b
 1219 004a 0B        		.uleb128 0xb
 1220 004b 39        		.uleb128 0x39
 1221 004c 0B        		.uleb128 0xb
 1222 004d 49        		.uleb128 0x49
 1223 004e 13        		.uleb128 0x13
 1224 004f 3F        		.uleb128 0x3f
 1225 0050 0C        		.uleb128 0xc
 1226 0051 3C        		.uleb128 0x3c
 1227 0052 0C        		.uleb128 0xc
 1228 0053 00        		.byte	0
 1229 0054 00        		.byte	0
 1230 0055 08        		.uleb128 0x8
 1231 0056 13        		.uleb128 0x13
 1232 0057 01        		.byte	0x1
 1233 0058 0B        		.uleb128 0xb
 1234 0059 0B        		.uleb128 0xb
 1235 005a 3A        		.uleb128 0x3a
 1236 005b 0B        		.uleb128 0xb
 1237 005c 3B        		.uleb128 0x3b
 1238 005d 0B        		.uleb128 0xb
 1239 005e 39        		.uleb128 0x39
 1240 005f 0B        		.uleb128 0xb
 1241 0060 01        		.uleb128 0x1
 1242 0061 13        		.uleb128 0x13
 1243 0062 00        		.byte	0
 1244 0063 00        		.byte	0
 1245 0064 09        		.uleb128 0x9
 1246 0065 0D        		.uleb128 0xd
 1247 0066 00        		.byte	0
 1248 0067 03        		.uleb128 0x3
 1249 0068 0E        		.uleb128 0xe
 1250 0069 3A        		.uleb128 0x3a
 1251 006a 0B        		.uleb128 0xb
 1252 006b 3B        		.uleb128 0x3b
 1253 006c 0B        		.uleb128 0xb
 1254 006d 39        		.uleb128 0x39
 1255 006e 0B        		.uleb128 0xb
 1256 006f 49        		.uleb128 0x49
 1257 0070 13        		.uleb128 0x13
 1258 0071 38        		.uleb128 0x38
 1259 0072 0A        		.uleb128 0xa
 1260 0073 00        		.byte	0
 1261 0074 00        		.byte	0
 1262 0075 0A        		.uleb128 0xa
 1263 0076 0F        		.uleb128 0xf
 1264 0077 00        		.byte	0
 1265 0078 0B        		.uleb128 0xb
 1266 0079 0B        		.uleb128 0xb
 1267 007a 00        		.byte	0
 1268 007b 00        		.byte	0
 1269 007c 0B        		.uleb128 0xb
 1270 007d 13        		.uleb128 0x13
 1271 007e 01        		.byte	0x1
 1272 007f 03        		.uleb128 0x3
 1273 0080 0E        		.uleb128 0xe
 1274 0081 0B        		.uleb128 0xb
 1275 0082 0B        		.uleb128 0xb
 1276 0083 3A        		.uleb128 0x3a
 1277 0084 0B        		.uleb128 0xb
 1278 0085 3B        		.uleb128 0x3b
 1279 0086 0B        		.uleb128 0xb
 1280 0087 39        		.uleb128 0x39
 1281 0088 0B        		.uleb128 0xb
 1282 0089 01        		.uleb128 0x1
 1283 008a 13        		.uleb128 0x13
 1284 008b 00        		.byte	0
 1285 008c 00        		.byte	0
 1286 008d 0C        		.uleb128 0xc
 1287 008e 0D        		.uleb128 0xd
 1288 008f 00        		.byte	0
 1289 0090 03        		.uleb128 0x3
 1290 0091 08        		.uleb128 0x8
 1291 0092 3A        		.uleb128 0x3a
 1292 0093 0B        		.uleb128 0xb
 1293 0094 3B        		.uleb128 0x3b
 1294 0095 0B        		.uleb128 0xb
 1295 0096 39        		.uleb128 0x39
 1296 0097 0B        		.uleb128 0xb
 1297 0098 49        		.uleb128 0x49
 1298 0099 13        		.uleb128 0x13
 1299 009a 38        		.uleb128 0x38
 1300 009b 0A        		.uleb128 0xa
 1301 009c 00        		.byte	0
 1302 009d 00        		.byte	0
 1303 009e 0D        		.uleb128 0xd
 1304 009f 0D        		.uleb128 0xd
 1305 00a0 00        		.byte	0
 1306 00a1 03        		.uleb128 0x3
 1307 00a2 0E        		.uleb128 0xe
 1308 00a3 3A        		.uleb128 0x3a
 1309 00a4 0B        		.uleb128 0xb
 1310 00a5 3B        		.uleb128 0x3b
 1311 00a6 05        		.uleb128 0x5
 1312 00a7 39        		.uleb128 0x39
 1313 00a8 0B        		.uleb128 0xb
 1314 00a9 49        		.uleb128 0x49
 1315 00aa 13        		.uleb128 0x13
 1316 00ab 38        		.uleb128 0x38
 1317 00ac 0A        		.uleb128 0xa
 1318 00ad 00        		.byte	0
 1319 00ae 00        		.byte	0
 1320 00af 0E        		.uleb128 0xe
 1321 00b0 0D        		.uleb128 0xd
 1322 00b1 00        		.byte	0
 1323 00b2 03        		.uleb128 0x3
 1324 00b3 08        		.uleb128 0x8
 1325 00b4 3A        		.uleb128 0x3a
 1326 00b5 0B        		.uleb128 0xb
 1327 00b6 3B        		.uleb128 0x3b
 1328 00b7 05        		.uleb128 0x5
 1329 00b8 39        		.uleb128 0x39
 1330 00b9 0B        		.uleb128 0xb
 1331 00ba 49        		.uleb128 0x49
 1332 00bb 13        		.uleb128 0x13
 1333 00bc 38        		.uleb128 0x38
 1334 00bd 0A        		.uleb128 0xa
 1335 00be 00        		.byte	0
 1336 00bf 00        		.byte	0
 1337 00c0 0F        		.uleb128 0xf
 1338 00c1 0F        		.uleb128 0xf
 1339 00c2 00        		.byte	0
 1340 00c3 0B        		.uleb128 0xb
 1341 00c4 0B        		.uleb128 0xb
 1342 00c5 49        		.uleb128 0x49
 1343 00c6 13        		.uleb128 0x13
 1344 00c7 00        		.byte	0
 1345 00c8 00        		.byte	0
 1346 00c9 10        		.uleb128 0x10
 1347 00ca 15        		.uleb128 0x15
 1348 00cb 01        		.byte	0x1
 1349 00cc 27        		.uleb128 0x27
 1350 00cd 0C        		.uleb128 0xc
 1351 00ce 49        		.uleb128 0x49
 1352 00cf 13        		.uleb128 0x13
 1353 00d0 01        		.uleb128 0x1
 1354 00d1 13        		.uleb128 0x13
 1355 00d2 00        		.byte	0
 1356 00d3 00        		.byte	0
 1357 00d4 11        		.uleb128 0x11
 1358 00d5 05        		.uleb128 0x5
 1359 00d6 00        		.byte	0
 1360 00d7 49        		.uleb128 0x49
 1361 00d8 13        		.uleb128 0x13
 1362 00d9 00        		.byte	0
 1363 00da 00        		.byte	0
 1364 00db 12        		.uleb128 0x12
 1365 00dc 01        		.uleb128 0x1
 1366 00dd 01        		.byte	0x1
 1367 00de 49        		.uleb128 0x49
 1368 00df 13        		.uleb128 0x13
 1369 00e0 01        		.uleb128 0x1
 1370 00e1 13        		.uleb128 0x13
 1371 00e2 00        		.byte	0
 1372 00e3 00        		.byte	0
 1373 00e4 13        		.uleb128 0x13
 1374 00e5 21        		.uleb128 0x21
 1375 00e6 00        		.byte	0
 1376 00e7 00        		.byte	0
 1377 00e8 00        		.byte	0
 1378 00e9 14        		.uleb128 0x14
 1379 00ea 34        		.uleb128 0x34
 1380 00eb 00        		.byte	0
 1381 00ec 03        		.uleb128 0x3
 1382 00ed 0E        		.uleb128 0xe
 1383 00ee 3A        		.uleb128 0x3a
 1384 00ef 0B        		.uleb128 0xb
 1385 00f0 3B        		.uleb128 0x3b
 1386 00f1 05        		.uleb128 0x5
 1387 00f2 39        		.uleb128 0x39
 1388 00f3 0B        		.uleb128 0xb
 1389 00f4 49        		.uleb128 0x49
 1390 00f5 13        		.uleb128 0x13
 1391 00f6 3F        		.uleb128 0x3f
 1392 00f7 0C        		.uleb128 0xc
 1393 00f8 3C        		.uleb128 0x3c
 1394 00f9 0C        		.uleb128 0xc
 1395 00fa 00        		.byte	0
 1396 00fb 00        		.byte	0
 1397 00fc 15        		.uleb128 0x15
 1398 00fd 21        		.uleb128 0x21
 1399 00fe 00        		.byte	0
 1400 00ff 49        		.uleb128 0x49
 1401 0100 13        		.uleb128 0x13
 1402 0101 2F        		.uleb128 0x2f
 1403 0102 0B        		.uleb128 0xb
 1404 0103 00        		.byte	0
 1405 0104 00        		.byte	0
 1406 0105 16        		.uleb128 0x16
 1407 0106 17        		.uleb128 0x17
 1408 0107 01        		.byte	0x1
 1409 0108 0B        		.uleb128 0xb
 1410 0109 0B        		.uleb128 0xb
 1411 010a 3A        		.uleb128 0x3a
 1412 010b 0B        		.uleb128 0xb
 1413 010c 3B        		.uleb128 0x3b
 1414 010d 0B        		.uleb128 0xb
 1415 010e 39        		.uleb128 0x39
 1416 010f 0B        		.uleb128 0xb
 1417 0110 01        		.uleb128 0x1
 1418 0111 13        		.uleb128 0x13
 1419 0112 00        		.byte	0
 1420 0113 00        		.byte	0
 1421 0114 17        		.uleb128 0x17
 1422 0115 0D        		.uleb128 0xd
 1423 0116 00        		.byte	0
 1424 0117 03        		.uleb128 0x3
 1425 0118 08        		.uleb128 0x8
 1426 0119 3A        		.uleb128 0x3a
 1427 011a 0B        		.uleb128 0xb
 1428 011b 3B        		.uleb128 0x3b
 1429 011c 0B        		.uleb128 0xb
 1430 011d 39        		.uleb128 0x39
 1431 011e 0B        		.uleb128 0xb
 1432 011f 49        		.uleb128 0x49
 1433 0120 13        		.uleb128 0x13
 1434 0121 00        		.byte	0
 1435 0122 00        		.byte	0
 1436 0123 18        		.uleb128 0x18
 1437 0124 0D        		.uleb128 0xd
 1438 0125 00        		.byte	0
 1439 0126 49        		.uleb128 0x49
 1440 0127 13        		.uleb128 0x13
 1441 0128 00        		.byte	0
 1442 0129 00        		.byte	0
 1443 012a 19        		.uleb128 0x19
 1444 012b 0D        		.uleb128 0xd
 1445 012c 00        		.byte	0
 1446 012d 03        		.uleb128 0x3
 1447 012e 0E        		.uleb128 0xe
 1448 012f 3A        		.uleb128 0x3a
 1449 0130 0B        		.uleb128 0xb
 1450 0131 3B        		.uleb128 0x3b
 1451 0132 0B        		.uleb128 0xb
 1452 0133 39        		.uleb128 0x39
 1453 0134 0B        		.uleb128 0xb
 1454 0135 49        		.uleb128 0x49
 1455 0136 13        		.uleb128 0x13
 1456 0137 00        		.byte	0
 1457 0138 00        		.byte	0
 1458 0139 1A        		.uleb128 0x1a
 1459 013a 15        		.uleb128 0x15
 1460 013b 01        		.byte	0x1
 1461 013c 27        		.uleb128 0x27
 1462 013d 0C        		.uleb128 0xc
 1463 013e 01        		.uleb128 0x1
 1464 013f 13        		.uleb128 0x13
 1465 0140 00        		.byte	0
 1466 0141 00        		.byte	0
 1467 0142 1B        		.uleb128 0x1b
 1468 0143 0D        		.uleb128 0xd
 1469 0144 00        		.byte	0
 1470 0145 03        		.uleb128 0x3
 1471 0146 0E        		.uleb128 0xe
 1472 0147 3A        		.uleb128 0x3a
 1473 0148 0B        		.uleb128 0xb
 1474 0149 3B        		.uleb128 0x3b
 1475 014a 0B        		.uleb128 0xb
 1476 014b 39        		.uleb128 0x39
 1477 014c 0B        		.uleb128 0xb
 1478 014d 49        		.uleb128 0x49
 1479 014e 13        		.uleb128 0x13
 1480 014f 0B        		.uleb128 0xb
 1481 0150 0B        		.uleb128 0xb
 1482 0151 0D        		.uleb128 0xd
 1483 0152 0B        		.uleb128 0xb
 1484 0153 0C        		.uleb128 0xc
 1485 0154 0B        		.uleb128 0xb
 1486 0155 38        		.uleb128 0x38
 1487 0156 0A        		.uleb128 0xa
 1488 0157 00        		.byte	0
 1489 0158 00        		.byte	0
 1490 0159 1C        		.uleb128 0x1c
 1491 015a 04        		.uleb128 0x4
 1492 015b 01        		.byte	0x1
 1493 015c 3E        		.uleb128 0x3e
 1494 015d 0B        		.uleb128 0xb
 1495 015e 0B        		.uleb128 0xb
 1496 015f 0B        		.uleb128 0xb
 1497 0160 49        		.uleb128 0x49
 1498 0161 13        		.uleb128 0x13
 1499 0162 3A        		.uleb128 0x3a
 1500 0163 0B        		.uleb128 0xb
 1501 0164 3B        		.uleb128 0x3b
 1502 0165 0B        		.uleb128 0xb
 1503 0166 39        		.uleb128 0x39
 1504 0167 0B        		.uleb128 0xb
 1505 0168 01        		.uleb128 0x1
 1506 0169 13        		.uleb128 0x13
 1507 016a 00        		.byte	0
 1508 016b 00        		.byte	0
 1509 016c 1D        		.uleb128 0x1d
 1510 016d 28        		.uleb128 0x28
 1511 016e 00        		.byte	0
 1512 016f 03        		.uleb128 0x3
 1513 0170 0E        		.uleb128 0xe
 1514 0171 1C        		.uleb128 0x1c
 1515 0172 0B        		.uleb128 0xb
 1516 0173 00        		.byte	0
 1517 0174 00        		.byte	0
 1518 0175 1E        		.uleb128 0x1e
 1519 0176 04        		.uleb128 0x4
 1520 0177 01        		.byte	0x1
 1521 0178 03        		.uleb128 0x3
 1522 0179 0E        		.uleb128 0xe
 1523 017a 3E        		.uleb128 0x3e
 1524 017b 0B        		.uleb128 0xb
 1525 017c 0B        		.uleb128 0xb
 1526 017d 0B        		.uleb128 0xb
 1527 017e 49        		.uleb128 0x49
 1528 017f 13        		.uleb128 0x13
 1529 0180 3A        		.uleb128 0x3a
 1530 0181 0B        		.uleb128 0xb
 1531 0182 3B        		.uleb128 0x3b
 1532 0183 0B        		.uleb128 0xb
 1533 0184 39        		.uleb128 0x39
 1534 0185 0B        		.uleb128 0xb
 1535 0186 01        		.uleb128 0x1
 1536 0187 13        		.uleb128 0x13
 1537 0188 00        		.byte	0
 1538 0189 00        		.byte	0
 1539 018a 00        		.byte	0
 1540               		.section	.gnu.debuglto_.debug_line,"",@progbits
 1541               	.Ldebug_line0:
 1542 0000 3102 0000 		.long	.LELT0-.LSLT0
 1543               	.LSLT0:
 1544 0004 0200      		.word	0x2
 1545 0006 2B02 0000 		.long	.LELTP0-.LASLTP0
 1546               	.LASLTP0:
 1547 000a 01        		.byte	0x1
 1548 000b 01        		.byte	0x1
 1549 000c F6        		.byte	0xf6
 1550 000d F2        		.byte	0xf2
 1551 000e 0D        		.byte	0xd
 1552 000f 00        		.byte	0
 1553 0010 01        		.byte	0x1
 1554 0011 01        		.byte	0x1
 1555 0012 01        		.byte	0x1
 1556 0013 01        		.byte	0x1
 1557 0014 00        		.byte	0
 1558 0015 00        		.byte	0
 1559 0016 00        		.byte	0
 1560 0017 01        		.byte	0x1
 1561 0018 00        		.byte	0
 1562 0019 00        		.byte	0
 1563 001a 01        		.byte	0x1
 1564 001b 653A 5C67 		.ascii	"e:\\game\\msys2\\mingw64\\avr\\include"
 1564      616D 655C 
 1564      6D73 7973 
 1564      325C 6D69 
 1564      6E67 7736 
 1565 003c 00        		.byte	0
 1566 003d 653A 5C67 		.ascii	"e:\\game\\msys2\\mingw64\\lib\\gcc\\avr\\8.4.0\\include"
 1566      616D 655C 
 1566      6D73 7973 
 1566      325C 6D69 
 1566      6E67 7736 
 1567 006c 00        		.byte	0
 1568 006d 6C69 622F 		.ascii	"lib/lufa/LUFA/Drivers/USB/Core"
 1568      6C75 6661 
 1568      2F4C 5546 
 1568      412F 4472 
 1568      6976 6572 
 1569 008b 00        		.byte	0
 1570 008c 6C69 622F 		.ascii	"lib/lufa/LUFA/Drivers/USB/Core/AVR8/.."
 1570      6C75 6661 
 1570      2F4C 5546 
 1570      412F 4472 
 1570      6976 6572 
 1571 00b2 00        		.byte	0
 1572 00b3 746D 6B5F 		.ascii	"tmk_core/common"
 1572      636F 7265 
 1572      2F63 6F6D 
 1572      6D6F 6E
 1573 00c2 00        		.byte	0
 1574 00c3 746D 6B5F 		.ascii	"tmk_core/common/avr"
 1574      636F 7265 
 1574      2F63 6F6D 
 1574      6D6F 6E2F 
 1574      6176 72
 1575 00d6 00        		.byte	0
 1576 00d7 7175 616E 		.ascii	"quantum"
 1576      7475 6D
 1577 00de 00        		.byte	0
 1578 00df 7175 616E 		.ascii	"quantum/sequencer"
 1578      7475 6D2F 
 1578      7365 7175 
 1578      656E 6365 
 1578      72
 1579 00f0 00        		.byte	0
 1580 00f1 00        		.byte	0
 1581 00f2 7374 6469 		.string	"stdint.h"
 1581      6E74 2E68 
 1581      00
 1582 00fb 01        		.uleb128 0x1
 1583 00fc 00        		.uleb128 0
 1584 00fd 00        		.uleb128 0
 1585 00fe 7374 6464 		.string	"stddef.h"
 1585      6566 2E68 
 1585      00
 1586 0107 02        		.uleb128 0x2
 1587 0108 00        		.uleb128 0
 1588 0109 00        		.uleb128 0
 1589 010a 4156 5238 		.string	"AVR8/../StdRequestType.h"
 1589      2F2E 2E2F 
 1589      5374 6452 
 1589      6571 7565 
 1589      7374 5479 
 1590 0123 03        		.uleb128 0x3
 1591 0124 00        		.uleb128 0
 1592 0125 00        		.uleb128 0
 1593 0126 6163 7469 		.string	"action.h"
 1593      6F6E 2E68 
 1593      00
 1594 012f 05        		.uleb128 0x5
 1595 0130 00        		.uleb128 0
 1596 0131 00        		.uleb128 0
 1597 0132 4156 5238 		.string	"AVR8/../DeviceStandardReq.h"
 1597      2F2E 2E2F 
 1597      4465 7669 
 1597      6365 5374 
 1597      616E 6461 
 1598 014e 03        		.uleb128 0x3
 1599 014f 00        		.uleb128 0
 1600 0150 00        		.uleb128 0
 1601 0151 5553 4254 		.string	"USBTask.h"
 1601      6173 6B2E 
 1601      6800 
 1602 015b 03        		.uleb128 0x3
 1603 015c 00        		.uleb128 0
 1604 015d 00        		.uleb128 0
 1605 015e 486F 7374 		.string	"HostStandardReq.h"
 1605      5374 616E 
 1605      6461 7264 
 1605      5265 712E 
 1605      6800 
 1606 0170 03        		.uleb128 0x3
 1607 0171 00        		.uleb128 0
 1608 0172 00        		.uleb128 0
 1609 0173 7374 6469 		.string	"stdio.h"
 1609      6F2E 6800 
 1610 017b 01        		.uleb128 0x1
 1611 017c 00        		.uleb128 0
 1612 017d 00        		.uleb128 0
 1613 017e 7265 706F 		.string	"report.h"
 1613      7274 2E68 
 1613      00
 1614 0187 05        		.uleb128 0x5
 1615 0188 00        		.uleb128 0
 1616 0189 00        		.uleb128 0
 1617 018a 686F 7374 		.string	"host.h"
 1617      2E68 00
 1618 0191 05        		.uleb128 0x5
 1619 0192 00        		.uleb128 0
 1620 0193 00        		.uleb128 0
 1621 0194 6176 722F 		.string	"avr/xprintf.h"
 1621      7870 7269 
 1621      6E74 662E 
 1621      6800 
 1622 01a2 05        		.uleb128 0x5
 1623 01a3 00        		.uleb128 0
 1624 01a4 00        		.uleb128 0
 1625 01a5 6465 6275 		.string	"debug.h"
 1625      672E 6800 
 1626 01ad 05        		.uleb128 0x5
 1627 01ae 00        		.uleb128 0
 1628 01af 00        		.uleb128 0
 1629 01b0 6B65 7963 		.string	"keycode_config.h"
 1629      6F64 655F 
 1629      636F 6E66 
 1629      6967 2E68 
 1629      00
 1630 01c1 07        		.uleb128 0x7
 1631 01c2 00        		.uleb128 0
 1632 01c3 00        		.uleb128 0
 1633 01c4 7469 6D65 		.string	"timer.h"
 1633      722E 6800 
 1634 01cc 05        		.uleb128 0x5
 1635 01cd 00        		.uleb128 0
 1636 01ce 00        		.uleb128 0
 1637 01cf 7365 7175 		.string	"sequencer/sequencer.h"
 1637      656E 6365 
 1637      722F 7365 
 1637      7175 656E 
 1637      6365 722E 
 1638 01e5 07        		.uleb128 0x7
 1639 01e6 00        		.uleb128 0
 1640 01e7 00        		.uleb128 0
 1641 01e8 6B65 796D 		.string	"keymap.h"
 1641      6170 2E68 
 1641      00
 1642 01f1 07        		.uleb128 0x7
 1643 01f2 00        		.uleb128 0
 1644 01f3 00        		.uleb128 0
 1645 01f4 6163 7469 		.string	"action_layer.h"
 1645      6F6E 5F6C 
 1645      6179 6572 
 1645      2E68 00
 1646 0203 05        		.uleb128 0x5
 1647 0204 00        		.uleb128 0
 1648 0205 00        		.uleb128 0
 1649 0206 6163 7469 		.string	"action_util.h"
 1649      6F6E 5F75 
 1649      7469 6C2E 
 1649      6800 
 1650 0214 05        		.uleb128 0x5
 1651 0215 00        		.uleb128 0
 1652 0216 00        		.uleb128 0
 1653 0217 7365 6E64 		.string	"send_string.h"
 1653      5F73 7472 
 1653      696E 672E 
 1653      6800 
 1654 0225 07        		.uleb128 0x7
 1655 0226 00        		.uleb128 0
 1656 0227 00        		.uleb128 0
 1657 0228 7374 646C 		.string	"stdlib.h"
 1657      6962 2E68 
 1657      00
 1658 0231 01        		.uleb128 0x1
 1659 0232 00        		.uleb128 0
 1660 0233 00        		.uleb128 0
 1661 0234 00        		.byte	0
 1662               	.LELTP0:
 1663               	.LELT0:
 1664               		.section	.gnu.debuglto_.debug_str,"MS",@progbits,1
 1665               	.LASF83:
 1666 0000 7365 7175 		.string	"sequencer_phase_t"
 1666      656E 6365 
 1666      725F 7068 
 1666      6173 655F 
 1666      7400 
 1667               	.LASF50:
 1668 0012 7377 6170 		.string	"swap_control_capslock"
 1668      5F63 6F6E 
 1668      7472 6F6C 
 1668      5F63 6170 
 1668      736C 6F63 
 1669               	.LASF53:
 1670 0028 7377 6170 		.string	"swap_ralt_rgui"
 1670      5F72 616C 
 1670      745F 7267 
 1670      7569 00
 1671               	.LASF13:
 1672 0037 6252 6571 		.string	"bRequest"
 1672      7565 7374 
 1672      00
 1673               	.LASF10:
 1674 0040 7369 7A65 		.string	"size_t"
 1674      5F74 00
 1675               	.LASF103:
 1676 0047 5F5F 6D61 		.string	"__malloc_heap_start"
 1676      6C6C 6F63 
 1676      5F68 6561 
 1676      705F 7374 
 1676      6172 7400 
 1677               	.LASF51:
 1678 005b 6361 7073 		.string	"capslock_to_control"
 1678      6C6F 636B 
 1678      5F74 6F5F 
 1678      636F 6E74 
 1678      726F 6C00 
 1679               	.LASF88:
 1680 006f 7068 6173 		.string	"phase"
 1680      6500 
 1681               	.LASF8:
 1682 0075 6C6F 6E67 		.string	"long long int"
 1682      206C 6F6E 
 1682      6720 696E 
 1682      7400 
 1683               	.LASF48:
 1684 0083 6465 6275 		.string	"debug_config_t"
 1684      675F 636F 
 1684      6E66 6967 
 1684      5F74 00
 1685               	.LASF59:
 1686 0092 6F6E 6573 		.string	"oneshot_disable"
 1686      686F 745F 
 1686      6469 7361 
 1686      626C 6500 
 1687               	.LASF94:
 1688 00a2 6C61 7965 		.string	"layer_state_t"
 1688      725F 7374 
 1688      6174 655F 
 1688      7400 
 1689               	.LASF62:
 1690 00b0 7469 6D65 		.string	"timer_count"
 1690      725F 636F 
 1690      756E 7400 
 1691               	.LASF102:
 1692 00bc 5F5F 6D61 		.string	"__malloc_margin"
 1692      6C6C 6F63 
 1692      5F6D 6172 
 1692      6769 6E00 
 1693               	.LASF25:
 1694 00cc 5553 425F 		.string	"USB_Host_ConfigurationNumber"
 1694      486F 7374 
 1694      5F43 6F6E 
 1694      6669 6775 
 1694      7261 7469 
 1695               	.LASF32:
 1696 00e9 6D6F 6473 		.string	"mods"
 1696      00
 1697               	.LASF26:
 1698 00ee 756E 6765 		.string	"unget"
 1698      7400 
 1699               	.LASF44:
 1700 00f4 656E 6162 		.string	"enable"
 1700      6C65 00
 1701               	.LASF87:
 1702 00fb 7469 6D65 		.string	"timer"
 1702      7200 
 1703               	.LASF19:
 1704 0101 5553 425F 		.string	"USB_Device_ConfigurationNumber"
 1704      4465 7669 
 1704      6365 5F43 
 1704      6F6E 6669 
 1704      6775 7261 
 1705               	.LASF60:
 1706 0120 6B65 796D 		.string	"keymap_config_t"
 1706      6170 5F63 
 1706      6F6E 6669 
 1706      675F 7400 
 1707               	.LASF84:
 1708 0130 6163 7469 		.string	"active_tracks"
 1708      7665 5F74 
 1708      7261 636B 
 1708      7300 
 1709               	.LASF85:
 1710 013e 6375 7272 		.string	"current_track"
 1710      656E 745F 
 1710      7472 6163 
 1710      6B00 
 1711               	.LASF99:
 1712 014c 6173 6369 		.string	"ascii_to_altgr_lut"
 1712      695F 746F 
 1712      5F61 6C74 
 1712      6772 5F6C 
 1712      7574 00
 1713               	.LASF86:
 1714 015f 6375 7272 		.string	"current_step"
 1714      656E 745F 
 1714      7374 6570 
 1714      00
 1715               	.LASF72:
 1716 016c 5345 5155 		.string	"SEQUENCER_RESOLUTIONS"
 1716      454E 4345 
 1716      525F 5245 
 1716      534F 4C55 
 1716      5449 4F4E 
 1717               	.LASF52:
 1718 0182 7377 6170 		.string	"swap_lalt_lgui"
 1718      5F6C 616C 
 1718      745F 6C67 
 1718      7569 00
 1719               	.LASF90:
 1720 0191 7365 7175 		.string	"sequencer_config"
 1720      656E 6365 
 1720      725F 636F 
 1720      6E66 6967 
 1720      00
 1721               	.LASF56:
 1722 01a2 7377 6170 		.string	"swap_backslash_backspace"
 1722      5F62 6163 
 1722      6B73 6C61 
 1722      7368 5F62 
 1722      6163 6B73 
 1723               	.LASF64:
 1724 01bb 5351 5F52 		.string	"SQ_RES_2T"
 1724      4553 5F32 
 1724      5400 
 1725               	.LASF81:
 1726 01c5 5345 5155 		.string	"SEQUENCER_PHASE_RELEASE"
 1726      454E 4345 
 1726      525F 5048 
 1726      4153 455F 
 1726      5245 4C45 
 1727               	.LASF9:
 1728 01dd 6C6F 6E67 		.string	"long long unsigned int"
 1728      206C 6F6E 
 1728      6720 756E 
 1728      7369 676E 
 1728      6564 2069 
 1729               	.LASF38:
 1730 01f4 6269 7473 		.string	"bits"
 1730      00
 1731               	.LASF23:
 1732 01f9 5553 425F 		.string	"USB_ControlRequest"
 1732      436F 6E74 
 1732      726F 6C52 
 1732      6571 7565 
 1732      7374 00
 1733               	.LASF105:
 1734 020c 474E 5520 		.string	"GNU C99 8.4.0 -mn-flash=1 -mno-skip-bug -mmcu=avr5 -gdwarf-2 -Os -std=gnu99 -funsigned-ch
 1734      4339 3920 
 1734      382E 342E 
 1734      3020 2D6D 
 1734      6E2D 666C 
 1735               	.LASF5:
 1736 02fd 6C6F 6E67 		.string	"long int"
 1736      2069 6E74 
 1736      00
 1737               	.LASF24:
 1738 0306 5553 425F 		.string	"USB_DeviceState"
 1738      4465 7669 
 1738      6365 5374 
 1738      6174 6500 
 1739               	.LASF43:
 1740 0316 7866 756E 		.string	"xfunc_out"
 1740      635F 6F75 
 1740      7400 
 1741               	.LASF55:
 1742 0320 7377 6170 		.string	"swap_grave_esc"
 1742      5F67 7261 
 1742      7665 5F65 
 1742      7363 00
 1743               	.LASF80:
 1744 032f 5345 5155 		.string	"SEQUENCER_PHASE_ATTACK"
 1744      454E 4345 
 1744      525F 5048 
 1744      4153 455F 
 1744      4154 5441 
 1745               	.LASF22:
 1746 0346 5553 425F 		.string	"USB_IsInitialized"
 1746      4973 496E 
 1746      6974 6961 
 1746      6C69 7A65 
 1746      6400 
 1747               	.LASF14:
 1748 0358 7756 616C 		.string	"wValue"
 1748      7565 00
 1749               	.LASF70:
 1750 035f 5351 5F52 		.string	"SQ_RES_16T"
 1750      4553 5F31 
 1750      3654 00
 1751               	.LASF71:
 1752 036a 5351 5F52 		.string	"SQ_RES_32"
 1752      4553 5F33 
 1752      3200 
 1753               	.LASF17:
 1754 0374 5553 425F 		.string	"USB_Request_Header_t"
 1754      5265 7175 
 1754      6573 745F 
 1754      4865 6164 
 1754      6572 5F74 
 1755               	.LASF73:
 1756 0389 7365 7175 		.string	"sequencer_resolution_t"
 1756      656E 6365 
 1756      725F 7265 
 1756      736F 6C75 
 1756      7469 6F6E 
 1757               	.LASF34:
 1758 03a0 6B65 7973 		.string	"keys"
 1758      00
 1759               	.LASF20:
 1760 03a5 5553 425F 		.string	"USB_Device_RemoteWakeupEnabled"
 1760      4465 7669 
 1760      6365 5F52 
 1760      656D 6F74 
 1760      6557 616B 
 1761               	.LASF1:
 1762 03c4 756E 7369 		.string	"unsigned char"
 1762      676E 6564 
 1762      2063 6861 
 1762      7200 
 1763               	.LASF41:
 1764 03d2 6B65 7962 		.string	"keyboard_idle"
 1764      6F61 7264 
 1764      5F69 646C 
 1764      6500 
 1765               	.LASF35:
 1766 03e0 5F5F 6669 		.string	"__file"
 1766      6C65 00
 1767               	.LASF0:
 1768 03e7 7369 676E 		.string	"signed char"
 1768      6564 2063 
 1768      6861 7200 
 1769               	.LASF27:
 1770 03f3 666C 6167 		.string	"flags"
 1770      7300 
 1771               	.LASF33:
 1772 03f9 7265 7365 		.string	"reserved"
 1772      7276 6564 
 1772      00
 1773               	.LASF6:
 1774 0402 7569 6E74 		.string	"uint32_t"
 1774      3332 5F74 
 1774      00
 1775               	.LASF4:
 1776 040b 756E 7369 		.string	"unsigned int"
 1776      676E 6564 
 1776      2069 6E74 
 1776      00
 1777               	.LASF3:
 1778 0418 7569 6E74 		.string	"uint16_t"
 1778      3136 5F74 
 1778      00
 1779               	.LASF7:
 1780 0421 6C6F 6E67 		.string	"long unsigned int"
 1780      2075 6E73 
 1780      6967 6E65 
 1780      6420 696E 
 1780      7400 
 1781               	.LASF63:
 1782 0433 5351 5F52 		.string	"SQ_RES_2"
 1782      4553 5F32 
 1782      00
 1783               	.LASF47:
 1784 043c 6D6F 7573 		.string	"mouse"
 1784      6500 
 1785               	.LASF65:
 1786 0442 5351 5F52 		.string	"SQ_RES_4"
 1786      4553 5F34 
 1786      00
 1787               	.LASF75:
 1788 044b 7374 6570 		.string	"steps"
 1788      7300 
 1789               	.LASF67:
 1790 0451 5351 5F52 		.string	"SQ_RES_8"
 1790      4553 5F38 
 1790      00
 1791               	.LASF93:
 1792 045a 666E 5F61 		.string	"fn_actions"
 1792      6374 696F 
 1792      6E73 00
 1793               	.LASF29:
 1794 0465 7564 6174 		.string	"udata"
 1794      6100 
 1795               	.LASF95:
 1796 046b 6465 6661 		.string	"default_layer_state"
 1796      756C 745F 
 1796      6C61 7965 
 1796      725F 7374 
 1796      6174 6500 
 1797               	.LASF30:
 1798 047f 6368 6172 		.string	"char"
 1798      00
 1799               	.LASF42:
 1800 0484 6B65 7962 		.string	"keyboard_protocol"
 1800      6F61 7264 
 1800      5F70 726F 
 1800      746F 636F 
 1800      6C00 
 1801               	.LASF46:
 1802 0496 6B65 7962 		.string	"keyboard"
 1802      6F61 7264 
 1802      00
 1803               	.LASF100:
 1804 049f 6173 6369 		.string	"ascii_to_dead_lut"
 1804      695F 746F 
 1804      5F64 6561 
 1804      645F 6C75 
 1804      7400 
 1805               	.LASF58:
 1806 04b1 7377 6170 		.string	"swap_rctl_rgui"
 1806      5F72 6374 
 1806      6C5F 7267 
 1806      7569 00
 1807               	.LASF78:
 1808 04c0 7265 736F 		.string	"resolution"
 1808      6C75 7469 
 1808      6F6E 00
 1809               	.LASF82:
 1810 04cb 5345 5155 		.string	"SEQUENCER_PHASE_PAUSE"
 1810      454E 4345 
 1810      525F 5048 
 1810      4153 455F 
 1810      5041 5553 
 1811               	.LASF92:
 1812 04e1 6B65 796D 		.string	"keymaps"
 1812      6170 7300 
 1813               	.LASF91:
 1814 04e9 7365 7175 		.string	"sequencer_internal_state"
 1814      656E 6365 
 1814      725F 696E 
 1814      7465 726E 
 1814      616C 5F73 
 1815               	.LASF11:
 1816 0502 5F42 6F6F 		.string	"_Bool"
 1816      6C00 
 1817               	.LASF12:
 1818 0508 626D 5265 		.string	"bmRequestType"
 1818      7175 6573 
 1818      7454 7970 
 1818      6500 
 1819               	.LASF49:
 1820 0516 6465 6275 		.string	"debug_config"
 1820      675F 636F 
 1820      6E66 6967 
 1820      00
 1821               	.LASF77:
 1822 0523 7465 6D70 		.string	"tempo"
 1822      6F00 
 1823               	.LASF61:
 1824 0529 6B65 796D 		.string	"keymap_config"
 1824      6170 5F63 
 1824      6F6E 6669 
 1824      6700 
 1825               	.LASF18:
 1826 0537 6469 7361 		.string	"disable_action_cache"
 1826      626C 655F 
 1826      6163 7469 
 1826      6F6E 5F63 
 1826      6163 6865 
 1827               	.LASF39:
 1828 054c 6E6B 726F 		.string	"nkro"
 1828      00
 1829               	.LASF74:
 1830 0551 656E 6162 		.string	"enabled"
 1830      6C65 6400 
 1831               	.LASF98:
 1832 0559 6173 6369 		.string	"ascii_to_shift_lut"
 1832      695F 746F 
 1832      5F73 6869 
 1832      6674 5F6C 
 1832      7574 00
 1833               	.LASF28:
 1834 056c 7369 7A65 		.string	"size"
 1834      00
 1835               	.LASF89:
 1836 0571 7365 7175 		.string	"sequencer_state_t"
 1836      656E 6365 
 1836      725F 7374 
 1836      6174 655F 
 1836      7400 
 1837               	.LASF79:
 1838 0583 7365 7175 		.string	"sequencer_config_t"
 1838      656E 6365 
 1838      725F 636F 
 1838      6E66 6967 
 1838      5F74 00
 1839               	.LASF21:
 1840 0596 5553 425F 		.string	"USB_Device_CurrentlySelfPowered"
 1840      4465 7669 
 1840      6365 5F43 
 1840      7572 7265 
 1840      6E74 6C79 
 1841               	.LASF106:
 1842 05b6 6B65 7962 		.string	"keyboards/1upkeyboards/sweet16/sweet16.c"
 1842      6F61 7264 
 1842      732F 3175 
 1842      706B 6579 
 1842      626F 6172 
 1843               	.LASF107:
 1844 05df 443A 5C44 		.string	"D:\\Download\\qmk_firmware\\vial-qmk"
 1844      6F77 6E6C 
 1844      6F61 645C 
 1844      716D 6B5F 
 1844      6669 726D 
 1845               	.LASF104:
 1846 0601 5F5F 6D61 		.string	"__malloc_heap_end"
 1846      6C6C 6F63 
 1846      5F68 6561 
 1846      705F 656E 
 1846      6400 
 1847               	.LASF2:
 1848 0613 7569 6E74 		.string	"uint8_t"
 1848      385F 7400 
 1849               	.LASF54:
 1850 061b 6E6F 5F67 		.string	"no_gui"
 1850      7569 00
 1851               	.LASF66:
 1852 0622 5351 5F52 		.string	"SQ_RES_4T"
 1852      4553 5F34 
 1852      5400 
 1853               	.LASF40:
 1854 062c 7265 706F 		.string	"report_keyboard_t"
 1854      7274 5F6B 
 1854      6579 626F 
 1854      6172 645F 
 1854      7400 
 1855               	.LASF57:
 1856 063e 7377 6170 		.string	"swap_lctl_lgui"
 1856      5F6C 6374 
 1856      6C5F 6C67 
 1856      7569 00
 1857               	.LASF37:
 1858 064d 7265 706F 		.string	"report_id"
 1858      7274 5F69 
 1858      6400 
 1859               	.LASF101:
 1860 0657 6173 6369 		.string	"ascii_to_keycode_lut"
 1860      695F 746F 
 1860      5F6B 6579 
 1860      636F 6465 
 1860      5F6C 7574 
 1861               	.LASF68:
 1862 066c 5351 5F52 		.string	"SQ_RES_8T"
 1862      4553 5F38 
 1862      5400 
 1863               	.LASF69:
 1864 0676 5351 5F52 		.string	"SQ_RES_16"
 1864      4553 5F31 
 1864      3600 
 1865               	.LASF16:
 1866 0680 774C 656E 		.string	"wLength"
 1866      6774 6800 
 1867               	.LASF97:
 1868 0688 6B65 7962 		.string	"keyboard_report"
 1868      6F61 7264 
 1868      5F72 6570 
 1868      6F72 7400 
 1869               	.LASF96:
 1870 0698 6C61 7965 		.string	"layer_state"
 1870      725F 7374 
 1870      6174 6500 
 1871               	.LASF45:
 1872 06a4 6D61 7472 		.string	"matrix"
 1872      6978 00
 1873               	.LASF31:
 1874 06ab 5F5F 696F 		.string	"__iob"
 1874      6200 
 1875               	.LASF15:
 1876 06b1 7749 6E64 		.string	"wIndex"
 1876      6578 00
 1877               	.LASF76:
 1878 06b8 7472 6163 		.string	"track_notes"
 1878      6B5F 6E6F 
 1878      7465 7300 
 1879               	.LASF36:
 1880 06c4 6E6B 726F 		.string	"nkro_report"
 1880      5F72 6570 
 1880      6F72 7400 
 1881               		.text
 1882               		.section	.gnu.lto_.profile.ee7fc636,"",@progbits
 1883 0000 789C 6367 		.string	"x\234cg`f`d"
 1883      6066 6064 
 1883      00
 1884 0009 0200      		.string	"\002"
 1885 000b 00        		.string	""
 1886 000c 6200      		.string	"b"
 1887 000e 0C        		.ascii	"\f"
 1888               		.text
 1889               		.section	.gnu.lto_.icf.ee7fc636,"",@progbits
 1890 0000 789C 6367 		.string	"x\234cg`f`b@\006"
 1890      6066 6062 
 1890      4006 00
 1891 000b 00        		.string	""
 1892 000c DC00      		.string	"\334"
 1893 000e 0D        		.ascii	"\r"
 1894               		.text
 1895               		.section	.gnu.lto_.jmpfuncs.ee7fc636,"",@progbits
 1896 0000 789C 6367 		.string	"x\234cg`f`b@\006"
 1896      6066 6062 
 1896      4006 00
 1897 000b 00        		.string	""
 1898 000c DC00      		.string	"\334"
 1899 000e 0D        		.ascii	"\r"
 1900               		.text
 1901               		.section	.gnu.lto_.inline.ee7fc636,"",@progbits
 1902 0000 789C 6367 		.string	"x\234cg`f`b@\006"
 1902      6066 6062 
 1902      4006 00
 1903 000b 00        		.string	""
 1904 000c DC00      		.string	"\334"
 1905 000e 0D        		.ascii	"\r"
 1906               		.text
 1907               		.section	.gnu.lto_.pureconst.ee7fc636,"",@progbits
 1908 0000 789C 6367 		.string	"x\234cg`f`d"
 1908      6066 6064 
 1908      00
 1909 0009 0200      		.string	"\002"
 1910 000b 00        		.string	""
 1911 000c 6200      		.string	"b"
 1912 000e 0C        		.ascii	"\f"
 1913               		.text
 1914               		.section	.gnu.lto_.symbol_nodes.ee7fc636,"",@progbits
 1915 0000 789C 6367 		.string	"x\234cg`f`b"
 1915      6066 6062 
 1915      00
 1916 0009 0100      		.string	"\001"
 1917 000b 00        		.string	""
 1918 000c 7400      		.string	"t"
 1919 000e 0D        		.ascii	"\r"
 1920               		.text
 1921               		.section	.gnu.lto_.refs.ee7fc636,"",@progbits
 1922 0000 789C 6367 		.string	"x\234cg`f`d"
 1922      6066 6064 
 1922      00
 1923 0009 0200      		.string	"\002"
 1924 000b 00        		.string	""
 1925 000c 6200      		.string	"b"
 1926 000e 0C        		.ascii	"\f"
 1927               		.text
 1928               		.section	.gnu.lto_.decls.ee7fc636,"",@progbits
 1929 0000 789C 6367 		.string	"x\234cg`f"
 1929      6066 00
 1930 0007 0146 2056 		.string	"\001F V\001\342\377@"
 1930      01E2 FF40 
 1930      00
 1931 0010 625F 6420 		.string	"b_d "
 1931      00
 1932 0015 00        		.string	""
 1933 0016 C16A 04FE 		.ascii	"\301j\004\376"
 1934               		.text
 1935               		.section	.gnu.lto_.symtab.ee7fc636,"",@progbits
 1936               		.text
 1937               		.section	.gnu.lto_.opts,"",@progbits
 1938 0000 272D 666E 		.ascii	"'-fn"
 1939 0004 6F2D 6F70 		.string	"o-openmp' '-fno-openacc' '-fno-pie' '-mn-flash=1' '-mno-skip-bug' '-mmcu=avr5' '-Os' '-We
 1939      656E 6D70 
 1939      2720 272D 
 1939      666E 6F2D 
 1939      6F70 656E 
 1940               		.text
 1941               		.comm	__gnu_lto_v1,1,1
 1942               		.comm	__gnu_lto_slim,1,1
 1943               		.ident	"GCC: (GNU) 8.4.0"
DEFINED SYMBOLS
                            *ABS*:0000000000000000 sweet16.c
C:\Users\Roningo\AppData\Local\Temp\ccZJyrDg.s:2      *ABS*:000000000000003e __SP_H__
C:\Users\Roningo\AppData\Local\Temp\ccZJyrDg.s:3      *ABS*:000000000000003d __SP_L__
C:\Users\Roningo\AppData\Local\Temp\ccZJyrDg.s:4      *ABS*:000000000000003f __SREG__
C:\Users\Roningo\AppData\Local\Temp\ccZJyrDg.s:5      *ABS*:0000000000000000 __tmp_reg__
C:\Users\Roningo\AppData\Local\Temp\ccZJyrDg.s:6      *ABS*:0000000000000001 __zero_reg__
C:\Users\Roningo\AppData\Local\Temp\ccZJyrDg.s:31     .gnu.debuglto_.debug_info:0000000000000000 sweet16.c.248d8138
                            *COM*:0000000000000001 __gnu_lto_v1
                            *COM*:0000000000000001 __gnu_lto_slim

NO UNDEFINED SYMBOLS
