   1               		.file	"sync_timer.c"
   2               	__SP_H__ = 0x3e
   3               	__SP_L__ = 0x3d
   4               	__SREG__ = 0x3f
   5               	__tmp_reg__ = 0
   6               	__zero_reg__ = 1
   7               		.file 1 "e:\\game\\msys2\\mingw64\\avr\\include\\stdint.h"
   8               		.file 2 "tmk_core/common/sync_timer.c"
   9               		.file 3 "tmk_core/common/timer.h"
  10               		.section	.gnu.debuglto_.debug_info,"",@progbits
  11               	.Ldebug_info0:
  12               		.hidden	sync_timer.c.1ef14339
  13               		.weak	sync_timer.c.1ef14339
  14               	sync_timer.c.1ef14339:
  15 0000 2D01 0000 		.long	0x12d
  16 0004 0200      		.word	0x2
  17 0006 0000 0000 		.long	.Ldebug_abbrev0
  18 000a 04        		.byte	0x4
  19 000b 01        		.uleb128 0x1
  20 000c 0000 0000 		.long	.LASF18
  21 0010 0C        		.byte	0xc
  22 0011 0000 0000 		.long	.LASF19
  23 0015 0000 0000 		.long	.LASF20
  24 0019 0000 0000 		.long	.Ldebug_line0
  25 001d 02        		.uleb128 0x2
  26 001e 01        		.byte	0x1
  27 001f 06        		.byte	0x6
  28 0020 0000 0000 		.long	.LASF0
  29 0024 03        		.uleb128 0x3
  30 0025 0000 0000 		.long	.LASF2
  31 0029 01        		.byte	0x1
  32 002a 7E        		.byte	0x7e
  33 002b 16        		.byte	0x16
  34 002c 3000 0000 		.long	0x30
  35 0030 02        		.uleb128 0x2
  36 0031 01        		.byte	0x1
  37 0032 08        		.byte	0x8
  38 0033 0000 0000 		.long	.LASF1
  39 0037 04        		.uleb128 0x4
  40 0038 02        		.byte	0x2
  41 0039 05        		.byte	0x5
  42 003a 696E 7400 		.string	"int"
  43 003e 03        		.uleb128 0x3
  44 003f 0000 0000 		.long	.LASF3
  45 0043 01        		.byte	0x1
  46 0044 80        		.byte	0x80
  47 0045 16        		.byte	0x16
  48 0046 4A00 0000 		.long	0x4a
  49 004a 02        		.uleb128 0x2
  50 004b 02        		.byte	0x2
  51 004c 07        		.byte	0x7
  52 004d 0000 0000 		.long	.LASF4
  53 0051 03        		.uleb128 0x3
  54 0052 0000 0000 		.long	.LASF5
  55 0056 01        		.byte	0x1
  56 0057 81        		.byte	0x81
  57 0058 14        		.byte	0x14
  58 0059 6200 0000 		.long	0x62
  59 005d 05        		.uleb128 0x5
  60 005e 5100 0000 		.long	0x51
  61 0062 02        		.uleb128 0x2
  62 0063 04        		.byte	0x4
  63 0064 05        		.byte	0x5
  64 0065 0000 0000 		.long	.LASF6
  65 0069 03        		.uleb128 0x3
  66 006a 0000 0000 		.long	.LASF7
  67 006e 01        		.byte	0x1
  68 006f 82        		.byte	0x82
  69 0070 16        		.byte	0x16
  70 0071 7A00 0000 		.long	0x7a
  71 0075 05        		.uleb128 0x5
  72 0076 6900 0000 		.long	0x69
  73 007a 02        		.uleb128 0x2
  74 007b 04        		.byte	0x4
  75 007c 07        		.byte	0x7
  76 007d 0000 0000 		.long	.LASF8
  77 0081 02        		.uleb128 0x2
  78 0082 08        		.byte	0x8
  79 0083 05        		.byte	0x5
  80 0084 0000 0000 		.long	.LASF9
  81 0088 02        		.uleb128 0x2
  82 0089 08        		.byte	0x8
  83 008a 07        		.byte	0x7
  84 008b 0000 0000 		.long	.LASF10
  85 008f 06        		.uleb128 0x6
  86 0090 0000 0000 		.long	.LASF21
  87 0094 03        		.byte	0x3
  88 0095 20        		.byte	0x20
  89 0096 1A        		.byte	0x1a
  90 0097 7500 0000 		.long	0x75
  91 009b 01        		.byte	0x1
  92 009c 01        		.byte	0x1
  93 009d 02        		.uleb128 0x2
  94 009e 01        		.byte	0x1
  95 009f 02        		.byte	0x2
  96 00a0 0000 0000 		.long	.LASF11
  97 00a4 07        		.uleb128 0x7
  98 00a5 0000 0000 		.long	.LASF22
  99 00a9 02        		.byte	0x2
 100 00aa 1E        		.byte	0x1e
 101 00ab 12        		.byte	0x12
 102 00ac 5D00 0000 		.long	0x5d
 103 00b0 01        		.byte	0x1
 104 00b1 08        		.uleb128 0x8
 105 00b2 01        		.byte	0x1
 106 00b3 0000 0000 		.long	.LASF12
 107 00b7 02        		.byte	0x2
 108 00b8 36        		.byte	0x36
 109 00b9 0A        		.byte	0xa
 110 00ba 01        		.byte	0x1
 111 00bb 6900 0000 		.long	0x69
 112 00bf D000 0000 		.long	0xd0
 113 00c3 09        		.uleb128 0x9
 114 00c4 0000 0000 		.long	.LASF14
 115 00c8 02        		.byte	0x2
 116 00c9 36        		.byte	0x36
 117 00ca 28        		.byte	0x28
 118 00cb 6900 0000 		.long	0x69
 119 00cf 00        		.byte	0
 120 00d0 08        		.uleb128 0x8
 121 00d1 01        		.byte	0x1
 122 00d2 0000 0000 		.long	.LASF13
 123 00d6 02        		.byte	0x2
 124 00d7 31        		.byte	0x31
 125 00d8 0A        		.byte	0xa
 126 00d9 01        		.byte	0x1
 127 00da 3E00 0000 		.long	0x3e
 128 00de EF00 0000 		.long	0xef
 129 00e2 09        		.uleb128 0x9
 130 00e3 0000 0000 		.long	.LASF14
 131 00e7 02        		.byte	0x2
 132 00e8 31        		.byte	0x31
 133 00e9 26        		.byte	0x26
 134 00ea 3E00 0000 		.long	0x3e
 135 00ee 00        		.byte	0
 136 00ef 0A        		.uleb128 0xa
 137 00f0 01        		.byte	0x1
 138 00f1 0000 0000 		.long	.LASF15
 139 00f5 02        		.byte	0x2
 140 00f6 2C        		.byte	0x2c
 141 00f7 0A        		.byte	0xa
 142 00f8 01        		.byte	0x1
 143 00f9 6900 0000 		.long	0x69
 144 00fd 0A        		.uleb128 0xa
 145 00fe 01        		.byte	0x1
 146 00ff 0000 0000 		.long	.LASF16
 147 0103 02        		.byte	0x2
 148 0104 27        		.byte	0x27
 149 0105 0A        		.byte	0xa
 150 0106 01        		.byte	0x1
 151 0107 3E00 0000 		.long	0x3e
 152 010b 0B        		.uleb128 0xb
 153 010c 01        		.byte	0x1
 154 010d 0000 0000 		.long	.LASF23
 155 0111 02        		.byte	0x2
 156 0112 22        		.byte	0x22
 157 0113 06        		.byte	0x6
 158 0114 01        		.byte	0x1
 159 0115 2601 0000 		.long	0x126
 160 0119 09        		.uleb128 0x9
 161 011a 0000 0000 		.long	.LASF17
 162 011e 02        		.byte	0x2
 163 011f 22        		.byte	0x22
 164 0120 21        		.byte	0x21
 165 0121 6900 0000 		.long	0x69
 166 0125 00        		.byte	0
 167 0126 0C        		.uleb128 0xc
 168 0127 01        		.byte	0x1
 169 0128 0000 0000 		.long	.LASF24
 170 012c 02        		.byte	0x2
 171 012d 20        		.byte	0x20
 172 012e 06        		.byte	0x6
 173 012f 01        		.byte	0x1
 174 0130 00        		.byte	0
 175               		.section	.gnu.debuglto_.debug_abbrev,"",@progbits
 176               	.Ldebug_abbrev0:
 177 0000 01        		.uleb128 0x1
 178 0001 11        		.uleb128 0x11
 179 0002 01        		.byte	0x1
 180 0003 25        		.uleb128 0x25
 181 0004 0E        		.uleb128 0xe
 182 0005 13        		.uleb128 0x13
 183 0006 0B        		.uleb128 0xb
 184 0007 03        		.uleb128 0x3
 185 0008 0E        		.uleb128 0xe
 186 0009 1B        		.uleb128 0x1b
 187 000a 0E        		.uleb128 0xe
 188 000b 10        		.uleb128 0x10
 189 000c 06        		.uleb128 0x6
 190 000d 00        		.byte	0
 191 000e 00        		.byte	0
 192 000f 02        		.uleb128 0x2
 193 0010 24        		.uleb128 0x24
 194 0011 00        		.byte	0
 195 0012 0B        		.uleb128 0xb
 196 0013 0B        		.uleb128 0xb
 197 0014 3E        		.uleb128 0x3e
 198 0015 0B        		.uleb128 0xb
 199 0016 03        		.uleb128 0x3
 200 0017 0E        		.uleb128 0xe
 201 0018 00        		.byte	0
 202 0019 00        		.byte	0
 203 001a 03        		.uleb128 0x3
 204 001b 16        		.uleb128 0x16
 205 001c 00        		.byte	0
 206 001d 03        		.uleb128 0x3
 207 001e 0E        		.uleb128 0xe
 208 001f 3A        		.uleb128 0x3a
 209 0020 0B        		.uleb128 0xb
 210 0021 3B        		.uleb128 0x3b
 211 0022 0B        		.uleb128 0xb
 212 0023 39        		.uleb128 0x39
 213 0024 0B        		.uleb128 0xb
 214 0025 49        		.uleb128 0x49
 215 0026 13        		.uleb128 0x13
 216 0027 00        		.byte	0
 217 0028 00        		.byte	0
 218 0029 04        		.uleb128 0x4
 219 002a 24        		.uleb128 0x24
 220 002b 00        		.byte	0
 221 002c 0B        		.uleb128 0xb
 222 002d 0B        		.uleb128 0xb
 223 002e 3E        		.uleb128 0x3e
 224 002f 0B        		.uleb128 0xb
 225 0030 03        		.uleb128 0x3
 226 0031 08        		.uleb128 0x8
 227 0032 00        		.byte	0
 228 0033 00        		.byte	0
 229 0034 05        		.uleb128 0x5
 230 0035 35        		.uleb128 0x35
 231 0036 00        		.byte	0
 232 0037 49        		.uleb128 0x49
 233 0038 13        		.uleb128 0x13
 234 0039 00        		.byte	0
 235 003a 00        		.byte	0
 236 003b 06        		.uleb128 0x6
 237 003c 34        		.uleb128 0x34
 238 003d 00        		.byte	0
 239 003e 03        		.uleb128 0x3
 240 003f 0E        		.uleb128 0xe
 241 0040 3A        		.uleb128 0x3a
 242 0041 0B        		.uleb128 0xb
 243 0042 3B        		.uleb128 0x3b
 244 0043 0B        		.uleb128 0xb
 245 0044 39        		.uleb128 0x39
 246 0045 0B        		.uleb128 0xb
 247 0046 49        		.uleb128 0x49
 248 0047 13        		.uleb128 0x13
 249 0048 3F        		.uleb128 0x3f
 250 0049 0C        		.uleb128 0xc
 251 004a 3C        		.uleb128 0x3c
 252 004b 0C        		.uleb128 0xc
 253 004c 00        		.byte	0
 254 004d 00        		.byte	0
 255 004e 07        		.uleb128 0x7
 256 004f 34        		.uleb128 0x34
 257 0050 00        		.byte	0
 258 0051 03        		.uleb128 0x3
 259 0052 0E        		.uleb128 0xe
 260 0053 3A        		.uleb128 0x3a
 261 0054 0B        		.uleb128 0xb
 262 0055 3B        		.uleb128 0x3b
 263 0056 0B        		.uleb128 0xb
 264 0057 39        		.uleb128 0x39
 265 0058 0B        		.uleb128 0xb
 266 0059 49        		.uleb128 0x49
 267 005a 13        		.uleb128 0x13
 268 005b 3F        		.uleb128 0x3f
 269 005c 0C        		.uleb128 0xc
 270 005d 00        		.byte	0
 271 005e 00        		.byte	0
 272 005f 08        		.uleb128 0x8
 273 0060 2E        		.uleb128 0x2e
 274 0061 01        		.byte	0x1
 275 0062 3F        		.uleb128 0x3f
 276 0063 0C        		.uleb128 0xc
 277 0064 03        		.uleb128 0x3
 278 0065 0E        		.uleb128 0xe
 279 0066 3A        		.uleb128 0x3a
 280 0067 0B        		.uleb128 0xb
 281 0068 3B        		.uleb128 0x3b
 282 0069 0B        		.uleb128 0xb
 283 006a 39        		.uleb128 0x39
 284 006b 0B        		.uleb128 0xb
 285 006c 27        		.uleb128 0x27
 286 006d 0C        		.uleb128 0xc
 287 006e 49        		.uleb128 0x49
 288 006f 13        		.uleb128 0x13
 289 0070 01        		.uleb128 0x1
 290 0071 13        		.uleb128 0x13
 291 0072 00        		.byte	0
 292 0073 00        		.byte	0
 293 0074 09        		.uleb128 0x9
 294 0075 05        		.uleb128 0x5
 295 0076 00        		.byte	0
 296 0077 03        		.uleb128 0x3
 297 0078 0E        		.uleb128 0xe
 298 0079 3A        		.uleb128 0x3a
 299 007a 0B        		.uleb128 0xb
 300 007b 3B        		.uleb128 0x3b
 301 007c 0B        		.uleb128 0xb
 302 007d 39        		.uleb128 0x39
 303 007e 0B        		.uleb128 0xb
 304 007f 49        		.uleb128 0x49
 305 0080 13        		.uleb128 0x13
 306 0081 00        		.byte	0
 307 0082 00        		.byte	0
 308 0083 0A        		.uleb128 0xa
 309 0084 2E        		.uleb128 0x2e
 310 0085 00        		.byte	0
 311 0086 3F        		.uleb128 0x3f
 312 0087 0C        		.uleb128 0xc
 313 0088 03        		.uleb128 0x3
 314 0089 0E        		.uleb128 0xe
 315 008a 3A        		.uleb128 0x3a
 316 008b 0B        		.uleb128 0xb
 317 008c 3B        		.uleb128 0x3b
 318 008d 0B        		.uleb128 0xb
 319 008e 39        		.uleb128 0x39
 320 008f 0B        		.uleb128 0xb
 321 0090 27        		.uleb128 0x27
 322 0091 0C        		.uleb128 0xc
 323 0092 49        		.uleb128 0x49
 324 0093 13        		.uleb128 0x13
 325 0094 00        		.byte	0
 326 0095 00        		.byte	0
 327 0096 0B        		.uleb128 0xb
 328 0097 2E        		.uleb128 0x2e
 329 0098 01        		.byte	0x1
 330 0099 3F        		.uleb128 0x3f
 331 009a 0C        		.uleb128 0xc
 332 009b 03        		.uleb128 0x3
 333 009c 0E        		.uleb128 0xe
 334 009d 3A        		.uleb128 0x3a
 335 009e 0B        		.uleb128 0xb
 336 009f 3B        		.uleb128 0x3b
 337 00a0 0B        		.uleb128 0xb
 338 00a1 39        		.uleb128 0x39
 339 00a2 0B        		.uleb128 0xb
 340 00a3 27        		.uleb128 0x27
 341 00a4 0C        		.uleb128 0xc
 342 00a5 01        		.uleb128 0x1
 343 00a6 13        		.uleb128 0x13
 344 00a7 00        		.byte	0
 345 00a8 00        		.byte	0
 346 00a9 0C        		.uleb128 0xc
 347 00aa 2E        		.uleb128 0x2e
 348 00ab 00        		.byte	0
 349 00ac 3F        		.uleb128 0x3f
 350 00ad 0C        		.uleb128 0xc
 351 00ae 03        		.uleb128 0x3
 352 00af 0E        		.uleb128 0xe
 353 00b0 3A        		.uleb128 0x3a
 354 00b1 0B        		.uleb128 0xb
 355 00b2 3B        		.uleb128 0x3b
 356 00b3 0B        		.uleb128 0xb
 357 00b4 39        		.uleb128 0x39
 358 00b5 0B        		.uleb128 0xb
 359 00b6 27        		.uleb128 0x27
 360 00b7 0C        		.uleb128 0xc
 361 00b8 00        		.byte	0
 362 00b9 00        		.byte	0
 363 00ba 00        		.byte	0
 364               		.section	.gnu.debuglto_.debug_line,"",@progbits
 365               	.Ldebug_line0:
 366 0000 7200 0000 		.long	.LELT0-.LSLT0
 367               	.LSLT0:
 368 0004 0200      		.word	0x2
 369 0006 6C00 0000 		.long	.LELTP0-.LASLTP0
 370               	.LASLTP0:
 371 000a 01        		.byte	0x1
 372 000b 01        		.byte	0x1
 373 000c F6        		.byte	0xf6
 374 000d F2        		.byte	0xf2
 375 000e 0D        		.byte	0xd
 376 000f 00        		.byte	0
 377 0010 01        		.byte	0x1
 378 0011 01        		.byte	0x1
 379 0012 01        		.byte	0x1
 380 0013 01        		.byte	0x1
 381 0014 00        		.byte	0
 382 0015 00        		.byte	0
 383 0016 00        		.byte	0
 384 0017 01        		.byte	0x1
 385 0018 00        		.byte	0
 386 0019 00        		.byte	0
 387 001a 01        		.byte	0x1
 388 001b 653A 5C67 		.ascii	"e:\\game\\msys2\\mingw64\\avr\\include"
 388      616D 655C 
 388      6D73 7973 
 388      325C 6D69 
 388      6E67 7736 
 389 003c 00        		.byte	0
 390 003d 746D 6B5F 		.ascii	"tmk_core/common"
 390      636F 7265 
 390      2F63 6F6D 
 390      6D6F 6E
 391 004c 00        		.byte	0
 392 004d 00        		.byte	0
 393 004e 7374 6469 		.string	"stdint.h"
 393      6E74 2E68 
 393      00
 394 0057 01        		.uleb128 0x1
 395 0058 00        		.uleb128 0
 396 0059 00        		.uleb128 0
 397 005a 7379 6E63 		.string	"sync_timer.c"
 397      5F74 696D 
 397      6572 2E63 
 397      00
 398 0067 02        		.uleb128 0x2
 399 0068 00        		.uleb128 0
 400 0069 00        		.uleb128 0
 401 006a 7469 6D65 		.string	"timer.h"
 401      722E 6800 
 402 0072 02        		.uleb128 0x2
 403 0073 00        		.uleb128 0
 404 0074 00        		.uleb128 0
 405 0075 00        		.byte	0
 406               	.LELTP0:
 407               	.LELT0:
 408               		.section	.gnu.debuglto_.debug_str,"MS",@progbits,1
 409               	.LASF20:
 410 0000 443A 5C44 		.string	"D:\\Download\\qmk_firmware\\vial-qmk"
 410      6F77 6E6C 
 410      6F61 645C 
 410      716D 6B5F 
 410      6669 726D 
 411               	.LASF13:
 412 0022 7379 6E63 		.string	"sync_timer_elapsed"
 412      5F74 696D 
 412      6572 5F65 
 412      6C61 7073 
 412      6564 00
 413               	.LASF19:
 414 0035 746D 6B5F 		.string	"tmk_core/common/sync_timer.c"
 414      636F 7265 
 414      2F63 6F6D 
 414      6D6F 6E2F 
 414      7379 6E63 
 415               	.LASF16:
 416 0052 7379 6E63 		.string	"sync_timer_read"
 416      5F74 696D 
 416      6572 5F72 
 416      6561 6400 
 417               	.LASF1:
 418 0062 756E 7369 		.string	"unsigned char"
 418      676E 6564 
 418      2063 6861 
 418      7200 
 419               	.LASF8:
 420 0070 6C6F 6E67 		.string	"long unsigned int"
 420      2075 6E73 
 420      6967 6E65 
 420      6420 696E 
 420      7400 
 421               	.LASF22:
 422 0082 7379 6E63 		.string	"sync_timer_ms"
 422      5F74 696D 
 422      6572 5F6D 
 422      7300 
 423               	.LASF21:
 424 0090 7469 6D65 		.string	"timer_count"
 424      725F 636F 
 424      756E 7400 
 425               	.LASF17:
 426 009c 7469 6D65 		.string	"time"
 426      00
 427               	.LASF18:
 428 00a1 474E 5520 		.string	"GNU C99 8.4.0 -mn-flash=1 -mno-skip-bug -mmcu=avr5 -gdwarf-2 -Os -std=gnu99 -funsigned-ch
 428      4339 3920 
 428      382E 342E 
 428      3020 2D6D 
 428      6E2D 666C 
 429               	.LASF4:
 430 0192 756E 7369 		.string	"unsigned int"
 430      676E 6564 
 430      2069 6E74 
 430      00
 431               	.LASF10:
 432 019f 6C6F 6E67 		.string	"long long unsigned int"
 432      206C 6F6E 
 432      6720 756E 
 432      7369 676E 
 432      6564 2069 
 433               	.LASF2:
 434 01b6 7569 6E74 		.string	"uint8_t"
 434      385F 7400 
 435               	.LASF14:
 436 01be 6C61 7374 		.string	"last"
 436      00
 437               	.LASF5:
 438 01c3 696E 7433 		.string	"int32_t"
 438      325F 7400 
 439               	.LASF9:
 440 01cb 6C6F 6E67 		.string	"long long int"
 440      206C 6F6E 
 440      6720 696E 
 440      7400 
 441               	.LASF15:
 442 01d9 7379 6E63 		.string	"sync_timer_read32"
 442      5F74 696D 
 442      6572 5F72 
 442      6561 6433 
 442      3200 
 443               	.LASF12:
 444 01eb 7379 6E63 		.string	"sync_timer_elapsed32"
 444      5F74 696D 
 444      6572 5F65 
 444      6C61 7073 
 444      6564 3332 
 445               	.LASF24:
 446 0200 7379 6E63 		.string	"sync_timer_init"
 446      5F74 696D 
 446      6572 5F69 
 446      6E69 7400 
 447               	.LASF3:
 448 0210 7569 6E74 		.string	"uint16_t"
 448      3136 5F74 
 448      00
 449               	.LASF23:
 450 0219 7379 6E63 		.string	"sync_timer_update"
 450      5F74 696D 
 450      6572 5F75 
 450      7064 6174 
 450      6500 
 451               	.LASF7:
 452 022b 7569 6E74 		.string	"uint32_t"
 452      3332 5F74 
 452      00
 453               	.LASF6:
 454 0234 6C6F 6E67 		.string	"long int"
 454      2069 6E74 
 454      00
 455               	.LASF0:
 456 023d 7369 676E 		.string	"signed char"
 456      6564 2063 
 456      6861 7200 
 457               	.LASF11:
 458 0249 5F42 6F6F 		.string	"_Bool"
 458      6C00 
 459               		.text
 460               		.section	.gnu.lto_.profile.90f21935,"",@progbits
 461 0000 789C 6367 		.string	"x\234cg`f`d"
 461      6066 6064 
 461      00
 462 0009 0200      		.string	"\002"
 463 000b 00        		.string	""
 464 000c 6200      		.string	"b"
 465 000e 0C        		.ascii	"\f"
 466               		.text
 467               		.section	.gnu.lto_.icf.90f21935,"",@progbits
 468 0000 789C 6367 		.string	"x\234cg`fPc@"
 468      6066 5063 
 468      4000 
 469 000a 3686 CF3B 		.string	"6\206\317;\336Odg\332\330\373i5/\363\261O+\357s\260|[<q\013\033\353\3177]\273\031\331&\23
 469      DE4F 6467 
 469      DAD8 FB69 
 469      352F F3B1 
 469      4F2B EF73 
 470 0034 75E4 12CF 		.ascii	"u\344\022\317"
 471               		.text
 472               		.section	.gnu.lto_.jmpfuncs.90f21935,"",@progbits
 473 0000 789C 6367 		.string	"x\234cg`f\be@"
 473      6066 0865 
 473      4000 
 474 000a 3620 6662 		.string	"6 fbdb\254\237\311\fd1\203\305X\300$+##H\224\221\201\211\251\016\310e<\300\310\310"
 474      6462 AC9F 
 474      C90C 6431 
 474      83C5 58C0 
 474      242B 2323 
 475 002c C4FF FF03 		.string	"\304\377\377\003\025\261\301t\240\313\375\377\317\017\344\003"
 475      15B1 C174 
 475      A0CB FDFF 
 475      CF0F E403 
 475      00
 476 003d B143 0DF1 		.ascii	"\261C\r\361"
 477               		.text
 478               		.section	.gnu.lto_.inline.90f21935,"",@progbits
 479 0000 789C 6367 		.string	"x\234cg`f\320ad\200\0036\006\006\326\006 `Iad`b\001\263\222\201\242\020\006\023\003\023H\
 479      6066 D061 
 479      6480 0336 
 479      0606 D606 
 479      2060 4961 
 480 0081 6DF5 355F 		.ascii	"m\3655_"
 481               		.text
 482               		.section	.gnu.lto_.pureconst.90f21935,"",@progbits
 483 0000 789C 6367 		.string	"x\234cg`f\020f```c\230\305\3024\213\205y\026\013\313\f\026\326\031,l3X"
 483      6066 1066 
 483      6060 6063 
 483      98C5 C234 
 483      8B85 7916 
 484 001f 26D8 03E6 		.ascii	"&\330\003\346"
 485               		.text
 486               		.section	.gnu.lto_sync_timer_init.90f21935,"",@progbits
 487 0000 789C 4D50 		.string	"x\234MP=K\003Q\020\334y{^\316\"X\013\212\205]\n\363\027\374!B\212#\205\310\345 \246\261\3
 487      3D4B 0351 
 487      10DC 797B 
 487      5ECE 2258 
 487      0B8A 855D 
 488 0060 6A1A 34D1 		.ascii	"j\0324\321\341\003\306\370\353\344\255X\312T\021{\334\235\227"
 488      E103 C6F8 
 488      EBE4 AD58 
 488      CA54 117B 
 488      DC9D 97
 489 0073 CCA2 C744 		.ascii	"\314\242\307D\207\212\337\301\rJDz\371z=9*\372\336\237\204[\370"
 489      878A DFC1 
 489      0D4A 447A 
 489      F97A 3D39 
 489      2AFA DE9F 
 490 008a 0425 572F 		.ascii	"\004%W/3V&\323]\261\243eV\251\315\224\252\231\007\261\264\303"
 490      3356 26D3 
 490      5DB1 A365 
 490      56A9 CD94 
 490      AA99 07B1 
 491 00a0 26C9 F9B6 		.ascii	"&\311\371\266\245\021\344\354\033\371\263w<\216\237\326\034U"
 491      A511 E4EC 
 491      1BF9 B377 
 491      3C8E 9FD6 
 491      1C55 
 492 00b2 DB64 BF7B 		.ascii	"\333d\277{9\267\307=\006\\J?{\236\316\266\220&\201n\372.\312"
 492      39B7 C73D 
 492      065C 4A3F 
 492      7B9E CEB6 
 492      9026 816E 
 493 00c9 450F 861D 		.ascii	"E\017\206\035\\\340<\021-gp\217\026p\207\005m\361\240\353\377"
 493      5CE0 3C11 
 493      2D67 708F 
 493      1670 8705 
 493      6DF1 A0EB 
 494 00de 2606 04AB 		.ascii	"&\006\004\253\312\007\322S?\017s\323\326\213\274\207\321oiD\033"
 494      CA07 D253 
 494      3F0F 73D3 
 494      D68B BC87 
 494      D16F 6944 
 495 00f3 9530 AE57 		.ascii	"\2250\256W\313a\034Eq\255\274\271U\013+\215\365\250Z_\t\351\007"
 495      CB61 1C45 
 495      71AD BCB9 
 495      550B 2B8D 
 495      F5A8 5A5F 
 496 010a B5F6 5B47 		.ascii	"\265\366[G"
 497               		.text
 498               		.section	.gnu.lto_sync_timer_update.90f21935,"",@progbits
 499 0000 789C 5D51 		.ascii	"x\234]QKkSQ\020\236\357\314\271\311\315\013w\202P1.\204\222E"
 499      4B6B 5351 
 499      109E EFCC 
 499      B9C9 CD0B 
 499      7782 5031 
 500 0018 4BA9 1B71 		.ascii	"K\251\033q\343?\351\"\244 \222\006j6\256zn\236\246\033\225(\341"
 500      E33F E922 
 500      A420 9206 
 500      6A36 AE7A 
 500      6E9E A61B 
 501 002f 526A 7D54 		.ascii	"Rj}T\211\013\251\342J|\335\266\321UV\n.,\210\370\200\242n,\202"
 501      890B A9E2 
 501      4A7C DDB6 
 501      D155 560A 
 501      2E2C 88F8 
 502 0048 544A E39C 		.ascii	"TJ\343\234{\243\r\0368\303\314wf\276ofN\234\230\216+\242\323"
 502      7BA3 0D1E 
 502      38C3 CC77 
 502      66BE 6F66 
 502      4E9C 988E 
 503 005f 145D 3804 		.ascii	"\024]8\004e\2149\023\367\\\245t\363\303VV\233$\357\256\254\036"
 503      658C 3913 
 503      F75C A574 
 503      F3C3 5656 
 503      9B24 EFAE 
 504 0075 D326 CDD0 		.ascii	"\323&\315\320\366M{\256\006B\317\270\240\005\305\032\013h\361"
 504      F64D 7BAE 
 504      0642 CFB8 
 504      A005 C51A 
 504      0B68 F1
 505 0088 15C6 CF5F 		.ascii	"\025\306\317_K_2\271\256\274\231\240s\365\210\351\006\360\231"
 505      4B5F 32B9 
 505      AEBC 99A0 
 505      73F5 88E9 
 505      06F0 99
 506 009b A82D 373A 		.ascii	"\250-7:x\202\234\344\375X\251\357\362E\366\031\320\022\276\273"
 506      7882 9CE4 
 506      FD58 A9EF 
 506      F245 F619 
 506      D012 BEBB 
 507 00af 3E78 93B1 		.ascii	">x\223\261\241BV\302V\260\330Kr\026$\376\372\267\235\006\217"
 507      A142 56C2 
 507      56B0 D84B 
 507      7216 24FE 
 507      FAB7 9D06 
 508 00c4 DF35 A662 		.ascii	"\3375\246b\202~\331\244}f<\007\013#\236a\fO1F$\330\t_\021^`\234"
 508      827E D9A4 
 508      7D66 3C07 
 508      0B23 9E61 
 508      0C4F 3146 
 509 00e0 6CCD C787 		.ascii	"l\315\307\207\373\32721=\224E\200\030A\234\265\327N`\366\007"
 509      FBD7 3231 
 509      3D94 4580 
 509      1841 9CB5 
 509      D74E 60F6 
 510 00f5 4D13 ECAD 		.ascii	"M\023\354\255b\311IA\n\265\022\343\2605ZL,\201\210\245\316T\221"
 510      62C9 4941 
 510      0AB5 12E3 
 510      B035 5A4C 
 510      2C81 88A5 
 511 010c 2134 4C40 		.ascii	"!4L@\rV^\350W\003\372\fsk-\027R~E\365\306\254\365:\f\021]\356"
 511      0D56 5EE8 
 511      5703 FA0C 
 511      736B 2D17 
 511      527E 45F5 
 512 0128 F607 891A 		.ascii	"\366\007\211\032*\236\353s\274\315\"\210u\324\254\206K\237P\333"
 512      2A9E EB73 
 512      BCCD 2288 
 512      75D4 AC86 
 512      4B9F 50DB 
 513 013c DEEC E120 		.ascii	"\336\354\341 \331\273t\371\376!;\260\006a\303\316 \247\301\334"
 513      D9BB 74F9 
 513      FE21 3BB0 
 513      0661 C3CE 
 513      20A7 C1DC 
 514 0150 1FDC FC8D 		.ascii	"\037\334\374\215\277:\217\016tv\206\265\352?\241D\233\345\367"
 514      BF3A 8F0E 
 514      7476 86B5 
 514      EA3F A144 
 514      9BE5 F7
 515 0163 B019 0925 		.ascii	"\260\031\t%i\033\325\007\215{\361(\231;\234\220\022\001+{\315"
 515      691B D507 
 515      8D7B F128 
 515      993B 9C90 
 515      1201 2B7B 
 516 0178 2181 1658 		.ascii	"!\201\026X\200\215\367\213\217\035\213\214\366\222\n\027>J\237"
 516      808D F78B 
 516      8F1D 8B8C 
 516      F692 0A17 
 516      3E4A 9F
 517 018b 5AB6 1BB4 		.ascii	"Z\266\033\264\033}\273\325\302\035\334\366\214\374g\032/E\017"
 517      1B7D BBD5 
 517      C21D DCF6 
 517      8CFC 671A 
 517      2F45 0F
 518 019e 3DDB 365E 		.ascii	"=\3336^\t,\264a\373\372\337\232\276CE\377]\027\376\020\224\370"
 518      092C B461 
 518      FBFA DF9A 
 518      BE43 45FF 
 518      5D17 FE10 
 519 01b4 68B9 786E 		.ascii	"h\271xn&_\232/L\346K\305bin\362\374\205\271\374L\371l\2610?\221"
 519      265F 9A2F 
 519      4CE6 4BC5 
 519      6269 6EF2 
 519      FC85 B9FC 
 520 01cf 276D 9DC3 		.ascii	"'m\235\303\243\320\304Tav\352\344\364\364)\372\003\330\234\301"
 520      A3D0 C454 
 520      6176 EAE4 
 520      F4F4 29FA 
 520      03D8 9CC1 
 521 01e3 B8        		.ascii	"\270"
 522               		.text
 523               		.section	.gnu.lto_sync_timer_read32.90f21935,"",@progbits
 524 0000 789C 6D51 		.ascii	"x\234mQ=k\024Q\024\275\347\335\367vg\307]\254\004\213\004\355"
 524      3D6B 1451 
 524      14BD E7DD 
 524      F776 67C7 
 524      5DAC 048B 
 525 0016 C42D 4C9F 		.ascii	"\304-L\237\312J\374\027)\226\004B\330,\3044Vy\263_16*\253\214"
 525      CA4A FC17 
 525      2996 0442 
 525      D82C C434 
 525      5679 B35F 
 526 002f 5364 1513 		.ascii	"Sd\025\023!M\024;\211\037\031\223X\b6~ \022\323D-\202\244\211"
 526      214D 143B 
 526      891F 1993 
 526      5808 367E 
 526      2012 D344 
 527 0047 2448 5076 		.ascii	"$HPv\275o\366#\022\034\230\313\271w\316;\347\3347ib\272"
 527      BD6F F623 
 527      121C 98CB 
 527      B977 CE3B 
 527      E7DC 3769 
 528 005d AC88 CE10 		.string	"\254\210\316\020\321%y\221\"(k\355\305t\340)\305\273\013\333\247\264\365\365\355\255f^\33
 528      D125 7991 
 528      2228 6BED 
 528      C574 E029 
 528      C5BB 0BDB 
 529 015e F57F 91B5 		.ascii	"\365\177\221\265\236\310\016\326\356\276\031\356p\371\337\260"
 529      9EC8 0ED6 
 529      EEBE 19EE 
 529      70F9 DFB0 
 530 016e 3EE8 D851 		.ascii	">\350\330Q\177\336\335\265\273\373O_\346\360\020\013\201E\304"
 530      7FDE DDB5 
 530      BBFB 4F5F 
 530      E6F0 100B 
 530      8145 C4
 531 0181 27B0 215A 		.ascii	"'\260!ZXw{\341\265\214E\262\374g\266k\257EU\006\225f\275;\310"
 531      5877 7BE1 
 531      B58C 45B2 
 531      FC67 B66B 
 531      AF45 5506 
 532 019a 4A24 1927 		.ascii	"J$\031'\341M\377\246w\241(d#\323}\030\331\234W\302s\302\325\233"
 532      E14D FFA6 
 532      77A1 2864 
 532      23D3 7D18 
 532      D99C 57C2 
 533 01b2 E1A0 FC1D 		.ascii	"\341\240\374\035tx\222{p\27281R(M\215\016\025J\305bir\350\312"
 533      7478 927B 
 533      70BA 3831 
 533      5228 4D8D 
 533      0E15 4AC5 
 534 01cb D5C9 C2C8 		.ascii	"\325\311\302\310\364xqt\352B\201\376\002\r\220\305\316"
 534      F478 7174 
 534      EA42 81FE 
 534      020D 90C5 
 534      CE
 535               		.text
 536               		.section	.gnu.lto_sync_timer_read.90f21935,"",@progbits
 537 0000 789C 5D50 		.ascii	"x\234]P=K\034Q\024\275\347\3357\273\343$16\202\205\222R\334\""
 537      3D4B 1C51 
 537      14BD E7DD 
 537      37BB E324 
 537      3136 8285 
 538 0018 FE05 ABFC 		.ascii	"\376\005\253\374\r\213e\003A\326\205\325\306\3127\353\372\021"
 538      0D8B 6503 
 538      41D6 85D5 
 538      C6CA 37EB 
 538      FA11 
 539 002a 9B24 ACBA 		.ascii	"\233$\254\272\214\222%D\021A4\244\260\361s\374*\0026Z\210\205"
 539      8C92 2544 
 539      1141 34A4 
 539      B0F1 73FC 
 539      2A02 365A 
 540 0040 8D1F 4411 		.ascii	"\215\037D\021\313\304*\254\271oFwa\007\336\345\3347\347\236s"
 540      CBC4 2AAC 
 540      B96F 4677 
 540      6107 DEE5 
 540      DC37 E79E 
 541 0055 DE4D 12D3 		.ascii	"\336M\022\323)\210\336\020\321;9H\020\2241\246'\351\273J\361"
 541      2988 DE10 
 541      D13B 3948 
 541      1094 31A6 
 541      27E9 BB4A 
 542 006a FDFC 45AB 		.ascii	"\375\374E\2536\236\236:\257\244\264y\311p\354?\355\273\272\206"
 542      369E 9E3A 
 542      AFA4 B479 
 542      C970 EC3F 
 542      EDBB BA86 
 543 007e 1C20 42C6 		.ascii	"\034 B\306\005\r+\326\016\206\361\221\2770~\235\315-\276\236"
 543      050D 2BD6 
 543      0E86 F191 
 543      BF30 7E9D 
 543      CD2D BE9E 
 544 0092 E080 4551 		.ascii	"\340\200EQ\332\223\263\233\007\327\266@\213\264\207\313\277+"
 544      DA93 B39B 
 544      07D7 B640 
 544      8BB4 87CB 
 544      BF2B 
 545 00a4 5E6A C998 		.ascii	"^j\311\230\202\t\313\225\256c3\332\026\260\242\222\2607\321\216"
 545      8209 CB95 
 545      AE63 33DA 
 545      16B0 A292 
 545      B037 D18E 
 546 00b8 0DB4 93FD 		.ascii	"\r\264\223\375\260\205\024\221\360/\177V\247_%\264%\330\353m"
 546      B085 1491 
 546      F02F 7F56 
 546      A75F 25B4 
 546      25D8 EB6D 
 547 00cc 1B54 C08F 		.ascii	"\033T\300\217\023'4\325\307q\023\036,`\315y\001\nXd\002\326,"
 547      1327 34D5 
 547      C771 131E 
 547      2C60 CD79 
 547      010A 5864 
 548 00e3 45B9 B678 		.ascii	"E\271\266x\266\020\2152\025$\251\206\ti\214\225\037\341\221\220"
 548      B610 8D32 
 548      1524 A986 
 548      0969 8C95 
 548      1FE1 9190 
 549 00f7 AE61 BE5F 		.ascii	"\256a\276_\245\"\305;\214|{oQ\231!\236_\227\216\036\233\212("
 549      A522 C53B 
 549      8C7C 7B6F 
 549      5199 219E 
 549      5F97 8E1E 
 550 010e F86E C04E 		.ascii	"\370n\300N\211\305\017;(Z\213\004]\241x\273\177\200:\331\377"
 550      89C5 0F3B 
 550      285A 8B04 
 550      5DA1 78BB 
 550      7F80 3AD9 
 551 0123 F479 257A 		.ascii	"\364y%z\256\360\020>\305\037c>\257L\256\342\331\247\212\232\317"
 551      AEF0 103E 
 551      C51F 633E 
 551      AF4C AEE2 
 551      D9A7 8A9A 
 552 0138 BA8A 67DD 		.ascii	"\272\212g\335\006\243d\311\206\305nl\344F\"z\341\342\357\261"
 552      06A3 64C9 
 552      86C5 6E6C 
 552      E446 227A 
 552      E1E2 EFB1 
 553 014c 7A16 B9A9 		.ascii	"z\026\271\251\207\315\307\032\252A\243\251\304\262&\354\305\032"
 553      87CD C71A 
 553      AA41 A3A9 
 553      C4B2 26EC 
 553      C51A 
 554 015e 1EDD A2F0 		.ascii	"\036\335\242\360o\374)\253W\266\372\"\352\3246p\017Ee;A\177\300"
 554      6FFC 29AB 
 554      57B6 FA22 
 554      EAD4 3670 
 554      0F45 653B 
 555 0175 9288 6767 		.ascii	"\222\210gg:\205\250\327g\232ek\210y2\3241\230\355\353M\347\362"
 555      3A85 A8D7 
 555      679A 656B 
 555      8879 32D4 
 555      3198 EDEB 
 556 018c 99EE 742E 		.ascii	"\231\356t.\233\315\365w\017\f\365\247{\007?d3\371\267i\372\017"
 556      9BCD F577 
 556      0F0C F5A7 
 556      7B07 3F64 
 556      33F9 B769 
 557 01a2 A475 A4A5 		.ascii	"\244u\244\245"
 558               		.text
 559               		.section	.gnu.lto_sync_timer_elapsed.90f21935,"",@progbits
 560 0000 789C 5D50 		.string	"x\234]PKk\023Q\024>\337=w\222I\032\037\033\305E\205n\304\032\241\245\264\033q\343\312_\34
 560      4B6B 1351 
 560      143E DF3D 
 560      7792 491A 
 560      1F1B C545 
 561 0084 2132 2E68 		.ascii	"!2.hT\261v0\212\353|\233\261\270|o\372\3208\373,\2162\326\227"
 561      54B1 7630 
 561      8AEB 7C9B 
 561      B1B8 7C6F 
 561      FAD0 38FB 
 562 009d BFFF 76ED 		.ascii	"\277\377v\355\b\034\226\361\343\354\267Z<9cL\301\004\325\372"
 562      081C 96F1 
 562      E3EC B75A 
 562      3C39 634C 
 562      C104 D5FA 
 563 00b1 A925 3376 		.ascii	"\251%3v\314gE\025a\277F'^\241\223\354\2037H\n\333\273\377y]q"
 563      CC67 4515 
 563      61BF 4627 
 563      5EA1 93EC 
 563      8337 480A 
 564 00cb 1748 F0CF 		.ascii	"\027H\360\317\305\233\r\335=\035*\267.\230\204\310\360\026\374"
 564      C59B 0DDD 
 564      3D1D 2AB7 
 564      2E98 84C8 
 564      F016 FC
 565 00de 9F52 CE4E 		.ascii	"\237R\316N\254\201\360\016\335d5k/\232w\017D\264\265\267\246"
 565      AC81 F00E 
 565      DD64 356B 
 565      2F9A 770F 
 565      44B4 B5B7 
 566 00f3 81BD A680 		.ascii	"\201\275\246\200\271\272\023\230\346\3665\023l<\301\027'\001"
 566      B9BA 1398 
 566      E6F6 3513 
 566      6C3C C117 
 566      2701 
 567 0105 114A 099F 		.ascii	"\021J\t\2375[\213(\254A\314\302\016\373!\032c*\310m5L@eV^\210"
 567      355B 8B28 
 567      AC41 CCC2 
 567      0EFB 211A 
 567      632A C86D 
 568 0120 8B01 6DC0 		.ascii	"\213\001m\300<\234=\035\372\376@qj\310\242*C\222\037\314|\332"
 568      3C9C 3D1D 
 568      FAFE 4071 
 568      6AC8 A22A 
 568      4392 1FCC 
 569 0136 8E95 50F0 		.ascii	"\216\225P\360\\\237\235\nK*\336\243d\203\"\264\216\322\346\374"
 569      5C9F 9D0A 
 569      4B2A DEA3 
 569      6483 22B4 
 569      8ED2 E6FC 
 570 014a 02F6 C8DE 		.ascii	"\002\366\310\336\255\211\247\341\312\204\207\017\355\025\224"
 570      AD89 A7E1 
 570      CA84 870F 
 570      ED15 94
 571 0159 9957 6A37 		.ascii	"\231Wj7\236a'\247\211vNi\352\245jic\373\202\242\025[\026\363"
 571      9E61 27A7 
 571      8976 4E69 
 571      EAA5 6A69 
 571      63FB 82A2 
 572 0171 36A8 CA51 		.ascii	"6\250\312Q\237\335\320G?^\375\265\244v|\346\366\372\346Z6j\237"
 572      9FDD D047 
 572      3F5E FDB5 
 572      A476 7CE6 
 572      F6FA E65A 
 573 0188 4DAC C2B2 		.ascii	"M\254\302\262/,\264\372\306i\023\305\347\345v\335\016\241\213"
 573      2F2C B4FA 
 573      C669 13C5 
 573      E7E5 76DD 
 573      0EA1 8B
 574 019b 75E8 EBEC 		.ascii	"u\350\353\354\356\241\001%\201v\311[`\351\305_'O\nW\377\231<"
 574      EEA1 0125 
 574      8176 C95B 
 574      60E9 C55F 
 574      274F 0A57 
 575 01b2 28BB 438B 		.ascii	"(\273C\213'\325\216\3473\227\007S\331\\\2727\225\315d\262\303"
 575      27D5 8EE7 
 575      3397 0753 
 575      D95C BA37 
 575      95CD 64B2 
 576 01c7 BD23 5787 		.ascii	"\275#W\207S\203\371K\231t\256'E\372\312\305\221\374\321\177\217"
 576      5383 F94B 
 576      9974 AE27 
 576      45FA CAC5 
 576      91FC D17F 
 577 01dc 7AFA D243 		.ascii	"z\372\322C}\003\375\375g\350/\f\307\302j"
 577      7D03 FDFD 
 577      67E8 2F0C 
 577      C7C2 6A
 578               		.text
 579               		.section	.gnu.lto_sync_timer_elapsed32.90f21935,"",@progbits
 580 0000 789C 5D50 		.ascii	"x\234]PKk\023Q\024>\337=w\362hS]).*d#\326\b-\245n\304\215+\377"
 580      4B6B 1351 
 580      143E DF3D 
 580      77F2 6853 
 580      5D29 2E2A 
 581 001f 4691 9082 		.ascii	"F\221\220\202h\032H\343\302U\357$\223h\335\250D\t\343#\026\037"
 581      681A 48E3 
 581      C255 EF24 
 581      9368 DDA8 
 581      4409 E323 
 582 0035 A508 BE70 		.ascii	"\245\b\276p\347\253\243\311\322\215v#\222M\215\213\"\335\024"
 582      E7AB A3C9 
 582      D28D 7623 
 582      924D 8D8B 
 582      22DD 14
 583 0048 E3A2 2E12 		.ascii	"\343\242.\022\317\235\244\255v`\206\357\334\371^\367D\211)\251"
 583      CF9D A4AD 
 583      7660 86EF 
 583      DCF9 5EF7 
 583      4489 29A9 
 584 005c 884E 11D1 		.ascii	"\210N\021\321\031y\021!(c\314\351\250\033S\2127\036\256\035\320"
 584      1979 1121 
 584      2863 CCE9 
 584      A81B 538A 
 584      371E AE1D 
 585 0071 6648 DF6C 		.ascii	"fH\337l\325S\332$\030\216\375\247\335\230\336A\016\020\"\023"
 585      D553 DA24 
 585      188E FDA7 
 585      DD98 DE41 
 585      0E10 2213 
 586 0085 03CD 2BD6 		.ascii	"\003\315+\326\016\346\261\3007\030\233\367\313[|\205}&h\031\277"
 586      0EE6 B1C0 
 586      3718 9BF7 
 586      CB5B 7C85 
 586      7D26 6819 
 587 009a D57B AB23 		.ascii	"\325{\253#v\004\2222v\276ny\361\324\2621E\023\324Z\3076M\371"
 587      7604 9232 
 587      76BE 6E79 
 587      F1D4 B231 
 587      4513 D45A 
 588 00b2 90CF 8AAA 		.ascii	"\220\317\212\252\302~\213Q\274\301(\331\007\357\220\022\266{"
 588      C27E 8B51 
 588      BCC1 28D9 
 588      07EF 9012 
 588      B67B 
 589 00c4 77B5 AD38 		.ascii	"w\265\2558\t\022\274T{\365$1\266\024*\233\027MBdx\017\376O)g"
 589      0912 BC54 
 589      7BF5 2431 
 589      B614 2A9B 
 589      174D 4264 
 590 00de 471A 20AC 		.ascii	"G\032 \254`\214\254\346\373\313\356\255\221\210\266\366\3264"
 590      608C ACE6 
 590      FBCB EEAD 
 590      9188 B6F6 
 590      D634 
 591 00f0 B0D7 14F0 		.ascii	"\260\327\024\360\374\213\023\230n\357\262\t:\217\361\313I@\204"
 591      FC8B 1398 
 591      6EEF B209 
 591      3A8F F1CB 
 591      4940 84
 592 0103 52C2 67CD 		.ascii	"R\302g\315\326\"\nk\020\267p\330~\210\312LE\271\255\206\t\250"
 592      D622 0A6B 
 592      10B7 70D8 
 592      7E88 CA4C 
 592      45B9 AD86 
 593 0119 C2CA 0D71 		.ascii	"\302\312\rq)\240\0370\017V\216\207\276?QZ\234\261\250\306\220"
 593      29A0 1F30 
 593      0F56 8E87 
 593      BE3F 515A 
 593      9CB1 A8C6 
 594 012e E47B CB9F 		.ascii	"\344{\313\237zq\017E7\346\263SeI\305\007x6(Bmx\353\215&v\311"
 594      7A71 0F45 
 594      37E6 B353 
 594      6549 C507 
 594      7836 2842 
 595 0149 EEB5 EB4F 		.ascii	"\356\265\353O\367\333\035\t\017\037\007+\2500\267\352W\237a;"
 595      F7DB 1D09 
 595      0F1F 072B 
 595      A830 B7EA 
 595      579F 613B 
 596 015d A78B 418E 		.ascii	"\247\213A\216\267\370Z\365\265\361=A\321\252-\213\206\r\252q"
 596      B7F8 5AF5 
 596      B5F1 3D41 
 596      D1AA 2D8B 
 596      860D AA71 
 597 0171 D4E7 58E8 		.ascii	"\324\347X\350\243\037\255\375\376\254\266}\332\273}\363}\033"
 597      A31F ADFD 
 597      FEAC B67D 
 597      DABB 7DF3 
 597      7D1B 
 598 0183 B5C7 265E 		.ascii	"\265\307&^e\331\027\232\375\276C\264\216\322\213\312\240\356"
 598      65D9 179A 
 598      FDBE 43B4 
 598      8ED2 8BCA 
 598      A0EE 
 599 0195 B0D0 C53A 		.ascii	"\260\320\305:\364uv\366\260\001%\201v\311\035\260\364\342?w\216"
 599      F475 76F6 
 599      B001 2581 
 599      76C9 1DB0 
 599      F4E2 3F77 
 600 01aa 0A57 DFAE 		.ascii	"\nW\337\256\357\223\335\241\317\223j\207\013\331\363\323\351"
 600      EF93 DDA1 
 600      CF93 6A87 
 600      0BD9 F3D3 
 600      E9
 601 01bb 5C3E 3391 		.ascii	"\\>3\221\316e\263\271\331\211\271K\263\351\351\302\271l&?\236"
 601      CE65 B3B9 
 601      D989 B94B 
 601      B3E9 E9C2 
 601      B96C 263F 
 602 01d0 267D E1EC 		.ascii	"&}\341\354\\\341\340\277G\343\223\231\231\311\023SS'\351/\023"
 602      5CE1 E0BF 
 602      47E3 9399 
 602      99C9 1353 
 602      5327 E92F 
 603 01e5 22C2 59   		.ascii	"\"\302Y"
 604               		.text
 605               		.section	.gnu.lto_.symbol_nodes.90f21935,"",@progbits
 606 0000 789C 6DCE 		.ascii	"x\234m\316=\n\002Q\f\004\340\311\313\373\331\037\365\n\202'Q"
 606      3D0A 0251 
 606      0C04 E0C9 
 606      CBFB D91F 
 606      F50A 8227 
 607 0015 F05E 790A 		.ascii	"\360^y\n6V\236@\020\266\266\260\364\f\"\330\333(^\301\306fuw"
 607      3656 9E40 
 607      10B6 B6B0 
 607      F40C 22D8 
 607      DB28 5EC1 
 608 002d 2555 52CE 		.ascii	"%UR\3167\003I`\234\b\200\363\202u\316\331\323\356\n\bp\316\013"
 608      3703 4960 
 608      9C08 80F3 
 608      8275 CED9 
 608      D3EE 0A08 
 609 0044 7410 189B 		.ascii	"t\020\030\233YW\bBf\301%q6Da\033\n\3616\224\022L\240Zb\373\277"
 609      5957 0842 
 609      66C1 2571 
 609      3644 611B 
 609      0AF1 3694 
 610 005f 698F 40CE 		.ascii	"i\217@\316\363\037T\222l\030Ia\303XJ\033&R\231\300\256X\365O"
 610      F31F 5492 
 610      6C18 4961 
 610      C358 4A1B 
 610      2652 99C0 
 611 0077 2DD9 A54B 		.ascii	"-\331\245K{\370\0205\304\254!\247\373~{\034\302\324<\3367G/b"
 611      7BF8 1035 
 611      C4AC 21A7 
 611      FB7E 7B1C 
 611      C2D4 3CDE 
 612 008f AFEE 4B75 		.ascii	"\257\356Ku\317\203?\211\203z\250\324\203W\217\352\261V\217\272"
 612      CF83 3F89 
 612      837A A8D4 
 612      8357 8FEA 
 612      B156 8FBA 
 613 00a3 C717 4419 		.ascii	"\307\027D\031\213\315"
 613      8BCD 
 614               		.text
 615               		.section	.gnu.lto_.refs.90f21935,"",@progbits
 616 0000 789C 6367 		.string	"x\234cg`f\020````d`dd\002BF\016Ff\006F\016\006"
 616      6066 1060 
 616      6060 6064 
 616      6064 6402 
 616      4246 0E46 
 617 001a 0315 00   		.string	"\003\025"
 618 001d 3A        		.ascii	":"
 619               		.text
 620               		.section	.gnu.lto_.decls.90f21935,"",@progbits
 621 0000 789C A555 		.ascii	"x\234\245UmLSW\030>oOmKm\251#\306`\306\022\022\0235Y\242(f\231"
 621      6D4C 5357 
 621      183E 6F4F 
 621      6D4B 6DA9 
 621      23C6 60C6 
 622 001d BF4C B61F 		.ascii	"\277L\266\037\333\257%K\334\022\1775\f\272@&`\240.3Y\262\213"
 622      DBAF 254B 
 622      DC12 7F35 
 622      0CBA 4026 
 622      60A0 2E33 
 623 0034 8A32 F10B 		.ascii	"\2122\361\013\303\214|8A\252\013\0067\230\350\324\211\026\025"
 623      C38C 7C38 
 623      41AA 0B06 
 623      3798 E8D4 
 623      8916 15
 624 0047 4514 413E 		.ascii	"E\024A>\344\333\242R\300\017\004\253\240\240\206\275\347\343"
 624      E4DB A252 
 624      C00F 04AB 
 624      A0A0 86BD 
 624      E7E3 
 625 0059 96D3 2ADB 		.ascii	"\226\323*\333\217\235\364\355\275\367\275\317\373<\317y\317\311"
 625      8F9D F4ED 
 625      BDF7 BDCF 
 625      FB3C CF79 
 625      CFC9 
 626 006b 3D66 42C9 		.ascii	"=fB\311\021\013!n $\331@\3104\0163!\344\026\006>\222\213\030"
 626      110B 216E 
 626      2024 D940 
 626      C834 0E33 
 626      21E4 1606 
 627 0083 F544 8CB9 		.ascii	"\365D\214\271\03070\2321Z1nctc\334\301\350\307\030\302x\200\361"
 627      1837 309A 
 627      315A 316E 
 627      6374 63DC 
 627      C1E8 C718 
 628 009b 0863 0403 		.ascii	"\bc\004\003)\3113\022:\n0I\361\232\214\361\034# \363 \271\337"
 628      29C9 3312 
 628      3A0A 3049 
 628      F19A 8CF1 
 628      1C23 20F3 
 629 00b2 5553 8A49 		.ascii	"US\212I\273\254\211\302\230/}\r`,\301X\2101\2161\2101\201\321"
 629      BBAC 89C2 
 629      982F 7D0D 
 629      602C C158 
 629      8831 8E31 
 630 00ca 12C6 4DA5 		.ascii	"\022\306M\245\347!\351\363]\032\277a\322\366?\370[\377\203\377"
 630      E721 E9F3 
 630      5D1A BF61 
 630      D2F6 3FF8 
 630      5BFF 83FF 
 631 00de 3888 FEE9 		.ascii	"8\210\376\351\374\365\n\277\316\375\002\243]\321`\303HD\237\365"
 631      FCF5 0ABF 
 631      CEFD 02A3 
 631      5DD1 60C3 
 631      4844 9FF5 
 632 00f2 DEB6 92B7 		.ascii	"\336\266\222\267\307\311Y\270\327)\334/1\272\024\r\235\273[r"
 632      C7C9 59B8 
 632      D729 DC2F 
 632      31BA 140D 
 632      9DBB 5B72 
 633 0106 3F92 3AE1 		.ascii	"?\222:\341\243&\214[\355\213\316=\211\321\367\016\337w$\367\310"
 633      A326 8C5B 
 633      ED8B CE3D 
 633      89D1 F70E 
 633      DF77 24F7 
 634 011b 2CBE F328 		.ascii	",\276\363(\214\326=9a\316\241\260\304\nl\34790\2657\313w\337"
 634      8CD6 3D39 
 634      61CE A1B0 
 634      C40A 6CE7 
 634      3930 B537 
 635 0132 2652 0C31 		.ascii	"&R\f1\224S\330\027I\r\374\276b\327\304\217q\277kbX\326\020\250"
 635      9453 D817 
 635      490D FCBE 
 635      62D7 C48F 
 635      71BF 6B62 
 636 014a 01CA 9996 		.ascii	"\001\312\231\226\316e\257\313=y\207Mt\r\207>=\224=I\221%\312"
 636      CE65 AFCB 
 636      3D79 874D 
 636      740D 873E 
 636      3D94 3D49 
 637 0161 0A46 7CEC 		.ascii	"\nF|\354\376u\272\325\216\217\363\255\020\313d\2177m6Ys4m\263"
 637      FE75 BAD5 
 637      8E8F F3AD 
 637      10CB 648F 
 637      376D 3659 
 638 0179 36A6 6951 		.ascii	"6\246iQ\321\004j!\006\274\020C\340\002p\351\363\020G\340\034"
 638      D104 6A21 
 638      06BC 1043 
 638      E002 70E9 
 638      F310 47E0 
 639 018e 26FF 66C9 		.ascii	"&\377f\311\213`\305\252\226\242c\223F$Y\307\314R\305\352:a\365"
 639      8B60 C5AA 
 639      96A2 6393 
 639      4624 59C7 
 639      CC52 C5EA 
 640 01a5 7C5E CFA0 		.ascii	"|^\317\240\225~\316\357\257u\026\035u\b}\003+\355\034\232\260"
 640      957E CEEF 
 640      AF75 161D 
 640      7508 7D03 
 640      2BED 1C9A 
 641 01ba 08FD 796C 		.ascii	"\b\375ylR\333\262\373\347\b\375fM\263\242\376U\224\272\302\244"
 641      52DB B2FB 
 641      E708 FD66 
 641      4DB3 A2FE 
 641      5594 BAC2 
 642 01cf EA80 F371 		.ascii	"\352\200\363q\375\313\230\274\304\222\365\\\277\262\242\262\320"
 642      FDCB 98BC 
 642      C492 F55C 
 642      BFB2 A2B2 
 642      D0
 643 01e0 E883 3EC0 		.ascii	"\350\203>\300n\360M\206\003@^\200\207x\006\376\210W\203\270\310"
 643      6EF0 4D86 
 643      0340 5E80 
 643      8778 06FE 
 643      8857 83B8 
 644 01f5 1448 18D1 		.ascii	"\024H\030\321\357%J\344\r3\204\374\007D\362M\353CpK\310\f!\313"
 644      EF25 4AE4 
 644      0D33 84FC 
 644      0744 F24D 
 644      EB43 704B 
 645 020d 19F4 3515 		.ascii	"\031\3645\025\374\022\206\177\006\366\2470\b^\305@\310K!\254"
 645      FC12 867F 
 645      06F6 A730 
 645      085E C540 
 645      C84B 21AC 
 646 0221 BC56 6709 		.ascii	"\274Vg\t\372\246)8p.o\016\375\222\367\371a\327\345\303\221\321"
 646      FAA6 2938 
 646      702E 6F0E 
 646      FD92 F7F9 
 646      61D7 E5C3 
 647 0237 FBD9 86F0 		.ascii	"\373\331\206\360jZ,@\362\002\210\217\201\270\030\304_\207h\374"
 647      6A5A 2C40 
 647      F202 888F 
 647      81B8 18C4 
 647      5F87 68FC 
 648 024b FFDE 28AA 		.ascii	"\377\336(\252\366\336\255\370\003\026\225j%\375\232\267\2518"
 648      F6DE ADF8 
 648      0316 956A 
 648      25FD 9AB7 
 648      A938 
 649 025d 7660 87A6 		.ascii	"v`\207\246m\301*#\203A\003v\235\265\234\3114\360M\005\327\300"
 649      6DC1 2A23 
 649      8341 0376 
 649      9DB5 9CC9 
 649      34F0 4D05 
 650 0273 074B 8F1A 		.ascii	"\007K\217\032\b\334\200EX\336\333\326{\037\350O\\\264\263\306"
 650      08DC 8045 
 650      58DE DBD6 
 650      7B1F E84F 
 650      5CB4 B3C6 
 651 0287 7FD4 60C4 		.ascii	"\177\324`\3049\263\215\301\0040\347=s\3144\213\217&\356\343&"
 651      39B3 8DC1 
 651      0430 E73D 
 651      73CC 348B 
 651      8F26 EEE3 
 652 029c 4823 F535 		.ascii	"H#\3655\371\367L\322H\313Zm'\226\314c\030hTL4*&r\321D"
 652      F9F7 4CD2 
 652      48CB 5A6D 
 652      2796 CC63 
 652      1868 544C 
 653 02b6 3337 F1D4 		.string	"37\361\324{3`\246y\300]\224\227\237\361QU\222\231\3215[B\346\336|\374b\236\r%\373Qr\360\b
 653      7B33 60A6 
 653      79C0 5D94 
 653      979F F151 
 653      5592 99D1 
 654 03b7 BF33 1081 		.string	"\2773\020\201Q\250\3450O\003\020A\266\263\217\223W+\211E\017b>p\017\371\331+\002~,\270\21
 654      51A8 E530 
 654      4F03 1041 
 654      B6B3 8F93 
 654      572B 8945 
 655 04b6 02B8 419F 		.ascii	"\002\270A\237\b\243A\n\3022d\251\007\327\372\031,f\322c\005\325"
 655      08A3 410A 
 655      C232 64A9 
 655      07D7 FA19 
 655      2C66 D263 
 656 04cc D4B6 2378 		.ascii	"\324\266#x@\361*\375\214\"\360\034l|jxE\360\370\263\254\237-"
 656      40F1 2AFD 
 656      8C22 F01C 
 656      6C7C 6A78 
 656      45F0 F8B3 
 657 04e3 2A98 2DE5 		.ascii	"*\230-\345\fx\\\202\3079\370dq\361\264Y\005\267\204\200'$x\202"
 657      0C78 5C82 
 657      C739 F864 
 657      71F1 B459 
 657      05B7 8480 
 658 04fb 83B5 5D45 		.ascii	"\203\265]E\037\252\330\366\020\354\013\211}\301\261=\236\203"
 658      1FAA D8F6 
 658      10EC 0B89 
 658      7DC1 B13D 
 658      9E83 
 659 050d 5EBB 0AEE 		.ascii	"^\273\n\356\n\001\277\224\340\227\034|d\340\274\037Tp_\bxR\202"
 659      0A01 BF94 
 659      E097 1C7C 
 659      64E0 BC1F 
 659      5470 5F08 
 660 0524 D935 C69D 		.ascii	"\3315\306\235\372\23531=\303\265<1=55=my\346\246\264D\247;%\325"
 660      FA9D 3331 
 660      3DC3 B53C 
 660      313D 3535 
 660      3D6D 79E6 
 661 053f 95B1 2CD1 		.ascii	"\225\261,\321\362\331\027_\305~\272z5Y\240f\227\255p}\273bU|"
 661      F2D9 175F 
 661      C57E BA7A 
 661      3559 A066 
 661      97AD 707D 
 662 0557 FC6A 62D9 		.ascii	"\374jb\331\230\222\346\216_\351t\363\233\025\0379\335\216\031"
 662      9892 E68E 
 662      5FE9 74F3 
 662      9B15 1F39 
 662      DD8E 19
 663 056a A033 252D 		.ascii	"\2403%-\305\375\301\277\321\223\367\024\364\306\rI\tn\227\232"
 663      C5FD C1BF 
 663      D193 F714 
 663      F4C6 0D49 
 663      096E 979A 
 664 057e C970 2524 		.ascii	"\311p%$\305\257t\204e\242\224g\327\372\204\r\231\256\244\371"
 664      C5AF 7484 
 664      65A2 9467 
 664      D7FA 840D 
 664      99AE A4F9 
 665 0592 6FA7 E257 		.ascii	"o\247\342W\332T\222\350p\033\302A2\211J\311t~\347\332\364MzB"
 665      DA54 92E8 
 665      701B C241 
 665      3289 4AC9 
 665      747E E7DA 
 666 05aa 4692 3335 		.ascii	"F\22235!\323\355\312\230\343\374$=}\375\373\341\025:\n\213\254"
 666      21D3 EDCA 
 666      98E3 FC24 
 666      3D7D FDFB 
 666      E115 3A0A 
 667 05c0 33D4 F610 		.ascii	"3\324\366\020UG\230\007\273b,5\323,\233\365\017\303F=v"
 667      5547 9807 
 667      BB62 2C35 
 667      D32C 9BF5 
 667      0FC3 463D 
 668               		.text
 669               		.section	.gnu.lto_.symtab.90f21935,"",@progbits
 670 0000 7379 6E63 		.string	"sync_timer_init"
 670      5F74 696D 
 670      6572 5F69 
 670      6E69 7400 
 671 0010 00        		.string	""
 672 0011 00        		.string	""
 673 0012 00        		.string	""
 674 0013 00        		.string	""
 675 0014 00        		.string	""
 676 0015 00        		.string	""
 677 0016 00        		.string	""
 678 0017 00        		.string	""
 679 0018 00        		.string	""
 680 0019 00        		.string	""
 681 001a 00        		.string	""
 682 001b CC00      		.string	"\314"
 683 001d 00        		.string	""
 684 001e 00        		.string	""
 685 001f 7379 6E63 		.string	"sync_timer_ms"
 685      5F74 696D 
 685      6572 5F6D 
 685      7300 
 686 002d 00        		.string	""
 687 002e 04        		.ascii	"\004"
 688 002f 00        		.string	""
 689 0030 0400      		.string	"\004"
 690 0032 00        		.string	""
 691 0033 00        		.string	""
 692 0034 00        		.string	""
 693 0035 00        		.string	""
 694 0036 00        		.string	""
 695 0037 00        		.string	""
 696 0038 F300      		.string	"\363"
 697 003a 00        		.string	""
 698 003b 00        		.string	""
 699 003c 7379 6E63 		.string	"sync_timer_update"
 699      5F74 696D 
 699      6572 5F75 
 699      7064 6174 
 699      6500 
 700 004e 00        		.string	""
 701 004f 00        		.string	""
 702 0050 00        		.string	""
 703 0051 00        		.string	""
 704 0052 00        		.string	""
 705 0053 00        		.string	""
 706 0054 00        		.string	""
 707 0055 00        		.string	""
 708 0056 00        		.string	""
 709 0057 00        		.string	""
 710 0058 00        		.string	""
 711 0059 D000      		.string	"\320"
 712 005b 00        		.string	""
 713 005c 00        		.string	""
 714 005d 7379 6E63 		.string	"sync_timer_read32"
 714      5F74 696D 
 714      6572 5F72 
 714      6561 6433 
 714      3200 
 715 006f 00        		.string	""
 716 0070 00        		.string	""
 717 0071 00        		.string	""
 718 0072 00        		.string	""
 719 0073 00        		.string	""
 720 0074 00        		.string	""
 721 0075 00        		.string	""
 722 0076 00        		.string	""
 723 0077 00        		.string	""
 724 0078 00        		.string	""
 725 0079 00        		.string	""
 726 007a D300      		.string	"\323"
 727 007c 00        		.string	""
 728 007d 00        		.string	""
 729 007e 7379 6E63 		.string	"sync_timer_read"
 729      5F74 696D 
 729      6572 5F72 
 729      6561 6400 
 730 008e 00        		.string	""
 731 008f 00        		.string	""
 732 0090 00        		.string	""
 733 0091 00        		.string	""
 734 0092 00        		.string	""
 735 0093 00        		.string	""
 736 0094 00        		.string	""
 737 0095 00        		.string	""
 738 0096 00        		.string	""
 739 0097 00        		.string	""
 740 0098 00        		.string	""
 741 0099 D600      		.string	"\326"
 742 009b 00        		.string	""
 743 009c 00        		.string	""
 744 009d 7379 6E63 		.string	"sync_timer_elapsed"
 744      5F74 696D 
 744      6572 5F65 
 744      6C61 7073 
 744      6564 00
 745 00b0 00        		.string	""
 746 00b1 00        		.string	""
 747 00b2 00        		.string	""
 748 00b3 00        		.string	""
 749 00b4 00        		.string	""
 750 00b5 00        		.string	""
 751 00b6 00        		.string	""
 752 00b7 00        		.string	""
 753 00b8 00        		.string	""
 754 00b9 00        		.string	""
 755 00ba 00        		.string	""
 756 00bb DA00      		.string	"\332"
 757 00bd 00        		.string	""
 758 00be 00        		.string	""
 759 00bf 7379 6E63 		.string	"sync_timer_elapsed32"
 759      5F74 696D 
 759      6572 5F65 
 759      6C61 7073 
 759      6564 3332 
 760 00d4 00        		.string	""
 761 00d5 00        		.string	""
 762 00d6 00        		.string	""
 763 00d7 00        		.string	""
 764 00d8 00        		.string	""
 765 00d9 00        		.string	""
 766 00da 00        		.string	""
 767 00db 00        		.string	""
 768 00dc 00        		.string	""
 769 00dd 00        		.string	""
 770 00de 00        		.string	""
 771 00df DE00      		.string	"\336"
 772 00e1 00        		.string	""
 773 00e2 00        		.string	""
 774 00e3 7469 6D65 		.string	"timer_read32"
 774      725F 7265 
 774      6164 3332 
 774      00
 775 00f0 00        		.string	""
 776 00f1 02        		.ascii	"\002"
 777 00f2 00        		.string	""
 778 00f3 00        		.string	""
 779 00f4 00        		.string	""
 780 00f5 00        		.string	""
 781 00f6 00        		.string	""
 782 00f7 00        		.string	""
 783 00f8 00        		.string	""
 784 00f9 00        		.string	""
 785 00fa 00        		.string	""
 786 00fb E000      		.string	"\340"
 787 00fd 00        		.string	""
 788 00fe 00        		.string	""
 789 00ff 6973 5F6B 		.string	"is_keyboard_master"
 789      6579 626F 
 789      6172 645F 
 789      6D61 7374 
 789      6572 00
 790 0112 00        		.string	""
 791 0113 02        		.ascii	"\002"
 792 0114 00        		.string	""
 793 0115 00        		.string	""
 794 0116 00        		.string	""
 795 0117 00        		.string	""
 796 0118 00        		.string	""
 797 0119 00        		.string	""
 798 011a 00        		.string	""
 799 011b 00        		.string	""
 800 011c 00        		.string	""
 801 011d E700      		.string	"\347"
 802 011f 00        		.string	""
 803 0120 00        		.string	""
 804 0121 7469 6D65 		.string	"timer_read"
 804      725F 7265 
 804      6164 00
 805 012c 00        		.string	""
 806 012d 02        		.ascii	"\002"
 807 012e 00        		.string	""
 808 012f 00        		.string	""
 809 0130 00        		.string	""
 810 0131 00        		.string	""
 811 0132 00        		.string	""
 812 0133 00        		.string	""
 813 0134 00        		.string	""
 814 0135 00        		.string	""
 815 0136 00        		.string	""
 816 0137 E900      		.string	"\351"
 817 0139 00        		.string	""
 818 013a 00        		.string	""
 819 013b 7469 6D65 		.string	"timer_elapsed"
 819      725F 656C 
 819      6170 7365 
 819      6400 
 820 0149 00        		.string	""
 821 014a 02        		.ascii	"\002"
 822 014b 00        		.string	""
 823 014c 00        		.string	""
 824 014d 00        		.string	""
 825 014e 00        		.string	""
 826 014f 00        		.string	""
 827 0150 00        		.string	""
 828 0151 00        		.string	""
 829 0152 00        		.string	""
 830 0153 00        		.string	""
 831 0154 EB00      		.string	"\353"
 832 0156 00        		.string	""
 833 0157 00        		.string	""
 834 0158 7469 6D65 		.string	"timer_elapsed32"
 834      725F 656C 
 834      6170 7365 
 834      6433 3200 
 835 0168 00        		.string	""
 836 0169 02        		.ascii	"\002"
 837 016a 00        		.string	""
 838 016b 00        		.string	""
 839 016c 00        		.string	""
 840 016d 00        		.string	""
 841 016e 00        		.string	""
 842 016f 00        		.string	""
 843 0170 00        		.string	""
 844 0171 00        		.string	""
 845 0172 00        		.string	""
 846 0173 ED00      		.string	"\355"
 847 0175 00        		.string	""
 848 0176 00        		.string	""
 849               		.text
 850               		.section	.gnu.lto_.opts,"",@progbits
 851 0000 272D 666E 		.ascii	"'-fn"
 852 0004 6F2D 6F70 		.string	"o-openmp' '-fno-openacc' '-fno-pie' '-mn-flash=1' '-mno-skip-bug' '-mmcu=avr5' '-Os' '-We
 852      656E 6D70 
 852      2720 272D 
 852      666E 6F2D 
 852      6F70 656E 
 853               		.text
 854               		.comm	__gnu_lto_v1,1,1
 855               		.comm	__gnu_lto_slim,1,1
 856               		.ident	"GCC: (GNU) 8.4.0"
DEFINED SYMBOLS
                            *ABS*:0000000000000000 sync_timer.c
C:\Users\Roningo\AppData\Local\Temp\ccxYhcKy.s:2      *ABS*:000000000000003e __SP_H__
C:\Users\Roningo\AppData\Local\Temp\ccxYhcKy.s:3      *ABS*:000000000000003d __SP_L__
C:\Users\Roningo\AppData\Local\Temp\ccxYhcKy.s:4      *ABS*:000000000000003f __SREG__
C:\Users\Roningo\AppData\Local\Temp\ccxYhcKy.s:5      *ABS*:0000000000000000 __tmp_reg__
C:\Users\Roningo\AppData\Local\Temp\ccxYhcKy.s:6      *ABS*:0000000000000001 __zero_reg__
C:\Users\Roningo\AppData\Local\Temp\ccxYhcKy.s:14     .gnu.debuglto_.debug_info:0000000000000000 sync_timer.c.1ef14339
                            *COM*:0000000000000001 __gnu_lto_v1
                            *COM*:0000000000000001 __gnu_lto_slim

NO UNDEFINED SYMBOLS
