   1               		.file	"usb_util.c"
   2               	__SP_H__ = 0x3e
   3               	__SP_L__ = 0x3d
   4               	__SREG__ = 0x3f
   5               	__tmp_reg__ = 0
   6               	__zero_reg__ = 1
   7               		.file 1 "e:\\game\\msys2\\mingw64\\avr\\include\\stdint.h"
   8               		.file 2 "e:\\game\\msys2\\mingw64\\lib\\gcc\\avr\\8.4.0\\include\\stddef.h"
   9               		.file 3 "tmk_core/common/report.h"
  10               		.file 4 "tmk_core/common/action.h"
  11               		.file 5 "tmk_core/common/host.h"
  12               		.file 6 "tmk_core/common/avr/xprintf.h"
  13               		.file 7 "tmk_core/common/debug.h"
  14               		.file 8 "quantum/keycode_config.h"
  15               		.file 9 "tmk_core/common/timer.h"
  16               		.file 10 "quantum/sequencer/sequencer.h"
  17               		.file 11 "quantum/keymap.h"
  18               		.file 12 "./quantum/color.h"
  19               		.file 13 "quantum/rgblight.h"
  20               		.file 14 "tmk_core/common/action_layer.h"
  21               		.file 15 "tmk_core/common/action_util.h"
  22               		.file 16 "quantum/send_string.h"
  23               		.file 17 "e:\\game\\msys2\\mingw64\\avr\\include\\stdlib.h"
  24               		.file 18 "quantum/process_keycode/process_tap_dance.h"
  25               		.file 19 "tmk_core/common/usb_util.c"
  26               		.section	.gnu.debuglto_.debug_info,"",@progbits
  27               	.Ldebug_info0:
  28               		.hidden	usb_util.c.a97d4099
  29               		.weak	usb_util.c.a97d4099
  30               	usb_util.c.a97d4099:
  31 0000 8009 0000 		.long	0x980
  32 0004 0200      		.word	0x2
  33 0006 0000 0000 		.long	.Ldebug_abbrev0
  34 000a 04        		.byte	0x4
  35 000b 01        		.uleb128 0x1
  36 000c 0000 0000 		.long	.LASF130
  37 0010 0C        		.byte	0xc
  38 0011 0000 0000 		.long	.LASF131
  39 0015 0000 0000 		.long	.LASF132
  40 0019 0000 0000 		.long	.Ldebug_line0
  41 001d 02        		.uleb128 0x2
  42 001e 0000 0000 		.long	.LASF0
  43 0022 01        		.byte	0x1
  44 0023 7D        		.byte	0x7d
  45 0024 14        		.byte	0x14
  46 0025 2900 0000 		.long	0x29
  47 0029 03        		.uleb128 0x3
  48 002a 01        		.byte	0x1
  49 002b 06        		.byte	0x6
  50 002c 0000 0000 		.long	.LASF2
  51 0030 02        		.uleb128 0x2
  52 0031 0000 0000 		.long	.LASF1
  53 0035 01        		.byte	0x1
  54 0036 7E        		.byte	0x7e
  55 0037 16        		.byte	0x16
  56 0038 4100 0000 		.long	0x41
  57 003c 04        		.uleb128 0x4
  58 003d 3000 0000 		.long	0x30
  59 0041 03        		.uleb128 0x3
  60 0042 01        		.byte	0x1
  61 0043 08        		.byte	0x8
  62 0044 0000 0000 		.long	.LASF3
  63 0048 05        		.uleb128 0x5
  64 0049 02        		.byte	0x2
  65 004a 05        		.byte	0x5
  66 004b 696E 7400 		.string	"int"
  67 004f 02        		.uleb128 0x2
  68 0050 0000 0000 		.long	.LASF4
  69 0054 01        		.byte	0x1
  70 0055 80        		.byte	0x80
  71 0056 16        		.byte	0x16
  72 0057 6000 0000 		.long	0x60
  73 005b 04        		.uleb128 0x4
  74 005c 4F00 0000 		.long	0x4f
  75 0060 03        		.uleb128 0x3
  76 0061 02        		.byte	0x2
  77 0062 07        		.byte	0x7
  78 0063 0000 0000 		.long	.LASF5
  79 0067 03        		.uleb128 0x3
  80 0068 04        		.byte	0x4
  81 0069 05        		.byte	0x5
  82 006a 0000 0000 		.long	.LASF6
  83 006e 02        		.uleb128 0x2
  84 006f 0000 0000 		.long	.LASF7
  85 0073 01        		.byte	0x1
  86 0074 82        		.byte	0x82
  87 0075 16        		.byte	0x16
  88 0076 7F00 0000 		.long	0x7f
  89 007a 06        		.uleb128 0x6
  90 007b 6E00 0000 		.long	0x6e
  91 007f 03        		.uleb128 0x3
  92 0080 04        		.byte	0x4
  93 0081 07        		.byte	0x7
  94 0082 0000 0000 		.long	.LASF8
  95 0086 03        		.uleb128 0x3
  96 0087 08        		.byte	0x8
  97 0088 05        		.byte	0x5
  98 0089 0000 0000 		.long	.LASF9
  99 008d 03        		.uleb128 0x3
 100 008e 08        		.byte	0x8
 101 008f 07        		.byte	0x7
 102 0090 0000 0000 		.long	.LASF10
 103 0094 02        		.uleb128 0x2
 104 0095 0000 0000 		.long	.LASF11
 105 0099 02        		.byte	0x2
 106 009a D8        		.byte	0xd8
 107 009b 17        		.byte	0x17
 108 009c 6000 0000 		.long	0x60
 109 00a0 03        		.uleb128 0x3
 110 00a1 01        		.byte	0x1
 111 00a2 02        		.byte	0x2
 112 00a3 0000 0000 		.long	.LASF12
 113 00a7 07        		.uleb128 0x7
 114 00a8 0000 0000 		.long	.LASF17
 115 00ac 04        		.byte	0x4
 116 00ad 4B        		.byte	0x4b
 117 00ae 0D        		.byte	0xd
 118 00af A000 0000 		.long	0xa0
 119 00b3 01        		.byte	0x1
 120 00b4 01        		.byte	0x1
 121 00b5 08        		.uleb128 0x8
 122 00b6 08        		.byte	0x8
 123 00b7 03        		.byte	0x3
 124 00b8 AD        		.byte	0xad
 125 00b9 05        		.byte	0x5
 126 00ba EC00 0000 		.long	0xec
 127 00be 09        		.uleb128 0x9
 128 00bf 0000 0000 		.long	.LASF13
 129 00c3 03        		.byte	0x3
 130 00c4 B1        		.byte	0xb1
 131 00c5 11        		.byte	0x11
 132 00c6 3000 0000 		.long	0x30
 133 00ca 02        		.byte	0x2
 134 00cb 23        		.byte	0x23
 135 00cc 00        		.uleb128 0
 136 00cd 09        		.uleb128 0x9
 137 00ce 0000 0000 		.long	.LASF14
 138 00d2 03        		.byte	0x3
 139 00d3 B2        		.byte	0xb2
 140 00d4 11        		.byte	0x11
 141 00d5 3000 0000 		.long	0x30
 142 00d9 02        		.byte	0x2
 143 00da 23        		.byte	0x23
 144 00db 01        		.uleb128 0x1
 145 00dc 09        		.uleb128 0x9
 146 00dd 0000 0000 		.long	.LASF15
 147 00e1 03        		.byte	0x3
 148 00e2 B3        		.byte	0xb3
 149 00e3 11        		.byte	0x11
 150 00e4 EC00 0000 		.long	0xec
 151 00e8 02        		.byte	0x2
 152 00e9 23        		.byte	0x23
 153 00ea 02        		.uleb128 0x2
 154 00eb 00        		.byte	0
 155 00ec 0A        		.uleb128 0xa
 156 00ed 3000 0000 		.long	0x30
 157 00f1 FC00 0000 		.long	0xfc
 158 00f5 0B        		.uleb128 0xb
 159 00f6 6000 0000 		.long	0x60
 160 00fa 05        		.byte	0x5
 161 00fb 00        		.byte	0
 162 00fc 0C        		.uleb128 0xc
 163 00fd 08        		.byte	0x8
 164 00fe 03        		.byte	0x3
 165 00ff AB        		.byte	0xab
 166 0100 09        		.byte	0x9
 167 0101 1701 0000 		.long	0x117
 168 0105 0D        		.uleb128 0xd
 169 0106 7261 7700 		.string	"raw"
 170 010a 03        		.byte	0x3
 171 010b AC        		.byte	0xac
 172 010c 0D        		.byte	0xd
 173 010d 1701 0000 		.long	0x117
 174 0111 0E        		.uleb128 0xe
 175 0112 B500 0000 		.long	0xb5
 176 0116 00        		.byte	0
 177 0117 0A        		.uleb128 0xa
 178 0118 3000 0000 		.long	0x30
 179 011c 2701 0000 		.long	0x127
 180 0120 0B        		.uleb128 0xb
 181 0121 6000 0000 		.long	0x60
 182 0125 07        		.byte	0x7
 183 0126 00        		.byte	0
 184 0127 02        		.uleb128 0x2
 185 0128 0000 0000 		.long	.LASF16
 186 012c 03        		.byte	0x3
 187 012d BE        		.byte	0xbe
 188 012e 1B        		.byte	0x1b
 189 012f FC00 0000 		.long	0xfc
 190 0133 0F        		.uleb128 0xf
 191 0134 02        		.byte	0x2
 192 0135 2701 0000 		.long	0x127
 193 0139 07        		.uleb128 0x7
 194 013a 0000 0000 		.long	.LASF18
 195 013e 05        		.byte	0x5
 196 013f 24        		.byte	0x24
 197 0140 10        		.byte	0x10
 198 0141 3000 0000 		.long	0x30
 199 0145 01        		.byte	0x1
 200 0146 01        		.byte	0x1
 201 0147 07        		.uleb128 0x7
 202 0148 0000 0000 		.long	.LASF19
 203 014c 05        		.byte	0x5
 204 014d 25        		.byte	0x25
 205 014e 10        		.byte	0x10
 206 014f 3000 0000 		.long	0x30
 207 0153 01        		.byte	0x1
 208 0154 01        		.byte	0x1
 209 0155 10        		.uleb128 0x10
 210 0156 01        		.byte	0x1
 211 0157 6101 0000 		.long	0x161
 212 015b 11        		.uleb128 0x11
 213 015c 3000 0000 		.long	0x30
 214 0160 00        		.byte	0
 215 0161 07        		.uleb128 0x7
 216 0162 0000 0000 		.long	.LASF20
 217 0166 06        		.byte	0x6
 218 0167 0E        		.byte	0xe
 219 0168 0F        		.byte	0xf
 220 0169 6F01 0000 		.long	0x16f
 221 016d 01        		.byte	0x1
 222 016e 01        		.byte	0x1
 223 016f 0F        		.uleb128 0xf
 224 0170 02        		.byte	0x2
 225 0171 5501 0000 		.long	0x155
 226 0175 08        		.uleb128 0x8
 227 0176 01        		.byte	0x1
 228 0177 07        		.byte	0x7
 229 0178 1F        		.byte	0x1f
 230 0179 05        		.byte	0x5
 231 017a D901 0000 		.long	0x1d9
 232 017e 12        		.uleb128 0x12
 233 017f 0000 0000 		.long	.LASF21
 234 0183 07        		.byte	0x7
 235 0184 20        		.byte	0x20
 236 0185 11        		.byte	0x11
 237 0186 A000 0000 		.long	0xa0
 238 018a 01        		.byte	0x1
 239 018b 01        		.byte	0x1
 240 018c 07        		.byte	0x7
 241 018d 02        		.byte	0x2
 242 018e 23        		.byte	0x23
 243 018f 00        		.uleb128 0
 244 0190 12        		.uleb128 0x12
 245 0191 0000 0000 		.long	.LASF22
 246 0195 07        		.byte	0x7
 247 0196 21        		.byte	0x21
 248 0197 11        		.byte	0x11
 249 0198 A000 0000 		.long	0xa0
 250 019c 01        		.byte	0x1
 251 019d 01        		.byte	0x1
 252 019e 06        		.byte	0x6
 253 019f 02        		.byte	0x2
 254 01a0 23        		.byte	0x23
 255 01a1 00        		.uleb128 0
 256 01a2 12        		.uleb128 0x12
 257 01a3 0000 0000 		.long	.LASF23
 258 01a7 07        		.byte	0x7
 259 01a8 22        		.byte	0x22
 260 01a9 11        		.byte	0x11
 261 01aa A000 0000 		.long	0xa0
 262 01ae 01        		.byte	0x1
 263 01af 01        		.byte	0x1
 264 01b0 05        		.byte	0x5
 265 01b1 02        		.byte	0x2
 266 01b2 23        		.byte	0x23
 267 01b3 00        		.uleb128 0
 268 01b4 12        		.uleb128 0x12
 269 01b5 0000 0000 		.long	.LASF24
 270 01b9 07        		.byte	0x7
 271 01ba 23        		.byte	0x23
 272 01bb 11        		.byte	0x11
 273 01bc A000 0000 		.long	0xa0
 274 01c0 01        		.byte	0x1
 275 01c1 01        		.byte	0x1
 276 01c2 04        		.byte	0x4
 277 01c3 02        		.byte	0x2
 278 01c4 23        		.byte	0x23
 279 01c5 00        		.uleb128 0
 280 01c6 12        		.uleb128 0x12
 281 01c7 0000 0000 		.long	.LASF14
 282 01cb 07        		.byte	0x7
 283 01cc 24        		.byte	0x24
 284 01cd 11        		.byte	0x11
 285 01ce 3000 0000 		.long	0x30
 286 01d2 01        		.byte	0x1
 287 01d3 04        		.byte	0x4
 288 01d4 00        		.byte	0
 289 01d5 02        		.byte	0x2
 290 01d6 23        		.byte	0x23
 291 01d7 00        		.uleb128 0
 292 01d8 00        		.byte	0
 293 01d9 0C        		.uleb128 0xc
 294 01da 01        		.byte	0x1
 295 01db 07        		.byte	0x7
 296 01dc 1E        		.byte	0x1e
 297 01dd 09        		.byte	0x9
 298 01de F401 0000 		.long	0x1f4
 299 01e2 0E        		.uleb128 0xe
 300 01e3 7501 0000 		.long	0x175
 301 01e7 0D        		.uleb128 0xd
 302 01e8 7261 7700 		.string	"raw"
 303 01ec 07        		.byte	0x7
 304 01ed 26        		.byte	0x26
 305 01ee 0D        		.byte	0xd
 306 01ef 3000 0000 		.long	0x30
 307 01f3 00        		.byte	0
 308 01f4 02        		.uleb128 0x2
 309 01f5 0000 0000 		.long	.LASF25
 310 01f9 07        		.byte	0x7
 311 01fa 27        		.byte	0x27
 312 01fb 03        		.byte	0x3
 313 01fc D901 0000 		.long	0x1d9
 314 0200 07        		.uleb128 0x7
 315 0201 0000 0000 		.long	.LASF26
 316 0205 07        		.byte	0x7
 317 0206 29        		.byte	0x29
 318 0207 17        		.byte	0x17
 319 0208 F401 0000 		.long	0x1f4
 320 020c 01        		.byte	0x1
 321 020d 01        		.byte	0x1
 322 020e 08        		.uleb128 0x8
 323 020f 02        		.byte	0x2
 324 0210 08        		.byte	0x8
 325 0211 1D        		.byte	0x1d
 326 0212 05        		.byte	0x5
 327 0213 DE02 0000 		.long	0x2de
 328 0217 12        		.uleb128 0x12
 329 0218 0000 0000 		.long	.LASF27
 330 021c 08        		.byte	0x8
 331 021d 1E        		.byte	0x1e
 332 021e 0E        		.byte	0xe
 333 021f A000 0000 		.long	0xa0
 334 0223 01        		.byte	0x1
 335 0224 01        		.byte	0x1
 336 0225 07        		.byte	0x7
 337 0226 02        		.byte	0x2
 338 0227 23        		.byte	0x23
 339 0228 00        		.uleb128 0
 340 0229 12        		.uleb128 0x12
 341 022a 0000 0000 		.long	.LASF28
 342 022e 08        		.byte	0x8
 343 022f 1F        		.byte	0x1f
 344 0230 0E        		.byte	0xe
 345 0231 A000 0000 		.long	0xa0
 346 0235 01        		.byte	0x1
 347 0236 01        		.byte	0x1
 348 0237 06        		.byte	0x6
 349 0238 02        		.byte	0x2
 350 0239 23        		.byte	0x23
 351 023a 00        		.uleb128 0
 352 023b 12        		.uleb128 0x12
 353 023c 0000 0000 		.long	.LASF29
 354 0240 08        		.byte	0x8
 355 0241 20        		.byte	0x20
 356 0242 0E        		.byte	0xe
 357 0243 A000 0000 		.long	0xa0
 358 0247 01        		.byte	0x1
 359 0248 01        		.byte	0x1
 360 0249 05        		.byte	0x5
 361 024a 02        		.byte	0x2
 362 024b 23        		.byte	0x23
 363 024c 00        		.uleb128 0
 364 024d 12        		.uleb128 0x12
 365 024e 0000 0000 		.long	.LASF30
 366 0252 08        		.byte	0x8
 367 0253 21        		.byte	0x21
 368 0254 0E        		.byte	0xe
 369 0255 A000 0000 		.long	0xa0
 370 0259 01        		.byte	0x1
 371 025a 01        		.byte	0x1
 372 025b 04        		.byte	0x4
 373 025c 02        		.byte	0x2
 374 025d 23        		.byte	0x23
 375 025e 00        		.uleb128 0
 376 025f 12        		.uleb128 0x12
 377 0260 0000 0000 		.long	.LASF31
 378 0264 08        		.byte	0x8
 379 0265 22        		.byte	0x22
 380 0266 0E        		.byte	0xe
 381 0267 A000 0000 		.long	0xa0
 382 026b 01        		.byte	0x1
 383 026c 01        		.byte	0x1
 384 026d 03        		.byte	0x3
 385 026e 02        		.byte	0x2
 386 026f 23        		.byte	0x23
 387 0270 00        		.uleb128 0
 388 0271 12        		.uleb128 0x12
 389 0272 0000 0000 		.long	.LASF32
 390 0276 08        		.byte	0x8
 391 0277 23        		.byte	0x23
 392 0278 0E        		.byte	0xe
 393 0279 A000 0000 		.long	0xa0
 394 027d 01        		.byte	0x1
 395 027e 01        		.byte	0x1
 396 027f 02        		.byte	0x2
 397 0280 02        		.byte	0x2
 398 0281 23        		.byte	0x23
 399 0282 00        		.uleb128 0
 400 0283 12        		.uleb128 0x12
 401 0284 0000 0000 		.long	.LASF33
 402 0288 08        		.byte	0x8
 403 0289 24        		.byte	0x24
 404 028a 0E        		.byte	0xe
 405 028b A000 0000 		.long	0xa0
 406 028f 01        		.byte	0x1
 407 0290 01        		.byte	0x1
 408 0291 01        		.byte	0x1
 409 0292 02        		.byte	0x2
 410 0293 23        		.byte	0x23
 411 0294 00        		.uleb128 0
 412 0295 12        		.uleb128 0x12
 413 0296 0000 0000 		.long	.LASF34
 414 029a 08        		.byte	0x8
 415 029b 25        		.byte	0x25
 416 029c 0E        		.byte	0xe
 417 029d A000 0000 		.long	0xa0
 418 02a1 01        		.byte	0x1
 419 02a2 01        		.byte	0x1
 420 02a3 00        		.byte	0
 421 02a4 02        		.byte	0x2
 422 02a5 23        		.byte	0x23
 423 02a6 00        		.uleb128 0
 424 02a7 12        		.uleb128 0x12
 425 02a8 0000 0000 		.long	.LASF35
 426 02ac 08        		.byte	0x8
 427 02ad 26        		.byte	0x26
 428 02ae 0E        		.byte	0xe
 429 02af A000 0000 		.long	0xa0
 430 02b3 01        		.byte	0x1
 431 02b4 01        		.byte	0x1
 432 02b5 07        		.byte	0x7
 433 02b6 02        		.byte	0x2
 434 02b7 23        		.byte	0x23
 435 02b8 01        		.uleb128 0x1
 436 02b9 12        		.uleb128 0x12
 437 02ba 0000 0000 		.long	.LASF36
 438 02be 08        		.byte	0x8
 439 02bf 27        		.byte	0x27
 440 02c0 0E        		.byte	0xe
 441 02c1 A000 0000 		.long	0xa0
 442 02c5 01        		.byte	0x1
 443 02c6 01        		.byte	0x1
 444 02c7 06        		.byte	0x6
 445 02c8 02        		.byte	0x2
 446 02c9 23        		.byte	0x23
 447 02ca 01        		.uleb128 0x1
 448 02cb 12        		.uleb128 0x12
 449 02cc 0000 0000 		.long	.LASF37
 450 02d0 08        		.byte	0x8
 451 02d1 28        		.byte	0x28
 452 02d2 0E        		.byte	0xe
 453 02d3 A000 0000 		.long	0xa0
 454 02d7 01        		.byte	0x1
 455 02d8 01        		.byte	0x1
 456 02d9 05        		.byte	0x5
 457 02da 02        		.byte	0x2
 458 02db 23        		.byte	0x23
 459 02dc 01        		.uleb128 0x1
 460 02dd 00        		.byte	0
 461 02de 0C        		.uleb128 0xc
 462 02df 02        		.byte	0x2
 463 02e0 08        		.byte	0x8
 464 02e1 1B        		.byte	0x1b
 465 02e2 09        		.byte	0x9
 466 02e3 F902 0000 		.long	0x2f9
 467 02e7 0D        		.uleb128 0xd
 468 02e8 7261 7700 		.string	"raw"
 469 02ec 08        		.byte	0x8
 470 02ed 1C        		.byte	0x1c
 471 02ee 0E        		.byte	0xe
 472 02ef 4F00 0000 		.long	0x4f
 473 02f3 0E        		.uleb128 0xe
 474 02f4 0E02 0000 		.long	0x20e
 475 02f8 00        		.byte	0
 476 02f9 02        		.uleb128 0x2
 477 02fa 0000 0000 		.long	.LASF38
 478 02fe 08        		.byte	0x8
 479 02ff 2A        		.byte	0x2a
 480 0300 03        		.byte	0x3
 481 0301 DE02 0000 		.long	0x2de
 482 0305 07        		.uleb128 0x7
 483 0306 0000 0000 		.long	.LASF39
 484 030a 08        		.byte	0x8
 485 030b 2C        		.byte	0x2c
 486 030c 18        		.byte	0x18
 487 030d F902 0000 		.long	0x2f9
 488 0311 01        		.byte	0x1
 489 0312 01        		.byte	0x1
 490 0313 07        		.uleb128 0x7
 491 0314 0000 0000 		.long	.LASF40
 492 0318 09        		.byte	0x9
 493 0319 20        		.byte	0x20
 494 031a 1A        		.byte	0x1a
 495 031b 7A00 0000 		.long	0x7a
 496 031f 01        		.byte	0x1
 497 0320 01        		.byte	0x1
 498 0321 13        		.uleb128 0x13
 499 0322 07        		.byte	0x7
 500 0323 01        		.byte	0x1
 501 0324 4100 0000 		.long	0x41
 502 0328 0A        		.byte	0xa
 503 0329 2D        		.byte	0x2d
 504 032a 0E        		.byte	0xe
 505 032b 6C03 0000 		.long	0x36c
 506 032f 14        		.uleb128 0x14
 507 0330 0000 0000 		.long	.LASF41
 508 0334 00        		.byte	0
 509 0335 14        		.uleb128 0x14
 510 0336 0000 0000 		.long	.LASF42
 511 033a 01        		.byte	0x1
 512 033b 14        		.uleb128 0x14
 513 033c 0000 0000 		.long	.LASF43
 514 0340 02        		.byte	0x2
 515 0341 14        		.uleb128 0x14
 516 0342 0000 0000 		.long	.LASF44
 517 0346 03        		.byte	0x3
 518 0347 14        		.uleb128 0x14
 519 0348 0000 0000 		.long	.LASF45
 520 034c 04        		.byte	0x4
 521 034d 14        		.uleb128 0x14
 522 034e 0000 0000 		.long	.LASF46
 523 0352 05        		.byte	0x5
 524 0353 14        		.uleb128 0x14
 525 0354 0000 0000 		.long	.LASF47
 526 0358 06        		.byte	0x6
 527 0359 14        		.uleb128 0x14
 528 035a 0000 0000 		.long	.LASF48
 529 035e 07        		.byte	0x7
 530 035f 14        		.uleb128 0x14
 531 0360 0000 0000 		.long	.LASF49
 532 0364 08        		.byte	0x8
 533 0365 14        		.uleb128 0x14
 534 0366 0000 0000 		.long	.LASF50
 535 036a 09        		.byte	0x9
 536 036b 00        		.byte	0
 537 036c 02        		.uleb128 0x2
 538 036d 0000 0000 		.long	.LASF51
 539 0371 0A        		.byte	0xa
 540 0372 2D        		.byte	0x2d
 541 0373 89        		.byte	0x89
 542 0374 2103 0000 		.long	0x321
 543 0378 08        		.uleb128 0x8
 544 0379 23        		.byte	0x23
 545 037a 0A        		.byte	0xa
 546 037b 2F        		.byte	0x2f
 547 037c 09        		.byte	0x9
 548 037d CD03 0000 		.long	0x3cd
 549 0381 09        		.uleb128 0x9
 550 0382 0000 0000 		.long	.LASF52
 551 0386 0A        		.byte	0xa
 552 0387 30        		.byte	0x30
 553 0388 1C        		.byte	0x1c
 554 0389 A000 0000 		.long	0xa0
 555 038d 02        		.byte	0x2
 556 038e 23        		.byte	0x23
 557 038f 00        		.uleb128 0
 558 0390 09        		.uleb128 0x9
 559 0391 0000 0000 		.long	.LASF53
 560 0395 0A        		.byte	0xa
 561 0396 31        		.byte	0x31
 562 0397 1C        		.byte	0x1c
 563 0398 CD03 0000 		.long	0x3cd
 564 039c 02        		.byte	0x2
 565 039d 23        		.byte	0x23
 566 039e 01        		.uleb128 0x1
 567 039f 09        		.uleb128 0x9
 568 03a0 0000 0000 		.long	.LASF54
 569 03a4 0A        		.byte	0xa
 570 03a5 32        		.byte	0x32
 571 03a6 1C        		.byte	0x1c
 572 03a7 DD03 0000 		.long	0x3dd
 573 03ab 02        		.byte	0x2
 574 03ac 23        		.byte	0x23
 575 03ad 11        		.uleb128 0x11
 576 03ae 09        		.uleb128 0x9
 577 03af 0000 0000 		.long	.LASF55
 578 03b3 0A        		.byte	0xa
 579 03b4 33        		.byte	0x33
 580 03b5 1C        		.byte	0x1c
 581 03b6 3000 0000 		.long	0x30
 582 03ba 02        		.byte	0x2
 583 03bb 23        		.byte	0x23
 584 03bc 21        		.uleb128 0x21
 585 03bd 09        		.uleb128 0x9
 586 03be 0000 0000 		.long	.LASF56
 587 03c2 0A        		.byte	0xa
 588 03c3 34        		.byte	0x34
 589 03c4 1C        		.byte	0x1c
 590 03c5 6C03 0000 		.long	0x36c
 591 03c9 02        		.byte	0x2
 592 03ca 23        		.byte	0x23
 593 03cb 22        		.uleb128 0x22
 594 03cc 00        		.byte	0
 595 03cd 0A        		.uleb128 0xa
 596 03ce 3000 0000 		.long	0x30
 597 03d2 DD03 0000 		.long	0x3dd
 598 03d6 0B        		.uleb128 0xb
 599 03d7 6000 0000 		.long	0x60
 600 03db 0F        		.byte	0xf
 601 03dc 00        		.byte	0
 602 03dd 0A        		.uleb128 0xa
 603 03de 4F00 0000 		.long	0x4f
 604 03e2 ED03 0000 		.long	0x3ed
 605 03e6 0B        		.uleb128 0xb
 606 03e7 6000 0000 		.long	0x60
 607 03eb 07        		.byte	0x7
 608 03ec 00        		.byte	0
 609 03ed 02        		.uleb128 0x2
 610 03ee 0000 0000 		.long	.LASF57
 611 03f2 0A        		.byte	0xa
 612 03f3 35        		.byte	0x35
 613 03f4 03        		.byte	0x3
 614 03f5 7803 0000 		.long	0x378
 615 03f9 15        		.uleb128 0x15
 616 03fa 0000 0000 		.long	.LASF61
 617 03fe 07        		.byte	0x7
 618 03ff 01        		.byte	0x1
 619 0400 4100 0000 		.long	0x41
 620 0404 0A        		.byte	0xa
 621 0405 3B        		.byte	0x3b
 622 0406 0E        		.byte	0xe
 623 0407 1E04 0000 		.long	0x41e
 624 040b 14        		.uleb128 0x14
 625 040c 0000 0000 		.long	.LASF58
 626 0410 00        		.byte	0
 627 0411 14        		.uleb128 0x14
 628 0412 0000 0000 		.long	.LASF59
 629 0416 01        		.byte	0x1
 630 0417 14        		.uleb128 0x14
 631 0418 0000 0000 		.long	.LASF60
 632 041c 02        		.byte	0x2
 633 041d 00        		.byte	0
 634 041e 02        		.uleb128 0x2
 635 041f 0000 0000 		.long	.LASF61
 636 0423 0A        		.byte	0xa
 637 0424 3F        		.byte	0x3f
 638 0425 03        		.byte	0x3
 639 0426 F903 0000 		.long	0x3f9
 640 042a 08        		.uleb128 0x8
 641 042b 06        		.byte	0x6
 642 042c 0A        		.byte	0xa
 643 042d 41        		.byte	0x41
 644 042e 09        		.byte	0x9
 645 042f 7F04 0000 		.long	0x47f
 646 0433 09        		.uleb128 0x9
 647 0434 0000 0000 		.long	.LASF62
 648 0438 0A        		.byte	0xa
 649 0439 42        		.byte	0x42
 650 043a 17        		.byte	0x17
 651 043b 3000 0000 		.long	0x30
 652 043f 02        		.byte	0x2
 653 0440 23        		.byte	0x23
 654 0441 00        		.uleb128 0
 655 0442 09        		.uleb128 0x9
 656 0443 0000 0000 		.long	.LASF63
 657 0447 0A        		.byte	0xa
 658 0448 43        		.byte	0x43
 659 0449 17        		.byte	0x17
 660 044a 3000 0000 		.long	0x30
 661 044e 02        		.byte	0x2
 662 044f 23        		.byte	0x23
 663 0450 01        		.uleb128 0x1
 664 0451 09        		.uleb128 0x9
 665 0452 0000 0000 		.long	.LASF64
 666 0456 0A        		.byte	0xa
 667 0457 44        		.byte	0x44
 668 0458 17        		.byte	0x17
 669 0459 3000 0000 		.long	0x30
 670 045d 02        		.byte	0x2
 671 045e 23        		.byte	0x23
 672 045f 02        		.uleb128 0x2
 673 0460 09        		.uleb128 0x9
 674 0461 0000 0000 		.long	.LASF65
 675 0465 0A        		.byte	0xa
 676 0466 45        		.byte	0x45
 677 0467 17        		.byte	0x17
 678 0468 4F00 0000 		.long	0x4f
 679 046c 02        		.byte	0x2
 680 046d 23        		.byte	0x23
 681 046e 03        		.uleb128 0x3
 682 046f 09        		.uleb128 0x9
 683 0470 0000 0000 		.long	.LASF66
 684 0474 0A        		.byte	0xa
 685 0475 46        		.byte	0x46
 686 0476 17        		.byte	0x17
 687 0477 1E04 0000 		.long	0x41e
 688 047b 02        		.byte	0x2
 689 047c 23        		.byte	0x23
 690 047d 05        		.uleb128 0x5
 691 047e 00        		.byte	0
 692 047f 02        		.uleb128 0x2
 693 0480 0000 0000 		.long	.LASF67
 694 0484 0A        		.byte	0xa
 695 0485 47        		.byte	0x47
 696 0486 03        		.byte	0x3
 697 0487 2A04 0000 		.long	0x42a
 698 048b 07        		.uleb128 0x7
 699 048c 0000 0000 		.long	.LASF68
 700 0490 0A        		.byte	0xa
 701 0491 49        		.byte	0x49
 702 0492 1B        		.byte	0x1b
 703 0493 ED03 0000 		.long	0x3ed
 704 0497 01        		.byte	0x1
 705 0498 01        		.byte	0x1
 706 0499 07        		.uleb128 0x7
 707 049a 0000 0000 		.long	.LASF69
 708 049e 0A        		.byte	0xa
 709 049f 4C        		.byte	0x4c
 710 04a0 1A        		.byte	0x1a
 711 04a1 7F04 0000 		.long	0x47f
 712 04a5 01        		.byte	0x1
 713 04a6 01        		.byte	0x1
 714 04a7 0A        		.uleb128 0xa
 715 04a8 5B00 0000 		.long	0x5b
 716 04ac BE04 0000 		.long	0x4be
 717 04b0 16        		.uleb128 0x16
 718 04b1 0B        		.uleb128 0xb
 719 04b2 6000 0000 		.long	0x60
 720 04b6 07        		.byte	0x7
 721 04b7 0B        		.uleb128 0xb
 722 04b8 6000 0000 		.long	0x60
 723 04bc 06        		.byte	0x6
 724 04bd 00        		.byte	0
 725 04be 04        		.uleb128 0x4
 726 04bf A704 0000 		.long	0x4a7
 727 04c3 07        		.uleb128 0x7
 728 04c4 0000 0000 		.long	.LASF70
 729 04c8 0B        		.byte	0xb
 730 04c9 37        		.byte	0x37
 731 04ca 17        		.byte	0x17
 732 04cb BE04 0000 		.long	0x4be
 733 04cf 01        		.byte	0x1
 734 04d0 01        		.byte	0x1
 735 04d1 0A        		.uleb128 0xa
 736 04d2 5B00 0000 		.long	0x5b
 737 04d6 DC04 0000 		.long	0x4dc
 738 04da 16        		.uleb128 0x16
 739 04db 00        		.byte	0
 740 04dc 04        		.uleb128 0x4
 741 04dd D104 0000 		.long	0x4d1
 742 04e1 07        		.uleb128 0x7
 743 04e2 0000 0000 		.long	.LASF71
 744 04e6 0B        		.byte	0xb
 745 04e7 38        		.byte	0x38
 746 04e8 17        		.byte	0x17
 747 04e9 DC04 0000 		.long	0x4dc
 748 04ed 01        		.byte	0x1
 749 04ee 01        		.byte	0x1
 750 04ef 08        		.uleb128 0x8
 751 04f0 03        		.byte	0x3
 752 04f1 0C        		.byte	0xc
 753 04f2 2E        		.byte	0x2e
 754 04f3 09        		.byte	0x9
 755 04f4 2005 0000 		.long	0x520
 756 04f8 17        		.uleb128 0x17
 757 04f9 6700      		.string	"g"
 758 04fb 0C        		.byte	0xc
 759 04fc 30        		.byte	0x30
 760 04fd 0D        		.byte	0xd
 761 04fe 3000 0000 		.long	0x30
 762 0502 02        		.byte	0x2
 763 0503 23        		.byte	0x23
 764 0504 00        		.uleb128 0
 765 0505 17        		.uleb128 0x17
 766 0506 7200      		.string	"r"
 767 0508 0C        		.byte	0xc
 768 0509 31        		.byte	0x31
 769 050a 0D        		.byte	0xd
 770 050b 3000 0000 		.long	0x30
 771 050f 02        		.byte	0x2
 772 0510 23        		.byte	0x23
 773 0511 01        		.uleb128 0x1
 774 0512 17        		.uleb128 0x17
 775 0513 6200      		.string	"b"
 776 0515 0C        		.byte	0xc
 777 0516 32        		.byte	0x32
 778 0517 0D        		.byte	0xd
 779 0518 3000 0000 		.long	0x30
 780 051c 02        		.byte	0x2
 781 051d 23        		.byte	0x23
 782 051e 02        		.uleb128 0x2
 783 051f 00        		.byte	0
 784 0520 02        		.uleb128 0x2
 785 0521 0000 0000 		.long	.LASF72
 786 0525 0C        		.byte	0xc
 787 0526 3C        		.byte	0x3c
 788 0527 03        		.byte	0x3
 789 0528 EF04 0000 		.long	0x4ef
 790 052c 18        		.uleb128 0x18
 791 052d 5247 4200 		.string	"RGB"
 792 0531 0C        		.byte	0xc
 793 0532 3E        		.byte	0x3e
 794 0533 0E        		.byte	0xe
 795 0534 2005 0000 		.long	0x520
 796 0538 0A        		.uleb128 0xa
 797 0539 2C05 0000 		.long	0x52c
 798 053d 4805 0000 		.long	0x548
 799 0541 0B        		.uleb128 0xb
 800 0542 6000 0000 		.long	0x60
 801 0546 09        		.byte	0x9
 802 0547 00        		.byte	0
 803 0548 19        		.uleb128 0x19
 804 0549 6C65 6400 		.string	"led"
 805 054d 0D        		.byte	0xd
 806 054e E1        		.byte	0xe1
 807 054f 11        		.byte	0x11
 808 0550 3805 0000 		.long	0x538
 809 0554 01        		.byte	0x1
 810 0555 01        		.byte	0x1
 811 0556 0A        		.uleb128 0xa
 812 0557 3C00 0000 		.long	0x3c
 813 055b 6605 0000 		.long	0x566
 814 055f 0B        		.uleb128 0xb
 815 0560 6000 0000 		.long	0x60
 816 0564 03        		.byte	0x3
 817 0565 00        		.byte	0
 818 0566 04        		.uleb128 0x4
 819 0567 5605 0000 		.long	0x556
 820 056b 07        		.uleb128 0x7
 821 056c 0000 0000 		.long	.LASF73
 822 0570 0D        		.byte	0xd
 823 0571 E3        		.byte	0xe3
 824 0572 17        		.byte	0x17
 825 0573 6605 0000 		.long	0x566
 826 0577 01        		.byte	0x1
 827 0578 01        		.byte	0x1
 828 0579 0A        		.uleb128 0xa
 829 057a 3C00 0000 		.long	0x3c
 830 057e 8905 0000 		.long	0x589
 831 0582 0B        		.uleb128 0xb
 832 0583 6000 0000 		.long	0x60
 833 0587 02        		.byte	0x2
 834 0588 00        		.byte	0
 835 0589 04        		.uleb128 0x4
 836 058a 7905 0000 		.long	0x579
 837 058e 07        		.uleb128 0x7
 838 058f 0000 0000 		.long	.LASF74
 839 0593 0D        		.byte	0xd
 840 0594 E4        		.byte	0xe4
 841 0595 17        		.byte	0x17
 842 0596 8905 0000 		.long	0x589
 843 059a 01        		.byte	0x1
 844 059b 01        		.byte	0x1
 845 059c 07        		.uleb128 0x7
 846 059d 0000 0000 		.long	.LASF75
 847 05a1 0D        		.byte	0xd
 848 05a2 E5        		.byte	0xe5
 849 05a3 17        		.byte	0x17
 850 05a4 8905 0000 		.long	0x589
 851 05a8 01        		.byte	0x1
 852 05a9 01        		.byte	0x1
 853 05aa 07        		.uleb128 0x7
 854 05ab 0000 0000 		.long	.LASF76
 855 05af 0D        		.byte	0xd
 856 05b0 E6        		.byte	0xe6
 857 05b1 17        		.byte	0x17
 858 05b2 8905 0000 		.long	0x589
 859 05b6 01        		.byte	0x1
 860 05b7 01        		.byte	0x1
 861 05b8 07        		.uleb128 0x7
 862 05b9 0000 0000 		.long	.LASF77
 863 05bd 0D        		.byte	0xd
 864 05be E7        		.byte	0xe7
 865 05bf 17        		.byte	0x17
 866 05c0 8905 0000 		.long	0x589
 867 05c4 01        		.byte	0x1
 868 05c5 01        		.byte	0x1
 869 05c6 0A        		.uleb128 0xa
 870 05c7 5B00 0000 		.long	0x5b
 871 05cb D605 0000 		.long	0x5d6
 872 05cf 0B        		.uleb128 0xb
 873 05d0 6000 0000 		.long	0x60
 874 05d4 00        		.byte	0
 875 05d5 00        		.byte	0
 876 05d6 04        		.uleb128 0x4
 877 05d7 C605 0000 		.long	0x5c6
 878 05db 07        		.uleb128 0x7
 879 05dc 0000 0000 		.long	.LASF78
 880 05e0 0D        		.byte	0xd
 881 05e1 E8        		.byte	0xe8
 882 05e2 17        		.byte	0x17
 883 05e3 D605 0000 		.long	0x5d6
 884 05e7 01        		.byte	0x1
 885 05e8 01        		.byte	0x1
 886 05e9 07        		.uleb128 0x7
 887 05ea 0000 0000 		.long	.LASF79
 888 05ee 0D        		.byte	0xd
 889 05ef E9        		.byte	0xe9
 890 05f0 17        		.byte	0x17
 891 05f1 8905 0000 		.long	0x589
 892 05f5 01        		.byte	0x1
 893 05f6 01        		.byte	0x1
 894 05f7 07        		.uleb128 0x7
 895 05f8 0000 0000 		.long	.LASF80
 896 05fc 0D        		.byte	0xd
 897 05fd EA        		.byte	0xea
 898 05fe 17        		.byte	0x17
 899 05ff A000 0000 		.long	0xa0
 900 0603 01        		.byte	0x1
 901 0604 01        		.byte	0x1
 902 0605 1A        		.uleb128 0x1a
 903 0606 0000 0000 		.long	.LASF91
 904 060a 05        		.byte	0x5
 905 060b 0D        		.byte	0xd
 906 060c 0701      		.word	0x107
 907 060e 10        		.byte	0x10
 908 060f 6406 0000 		.long	0x664
 909 0613 1B        		.uleb128 0x1b
 910 0614 0000 0000 		.long	.LASF81
 911 0618 0D        		.byte	0xd
 912 0619 0801      		.word	0x108
 913 061b 0D        		.byte	0xd
 914 061c 3000 0000 		.long	0x30
 915 0620 02        		.byte	0x2
 916 0621 23        		.byte	0x23
 917 0622 00        		.uleb128 0
 918 0623 1B        		.uleb128 0x1b
 919 0624 0000 0000 		.long	.LASF82
 920 0628 0D        		.byte	0xd
 921 0629 0901      		.word	0x109
 922 062b 0D        		.byte	0xd
 923 062c 3000 0000 		.long	0x30
 924 0630 02        		.byte	0x2
 925 0631 23        		.byte	0x23
 926 0632 01        		.uleb128 0x1
 927 0633 1B        		.uleb128 0x1b
 928 0634 0000 0000 		.long	.LASF83
 929 0638 0D        		.byte	0xd
 930 0639 0A01      		.word	0x10a
 931 063b 0D        		.byte	0xd
 932 063c 3000 0000 		.long	0x30
 933 0640 02        		.byte	0x2
 934 0641 23        		.byte	0x23
 935 0642 02        		.uleb128 0x2
 936 0643 1B        		.uleb128 0x1b
 937 0644 0000 0000 		.long	.LASF84
 938 0648 0D        		.byte	0xd
 939 0649 0B01      		.word	0x10b
 940 064b 0D        		.byte	0xd
 941 064c 3000 0000 		.long	0x30
 942 0650 02        		.byte	0x2
 943 0651 23        		.byte	0x23
 944 0652 03        		.uleb128 0x3
 945 0653 1B        		.uleb128 0x1b
 946 0654 0000 0000 		.long	.LASF85
 947 0658 0D        		.byte	0xd
 948 0659 0C01      		.word	0x10c
 949 065b 0D        		.byte	0xd
 950 065c 3000 0000 		.long	0x30
 951 0660 02        		.byte	0x2
 952 0661 23        		.byte	0x23
 953 0662 04        		.uleb128 0x4
 954 0663 00        		.byte	0
 955 0664 1C        		.uleb128 0x1c
 956 0665 0000 0000 		.long	.LASF86
 957 0669 0D        		.byte	0xd
 958 066a 0D01      		.word	0x10d
 959 066c 03        		.byte	0x3
 960 066d 0506 0000 		.long	0x605
 961 0671 1D        		.uleb128 0x1d
 962 0672 0000 0000 		.long	.LASF87
 963 0676 0D        		.byte	0xd
 964 0677 0F01      		.word	0x10f
 965 0679 1A        		.byte	0x1a
 966 067a 6406 0000 		.long	0x664
 967 067e 01        		.byte	0x1
 968 067f 01        		.byte	0x1
 969 0680 1E        		.uleb128 0x1e
 970 0681 02        		.byte	0x2
 971 0682 0D        		.byte	0xd
 972 0683 9F01      		.word	0x19f
 973 0685 05        		.byte	0x5
 974 0686 BF06 0000 		.long	0x6bf
 975 068a 1F        		.uleb128 0x1f
 976 068b 0000 0000 		.long	.LASF88
 977 068f 0D        		.byte	0xd
 978 0690 A001      		.word	0x1a0
 979 0692 12        		.byte	0x12
 980 0693 4F00 0000 		.long	0x4f
 981 0697 20        		.uleb128 0x20
 982 0698 706F 7300 		.string	"pos"
 983 069c 0D        		.byte	0xd
 984 069d A101      		.word	0x1a1
 985 069f 12        		.byte	0x12
 986 06a0 3000 0000 		.long	0x30
 987 06a4 1F        		.uleb128 0x1f
 988 06a5 0000 0000 		.long	.LASF89
 989 06a9 0D        		.byte	0xd
 990 06aa A201      		.word	0x1a2
 991 06ac 12        		.byte	0x12
 992 06ad 1D00 0000 		.long	0x1d
 993 06b1 1F        		.uleb128 0x1f
 994 06b2 0000 0000 		.long	.LASF90
 995 06b6 0D        		.byte	0xd
 996 06b7 A301      		.word	0x1a3
 997 06b9 12        		.byte	0x12
 998 06ba 4F00 0000 		.long	0x4f
 999 06be 00        		.byte	0
 1000 06bf 1A        		.uleb128 0x1a
 1001 06c0 0000 0000 		.long	.LASF92
 1002 06c4 06        		.byte	0x6
 1003 06c5 0D        		.byte	0xd
 1004 06c6 9B01      		.word	0x19b
 1005 06c8 10        		.byte	0x10
 1006 06c9 0607 0000 		.long	0x706
 1007 06cd 1B        		.uleb128 0x1b
 1008 06ce 0000 0000 		.long	.LASF93
 1009 06d2 0D        		.byte	0xd
 1010 06d3 9C01      		.word	0x19c
 1011 06d5 0E        		.byte	0xe
 1012 06d6 4F00 0000 		.long	0x4f
 1013 06da 02        		.byte	0x2
 1014 06db 23        		.byte	0x23
 1015 06dc 00        		.uleb128 0
 1016 06dd 1B        		.uleb128 0x1b
 1017 06de 0000 0000 		.long	.LASF94
 1018 06e2 0D        		.byte	0xd
 1019 06e3 9D01      		.word	0x19d
 1020 06e5 0E        		.byte	0xe
 1021 06e6 3000 0000 		.long	0x30
 1022 06ea 02        		.byte	0x2
 1023 06eb 23        		.byte	0x23
 1024 06ec 02        		.uleb128 0x2
 1025 06ed 1B        		.uleb128 0x1b
 1026 06ee 0000 0000 		.long	.LASF95
 1027 06f2 0D        		.byte	0xd
 1028 06f3 9E01      		.word	0x19e
 1029 06f5 0E        		.byte	0xe
 1030 06f6 A000 0000 		.long	0xa0
 1031 06fa 02        		.byte	0x2
 1032 06fb 23        		.byte	0x23
 1033 06fc 03        		.uleb128 0x3
 1034 06fd 21        		.uleb128 0x21
 1035 06fe 8006 0000 		.long	0x680
 1036 0702 02        		.byte	0x2
 1037 0703 23        		.byte	0x23
 1038 0704 04        		.uleb128 0x4
 1039 0705 00        		.byte	0
 1040 0706 1C        		.uleb128 0x1c
 1041 0707 0000 0000 		.long	.LASF96
 1042 070b 0D        		.byte	0xd
 1043 070c A501      		.word	0x1a5
 1044 070e 03        		.byte	0x3
 1045 070f BF06 0000 		.long	0x6bf
 1046 0713 1D        		.uleb128 0x1d
 1047 0714 0000 0000 		.long	.LASF97
 1048 0718 0D        		.byte	0xd
 1049 0719 A701      		.word	0x1a7
 1050 071b 1B        		.byte	0x1b
 1051 071c 0607 0000 		.long	0x706
 1052 0720 01        		.byte	0x1
 1053 0721 01        		.byte	0x1
 1054 0722 02        		.uleb128 0x2
 1055 0723 0000 0000 		.long	.LASF98
 1056 0727 0E        		.byte	0xe
 1057 0728 27        		.byte	0x27
 1058 0729 12        		.byte	0x12
 1059 072a 6E00 0000 		.long	0x6e
 1060 072e 07        		.uleb128 0x7
 1061 072f 0000 0000 		.long	.LASF99
 1062 0733 0E        		.byte	0xe
 1063 0734 32        		.byte	0x32
 1064 0735 16        		.byte	0x16
 1065 0736 2207 0000 		.long	0x722
 1066 073a 01        		.byte	0x1
 1067 073b 01        		.byte	0x1
 1068 073c 07        		.uleb128 0x7
 1069 073d 0000 0000 		.long	.LASF100
 1070 0741 0E        		.byte	0xe
 1071 0742 48        		.byte	0x48
 1072 0743 16        		.byte	0x16
 1073 0744 2207 0000 		.long	0x722
 1074 0748 01        		.byte	0x1
 1075 0749 01        		.byte	0x1
 1076 074a 07        		.uleb128 0x7
 1077 074b 0000 0000 		.long	.LASF101
 1078 074f 0F        		.byte	0xf
 1079 0750 1B        		.byte	0x1b
 1080 0751 1B        		.byte	0x1b
 1081 0752 3301 0000 		.long	0x133
 1082 0756 01        		.byte	0x1
 1083 0757 01        		.byte	0x1
 1084 0758 0A        		.uleb128 0xa
 1085 0759 3C00 0000 		.long	0x3c
 1086 075d 6807 0000 		.long	0x768
 1087 0761 0B        		.uleb128 0xb
 1088 0762 6000 0000 		.long	0x60
 1089 0766 0F        		.byte	0xf
 1090 0767 00        		.byte	0
 1091 0768 04        		.uleb128 0x4
 1092 0769 5807 0000 		.long	0x758
 1093 076d 07        		.uleb128 0x7
 1094 076e 0000 0000 		.long	.LASF102
 1095 0772 10        		.byte	0x10
 1096 0773 1A        		.byte	0x1a
 1097 0774 16        		.byte	0x16
 1098 0775 6807 0000 		.long	0x768
 1099 0779 01        		.byte	0x1
 1100 077a 01        		.byte	0x1
 1101 077b 07        		.uleb128 0x7
 1102 077c 0000 0000 		.long	.LASF103
 1103 0780 10        		.byte	0x10
 1104 0781 1B        		.byte	0x1b
 1105 0782 16        		.byte	0x16
 1106 0783 6807 0000 		.long	0x768
 1107 0787 01        		.byte	0x1
 1108 0788 01        		.byte	0x1
 1109 0789 07        		.uleb128 0x7
 1110 078a 0000 0000 		.long	.LASF104
 1111 078e 10        		.byte	0x10
 1112 078f 1C        		.byte	0x1c
 1113 0790 16        		.byte	0x16
 1114 0791 6807 0000 		.long	0x768
 1115 0795 01        		.byte	0x1
 1116 0796 01        		.byte	0x1
 1117 0797 0A        		.uleb128 0xa
 1118 0798 3C00 0000 		.long	0x3c
 1119 079c A707 0000 		.long	0x7a7
 1120 07a0 0B        		.uleb128 0xb
 1121 07a1 6000 0000 		.long	0x60
 1122 07a5 7F        		.byte	0x7f
 1123 07a6 00        		.byte	0
 1124 07a7 04        		.uleb128 0x4
 1125 07a8 9707 0000 		.long	0x797
 1126 07ac 07        		.uleb128 0x7
 1127 07ad 0000 0000 		.long	.LASF105
 1128 07b1 10        		.byte	0x10
 1129 07b2 1D        		.byte	0x1d
 1130 07b3 16        		.byte	0x16
 1131 07b4 A707 0000 		.long	0x7a7
 1132 07b8 01        		.byte	0x1
 1133 07b9 01        		.byte	0x1
 1134 07ba 1D        		.uleb128 0x1d
 1135 07bb 0000 0000 		.long	.LASF106
 1136 07bf 11        		.byte	0x11
 1137 07c0 3801      		.word	0x138
 1138 07c2 0F        		.byte	0xf
 1139 07c3 9400 0000 		.long	0x94
 1140 07c7 01        		.byte	0x1
 1141 07c8 01        		.byte	0x1
 1142 07c9 1D        		.uleb128 0x1d
 1143 07ca 0000 0000 		.long	.LASF107
 1144 07ce 11        		.byte	0x11
 1145 07cf 3D01      		.word	0x13d
 1146 07d1 0E        		.byte	0xe
 1147 07d2 D807 0000 		.long	0x7d8
 1148 07d6 01        		.byte	0x1
 1149 07d7 01        		.byte	0x1
 1150 07d8 0F        		.uleb128 0xf
 1151 07d9 02        		.byte	0x2
 1152 07da DE07 0000 		.long	0x7de
 1153 07de 03        		.uleb128 0x3
 1154 07df 01        		.byte	0x1
 1155 07e0 08        		.byte	0x8
 1156 07e1 0000 0000 		.long	.LASF108
 1157 07e5 1D        		.uleb128 0x1d
 1158 07e6 0000 0000 		.long	.LASF109
 1159 07ea 11        		.byte	0x11
 1160 07eb 4201      		.word	0x142
 1161 07ed 0E        		.byte	0xe
 1162 07ee D807 0000 		.long	0x7d8
 1163 07f2 01        		.byte	0x1
 1164 07f3 01        		.byte	0x1
 1165 07f4 08        		.uleb128 0x8
 1166 07f5 0C        		.byte	0xc
 1167 07f6 12        		.byte	0x12
 1168 07f7 18        		.byte	0x18
 1169 07f8 09        		.byte	0x9
 1170 07f9 8508 0000 		.long	0x885
 1171 07fd 09        		.uleb128 0x9
 1172 07fe 0000 0000 		.long	.LASF110
 1173 0802 12        		.byte	0x12
 1174 0803 19        		.byte	0x19
 1175 0804 0E        		.byte	0xe
 1176 0805 3000 0000 		.long	0x30
 1177 0809 02        		.byte	0x2
 1178 080a 23        		.byte	0x23
 1179 080b 00        		.uleb128 0
 1180 080c 09        		.uleb128 0x9
 1181 080d 0000 0000 		.long	.LASF111
 1182 0811 12        		.byte	0x12
 1183 0812 1A        		.byte	0x1a
 1184 0813 0E        		.byte	0xe
 1185 0814 3000 0000 		.long	0x30
 1186 0818 02        		.byte	0x2
 1187 0819 23        		.byte	0x23
 1188 081a 01        		.uleb128 0x1
 1189 081b 09        		.uleb128 0x9
 1190 081c 0000 0000 		.long	.LASF112
 1191 0820 12        		.byte	0x12
 1192 0821 1B        		.byte	0x1b
 1193 0822 0E        		.byte	0xe
 1194 0823 3000 0000 		.long	0x30
 1195 0827 02        		.byte	0x2
 1196 0828 23        		.byte	0x23
 1197 0829 02        		.uleb128 0x2
 1198 082a 09        		.uleb128 0x9
 1199 082b 0000 0000 		.long	.LASF113
 1200 082f 12        		.byte	0x12
 1201 0830 1C        		.byte	0x1c
 1202 0831 0E        		.byte	0xe
 1203 0832 4F00 0000 		.long	0x4f
 1204 0836 02        		.byte	0x2
 1205 0837 23        		.byte	0x23
 1206 0838 03        		.uleb128 0x3
 1207 0839 09        		.uleb128 0x9
 1208 083a 0000 0000 		.long	.LASF114
 1209 083e 12        		.byte	0x12
 1210 083f 1D        		.byte	0x1d
 1211 0840 0E        		.byte	0xe
 1212 0841 4F00 0000 		.long	0x4f
 1213 0845 02        		.byte	0x2
 1214 0846 23        		.byte	0x23
 1215 0847 05        		.uleb128 0x5
 1216 0848 09        		.uleb128 0x9
 1217 0849 0000 0000 		.long	.LASF65
 1218 084d 12        		.byte	0x12
 1219 084e 1E        		.byte	0x1e
 1220 084f 0E        		.byte	0xe
 1221 0850 4F00 0000 		.long	0x4f
 1222 0854 02        		.byte	0x2
 1223 0855 23        		.byte	0x23
 1224 0856 07        		.uleb128 0x7
 1225 0857 09        		.uleb128 0x9
 1226 0858 0000 0000 		.long	.LASF115
 1227 085c 12        		.byte	0x12
 1228 085d 1F        		.byte	0x1f
 1229 085e 0E        		.byte	0xe
 1230 085f A000 0000 		.long	0xa0
 1231 0863 02        		.byte	0x2
 1232 0864 23        		.byte	0x23
 1233 0865 09        		.uleb128 0x9
 1234 0866 09        		.uleb128 0x9
 1235 0867 0000 0000 		.long	.LASF116
 1236 086b 12        		.byte	0x12
 1237 086c 20        		.byte	0x20
 1238 086d 0E        		.byte	0xe
 1239 086e A000 0000 		.long	0xa0
 1240 0872 02        		.byte	0x2
 1241 0873 23        		.byte	0x23
 1242 0874 0A        		.uleb128 0xa
 1243 0875 09        		.uleb128 0x9
 1244 0876 0000 0000 		.long	.LASF117
 1245 087a 12        		.byte	0x12
 1246 087b 21        		.byte	0x21
 1247 087c 0E        		.byte	0xe
 1248 087d A000 0000 		.long	0xa0
 1249 0881 02        		.byte	0x2
 1250 0882 23        		.byte	0x23
 1251 0883 0B        		.uleb128 0xb
 1252 0884 00        		.byte	0
 1253 0885 02        		.uleb128 0x2
 1254 0886 0000 0000 		.long	.LASF118
 1255 088a 12        		.byte	0x12
 1256 088b 22        		.byte	0x22
 1257 088c 03        		.byte	0x3
 1258 088d F407 0000 		.long	0x7f4
 1259 0891 02        		.uleb128 0x2
 1260 0892 0000 0000 		.long	.LASF119
 1261 0896 12        		.byte	0x12
 1262 0897 26        		.byte	0x26
 1263 0898 10        		.byte	0x10
 1264 0899 9D08 0000 		.long	0x89d
 1265 089d 0F        		.uleb128 0xf
 1266 089e 02        		.byte	0x2
 1267 089f A308 0000 		.long	0x8a3
 1268 08a3 10        		.uleb128 0x10
 1269 08a4 01        		.byte	0x1
 1270 08a5 B408 0000 		.long	0x8b4
 1271 08a9 11        		.uleb128 0x11
 1272 08aa B408 0000 		.long	0x8b4
 1273 08ae 11        		.uleb128 0x11
 1274 08af BA08 0000 		.long	0x8ba
 1275 08b3 00        		.byte	0
 1276 08b4 0F        		.uleb128 0xf
 1277 08b5 02        		.byte	0x2
 1278 08b6 8508 0000 		.long	0x885
 1279 08ba 22        		.uleb128 0x22
 1280 08bb 02        		.byte	0x2
 1281 08bc 08        		.uleb128 0x8
 1282 08bd 06        		.byte	0x6
 1283 08be 12        		.byte	0x12
 1284 08bf 29        		.byte	0x29
 1285 08c0 05        		.byte	0x5
 1286 08c1 F308 0000 		.long	0x8f3
 1287 08c5 09        		.uleb128 0x9
 1288 08c6 0000 0000 		.long	.LASF120
 1289 08ca 12        		.byte	0x12
 1290 08cb 2A        		.byte	0x2a
 1291 08cc 20        		.byte	0x20
 1292 08cd 9108 0000 		.long	0x891
 1293 08d1 02        		.byte	0x2
 1294 08d2 23        		.byte	0x23
 1295 08d3 00        		.uleb128 0
 1296 08d4 09        		.uleb128 0x9
 1297 08d5 0000 0000 		.long	.LASF121
 1298 08d9 12        		.byte	0x12
 1299 08da 2B        		.byte	0x2b
 1300 08db 20        		.byte	0x20
 1301 08dc 9108 0000 		.long	0x891
 1302 08e0 02        		.byte	0x2
 1303 08e1 23        		.byte	0x23
 1304 08e2 02        		.uleb128 0x2
 1305 08e3 09        		.uleb128 0x9
 1306 08e4 0000 0000 		.long	.LASF122
 1307 08e8 12        		.byte	0x12
 1308 08e9 2C        		.byte	0x2c
 1309 08ea 20        		.byte	0x20
 1310 08eb 9108 0000 		.long	0x891
 1311 08ef 02        		.byte	0x2
 1312 08f0 23        		.byte	0x23
 1313 08f1 04        		.uleb128 0x4
 1314 08f2 00        		.byte	0
 1315 08f3 08        		.uleb128 0x8
 1316 08f4 16        		.byte	0x16
 1317 08f5 12        		.byte	0x12
 1318 08f6 28        		.byte	0x28
 1319 08f7 09        		.byte	0x9
 1320 08f8 3809 0000 		.long	0x938
 1321 08fc 17        		.uleb128 0x17
 1322 08fd 666E 00   		.string	"fn"
 1323 0900 12        		.byte	0x12
 1324 0901 2D        		.byte	0x2d
 1325 0902 07        		.byte	0x7
 1326 0903 BC08 0000 		.long	0x8bc
 1327 0907 02        		.byte	0x2
 1328 0908 23        		.byte	0x23
 1329 0909 00        		.uleb128 0
 1330 090a 09        		.uleb128 0x9
 1331 090b 0000 0000 		.long	.LASF123
 1332 090f 12        		.byte	0x12
 1333 0910 2E        		.byte	0x2e
 1334 0911 1A        		.byte	0x1a
 1335 0912 8508 0000 		.long	0x885
 1336 0916 02        		.byte	0x2
 1337 0917 23        		.byte	0x23
 1338 0918 06        		.uleb128 0x6
 1339 0919 09        		.uleb128 0x9
 1340 091a 0000 0000 		.long	.LASF124
 1341 091e 12        		.byte	0x12
 1342 091f 2F        		.byte	0x2f
 1343 0920 1A        		.byte	0x1a
 1344 0921 4F00 0000 		.long	0x4f
 1345 0925 02        		.byte	0x2
 1346 0926 23        		.byte	0x23
 1347 0927 12        		.uleb128 0x12
 1348 0928 09        		.uleb128 0x9
 1349 0929 0000 0000 		.long	.LASF125
 1350 092d 12        		.byte	0x12
 1351 092e 30        		.byte	0x30
 1352 092f 1A        		.byte	0x1a
 1353 0930 BA08 0000 		.long	0x8ba
 1354 0934 02        		.byte	0x2
 1355 0935 23        		.byte	0x23
 1356 0936 14        		.uleb128 0x14
 1357 0937 00        		.byte	0
 1358 0938 02        		.uleb128 0x2
 1359 0939 0000 0000 		.long	.LASF126
 1360 093d 12        		.byte	0x12
 1361 093e 31        		.byte	0x31
 1362 093f 03        		.byte	0x3
 1363 0940 F308 0000 		.long	0x8f3
 1364 0944 0A        		.uleb128 0xa
 1365 0945 3809 0000 		.long	0x938
 1366 0949 4F09 0000 		.long	0x94f
 1367 094d 16        		.uleb128 0x16
 1368 094e 00        		.byte	0
 1369 094f 07        		.uleb128 0x7
 1370 0950 0000 0000 		.long	.LASF127
 1371 0954 12        		.byte	0x12
 1372 0955 52        		.byte	0x52
 1373 0956 1E        		.byte	0x1e
 1374 0957 4409 0000 		.long	0x944
 1375 095b 01        		.byte	0x1
 1376 095c 01        		.byte	0x1
 1377 095d 23        		.uleb128 0x23
 1378 095e 01        		.byte	0x1
 1379 095f 0000 0000 		.long	.LASF128
 1380 0963 13        		.byte	0x13
 1381 0964 15        		.byte	0x15
 1382 0965 1C        		.byte	0x1c
 1383 0966 01        		.byte	0x1
 1384 0967 A000 0000 		.long	0xa0
 1385 096b 23        		.uleb128 0x23
 1386 096c 01        		.byte	0x1
 1387 096d 0000 0000 		.long	.LASF129
 1388 0971 13        		.byte	0x13
 1389 0972 14        		.byte	0x14
 1390 0973 1C        		.byte	0x1c
 1391 0974 01        		.byte	0x1
 1392 0975 A000 0000 		.long	0xa0
 1393 0979 24        		.uleb128 0x24
 1394 097a 01        		.byte	0x1
 1395 097b 0000 0000 		.long	.LASF133
 1396 097f 13        		.byte	0x13
 1397 0980 13        		.byte	0x13
 1398 0981 1C        		.byte	0x1c
 1399 0982 01        		.byte	0x1
 1400 0983 00        		.byte	0
 1401               		.section	.gnu.debuglto_.debug_abbrev,"",@progbits
 1402               	.Ldebug_abbrev0:
 1403 0000 01        		.uleb128 0x1
 1404 0001 11        		.uleb128 0x11
 1405 0002 01        		.byte	0x1
 1406 0003 25        		.uleb128 0x25
 1407 0004 0E        		.uleb128 0xe
 1408 0005 13        		.uleb128 0x13
 1409 0006 0B        		.uleb128 0xb
 1410 0007 03        		.uleb128 0x3
 1411 0008 0E        		.uleb128 0xe
 1412 0009 1B        		.uleb128 0x1b
 1413 000a 0E        		.uleb128 0xe
 1414 000b 10        		.uleb128 0x10
 1415 000c 06        		.uleb128 0x6
 1416 000d 00        		.byte	0
 1417 000e 00        		.byte	0
 1418 000f 02        		.uleb128 0x2
 1419 0010 16        		.uleb128 0x16
 1420 0011 00        		.byte	0
 1421 0012 03        		.uleb128 0x3
 1422 0013 0E        		.uleb128 0xe
 1423 0014 3A        		.uleb128 0x3a
 1424 0015 0B        		.uleb128 0xb
 1425 0016 3B        		.uleb128 0x3b
 1426 0017 0B        		.uleb128 0xb
 1427 0018 39        		.uleb128 0x39
 1428 0019 0B        		.uleb128 0xb
 1429 001a 49        		.uleb128 0x49
 1430 001b 13        		.uleb128 0x13
 1431 001c 00        		.byte	0
 1432 001d 00        		.byte	0
 1433 001e 03        		.uleb128 0x3
 1434 001f 24        		.uleb128 0x24
 1435 0020 00        		.byte	0
 1436 0021 0B        		.uleb128 0xb
 1437 0022 0B        		.uleb128 0xb
 1438 0023 3E        		.uleb128 0x3e
 1439 0024 0B        		.uleb128 0xb
 1440 0025 03        		.uleb128 0x3
 1441 0026 0E        		.uleb128 0xe
 1442 0027 00        		.byte	0
 1443 0028 00        		.byte	0
 1444 0029 04        		.uleb128 0x4
 1445 002a 26        		.uleb128 0x26
 1446 002b 00        		.byte	0
 1447 002c 49        		.uleb128 0x49
 1448 002d 13        		.uleb128 0x13
 1449 002e 00        		.byte	0
 1450 002f 00        		.byte	0
 1451 0030 05        		.uleb128 0x5
 1452 0031 24        		.uleb128 0x24
 1453 0032 00        		.byte	0
 1454 0033 0B        		.uleb128 0xb
 1455 0034 0B        		.uleb128 0xb
 1456 0035 3E        		.uleb128 0x3e
 1457 0036 0B        		.uleb128 0xb
 1458 0037 03        		.uleb128 0x3
 1459 0038 08        		.uleb128 0x8
 1460 0039 00        		.byte	0
 1461 003a 00        		.byte	0
 1462 003b 06        		.uleb128 0x6
 1463 003c 35        		.uleb128 0x35
 1464 003d 00        		.byte	0
 1465 003e 49        		.uleb128 0x49
 1466 003f 13        		.uleb128 0x13
 1467 0040 00        		.byte	0
 1468 0041 00        		.byte	0
 1469 0042 07        		.uleb128 0x7
 1470 0043 34        		.uleb128 0x34
 1471 0044 00        		.byte	0
 1472 0045 03        		.uleb128 0x3
 1473 0046 0E        		.uleb128 0xe
 1474 0047 3A        		.uleb128 0x3a
 1475 0048 0B        		.uleb128 0xb
 1476 0049 3B        		.uleb128 0x3b
 1477 004a 0B        		.uleb128 0xb
 1478 004b 39        		.uleb128 0x39
 1479 004c 0B        		.uleb128 0xb
 1480 004d 49        		.uleb128 0x49
 1481 004e 13        		.uleb128 0x13
 1482 004f 3F        		.uleb128 0x3f
 1483 0050 0C        		.uleb128 0xc
 1484 0051 3C        		.uleb128 0x3c
 1485 0052 0C        		.uleb128 0xc
 1486 0053 00        		.byte	0
 1487 0054 00        		.byte	0
 1488 0055 08        		.uleb128 0x8
 1489 0056 13        		.uleb128 0x13
 1490 0057 01        		.byte	0x1
 1491 0058 0B        		.uleb128 0xb
 1492 0059 0B        		.uleb128 0xb
 1493 005a 3A        		.uleb128 0x3a
 1494 005b 0B        		.uleb128 0xb
 1495 005c 3B        		.uleb128 0x3b
 1496 005d 0B        		.uleb128 0xb
 1497 005e 39        		.uleb128 0x39
 1498 005f 0B        		.uleb128 0xb
 1499 0060 01        		.uleb128 0x1
 1500 0061 13        		.uleb128 0x13
 1501 0062 00        		.byte	0
 1502 0063 00        		.byte	0
 1503 0064 09        		.uleb128 0x9
 1504 0065 0D        		.uleb128 0xd
 1505 0066 00        		.byte	0
 1506 0067 03        		.uleb128 0x3
 1507 0068 0E        		.uleb128 0xe
 1508 0069 3A        		.uleb128 0x3a
 1509 006a 0B        		.uleb128 0xb
 1510 006b 3B        		.uleb128 0x3b
 1511 006c 0B        		.uleb128 0xb
 1512 006d 39        		.uleb128 0x39
 1513 006e 0B        		.uleb128 0xb
 1514 006f 49        		.uleb128 0x49
 1515 0070 13        		.uleb128 0x13
 1516 0071 38        		.uleb128 0x38
 1517 0072 0A        		.uleb128 0xa
 1518 0073 00        		.byte	0
 1519 0074 00        		.byte	0
 1520 0075 0A        		.uleb128 0xa
 1521 0076 01        		.uleb128 0x1
 1522 0077 01        		.byte	0x1
 1523 0078 49        		.uleb128 0x49
 1524 0079 13        		.uleb128 0x13
 1525 007a 01        		.uleb128 0x1
 1526 007b 13        		.uleb128 0x13
 1527 007c 00        		.byte	0
 1528 007d 00        		.byte	0
 1529 007e 0B        		.uleb128 0xb
 1530 007f 21        		.uleb128 0x21
 1531 0080 00        		.byte	0
 1532 0081 49        		.uleb128 0x49
 1533 0082 13        		.uleb128 0x13
 1534 0083 2F        		.uleb128 0x2f
 1535 0084 0B        		.uleb128 0xb
 1536 0085 00        		.byte	0
 1537 0086 00        		.byte	0
 1538 0087 0C        		.uleb128 0xc
 1539 0088 17        		.uleb128 0x17
 1540 0089 01        		.byte	0x1
 1541 008a 0B        		.uleb128 0xb
 1542 008b 0B        		.uleb128 0xb
 1543 008c 3A        		.uleb128 0x3a
 1544 008d 0B        		.uleb128 0xb
 1545 008e 3B        		.uleb128 0x3b
 1546 008f 0B        		.uleb128 0xb
 1547 0090 39        		.uleb128 0x39
 1548 0091 0B        		.uleb128 0xb
 1549 0092 01        		.uleb128 0x1
 1550 0093 13        		.uleb128 0x13
 1551 0094 00        		.byte	0
 1552 0095 00        		.byte	0
 1553 0096 0D        		.uleb128 0xd
 1554 0097 0D        		.uleb128 0xd
 1555 0098 00        		.byte	0
 1556 0099 03        		.uleb128 0x3
 1557 009a 08        		.uleb128 0x8
 1558 009b 3A        		.uleb128 0x3a
 1559 009c 0B        		.uleb128 0xb
 1560 009d 3B        		.uleb128 0x3b
 1561 009e 0B        		.uleb128 0xb
 1562 009f 39        		.uleb128 0x39
 1563 00a0 0B        		.uleb128 0xb
 1564 00a1 49        		.uleb128 0x49
 1565 00a2 13        		.uleb128 0x13
 1566 00a3 00        		.byte	0
 1567 00a4 00        		.byte	0
 1568 00a5 0E        		.uleb128 0xe
 1569 00a6 0D        		.uleb128 0xd
 1570 00a7 00        		.byte	0
 1571 00a8 49        		.uleb128 0x49
 1572 00a9 13        		.uleb128 0x13
 1573 00aa 00        		.byte	0
 1574 00ab 00        		.byte	0
 1575 00ac 0F        		.uleb128 0xf
 1576 00ad 0F        		.uleb128 0xf
 1577 00ae 00        		.byte	0
 1578 00af 0B        		.uleb128 0xb
 1579 00b0 0B        		.uleb128 0xb
 1580 00b1 49        		.uleb128 0x49
 1581 00b2 13        		.uleb128 0x13
 1582 00b3 00        		.byte	0
 1583 00b4 00        		.byte	0
 1584 00b5 10        		.uleb128 0x10
 1585 00b6 15        		.uleb128 0x15
 1586 00b7 01        		.byte	0x1
 1587 00b8 27        		.uleb128 0x27
 1588 00b9 0C        		.uleb128 0xc
 1589 00ba 01        		.uleb128 0x1
 1590 00bb 13        		.uleb128 0x13
 1591 00bc 00        		.byte	0
 1592 00bd 00        		.byte	0
 1593 00be 11        		.uleb128 0x11
 1594 00bf 05        		.uleb128 0x5
 1595 00c0 00        		.byte	0
 1596 00c1 49        		.uleb128 0x49
 1597 00c2 13        		.uleb128 0x13
 1598 00c3 00        		.byte	0
 1599 00c4 00        		.byte	0
 1600 00c5 12        		.uleb128 0x12
 1601 00c6 0D        		.uleb128 0xd
 1602 00c7 00        		.byte	0
 1603 00c8 03        		.uleb128 0x3
 1604 00c9 0E        		.uleb128 0xe
 1605 00ca 3A        		.uleb128 0x3a
 1606 00cb 0B        		.uleb128 0xb
 1607 00cc 3B        		.uleb128 0x3b
 1608 00cd 0B        		.uleb128 0xb
 1609 00ce 39        		.uleb128 0x39
 1610 00cf 0B        		.uleb128 0xb
 1611 00d0 49        		.uleb128 0x49
 1612 00d1 13        		.uleb128 0x13
 1613 00d2 0B        		.uleb128 0xb
 1614 00d3 0B        		.uleb128 0xb
 1615 00d4 0D        		.uleb128 0xd
 1616 00d5 0B        		.uleb128 0xb
 1617 00d6 0C        		.uleb128 0xc
 1618 00d7 0B        		.uleb128 0xb
 1619 00d8 38        		.uleb128 0x38
 1620 00d9 0A        		.uleb128 0xa
 1621 00da 00        		.byte	0
 1622 00db 00        		.byte	0
 1623 00dc 13        		.uleb128 0x13
 1624 00dd 04        		.uleb128 0x4
 1625 00de 01        		.byte	0x1
 1626 00df 3E        		.uleb128 0x3e
 1627 00e0 0B        		.uleb128 0xb
 1628 00e1 0B        		.uleb128 0xb
 1629 00e2 0B        		.uleb128 0xb
 1630 00e3 49        		.uleb128 0x49
 1631 00e4 13        		.uleb128 0x13
 1632 00e5 3A        		.uleb128 0x3a
 1633 00e6 0B        		.uleb128 0xb
 1634 00e7 3B        		.uleb128 0x3b
 1635 00e8 0B        		.uleb128 0xb
 1636 00e9 39        		.uleb128 0x39
 1637 00ea 0B        		.uleb128 0xb
 1638 00eb 01        		.uleb128 0x1
 1639 00ec 13        		.uleb128 0x13
 1640 00ed 00        		.byte	0
 1641 00ee 00        		.byte	0
 1642 00ef 14        		.uleb128 0x14
 1643 00f0 28        		.uleb128 0x28
 1644 00f1 00        		.byte	0
 1645 00f2 03        		.uleb128 0x3
 1646 00f3 0E        		.uleb128 0xe
 1647 00f4 1C        		.uleb128 0x1c
 1648 00f5 0B        		.uleb128 0xb
 1649 00f6 00        		.byte	0
 1650 00f7 00        		.byte	0
 1651 00f8 15        		.uleb128 0x15
 1652 00f9 04        		.uleb128 0x4
 1653 00fa 01        		.byte	0x1
 1654 00fb 03        		.uleb128 0x3
 1655 00fc 0E        		.uleb128 0xe
 1656 00fd 3E        		.uleb128 0x3e
 1657 00fe 0B        		.uleb128 0xb
 1658 00ff 0B        		.uleb128 0xb
 1659 0100 0B        		.uleb128 0xb
 1660 0101 49        		.uleb128 0x49
 1661 0102 13        		.uleb128 0x13
 1662 0103 3A        		.uleb128 0x3a
 1663 0104 0B        		.uleb128 0xb
 1664 0105 3B        		.uleb128 0x3b
 1665 0106 0B        		.uleb128 0xb
 1666 0107 39        		.uleb128 0x39
 1667 0108 0B        		.uleb128 0xb
 1668 0109 01        		.uleb128 0x1
 1669 010a 13        		.uleb128 0x13
 1670 010b 00        		.byte	0
 1671 010c 00        		.byte	0
 1672 010d 16        		.uleb128 0x16
 1673 010e 21        		.uleb128 0x21
 1674 010f 00        		.byte	0
 1675 0110 00        		.byte	0
 1676 0111 00        		.byte	0
 1677 0112 17        		.uleb128 0x17
 1678 0113 0D        		.uleb128 0xd
 1679 0114 00        		.byte	0
 1680 0115 03        		.uleb128 0x3
 1681 0116 08        		.uleb128 0x8
 1682 0117 3A        		.uleb128 0x3a
 1683 0118 0B        		.uleb128 0xb
 1684 0119 3B        		.uleb128 0x3b
 1685 011a 0B        		.uleb128 0xb
 1686 011b 39        		.uleb128 0x39
 1687 011c 0B        		.uleb128 0xb
 1688 011d 49        		.uleb128 0x49
 1689 011e 13        		.uleb128 0x13
 1690 011f 38        		.uleb128 0x38
 1691 0120 0A        		.uleb128 0xa
 1692 0121 00        		.byte	0
 1693 0122 00        		.byte	0
 1694 0123 18        		.uleb128 0x18
 1695 0124 16        		.uleb128 0x16
 1696 0125 00        		.byte	0
 1697 0126 03        		.uleb128 0x3
 1698 0127 08        		.uleb128 0x8
 1699 0128 3A        		.uleb128 0x3a
 1700 0129 0B        		.uleb128 0xb
 1701 012a 3B        		.uleb128 0x3b
 1702 012b 0B        		.uleb128 0xb
 1703 012c 39        		.uleb128 0x39
 1704 012d 0B        		.uleb128 0xb
 1705 012e 49        		.uleb128 0x49
 1706 012f 13        		.uleb128 0x13
 1707 0130 00        		.byte	0
 1708 0131 00        		.byte	0
 1709 0132 19        		.uleb128 0x19
 1710 0133 34        		.uleb128 0x34
 1711 0134 00        		.byte	0
 1712 0135 03        		.uleb128 0x3
 1713 0136 08        		.uleb128 0x8
 1714 0137 3A        		.uleb128 0x3a
 1715 0138 0B        		.uleb128 0xb
 1716 0139 3B        		.uleb128 0x3b
 1717 013a 0B        		.uleb128 0xb
 1718 013b 39        		.uleb128 0x39
 1719 013c 0B        		.uleb128 0xb
 1720 013d 49        		.uleb128 0x49
 1721 013e 13        		.uleb128 0x13
 1722 013f 3F        		.uleb128 0x3f
 1723 0140 0C        		.uleb128 0xc
 1724 0141 3C        		.uleb128 0x3c
 1725 0142 0C        		.uleb128 0xc
 1726 0143 00        		.byte	0
 1727 0144 00        		.byte	0
 1728 0145 1A        		.uleb128 0x1a
 1729 0146 13        		.uleb128 0x13
 1730 0147 01        		.byte	0x1
 1731 0148 03        		.uleb128 0x3
 1732 0149 0E        		.uleb128 0xe
 1733 014a 0B        		.uleb128 0xb
 1734 014b 0B        		.uleb128 0xb
 1735 014c 3A        		.uleb128 0x3a
 1736 014d 0B        		.uleb128 0xb
 1737 014e 3B        		.uleb128 0x3b
 1738 014f 05        		.uleb128 0x5
 1739 0150 39        		.uleb128 0x39
 1740 0151 0B        		.uleb128 0xb
 1741 0152 01        		.uleb128 0x1
 1742 0153 13        		.uleb128 0x13
 1743 0154 00        		.byte	0
 1744 0155 00        		.byte	0
 1745 0156 1B        		.uleb128 0x1b
 1746 0157 0D        		.uleb128 0xd
 1747 0158 00        		.byte	0
 1748 0159 03        		.uleb128 0x3
 1749 015a 0E        		.uleb128 0xe
 1750 015b 3A        		.uleb128 0x3a
 1751 015c 0B        		.uleb128 0xb
 1752 015d 3B        		.uleb128 0x3b
 1753 015e 05        		.uleb128 0x5
 1754 015f 39        		.uleb128 0x39
 1755 0160 0B        		.uleb128 0xb
 1756 0161 49        		.uleb128 0x49
 1757 0162 13        		.uleb128 0x13
 1758 0163 38        		.uleb128 0x38
 1759 0164 0A        		.uleb128 0xa
 1760 0165 00        		.byte	0
 1761 0166 00        		.byte	0
 1762 0167 1C        		.uleb128 0x1c
 1763 0168 16        		.uleb128 0x16
 1764 0169 00        		.byte	0
 1765 016a 03        		.uleb128 0x3
 1766 016b 0E        		.uleb128 0xe
 1767 016c 3A        		.uleb128 0x3a
 1768 016d 0B        		.uleb128 0xb
 1769 016e 3B        		.uleb128 0x3b
 1770 016f 05        		.uleb128 0x5
 1771 0170 39        		.uleb128 0x39
 1772 0171 0B        		.uleb128 0xb
 1773 0172 49        		.uleb128 0x49
 1774 0173 13        		.uleb128 0x13
 1775 0174 00        		.byte	0
 1776 0175 00        		.byte	0
 1777 0176 1D        		.uleb128 0x1d
 1778 0177 34        		.uleb128 0x34
 1779 0178 00        		.byte	0
 1780 0179 03        		.uleb128 0x3
 1781 017a 0E        		.uleb128 0xe
 1782 017b 3A        		.uleb128 0x3a
 1783 017c 0B        		.uleb128 0xb
 1784 017d 3B        		.uleb128 0x3b
 1785 017e 05        		.uleb128 0x5
 1786 017f 39        		.uleb128 0x39
 1787 0180 0B        		.uleb128 0xb
 1788 0181 49        		.uleb128 0x49
 1789 0182 13        		.uleb128 0x13
 1790 0183 3F        		.uleb128 0x3f
 1791 0184 0C        		.uleb128 0xc
 1792 0185 3C        		.uleb128 0x3c
 1793 0186 0C        		.uleb128 0xc
 1794 0187 00        		.byte	0
 1795 0188 00        		.byte	0
 1796 0189 1E        		.uleb128 0x1e
 1797 018a 17        		.uleb128 0x17
 1798 018b 01        		.byte	0x1
 1799 018c 0B        		.uleb128 0xb
 1800 018d 0B        		.uleb128 0xb
 1801 018e 3A        		.uleb128 0x3a
 1802 018f 0B        		.uleb128 0xb
 1803 0190 3B        		.uleb128 0x3b
 1804 0191 05        		.uleb128 0x5
 1805 0192 39        		.uleb128 0x39
 1806 0193 0B        		.uleb128 0xb
 1807 0194 01        		.uleb128 0x1
 1808 0195 13        		.uleb128 0x13
 1809 0196 00        		.byte	0
 1810 0197 00        		.byte	0
 1811 0198 1F        		.uleb128 0x1f
 1812 0199 0D        		.uleb128 0xd
 1813 019a 00        		.byte	0
 1814 019b 03        		.uleb128 0x3
 1815 019c 0E        		.uleb128 0xe
 1816 019d 3A        		.uleb128 0x3a
 1817 019e 0B        		.uleb128 0xb
 1818 019f 3B        		.uleb128 0x3b
 1819 01a0 05        		.uleb128 0x5
 1820 01a1 39        		.uleb128 0x39
 1821 01a2 0B        		.uleb128 0xb
 1822 01a3 49        		.uleb128 0x49
 1823 01a4 13        		.uleb128 0x13
 1824 01a5 00        		.byte	0
 1825 01a6 00        		.byte	0
 1826 01a7 20        		.uleb128 0x20
 1827 01a8 0D        		.uleb128 0xd
 1828 01a9 00        		.byte	0
 1829 01aa 03        		.uleb128 0x3
 1830 01ab 08        		.uleb128 0x8
 1831 01ac 3A        		.uleb128 0x3a
 1832 01ad 0B        		.uleb128 0xb
 1833 01ae 3B        		.uleb128 0x3b
 1834 01af 05        		.uleb128 0x5
 1835 01b0 39        		.uleb128 0x39
 1836 01b1 0B        		.uleb128 0xb
 1837 01b2 49        		.uleb128 0x49
 1838 01b3 13        		.uleb128 0x13
 1839 01b4 00        		.byte	0
 1840 01b5 00        		.byte	0
 1841 01b6 21        		.uleb128 0x21
 1842 01b7 0D        		.uleb128 0xd
 1843 01b8 00        		.byte	0
 1844 01b9 49        		.uleb128 0x49
 1845 01ba 13        		.uleb128 0x13
 1846 01bb 38        		.uleb128 0x38
 1847 01bc 0A        		.uleb128 0xa
 1848 01bd 00        		.byte	0
 1849 01be 00        		.byte	0
 1850 01bf 22        		.uleb128 0x22
 1851 01c0 0F        		.uleb128 0xf
 1852 01c1 00        		.byte	0
 1853 01c2 0B        		.uleb128 0xb
 1854 01c3 0B        		.uleb128 0xb
 1855 01c4 00        		.byte	0
 1856 01c5 00        		.byte	0
 1857 01c6 23        		.uleb128 0x23
 1858 01c7 2E        		.uleb128 0x2e
 1859 01c8 00        		.byte	0
 1860 01c9 3F        		.uleb128 0x3f
 1861 01ca 0C        		.uleb128 0xc
 1862 01cb 03        		.uleb128 0x3
 1863 01cc 0E        		.uleb128 0xe
 1864 01cd 3A        		.uleb128 0x3a
 1865 01ce 0B        		.uleb128 0xb
 1866 01cf 3B        		.uleb128 0x3b
 1867 01d0 0B        		.uleb128 0xb
 1868 01d1 39        		.uleb128 0x39
 1869 01d2 0B        		.uleb128 0xb
 1870 01d3 27        		.uleb128 0x27
 1871 01d4 0C        		.uleb128 0xc
 1872 01d5 49        		.uleb128 0x49
 1873 01d6 13        		.uleb128 0x13
 1874 01d7 00        		.byte	0
 1875 01d8 00        		.byte	0
 1876 01d9 24        		.uleb128 0x24
 1877 01da 2E        		.uleb128 0x2e
 1878 01db 00        		.byte	0
 1879 01dc 3F        		.uleb128 0x3f
 1880 01dd 0C        		.uleb128 0xc
 1881 01de 03        		.uleb128 0x3
 1882 01df 0E        		.uleb128 0xe
 1883 01e0 3A        		.uleb128 0x3a
 1884 01e1 0B        		.uleb128 0xb
 1885 01e2 3B        		.uleb128 0x3b
 1886 01e3 0B        		.uleb128 0xb
 1887 01e4 39        		.uleb128 0x39
 1888 01e5 0B        		.uleb128 0xb
 1889 01e6 27        		.uleb128 0x27
 1890 01e7 0C        		.uleb128 0xc
 1891 01e8 00        		.byte	0
 1892 01e9 00        		.byte	0
 1893 01ea 00        		.byte	0
 1894               		.section	.gnu.debuglto_.debug_line,"",@progbits
 1895               	.Ldebug_line0:
 1896 0000 E901 0000 		.long	.LELT0-.LSLT0
 1897               	.LSLT0:
 1898 0004 0200      		.word	0x2
 1899 0006 E301 0000 		.long	.LELTP0-.LASLTP0
 1900               	.LASLTP0:
 1901 000a 01        		.byte	0x1
 1902 000b 01        		.byte	0x1
 1903 000c F6        		.byte	0xf6
 1904 000d F2        		.byte	0xf2
 1905 000e 0D        		.byte	0xd
 1906 000f 00        		.byte	0
 1907 0010 01        		.byte	0x1
 1908 0011 01        		.byte	0x1
 1909 0012 01        		.byte	0x1
 1910 0013 01        		.byte	0x1
 1911 0014 00        		.byte	0
 1912 0015 00        		.byte	0
 1913 0016 00        		.byte	0
 1914 0017 01        		.byte	0x1
 1915 0018 00        		.byte	0
 1916 0019 00        		.byte	0
 1917 001a 01        		.byte	0x1
 1918 001b 653A 5C67 		.ascii	"e:\\game\\msys2\\mingw64\\avr\\include"
 1918      616D 655C 
 1918      6D73 7973 
 1918      325C 6D69 
 1918      6E67 7736 
 1919 003c 00        		.byte	0
 1920 003d 653A 5C67 		.ascii	"e:\\game\\msys2\\mingw64\\lib\\gcc\\avr\\8.4.0\\include"
 1920      616D 655C 
 1920      6D73 7973 
 1920      325C 6D69 
 1920      6E67 7736 
 1921 006c 00        		.byte	0
 1922 006d 746D 6B5F 		.ascii	"tmk_core/common"
 1922      636F 7265 
 1922      2F63 6F6D 
 1922      6D6F 6E
 1923 007c 00        		.byte	0
 1924 007d 746D 6B5F 		.ascii	"tmk_core/common/avr"
 1924      636F 7265 
 1924      2F63 6F6D 
 1924      6D6F 6E2F 
 1924      6176 72
 1925 0090 00        		.byte	0
 1926 0091 7175 616E 		.ascii	"quantum"
 1926      7475 6D
 1927 0098 00        		.byte	0
 1928 0099 7175 616E 		.ascii	"quantum/process_keycode"
 1928      7475 6D2F 
 1928      7072 6F63 
 1928      6573 735F 
 1928      6B65 7963 
 1929 00b0 00        		.byte	0
 1930 00b1 7175 616E 		.ascii	"quantum/sequencer"
 1930      7475 6D2F 
 1930      7365 7175 
 1930      656E 6365 
 1930      72
 1931 00c2 00        		.byte	0
 1932 00c3 00        		.byte	0
 1933 00c4 7374 6469 		.string	"stdint.h"
 1933      6E74 2E68 
 1933      00
 1934 00cd 01        		.uleb128 0x1
 1935 00ce 00        		.uleb128 0
 1936 00cf 00        		.uleb128 0
 1937 00d0 7374 6464 		.string	"stddef.h"
 1937      6566 2E68 
 1937      00
 1938 00d9 02        		.uleb128 0x2
 1939 00da 00        		.uleb128 0
 1940 00db 00        		.uleb128 0
 1941 00dc 7265 706F 		.string	"report.h"
 1941      7274 2E68 
 1941      00
 1942 00e5 03        		.uleb128 0x3
 1943 00e6 00        		.uleb128 0
 1944 00e7 00        		.uleb128 0
 1945 00e8 6163 7469 		.string	"action.h"
 1945      6F6E 2E68 
 1945      00
 1946 00f1 03        		.uleb128 0x3
 1947 00f2 00        		.uleb128 0
 1948 00f3 00        		.uleb128 0
 1949 00f4 686F 7374 		.string	"host.h"
 1949      2E68 00
 1950 00fb 03        		.uleb128 0x3
 1951 00fc 00        		.uleb128 0
 1952 00fd 00        		.uleb128 0
 1953 00fe 6176 722F 		.string	"avr/xprintf.h"
 1953      7870 7269 
 1953      6E74 662E 
 1953      6800 
 1954 010c 03        		.uleb128 0x3
 1955 010d 00        		.uleb128 0
 1956 010e 00        		.uleb128 0
 1957 010f 6465 6275 		.string	"debug.h"
 1957      672E 6800 
 1958 0117 03        		.uleb128 0x3
 1959 0118 00        		.uleb128 0
 1960 0119 00        		.uleb128 0
 1961 011a 6B65 7963 		.string	"keycode_config.h"
 1961      6F64 655F 
 1961      636F 6E66 
 1961      6967 2E68 
 1961      00
 1962 012b 05        		.uleb128 0x5
 1963 012c 00        		.uleb128 0
 1964 012d 00        		.uleb128 0
 1965 012e 7469 6D65 		.string	"timer.h"
 1965      722E 6800 
 1966 0136 03        		.uleb128 0x3
 1967 0137 00        		.uleb128 0
 1968 0138 00        		.uleb128 0
 1969 0139 7365 7175 		.string	"sequencer/sequencer.h"
 1969      656E 6365 
 1969      722F 7365 
 1969      7175 656E 
 1969      6365 722E 
 1970 014f 05        		.uleb128 0x5
 1971 0150 00        		.uleb128 0
 1972 0151 00        		.uleb128 0
 1973 0152 6B65 796D 		.string	"keymap.h"
 1973      6170 2E68 
 1973      00
 1974 015b 05        		.uleb128 0x5
 1975 015c 00        		.uleb128 0
 1976 015d 00        		.uleb128 0
 1977 015e 636F 6C6F 		.string	"color.h"
 1977      722E 6800 
 1978 0166 05        		.uleb128 0x5
 1979 0167 00        		.uleb128 0
 1980 0168 00        		.uleb128 0
 1981 0169 7267 626C 		.string	"rgblight.h"
 1981      6967 6874 
 1981      2E68 00
 1982 0174 05        		.uleb128 0x5
 1983 0175 00        		.uleb128 0
 1984 0176 00        		.uleb128 0
 1985 0177 6163 7469 		.string	"action_layer.h"
 1985      6F6E 5F6C 
 1985      6179 6572 
 1985      2E68 00
 1986 0186 03        		.uleb128 0x3
 1987 0187 00        		.uleb128 0
 1988 0188 00        		.uleb128 0
 1989 0189 6163 7469 		.string	"action_util.h"
 1989      6F6E 5F75 
 1989      7469 6C2E 
 1989      6800 
 1990 0197 03        		.uleb128 0x3
 1991 0198 00        		.uleb128 0
 1992 0199 00        		.uleb128 0
 1993 019a 7365 6E64 		.string	"send_string.h"
 1993      5F73 7472 
 1993      696E 672E 
 1993      6800 
 1994 01a8 05        		.uleb128 0x5
 1995 01a9 00        		.uleb128 0
 1996 01aa 00        		.uleb128 0
 1997 01ab 7374 646C 		.string	"stdlib.h"
 1997      6962 2E68 
 1997      00
 1998 01b4 01        		.uleb128 0x1
 1999 01b5 00        		.uleb128 0
 2000 01b6 00        		.uleb128 0
 2001 01b7 7072 6F63 		.string	"process_keycode/process_tap_dance.h"
 2001      6573 735F 
 2001      6B65 7963 
 2001      6F64 652F 
 2001      7072 6F63 
 2002 01db 05        		.uleb128 0x5
 2003 01dc 00        		.uleb128 0
 2004 01dd 00        		.uleb128 0
 2005 01de 7573 625F 		.string	"usb_util.c"
 2005      7574 696C 
 2005      2E63 00
 2006 01e9 03        		.uleb128 0x3
 2007 01ea 00        		.uleb128 0
 2008 01eb 00        		.uleb128 0
 2009 01ec 00        		.byte	0
 2010               	.LELTP0:
 2011               	.LELT0:
 2012               		.section	.gnu.debuglto_.debug_str,"MS",@progbits,1
 2013               	.LASF110:
 2014 0000 636F 756E 		.string	"count"
 2014      7400 
 2015               	.LASF81:
 2016 0006 636C 6970 		.string	"clipping_start_pos"
 2016      7069 6E67 
 2016      5F73 7461 
 2016      7274 5F70 
 2016      6F73 00
 2017               	.LASF77:
 2018 0019 5247 424C 		.string	"RGBLED_KNIGHT_INTERVALS"
 2018      4544 5F4B 
 2018      4E49 4748 
 2018      545F 494E 
 2018      5445 5256 
 2019               	.LASF54:
 2020 0031 7472 6163 		.string	"track_notes"
 2020      6B5F 6E6F 
 2020      7465 7300 
 2021               	.LASF111:
 2022 003d 6F6E 6573 		.string	"oneshot_mods"
 2022      686F 745F 
 2022      6D6F 6473 
 2022      00
 2023               	.LASF58:
 2024 004a 5345 5155 		.string	"SEQUENCER_PHASE_ATTACK"
 2024      454E 4345 
 2024      525F 5048 
 2024      4153 455F 
 2024      4154 5441 
 2025               	.LASF11:
 2026 0061 7369 7A65 		.string	"size_t"
 2026      5F74 00
 2027               	.LASF57:
 2028 0068 7365 7175 		.string	"sequencer_config_t"
 2028      656E 6365 
 2028      725F 636F 
 2028      6E66 6967 
 2028      5F74 00
 2029               	.LASF103:
 2030 007b 6173 6369 		.string	"ascii_to_altgr_lut"
 2030      695F 746F 
 2030      5F61 6C74 
 2030      6772 5F6C 
 2030      7574 00
 2031               	.LASF32:
 2032 008e 7377 6170 		.string	"swap_grave_esc"
 2032      5F67 7261 
 2032      7665 5F65 
 2032      7363 00
 2033               	.LASF69:
 2034 009d 7365 7175 		.string	"sequencer_internal_state"
 2034      656E 6365 
 2034      725F 696E 
 2034      7465 726E 
 2034      616C 5F73 
 2035               	.LASF50:
 2036 00b6 5345 5155 		.string	"SEQUENCER_RESOLUTIONS"
 2036      454E 4345 
 2036      525F 5245 
 2036      534F 4C55 
 2036      5449 4F4E 
 2037               	.LASF41:
 2038 00cc 5351 5F52 		.string	"SQ_RES_2"
 2038      4553 5F32 
 2038      00
 2039               	.LASF43:
 2040 00d5 5351 5F52 		.string	"SQ_RES_4"
 2040      4553 5F34 
 2040      00
 2041               	.LASF45:
 2042 00de 5351 5F52 		.string	"SQ_RES_8"
 2042      4553 5F38 
 2042      00
 2043               	.LASF10:
 2044 00e7 6C6F 6E67 		.string	"long long unsigned int"
 2044      206C 6F6E 
 2044      6720 756E 
 2044      7369 676E 
 2044      6564 2069 
 2045               	.LASF63:
 2046 00fe 6375 7272 		.string	"current_track"
 2046      656E 745F 
 2046      7472 6163 
 2046      6B00 
 2047               	.LASF121:
 2048 010c 6F6E 5F64 		.string	"on_dance_finished"
 2048      616E 6365 
 2048      5F66 696E 
 2048      6973 6865 
 2048      6400 
 2049               	.LASF94:
 2050 011e 6465 6C74 		.string	"delta"
 2050      6100 
 2051               	.LASF118:
 2052 0124 716B 5F74 		.string	"qk_tap_dance_state_t"
 2052      6170 5F64 
 2052      616E 6365 
 2052      5F73 7461 
 2052      7465 5F74 
 2053               	.LASF113:
 2054 0139 6B65 7963 		.string	"keycode"
 2054      6F64 6500 
 2055               	.LASF9:
 2056 0141 6C6F 6E67 		.string	"long long int"
 2056      206C 6F6E 
 2056      6720 696E 
 2056      7400 
 2057               	.LASF2:
 2058 014f 7369 676E 		.string	"signed char"
 2058      6564 2063 
 2058      6861 7200 
 2059               	.LASF125:
 2060 015b 7573 6572 		.string	"user_data"
 2060      5F64 6174 
 2060      6100 
 2061               	.LASF27:
 2062 0165 7377 6170 		.string	"swap_control_capslock"
 2062      5F63 6F6E 
 2062      7472 6F6C 
 2062      5F63 6170 
 2062      736C 6F63 
 2063               	.LASF40:
 2064 017b 7469 6D65 		.string	"timer_count"
 2064      725F 636F 
 2064      756E 7400 
 2065               	.LASF42:
 2066 0187 5351 5F52 		.string	"SQ_RES_2T"
 2066      4553 5F32 
 2066      5400 
 2067               	.LASF126:
 2068 0191 716B 5F74 		.string	"qk_tap_dance_action_t"
 2068      6170 5F64 
 2068      616E 6365 
 2068      5F61 6374 
 2068      696F 6E5F 
 2069               	.LASF70:
 2070 01a7 6B65 796D 		.string	"keymaps"
 2070      6170 7300 
 2071               	.LASF107:
 2072 01af 5F5F 6D61 		.string	"__malloc_heap_start"
 2072      6C6C 6F63 
 2072      5F68 6561 
 2072      705F 7374 
 2072      6172 7400 
 2073               	.LASF123:
 2074 01c3 7374 6174 		.string	"state"
 2074      6500 
 2075               	.LASF6:
 2076 01c9 6C6F 6E67 		.string	"long int"
 2076      2069 6E74 
 2076      00
 2077               	.LASF128:
 2078 01d2 7573 625F 		.string	"usb_vbus_state"
 2078      7662 7573 
 2078      5F73 7461 
 2078      7465 00
 2079               	.LASF72:
 2080 01e1 6352 4742 		.string	"cRGB"
 2080      00
 2081               	.LASF49:
 2082 01e6 5351 5F52 		.string	"SQ_RES_32"
 2082      4553 5F33 
 2082      3200 
 2083               	.LASF21:
 2084 01f0 656E 6162 		.string	"enable"
 2084      6C65 00
 2085               	.LASF34:
 2086 01f7 6E6B 726F 		.string	"nkro"
 2086      00
 2087               	.LASF38:
 2088 01fc 6B65 796D 		.string	"keymap_config_t"
 2088      6170 5F63 
 2088      6F6E 6669 
 2088      675F 7400 
 2089               	.LASF48:
 2090 020c 5351 5F52 		.string	"SQ_RES_16T"
 2090      4553 5F31 
 2090      3654 00
 2091               	.LASF80:
 2092 0217 6973 5F72 		.string	"is_rgblight_initialized"
 2092      6762 6C69 
 2092      6768 745F 
 2092      696E 6974 
 2092      6961 6C69 
 2093               	.LASF79:
 2094 022f 5247 424C 		.string	"RGBLED_TWINKLE_INTERVALS"
 2094      4544 5F54 
 2094      5749 4E4B 
 2094      4C45 5F49 
 2094      4E54 4552 
 2095               	.LASF68:
 2096 0248 7365 7175 		.string	"sequencer_config"
 2096      656E 6365 
 2096      725F 636F 
 2096      6E66 6967 
 2096      00
 2097               	.LASF129:
 2098 0259 7573 625F 		.string	"usb_connected_state"
 2098      636F 6E6E 
 2098      6563 7465 
 2098      645F 7374 
 2098      6174 6500 
 2099               	.LASF22:
 2100 026d 6D61 7472 		.string	"matrix"
 2100      6978 00
 2101               	.LASF90:
 2102 0274 6375 7272 		.string	"current_offset"
 2102      656E 745F 
 2102      6F66 6673 
 2102      6574 00
 2103               	.LASF92:
 2104 0283 5F61 6E69 		.string	"_animation_status_t"
 2104      6D61 7469 
 2104      6F6E 5F73 
 2104      7461 7475 
 2104      735F 7400 
 2105               	.LASF106:
 2106 0297 5F5F 6D61 		.string	"__malloc_margin"
 2106      6C6C 6F63 
 2106      5F6D 6172 
 2106      6769 6E00 
 2107               	.LASF5:
 2108 02a7 756E 7369 		.string	"unsigned int"
 2108      676E 6564 
 2108      2069 6E74 
 2108      00
 2109               	.LASF4:
 2110 02b4 7569 6E74 		.string	"uint16_t"
 2110      3136 5F74 
 2110      00
 2111               	.LASF26:
 2112 02bd 6465 6275 		.string	"debug_config"
 2112      675F 636F 
 2112      6E66 6967 
 2112      00
 2113               	.LASF120:
 2114 02ca 6F6E 5F65 		.string	"on_each_tap"
 2114      6163 685F 
 2114      7461 7000 
 2115               	.LASF8:
 2116 02d6 6C6F 6E67 		.string	"long unsigned int"
 2116      2075 6E73 
 2116      6967 6E65 
 2116      6420 696E 
 2116      7400 
 2117               	.LASF31:
 2118 02e8 6E6F 5F67 		.string	"no_gui"
 2118      7569 00
 2119               	.LASF119:
 2120 02ef 716B 5F74 		.string	"qk_tap_dance_user_fn_t"
 2120      6170 5F64 
 2120      616E 6365 
 2120      5F75 7365 
 2120      725F 666E 
 2121               	.LASF127:
 2122 0306 7461 705F 		.string	"tap_dance_actions"
 2122      6461 6E63 
 2122      655F 6163 
 2122      7469 6F6E 
 2122      7300 
 2123               	.LASF109:
 2124 0318 5F5F 6D61 		.string	"__malloc_heap_end"
 2124      6C6C 6F63 
 2124      5F68 6561 
 2124      705F 656E 
 2124      6400 
 2125               	.LASF88:
 2126 032a 706F 7331 		.string	"pos16"
 2126      3600 
 2127               	.LASF16:
 2128 0330 7265 706F 		.string	"report_keyboard_t"
 2128      7274 5F6B 
 2128      6579 626F 
 2128      6172 645F 
 2128      7400 
 2129               	.LASF83:
 2130 0342 6566 6665 		.string	"effect_start_pos"
 2130      6374 5F73 
 2130      7461 7274 
 2130      5F70 6F73 
 2130      00
 2131               	.LASF23:
 2132 0353 6B65 7962 		.string	"keyboard"
 2132      6F61 7264 
 2132      00
 2133               	.LASF60:
 2134 035c 5345 5155 		.string	"SEQUENCER_PHASE_PAUSE"
 2134      454E 4345 
 2134      525F 5048 
 2134      4153 455F 
 2134      5041 5553 
 2135               	.LASF44:
 2136 0372 5351 5F52 		.string	"SQ_RES_4T"
 2136      4553 5F34 
 2136      5400 
 2137               	.LASF78:
 2138 037c 5247 424C 		.string	"RGBLED_RGBTEST_INTERVALS"
 2138      4544 5F52 
 2138      4742 5445 
 2138      5354 5F49 
 2138      4E54 4552 
 2139               	.LASF73:
 2140 0395 5247 424C 		.string	"RGBLED_BREATHING_INTERVALS"
 2140      4544 5F42 
 2140      5245 4154 
 2140      4849 4E47 
 2140      5F49 4E54 
 2141               	.LASF29:
 2142 03b0 7377 6170 		.string	"swap_lalt_lgui"
 2142      5F6C 616C 
 2142      745F 6C67 
 2142      7569 00
 2143               	.LASF33:
 2144 03bf 7377 6170 		.string	"swap_backslash_backspace"
 2144      5F62 6163 
 2144      6B73 6C61 
 2144      7368 5F62 
 2144      6163 6B73 
 2145               	.LASF105:
 2146 03d8 6173 6369 		.string	"ascii_to_keycode_lut"
 2146      695F 746F 
 2146      5F6B 6579 
 2146      636F 6465 
 2146      5F6C 7574 
 2147               	.LASF85:
 2148 03ed 6566 6665 		.string	"effect_num_leds"
 2148      6374 5F6E 
 2148      756D 5F6C 
 2148      6564 7300 
 2149               	.LASF51:
 2150 03fd 7365 7175 		.string	"sequencer_resolution_t"
 2150      656E 6365 
 2150      725F 7265 
 2150      736F 6C75 
 2150      7469 6F6E 
 2151               	.LASF75:
 2152 0414 5247 424C 		.string	"RGBLED_RAINBOW_SWIRL_INTERVALS"
 2152      4544 5F52 
 2152      4149 4E42 
 2152      4F57 5F53 
 2152      5749 524C 
 2153               	.LASF37:
 2154 0433 6F6E 6573 		.string	"oneshot_disable"
 2154      686F 745F 
 2154      6469 7361 
 2154      626C 6500 
 2155               	.LASF64:
 2156 0443 6375 7272 		.string	"current_step"
 2156      656E 745F 
 2156      7374 6570 
 2156      00
 2157               	.LASF96:
 2158 0450 616E 696D 		.string	"animation_status_t"
 2158      6174 696F 
 2158      6E5F 7374 
 2158      6174 7573 
 2158      5F74 00
 2159               	.LASF14:
 2160 0463 7265 7365 		.string	"reserved"
 2160      7276 6564 
 2160      00
 2161               	.LASF15:
 2162 046c 6B65 7973 		.string	"keys"
 2162      00
 2163               	.LASF87:
 2164 0471 7267 626C 		.string	"rgblight_ranges"
 2164      6967 6874 
 2164      5F72 616E 
 2164      6765 7300 
 2165               	.LASF76:
 2166 0481 5247 424C 		.string	"RGBLED_SNAKE_INTERVALS"
 2166      4544 5F53 
 2166      4E41 4B45 
 2166      5F49 4E54 
 2166      4552 5641 
 2167               	.LASF101:
 2168 0498 6B65 7962 		.string	"keyboard_report"
 2168      6F61 7264 
 2168      5F72 6570 
 2168      6F72 7400 
 2169               	.LASF100:
 2170 04a8 6C61 7965 		.string	"layer_state"
 2170      725F 7374 
 2170      6174 6500 
 2171               	.LASF20:
 2172 04b4 7866 756E 		.string	"xfunc_out"
 2172      635F 6F75 
 2172      7400 
 2173               	.LASF71:
 2174 04be 666E 5F61 		.string	"fn_actions"
 2174      6374 696F 
 2174      6E73 00
 2175               	.LASF12:
 2176 04c9 5F42 6F6F 		.string	"_Bool"
 2176      6C00 
 2177               	.LASF3:
 2178 04cf 756E 7369 		.string	"unsigned char"
 2178      676E 6564 
 2178      2063 6861 
 2178      7200 
 2179               	.LASF28:
 2180 04dd 6361 7073 		.string	"capslock_to_control"
 2180      6C6F 636B 
 2180      5F74 6F5F 
 2180      636F 6E74 
 2180      726F 6C00 
 2181               	.LASF30:
 2182 04f1 7377 6170 		.string	"swap_ralt_rgui"
 2182      5F72 616C 
 2182      745F 7267 
 2182      7569 00
 2183               	.LASF117:
 2184 0500 6669 6E69 		.string	"finished"
 2184      7368 6564 
 2184      00
 2185               	.LASF114:
 2186 0509 696E 7465 		.string	"interrupting_keycode"
 2186      7272 7570 
 2186      7469 6E67 
 2186      5F6B 6579 
 2186      636F 6465 
 2187               	.LASF39:
 2188 051e 6B65 796D 		.string	"keymap_config"
 2188      6170 5F63 
 2188      6F6E 6669 
 2188      6700 
 2189               	.LASF7:
 2190 052c 7569 6E74 		.string	"uint32_t"
 2190      3332 5F74 
 2190      00
 2191               	.LASF93:
 2192 0535 6C61 7374 		.string	"last_timer"
 2192      5F74 696D 
 2192      6572 00
 2193               	.LASF52:
 2194 0540 656E 6162 		.string	"enabled"
 2194      6C65 6400 
 2195               	.LASF61:
 2196 0548 7365 7175 		.string	"sequencer_phase_t"
 2196      656E 6365 
 2196      725F 7068 
 2196      6173 655F 
 2196      7400 
 2197               	.LASF18:
 2198 055a 6B65 7962 		.string	"keyboard_idle"
 2198      6F61 7264 
 2198      5F69 646C 
 2198      6500 
 2199               	.LASF108:
 2200 0568 6368 6172 		.string	"char"
 2200      00
 2201               	.LASF122:
 2202 056d 6F6E 5F72 		.string	"on_reset"
 2202      6573 6574 
 2202      00
 2203               	.LASF98:
 2204 0576 6C61 7965 		.string	"layer_state_t"
 2204      725F 7374 
 2204      6174 655F 
 2204      7400 
 2205               	.LASF124:
 2206 0584 6375 7374 		.string	"custom_tapping_term"
 2206      6F6D 5F74 
 2206      6170 7069 
 2206      6E67 5F74 
 2206      6572 6D00 
 2207               	.LASF86:
 2208 0598 7267 626C 		.string	"rgblight_ranges_t"
 2208      6967 6874 
 2208      5F72 616E 
 2208      6765 735F 
 2208      7400 
 2209               	.LASF56:
 2210 05aa 7265 736F 		.string	"resolution"
 2210      6C75 7469 
 2210      6F6E 00
 2211               	.LASF13:
 2212 05b5 6D6F 6473 		.string	"mods"
 2212      00
 2213               	.LASF55:
 2214 05ba 7465 6D70 		.string	"tempo"
 2214      6F00 
 2215               	.LASF95:
 2216 05c0 7265 7374 		.string	"restart"
 2216      6172 7400 
 2217               	.LASF102:
 2218 05c8 6173 6369 		.string	"ascii_to_shift_lut"
 2218      695F 746F 
 2218      5F73 6869 
 2218      6674 5F6C 
 2218      7574 00
 2219               	.LASF112:
 2220 05db 7765 616B 		.string	"weak_mods"
 2220      5F6D 6F64 
 2220      7300 
 2221               	.LASF97:
 2222 05e5 616E 696D 		.string	"animation_status"
 2222      6174 696F 
 2222      6E5F 7374 
 2222      6174 7573 
 2222      00
 2223               	.LASF99:
 2224 05f6 6465 6661 		.string	"default_layer_state"
 2224      756C 745F 
 2224      6C61 7965 
 2224      725F 7374 
 2224      6174 6500 
 2225               	.LASF0:
 2226 060a 696E 7438 		.string	"int8_t"
 2226      5F74 00
 2227               	.LASF132:
 2228 0611 443A 5C44 		.string	"D:\\Download\\qmk_firmware\\vial-qmk"
 2228      6F77 6E6C 
 2228      6F61 645C 
 2228      716D 6B5F 
 2228      6669 726D 
 2229               	.LASF17:
 2230 0633 6469 7361 		.string	"disable_action_cache"
 2230      626C 655F 
 2230      6163 7469 
 2230      6F6E 5F63 
 2230      6163 6865 
 2231               	.LASF67:
 2232 0648 7365 7175 		.string	"sequencer_state_t"
 2232      656E 6365 
 2232      725F 7374 
 2232      6174 655F 
 2232      7400 
 2233               	.LASF25:
 2234 065a 6465 6275 		.string	"debug_config_t"
 2234      675F 636F 
 2234      6E66 6967 
 2234      5F74 00
 2235               	.LASF82:
 2236 0669 636C 6970 		.string	"clipping_num_leds"
 2236      7069 6E67 
 2236      5F6E 756D 
 2236      5F6C 6564 
 2236      7300 
 2237               	.LASF131:
 2238 067b 746D 6B5F 		.string	"tmk_core/common/usb_util.c"
 2238      636F 7265 
 2238      2F63 6F6D 
 2238      6D6F 6E2F 
 2238      7573 625F 
 2239               	.LASF66:
 2240 0696 7068 6173 		.string	"phase"
 2240      6500 
 2241               	.LASF130:
 2242 069c 474E 5520 		.string	"GNU C99 8.4.0 -mn-flash=1 -mno-skip-bug -mmcu=avr5 -gdwarf-2 -Os -std=gnu99 -funsigned-ch
 2242      4339 3920 
 2242      382E 342E 
 2242      3020 2D6D 
 2242      6E2D 666C 
 2243               	.LASF133:
 2244 078d 7573 625F 		.string	"usb_disable"
 2244      6469 7361 
 2244      626C 6500 
 2245               	.LASF116:
 2246 0799 7072 6573 		.string	"pressed"
 2246      7365 6400 
 2247               	.LASF115:
 2248 07a1 696E 7465 		.string	"interrupted"
 2248      7272 7570 
 2248      7465 6400 
 2249               	.LASF91:
 2250 07ad 5F72 6762 		.string	"_rgblight_ranges_t"
 2250      6C69 6768 
 2250      745F 7261 
 2250      6E67 6573 
 2250      5F74 00
 2251               	.LASF1:
 2252 07c0 7569 6E74 		.string	"uint8_t"
 2252      385F 7400 
 2253               	.LASF65:
 2254 07c8 7469 6D65 		.string	"timer"
 2254      7200 
 2255               	.LASF19:
 2256 07ce 6B65 7962 		.string	"keyboard_protocol"
 2256      6F61 7264 
 2256      5F70 726F 
 2256      746F 636F 
 2256      6C00 
 2257               	.LASF104:
 2258 07e0 6173 6369 		.string	"ascii_to_dead_lut"
 2258      695F 746F 
 2258      5F64 6561 
 2258      645F 6C75 
 2258      7400 
 2259               	.LASF24:
 2260 07f2 6D6F 7573 		.string	"mouse"
 2260      6500 
 2261               	.LASF89:
 2262 07f8 6375 7272 		.string	"current_hue"
 2262      656E 745F 
 2262      6875 6500 
 2263               	.LASF84:
 2264 0804 6566 6665 		.string	"effect_end_pos"
 2264      6374 5F65 
 2264      6E64 5F70 
 2264      6F73 00
 2265               	.LASF36:
 2266 0813 7377 6170 		.string	"swap_rctl_rgui"
 2266      5F72 6374 
 2266      6C5F 7267 
 2266      7569 00
 2267               	.LASF62:
 2268 0822 6163 7469 		.string	"active_tracks"
 2268      7665 5F74 
 2268      7261 636B 
 2268      7300 
 2269               	.LASF59:
 2270 0830 5345 5155 		.string	"SEQUENCER_PHASE_RELEASE"
 2270      454E 4345 
 2270      525F 5048 
 2270      4153 455F 
 2270      5245 4C45 
 2271               	.LASF46:
 2272 0848 5351 5F52 		.string	"SQ_RES_8T"
 2272      4553 5F38 
 2272      5400 
 2273               	.LASF35:
 2274 0852 7377 6170 		.string	"swap_lctl_lgui"
 2274      5F6C 6374 
 2274      6C5F 6C67 
 2274      7569 00
 2275               	.LASF53:
 2276 0861 7374 6570 		.string	"steps"
 2276      7300 
 2277               	.LASF47:
 2278 0867 5351 5F52 		.string	"SQ_RES_16"
 2278      4553 5F31 
 2278      3600 
 2279               	.LASF74:
 2280 0871 5247 424C 		.string	"RGBLED_RAINBOW_MOOD_INTERVALS"
 2280      4544 5F52 
 2280      4149 4E42 
 2280      4F57 5F4D 
 2280      4F4F 445F 
 2281               		.text
 2282               		.section	.gnu.lto_.profile.90f235d7,"",@progbits
 2283 0000 789C 6367 		.string	"x\234cg`f`d"
 2283      6066 6064 
 2283      00
 2284 0009 0200      		.string	"\002"
 2285 000b 00        		.string	""
 2286 000c 6200      		.string	"b"
 2287 000e 0C        		.ascii	"\f"
 2288               		.text
 2289               		.section	.gnu.lto_.icf.90f235d7,"",@progbits
 2290 0000 789C 6367 		.string	"x\234cg`f\020a@"
 2290      6066 1061 
 2290      4000 
 2291 000a 6686 E95D 		.string	"f\206\351]'z\271\030\327tN\234\315\306\004&\031"
 2291      277A B918 
 2291      D774 4E9C 
 2291      CDC6 0426 
 2291      1900 
 2292 001c 518A 0773 		.ascii	"Q\212\007s"
 2293               		.text
 2294               		.section	.gnu.lto_.jmpfuncs.90f235d7,"",@progbits
 2295 0000 789C 6367 		.string	"x\234cg`f\340f@"
 2295      6066 E066 
 2295      4000 
 2296 000a 6620 6664 		.string	"f fd``\002R"
 2296      6060 0252 
 2296      00
 2297 0013 0250 00   		.string	"\002P"
 2298 0016 1C        		.ascii	"\034"
 2299               		.text
 2300               		.section	.gnu.lto_.inline.90f235d7,"",@progbits
 2301 0000 789C 6367 		.string	"x\234cg`f\310f@"
 2301      6066 C866 
 2301      4000 
 2302 000a 6620 6A00 		.string	"f j"
 2303 000e 0296 6446 		.string	"\002\226dF\006&\006\206F \263\216\201\201\r\"\304\004\022b``$\254\204\211\260\022\006"
 2303      0626 0686 
 2303      4620 B38E 
 2303      8181 0D22 
 2303      C404 1262 
 2304 002c 0C52 1693 		.ascii	"\fR\026\223"
 2305               		.text
 2306               		.section	.gnu.lto_.pureconst.90f235d7,"",@progbits
 2307 0000 789C 6367 		.string	"x\234cg`f\340b`"
 2307      6066 E062 
 2307      6000 
 2308 000a 9233 5818 		.string	"\2223X\030g\2600\315`\001"
 2308      67B0 30CD 
 2308      6001 00
 2309 0015 0A8E 01EF 		.ascii	"\n\216\001\357"
 2310               		.text
 2311               		.section	.gnu.lto_usb_disable.90f235d7,"",@progbits
 2312 0000 789C 6367 		.string	"x\234cg`f\230\304\300\300 \013\305\214\314\f\214L\r\r\r\016\354\215\034L\214\214 \026K\00
 2312      6066 98C4 
 2312      C0C0 200B 
 2312      C58C CC0C 
 2312      8C4C 0D0D 
 2313 00bb 00        		.string	""
 2314 00bc 9857 3BFD 		.ascii	"\230W;\375"
 2315               		.text
 2316               		.section	.gnu.lto_usb_connected_state.90f235d7,"",@progbits
 2317 0000 789C 6367 		.string	"x\234cg`fX\301\300\300 \013\305\214\314\f\214L\r\r\r\016\354\215\034L\214\214 \026K\003\0
 2317      6066 58C1 
 2317      C0C0 200B 
 2317      C58C CC0C 
 2317      8C4C 0D0D 
 2318 0050 E36E 462D 		.string	"\343nF-\006\006\240\352G\033\377M\345ec\001I\203\204\3670\26210\002\031\353/\261\036h\370
 2318      0606 A0EA 
 2318      471B FF4D 
 2318      E565 6301 
 2318      4983 84F7 
 2319 00d4 00        		.string	""
 2320 00d5 631D 4391 		.ascii	"c\035C\221"
 2321               		.text
 2322               		.section	.gnu.lto_usb_vbus_state.90f235d7,"",@progbits
 2323 0000 789C 6367 		.string	"x\234cg`fX\311\300\300 \013\305\214\314\f\214L\r\r\r\016\354\215\034L\214\214 \026K\003\0
 2323      6066 58C9 
 2323      C0C0 200B 
 2323      C58C CC0C 
 2323      8C4C 0D0D 
 2324 0050 E36E 462D 		.string	"\343nF-\006\006\240\352G\033\377M\345ec\001I\203\204\3670\26210\002\031\353/\261\036h\370
 2324      0606 A0EA 
 2324      471B FF4D 
 2324      E565 6301 
 2324      4983 84F7 
 2325 00d7 F74C 448D 		.ascii	"\367LD\215"
 2326               		.text
 2327               		.section	.gnu.lto_.symbol_nodes.90f235d7,"",@progbits
 2328 0000 789C 6367 		.string	"x\234cg`f\360e"
 2328      6066 F065 
 2328      00
 2329 0009 0226 897A 		.string	"\002&\211z\206\246\206\206\006\026\306\t\347\030\030\352\031\030v5820\202$$\353\031\261KH
 2329      86A6 8686 
 2329      0616 C609 
 2329      E718 18EA 
 2329      1918 7635 
 2330 002e 00        		.string	""
 2331 002f FAD0 1249 		.ascii	"\372\320\022I"
 2332               		.text
 2333               		.section	.gnu.lto_.refs.90f235d7,"",@progbits
 2334 0000 789C 6367 		.string	"x\234cg`f`d"
 2334      6066 6064 
 2334      00
 2335 0009 0200      		.string	"\002"
 2336 000b 00        		.string	""
 2337 000c 6200      		.string	"b"
 2338 000e 0C        		.ascii	"\f"
 2339               		.text
 2340               		.section	.gnu.lto_.decls.90f235d7,"",@progbits
 2341 0000 789C 7550 		.string	"x\234uPMhSA\020\236y\373j\022\n\251X\221\2429\004r\2256\240\020r\023=x\363 x5\344\347AJ\2
 2341      4D68 5341 
 2341      109E 79FB 
 2341      6A12 0AA9 
 2341      5891 A239 
 2342 0061 068C 015C 		.string	"\006\214\001\\\007\200\022y\233L\247\330\202\236Q\031\252\344\r\362&\374oy\004\240\005quG
 2342      0780 1279 
 2342      9B4C A7D8 
 2342      829E 5119 
 2342      AAE4 0DF2 
 2343 00f1 9F21 93C8 		.string	"\237!\223\310\265\335\307?G\330\250U\255<\252\347]\376\207\\\232\363<\340\013\013\006\020
 2343      B5DD C73F 
 2343      47D8 A855 
 2343      AD3C AAE7 
 2343      5DFE 875C 
 2344 0157 B08A 3EA2 		.string	"\260\212>\242hm\324\266\035,>`\354f\375\303\202\203]\022U\226\313o_C\364 \272\310\013\374
 2344      686D D4B6 
 2344      1D2C 3E60 
 2344      EC66 FDC3 
 2344      8283 5D12 
 2345 01cb 6D6F DB0B 		.ascii	"mo\333\013\237:\237\267c'_\355\222\257\t\362U\033\371&\2217\321"
 2345      9F3A 9FB7 
 2345      6327 5FED 
 2345      92AF 09F2 
 2345      551B F926 
 2346 01e2 07C3 D974 		.ascii	"\007\303\331t$\024\233L\207#\tC\277h\204\247\016g\222S\241\250"
 2346      2414 9B4C 
 2346      8723 0943 
 2346      BF68 84A7 
 2346      0E67 9253 
 2347 01f8 79C1 9888 		.ascii	"y\301\230\210\232\311\244\231\232\020\200lf21\036u\236>s\316"
 2347      9AC9 A499 
 2347      9A10 806C 
 2347      6632 311E 
 2347      759E 3E73 
 2348 020d 7B2A 1884 		.ascii	"{*\030\204\203\275\334x8\030\210\035\367S\362\310\340\2070*\316"
 2348      83BD DC78 
 2348      3818 881D 
 2348      F753 F2C8 
 2348      E087 302A 
 2349 0222 5133 9532 		.ascii	"Q3\2252\242\031#\026Jg\302\031c(t\3224\023nQ\231\216d\3232\371"
 2349      A219 2316 
 2349      4A67 C219 
 2349      6328 74D2 
 2349      3413 6E51 
 2350 023c 1756 5DF3 		.ascii	"\027V]\363\271"
 2350      B9
 2351               		.text
 2352               		.section	.gnu.lto_.symtab.90f235d7,"",@progbits
 2353 0000 7573 625F 		.string	"usb_disable"
 2353      6469 7361 
 2353      626C 6500 
 2354 000c 00        		.string	""
 2355 000d 01        		.ascii	"\001"
 2356 000e 00        		.string	""
 2357 000f 00        		.string	""
 2358 0010 00        		.string	""
 2359 0011 00        		.string	""
 2360 0012 00        		.string	""
 2361 0013 00        		.string	""
 2362 0014 00        		.string	""
 2363 0015 00        		.string	""
 2364 0016 00        		.string	""
 2365 0017 C200      		.string	"\302"
 2366 0019 00        		.string	""
 2367 001a 00        		.string	""
 2368 001b 7573 625F 		.string	"usb_connected_state"
 2368      636F 6E6E 
 2368      6563 7465 
 2368      645F 7374 
 2368      6174 6500 
 2369 002f 00        		.string	""
 2370 0030 01        		.ascii	"\001"
 2371 0031 00        		.string	""
 2372 0032 00        		.string	""
 2373 0033 00        		.string	""
 2374 0034 00        		.string	""
 2375 0035 00        		.string	""
 2376 0036 00        		.string	""
 2377 0037 00        		.string	""
 2378 0038 00        		.string	""
 2379 0039 00        		.string	""
 2380 003a CA00      		.string	"\312"
 2381 003c 00        		.string	""
 2382 003d 00        		.string	""
 2383 003e 7573 625F 		.string	"usb_vbus_state"
 2383      7662 7573 
 2383      5F73 7461 
 2383      7465 00
 2384 004d 00        		.string	""
 2385 004e 01        		.ascii	"\001"
 2386 004f 00        		.string	""
 2387 0050 00        		.string	""
 2388 0051 00        		.string	""
 2389 0052 00        		.string	""
 2390 0053 00        		.string	""
 2391 0054 00        		.string	""
 2392 0055 00        		.string	""
 2393 0056 00        		.string	""
 2394 0057 00        		.string	""
 2395 0058 CD00      		.string	"\315"
 2396 005a 00        		.string	""
 2397 005b 00        		.string	""
 2398               		.text
 2399               		.section	.gnu.lto_.opts,"",@progbits
 2400 0000 272D 666E 		.ascii	"'-fn"
 2401 0004 6F2D 6F70 		.string	"o-openmp' '-fno-openacc' '-fno-pie' '-mn-flash=1' '-mno-skip-bug' '-mmcu=avr5' '-Os' '-We
 2401      656E 6D70 
 2401      2720 272D 
 2401      666E 6F2D 
 2401      6F70 656E 
 2402               		.text
 2403               		.comm	__gnu_lto_v1,1,1
 2404               		.comm	__gnu_lto_slim,1,1
 2405               		.ident	"GCC: (GNU) 8.4.0"
DEFINED SYMBOLS
                            *ABS*:0000000000000000 usb_util.c
C:\Users\Roningo\AppData\Local\Temp\ccYU7Sqs.s:2      *ABS*:000000000000003e __SP_H__
C:\Users\Roningo\AppData\Local\Temp\ccYU7Sqs.s:3      *ABS*:000000000000003d __SP_L__
C:\Users\Roningo\AppData\Local\Temp\ccYU7Sqs.s:4      *ABS*:000000000000003f __SREG__
C:\Users\Roningo\AppData\Local\Temp\ccYU7Sqs.s:5      *ABS*:0000000000000000 __tmp_reg__
C:\Users\Roningo\AppData\Local\Temp\ccYU7Sqs.s:6      *ABS*:0000000000000001 __zero_reg__
C:\Users\Roningo\AppData\Local\Temp\ccYU7Sqs.s:30     .gnu.debuglto_.debug_info:0000000000000000 usb_util.c.a97d4099
                            *COM*:0000000000000001 __gnu_lto_v1
                            *COM*:0000000000000001 __gnu_lto_slim

NO UNDEFINED SYMBOLS
