   1               		.file	"Events.c"
   2               	__SP_H__ = 0x3e
   3               	__SP_L__ = 0x3d
   4               	__SREG__ = 0x3f
   5               	__tmp_reg__ = 0
   6               	__zero_reg__ = 1
   7               		.file 1 "lib/lufa/LUFA/Drivers/USB/Core/Events.c"
   8               		.file 2 "e:\\game\\msys2\\mingw64\\avr\\include\\stdint.h"
   9               		.section	.gnu.debuglto_.debug_info,"",@progbits
  10               	.Ldebug_info0:
  11               		.hidden	Events.c.732c0463
  12               		.weak	Events.c.732c0463
  13               	Events.c.732c0463:
  14 0000 AC00 0000 		.long	0xac
  15 0004 0200      		.word	0x2
  16 0006 0000 0000 		.long	.Ldebug_abbrev0
  17 000a 04        		.byte	0x4
  18 000b 01        		.uleb128 0x1
  19 000c 0000 0000 		.long	.LASF9
  20 0010 0C        		.byte	0xc
  21 0011 0000 0000 		.long	.LASF10
  22 0015 0000 0000 		.long	.LASF11
  23 0019 0000 0000 		.long	.Ldebug_line0
  24 001d 02        		.uleb128 0x2
  25 001e 01        		.byte	0x1
  26 001f 06        		.byte	0x6
  27 0020 0000 0000 		.long	.LASF0
  28 0024 03        		.uleb128 0x3
  29 0025 0000 0000 		.long	.LASF12
  30 0029 02        		.byte	0x2
  31 002a 7E        		.byte	0x7e
  32 002b 16        		.byte	0x16
  33 002c 3500 0000 		.long	0x35
  34 0030 04        		.uleb128 0x4
  35 0031 2400 0000 		.long	0x24
  36 0035 02        		.uleb128 0x2
  37 0036 01        		.byte	0x1
  38 0037 08        		.byte	0x8
  39 0038 0000 0000 		.long	.LASF1
  40 003c 05        		.uleb128 0x5
  41 003d 02        		.byte	0x2
  42 003e 05        		.byte	0x5
  43 003f 696E 7400 		.string	"int"
  44 0043 02        		.uleb128 0x2
  45 0044 02        		.byte	0x2
  46 0045 07        		.byte	0x7
  47 0046 0000 0000 		.long	.LASF2
  48 004a 02        		.uleb128 0x2
  49 004b 04        		.byte	0x4
  50 004c 05        		.byte	0x5
  51 004d 0000 0000 		.long	.LASF3
  52 0051 02        		.uleb128 0x2
  53 0052 04        		.byte	0x4
  54 0053 07        		.byte	0x7
  55 0054 0000 0000 		.long	.LASF4
  56 0058 02        		.uleb128 0x2
  57 0059 08        		.byte	0x8
  58 005a 05        		.byte	0x5
  59 005b 0000 0000 		.long	.LASF5
  60 005f 02        		.uleb128 0x2
  61 0060 08        		.byte	0x8
  62 0061 07        		.byte	0x7
  63 0062 0000 0000 		.long	.LASF6
  64 0066 06        		.uleb128 0x6
  65 0067 01        		.byte	0x1
  66 0068 0000 0000 		.long	.LASF7
  67 006c 01        		.byte	0x1
  68 006d 2E        		.byte	0x2e
  69 006e 06        		.byte	0x6
  70 006f 01        		.byte	0x1
  71 0070 8B00 0000 		.long	0x8b
  72 0074 07        		.uleb128 0x7
  73 0075 5F31 00   		.string	"_1"
  74 0078 01        		.byte	0x1
  75 0079 2E        		.byte	0x2e
  76 007a 25        		.byte	0x25
  77 007b 3000 0000 		.long	0x30
  78 007f 07        		.uleb128 0x7
  79 0080 5F32 00   		.string	"_2"
  80 0083 01        		.byte	0x1
  81 0084 2E        		.byte	0x2e
  82 0085 37        		.byte	0x37
  83 0086 3000 0000 		.long	0x30
  84 008a 00        		.byte	0
  85 008b 06        		.uleb128 0x6
  86 008c 01        		.byte	0x1
  87 008d 0000 0000 		.long	.LASF8
  88 0091 01        		.byte	0x1
  89 0092 28        		.byte	0x28
  90 0093 06        		.byte	0x6
  91 0094 01        		.byte	0x1
  92 0095 A500 0000 		.long	0xa5
  93 0099 07        		.uleb128 0x7
  94 009a 5F31 00   		.string	"_1"
  95 009d 01        		.byte	0x1
  96 009e 28        		.byte	0x28
  97 009f 25        		.byte	0x25
  98 00a0 3000 0000 		.long	0x30
  99 00a4 00        		.byte	0
 100 00a5 08        		.uleb128 0x8
 101 00a6 01        		.byte	0x1
 102 00a7 0000 0000 		.long	.LASF13
 103 00ab 01        		.byte	0x1
 104 00ac 23        		.byte	0x23
 105 00ad 06        		.byte	0x6
 106 00ae 01        		.byte	0x1
 107 00af 00        		.byte	0
 108               		.section	.gnu.debuglto_.debug_abbrev,"",@progbits
 109               	.Ldebug_abbrev0:
 110 0000 01        		.uleb128 0x1
 111 0001 11        		.uleb128 0x11
 112 0002 01        		.byte	0x1
 113 0003 25        		.uleb128 0x25
 114 0004 0E        		.uleb128 0xe
 115 0005 13        		.uleb128 0x13
 116 0006 0B        		.uleb128 0xb
 117 0007 03        		.uleb128 0x3
 118 0008 0E        		.uleb128 0xe
 119 0009 1B        		.uleb128 0x1b
 120 000a 0E        		.uleb128 0xe
 121 000b 10        		.uleb128 0x10
 122 000c 06        		.uleb128 0x6
 123 000d 00        		.byte	0
 124 000e 00        		.byte	0
 125 000f 02        		.uleb128 0x2
 126 0010 24        		.uleb128 0x24
 127 0011 00        		.byte	0
 128 0012 0B        		.uleb128 0xb
 129 0013 0B        		.uleb128 0xb
 130 0014 3E        		.uleb128 0x3e
 131 0015 0B        		.uleb128 0xb
 132 0016 03        		.uleb128 0x3
 133 0017 0E        		.uleb128 0xe
 134 0018 00        		.byte	0
 135 0019 00        		.byte	0
 136 001a 03        		.uleb128 0x3
 137 001b 16        		.uleb128 0x16
 138 001c 00        		.byte	0
 139 001d 03        		.uleb128 0x3
 140 001e 0E        		.uleb128 0xe
 141 001f 3A        		.uleb128 0x3a
 142 0020 0B        		.uleb128 0xb
 143 0021 3B        		.uleb128 0x3b
 144 0022 0B        		.uleb128 0xb
 145 0023 39        		.uleb128 0x39
 146 0024 0B        		.uleb128 0xb
 147 0025 49        		.uleb128 0x49
 148 0026 13        		.uleb128 0x13
 149 0027 00        		.byte	0
 150 0028 00        		.byte	0
 151 0029 04        		.uleb128 0x4
 152 002a 26        		.uleb128 0x26
 153 002b 00        		.byte	0
 154 002c 49        		.uleb128 0x49
 155 002d 13        		.uleb128 0x13
 156 002e 00        		.byte	0
 157 002f 00        		.byte	0
 158 0030 05        		.uleb128 0x5
 159 0031 24        		.uleb128 0x24
 160 0032 00        		.byte	0
 161 0033 0B        		.uleb128 0xb
 162 0034 0B        		.uleb128 0xb
 163 0035 3E        		.uleb128 0x3e
 164 0036 0B        		.uleb128 0xb
 165 0037 03        		.uleb128 0x3
 166 0038 08        		.uleb128 0x8
 167 0039 00        		.byte	0
 168 003a 00        		.byte	0
 169 003b 06        		.uleb128 0x6
 170 003c 2E        		.uleb128 0x2e
 171 003d 01        		.byte	0x1
 172 003e 3F        		.uleb128 0x3f
 173 003f 0C        		.uleb128 0xc
 174 0040 03        		.uleb128 0x3
 175 0041 0E        		.uleb128 0xe
 176 0042 3A        		.uleb128 0x3a
 177 0043 0B        		.uleb128 0xb
 178 0044 3B        		.uleb128 0x3b
 179 0045 0B        		.uleb128 0xb
 180 0046 39        		.uleb128 0x39
 181 0047 0B        		.uleb128 0xb
 182 0048 27        		.uleb128 0x27
 183 0049 0C        		.uleb128 0xc
 184 004a 01        		.uleb128 0x1
 185 004b 13        		.uleb128 0x13
 186 004c 00        		.byte	0
 187 004d 00        		.byte	0
 188 004e 07        		.uleb128 0x7
 189 004f 05        		.uleb128 0x5
 190 0050 00        		.byte	0
 191 0051 03        		.uleb128 0x3
 192 0052 08        		.uleb128 0x8
 193 0053 3A        		.uleb128 0x3a
 194 0054 0B        		.uleb128 0xb
 195 0055 3B        		.uleb128 0x3b
 196 0056 0B        		.uleb128 0xb
 197 0057 39        		.uleb128 0x39
 198 0058 0B        		.uleb128 0xb
 199 0059 49        		.uleb128 0x49
 200 005a 13        		.uleb128 0x13
 201 005b 00        		.byte	0
 202 005c 00        		.byte	0
 203 005d 08        		.uleb128 0x8
 204 005e 2E        		.uleb128 0x2e
 205 005f 00        		.byte	0
 206 0060 3F        		.uleb128 0x3f
 207 0061 0C        		.uleb128 0xc
 208 0062 03        		.uleb128 0x3
 209 0063 0E        		.uleb128 0xe
 210 0064 3A        		.uleb128 0x3a
 211 0065 0B        		.uleb128 0xb
 212 0066 3B        		.uleb128 0x3b
 213 0067 0B        		.uleb128 0xb
 214 0068 39        		.uleb128 0x39
 215 0069 0B        		.uleb128 0xb
 216 006a 27        		.uleb128 0x27
 217 006b 0C        		.uleb128 0xc
 218 006c 00        		.byte	0
 219 006d 00        		.byte	0
 220 006e 00        		.byte	0
 221               		.section	.gnu.debuglto_.debug_line,"",@progbits
 222               	.Ldebug_line0:
 223 0000 7200 0000 		.long	.LELT0-.LSLT0
 224               	.LSLT0:
 225 0004 0200      		.word	0x2
 226 0006 6C00 0000 		.long	.LELTP0-.LASLTP0
 227               	.LASLTP0:
 228 000a 01        		.byte	0x1
 229 000b 01        		.byte	0x1
 230 000c F6        		.byte	0xf6
 231 000d F2        		.byte	0xf2
 232 000e 0D        		.byte	0xd
 233 000f 00        		.byte	0
 234 0010 01        		.byte	0x1
 235 0011 01        		.byte	0x1
 236 0012 01        		.byte	0x1
 237 0013 01        		.byte	0x1
 238 0014 00        		.byte	0
 239 0015 00        		.byte	0
 240 0016 00        		.byte	0
 241 0017 01        		.byte	0x1
 242 0018 00        		.byte	0
 243 0019 00        		.byte	0
 244 001a 01        		.byte	0x1
 245 001b 653A 5C67 		.ascii	"e:\\game\\msys2\\mingw64\\avr\\include"
 245      616D 655C 
 245      6D73 7973 
 245      325C 6D69 
 245      6E67 7736 
 246 003c 00        		.byte	0
 247 003d 6C69 622F 		.ascii	"lib/lufa/LUFA/Drivers/USB/Core"
 247      6C75 6661 
 247      2F4C 5546 
 247      412F 4472 
 247      6976 6572 
 248 005b 00        		.byte	0
 249 005c 00        		.byte	0
 250 005d 4576 656E 		.string	"Events.c"
 250      7473 2E63 
 250      00
 251 0066 02        		.uleb128 0x2
 252 0067 00        		.uleb128 0
 253 0068 00        		.uleb128 0
 254 0069 7374 6469 		.string	"stdint.h"
 254      6E74 2E68 
 254      00
 255 0072 01        		.uleb128 0x1
 256 0073 00        		.uleb128 0
 257 0074 00        		.uleb128 0
 258 0075 00        		.byte	0
 259               	.LELTP0:
 260               	.LELT0:
 261               		.section	.gnu.debuglto_.debug_str,"MS",@progbits,1
 262               	.LASF11:
 263 0000 443A 5C44 		.string	"D:\\Download\\vial-qmk"
 263      6F77 6E6C 
 263      6F61 645C 
 263      7669 616C 
 263      2D71 6D6B 
 264               	.LASF8:
 265 0015 5553 425F 		.string	"USB_Event_Stub_2"
 265      4576 656E 
 265      745F 5374 
 265      7562 5F32 
 265      00
 266               	.LASF7:
 267 0026 5553 425F 		.string	"USB_Event_Stub_3"
 267      4576 656E 
 267      745F 5374 
 267      7562 5F33 
 267      00
 268               	.LASF1:
 269 0037 756E 7369 		.string	"unsigned char"
 269      676E 6564 
 269      2063 6861 
 269      7200 
 270               	.LASF4:
 271 0045 6C6F 6E67 		.string	"long unsigned int"
 271      2075 6E73 
 271      6967 6E65 
 271      6420 696E 
 271      7400 
 272               	.LASF10:
 273 0057 6C69 622F 		.string	"lib/lufa/LUFA/Drivers/USB/Core/Events.c"
 273      6C75 6661 
 273      2F4C 5546 
 273      412F 4472 
 273      6976 6572 
 274               	.LASF9:
 275 007f 474E 5520 		.string	"GNU C99 8.4.0 -mn-flash=1 -mno-skip-bug -mmcu=avr5 -gdwarf-2 -Os -std=gnu99 -funsigned-ch
 275      4339 3920 
 275      382E 342E 
 275      3020 2D6D 
 275      6E2D 666C 
 276               	.LASF2:
 277 0170 756E 7369 		.string	"unsigned int"
 277      676E 6564 
 277      2069 6E74 
 277      00
 278               	.LASF6:
 279 017d 6C6F 6E67 		.string	"long long unsigned int"
 279      206C 6F6E 
 279      6720 756E 
 279      7369 676E 
 279      6564 2069 
 280               	.LASF12:
 281 0194 7569 6E74 		.string	"uint8_t"
 281      385F 7400 
 282               	.LASF13:
 283 019c 5553 425F 		.string	"USB_Event_Stub"
 283      4576 656E 
 283      745F 5374 
 283      7562 00
 284               	.LASF5:
 285 01ab 6C6F 6E67 		.string	"long long int"
 285      206C 6F6E 
 285      6720 696E 
 285      7400 
 286               	.LASF3:
 287 01b9 6C6F 6E67 		.string	"long int"
 287      2069 6E74 
 287      00
 288               	.LASF0:
 289 01c2 7369 676E 		.string	"signed char"
 289      6564 2063 
 289      6861 7200 
 290               		.text
 291               		.section	.gnu.lto_.profile.afbb909a,"",@progbits
 292 0000 789C 6367 		.string	"x\234cg`f`d"
 292      6066 6064 
 292      00
 293 0009 0200      		.string	"\002"
 294 000b 00        		.string	""
 295 000c 6200      		.string	"b"
 296 000e 0C        		.ascii	"\f"
 297               		.text
 298               		.section	.gnu.lto_.icf.afbb909a,"",@progbits
 299 0000 789C 6367 		.string	"x\234cg`f\020a@"
 299      6066 1061 
 299      4000 
 300 000a 6686 E95D 		.string	"f\206\351]'z\27187m\376\271\234\215\353\303\322\233{\371\030"
 300      277A B938 
 300      376D FEB9 
 300      9C8D EBC3 
 300      D29B 7BF9 
 301 0020 5C76 08F9 		.ascii	"\\v\b\371"
 302               		.text
 303               		.section	.gnu.lto_.jmpfuncs.afbb909a,"",@progbits
 304 0000 789C 6367 		.string	"x\234cg`f\220b@"
 304      6066 9062 
 304      4000 
 305 000a 6620 E664 		.string	"f \346ddd`\230\311\314\300\305\004e\2001"
 305      6464 6098 
 305      C9CC C0C5 
 305      0465 8031 
 305      00
 306 001b 1941 0215 		.ascii	"\031A\002\025"
 307               		.text
 308               		.section	.gnu.lto_.inline.afbb909a,"",@progbits
 309 0000 789C 6367 		.string	"x\234cg`f\310f@"
 309      6066 C866 
 309      4000 
 310 000a 6620 6A00 		.string	"f j"
 311 000e 0296 6446 		.string	"\002\226dF\006&\006\206F \263\216\201\201\r\"\304\004\022b`\340$\254\204\213\260\022\006"
 311      0626 0686 
 311      4620 B38E 
 311      8181 0D22 
 311      C404 1262 
 312 002c 0FAA 16A3 		.ascii	"\017\252\026\243"
 313               		.text
 314               		.section	.gnu.lto_.pureconst.afbb909a,"",@progbits
 315 0000 789C 05C1 		.string	"x\234\005\301\207\021"
 315      8711 00
 316 0007 200C 0331 		.ascii	" \f\0031C\f\241,\360\307\264\031\035)\025z\222\256\312\215N`"
 316      430C A12C 
 316      F0C7 B419 
 316      1D29 157A 
 316      92AE CA8D 
 317 001d 0693 64B1 		.ascii	"\006\223d\261\313\247\374\001\"&\002\263"
 317      CBA7 FC01 
 317      2226 02B3 
 318               		.text
 319               		.section	.gnu.lto_USB_Event_Stub.afbb909a,"",@progbits
 320 0000 789C 6367 		.string	"x\234cg`f\230\300\300\300\240\005\304\262@\314\310\314\300\310\324\320\320\340\300\336\31
 320      6066 98C0 
 320      C0C0 A005 
 320      C4B2 40CC 
 320      C8CC C0C8 
 321 004b E36E 46A0 		.string	"\343nF\240i@\225\2176\376\233\312\313\306\002\225b\334\303\310\306\300\bd\254\277\304z\24
 321      6940 958F 
 321      36FE 9BCA 
 321      CBC6 0295 
 321      62DC C3C8 
 322 0096 8156 6646 		.string	"\201VfF\210\n\240N\215\234\314$\375\234\322\264D}\237P7G}\227\242\314\262\324\242b\375\32
 322      880A A04E 
 322      8D9C CC24 
 322      FD9C D2B4 
 322      447D 9F50 
 323 00c8 00        		.string	""
 324 00c9 013E 02   		.ascii	"\001>\002"
 325               		.text
 326               		.section	.gnu.lto_USB_Event_Stub_2.afbb909a,"",@progbits
 327 0000 789C 6367 		.string	"x\234cg`f\270\315\300\300\340"
 327      6066 B8CD 
 327      C0C0 E000 
 328 000c C4B2 40CC 		.string	"\304\262@\314\310\314\300\310\324\320\320\340\300\336\310\301\304\310\bb\2614p02\32431\32
 328      C8CC C0C8 
 328      D4D0 D0E0 
 328      C0DE C8C1 
 328      C4C8 0862 
 329 004b E36E 462D 		.string	"\343nF-\240\272\335G\267532k32"
 329      A0BA DD47 
 329      B735 3332 
 329      6B33 3200 
 330 005b D9B3 9A8F 		.string	"\331\263\232\217\177\340\320X\3260\241\251\341\300\033\227\006\236\231\314\214\214{\030\2
 330      7FE0 D058 
 330      D630 A1A9 
 330      E1C0 1B97 
 330      069E 99CC 
 331 00e0 3448 2327 		.string	"4H#'3I?\2474-Q\337'\324\315Q\337\245(\263,\265\250X?4\330I\3379\277(U\337\265,5\257\244X/
 331      3349 3FA7 
 331      342D 51DF 
 331      27D4 CD51 
 331      DFA5 28B3 
 332 011b 00        		.string	""
 333 011c 54D6 5BB2 		.ascii	"T\326[\262"
 334               		.text
 335               		.section	.gnu.lto_USB_Event_Stub_3.afbb909a,"",@progbits
 336 0000 789C 658F 		.ascii	"x\234e\217\301K\002Q\020\207\347\267oS\301\274\024\035\n\203"
 336      C14B 0251 
 336      1087 E7B7 
 336      6F53 C1BC 
 336      141D 0A83 
 337 0014 8E8B 816B 		.ascii	"\216\213\201k\032u\3154O\335\302s\224\030\bR\260\232W\237\212"
 337      1A75 CD34 
 337      4FDD C273 
 337      9418 0852 
 337      B09A 579F 
 338 0029 46B7 2222 		.ascii	"F\267\"\"\254K\024\205A ]\"\320\352]\242{\375\007QP\341\241C"
 338      AC4B 1485 
 338      4120 5D22 
 338      D0EA 5DA2 
 338      7BFD 0751 
 339 0041 E025 B6DE 		.ascii	"\340%\266\336\356Z\227\006\006\27673\337c\306M\214\306@\024#"
 339      EE5A 9706 
 339      06BE 3733 
 339      DF63 C64D 
 339      8CC6 4014 
 340 0056 A251 9960 		.ascii	"\242Q\231`\004\205s>\343.y\024\300\"\225{@E\005El\262m\206\317"
 340      0485 733E 
 340      E32E 7914 
 340      C022 957B 
 340      4045 0545 
 341 006f EEC1 8B2F 		.ascii	"\356\301\213/\320\220\035.\366\332\303\274!PgD;2\235@\013\001"
 341      D090 1D2E 
 341      F6DA C3BC 
 341      2150 6744 
 341      3B32 9D40 
 342 0085 39D7 BABB 		.ascii	"9\327\272\273\254\200\215\203$\357W\356?<\332)\337*s\321\211"
 342      AC80 8D83 
 342      24EF 57EE 
 342      3F3C DA29 
 342      DF2A 73D1 
 343 009a F3FE 3A03 		.ascii	"\363\376:\003\332`\322A\304\217\220\237HV\202y\302549\336\255"
 343      DA60 D241 
 343      C48F 909F 
 343      4856 8279 
 343      C235 3439 
 344 00b0 BE3D AA2C 		.ascii	"\276=\252,j\253\347\342\365\312\333S\277\022\216z\363O-\022n"
 344      6AAB E7E2 
 344      F5CA DB53 
 344      BF12 8E7A 
 344      F34F 2D12 
 345 00c5 A191 253C 		.ascii	"\241\221%<]\230\273>\227\332[\b\002.\222\367Q\363\241Op\363{"
 345      5D98 BB3E 
 345      97DA 5B08 
 345      022E 92F7 
 345      51F3 A14F 
 346 00dc 830B 73E8 		.ascii	"\203\013s\350}D!\2522*\313\033TpA5\246\224l\256\bz\006?:\036"
 346      7D44 21AA 
 346      322A CB1B 
 346      5470 4135 
 346      A694 6CAE 
 347 00f6 B43D 0B4F 		.ascii	"\264=\013O\330\037\2369\330A\371\260\351\265\321\212*\203\343"
 347      D81F 9E39 
 347      D841 F9B0 
 347      E9B5 D18A 
 347      2A83 E3
 348 0109 CA3F B56C 		.ascii	"\312?\265lfY\317\256\257,\351\363\311DT\217\033\231B\332\310"
 348      6659 CFAE 
 348      AF2C E9F3 
 348      C944 548F 
 348      1B99 42DA 
 349 011e E9C9 8559 		.ascii	"\351\311\205Y=\266f\244\365\271Bz5\237\013\246HY\234\030\370"
 349      3DB6 66A4 
 349      F5B9 427A 
 349      359F 0BA6 
 349      4859 9C18 
 350 0133 7D04 A723 		.ascii	"}\004\247#\341Thr*\"\253\341\037&\303p\257"
 350      E154 6872 
 350      2A22 ABE1 
 350      1F26 C370 
 350      AF
 351               		.text
 352               		.section	.gnu.lto_.symbol_nodes.afbb909a,"",@progbits
 353 0000 789C 75D0 		.string	"x\234u\320\267\r\200@\020D\3219\356\260\021\336%TA\001H\3645+B\"\352\241\bZ\002\t\223\261
 353      B70D 8040 
 353      1044 D139 
 353      EEB0 11DE 
 353      2554 4101 
 354 002a 5E4B 2C22 		.string	"^K,\"\342\314v"
 354      E2CC 7600 
 355 0032 0476 9970 		.ascii	"\004v\231pCJs\276\r\037\2562?\230\321\3231\247\325\261\240\323"
 355      434A 73BE 
 355      0D1F AE32 
 355      3F98 D1D3 
 355      31A7 D5B1 
 356 0048 B1A4 AF63 		.ascii	"\261\244\257c\305@\307\232\241\216\r#\035;\306\377\003z&\277"
 356      C540 C79A 
 356      A18E 0D23 
 356      1D3B C6FF 
 356      037A 26BF 
 357 005c 800B 200A 		.ascii	"\200\013 \nq*"
 357      712A 
 358               		.text
 359               		.section	.gnu.lto_.refs.afbb909a,"",@progbits
 360 0000 789C 15C4 		.string	"x\234\025\304\261\001"
 360      B101 00
 361 0007 2008 C0B0 		.string	" \b\300\260\"*\274\342\377\017J3\244H\036\020\221\323\262\264m\307\256\225\365\304\007\01
 361      222A BCE2 
 361      FF0F 4A33 
 361      A448 1E10 
 361      91D3 B2B4 
 362 0025 78        		.ascii	"x"
 363               		.text
 364               		.section	.gnu.lto_.decls.afbb909a,"",@progbits
 365 0000 789C 9D95 		.string	"x\234\235\225kL\024W\024\307\357\231\031p]\330\305\220\306\322\224\246D\323\324\017\215K\
 365      6B4C 1457 
 365      14C7 EF99 
 365      1970 5DD8 
 365      C590 C6D2 
 366 0075 21E7 0821 		.string	"!\347\b!a\034\022\276[p\242\213\004\b\03718C8\333qv\341\354\301y\023\347"
 366      611C 12BE 
 366      5B70 A28B 
 366      0408 1F31 
 366      3843 38DB 
 367 0092 CE61 9C8F 		.ascii	"\316a\234\217i>.\210\306\031\013d\334(\004\256\227\251\332\240"
 367      693E 2E88 
 367      C619 0B64 
 367      DC28 04AE 
 367      97A9 DAA0 
 368 00a6 EA3D 3B2C 		.ascii	"\352=;,\002!\202\232\027\320\345F\033h\2764A\256\321\376E\"\344"
 368      0221 829A 
 368      17D0 E546 
 368      1B68 BE34 
 368      41AE D1FE 
 369 00bd 57EF EE92 		.ascii	"W\357\356\222\nDH4C\030\320\336\234\333\335\023\313m\032\356"
 369      0A44 4834 
 369      4318 D0DE 
 369      9CDB DD13 
 369      CB6D 1AEE 
 370 00d1 EE38 75C0 		.ascii	"\3568u\300*\n\354w\325\241\275\315\326\344\037\025>L\237\021"
 370      2A0A EC77 
 370      D5A1 BDCD 
 370      D6E4 1F15 
 370      3E4C 9F11 
 371 00e5 A801 91E9 		.ascii	"\250\001\221\351\330ch\274\274\364\207\220E\\\300r\237>:\330"
 371      D863 68BC 
 371      BCF4 8790 
 371      455C C072 
 371      9F3E 3AD8 
 372 00f9 289A 0B14 		.ascii	"(\232\013\024e\225\022(+\210N `O\204\344D\002\265\300\264\177"
 372      6595 1228 
 372      2B88 4E20 
 372      604F 84E4 
 372      4402 B5C0 
 373 010f 8364 02BF 		.ascii	"\203d\002\277B\"T\003:\003`\3065\376\n\377\016\251\033\272@P"
 373      4222 5403 
 373      3A03 60C6 
 373      35FE 0AFF 
 373      0EA9 1BBA 
 374 0125 DBA2 768F 		.ascii	"\333\242v\217\275\200Mn\0033\361-\360\227\352\0025\215D~\253"
 374      BD80 4D6E 
 374      0333 F12D 
 374      F097 EA02 
 374      358D 447E 
 375 013a 59DC 2F8C 		.ascii	"Y\334/\214\n\262? \252^82\270\266\2322*H}B\244c\\_M\303\207@"
 375      0AB2 3F20 
 375      AA5E 3832 
 375      B8B6 9A32 
 375      2A48 7D42 
 376 0156 1F3A 05AE 		.ascii	"\037:\005\256\253\003\030\023\344\033\353\302\372*!r$M\205\207"
 376      AB03 1813 
 376      E41B EBC2 
 376      FA2A 2172 
 376      244D 8587 
 377 016a 2BCD E242 		.ascii	"+\315\342B\326\307\376\013\241=\326\204\357h\303\003\212\222"
 377      D6C7 FE0B 
 377      A13D D684 
 377      EF68 C303 
 377      8A92 
 378 017c 0490 395D 		.ascii	"\004\2209]\355$\201\337!\001\2379\022_5\\~\242\322:s\2672xY\t"
 378      ED24 81DF 
 378      2101 9F39 
 378      125F 355C 
 378      7EA2 D23A 
 379 0196 0C94 BC71 		.ascii	"\f\224\274qm\235\242\254\306U\022M\203 v\235\266\234n\023d\207"
 379      6D9D A2AC 
 379      C655 124D 
 379      8320 769D 
 379      B69C 6E13 
 380 01ac 0675 D00D 		.ascii	"\006u\320\r\366\375\310\021\202\231\270\374X\361\203b\213\230"
 380      F6FD C811 
 380      8299 B8FC 
 380      58F1 8362 
 380      8B98 
 381 01be 0F6C D7D3 		.ascii	"\017l\327\323\235w*\242\304Rn\370w>i1I\002\201\343l!z\216\026"
 381      9D77 2AA2 
 381      C452 6EF8 
 381      773E 6931 
 381      4902 81E3 
 382 01d7 DDD8 66C2 		.ascii	"\335\330f\302o$\336\fV4Ov\224|\037\307M\001\315\326\216\276\373"
 382      6F24 DE0C 
 382      5634 4F76 
 382      947C 1FC7 
 382      4D01 CDD6 
 383 01ee 34FA 8219 		.ascii	"4\372\202\031\246\241\331\323\034\334\026C\277\004EiV\024s\002"
 383      A6A1 D9D3 
 383      1CDC 1643 
 383      BF04 4569 
 383      5614 7302 
 384 0202 4D6B C483 		.ascii	"Mk\304\203?\t\264\206&0\343\323\226\b\rhbv}Q\345^\201k\305\241"
 384      3F09 B486 
 384      2630 E3D3 
 384      9608 0D68 
 384      6276 7D51 
 385 021c B9A5 A1B1 		.ascii	"\271\245\241\261\324\302\265\036\322\360\371\2075#\261\342>\006"
 385      D4C2 B51E 
 385      D2F0 F987 
 385      3523 B1E2 
 385      3E06 
 386 022e 26D6 065A 		.ascii	"&\326\006Z\362,`N\004T\003\365SSt\237\332\031,\372,\323o\301"
 386      F22C 604E 
 386      0454 03F5 
 386      5353 749F 
 386      DA19 2CFA 
 387 0246 8C66 DC60 		.ascii	"\214f\334`\207\202i\203_3\357\016\305\304\336\250z\244\275k\253"
 387      8782 6983 
 387      5F33 EF0E 
 387      C5C4 DEA8 
 387      7AA4 BD6B 
 388 025b 257E 3345 		.ascii	"%~3E\244\017<\026\f\300i\\t\212A\266B|\004\225u\247\342ry\314"
 388      A40F 3C16 
 388      0CC0 695C 
 388      748A 41B6 
 388      427C 0495 
 389 0275 8C72 2853 		.ascii	"\214r(S\266'\261\030\372\206\016\034*\225\260I\004\332`\006\313"
 389      B627 B118 
 389      FA86 0E1C 
 389      2A95 B049 
 389      04DA 6006 
 390 028a 2AAF 6DDB 		.ascii	"*\257m\333\036%\036\345=\254\350;r0\216\366\360<2\235\003\tN"
 390      1E25 1EE5 
 390      3DAC E83B 
 390      7230 8EF6 
 390      F03C 329D 
 391 02a1 80C4 928A 		.ascii	"\200\304\222\212\356=\235\212\207V\026P\002\341\312Y\235U[\024"
 391      EE3D 9D8A 
 391      8756 1650 
 391      02E1 CA59 
 391      9D55 5B14 
 392 02b5 255F 6247 		.ascii	"%_bG\013\365\2213\203?0\231\232\352\307\322\316\016\254fhW\225"
 392      0BF5 9133 
 392      833F 3099 
 392      9AEA C7D2 
 392      CE0E AC66 
 393 02cc 59BC 31D1 		.ascii	"Y\2741\321\031\3757\344E\025r\f\327\237\310u\201s\005\367\367"
 393      19FD 37E4 
 393      4515 720C 
 393      D79F C875 
 393      8173 05F7 
 394 02e1 FC62 55B9 		.ascii	"\374bU\271.~\236\247\004r\2011uhL\235\224\251Cc\352bL\235#\353"
 394      2E7E 9EA7 
 394      0472 8131 
 394      7568 4C9D 
 394      94A9 4363 
 395 02fb 0E47 8B6B 		.ascii	"\016G\213k\204I1]6b\272\202L\335\234\351Nqh8Ze\272\252c\272\244"
 395      8449 315D 
 395      3662 BA82 
 395      4CDD 9CE9 
 395      4E71 6838 
 396 0316 315D A54C 		.ascii	"1]\245L\2274\246\036\306t\263\341\314\3268q\337\344\230\256\033"
 396      9734 A61E 
 396      C674 B3E1 
 396      CCD6 3871 
 396      DFE4 98AE 
 397 032b 31F5 2153 		.ascii	"1\365!S/g\372y\317\203`\214\312\324\257c\272\2461\335\240L\327"
 397      2F67 FA79 
 397      CF83 608C 
 397      CAD4 AF63 
 397      BAA6 31DD 
 398 0342 34A6 9B8C 		.ascii	"4\246\233\214i\323\356\362:Al\234\034\323m#\246;\310t\2133\265"
 398      69D3 EEF2 
 398      3A41 6C9C 
 398      1CD3 6D23 
 398      A63B C874 
 399 0359 EECA D3FA 		.ascii	"\356\312\323\3724\244c\352\327\230\356R\246~\215i\2001\371\253"
 399      34A4 63EA 
 399      D798 EE52 
 399      A67E 8D69 
 399      8031 F9AB 
 400 036d 4B36 4A62 		.ascii	"K6Jb\317\344\230\206\214\230\356!\323_\234i\340n\241]E\032\321"
 400      CFE4 9886 
 400      8C98 EE21 
 400      D35F 9C69 
 400      E06E A15D 
 401 0384 210D 6A48 		.ascii	"!\rjH\177S\244A\ri\230!\225\256i\363\307\211\217'\207\364\320"
 401      7F53 A441 
 401      0D69 9821 
 401      95AE 69F3 
 401      C789 8F27 
 402 039b 08E9 1122 		.ascii	"\b\351\021\"=\340H\267\316\336m\212U\231\202KF\231\356kL#\224"
 402      3DE0 48B7 
 402      CEDE 6D8A 
 402      5599 824B 
 402      4699 EE6B 
 403 03b2 E9BE C6F4 		.ascii	"\351\276\306\364\2301\225}3\034\266\210\337\212\223bzj\304\024"
 403      9831 957D 
 403      331C B688 
 403      DF8A 9362 
 403      7A6A C414 
 404 03c6 46A6 7F38 		.ascii	"F\246\1778Sm\325\306\220Iej\3241=\321\230\024\001\231\236hL\271"
 404      536D D5C6 
 404      9049 656A 
 404      D431 3DD1 
 404      9814 0199 
 405 03de 0263 5A7B 		.ascii	"\002cZ{q'\210~\316t\241\357\312f\223\331\340\337\241\321\315"
 405      7127 887E 
 405      CE74 A1EF 
 405      CA66 93D9 
 405      E0DF A1D1 
 406 03f3 4B8F E6FA 		.ascii	"K\217\346\372H\303TF\267Z0\323\333\204j\364\207\266[&\270u\362"
 406      48C3 5446 
 406      B75A 30D3 
 406      DB84 6AF4 
 406      87B6 5B26 
 407 040a 047A EBAC 		.ascii	"\004z\353\254\021\324k\247\276\376\247M\264\215~v\355$\365j\327"
 407      11D4 6BA7 
 407      BEFE A74D 
 407      B48D 7E76 
 407      ED24 F56A 
 408 041f 0EE6 C12A 		.ascii	"\016\346\301*a\364\332\301\337\332\265\263\036\257\235|\206\336"
 408      61F4 DAC1 
 408      DFDA B5B3 
 408      1EAF 9D7C 
 408      86DE 
 409 0431 71EB F69E 		.ascii	"q\353\366\236)b\035G7D\371\237\345\264\3645\224D1\215B\324(\020"
 409      2962 1D47 
 409      3744 F99F 
 409      E5B4 F435 
 409      9444 318D 
 410 0449 98C8 B1A6 		.ascii	"\230\310\261\246\336jq\202z\326\263z\326E\3529\036l+\006\265"
 410      DE6A 7182 
 410      7AD6 B37A 
 410      D645 EA39 
 410      1E6C 2B06 
 411 045e 9EA1 5465 		.ascii	"\236\241Te\003.\231Fs`\255\256\226\265\272Z2\bl\020f\222\327"
 411      032E 9946 
 411      7360 ADAE 
 411      96B5 BA5A 
 411      3208 6C10 
 412 0475 B39C 4B6D 		.ascii	"\263\234KmY\276\f\207\355\303\324\005\357\332\346\271\2359\262"
 412      59BE 0C87 
 412      EDC3 D405 
 412      EFDA E6B9 
 412      9D39 B2
 413 0488 DB63 4B5D 		.ascii	"\333cK]\374\236-%\333-\333\346\347\310.\257gv\272\351\375\205"
 413      FC9E 2D25 
 413      DB2D DBE6 
 413      E7C8 2EAF 
 413      6776 BAE9 
 414 049e A949 2973 		.ascii	"\251I)s\347\222\370\210g\366\333\3669\351\311o\276e'S|N\227\367"
 414      E792 F888 
 414      67F6 DBF6 
 414      39E9 C96F 
 414      BE65 2753 
 415 04b6 9D34 AF15 		.ascii	"\2354\257\025W\245\261p\332b\257o\351\254\347\224&\t\363?\231"
 415      57A5 B170 
 415      DA62 AF6F 
 415      E9AC E794 
 415      2609 F33F 
 416 04cb BFF0 E334 		.ascii	"\277\360\3434\272z\236\234\343L\227\323R\262].9\335+}%;VH\351"
 416      BA7A 9E9C 
 416      E34C 97D3 
 416      52B2 5D2E 
 416      39DD 2B7D 
 417 04e4 990E 77DC 		.ascii	"\231\016w\334Xi\022\345\310r:<\317\271C&yy\334\016\363\234\236"
 417      5869 12E5 
 417      C872 3A3C 
 417      CFB9 4326 
 417      7979 DC0E 
 418 04fb 74BE C9AB 		.ascii	"t\276\311\253F\273{\335\331Y\213\344/}\262\307\373\232Q<\303"
 418      46BB 7BDD 
 418      D959 8BE4 
 418      2F7D B2C7 
 418      FB9A 513C 
 419 0510 B9DC E776 		.ascii	"\271\334\347vx\235\331\256\224L\207k\271\274l|\r\213}\236\225"
 419      789D D9AE 
 419      944C 876B 
 419      B9BC 6C7C 
 419      0D8B 7D9E 
 420 0525 B26B D98B 		.ascii	"\262k\331\213\343\002\237:V\310\251+\247\217\363/\222=\262\367"
 420      E302 9F3A 
 420      56C8 A92B 
 420      A78F F32F 
 420      923D B2F7 
 421 0539 95F1 3A5E 		.ascii	"\225\361:^\207\333\373Q\306\002\267\343\013y\332\3306\244\315"
 421      87DB FB51 
 421      C602 B7E3 
 421      0B79 DAD8 
 421      36A4 CD
 422 054c 79D6 61FF 		.ascii	"y\326a\377\027\206\3674\266"
 422      1786 F734 
 422      B6
 423               		.text
 424               		.section	.gnu.lto_.symtab.afbb909a,"",@progbits
 425 0000 5553 425F 		.string	"USB_Event_Stub"
 425      4576 656E 
 425      745F 5374 
 425      7562 00
 426 000f 00        		.string	""
 427 0010 00        		.string	""
 428 0011 00        		.string	""
 429 0012 00        		.string	""
 430 0013 00        		.string	""
 431 0014 00        		.string	""
 432 0015 00        		.string	""
 433 0016 00        		.string	""
 434 0017 00        		.string	""
 435 0018 00        		.string	""
 436 0019 00        		.string	""
 437 001a C400      		.string	"\304"
 438 001c 00        		.string	""
 439 001d 00        		.string	""
 440 001e 4556 454E 		.string	"EVENT_USB_Device_Connect"
 440      545F 5553 
 440      425F 4465 
 440      7669 6365 
 440      5F43 6F6E 
 441 0037 00        		.string	""
 442 0038 01        		.ascii	"\001"
 443 0039 00        		.string	""
 444 003a 00        		.string	""
 445 003b 00        		.string	""
 446 003c 00        		.string	""
 447 003d 00        		.string	""
 448 003e 00        		.string	""
 449 003f 00        		.string	""
 450 0040 00        		.string	""
 451 0041 00        		.string	""
 452 0042 D700      		.string	"\327"
 453 0044 00        		.string	""
 454 0045 00        		.string	""
 455 0046 4556 454E 		.string	"EVENT_USB_Device_Disconnect"
 455      545F 5553 
 455      425F 4465 
 455      7669 6365 
 455      5F44 6973 
 456 0062 00        		.string	""
 457 0063 01        		.ascii	"\001"
 458 0064 00        		.string	""
 459 0065 00        		.string	""
 460 0066 00        		.string	""
 461 0067 00        		.string	""
 462 0068 00        		.string	""
 463 0069 00        		.string	""
 464 006a 00        		.string	""
 465 006b 00        		.string	""
 466 006c 00        		.string	""
 467 006d DD00      		.string	"\335"
 468 006f 00        		.string	""
 469 0070 00        		.string	""
 470 0071 4556 454E 		.string	"EVENT_USB_Device_ControlRequest"
 470      545F 5553 
 470      425F 4465 
 470      7669 6365 
 470      5F43 6F6E 
 471 0091 00        		.string	""
 472 0092 01        		.ascii	"\001"
 473 0093 00        		.string	""
 474 0094 00        		.string	""
 475 0095 00        		.string	""
 476 0096 00        		.string	""
 477 0097 00        		.string	""
 478 0098 00        		.string	""
 479 0099 00        		.string	""
 480 009a 00        		.string	""
 481 009b 00        		.string	""
 482 009c E300      		.string	"\343"
 483 009e 00        		.string	""
 484 009f 00        		.string	""
 485 00a0 4556 454E 		.string	"EVENT_USB_Device_ConfigurationChanged"
 485      545F 5553 
 485      425F 4465 
 485      7669 6365 
 485      5F43 6F6E 
 486 00c6 00        		.string	""
 487 00c7 01        		.ascii	"\001"
 488 00c8 00        		.string	""
 489 00c9 00        		.string	""
 490 00ca 00        		.string	""
 491 00cb 00        		.string	""
 492 00cc 00        		.string	""
 493 00cd 00        		.string	""
 494 00ce 00        		.string	""
 495 00cf 00        		.string	""
 496 00d0 00        		.string	""
 497 00d1 E900      		.string	"\351"
 498 00d3 00        		.string	""
 499 00d4 00        		.string	""
 500 00d5 4556 454E 		.string	"EVENT_USB_Device_Suspend"
 500      545F 5553 
 500      425F 4465 
 500      7669 6365 
 500      5F53 7573 
 501 00ee 00        		.string	""
 502 00ef 01        		.ascii	"\001"
 503 00f0 00        		.string	""
 504 00f1 00        		.string	""
 505 00f2 00        		.string	""
 506 00f3 00        		.string	""
 507 00f4 00        		.string	""
 508 00f5 00        		.string	""
 509 00f6 00        		.string	""
 510 00f7 00        		.string	""
 511 00f8 00        		.string	""
 512 00f9 EF00      		.string	"\357"
 513 00fb 00        		.string	""
 514 00fc 00        		.string	""
 515 00fd 4556 454E 		.string	"EVENT_USB_Device_WakeUp"
 515      545F 5553 
 515      425F 4465 
 515      7669 6365 
 515      5F57 616B 
 516 0115 00        		.string	""
 517 0116 01        		.ascii	"\001"
 518 0117 00        		.string	""
 519 0118 00        		.string	""
 520 0119 00        		.string	""
 521 011a 00        		.string	""
 522 011b 00        		.string	""
 523 011c 00        		.string	""
 524 011d 00        		.string	""
 525 011e 00        		.string	""
 526 011f 00        		.string	""
 527 0120 F500      		.string	"\365"
 528 0122 00        		.string	""
 529 0123 00        		.string	""
 530 0124 4556 454E 		.string	"EVENT_USB_Device_Reset"
 530      545F 5553 
 530      425F 4465 
 530      7669 6365 
 530      5F52 6573 
 531 013b 00        		.string	""
 532 013c 01        		.ascii	"\001"
 533 013d 00        		.string	""
 534 013e 00        		.string	""
 535 013f 00        		.string	""
 536 0140 00        		.string	""
 537 0141 00        		.string	""
 538 0142 00        		.string	""
 539 0143 00        		.string	""
 540 0144 00        		.string	""
 541 0145 00        		.string	""
 542 0146 FB00      		.string	"\373"
 543 0148 00        		.string	""
 544 0149 00        		.string	""
 545 014a 4556 454E 		.string	"EVENT_USB_Device_StartOfFrame"
 545      545F 5553 
 545      425F 4465 
 545      7669 6365 
 545      5F53 7461 
 546 0168 00        		.string	""
 547 0169 01        		.ascii	"\001"
 548 016a 00        		.string	""
 549 016b 00        		.string	""
 550 016c 00        		.string	""
 551 016d 00        		.string	""
 552 016e 00        		.string	""
 553 016f 00        		.string	""
 554 0170 00        		.string	""
 555 0171 00        		.string	""
 556 0172 00        		.string	""
 557 0173 0101 00   		.string	"\001\001"
 558 0176 00        		.string	""
 559 0177 5553 425F 		.string	"USB_Event_Stub_2"
 559      4576 656E 
 559      745F 5374 
 559      7562 5F32 
 559      00
 560 0188 00        		.string	""
 561 0189 00        		.string	""
 562 018a 00        		.string	""
 563 018b 00        		.string	""
 564 018c 00        		.string	""
 565 018d 00        		.string	""
 566 018e 00        		.string	""
 567 018f 00        		.string	""
 568 0190 00        		.string	""
 569 0191 00        		.string	""
 570 0192 00        		.string	""
 571 0193 0601 00   		.string	"\006\001"
 572 0196 00        		.string	""
 573 0197 5553 425F 		.string	"USB_Event_Stub_3"
 573      4576 656E 
 573      745F 5374 
 573      7562 5F33 
 573      00
 574 01a8 00        		.string	""
 575 01a9 00        		.string	""
 576 01aa 00        		.string	""
 577 01ab 00        		.string	""
 578 01ac 00        		.string	""
 579 01ad 00        		.string	""
 580 01ae 00        		.string	""
 581 01af 00        		.string	""
 582 01b0 00        		.string	""
 583 01b1 00        		.string	""
 584 01b2 00        		.string	""
 585 01b3 0C01 00   		.string	"\f\001"
 586 01b6 00        		.string	""
 587               		.text
 588               		.section	.gnu.lto_.opts,"",@progbits
 589 0000 272D 666E 		.ascii	"'-fn"
 590 0004 6F2D 6F70 		.string	"o-openmp' '-fno-openacc' '-fno-pie' '-mn-flash=1' '-mno-skip-bug' '-mmcu=avr5' '-Os' '-We
 590      656E 6D70 
 590      2720 272D 
 590      666E 6F2D 
 590      6F70 656E 
 591               		.text
 592               		.comm	__gnu_lto_v1,1,1
 593               		.comm	__gnu_lto_slim,1,1
 594               		.ident	"GCC: (GNU) 8.4.0"
DEFINED SYMBOLS
                            *ABS*:0000000000000000 Events.c
C:\Users\Roningo\AppData\Local\Temp\ccYatCHa.s:2      *ABS*:000000000000003e __SP_H__
C:\Users\Roningo\AppData\Local\Temp\ccYatCHa.s:3      *ABS*:000000000000003d __SP_L__
C:\Users\Roningo\AppData\Local\Temp\ccYatCHa.s:4      *ABS*:000000000000003f __SREG__
C:\Users\Roningo\AppData\Local\Temp\ccYatCHa.s:5      *ABS*:0000000000000000 __tmp_reg__
C:\Users\Roningo\AppData\Local\Temp\ccYatCHa.s:6      *ABS*:0000000000000001 __zero_reg__
C:\Users\Roningo\AppData\Local\Temp\ccYatCHa.s:13     .gnu.debuglto_.debug_info:0000000000000000 Events.c.732c0463
                            *COM*:0000000000000001 __gnu_lto_v1
                            *COM*:0000000000000001 __gnu_lto_slim

NO UNDEFINED SYMBOLS
