   1               		.file	"bootmagic_lite.c"
   2               	__SP_H__ = 0x3e
   3               	__SP_L__ = 0x3d
   4               	__SREG__ = 0x3f
   5               	__tmp_reg__ = 0
   6               	__zero_reg__ = 1
   7               		.text
   8               	.Ltext0:
   9               		.cfi_sections	.debug_frame
  10               		.section	.text.bootmagic_lite_reset_eeprom,"ax",@progbits
  11               		.weak	bootmagic_lite_reset_eeprom
  13               	bootmagic_lite_reset_eeprom:
  14               	.LFB24:
  15               		.file 1 "quantum/bootmagic/bootmagic_lite.c"
   1:quantum/bootmagic/bootmagic_lite.c **** /* Copyright 2021 QMK
   2:quantum/bootmagic/bootmagic_lite.c ****  *
   3:quantum/bootmagic/bootmagic_lite.c ****  * This program is free software: you can redistribute it and/or modify
   4:quantum/bootmagic/bootmagic_lite.c ****  * it under the terms of the GNU General Public License as published by
   5:quantum/bootmagic/bootmagic_lite.c ****  * the Free Software Foundation, either version 3 of the License, or
   6:quantum/bootmagic/bootmagic_lite.c ****  * (at your option) any later version.
   7:quantum/bootmagic/bootmagic_lite.c ****  *
   8:quantum/bootmagic/bootmagic_lite.c ****  * This program is distributed in the hope that it will be useful,
   9:quantum/bootmagic/bootmagic_lite.c ****  * but WITHOUT ANY WARRANTY; without even the implied warranty of
  10:quantum/bootmagic/bootmagic_lite.c ****  * MERCHANTABILITY or FITNESS FOR A PARTICULAR PURPOSE.  See the
  11:quantum/bootmagic/bootmagic_lite.c ****  * GNU General Public License for more details.
  12:quantum/bootmagic/bootmagic_lite.c ****  *
  13:quantum/bootmagic/bootmagic_lite.c ****  * You should have received a copy of the GNU General Public License
  14:quantum/bootmagic/bootmagic_lite.c ****  * along with this program.  If not, see <http://www.gnu.org/licenses/>.
  15:quantum/bootmagic/bootmagic_lite.c ****  */
  16:quantum/bootmagic/bootmagic_lite.c **** #include "quantum.h"
  17:quantum/bootmagic/bootmagic_lite.c **** 
  18:quantum/bootmagic/bootmagic_lite.c **** /** \brief Reset eeprom
  19:quantum/bootmagic/bootmagic_lite.c ****  *
  20:quantum/bootmagic/bootmagic_lite.c ****  * ...just incase someone wants to only change the eeprom behaviour
  21:quantum/bootmagic/bootmagic_lite.c ****  */
  22:quantum/bootmagic/bootmagic_lite.c **** __attribute__((weak)) void bootmagic_lite_reset_eeprom(void) {
  16               		.loc 1 22 62 view -0
  17               		.cfi_startproc
  18               	/* prologue: function */
  19               	/* frame size = 0 */
  20               	/* stack size = 0 */
  21               	.L__stack_usage = 0
  23:quantum/bootmagic/bootmagic_lite.c **** #if defined(VIA_ENABLE)
  24:quantum/bootmagic/bootmagic_lite.c ****     via_eeprom_reset();
  25:quantum/bootmagic/bootmagic_lite.c **** #else
  26:quantum/bootmagic/bootmagic_lite.c ****     eeconfig_disable();
  22               		.loc 1 26 5 view .LVU1
  23 0000 0C94 0000 		jmp eeconfig_disable
  24               	.LVL0:
  25               		.cfi_endproc
  26               	.LFE24:
  28               		.section	.text.bootmagic_lite,"ax",@progbits
  29               		.weak	bootmagic_lite
  31               	bootmagic_lite:
  32               	.LFB25:
  27:quantum/bootmagic/bootmagic_lite.c **** #endif
  28:quantum/bootmagic/bootmagic_lite.c **** }
  29:quantum/bootmagic/bootmagic_lite.c **** 
  30:quantum/bootmagic/bootmagic_lite.c **** /** \brief The lite version of TMK's bootmagic based on Wilba.
  31:quantum/bootmagic/bootmagic_lite.c ****  *
  32:quantum/bootmagic/bootmagic_lite.c ****  *  100% less potential for accidentally making the keyboard do stupid things.
  33:quantum/bootmagic/bootmagic_lite.c ****  */
  34:quantum/bootmagic/bootmagic_lite.c **** __attribute__((weak)) void bootmagic_lite(void) {
  33               		.loc 1 34 49 view -0
  34               		.cfi_startproc
  35               	/* prologue: function */
  36               	/* frame size = 0 */
  37               	/* stack size = 0 */
  38               	.L__stack_usage = 0
  35:quantum/bootmagic/bootmagic_lite.c ****     // We need multiple scans because debouncing can't be turned off.
  36:quantum/bootmagic/bootmagic_lite.c ****     matrix_scan();
  39               		.loc 1 36 5 view .LVU3
  40 0000 0E94 0000 		call matrix_scan
  41               	.LVL1:
  37:quantum/bootmagic/bootmagic_lite.c **** #if defined(DEBOUNCE) && DEBOUNCE > 0
  38:quantum/bootmagic/bootmagic_lite.c ****     wait_ms(DEBOUNCE * 2);
  39:quantum/bootmagic/bootmagic_lite.c **** #else
  40:quantum/bootmagic/bootmagic_lite.c ****     wait_ms(30);
  42               		.loc 1 40 5 view .LVU4
  43               	.LBB4:
  44               	.LBI4:
  45               		.file 2 "e:\\game\\msys2\\mingw64\\avr\\include\\util\\delay.h"
   1:e:\game\msys2\mingw64\avr\include\util\delay.h **** /* Copyright (c) 2002, Marek Michalkiewicz
   2:e:\game\msys2\mingw64\avr\include\util\delay.h ****    Copyright (c) 2004,2005,2007 Joerg Wunsch
   3:e:\game\msys2\mingw64\avr\include\util\delay.h ****    Copyright (c) 2007  Florin-Viorel Petrov
   4:e:\game\msys2\mingw64\avr\include\util\delay.h ****    All rights reserved.
   5:e:\game\msys2\mingw64\avr\include\util\delay.h **** 
   6:e:\game\msys2\mingw64\avr\include\util\delay.h ****    Redistribution and use in source and binary forms, with or without
   7:e:\game\msys2\mingw64\avr\include\util\delay.h ****    modification, are permitted provided that the following conditions are met:
   8:e:\game\msys2\mingw64\avr\include\util\delay.h **** 
   9:e:\game\msys2\mingw64\avr\include\util\delay.h ****    * Redistributions of source code must retain the above copyright
  10:e:\game\msys2\mingw64\avr\include\util\delay.h ****      notice, this list of conditions and the following disclaimer.
  11:e:\game\msys2\mingw64\avr\include\util\delay.h **** 
  12:e:\game\msys2\mingw64\avr\include\util\delay.h ****    * Redistributions in binary form must reproduce the above copyright
  13:e:\game\msys2\mingw64\avr\include\util\delay.h ****      notice, this list of conditions and the following disclaimer in
  14:e:\game\msys2\mingw64\avr\include\util\delay.h ****      the documentation and/or other materials provided with the
  15:e:\game\msys2\mingw64\avr\include\util\delay.h ****      distribution.
  16:e:\game\msys2\mingw64\avr\include\util\delay.h **** 
  17:e:\game\msys2\mingw64\avr\include\util\delay.h ****    * Neither the name of the copyright holders nor the names of
  18:e:\game\msys2\mingw64\avr\include\util\delay.h ****      contributors may be used to endorse or promote products derived
  19:e:\game\msys2\mingw64\avr\include\util\delay.h ****      from this software without specific prior written permission.
  20:e:\game\msys2\mingw64\avr\include\util\delay.h **** 
  21:e:\game\msys2\mingw64\avr\include\util\delay.h ****   THIS SOFTWARE IS PROVIDED BY THE COPYRIGHT HOLDERS AND CONTRIBUTORS "AS IS"
  22:e:\game\msys2\mingw64\avr\include\util\delay.h ****   AND ANY EXPRESS OR IMPLIED WARRANTIES, INCLUDING, BUT NOT LIMITED TO, THE
  23:e:\game\msys2\mingw64\avr\include\util\delay.h ****   IMPLIED WARRANTIES OF MERCHANTABILITY AND FITNESS FOR A PARTICULAR PURPOSE
  24:e:\game\msys2\mingw64\avr\include\util\delay.h ****   ARE DISCLAIMED. IN NO EVENT SHALL THE COPYRIGHT OWNER OR CONTRIBUTORS BE
  25:e:\game\msys2\mingw64\avr\include\util\delay.h ****   LIABLE FOR ANY DIRECT, INDIRECT, INCIDENTAL, SPECIAL, EXEMPLARY, OR
  26:e:\game\msys2\mingw64\avr\include\util\delay.h ****   CONSEQUENTIAL DAMAGES (INCLUDING, BUT NOT LIMITED TO, PROCUREMENT OF
  27:e:\game\msys2\mingw64\avr\include\util\delay.h ****   SUBSTITUTE GOODS OR SERVICES; LOSS OF USE, DATA, OR PROFITS; OR BUSINESS
  28:e:\game\msys2\mingw64\avr\include\util\delay.h ****   INTERRUPTION) HOWEVER CAUSED AND ON ANY THEORY OF LIABILITY, WHETHER IN
  29:e:\game\msys2\mingw64\avr\include\util\delay.h ****   CONTRACT, STRICT LIABILITY, OR TORT (INCLUDING NEGLIGENCE OR OTHERWISE)
  30:e:\game\msys2\mingw64\avr\include\util\delay.h ****   ARISING IN ANY WAY OUT OF THE USE OF THIS SOFTWARE, EVEN IF ADVISED OF THE
  31:e:\game\msys2\mingw64\avr\include\util\delay.h ****   POSSIBILITY OF SUCH DAMAGE. */
  32:e:\game\msys2\mingw64\avr\include\util\delay.h **** 
  33:e:\game\msys2\mingw64\avr\include\util\delay.h **** /* $Id: delay.h.in 2506 2016-02-08 10:05:45Z joerg_wunsch $ */
  34:e:\game\msys2\mingw64\avr\include\util\delay.h **** 
  35:e:\game\msys2\mingw64\avr\include\util\delay.h **** #ifndef _UTIL_DELAY_H_
  36:e:\game\msys2\mingw64\avr\include\util\delay.h **** #define _UTIL_DELAY_H_ 1
  37:e:\game\msys2\mingw64\avr\include\util\delay.h **** 
  38:e:\game\msys2\mingw64\avr\include\util\delay.h **** #ifndef __DOXYGEN__
  39:e:\game\msys2\mingw64\avr\include\util\delay.h **** #  ifndef __HAS_DELAY_CYCLES
  40:e:\game\msys2\mingw64\avr\include\util\delay.h **** #    define __HAS_DELAY_CYCLES 1
  41:e:\game\msys2\mingw64\avr\include\util\delay.h **** #  endif
  42:e:\game\msys2\mingw64\avr\include\util\delay.h **** #endif  /* __DOXYGEN__ */
  43:e:\game\msys2\mingw64\avr\include\util\delay.h **** 
  44:e:\game\msys2\mingw64\avr\include\util\delay.h **** #include <inttypes.h>
  45:e:\game\msys2\mingw64\avr\include\util\delay.h **** #include <util/delay_basic.h>
  46:e:\game\msys2\mingw64\avr\include\util\delay.h **** #include <math.h>
  47:e:\game\msys2\mingw64\avr\include\util\delay.h **** 
  48:e:\game\msys2\mingw64\avr\include\util\delay.h **** /** \file */
  49:e:\game\msys2\mingw64\avr\include\util\delay.h **** /** \defgroup util_delay <util/delay.h>: Convenience functions for busy-wait delay loops
  50:e:\game\msys2\mingw64\avr\include\util\delay.h ****     \code
  51:e:\game\msys2\mingw64\avr\include\util\delay.h ****     #define F_CPU 1000000UL  // 1 MHz
  52:e:\game\msys2\mingw64\avr\include\util\delay.h ****     //#define F_CPU 14.7456E6
  53:e:\game\msys2\mingw64\avr\include\util\delay.h ****     #include <util/delay.h>
  54:e:\game\msys2\mingw64\avr\include\util\delay.h ****     \endcode
  55:e:\game\msys2\mingw64\avr\include\util\delay.h **** 
  56:e:\game\msys2\mingw64\avr\include\util\delay.h ****     \note As an alternative method, it is possible to pass the
  57:e:\game\msys2\mingw64\avr\include\util\delay.h ****     F_CPU macro down to the compiler from the Makefile.
  58:e:\game\msys2\mingw64\avr\include\util\delay.h ****     Obviously, in that case, no \c \#define statement should be
  59:e:\game\msys2\mingw64\avr\include\util\delay.h ****     used.
  60:e:\game\msys2\mingw64\avr\include\util\delay.h **** 
  61:e:\game\msys2\mingw64\avr\include\util\delay.h ****     The functions in this header file are wrappers around the basic
  62:e:\game\msys2\mingw64\avr\include\util\delay.h ****     busy-wait functions from <util/delay_basic.h>.  They are meant as
  63:e:\game\msys2\mingw64\avr\include\util\delay.h ****     convenience functions where actual time values can be specified
  64:e:\game\msys2\mingw64\avr\include\util\delay.h ****     rather than a number of cycles to wait for.  The idea behind is
  65:e:\game\msys2\mingw64\avr\include\util\delay.h ****     that compile-time constant expressions will be eliminated by
  66:e:\game\msys2\mingw64\avr\include\util\delay.h ****     compiler optimization so floating-point expressions can be used
  67:e:\game\msys2\mingw64\avr\include\util\delay.h ****     to calculate the number of delay cycles needed based on the CPU
  68:e:\game\msys2\mingw64\avr\include\util\delay.h ****     frequency passed by the macro F_CPU.
  69:e:\game\msys2\mingw64\avr\include\util\delay.h **** 
  70:e:\game\msys2\mingw64\avr\include\util\delay.h ****     \note In order for these functions to work as intended, compiler
  71:e:\game\msys2\mingw64\avr\include\util\delay.h ****     optimizations <em>must</em> be enabled, and the delay time
  72:e:\game\msys2\mingw64\avr\include\util\delay.h ****     <em>must</em> be an expression that is a known constant at
  73:e:\game\msys2\mingw64\avr\include\util\delay.h ****     compile-time.  If these requirements are not met, the resulting
  74:e:\game\msys2\mingw64\avr\include\util\delay.h ****     delay will be much longer (and basically unpredictable), and
  75:e:\game\msys2\mingw64\avr\include\util\delay.h ****     applications that otherwise do not use floating-point calculations
  76:e:\game\msys2\mingw64\avr\include\util\delay.h ****     will experience severe code bloat by the floating-point library
  77:e:\game\msys2\mingw64\avr\include\util\delay.h ****     routines linked into the application.
  78:e:\game\msys2\mingw64\avr\include\util\delay.h **** 
  79:e:\game\msys2\mingw64\avr\include\util\delay.h ****     The functions available allow the specification of microsecond, and
  80:e:\game\msys2\mingw64\avr\include\util\delay.h ****     millisecond delays directly, using the application-supplied macro
  81:e:\game\msys2\mingw64\avr\include\util\delay.h ****     F_CPU as the CPU clock frequency (in Hertz).
  82:e:\game\msys2\mingw64\avr\include\util\delay.h **** 
  83:e:\game\msys2\mingw64\avr\include\util\delay.h **** */
  84:e:\game\msys2\mingw64\avr\include\util\delay.h **** 
  85:e:\game\msys2\mingw64\avr\include\util\delay.h **** #if !defined(__DOXYGEN__)
  86:e:\game\msys2\mingw64\avr\include\util\delay.h **** static __inline__ void _delay_us(double __us) __attribute__((__always_inline__));
  87:e:\game\msys2\mingw64\avr\include\util\delay.h **** static __inline__ void _delay_ms(double __ms) __attribute__((__always_inline__));
  88:e:\game\msys2\mingw64\avr\include\util\delay.h **** #endif
  89:e:\game\msys2\mingw64\avr\include\util\delay.h **** 
  90:e:\game\msys2\mingw64\avr\include\util\delay.h **** #ifndef F_CPU
  91:e:\game\msys2\mingw64\avr\include\util\delay.h **** /* prevent compiler error by supplying a default */
  92:e:\game\msys2\mingw64\avr\include\util\delay.h **** # warning "F_CPU not defined for <util/delay.h>"
  93:e:\game\msys2\mingw64\avr\include\util\delay.h **** /** \ingroup util_delay
  94:e:\game\msys2\mingw64\avr\include\util\delay.h ****     \def F_CPU
  95:e:\game\msys2\mingw64\avr\include\util\delay.h ****     \brief CPU frequency in Hz
  96:e:\game\msys2\mingw64\avr\include\util\delay.h **** 
  97:e:\game\msys2\mingw64\avr\include\util\delay.h ****     The macro F_CPU specifies the CPU frequency to be considered by
  98:e:\game\msys2\mingw64\avr\include\util\delay.h ****     the delay macros.  This macro is normally supplied by the
  99:e:\game\msys2\mingw64\avr\include\util\delay.h ****     environment (e.g. from within a project header, or the project's
 100:e:\game\msys2\mingw64\avr\include\util\delay.h ****     Makefile).  The value 1 MHz here is only provided as a "vanilla"
 101:e:\game\msys2\mingw64\avr\include\util\delay.h ****     fallback if no such user-provided definition could be found.
 102:e:\game\msys2\mingw64\avr\include\util\delay.h **** 
 103:e:\game\msys2\mingw64\avr\include\util\delay.h ****     In terms of the delay functions, the CPU frequency can be given as
 104:e:\game\msys2\mingw64\avr\include\util\delay.h ****     a floating-point constant (e.g. 3.6864E6 for 3.6864 MHz).
 105:e:\game\msys2\mingw64\avr\include\util\delay.h ****     However, the macros in <util/setbaud.h> require it to be an
 106:e:\game\msys2\mingw64\avr\include\util\delay.h ****     integer value.
 107:e:\game\msys2\mingw64\avr\include\util\delay.h ****  */
 108:e:\game\msys2\mingw64\avr\include\util\delay.h **** # define F_CPU 1000000UL
 109:e:\game\msys2\mingw64\avr\include\util\delay.h **** #endif
 110:e:\game\msys2\mingw64\avr\include\util\delay.h **** 
 111:e:\game\msys2\mingw64\avr\include\util\delay.h **** #ifndef __OPTIMIZE__
 112:e:\game\msys2\mingw64\avr\include\util\delay.h **** # warning "Compiler optimizations disabled; functions from <util/delay.h> won't work as designed"
 113:e:\game\msys2\mingw64\avr\include\util\delay.h **** #endif
 114:e:\game\msys2\mingw64\avr\include\util\delay.h **** 
 115:e:\game\msys2\mingw64\avr\include\util\delay.h **** #if __HAS_DELAY_CYCLES && defined(__OPTIMIZE__) && \
 116:e:\game\msys2\mingw64\avr\include\util\delay.h ****   !defined(__DELAY_BACKWARD_COMPATIBLE__) &&	   \
 117:e:\game\msys2\mingw64\avr\include\util\delay.h ****   __STDC_HOSTED__
 118:e:\game\msys2\mingw64\avr\include\util\delay.h **** #  include <math.h>
 119:e:\game\msys2\mingw64\avr\include\util\delay.h **** #endif
 120:e:\game\msys2\mingw64\avr\include\util\delay.h **** 
 121:e:\game\msys2\mingw64\avr\include\util\delay.h **** /**
 122:e:\game\msys2\mingw64\avr\include\util\delay.h ****    \ingroup util_delay
 123:e:\game\msys2\mingw64\avr\include\util\delay.h **** 
 124:e:\game\msys2\mingw64\avr\include\util\delay.h ****    Perform a delay of \c __ms milliseconds, using _delay_loop_2().
 125:e:\game\msys2\mingw64\avr\include\util\delay.h **** 
 126:e:\game\msys2\mingw64\avr\include\util\delay.h ****    The macro F_CPU is supposed to be defined to a
 127:e:\game\msys2\mingw64\avr\include\util\delay.h ****    constant defining the CPU clock frequency (in Hertz).
 128:e:\game\msys2\mingw64\avr\include\util\delay.h **** 
 129:e:\game\msys2\mingw64\avr\include\util\delay.h ****    The maximal possible delay is 262.14 ms / F_CPU in MHz.
 130:e:\game\msys2\mingw64\avr\include\util\delay.h **** 
 131:e:\game\msys2\mingw64\avr\include\util\delay.h ****    When the user request delay which exceed the maximum possible one,
 132:e:\game\msys2\mingw64\avr\include\util\delay.h ****    _delay_ms() provides a decreased resolution functionality. In this
 133:e:\game\msys2\mingw64\avr\include\util\delay.h ****    mode _delay_ms() will work with a resolution of 1/10 ms, providing
 134:e:\game\msys2\mingw64\avr\include\util\delay.h ****    delays up to 6.5535 seconds (independent from CPU frequency).  The
 135:e:\game\msys2\mingw64\avr\include\util\delay.h ****    user will not be informed about decreased resolution.
 136:e:\game\msys2\mingw64\avr\include\util\delay.h **** 
 137:e:\game\msys2\mingw64\avr\include\util\delay.h ****    If the avr-gcc toolchain has __builtin_avr_delay_cycles()
 138:e:\game\msys2\mingw64\avr\include\util\delay.h ****    support, maximal possible delay is 4294967.295 ms/ F_CPU in MHz. For
 139:e:\game\msys2\mingw64\avr\include\util\delay.h ****    values greater than the maximal possible delay, overflows results in
 140:e:\game\msys2\mingw64\avr\include\util\delay.h ****    no delay i.e., 0ms.
 141:e:\game\msys2\mingw64\avr\include\util\delay.h **** 
 142:e:\game\msys2\mingw64\avr\include\util\delay.h ****    Conversion of \c __ms into clock cycles may not always result in
 143:e:\game\msys2\mingw64\avr\include\util\delay.h ****    integer.  By default, the clock cycles rounded up to next
 144:e:\game\msys2\mingw64\avr\include\util\delay.h ****    integer. This ensures that the user gets at least \c __ms
 145:e:\game\msys2\mingw64\avr\include\util\delay.h ****    microseconds of delay.
 146:e:\game\msys2\mingw64\avr\include\util\delay.h **** 
 147:e:\game\msys2\mingw64\avr\include\util\delay.h ****    Alternatively, by defining the macro \c __DELAY_ROUND_DOWN__, or
 148:e:\game\msys2\mingw64\avr\include\util\delay.h ****    \c __DELAY_ROUND_CLOSEST__, before including this header file, the
 149:e:\game\msys2\mingw64\avr\include\util\delay.h ****    algorithm can be made to round down, or round to closest integer,
 150:e:\game\msys2\mingw64\avr\include\util\delay.h ****    respectively.
 151:e:\game\msys2\mingw64\avr\include\util\delay.h **** 
 152:e:\game\msys2\mingw64\avr\include\util\delay.h ****    \note
 153:e:\game\msys2\mingw64\avr\include\util\delay.h **** 
 154:e:\game\msys2\mingw64\avr\include\util\delay.h ****    The implementation of _delay_ms() based on
 155:e:\game\msys2\mingw64\avr\include\util\delay.h ****    __builtin_avr_delay_cycles() is not backward compatible with older
 156:e:\game\msys2\mingw64\avr\include\util\delay.h ****    implementations.  In order to get functionality backward compatible
 157:e:\game\msys2\mingw64\avr\include\util\delay.h ****    with previous versions, the macro \c "__DELAY_BACKWARD_COMPATIBLE__"
 158:e:\game\msys2\mingw64\avr\include\util\delay.h ****    must be defined before including this header file. Also, the
 159:e:\game\msys2\mingw64\avr\include\util\delay.h ****    backward compatible algorithm will be chosen if the code is
 160:e:\game\msys2\mingw64\avr\include\util\delay.h ****    compiled in a <em>freestanding environment</em> (GCC option
 161:e:\game\msys2\mingw64\avr\include\util\delay.h ****    \c -ffreestanding), as the math functions required for rounding are
 162:e:\game\msys2\mingw64\avr\include\util\delay.h ****    not available to the compiler then.
 163:e:\game\msys2\mingw64\avr\include\util\delay.h **** 
 164:e:\game\msys2\mingw64\avr\include\util\delay.h ****  */
 165:e:\game\msys2\mingw64\avr\include\util\delay.h **** void
 166:e:\game\msys2\mingw64\avr\include\util\delay.h **** _delay_ms(double __ms)
  46               		.loc 2 166 1 view .LVU5
  47               	.LBB5:
 167:e:\game\msys2\mingw64\avr\include\util\delay.h **** {
 168:e:\game\msys2\mingw64\avr\include\util\delay.h **** 	double __tmp ;
  48               		.loc 2 168 2 view .LVU6
 169:e:\game\msys2\mingw64\avr\include\util\delay.h **** #if __HAS_DELAY_CYCLES && defined(__OPTIMIZE__) && \
 170:e:\game\msys2\mingw64\avr\include\util\delay.h ****   !defined(__DELAY_BACKWARD_COMPATIBLE__) &&	   \
 171:e:\game\msys2\mingw64\avr\include\util\delay.h ****   __STDC_HOSTED__
 172:e:\game\msys2\mingw64\avr\include\util\delay.h **** 	uint32_t __ticks_dc;
  49               		.loc 2 172 2 view .LVU7
 173:e:\game\msys2\mingw64\avr\include\util\delay.h **** 	extern void __builtin_avr_delay_cycles(unsigned long);
  50               		.loc 2 173 2 view .LVU8
 174:e:\game\msys2\mingw64\avr\include\util\delay.h **** 	__tmp = ((F_CPU) / 1e3) * __ms;
  51               		.loc 2 174 2 view .LVU9
 175:e:\game\msys2\mingw64\avr\include\util\delay.h **** 
 176:e:\game\msys2\mingw64\avr\include\util\delay.h **** 	#if defined(__DELAY_ROUND_DOWN__)
 177:e:\game\msys2\mingw64\avr\include\util\delay.h **** 		__ticks_dc = (uint32_t)fabs(__tmp);
 178:e:\game\msys2\mingw64\avr\include\util\delay.h **** 
 179:e:\game\msys2\mingw64\avr\include\util\delay.h **** 	#elif defined(__DELAY_ROUND_CLOSEST__)
 180:e:\game\msys2\mingw64\avr\include\util\delay.h **** 		__ticks_dc = (uint32_t)(fabs(__tmp)+0.5);
 181:e:\game\msys2\mingw64\avr\include\util\delay.h **** 
 182:e:\game\msys2\mingw64\avr\include\util\delay.h **** 	#else
 183:e:\game\msys2\mingw64\avr\include\util\delay.h **** 		//round up by default
 184:e:\game\msys2\mingw64\avr\include\util\delay.h **** 		__ticks_dc = (uint32_t)(ceil(fabs(__tmp)));
  52               		.loc 2 184 3 view .LVU10
 185:e:\game\msys2\mingw64\avr\include\util\delay.h **** 	#endif
 186:e:\game\msys2\mingw64\avr\include\util\delay.h **** 
 187:e:\game\msys2\mingw64\avr\include\util\delay.h **** 	__builtin_avr_delay_cycles(__ticks_dc);
  53               		.loc 2 187 2 view .LVU11
  54 0004 2FEF      		ldi r18,lo8(95999)
  55 0006 86E7      		ldi r24,hi8(95999)
  56 0008 91E0      		ldi r25,hlo8(95999)
  57 000a 2150      	1:	subi r18,1
  58 000c 8040      		sbci r24,0
  59 000e 9040      		sbci r25,0
  60 0010 01F4      		brne 1b
  61 0012 00C0      		rjmp .
  62 0014 0000      		nop
  63               	.LVL2:
  64               		.loc 2 187 2 is_stmt 0 view .LVU12
  65               	.LBE5:
  66               	.LBE4:
  41:quantum/bootmagic/bootmagic_lite.c **** #endif
  42:quantum/bootmagic/bootmagic_lite.c ****     matrix_scan();
  67               		.loc 1 42 5 is_stmt 1 view .LVU13
  68 0016 0E94 0000 		call matrix_scan
  69               	.LVL3:
  43:quantum/bootmagic/bootmagic_lite.c **** 
  44:quantum/bootmagic/bootmagic_lite.c ****     // If the configured key (commonly Esc) is held down on power up,
  45:quantum/bootmagic/bootmagic_lite.c ****     // reset the EEPROM valid state and jump to bootloader.
  46:quantum/bootmagic/bootmagic_lite.c ****     // This isn't very generalized, but we need something that doesn't
  47:quantum/bootmagic/bootmagic_lite.c ****     // rely on user's keymaps in firmware or EEPROM.
  48:quantum/bootmagic/bootmagic_lite.c ****     uint8_t row = BOOTMAGIC_LITE_ROW;
  70               		.loc 1 48 5 view .LVU14
  49:quantum/bootmagic/bootmagic_lite.c ****     uint8_t col = BOOTMAGIC_LITE_COLUMN;
  71               		.loc 1 49 5 view .LVU15
  50:quantum/bootmagic/bootmagic_lite.c **** 
  51:quantum/bootmagic/bootmagic_lite.c **** #if defined(SPLIT_KEYBOARD) && defined(BOOTMAGIC_LITE_ROW_RIGHT) && defined(BOOTMAGIC_LITE_COLUMN_R
  52:quantum/bootmagic/bootmagic_lite.c ****     if (!is_keyboard_left()) {
  53:quantum/bootmagic/bootmagic_lite.c ****         row = BOOTMAGIC_LITE_ROW_RIGHT;
  54:quantum/bootmagic/bootmagic_lite.c ****         col = BOOTMAGIC_LITE_COLUMN_RIGHT;
  55:quantum/bootmagic/bootmagic_lite.c ****     }
  56:quantum/bootmagic/bootmagic_lite.c **** #endif
  57:quantum/bootmagic/bootmagic_lite.c **** 
  58:quantum/bootmagic/bootmagic_lite.c ****     if (matrix_get_row(row) & (1 << col)) {
  72               		.loc 1 58 5 view .LVU16
  73               		.loc 1 58 9 is_stmt 0 view .LVU17
  74 001a 80E0      		ldi r24,0
  75 001c 0E94 0000 		call matrix_get_row
  76               	.LVL4:
  77               		.loc 1 58 8 view .LVU18
  78 0020 80FF      		sbrs r24,0
  79 0022 00C0      		rjmp .L2
  59:quantum/bootmagic/bootmagic_lite.c ****         bootmagic_lite_reset_eeprom();
  80               		.loc 1 59 9 is_stmt 1 view .LVU19
  81 0024 0E94 0000 		call bootmagic_lite_reset_eeprom
  82               	.LVL5:
  60:quantum/bootmagic/bootmagic_lite.c **** 
  61:quantum/bootmagic/bootmagic_lite.c ****         // Jump to bootloader.
  62:quantum/bootmagic/bootmagic_lite.c ****         bootloader_jump();
  83               		.loc 1 62 9 view .LVU20
  84 0028 0C94 0000 		jmp bootloader_jump
  85               	.LVL6:
  86               	.L2:
  87               	/* epilogue start */
  63:quantum/bootmagic/bootmagic_lite.c ****     }
  64:quantum/bootmagic/bootmagic_lite.c **** }
  88               		.loc 1 64 1 is_stmt 0 view .LVU21
  89 002c 0895      		ret
  90               		.cfi_endproc
  91               	.LFE25:
  93               		.section	.text.bootmagic,"ax",@progbits
  94               	.global	bootmagic
  96               	bootmagic:
  97               	.LFB26:
  65:quantum/bootmagic/bootmagic_lite.c **** 
  66:quantum/bootmagic/bootmagic_lite.c **** void bootmagic(void) { bootmagic_lite(); }
  98               		.loc 1 66 22 is_stmt 1 view -0
  99               		.cfi_startproc
 100               	/* prologue: function */
 101               	/* frame size = 0 */
 102               	/* stack size = 0 */
 103               	.L__stack_usage = 0
 104               		.loc 1 66 24 view .LVU23
 105 0000 0C94 0000 		jmp bootmagic_lite
 106               	.LVL7:
 107               		.cfi_endproc
 108               	.LFE26:
 110               		.text
 111               	.Letext0:
 112               		.file 3 "e:\\game\\msys2\\mingw64\\avr\\include\\stdint.h"
 113               		.file 4 "e:\\game\\msys2\\mingw64\\lib\\gcc\\avr\\8.4.0\\include\\stddef.h"
 114               		.file 5 "tmk_core/common/report.h"
 115               		.file 6 "tmk_core/common/action.h"
 116               		.file 7 "tmk_core/common/host.h"
 117               		.file 8 "tmk_core/common/debug.h"
 118               		.file 9 "quantum/keycode_config.h"
 119               		.file 10 "tmk_core/common/timer.h"
 120               		.file 11 "quantum/sequencer/sequencer.h"
 121               		.file 12 "quantum/keymap.h"
 122               		.file 13 "./quantum/color.h"
 123               		.file 14 "quantum/rgblight.h"
 124               		.file 15 "tmk_core/common/action_layer.h"
 125               		.file 16 "tmk_core/common/action_util.h"
 126               		.file 17 "quantum/send_string.h"
 127               		.file 18 "e:\\game\\msys2\\mingw64\\avr\\include\\stdlib.h"
 128               		.file 19 "quantum/matrix.h"
 129               		.file 20 "tmk_core/common/bootloader.h"
 130               		.file 21 "tmk_core/common/eeconfig.h"
DEFINED SYMBOLS
                            *ABS*:0000000000000000 bootmagic_lite.c
C:\Users\Roningo\AppData\Local\Temp\ccUE3mXd.s:2      *ABS*:000000000000003e __SP_H__
C:\Users\Roningo\AppData\Local\Temp\ccUE3mXd.s:3      *ABS*:000000000000003d __SP_L__
C:\Users\Roningo\AppData\Local\Temp\ccUE3mXd.s:4      *ABS*:000000000000003f __SREG__
C:\Users\Roningo\AppData\Local\Temp\ccUE3mXd.s:5      *ABS*:0000000000000000 __tmp_reg__
C:\Users\Roningo\AppData\Local\Temp\ccUE3mXd.s:6      *ABS*:0000000000000001 __zero_reg__
C:\Users\Roningo\AppData\Local\Temp\ccUE3mXd.s:13     .text.bootmagic_lite_reset_eeprom:0000000000000000 bootmagic_lite_reset_eeprom
C:\Users\Roningo\AppData\Local\Temp\ccUE3mXd.s:31     .text.bootmagic_lite:0000000000000000 bootmagic_lite
C:\Users\Roningo\AppData\Local\Temp\ccUE3mXd.s:96     .text.bootmagic:0000000000000000 bootmagic

UNDEFINED SYMBOLS
eeconfig_disable
matrix_scan
matrix_get_row
bootloader_jump
