   1               		.file	"sym_defer_g.c"
   2               	__SP_H__ = 0x3e
   3               	__SP_L__ = 0x3d
   4               	__SREG__ = 0x3f
   5               	__tmp_reg__ = 0
   6               	__zero_reg__ = 1
   7               		.file 1 "e:\\game\\msys2\\mingw64\\avr\\include\\stdint.h"
   8               		.file 2 "quantum/matrix.h"
   9               		.file 3 "e:\\game\\msys2\\mingw64\\lib\\gcc\\avr\\8.4.0\\include\\stddef.h"
  10               		.file 4 "tmk_core/common/timer.h"
  11               		.file 5 "tmk_core/common/action.h"
  12               		.file 6 "tmk_core/common/report.h"
  13               		.file 7 "tmk_core/common/host.h"
  14               		.file 8 "tmk_core/common/debug.h"
  15               		.file 9 "quantum/keycode_config.h"
  16               		.file 10 "quantum/sequencer/sequencer.h"
  17               		.file 11 "quantum/keymap.h"
  18               		.file 12 "tmk_core/common/action_layer.h"
  19               		.file 13 "tmk_core/common/action_util.h"
  20               		.file 14 "quantum/send_string.h"
  21               		.file 15 "e:\\game\\msys2\\mingw64\\avr\\include\\stdlib.h"
  22               		.file 16 "quantum/debounce/sym_defer_g.c"
  23               		.section	.gnu.debuglto_.debug_info,"",@progbits
  24               	.Ldebug_info0:
  25               		.hidden	sym_defer_g.c.572909d7
  26               		.weak	sym_defer_g.c.572909d7
  27               	sym_defer_g.c.572909d7:
  28 0000 2C06 0000 		.long	0x62c
  29 0004 0200      		.word	0x2
  30 0006 0000 0000 		.long	.Ldebug_abbrev0
  31 000a 04        		.byte	0x4
  32 000b 01        		.uleb128 0x1
  33 000c 0000 0000 		.long	.LASF88
  34 0010 0C        		.byte	0xc
  35 0011 0000 0000 		.long	.LASF89
  36 0015 0000 0000 		.long	.LASF90
  37 0019 0000 0000 		.long	.Ldebug_line0
  38 001d 02        		.uleb128 0x2
  39 001e 01        		.byte	0x1
  40 001f 06        		.byte	0x6
  41 0020 0000 0000 		.long	.LASF0
  42 0024 03        		.uleb128 0x3
  43 0025 0000 0000 		.long	.LASF2
  44 0029 01        		.byte	0x1
  45 002a 7E        		.byte	0x7e
  46 002b 16        		.byte	0x16
  47 002c 3500 0000 		.long	0x35
  48 0030 04        		.uleb128 0x4
  49 0031 2400 0000 		.long	0x24
  50 0035 02        		.uleb128 0x2
  51 0036 01        		.byte	0x1
  52 0037 08        		.byte	0x8
  53 0038 0000 0000 		.long	.LASF1
  54 003c 05        		.uleb128 0x5
  55 003d 02        		.byte	0x2
  56 003e 05        		.byte	0x5
  57 003f 696E 7400 		.string	"int"
  58 0043 03        		.uleb128 0x3
  59 0044 0000 0000 		.long	.LASF3
  60 0048 01        		.byte	0x1
  61 0049 80        		.byte	0x80
  62 004a 16        		.byte	0x16
  63 004b 5400 0000 		.long	0x54
  64 004f 04        		.uleb128 0x4
  65 0050 4300 0000 		.long	0x43
  66 0054 02        		.uleb128 0x2
  67 0055 02        		.byte	0x2
  68 0056 07        		.byte	0x7
  69 0057 0000 0000 		.long	.LASF4
  70 005b 02        		.uleb128 0x2
  71 005c 04        		.byte	0x4
  72 005d 05        		.byte	0x5
  73 005e 0000 0000 		.long	.LASF5
  74 0062 03        		.uleb128 0x3
  75 0063 0000 0000 		.long	.LASF6
  76 0067 01        		.byte	0x1
  77 0068 82        		.byte	0x82
  78 0069 16        		.byte	0x16
  79 006a 7300 0000 		.long	0x73
  80 006e 06        		.uleb128 0x6
  81 006f 6200 0000 		.long	0x62
  82 0073 02        		.uleb128 0x2
  83 0074 04        		.byte	0x4
  84 0075 07        		.byte	0x7
  85 0076 0000 0000 		.long	.LASF7
  86 007a 02        		.uleb128 0x2
  87 007b 08        		.byte	0x8
  88 007c 05        		.byte	0x5
  89 007d 0000 0000 		.long	.LASF8
  90 0081 02        		.uleb128 0x2
  91 0082 08        		.byte	0x8
  92 0083 07        		.byte	0x7
  93 0084 0000 0000 		.long	.LASF9
  94 0088 03        		.uleb128 0x3
  95 0089 0000 0000 		.long	.LASF10
  96 008d 02        		.byte	0x2
  97 008e 1A        		.byte	0x1a
  98 008f 12        		.byte	0x12
  99 0090 4300 0000 		.long	0x43
 100 0094 07        		.uleb128 0x7
 101 0095 0000 0000 		.long	.LASF13
 102 0099 04        		.byte	0x4
 103 009a 20        		.byte	0x20
 104 009b 1A        		.byte	0x1a
 105 009c 6E00 0000 		.long	0x6e
 106 00a0 01        		.byte	0x1
 107 00a1 01        		.byte	0x1
 108 00a2 03        		.uleb128 0x3
 109 00a3 0000 0000 		.long	.LASF11
 110 00a7 03        		.byte	0x3
 111 00a8 D8        		.byte	0xd8
 112 00a9 17        		.byte	0x17
 113 00aa 5400 0000 		.long	0x54
 114 00ae 02        		.uleb128 0x2
 115 00af 01        		.byte	0x1
 116 00b0 02        		.byte	0x2
 117 00b1 0000 0000 		.long	.LASF12
 118 00b5 07        		.uleb128 0x7
 119 00b6 0000 0000 		.long	.LASF14
 120 00ba 05        		.byte	0x5
 121 00bb 4B        		.byte	0x4b
 122 00bc 0D        		.byte	0xd
 123 00bd AE00 0000 		.long	0xae
 124 00c1 01        		.byte	0x1
 125 00c2 01        		.byte	0x1
 126 00c3 08        		.uleb128 0x8
 127 00c4 08        		.byte	0x8
 128 00c5 06        		.byte	0x6
 129 00c6 AD        		.byte	0xad
 130 00c7 05        		.byte	0x5
 131 00c8 FA00 0000 		.long	0xfa
 132 00cc 09        		.uleb128 0x9
 133 00cd 0000 0000 		.long	.LASF15
 134 00d1 06        		.byte	0x6
 135 00d2 B1        		.byte	0xb1
 136 00d3 11        		.byte	0x11
 137 00d4 2400 0000 		.long	0x24
 138 00d8 02        		.byte	0x2
 139 00d9 23        		.byte	0x23
 140 00da 00        		.uleb128 0
 141 00db 09        		.uleb128 0x9
 142 00dc 0000 0000 		.long	.LASF16
 143 00e0 06        		.byte	0x6
 144 00e1 B2        		.byte	0xb2
 145 00e2 11        		.byte	0x11
 146 00e3 2400 0000 		.long	0x24
 147 00e7 02        		.byte	0x2
 148 00e8 23        		.byte	0x23
 149 00e9 01        		.uleb128 0x1
 150 00ea 09        		.uleb128 0x9
 151 00eb 0000 0000 		.long	.LASF17
 152 00ef 06        		.byte	0x6
 153 00f0 B3        		.byte	0xb3
 154 00f1 11        		.byte	0x11
 155 00f2 FA00 0000 		.long	0xfa
 156 00f6 02        		.byte	0x2
 157 00f7 23        		.byte	0x23
 158 00f8 02        		.uleb128 0x2
 159 00f9 00        		.byte	0
 160 00fa 0A        		.uleb128 0xa
 161 00fb 2400 0000 		.long	0x24
 162 00ff 0A01 0000 		.long	0x10a
 163 0103 0B        		.uleb128 0xb
 164 0104 5400 0000 		.long	0x54
 165 0108 05        		.byte	0x5
 166 0109 00        		.byte	0
 167 010a 0C        		.uleb128 0xc
 168 010b 08        		.byte	0x8
 169 010c 06        		.byte	0x6
 170 010d AB        		.byte	0xab
 171 010e 09        		.byte	0x9
 172 010f 2501 0000 		.long	0x125
 173 0113 0D        		.uleb128 0xd
 174 0114 7261 7700 		.string	"raw"
 175 0118 06        		.byte	0x6
 176 0119 AC        		.byte	0xac
 177 011a 0D        		.byte	0xd
 178 011b 2501 0000 		.long	0x125
 179 011f 0E        		.uleb128 0xe
 180 0120 C300 0000 		.long	0xc3
 181 0124 00        		.byte	0
 182 0125 0A        		.uleb128 0xa
 183 0126 2400 0000 		.long	0x24
 184 012a 3501 0000 		.long	0x135
 185 012e 0B        		.uleb128 0xb
 186 012f 5400 0000 		.long	0x54
 187 0133 07        		.byte	0x7
 188 0134 00        		.byte	0
 189 0135 03        		.uleb128 0x3
 190 0136 0000 0000 		.long	.LASF18
 191 013a 06        		.byte	0x6
 192 013b BE        		.byte	0xbe
 193 013c 1B        		.byte	0x1b
 194 013d 0A01 0000 		.long	0x10a
 195 0141 0F        		.uleb128 0xf
 196 0142 02        		.byte	0x2
 197 0143 3501 0000 		.long	0x135
 198 0147 07        		.uleb128 0x7
 199 0148 0000 0000 		.long	.LASF19
 200 014c 07        		.byte	0x7
 201 014d 24        		.byte	0x24
 202 014e 10        		.byte	0x10
 203 014f 2400 0000 		.long	0x24
 204 0153 01        		.byte	0x1
 205 0154 01        		.byte	0x1
 206 0155 07        		.uleb128 0x7
 207 0156 0000 0000 		.long	.LASF20
 208 015a 07        		.byte	0x7
 209 015b 25        		.byte	0x25
 210 015c 10        		.byte	0x10
 211 015d 2400 0000 		.long	0x24
 212 0161 01        		.byte	0x1
 213 0162 01        		.byte	0x1
 214 0163 08        		.uleb128 0x8
 215 0164 01        		.byte	0x1
 216 0165 08        		.byte	0x8
 217 0166 1F        		.byte	0x1f
 218 0167 05        		.byte	0x5
 219 0168 C701 0000 		.long	0x1c7
 220 016c 10        		.uleb128 0x10
 221 016d 0000 0000 		.long	.LASF21
 222 0171 08        		.byte	0x8
 223 0172 20        		.byte	0x20
 224 0173 11        		.byte	0x11
 225 0174 AE00 0000 		.long	0xae
 226 0178 01        		.byte	0x1
 227 0179 01        		.byte	0x1
 228 017a 07        		.byte	0x7
 229 017b 02        		.byte	0x2
 230 017c 23        		.byte	0x23
 231 017d 00        		.uleb128 0
 232 017e 10        		.uleb128 0x10
 233 017f 0000 0000 		.long	.LASF22
 234 0183 08        		.byte	0x8
 235 0184 21        		.byte	0x21
 236 0185 11        		.byte	0x11
 237 0186 AE00 0000 		.long	0xae
 238 018a 01        		.byte	0x1
 239 018b 01        		.byte	0x1
 240 018c 06        		.byte	0x6
 241 018d 02        		.byte	0x2
 242 018e 23        		.byte	0x23
 243 018f 00        		.uleb128 0
 244 0190 10        		.uleb128 0x10
 245 0191 0000 0000 		.long	.LASF23
 246 0195 08        		.byte	0x8
 247 0196 22        		.byte	0x22
 248 0197 11        		.byte	0x11
 249 0198 AE00 0000 		.long	0xae
 250 019c 01        		.byte	0x1
 251 019d 01        		.byte	0x1
 252 019e 05        		.byte	0x5
 253 019f 02        		.byte	0x2
 254 01a0 23        		.byte	0x23
 255 01a1 00        		.uleb128 0
 256 01a2 10        		.uleb128 0x10
 257 01a3 0000 0000 		.long	.LASF24
 258 01a7 08        		.byte	0x8
 259 01a8 23        		.byte	0x23
 260 01a9 11        		.byte	0x11
 261 01aa AE00 0000 		.long	0xae
 262 01ae 01        		.byte	0x1
 263 01af 01        		.byte	0x1
 264 01b0 04        		.byte	0x4
 265 01b1 02        		.byte	0x2
 266 01b2 23        		.byte	0x23
 267 01b3 00        		.uleb128 0
 268 01b4 10        		.uleb128 0x10
 269 01b5 0000 0000 		.long	.LASF16
 270 01b9 08        		.byte	0x8
 271 01ba 24        		.byte	0x24
 272 01bb 11        		.byte	0x11
 273 01bc 2400 0000 		.long	0x24
 274 01c0 01        		.byte	0x1
 275 01c1 04        		.byte	0x4
 276 01c2 00        		.byte	0
 277 01c3 02        		.byte	0x2
 278 01c4 23        		.byte	0x23
 279 01c5 00        		.uleb128 0
 280 01c6 00        		.byte	0
 281 01c7 0C        		.uleb128 0xc
 282 01c8 01        		.byte	0x1
 283 01c9 08        		.byte	0x8
 284 01ca 1E        		.byte	0x1e
 285 01cb 09        		.byte	0x9
 286 01cc E201 0000 		.long	0x1e2
 287 01d0 0E        		.uleb128 0xe
 288 01d1 6301 0000 		.long	0x163
 289 01d5 0D        		.uleb128 0xd
 290 01d6 7261 7700 		.string	"raw"
 291 01da 08        		.byte	0x8
 292 01db 26        		.byte	0x26
 293 01dc 0D        		.byte	0xd
 294 01dd 2400 0000 		.long	0x24
 295 01e1 00        		.byte	0
 296 01e2 03        		.uleb128 0x3
 297 01e3 0000 0000 		.long	.LASF25
 298 01e7 08        		.byte	0x8
 299 01e8 27        		.byte	0x27
 300 01e9 03        		.byte	0x3
 301 01ea C701 0000 		.long	0x1c7
 302 01ee 07        		.uleb128 0x7
 303 01ef 0000 0000 		.long	.LASF26
 304 01f3 08        		.byte	0x8
 305 01f4 29        		.byte	0x29
 306 01f5 17        		.byte	0x17
 307 01f6 E201 0000 		.long	0x1e2
 308 01fa 01        		.byte	0x1
 309 01fb 01        		.byte	0x1
 310 01fc 08        		.uleb128 0x8
 311 01fd 02        		.byte	0x2
 312 01fe 09        		.byte	0x9
 313 01ff 1D        		.byte	0x1d
 314 0200 05        		.byte	0x5
 315 0201 CC02 0000 		.long	0x2cc
 316 0205 10        		.uleb128 0x10
 317 0206 0000 0000 		.long	.LASF27
 318 020a 09        		.byte	0x9
 319 020b 1E        		.byte	0x1e
 320 020c 0E        		.byte	0xe
 321 020d AE00 0000 		.long	0xae
 322 0211 01        		.byte	0x1
 323 0212 01        		.byte	0x1
 324 0213 07        		.byte	0x7
 325 0214 02        		.byte	0x2
 326 0215 23        		.byte	0x23
 327 0216 00        		.uleb128 0
 328 0217 10        		.uleb128 0x10
 329 0218 0000 0000 		.long	.LASF28
 330 021c 09        		.byte	0x9
 331 021d 1F        		.byte	0x1f
 332 021e 0E        		.byte	0xe
 333 021f AE00 0000 		.long	0xae
 334 0223 01        		.byte	0x1
 335 0224 01        		.byte	0x1
 336 0225 06        		.byte	0x6
 337 0226 02        		.byte	0x2
 338 0227 23        		.byte	0x23
 339 0228 00        		.uleb128 0
 340 0229 10        		.uleb128 0x10
 341 022a 0000 0000 		.long	.LASF29
 342 022e 09        		.byte	0x9
 343 022f 20        		.byte	0x20
 344 0230 0E        		.byte	0xe
 345 0231 AE00 0000 		.long	0xae
 346 0235 01        		.byte	0x1
 347 0236 01        		.byte	0x1
 348 0237 05        		.byte	0x5
 349 0238 02        		.byte	0x2
 350 0239 23        		.byte	0x23
 351 023a 00        		.uleb128 0
 352 023b 10        		.uleb128 0x10
 353 023c 0000 0000 		.long	.LASF30
 354 0240 09        		.byte	0x9
 355 0241 21        		.byte	0x21
 356 0242 0E        		.byte	0xe
 357 0243 AE00 0000 		.long	0xae
 358 0247 01        		.byte	0x1
 359 0248 01        		.byte	0x1
 360 0249 04        		.byte	0x4
 361 024a 02        		.byte	0x2
 362 024b 23        		.byte	0x23
 363 024c 00        		.uleb128 0
 364 024d 10        		.uleb128 0x10
 365 024e 0000 0000 		.long	.LASF31
 366 0252 09        		.byte	0x9
 367 0253 22        		.byte	0x22
 368 0254 0E        		.byte	0xe
 369 0255 AE00 0000 		.long	0xae
 370 0259 01        		.byte	0x1
 371 025a 01        		.byte	0x1
 372 025b 03        		.byte	0x3
 373 025c 02        		.byte	0x2
 374 025d 23        		.byte	0x23
 375 025e 00        		.uleb128 0
 376 025f 10        		.uleb128 0x10
 377 0260 0000 0000 		.long	.LASF32
 378 0264 09        		.byte	0x9
 379 0265 23        		.byte	0x23
 380 0266 0E        		.byte	0xe
 381 0267 AE00 0000 		.long	0xae
 382 026b 01        		.byte	0x1
 383 026c 01        		.byte	0x1
 384 026d 02        		.byte	0x2
 385 026e 02        		.byte	0x2
 386 026f 23        		.byte	0x23
 387 0270 00        		.uleb128 0
 388 0271 10        		.uleb128 0x10
 389 0272 0000 0000 		.long	.LASF33
 390 0276 09        		.byte	0x9
 391 0277 24        		.byte	0x24
 392 0278 0E        		.byte	0xe
 393 0279 AE00 0000 		.long	0xae
 394 027d 01        		.byte	0x1
 395 027e 01        		.byte	0x1
 396 027f 01        		.byte	0x1
 397 0280 02        		.byte	0x2
 398 0281 23        		.byte	0x23
 399 0282 00        		.uleb128 0
 400 0283 10        		.uleb128 0x10
 401 0284 0000 0000 		.long	.LASF34
 402 0288 09        		.byte	0x9
 403 0289 25        		.byte	0x25
 404 028a 0E        		.byte	0xe
 405 028b AE00 0000 		.long	0xae
 406 028f 01        		.byte	0x1
 407 0290 01        		.byte	0x1
 408 0291 00        		.byte	0
 409 0292 02        		.byte	0x2
 410 0293 23        		.byte	0x23
 411 0294 00        		.uleb128 0
 412 0295 10        		.uleb128 0x10
 413 0296 0000 0000 		.long	.LASF35
 414 029a 09        		.byte	0x9
 415 029b 26        		.byte	0x26
 416 029c 0E        		.byte	0xe
 417 029d AE00 0000 		.long	0xae
 418 02a1 01        		.byte	0x1
 419 02a2 01        		.byte	0x1
 420 02a3 07        		.byte	0x7
 421 02a4 02        		.byte	0x2
 422 02a5 23        		.byte	0x23
 423 02a6 01        		.uleb128 0x1
 424 02a7 10        		.uleb128 0x10
 425 02a8 0000 0000 		.long	.LASF36
 426 02ac 09        		.byte	0x9
 427 02ad 27        		.byte	0x27
 428 02ae 0E        		.byte	0xe
 429 02af AE00 0000 		.long	0xae
 430 02b3 01        		.byte	0x1
 431 02b4 01        		.byte	0x1
 432 02b5 06        		.byte	0x6
 433 02b6 02        		.byte	0x2
 434 02b7 23        		.byte	0x23
 435 02b8 01        		.uleb128 0x1
 436 02b9 10        		.uleb128 0x10
 437 02ba 0000 0000 		.long	.LASF37
 438 02be 09        		.byte	0x9
 439 02bf 28        		.byte	0x28
 440 02c0 0E        		.byte	0xe
 441 02c1 AE00 0000 		.long	0xae
 442 02c5 01        		.byte	0x1
 443 02c6 01        		.byte	0x1
 444 02c7 05        		.byte	0x5
 445 02c8 02        		.byte	0x2
 446 02c9 23        		.byte	0x23
 447 02ca 01        		.uleb128 0x1
 448 02cb 00        		.byte	0
 449 02cc 0C        		.uleb128 0xc
 450 02cd 02        		.byte	0x2
 451 02ce 09        		.byte	0x9
 452 02cf 1B        		.byte	0x1b
 453 02d0 09        		.byte	0x9
 454 02d1 E702 0000 		.long	0x2e7
 455 02d5 0D        		.uleb128 0xd
 456 02d6 7261 7700 		.string	"raw"
 457 02da 09        		.byte	0x9
 458 02db 1C        		.byte	0x1c
 459 02dc 0E        		.byte	0xe
 460 02dd 4300 0000 		.long	0x43
 461 02e1 0E        		.uleb128 0xe
 462 02e2 FC01 0000 		.long	0x1fc
 463 02e6 00        		.byte	0
 464 02e7 03        		.uleb128 0x3
 465 02e8 0000 0000 		.long	.LASF38
 466 02ec 09        		.byte	0x9
 467 02ed 2A        		.byte	0x2a
 468 02ee 03        		.byte	0x3
 469 02ef CC02 0000 		.long	0x2cc
 470 02f3 07        		.uleb128 0x7
 471 02f4 0000 0000 		.long	.LASF39
 472 02f8 09        		.byte	0x9
 473 02f9 2C        		.byte	0x2c
 474 02fa 18        		.byte	0x18
 475 02fb E702 0000 		.long	0x2e7
 476 02ff 01        		.byte	0x1
 477 0300 01        		.byte	0x1
 478 0301 11        		.uleb128 0x11
 479 0302 07        		.byte	0x7
 480 0303 01        		.byte	0x1
 481 0304 3500 0000 		.long	0x35
 482 0308 0A        		.byte	0xa
 483 0309 2D        		.byte	0x2d
 484 030a 0E        		.byte	0xe
 485 030b 4C03 0000 		.long	0x34c
 486 030f 12        		.uleb128 0x12
 487 0310 0000 0000 		.long	.LASF40
 488 0314 00        		.byte	0
 489 0315 12        		.uleb128 0x12
 490 0316 0000 0000 		.long	.LASF41
 491 031a 01        		.byte	0x1
 492 031b 12        		.uleb128 0x12
 493 031c 0000 0000 		.long	.LASF42
 494 0320 02        		.byte	0x2
 495 0321 12        		.uleb128 0x12
 496 0322 0000 0000 		.long	.LASF43
 497 0326 03        		.byte	0x3
 498 0327 12        		.uleb128 0x12
 499 0328 0000 0000 		.long	.LASF44
 500 032c 04        		.byte	0x4
 501 032d 12        		.uleb128 0x12
 502 032e 0000 0000 		.long	.LASF45
 503 0332 05        		.byte	0x5
 504 0333 12        		.uleb128 0x12
 505 0334 0000 0000 		.long	.LASF46
 506 0338 06        		.byte	0x6
 507 0339 12        		.uleb128 0x12
 508 033a 0000 0000 		.long	.LASF47
 509 033e 07        		.byte	0x7
 510 033f 12        		.uleb128 0x12
 511 0340 0000 0000 		.long	.LASF48
 512 0344 08        		.byte	0x8
 513 0345 12        		.uleb128 0x12
 514 0346 0000 0000 		.long	.LASF49
 515 034a 09        		.byte	0x9
 516 034b 00        		.byte	0
 517 034c 03        		.uleb128 0x3
 518 034d 0000 0000 		.long	.LASF50
 519 0351 0A        		.byte	0xa
 520 0352 2D        		.byte	0x2d
 521 0353 89        		.byte	0x89
 522 0354 0103 0000 		.long	0x301
 523 0358 08        		.uleb128 0x8
 524 0359 23        		.byte	0x23
 525 035a 0A        		.byte	0xa
 526 035b 2F        		.byte	0x2f
 527 035c 09        		.byte	0x9
 528 035d AD03 0000 		.long	0x3ad
 529 0361 09        		.uleb128 0x9
 530 0362 0000 0000 		.long	.LASF51
 531 0366 0A        		.byte	0xa
 532 0367 30        		.byte	0x30
 533 0368 1C        		.byte	0x1c
 534 0369 AE00 0000 		.long	0xae
 535 036d 02        		.byte	0x2
 536 036e 23        		.byte	0x23
 537 036f 00        		.uleb128 0
 538 0370 09        		.uleb128 0x9
 539 0371 0000 0000 		.long	.LASF52
 540 0375 0A        		.byte	0xa
 541 0376 31        		.byte	0x31
 542 0377 1C        		.byte	0x1c
 543 0378 AD03 0000 		.long	0x3ad
 544 037c 02        		.byte	0x2
 545 037d 23        		.byte	0x23
 546 037e 01        		.uleb128 0x1
 547 037f 09        		.uleb128 0x9
 548 0380 0000 0000 		.long	.LASF53
 549 0384 0A        		.byte	0xa
 550 0385 32        		.byte	0x32
 551 0386 1C        		.byte	0x1c
 552 0387 BD03 0000 		.long	0x3bd
 553 038b 02        		.byte	0x2
 554 038c 23        		.byte	0x23
 555 038d 11        		.uleb128 0x11
 556 038e 09        		.uleb128 0x9
 557 038f 0000 0000 		.long	.LASF54
 558 0393 0A        		.byte	0xa
 559 0394 33        		.byte	0x33
 560 0395 1C        		.byte	0x1c
 561 0396 2400 0000 		.long	0x24
 562 039a 02        		.byte	0x2
 563 039b 23        		.byte	0x23
 564 039c 21        		.uleb128 0x21
 565 039d 09        		.uleb128 0x9
 566 039e 0000 0000 		.long	.LASF55
 567 03a2 0A        		.byte	0xa
 568 03a3 34        		.byte	0x34
 569 03a4 1C        		.byte	0x1c
 570 03a5 4C03 0000 		.long	0x34c
 571 03a9 02        		.byte	0x2
 572 03aa 23        		.byte	0x23
 573 03ab 22        		.uleb128 0x22
 574 03ac 00        		.byte	0
 575 03ad 0A        		.uleb128 0xa
 576 03ae 2400 0000 		.long	0x24
 577 03b2 BD03 0000 		.long	0x3bd
 578 03b6 0B        		.uleb128 0xb
 579 03b7 5400 0000 		.long	0x54
 580 03bb 0F        		.byte	0xf
 581 03bc 00        		.byte	0
 582 03bd 0A        		.uleb128 0xa
 583 03be 4300 0000 		.long	0x43
 584 03c2 CD03 0000 		.long	0x3cd
 585 03c6 0B        		.uleb128 0xb
 586 03c7 5400 0000 		.long	0x54
 587 03cb 07        		.byte	0x7
 588 03cc 00        		.byte	0
 589 03cd 03        		.uleb128 0x3
 590 03ce 0000 0000 		.long	.LASF56
 591 03d2 0A        		.byte	0xa
 592 03d3 35        		.byte	0x35
 593 03d4 03        		.byte	0x3
 594 03d5 5803 0000 		.long	0x358
 595 03d9 13        		.uleb128 0x13
 596 03da 0000 0000 		.long	.LASF60
 597 03de 07        		.byte	0x7
 598 03df 01        		.byte	0x1
 599 03e0 3500 0000 		.long	0x35
 600 03e4 0A        		.byte	0xa
 601 03e5 3B        		.byte	0x3b
 602 03e6 0E        		.byte	0xe
 603 03e7 FE03 0000 		.long	0x3fe
 604 03eb 12        		.uleb128 0x12
 605 03ec 0000 0000 		.long	.LASF57
 606 03f0 00        		.byte	0
 607 03f1 12        		.uleb128 0x12
 608 03f2 0000 0000 		.long	.LASF58
 609 03f6 01        		.byte	0x1
 610 03f7 12        		.uleb128 0x12
 611 03f8 0000 0000 		.long	.LASF59
 612 03fc 02        		.byte	0x2
 613 03fd 00        		.byte	0
 614 03fe 03        		.uleb128 0x3
 615 03ff 0000 0000 		.long	.LASF60
 616 0403 0A        		.byte	0xa
 617 0404 3F        		.byte	0x3f
 618 0405 03        		.byte	0x3
 619 0406 D903 0000 		.long	0x3d9
 620 040a 08        		.uleb128 0x8
 621 040b 06        		.byte	0x6
 622 040c 0A        		.byte	0xa
 623 040d 41        		.byte	0x41
 624 040e 09        		.byte	0x9
 625 040f 5F04 0000 		.long	0x45f
 626 0413 09        		.uleb128 0x9
 627 0414 0000 0000 		.long	.LASF61
 628 0418 0A        		.byte	0xa
 629 0419 42        		.byte	0x42
 630 041a 17        		.byte	0x17
 631 041b 2400 0000 		.long	0x24
 632 041f 02        		.byte	0x2
 633 0420 23        		.byte	0x23
 634 0421 00        		.uleb128 0
 635 0422 09        		.uleb128 0x9
 636 0423 0000 0000 		.long	.LASF62
 637 0427 0A        		.byte	0xa
 638 0428 43        		.byte	0x43
 639 0429 17        		.byte	0x17
 640 042a 2400 0000 		.long	0x24
 641 042e 02        		.byte	0x2
 642 042f 23        		.byte	0x23
 643 0430 01        		.uleb128 0x1
 644 0431 09        		.uleb128 0x9
 645 0432 0000 0000 		.long	.LASF63
 646 0436 0A        		.byte	0xa
 647 0437 44        		.byte	0x44
 648 0438 17        		.byte	0x17
 649 0439 2400 0000 		.long	0x24
 650 043d 02        		.byte	0x2
 651 043e 23        		.byte	0x23
 652 043f 02        		.uleb128 0x2
 653 0440 09        		.uleb128 0x9
 654 0441 0000 0000 		.long	.LASF64
 655 0445 0A        		.byte	0xa
 656 0446 45        		.byte	0x45
 657 0447 17        		.byte	0x17
 658 0448 4300 0000 		.long	0x43
 659 044c 02        		.byte	0x2
 660 044d 23        		.byte	0x23
 661 044e 03        		.uleb128 0x3
 662 044f 09        		.uleb128 0x9
 663 0450 0000 0000 		.long	.LASF65
 664 0454 0A        		.byte	0xa
 665 0455 46        		.byte	0x46
 666 0456 17        		.byte	0x17
 667 0457 FE03 0000 		.long	0x3fe
 668 045b 02        		.byte	0x2
 669 045c 23        		.byte	0x23
 670 045d 05        		.uleb128 0x5
 671 045e 00        		.byte	0
 672 045f 03        		.uleb128 0x3
 673 0460 0000 0000 		.long	.LASF66
 674 0464 0A        		.byte	0xa
 675 0465 47        		.byte	0x47
 676 0466 03        		.byte	0x3
 677 0467 0A04 0000 		.long	0x40a
 678 046b 07        		.uleb128 0x7
 679 046c 0000 0000 		.long	.LASF67
 680 0470 0A        		.byte	0xa
 681 0471 49        		.byte	0x49
 682 0472 1B        		.byte	0x1b
 683 0473 CD03 0000 		.long	0x3cd
 684 0477 01        		.byte	0x1
 685 0478 01        		.byte	0x1
 686 0479 07        		.uleb128 0x7
 687 047a 0000 0000 		.long	.LASF68
 688 047e 0A        		.byte	0xa
 689 047f 4C        		.byte	0x4c
 690 0480 1A        		.byte	0x1a
 691 0481 5F04 0000 		.long	0x45f
 692 0485 01        		.byte	0x1
 693 0486 01        		.byte	0x1
 694 0487 0A        		.uleb128 0xa
 695 0488 4F00 0000 		.long	0x4f
 696 048c 9E04 0000 		.long	0x49e
 697 0490 14        		.uleb128 0x14
 698 0491 0B        		.uleb128 0xb
 699 0492 5400 0000 		.long	0x54
 700 0496 04        		.byte	0x4
 701 0497 0B        		.uleb128 0xb
 702 0498 5400 0000 		.long	0x54
 703 049c 0F        		.byte	0xf
 704 049d 00        		.byte	0
 705 049e 04        		.uleb128 0x4
 706 049f 8704 0000 		.long	0x487
 707 04a3 07        		.uleb128 0x7
 708 04a4 0000 0000 		.long	.LASF69
 709 04a8 0B        		.byte	0xb
 710 04a9 37        		.byte	0x37
 711 04aa 17        		.byte	0x17
 712 04ab 9E04 0000 		.long	0x49e
 713 04af 01        		.byte	0x1
 714 04b0 01        		.byte	0x1
 715 04b1 0A        		.uleb128 0xa
 716 04b2 4F00 0000 		.long	0x4f
 717 04b6 BC04 0000 		.long	0x4bc
 718 04ba 14        		.uleb128 0x14
 719 04bb 00        		.byte	0
 720 04bc 04        		.uleb128 0x4
 721 04bd B104 0000 		.long	0x4b1
 722 04c1 07        		.uleb128 0x7
 723 04c2 0000 0000 		.long	.LASF70
 724 04c6 0B        		.byte	0xb
 725 04c7 38        		.byte	0x38
 726 04c8 17        		.byte	0x17
 727 04c9 BC04 0000 		.long	0x4bc
 728 04cd 01        		.byte	0x1
 729 04ce 01        		.byte	0x1
 730 04cf 03        		.uleb128 0x3
 731 04d0 0000 0000 		.long	.LASF71
 732 04d4 0C        		.byte	0xc
 733 04d5 27        		.byte	0x27
 734 04d6 12        		.byte	0x12
 735 04d7 6200 0000 		.long	0x62
 736 04db 07        		.uleb128 0x7
 737 04dc 0000 0000 		.long	.LASF72
 738 04e0 0C        		.byte	0xc
 739 04e1 32        		.byte	0x32
 740 04e2 16        		.byte	0x16
 741 04e3 CF04 0000 		.long	0x4cf
 742 04e7 01        		.byte	0x1
 743 04e8 01        		.byte	0x1
 744 04e9 07        		.uleb128 0x7
 745 04ea 0000 0000 		.long	.LASF73
 746 04ee 0C        		.byte	0xc
 747 04ef 48        		.byte	0x48
 748 04f0 16        		.byte	0x16
 749 04f1 CF04 0000 		.long	0x4cf
 750 04f5 01        		.byte	0x1
 751 04f6 01        		.byte	0x1
 752 04f7 07        		.uleb128 0x7
 753 04f8 0000 0000 		.long	.LASF74
 754 04fc 0D        		.byte	0xd
 755 04fd 1B        		.byte	0x1b
 756 04fe 1B        		.byte	0x1b
 757 04ff 4101 0000 		.long	0x141
 758 0503 01        		.byte	0x1
 759 0504 01        		.byte	0x1
 760 0505 0A        		.uleb128 0xa
 761 0506 3000 0000 		.long	0x30
 762 050a 1505 0000 		.long	0x515
 763 050e 0B        		.uleb128 0xb
 764 050f 5400 0000 		.long	0x54
 765 0513 0F        		.byte	0xf
 766 0514 00        		.byte	0
 767 0515 04        		.uleb128 0x4
 768 0516 0505 0000 		.long	0x505
 769 051a 07        		.uleb128 0x7
 770 051b 0000 0000 		.long	.LASF75
 771 051f 0E        		.byte	0xe
 772 0520 1A        		.byte	0x1a
 773 0521 16        		.byte	0x16
 774 0522 1505 0000 		.long	0x515
 775 0526 01        		.byte	0x1
 776 0527 01        		.byte	0x1
 777 0528 07        		.uleb128 0x7
 778 0529 0000 0000 		.long	.LASF76
 779 052d 0E        		.byte	0xe
 780 052e 1B        		.byte	0x1b
 781 052f 16        		.byte	0x16
 782 0530 1505 0000 		.long	0x515
 783 0534 01        		.byte	0x1
 784 0535 01        		.byte	0x1
 785 0536 07        		.uleb128 0x7
 786 0537 0000 0000 		.long	.LASF77
 787 053b 0E        		.byte	0xe
 788 053c 1C        		.byte	0x1c
 789 053d 16        		.byte	0x16
 790 053e 1505 0000 		.long	0x515
 791 0542 01        		.byte	0x1
 792 0543 01        		.byte	0x1
 793 0544 0A        		.uleb128 0xa
 794 0545 3000 0000 		.long	0x30
 795 0549 5405 0000 		.long	0x554
 796 054d 0B        		.uleb128 0xb
 797 054e 5400 0000 		.long	0x54
 798 0552 7F        		.byte	0x7f
 799 0553 00        		.byte	0
 800 0554 04        		.uleb128 0x4
 801 0555 4405 0000 		.long	0x544
 802 0559 07        		.uleb128 0x7
 803 055a 0000 0000 		.long	.LASF78
 804 055e 0E        		.byte	0xe
 805 055f 1D        		.byte	0x1d
 806 0560 16        		.byte	0x16
 807 0561 5405 0000 		.long	0x554
 808 0565 01        		.byte	0x1
 809 0566 01        		.byte	0x1
 810 0567 15        		.uleb128 0x15
 811 0568 0000 0000 		.long	.LASF79
 812 056c 0F        		.byte	0xf
 813 056d 3801      		.word	0x138
 814 056f 0F        		.byte	0xf
 815 0570 A200 0000 		.long	0xa2
 816 0574 01        		.byte	0x1
 817 0575 01        		.byte	0x1
 818 0576 15        		.uleb128 0x15
 819 0577 0000 0000 		.long	.LASF80
 820 057b 0F        		.byte	0xf
 821 057c 3D01      		.word	0x13d
 822 057e 0E        		.byte	0xe
 823 057f 8505 0000 		.long	0x585
 824 0583 01        		.byte	0x1
 825 0584 01        		.byte	0x1
 826 0585 0F        		.uleb128 0xf
 827 0586 02        		.byte	0x2
 828 0587 8B05 0000 		.long	0x58b
 829 058b 02        		.uleb128 0x2
 830 058c 01        		.byte	0x1
 831 058d 08        		.byte	0x8
 832 058e 0000 0000 		.long	.LASF81
 833 0592 15        		.uleb128 0x15
 834 0593 0000 0000 		.long	.LASF82
 835 0597 0F        		.byte	0xf
 836 0598 4201      		.word	0x142
 837 059a 0E        		.byte	0xe
 838 059b 8505 0000 		.long	0x585
 839 059f 01        		.byte	0x1
 840 05a0 01        		.byte	0x1
 841 05a1 16        		.uleb128 0x16
 842 05a2 0000 0000 		.long	.LASF83
 843 05a6 10        		.byte	0x10
 844 05a7 1B        		.byte	0x1b
 845 05a8 0D        		.byte	0xd
 846 05a9 AE00 0000 		.long	0xae
 847 05ad 16        		.uleb128 0x16
 848 05ae 0000 0000 		.long	.LASF84
 849 05b2 10        		.byte	0x10
 850 05b3 1E        		.byte	0x1e
 851 05b4 11        		.byte	0x11
 852 05b5 4300 0000 		.long	0x43
 853 05b9 17        		.uleb128 0x17
 854 05ba 01        		.byte	0x1
 855 05bb 0000 0000 		.long	.LASF91
 856 05bf 10        		.byte	0x10
 857 05c0 34        		.byte	0x34
 858 05c1 06        		.byte	0x6
 859 05c2 01        		.byte	0x1
 860 05c3 AE00 0000 		.long	0xae
 861 05c7 18        		.uleb128 0x18
 862 05c8 01        		.byte	0x1
 863 05c9 0000 0000 		.long	.LASF92
 864 05cd 10        		.byte	0x10
 865 05ce 1F        		.byte	0x1f
 866 05cf 11        		.byte	0x11
 867 05d0 01        		.byte	0x1
 868 05d1 1206 0000 		.long	0x612
 869 05d5 19        		.uleb128 0x19
 870 05d6 7261 7700 		.string	"raw"
 871 05da 10        		.byte	0x10
 872 05db 1F        		.byte	0x1f
 873 05dc 27        		.byte	0x27
 874 05dd 1206 0000 		.long	0x612
 875 05e1 1A        		.uleb128 0x1a
 876 05e2 0000 0000 		.long	.LASF85
 877 05e6 10        		.byte	0x10
 878 05e7 1F        		.byte	0x1f
 879 05e8 3B        		.byte	0x3b
 880 05e9 1206 0000 		.long	0x612
 881 05ed 1A        		.uleb128 0x1a
 882 05ee 0000 0000 		.long	.LASF86
 883 05f2 10        		.byte	0x10
 884 05f3 1F        		.byte	0x1f
 885 05f4 4D        		.byte	0x4d
 886 05f5 2400 0000 		.long	0x24
 887 05f9 1A        		.uleb128 0x1a
 888 05fa 0000 0000 		.long	.LASF87
 889 05fe 10        		.byte	0x10
 890 05ff 1F        		.byte	0x1f
 891 0600 5C        		.byte	0x5c
 892 0601 AE00 0000 		.long	0xae
 893 0605 1B        		.uleb128 0x1b
 894 0606 1C        		.uleb128 0x1c
 895 0607 6900      		.string	"i"
 896 0609 10        		.byte	0x10
 897 060a 26        		.byte	0x26
 898 060b 12        		.byte	0x12
 899 060c 3C00 0000 		.long	0x3c
 900 0610 00        		.byte	0
 901 0611 00        		.byte	0
 902 0612 0F        		.uleb128 0xf
 903 0613 02        		.byte	0x2
 904 0614 8800 0000 		.long	0x88
 905 0618 1D        		.uleb128 0x1d
 906 0619 01        		.byte	0x1
 907 061a 0000 0000 		.long	.LASF93
 908 061e 10        		.byte	0x10
 909 061f 1A        		.byte	0x1a
 910 0620 0D        		.byte	0xd
 911 0621 01        		.byte	0x1
 912 0622 1A        		.uleb128 0x1a
 913 0623 0000 0000 		.long	.LASF86
 914 0627 10        		.byte	0x10
 915 0628 1A        		.byte	0x1a
 916 0629 23        		.byte	0x23
 917 062a 2400 0000 		.long	0x24
 918 062e 00        		.byte	0
 919 062f 00        		.byte	0
 920               		.section	.gnu.debuglto_.debug_abbrev,"",@progbits
 921               	.Ldebug_abbrev0:
 922 0000 01        		.uleb128 0x1
 923 0001 11        		.uleb128 0x11
 924 0002 01        		.byte	0x1
 925 0003 25        		.uleb128 0x25
 926 0004 0E        		.uleb128 0xe
 927 0005 13        		.uleb128 0x13
 928 0006 0B        		.uleb128 0xb
 929 0007 03        		.uleb128 0x3
 930 0008 0E        		.uleb128 0xe
 931 0009 1B        		.uleb128 0x1b
 932 000a 0E        		.uleb128 0xe
 933 000b 10        		.uleb128 0x10
 934 000c 06        		.uleb128 0x6
 935 000d 00        		.byte	0
 936 000e 00        		.byte	0
 937 000f 02        		.uleb128 0x2
 938 0010 24        		.uleb128 0x24
 939 0011 00        		.byte	0
 940 0012 0B        		.uleb128 0xb
 941 0013 0B        		.uleb128 0xb
 942 0014 3E        		.uleb128 0x3e
 943 0015 0B        		.uleb128 0xb
 944 0016 03        		.uleb128 0x3
 945 0017 0E        		.uleb128 0xe
 946 0018 00        		.byte	0
 947 0019 00        		.byte	0
 948 001a 03        		.uleb128 0x3
 949 001b 16        		.uleb128 0x16
 950 001c 00        		.byte	0
 951 001d 03        		.uleb128 0x3
 952 001e 0E        		.uleb128 0xe
 953 001f 3A        		.uleb128 0x3a
 954 0020 0B        		.uleb128 0xb
 955 0021 3B        		.uleb128 0x3b
 956 0022 0B        		.uleb128 0xb
 957 0023 39        		.uleb128 0x39
 958 0024 0B        		.uleb128 0xb
 959 0025 49        		.uleb128 0x49
 960 0026 13        		.uleb128 0x13
 961 0027 00        		.byte	0
 962 0028 00        		.byte	0
 963 0029 04        		.uleb128 0x4
 964 002a 26        		.uleb128 0x26
 965 002b 00        		.byte	0
 966 002c 49        		.uleb128 0x49
 967 002d 13        		.uleb128 0x13
 968 002e 00        		.byte	0
 969 002f 00        		.byte	0
 970 0030 05        		.uleb128 0x5
 971 0031 24        		.uleb128 0x24
 972 0032 00        		.byte	0
 973 0033 0B        		.uleb128 0xb
 974 0034 0B        		.uleb128 0xb
 975 0035 3E        		.uleb128 0x3e
 976 0036 0B        		.uleb128 0xb
 977 0037 03        		.uleb128 0x3
 978 0038 08        		.uleb128 0x8
 979 0039 00        		.byte	0
 980 003a 00        		.byte	0
 981 003b 06        		.uleb128 0x6
 982 003c 35        		.uleb128 0x35
 983 003d 00        		.byte	0
 984 003e 49        		.uleb128 0x49
 985 003f 13        		.uleb128 0x13
 986 0040 00        		.byte	0
 987 0041 00        		.byte	0
 988 0042 07        		.uleb128 0x7
 989 0043 34        		.uleb128 0x34
 990 0044 00        		.byte	0
 991 0045 03        		.uleb128 0x3
 992 0046 0E        		.uleb128 0xe
 993 0047 3A        		.uleb128 0x3a
 994 0048 0B        		.uleb128 0xb
 995 0049 3B        		.uleb128 0x3b
 996 004a 0B        		.uleb128 0xb
 997 004b 39        		.uleb128 0x39
 998 004c 0B        		.uleb128 0xb
 999 004d 49        		.uleb128 0x49
 1000 004e 13        		.uleb128 0x13
 1001 004f 3F        		.uleb128 0x3f
 1002 0050 0C        		.uleb128 0xc
 1003 0051 3C        		.uleb128 0x3c
 1004 0052 0C        		.uleb128 0xc
 1005 0053 00        		.byte	0
 1006 0054 00        		.byte	0
 1007 0055 08        		.uleb128 0x8
 1008 0056 13        		.uleb128 0x13
 1009 0057 01        		.byte	0x1
 1010 0058 0B        		.uleb128 0xb
 1011 0059 0B        		.uleb128 0xb
 1012 005a 3A        		.uleb128 0x3a
 1013 005b 0B        		.uleb128 0xb
 1014 005c 3B        		.uleb128 0x3b
 1015 005d 0B        		.uleb128 0xb
 1016 005e 39        		.uleb128 0x39
 1017 005f 0B        		.uleb128 0xb
 1018 0060 01        		.uleb128 0x1
 1019 0061 13        		.uleb128 0x13
 1020 0062 00        		.byte	0
 1021 0063 00        		.byte	0
 1022 0064 09        		.uleb128 0x9
 1023 0065 0D        		.uleb128 0xd
 1024 0066 00        		.byte	0
 1025 0067 03        		.uleb128 0x3
 1026 0068 0E        		.uleb128 0xe
 1027 0069 3A        		.uleb128 0x3a
 1028 006a 0B        		.uleb128 0xb
 1029 006b 3B        		.uleb128 0x3b
 1030 006c 0B        		.uleb128 0xb
 1031 006d 39        		.uleb128 0x39
 1032 006e 0B        		.uleb128 0xb
 1033 006f 49        		.uleb128 0x49
 1034 0070 13        		.uleb128 0x13
 1035 0071 38        		.uleb128 0x38
 1036 0072 0A        		.uleb128 0xa
 1037 0073 00        		.byte	0
 1038 0074 00        		.byte	0
 1039 0075 0A        		.uleb128 0xa
 1040 0076 01        		.uleb128 0x1
 1041 0077 01        		.byte	0x1
 1042 0078 49        		.uleb128 0x49
 1043 0079 13        		.uleb128 0x13
 1044 007a 01        		.uleb128 0x1
 1045 007b 13        		.uleb128 0x13
 1046 007c 00        		.byte	0
 1047 007d 00        		.byte	0
 1048 007e 0B        		.uleb128 0xb
 1049 007f 21        		.uleb128 0x21
 1050 0080 00        		.byte	0
 1051 0081 49        		.uleb128 0x49
 1052 0082 13        		.uleb128 0x13
 1053 0083 2F        		.uleb128 0x2f
 1054 0084 0B        		.uleb128 0xb
 1055 0085 00        		.byte	0
 1056 0086 00        		.byte	0
 1057 0087 0C        		.uleb128 0xc
 1058 0088 17        		.uleb128 0x17
 1059 0089 01        		.byte	0x1
 1060 008a 0B        		.uleb128 0xb
 1061 008b 0B        		.uleb128 0xb
 1062 008c 3A        		.uleb128 0x3a
 1063 008d 0B        		.uleb128 0xb
 1064 008e 3B        		.uleb128 0x3b
 1065 008f 0B        		.uleb128 0xb
 1066 0090 39        		.uleb128 0x39
 1067 0091 0B        		.uleb128 0xb
 1068 0092 01        		.uleb128 0x1
 1069 0093 13        		.uleb128 0x13
 1070 0094 00        		.byte	0
 1071 0095 00        		.byte	0
 1072 0096 0D        		.uleb128 0xd
 1073 0097 0D        		.uleb128 0xd
 1074 0098 00        		.byte	0
 1075 0099 03        		.uleb128 0x3
 1076 009a 08        		.uleb128 0x8
 1077 009b 3A        		.uleb128 0x3a
 1078 009c 0B        		.uleb128 0xb
 1079 009d 3B        		.uleb128 0x3b
 1080 009e 0B        		.uleb128 0xb
 1081 009f 39        		.uleb128 0x39
 1082 00a0 0B        		.uleb128 0xb
 1083 00a1 49        		.uleb128 0x49
 1084 00a2 13        		.uleb128 0x13
 1085 00a3 00        		.byte	0
 1086 00a4 00        		.byte	0
 1087 00a5 0E        		.uleb128 0xe
 1088 00a6 0D        		.uleb128 0xd
 1089 00a7 00        		.byte	0
 1090 00a8 49        		.uleb128 0x49
 1091 00a9 13        		.uleb128 0x13
 1092 00aa 00        		.byte	0
 1093 00ab 00        		.byte	0
 1094 00ac 0F        		.uleb128 0xf
 1095 00ad 0F        		.uleb128 0xf
 1096 00ae 00        		.byte	0
 1097 00af 0B        		.uleb128 0xb
 1098 00b0 0B        		.uleb128 0xb
 1099 00b1 49        		.uleb128 0x49
 1100 00b2 13        		.uleb128 0x13
 1101 00b3 00        		.byte	0
 1102 00b4 00        		.byte	0
 1103 00b5 10        		.uleb128 0x10
 1104 00b6 0D        		.uleb128 0xd
 1105 00b7 00        		.byte	0
 1106 00b8 03        		.uleb128 0x3
 1107 00b9 0E        		.uleb128 0xe
 1108 00ba 3A        		.uleb128 0x3a
 1109 00bb 0B        		.uleb128 0xb
 1110 00bc 3B        		.uleb128 0x3b
 1111 00bd 0B        		.uleb128 0xb
 1112 00be 39        		.uleb128 0x39
 1113 00bf 0B        		.uleb128 0xb
 1114 00c0 49        		.uleb128 0x49
 1115 00c1 13        		.uleb128 0x13
 1116 00c2 0B        		.uleb128 0xb
 1117 00c3 0B        		.uleb128 0xb
 1118 00c4 0D        		.uleb128 0xd
 1119 00c5 0B        		.uleb128 0xb
 1120 00c6 0C        		.uleb128 0xc
 1121 00c7 0B        		.uleb128 0xb
 1122 00c8 38        		.uleb128 0x38
 1123 00c9 0A        		.uleb128 0xa
 1124 00ca 00        		.byte	0
 1125 00cb 00        		.byte	0
 1126 00cc 11        		.uleb128 0x11
 1127 00cd 04        		.uleb128 0x4
 1128 00ce 01        		.byte	0x1
 1129 00cf 3E        		.uleb128 0x3e
 1130 00d0 0B        		.uleb128 0xb
 1131 00d1 0B        		.uleb128 0xb
 1132 00d2 0B        		.uleb128 0xb
 1133 00d3 49        		.uleb128 0x49
 1134 00d4 13        		.uleb128 0x13
 1135 00d5 3A        		.uleb128 0x3a
 1136 00d6 0B        		.uleb128 0xb
 1137 00d7 3B        		.uleb128 0x3b
 1138 00d8 0B        		.uleb128 0xb
 1139 00d9 39        		.uleb128 0x39
 1140 00da 0B        		.uleb128 0xb
 1141 00db 01        		.uleb128 0x1
 1142 00dc 13        		.uleb128 0x13
 1143 00dd 00        		.byte	0
 1144 00de 00        		.byte	0
 1145 00df 12        		.uleb128 0x12
 1146 00e0 28        		.uleb128 0x28
 1147 00e1 00        		.byte	0
 1148 00e2 03        		.uleb128 0x3
 1149 00e3 0E        		.uleb128 0xe
 1150 00e4 1C        		.uleb128 0x1c
 1151 00e5 0B        		.uleb128 0xb
 1152 00e6 00        		.byte	0
 1153 00e7 00        		.byte	0
 1154 00e8 13        		.uleb128 0x13
 1155 00e9 04        		.uleb128 0x4
 1156 00ea 01        		.byte	0x1
 1157 00eb 03        		.uleb128 0x3
 1158 00ec 0E        		.uleb128 0xe
 1159 00ed 3E        		.uleb128 0x3e
 1160 00ee 0B        		.uleb128 0xb
 1161 00ef 0B        		.uleb128 0xb
 1162 00f0 0B        		.uleb128 0xb
 1163 00f1 49        		.uleb128 0x49
 1164 00f2 13        		.uleb128 0x13
 1165 00f3 3A        		.uleb128 0x3a
 1166 00f4 0B        		.uleb128 0xb
 1167 00f5 3B        		.uleb128 0x3b
 1168 00f6 0B        		.uleb128 0xb
 1169 00f7 39        		.uleb128 0x39
 1170 00f8 0B        		.uleb128 0xb
 1171 00f9 01        		.uleb128 0x1
 1172 00fa 13        		.uleb128 0x13
 1173 00fb 00        		.byte	0
 1174 00fc 00        		.byte	0
 1175 00fd 14        		.uleb128 0x14
 1176 00fe 21        		.uleb128 0x21
 1177 00ff 00        		.byte	0
 1178 0100 00        		.byte	0
 1179 0101 00        		.byte	0
 1180 0102 15        		.uleb128 0x15
 1181 0103 34        		.uleb128 0x34
 1182 0104 00        		.byte	0
 1183 0105 03        		.uleb128 0x3
 1184 0106 0E        		.uleb128 0xe
 1185 0107 3A        		.uleb128 0x3a
 1186 0108 0B        		.uleb128 0xb
 1187 0109 3B        		.uleb128 0x3b
 1188 010a 05        		.uleb128 0x5
 1189 010b 39        		.uleb128 0x39
 1190 010c 0B        		.uleb128 0xb
 1191 010d 49        		.uleb128 0x49
 1192 010e 13        		.uleb128 0x13
 1193 010f 3F        		.uleb128 0x3f
 1194 0110 0C        		.uleb128 0xc
 1195 0111 3C        		.uleb128 0x3c
 1196 0112 0C        		.uleb128 0xc
 1197 0113 00        		.byte	0
 1198 0114 00        		.byte	0
 1199 0115 16        		.uleb128 0x16
 1200 0116 34        		.uleb128 0x34
 1201 0117 00        		.byte	0
 1202 0118 03        		.uleb128 0x3
 1203 0119 0E        		.uleb128 0xe
 1204 011a 3A        		.uleb128 0x3a
 1205 011b 0B        		.uleb128 0xb
 1206 011c 3B        		.uleb128 0x3b
 1207 011d 0B        		.uleb128 0xb
 1208 011e 39        		.uleb128 0x39
 1209 011f 0B        		.uleb128 0xb
 1210 0120 49        		.uleb128 0x49
 1211 0121 13        		.uleb128 0x13
 1212 0122 00        		.byte	0
 1213 0123 00        		.byte	0
 1214 0124 17        		.uleb128 0x17
 1215 0125 2E        		.uleb128 0x2e
 1216 0126 00        		.byte	0
 1217 0127 3F        		.uleb128 0x3f
 1218 0128 0C        		.uleb128 0xc
 1219 0129 03        		.uleb128 0x3
 1220 012a 0E        		.uleb128 0xe
 1221 012b 3A        		.uleb128 0x3a
 1222 012c 0B        		.uleb128 0xb
 1223 012d 3B        		.uleb128 0x3b
 1224 012e 0B        		.uleb128 0xb
 1225 012f 39        		.uleb128 0x39
 1226 0130 0B        		.uleb128 0xb
 1227 0131 27        		.uleb128 0x27
 1228 0132 0C        		.uleb128 0xc
 1229 0133 49        		.uleb128 0x49
 1230 0134 13        		.uleb128 0x13
 1231 0135 00        		.byte	0
 1232 0136 00        		.byte	0
 1233 0137 18        		.uleb128 0x18
 1234 0138 2E        		.uleb128 0x2e
 1235 0139 01        		.byte	0x1
 1236 013a 3F        		.uleb128 0x3f
 1237 013b 0C        		.uleb128 0xc
 1238 013c 03        		.uleb128 0x3
 1239 013d 0E        		.uleb128 0xe
 1240 013e 3A        		.uleb128 0x3a
 1241 013f 0B        		.uleb128 0xb
 1242 0140 3B        		.uleb128 0x3b
 1243 0141 0B        		.uleb128 0xb
 1244 0142 39        		.uleb128 0x39
 1245 0143 0B        		.uleb128 0xb
 1246 0144 27        		.uleb128 0x27
 1247 0145 0C        		.uleb128 0xc
 1248 0146 01        		.uleb128 0x1
 1249 0147 13        		.uleb128 0x13
 1250 0148 00        		.byte	0
 1251 0149 00        		.byte	0
 1252 014a 19        		.uleb128 0x19
 1253 014b 05        		.uleb128 0x5
 1254 014c 00        		.byte	0
 1255 014d 03        		.uleb128 0x3
 1256 014e 08        		.uleb128 0x8
 1257 014f 3A        		.uleb128 0x3a
 1258 0150 0B        		.uleb128 0xb
 1259 0151 3B        		.uleb128 0x3b
 1260 0152 0B        		.uleb128 0xb
 1261 0153 39        		.uleb128 0x39
 1262 0154 0B        		.uleb128 0xb
 1263 0155 49        		.uleb128 0x49
 1264 0156 13        		.uleb128 0x13
 1265 0157 00        		.byte	0
 1266 0158 00        		.byte	0
 1267 0159 1A        		.uleb128 0x1a
 1268 015a 05        		.uleb128 0x5
 1269 015b 00        		.byte	0
 1270 015c 03        		.uleb128 0x3
 1271 015d 0E        		.uleb128 0xe
 1272 015e 3A        		.uleb128 0x3a
 1273 015f 0B        		.uleb128 0xb
 1274 0160 3B        		.uleb128 0x3b
 1275 0161 0B        		.uleb128 0xb
 1276 0162 39        		.uleb128 0x39
 1277 0163 0B        		.uleb128 0xb
 1278 0164 49        		.uleb128 0x49
 1279 0165 13        		.uleb128 0x13
 1280 0166 00        		.byte	0
 1281 0167 00        		.byte	0
 1282 0168 1B        		.uleb128 0x1b
 1283 0169 0B        		.uleb128 0xb
 1284 016a 01        		.byte	0x1
 1285 016b 00        		.byte	0
 1286 016c 00        		.byte	0
 1287 016d 1C        		.uleb128 0x1c
 1288 016e 34        		.uleb128 0x34
 1289 016f 00        		.byte	0
 1290 0170 03        		.uleb128 0x3
 1291 0171 08        		.uleb128 0x8
 1292 0172 3A        		.uleb128 0x3a
 1293 0173 0B        		.uleb128 0xb
 1294 0174 3B        		.uleb128 0x3b
 1295 0175 0B        		.uleb128 0xb
 1296 0176 39        		.uleb128 0x39
 1297 0177 0B        		.uleb128 0xb
 1298 0178 49        		.uleb128 0x49
 1299 0179 13        		.uleb128 0x13
 1300 017a 00        		.byte	0
 1301 017b 00        		.byte	0
 1302 017c 1D        		.uleb128 0x1d
 1303 017d 2E        		.uleb128 0x2e
 1304 017e 01        		.byte	0x1
 1305 017f 3F        		.uleb128 0x3f
 1306 0180 0C        		.uleb128 0xc
 1307 0181 03        		.uleb128 0x3
 1308 0182 0E        		.uleb128 0xe
 1309 0183 3A        		.uleb128 0x3a
 1310 0184 0B        		.uleb128 0xb
 1311 0185 3B        		.uleb128 0x3b
 1312 0186 0B        		.uleb128 0xb
 1313 0187 39        		.uleb128 0x39
 1314 0188 0B        		.uleb128 0xb
 1315 0189 27        		.uleb128 0x27
 1316 018a 0C        		.uleb128 0xc
 1317 018b 00        		.byte	0
 1318 018c 00        		.byte	0
 1319 018d 00        		.byte	0
 1320               		.section	.gnu.debuglto_.debug_line,"",@progbits
 1321               	.Ldebug_line0:
 1322 0000 9501 0000 		.long	.LELT0-.LSLT0
 1323               	.LSLT0:
 1324 0004 0200      		.word	0x2
 1325 0006 8F01 0000 		.long	.LELTP0-.LASLTP0
 1326               	.LASLTP0:
 1327 000a 01        		.byte	0x1
 1328 000b 01        		.byte	0x1
 1329 000c F6        		.byte	0xf6
 1330 000d F2        		.byte	0xf2
 1331 000e 0D        		.byte	0xd
 1332 000f 00        		.byte	0
 1333 0010 01        		.byte	0x1
 1334 0011 01        		.byte	0x1
 1335 0012 01        		.byte	0x1
 1336 0013 01        		.byte	0x1
 1337 0014 00        		.byte	0
 1338 0015 00        		.byte	0
 1339 0016 00        		.byte	0
 1340 0017 01        		.byte	0x1
 1341 0018 00        		.byte	0
 1342 0019 00        		.byte	0
 1343 001a 01        		.byte	0x1
 1344 001b 653A 5C67 		.ascii	"e:\\game\\msys2\\mingw64\\avr\\include"
 1344      616D 655C 
 1344      6D73 7973 
 1344      325C 6D69 
 1344      6E67 7736 
 1345 003c 00        		.byte	0
 1346 003d 653A 5C67 		.ascii	"e:\\game\\msys2\\mingw64\\lib\\gcc\\avr\\8.4.0\\include"
 1346      616D 655C 
 1346      6D73 7973 
 1346      325C 6D69 
 1346      6E67 7736 
 1347 006c 00        		.byte	0
 1348 006d 746D 6B5F 		.ascii	"tmk_core/common"
 1348      636F 7265 
 1348      2F63 6F6D 
 1348      6D6F 6E
 1349 007c 00        		.byte	0
 1350 007d 7175 616E 		.ascii	"quantum"
 1350      7475 6D
 1351 0084 00        		.byte	0
 1352 0085 7175 616E 		.ascii	"quantum/debounce"
 1352      7475 6D2F 
 1352      6465 626F 
 1352      756E 6365 
 1353 0095 00        		.byte	0
 1354 0096 7175 616E 		.ascii	"quantum/sequencer"
 1354      7475 6D2F 
 1354      7365 7175 
 1354      656E 6365 
 1354      72
 1355 00a7 00        		.byte	0
 1356 00a8 00        		.byte	0
 1357 00a9 7374 6469 		.string	"stdint.h"
 1357      6E74 2E68 
 1357      00
 1358 00b2 01        		.uleb128 0x1
 1359 00b3 00        		.uleb128 0
 1360 00b4 00        		.uleb128 0
 1361 00b5 6D61 7472 		.string	"matrix.h"
 1361      6978 2E68 
 1361      00
 1362 00be 04        		.uleb128 0x4
 1363 00bf 00        		.uleb128 0
 1364 00c0 00        		.uleb128 0
 1365 00c1 7374 6464 		.string	"stddef.h"
 1365      6566 2E68 
 1365      00
 1366 00ca 02        		.uleb128 0x2
 1367 00cb 00        		.uleb128 0
 1368 00cc 00        		.uleb128 0
 1369 00cd 7469 6D65 		.string	"timer.h"
 1369      722E 6800 
 1370 00d5 03        		.uleb128 0x3
 1371 00d6 00        		.uleb128 0
 1372 00d7 00        		.uleb128 0
 1373 00d8 6163 7469 		.string	"action.h"
 1373      6F6E 2E68 
 1373      00
 1374 00e1 03        		.uleb128 0x3
 1375 00e2 00        		.uleb128 0
 1376 00e3 00        		.uleb128 0
 1377 00e4 7265 706F 		.string	"report.h"
 1377      7274 2E68 
 1377      00
 1378 00ed 03        		.uleb128 0x3
 1379 00ee 00        		.uleb128 0
 1380 00ef 00        		.uleb128 0
 1381 00f0 686F 7374 		.string	"host.h"
 1381      2E68 00
 1382 00f7 03        		.uleb128 0x3
 1383 00f8 00        		.uleb128 0
 1384 00f9 00        		.uleb128 0
 1385 00fa 6465 6275 		.string	"debug.h"
 1385      672E 6800 
 1386 0102 03        		.uleb128 0x3
 1387 0103 00        		.uleb128 0
 1388 0104 00        		.uleb128 0
 1389 0105 6B65 7963 		.string	"keycode_config.h"
 1389      6F64 655F 
 1389      636F 6E66 
 1389      6967 2E68 
 1389      00
 1390 0116 04        		.uleb128 0x4
 1391 0117 00        		.uleb128 0
 1392 0118 00        		.uleb128 0
 1393 0119 7365 7175 		.string	"sequencer/sequencer.h"
 1393      656E 6365 
 1393      722F 7365 
 1393      7175 656E 
 1393      6365 722E 
 1394 012f 04        		.uleb128 0x4
 1395 0130 00        		.uleb128 0
 1396 0131 00        		.uleb128 0
 1397 0132 6B65 796D 		.string	"keymap.h"
 1397      6170 2E68 
 1397      00
 1398 013b 04        		.uleb128 0x4
 1399 013c 00        		.uleb128 0
 1400 013d 00        		.uleb128 0
 1401 013e 6163 7469 		.string	"action_layer.h"
 1401      6F6E 5F6C 
 1401      6179 6572 
 1401      2E68 00
 1402 014d 03        		.uleb128 0x3
 1403 014e 00        		.uleb128 0
 1404 014f 00        		.uleb128 0
 1405 0150 6163 7469 		.string	"action_util.h"
 1405      6F6E 5F75 
 1405      7469 6C2E 
 1405      6800 
 1406 015e 03        		.uleb128 0x3
 1407 015f 00        		.uleb128 0
 1408 0160 00        		.uleb128 0
 1409 0161 7365 6E64 		.string	"send_string.h"
 1409      5F73 7472 
 1409      696E 672E 
 1409      6800 
 1410 016f 04        		.uleb128 0x4
 1411 0170 00        		.uleb128 0
 1412 0171 00        		.uleb128 0
 1413 0172 7374 646C 		.string	"stdlib.h"
 1413      6962 2E68 
 1413      00
 1414 017b 01        		.uleb128 0x1
 1415 017c 00        		.uleb128 0
 1416 017d 00        		.uleb128 0
 1417 017e 6465 626F 		.string	"debounce/sym_defer_g.c"
 1417      756E 6365 
 1417      2F73 796D 
 1417      5F64 6566 
 1417      6572 5F67 
 1418 0195 04        		.uleb128 0x4
 1419 0196 00        		.uleb128 0
 1420 0197 00        		.uleb128 0
 1421 0198 00        		.byte	0
 1422               	.LELTP0:
 1423               	.LELT0:
 1424               		.section	.gnu.debuglto_.debug_str,"MS",@progbits,1
 1425               	.LASF60:
 1426 0000 7365 7175 		.string	"sequencer_phase_t"
 1426      656E 6365 
 1426      725F 7068 
 1426      6173 655F 
 1426      7400 
 1427               	.LASF91:
 1428 0012 6465 626F 		.string	"debounce_active"
 1428      756E 6365 
 1428      5F61 6374 
 1428      6976 6500 
 1429               	.LASF21:
 1430 0022 656E 6162 		.string	"enable"
 1430      6C65 00
 1431               	.LASF79:
 1432 0029 5F5F 6D61 		.string	"__malloc_margin"
 1432      6C6C 6F63 
 1432      5F6D 6172 
 1432      6769 6E00 
 1433               	.LASF11:
 1434 0039 7369 7A65 		.string	"size_t"
 1434      5F74 00
 1435               	.LASF80:
 1436 0040 5F5F 6D61 		.string	"__malloc_heap_start"
 1436      6C6C 6F63 
 1436      5F68 6561 
 1436      705F 7374 
 1436      6172 7400 
 1437               	.LASF55:
 1438 0054 7265 736F 		.string	"resolution"
 1438      6C75 7469 
 1438      6F6E 00
 1439               	.LASF54:
 1440 005f 7465 6D70 		.string	"tempo"
 1440      6F00 
 1441               	.LASF65:
 1442 0065 7068 6173 		.string	"phase"
 1442      6500 
 1443               	.LASF8:
 1444 006b 6C6F 6E67 		.string	"long long int"
 1444      206C 6F6E 
 1444      6720 696E 
 1444      7400 
 1445               	.LASF25:
 1446 0079 6465 6275 		.string	"debug_config_t"
 1446      675F 636F 
 1446      6E66 6967 
 1446      5F74 00
 1447               	.LASF37:
 1448 0088 6F6E 6573 		.string	"oneshot_disable"
 1448      686F 745F 
 1448      6469 7361 
 1448      626C 6500 
 1449               	.LASF71:
 1450 0098 6C61 7965 		.string	"layer_state_t"
 1450      725F 7374 
 1450      6174 655F 
 1450      7400 
 1451               	.LASF13:
 1452 00a6 7469 6D65 		.string	"timer_count"
 1452      725F 636F 
 1452      756E 7400 
 1453               	.LASF15:
 1454 00b2 6D6F 6473 		.string	"mods"
 1454      00
 1455               	.LASF88:
 1456 00b7 474E 5520 		.string	"GNU C99 8.4.0 -mn-flash=1 -mno-skip-bug -mmcu=avr5 -gdwarf-2 -Os -std=gnu99 -funsigned-ch
 1456      4339 3920 
 1456      382E 342E 
 1456      3020 2D6D 
 1456      6E2D 666C 
 1457               	.LASF2:
 1458 01a8 7569 6E74 		.string	"uint8_t"
 1458      385F 7400 
 1459               	.LASF64:
 1460 01b0 7469 6D65 		.string	"timer"
 1460      7200 
 1461               	.LASF18:
 1462 01b6 7265 706F 		.string	"report_keyboard_t"
 1462      7274 5F6B 
 1462      6579 626F 
 1462      6172 645F 
 1462      7400 
 1463               	.LASF38:
 1464 01c8 6B65 796D 		.string	"keymap_config_t"
 1464      6170 5F63 
 1464      6F6E 6669 
 1464      675F 7400 
 1465               	.LASF61:
 1466 01d8 6163 7469 		.string	"active_tracks"
 1466      7665 5F74 
 1466      7261 636B 
 1466      7300 
 1467               	.LASF76:
 1468 01e6 6173 6369 		.string	"ascii_to_altgr_lut"
 1468      695F 746F 
 1468      5F61 6C74 
 1468      6772 5F6C 
 1468      7574 00
 1469               	.LASF49:
 1470 01f9 5345 5155 		.string	"SEQUENCER_RESOLUTIONS"
 1470      454E 4345 
 1470      525F 5245 
 1470      534F 4C55 
 1470      5449 4F4E 
 1471               	.LASF29:
 1472 020f 7377 6170 		.string	"swap_lalt_lgui"
 1472      5F6C 616C 
 1472      745F 6C67 
 1472      7569 00
 1473               	.LASF67:
 1474 021e 7365 7175 		.string	"sequencer_config"
 1474      656E 6365 
 1474      725F 636F 
 1474      6E66 6967 
 1474      00
 1475               	.LASF33:
 1476 022f 7377 6170 		.string	"swap_backslash_backspace"
 1476      5F62 6163 
 1476      6B73 6C61 
 1476      7368 5F62 
 1476      6163 6B73 
 1477               	.LASF41:
 1478 0248 5351 5F52 		.string	"SQ_RES_2T"
 1478      4553 5F32 
 1478      5400 
 1479               	.LASF58:
 1480 0252 5345 5155 		.string	"SEQUENCER_PHASE_RELEASE"
 1480      454E 4345 
 1480      525F 5048 
 1480      4153 455F 
 1480      5245 4C45 
 1481               	.LASF90:
 1482 026a 443A 5C44 		.string	"D:\\Download\\vial-qmk"
 1482      6F77 6E6C 
 1482      6F61 645C 
 1482      7669 616C 
 1482      2D71 6D6B 
 1483               	.LASF5:
 1484 027f 6C6F 6E67 		.string	"long int"
 1484      2069 6E74 
 1484      00
 1485               	.LASF62:
 1486 0288 6375 7272 		.string	"current_track"
 1486      656E 745F 
 1486      7472 6163 
 1486      6B00 
 1487               	.LASF32:
 1488 0296 7377 6170 		.string	"swap_grave_esc"
 1488      5F67 7261 
 1488      7665 5F65 
 1488      7363 00
 1489               	.LASF57:
 1490 02a5 5345 5155 		.string	"SEQUENCER_PHASE_ATTACK"
 1490      454E 4345 
 1490      525F 5048 
 1490      4153 455F 
 1490      4154 5441 
 1491               	.LASF28:
 1492 02bc 6361 7073 		.string	"capslock_to_control"
 1492      6C6F 636B 
 1492      5F74 6F5F 
 1492      636F 6E74 
 1492      726F 6C00 
 1493               	.LASF47:
 1494 02d0 5351 5F52 		.string	"SQ_RES_16T"
 1494      4553 5F31 
 1494      3654 00
 1495               	.LASF48:
 1496 02db 5351 5F52 		.string	"SQ_RES_32"
 1496      4553 5F33 
 1496      3200 
 1497               	.LASF63:
 1498 02e5 6375 7272 		.string	"current_step"
 1498      656E 745F 
 1498      7374 6570 
 1498      00
 1499               	.LASF50:
 1500 02f2 7365 7175 		.string	"sequencer_resolution_t"
 1500      656E 6365 
 1500      725F 7265 
 1500      736F 6C75 
 1500      7469 6F6E 
 1501               	.LASF17:
 1502 0309 6B65 7973 		.string	"keys"
 1502      00
 1503               	.LASF87:
 1504 030e 6368 616E 		.string	"changed"
 1504      6765 6400 
 1505               	.LASF83:
 1506 0316 6465 626F 		.string	"debouncing"
 1506      756E 6369 
 1506      6E67 00
 1507               	.LASF1:
 1508 0321 756E 7369 		.string	"unsigned char"
 1508      676E 6564 
 1508      2063 6861 
 1508      7200 
 1509               	.LASF19:
 1510 032f 6B65 7962 		.string	"keyboard_idle"
 1510      6F61 7264 
 1510      5F69 646C 
 1510      6500 
 1511               	.LASF92:
 1512 033d 6465 626F 		.string	"debounce"
 1512      756E 6365 
 1512      00
 1513               	.LASF0:
 1514 0346 7369 676E 		.string	"signed char"
 1514      6564 2063 
 1514      6861 7200 
 1515               	.LASF9:
 1516 0352 6C6F 6E67 		.string	"long long unsigned int"
 1516      206C 6F6E 
 1516      6720 756E 
 1516      7369 676E 
 1516      6564 2069 
 1517               	.LASF6:
 1518 0369 7569 6E74 		.string	"uint32_t"
 1518      3332 5F74 
 1518      00
 1519               	.LASF89:
 1520 0372 7175 616E 		.string	"quantum/debounce/sym_defer_g.c"
 1520      7475 6D2F 
 1520      6465 626F 
 1520      756E 6365 
 1520      2F73 796D 
 1521               	.LASF4:
 1522 0391 756E 7369 		.string	"unsigned int"
 1522      676E 6564 
 1522      2069 6E74 
 1522      00
 1523               	.LASF3:
 1524 039e 7569 6E74 		.string	"uint16_t"
 1524      3136 5F74 
 1524      00
 1525               	.LASF68:
 1526 03a7 7365 7175 		.string	"sequencer_internal_state"
 1526      656E 6365 
 1526      725F 696E 
 1526      7465 726E 
 1526      616C 5F73 
 1527               	.LASF40:
 1528 03c0 5351 5F52 		.string	"SQ_RES_2"
 1528      4553 5F32 
 1528      00
 1529               	.LASF24:
 1530 03c9 6D6F 7573 		.string	"mouse"
 1530      6500 
 1531               	.LASF42:
 1532 03cf 5351 5F52 		.string	"SQ_RES_4"
 1532      4553 5F34 
 1532      00
 1533               	.LASF52:
 1534 03d8 7374 6570 		.string	"steps"
 1534      7300 
 1535               	.LASF44:
 1536 03de 5351 5F52 		.string	"SQ_RES_8"
 1536      4553 5F38 
 1536      00
 1537               	.LASF70:
 1538 03e7 666E 5F61 		.string	"fn_actions"
 1538      6374 696F 
 1538      6E73 00
 1539               	.LASF72:
 1540 03f2 6465 6661 		.string	"default_layer_state"
 1540      756C 745F 
 1540      6C61 7965 
 1540      725F 7374 
 1540      6174 6500 
 1541               	.LASF81:
 1542 0406 6368 6172 		.string	"char"
 1542      00
 1543               	.LASF20:
 1544 040b 6B65 7962 		.string	"keyboard_protocol"
 1544      6F61 7264 
 1544      5F70 726F 
 1544      746F 636F 
 1544      6C00 
 1545               	.LASF23:
 1546 041d 6B65 7962 		.string	"keyboard"
 1546      6F61 7264 
 1546      00
 1547               	.LASF77:
 1548 0426 6173 6369 		.string	"ascii_to_dead_lut"
 1548      695F 746F 
 1548      5F64 6561 
 1548      645F 6C75 
 1548      7400 
 1549               	.LASF36:
 1550 0438 7377 6170 		.string	"swap_rctl_rgui"
 1550      5F72 6374 
 1550      6C5F 7267 
 1550      7569 00
 1551               	.LASF10:
 1552 0447 6D61 7472 		.string	"matrix_row_t"
 1552      6978 5F72 
 1552      6F77 5F74 
 1552      00
 1553               	.LASF59:
 1554 0454 5345 5155 		.string	"SEQUENCER_PHASE_PAUSE"
 1554      454E 4345 
 1554      525F 5048 
 1554      4153 455F 
 1554      5041 5553 
 1555               	.LASF69:
 1556 046a 6B65 796D 		.string	"keymaps"
 1556      6170 7300 
 1557               	.LASF12:
 1558 0472 5F42 6F6F 		.string	"_Bool"
 1558      6C00 
 1559               	.LASF93:
 1560 0478 6465 626F 		.string	"debounce_init"
 1560      756E 6365 
 1560      5F69 6E69 
 1560      7400 
 1561               	.LASF84:
 1562 0486 6465 626F 		.string	"debouncing_time"
 1562      756E 6369 
 1562      6E67 5F74 
 1562      696D 6500 
 1563               	.LASF39:
 1564 0496 6B65 796D 		.string	"keymap_config"
 1564      6170 5F63 
 1564      6F6E 6669 
 1564      6700 
 1565               	.LASF14:
 1566 04a4 6469 7361 		.string	"disable_action_cache"
 1566      626C 655F 
 1566      6163 7469 
 1566      6F6E 5F63 
 1566      6163 6865 
 1567               	.LASF7:
 1568 04b9 6C6F 6E67 		.string	"long unsigned int"
 1568      2075 6E73 
 1568      6967 6E65 
 1568      6420 696E 
 1568      7400 
 1569               	.LASF30:
 1570 04cb 7377 6170 		.string	"swap_ralt_rgui"
 1570      5F72 616C 
 1570      745F 7267 
 1570      7569 00
 1571               	.LASF75:
 1572 04da 6173 6369 		.string	"ascii_to_shift_lut"
 1572      695F 746F 
 1572      5F73 6869 
 1572      6674 5F6C 
 1572      7574 00
 1573               	.LASF16:
 1574 04ed 7265 7365 		.string	"reserved"
 1574      7276 6564 
 1574      00
 1575               	.LASF85:
 1576 04f6 636F 6F6B 		.string	"cooked"
 1576      6564 00
 1577               	.LASF66:
 1578 04fd 7365 7175 		.string	"sequencer_state_t"
 1578      656E 6365 
 1578      725F 7374 
 1578      6174 655F 
 1578      7400 
 1579               	.LASF56:
 1580 050f 7365 7175 		.string	"sequencer_config_t"
 1580      656E 6365 
 1580      725F 636F 
 1580      6E66 6967 
 1580      5F74 00
 1581               	.LASF51:
 1582 0522 656E 6162 		.string	"enabled"
 1582      6C65 6400 
 1583               	.LASF82:
 1584 052a 5F5F 6D61 		.string	"__malloc_heap_end"
 1584      6C6C 6F63 
 1584      5F68 6561 
 1584      705F 656E 
 1584      6400 
 1585               	.LASF26:
 1586 053c 6465 6275 		.string	"debug_config"
 1586      675F 636F 
 1586      6E66 6967 
 1586      00
 1587               	.LASF31:
 1588 0549 6E6F 5F67 		.string	"no_gui"
 1588      7569 00
 1589               	.LASF43:
 1590 0550 5351 5F52 		.string	"SQ_RES_4T"
 1590      4553 5F34 
 1590      5400 
 1591               	.LASF27:
 1592 055a 7377 6170 		.string	"swap_control_capslock"
 1592      5F63 6F6E 
 1592      7472 6F6C 
 1592      5F63 6170 
 1592      736C 6F63 
 1593               	.LASF35:
 1594 0570 7377 6170 		.string	"swap_lctl_lgui"
 1594      5F6C 6374 
 1594      6C5F 6C67 
 1594      7569 00
 1595               	.LASF78:
 1596 057f 6173 6369 		.string	"ascii_to_keycode_lut"
 1596      695F 746F 
 1596      5F6B 6579 
 1596      636F 6465 
 1596      5F6C 7574 
 1597               	.LASF45:
 1598 0594 5351 5F52 		.string	"SQ_RES_8T"
 1598      4553 5F38 
 1598      5400 
 1599               	.LASF34:
 1600 059e 6E6B 726F 		.string	"nkro"
 1600      00
 1601               	.LASF46:
 1602 05a3 5351 5F52 		.string	"SQ_RES_16"
 1602      4553 5F31 
 1602      3600 
 1603               	.LASF74:
 1604 05ad 6B65 7962 		.string	"keyboard_report"
 1604      6F61 7264 
 1604      5F72 6570 
 1604      6F72 7400 
 1605               	.LASF86:
 1606 05bd 6E75 6D5F 		.string	"num_rows"
 1606      726F 7773 
 1606      00
 1607               	.LASF73:
 1608 05c6 6C61 7965 		.string	"layer_state"
 1608      725F 7374 
 1608      6174 6500 
 1609               	.LASF22:
 1610 05d2 6D61 7472 		.string	"matrix"
 1610      6978 00
 1611               	.LASF53:
 1612 05d9 7472 6163 		.string	"track_notes"
 1612      6B5F 6E6F 
 1612      7465 7300 
 1613               		.text
 1614               		.section	.gnu.lto_.profile.61e5c906,"",@progbits
 1615 0000 789C 6367 		.string	"x\234cg`f`d"
 1615      6066 6064 
 1615      00
 1616 0009 0200      		.string	"\002"
 1617 000b 00        		.string	""
 1618 000c 6200      		.string	"b"
 1619 000e 0C        		.ascii	"\f"
 1620               		.text
 1621               		.section	.gnu.lto_.icf.61e5c906,"",@progbits
 1622 0000 789C 6367 		.string	"x\234cg`fP`@"
 1622      6066 5060 
 1622      4000 
 1623 000a 5686 4D9B 		.string	"V\206M\233\177.gc\274\363\177\366)N\2465\177o\\gc>\363\365\322f\016\226K\363n\036\341a"
 1623      7F2E 6763 
 1623      BCF3 7FF6 
 1623      294E A635 
 1623      7F6F 5C67 
 1624 002d 00        		.string	""
 1625 002e 1166 1053 		.ascii	"\021f\020S"
 1626               		.text
 1627               		.section	.gnu.lto_.jmpfuncs.61e5c906,"",@progbits
 1628 0000 789C 6367 		.string	"x\234cg`f0a@"
 1628      6066 3061 
 1628      4000 
 1629 000a 6606 4646 		.string	"f\006FF\006\206\231@\212\205\021\b\370\353g23B1\003\02031100\036"
 1629      0686 9940 
 1629      8A85 1108 
 1629      F8EB 6732 
 1629      3342 3103 
 1630 0026 2A01 E2FF 		.string	"*\001\342\377\377\231\031\030X\200z"
 1630      FF99 1918 
 1630      5880 7A00 
 1631 0032 D999 08F4 		.ascii	"\331\231\b\364"
 1632               		.text
 1633               		.section	.gnu.lto_.inline.61e5c906,"",@progbits
 1634 0000 789C 6367 		.string	"x\234cg`f\330\311\200"
 1634      6066 D8C9 
 1634      8000 
 1635 000a CC40 D400 		.string	"\314@\324"
 1636 000e 042C C98C 		.string	"\004,\311\214\fL\f\f\215@f\035\003\003\033D\210\t$\304\300\300\310 \375\365\342\207I\354i
 1636      0C4C 0C0C 
 1636      8D40 661D 
 1636      0303 1B44 
 1636      8809 24C4 
 1637 0080 00        		.string	""
 1638 0081 E61E 256C 		.ascii	"\346\036%l"
 1639               		.text
 1640               		.section	.gnu.lto_.pureconst.61e5c906,"",@progbits
 1641 0000 789C 6367 		.string	"x\234cg`f\340b`"
 1641      6066 E062 
 1641      6000 
 1642 000a 920D 2C8C 		.string	"\222\r,\214\263XXZX"
 1642      B358 585A 
 1642      5800 
 1643 0014 09B6 01C7 		.ascii	"\t\266\001\307"
 1644               		.text
 1645               		.section	.gnu.lto_debounce_init.61e5c906,"",@progbits
 1646 0000 789C 6367 		.string	"x\234cg`f8\307\300\300\340\004\304\262@\314\310\314\300\310\324\320\320\340\300\336\310\3
 1646      6066 38C7 
 1646      C0C0 E004 
 1646      C4B2 40CC 
 1646      C8CC C0C8 
 1647 00c1 C313 C686 		.string	"\303\023\306\206E\277\230\300\332\33606-`\003\263@\240\225\231\021\242\b\250Y\276\26041\2
 1647      45BF 98C0 
 1647      DADE 3036 
 1647      2D60 03B3 
 1647      40A0 9599 
 1648 0111 1584 5ACC 		.ascii	"\025\204Z\314"
 1649               		.text
 1650               		.section	.gnu.lto_debounce.61e5c906,"",@progbits
 1651 0000 789C 8D54 		.string	"x\234\215T]L\\U\020>s\347\376\355\335\005|\001$%\221\030\263!\253)\215\306\264\274\030_|\
 1651      5D4C 5C55 
 1651      103E 73E7 
 1651      FEED DD05 
 1651      7C01 2425 
 1652 002a 914A 1A9F 		.string	"\221J\032\237zwa\027[5\250\244]7\005%R*b\240\261\326\220\006m\227n-P\360\007*\202\265mb\2
 1652      7A77 6117 
 1652      5B35 A8A4 
 1652      5D37 0525 
 1652      522A 62A0 
 1653 008d 41E7 981E 		.string	"A\347\230\036\261u\315\360b>/fh\016\305J\330\243~\003\016X\222\tLe\350\203\266\245\231\02
 1653      B175 CDF0 
 1653      623E 2F66 
 1653      680E C54A 
 1653      D8A3 7E03 
 1654 00d0 750A F539 		.string	"u\n\3659\212\357!,\375}\362\267\234P7\301\334Tb\375\261\250\033{8\211B\264\242\227$`"
 1654      8AEF 212C 
 1654      FD7D F2B7 
 1654      9C50 37C1 
 1654      DC54 62FD 
 1655 00f1 4294 3732 		.string	"B\22472}\362t\336\233\230D"
 1655      7DF2 74DE 
 1655      9B98 4400 
 1656 00fd 8D1E 27A6 		.ascii	"\215\036'\246g\227m~\324\340!z"
 1656      6797 6D7E 
 1656      D4E0 217A 
 1657 0109 8C0D CEF7 		.string	"\214\r\316\367h\370(\b\262\247?z\273\331*=\355\272Q7\265\366\202\033H\"\302\005@b\204\257
 1657      68F8 2808 
 1657      B2A7 3F7A 
 1657      BBD9 2A3D 
 1657      EDBA 5137 
 1658 020a 781C 85C0 		.string	"x\034\205\300\262\026\311\250\0201\024}\223=\223\032\270)\021G\255W\332\215)1\003\356\307
 1658      B216 C9A8 
 1658      1031 147D 
 1658      933D 931A 
 1658      B829 1147 
 1659 023e 0157 5567 		.string	"\001WUg\004\306\333\367\307\027\305&\370\223\253\022!\356Bti\270\234\315L\244-\205k\357\0
 1659      04C6 DBF7 
 1659      C717 C526 
 1659      F893 AB12 
 1659      21EE 4274 
 1660 030d 0C98 F60A 		.ascii	"\f\230\366\n\214\241\363\327j\367>\2008\232-\261\251!\334T\346"
 1660      8CA1 F3D7 
 1660      6AF7 3E80 
 1660      389A 2DB1 
 1660      A921 DC54 
 1661 0322 E21C F0BE 		.ascii	"\342\034\360\276s\325k\315#\026\333\t4\022\350'O\343\3318(\007"
 1661      73D5 6BCD 
 1661      2316 DB09 
 1661      3412 E827 
 1661      4FE3 D938 
 1662 0338 FB32 FF99 		.ascii	"\3732\377\231,\320\340g\242\246\234s\2339V\002\013(S\371\316"
 1662      2CD0 E067 
 1662      A2A6 9C73 
 1662      9B39 5602 
 1662      0B28 53F9 
 1663 034d 1BCA 6927 		.ascii	"\033\312i'\260P9\243'\336\332\244\367e\316\031\345\234\373\243"
 1663      B050 39A3 
 1663      27DE DAA4 
 1663      F765 CE19 
 1663      E59C FBA3 
 1664 0361 3D09 6ABD 		.ascii	"=\tj\2753\302\377\306I\314#:\270.\025\371\205\025\221;\262\""
 1664      33C2 FFC6 
 1664      49CC 233A 
 1664      B82E 15F9 
 1664      8515 913B 
 1665 0377 39B3 923B 		.ascii	"9\263\222;\372x\213(\337\366\362o\310%\360\311\346\006Vu\257"
 1665      FA78 8B28 
 1665      DFF6 F26F 
 1665      C825 F0C9 
 1665      E606 5675 
 1666 038c B9C6 0FE3 		.ascii	"\271\306\017\343G\375\352\366\"j\016\036\347}\215\226\310W\235"
 1666      47FD EAF6 
 1666      226A 0E1E 
 1666      E77D 8D96 
 1666      C857 9D
 1667 039f 5E3F F2CA 		.ascii	"^?\362\312)ZL\251+m4\241\"~I\365{\206L\347\275>\234\004\346+"
 1667      295A 4CA9 
 1667      2B6D 34A1 
 1667      227E 49F5 
 1667      7B86 4CE7 
 1668 03b9 FDC7 60CB 		.ascii	"\375\307`\313\343g\271\227\300O\224\346\373\005\020*v&\034b\266"
 1668      E367 B997 
 1668      C04F 94E6 
 1668      FB05 102A 
 1668      7626 1C62 
 1669 03ce A5FC 9EE8 		.ascii	"\245\374\236\350\263\231\257\344\023\336\346\377\3772\336\334"
 1669      B399 AFE4 
 1669      13DE E6FF 
 1669      FF32 DEDC 
 1670 03de 5EC6 5BD4 		.ascii	"^\306[\324\245\267}q\364m\355\372<D;\3569\222[M\035T\210\226"
 1670      A5B7 7D71 
 1670      F46D EDFA 
 1670      3C44 3BEE 
 1670      3992 5B4D 
 1671 03f6 E691 D71A 		.ascii	"\346\221\327\032*k_o\250)\253\016\037\250k\250\255\n\227\035"
 1671      2A6B 5F6F 
 1671      A829 AB0E 
 1671      1FA8 6BA8 
 1671      AD0A 971D 
 1672 040a 7AA3 A6A2 		.ascii	"z\243\246\242:\374R\270\276\342\340\356*\201\365\225\207\013"
 1672      3AFC 52B8 
 1672      BEE2 E0EE 
 1672      2A81 F595 
 1672      870B 
 1673 041c 77B8 763F 		.ascii	"w\270v?\275\367\311\362=\345\325{\205YUW\367j\270\332\256m\250"
 1673      BDF7 C9F2 
 1673      3DE5 D57B 
 1673      8559 5557 
 1673      F76A B8DA 
 1674 0433 A9A8 AF3B 		.ascii	"\251\250\257;|\310\252z\271\262\366`\270\032^\371\007)d=\361"
 1674      7CC8 AA7A 
 1674      B9B2 F660 
 1674      B81A 5EF9 
 1674      0729 643D 
 1675               		.text
 1676               		.section	.gnu.lto_debounce_active.61e5c906,"",@progbits
 1677 0000 789C 2D4E 		.ascii	"x\234-N\273J\003Q\020\235sgMVE\254\205\210\212]\n#\370\003\376"
 1677      BB4A 0351 
 1677      109D 7367 
 1677      4D56 45AC 
 1677      8588 8A5D 
 1678 0019 80DF 1034 		.ascii	"\200\337\0204\331X%\342c\013\253\334]\327W\245\"\022\003I\243"
 1678      D958 25E2 
 1678      630B ABDC 
 1678      5DD7 57A5 
 1678      2212 0349 
 1679 002e 0496 8088 		.ascii	"\004\226\200\210\205\225\257\333\211`ee-\021Rhc)\2228wu`\340"
 1679      8595 AFDB 
 1679      8960 6565 
 1679      2D11 5268 
 1679      6329 9238 
 1680 0046 CC99 9973 		.ascii	"\314\231\231sN\232\230>\211hJz\\\032LPZ\353\371t\340*\300\"G"
 1680      4E9A 983E 
 1680      8968 4A7A 
 1680      5C1A 4C50 
 1680      5AEB F974 
 1681 005f BBA0 AA42 		.ascii	"\273\240\252B\025\373|\304\350>\276\177\rgc\255Cmj\257cQlPg\242"
 1681      15FB 7CC4 
 1681      E83E BE7F 
 1681      0D67 63AD 
 1681      436D 6AAF 
 1682 0079 6379 9CCB 		.ascii	"cy\234\313`6C\266p\203,\221\\\277]\365NFR\216][\372\026)\202"
 1682      6036 43B6 
 1682      7083 2C91 
 1682      5CBF 5DF5 
 1682      4E46 528E 
 1683 0093 80CB 9701 		.ascii	"\200\313\227\001\243{\375]m:\323\314\212\254\002m3\205b\350@"
 1683      A37B FD5D 
 1683      6D3A D3CC 
 1683      8AAC 026D 
 1683      3385 62E8 
 1684 00a8 1BDA 6115 		.ascii	"\033\332a\025$x\313P\007\372\354\033\311o\027\341\351\323\202"
 1684      2478 CB50 
 1684      07FA EC1B 
 1684      C96F 17E1 
 1684      E9D3 82
 1685 00bb 8535 5622 		.ascii	"\2055V\"\037\034\034^\214\356q\235\001\353\326\214\237\373\203"
 1685      1F1C 1C5E 
 1685      8CEE 719D 
 1685      01EB D68C 
 1685      9FFB 83
 1686 00ce 11C2 C015 		.ascii	"\021\302\300\025\246i5\205\374i_7\206Z8\2671q\217\b\270\203\244"
 1686      A669 3585 
 1686      FC69 5F37 
 1686      865A 38B7 
 1686      3171 8F08 
 1687 00e5 C403 5AA0 		.ascii	"\304\003Z\240\017\204\223\377r\224D\300\237\255L\023\253\376"
 1687      0F84 93FF 
 1687      7294 44C0 
 1687      9FAD 4C13 
 1687      ABFE 
 1688 00f7 6265 C32F 		.ascii	"be\303/\347\212\336\322\212_)x\271\365\315r\276\350\225\274\265"
 1688      E78A DED2 
 1688      8A5F 2978 
 1688      B9F5 CD72 
 1688      BEE8 95BC 
 1689 010c FCF2 4C81 		.ascii	"\374\362L\201~\001)\236W\217"
 1689      7E01 299E 
 1689      578F 
 1690               		.text
 1691               		.section	.gnu.lto_.symbol_nodes.61e5c906,"",@progbits
 1692 0000 789C 6367 		.string	"x\234cg`fX\312"
 1692      6066 58CA 
 1692      00
 1693 0009 044C 12F5 		.string	"\004L\022\365\fM\r\r\r,\214\023\31610\32430\354jpd`\004IH\3273\256\273\272\352*\023\272\0
 1693      0C4D 0D0D 
 1693      0D2C 8C13 
 1693      CE31 30D4 
 1693      3330 EC6A 
 1694 004f 2564 EB59 		.string	"%d\353Y\260J03\262=\372z\361\003\003\343\021FfFV\b\263\205\235\001"
 1694      B04A 3033 
 1694      B23D FA7A 
 1694      F103 03E3 
 1694      1146 6646 
 1695 006a 378F 346E 		.ascii	"7\2174n"
 1696               		.text
 1697               		.section	.gnu.lto_.refs.61e5c906,"",@progbits
 1698 0000 789C 6367 		.string	"x\234cg`f\020g```eddbadfg`\342d`\346fd\222cda`bb"
 1698      6066 1067 
 1698      6060 6065 
 1698      6464 6261 
 1698      6466 6760 
 1699 0022 00        		.string	""
 1700 0023 07B2 00   		.string	"\007\262"
 1701 0026 7D        		.ascii	"}"
 1702               		.text
 1703               		.section	.gnu.lto_.decls.61e5c906,"",@progbits
 1704 0000 789C 7D54 		.string	"x\234}TmL[U\030>oO\201ri-!\213\362\203(\311\222\305\241\201\252\321\215\177f\3760\372\303
 1704      6D4C 5B55 
 1704      183E 6F4F 
 1704      8172 692D 
 1704      218B F283 
 1705 003c A159 B645 		.ascii	"\241Y\266E\034\232\314a\246\243l|\f\264\312\227\214\217\225\026"
 1705      1C9A CC61 
 1705      A6A3 6C7C 
 1705      0CB4 CA97 
 1705      8C8F 9516 
 1706 0050 182D B009 		.ascii	"\030-\260\t1Q\f\222\211\357\371\270\355\355\262y\322\247\347"
 1706      3151 0C92 
 1706      89EF F9B8 
 1706      EDED B279 
 1706      D2A7 E7
 1707 0063 9EF7 3CE7 		.ascii	"\236\367<\347y\336\367\334sO\006\241d \235\220MBH\036\020\262"
 1707      79DE F7DC 
 1707      734F 06A1 
 1707      6420 9D90 
 1707      4D42 481E 
 1708 0079 8DCD 88CF 		.ascii	"\215\315\210\317\243\b\212\b\"\006\021\303D\2644\304\b\342"
 1708      A308 8A08 
 1708      2206 11C3 
 1708      44B4 34C4 
 1708      08E2 
 1709 008b 3662 0611 		.string	"6b\006\021E,\"\f\210%D\234\244\266v\020s\025R\2135\220\032\017\267\3138\221-\2719\210\035
 1709      452C 220C 
 1709      8825 449C 
 1709      A4B6 7610 
 1709      7315 528B 
 1710 018c 2889 3504 		.string	"(\2115\004\006\301\314w\022{\344\206\372\307\2332\350\273\314\211\036\255]>\r\310\203LD\2
 1710      06C1 CC77 
 1710      127B E486 
 1710      FAC7 9B32 
 1710      E8BB CC89 
 1711 027e 9ECA 1757 		.ascii	"\236\312\027W&\357Zy*\370\272d*\241\321\211E\232Ho\fx\360\354"
 1711      26EF 5A79 
 1711      2AF8 BA64 
 1711      2AA1 D189 
 1711      459A 486F 
 1712 0296 1F4D 3566 		.ascii	"\037M5f\036\304\363\002\343\"\030^_\177\220\221\bN\210\340\314"
 1712      1EC4 F302 
 1712      E322 185E 
 1712      5F7F 9091 
 1712      084E 88E0 
 1713 02ab C685 F68C 		.ascii	"\306\205\366\214\307T2\311+\371M\253\244\373f`\204b)mX\312\277"
 1713      C754 32C9 
 1713      2BF9 4DAB 
 1713      A4FB 6660 
 1713      8462 296D 
 1714 02c2 9FA7 D5AA 		.ascii	"\237\247\325\252A\037\25620\032\214\352\n\031\325\0252\230E\340"
 1714      411F AE32 
 1714      301A 8CEA 
 1714      0A19 D515 
 1714      3298 45E0 
 1715 02d6 362F 24DE 		.ascii	"6/$\336\273u\312J\033E!\027\375GcT\357\312\352\321l\247\271m"
 1715      BB75 CA4A 
 1715      1B45 2117 
 1715      FD47 6354 
 1715      EFCA EAD1 
 1716 02ee B574 1D0B 		.ascii	"\265t\035\013\177y\332(]c\373\245i\016#\301\224\316tJg\372=\232"
 1716      7F79 DA28 
 1716      5D63 FBA5 
 1716      690E 23C1 
 1716      94CE 744A 
 1717 0306 CE70 D3AB 		.ascii	"\316p\323\253\307z~O\247\001az\275a6\246\320o\305 ^W\033M{\364"
 1717      C77A 7E4F 
 1717      A701 617A 
 1717      BD61 36A6 
 1717      D06F C520 
 1718 0320 F779 E7D1 		.ascii	"\367y\347\321\337g\350\301\237\367\r|\373\302\211s\320\326\335"
 1718      DF67 E8C1 
 1718      9FF7 0D7C 
 1718      FBC2 8973 
 1718      D0D6 DD
 1719 0333 7A27 5D5F 		.ascii	"z']_\007\233\322\352\210\360:\346\264\355;Y{\366\273t,$\212\334"
 1719      079B D2EA 
 1719      88F0 3AE6 
 1719      B4ED 3B59 
 1719      7BF6 BB74 
 1720 034b C8E5 BD81 		.ascii	"\310\345\275\201\016_\320\306I0\253\253cV\336g\004\242\274\202"
 1720      0E5F D0C6 
 1720      4930 ABAB 
 1720      6356 DE67 
 1720      04A2 BC82 
 1721 035f 40E4 4C5D 		.ascii	"@\344L]&\235\020I\367\266\324lY\037g\267\220\262m\241\306oN\030"
 1721      269D 1049 
 1721      F7B6 D46C 
 1721      591F 67B7 
 1721      90B2 6DA1 
 1722 0377 A5DB C2DB 		.ascii	"\245\333\302\333\365f6\r\363:\243\371\204\321\"7j\365\373\247"
 1722      F566 360D 
 1722      F33A A3F9 
 1722      84D1 2237 
 1722      6AF5 FBA7 
 1723 038b 151A 1146 		.ascii	"\025\032\021F\347}\r\343\226]\001U\275\301N\355\363\343G|\252"
 1723      E77D 0DE3 
 1723      965D 0155 
 1723      BDC1 4EED 
 1723      F3E3 477C 
 1724 03a0 8DBF A3BB 		.ascii	"\215\277\243\273B!a\312\306x\227\024\264\343\226/\301.v\205F"
 1724      4221 61CA 
 1724      C678 9714 
 1724      B4E3 962F 
 1724      C12E 7685 
 1725 03b5 A373 66BA 		.ascii	"\243sf\272*t\206\273\217\314)Rg\203\037\031\221sL\312$\3577\214"
 1725      2A74 86BB 
 1725      8FCC 2952 
 1725      6783 1F19 
 1725      9173 4CCA 
 1726 03cd 9082 4E54 		.ascii	"\220\202NT\211s\225\311N\377\230E\177\0332\363${Y\336\206\313"
 1726      8973 95C9 
 1726      4EFF 9845 
 1726      7F1B 32F3 
 1726      247B 59DE 
 1727 03e3 FC36 544F 		.ascii	"\3746TO\265<\247\347\262R\223\334\025\311]\341\334\315\255\345"
 1727      B53C A7E7 
 1727      B252 93DC 
 1727      15C9 5DE1 
 1727      DCCD ADE5 
 1728 03f7 4E93 9E1C 		.ascii	"N\223\236\034N\271fW%y\225\223g\003\347\202)YDR\224\357I2\353"
 1728      4EB9 6657 
 1728      2579 9593 
 1728      6703 E782 
 1728      2959 4452 
 1729 0410 9F3E 5455 		.ascii	"\237>TU\352\366V\271\212\312\035\037x\252\334e\216\242\303\237"
 1729      EAF6 56B9 
 1729      8ACA 1D1F 
 1729      78AA DC65 
 1729      8EA2 C39F 
 1730 0424 BAEC E58E 		.ascii	"\272\354\345\216\375\216J\373\201\3022\323\353o\275\223\377Z"
 1730      FD8E 4AFB 
 1730      81C2 32D3 
 1730      EB6F BD93 
 1730      FF5A 
 1731 0436 7131 792A 		.ascii	"q1y*%\\\370\362\236\027\213m\305\345{HF\225\323\355\335k\367"
 1731      255C F8F2 
 1731      9E17 8B6D 
 1731      C5E5 7B48 
 1731      4695 D3ED 
 1732 044d 9A5D A5DE 		.ascii	"\232]\245\336J\347'\366J\317\307vo\232}\237\307s\320\242I\332"
 1732      4AE7 27F6 
 1732      4ACF C776 
 1732      6F9A 7D9F 
 1732      C773 D0A2 
 1733 0463 9D6E A7F7 		.ascii	"\235n\247\367\231\3777\"&-nM,+-\363:\253\035\026\257\323\205"
 1733      99FF 3722 
 1733      262D 6E4D 
 1733      2C2B 2DF3 
 1733      3AAB 1D16 
 1734 047a 1CC7 C1D2 		.ascii	"\034\307\301\322\217\016;\312M\314\357\205W\354\336\\\257\353"
 1734      8F0E 3BCA 
 1734      4DCC EF85 
 1734      57EC DE5C 
 1734      AFEB 
 1735 048c 437B 99A7 		.ascii	"C{\231\247\322QT\346q\271<\356\"N+\254 \212\340W:J\313\025)\345"
 1735      D251 54E6 
 1735      71B9 3CEE 
 1735      224E 2BAC 
 1735      208A E057 
 1736 04a6 741F B026 		.ascii	"t\037\260&\037\355\214\360\037\342\037G8"
 1736      1FED 8CF0 
 1736      1FE2 1F47 
 1736      38
 1737               		.text
 1738               		.section	.gnu.lto_.symtab.61e5c906,"",@progbits
 1739 0000 6465 626F 		.string	"debounce_init"
 1739      756E 6365 
 1739      5F69 6E69 
 1739      7400 
 1740 000e 00        		.string	""
 1741 000f 00        		.string	""
 1742 0010 00        		.string	""
 1743 0011 00        		.string	""
 1744 0012 00        		.string	""
 1745 0013 00        		.string	""
 1746 0014 00        		.string	""
 1747 0015 00        		.string	""
 1748 0016 00        		.string	""
 1749 0017 00        		.string	""
 1750 0018 00        		.string	""
 1751 0019 D000      		.string	"\320"
 1752 001b 00        		.string	""
 1753 001c 00        		.string	""
 1754 001d 6465 626F 		.string	"debounce"
 1754      756E 6365 
 1754      00
 1755 0026 00        		.string	""
 1756 0027 00        		.string	""
 1757 0028 00        		.string	""
 1758 0029 00        		.string	""
 1759 002a 00        		.string	""
 1760 002b 00        		.string	""
 1761 002c 00        		.string	""
 1762 002d 00        		.string	""
 1763 002e 00        		.string	""
 1764 002f 00        		.string	""
 1765 0030 00        		.string	""
 1766 0031 D700      		.string	"\327"
 1767 0033 00        		.string	""
 1768 0034 00        		.string	""
 1769 0035 6465 626F 		.string	"debounce_active"
 1769      756E 6365 
 1769      5F61 6374 
 1769      6976 6500 
 1770 0045 00        		.string	""
 1771 0046 00        		.string	""
 1772 0047 00        		.string	""
 1773 0048 00        		.string	""
 1774 0049 00        		.string	""
 1775 004a 00        		.string	""
 1776 004b 00        		.string	""
 1777 004c 00        		.string	""
 1778 004d 00        		.string	""
 1779 004e 00        		.string	""
 1780 004f 00        		.string	""
 1781 0050 DA00      		.string	"\332"
 1782 0052 00        		.string	""
 1783 0053 00        		.string	""
 1784 0054 7469 6D65 		.string	"timer_elapsed"
 1784      725F 656C 
 1784      6170 7365 
 1784      6400 
 1785 0062 00        		.string	""
 1786 0063 02        		.ascii	"\002"
 1787 0064 00        		.string	""
 1788 0065 00        		.string	""
 1789 0066 00        		.string	""
 1790 0067 00        		.string	""
 1791 0068 00        		.string	""
 1792 0069 00        		.string	""
 1793 006a 00        		.string	""
 1794 006b 00        		.string	""
 1795 006c 00        		.string	""
 1796 006d E000      		.string	"\340"
 1797 006f 00        		.string	""
 1798 0070 00        		.string	""
 1799 0071 7469 6D65 		.string	"timer_read"
 1799      725F 7265 
 1799      6164 00
 1800 007c 00        		.string	""
 1801 007d 02        		.ascii	"\002"
 1802 007e 00        		.string	""
 1803 007f 00        		.string	""
 1804 0080 00        		.string	""
 1805 0081 00        		.string	""
 1806 0082 00        		.string	""
 1807 0083 00        		.string	""
 1808 0084 00        		.string	""
 1809 0085 00        		.string	""
 1810 0086 00        		.string	""
 1811 0087 E300      		.string	"\343"
 1812 0089 00        		.string	""
 1813 008a 00        		.string	""
 1814               		.text
 1815               		.section	.gnu.lto_.opts,"",@progbits
 1816 0000 272D 666E 		.ascii	"'-fn"
 1817 0004 6F2D 6F70 		.string	"o-openmp' '-fno-openacc' '-fno-pie' '-mn-flash=1' '-mno-skip-bug' '-mmcu=avr5' '-Os' '-We
 1817      656E 6D70 
 1817      2720 272D 
 1817      666E 6F2D 
 1817      6F70 656E 
 1818               		.text
 1819               		.comm	__gnu_lto_v1,1,1
 1820               		.comm	__gnu_lto_slim,1,1
 1821               		.ident	"GCC: (GNU) 8.4.0"
DEFINED SYMBOLS
                            *ABS*:0000000000000000 sym_defer_g.c
C:\Users\Roningo\AppData\Local\Temp\ccaCOhpN.s:2      *ABS*:000000000000003e __SP_H__
C:\Users\Roningo\AppData\Local\Temp\ccaCOhpN.s:3      *ABS*:000000000000003d __SP_L__
C:\Users\Roningo\AppData\Local\Temp\ccaCOhpN.s:4      *ABS*:000000000000003f __SREG__
C:\Users\Roningo\AppData\Local\Temp\ccaCOhpN.s:5      *ABS*:0000000000000000 __tmp_reg__
C:\Users\Roningo\AppData\Local\Temp\ccaCOhpN.s:6      *ABS*:0000000000000001 __zero_reg__
C:\Users\Roningo\AppData\Local\Temp\ccaCOhpN.s:27     .gnu.debuglto_.debug_info:0000000000000000 sym_defer_g.c.572909d7
                            *COM*:0000000000000001 __gnu_lto_v1
                            *COM*:0000000000000001 __gnu_lto_slim

NO UNDEFINED SYMBOLS
