   1               		.file	"led.c"
   2               	__SP_H__ = 0x3e
   3               	__SP_L__ = 0x3d
   4               	__SREG__ = 0x3f
   5               	__tmp_reg__ = 0
   6               	__zero_reg__ = 1
   7               		.file 1 "e:\\game\\msys2\\mingw64\\avr\\include\\stdint.h"
   8               		.file 2 "e:\\game\\msys2\\mingw64\\lib\\gcc\\avr\\8.4.0\\include\\stddef.h"
   9               		.file 3 "tmk_core/common/report.h"
  10               		.file 4 "quantum/led.h"
  11               		.file 5 "tmk_core/common/action.h"
  12               		.file 6 "tmk_core/common/host.h"
  13               		.file 7 "tmk_core/common/avr/xprintf.h"
  14               		.file 8 "tmk_core/common/debug.h"
  15               		.file 9 "quantum/keycode_config.h"
  16               		.file 10 "tmk_core/common/timer.h"
  17               		.file 11 "quantum/sequencer/sequencer.h"
  18               		.file 12 "quantum/keymap.h"
  19               		.file 13 "tmk_core/common/action_layer.h"
  20               		.file 14 "tmk_core/common/action_util.h"
  21               		.file 15 "quantum/send_string.h"
  22               		.file 16 "e:\\game\\msys2\\mingw64\\avr\\include\\stdlib.h"
  23               		.file 17 "quantum/process_keycode/process_unicode_common.h"
  24               		.file 18 "quantum/led.c"
  25               		.section	.gnu.debuglto_.debug_info,"",@progbits
  26               	.Ldebug_info0:
  27               		.hidden	led.c.f688f8a7
  28               		.weak	led.c.f688f8a7
  29               	led.c.f688f8a7:
  30 0000 4107 0000 		.long	0x741
  31 0004 0200      		.word	0x2
  32 0006 0000 0000 		.long	.Ldebug_abbrev0
  33 000a 04        		.byte	0x4
  34 000b 01        		.uleb128 0x1
  35 000c 0000 0000 		.long	.LASF98
  36 0010 0C        		.byte	0xc
  37 0011 0000 0000 		.long	.LASF99
  38 0015 0000 0000 		.long	.LASF100
  39 0019 0000 0000 		.long	.Ldebug_line0
  40 001d 02        		.uleb128 0x2
  41 001e 01        		.byte	0x1
  42 001f 06        		.byte	0x6
  43 0020 0000 0000 		.long	.LASF0
  44 0024 03        		.uleb128 0x3
  45 0025 0000 0000 		.long	.LASF2
  46 0029 01        		.byte	0x1
  47 002a 7E        		.byte	0x7e
  48 002b 16        		.byte	0x16
  49 002c 3500 0000 		.long	0x35
  50 0030 04        		.uleb128 0x4
  51 0031 2400 0000 		.long	0x24
  52 0035 02        		.uleb128 0x2
  53 0036 01        		.byte	0x1
  54 0037 08        		.byte	0x8
  55 0038 0000 0000 		.long	.LASF1
  56 003c 05        		.uleb128 0x5
  57 003d 02        		.byte	0x2
  58 003e 05        		.byte	0x5
  59 003f 696E 7400 		.string	"int"
  60 0043 03        		.uleb128 0x3
  61 0044 0000 0000 		.long	.LASF3
  62 0048 01        		.byte	0x1
  63 0049 80        		.byte	0x80
  64 004a 16        		.byte	0x16
  65 004b 5400 0000 		.long	0x54
  66 004f 04        		.uleb128 0x4
  67 0050 4300 0000 		.long	0x43
  68 0054 02        		.uleb128 0x2
  69 0055 02        		.byte	0x2
  70 0056 07        		.byte	0x7
  71 0057 0000 0000 		.long	.LASF4
  72 005b 02        		.uleb128 0x2
  73 005c 04        		.byte	0x4
  74 005d 05        		.byte	0x5
  75 005e 0000 0000 		.long	.LASF5
  76 0062 03        		.uleb128 0x3
  77 0063 0000 0000 		.long	.LASF6
  78 0067 01        		.byte	0x1
  79 0068 82        		.byte	0x82
  80 0069 16        		.byte	0x16
  81 006a 7300 0000 		.long	0x73
  82 006e 06        		.uleb128 0x6
  83 006f 6200 0000 		.long	0x62
  84 0073 02        		.uleb128 0x2
  85 0074 04        		.byte	0x4
  86 0075 07        		.byte	0x7
  87 0076 0000 0000 		.long	.LASF7
  88 007a 02        		.uleb128 0x2
  89 007b 08        		.byte	0x8
  90 007c 05        		.byte	0x5
  91 007d 0000 0000 		.long	.LASF8
  92 0081 02        		.uleb128 0x2
  93 0082 08        		.byte	0x8
  94 0083 07        		.byte	0x7
  95 0084 0000 0000 		.long	.LASF9
  96 0088 03        		.uleb128 0x3
  97 0089 0000 0000 		.long	.LASF10
  98 008d 02        		.byte	0x2
  99 008e D8        		.byte	0xd8
 100 008f 17        		.byte	0x17
 101 0090 5400 0000 		.long	0x54
 102 0094 02        		.uleb128 0x2
 103 0095 01        		.byte	0x1
 104 0096 02        		.byte	0x2
 105 0097 0000 0000 		.long	.LASF11
 106 009b 07        		.uleb128 0x7
 107 009c 0000 0000 		.long	.LASF22
 108 00a0 05        		.byte	0x5
 109 00a1 4B        		.byte	0x4b
 110 00a2 0D        		.byte	0xd
 111 00a3 9400 0000 		.long	0x94
 112 00a7 01        		.byte	0x1
 113 00a8 01        		.byte	0x1
 114 00a9 08        		.uleb128 0x8
 115 00aa 08        		.byte	0x8
 116 00ab 03        		.byte	0x3
 117 00ac AD        		.byte	0xad
 118 00ad 05        		.byte	0x5
 119 00ae E000 0000 		.long	0xe0
 120 00b2 09        		.uleb128 0x9
 121 00b3 0000 0000 		.long	.LASF12
 122 00b7 03        		.byte	0x3
 123 00b8 B1        		.byte	0xb1
 124 00b9 11        		.byte	0x11
 125 00ba 2400 0000 		.long	0x24
 126 00be 02        		.byte	0x2
 127 00bf 23        		.byte	0x23
 128 00c0 00        		.uleb128 0
 129 00c1 09        		.uleb128 0x9
 130 00c2 0000 0000 		.long	.LASF13
 131 00c6 03        		.byte	0x3
 132 00c7 B2        		.byte	0xb2
 133 00c8 11        		.byte	0x11
 134 00c9 2400 0000 		.long	0x24
 135 00cd 02        		.byte	0x2
 136 00ce 23        		.byte	0x23
 137 00cf 01        		.uleb128 0x1
 138 00d0 09        		.uleb128 0x9
 139 00d1 0000 0000 		.long	.LASF14
 140 00d5 03        		.byte	0x3
 141 00d6 B3        		.byte	0xb3
 142 00d7 11        		.byte	0x11
 143 00d8 E000 0000 		.long	0xe0
 144 00dc 02        		.byte	0x2
 145 00dd 23        		.byte	0x23
 146 00de 02        		.uleb128 0x2
 147 00df 00        		.byte	0
 148 00e0 0A        		.uleb128 0xa
 149 00e1 2400 0000 		.long	0x24
 150 00e5 F000 0000 		.long	0xf0
 151 00e9 0B        		.uleb128 0xb
 152 00ea 5400 0000 		.long	0x54
 153 00ee 05        		.byte	0x5
 154 00ef 00        		.byte	0
 155 00f0 0C        		.uleb128 0xc
 156 00f1 08        		.byte	0x8
 157 00f2 03        		.byte	0x3
 158 00f3 AB        		.byte	0xab
 159 00f4 09        		.byte	0x9
 160 00f5 0B01 0000 		.long	0x10b
 161 00f9 0D        		.uleb128 0xd
 162 00fa 7261 7700 		.string	"raw"
 163 00fe 03        		.byte	0x3
 164 00ff AC        		.byte	0xac
 165 0100 0D        		.byte	0xd
 166 0101 0B01 0000 		.long	0x10b
 167 0105 0E        		.uleb128 0xe
 168 0106 A900 0000 		.long	0xa9
 169 010a 00        		.byte	0
 170 010b 0A        		.uleb128 0xa
 171 010c 2400 0000 		.long	0x24
 172 0110 1B01 0000 		.long	0x11b
 173 0114 0B        		.uleb128 0xb
 174 0115 5400 0000 		.long	0x54
 175 0119 07        		.byte	0x7
 176 011a 00        		.byte	0
 177 011b 03        		.uleb128 0x3
 178 011c 0000 0000 		.long	.LASF15
 179 0120 03        		.byte	0x3
 180 0121 BE        		.byte	0xbe
 181 0122 1B        		.byte	0x1b
 182 0123 F000 0000 		.long	0xf0
 183 0127 0F        		.uleb128 0xf
 184 0128 02        		.byte	0x2
 185 0129 1B01 0000 		.long	0x11b
 186 012d 08        		.uleb128 0x8
 187 012e 01        		.byte	0x1
 188 012f 04        		.byte	0x4
 189 0130 26        		.byte	0x26
 190 0131 05        		.byte	0x5
 191 0132 A301 0000 		.long	0x1a3
 192 0136 10        		.uleb128 0x10
 193 0137 0000 0000 		.long	.LASF16
 194 013b 04        		.byte	0x4
 195 013c 27        		.byte	0x27
 196 013d 11        		.byte	0x11
 197 013e 9400 0000 		.long	0x94
 198 0142 01        		.byte	0x1
 199 0143 01        		.byte	0x1
 200 0144 07        		.byte	0x7
 201 0145 02        		.byte	0x2
 202 0146 23        		.byte	0x23
 203 0147 00        		.uleb128 0
 204 0148 10        		.uleb128 0x10
 205 0149 0000 0000 		.long	.LASF17
 206 014d 04        		.byte	0x4
 207 014e 28        		.byte	0x28
 208 014f 11        		.byte	0x11
 209 0150 9400 0000 		.long	0x94
 210 0154 01        		.byte	0x1
 211 0155 01        		.byte	0x1
 212 0156 06        		.byte	0x6
 213 0157 02        		.byte	0x2
 214 0158 23        		.byte	0x23
 215 0159 00        		.uleb128 0
 216 015a 10        		.uleb128 0x10
 217 015b 0000 0000 		.long	.LASF18
 218 015f 04        		.byte	0x4
 219 0160 29        		.byte	0x29
 220 0161 11        		.byte	0x11
 221 0162 9400 0000 		.long	0x94
 222 0166 01        		.byte	0x1
 223 0167 01        		.byte	0x1
 224 0168 05        		.byte	0x5
 225 0169 02        		.byte	0x2
 226 016a 23        		.byte	0x23
 227 016b 00        		.uleb128 0
 228 016c 10        		.uleb128 0x10
 229 016d 0000 0000 		.long	.LASF19
 230 0171 04        		.byte	0x4
 231 0172 2A        		.byte	0x2a
 232 0173 11        		.byte	0x11
 233 0174 9400 0000 		.long	0x94
 234 0178 01        		.byte	0x1
 235 0179 01        		.byte	0x1
 236 017a 04        		.byte	0x4
 237 017b 02        		.byte	0x2
 238 017c 23        		.byte	0x23
 239 017d 00        		.uleb128 0
 240 017e 10        		.uleb128 0x10
 241 017f 0000 0000 		.long	.LASF20
 242 0183 04        		.byte	0x4
 243 0184 2B        		.byte	0x2b
 244 0185 11        		.byte	0x11
 245 0186 9400 0000 		.long	0x94
 246 018a 01        		.byte	0x1
 247 018b 01        		.byte	0x1
 248 018c 03        		.byte	0x3
 249 018d 02        		.byte	0x2
 250 018e 23        		.byte	0x23
 251 018f 00        		.uleb128 0
 252 0190 10        		.uleb128 0x10
 253 0191 0000 0000 		.long	.LASF13
 254 0195 04        		.byte	0x4
 255 0196 2C        		.byte	0x2c
 256 0197 11        		.byte	0x11
 257 0198 2400 0000 		.long	0x24
 258 019c 01        		.byte	0x1
 259 019d 03        		.byte	0x3
 260 019e 00        		.byte	0
 261 019f 02        		.byte	0x2
 262 01a0 23        		.byte	0x23
 263 01a1 00        		.uleb128 0
 264 01a2 00        		.byte	0
 265 01a3 0C        		.uleb128 0xc
 266 01a4 01        		.byte	0x1
 267 01a5 04        		.byte	0x4
 268 01a6 24        		.byte	0x24
 269 01a7 09        		.byte	0x9
 270 01a8 BE01 0000 		.long	0x1be
 271 01ac 0D        		.uleb128 0xd
 272 01ad 7261 7700 		.string	"raw"
 273 01b1 04        		.byte	0x4
 274 01b2 25        		.byte	0x25
 275 01b3 0D        		.byte	0xd
 276 01b4 2400 0000 		.long	0x24
 277 01b8 0E        		.uleb128 0xe
 278 01b9 2D01 0000 		.long	0x12d
 279 01bd 00        		.byte	0
 280 01be 03        		.uleb128 0x3
 281 01bf 0000 0000 		.long	.LASF21
 282 01c3 04        		.byte	0x4
 283 01c4 2E        		.byte	0x2e
 284 01c5 03        		.byte	0x3
 285 01c6 A301 0000 		.long	0x1a3
 286 01ca 07        		.uleb128 0x7
 287 01cb 0000 0000 		.long	.LASF23
 288 01cf 06        		.byte	0x6
 289 01d0 24        		.byte	0x24
 290 01d1 10        		.byte	0x10
 291 01d2 2400 0000 		.long	0x24
 292 01d6 01        		.byte	0x1
 293 01d7 01        		.byte	0x1
 294 01d8 07        		.uleb128 0x7
 295 01d9 0000 0000 		.long	.LASF24
 296 01dd 06        		.byte	0x6
 297 01de 25        		.byte	0x25
 298 01df 10        		.byte	0x10
 299 01e0 2400 0000 		.long	0x24
 300 01e4 01        		.byte	0x1
 301 01e5 01        		.byte	0x1
 302 01e6 11        		.uleb128 0x11
 303 01e7 01        		.byte	0x1
 304 01e8 F201 0000 		.long	0x1f2
 305 01ec 12        		.uleb128 0x12
 306 01ed 2400 0000 		.long	0x24
 307 01f1 00        		.byte	0
 308 01f2 07        		.uleb128 0x7
 309 01f3 0000 0000 		.long	.LASF25
 310 01f7 07        		.byte	0x7
 311 01f8 0E        		.byte	0xe
 312 01f9 0F        		.byte	0xf
 313 01fa 0002 0000 		.long	0x200
 314 01fe 01        		.byte	0x1
 315 01ff 01        		.byte	0x1
 316 0200 0F        		.uleb128 0xf
 317 0201 02        		.byte	0x2
 318 0202 E601 0000 		.long	0x1e6
 319 0206 08        		.uleb128 0x8
 320 0207 01        		.byte	0x1
 321 0208 08        		.byte	0x8
 322 0209 1F        		.byte	0x1f
 323 020a 05        		.byte	0x5
 324 020b 6A02 0000 		.long	0x26a
 325 020f 10        		.uleb128 0x10
 326 0210 0000 0000 		.long	.LASF26
 327 0214 08        		.byte	0x8
 328 0215 20        		.byte	0x20
 329 0216 11        		.byte	0x11
 330 0217 9400 0000 		.long	0x94
 331 021b 01        		.byte	0x1
 332 021c 01        		.byte	0x1
 333 021d 07        		.byte	0x7
 334 021e 02        		.byte	0x2
 335 021f 23        		.byte	0x23
 336 0220 00        		.uleb128 0
 337 0221 10        		.uleb128 0x10
 338 0222 0000 0000 		.long	.LASF27
 339 0226 08        		.byte	0x8
 340 0227 21        		.byte	0x21
 341 0228 11        		.byte	0x11
 342 0229 9400 0000 		.long	0x94
 343 022d 01        		.byte	0x1
 344 022e 01        		.byte	0x1
 345 022f 06        		.byte	0x6
 346 0230 02        		.byte	0x2
 347 0231 23        		.byte	0x23
 348 0232 00        		.uleb128 0
 349 0233 10        		.uleb128 0x10
 350 0234 0000 0000 		.long	.LASF28
 351 0238 08        		.byte	0x8
 352 0239 22        		.byte	0x22
 353 023a 11        		.byte	0x11
 354 023b 9400 0000 		.long	0x94
 355 023f 01        		.byte	0x1
 356 0240 01        		.byte	0x1
 357 0241 05        		.byte	0x5
 358 0242 02        		.byte	0x2
 359 0243 23        		.byte	0x23
 360 0244 00        		.uleb128 0
 361 0245 10        		.uleb128 0x10
 362 0246 0000 0000 		.long	.LASF29
 363 024a 08        		.byte	0x8
 364 024b 23        		.byte	0x23
 365 024c 11        		.byte	0x11
 366 024d 9400 0000 		.long	0x94
 367 0251 01        		.byte	0x1
 368 0252 01        		.byte	0x1
 369 0253 04        		.byte	0x4
 370 0254 02        		.byte	0x2
 371 0255 23        		.byte	0x23
 372 0256 00        		.uleb128 0
 373 0257 10        		.uleb128 0x10
 374 0258 0000 0000 		.long	.LASF13
 375 025c 08        		.byte	0x8
 376 025d 24        		.byte	0x24
 377 025e 11        		.byte	0x11
 378 025f 2400 0000 		.long	0x24
 379 0263 01        		.byte	0x1
 380 0264 04        		.byte	0x4
 381 0265 00        		.byte	0
 382 0266 02        		.byte	0x2
 383 0267 23        		.byte	0x23
 384 0268 00        		.uleb128 0
 385 0269 00        		.byte	0
 386 026a 0C        		.uleb128 0xc
 387 026b 01        		.byte	0x1
 388 026c 08        		.byte	0x8
 389 026d 1E        		.byte	0x1e
 390 026e 09        		.byte	0x9
 391 026f 8502 0000 		.long	0x285
 392 0273 0E        		.uleb128 0xe
 393 0274 0602 0000 		.long	0x206
 394 0278 0D        		.uleb128 0xd
 395 0279 7261 7700 		.string	"raw"
 396 027d 08        		.byte	0x8
 397 027e 26        		.byte	0x26
 398 027f 0D        		.byte	0xd
 399 0280 2400 0000 		.long	0x24
 400 0284 00        		.byte	0
 401 0285 03        		.uleb128 0x3
 402 0286 0000 0000 		.long	.LASF30
 403 028a 08        		.byte	0x8
 404 028b 27        		.byte	0x27
 405 028c 03        		.byte	0x3
 406 028d 6A02 0000 		.long	0x26a
 407 0291 07        		.uleb128 0x7
 408 0292 0000 0000 		.long	.LASF31
 409 0296 08        		.byte	0x8
 410 0297 29        		.byte	0x29
 411 0298 17        		.byte	0x17
 412 0299 8502 0000 		.long	0x285
 413 029d 01        		.byte	0x1
 414 029e 01        		.byte	0x1
 415 029f 08        		.uleb128 0x8
 416 02a0 02        		.byte	0x2
 417 02a1 09        		.byte	0x9
 418 02a2 1D        		.byte	0x1d
 419 02a3 05        		.byte	0x5
 420 02a4 6F03 0000 		.long	0x36f
 421 02a8 10        		.uleb128 0x10
 422 02a9 0000 0000 		.long	.LASF32
 423 02ad 09        		.byte	0x9
 424 02ae 1E        		.byte	0x1e
 425 02af 0E        		.byte	0xe
 426 02b0 9400 0000 		.long	0x94
 427 02b4 01        		.byte	0x1
 428 02b5 01        		.byte	0x1
 429 02b6 07        		.byte	0x7
 430 02b7 02        		.byte	0x2
 431 02b8 23        		.byte	0x23
 432 02b9 00        		.uleb128 0
 433 02ba 10        		.uleb128 0x10
 434 02bb 0000 0000 		.long	.LASF33
 435 02bf 09        		.byte	0x9
 436 02c0 1F        		.byte	0x1f
 437 02c1 0E        		.byte	0xe
 438 02c2 9400 0000 		.long	0x94
 439 02c6 01        		.byte	0x1
 440 02c7 01        		.byte	0x1
 441 02c8 06        		.byte	0x6
 442 02c9 02        		.byte	0x2
 443 02ca 23        		.byte	0x23
 444 02cb 00        		.uleb128 0
 445 02cc 10        		.uleb128 0x10
 446 02cd 0000 0000 		.long	.LASF34
 447 02d1 09        		.byte	0x9
 448 02d2 20        		.byte	0x20
 449 02d3 0E        		.byte	0xe
 450 02d4 9400 0000 		.long	0x94
 451 02d8 01        		.byte	0x1
 452 02d9 01        		.byte	0x1
 453 02da 05        		.byte	0x5
 454 02db 02        		.byte	0x2
 455 02dc 23        		.byte	0x23
 456 02dd 00        		.uleb128 0
 457 02de 10        		.uleb128 0x10
 458 02df 0000 0000 		.long	.LASF35
 459 02e3 09        		.byte	0x9
 460 02e4 21        		.byte	0x21
 461 02e5 0E        		.byte	0xe
 462 02e6 9400 0000 		.long	0x94
 463 02ea 01        		.byte	0x1
 464 02eb 01        		.byte	0x1
 465 02ec 04        		.byte	0x4
 466 02ed 02        		.byte	0x2
 467 02ee 23        		.byte	0x23
 468 02ef 00        		.uleb128 0
 469 02f0 10        		.uleb128 0x10
 470 02f1 0000 0000 		.long	.LASF36
 471 02f5 09        		.byte	0x9
 472 02f6 22        		.byte	0x22
 473 02f7 0E        		.byte	0xe
 474 02f8 9400 0000 		.long	0x94
 475 02fc 01        		.byte	0x1
 476 02fd 01        		.byte	0x1
 477 02fe 03        		.byte	0x3
 478 02ff 02        		.byte	0x2
 479 0300 23        		.byte	0x23
 480 0301 00        		.uleb128 0
 481 0302 10        		.uleb128 0x10
 482 0303 0000 0000 		.long	.LASF37
 483 0307 09        		.byte	0x9
 484 0308 23        		.byte	0x23
 485 0309 0E        		.byte	0xe
 486 030a 9400 0000 		.long	0x94
 487 030e 01        		.byte	0x1
 488 030f 01        		.byte	0x1
 489 0310 02        		.byte	0x2
 490 0311 02        		.byte	0x2
 491 0312 23        		.byte	0x23
 492 0313 00        		.uleb128 0
 493 0314 10        		.uleb128 0x10
 494 0315 0000 0000 		.long	.LASF38
 495 0319 09        		.byte	0x9
 496 031a 24        		.byte	0x24
 497 031b 0E        		.byte	0xe
 498 031c 9400 0000 		.long	0x94
 499 0320 01        		.byte	0x1
 500 0321 01        		.byte	0x1
 501 0322 01        		.byte	0x1
 502 0323 02        		.byte	0x2
 503 0324 23        		.byte	0x23
 504 0325 00        		.uleb128 0
 505 0326 10        		.uleb128 0x10
 506 0327 0000 0000 		.long	.LASF39
 507 032b 09        		.byte	0x9
 508 032c 25        		.byte	0x25
 509 032d 0E        		.byte	0xe
 510 032e 9400 0000 		.long	0x94
 511 0332 01        		.byte	0x1
 512 0333 01        		.byte	0x1
 513 0334 00        		.byte	0
 514 0335 02        		.byte	0x2
 515 0336 23        		.byte	0x23
 516 0337 00        		.uleb128 0
 517 0338 10        		.uleb128 0x10
 518 0339 0000 0000 		.long	.LASF40
 519 033d 09        		.byte	0x9
 520 033e 26        		.byte	0x26
 521 033f 0E        		.byte	0xe
 522 0340 9400 0000 		.long	0x94
 523 0344 01        		.byte	0x1
 524 0345 01        		.byte	0x1
 525 0346 07        		.byte	0x7
 526 0347 02        		.byte	0x2
 527 0348 23        		.byte	0x23
 528 0349 01        		.uleb128 0x1
 529 034a 10        		.uleb128 0x10
 530 034b 0000 0000 		.long	.LASF41
 531 034f 09        		.byte	0x9
 532 0350 27        		.byte	0x27
 533 0351 0E        		.byte	0xe
 534 0352 9400 0000 		.long	0x94
 535 0356 01        		.byte	0x1
 536 0357 01        		.byte	0x1
 537 0358 06        		.byte	0x6
 538 0359 02        		.byte	0x2
 539 035a 23        		.byte	0x23
 540 035b 01        		.uleb128 0x1
 541 035c 10        		.uleb128 0x10
 542 035d 0000 0000 		.long	.LASF42
 543 0361 09        		.byte	0x9
 544 0362 28        		.byte	0x28
 545 0363 0E        		.byte	0xe
 546 0364 9400 0000 		.long	0x94
 547 0368 01        		.byte	0x1
 548 0369 01        		.byte	0x1
 549 036a 05        		.byte	0x5
 550 036b 02        		.byte	0x2
 551 036c 23        		.byte	0x23
 552 036d 01        		.uleb128 0x1
 553 036e 00        		.byte	0
 554 036f 0C        		.uleb128 0xc
 555 0370 02        		.byte	0x2
 556 0371 09        		.byte	0x9
 557 0372 1B        		.byte	0x1b
 558 0373 09        		.byte	0x9
 559 0374 8A03 0000 		.long	0x38a
 560 0378 0D        		.uleb128 0xd
 561 0379 7261 7700 		.string	"raw"
 562 037d 09        		.byte	0x9
 563 037e 1C        		.byte	0x1c
 564 037f 0E        		.byte	0xe
 565 0380 4300 0000 		.long	0x43
 566 0384 0E        		.uleb128 0xe
 567 0385 9F02 0000 		.long	0x29f
 568 0389 00        		.byte	0
 569 038a 03        		.uleb128 0x3
 570 038b 0000 0000 		.long	.LASF43
 571 038f 09        		.byte	0x9
 572 0390 2A        		.byte	0x2a
 573 0391 03        		.byte	0x3
 574 0392 6F03 0000 		.long	0x36f
 575 0396 07        		.uleb128 0x7
 576 0397 0000 0000 		.long	.LASF44
 577 039b 09        		.byte	0x9
 578 039c 2C        		.byte	0x2c
 579 039d 18        		.byte	0x18
 580 039e 8A03 0000 		.long	0x38a
 581 03a2 01        		.byte	0x1
 582 03a3 01        		.byte	0x1
 583 03a4 07        		.uleb128 0x7
 584 03a5 0000 0000 		.long	.LASF45
 585 03a9 0A        		.byte	0xa
 586 03aa 20        		.byte	0x20
 587 03ab 1A        		.byte	0x1a
 588 03ac 6E00 0000 		.long	0x6e
 589 03b0 01        		.byte	0x1
 590 03b1 01        		.byte	0x1
 591 03b2 13        		.uleb128 0x13
 592 03b3 07        		.byte	0x7
 593 03b4 01        		.byte	0x1
 594 03b5 3500 0000 		.long	0x35
 595 03b9 0B        		.byte	0xb
 596 03ba 2D        		.byte	0x2d
 597 03bb 0E        		.byte	0xe
 598 03bc FD03 0000 		.long	0x3fd
 599 03c0 14        		.uleb128 0x14
 600 03c1 0000 0000 		.long	.LASF46
 601 03c5 00        		.byte	0
 602 03c6 14        		.uleb128 0x14
 603 03c7 0000 0000 		.long	.LASF47
 604 03cb 01        		.byte	0x1
 605 03cc 14        		.uleb128 0x14
 606 03cd 0000 0000 		.long	.LASF48
 607 03d1 02        		.byte	0x2
 608 03d2 14        		.uleb128 0x14
 609 03d3 0000 0000 		.long	.LASF49
 610 03d7 03        		.byte	0x3
 611 03d8 14        		.uleb128 0x14
 612 03d9 0000 0000 		.long	.LASF50
 613 03dd 04        		.byte	0x4
 614 03de 14        		.uleb128 0x14
 615 03df 0000 0000 		.long	.LASF51
 616 03e3 05        		.byte	0x5
 617 03e4 14        		.uleb128 0x14
 618 03e5 0000 0000 		.long	.LASF52
 619 03e9 06        		.byte	0x6
 620 03ea 14        		.uleb128 0x14
 621 03eb 0000 0000 		.long	.LASF53
 622 03ef 07        		.byte	0x7
 623 03f0 14        		.uleb128 0x14
 624 03f1 0000 0000 		.long	.LASF54
 625 03f5 08        		.byte	0x8
 626 03f6 14        		.uleb128 0x14
 627 03f7 0000 0000 		.long	.LASF55
 628 03fb 09        		.byte	0x9
 629 03fc 00        		.byte	0
 630 03fd 03        		.uleb128 0x3
 631 03fe 0000 0000 		.long	.LASF56
 632 0402 0B        		.byte	0xb
 633 0403 2D        		.byte	0x2d
 634 0404 89        		.byte	0x89
 635 0405 B203 0000 		.long	0x3b2
 636 0409 08        		.uleb128 0x8
 637 040a 23        		.byte	0x23
 638 040b 0B        		.byte	0xb
 639 040c 2F        		.byte	0x2f
 640 040d 09        		.byte	0x9
 641 040e 5E04 0000 		.long	0x45e
 642 0412 09        		.uleb128 0x9
 643 0413 0000 0000 		.long	.LASF57
 644 0417 0B        		.byte	0xb
 645 0418 30        		.byte	0x30
 646 0419 1C        		.byte	0x1c
 647 041a 9400 0000 		.long	0x94
 648 041e 02        		.byte	0x2
 649 041f 23        		.byte	0x23
 650 0420 00        		.uleb128 0
 651 0421 09        		.uleb128 0x9
 652 0422 0000 0000 		.long	.LASF58
 653 0426 0B        		.byte	0xb
 654 0427 31        		.byte	0x31
 655 0428 1C        		.byte	0x1c
 656 0429 5E04 0000 		.long	0x45e
 657 042d 02        		.byte	0x2
 658 042e 23        		.byte	0x23
 659 042f 01        		.uleb128 0x1
 660 0430 09        		.uleb128 0x9
 661 0431 0000 0000 		.long	.LASF59
 662 0435 0B        		.byte	0xb
 663 0436 32        		.byte	0x32
 664 0437 1C        		.byte	0x1c
 665 0438 6E04 0000 		.long	0x46e
 666 043c 02        		.byte	0x2
 667 043d 23        		.byte	0x23
 668 043e 11        		.uleb128 0x11
 669 043f 09        		.uleb128 0x9
 670 0440 0000 0000 		.long	.LASF60
 671 0444 0B        		.byte	0xb
 672 0445 33        		.byte	0x33
 673 0446 1C        		.byte	0x1c
 674 0447 2400 0000 		.long	0x24
 675 044b 02        		.byte	0x2
 676 044c 23        		.byte	0x23
 677 044d 21        		.uleb128 0x21
 678 044e 09        		.uleb128 0x9
 679 044f 0000 0000 		.long	.LASF61
 680 0453 0B        		.byte	0xb
 681 0454 34        		.byte	0x34
 682 0455 1C        		.byte	0x1c
 683 0456 FD03 0000 		.long	0x3fd
 684 045a 02        		.byte	0x2
 685 045b 23        		.byte	0x23
 686 045c 22        		.uleb128 0x22
 687 045d 00        		.byte	0
 688 045e 0A        		.uleb128 0xa
 689 045f 2400 0000 		.long	0x24
 690 0463 6E04 0000 		.long	0x46e
 691 0467 0B        		.uleb128 0xb
 692 0468 5400 0000 		.long	0x54
 693 046c 0F        		.byte	0xf
 694 046d 00        		.byte	0
 695 046e 0A        		.uleb128 0xa
 696 046f 4300 0000 		.long	0x43
 697 0473 7E04 0000 		.long	0x47e
 698 0477 0B        		.uleb128 0xb
 699 0478 5400 0000 		.long	0x54
 700 047c 07        		.byte	0x7
 701 047d 00        		.byte	0
 702 047e 03        		.uleb128 0x3
 703 047f 0000 0000 		.long	.LASF62
 704 0483 0B        		.byte	0xb
 705 0484 35        		.byte	0x35
 706 0485 03        		.byte	0x3
 707 0486 0904 0000 		.long	0x409
 708 048a 15        		.uleb128 0x15
 709 048b 0000 0000 		.long	.LASF66
 710 048f 07        		.byte	0x7
 711 0490 01        		.byte	0x1
 712 0491 3500 0000 		.long	0x35
 713 0495 0B        		.byte	0xb
 714 0496 3B        		.byte	0x3b
 715 0497 0E        		.byte	0xe
 716 0498 AF04 0000 		.long	0x4af
 717 049c 14        		.uleb128 0x14
 718 049d 0000 0000 		.long	.LASF63
 719 04a1 00        		.byte	0
 720 04a2 14        		.uleb128 0x14
 721 04a3 0000 0000 		.long	.LASF64
 722 04a7 01        		.byte	0x1
 723 04a8 14        		.uleb128 0x14
 724 04a9 0000 0000 		.long	.LASF65
 725 04ad 02        		.byte	0x2
 726 04ae 00        		.byte	0
 727 04af 03        		.uleb128 0x3
 728 04b0 0000 0000 		.long	.LASF66
 729 04b4 0B        		.byte	0xb
 730 04b5 3F        		.byte	0x3f
 731 04b6 03        		.byte	0x3
 732 04b7 8A04 0000 		.long	0x48a
 733 04bb 08        		.uleb128 0x8
 734 04bc 06        		.byte	0x6
 735 04bd 0B        		.byte	0xb
 736 04be 41        		.byte	0x41
 737 04bf 09        		.byte	0x9
 738 04c0 1005 0000 		.long	0x510
 739 04c4 09        		.uleb128 0x9
 740 04c5 0000 0000 		.long	.LASF67
 741 04c9 0B        		.byte	0xb
 742 04ca 42        		.byte	0x42
 743 04cb 17        		.byte	0x17
 744 04cc 2400 0000 		.long	0x24
 745 04d0 02        		.byte	0x2
 746 04d1 23        		.byte	0x23
 747 04d2 00        		.uleb128 0
 748 04d3 09        		.uleb128 0x9
 749 04d4 0000 0000 		.long	.LASF68
 750 04d8 0B        		.byte	0xb
 751 04d9 43        		.byte	0x43
 752 04da 17        		.byte	0x17
 753 04db 2400 0000 		.long	0x24
 754 04df 02        		.byte	0x2
 755 04e0 23        		.byte	0x23
 756 04e1 01        		.uleb128 0x1
 757 04e2 09        		.uleb128 0x9
 758 04e3 0000 0000 		.long	.LASF69
 759 04e7 0B        		.byte	0xb
 760 04e8 44        		.byte	0x44
 761 04e9 17        		.byte	0x17
 762 04ea 2400 0000 		.long	0x24
 763 04ee 02        		.byte	0x2
 764 04ef 23        		.byte	0x23
 765 04f0 02        		.uleb128 0x2
 766 04f1 09        		.uleb128 0x9
 767 04f2 0000 0000 		.long	.LASF70
 768 04f6 0B        		.byte	0xb
 769 04f7 45        		.byte	0x45
 770 04f8 17        		.byte	0x17
 771 04f9 4300 0000 		.long	0x43
 772 04fd 02        		.byte	0x2
 773 04fe 23        		.byte	0x23
 774 04ff 03        		.uleb128 0x3
 775 0500 09        		.uleb128 0x9
 776 0501 0000 0000 		.long	.LASF71
 777 0505 0B        		.byte	0xb
 778 0506 46        		.byte	0x46
 779 0507 17        		.byte	0x17
 780 0508 AF04 0000 		.long	0x4af
 781 050c 02        		.byte	0x2
 782 050d 23        		.byte	0x23
 783 050e 05        		.uleb128 0x5
 784 050f 00        		.byte	0
 785 0510 03        		.uleb128 0x3
 786 0511 0000 0000 		.long	.LASF72
 787 0515 0B        		.byte	0xb
 788 0516 47        		.byte	0x47
 789 0517 03        		.byte	0x3
 790 0518 BB04 0000 		.long	0x4bb
 791 051c 07        		.uleb128 0x7
 792 051d 0000 0000 		.long	.LASF73
 793 0521 0B        		.byte	0xb
 794 0522 49        		.byte	0x49
 795 0523 1B        		.byte	0x1b
 796 0524 7E04 0000 		.long	0x47e
 797 0528 01        		.byte	0x1
 798 0529 01        		.byte	0x1
 799 052a 07        		.uleb128 0x7
 800 052b 0000 0000 		.long	.LASF74
 801 052f 0B        		.byte	0xb
 802 0530 4C        		.byte	0x4c
 803 0531 1A        		.byte	0x1a
 804 0532 1005 0000 		.long	0x510
 805 0536 01        		.byte	0x1
 806 0537 01        		.byte	0x1
 807 0538 0A        		.uleb128 0xa
 808 0539 4F00 0000 		.long	0x4f
 809 053d 4F05 0000 		.long	0x54f
 810 0541 16        		.uleb128 0x16
 811 0542 0B        		.uleb128 0xb
 812 0543 5400 0000 		.long	0x54
 813 0547 04        		.byte	0x4
 814 0548 0B        		.uleb128 0xb
 815 0549 5400 0000 		.long	0x54
 816 054d 0C        		.byte	0xc
 817 054e 00        		.byte	0
 818 054f 04        		.uleb128 0x4
 819 0550 3805 0000 		.long	0x538
 820 0554 07        		.uleb128 0x7
 821 0555 0000 0000 		.long	.LASF75
 822 0559 0C        		.byte	0xc
 823 055a 37        		.byte	0x37
 824 055b 17        		.byte	0x17
 825 055c 4F05 0000 		.long	0x54f
 826 0560 01        		.byte	0x1
 827 0561 01        		.byte	0x1
 828 0562 0A        		.uleb128 0xa
 829 0563 4F00 0000 		.long	0x4f
 830 0567 6D05 0000 		.long	0x56d
 831 056b 16        		.uleb128 0x16
 832 056c 00        		.byte	0
 833 056d 04        		.uleb128 0x4
 834 056e 6205 0000 		.long	0x562
 835 0572 07        		.uleb128 0x7
 836 0573 0000 0000 		.long	.LASF76
 837 0577 0C        		.byte	0xc
 838 0578 38        		.byte	0x38
 839 0579 17        		.byte	0x17
 840 057a 6D05 0000 		.long	0x56d
 841 057e 01        		.byte	0x1
 842 057f 01        		.byte	0x1
 843 0580 03        		.uleb128 0x3
 844 0581 0000 0000 		.long	.LASF77
 845 0585 0D        		.byte	0xd
 846 0586 27        		.byte	0x27
 847 0587 12        		.byte	0x12
 848 0588 6200 0000 		.long	0x62
 849 058c 07        		.uleb128 0x7
 850 058d 0000 0000 		.long	.LASF78
 851 0591 0D        		.byte	0xd
 852 0592 32        		.byte	0x32
 853 0593 16        		.byte	0x16
 854 0594 8005 0000 		.long	0x580
 855 0598 01        		.byte	0x1
 856 0599 01        		.byte	0x1
 857 059a 07        		.uleb128 0x7
 858 059b 0000 0000 		.long	.LASF79
 859 059f 0D        		.byte	0xd
 860 05a0 48        		.byte	0x48
 861 05a1 16        		.byte	0x16
 862 05a2 8005 0000 		.long	0x580
 863 05a6 01        		.byte	0x1
 864 05a7 01        		.byte	0x1
 865 05a8 07        		.uleb128 0x7
 866 05a9 0000 0000 		.long	.LASF80
 867 05ad 0E        		.byte	0xe
 868 05ae 1B        		.byte	0x1b
 869 05af 1B        		.byte	0x1b
 870 05b0 2701 0000 		.long	0x127
 871 05b4 01        		.byte	0x1
 872 05b5 01        		.byte	0x1
 873 05b6 0A        		.uleb128 0xa
 874 05b7 3000 0000 		.long	0x30
 875 05bb C605 0000 		.long	0x5c6
 876 05bf 0B        		.uleb128 0xb
 877 05c0 5400 0000 		.long	0x54
 878 05c4 0F        		.byte	0xf
 879 05c5 00        		.byte	0
 880 05c6 04        		.uleb128 0x4
 881 05c7 B605 0000 		.long	0x5b6
 882 05cb 07        		.uleb128 0x7
 883 05cc 0000 0000 		.long	.LASF81
 884 05d0 0F        		.byte	0xf
 885 05d1 1A        		.byte	0x1a
 886 05d2 16        		.byte	0x16
 887 05d3 C605 0000 		.long	0x5c6
 888 05d7 01        		.byte	0x1
 889 05d8 01        		.byte	0x1
 890 05d9 07        		.uleb128 0x7
 891 05da 0000 0000 		.long	.LASF82
 892 05de 0F        		.byte	0xf
 893 05df 1B        		.byte	0x1b
 894 05e0 16        		.byte	0x16
 895 05e1 C605 0000 		.long	0x5c6
 896 05e5 01        		.byte	0x1
 897 05e6 01        		.byte	0x1
 898 05e7 07        		.uleb128 0x7
 899 05e8 0000 0000 		.long	.LASF83
 900 05ec 0F        		.byte	0xf
 901 05ed 1C        		.byte	0x1c
 902 05ee 16        		.byte	0x16
 903 05ef C605 0000 		.long	0x5c6
 904 05f3 01        		.byte	0x1
 905 05f4 01        		.byte	0x1
 906 05f5 0A        		.uleb128 0xa
 907 05f6 3000 0000 		.long	0x30
 908 05fa 0506 0000 		.long	0x605
 909 05fe 0B        		.uleb128 0xb
 910 05ff 5400 0000 		.long	0x54
 911 0603 7F        		.byte	0x7f
 912 0604 00        		.byte	0
 913 0605 04        		.uleb128 0x4
 914 0606 F505 0000 		.long	0x5f5
 915 060a 07        		.uleb128 0x7
 916 060b 0000 0000 		.long	.LASF84
 917 060f 0F        		.byte	0xf
 918 0610 1D        		.byte	0x1d
 919 0611 16        		.byte	0x16
 920 0612 0506 0000 		.long	0x605
 921 0616 01        		.byte	0x1
 922 0617 01        		.byte	0x1
 923 0618 17        		.uleb128 0x17
 924 0619 0000 0000 		.long	.LASF85
 925 061d 10        		.byte	0x10
 926 061e 3801      		.word	0x138
 927 0620 0F        		.byte	0xf
 928 0621 8800 0000 		.long	0x88
 929 0625 01        		.byte	0x1
 930 0626 01        		.byte	0x1
 931 0627 17        		.uleb128 0x17
 932 0628 0000 0000 		.long	.LASF86
 933 062c 10        		.byte	0x10
 934 062d 3D01      		.word	0x13d
 935 062f 0E        		.byte	0xe
 936 0630 3606 0000 		.long	0x636
 937 0634 01        		.byte	0x1
 938 0635 01        		.byte	0x1
 939 0636 0F        		.uleb128 0xf
 940 0637 02        		.byte	0x2
 941 0638 3C06 0000 		.long	0x63c
 942 063c 02        		.uleb128 0x2
 943 063d 01        		.byte	0x1
 944 063e 08        		.byte	0x8
 945 063f 0000 0000 		.long	.LASF87
 946 0643 17        		.uleb128 0x17
 947 0644 0000 0000 		.long	.LASF88
 948 0648 10        		.byte	0x10
 949 0649 4201      		.word	0x142
 950 064b 0E        		.byte	0xe
 951 064c 3606 0000 		.long	0x636
 952 0650 01        		.byte	0x1
 953 0651 01        		.byte	0x1
 954 0652 08        		.uleb128 0x8
 955 0653 01        		.byte	0x1
 956 0654 11        		.byte	0x11
 957 0655 48        		.byte	0x48
 958 0656 05        		.byte	0x5
 959 0657 6E06 0000 		.long	0x66e
 960 065b 10        		.uleb128 0x10
 961 065c 0000 0000 		.long	.LASF89
 962 0660 11        		.byte	0x11
 963 0661 49        		.byte	0x49
 964 0662 11        		.byte	0x11
 965 0663 2400 0000 		.long	0x24
 966 0667 01        		.byte	0x1
 967 0668 08        		.byte	0x8
 968 0669 00        		.byte	0
 969 066a 02        		.byte	0x2
 970 066b 23        		.byte	0x23
 971 066c 00        		.uleb128 0
 972 066d 00        		.byte	0
 973 066e 0C        		.uleb128 0xc
 974 066f 04        		.byte	0x4
 975 0670 11        		.byte	0x11
 976 0671 46        		.byte	0x46
 977 0672 09        		.byte	0x9
 978 0673 8906 0000 		.long	0x689
 979 0677 0D        		.uleb128 0xd
 980 0678 7261 7700 		.string	"raw"
 981 067c 11        		.byte	0x11
 982 067d 47        		.byte	0x47
 983 067e 0E        		.byte	0xe
 984 067f 6200 0000 		.long	0x62
 985 0683 0E        		.uleb128 0xe
 986 0684 5206 0000 		.long	0x652
 987 0688 00        		.byte	0
 988 0689 03        		.uleb128 0x3
 989 068a 0000 0000 		.long	.LASF90
 990 068e 11        		.byte	0x11
 991 068f 4B        		.byte	0x4b
 992 0690 03        		.byte	0x3
 993 0691 6E06 0000 		.long	0x66e
 994 0695 07        		.uleb128 0x7
 995 0696 0000 0000 		.long	.LASF91
 996 069a 11        		.byte	0x11
 997 069b 4D        		.byte	0x4d
 998 069c 19        		.byte	0x19
 999 069d 8906 0000 		.long	0x689
 1000 06a1 01        		.byte	0x1
 1001 06a2 01        		.byte	0x1
 1002 06a3 18        		.uleb128 0x18
 1003 06a4 01        		.byte	0x1
 1004 06a5 0000 0000 		.long	.LASF96
 1005 06a9 12        		.byte	0x12
 1006 06aa 82        		.byte	0x82
 1007 06ab 1C        		.byte	0x1c
 1008 06ac 01        		.byte	0x1
 1009 06ad BE06 0000 		.long	0x6be
 1010 06b1 19        		.uleb128 0x19
 1011 06b2 0000 0000 		.long	.LASF92
 1012 06b6 12        		.byte	0x12
 1013 06b7 82        		.byte	0x82
 1014 06b8 2C        		.byte	0x2c
 1015 06b9 2400 0000 		.long	0x24
 1016 06bd 00        		.byte	0
 1017 06be 1A        		.uleb128 0x1a
 1018 06bf 01        		.byte	0x1
 1019 06c0 0000 0000 		.long	.LASF101
 1020 06c4 12        		.byte	0x12
 1021 06c5 69        		.byte	0x69
 1022 06c6 1C        		.byte	0x1c
 1023 06c7 01        		.byte	0x1
 1024 06c8 1B        		.uleb128 0x1b
 1025 06c9 01        		.byte	0x1
 1026 06ca 0000 0000 		.long	.LASF94
 1027 06ce 12        		.byte	0x12
 1028 06cf 4A        		.byte	0x4a
 1029 06d0 1C        		.byte	0x1c
 1030 06d1 01        		.byte	0x1
 1031 06d2 9400 0000 		.long	0x94
 1032 06d6 F306 0000 		.long	0x6f3
 1033 06da 19        		.uleb128 0x19
 1034 06db 0000 0000 		.long	.LASF93
 1035 06df 12        		.byte	0x12
 1036 06e0 4A        		.byte	0x4a
 1037 06e1 30        		.byte	0x30
 1038 06e2 BE01 0000 		.long	0x1be
 1039 06e6 1C        		.uleb128 0x1c
 1040 06e7 7265 7300 		.string	"res"
 1041 06eb 12        		.byte	0x12
 1042 06ec 4B        		.byte	0x4b
 1043 06ed 0A        		.byte	0xa
 1044 06ee 9400 0000 		.long	0x94
 1045 06f2 00        		.byte	0
 1046 06f3 1B        		.uleb128 0x1b
 1047 06f4 01        		.byte	0x1
 1048 06f5 0000 0000 		.long	.LASF95
 1049 06f9 12        		.byte	0x12
 1050 06fa 44        		.byte	0x44
 1051 06fb 1C        		.byte	0x1c
 1052 06fc 01        		.byte	0x1
 1053 06fd 9400 0000 		.long	0x94
 1054 0701 1207 0000 		.long	0x712
 1055 0705 19        		.uleb128 0x19
 1056 0706 0000 0000 		.long	.LASF93
 1057 070a 12        		.byte	0x12
 1058 070b 44        		.byte	0x44
 1059 070c 32        		.byte	0x32
 1060 070d BE01 0000 		.long	0x1be
 1061 0711 00        		.byte	0
 1062 0712 18        		.uleb128 0x18
 1063 0713 01        		.byte	0x1
 1064 0714 0000 0000 		.long	.LASF97
 1065 0718 12        		.byte	0x12
 1066 0719 3E        		.byte	0x3e
 1067 071a 1C        		.byte	0x1c
 1068 071b 01        		.byte	0x1
 1069 071c 2D07 0000 		.long	0x72d
 1070 0720 19        		.uleb128 0x19
 1071 0721 0000 0000 		.long	.LASF92
 1072 0725 12        		.byte	0x12
 1073 0726 3E        		.byte	0x3e
 1074 0727 2F        		.byte	0x2f
 1075 0728 2400 0000 		.long	0x24
 1076 072c 00        		.byte	0
 1077 072d 1D        		.uleb128 0x1d
 1078 072e 01        		.byte	0x1
 1079 072f 0000 0000 		.long	.LASF102
 1080 0733 12        		.byte	0x12
 1081 0734 38        		.byte	0x38
 1082 0735 1C        		.byte	0x1c
 1083 0736 01        		.byte	0x1
 1084 0737 19        		.uleb128 0x19
 1085 0738 0000 0000 		.long	.LASF92
 1086 073c 12        		.byte	0x12
 1087 073d 38        		.byte	0x38
 1088 073e 31        		.byte	0x31
 1089 073f 2400 0000 		.long	0x24
 1090 0743 00        		.byte	0
 1091 0744 00        		.byte	0
 1092               		.section	.gnu.debuglto_.debug_abbrev,"",@progbits
 1093               	.Ldebug_abbrev0:
 1094 0000 01        		.uleb128 0x1
 1095 0001 11        		.uleb128 0x11
 1096 0002 01        		.byte	0x1
 1097 0003 25        		.uleb128 0x25
 1098 0004 0E        		.uleb128 0xe
 1099 0005 13        		.uleb128 0x13
 1100 0006 0B        		.uleb128 0xb
 1101 0007 03        		.uleb128 0x3
 1102 0008 0E        		.uleb128 0xe
 1103 0009 1B        		.uleb128 0x1b
 1104 000a 0E        		.uleb128 0xe
 1105 000b 10        		.uleb128 0x10
 1106 000c 06        		.uleb128 0x6
 1107 000d 00        		.byte	0
 1108 000e 00        		.byte	0
 1109 000f 02        		.uleb128 0x2
 1110 0010 24        		.uleb128 0x24
 1111 0011 00        		.byte	0
 1112 0012 0B        		.uleb128 0xb
 1113 0013 0B        		.uleb128 0xb
 1114 0014 3E        		.uleb128 0x3e
 1115 0015 0B        		.uleb128 0xb
 1116 0016 03        		.uleb128 0x3
 1117 0017 0E        		.uleb128 0xe
 1118 0018 00        		.byte	0
 1119 0019 00        		.byte	0
 1120 001a 03        		.uleb128 0x3
 1121 001b 16        		.uleb128 0x16
 1122 001c 00        		.byte	0
 1123 001d 03        		.uleb128 0x3
 1124 001e 0E        		.uleb128 0xe
 1125 001f 3A        		.uleb128 0x3a
 1126 0020 0B        		.uleb128 0xb
 1127 0021 3B        		.uleb128 0x3b
 1128 0022 0B        		.uleb128 0xb
 1129 0023 39        		.uleb128 0x39
 1130 0024 0B        		.uleb128 0xb
 1131 0025 49        		.uleb128 0x49
 1132 0026 13        		.uleb128 0x13
 1133 0027 00        		.byte	0
 1134 0028 00        		.byte	0
 1135 0029 04        		.uleb128 0x4
 1136 002a 26        		.uleb128 0x26
 1137 002b 00        		.byte	0
 1138 002c 49        		.uleb128 0x49
 1139 002d 13        		.uleb128 0x13
 1140 002e 00        		.byte	0
 1141 002f 00        		.byte	0
 1142 0030 05        		.uleb128 0x5
 1143 0031 24        		.uleb128 0x24
 1144 0032 00        		.byte	0
 1145 0033 0B        		.uleb128 0xb
 1146 0034 0B        		.uleb128 0xb
 1147 0035 3E        		.uleb128 0x3e
 1148 0036 0B        		.uleb128 0xb
 1149 0037 03        		.uleb128 0x3
 1150 0038 08        		.uleb128 0x8
 1151 0039 00        		.byte	0
 1152 003a 00        		.byte	0
 1153 003b 06        		.uleb128 0x6
 1154 003c 35        		.uleb128 0x35
 1155 003d 00        		.byte	0
 1156 003e 49        		.uleb128 0x49
 1157 003f 13        		.uleb128 0x13
 1158 0040 00        		.byte	0
 1159 0041 00        		.byte	0
 1160 0042 07        		.uleb128 0x7
 1161 0043 34        		.uleb128 0x34
 1162 0044 00        		.byte	0
 1163 0045 03        		.uleb128 0x3
 1164 0046 0E        		.uleb128 0xe
 1165 0047 3A        		.uleb128 0x3a
 1166 0048 0B        		.uleb128 0xb
 1167 0049 3B        		.uleb128 0x3b
 1168 004a 0B        		.uleb128 0xb
 1169 004b 39        		.uleb128 0x39
 1170 004c 0B        		.uleb128 0xb
 1171 004d 49        		.uleb128 0x49
 1172 004e 13        		.uleb128 0x13
 1173 004f 3F        		.uleb128 0x3f
 1174 0050 0C        		.uleb128 0xc
 1175 0051 3C        		.uleb128 0x3c
 1176 0052 0C        		.uleb128 0xc
 1177 0053 00        		.byte	0
 1178 0054 00        		.byte	0
 1179 0055 08        		.uleb128 0x8
 1180 0056 13        		.uleb128 0x13
 1181 0057 01        		.byte	0x1
 1182 0058 0B        		.uleb128 0xb
 1183 0059 0B        		.uleb128 0xb
 1184 005a 3A        		.uleb128 0x3a
 1185 005b 0B        		.uleb128 0xb
 1186 005c 3B        		.uleb128 0x3b
 1187 005d 0B        		.uleb128 0xb
 1188 005e 39        		.uleb128 0x39
 1189 005f 0B        		.uleb128 0xb
 1190 0060 01        		.uleb128 0x1
 1191 0061 13        		.uleb128 0x13
 1192 0062 00        		.byte	0
 1193 0063 00        		.byte	0
 1194 0064 09        		.uleb128 0x9
 1195 0065 0D        		.uleb128 0xd
 1196 0066 00        		.byte	0
 1197 0067 03        		.uleb128 0x3
 1198 0068 0E        		.uleb128 0xe
 1199 0069 3A        		.uleb128 0x3a
 1200 006a 0B        		.uleb128 0xb
 1201 006b 3B        		.uleb128 0x3b
 1202 006c 0B        		.uleb128 0xb
 1203 006d 39        		.uleb128 0x39
 1204 006e 0B        		.uleb128 0xb
 1205 006f 49        		.uleb128 0x49
 1206 0070 13        		.uleb128 0x13
 1207 0071 38        		.uleb128 0x38
 1208 0072 0A        		.uleb128 0xa
 1209 0073 00        		.byte	0
 1210 0074 00        		.byte	0
 1211 0075 0A        		.uleb128 0xa
 1212 0076 01        		.uleb128 0x1
 1213 0077 01        		.byte	0x1
 1214 0078 49        		.uleb128 0x49
 1215 0079 13        		.uleb128 0x13
 1216 007a 01        		.uleb128 0x1
 1217 007b 13        		.uleb128 0x13
 1218 007c 00        		.byte	0
 1219 007d 00        		.byte	0
 1220 007e 0B        		.uleb128 0xb
 1221 007f 21        		.uleb128 0x21
 1222 0080 00        		.byte	0
 1223 0081 49        		.uleb128 0x49
 1224 0082 13        		.uleb128 0x13
 1225 0083 2F        		.uleb128 0x2f
 1226 0084 0B        		.uleb128 0xb
 1227 0085 00        		.byte	0
 1228 0086 00        		.byte	0
 1229 0087 0C        		.uleb128 0xc
 1230 0088 17        		.uleb128 0x17
 1231 0089 01        		.byte	0x1
 1232 008a 0B        		.uleb128 0xb
 1233 008b 0B        		.uleb128 0xb
 1234 008c 3A        		.uleb128 0x3a
 1235 008d 0B        		.uleb128 0xb
 1236 008e 3B        		.uleb128 0x3b
 1237 008f 0B        		.uleb128 0xb
 1238 0090 39        		.uleb128 0x39
 1239 0091 0B        		.uleb128 0xb
 1240 0092 01        		.uleb128 0x1
 1241 0093 13        		.uleb128 0x13
 1242 0094 00        		.byte	0
 1243 0095 00        		.byte	0
 1244 0096 0D        		.uleb128 0xd
 1245 0097 0D        		.uleb128 0xd
 1246 0098 00        		.byte	0
 1247 0099 03        		.uleb128 0x3
 1248 009a 08        		.uleb128 0x8
 1249 009b 3A        		.uleb128 0x3a
 1250 009c 0B        		.uleb128 0xb
 1251 009d 3B        		.uleb128 0x3b
 1252 009e 0B        		.uleb128 0xb
 1253 009f 39        		.uleb128 0x39
 1254 00a0 0B        		.uleb128 0xb
 1255 00a1 49        		.uleb128 0x49
 1256 00a2 13        		.uleb128 0x13
 1257 00a3 00        		.byte	0
 1258 00a4 00        		.byte	0
 1259 00a5 0E        		.uleb128 0xe
 1260 00a6 0D        		.uleb128 0xd
 1261 00a7 00        		.byte	0
 1262 00a8 49        		.uleb128 0x49
 1263 00a9 13        		.uleb128 0x13
 1264 00aa 00        		.byte	0
 1265 00ab 00        		.byte	0
 1266 00ac 0F        		.uleb128 0xf
 1267 00ad 0F        		.uleb128 0xf
 1268 00ae 00        		.byte	0
 1269 00af 0B        		.uleb128 0xb
 1270 00b0 0B        		.uleb128 0xb
 1271 00b1 49        		.uleb128 0x49
 1272 00b2 13        		.uleb128 0x13
 1273 00b3 00        		.byte	0
 1274 00b4 00        		.byte	0
 1275 00b5 10        		.uleb128 0x10
 1276 00b6 0D        		.uleb128 0xd
 1277 00b7 00        		.byte	0
 1278 00b8 03        		.uleb128 0x3
 1279 00b9 0E        		.uleb128 0xe
 1280 00ba 3A        		.uleb128 0x3a
 1281 00bb 0B        		.uleb128 0xb
 1282 00bc 3B        		.uleb128 0x3b
 1283 00bd 0B        		.uleb128 0xb
 1284 00be 39        		.uleb128 0x39
 1285 00bf 0B        		.uleb128 0xb
 1286 00c0 49        		.uleb128 0x49
 1287 00c1 13        		.uleb128 0x13
 1288 00c2 0B        		.uleb128 0xb
 1289 00c3 0B        		.uleb128 0xb
 1290 00c4 0D        		.uleb128 0xd
 1291 00c5 0B        		.uleb128 0xb
 1292 00c6 0C        		.uleb128 0xc
 1293 00c7 0B        		.uleb128 0xb
 1294 00c8 38        		.uleb128 0x38
 1295 00c9 0A        		.uleb128 0xa
 1296 00ca 00        		.byte	0
 1297 00cb 00        		.byte	0
 1298 00cc 11        		.uleb128 0x11
 1299 00cd 15        		.uleb128 0x15
 1300 00ce 01        		.byte	0x1
 1301 00cf 27        		.uleb128 0x27
 1302 00d0 0C        		.uleb128 0xc
 1303 00d1 01        		.uleb128 0x1
 1304 00d2 13        		.uleb128 0x13
 1305 00d3 00        		.byte	0
 1306 00d4 00        		.byte	0
 1307 00d5 12        		.uleb128 0x12
 1308 00d6 05        		.uleb128 0x5
 1309 00d7 00        		.byte	0
 1310 00d8 49        		.uleb128 0x49
 1311 00d9 13        		.uleb128 0x13
 1312 00da 00        		.byte	0
 1313 00db 00        		.byte	0
 1314 00dc 13        		.uleb128 0x13
 1315 00dd 04        		.uleb128 0x4
 1316 00de 01        		.byte	0x1
 1317 00df 3E        		.uleb128 0x3e
 1318 00e0 0B        		.uleb128 0xb
 1319 00e1 0B        		.uleb128 0xb
 1320 00e2 0B        		.uleb128 0xb
 1321 00e3 49        		.uleb128 0x49
 1322 00e4 13        		.uleb128 0x13
 1323 00e5 3A        		.uleb128 0x3a
 1324 00e6 0B        		.uleb128 0xb
 1325 00e7 3B        		.uleb128 0x3b
 1326 00e8 0B        		.uleb128 0xb
 1327 00e9 39        		.uleb128 0x39
 1328 00ea 0B        		.uleb128 0xb
 1329 00eb 01        		.uleb128 0x1
 1330 00ec 13        		.uleb128 0x13
 1331 00ed 00        		.byte	0
 1332 00ee 00        		.byte	0
 1333 00ef 14        		.uleb128 0x14
 1334 00f0 28        		.uleb128 0x28
 1335 00f1 00        		.byte	0
 1336 00f2 03        		.uleb128 0x3
 1337 00f3 0E        		.uleb128 0xe
 1338 00f4 1C        		.uleb128 0x1c
 1339 00f5 0B        		.uleb128 0xb
 1340 00f6 00        		.byte	0
 1341 00f7 00        		.byte	0
 1342 00f8 15        		.uleb128 0x15
 1343 00f9 04        		.uleb128 0x4
 1344 00fa 01        		.byte	0x1
 1345 00fb 03        		.uleb128 0x3
 1346 00fc 0E        		.uleb128 0xe
 1347 00fd 3E        		.uleb128 0x3e
 1348 00fe 0B        		.uleb128 0xb
 1349 00ff 0B        		.uleb128 0xb
 1350 0100 0B        		.uleb128 0xb
 1351 0101 49        		.uleb128 0x49
 1352 0102 13        		.uleb128 0x13
 1353 0103 3A        		.uleb128 0x3a
 1354 0104 0B        		.uleb128 0xb
 1355 0105 3B        		.uleb128 0x3b
 1356 0106 0B        		.uleb128 0xb
 1357 0107 39        		.uleb128 0x39
 1358 0108 0B        		.uleb128 0xb
 1359 0109 01        		.uleb128 0x1
 1360 010a 13        		.uleb128 0x13
 1361 010b 00        		.byte	0
 1362 010c 00        		.byte	0
 1363 010d 16        		.uleb128 0x16
 1364 010e 21        		.uleb128 0x21
 1365 010f 00        		.byte	0
 1366 0110 00        		.byte	0
 1367 0111 00        		.byte	0
 1368 0112 17        		.uleb128 0x17
 1369 0113 34        		.uleb128 0x34
 1370 0114 00        		.byte	0
 1371 0115 03        		.uleb128 0x3
 1372 0116 0E        		.uleb128 0xe
 1373 0117 3A        		.uleb128 0x3a
 1374 0118 0B        		.uleb128 0xb
 1375 0119 3B        		.uleb128 0x3b
 1376 011a 05        		.uleb128 0x5
 1377 011b 39        		.uleb128 0x39
 1378 011c 0B        		.uleb128 0xb
 1379 011d 49        		.uleb128 0x49
 1380 011e 13        		.uleb128 0x13
 1381 011f 3F        		.uleb128 0x3f
 1382 0120 0C        		.uleb128 0xc
 1383 0121 3C        		.uleb128 0x3c
 1384 0122 0C        		.uleb128 0xc
 1385 0123 00        		.byte	0
 1386 0124 00        		.byte	0
 1387 0125 18        		.uleb128 0x18
 1388 0126 2E        		.uleb128 0x2e
 1389 0127 01        		.byte	0x1
 1390 0128 3F        		.uleb128 0x3f
 1391 0129 0C        		.uleb128 0xc
 1392 012a 03        		.uleb128 0x3
 1393 012b 0E        		.uleb128 0xe
 1394 012c 3A        		.uleb128 0x3a
 1395 012d 0B        		.uleb128 0xb
 1396 012e 3B        		.uleb128 0x3b
 1397 012f 0B        		.uleb128 0xb
 1398 0130 39        		.uleb128 0x39
 1399 0131 0B        		.uleb128 0xb
 1400 0132 27        		.uleb128 0x27
 1401 0133 0C        		.uleb128 0xc
 1402 0134 01        		.uleb128 0x1
 1403 0135 13        		.uleb128 0x13
 1404 0136 00        		.byte	0
 1405 0137 00        		.byte	0
 1406 0138 19        		.uleb128 0x19
 1407 0139 05        		.uleb128 0x5
 1408 013a 00        		.byte	0
 1409 013b 03        		.uleb128 0x3
 1410 013c 0E        		.uleb128 0xe
 1411 013d 3A        		.uleb128 0x3a
 1412 013e 0B        		.uleb128 0xb
 1413 013f 3B        		.uleb128 0x3b
 1414 0140 0B        		.uleb128 0xb
 1415 0141 39        		.uleb128 0x39
 1416 0142 0B        		.uleb128 0xb
 1417 0143 49        		.uleb128 0x49
 1418 0144 13        		.uleb128 0x13
 1419 0145 00        		.byte	0
 1420 0146 00        		.byte	0
 1421 0147 1A        		.uleb128 0x1a
 1422 0148 2E        		.uleb128 0x2e
 1423 0149 00        		.byte	0
 1424 014a 3F        		.uleb128 0x3f
 1425 014b 0C        		.uleb128 0xc
 1426 014c 03        		.uleb128 0x3
 1427 014d 0E        		.uleb128 0xe
 1428 014e 3A        		.uleb128 0x3a
 1429 014f 0B        		.uleb128 0xb
 1430 0150 3B        		.uleb128 0x3b
 1431 0151 0B        		.uleb128 0xb
 1432 0152 39        		.uleb128 0x39
 1433 0153 0B        		.uleb128 0xb
 1434 0154 27        		.uleb128 0x27
 1435 0155 0C        		.uleb128 0xc
 1436 0156 00        		.byte	0
 1437 0157 00        		.byte	0
 1438 0158 1B        		.uleb128 0x1b
 1439 0159 2E        		.uleb128 0x2e
 1440 015a 01        		.byte	0x1
 1441 015b 3F        		.uleb128 0x3f
 1442 015c 0C        		.uleb128 0xc
 1443 015d 03        		.uleb128 0x3
 1444 015e 0E        		.uleb128 0xe
 1445 015f 3A        		.uleb128 0x3a
 1446 0160 0B        		.uleb128 0xb
 1447 0161 3B        		.uleb128 0x3b
 1448 0162 0B        		.uleb128 0xb
 1449 0163 39        		.uleb128 0x39
 1450 0164 0B        		.uleb128 0xb
 1451 0165 27        		.uleb128 0x27
 1452 0166 0C        		.uleb128 0xc
 1453 0167 49        		.uleb128 0x49
 1454 0168 13        		.uleb128 0x13
 1455 0169 01        		.uleb128 0x1
 1456 016a 13        		.uleb128 0x13
 1457 016b 00        		.byte	0
 1458 016c 00        		.byte	0
 1459 016d 1C        		.uleb128 0x1c
 1460 016e 34        		.uleb128 0x34
 1461 016f 00        		.byte	0
 1462 0170 03        		.uleb128 0x3
 1463 0171 08        		.uleb128 0x8
 1464 0172 3A        		.uleb128 0x3a
 1465 0173 0B        		.uleb128 0xb
 1466 0174 3B        		.uleb128 0x3b
 1467 0175 0B        		.uleb128 0xb
 1468 0176 39        		.uleb128 0x39
 1469 0177 0B        		.uleb128 0xb
 1470 0178 49        		.uleb128 0x49
 1471 0179 13        		.uleb128 0x13
 1472 017a 00        		.byte	0
 1473 017b 00        		.byte	0
 1474 017c 1D        		.uleb128 0x1d
 1475 017d 2E        		.uleb128 0x2e
 1476 017e 01        		.byte	0x1
 1477 017f 3F        		.uleb128 0x3f
 1478 0180 0C        		.uleb128 0xc
 1479 0181 03        		.uleb128 0x3
 1480 0182 0E        		.uleb128 0xe
 1481 0183 3A        		.uleb128 0x3a
 1482 0184 0B        		.uleb128 0xb
 1483 0185 3B        		.uleb128 0x3b
 1484 0186 0B        		.uleb128 0xb
 1485 0187 39        		.uleb128 0x39
 1486 0188 0B        		.uleb128 0xb
 1487 0189 27        		.uleb128 0x27
 1488 018a 0C        		.uleb128 0xc
 1489 018b 00        		.byte	0
 1490 018c 00        		.byte	0
 1491 018d 00        		.byte	0
 1492               		.section	.gnu.debuglto_.debug_line,"",@progbits
 1493               	.Ldebug_line0:
 1494 0000 D901 0000 		.long	.LELT0-.LSLT0
 1495               	.LSLT0:
 1496 0004 0200      		.word	0x2
 1497 0006 D301 0000 		.long	.LELTP0-.LASLTP0
 1498               	.LASLTP0:
 1499 000a 01        		.byte	0x1
 1500 000b 01        		.byte	0x1
 1501 000c F6        		.byte	0xf6
 1502 000d F2        		.byte	0xf2
 1503 000e 0D        		.byte	0xd
 1504 000f 00        		.byte	0
 1505 0010 01        		.byte	0x1
 1506 0011 01        		.byte	0x1
 1507 0012 01        		.byte	0x1
 1508 0013 01        		.byte	0x1
 1509 0014 00        		.byte	0
 1510 0015 00        		.byte	0
 1511 0016 00        		.byte	0
 1512 0017 01        		.byte	0x1
 1513 0018 00        		.byte	0
 1514 0019 00        		.byte	0
 1515 001a 01        		.byte	0x1
 1516 001b 653A 5C67 		.ascii	"e:\\game\\msys2\\mingw64\\avr\\include"
 1516      616D 655C 
 1516      6D73 7973 
 1516      325C 6D69 
 1516      6E67 7736 
 1517 003c 00        		.byte	0
 1518 003d 653A 5C67 		.ascii	"e:\\game\\msys2\\mingw64\\lib\\gcc\\avr\\8.4.0\\include"
 1518      616D 655C 
 1518      6D73 7973 
 1518      325C 6D69 
 1518      6E67 7736 
 1519 006c 00        		.byte	0
 1520 006d 746D 6B5F 		.ascii	"tmk_core/common"
 1520      636F 7265 
 1520      2F63 6F6D 
 1520      6D6F 6E
 1521 007c 00        		.byte	0
 1522 007d 746D 6B5F 		.ascii	"tmk_core/common/avr"
 1522      636F 7265 
 1522      2F63 6F6D 
 1522      6D6F 6E2F 
 1522      6176 72
 1523 0090 00        		.byte	0
 1524 0091 7175 616E 		.ascii	"quantum"
 1524      7475 6D
 1525 0098 00        		.byte	0
 1526 0099 7175 616E 		.ascii	"quantum/process_keycode"
 1526      7475 6D2F 
 1526      7072 6F63 
 1526      6573 735F 
 1526      6B65 7963 
 1527 00b0 00        		.byte	0
 1528 00b1 7175 616E 		.ascii	"quantum/sequencer"
 1528      7475 6D2F 
 1528      7365 7175 
 1528      656E 6365 
 1528      72
 1529 00c2 00        		.byte	0
 1530 00c3 00        		.byte	0
 1531 00c4 7374 6469 		.string	"stdint.h"
 1531      6E74 2E68 
 1531      00
 1532 00cd 01        		.uleb128 0x1
 1533 00ce 00        		.uleb128 0
 1534 00cf 00        		.uleb128 0
 1535 00d0 7374 6464 		.string	"stddef.h"
 1535      6566 2E68 
 1535      00
 1536 00d9 02        		.uleb128 0x2
 1537 00da 00        		.uleb128 0
 1538 00db 00        		.uleb128 0
 1539 00dc 7265 706F 		.string	"report.h"
 1539      7274 2E68 
 1539      00
 1540 00e5 03        		.uleb128 0x3
 1541 00e6 00        		.uleb128 0
 1542 00e7 00        		.uleb128 0
 1543 00e8 6C65 642E 		.string	"led.h"
 1543      6800 
 1544 00ee 05        		.uleb128 0x5
 1545 00ef 00        		.uleb128 0
 1546 00f0 00        		.uleb128 0
 1547 00f1 6163 7469 		.string	"action.h"
 1547      6F6E 2E68 
 1547      00
 1548 00fa 03        		.uleb128 0x3
 1549 00fb 00        		.uleb128 0
 1550 00fc 00        		.uleb128 0
 1551 00fd 686F 7374 		.string	"host.h"
 1551      2E68 00
 1552 0104 03        		.uleb128 0x3
 1553 0105 00        		.uleb128 0
 1554 0106 00        		.uleb128 0
 1555 0107 6176 722F 		.string	"avr/xprintf.h"
 1555      7870 7269 
 1555      6E74 662E 
 1555      6800 
 1556 0115 03        		.uleb128 0x3
 1557 0116 00        		.uleb128 0
 1558 0117 00        		.uleb128 0
 1559 0118 6465 6275 		.string	"debug.h"
 1559      672E 6800 
 1560 0120 03        		.uleb128 0x3
 1561 0121 00        		.uleb128 0
 1562 0122 00        		.uleb128 0
 1563 0123 6B65 7963 		.string	"keycode_config.h"
 1563      6F64 655F 
 1563      636F 6E66 
 1563      6967 2E68 
 1563      00
 1564 0134 05        		.uleb128 0x5
 1565 0135 00        		.uleb128 0
 1566 0136 00        		.uleb128 0
 1567 0137 7469 6D65 		.string	"timer.h"
 1567      722E 6800 
 1568 013f 03        		.uleb128 0x3
 1569 0140 00        		.uleb128 0
 1570 0141 00        		.uleb128 0
 1571 0142 7365 7175 		.string	"sequencer/sequencer.h"
 1571      656E 6365 
 1571      722F 7365 
 1571      7175 656E 
 1571      6365 722E 
 1572 0158 05        		.uleb128 0x5
 1573 0159 00        		.uleb128 0
 1574 015a 00        		.uleb128 0
 1575 015b 6B65 796D 		.string	"keymap.h"
 1575      6170 2E68 
 1575      00
 1576 0164 05        		.uleb128 0x5
 1577 0165 00        		.uleb128 0
 1578 0166 00        		.uleb128 0
 1579 0167 6163 7469 		.string	"action_layer.h"
 1579      6F6E 5F6C 
 1579      6179 6572 
 1579      2E68 00
 1580 0176 03        		.uleb128 0x3
 1581 0177 00        		.uleb128 0
 1582 0178 00        		.uleb128 0
 1583 0179 6163 7469 		.string	"action_util.h"
 1583      6F6E 5F75 
 1583      7469 6C2E 
 1583      6800 
 1584 0187 03        		.uleb128 0x3
 1585 0188 00        		.uleb128 0
 1586 0189 00        		.uleb128 0
 1587 018a 7365 6E64 		.string	"send_string.h"
 1587      5F73 7472 
 1587      696E 672E 
 1587      6800 
 1588 0198 05        		.uleb128 0x5
 1589 0199 00        		.uleb128 0
 1590 019a 00        		.uleb128 0
 1591 019b 7374 646C 		.string	"stdlib.h"
 1591      6962 2E68 
 1591      00
 1592 01a4 01        		.uleb128 0x1
 1593 01a5 00        		.uleb128 0
 1594 01a6 00        		.uleb128 0
 1595 01a7 7072 6F63 		.string	"process_keycode/process_unicode_common.h"
 1595      6573 735F 
 1595      6B65 7963 
 1595      6F64 652F 
 1595      7072 6F63 
 1596 01d0 05        		.uleb128 0x5
 1597 01d1 00        		.uleb128 0
 1598 01d2 00        		.uleb128 0
 1599 01d3 6C65 642E 		.string	"led.c"
 1599      6300 
 1600 01d9 05        		.uleb128 0x5
 1601 01da 00        		.uleb128 0
 1602 01db 00        		.uleb128 0
 1603 01dc 00        		.byte	0
 1604               	.LELTP0:
 1605               	.LELT0:
 1606               		.section	.gnu.debuglto_.debug_str,"MS",@progbits,1
 1607               	.LASF66:
 1608 0000 7365 7175 		.string	"sequencer_phase_t"
 1608      656E 6365 
 1608      725F 7068 
 1608      6173 655F 
 1608      7400 
 1609               	.LASF16:
 1610 0012 6E75 6D5F 		.string	"num_lock"
 1610      6C6F 636B 
 1610      00
 1611               	.LASF26:
 1612 001b 656E 6162 		.string	"enable"
 1612      6C65 00
 1613               	.LASF102:
 1614 0022 6C65 645F 		.string	"led_set_user"
 1614      7365 745F 
 1614      7573 6572 
 1614      00
 1615               	.LASF90:
 1616 002f 756E 6963 		.string	"unicode_config_t"
 1616      6F64 655F 
 1616      636F 6E66 
 1616      6967 5F74 
 1616      00
 1617               	.LASF10:
 1618 0040 7369 7A65 		.string	"size_t"
 1618      5F74 00
 1619               	.LASF86:
 1620 0047 5F5F 6D61 		.string	"__malloc_heap_start"
 1620      6C6C 6F63 
 1620      5F68 6561 
 1620      705F 7374 
 1620      6172 7400 
 1621               	.LASF60:
 1622 005b 7465 6D70 		.string	"tempo"
 1622      6F00 
 1623               	.LASF71:
 1624 0061 7068 6173 		.string	"phase"
 1624      6500 
 1625               	.LASF8:
 1626 0067 6C6F 6E67 		.string	"long long int"
 1626      206C 6F6E 
 1626      6720 696E 
 1626      7400 
 1627               	.LASF30:
 1628 0075 6465 6275 		.string	"debug_config_t"
 1628      675F 636F 
 1628      6E66 6967 
 1628      5F74 00
 1629               	.LASF42:
 1630 0084 6F6E 6573 		.string	"oneshot_disable"
 1630      686F 745F 
 1630      6469 7361 
 1630      626C 6500 
 1631               	.LASF95:
 1632 0094 6C65 645F 		.string	"led_update_user"
 1632      7570 6461 
 1632      7465 5F75 
 1632      7365 7200 
 1633               	.LASF45:
 1634 00a4 7469 6D65 		.string	"timer_count"
 1634      725F 636F 
 1634      756E 7400 
 1635               	.LASF85:
 1636 00b0 5F5F 6D61 		.string	"__malloc_margin"
 1636      6C6C 6F63 
 1636      5F6D 6172 
 1636      6769 6E00 
 1637               	.LASF96:
 1638 00c0 6C65 645F 		.string	"led_set"
 1638      7365 7400 
 1639               	.LASF12:
 1640 00c8 6D6F 6473 		.string	"mods"
 1640      00
 1641               	.LASF98:
 1642 00cd 474E 5520 		.string	"GNU C99 8.4.0 -mn-flash=1 -mno-skip-bug -mmcu=avr5 -gdwarf-2 -Os -std=gnu99 -funsigned-ch
 1642      4339 3920 
 1642      382E 342E 
 1642      3020 2D6D 
 1642      6E2D 666C 
 1643               	.LASF2:
 1644 01be 7569 6E74 		.string	"uint8_t"
 1644      385F 7400 
 1645               	.LASF70:
 1646 01c6 7469 6D65 		.string	"timer"
 1646      7200 
 1647               	.LASF15:
 1648 01cc 7265 706F 		.string	"report_keyboard_t"
 1648      7274 5F6B 
 1648      6579 626F 
 1648      6172 645F 
 1648      7400 
 1649               	.LASF43:
 1650 01de 6B65 796D 		.string	"keymap_config_t"
 1650      6170 5F63 
 1650      6F6E 6669 
 1650      675F 7400 
 1651               	.LASF67:
 1652 01ee 6163 7469 		.string	"active_tracks"
 1652      7665 5F74 
 1652      7261 636B 
 1652      7300 
 1653               	.LASF82:
 1654 01fc 6173 6369 		.string	"ascii_to_altgr_lut"
 1654      695F 746F 
 1654      5F61 6C74 
 1654      6772 5F6C 
 1654      7574 00
 1655               	.LASF55:
 1656 020f 5345 5155 		.string	"SEQUENCER_RESOLUTIONS"
 1656      454E 4345 
 1656      525F 5245 
 1656      534F 4C55 
 1656      5449 4F4E 
 1657               	.LASF97:
 1658 0225 6C65 645F 		.string	"led_set_kb"
 1658      7365 745F 
 1658      6B62 00
 1659               	.LASF73:
 1660 0230 7365 7175 		.string	"sequencer_config"
 1660      656E 6365 
 1660      725F 636F 
 1660      6E66 6967 
 1660      00
 1661               	.LASF38:
 1662 0241 7377 6170 		.string	"swap_backslash_backspace"
 1662      5F62 6163 
 1662      6B73 6C61 
 1662      7368 5F62 
 1662      6163 6B73 
 1663               	.LASF47:
 1664 025a 5351 5F52 		.string	"SQ_RES_2T"
 1664      4553 5F32 
 1664      5400 
 1665               	.LASF101:
 1666 0264 6C65 645F 		.string	"led_init_ports"
 1666      696E 6974 
 1666      5F70 6F72 
 1666      7473 00
 1667               	.LASF21:
 1668 0273 6C65 645F 		.string	"led_t"
 1668      7400 
 1669               	.LASF100:
 1670 0279 443A 5C44 		.string	"D:\\Download\\vial-qmk"
 1670      6F77 6E6C 
 1670      6F61 645C 
 1670      7669 616C 
 1670      2D71 6D6B 
 1671               	.LASF5:
 1672 028e 6C6F 6E67 		.string	"long int"
 1672      2069 6E74 
 1672      00
 1673               	.LASF64:
 1674 0297 5345 5155 		.string	"SEQUENCER_PHASE_RELEASE"
 1674      454E 4345 
 1674      525F 5048 
 1674      4153 455F 
 1674      5245 4C45 
 1675               	.LASF68:
 1676 02af 6375 7272 		.string	"current_track"
 1676      656E 745F 
 1676      7472 6163 
 1676      6B00 
 1677               	.LASF37:
 1678 02bd 7377 6170 		.string	"swap_grave_esc"
 1678      5F67 7261 
 1678      7665 5F65 
 1678      7363 00
 1679               	.LASF63:
 1680 02cc 5345 5155 		.string	"SEQUENCER_PHASE_ATTACK"
 1680      454E 4345 
 1680      525F 5048 
 1680      4153 455F 
 1680      4154 5441 
 1681               	.LASF99:
 1682 02e3 7175 616E 		.string	"quantum/led.c"
 1682      7475 6D2F 
 1682      6C65 642E 
 1682      6300 
 1683               	.LASF33:
 1684 02f1 6361 7073 		.string	"capslock_to_control"
 1684      6C6F 636B 
 1684      5F74 6F5F 
 1684      636F 6E74 
 1684      726F 6C00 
 1685               	.LASF91:
 1686 0305 756E 6963 		.string	"unicode_config"
 1686      6F64 655F 
 1686      636F 6E66 
 1686      6967 00
 1687               	.LASF53:
 1688 0314 5351 5F52 		.string	"SQ_RES_16T"
 1688      4553 5F31 
 1688      3654 00
 1689               	.LASF54:
 1690 031f 5351 5F52 		.string	"SQ_RES_32"
 1690      4553 5F33 
 1690      3200 
 1691               	.LASF69:
 1692 0329 6375 7272 		.string	"current_step"
 1692      656E 745F 
 1692      7374 6570 
 1692      00
 1693               	.LASF56:
 1694 0336 7365 7175 		.string	"sequencer_resolution_t"
 1694      656E 6365 
 1694      725F 7265 
 1694      736F 6C75 
 1694      7469 6F6E 
 1695               	.LASF14:
 1696 034d 6B65 7973 		.string	"keys"
 1696      00
 1697               	.LASF19:
 1698 0352 636F 6D70 		.string	"compose"
 1698      6F73 6500 
 1699               	.LASF1:
 1700 035a 756E 7369 		.string	"unsigned char"
 1700      676E 6564 
 1700      2063 6861 
 1700      7200 
 1701               	.LASF23:
 1702 0368 6B65 7962 		.string	"keyboard_idle"
 1702      6F61 7264 
 1702      5F69 646C 
 1702      6500 
 1703               	.LASF94:
 1704 0376 6C65 645F 		.string	"led_update_kb"
 1704      7570 6461 
 1704      7465 5F6B 
 1704      6200 
 1705               	.LASF0:
 1706 0384 7369 676E 		.string	"signed char"
 1706      6564 2063 
 1706      6861 7200 
 1707               	.LASF9:
 1708 0390 6C6F 6E67 		.string	"long long unsigned int"
 1708      206C 6F6E 
 1708      6720 756E 
 1708      7369 676E 
 1708      6564 2069 
 1709               	.LASF6:
 1710 03a7 7569 6E74 		.string	"uint32_t"
 1710      3332 5F74 
 1710      00
 1711               	.LASF17:
 1712 03b0 6361 7073 		.string	"caps_lock"
 1712      5F6C 6F63 
 1712      6B00 
 1713               	.LASF92:
 1714 03ba 7573 625F 		.string	"usb_led"
 1714      6C65 6400 
 1715               	.LASF3:
 1716 03c2 7569 6E74 		.string	"uint16_t"
 1716      3136 5F74 
 1716      00
 1717               	.LASF80:
 1718 03cb 6B65 7962 		.string	"keyboard_report"
 1718      6F61 7264 
 1718      5F72 6570 
 1718      6F72 7400 
 1719               	.LASF74:
 1720 03db 7365 7175 		.string	"sequencer_internal_state"
 1720      656E 6365 
 1720      725F 696E 
 1720      7465 726E 
 1720      616C 5F73 
 1721               	.LASF46:
 1722 03f4 5351 5F52 		.string	"SQ_RES_2"
 1722      4553 5F32 
 1722      00
 1723               	.LASF29:
 1724 03fd 6D6F 7573 		.string	"mouse"
 1724      6500 
 1725               	.LASF48:
 1726 0403 5351 5F52 		.string	"SQ_RES_4"
 1726      4553 5F34 
 1726      00
 1727               	.LASF58:
 1728 040c 7374 6570 		.string	"steps"
 1728      7300 
 1729               	.LASF50:
 1730 0412 5351 5F52 		.string	"SQ_RES_8"
 1730      4553 5F38 
 1730      00
 1731               	.LASF76:
 1732 041b 666E 5F61 		.string	"fn_actions"
 1732      6374 696F 
 1732      6E73 00
 1733               	.LASF25:
 1734 0426 7866 756E 		.string	"xfunc_out"
 1734      635F 6F75 
 1734      7400 
 1735               	.LASF78:
 1736 0430 6465 6661 		.string	"default_layer_state"
 1736      756C 745F 
 1736      6C61 7965 
 1736      725F 7374 
 1736      6174 6500 
 1737               	.LASF87:
 1738 0444 6368 6172 		.string	"char"
 1738      00
 1739               	.LASF24:
 1740 0449 6B65 7962 		.string	"keyboard_protocol"
 1740      6F61 7264 
 1740      5F70 726F 
 1740      746F 636F 
 1740      6C00 
 1741               	.LASF28:
 1742 045b 6B65 7962 		.string	"keyboard"
 1742      6F61 7264 
 1742      00
 1743               	.LASF83:
 1744 0464 6173 6369 		.string	"ascii_to_dead_lut"
 1744      695F 746F 
 1744      5F64 6561 
 1744      645F 6C75 
 1744      7400 
 1745               	.LASF41:
 1746 0476 7377 6170 		.string	"swap_rctl_rgui"
 1746      5F72 6374 
 1746      6C5F 7267 
 1746      7569 00
 1747               	.LASF61:
 1748 0485 7265 736F 		.string	"resolution"
 1748      6C75 7469 
 1748      6F6E 00
 1749               	.LASF65:
 1750 0490 5345 5155 		.string	"SEQUENCER_PHASE_PAUSE"
 1750      454E 4345 
 1750      525F 5048 
 1750      4153 455F 
 1750      5041 5553 
 1751               	.LASF75:
 1752 04a6 6B65 796D 		.string	"keymaps"
 1752      6170 7300 
 1753               	.LASF11:
 1754 04ae 5F42 6F6F 		.string	"_Bool"
 1754      6C00 
 1755               	.LASF34:
 1756 04b4 7377 6170 		.string	"swap_lalt_lgui"
 1756      5F6C 616C 
 1756      745F 6C67 
 1756      7569 00
 1757               	.LASF31:
 1758 04c3 6465 6275 		.string	"debug_config"
 1758      675F 636F 
 1758      6E66 6967 
 1758      00
 1759               	.LASF18:
 1760 04d0 7363 726F 		.string	"scroll_lock"
 1760      6C6C 5F6C 
 1760      6F63 6B00 
 1761               	.LASF89:
 1762 04dc 696E 7075 		.string	"input_mode"
 1762      745F 6D6F 
 1762      6465 00
 1763               	.LASF44:
 1764 04e7 6B65 796D 		.string	"keymap_config"
 1764      6170 5F63 
 1764      6F6E 6669 
 1764      6700 
 1765               	.LASF22:
 1766 04f5 6469 7361 		.string	"disable_action_cache"
 1766      626C 655F 
 1766      6163 7469 
 1766      6F6E 5F63 
 1766      6163 6865 
 1767               	.LASF7:
 1768 050a 6C6F 6E67 		.string	"long unsigned int"
 1768      2075 6E73 
 1768      6967 6E65 
 1768      6420 696E 
 1768      7400 
 1769               	.LASF35:
 1770 051c 7377 6170 		.string	"swap_ralt_rgui"
 1770      5F72 616C 
 1770      745F 7267 
 1770      7569 00
 1771               	.LASF81:
 1772 052b 6173 6369 		.string	"ascii_to_shift_lut"
 1772      695F 746F 
 1772      5F73 6869 
 1772      6674 5F6C 
 1772      7574 00
 1773               	.LASF72:
 1774 053e 7365 7175 		.string	"sequencer_state_t"
 1774      656E 6365 
 1774      725F 7374 
 1774      6174 655F 
 1774      7400 
 1775               	.LASF62:
 1776 0550 7365 7175 		.string	"sequencer_config_t"
 1776      656E 6365 
 1776      725F 636F 
 1776      6E66 6967 
 1776      5F74 00
 1777               	.LASF57:
 1778 0563 656E 6162 		.string	"enabled"
 1778      6C65 6400 
 1779               	.LASF88:
 1780 056b 5F5F 6D61 		.string	"__malloc_heap_end"
 1780      6C6C 6F63 
 1780      5F68 6561 
 1780      705F 656E 
 1780      6400 
 1781               	.LASF93:
 1782 057d 6C65 645F 		.string	"led_state"
 1782      7374 6174 
 1782      6500 
 1783               	.LASF36:
 1784 0587 6E6F 5F67 		.string	"no_gui"
 1784      7569 00
 1785               	.LASF49:
 1786 058e 5351 5F52 		.string	"SQ_RES_4T"
 1786      4553 5F34 
 1786      5400 
 1787               	.LASF32:
 1788 0598 7377 6170 		.string	"swap_control_capslock"
 1788      5F63 6F6E 
 1788      7472 6F6C 
 1788      5F63 6170 
 1788      736C 6F63 
 1789               	.LASF77:
 1790 05ae 6C61 7965 		.string	"layer_state_t"
 1790      725F 7374 
 1790      6174 655F 
 1790      7400 
 1791               	.LASF40:
 1792 05bc 7377 6170 		.string	"swap_lctl_lgui"
 1792      5F6C 6374 
 1792      6C5F 6C67 
 1792      7569 00
 1793               	.LASF84:
 1794 05cb 6173 6369 		.string	"ascii_to_keycode_lut"
 1794      695F 746F 
 1794      5F6B 6579 
 1794      636F 6465 
 1794      5F6C 7574 
 1795               	.LASF51:
 1796 05e0 5351 5F52 		.string	"SQ_RES_8T"
 1796      4553 5F38 
 1796      5400 
 1797               	.LASF39:
 1798 05ea 6E6B 726F 		.string	"nkro"
 1798      00
 1799               	.LASF52:
 1800 05ef 5351 5F52 		.string	"SQ_RES_16"
 1800      4553 5F31 
 1800      3600 
 1801               	.LASF4:
 1802 05f9 756E 7369 		.string	"unsigned int"
 1802      676E 6564 
 1802      2069 6E74 
 1802      00
 1803               	.LASF20:
 1804 0606 6B61 6E61 		.string	"kana"
 1804      00
 1805               	.LASF13:
 1806 060b 7265 7365 		.string	"reserved"
 1806      7276 6564 
 1806      00
 1807               	.LASF79:
 1808 0614 6C61 7965 		.string	"layer_state"
 1808      725F 7374 
 1808      6174 6500 
 1809               	.LASF27:
 1810 0620 6D61 7472 		.string	"matrix"
 1810      6978 00
 1811               	.LASF59:
 1812 0627 7472 6163 		.string	"track_notes"
 1812      6B5F 6E6F 
 1812      7465 7300 
 1813               		.text
 1814               		.section	.gnu.lto_.profile.e167a537,"",@progbits
 1815 0000 789C 6367 		.string	"x\234cg`f`d"
 1815      6066 6064 
 1815      00
 1816 0009 0200      		.string	"\002"
 1817 000b 00        		.string	""
 1818 000c 6200      		.string	"b"
 1819 000e 0C        		.ascii	"\f"
 1820               		.text
 1821               		.section	.gnu.lto_.icf.e167a537,"",@progbits
 1822 0000 789C 6367 		.string	"x\234cg`fPa@"
 1822      6066 5061 
 1822      4000 
 1823 000a 3686 4D9B 		.string	"6\206M\233\177.gc<\363\360\373ON\246\255\263\376\374\341f>y~\016\037\313\364\256\023\275\
 1823      7F2E 6763 
 1823      3CF3 F0FB 
 1823      4F4E A6AD 
 1823      B3FE FCE1 
 1824 0031 00        		.string	""
 1825 0032 534B 1166 		.ascii	"SK\021f"
 1826               		.text
 1827               		.section	.gnu.lto_.jmpfuncs.e167a537,"",@progbits
 1828 0000 789C 658B 		.ascii	"x\234e\213\301\021\300 \b\004\367\300\304&SK\254\303n\322\231"
 1828      C111 C020 
 1828      0804 F7C0 
 1828      C426 534B 
 1828      ACC3 6ED2 
 1829 0015 9EE3 C347 		.ascii	"\236\343\303Gn\206YX\240\222<\234\334H\320\323p\314\210\327Z"
 1829      6E86 5958 
 1829      A092 3C9C 
 1829      DC48 D0D3 
 1829      70CC 88D7 
 1830 002a 9FB5 6B88 		.ascii	"\237\265k\210p\327z*\275_\334\007P\340\332\212X\363\357\221\t"
 1830      70D7 7A2A 
 1830      BD5F DC07 
 1830      50E0 DA8A 
 1830      58F3 EF91 
 1831 003f 1592 0BA7 		.ascii	"\025\222\013\247"
 1832               		.text
 1833               		.section	.gnu.lto_.inline.e167a537,"",@progbits
 1834 0000 789C 6367 		.string	"x\234cg`f\370\302\200"
 1834      6066 F8C2 
 1834      8000 
 1835 000a 6C0C 0CCC 		.string	"l\f\f\314\r@\300\222\314\310\300\304\300\320\bd\326\001E!BL !\006\006F\006\326\377\377\37
 1835      0D40 C092 
 1835      CCC8 C0C4 
 1835      C0D0 0864 
 1835      D601 4521 
 1836 004d 0D9B CF96 		.string	"\r\233\317\226\006T\302\004\226I\302\3516(\315"
 1836      0654 C204 
 1836      9649 C2E9 
 1836      3628 CD00 
 1837 005d 00        		.string	""
 1838 005e 9079 3648 		.ascii	"\220y6H"
 1839               		.text
 1840               		.section	.gnu.lto_.pureconst.e167a537,"",@progbits
 1841 0000 789C 05C1 		.string	"x\234\005\301\201\001"
 1841      8101 00
 1842 0007 1000      		.string	"\020"
 1843 0009 80B0 100E 		.ascii	"\200\260\020\016\360|\347\332.\213\007\034r\344\314\225\346\316"
 1843      F07C E7DA 
 1843      2E8B 071C 
 1843      72E4 CC95 
 1843      E6CE 
 1844 001b 0F26 5703 		.ascii	"\017&W\003\333"
 1844      DB
 1845               		.text
 1846               		.section	.gnu.lto_led_set_user.e167a537,"",@progbits
 1847 0000 789C 2D8E 		.string	"x\234-\216;K\003\001\020\204gn\317\273\200\346\304N!\326\206\024Q\021\364J+\377\206\304G*
 1847      3B4B 0301 
 1847      1084 676E 
 1847      CFBB 80E6 
 1847      C44E 21D6 
 1848 00a1 BCA1 2531 		.ascii	"\274\241%1\307\353E\373 \357\271\377oyK\01748\177\356K\265\335"
 1848      C7EB 45FB 
 1848      20EF B9FF 
 1848      6F79 4B0F 
 1848      3438 7FEE 
 1849 00b8 D9D6 F465 		.ascii	"\331\326\364eL\034 \021\304\026\304\245\246\330\022\247\236q"
 1849      4C1C 2011 
 1849      C416 C4A5 
 1849      A6D8 12A7 
 1849      9E71 
 1850 00ca 23C5 1BF5 		.ascii	"#\305\033\365\344S2\333\007\343\226\227Q\267\022a\357\310\314"
 1850      E453 32DB 
 1850      07E3 9697 
 1850      51B7 1261 
 1850      EFC8 CC
 1851 00dd C17A 5459 		.ascii	"\301zTY\333\214V\307W\226\227\312\213\360\243\215\205y\303\301"
 1851      DB8C 56C7 
 1851      5796 97CA 
 1851      8BF0 A38D 
 1851      8579 C3C1 
 1852 00f1 AC2D 57A7 		.ascii	"\254-W\247\303\260\032Vf\360\007l-O\212"
 1852      C3B0 1A56 
 1852      66F0 076C 
 1852      2D4F 8A
 1853               		.text
 1854               		.section	.gnu.lto_led_set_kb.e167a537,"",@progbits
 1855 0000 789C 2D8E 		.string	"x\234-\216;K\003Q\020\205\347\334Y\263+\232\025;\205\bv\206\024Q\021tK\033\177\207\304G*\
 1855      3B4B 0351 
 1855      1085 E7DC 
 1855      59B3 2B9A 
 1855      153B 8508 
 1856 005c 7DB2 C401 		.string	"}\262\304\001\225\r\3128\342\023\306\317\357\331g:\327\326\037\211\032\335\371\252\004\02
 1856      950D CA38 
 1856      E213 C6CF 
 1856      EFD9 673A 
 1856      D7D6 1F89 
 1857 011e E0B9 5C00 		.string	"\340\271\\"
 1858               		.text
 1859               		.section	.gnu.lto_led_update_user.e167a537,"",@progbits
 1860 0000 789C 4D8E 		.ascii	"x\234M\2161K\003a\f\206\363~9\333\212\265\342l\235-7TA\320\033"
 1860      314B 0361 
 1860      0C86 F37E 
 1860      39DB 8AB5 
 1860      E26C 9D2D 
 1861 0019 9DFC 1B72 		.ascii	"\235\374\033rj;YA\274\316MON+\235\212\210v\223\016\342&]\265"
 1861      6A3B 5941 
 1861      BCCE 4D4F 
 1861      4E2B 9D8A 
 1861      8876 930E 
 1862 0031 EA4D BA8A 		.ascii	"\352M\272\212\370\013\244\202C]\024GO\363\235\213\201\220\227"
 1862      F80B A482 
 1862      435D 1447 
 1862      4FF3 9D8B 
 1862      8190 97
 1863 0044 90E7 2159 		.ascii	"\220\347!Yb\032\022\221\253=\253\r&\030\021Y\3116s\006\260\311"
 1863      621A 1291 
 1863      AB3D AB0D 
 1863      2618 1159 
 1863      C936 7306 
 1864 005a 911C A861 		.ascii	"\221\034\250a\320\300!w\030o\017\257\037\023\356\205H(\361\311"
 1864      D0C0 2177 
 1864      186F 0FAF 
 1864      1F13 EE85 
 1864      4828 F1C9 
 1865 006e 6966 D07A 		.ascii	"if\320z\024\3562\321\221\222\213E,\024\311\026\256\341\352\361"
 1865      14EE 32D1 
 1865      9192 8B45 
 1865      2C14 C916 
 1865      AEE1 EAF1 
 1866 0082 77FB B36D 		.ascii	"w\373\263mx\032\244\271\337\353\324J\347j\224\370yU\362]\006"
 1866      781A A4B9 
 1866      DFEB D44A 
 1866      E76A 94F8 
 1866      7955 F25D 
 1867 0097 06E0 7F98 		.ascii	"\006\340\177\230nf\242\002\341\006%\262\300K?9\236\3148\326l"
 1867      6E66 A202 
 1867      E106 25B2 
 1867      C04B 3F39 
 1867      9ECC 38D6 
 1868 00ac 8DB7 C810 		.ascii	"\215\267\310\0204\\>\215\305\222\374\034H<\232cC\0241\205*u "
 1868      345C 3E8D 
 1868      C592 FC1C 
 1868      483C 9A63 
 1868      4314 3185 
 1869 00c3 31ED B369 		.ascii	"1\355\263i\246y/\246!\244\227p\212\215\020\236]\345mT\355\373"
 1869      A679 2FA6 
 1869      21A4 9770 
 1869      8A8D 109E 
 1869      5DE5 6D54 
 1870 00d9 FDD7 7ACB 		.ascii	"\375\327z\313\276\f\340\016\351\273\021\343\017S]a\247\356o\007"
 1870      BE0C E00E 
 1870      E9BB 11E3 
 1870      0F53 5D61 
 1870      A7EE 6F07 
 1871 00ed F5DA FC56 		.ascii	"\365\332\374Ve\263\274A\343:\326v\003?\250L\245\213ru\311\363"
 1871      65B3 BC41 
 1871      E33A D676 
 1871      033F A84C 
 1871      A58B 7275 
 1872 0103 AA9E BF4C 		.ascii	"\252\236\277L\277C\013W["
 1872      BF43 0B57 
 1872      5B
 1873               		.text
 1874               		.section	.gnu.lto_led_update_kb.e167a537,"",@progbits
 1875 0000 789C 5550 		.string	"x\234UPKKBQ\020\236\271s}Q\032B\233\320\240\225\210\201\005A\271l\325\337\b)]e\220\217\26
 1875      4B4B 4251 
 1875      109E B973 
 1875      7D51 1A42 
 1875      9BD0 A095 
 1876 0056 302E 2E12 		.string	"0..\022\240\302\314\363\266\214]A\224He;BZ\3014nS\201\360\345\372\371c(Pc\326\330(\235Z\0
 1876      A0C2 CCF3 
 1876      B68C 5D41 
 1876      9448 653B 
 1876      425A C134 
 1877 014b B8D6 52E1 		.ascii	"\270\326R\341\325d*6\265\022Y\016.\201C<\213\211d8\031\0311\013"
 1877      D564 2A36 
 1877      B512 590E 
 1877      2E81 433C 
 1877      8B89 6438 
 1878 0163 C1E8 6C28 		.ascii	"\301\350l(\024\r\205\347\200\342\221\304\017\020\210\210\216"
 1878      140D 85E7 
 1878      80E2 91C4 
 1878      0F10 8888 
 1878      8E
 1879               		.text
 1880               		.section	.gnu.lto_led_init_ports.e167a537,"",@progbits
 1881 0000 789C 2D8C 		.string	"x\234-\214\275\n\201a\034\305\317y\376/\257\205\334\200\222\321\300-\330\\\207\260\241\02
 1881      BD0A 8161 
 1881      1CC5 CF79 
 1881      FE2F AF85 
 1881      DC80 92D1 
 1882 00ad E5F5 36E7 		.ascii	"\345\3656\347"
 1883               		.text
 1884               		.section	.gnu.lto_led_set.e167a537,"",@progbits
 1885 0000 789C 754F 		.string	"x\234uO=K\\Q\020\235\363f?\325U\024\033A\301J\226-4\022\210[\332\370;D\215V*\210n\275\263
 1885      3D4B 5C51 
 1885      109D F366 
 1885      3FD5 5514 
 1885      1B41 C14A 
 1886 0066 010A 490C 		.string	"\001\nI\f\224u\220\305\f\177c<=/\334&R%\235\210\231+\326\354\310\231\260\317D\005\355j\34
 1886      9475 90C5 
 1886      0C7F 633C 
 1886      3D2F DC26 
 1886      5225 9D88 
 1887 00f4 2188 A12F 		.string	"!\210\241/\354\344,\2366T\206\254\354\027\303\366\334\035\274v\013\364\346R\351\244\022\3
 1887      ECE4 2C9E 
 1887      3654 86AC 
 1887      EC17 C3F6 
 1887      DC1D BC76 
 1888 0179 DD41 8947 		.ascii	"\335A\211G"
 1889               		.text
 1890               		.section	.gnu.lto_.symbol_nodes.e167a537,"",@progbits
 1891 0000 789C 6DC9 		.string	"x\234m\311I\021\200@\fD\321N2SX\03061`\254\003\n\320\200\fn\030@\023[\301)}\372\325\257\2
 1891      4911 8040 
 1891      0C44 D14E 
 1891      3253 5818 
 1891      3631 60AC 
 1892 0033 B9A1 A6C4 		.ascii	"\271\241\246\304\320Pchi1tL1\364\314!\230`z\376\321L\277\312"
 1892      D050 6368 
 1892      6931 744C 
 1892      31F4 CC21 
 1892      9860 7AFE 
 1893 004b F297 BDB5 		.ascii	"\362\227\275\265\nN//.a"
 1893      0A4E 2F2F 
 1893      2E61 
 1894               		.text
 1895               		.section	.gnu.lto_.refs.e167a537,"",@progbits
 1896 0000 789C 6367 		.string	"x\234cg`f`d"
 1896      6066 6064 
 1896      00
 1897 0009 0200      		.string	"\002"
 1898 000b 00        		.string	""
 1899 000c 6200      		.string	"b"
 1900 000e 0C        		.ascii	"\f"
 1901               		.text
 1902               		.section	.gnu.lto_.decls.e167a537,"",@progbits
 1903 0000 789C 7556 		.string	"x\234uV]L\024W\024\276g\356\340.\013\013\246\232\006S\232\220\030\022y\361\257\325\342K\3
 1903      5D4C 1457 
 1903      14BE 67EE 
 1903      E02E 0B0B 
 1903      A69A 0653 
 1904 0073 C662 D85C 		.ascii	"\306b\330\\8\276\214\246\241\205\321\272\230lS\320\036\240\365"
 1904      38BE 8CA6 
 1904      A185 D1BA 
 1904      986C 53D0 
 1904      1EA0 F5
 1905 0086 A345 D09E 		.ascii	"\243E\320\236\242=C\033c\257\267V\220"
 1905      A23D 431B 
 1905      63AF B756 
 1905      90
 1906 0093 FEB9 8A83 		.string	"\376\271\212\203\032(\377W[;n\3506l\024\355\276\332\323T\274\311\374\272U\214\2136\215\24
 1906      1A28 FF57 
 1906      5B3B 6EE8 
 1906      366C 14ED 
 1906      BEDA D354 
 1907 0194 3A4E 9BCE 		.ascii	":N\233\316\266\356p\361\367E\200\365e\367\177\020\344\211h\302"
 1907      B6EE 70F1 
 1907      F745 80F5 
 1907      65F7 7F10 
 1907      E489 68C2 
 1908 01a8 7D2A 5C84 		.ascii	"}*\\\204D\266Q\306\252\211\307\202\013\230\034m1\370\007\035"
 1908      44B6 51C6 
 1908      AA89 C782 
 1908      0B98 1C6D 
 1908      31F8 071D 
 1909 01bc 1A45 38B7 		.ascii	"\032E8\267XA\316\312\265\273\036\002_,\322\273[si\t\377T\f/\264"
 1909      5841 CECA 
 1909      B5BB 1E02 
 1909      5F2C D2BB 
 1909      5B73 6909 
 1910 01d5 ED3C 902A 		.ascii	"\355<\220*#k8\035\217lk\322\370\347b\353\310\261^\027\377J\f"
 1910      236B 381D 
 1910      8F6C 6BD2 
 1910      F8E7 62EB 
 1910      C8B1 5E17 
 1911 01ec 2BEE D696 		.ascii	"+\356\326\226&\360\257i\234\030\331X7\346\201LlY\323\360\261"
 1911      26F0 AF69 
 1911      9C18 D958 
 1911      37E6 814C 
 1911      6C59 D3F0 
 1912 0201 8FAA 116E 		.ascii	"\217\252\021n\370\371\335\253\345\306\226\205x\270\f\332`\232"
 1912      F8F9 DDAB 
 1912      E5C6 9685 
 1912      78B8 0CDA 
 1912      609A 
 1913 0213 95FE 1C7A 		.ascii	"\225\376\034z\314\303\007\333'\004\367\374\230\260\336\250x\213"
 1913      CCC3 07DB 
 1913      2704 F7FC 
 1913      98B0 DEA8 
 1913      788B 
 1914 0225 1287 7AD4 		.ascii	"\022\207z\324K\3303`\201\251\026\320\n\231p\032\342>-\0377\267"
 1914      4BD8 3360 
 1914      81A9 16D0 
 1914      0A99 701A 
 1914      E23E 2D1F 
 1915 023b 01E5      		.ascii	"\001\345"
 1916 023d 01FF 2A8F 		.string	"\001\377*\217\371q\007Z&\20736\207\033\226C\223\263\303y\341pP\310\037\371\002\337(\0022\
 1916      F971 075A 
 1916      2687 3336 
 1916      871B 9643 
 1916      93B3 C379 
 1917 033e EA03 A618 		.ascii	"\352\003\246\030$\257M\300\204M\031\330\266m\317\022\314\213"
 1917      24AF 4DC0 
 1917      844D 19D8 
 1917      B66D CF12 
 1917      CC8B 
 1918 0350 78FB 6FDF 		.ascii	"x\373o\337\217k\274\f\304\317\275\351\346\243\332\004^)'u\273"
 1918      8F6B BC0C 
 1918      C4CF BDE9 
 1918      E6A3 DA04 
 1918      5E29 2775 
 1919 0365 C62F BB75 		.ascii	"\306/\273u\215\301=q\335\342\312\343\236\027\347\023qE\334\234"
 1919      8DC1 3D71 
 1919      DDE2 CAE3 
 1919      9E17 E713 
 1919      7145 DC9C 
 1920 0379 B05A 1737 		.ascii	"\260Z\0277n_\375\016o\332O\262\002F\006@\356\233V\235\357cE\030"
 1920      6E5F FD0E 
 1920      6FDA 4FB2 
 1920      0246 0640 
 1920      EE9B 569D 
 1921 0391 F482 2EDD 		.ascii	"\364\202.\335[\016\354,O\234\271\307\350\f\033\341\330\341\214"
 1921      5B0E EC2C 
 1921      4F9C B9C7 
 1921      E80C 1BE1 
 1921      D8E1 8C
 1922 03a4 8683 A546 		.ascii	"\206\203\245F]\215a| \200p\327,+\364\240\003MIf7\226q\306o)\f"
 1922      5D8D 617C 
 1922      2080 70D7 
 1922      2C2B F4A0 
 1922      034D 4966 
 1923 03bf 1EC0 4CA4 		.ascii	"\036\300L\244h,\257ns\361\003N\002\007\252\007\017\245\252\b"
 1923      682C AF6E 
 1923      73F1 034E 
 1923      0207 AA07 
 1923      0FA5 AA08 
 1924 03d3 435F 1A   		.ascii	"C_\032"
 1925 03d6 9BC4 A549 		.string	"\233\304\245I\344}\026\371C\"\357\263\221W\"y\277 ?W\261\377\230\316\377p\"o/m\033J\022\3
 1925      E47D 16F9 
 1925      4322 EFB3 
 1925      9157 2279 
 1925      BF20 3F57 
 1926 04d7 3B78 7002 		.ascii	";xp\0028\246\300\324{\277)\361\027\204JV\315\311\017,\237\235"
 1926      38A6 C0D4 
 1926      7BBF 29F1 
 1926      1784 4A56 
 1926      CDC9 0F2C 
 1927 04ed E3FE E4B3 		.ascii	"\343\376\344\263\245\031\037-Z\304R\305t\366\212\205\331\331"
 1927      A519 1F2D 
 1927      5AC4 52C5 
 1927      74F6 8A85 
 1927      D9D9 
 1928 04ff 2BB2 FDEF 		.ascii	"+\262\375\3571W\311\312\202P\266/\304\213\374k\334E\201\342@"
 1928      3157 C9CA 
 1928      8250 B62F 
 1928      C48B FC6B 
 1928      DC45 81E2 
 1929 0514 D1EA C0F2 		.ascii	"\321\352\300\362\004\337\207\301`\276\236\347/\360\273r\202\253"
 1929      04DF 87C1 
 1929      60BE 9EE7 
 1929      2FF0 BB72 
 1929      82AB 
 1930 0526 0A83 C581 		.ascii	"\n\203\305\201\244\342\234\242`~\276/?\230\223\227\230\343/,"
 1930      A4E2 9CA2 
 1930      607E BE2F 
 1930      3F98 9397 
 1930      98E3 2F2C 
 1931 053a 1623 7741 		.ascii	"\026#wA\311*1H\261G\313e\t\330\371B\311\364,\016\204|%H\253\257"
 1931      C92A 3148 
 1931      B147 CB65 
 1931      09D8 F942 
 1931      C9F4 2C0E 
 1932 0554 09F8 27C2 		.ascii	"\t\370'\302r\230\307\004\344-#]\276\222\302\345\376P@\300\275"
 1932      7298 C704 
 1932      E42D 235D 
 1932      BE92 C2E5 
 1932      FE50 40C0 
 1933 0569 B679 DEB2 		.ascii	"\266y\336\262\024\232\255,X\031\362\025\006\213B\305.\345\367"
 1933      149A AD2C 
 1933      5819 F215 
 1933      068B 42C5 
 1933      2EE5 F7
 1934 057c 3F2B 95D5 		.ascii	"?+\225\325\336"
 1934      DE
 1935               		.text
 1936               		.section	.gnu.lto_.symtab.e167a537,"",@progbits
 1937 0000 6C65 645F 		.string	"led_set_user"
 1937      7365 745F 
 1937      7573 6572 
 1937      00
 1938 000d 00        		.string	""
 1939 000e 01        		.ascii	"\001"
 1940 000f 00        		.string	""
 1941 0010 00        		.string	""
 1942 0011 00        		.string	""
 1943 0012 00        		.string	""
 1944 0013 00        		.string	""
 1945 0014 00        		.string	""
 1946 0015 00        		.string	""
 1947 0016 00        		.string	""
 1948 0017 00        		.string	""
 1949 0018 E900      		.string	"\351"
 1950 001a 00        		.string	""
 1951 001b 00        		.string	""
 1952 001c 6C65 645F 		.string	"led_set_kb"
 1952      7365 745F 
 1952      6B62 00
 1953 0027 00        		.string	""
 1954 0028 01        		.ascii	"\001"
 1955 0029 00        		.string	""
 1956 002a 00        		.string	""
 1957 002b 00        		.string	""
 1958 002c 00        		.string	""
 1959 002d 00        		.string	""
 1960 002e 00        		.string	""
 1961 002f 00        		.string	""
 1962 0030 00        		.string	""
 1963 0031 00        		.string	""
 1964 0032 EC00      		.string	"\354"
 1965 0034 00        		.string	""
 1966 0035 00        		.string	""
 1967 0036 6C65 645F 		.string	"led_update_user"
 1967      7570 6461 
 1967      7465 5F75 
 1967      7365 7200 
 1968 0046 00        		.string	""
 1969 0047 01        		.ascii	"\001"
 1970 0048 00        		.string	""
 1971 0049 00        		.string	""
 1972 004a 00        		.string	""
 1973 004b 00        		.string	""
 1974 004c 00        		.string	""
 1975 004d 00        		.string	""
 1976 004e 00        		.string	""
 1977 004f 00        		.string	""
 1978 0050 00        		.string	""
 1979 0051 F100      		.string	"\361"
 1980 0053 00        		.string	""
 1981 0054 00        		.string	""
 1982 0055 6C65 645F 		.string	"led_update_kb"
 1982      7570 6461 
 1982      7465 5F6B 
 1982      6200 
 1983 0063 00        		.string	""
 1984 0064 01        		.ascii	"\001"
 1985 0065 00        		.string	""
 1986 0066 00        		.string	""
 1987 0067 00        		.string	""
 1988 0068 00        		.string	""
 1989 0069 00        		.string	""
 1990 006a 00        		.string	""
 1991 006b 00        		.string	""
 1992 006c 00        		.string	""
 1993 006d 00        		.string	""
 1994 006e F400      		.string	"\364"
 1995 0070 00        		.string	""
 1996 0071 00        		.string	""
 1997 0072 6C65 645F 		.string	"led_init_ports"
 1997      696E 6974 
 1997      5F70 6F72 
 1997      7473 00
 1998 0081 00        		.string	""
 1999 0082 01        		.ascii	"\001"
 2000 0083 00        		.string	""
 2001 0084 00        		.string	""
 2002 0085 00        		.string	""
 2003 0086 00        		.string	""
 2004 0087 00        		.string	""
 2005 0088 00        		.string	""
 2006 0089 00        		.string	""
 2007 008a 00        		.string	""
 2008 008b 00        		.string	""
 2009 008c F800      		.string	"\370"
 2010 008e 00        		.string	""
 2011 008f 00        		.string	""
 2012 0090 6C65 645F 		.string	"led_set"
 2012      7365 7400 
 2013 0098 00        		.string	""
 2014 0099 01        		.ascii	"\001"
 2015 009a 00        		.string	""
 2016 009b 00        		.string	""
 2017 009c 00        		.string	""
 2018 009d 00        		.string	""
 2019 009e 00        		.string	""
 2020 009f 00        		.string	""
 2021 00a0 00        		.string	""
 2022 00a1 00        		.string	""
 2023 00a2 00        		.string	""
 2024 00a3 FB00      		.string	"\373"
 2025 00a5 00        		.string	""
 2026 00a6 00        		.string	""
 2027               		.text
 2028               		.section	.gnu.lto_.opts,"",@progbits
 2029 0000 272D 666E 		.ascii	"'-fn"
 2030 0004 6F2D 6F70 		.string	"o-openmp' '-fno-openacc' '-fno-pie' '-mn-flash=1' '-mno-skip-bug' '-mmcu=avr5' '-Os' '-We
 2030      656E 6D70 
 2030      2720 272D 
 2030      666E 6F2D 
 2030      6F70 656E 
 2031               		.text
 2032               		.comm	__gnu_lto_v1,1,1
 2033               		.comm	__gnu_lto_slim,1,1
 2034               		.ident	"GCC: (GNU) 8.4.0"
DEFINED SYMBOLS
                            *ABS*:0000000000000000 led.c
C:\Users\Roningo\AppData\Local\Temp\ccs4U7xH.s:2      *ABS*:000000000000003e __SP_H__
C:\Users\Roningo\AppData\Local\Temp\ccs4U7xH.s:3      *ABS*:000000000000003d __SP_L__
C:\Users\Roningo\AppData\Local\Temp\ccs4U7xH.s:4      *ABS*:000000000000003f __SREG__
C:\Users\Roningo\AppData\Local\Temp\ccs4U7xH.s:5      *ABS*:0000000000000000 __tmp_reg__
C:\Users\Roningo\AppData\Local\Temp\ccs4U7xH.s:6      *ABS*:0000000000000001 __zero_reg__
C:\Users\Roningo\AppData\Local\Temp\ccs4U7xH.s:29     .gnu.debuglto_.debug_info:0000000000000000 led.c.f688f8a7
                            *COM*:0000000000000001 __gnu_lto_v1
                            *COM*:0000000000000001 __gnu_lto_slim

NO UNDEFINED SYMBOLS
