   1               		.file	"keycode_config.c"
   2               	__SP_H__ = 0x3e
   3               	__SP_L__ = 0x3d
   4               	__SREG__ = 0x3f
   5               	__tmp_reg__ = 0
   6               	__zero_reg__ = 1
   7               		.file 1 "e:\\game\\msys2\\mingw64\\avr\\include\\stdint.h"
   8               		.file 2 "tmk_core/common/keycode.h"
   9               		.file 3 "tmk_core/common/action_code.h"
  10               		.file 4 "quantum/keycode_config.h"
  11               		.file 5 "quantum/keycode_config.c"
  12               		.section	.gnu.debuglto_.debug_info,"",@progbits
  13               	.Ldebug_info0:
  14               		.hidden	keycode_config.c.7fc2c394
  15               		.weak	keycode_config.c.7fc2c394
  16               	keycode_config.c.7fc2c394:
  17 0000 1406 0000 		.long	0x614
  18 0004 0200      		.word	0x2
  19 0006 0000 0000 		.long	.Ldebug_abbrev0
  20 000a 04        		.byte	0x4
  21 000b 01        		.uleb128 0x1
  22 000c 0000 0000 		.long	.LASF206
  23 0010 0C        		.byte	0xc
  24 0011 0000 0000 		.long	.LASF207
  25 0015 0000 0000 		.long	.LASF208
  26 0019 0000 0000 		.long	.Ldebug_line0
  27 001d 02        		.uleb128 0x2
  28 001e 01        		.byte	0x1
  29 001f 06        		.byte	0x6
  30 0020 0000 0000 		.long	.LASF0
  31 0024 03        		.uleb128 0x3
  32 0025 0000 0000 		.long	.LASF2
  33 0029 01        		.byte	0x1
  34 002a 7E        		.byte	0x7e
  35 002b 16        		.byte	0x16
  36 002c 3000 0000 		.long	0x30
  37 0030 02        		.uleb128 0x2
  38 0031 01        		.byte	0x1
  39 0032 08        		.byte	0x8
  40 0033 0000 0000 		.long	.LASF1
  41 0037 04        		.uleb128 0x4
  42 0038 02        		.byte	0x2
  43 0039 05        		.byte	0x5
  44 003a 696E 7400 		.string	"int"
  45 003e 03        		.uleb128 0x3
  46 003f 0000 0000 		.long	.LASF3
  47 0043 01        		.byte	0x1
  48 0044 80        		.byte	0x80
  49 0045 16        		.byte	0x16
  50 0046 4A00 0000 		.long	0x4a
  51 004a 02        		.uleb128 0x2
  52 004b 02        		.byte	0x2
  53 004c 07        		.byte	0x7
  54 004d 0000 0000 		.long	.LASF4
  55 0051 02        		.uleb128 0x2
  56 0052 04        		.byte	0x4
  57 0053 05        		.byte	0x5
  58 0054 0000 0000 		.long	.LASF5
  59 0058 02        		.uleb128 0x2
  60 0059 04        		.byte	0x4
  61 005a 07        		.byte	0x7
  62 005b 0000 0000 		.long	.LASF6
  63 005f 02        		.uleb128 0x2
  64 0060 08        		.byte	0x8
  65 0061 05        		.byte	0x5
  66 0062 0000 0000 		.long	.LASF7
  67 0066 02        		.uleb128 0x2
  68 0067 08        		.byte	0x8
  69 0068 07        		.byte	0x7
  70 0069 0000 0000 		.long	.LASF8
  71 006d 05        		.uleb128 0x5
  72 006e 0000 0000 		.long	.LASF182
  73 0072 07        		.byte	0x7
  74 0073 01        		.byte	0x1
  75 0074 3000 0000 		.long	0x30
  76 0078 02        		.byte	0x2
  77 0079 DC        		.byte	0xdc
  78 007a 06        		.byte	0x6
  79 007b 8E04 0000 		.long	0x48e
  80 007f 06        		.uleb128 0x6
  81 0080 0000 0000 		.long	.LASF9
  82 0084 00        		.byte	0
  83 0085 06        		.uleb128 0x6
  84 0086 0000 0000 		.long	.LASF10
  85 008a 01        		.byte	0x1
  86 008b 06        		.uleb128 0x6
  87 008c 0000 0000 		.long	.LASF11
  88 0090 02        		.byte	0x2
  89 0091 06        		.uleb128 0x6
  90 0092 0000 0000 		.long	.LASF12
  91 0096 03        		.byte	0x3
  92 0097 06        		.uleb128 0x6
  93 0098 0000 0000 		.long	.LASF13
  94 009c 04        		.byte	0x4
  95 009d 06        		.uleb128 0x6
  96 009e 0000 0000 		.long	.LASF14
  97 00a2 05        		.byte	0x5
  98 00a3 06        		.uleb128 0x6
  99 00a4 0000 0000 		.long	.LASF15
 100 00a8 06        		.byte	0x6
 101 00a9 06        		.uleb128 0x6
 102 00aa 0000 0000 		.long	.LASF16
 103 00ae 07        		.byte	0x7
 104 00af 06        		.uleb128 0x6
 105 00b0 0000 0000 		.long	.LASF17
 106 00b4 08        		.byte	0x8
 107 00b5 06        		.uleb128 0x6
 108 00b6 0000 0000 		.long	.LASF18
 109 00ba 09        		.byte	0x9
 110 00bb 06        		.uleb128 0x6
 111 00bc 0000 0000 		.long	.LASF19
 112 00c0 0A        		.byte	0xa
 113 00c1 06        		.uleb128 0x6
 114 00c2 0000 0000 		.long	.LASF20
 115 00c6 0B        		.byte	0xb
 116 00c7 06        		.uleb128 0x6
 117 00c8 0000 0000 		.long	.LASF21
 118 00cc 0C        		.byte	0xc
 119 00cd 06        		.uleb128 0x6
 120 00ce 0000 0000 		.long	.LASF22
 121 00d2 0D        		.byte	0xd
 122 00d3 06        		.uleb128 0x6
 123 00d4 0000 0000 		.long	.LASF23
 124 00d8 0E        		.byte	0xe
 125 00d9 06        		.uleb128 0x6
 126 00da 0000 0000 		.long	.LASF24
 127 00de 0F        		.byte	0xf
 128 00df 06        		.uleb128 0x6
 129 00e0 0000 0000 		.long	.LASF25
 130 00e4 10        		.byte	0x10
 131 00e5 06        		.uleb128 0x6
 132 00e6 0000 0000 		.long	.LASF26
 133 00ea 11        		.byte	0x11
 134 00eb 06        		.uleb128 0x6
 135 00ec 0000 0000 		.long	.LASF27
 136 00f0 12        		.byte	0x12
 137 00f1 06        		.uleb128 0x6
 138 00f2 0000 0000 		.long	.LASF28
 139 00f6 13        		.byte	0x13
 140 00f7 06        		.uleb128 0x6
 141 00f8 0000 0000 		.long	.LASF29
 142 00fc 14        		.byte	0x14
 143 00fd 06        		.uleb128 0x6
 144 00fe 0000 0000 		.long	.LASF30
 145 0102 15        		.byte	0x15
 146 0103 06        		.uleb128 0x6
 147 0104 0000 0000 		.long	.LASF31
 148 0108 16        		.byte	0x16
 149 0109 06        		.uleb128 0x6
 150 010a 0000 0000 		.long	.LASF32
 151 010e 17        		.byte	0x17
 152 010f 06        		.uleb128 0x6
 153 0110 0000 0000 		.long	.LASF33
 154 0114 18        		.byte	0x18
 155 0115 06        		.uleb128 0x6
 156 0116 0000 0000 		.long	.LASF34
 157 011a 19        		.byte	0x19
 158 011b 06        		.uleb128 0x6
 159 011c 0000 0000 		.long	.LASF35
 160 0120 1A        		.byte	0x1a
 161 0121 06        		.uleb128 0x6
 162 0122 0000 0000 		.long	.LASF36
 163 0126 1B        		.byte	0x1b
 164 0127 06        		.uleb128 0x6
 165 0128 0000 0000 		.long	.LASF37
 166 012c 1C        		.byte	0x1c
 167 012d 06        		.uleb128 0x6
 168 012e 0000 0000 		.long	.LASF38
 169 0132 1D        		.byte	0x1d
 170 0133 06        		.uleb128 0x6
 171 0134 0000 0000 		.long	.LASF39
 172 0138 1E        		.byte	0x1e
 173 0139 06        		.uleb128 0x6
 174 013a 0000 0000 		.long	.LASF40
 175 013e 1F        		.byte	0x1f
 176 013f 06        		.uleb128 0x6
 177 0140 0000 0000 		.long	.LASF41
 178 0144 20        		.byte	0x20
 179 0145 06        		.uleb128 0x6
 180 0146 0000 0000 		.long	.LASF42
 181 014a 21        		.byte	0x21
 182 014b 06        		.uleb128 0x6
 183 014c 0000 0000 		.long	.LASF43
 184 0150 22        		.byte	0x22
 185 0151 06        		.uleb128 0x6
 186 0152 0000 0000 		.long	.LASF44
 187 0156 23        		.byte	0x23
 188 0157 06        		.uleb128 0x6
 189 0158 0000 0000 		.long	.LASF45
 190 015c 24        		.byte	0x24
 191 015d 06        		.uleb128 0x6
 192 015e 0000 0000 		.long	.LASF46
 193 0162 25        		.byte	0x25
 194 0163 06        		.uleb128 0x6
 195 0164 0000 0000 		.long	.LASF47
 196 0168 26        		.byte	0x26
 197 0169 06        		.uleb128 0x6
 198 016a 0000 0000 		.long	.LASF48
 199 016e 27        		.byte	0x27
 200 016f 06        		.uleb128 0x6
 201 0170 0000 0000 		.long	.LASF49
 202 0174 28        		.byte	0x28
 203 0175 06        		.uleb128 0x6
 204 0176 0000 0000 		.long	.LASF50
 205 017a 29        		.byte	0x29
 206 017b 06        		.uleb128 0x6
 207 017c 0000 0000 		.long	.LASF51
 208 0180 2A        		.byte	0x2a
 209 0181 06        		.uleb128 0x6
 210 0182 0000 0000 		.long	.LASF52
 211 0186 2B        		.byte	0x2b
 212 0187 06        		.uleb128 0x6
 213 0188 0000 0000 		.long	.LASF53
 214 018c 2C        		.byte	0x2c
 215 018d 06        		.uleb128 0x6
 216 018e 0000 0000 		.long	.LASF54
 217 0192 2D        		.byte	0x2d
 218 0193 06        		.uleb128 0x6
 219 0194 0000 0000 		.long	.LASF55
 220 0198 2E        		.byte	0x2e
 221 0199 06        		.uleb128 0x6
 222 019a 0000 0000 		.long	.LASF56
 223 019e 2F        		.byte	0x2f
 224 019f 06        		.uleb128 0x6
 225 01a0 0000 0000 		.long	.LASF57
 226 01a4 30        		.byte	0x30
 227 01a5 06        		.uleb128 0x6
 228 01a6 0000 0000 		.long	.LASF58
 229 01aa 31        		.byte	0x31
 230 01ab 06        		.uleb128 0x6
 231 01ac 0000 0000 		.long	.LASF59
 232 01b0 32        		.byte	0x32
 233 01b1 06        		.uleb128 0x6
 234 01b2 0000 0000 		.long	.LASF60
 235 01b6 33        		.byte	0x33
 236 01b7 06        		.uleb128 0x6
 237 01b8 0000 0000 		.long	.LASF61
 238 01bc 34        		.byte	0x34
 239 01bd 06        		.uleb128 0x6
 240 01be 0000 0000 		.long	.LASF62
 241 01c2 35        		.byte	0x35
 242 01c3 06        		.uleb128 0x6
 243 01c4 0000 0000 		.long	.LASF63
 244 01c8 36        		.byte	0x36
 245 01c9 06        		.uleb128 0x6
 246 01ca 0000 0000 		.long	.LASF64
 247 01ce 37        		.byte	0x37
 248 01cf 06        		.uleb128 0x6
 249 01d0 0000 0000 		.long	.LASF65
 250 01d4 38        		.byte	0x38
 251 01d5 06        		.uleb128 0x6
 252 01d6 0000 0000 		.long	.LASF66
 253 01da 39        		.byte	0x39
 254 01db 06        		.uleb128 0x6
 255 01dc 0000 0000 		.long	.LASF67
 256 01e0 3A        		.byte	0x3a
 257 01e1 06        		.uleb128 0x6
 258 01e2 0000 0000 		.long	.LASF68
 259 01e6 3B        		.byte	0x3b
 260 01e7 06        		.uleb128 0x6
 261 01e8 0000 0000 		.long	.LASF69
 262 01ec 3C        		.byte	0x3c
 263 01ed 06        		.uleb128 0x6
 264 01ee 0000 0000 		.long	.LASF70
 265 01f2 3D        		.byte	0x3d
 266 01f3 06        		.uleb128 0x6
 267 01f4 0000 0000 		.long	.LASF71
 268 01f8 3E        		.byte	0x3e
 269 01f9 06        		.uleb128 0x6
 270 01fa 0000 0000 		.long	.LASF72
 271 01fe 3F        		.byte	0x3f
 272 01ff 06        		.uleb128 0x6
 273 0200 0000 0000 		.long	.LASF73
 274 0204 40        		.byte	0x40
 275 0205 06        		.uleb128 0x6
 276 0206 0000 0000 		.long	.LASF74
 277 020a 41        		.byte	0x41
 278 020b 06        		.uleb128 0x6
 279 020c 0000 0000 		.long	.LASF75
 280 0210 42        		.byte	0x42
 281 0211 06        		.uleb128 0x6
 282 0212 0000 0000 		.long	.LASF76
 283 0216 43        		.byte	0x43
 284 0217 06        		.uleb128 0x6
 285 0218 0000 0000 		.long	.LASF77
 286 021c 44        		.byte	0x44
 287 021d 06        		.uleb128 0x6
 288 021e 0000 0000 		.long	.LASF78
 289 0222 45        		.byte	0x45
 290 0223 06        		.uleb128 0x6
 291 0224 0000 0000 		.long	.LASF79
 292 0228 46        		.byte	0x46
 293 0229 06        		.uleb128 0x6
 294 022a 0000 0000 		.long	.LASF80
 295 022e 47        		.byte	0x47
 296 022f 06        		.uleb128 0x6
 297 0230 0000 0000 		.long	.LASF81
 298 0234 48        		.byte	0x48
 299 0235 06        		.uleb128 0x6
 300 0236 0000 0000 		.long	.LASF82
 301 023a 49        		.byte	0x49
 302 023b 06        		.uleb128 0x6
 303 023c 0000 0000 		.long	.LASF83
 304 0240 4A        		.byte	0x4a
 305 0241 06        		.uleb128 0x6
 306 0242 0000 0000 		.long	.LASF84
 307 0246 4B        		.byte	0x4b
 308 0247 06        		.uleb128 0x6
 309 0248 0000 0000 		.long	.LASF85
 310 024c 4C        		.byte	0x4c
 311 024d 06        		.uleb128 0x6
 312 024e 0000 0000 		.long	.LASF86
 313 0252 4D        		.byte	0x4d
 314 0253 06        		.uleb128 0x6
 315 0254 0000 0000 		.long	.LASF87
 316 0258 4E        		.byte	0x4e
 317 0259 06        		.uleb128 0x6
 318 025a 0000 0000 		.long	.LASF88
 319 025e 4F        		.byte	0x4f
 320 025f 06        		.uleb128 0x6
 321 0260 0000 0000 		.long	.LASF89
 322 0264 50        		.byte	0x50
 323 0265 06        		.uleb128 0x6
 324 0266 0000 0000 		.long	.LASF90
 325 026a 51        		.byte	0x51
 326 026b 06        		.uleb128 0x6
 327 026c 0000 0000 		.long	.LASF91
 328 0270 52        		.byte	0x52
 329 0271 06        		.uleb128 0x6
 330 0272 0000 0000 		.long	.LASF92
 331 0276 53        		.byte	0x53
 332 0277 06        		.uleb128 0x6
 333 0278 0000 0000 		.long	.LASF93
 334 027c 54        		.byte	0x54
 335 027d 06        		.uleb128 0x6
 336 027e 0000 0000 		.long	.LASF94
 337 0282 55        		.byte	0x55
 338 0283 06        		.uleb128 0x6
 339 0284 0000 0000 		.long	.LASF95
 340 0288 56        		.byte	0x56
 341 0289 06        		.uleb128 0x6
 342 028a 0000 0000 		.long	.LASF96
 343 028e 57        		.byte	0x57
 344 028f 06        		.uleb128 0x6
 345 0290 0000 0000 		.long	.LASF97
 346 0294 58        		.byte	0x58
 347 0295 06        		.uleb128 0x6
 348 0296 0000 0000 		.long	.LASF98
 349 029a 59        		.byte	0x59
 350 029b 06        		.uleb128 0x6
 351 029c 0000 0000 		.long	.LASF99
 352 02a0 5A        		.byte	0x5a
 353 02a1 06        		.uleb128 0x6
 354 02a2 0000 0000 		.long	.LASF100
 355 02a6 5B        		.byte	0x5b
 356 02a7 06        		.uleb128 0x6
 357 02a8 0000 0000 		.long	.LASF101
 358 02ac 5C        		.byte	0x5c
 359 02ad 06        		.uleb128 0x6
 360 02ae 0000 0000 		.long	.LASF102
 361 02b2 5D        		.byte	0x5d
 362 02b3 06        		.uleb128 0x6
 363 02b4 0000 0000 		.long	.LASF103
 364 02b8 5E        		.byte	0x5e
 365 02b9 06        		.uleb128 0x6
 366 02ba 0000 0000 		.long	.LASF104
 367 02be 5F        		.byte	0x5f
 368 02bf 06        		.uleb128 0x6
 369 02c0 0000 0000 		.long	.LASF105
 370 02c4 60        		.byte	0x60
 371 02c5 06        		.uleb128 0x6
 372 02c6 0000 0000 		.long	.LASF106
 373 02ca 61        		.byte	0x61
 374 02cb 06        		.uleb128 0x6
 375 02cc 0000 0000 		.long	.LASF107
 376 02d0 62        		.byte	0x62
 377 02d1 06        		.uleb128 0x6
 378 02d2 0000 0000 		.long	.LASF108
 379 02d6 63        		.byte	0x63
 380 02d7 06        		.uleb128 0x6
 381 02d8 0000 0000 		.long	.LASF109
 382 02dc 64        		.byte	0x64
 383 02dd 06        		.uleb128 0x6
 384 02de 0000 0000 		.long	.LASF110
 385 02e2 65        		.byte	0x65
 386 02e3 06        		.uleb128 0x6
 387 02e4 0000 0000 		.long	.LASF111
 388 02e8 66        		.byte	0x66
 389 02e9 06        		.uleb128 0x6
 390 02ea 0000 0000 		.long	.LASF112
 391 02ee 67        		.byte	0x67
 392 02ef 06        		.uleb128 0x6
 393 02f0 0000 0000 		.long	.LASF113
 394 02f4 68        		.byte	0x68
 395 02f5 06        		.uleb128 0x6
 396 02f6 0000 0000 		.long	.LASF114
 397 02fa 69        		.byte	0x69
 398 02fb 06        		.uleb128 0x6
 399 02fc 0000 0000 		.long	.LASF115
 400 0300 6A        		.byte	0x6a
 401 0301 06        		.uleb128 0x6
 402 0302 0000 0000 		.long	.LASF116
 403 0306 6B        		.byte	0x6b
 404 0307 06        		.uleb128 0x6
 405 0308 0000 0000 		.long	.LASF117
 406 030c 6C        		.byte	0x6c
 407 030d 06        		.uleb128 0x6
 408 030e 0000 0000 		.long	.LASF118
 409 0312 6D        		.byte	0x6d
 410 0313 06        		.uleb128 0x6
 411 0314 0000 0000 		.long	.LASF119
 412 0318 6E        		.byte	0x6e
 413 0319 06        		.uleb128 0x6
 414 031a 0000 0000 		.long	.LASF120
 415 031e 6F        		.byte	0x6f
 416 031f 06        		.uleb128 0x6
 417 0320 0000 0000 		.long	.LASF121
 418 0324 70        		.byte	0x70
 419 0325 06        		.uleb128 0x6
 420 0326 0000 0000 		.long	.LASF122
 421 032a 71        		.byte	0x71
 422 032b 06        		.uleb128 0x6
 423 032c 0000 0000 		.long	.LASF123
 424 0330 72        		.byte	0x72
 425 0331 06        		.uleb128 0x6
 426 0332 0000 0000 		.long	.LASF124
 427 0336 73        		.byte	0x73
 428 0337 06        		.uleb128 0x6
 429 0338 0000 0000 		.long	.LASF125
 430 033c 74        		.byte	0x74
 431 033d 06        		.uleb128 0x6
 432 033e 0000 0000 		.long	.LASF126
 433 0342 75        		.byte	0x75
 434 0343 06        		.uleb128 0x6
 435 0344 0000 0000 		.long	.LASF127
 436 0348 76        		.byte	0x76
 437 0349 06        		.uleb128 0x6
 438 034a 0000 0000 		.long	.LASF128
 439 034e 77        		.byte	0x77
 440 034f 06        		.uleb128 0x6
 441 0350 0000 0000 		.long	.LASF129
 442 0354 78        		.byte	0x78
 443 0355 06        		.uleb128 0x6
 444 0356 0000 0000 		.long	.LASF130
 445 035a 79        		.byte	0x79
 446 035b 06        		.uleb128 0x6
 447 035c 0000 0000 		.long	.LASF131
 448 0360 7A        		.byte	0x7a
 449 0361 06        		.uleb128 0x6
 450 0362 0000 0000 		.long	.LASF132
 451 0366 7B        		.byte	0x7b
 452 0367 06        		.uleb128 0x6
 453 0368 0000 0000 		.long	.LASF133
 454 036c 7C        		.byte	0x7c
 455 036d 06        		.uleb128 0x6
 456 036e 0000 0000 		.long	.LASF134
 457 0372 7D        		.byte	0x7d
 458 0373 06        		.uleb128 0x6
 459 0374 0000 0000 		.long	.LASF135
 460 0378 7E        		.byte	0x7e
 461 0379 06        		.uleb128 0x6
 462 037a 0000 0000 		.long	.LASF136
 463 037e 7F        		.byte	0x7f
 464 037f 06        		.uleb128 0x6
 465 0380 0000 0000 		.long	.LASF137
 466 0384 80        		.byte	0x80
 467 0385 06        		.uleb128 0x6
 468 0386 0000 0000 		.long	.LASF138
 469 038a 81        		.byte	0x81
 470 038b 06        		.uleb128 0x6
 471 038c 0000 0000 		.long	.LASF139
 472 0390 82        		.byte	0x82
 473 0391 06        		.uleb128 0x6
 474 0392 0000 0000 		.long	.LASF140
 475 0396 83        		.byte	0x83
 476 0397 06        		.uleb128 0x6
 477 0398 0000 0000 		.long	.LASF141
 478 039c 84        		.byte	0x84
 479 039d 06        		.uleb128 0x6
 480 039e 0000 0000 		.long	.LASF142
 481 03a2 85        		.byte	0x85
 482 03a3 06        		.uleb128 0x6
 483 03a4 0000 0000 		.long	.LASF143
 484 03a8 86        		.byte	0x86
 485 03a9 06        		.uleb128 0x6
 486 03aa 0000 0000 		.long	.LASF144
 487 03ae 87        		.byte	0x87
 488 03af 06        		.uleb128 0x6
 489 03b0 0000 0000 		.long	.LASF145
 490 03b4 88        		.byte	0x88
 491 03b5 06        		.uleb128 0x6
 492 03b6 0000 0000 		.long	.LASF146
 493 03ba 89        		.byte	0x89
 494 03bb 06        		.uleb128 0x6
 495 03bc 0000 0000 		.long	.LASF147
 496 03c0 8A        		.byte	0x8a
 497 03c1 06        		.uleb128 0x6
 498 03c2 0000 0000 		.long	.LASF148
 499 03c6 8B        		.byte	0x8b
 500 03c7 06        		.uleb128 0x6
 501 03c8 0000 0000 		.long	.LASF149
 502 03cc 8C        		.byte	0x8c
 503 03cd 06        		.uleb128 0x6
 504 03ce 0000 0000 		.long	.LASF150
 505 03d2 8D        		.byte	0x8d
 506 03d3 06        		.uleb128 0x6
 507 03d4 0000 0000 		.long	.LASF151
 508 03d8 8E        		.byte	0x8e
 509 03d9 06        		.uleb128 0x6
 510 03da 0000 0000 		.long	.LASF152
 511 03de 8F        		.byte	0x8f
 512 03df 06        		.uleb128 0x6
 513 03e0 0000 0000 		.long	.LASF153
 514 03e4 90        		.byte	0x90
 515 03e5 06        		.uleb128 0x6
 516 03e6 0000 0000 		.long	.LASF154
 517 03ea 91        		.byte	0x91
 518 03eb 06        		.uleb128 0x6
 519 03ec 0000 0000 		.long	.LASF155
 520 03f0 92        		.byte	0x92
 521 03f1 06        		.uleb128 0x6
 522 03f2 0000 0000 		.long	.LASF156
 523 03f6 93        		.byte	0x93
 524 03f7 06        		.uleb128 0x6
 525 03f8 0000 0000 		.long	.LASF157
 526 03fc 94        		.byte	0x94
 527 03fd 06        		.uleb128 0x6
 528 03fe 0000 0000 		.long	.LASF158
 529 0402 95        		.byte	0x95
 530 0403 06        		.uleb128 0x6
 531 0404 0000 0000 		.long	.LASF159
 532 0408 96        		.byte	0x96
 533 0409 06        		.uleb128 0x6
 534 040a 0000 0000 		.long	.LASF160
 535 040e 97        		.byte	0x97
 536 040f 06        		.uleb128 0x6
 537 0410 0000 0000 		.long	.LASF161
 538 0414 98        		.byte	0x98
 539 0415 06        		.uleb128 0x6
 540 0416 0000 0000 		.long	.LASF162
 541 041a 99        		.byte	0x99
 542 041b 06        		.uleb128 0x6
 543 041c 0000 0000 		.long	.LASF163
 544 0420 9A        		.byte	0x9a
 545 0421 06        		.uleb128 0x6
 546 0422 0000 0000 		.long	.LASF164
 547 0426 9B        		.byte	0x9b
 548 0427 06        		.uleb128 0x6
 549 0428 0000 0000 		.long	.LASF165
 550 042c 9C        		.byte	0x9c
 551 042d 06        		.uleb128 0x6
 552 042e 0000 0000 		.long	.LASF166
 553 0432 9D        		.byte	0x9d
 554 0433 06        		.uleb128 0x6
 555 0434 0000 0000 		.long	.LASF167
 556 0438 9E        		.byte	0x9e
 557 0439 06        		.uleb128 0x6
 558 043a 0000 0000 		.long	.LASF168
 559 043e 9F        		.byte	0x9f
 560 043f 06        		.uleb128 0x6
 561 0440 0000 0000 		.long	.LASF169
 562 0444 A0        		.byte	0xa0
 563 0445 06        		.uleb128 0x6
 564 0446 0000 0000 		.long	.LASF170
 565 044a A1        		.byte	0xa1
 566 044b 06        		.uleb128 0x6
 567 044c 0000 0000 		.long	.LASF171
 568 0450 A2        		.byte	0xa2
 569 0451 06        		.uleb128 0x6
 570 0452 0000 0000 		.long	.LASF172
 571 0456 A3        		.byte	0xa3
 572 0457 06        		.uleb128 0x6
 573 0458 0000 0000 		.long	.LASF173
 574 045c A4        		.byte	0xa4
 575 045d 06        		.uleb128 0x6
 576 045e 0000 0000 		.long	.LASF174
 577 0462 E0        		.byte	0xe0
 578 0463 06        		.uleb128 0x6
 579 0464 0000 0000 		.long	.LASF175
 580 0468 E1        		.byte	0xe1
 581 0469 06        		.uleb128 0x6
 582 046a 0000 0000 		.long	.LASF176
 583 046e E2        		.byte	0xe2
 584 046f 06        		.uleb128 0x6
 585 0470 0000 0000 		.long	.LASF177
 586 0474 E3        		.byte	0xe3
 587 0475 06        		.uleb128 0x6
 588 0476 0000 0000 		.long	.LASF178
 589 047a E4        		.byte	0xe4
 590 047b 06        		.uleb128 0x6
 591 047c 0000 0000 		.long	.LASF179
 592 0480 E5        		.byte	0xe5
 593 0481 06        		.uleb128 0x6
 594 0482 0000 0000 		.long	.LASF180
 595 0486 E6        		.byte	0xe6
 596 0487 06        		.uleb128 0x6
 597 0488 0000 0000 		.long	.LASF181
 598 048c E7        		.byte	0xe7
 599 048d 00        		.byte	0
 600 048e 05        		.uleb128 0x5
 601 048f 0000 0000 		.long	.LASF183
 602 0493 07        		.byte	0x7
 603 0494 01        		.byte	0x1
 604 0495 3000 0000 		.long	0x30
 605 0499 03        		.byte	0x3
 606 049a C1        		.byte	0xc1
 607 049b 06        		.byte	0x6
 608 049c D104 0000 		.long	0x4d1
 609 04a0 06        		.uleb128 0x6
 610 04a1 0000 0000 		.long	.LASF184
 611 04a5 01        		.byte	0x1
 612 04a6 06        		.uleb128 0x6
 613 04a7 0000 0000 		.long	.LASF185
 614 04ab 02        		.byte	0x2
 615 04ac 06        		.uleb128 0x6
 616 04ad 0000 0000 		.long	.LASF186
 617 04b1 04        		.byte	0x4
 618 04b2 06        		.uleb128 0x6
 619 04b3 0000 0000 		.long	.LASF187
 620 04b7 08        		.byte	0x8
 621 04b8 06        		.uleb128 0x6
 622 04b9 0000 0000 		.long	.LASF188
 623 04bd 11        		.byte	0x11
 624 04be 06        		.uleb128 0x6
 625 04bf 0000 0000 		.long	.LASF189
 626 04c3 12        		.byte	0x12
 627 04c4 06        		.uleb128 0x6
 628 04c5 0000 0000 		.long	.LASF190
 629 04c9 14        		.byte	0x14
 630 04ca 06        		.uleb128 0x6
 631 04cb 0000 0000 		.long	.LASF191
 632 04cf 18        		.byte	0x18
 633 04d0 00        		.byte	0
 634 04d1 07        		.uleb128 0x7
 635 04d2 02        		.byte	0x2
 636 04d3 04        		.byte	0x4
 637 04d4 1D        		.byte	0x1d
 638 04d5 05        		.byte	0x5
 639 04d6 A105 0000 		.long	0x5a1
 640 04da 08        		.uleb128 0x8
 641 04db 0000 0000 		.long	.LASF192
 642 04df 04        		.byte	0x4
 643 04e0 1E        		.byte	0x1e
 644 04e1 0E        		.byte	0xe
 645 04e2 A105 0000 		.long	0x5a1
 646 04e6 01        		.byte	0x1
 647 04e7 01        		.byte	0x1
 648 04e8 07        		.byte	0x7
 649 04e9 02        		.byte	0x2
 650 04ea 23        		.byte	0x23
 651 04eb 00        		.uleb128 0
 652 04ec 08        		.uleb128 0x8
 653 04ed 0000 0000 		.long	.LASF193
 654 04f1 04        		.byte	0x4
 655 04f2 1F        		.byte	0x1f
 656 04f3 0E        		.byte	0xe
 657 04f4 A105 0000 		.long	0x5a1
 658 04f8 01        		.byte	0x1
 659 04f9 01        		.byte	0x1
 660 04fa 06        		.byte	0x6
 661 04fb 02        		.byte	0x2
 662 04fc 23        		.byte	0x23
 663 04fd 00        		.uleb128 0
 664 04fe 08        		.uleb128 0x8
 665 04ff 0000 0000 		.long	.LASF194
 666 0503 04        		.byte	0x4
 667 0504 20        		.byte	0x20
 668 0505 0E        		.byte	0xe
 669 0506 A105 0000 		.long	0x5a1
 670 050a 01        		.byte	0x1
 671 050b 01        		.byte	0x1
 672 050c 05        		.byte	0x5
 673 050d 02        		.byte	0x2
 674 050e 23        		.byte	0x23
 675 050f 00        		.uleb128 0
 676 0510 08        		.uleb128 0x8
 677 0511 0000 0000 		.long	.LASF195
 678 0515 04        		.byte	0x4
 679 0516 21        		.byte	0x21
 680 0517 0E        		.byte	0xe
 681 0518 A105 0000 		.long	0x5a1
 682 051c 01        		.byte	0x1
 683 051d 01        		.byte	0x1
 684 051e 04        		.byte	0x4
 685 051f 02        		.byte	0x2
 686 0520 23        		.byte	0x23
 687 0521 00        		.uleb128 0
 688 0522 08        		.uleb128 0x8
 689 0523 0000 0000 		.long	.LASF196
 690 0527 04        		.byte	0x4
 691 0528 22        		.byte	0x22
 692 0529 0E        		.byte	0xe
 693 052a A105 0000 		.long	0x5a1
 694 052e 01        		.byte	0x1
 695 052f 01        		.byte	0x1
 696 0530 03        		.byte	0x3
 697 0531 02        		.byte	0x2
 698 0532 23        		.byte	0x23
 699 0533 00        		.uleb128 0
 700 0534 08        		.uleb128 0x8
 701 0535 0000 0000 		.long	.LASF197
 702 0539 04        		.byte	0x4
 703 053a 23        		.byte	0x23
 704 053b 0E        		.byte	0xe
 705 053c A105 0000 		.long	0x5a1
 706 0540 01        		.byte	0x1
 707 0541 01        		.byte	0x1
 708 0542 02        		.byte	0x2
 709 0543 02        		.byte	0x2
 710 0544 23        		.byte	0x23
 711 0545 00        		.uleb128 0
 712 0546 08        		.uleb128 0x8
 713 0547 0000 0000 		.long	.LASF198
 714 054b 04        		.byte	0x4
 715 054c 24        		.byte	0x24
 716 054d 0E        		.byte	0xe
 717 054e A105 0000 		.long	0x5a1
 718 0552 01        		.byte	0x1
 719 0553 01        		.byte	0x1
 720 0554 01        		.byte	0x1
 721 0555 02        		.byte	0x2
 722 0556 23        		.byte	0x23
 723 0557 00        		.uleb128 0
 724 0558 08        		.uleb128 0x8
 725 0559 0000 0000 		.long	.LASF199
 726 055d 04        		.byte	0x4
 727 055e 25        		.byte	0x25
 728 055f 0E        		.byte	0xe
 729 0560 A105 0000 		.long	0x5a1
 730 0564 01        		.byte	0x1
 731 0565 01        		.byte	0x1
 732 0566 00        		.byte	0
 733 0567 02        		.byte	0x2
 734 0568 23        		.byte	0x23
 735 0569 00        		.uleb128 0
 736 056a 08        		.uleb128 0x8
 737 056b 0000 0000 		.long	.LASF200
 738 056f 04        		.byte	0x4
 739 0570 26        		.byte	0x26
 740 0571 0E        		.byte	0xe
 741 0572 A105 0000 		.long	0x5a1
 742 0576 01        		.byte	0x1
 743 0577 01        		.byte	0x1
 744 0578 07        		.byte	0x7
 745 0579 02        		.byte	0x2
 746 057a 23        		.byte	0x23
 747 057b 01        		.uleb128 0x1
 748 057c 08        		.uleb128 0x8
 749 057d 0000 0000 		.long	.LASF201
 750 0581 04        		.byte	0x4
 751 0582 27        		.byte	0x27
 752 0583 0E        		.byte	0xe
 753 0584 A105 0000 		.long	0x5a1
 754 0588 01        		.byte	0x1
 755 0589 01        		.byte	0x1
 756 058a 06        		.byte	0x6
 757 058b 02        		.byte	0x2
 758 058c 23        		.byte	0x23
 759 058d 01        		.uleb128 0x1
 760 058e 08        		.uleb128 0x8
 761 058f 0000 0000 		.long	.LASF202
 762 0593 04        		.byte	0x4
 763 0594 28        		.byte	0x28
 764 0595 0E        		.byte	0xe
 765 0596 A105 0000 		.long	0x5a1
 766 059a 01        		.byte	0x1
 767 059b 01        		.byte	0x1
 768 059c 05        		.byte	0x5
 769 059d 02        		.byte	0x2
 770 059e 23        		.byte	0x23
 771 059f 01        		.uleb128 0x1
 772 05a0 00        		.byte	0
 773 05a1 02        		.uleb128 0x2
 774 05a2 01        		.byte	0x1
 775 05a3 02        		.byte	0x2
 776 05a4 0000 0000 		.long	.LASF203
 777 05a8 09        		.uleb128 0x9
 778 05a9 02        		.byte	0x2
 779 05aa 04        		.byte	0x4
 780 05ab 1B        		.byte	0x1b
 781 05ac 09        		.byte	0x9
 782 05ad C305 0000 		.long	0x5c3
 783 05b1 0A        		.uleb128 0xa
 784 05b2 7261 7700 		.string	"raw"
 785 05b6 04        		.byte	0x4
 786 05b7 1C        		.byte	0x1c
 787 05b8 0E        		.byte	0xe
 788 05b9 3E00 0000 		.long	0x3e
 789 05bd 0B        		.uleb128 0xb
 790 05be D104 0000 		.long	0x4d1
 791 05c2 00        		.byte	0
 792 05c3 03        		.uleb128 0x3
 793 05c4 0000 0000 		.long	.LASF204
 794 05c8 04        		.byte	0x4
 795 05c9 2A        		.byte	0x2a
 796 05ca 03        		.byte	0x3
 797 05cb A805 0000 		.long	0x5a8
 798 05cf 0C        		.uleb128 0xc
 799 05d0 0000 0000 		.long	.LASF209
 800 05d4 04        		.byte	0x4
 801 05d5 2C        		.byte	0x2c
 802 05d6 18        		.byte	0x18
 803 05d7 C305 0000 		.long	0x5c3
 804 05db 01        		.byte	0x1
 805 05dc 01        		.byte	0x1
 806 05dd 0D        		.uleb128 0xd
 807 05de 01        		.byte	0x1
 808 05df 0000 0000 		.long	.LASF210
 809 05e3 05        		.byte	0x5
 810 05e4 7A        		.byte	0x7a
 811 05e5 09        		.byte	0x9
 812 05e6 01        		.byte	0x1
 813 05e7 2400 0000 		.long	0x24
 814 05eb FC05 0000 		.long	0x5fc
 815 05ef 0E        		.uleb128 0xe
 816 05f0 6D6F 6400 		.string	"mod"
 817 05f4 05        		.byte	0x5
 818 05f5 7A        		.byte	0x7a
 819 05f6 1C        		.byte	0x1c
 820 05f7 2400 0000 		.long	0x24
 821 05fb 00        		.byte	0
 822 05fc 0F        		.uleb128 0xf
 823 05fd 01        		.byte	0x1
 824 05fe 0000 0000 		.long	.LASF211
 825 0602 05        		.byte	0x5
 826 0603 1A        		.byte	0x1a
 827 0604 0A        		.byte	0xa
 828 0605 01        		.byte	0x1
 829 0606 3E00 0000 		.long	0x3e
 830 060a 10        		.uleb128 0x10
 831 060b 0000 0000 		.long	.LASF205
 832 060f 05        		.byte	0x5
 833 0610 1A        		.byte	0x1a
 834 0611 22        		.byte	0x22
 835 0612 3E00 0000 		.long	0x3e
 836 0616 00        		.byte	0
 837 0617 00        		.byte	0
 838               		.section	.gnu.debuglto_.debug_abbrev,"",@progbits
 839               	.Ldebug_abbrev0:
 840 0000 01        		.uleb128 0x1
 841 0001 11        		.uleb128 0x11
 842 0002 01        		.byte	0x1
 843 0003 25        		.uleb128 0x25
 844 0004 0E        		.uleb128 0xe
 845 0005 13        		.uleb128 0x13
 846 0006 0B        		.uleb128 0xb
 847 0007 03        		.uleb128 0x3
 848 0008 0E        		.uleb128 0xe
 849 0009 1B        		.uleb128 0x1b
 850 000a 0E        		.uleb128 0xe
 851 000b 10        		.uleb128 0x10
 852 000c 06        		.uleb128 0x6
 853 000d 00        		.byte	0
 854 000e 00        		.byte	0
 855 000f 02        		.uleb128 0x2
 856 0010 24        		.uleb128 0x24
 857 0011 00        		.byte	0
 858 0012 0B        		.uleb128 0xb
 859 0013 0B        		.uleb128 0xb
 860 0014 3E        		.uleb128 0x3e
 861 0015 0B        		.uleb128 0xb
 862 0016 03        		.uleb128 0x3
 863 0017 0E        		.uleb128 0xe
 864 0018 00        		.byte	0
 865 0019 00        		.byte	0
 866 001a 03        		.uleb128 0x3
 867 001b 16        		.uleb128 0x16
 868 001c 00        		.byte	0
 869 001d 03        		.uleb128 0x3
 870 001e 0E        		.uleb128 0xe
 871 001f 3A        		.uleb128 0x3a
 872 0020 0B        		.uleb128 0xb
 873 0021 3B        		.uleb128 0x3b
 874 0022 0B        		.uleb128 0xb
 875 0023 39        		.uleb128 0x39
 876 0024 0B        		.uleb128 0xb
 877 0025 49        		.uleb128 0x49
 878 0026 13        		.uleb128 0x13
 879 0027 00        		.byte	0
 880 0028 00        		.byte	0
 881 0029 04        		.uleb128 0x4
 882 002a 24        		.uleb128 0x24
 883 002b 00        		.byte	0
 884 002c 0B        		.uleb128 0xb
 885 002d 0B        		.uleb128 0xb
 886 002e 3E        		.uleb128 0x3e
 887 002f 0B        		.uleb128 0xb
 888 0030 03        		.uleb128 0x3
 889 0031 08        		.uleb128 0x8
 890 0032 00        		.byte	0
 891 0033 00        		.byte	0
 892 0034 05        		.uleb128 0x5
 893 0035 04        		.uleb128 0x4
 894 0036 01        		.byte	0x1
 895 0037 03        		.uleb128 0x3
 896 0038 0E        		.uleb128 0xe
 897 0039 3E        		.uleb128 0x3e
 898 003a 0B        		.uleb128 0xb
 899 003b 0B        		.uleb128 0xb
 900 003c 0B        		.uleb128 0xb
 901 003d 49        		.uleb128 0x49
 902 003e 13        		.uleb128 0x13
 903 003f 3A        		.uleb128 0x3a
 904 0040 0B        		.uleb128 0xb
 905 0041 3B        		.uleb128 0x3b
 906 0042 0B        		.uleb128 0xb
 907 0043 39        		.uleb128 0x39
 908 0044 0B        		.uleb128 0xb
 909 0045 01        		.uleb128 0x1
 910 0046 13        		.uleb128 0x13
 911 0047 00        		.byte	0
 912 0048 00        		.byte	0
 913 0049 06        		.uleb128 0x6
 914 004a 28        		.uleb128 0x28
 915 004b 00        		.byte	0
 916 004c 03        		.uleb128 0x3
 917 004d 0E        		.uleb128 0xe
 918 004e 1C        		.uleb128 0x1c
 919 004f 0B        		.uleb128 0xb
 920 0050 00        		.byte	0
 921 0051 00        		.byte	0
 922 0052 07        		.uleb128 0x7
 923 0053 13        		.uleb128 0x13
 924 0054 01        		.byte	0x1
 925 0055 0B        		.uleb128 0xb
 926 0056 0B        		.uleb128 0xb
 927 0057 3A        		.uleb128 0x3a
 928 0058 0B        		.uleb128 0xb
 929 0059 3B        		.uleb128 0x3b
 930 005a 0B        		.uleb128 0xb
 931 005b 39        		.uleb128 0x39
 932 005c 0B        		.uleb128 0xb
 933 005d 01        		.uleb128 0x1
 934 005e 13        		.uleb128 0x13
 935 005f 00        		.byte	0
 936 0060 00        		.byte	0
 937 0061 08        		.uleb128 0x8
 938 0062 0D        		.uleb128 0xd
 939 0063 00        		.byte	0
 940 0064 03        		.uleb128 0x3
 941 0065 0E        		.uleb128 0xe
 942 0066 3A        		.uleb128 0x3a
 943 0067 0B        		.uleb128 0xb
 944 0068 3B        		.uleb128 0x3b
 945 0069 0B        		.uleb128 0xb
 946 006a 39        		.uleb128 0x39
 947 006b 0B        		.uleb128 0xb
 948 006c 49        		.uleb128 0x49
 949 006d 13        		.uleb128 0x13
 950 006e 0B        		.uleb128 0xb
 951 006f 0B        		.uleb128 0xb
 952 0070 0D        		.uleb128 0xd
 953 0071 0B        		.uleb128 0xb
 954 0072 0C        		.uleb128 0xc
 955 0073 0B        		.uleb128 0xb
 956 0074 38        		.uleb128 0x38
 957 0075 0A        		.uleb128 0xa
 958 0076 00        		.byte	0
 959 0077 00        		.byte	0
 960 0078 09        		.uleb128 0x9
 961 0079 17        		.uleb128 0x17
 962 007a 01        		.byte	0x1
 963 007b 0B        		.uleb128 0xb
 964 007c 0B        		.uleb128 0xb
 965 007d 3A        		.uleb128 0x3a
 966 007e 0B        		.uleb128 0xb
 967 007f 3B        		.uleb128 0x3b
 968 0080 0B        		.uleb128 0xb
 969 0081 39        		.uleb128 0x39
 970 0082 0B        		.uleb128 0xb
 971 0083 01        		.uleb128 0x1
 972 0084 13        		.uleb128 0x13
 973 0085 00        		.byte	0
 974 0086 00        		.byte	0
 975 0087 0A        		.uleb128 0xa
 976 0088 0D        		.uleb128 0xd
 977 0089 00        		.byte	0
 978 008a 03        		.uleb128 0x3
 979 008b 08        		.uleb128 0x8
 980 008c 3A        		.uleb128 0x3a
 981 008d 0B        		.uleb128 0xb
 982 008e 3B        		.uleb128 0x3b
 983 008f 0B        		.uleb128 0xb
 984 0090 39        		.uleb128 0x39
 985 0091 0B        		.uleb128 0xb
 986 0092 49        		.uleb128 0x49
 987 0093 13        		.uleb128 0x13
 988 0094 00        		.byte	0
 989 0095 00        		.byte	0
 990 0096 0B        		.uleb128 0xb
 991 0097 0D        		.uleb128 0xd
 992 0098 00        		.byte	0
 993 0099 49        		.uleb128 0x49
 994 009a 13        		.uleb128 0x13
 995 009b 00        		.byte	0
 996 009c 00        		.byte	0
 997 009d 0C        		.uleb128 0xc
 998 009e 34        		.uleb128 0x34
 999 009f 00        		.byte	0
 1000 00a0 03        		.uleb128 0x3
 1001 00a1 0E        		.uleb128 0xe
 1002 00a2 3A        		.uleb128 0x3a
 1003 00a3 0B        		.uleb128 0xb
 1004 00a4 3B        		.uleb128 0x3b
 1005 00a5 0B        		.uleb128 0xb
 1006 00a6 39        		.uleb128 0x39
 1007 00a7 0B        		.uleb128 0xb
 1008 00a8 49        		.uleb128 0x49
 1009 00a9 13        		.uleb128 0x13
 1010 00aa 3F        		.uleb128 0x3f
 1011 00ab 0C        		.uleb128 0xc
 1012 00ac 3C        		.uleb128 0x3c
 1013 00ad 0C        		.uleb128 0xc
 1014 00ae 00        		.byte	0
 1015 00af 00        		.byte	0
 1016 00b0 0D        		.uleb128 0xd
 1017 00b1 2E        		.uleb128 0x2e
 1018 00b2 01        		.byte	0x1
 1019 00b3 3F        		.uleb128 0x3f
 1020 00b4 0C        		.uleb128 0xc
 1021 00b5 03        		.uleb128 0x3
 1022 00b6 0E        		.uleb128 0xe
 1023 00b7 3A        		.uleb128 0x3a
 1024 00b8 0B        		.uleb128 0xb
 1025 00b9 3B        		.uleb128 0x3b
 1026 00ba 0B        		.uleb128 0xb
 1027 00bb 39        		.uleb128 0x39
 1028 00bc 0B        		.uleb128 0xb
 1029 00bd 27        		.uleb128 0x27
 1030 00be 0C        		.uleb128 0xc
 1031 00bf 49        		.uleb128 0x49
 1032 00c0 13        		.uleb128 0x13
 1033 00c1 01        		.uleb128 0x1
 1034 00c2 13        		.uleb128 0x13
 1035 00c3 00        		.byte	0
 1036 00c4 00        		.byte	0
 1037 00c5 0E        		.uleb128 0xe
 1038 00c6 05        		.uleb128 0x5
 1039 00c7 00        		.byte	0
 1040 00c8 03        		.uleb128 0x3
 1041 00c9 08        		.uleb128 0x8
 1042 00ca 3A        		.uleb128 0x3a
 1043 00cb 0B        		.uleb128 0xb
 1044 00cc 3B        		.uleb128 0x3b
 1045 00cd 0B        		.uleb128 0xb
 1046 00ce 39        		.uleb128 0x39
 1047 00cf 0B        		.uleb128 0xb
 1048 00d0 49        		.uleb128 0x49
 1049 00d1 13        		.uleb128 0x13
 1050 00d2 00        		.byte	0
 1051 00d3 00        		.byte	0
 1052 00d4 0F        		.uleb128 0xf
 1053 00d5 2E        		.uleb128 0x2e
 1054 00d6 01        		.byte	0x1
 1055 00d7 3F        		.uleb128 0x3f
 1056 00d8 0C        		.uleb128 0xc
 1057 00d9 03        		.uleb128 0x3
 1058 00da 0E        		.uleb128 0xe
 1059 00db 3A        		.uleb128 0x3a
 1060 00dc 0B        		.uleb128 0xb
 1061 00dd 3B        		.uleb128 0x3b
 1062 00de 0B        		.uleb128 0xb
 1063 00df 39        		.uleb128 0x39
 1064 00e0 0B        		.uleb128 0xb
 1065 00e1 27        		.uleb128 0x27
 1066 00e2 0C        		.uleb128 0xc
 1067 00e3 49        		.uleb128 0x49
 1068 00e4 13        		.uleb128 0x13
 1069 00e5 00        		.byte	0
 1070 00e6 00        		.byte	0
 1071 00e7 10        		.uleb128 0x10
 1072 00e8 05        		.uleb128 0x5
 1073 00e9 00        		.byte	0
 1074 00ea 03        		.uleb128 0x3
 1075 00eb 0E        		.uleb128 0xe
 1076 00ec 3A        		.uleb128 0x3a
 1077 00ed 0B        		.uleb128 0xb
 1078 00ee 3B        		.uleb128 0x3b
 1079 00ef 0B        		.uleb128 0xb
 1080 00f0 39        		.uleb128 0x39
 1081 00f1 0B        		.uleb128 0xb
 1082 00f2 49        		.uleb128 0x49
 1083 00f3 13        		.uleb128 0x13
 1084 00f4 00        		.byte	0
 1085 00f5 00        		.byte	0
 1086 00f6 00        		.byte	0
 1087               		.section	.gnu.debuglto_.debug_line,"",@progbits
 1088               	.Ldebug_line0:
 1089 0000 A500 0000 		.long	.LELT0-.LSLT0
 1090               	.LSLT0:
 1091 0004 0200      		.word	0x2
 1092 0006 9F00 0000 		.long	.LELTP0-.LASLTP0
 1093               	.LASLTP0:
 1094 000a 01        		.byte	0x1
 1095 000b 01        		.byte	0x1
 1096 000c F6        		.byte	0xf6
 1097 000d F2        		.byte	0xf2
 1098 000e 0D        		.byte	0xd
 1099 000f 00        		.byte	0
 1100 0010 01        		.byte	0x1
 1101 0011 01        		.byte	0x1
 1102 0012 01        		.byte	0x1
 1103 0013 01        		.byte	0x1
 1104 0014 00        		.byte	0
 1105 0015 00        		.byte	0
 1106 0016 00        		.byte	0
 1107 0017 01        		.byte	0x1
 1108 0018 00        		.byte	0
 1109 0019 00        		.byte	0
 1110 001a 01        		.byte	0x1
 1111 001b 653A 5C67 		.ascii	"e:\\game\\msys2\\mingw64\\avr\\include"
 1111      616D 655C 
 1111      6D73 7973 
 1111      325C 6D69 
 1111      6E67 7736 
 1112 003c 00        		.byte	0
 1113 003d 746D 6B5F 		.ascii	"tmk_core/common"
 1113      636F 7265 
 1113      2F63 6F6D 
 1113      6D6F 6E
 1114 004c 00        		.byte	0
 1115 004d 7175 616E 		.ascii	"quantum"
 1115      7475 6D
 1116 0054 00        		.byte	0
 1117 0055 00        		.byte	0
 1118 0056 7374 6469 		.string	"stdint.h"
 1118      6E74 2E68 
 1118      00
 1119 005f 01        		.uleb128 0x1
 1120 0060 00        		.uleb128 0
 1121 0061 00        		.uleb128 0
 1122 0062 6B65 7963 		.string	"keycode.h"
 1122      6F64 652E 
 1122      6800 
 1123 006c 02        		.uleb128 0x2
 1124 006d 00        		.uleb128 0
 1125 006e 00        		.uleb128 0
 1126 006f 6163 7469 		.string	"action_code.h"
 1126      6F6E 5F63 
 1126      6F64 652E 
 1126      6800 
 1127 007d 02        		.uleb128 0x2
 1128 007e 00        		.uleb128 0
 1129 007f 00        		.uleb128 0
 1130 0080 6B65 7963 		.string	"keycode_config.h"
 1130      6F64 655F 
 1130      636F 6E66 
 1130      6967 2E68 
 1130      00
 1131 0091 03        		.uleb128 0x3
 1132 0092 00        		.uleb128 0
 1133 0093 00        		.uleb128 0
 1134 0094 6B65 7963 		.string	"keycode_config.c"
 1134      6F64 655F 
 1134      636F 6E66 
 1134      6967 2E63 
 1134      00
 1135 00a5 03        		.uleb128 0x3
 1136 00a6 00        		.uleb128 0
 1137 00a7 00        		.uleb128 0
 1138 00a8 00        		.byte	0
 1139               	.LELTP0:
 1140               	.LELT0:
 1141               		.section	.gnu.debuglto_.debug_str,"MS",@progbits,1
 1142               	.LASF107:
 1143 0000 4B43 5F4B 		.string	"KC_KP_0"
 1143      505F 3000 
 1144               	.LASF98:
 1145 0008 4B43 5F4B 		.string	"KC_KP_1"
 1145      505F 3100 
 1146               	.LASF99:
 1147 0010 4B43 5F4B 		.string	"KC_KP_2"
 1147      505F 3200 
 1148               	.LASF100:
 1149 0018 4B43 5F4B 		.string	"KC_KP_3"
 1149      505F 3300 
 1150               	.LASF101:
 1151 0020 4B43 5F4B 		.string	"KC_KP_4"
 1151      505F 3400 
 1152               	.LASF102:
 1153 0028 4B43 5F4B 		.string	"KC_KP_5"
 1153      505F 3500 
 1154               	.LASF103:
 1155 0030 4B43 5F4B 		.string	"KC_KP_6"
 1155      505F 3600 
 1156               	.LASF104:
 1157 0038 4B43 5F4B 		.string	"KC_KP_7"
 1157      505F 3700 
 1158               	.LASF105:
 1159 0040 4B43 5F4B 		.string	"KC_KP_8"
 1159      505F 3800 
 1160               	.LASF106:
 1161 0048 4B43 5F4B 		.string	"KC_KP_9"
 1161      505F 3900 
 1162               	.LASF141:
 1163 0050 4B43 5F4C 		.string	"KC_LOCKING_SCROLL"
 1163      4F43 4B49 
 1163      4E47 5F53 
 1163      4352 4F4C 
 1163      4C00 
 1164               	.LASF143:
 1165 0062 4B43 5F4B 		.string	"KC_KP_EQUAL_AS400"
 1165      505F 4551 
 1165      5541 4C5F 
 1165      4153 3430 
 1165      3000 
 1166               	.LASF183:
 1167 0074 6D6F 6473 		.string	"mods_bit"
 1167      5F62 6974 
 1167      00
 1168               	.LASF133:
 1169 007d 4B43 5F43 		.string	"KC_COPY"
 1169      4F50 5900 
 1170               	.LASF199:
 1171 0085 6E6B 726F 		.string	"nkro"
 1171      00
 1172               	.LASF52:
 1173 008a 4B43 5F54 		.string	"KC_TAB"
 1173      4142 00
 1174               	.LASF200:
 1175 0091 7377 6170 		.string	"swap_lctl_lgui"
 1175      5F6C 6374 
 1175      6C5F 6C67 
 1175      7569 00
 1176               	.LASF90:
 1177 00a0 4B43 5F44 		.string	"KC_DOWN"
 1177      4F57 4E00 
 1178               	.LASF4:
 1179 00a8 756E 7369 		.string	"unsigned int"
 1179      676E 6564 
 1179      2069 6E74 
 1179      00
 1180               	.LASF109:
 1181 00b5 4B43 5F4E 		.string	"KC_NONUS_BSLASH"
 1181      4F4E 5553 
 1181      5F42 534C 
 1181      4153 4800 
 1182               	.LASF197:
 1183 00c5 7377 6170 		.string	"swap_grave_esc"
 1183      5F67 7261 
 1183      7665 5F65 
 1183      7363 00
 1184               	.LASF12:
 1185 00d4 4B43 5F55 		.string	"KC_UNDEFINED"
 1185      4E44 4546 
 1185      494E 4544 
 1185      00
 1186               	.LASF110:
 1187 00e1 4B43 5F41 		.string	"KC_APPLICATION"
 1187      5050 4C49 
 1187      4341 5449 
 1187      4F4E 00
 1188               	.LASF53:
 1189 00f0 4B43 5F53 		.string	"KC_SPACE"
 1189      5041 4345 
 1189      00
 1190               	.LASF172:
 1191 00f9 4B43 5F43 		.string	"KC_CRSEL"
 1191      5253 454C 
 1191      00
 1192               	.LASF164:
 1193 0102 4B43 5F43 		.string	"KC_CANCEL"
 1193      414E 4345 
 1193      4C00 
 1194               	.LASF167:
 1195 010c 4B43 5F52 		.string	"KC_RETURN"
 1195      4554 5552 
 1195      4E00 
 1196               	.LASF140:
 1197 0116 4B43 5F4C 		.string	"KC_LOCKING_NUM"
 1197      4F43 4B49 
 1197      4E47 5F4E 
 1197      554D 00
 1198               	.LASF88:
 1199 0125 4B43 5F52 		.string	"KC_RIGHT"
 1199      4947 4854 
 1199      00
 1200               	.LASF192:
 1201 012e 7377 6170 		.string	"swap_control_capslock"
 1201      5F63 6F6E 
 1201      7472 6F6C 
 1201      5F63 6170 
 1201      736C 6F63 
 1202               	.LASF207:
 1203 0144 7175 616E 		.string	"quantum/keycode_config.c"
 1203      7475 6D2F 
 1203      6B65 7963 
 1203      6F64 655F 
 1203      636F 6E66 
 1204               	.LASF209:
 1205 015d 6B65 796D 		.string	"keymap_config"
 1205      6170 5F63 
 1205      6F6E 6669 
 1205      6700 
 1206               	.LASF120:
 1207 016b 4B43 5F46 		.string	"KC_F20"
 1207      3230 00
 1208               	.LASF121:
 1209 0172 4B43 5F46 		.string	"KC_F21"
 1209      3231 00
 1210               	.LASF122:
 1211 0179 4B43 5F46 		.string	"KC_F22"
 1211      3232 00
 1212               	.LASF206:
 1213 0180 474E 5520 		.string	"GNU C99 8.4.0 -mn-flash=1 -mno-skip-bug -mmcu=avr5 -gdwarf-2 -Os -std=gnu99 -funsigned-ch
 1213      4339 3920 
 1213      382E 342E 
 1213      3020 2D6D 
 1213      6E2D 666C 
 1214               	.LASF112:
 1215 0271 4B43 5F4B 		.string	"KC_KP_EQUAL"
 1215      505F 4551 
 1215      5541 4C00 
 1216               	.LASF129:
 1217 027d 4B43 5F53 		.string	"KC_STOP"
 1217      544F 5000 
 1218               	.LASF138:
 1219 0285 4B43 5F5F 		.string	"KC__VOLDOWN"
 1219      564F 4C44 
 1219      4F57 4E00 
 1220               	.LASF187:
 1221 0291 4D4F 445F 		.string	"MOD_LGUI"
 1221      4C47 5549 
 1221      00
 1222               	.LASF11:
 1223 029a 4B43 5F50 		.string	"KC_POST_FAIL"
 1223      4F53 545F 
 1223      4641 494C 
 1223      00
 1224               	.LASF127:
 1225 02a7 4B43 5F4D 		.string	"KC_MENU"
 1225      454E 5500 
 1226               	.LASF94:
 1227 02af 4B43 5F4B 		.string	"KC_KP_ASTERISK"
 1227      505F 4153 
 1227      5445 5249 
 1227      534B 00
 1228               	.LASF91:
 1229 02be 4B43 5F55 		.string	"KC_UP"
 1229      5000 
 1230               	.LASF186:
 1231 02c4 4D4F 445F 		.string	"MOD_LALT"
 1231      4C41 4C54 
 1231      00
 1232               	.LASF175:
 1233 02cd 4B43 5F4C 		.string	"KC_LSHIFT"
 1233      5348 4946 
 1233      5400 
 1234               	.LASF136:
 1235 02d7 4B43 5F5F 		.string	"KC__MUTE"
 1235      4D55 5445 
 1235      00
 1236               	.LASF139:
 1237 02e0 4B43 5F4C 		.string	"KC_LOCKING_CAPS"
 1237      4F43 4B49 
 1237      4E47 5F43 
 1237      4150 5300 
 1238               	.LASF131:
 1239 02f0 4B43 5F55 		.string	"KC_UNDO"
 1239      4E44 4F00 
 1240               	.LASF8:
 1241 02f8 6C6F 6E67 		.string	"long long unsigned int"
 1241      206C 6F6E 
 1241      6720 756E 
 1241      7369 676E 
 1241      6564 2069 
 1242               	.LASF135:
 1243 030f 4B43 5F46 		.string	"KC_FIND"
 1243      494E 4400 
 1244               	.LASF201:
 1245 0317 7377 6170 		.string	"swap_rctl_rgui"
 1245      5F72 6374 
 1245      6C5F 7267 
 1245      7569 00
 1246               	.LASF166:
 1247 0326 4B43 5F50 		.string	"KC_PRIOR"
 1247      5249 4F52 
 1247      00
 1248               	.LASF126:
 1249 032f 4B43 5F48 		.string	"KC_HELP"
 1249      454C 5000 
 1250               	.LASF153:
 1251 0337 4B43 5F4C 		.string	"KC_LANG1"
 1251      414E 4731 
 1251      00
 1252               	.LASF154:
 1253 0340 4B43 5F4C 		.string	"KC_LANG2"
 1253      414E 4732 
 1253      00
 1254               	.LASF155:
 1255 0349 4B43 5F4C 		.string	"KC_LANG3"
 1255      414E 4733 
 1255      00
 1256               	.LASF156:
 1257 0352 4B43 5F4C 		.string	"KC_LANG4"
 1257      414E 4734 
 1257      00
 1258               	.LASF157:
 1259 035b 4B43 5F4C 		.string	"KC_LANG5"
 1259      414E 4735 
 1259      00
 1260               	.LASF158:
 1261 0364 4B43 5F4C 		.string	"KC_LANG6"
 1261      414E 4736 
 1261      00
 1262               	.LASF159:
 1263 036d 4B43 5F4C 		.string	"KC_LANG7"
 1263      414E 4737 
 1263      00
 1264               	.LASF160:
 1265 0376 4B43 5F4C 		.string	"KC_LANG8"
 1265      414E 4738 
 1265      00
 1266               	.LASF161:
 1267 037f 4B43 5F4C 		.string	"KC_LANG9"
 1267      414E 4739 
 1267      00
 1268               	.LASF10:
 1269 0388 4B43 5F52 		.string	"KC_ROLL_OVER"
 1269      4F4C 4C5F 
 1269      4F56 4552 
 1269      00
 1270               	.LASF51:
 1271 0395 4B43 5F42 		.string	"KC_BSPACE"
 1271      5350 4143 
 1271      4500 
 1272               	.LASF95:
 1273 039f 4B43 5F4B 		.string	"KC_KP_MINUS"
 1273      505F 4D49 
 1273      4E55 5300 
 1274               	.LASF97:
 1275 03ab 4B43 5F4B 		.string	"KC_KP_ENTER"
 1275      505F 454E 
 1275      5445 5200 
 1276               	.LASF211:
 1277 03b7 6B65 7963 		.string	"keycode_config"
 1277      6F64 655F 
 1277      636F 6E66 
 1277      6967 00
 1278               	.LASF142:
 1279 03c6 4B43 5F4B 		.string	"KC_KP_COMMA"
 1279      505F 434F 
 1279      4D4D 4100 
 1280               	.LASF144:
 1281 03d2 4B43 5F49 		.string	"KC_INT1"
 1281      4E54 3100 
 1282               	.LASF145:
 1283 03da 4B43 5F49 		.string	"KC_INT2"
 1283      4E54 3200 
 1284               	.LASF146:
 1285 03e2 4B43 5F49 		.string	"KC_INT3"
 1285      4E54 3300 
 1286               	.LASF147:
 1287 03ea 4B43 5F49 		.string	"KC_INT4"
 1287      4E54 3400 
 1288               	.LASF148:
 1289 03f2 4B43 5F49 		.string	"KC_INT5"
 1289      4E54 3500 
 1290               	.LASF149:
 1291 03fa 4B43 5F49 		.string	"KC_INT6"
 1291      4E54 3600 
 1292               	.LASF150:
 1293 0402 4B43 5F49 		.string	"KC_INT7"
 1293      4E54 3700 
 1294               	.LASF151:
 1295 040a 4B43 5F49 		.string	"KC_INT8"
 1295      4E54 3800 
 1296               	.LASF152:
 1297 0412 4B43 5F49 		.string	"KC_INT9"
 1297      4E54 3900 
 1298               	.LASF9:
 1299 041a 4B43 5F4E 		.string	"KC_NO"
 1299      4F00 
 1300               	.LASF61:
 1301 0420 4B43 5F51 		.string	"KC_QUOTE"
 1301      554F 5445 
 1301      00
 1302               	.LASF210:
 1303 0429 6D6F 645F 		.string	"mod_config"
 1303      636F 6E66 
 1303      6967 00
 1304               	.LASF55:
 1305 0434 4B43 5F45 		.string	"KC_EQUAL"
 1305      5155 414C 
 1305      00
 1306               	.LASF181:
 1307 043d 4B43 5F52 		.string	"KC_RGUI"
 1307      4755 4900 
 1308               	.LASF177:
 1309 0445 4B43 5F4C 		.string	"KC_LGUI"
 1309      4755 4900 
 1310               	.LASF162:
 1311 044d 4B43 5F41 		.string	"KC_ALT_ERASE"
 1311      4C54 5F45 
 1311      5241 5345 
 1311      00
 1312               	.LASF169:
 1313 045a 4B43 5F4F 		.string	"KC_OUT"
 1313      5554 00
 1314               	.LASF83:
 1315 0461 4B43 5F48 		.string	"KC_HOME"
 1315      4F4D 4500 
 1316               	.LASF176:
 1317 0469 4B43 5F4C 		.string	"KC_LALT"
 1317      414C 5400 
 1318               	.LASF125:
 1319 0471 4B43 5F45 		.string	"KC_EXECUTE"
 1319      5845 4355 
 1319      5445 00
 1320               	.LASF108:
 1321 047c 4B43 5F4B 		.string	"KC_KP_DOT"
 1321      505F 444F 
 1321      5400 
 1322               	.LASF111:
 1323 0486 4B43 5F50 		.string	"KC_POWER"
 1323      4F57 4552 
 1323      00
 1324               	.LASF76:
 1325 048f 4B43 5F46 		.string	"KC_F10"
 1325      3130 00
 1326               	.LASF77:
 1327 0496 4B43 5F46 		.string	"KC_F11"
 1327      3131 00
 1328               	.LASF78:
 1329 049d 4B43 5F46 		.string	"KC_F12"
 1329      3132 00
 1330               	.LASF113:
 1331 04a4 4B43 5F46 		.string	"KC_F13"
 1331      3133 00
 1332               	.LASF114:
 1333 04ab 4B43 5F46 		.string	"KC_F14"
 1333      3134 00
 1334               	.LASF115:
 1335 04b2 4B43 5F46 		.string	"KC_F15"
 1335      3135 00
 1336               	.LASF116:
 1337 04b9 4B43 5F46 		.string	"KC_F16"
 1337      3136 00
 1338               	.LASF117:
 1339 04c0 4B43 5F46 		.string	"KC_F17"
 1339      3137 00
 1340               	.LASF118:
 1341 04c7 4B43 5F46 		.string	"KC_F18"
 1341      3138 00
 1342               	.LASF119:
 1343 04ce 4B43 5F46 		.string	"KC_F19"
 1343      3139 00
 1344               	.LASF2:
 1345 04d5 7569 6E74 		.string	"uint8_t"
 1345      385F 7400 
 1346               	.LASF80:
 1347 04dd 4B43 5F53 		.string	"KC_SCROLLLOCK"
 1347      4352 4F4C 
 1347      4C4C 4F43 
 1347      4B00 
 1348               	.LASF193:
 1349 04eb 6361 7073 		.string	"capslock_to_control"
 1349      6C6F 636B 
 1349      5F74 6F5F 
 1349      636F 6E74 
 1349      726F 6C00 
 1350               	.LASF81:
 1351 04ff 4B43 5F50 		.string	"KC_PAUSE"
 1351      4155 5345 
 1351      00
 1352               	.LASF178:
 1353 0508 4B43 5F52 		.string	"KC_RCTRL"
 1353      4354 524C 
 1353      00
 1354               	.LASF59:
 1355 0511 4B43 5F4E 		.string	"KC_NONUS_HASH"
 1355      4F4E 5553 
 1355      5F48 4153 
 1355      4800 
 1356               	.LASF50:
 1357 051f 4B43 5F45 		.string	"KC_ESCAPE"
 1357      5343 4150 
 1357      4500 
 1358               	.LASF7:
 1359 0529 6C6F 6E67 		.string	"long long int"
 1359      206C 6F6E 
 1359      6720 696E 
 1359      7400 
 1360               	.LASF54:
 1361 0537 4B43 5F4D 		.string	"KC_MINUS"
 1361      494E 5553 
 1361      00
 1362               	.LASF92:
 1363 0540 4B43 5F4E 		.string	"KC_NUMLOCK"
 1363      554D 4C4F 
 1363      434B 00
 1364               	.LASF49:
 1365 054b 4B43 5F45 		.string	"KC_ENTER"
 1365      4E54 4552 
 1365      00
 1366               	.LASF56:
 1367 0554 4B43 5F4C 		.string	"KC_LBRACKET"
 1367      4252 4143 
 1367      4B45 5400 
 1368               	.LASF123:
 1369 0560 4B43 5F46 		.string	"KC_F23"
 1369      3233 00
 1370               	.LASF124:
 1371 0567 4B43 5F46 		.string	"KC_F24"
 1371      3234 00
 1372               	.LASF63:
 1373 056e 4B43 5F43 		.string	"KC_COMMA"
 1373      4F4D 4D41 
 1373      00
 1374               	.LASF184:
 1375 0577 4D4F 445F 		.string	"MOD_LCTL"
 1375      4C43 544C 
 1375      00
 1376               	.LASF171:
 1377 0580 4B43 5F43 		.string	"KC_CLEAR_AGAIN"
 1377      4C45 4152 
 1377      5F41 4741 
 1377      494E 00
 1378               	.LASF174:
 1379 058f 4B43 5F4C 		.string	"KC_LCTRL"
 1379      4354 524C 
 1379      00
 1380               	.LASF79:
 1381 0598 4B43 5F50 		.string	"KC_PSCREEN"
 1381      5343 5245 
 1381      454E 00
 1382               	.LASF130:
 1383 05a3 4B43 5F41 		.string	"KC_AGAIN"
 1383      4741 494E 
 1383      00
 1384               	.LASF203:
 1385 05ac 5F42 6F6F 		.string	"_Bool"
 1385      6C00 
 1386               	.LASF163:
 1387 05b2 4B43 5F53 		.string	"KC_SYSREQ"
 1387      5953 5245 
 1387      5100 
 1388               	.LASF89:
 1389 05bc 4B43 5F4C 		.string	"KC_LEFT"
 1389      4546 5400 
 1390               	.LASF204:
 1391 05c4 6B65 796D 		.string	"keymap_config_t"
 1391      6170 5F63 
 1391      6F6E 6669 
 1391      675F 7400 
 1392               	.LASF188:
 1393 05d4 4D4F 445F 		.string	"MOD_RCTL"
 1393      5243 544C 
 1393      00
 1394               	.LASF3:
 1395 05dd 7569 6E74 		.string	"uint16_t"
 1395      3136 5F74 
 1395      00
 1396               	.LASF189:
 1397 05e6 4D4F 445F 		.string	"MOD_RSFT"
 1397      5253 4654 
 1397      00
 1398               	.LASF82:
 1399 05ef 4B43 5F49 		.string	"KC_INSERT"
 1399      4E53 4552 
 1399      5400 
 1400               	.LASF170:
 1401 05f9 4B43 5F4F 		.string	"KC_OPER"
 1401      5045 5200 
 1402               	.LASF132:
 1403 0601 4B43 5F43 		.string	"KC_CUT"
 1403      5554 00
 1404               	.LASF64:
 1405 0608 4B43 5F44 		.string	"KC_DOT"
 1405      4F54 00
 1406               	.LASF191:
 1407 060f 4D4F 445F 		.string	"MOD_RGUI"
 1407      5247 5549 
 1407      00
 1408               	.LASF57:
 1409 0618 4B43 5F52 		.string	"KC_RBRACKET"
 1409      4252 4143 
 1409      4B45 5400 
 1410               	.LASF93:
 1411 0624 4B43 5F4B 		.string	"KC_KP_SLASH"
 1411      505F 534C 
 1411      4153 4800 
 1412               	.LASF5:
 1413 0630 6C6F 6E67 		.string	"long int"
 1413      2069 6E74 
 1413      00
 1414               	.LASF62:
 1415 0639 4B43 5F47 		.string	"KC_GRAVE"
 1415      5241 5645 
 1415      00
 1416               	.LASF48:
 1417 0642 4B43 5F30 		.string	"KC_0"
 1417      00
 1418               	.LASF39:
 1419 0647 4B43 5F31 		.string	"KC_1"
 1419      00
 1420               	.LASF40:
 1421 064c 4B43 5F32 		.string	"KC_2"
 1421      00
 1422               	.LASF41:
 1423 0651 4B43 5F33 		.string	"KC_3"
 1423      00
 1424               	.LASF42:
 1425 0656 4B43 5F34 		.string	"KC_4"
 1425      00
 1426               	.LASF43:
 1427 065b 4B43 5F35 		.string	"KC_5"
 1427      00
 1428               	.LASF44:
 1429 0660 4B43 5F36 		.string	"KC_6"
 1429      00
 1430               	.LASF45:
 1431 0665 4B43 5F37 		.string	"KC_7"
 1431      00
 1432               	.LASF46:
 1433 066a 4B43 5F38 		.string	"KC_8"
 1433      00
 1434               	.LASF47:
 1435 066f 4B43 5F39 		.string	"KC_9"
 1435      00
 1436               	.LASF13:
 1437 0674 4B43 5F41 		.string	"KC_A"
 1437      00
 1438               	.LASF14:
 1439 0679 4B43 5F42 		.string	"KC_B"
 1439      00
 1440               	.LASF15:
 1441 067e 4B43 5F43 		.string	"KC_C"
 1441      00
 1442               	.LASF16:
 1443 0683 4B43 5F44 		.string	"KC_D"
 1443      00
 1444               	.LASF17:
 1445 0688 4B43 5F45 		.string	"KC_E"
 1445      00
 1446               	.LASF18:
 1447 068d 4B43 5F46 		.string	"KC_F"
 1447      00
 1448               	.LASF19:
 1449 0692 4B43 5F47 		.string	"KC_G"
 1449      00
 1450               	.LASF20:
 1451 0697 4B43 5F48 		.string	"KC_H"
 1451      00
 1452               	.LASF21:
 1453 069c 4B43 5F49 		.string	"KC_I"
 1453      00
 1454               	.LASF22:
 1455 06a1 4B43 5F4A 		.string	"KC_J"
 1455      00
 1456               	.LASF23:
 1457 06a6 4B43 5F4B 		.string	"KC_K"
 1457      00
 1458               	.LASF24:
 1459 06ab 4B43 5F4C 		.string	"KC_L"
 1459      00
 1460               	.LASF25:
 1461 06b0 4B43 5F4D 		.string	"KC_M"
 1461      00
 1462               	.LASF26:
 1463 06b5 4B43 5F4E 		.string	"KC_N"
 1463      00
 1464               	.LASF27:
 1465 06ba 4B43 5F4F 		.string	"KC_O"
 1465      00
 1466               	.LASF28:
 1467 06bf 4B43 5F50 		.string	"KC_P"
 1467      00
 1468               	.LASF29:
 1469 06c4 4B43 5F51 		.string	"KC_Q"
 1469      00
 1470               	.LASF30:
 1471 06c9 4B43 5F52 		.string	"KC_R"
 1471      00
 1472               	.LASF31:
 1473 06ce 4B43 5F53 		.string	"KC_S"
 1473      00
 1474               	.LASF32:
 1475 06d3 4B43 5F54 		.string	"KC_T"
 1475      00
 1476               	.LASF33:
 1477 06d8 4B43 5F55 		.string	"KC_U"
 1477      00
 1478               	.LASF34:
 1479 06dd 4B43 5F56 		.string	"KC_V"
 1479      00
 1480               	.LASF35:
 1481 06e2 4B43 5F57 		.string	"KC_W"
 1481      00
 1482               	.LASF36:
 1483 06e7 4B43 5F58 		.string	"KC_X"
 1483      00
 1484               	.LASF37:
 1485 06ec 4B43 5F59 		.string	"KC_Y"
 1485      00
 1486               	.LASF38:
 1487 06f1 4B43 5F5A 		.string	"KC_Z"
 1487      00
 1488               	.LASF134:
 1489 06f6 4B43 5F50 		.string	"KC_PASTE"
 1489      4153 5445 
 1489      00
 1490               	.LASF198:
 1491 06ff 7377 6170 		.string	"swap_backslash_backspace"
 1491      5F62 6163 
 1491      6B73 6C61 
 1491      7368 5F62 
 1491      6163 6B73 
 1492               	.LASF66:
 1493 0718 4B43 5F43 		.string	"KC_CAPSLOCK"
 1493      4150 534C 
 1493      4F43 4B00 
 1494               	.LASF85:
 1495 0724 4B43 5F44 		.string	"KC_DELETE"
 1495      454C 4554 
 1495      4500 
 1496               	.LASF179:
 1497 072e 4B43 5F52 		.string	"KC_RSHIFT"
 1497      5348 4946 
 1497      5400 
 1498               	.LASF6:
 1499 0738 6C6F 6E67 		.string	"long unsigned int"
 1499      2075 6E73 
 1499      6967 6E65 
 1499      6420 696E 
 1499      7400 
 1500               	.LASF196:
 1501 074a 6E6F 5F67 		.string	"no_gui"
 1501      7569 00
 1502               	.LASF67:
 1503 0751 4B43 5F46 		.string	"KC_F1"
 1503      3100 
 1504               	.LASF68:
 1505 0757 4B43 5F46 		.string	"KC_F2"
 1505      3200 
 1506               	.LASF69:
 1507 075d 4B43 5F46 		.string	"KC_F3"
 1507      3300 
 1508               	.LASF70:
 1509 0763 4B43 5F46 		.string	"KC_F4"
 1509      3400 
 1510               	.LASF71:
 1511 0769 4B43 5F46 		.string	"KC_F5"
 1511      3500 
 1512               	.LASF72:
 1513 076f 4B43 5F46 		.string	"KC_F6"
 1513      3600 
 1514               	.LASF73:
 1515 0775 4B43 5F46 		.string	"KC_F7"
 1515      3700 
 1516               	.LASF74:
 1517 077b 4B43 5F46 		.string	"KC_F8"
 1517      3800 
 1518               	.LASF75:
 1519 0781 4B43 5F46 		.string	"KC_F9"
 1519      3900 
 1520               	.LASF194:
 1521 0787 7377 6170 		.string	"swap_lalt_lgui"
 1521      5F6C 616C 
 1521      745F 6C67 
 1521      7569 00
 1522               	.LASF60:
 1523 0796 4B43 5F53 		.string	"KC_SCOLON"
 1523      434F 4C4F 
 1523      4E00 
 1524               	.LASF208:
 1525 07a0 443A 5C44 		.string	"D:\\Download\\qmk_firmware\\vial-qmk"
 1525      6F77 6E6C 
 1525      6F61 645C 
 1525      716D 6B5F 
 1525      6669 726D 
 1526               	.LASF137:
 1527 07c2 4B43 5F5F 		.string	"KC__VOLUP"
 1527      564F 4C55 
 1527      5000 
 1528               	.LASF128:
 1529 07cc 4B43 5F53 		.string	"KC_SELECT"
 1529      454C 4543 
 1529      5400 
 1530               	.LASF168:
 1531 07d6 4B43 5F53 		.string	"KC_SEPARATOR"
 1531      4550 4152 
 1531      4154 4F52 
 1531      00
 1532               	.LASF1:
 1533 07e3 756E 7369 		.string	"unsigned char"
 1533      676E 6564 
 1533      2063 6861 
 1533      7200 
 1534               	.LASF165:
 1535 07f1 4B43 5F43 		.string	"KC_CLEAR"
 1535      4C45 4152 
 1535      00
 1536               	.LASF65:
 1537 07fa 4B43 5F53 		.string	"KC_SLASH"
 1537      4C41 5348 
 1537      00
 1538               	.LASF96:
 1539 0803 4B43 5F4B 		.string	"KC_KP_PLUS"
 1539      505F 504C 
 1539      5553 00
 1540               	.LASF173:
 1541 080e 4B43 5F45 		.string	"KC_EXSEL"
 1541      5853 454C 
 1541      00
 1542               	.LASF180:
 1543 0817 4B43 5F52 		.string	"KC_RALT"
 1543      414C 5400 
 1544               	.LASF182:
 1545 081f 6869 645F 		.string	"hid_keyboard_keypad_usage"
 1545      6B65 7962 
 1545      6F61 7264 
 1545      5F6B 6579 
 1545      7061 645F 
 1546               	.LASF0:
 1547 0839 7369 676E 		.string	"signed char"
 1547      6564 2063 
 1547      6861 7200 
 1548               	.LASF58:
 1549 0845 4B43 5F42 		.string	"KC_BSLASH"
 1549      534C 4153 
 1549      4800 
 1550               	.LASF84:
 1551 084f 4B43 5F50 		.string	"KC_PGUP"
 1551      4755 5000 
 1552               	.LASF205:
 1553 0857 6B65 7963 		.string	"keycode"
 1553      6F64 6500 
 1554               	.LASF86:
 1555 085f 4B43 5F45 		.string	"KC_END"
 1555      4E44 00
 1556               	.LASF87:
 1557 0866 4B43 5F50 		.string	"KC_PGDOWN"
 1557      4744 4F57 
 1557      4E00 
 1558               	.LASF202:
 1559 0870 6F6E 6573 		.string	"oneshot_disable"
 1559      686F 745F 
 1559      6469 7361 
 1559      626C 6500 
 1560               	.LASF185:
 1561 0880 4D4F 445F 		.string	"MOD_LSFT"
 1561      4C53 4654 
 1561      00
 1562               	.LASF190:
 1563 0889 4D4F 445F 		.string	"MOD_RALT"
 1563      5241 4C54 
 1563      00
 1564               	.LASF195:
 1565 0892 7377 6170 		.string	"swap_ralt_rgui"
 1565      5F72 616C 
 1565      745F 7267 
 1565      7569 00
 1566               		.text
 1567               		.section	.gnu.lto_.profile.fbf2ff5b,"",@progbits
 1568 0000 789C 6367 		.string	"x\234cg`f`d"
 1568      6066 6064 
 1568      00
 1569 0009 0200      		.string	"\002"
 1570 000b 00        		.string	""
 1571 000c 6200      		.string	"b"
 1572 000e 0C        		.ascii	"\f"
 1573               		.text
 1574               		.section	.gnu.lto_.icf.fbf2ff5b,"",@progbits
 1575 0000 789C 6367 		.string	"x\234cg`f\340c@"
 1575      6066 E063 
 1575      4000 
 1576 000a 2686 5773 		.string	"&\206Ws\227\234\342g\372sh\311^\026\006"
 1576      979C E267 
 1576      FA73 68C9 
 1576      5E16 0600 
 1577 001a 310C 0644 		.ascii	"1\f\006D"
 1578               		.text
 1579               		.section	.gnu.lto_.jmpfuncs.fbf2ff5b,"",@progbits
 1580 0000 789C 6367 		.string	"x\234cg`f\020b@"
 1580      6066 1062 
 1580      4000 
 1581 000a 2606 4646 		.string	"&\006FF\306\372\231\314\fL\020\232\221\001"
 1581      C6FA 99CC 
 1581      0C4C 109A 
 1581      9101 00
 1582 0019 16AE 025E 		.ascii	"\026\256\002^"
 1583               		.text
 1584               		.section	.gnu.lto_.inline.fbf2ff5b,"",@progbits
 1585 0000 789C 5591 		.ascii	"x\234U\221;K\003A\024\205\317\331Gv!\272l!V\026i\265\023\264"
 1585      3B4B 0341 
 1585      1485 CFD9 
 1585      4776 21BA 
 1585      6C21 5616 
 1586 0018 B010 FC29 		.ascii	"\260\020\374)\202Yb\347?\220Q\020S\004$6*\230B[\013\033\tb\036"
 1586      8259 62E7 
 1586      3F90 5110 
 1586      5304 2436 
 1586      2A98 425B 
 1587 0031 4613 6D44 		.ascii	"F\023mD\020\033A\024\3047\251B\032\013-\274\273\223\035q80g\276"
 1587      101B 4114 
 1587      C437 A942 
 1587      1A0B 2DBC 
 1587      BB93 1D71 
 1588 0049 B9F7 CEE5 		.ascii	"\271\367\316\345\216\007\033Y\013f\211\375\204Rj\333]\3440\302"
 1588      8E07 1B59 
 1588      0B66 89FD 
 1588      8452 6ADB 
 1588      5DE4 30C2 
 1589 005d A5B2 CD72 		.ascii	"\245\262\315r\255\267n\025\355\035\033\034g\215c\320\270\322"
 1589      ADB7 6E15 
 1589      ED1D 1B1C 
 1589      678D 63D0 
 1589      B8D2 
 1590 006f AD1C 381A 		.ascii	"\255\0348\032O\260n\360n\343\260D\215'\3310\370\350\352\241\223"
 1590      4FB0 6EF0 
 1590      6EE3 B044 
 1590      8D27 D930 
 1590      F8E8 EAA1 
 1591 0084 D178 9A4D 		.ascii	"\321x\232M\203\373\345\275\257A\221\031\236\032\274\366\323\337"
 1591      83FB E5BD 
 1591      AF41 9119 
 1591      9E1A BCF6 
 1591      D3DF 
 1592 0096 CF6A BC4A 		.ascii	"\317j\274J\266\f\257\227\276\217\007U\236\310\263\277G\037{U"
 1592      B60C AF97 
 1592      BE8F 0755 
 1592      9EC8 B3BF 
 1592      471F 7B55 
 1593 00aa 4FF3 67F2 		.ascii	"O\363g\362\334\360\366\365[3\320\374\205l\033\336\275\277\271"
 1593      DCF0 F6F5 
 1593      5B33 D0FC 
 1593      856C 1BDE 
 1593      BDBF B9
 1594 00bd 1BD2 FC95 		.ascii	"\033\322\374\225\354\030~r[-\272\232\277\223\027\2067\26767l"
 1594      EC18 7E72 
 1594      5B2D BA9A 
 1594      BF93 1786 
 1594      37B7 3637 
 1595 00d2 CD3F C8CB 		.ascii	"\315?\310\313\204\023\b\200\025\231\3252\220\221M9\013\226\314"
 1595      8413 0880 
 1595      1599 D532 
 1595      9091 4D39 
 1595      0B96 CC
 1596 00e5 6F2A B699 		.ascii	"o*\266\231\274\f\221\030\025\333r#5\007Q\020_xy\225\203(L\022"
 1596      BC0C 9118 
 1596      15DB 7223 
 1596      3507 5110 
 1596      5F78 7995 
 1597 00fd 2215 4294 		.ascii	"\"\025B\224\206\371\020\245a\016D\351\215\005\221\237\344\344"
 1597      86F9 10A5 
 1597      610E 44E9 
 1597      8D05 919F 
 1597      E4E4 
 1598 010f 5B84 6870 		.ascii	"[\204hp\310!\227\332\020aj}\370\251u\340\350\177\235\215Ky\005"
 1598      C821 97DA 
 1598      1061 6A7D 
 1598      F8A9 75E0 
 1598      E87F 9D8D 
 1599 0126 4AAA B46E 		.ascii	"J\252\264n\317'm\026\376\265>\022[7\322\031\370\005;\223\213"
 1599      CF27 6D16 
 1599      FEB5 3E12 
 1599      5B37 D219 
 1599      F805 3B93 
 1600 013b 96        		.ascii	"\226"
 1601               		.text
 1602               		.section	.gnu.lto_.pureconst.fbf2ff5b,"",@progbits
 1603 0000 789C 6367 		.string	"x\234cg`f`g```bhaaja\001"
 1603      6066 6067 
 1603      6060 6062 
 1603      6861 616A 
 1603      6101 00
 1604 0013 04B0 0126 		.ascii	"\004\260\001&"
 1605               		.text
 1606               		.section	.gnu.lto_keycode_config.fbf2ff5b,"",@progbits
 1607 0000 789C 8D98 		.string	"x\234\215\230\333S\024\331\035\307\373w\272\347~\3436\00334\3140jE\254\312\246\324\244R\3
 1607      DB53 14D9 
 1607      1DC7 FB77 
 1607      BAE7 7EE3 
 1607      3603 3334 
 1608 0080 A228 CA6F 		.string	"\242(\312om1;qG{o\366X$\305.k\327\210v-\325\256!\355*jW\213vuhW\267v\315\321\256\371\3325
 1608      6D31 3B71 
 1608      477B 6FF6 
 1608      5824 C52E 
 1608      6BD7 8876 
 1609 00d4 ADB1 91A8 		.string	"\255\261\221\250Vc\327j\354\272\336A\234\206\326N\275\265K\253q\351\255\335\372\323<\332\
 1609      5663 D76A 
 1609      ECBA DE41 
 1609      9C86 D64E 
 1609      BDB5 4BAB 
 1610 018f 6971 7864 		.string	"iqxd\352\245\035\213"
 1610      EAA5 1D8B 
 1610      00
 1611 0198 39B4 78BE 		.ascii	"9\264x\276w\262\313\271\356KE\251T\022"
 1611      77B2 CBB9 
 1611      EE4B 45A9 
 1611      5412 
 1612 01a6 ED2F D65E 		.string	"\355/\326^Sj\212:D\"\264\320\326'A\206\023 \013\370\007\247`\035m}\374ZK\257$\312 \320\37
 1612      536A 8A3A 
 1612      4422 B4D0 
 1612      D627 4186 
 1612      1320 0BF8 
 1613 02a7 CE50 BB5B 		.ascii	"\316P\273[E4\023\3162M\347tg\257\30448u\207\037\326-x\322\232"
 1613      4534 13CE 
 1613      324D E774 
 1613      67AF C434 
 1613      3875 871F 
 1614 02c0 C7AA E69C 		.ascii	"\307\252\346\234\252!\2509\3174\273O\035\252\007\246YO\213W\246"
 1614      AA21 A839 
 1614      CF34 BB4F 
 1614      1DAA 07A6 
 1614      594F 8B57 
 1615 02d5 767F 0569 		.ascii	"v\177\005i\315QUsA\325\340\340\340?L\363\357Kc\347\254L\363+"
 1615      CD51 5573 
 1615      41D5 E0E0 
 1615      E03F 4CF3 
 1615      EF4B 63E7 
 1616 02ed 5A8C C76E 		.ascii	"Z\214\307n\327\373\322\232\357<\250\031P5\022j.2\315\363\346"
 1616      D7FB D29A 
 1616      EF3C A819 
 1616      5035 126A 
 1616      2E32 CDF3 
 1617 0302 7DF3 DAD8 		.ascii	"}\363\332\330\336E\236\241\312\203\336\264\346\031\240fP\325"
 1617      DE45 9EA1 
 1617      CA83 DEB4 
 1617      E619 A066 
 1617      50D5 
 1618 0314 5850 7389 		.ascii	"XPs\211ij^?\377\334\3054\225X\336\3774\266hM\213~PECK\242\313"
 1618      696A 5E3F 
 1618      FFDC C534 
 1618      9558 DEFF 
 1618      34B6 684D 
 1619 0330 4C74 B27E 		.ascii	"Lt\262~\341+mp\343X\256:x\352\202\356\302?\t\212\376\253\212"
 1619      E12B 6D70 
 1619      E358 AE3A 
 1619      78EA 82EE 
 1619      C23F 098A 
 1620 0347 AC28 BAA2 		.ascii	"\254(\272\242\271p\347\3511\033\023\335\307\362\335\317R_\330"
 1620      B970 E7E9 
 1620      311B 13DD 
 1620      C7F2 DDCF 
 1620      525F D8
 1621 035a F527 A9A2 		.ascii	"\365'\251\242\253\252\310\206\242kLt\366\362\303~/\023M`yg\337"
 1621      ABAA C886 
 1621      A26B 4C74 
 1621      F6F2 C37E 
 1621      2F13 4D60 
 1622 0371 F901 A7EE 		.ascii	"\371\001\247\356\235\210\242aUdG\321u&\232N^\275\345f\242\007"
 1622      9D88 A261 
 1622      5564 47D1 
 1622      7526 9A4E 
 1622      5EBD E566 
 1623 0387 581E 7E71 		.ascii	"X\036~q\346\212K\237X7\212n\250\"\007\212n2Q\337\360\261:\013"
 1623      E68A 4B9F 
 1623      5837 8A6E 
 1623      A822 078A 
 1623      6E32 51DF 
 1624 039f 134D 6279 		.ascii	"\023Mby\244\265\371"
 1624      A4B5 F9
 1625 03a6 8D3E BC7B 		.string	"\215>\274{\252\350[U\344D\321-&\352o\337\321$2\321\224\272\242\232\256\177\243\017o\237:M
 1625      AAE8 5B55 
 1625      E444 D12D 
 1625      26EA 6FDF 
 1625      D124 32D1 
 1626 04a7 1CF8 7D58 		.ascii	"\034\370}X\257\0331a0BbC\230\251\273\225\222\030&\320\365d0B"
 1626      AF1B 3161 
 1626      3042 6243 
 1626      98A9 BB95 
 1626      9218 26D0 
 1627 04bf E2C8 AD6F 		.ascii	"\342\310\255o\216\036.K\223\237X\201\310\222\025\321Cs\242Is"
 1627      8E1E 2E4B 
 1627      939F 5881 
 1627      C892 15D1 
 1627      4373 A249 
 1628 04d4 A229 46B4 		.ascii	"\242)F\264\021\211\036\031\210p\b\231\bV\016\301626\352O#\234"
 1628      1189 1E19 
 1628      8870 0899 
 1628      0856 0EC1 
 1628      3632 36EA 
 1629 04eb 1E24 1A02 		.ascii	"\036$\032\002\355b\324\302Z\333\230+\372?<\021r\340q\272\313"
 1629      ED62 D4C2 
 1629      5ADB 982B 
 1629      FA3F 3C11 
 1629      72E0 71BA 
 1630 0500 075A 9736 		.ascii	"\007Z\2276\256K{M|\310\226\356rfpi=8\370\3650\237^\0176\266\r"
 1630      AE4B 7B4D 
 1630      7CC8 96EE 
 1630      7266 7069 
 1630      3D38 F8F5 
 1631 051b 5670 CF9E 		.ascii	"Vp\317\236\225{\323\346\356\315\230\273\367\204[\017\337\031"
 1631      957B D3E6 
 1631      EECD 98BB 
 1631      F784 5B0F 
 1631      DF19 
 1632 052d DC73 B021 		.ascii	"\334s\260!<\333S\363Jd\344\022|o4\323\301\221;\333\277\036+\326"
 1632      3CDB 53F3 
 1632      4A64 E412 
 1632      7C6F 34D3 
 1632      C191 3BDB 
 1633 0545 77C2 4A66 		.ascii	"w\302Jf:i\227\231\3569\271>\\GS\243\372n\352\275\264\344\236"
 1633      3A69 9799 
 1633      EE39 B93E 
 1633      5C47 53A3 
 1633      FA6E EABD 
 1634 055c 9B77 EFF8 		.ascii	"\233w\357\370%\315=;[{3\231\356\271\262ro\326\334\275\247\346"
 1634      25CD 3D3B 
 1634      5B7B 3399 
 1634      EEB9 B272 
 1634      6FD6 DCBD 
 1635 0572 EE3D E3DC 		.ascii	"\356=\343\334{np\317M\207\220i\227\233C\365\360\333gj\005\004"
 1635      7B6E 70CF 
 1635      4D87 9069 
 1635      979B 43F5 
 1635      F0DB 676A 
 1636 0588 4F56 0873 		.ascii	"OV\bs\346\b/\314\021~\340\266\317K\003\202\227\016!s\373x9\004"
 1636      E608 2FCC 
 1636      117E E0B6 
 1636      CF4B 0382 
 1636      970E 2173 
 1637 05a0 6F65 5773 		.ascii	"oeWs(\2150\247#\320.:\264\031\367\241\r\217\215}\370\270>|\r"
 1637      288D 30A7 
 1637      23D0 2E3A 
 1637      B419 F7A1 
 1637      0D8F 8D7D 
 1638 05b9 FD13 EE74 		.ascii	"\375\023\356t\037\363\334\214\347\3603\276\277>\310f\334\241"
 1638      1FF3 DC8C 
 1638      E7F0 33BE 
 1638      BF3E C866 
 1638      DCA1 
 1639 05cb B6FB A2BE 		.ascii	"\266\373\242\276$\303\256\234\254\354\2327\267\353Gs\273^qv\245"
 1639      24C3 AE9C 
 1639      ACEC 9A37 
 1639      B7EB 4773 
 1639      BB5E 7176 
 1640 05e0 0C76 E5B2 		.ascii	"\fv\345\262!\350\277\224E \260`$\317\345\310s\371\375\322[_\276"
 1640      21E8 BF94 
 1640      4520 B060 
 1640      24CF E5C8 
 1640      73F9 FDD2 
 1641 05f7 44F4 73D6 		.ascii	"D\364s\3268/+\242\327?E\324C\220\350\315O\021\035S\211\336rk"
 1641      382F 2BA2 
 1641      D73F 45D4 
 1641      4390 E8CD 
 1641      4F11 1D53 
 1642 060f 78D1 4094 		.ascii	"x\321@\224O\207\220\271]\3639\204<~\273\036\327\0200\221\317"
 1642      4F87 90B9 
 1642      5DF3 3984 
 1642      3C7E BB1E 
 1642      D710 3091 
 1643 0624 4FDE 447A 		.ascii	"O\336Dz\362\234l\255\2570y\005Y\241*\304t\362b\304t\362*\311"
 1643      F29C 6CAD 
 1643      AF30 7905 
 1643      59A1 2AC4 
 1643      74F2 62C4 
 1644 063c 126A 1559 		.ascii	"\022j\025Y\216\352gC\330\333\337\320\246\035vv\250&\206\311\363"
 1644      8EEA 6743 
 1644      D8DB DFD0 
 1644      A61D 7676 
 1644      A826 86C9 
 1645 0651 73E4 05FC 		.ascii	"s\344\005\374\344\315\350\223\307\035v\001\332e\246{\001\256"
 1645      E4CD E893 
 1645      C71D 7601 
 1645      DA65 A67B 
 1645      01AE 
 1646 0663 0F3F EFDE 		.ascii	"\017?\357\336<\347^`\331\322o\320\334s\261\245\337\220\351^a"
 1646      3CE7 5E60 
 1646      D9D2 6FD0 
 1646      DC73 B1A5 
 1646      DF90 E95E 
 1647 0678 56EE D598 		.ascii	"V\356\325\230\273Wk\356\336\026\316\275:\203{Et\b\231v\025q\250"
 1647      BB57 6BEE 
 1647      DE16 CEBD 
 1647      3A83 7B45 
 1647      7408 9976 
 1648 068f 85FC 6177 		.ascii	"\205\374awd\005\204`V\b[\315\021\266\231#\374\203,\355"
 1648      6405 8460 
 1648      5608 5BCD 
 1648      11B6 9923 
 1648      FC83 2CED 
 1649 06a3 DE7A 0342 		.string	"\336z\003B\210\016!s\273\2068\204\"\376\260;\255#p\207]1\332\220q\330\025s}\004\371\303n\
 1649      880E 2173 
 1649      BB86 3884 
 1649      22FE B03B 
 1649      AD23 7087 
 1650 07a4 7EA3 B0C4 		.ascii	"~\243\260\304[d\376\235\227\320\027\314=D\266\305\333J\361u\337"
 1650      5B64 FE9D 
 1650      97D0 17CC 
 1650      3D44 B6C5 
 1650      DB4A F175 
 1651 07b9 9E6C 9351 		.ascii	"\236l\223Qe\215\267\007\260\336\031\217\253\365\256d\\\306o\b"
 1651      658D B707 
 1651      B0DE 198F 
 1651      ABF5 AE64 
 1651      5CC6 6F08 
 1652 07cd 8EF8 AE   		.ascii	"\216\370\256"
 1653 07d0 00        		.string	""
 1654 07d1 5EDD A95D 		.string	"^\335\251]j;\317`)6\363\365\204\261\2257\265GU\345\246\356\217\213\370z\236\3277\221\020\
 1654      6A3B CF60 
 1654      2936 F3F5 
 1654      84B1 9537 
 1654      B547 55E5 
 1655 0825 E450 6A96 		.ascii	"\344Pj\226\326\320\233\222\344sZCSr|\216\326\234\0039\234\232"
 1655      D6D0 9B92 
 1655      E473 5A43 
 1655      5372 7C8E 
 1655      D69C 0339 
 1656 083b A335 1740 		.ascii	"\2435\027@.\355{Ik\350MY|\236\326\320T$9?N_\300\327\220m\177"
 1656      2EED 7B49 
 1656      6BE8 4D59 
 1656      7C9E D6D0 
 1656      5424 393F 
 1657 0856 176A 683F 		.ascii	"\027jh?\252sD\020\202\177\335\374\307M\037o\376\360\027\037\274"
 1657      AA73 4410 
 1657      827F DDFC 
 1657      C74D 1F6F 
 1657      FEF0 171F 
 1658 086b F749 C547 		.ascii	"\367I\305G\177z\357\017\025\037mz\377/\177~\247B\260i5!c\346"
 1658      7F7A EF0F 
 1658      151F 6D7A 
 1658      FF2F 7F7E 
 1658      A742 B069 
 1659 0883 9D5F BF5F 		.ascii	"\235_\277_\261\241b\343\273\277\024\376\017\262s,\204"
 1659      B1A1 62E3 
 1659      BBBF 14FE 
 1659      0FB2 732C 
 1659      84
 1660               		.text
 1661               		.section	.gnu.lto_mod_config.fbf2ff5b,"",@progbits
 1662 0000 789C 8D56 		.string	"x\234\215V[oTU\024\336\353\\\346\234\2319\235\373\265L\333\341\336\360\200\002&\006\237H|
 1662      5B6F 5455 
 1662      14DE EB5C 
 1662      E69C 9939 
 1662      9DFB B54C 
 1663 0031 A7AD 0591 		.string	"\247\255\005\221J\245\324\032(b\214i\021\030\004\205b\025\254\027JEQ\247Z\240\215\\DQ*\25
 1663      4AA5 D41A 
 1663      2862 8C69 
 1663      1118 0485 
 1663      6215 AC17 
 1664 00fd D893 A903 		.ascii	"\330\223\251\003\331,\311\212\352\322t\267\307kT\370\374\201"
 1664      D92C C98A 
 1664      EAD2 74B7 
 1664      C76B 54F8 
 1664      FC81 
 1665 010f 6028 1C89 		.ascii	"`(\034\211\306\342\t\330\f\257\310;d\270z\346\327\333\336e\275"
 1665      C6E2 09D8 
 1665      0CAF C83B 
 1665      64B8 7AE6 
 1665      D7DB DE65 
 1666 0124 A6D9 68E6 		.ascii	"\246\331h\346:\356h\235\255\027L\271S&\344u\231\300\252\024<"
 1666      3AEE 689D 
 1666      AD17 4CB9 
 1666      5326 E475 
 1666      99C0 AA14 
 1667 0139 9C22 F40F 		.ascii	"\234\"\364\017\216\3022L\316\357\032\235\362\311) \370|i\340"
 1667      8EC2 324C 
 1667      CEEF 1A9D 
 1667      F2C9 2920 
 1667      F87C 69E0 
 1668 014d D679 A8ED 		.ascii	"\326y\250\355a\013\307\0377\r\\\004\037\203\\\262\016\337\244"
 1668      610B C71F 
 1668      370D 5C04 
 1668      1F83 5CB2 
 1668      0EDF A4
 1669 0160 6F78 091C 		.ascii	"ox\t\034\203ZBW\374\362\376L[\205K\241\324\224\3628\270\b\016"
 1669      835A 4257 
 1669      FCF2 FE4C 
 1669      5B85 4BA1 
 1669      D494 F238 
 1670 0177 9FF4 8FA8 		.ascii	"\237\364\217\2509sf\266\305\314\r\277\003\273\237\250\005\\\b"
 1670      3973 66B6 
 1670      C5CC 0DBF 
 1670      03BB 9FA8 
 1670      055C 08
 1671 018a 1205 9982 		.ascii	"\022\005\231\202BA\245\340\242\240Q\320\031\251\233\241\207!"
 1671      4241 A5E0 
 1671      A2A0 51D0 
 1671      19A9 9BA1 
 1671      8721 
 1672 019c DFC6 60E8 		.ascii	"\337\306`\350\003\212~\366\034`\030d\030b\030f\030a\030e\030"
 1672      038A 7EF6 
 1672      1C60 1864 
 1672      1862 1866 
 1672      1861 1865 
 1673 01b1 6318 6798 		.ascii	"c\030g\230`\230dX\311p\036\303\024\303*\206\325\fk\030\246\251"
 1673      6098 6458 
 1673      C970 1EC3 
 1673      14C3 2A86 
 1673      D50C 6B18 
 1674 01c7 9CF9 1416 		.ascii	"\234\371\024\026PXHa\021\205\305\024\226PXJ\201\220f\2314\342"
 1674      5058 4861 
 1674      1185 C514 
 1674      9650 584A 
 1674      8190 6699 
 1675 01dd 5414 3073 		.ascii	"T\0240sd\253,5\260\347-92\016\346\276\033\031\225\265\343*4^"
 1675      64AB 2C35 
 1675      B0E7 2D39 
 1675      320E E6BE 
 1675      1B19 95B5 
 1676 01f5 184A D2C7 		.ascii	"\030J\322\307\016\031\260c\r\231\355\007\375\2558\017\211\265"
 1676      0E19 B063 
 1676      0D99 ED07 
 1676      FDAD 380F 
 1676      89B5 
 1677 0207 7C4F EFF0 		.ascii	"|O\357\360\254\273\t\032\033t|\263\207v\021_\376\333\367\341"
 1677      ACBB 091A 
 1677      1B74 7CB3 
 1677      8776 115F 
 1677      FEDB F7E1 
 1678 021b 9B9E FDD0 		.ascii	"\233\236\375\320\r\235\262\f9h\0028\001)\026\311\3156o\323V\364"
 1678      0D9D B20C 
 1678      3968 0238 
 1678      0129 16C9 
 1678      CD36 6FD3 
 1679 0231 E346 66D7 		.ascii	"\343Ff\327 \206\0258\t\373a'\353>\206\307\316\2666\311+\017\263"
 1679      2086 1538 
 1679      09FB 6127 
 1679      EB3E 86C7 
 1679      CEB6 36C9 
 1680 0248 F03A 9408 		.ascii	"\360:\224\b\237\300\n:\272\025\270\032N\301JT\263\245\275\005"
 1680      9FC0 0A3A 
 1680      BA15 B81A 
 1680      4EC1 4A54 
 1680      B3A5 BD05 
 1681 025c B81A 890B 		.ascii	"\270\032\211\013\272\265\267\371\037\231\n\002P\3404\356\223"
 1681      BAB5 B7F9 
 1681      1F99 0A02 
 1681      50E0 34EE 
 1681      93
 1682 026d 87A6 ABA7 		.ascii	"\207\246\253\247"
 1683 0271 4E17 9230 		.string	"N\027\2220c{\303\225\274\3013\b|\n\334>[ez\250M\251P\357\037\231\244\250wK\273F:\344t\207
 1683      637B C395 
 1683      BCC1 3308 
 1683      7C0A DC3E 
 1683      5B65 7AA8 
 1684 0372 77B6 BB61 		.string	"w\266\273a\001\026\337\373\323\301\373*wC\002>/6\317mq\303Q\247\356\205\221\023\t\216w\35
 1684      0116 DFFB 
 1684      D3C1 FB2A 
 1684      7743 023E 
 1684      2F36 CF6D 
 1685 0397 0CDB 7A11 		.string	"\f\333z\021f\f'\234\272\027\301(2\274q\375\314\237\302\356\021\370\302F\020a\202<\026s\34
 1685      660C 279C 
 1685      BA17 C128 
 1685      32BC 71FD 
 1685      CC9F C2EE 
 1686 0412 5F97 5B53 		.ascii	"_\227[S\235\263\246\033{G\347\020q\337\353\036Bk\352\036\374"
 1686      9DB3 A61B 
 1686      7B47 E710 
 1686      71DF EB1E 
 1686      426B EA1E 
 1687 0427 10F3 9EEB 		.ascii	"\020\363\236\353\241\326\254\260Xs\272\314\232\213\260\rvk.*"
 1687      A1D6 ACB0 
 1687      5873 BACC 
 1687      9A8B B00D 
 1687      766B 2E2A 
 1688 043b B999 7C16 		.ascii	"\271\231|\026/\316:\315."
 1688      2FCE 3ACD 
 1688      2E
 1689 0444 4E49 EC37 		.string	"NI\3547Q\234\237\3756\207Y%0\312J\262\256H\260\035\375\026\263\035h\263\232m1n\206\315925
 1689      519C 9FFD 
 1689      3687 5925 
 1689      30CA 4AB2 
 1689      AE48 B01D 
 1690 0545 5C2A 9FBE 		.string	"\\*\237\27667}/\252\017b'R\341\301Ct\372\236\b~\250\216\276\332O\247\037\267L\277\273\235
 1690      3637 7D2F 
 1690      AA0F 6227 
 1690      52E1 C143 
 1690      74FA 9E08 
 1691 05e9 A41E EB06 		.ascii	"\244\036\353\006"
 1692               		.text
 1693               		.section	.gnu.lto_.symbol_nodes.fbf2ff5b,"",@progbits
 1694 0000 789C 6367 		.string	"x\234cg`f\260f"
 1694      6066 B066 
 1694      00
 1695 0009 0226 867A 		.string	"\002&\206z\206\246\206\206\006\026\306\t\347\030\200l\206]\r\216\f\214@\tV&\006\005\220<c
 1695      86A6 8686 
 1695      0616 C609 
 1695      E718 806C 
 1695      865D 0D8E 
 1696 002e 8C5E 0C31 		.ascii	"\214^\f1"
 1697               		.text
 1698               		.section	.gnu.lto_.refs.fbf2ff5b,"",@progbits
 1699 0000 789C 0DC9 		.string	"x\234\r\311\241\022@@"
 1699      A112 4040 
 1699      00
 1700 0009 06E1 DD33 		.ascii	"\006\341\3353F\020\256\252\202j\206$\335\273\013\252$I\036\305"
 1700      4610 AEAA 
 1700      826A 8624 
 1700      DDBB 0BAA 
 1700      2449 1EC5 
 1701 001d 3FB3 5FDA 		.ascii	"?\263_\332\201\216\006T\260\307\021+N8\343\202+\356x\340\231"
 1701      818E 0654 
 1701      B0C7 112B 
 1701      4E38 E382 
 1701      2BEE 78E0 
 1702 0032 7DC5 1D4F 		.ascii	"}\305\035O\274\361Q\n\246\215\037\253H\006\227"
 1702      BCF1 510A 
 1702      A68D 1FAB 
 1702      4806 97
 1703               		.text
 1704               		.section	.gnu.lto_.decls.fbf2ff5b,"",@progbits
 1705 0000 789C 7D56 		.string	"x\234}V]LTG\024\236sg\201ee\301 mP\267\211\211`Jb\024\265\2655}h\253m\332\247\246I\343C\2
 1705      5D4C 5447 
 1705      149E 7367 
 1705      8165 65C1 
 1705      206D 50B7 
 1706 00b4 2D10 2D88 		.string	"-\020-\210\361\243\005\303\177k\0271\234\242\325\364?\365\374i\317\241\320ZprB\227M\341[\
 1706      F1A3 05C3 
 1706      7F6B 1731 
 1706      9CA2 D5F4 
 1706      3FF5 FC69 
 1707 01ae D132 085E 		.ascii	"\3212\b^\215\200YAQX\023\326\276%\250-q\250\266\364\250\236~"
 1707      8D80 5941 
 1707      5158 13D6 
 1707      BE25 A82D 
 1707      71A8 B6F4 
 1708 01c5 CDF7 B161 		.ascii	"\315\367\261aj\364\211\244\303\362\354\b`\207\216\255\271\316"
 1708      6AF4 89A4 
 1708      C3F2 EC08 
 1708      6087 8EAD 
 1708      B9CE 
 1709 01d7 1775 0546 		.ascii	"\027u\005F\346\262\036p\313\362\022\340!\261\275\004\256C$~^"
 1709      E6B2 1E70 
 1709      CBF2 12E0 
 1709      21B1 BD04 
 1709      AE43 247E 
 1710 01ec 039D E0CA 		.ascii	"\003\235\340\312\253*\314\231\267\264Xv\365\312\356\231\202w"
 1710      AB2A CC99 
 1710      B7B4 5876 
 1710      F5CA EE99 
 1710      8277 
 1711 01fe 4B4A D2E4 		.ascii	"KJ\322\344\n\314\373Db@\250\307\303`'\301\252\327\363V\202\253"
 1711      0ACC FB44 
 1711      6240 A8C7 
 1711      C360 27C1 
 1711      AAD7 F356 
 1712 0214 D003 516F 		.ascii	"\320\003Qo\346\021\270\001K1\377\302\323\337>\245\273\270\224"
 1712      E611 B801 
 1712      4B31 FFC2 
 1712      D3DF 3EA5 
 1712      BBB8 94
 1713 0227 91C1 C9FA 		.ascii	"\221\301\311\372`.\245\316#%\273\241\356\210Q+\245N#\245\221"
 1713      602E A5CE 
 1713      2325 BBA1 
 1713      EE88 512B 
 1713      A54E 23A5 
 1714 023c 4B69 50A5 		.ascii	"KiP\245\214\357o|\030\252Hi/\no\221\345\303\230\346\222\030\016"
 1714      8CEF 6F7C 
 1714      18AA 4869 
 1714      2F0A 6F91 
 1714      E5C3 98E6 
 1715 0253 6E6A 94DC 		.ascii	"nj\224\334\324(\351F%MB\311\235\034\354\256\f\340Z\234\325ON"
 1715      D428 E946 
 1715      254D 42C9 
 1715      9D1C ECAE 
 1715      0CE0 5A9C 
 1716 026a 4AF4 20CC 		.ascii	"J\364 \314j\365\b\321\352\rWn\035\016\242\271<F3\234\303\373"
 1716      6AF5 08D1 
 1716      EA0D 576E 
 1716      1D0E A2B9 
 1716      3C46 339C 
 1717 0280 01DB 0C82 		.ascii	"\001\333\f\202\321\362el\310\371p\033\202I\026\357L\331\265\004"
 1717      D1F2 656C 
 1717      C8F9 701B 
 1717      8249 16EF 
 1717      4CD9 B504 
 1718 0294 3C9D 790B 		.ascii	"<\235y\013%\260\020\201vLh\303\276\314\227\365|\005I\323\217"
 1718      25B0 1081 
 1718      764C 68C3 
 1718      BECC 97F5 
 1718      7C05 49D3 
 1719 02a9 34BB 8269 		.ascii	"4\273\202i\241(x\352\314\205\025\264\\<\347\236=<!\321J\341d"
 1719      A128 78EA 
 1719      CC85 15B4 
 1719      5C3C E79E 
 1719      3D3C 21D1 
 1720 02c0 FEEE AE0F 		.ascii	"\376\356\256\017\022J\202\320\315\0309w\305H\257\213\230k\317"
 1720      124A 82D0 
 1720      CD18 3977 
 1720      C548 AF8B 
 1720      986B CF
 1721 02d3 C034 8858 		.ascii	"\3004\210X \272\215\277\346\257\245M\"t\354j\377-\235\b\005\240"
 1721      20BA 8DBF 
 1721      E6AF A54D 
 1721      2274 EC6A 
 1721      FF2D 9D08 
 1722 02e9 DB76 B7A3 		.ascii	"\333v\267\243LO\207E\354y\221s\202\212\230\016\335}\235c\345"
 1722      4C4F 8745 
 1722      EC79 9173 
 1722      828A 980E 
 1722      DD7D 9D63 
 1723 02fe 61F4 9588 		.ascii	"a\364\225\210\035i\177\235i\0241vs\214\234/\330\027B\247E\254"
 1723      1D69 7F9D 
 1723      6914 3176 
 1723      738C 9C2F 
 1723      D817 42A7 
 1724 0314 E4E2 F848 		.ascii	"\344\342\370H\030\375A\\\034\265\243S\303@\013\205\223\325v\372"
 1724      18FD 415C 
 1724      1CB5 A353 
 1724      C340 0B85 
 1724      93D5 76FA 
 1725 0328 5808 ADE0 		.ascii	"X\b\255\340Nh\365\321\013\227B!\032\307\202\350\230h1J\370\336"
 1725      4E68 F5D1 
 1725      0B97 4221 
 1725      1AC7 82E8 
 1725      9868 314A 
 1726 033e BCEA 583E 		.ascii	"\274\352X>\220\236\346\356\013d[\200GA\3411,\200\325\312\331"
 1726      909E E6EE 
 1726      0B64 5B80 
 1726      4741 E131 
 1726      2C80 D5CA 
 1727 0353 AE34 F1E5 		.ascii	"\2564\361\345a\210\206\373\300\256\276\022\336\003\215\033\235"
 1727      6188 86FB 
 1727      C0AE BE12 
 1727      DE03 8D1B 
 1727      9D
 1728 0364 72F6 62BC 		.ascii	"r\366b\274?\bG\253\227\n\303\343\307*\005\210\354\323\0034C\336"
 1728      3F08 47AB 
 1728      970A C3E3 
 1728      C72A 0588 
 1728      ECD3 0334 
 1729 037a BB98 9374 		.ascii	"\273\230\223t\314\341\216\365r\257\366f\324|\336\334\001<p\307"
 1729      CCE1 8EF5 
 1729      72AF F666 
 1729      D47C DEDC 
 1729      013C 70C7 
 1730 038e 3FBE 956B 		.ascii	"?\276\225k\311aZ\232e\320\\kB\017v\030<\205\030x\206\320\347"
 1730      C961 5A9A 
 1730      65D0 5C6B 
 1730      420F 7618 
 1730      3C85 1878 
 1731 03a5 68FF A0FD 		.ascii	"h\377\240\375\2156\2126\204\366\002\355\t\332\b\332C\264G\020"
 1731      8D36 8A36 
 1731      84F6 02ED 
 1731      09DA 08DA 
 1731      43B4 4710 
 1732 03b9 4D3C 021E 		.ascii	"M<\002\036}\246\n\350\364\277\031\367\270\200\343|3\236}\203"
 1732      7DA6 0AE8 
 1732      F4BF 19F7 
 1732      B880 E37C 
 1732      339E 7D83 
 1733 03cd 9734 0312 		.ascii	"\2274\003\022\265\265\275dc\375\336\367\037\364O\247\331\261"
 1733      B5B5 BD64 
 1733      63FD DEF7 
 1733      1FF4 4FA7 
 1733      D9B1 
 1734 03df 179E F277 		.ascii	"\027\236\362w\375\277\277\006\177\335\203\357\367\317\337\007"
 1734      FDBF BF06 
 1734      7FDD 83EF 
 1734      F7CF DF07 
 1735 03ef DE84 C90D 		.ascii	"\336\204\311\rj\302_\376\0234\007\322\347)\320\355\037\337\245"
 1735      6AC2 5FFE 
 1735      1334 07D2 
 1735      E729 D0ED 
 1735      1FDF A5
 1736 0402 2950 E349 		.ascii	")P\343I\030\360\237\320\252Ih\365$<\360\237\320+\216\234\352"
 1736      18F0 9FD0 
 1736      AA49 68F5 
 1736      243C F09F 
 1736      D02B 8E9C 
 1737 0417 8AAB CF5C 		.ascii	"\212\253\317\\4@tDL\264\267\027\335iT\034\300\030D\370\354\306"
 1737      3440 7444 
 1737      4CB4 B717 
 1737      DD69 541C 
 1737      C018 44F8 
 1738 042d 83BE 5A85 		.ascii	"\203\276Z\205\201Y\253\274\302V\031\307\022/E\033\210S\275\377"
 1738      8159 ABBC 
 1738      C256 19C7 
 1738      122F 451B 
 1738      8853 BDFF 
 1739 0441 2365 C78A 		.ascii	"#e\307\212\030\037\307:\330OEQv%\267\240h\177u\361{\330\223{"
 1739      181F C73A 
 1739      D84F 4551 
 1739      7625 B7A0 
 1739      687F 75F1 
 1740 0459 70D2 487B 		.ascii	"p\322H{\371\367P\0328>>\242\203\230\bQ\243\375}V\3425\346Nh\356"
 1740      F9F7 501A 
 1740      383E 3EA2 
 1740      8398 0851 
 1740      A3FD 7D56 
 1741 0473 4556 D2A7 		.ascii	"EV\322\247b\230D\241~Dc\241\223\347n\\6.;*\273d\366\033\260|"
 1741      6298 44A1 
 1741      7E44 63A1 
 1741      93E7 6E5C 
 1741      362E 3B2A 
 1742 048d F7F1 3477 		.ascii	"\367\3614w\205\f\234\276Y\320k$\342\n\211j\302[\367\r,\303\334"
 1742      850C 9CBE 
 1742      59D0 6B24 
 1742      E20A 896A 
 1742      C25B F70D 
 1743 04a4 827D 559D 		.ascii	"\202}U\235\301!{=\377(\360,/z\nB\2704\234\021\\\350\312\2324"
 1743      C121 7B3D 
 1743      FF28 F02C 
 1743      2F7A 0A42 
 1743      B834 9C11 
 1744 04bd 44FD 2CFE 		.ascii	"D\375,\376=)\323\023\210\177\233\377\216\250\277\235\323\020"
 1744      3D29 D313 
 1744      887F 9BFF 
 1744      8EA8 BF9D 
 1744      D310 
 1745 04cf 85A8 F6D2 		.ascii	"\205\250\366\322\263eF\201r\327\025\206\247\311N\230\013\234"
 1745      B365 4681 
 1745      72D7 1586 
 1745      A7C9 4E98 
 1745      0B9C 
 1746 04e1 E1C0 BC4A 		.ascii	"\341\300\274Jg\271B\347n}\007\t\347\302d\211\301\344\242\222"
 1746      67B9 42E7 
 1746      6E7D 0709 
 1746      E7C2 6489 
 1746      C1E4 A292 
 1747 04f5 B660 05F6 		.ascii	"\266`\005\366\310\344\003\226\306a]\316\312g*\333\275\305>`\273"
 1747      C8E4 0396 
 1747      C661 5DCE 
 1747      CA67 2ADB 
 1747      BDC5 3E60 
 1748 050a 39CC 99FE 		.ascii	"9\314\231\376}a\250\002\353K\227a\375\\X:\207\335\316\271\371"
 1748      7D61 A802 
 1748      EB4B 9761 
 1748      FD5C 583A 
 1748      87DD CEB9 
 1749 051f 344C D596 		.ascii	"4L\325\226\341\003\226\301a?\025"
 1749      E103 96C1 
 1749      613F 15
 1750 052a F73D D0A9 		.string	"\367=\320\251\332\234>`N\016\253\034-=\025\242\3022}\30029,\2672\357\020U`5\221>^!\213\30
 1750      DA9C 3E60 
 1750      4E0E AB1C 
 1750      2D3D 15A2 
 1750      C232 7DC0 
 1751 062b 7FAF 194F 		.ascii	"\177\257\031O\302f\275\233\331\361/\t\217x\375"
 1751      C266 BD9B 
 1751      D9F1 2F09 
 1751      8F78 FD
 1752               		.text
 1753               		.section	.gnu.lto_.symtab.fbf2ff5b,"",@progbits
 1754 0000 6B65 7963 		.string	"keycode_config"
 1754      6F64 655F 
 1754      636F 6E66 
 1754      6967 00
 1755 000f 00        		.string	""
 1756 0010 00        		.string	""
 1757 0011 00        		.string	""
 1758 0012 00        		.string	""
 1759 0013 00        		.string	""
 1760 0014 00        		.string	""
 1761 0015 00        		.string	""
 1762 0016 00        		.string	""
 1763 0017 00        		.string	""
 1764 0018 00        		.string	""
 1765 0019 00        		.string	""
 1766 001a CB00      		.string	"\313"
 1767 001c 00        		.string	""
 1768 001d 00        		.string	""
 1769 001e 6D6F 645F 		.string	"mod_config"
 1769      636F 6E66 
 1769      6967 00
 1770 0029 00        		.string	""
 1771 002a 00        		.string	""
 1772 002b 00        		.string	""
 1773 002c 00        		.string	""
 1774 002d 00        		.string	""
 1775 002e 00        		.string	""
 1776 002f 00        		.string	""
 1777 0030 00        		.string	""
 1778 0031 00        		.string	""
 1779 0032 00        		.string	""
 1780 0033 00        		.string	""
 1781 0034 CF00      		.string	"\317"
 1782 0036 00        		.string	""
 1783 0037 00        		.string	""
 1784 0038 6B65 796D 		.string	"keymap_config"
 1784      6170 5F63 
 1784      6F6E 6669 
 1784      6700 
 1785 0046 00        		.string	""
 1786 0047 02        		.ascii	"\002"
 1787 0048 00        		.string	""
 1788 0049 00        		.string	""
 1789 004a 00        		.string	""
 1790 004b 00        		.string	""
 1791 004c 00        		.string	""
 1792 004d 00        		.string	""
 1793 004e 00        		.string	""
 1794 004f 00        		.string	""
 1795 0050 00        		.string	""
 1796 0051 FC00      		.string	"\374"
 1797 0053 00        		.string	""
 1798 0054 00        		.string	""
 1799               		.text
 1800               		.section	.gnu.lto_.opts,"",@progbits
 1801 0000 272D 666E 		.ascii	"'-fn"
 1802 0004 6F2D 6F70 		.string	"o-openmp' '-fno-openacc' '-fno-pie' '-mn-flash=1' '-mno-skip-bug' '-mmcu=avr5' '-Os' '-We
 1802      656E 6D70 
 1802      2720 272D 
 1802      666E 6F2D 
 1802      6F70 656E 
 1803               		.text
 1804               		.comm	__gnu_lto_v1,1,1
 1805               		.comm	__gnu_lto_slim,1,1
 1806               		.ident	"GCC: (GNU) 8.4.0"
DEFINED SYMBOLS
                            *ABS*:0000000000000000 keycode_config.c
C:\Users\Roningo\AppData\Local\Temp\ccklSiPw.s:2      *ABS*:000000000000003e __SP_H__
C:\Users\Roningo\AppData\Local\Temp\ccklSiPw.s:3      *ABS*:000000000000003d __SP_L__
C:\Users\Roningo\AppData\Local\Temp\ccklSiPw.s:4      *ABS*:000000000000003f __SREG__
C:\Users\Roningo\AppData\Local\Temp\ccklSiPw.s:5      *ABS*:0000000000000000 __tmp_reg__
C:\Users\Roningo\AppData\Local\Temp\ccklSiPw.s:6      *ABS*:0000000000000001 __zero_reg__
C:\Users\Roningo\AppData\Local\Temp\ccklSiPw.s:16     .gnu.debuglto_.debug_info:0000000000000000 keycode_config.c.7fc2c394
                            *COM*:0000000000000001 __gnu_lto_v1
                            *COM*:0000000000000001 __gnu_lto_slim

NO UNDEFINED SYMBOLS
