   1               		.file	"USBController_AVR8.c"
   2               	__SP_H__ = 0x3e
   3               	__SP_L__ = 0x3d
   4               	__SREG__ = 0x3f
   5               	__tmp_reg__ = 0
   6               	__zero_reg__ = 1
   7               		.file 1 "e:\\game\\msys2\\mingw64\\avr\\include\\stdint.h"
   8               		.file 2 "lib/lufa/LUFA/Drivers/USB/Core/AVR8/../AVR8/../StdRequestType.h"
   9               		.file 3 "lib/lufa/LUFA/Drivers/USB/Core/AVR8/../AVR8/../DeviceStandardReq.h"
  10               		.file 4 "lib/lufa/LUFA/Drivers/USB/Core/AVR8/../AVR8/../USBTask.h"
  11               		.file 5 "lib/lufa/LUFA/Drivers/USB/Core/AVR8/../USBController.h"
  12               		.file 6 "lib/lufa/LUFA/Drivers/USB/Core/AVR8/../AVR8/../AVR8/USBInterrupt_AVR8.h"
  13               		.file 7 "lib/lufa/LUFA/Drivers/USB/Core/AVR8/../AVR8/../Device.h"
  14               		.file 8 "lib/lufa/LUFA/Drivers/USB/Core/AVR8/USBController_AVR8.c"
  15               		.file 9 "lib/lufa/LUFA/Drivers/USB/Core/AVR8/../AVR8/USBController_AVR8.h"
  16               		.file 10 "lib/lufa/LUFA/Drivers/USB/Core/AVR8/../AVR8/../AVR8/Device_AVR8.h"
  17               		.file 11 "lib/lufa/LUFA/Drivers/USB/Core/AVR8/../AVR8/../AVR8/Endpoint_AVR8.h"
  18               		.section	.gnu.debuglto_.debug_info,"",@progbits
  19               	.Ldebug_info0:
  20               		.hidden	USBController_AVR8.c.a903b6b1
  21               		.weak	USBController_AVR8.c.a903b6b1
  22               	USBController_AVR8.c.a903b6b1:
  23 0000 1903 0000 		.long	0x319
  24 0004 0200      		.word	0x2
  25 0006 0000 0000 		.long	.Ldebug_abbrev0
  26 000a 04        		.byte	0x4
  27 000b 01        		.uleb128 0x1
  28 000c 0000 0000 		.long	.LASF67
  29 0010 0C        		.byte	0xc
  30 0011 0000 0000 		.long	.LASF68
  31 0015 0000 0000 		.long	.LASF69
  32 0019 0000 0000 		.long	.Ldebug_line0
  33 001d 02        		.uleb128 0x2
  34 001e 01        		.byte	0x1
  35 001f 06        		.byte	0x6
  36 0020 0000 0000 		.long	.LASF0
  37 0024 03        		.uleb128 0x3
  38 0025 0000 0000 		.long	.LASF2
  39 0029 01        		.byte	0x1
  40 002a 7E        		.byte	0x7e
  41 002b 16        		.byte	0x16
  42 002c 3A00 0000 		.long	0x3a
  43 0030 04        		.uleb128 0x4
  44 0031 2400 0000 		.long	0x24
  45 0035 05        		.uleb128 0x5
  46 0036 2400 0000 		.long	0x24
  47 003a 02        		.uleb128 0x2
  48 003b 01        		.byte	0x1
  49 003c 08        		.byte	0x8
  50 003d 0000 0000 		.long	.LASF1
  51 0041 06        		.uleb128 0x6
  52 0042 02        		.byte	0x2
  53 0043 05        		.byte	0x5
  54 0044 696E 7400 		.string	"int"
  55 0048 03        		.uleb128 0x3
  56 0049 0000 0000 		.long	.LASF3
  57 004d 01        		.byte	0x1
  58 004e 80        		.byte	0x80
  59 004f 16        		.byte	0x16
  60 0050 5900 0000 		.long	0x59
  61 0054 05        		.uleb128 0x5
  62 0055 4800 0000 		.long	0x48
  63 0059 02        		.uleb128 0x2
  64 005a 02        		.byte	0x2
  65 005b 07        		.byte	0x7
  66 005c 0000 0000 		.long	.LASF4
  67 0060 02        		.uleb128 0x2
  68 0061 04        		.byte	0x4
  69 0062 05        		.byte	0x5
  70 0063 0000 0000 		.long	.LASF5
  71 0067 02        		.uleb128 0x2
  72 0068 04        		.byte	0x4
  73 0069 07        		.byte	0x7
  74 006a 0000 0000 		.long	.LASF6
  75 006e 02        		.uleb128 0x2
  76 006f 08        		.byte	0x8
  77 0070 05        		.byte	0x5
  78 0071 0000 0000 		.long	.LASF7
  79 0075 02        		.uleb128 0x2
  80 0076 08        		.byte	0x8
  81 0077 07        		.byte	0x7
  82 0078 0000 0000 		.long	.LASF8
  83 007c 07        		.uleb128 0x7
  84 007d 0000 0000 		.long	.LASF26
  85 0081 07        		.byte	0x7
  86 0082 01        		.byte	0x1
  87 0083 3A00 0000 		.long	0x3a
  88 0087 05        		.byte	0x5
  89 0088 8A        		.byte	0x8a
  90 0089 08        		.byte	0x8
  91 008a A700 0000 		.long	0xa7
  92 008e 08        		.uleb128 0x8
  93 008f 0000 0000 		.long	.LASF9
  94 0093 00        		.byte	0
  95 0094 08        		.uleb128 0x8
  96 0095 0000 0000 		.long	.LASF10
  97 0099 01        		.byte	0x1
  98 009a 08        		.uleb128 0x8
  99 009b 0000 0000 		.long	.LASF11
 100 009f 02        		.byte	0x2
 101 00a0 08        		.uleb128 0x8
 102 00a1 0000 0000 		.long	.LASF12
 103 00a5 03        		.byte	0x3
 104 00a6 00        		.byte	0
 105 00a7 09        		.uleb128 0x9
 106 00a8 08        		.byte	0x8
 107 00a9 02        		.byte	0x2
 108 00aa A3        		.byte	0xa3
 109 00ab 0C        		.byte	0xc
 110 00ac FC00 0000 		.long	0xfc
 111 00b0 0A        		.uleb128 0xa
 112 00b1 0000 0000 		.long	.LASF13
 113 00b5 02        		.byte	0x2
 114 00b6 A5        		.byte	0xa5
 115 00b7 0E        		.byte	0xe
 116 00b8 2400 0000 		.long	0x24
 117 00bc 02        		.byte	0x2
 118 00bd 23        		.byte	0x23
 119 00be 00        		.uleb128 0
 120 00bf 0A        		.uleb128 0xa
 121 00c0 0000 0000 		.long	.LASF14
 122 00c4 02        		.byte	0x2
 123 00c5 A6        		.byte	0xa6
 124 00c6 0E        		.byte	0xe
 125 00c7 2400 0000 		.long	0x24
 126 00cb 02        		.byte	0x2
 127 00cc 23        		.byte	0x23
 128 00cd 01        		.uleb128 0x1
 129 00ce 0A        		.uleb128 0xa
 130 00cf 0000 0000 		.long	.LASF15
 131 00d3 02        		.byte	0x2
 132 00d4 A7        		.byte	0xa7
 133 00d5 0E        		.byte	0xe
 134 00d6 4800 0000 		.long	0x48
 135 00da 02        		.byte	0x2
 136 00db 23        		.byte	0x23
 137 00dc 02        		.uleb128 0x2
 138 00dd 0A        		.uleb128 0xa
 139 00de 0000 0000 		.long	.LASF16
 140 00e2 02        		.byte	0x2
 141 00e3 A8        		.byte	0xa8
 142 00e4 0E        		.byte	0xe
 143 00e5 4800 0000 		.long	0x48
 144 00e9 02        		.byte	0x2
 145 00ea 23        		.byte	0x23
 146 00eb 04        		.uleb128 0x4
 147 00ec 0A        		.uleb128 0xa
 148 00ed 0000 0000 		.long	.LASF17
 149 00f1 02        		.byte	0x2
 150 00f2 A9        		.byte	0xa9
 151 00f3 0E        		.byte	0xe
 152 00f4 4800 0000 		.long	0x48
 153 00f8 02        		.byte	0x2
 154 00f9 23        		.byte	0x23
 155 00fa 06        		.uleb128 0x6
 156 00fb 00        		.byte	0
 157 00fc 03        		.uleb128 0x3
 158 00fd 0000 0000 		.long	.LASF18
 159 0101 02        		.byte	0x2
 160 0102 AA        		.byte	0xaa
 161 0103 12        		.byte	0x12
 162 0104 A700 0000 		.long	0xa7
 163 0108 0B        		.uleb128 0xb
 164 0109 0000 0000 		.long	.LASF19
 165 010d 03        		.byte	0x3
 166 010e 5E        		.byte	0x5e
 167 010f 13        		.byte	0x13
 168 0110 2400 0000 		.long	0x24
 169 0114 01        		.byte	0x1
 170 0115 01        		.byte	0x1
 171 0116 0B        		.uleb128 0xb
 172 0117 0000 0000 		.long	.LASF20
 173 011b 03        		.byte	0x3
 174 011c 6E        		.byte	0x6e
 175 011d 11        		.byte	0x11
 176 011e 2401 0000 		.long	0x124
 177 0122 01        		.byte	0x1
 178 0123 01        		.byte	0x1
 179 0124 02        		.uleb128 0x2
 180 0125 01        		.byte	0x1
 181 0126 02        		.byte	0x2
 182 0127 0000 0000 		.long	.LASF21
 183 012b 04        		.uleb128 0x4
 184 012c 2401 0000 		.long	0x124
 185 0130 0B        		.uleb128 0xb
 186 0131 0000 0000 		.long	.LASF22
 187 0135 03        		.byte	0x3
 188 0136 78        		.byte	0x78
 189 0137 11        		.byte	0x11
 190 0138 2401 0000 		.long	0x124
 191 013c 01        		.byte	0x1
 192 013d 01        		.byte	0x1
 193 013e 0B        		.uleb128 0xb
 194 013f 0000 0000 		.long	.LASF23
 195 0143 04        		.byte	0x4
 196 0144 51        		.byte	0x51
 197 0145 19        		.byte	0x19
 198 0146 2B01 0000 		.long	0x12b
 199 014a 01        		.byte	0x1
 200 014b 01        		.byte	0x1
 201 014c 0B        		.uleb128 0xb
 202 014d 0000 0000 		.long	.LASF24
 203 0151 04        		.byte	0x4
 204 0152 5B        		.byte	0x5b
 205 0153 21        		.byte	0x21
 206 0154 FC00 0000 		.long	0xfc
 207 0158 01        		.byte	0x1
 208 0159 01        		.byte	0x1
 209 015a 0B        		.uleb128 0xb
 210 015b 0000 0000 		.long	.LASF25
 211 015f 04        		.byte	0x4
 212 0160 90        		.byte	0x90
 213 0161 1E        		.byte	0x1e
 214 0162 3000 0000 		.long	0x30
 215 0166 01        		.byte	0x1
 216 0167 01        		.byte	0x1
 217 0168 07        		.uleb128 0x7
 218 0169 0000 0000 		.long	.LASF27
 219 016d 07        		.byte	0x7
 220 016e 01        		.byte	0x1
 221 016f 3A00 0000 		.long	0x3a
 222 0173 06        		.byte	0x6
 223 0174 3C        		.byte	0x3c
 224 0175 09        		.byte	0x9
 225 0176 9F01 0000 		.long	0x19f
 226 017a 08        		.uleb128 0x8
 227 017b 0000 0000 		.long	.LASF28
 228 017f 00        		.byte	0
 229 0180 08        		.uleb128 0x8
 230 0181 0000 0000 		.long	.LASF29
 231 0185 02        		.byte	0x2
 232 0186 08        		.uleb128 0x8
 233 0187 0000 0000 		.long	.LASF30
 234 018b 03        		.byte	0x3
 235 018c 08        		.uleb128 0x8
 236 018d 0000 0000 		.long	.LASF31
 237 0191 04        		.byte	0x4
 238 0192 08        		.uleb128 0x8
 239 0193 0000 0000 		.long	.LASF32
 240 0197 05        		.byte	0x5
 241 0198 08        		.uleb128 0x8
 242 0199 0000 0000 		.long	.LASF33
 243 019d 06        		.byte	0x6
 244 019e 00        		.byte	0
 245 019f 07        		.uleb128 0x7
 246 01a0 0000 0000 		.long	.LASF34
 247 01a4 07        		.byte	0x7
 248 01a5 01        		.byte	0x1
 249 01a6 3A00 0000 		.long	0x3a
 250 01aa 07        		.byte	0x7
 251 01ab 4E        		.byte	0x4e
 252 01ac 09        		.byte	0x9
 253 01ad D601 0000 		.long	0x1d6
 254 01b1 08        		.uleb128 0x8
 255 01b2 0000 0000 		.long	.LASF35
 256 01b6 00        		.byte	0
 257 01b7 08        		.uleb128 0x8
 258 01b8 0000 0000 		.long	.LASF36
 259 01bc 01        		.byte	0x1
 260 01bd 08        		.uleb128 0x8
 261 01be 0000 0000 		.long	.LASF37
 262 01c2 02        		.byte	0x2
 263 01c3 08        		.uleb128 0x8
 264 01c4 0000 0000 		.long	.LASF38
 265 01c8 03        		.byte	0x3
 266 01c9 08        		.uleb128 0x8
 267 01ca 0000 0000 		.long	.LASF39
 268 01ce 04        		.byte	0x4
 269 01cf 08        		.uleb128 0x8
 270 01d0 0000 0000 		.long	.LASF40
 271 01d4 05        		.byte	0x5
 272 01d5 00        		.byte	0
 273 01d6 0C        		.uleb128 0xc
 274 01d7 0000 0000 		.long	.LASF44
 275 01db 08        		.byte	0x8
 276 01dc BE        		.byte	0xbe
 277 01dd 0D        		.byte	0xd
 278 01de 01        		.byte	0x1
 279 01df 0D        		.uleb128 0xd
 280 01e0 01        		.byte	0x1
 281 01e1 0000 0000 		.long	.LASF41
 282 01e5 08        		.byte	0x8
 283 01e6 81        		.byte	0x81
 284 01e7 06        		.byte	0x6
 285 01e8 01        		.byte	0x1
 286 01e9 0D        		.uleb128 0xd
 287 01ea 01        		.byte	0x1
 288 01eb 0000 0000 		.long	.LASF42
 289 01ef 08        		.byte	0x8
 290 01f0 68        		.byte	0x68
 291 01f1 06        		.byte	0x6
 292 01f2 01        		.byte	0x1
 293 01f3 0D        		.uleb128 0xd
 294 01f4 01        		.byte	0x1
 295 01f5 0000 0000 		.long	.LASF43
 296 01f9 08        		.byte	0x8
 297 01fa 2E        		.byte	0x2e
 298 01fb 06        		.byte	0x6
 299 01fc 01        		.byte	0x1
 300 01fd 0E        		.uleb128 0xe
 301 01fe 0000 0000 		.long	.LASF45
 302 0202 09        		.byte	0x9
 303 0203 9501      		.word	0x195
 304 0205 17        		.byte	0x17
 305 0206 01        		.byte	0x1
 306 0207 0E        		.uleb128 0xe
 307 0208 0000 0000 		.long	.LASF46
 308 020c 09        		.byte	0x9
 309 020d 8F01      		.word	0x18f
 310 020f 17        		.byte	0x17
 311 0210 01        		.byte	0x1
 312 0211 0E        		.uleb128 0xe
 313 0212 0000 0000 		.long	.LASF47
 314 0216 09        		.byte	0x9
 315 0217 8301      		.word	0x183
 316 0219 17        		.byte	0x17
 317 021a 01        		.byte	0x1
 318 021b 0E        		.uleb128 0xe
 319 021c 0000 0000 		.long	.LASF48
 320 0220 09        		.byte	0x9
 321 0221 7601      		.word	0x176
 322 0223 17        		.byte	0x17
 323 0224 01        		.byte	0x1
 324 0225 0E        		.uleb128 0xe
 325 0226 0000 0000 		.long	.LASF49
 326 022a 09        		.byte	0x9
 327 022b 7001      		.word	0x170
 328 022d 17        		.byte	0x17
 329 022e 01        		.byte	0x1
 330 022f 0E        		.uleb128 0xe
 331 0230 0000 0000 		.long	.LASF50
 332 0234 09        		.byte	0x9
 333 0235 6501      		.word	0x165
 334 0237 17        		.byte	0x17
 335 0238 01        		.byte	0x1
 336 0239 0E        		.uleb128 0xe
 337 023a 0000 0000 		.long	.LASF51
 338 023e 09        		.byte	0x9
 339 023f 5B01      		.word	0x15b
 340 0241 17        		.byte	0x17
 341 0242 01        		.byte	0x1
 342 0243 0E        		.uleb128 0xe
 343 0244 0000 0000 		.long	.LASF52
 344 0248 09        		.byte	0x9
 345 0249 4F01      		.word	0x14f
 346 024b 17        		.byte	0x17
 347 024c 01        		.byte	0x1
 348 024d 0C        		.uleb128 0xc
 349 024e 0000 0000 		.long	.LASF53
 350 0252 09        		.byte	0x9
 351 0253 CA        		.byte	0xca
 352 0254 17        		.byte	0x17
 353 0255 01        		.byte	0x1
 354 0256 0C        		.uleb128 0xc
 355 0257 0000 0000 		.long	.LASF54
 356 025b 09        		.byte	0x9
 357 025c BC        		.byte	0xbc
 358 025d 17        		.byte	0x17
 359 025e 01        		.byte	0x1
 360 025f 0C        		.uleb128 0xc
 361 0260 0000 0000 		.long	.LASF55
 362 0264 0A        		.byte	0xa
 363 0265 CF        		.byte	0xcf
 364 0266 17        		.byte	0x17
 365 0267 01        		.byte	0x1
 366 0268 0F        		.uleb128 0xf
 367 0269 0000 0000 		.long	.LASF60
 368 026d 0B        		.byte	0xb
 369 026e C8        		.byte	0xc8
 370 026f 17        		.byte	0x17
 371 0270 01        		.byte	0x1
 372 0271 2401 0000 		.long	0x124
 373 0275 B602 0000 		.long	0x2b6
 374 0279 10        		.uleb128 0x10
 375 027a 0000 0000 		.long	.LASF56
 376 027e 0B        		.byte	0xb
 377 027f C8        		.byte	0xc8
 378 0280 40        		.byte	0x40
 379 0281 3500 0000 		.long	0x35
 380 0285 10        		.uleb128 0x10
 381 0286 0000 0000 		.long	.LASF57
 382 028a 0B        		.byte	0xb
 383 028b C9        		.byte	0xc9
 384 028c 40        		.byte	0x40
 385 028d 3500 0000 		.long	0x35
 386 0291 10        		.uleb128 0x10
 387 0292 0000 0000 		.long	.LASF58
 388 0296 0B        		.byte	0xb
 389 0297 CA        		.byte	0xca
 390 0298 41        		.byte	0x41
 391 0299 5400 0000 		.long	0x54
 392 029d 10        		.uleb128 0x10
 393 029e 0000 0000 		.long	.LASF59
 394 02a2 0B        		.byte	0xb
 395 02a3 CB        		.byte	0xcb
 396 02a4 40        		.byte	0x40
 397 02a5 3500 0000 		.long	0x35
 398 02a9 11        		.uleb128 0x11
 399 02aa 0000 0000 		.long	.LASF63
 400 02ae 0B        		.byte	0xb
 401 02af CD        		.byte	0xcd
 402 02b0 0D        		.byte	0xd
 403 02b1 2400 0000 		.long	0x24
 404 02b5 00        		.byte	0
 405 02b6 0F        		.uleb128 0xf
 406 02b7 0000 0000 		.long	.LASF61
 407 02bb 0B        		.byte	0xb
 408 02bc 5F        		.byte	0x5f
 409 02bd 1A        		.byte	0x1a
 410 02be 01        		.byte	0x1
 411 02bf 2400 0000 		.long	0x24
 412 02c3 EC02 0000 		.long	0x2ec
 413 02c7 10        		.uleb128 0x10
 414 02c8 0000 0000 		.long	.LASF62
 415 02cc 0B        		.byte	0xb
 416 02cd 5F        		.byte	0x5f
 417 02ce 44        		.byte	0x44
 418 02cf 5400 0000 		.long	0x54
 419 02d3 11        		.uleb128 0x11
 420 02d4 0000 0000 		.long	.LASF64
 421 02d8 0B        		.byte	0xb
 422 02d9 61        		.byte	0x61
 423 02da 0E        		.byte	0xe
 424 02db 2400 0000 		.long	0x24
 425 02df 11        		.uleb128 0x11
 426 02e0 0000 0000 		.long	.LASF65
 427 02e4 0B        		.byte	0xb
 428 02e5 62        		.byte	0x62
 429 02e6 0E        		.byte	0xe
 430 02e7 4800 0000 		.long	0x48
 431 02eb 00        		.byte	0
 432 02ec 12        		.uleb128 0x12
 433 02ed 0000 0000 		.long	.LASF70
 434 02f1 06        		.byte	0x6
 435 02f2 D0        		.byte	0xd0
 436 02f3 17        		.byte	0x17
 437 02f4 01        		.byte	0x1
 438 02f5 0603 0000 		.long	0x306
 439 02f9 10        		.uleb128 0x10
 440 02fa 0000 0000 		.long	.LASF66
 441 02fe 06        		.byte	0x6
 442 02ff D0        		.byte	0xd0
 443 0300 33        		.byte	0x33
 444 0301 3500 0000 		.long	0x35
 445 0305 00        		.byte	0
 446 0306 13        		.uleb128 0x13
 447 0307 0000 0000 		.long	.LASF71
 448 030b 06        		.byte	0x6
 449 030c 58        		.byte	0x58
 450 030d 17        		.byte	0x17
 451 030e 01        		.byte	0x1
 452 030f 10        		.uleb128 0x10
 453 0310 0000 0000 		.long	.LASF66
 454 0314 06        		.byte	0x6
 455 0315 58        		.byte	0x58
 456 0316 34        		.byte	0x34
 457 0317 3500 0000 		.long	0x35
 458 031b 00        		.byte	0
 459 031c 00        		.byte	0
 460               		.section	.gnu.debuglto_.debug_abbrev,"",@progbits
 461               	.Ldebug_abbrev0:
 462 0000 01        		.uleb128 0x1
 463 0001 11        		.uleb128 0x11
 464 0002 01        		.byte	0x1
 465 0003 25        		.uleb128 0x25
 466 0004 0E        		.uleb128 0xe
 467 0005 13        		.uleb128 0x13
 468 0006 0B        		.uleb128 0xb
 469 0007 03        		.uleb128 0x3
 470 0008 0E        		.uleb128 0xe
 471 0009 1B        		.uleb128 0x1b
 472 000a 0E        		.uleb128 0xe
 473 000b 10        		.uleb128 0x10
 474 000c 06        		.uleb128 0x6
 475 000d 00        		.byte	0
 476 000e 00        		.byte	0
 477 000f 02        		.uleb128 0x2
 478 0010 24        		.uleb128 0x24
 479 0011 00        		.byte	0
 480 0012 0B        		.uleb128 0xb
 481 0013 0B        		.uleb128 0xb
 482 0014 3E        		.uleb128 0x3e
 483 0015 0B        		.uleb128 0xb
 484 0016 03        		.uleb128 0x3
 485 0017 0E        		.uleb128 0xe
 486 0018 00        		.byte	0
 487 0019 00        		.byte	0
 488 001a 03        		.uleb128 0x3
 489 001b 16        		.uleb128 0x16
 490 001c 00        		.byte	0
 491 001d 03        		.uleb128 0x3
 492 001e 0E        		.uleb128 0xe
 493 001f 3A        		.uleb128 0x3a
 494 0020 0B        		.uleb128 0xb
 495 0021 3B        		.uleb128 0x3b
 496 0022 0B        		.uleb128 0xb
 497 0023 39        		.uleb128 0x39
 498 0024 0B        		.uleb128 0xb
 499 0025 49        		.uleb128 0x49
 500 0026 13        		.uleb128 0x13
 501 0027 00        		.byte	0
 502 0028 00        		.byte	0
 503 0029 04        		.uleb128 0x4
 504 002a 35        		.uleb128 0x35
 505 002b 00        		.byte	0
 506 002c 49        		.uleb128 0x49
 507 002d 13        		.uleb128 0x13
 508 002e 00        		.byte	0
 509 002f 00        		.byte	0
 510 0030 05        		.uleb128 0x5
 511 0031 26        		.uleb128 0x26
 512 0032 00        		.byte	0
 513 0033 49        		.uleb128 0x49
 514 0034 13        		.uleb128 0x13
 515 0035 00        		.byte	0
 516 0036 00        		.byte	0
 517 0037 06        		.uleb128 0x6
 518 0038 24        		.uleb128 0x24
 519 0039 00        		.byte	0
 520 003a 0B        		.uleb128 0xb
 521 003b 0B        		.uleb128 0xb
 522 003c 3E        		.uleb128 0x3e
 523 003d 0B        		.uleb128 0xb
 524 003e 03        		.uleb128 0x3
 525 003f 08        		.uleb128 0x8
 526 0040 00        		.byte	0
 527 0041 00        		.byte	0
 528 0042 07        		.uleb128 0x7
 529 0043 04        		.uleb128 0x4
 530 0044 01        		.byte	0x1
 531 0045 03        		.uleb128 0x3
 532 0046 0E        		.uleb128 0xe
 533 0047 3E        		.uleb128 0x3e
 534 0048 0B        		.uleb128 0xb
 535 0049 0B        		.uleb128 0xb
 536 004a 0B        		.uleb128 0xb
 537 004b 49        		.uleb128 0x49
 538 004c 13        		.uleb128 0x13
 539 004d 3A        		.uleb128 0x3a
 540 004e 0B        		.uleb128 0xb
 541 004f 3B        		.uleb128 0x3b
 542 0050 0B        		.uleb128 0xb
 543 0051 39        		.uleb128 0x39
 544 0052 0B        		.uleb128 0xb
 545 0053 01        		.uleb128 0x1
 546 0054 13        		.uleb128 0x13
 547 0055 00        		.byte	0
 548 0056 00        		.byte	0
 549 0057 08        		.uleb128 0x8
 550 0058 28        		.uleb128 0x28
 551 0059 00        		.byte	0
 552 005a 03        		.uleb128 0x3
 553 005b 0E        		.uleb128 0xe
 554 005c 1C        		.uleb128 0x1c
 555 005d 0B        		.uleb128 0xb
 556 005e 00        		.byte	0
 557 005f 00        		.byte	0
 558 0060 09        		.uleb128 0x9
 559 0061 13        		.uleb128 0x13
 560 0062 01        		.byte	0x1
 561 0063 0B        		.uleb128 0xb
 562 0064 0B        		.uleb128 0xb
 563 0065 3A        		.uleb128 0x3a
 564 0066 0B        		.uleb128 0xb
 565 0067 3B        		.uleb128 0x3b
 566 0068 0B        		.uleb128 0xb
 567 0069 39        		.uleb128 0x39
 568 006a 0B        		.uleb128 0xb
 569 006b 01        		.uleb128 0x1
 570 006c 13        		.uleb128 0x13
 571 006d 00        		.byte	0
 572 006e 00        		.byte	0
 573 006f 0A        		.uleb128 0xa
 574 0070 0D        		.uleb128 0xd
 575 0071 00        		.byte	0
 576 0072 03        		.uleb128 0x3
 577 0073 0E        		.uleb128 0xe
 578 0074 3A        		.uleb128 0x3a
 579 0075 0B        		.uleb128 0xb
 580 0076 3B        		.uleb128 0x3b
 581 0077 0B        		.uleb128 0xb
 582 0078 39        		.uleb128 0x39
 583 0079 0B        		.uleb128 0xb
 584 007a 49        		.uleb128 0x49
 585 007b 13        		.uleb128 0x13
 586 007c 38        		.uleb128 0x38
 587 007d 0A        		.uleb128 0xa
 588 007e 00        		.byte	0
 589 007f 00        		.byte	0
 590 0080 0B        		.uleb128 0xb
 591 0081 34        		.uleb128 0x34
 592 0082 00        		.byte	0
 593 0083 03        		.uleb128 0x3
 594 0084 0E        		.uleb128 0xe
 595 0085 3A        		.uleb128 0x3a
 596 0086 0B        		.uleb128 0xb
 597 0087 3B        		.uleb128 0x3b
 598 0088 0B        		.uleb128 0xb
 599 0089 39        		.uleb128 0x39
 600 008a 0B        		.uleb128 0xb
 601 008b 49        		.uleb128 0x49
 602 008c 13        		.uleb128 0x13
 603 008d 3F        		.uleb128 0x3f
 604 008e 0C        		.uleb128 0xc
 605 008f 3C        		.uleb128 0x3c
 606 0090 0C        		.uleb128 0xc
 607 0091 00        		.byte	0
 608 0092 00        		.byte	0
 609 0093 0C        		.uleb128 0xc
 610 0094 2E        		.uleb128 0x2e
 611 0095 00        		.byte	0
 612 0096 03        		.uleb128 0x3
 613 0097 0E        		.uleb128 0xe
 614 0098 3A        		.uleb128 0x3a
 615 0099 0B        		.uleb128 0xb
 616 009a 3B        		.uleb128 0x3b
 617 009b 0B        		.uleb128 0xb
 618 009c 39        		.uleb128 0x39
 619 009d 0B        		.uleb128 0xb
 620 009e 27        		.uleb128 0x27
 621 009f 0C        		.uleb128 0xc
 622 00a0 00        		.byte	0
 623 00a1 00        		.byte	0
 624 00a2 0D        		.uleb128 0xd
 625 00a3 2E        		.uleb128 0x2e
 626 00a4 00        		.byte	0
 627 00a5 3F        		.uleb128 0x3f
 628 00a6 0C        		.uleb128 0xc
 629 00a7 03        		.uleb128 0x3
 630 00a8 0E        		.uleb128 0xe
 631 00a9 3A        		.uleb128 0x3a
 632 00aa 0B        		.uleb128 0xb
 633 00ab 3B        		.uleb128 0x3b
 634 00ac 0B        		.uleb128 0xb
 635 00ad 39        		.uleb128 0x39
 636 00ae 0B        		.uleb128 0xb
 637 00af 27        		.uleb128 0x27
 638 00b0 0C        		.uleb128 0xc
 639 00b1 00        		.byte	0
 640 00b2 00        		.byte	0
 641 00b3 0E        		.uleb128 0xe
 642 00b4 2E        		.uleb128 0x2e
 643 00b5 00        		.byte	0
 644 00b6 03        		.uleb128 0x3
 645 00b7 0E        		.uleb128 0xe
 646 00b8 3A        		.uleb128 0x3a
 647 00b9 0B        		.uleb128 0xb
 648 00ba 3B        		.uleb128 0x3b
 649 00bb 05        		.uleb128 0x5
 650 00bc 39        		.uleb128 0x39
 651 00bd 0B        		.uleb128 0xb
 652 00be 27        		.uleb128 0x27
 653 00bf 0C        		.uleb128 0xc
 654 00c0 00        		.byte	0
 655 00c1 00        		.byte	0
 656 00c2 0F        		.uleb128 0xf
 657 00c3 2E        		.uleb128 0x2e
 658 00c4 01        		.byte	0x1
 659 00c5 03        		.uleb128 0x3
 660 00c6 0E        		.uleb128 0xe
 661 00c7 3A        		.uleb128 0x3a
 662 00c8 0B        		.uleb128 0xb
 663 00c9 3B        		.uleb128 0x3b
 664 00ca 0B        		.uleb128 0xb
 665 00cb 39        		.uleb128 0x39
 666 00cc 0B        		.uleb128 0xb
 667 00cd 27        		.uleb128 0x27
 668 00ce 0C        		.uleb128 0xc
 669 00cf 49        		.uleb128 0x49
 670 00d0 13        		.uleb128 0x13
 671 00d1 01        		.uleb128 0x1
 672 00d2 13        		.uleb128 0x13
 673 00d3 00        		.byte	0
 674 00d4 00        		.byte	0
 675 00d5 10        		.uleb128 0x10
 676 00d6 05        		.uleb128 0x5
 677 00d7 00        		.byte	0
 678 00d8 03        		.uleb128 0x3
 679 00d9 0E        		.uleb128 0xe
 680 00da 3A        		.uleb128 0x3a
 681 00db 0B        		.uleb128 0xb
 682 00dc 3B        		.uleb128 0x3b
 683 00dd 0B        		.uleb128 0xb
 684 00de 39        		.uleb128 0x39
 685 00df 0B        		.uleb128 0xb
 686 00e0 49        		.uleb128 0x49
 687 00e1 13        		.uleb128 0x13
 688 00e2 00        		.byte	0
 689 00e3 00        		.byte	0
 690 00e4 11        		.uleb128 0x11
 691 00e5 34        		.uleb128 0x34
 692 00e6 00        		.byte	0
 693 00e7 03        		.uleb128 0x3
 694 00e8 0E        		.uleb128 0xe
 695 00e9 3A        		.uleb128 0x3a
 696 00ea 0B        		.uleb128 0xb
 697 00eb 3B        		.uleb128 0x3b
 698 00ec 0B        		.uleb128 0xb
 699 00ed 39        		.uleb128 0x39
 700 00ee 0B        		.uleb128 0xb
 701 00ef 49        		.uleb128 0x49
 702 00f0 13        		.uleb128 0x13
 703 00f1 00        		.byte	0
 704 00f2 00        		.byte	0
 705 00f3 12        		.uleb128 0x12
 706 00f4 2E        		.uleb128 0x2e
 707 00f5 01        		.byte	0x1
 708 00f6 03        		.uleb128 0x3
 709 00f7 0E        		.uleb128 0xe
 710 00f8 3A        		.uleb128 0x3a
 711 00f9 0B        		.uleb128 0xb
 712 00fa 3B        		.uleb128 0x3b
 713 00fb 0B        		.uleb128 0xb
 714 00fc 39        		.uleb128 0x39
 715 00fd 0B        		.uleb128 0xb
 716 00fe 27        		.uleb128 0x27
 717 00ff 0C        		.uleb128 0xc
 718 0100 01        		.uleb128 0x1
 719 0101 13        		.uleb128 0x13
 720 0102 00        		.byte	0
 721 0103 00        		.byte	0
 722 0104 13        		.uleb128 0x13
 723 0105 2E        		.uleb128 0x2e
 724 0106 01        		.byte	0x1
 725 0107 03        		.uleb128 0x3
 726 0108 0E        		.uleb128 0xe
 727 0109 3A        		.uleb128 0x3a
 728 010a 0B        		.uleb128 0xb
 729 010b 3B        		.uleb128 0x3b
 730 010c 0B        		.uleb128 0xb
 731 010d 39        		.uleb128 0x39
 732 010e 0B        		.uleb128 0xb
 733 010f 27        		.uleb128 0x27
 734 0110 0C        		.uleb128 0xc
 735 0111 00        		.byte	0
 736 0112 00        		.byte	0
 737 0113 00        		.byte	0
 738               		.section	.gnu.debuglto_.debug_line,"",@progbits
 739               	.Ldebug_line0:
 740 0000 0A02 0000 		.long	.LELT0-.LSLT0
 741               	.LSLT0:
 742 0004 0200      		.word	0x2
 743 0006 0402 0000 		.long	.LELTP0-.LASLTP0
 744               	.LASLTP0:
 745 000a 01        		.byte	0x1
 746 000b 01        		.byte	0x1
 747 000c F6        		.byte	0xf6
 748 000d F2        		.byte	0xf2
 749 000e 0D        		.byte	0xd
 750 000f 00        		.byte	0
 751 0010 01        		.byte	0x1
 752 0011 01        		.byte	0x1
 753 0012 01        		.byte	0x1
 754 0013 01        		.byte	0x1
 755 0014 00        		.byte	0
 756 0015 00        		.byte	0
 757 0016 00        		.byte	0
 758 0017 01        		.byte	0x1
 759 0018 00        		.byte	0
 760 0019 00        		.byte	0
 761 001a 01        		.byte	0x1
 762 001b 653A 5C67 		.ascii	"e:\\game\\msys2\\mingw64\\avr\\include"
 762      616D 655C 
 762      6D73 7973 
 762      325C 6D69 
 762      6E67 7736 
 763 003c 00        		.byte	0
 764 003d 6C69 622F 		.ascii	"lib/lufa/LUFA/Drivers/USB/Core/AVR8"
 764      6C75 6661 
 764      2F4C 5546 
 764      412F 4472 
 764      6976 6572 
 765 0060 00        		.byte	0
 766 0061 6C69 622F 		.ascii	"lib/lufa/LUFA/Drivers/USB/Core/AVR8/.."
 766      6C75 6661 
 766      2F4C 5546 
 766      412F 4472 
 766      6976 6572 
 767 0087 00        		.byte	0
 768 0088 6C69 622F 		.ascii	"lib/lufa/LUFA/Drivers/USB/Core/AVR8/../AVR8"
 768      6C75 6661 
 768      2F4C 5546 
 768      412F 4472 
 768      6976 6572 
 769 00b3 00        		.byte	0
 770 00b4 6C69 622F 		.ascii	"lib/lufa/LUFA/Drivers/USB/Core/AVR8/../AVR8/.."
 770      6C75 6661 
 770      2F4C 5546 
 770      412F 4472 
 770      6976 6572 
 771 00e2 00        		.byte	0
 772 00e3 6C69 622F 		.ascii	"lib/lufa/LUFA/Drivers/USB/Core/AVR8/../AVR8/../AVR8"
 772      6C75 6661 
 772      2F4C 5546 
 772      412F 4472 
 772      6976 6572 
 773 0116 00        		.byte	0
 774 0117 00        		.byte	0
 775 0118 7374 6469 		.string	"stdint.h"
 775      6E74 2E68 
 775      00
 776 0121 01        		.uleb128 0x1
 777 0122 00        		.uleb128 0
 778 0123 00        		.uleb128 0
 779 0124 2E2E 2F53 		.string	"../StdRequestType.h"
 779      7464 5265 
 779      7175 6573 
 779      7454 7970 
 779      652E 6800 
 780 0138 04        		.uleb128 0x4
 781 0139 00        		.uleb128 0
 782 013a 00        		.uleb128 0
 783 013b 2E2E 2F44 		.string	"../DeviceStandardReq.h"
 783      6576 6963 
 783      6553 7461 
 783      6E64 6172 
 783      6452 6571 
 784 0152 04        		.uleb128 0x4
 785 0153 00        		.uleb128 0
 786 0154 00        		.uleb128 0
 787 0155 2E2E 2F55 		.string	"../USBTask.h"
 787      5342 5461 
 787      736B 2E68 
 787      00
 788 0162 04        		.uleb128 0x4
 789 0163 00        		.uleb128 0
 790 0164 00        		.uleb128 0
 791 0165 2E2E 2F55 		.string	"../USBController.h"
 791      5342 436F 
 791      6E74 726F 
 791      6C6C 6572 
 791      2E68 00
 792 0178 02        		.uleb128 0x2
 793 0179 00        		.uleb128 0
 794 017a 00        		.uleb128 0
 795 017b 2E2E 2F41 		.string	"../AVR8/USBInterrupt_AVR8.h"
 795      5652 382F 
 795      5553 4249 
 795      6E74 6572 
 795      7275 7074 
 796 0197 04        		.uleb128 0x4
 797 0198 00        		.uleb128 0
 798 0199 00        		.uleb128 0
 799 019a 2E2E 2F44 		.string	"../Device.h"
 799      6576 6963 
 799      652E 6800 
 800 01a6 04        		.uleb128 0x4
 801 01a7 00        		.uleb128 0
 802 01a8 00        		.uleb128 0
 803 01a9 5553 4243 		.string	"USBController_AVR8.c"
 803      6F6E 7472 
 803      6F6C 6C65 
 803      725F 4156 
 803      5238 2E63 
 804 01be 02        		.uleb128 0x2
 805 01bf 00        		.uleb128 0
 806 01c0 00        		.uleb128 0
 807 01c1 5553 4243 		.string	"USBController_AVR8.h"
 807      6F6E 7472 
 807      6F6C 6C65 
 807      725F 4156 
 807      5238 2E68 
 808 01d6 04        		.uleb128 0x4
 809 01d7 00        		.uleb128 0
 810 01d8 00        		.uleb128 0
 811 01d9 2E2E 2F41 		.string	"../AVR8/Device_AVR8.h"
 811      5652 382F 
 811      4465 7669 
 811      6365 5F41 
 811      5652 382E 
 812 01ef 04        		.uleb128 0x4
 813 01f0 00        		.uleb128 0
 814 01f1 00        		.uleb128 0
 815 01f2 2E2E 2F41 		.string	"../AVR8/Endpoint_AVR8.h"
 815      5652 382F 
 815      456E 6470 
 815      6F69 6E74 
 815      5F41 5652 
 816 020a 04        		.uleb128 0x4
 817 020b 00        		.uleb128 0
 818 020c 00        		.uleb128 0
 819 020d 00        		.byte	0
 820               	.LELTP0:
 821               	.LELT0:
 822               		.section	.gnu.debuglto_.debug_str,"MS",@progbits,1
 823               	.LASF16:
 824 0000 7749 6E64 		.string	"wIndex"
 824      6578 00
 825               	.LASF10:
 826 0007 5553 425F 		.string	"USB_MODE_Device"
 826      4D4F 4445 
 826      5F44 6576 
 826      6963 6500 
 827               	.LASF12:
 828 0017 5553 425F 		.string	"USB_MODE_UID"
 828      4D4F 4445 
 828      5F55 4944 
 828      00
 829               	.LASF48:
 830 0024 5553 425F 		.string	"USB_OTGPAD_Off"
 830      4F54 4750 
 830      4144 5F4F 
 830      6666 00
 831               	.LASF53:
 832 0033 5553 425F 		.string	"USB_Attach"
 832      4174 7461 
 832      6368 00
 833               	.LASF8:
 834 003e 6C6F 6E67 		.string	"long long unsigned int"
 834      206C 6F6E 
 834      6720 756E 
 834      7369 676E 
 834      6564 2069 
 835               	.LASF67:
 836 0055 474E 5520 		.string	"GNU C99 8.4.0 -mn-flash=1 -mno-skip-bug -mmcu=avr5 -gdwarf-2 -Os -std=gnu99 -funsigned-ch
 836      4339 3920 
 836      382E 342E 
 836      3020 2D6D 
 836      6E2D 666C 
 837               	.LASF35:
 838 0146 4445 5649 		.string	"DEVICE_STATE_Unattached"
 838      4345 5F53 
 838      5441 5445 
 838      5F55 6E61 
 838      7474 6163 
 839               	.LASF37:
 840 015e 4445 5649 		.string	"DEVICE_STATE_Default"
 840      4345 5F53 
 840      5441 5445 
 840      5F44 6566 
 840      6175 6C74 
 841               	.LASF50:
 842 0173 5553 425F 		.string	"USB_REG_Off"
 842      5245 475F 
 842      4F66 6600 
 843               	.LASF7:
 844 017f 6C6F 6E67 		.string	"long long int"
 844      206C 6F6E 
 844      6720 696E 
 844      7400 
 845               	.LASF0:
 846 018d 7369 676E 		.string	"signed char"
 846      6564 2063 
 846      6861 7200 
 847               	.LASF62:
 848 0199 4279 7465 		.string	"Bytes"
 848      7300 
 849               	.LASF61:
 850 019f 456E 6470 		.string	"Endpoint_BytesToEPSizeMask"
 850      6F69 6E74 
 850      5F42 7974 
 850      6573 546F 
 850      4550 5369 
 851               	.LASF5:
 852 01ba 6C6F 6E67 		.string	"long int"
 852      2069 6E74 
 852      00
 853               	.LASF9:
 854 01c3 5553 425F 		.string	"USB_MODE_None"
 854      4D4F 4445 
 854      5F4E 6F6E 
 854      6500 
 855               	.LASF18:
 856 01d1 5553 425F 		.string	"USB_Request_Header_t"
 856      5265 7175 
 856      6573 745F 
 856      4865 6164 
 856      6572 5F74 
 857               	.LASF15:
 858 01e6 7756 616C 		.string	"wValue"
 858      7565 00
 859               	.LASF3:
 860 01ed 7569 6E74 		.string	"uint16_t"
 860      3136 5F74 
 860      00
 861               	.LASF34:
 862 01f6 5553 425F 		.string	"USB_Device_States_t"
 862      4465 7669 
 862      6365 5F53 
 862      7461 7465 
 862      735F 7400 
 863               	.LASF44:
 864 020a 5553 425F 		.string	"USB_Init_Device"
 864      496E 6974 
 864      5F44 6576 
 864      6963 6500 
 865               	.LASF57:
 866 021a 5479 7065 		.string	"Type"
 866      00
 867               	.LASF13:
 868 021f 626D 5265 		.string	"bmRequestType"
 868      7175 6573 
 868      7454 7970 
 868      6500 
 869               	.LASF54:
 870 022d 5553 425F 		.string	"USB_Detach"
 870      4465 7461 
 870      6368 00
 871               	.LASF49:
 872 0238 5553 425F 		.string	"USB_OTGPAD_On"
 872      4F54 4750 
 872      4144 5F4F 
 872      6E00 
 873               	.LASF65:
 874 0246 4368 6563 		.string	"CheckBytes"
 874      6B42 7974 
 874      6573 00
 875               	.LASF4:
 876 0251 756E 7369 		.string	"unsigned int"
 876      676E 6564 
 876      2069 6E74 
 876      00
 877               	.LASF25:
 878 025e 5553 425F 		.string	"USB_DeviceState"
 878      4465 7669 
 878      6365 5374 
 878      6174 6500 
 879               	.LASF64:
 880 026e 4D61 736B 		.string	"MaskVal"
 880      5661 6C00 
 881               	.LASF6:
 882 0276 6C6F 6E67 		.string	"long unsigned int"
 882      2075 6E73 
 882      6967 6E65 
 882      6420 696E 
 882      7400 
 883               	.LASF46:
 884 0288 5553 425F 		.string	"USB_Controller_Disable"
 884      436F 6E74 
 884      726F 6C6C 
 884      6572 5F44 
 884      6973 6162 
 885               	.LASF28:
 886 029f 5553 425F 		.string	"USB_INT_VBUSTI"
 886      494E 545F 
 886      5642 5553 
 886      5449 00
 887               	.LASF19:
 888 02ae 5553 425F 		.string	"USB_Device_ConfigurationNumber"
 888      4465 7669 
 888      6365 5F43 
 888      6F6E 6669 
 888      6775 7261 
 889               	.LASF39:
 890 02cd 4445 5649 		.string	"DEVICE_STATE_Configured"
 890      4345 5F53 
 890      5441 5445 
 890      5F43 6F6E 
 890      6669 6775 
 891               	.LASF22:
 892 02e5 5553 425F 		.string	"USB_Device_CurrentlySelfPowered"
 892      4465 7669 
 892      6365 5F43 
 892      7572 7265 
 892      6E74 6C79 
 893               	.LASF60:
 894 0305 456E 6470 		.string	"Endpoint_ConfigureEndpoint"
 894      6F69 6E74 
 894      5F43 6F6E 
 894      6669 6775 
 894      7265 456E 
 895               	.LASF42:
 896 0320 5553 425F 		.string	"USB_Disable"
 896      4469 7361 
 896      626C 6500 
 897               	.LASF40:
 898 032c 4445 5649 		.string	"DEVICE_STATE_Suspended"
 898      4345 5F53 
 898      5441 5445 
 898      5F53 7573 
 898      7065 6E64 
 899               	.LASF71:
 900 0343 5553 425F 		.string	"USB_INT_Enable"
 900      494E 545F 
 900      456E 6162 
 900      6C65 00
 901               	.LASF24:
 902 0352 5553 425F 		.string	"USB_ControlRequest"
 902      436F 6E74 
 902      726F 6C52 
 902      6571 7565 
 902      7374 00
 903               	.LASF66:
 904 0365 496E 7465 		.string	"Interrupt"
 904      7272 7570 
 904      7400 
 905               	.LASF63:
 906 036f 4E75 6D62 		.string	"Number"
 906      6572 00
 907               	.LASF43:
 908 0376 5553 425F 		.string	"USB_Init"
 908      496E 6974 
 908      00
 909               	.LASF41:
 910 037f 5553 425F 		.string	"USB_ResetInterface"
 910      5265 7365 
 910      7449 6E74 
 910      6572 6661 
 910      6365 00
 911               	.LASF45:
 912 0392 5553 425F 		.string	"USB_Controller_Reset"
 912      436F 6E74 
 912      726F 6C6C 
 912      6572 5F52 
 912      6573 6574 
 913               	.LASF32:
 914 03a7 5553 425F 		.string	"USB_INT_SOFI"
 914      494E 545F 
 914      534F 4649 
 914      00
 915               	.LASF38:
 916 03b4 4445 5649 		.string	"DEVICE_STATE_Addressed"
 916      4345 5F53 
 916      5441 5445 
 916      5F41 6464 
 916      7265 7373 
 917               	.LASF36:
 918 03cb 4445 5649 		.string	"DEVICE_STATE_Powered"
 918      4345 5F53 
 918      5441 5445 
 918      5F50 6F77 
 918      6572 6564 
 919               	.LASF58:
 920 03e0 5369 7A65 		.string	"Size"
 920      00
 921               	.LASF21:
 922 03e5 5F42 6F6F 		.string	"_Bool"
 922      6C00 
 923               	.LASF1:
 924 03eb 756E 7369 		.string	"unsigned char"
 924      676E 6564 
 924      2063 6861 
 924      7200 
 925               	.LASF59:
 926 03f9 4261 6E6B 		.string	"Banks"
 926      7300 
 927               	.LASF29:
 928 03ff 5553 425F 		.string	"USB_INT_WAKEUPI"
 928      494E 545F 
 928      5741 4B45 
 928      5550 4900 
 929               	.LASF27:
 930 040f 5553 425F 		.string	"USB_Interrupts_t"
 930      496E 7465 
 930      7272 7570 
 930      7473 5F74 
 930      00
 931               	.LASF55:
 932 0420 5553 425F 		.string	"USB_Device_SetFullSpeed"
 932      4465 7669 
 932      6365 5F53 
 932      6574 4675 
 932      6C6C 5370 
 933               	.LASF14:
 934 0438 6252 6571 		.string	"bRequest"
 934      7565 7374 
 934      00
 935               	.LASF11:
 936 0441 5553 425F 		.string	"USB_MODE_Host"
 936      4D4F 4445 
 936      5F48 6F73 
 936      7400 
 937               	.LASF52:
 938 044f 5553 425F 		.string	"USB_PLL_Off"
 938      504C 4C5F 
 938      4F66 6600 
 939               	.LASF33:
 940 045b 5553 425F 		.string	"USB_INT_RXSTPI"
 940      494E 545F 
 940      5258 5354 
 940      5049 00
 941               	.LASF51:
 942 046a 5553 425F 		.string	"USB_REG_On"
 942      5245 475F 
 942      4F6E 00
 943               	.LASF26:
 944 0475 5553 425F 		.string	"USB_Modes_t"
 944      4D6F 6465 
 944      735F 7400 
 945               	.LASF70:
 946 0481 5553 425F 		.string	"USB_INT_Clear"
 946      494E 545F 
 946      436C 6561 
 946      7200 
 947               	.LASF47:
 948 048f 5553 425F 		.string	"USB_CLK_Unfreeze"
 948      434C 4B5F 
 948      556E 6672 
 948      6565 7A65 
 948      00
 949               	.LASF31:
 950 04a0 5553 425F 		.string	"USB_INT_EORSTI"
 950      494E 545F 
 950      454F 5253 
 950      5449 00
 951               	.LASF69:
 952 04af 443A 5C44 		.string	"D:\\Download\\qmk_firmware\\vial-qmk"
 952      6F77 6E6C 
 952      6F61 645C 
 952      716D 6B5F 
 952      6669 726D 
 953               	.LASF23:
 954 04d1 5553 425F 		.string	"USB_IsInitialized"
 954      4973 496E 
 954      6974 6961 
 954      6C69 7A65 
 954      6400 
 955               	.LASF20:
 956 04e3 5553 425F 		.string	"USB_Device_RemoteWakeupEnabled"
 956      4465 7669 
 956      6365 5F52 
 956      656D 6F74 
 956      6557 616B 
 957               	.LASF2:
 958 0502 7569 6E74 		.string	"uint8_t"
 958      385F 7400 
 959               	.LASF17:
 960 050a 774C 656E 		.string	"wLength"
 960      6774 6800 
 961               	.LASF30:
 962 0512 5553 425F 		.string	"USB_INT_SUSPI"
 962      494E 545F 
 962      5355 5350 
 962      4900 
 963               	.LASF68:
 964 0520 6C69 622F 		.string	"lib/lufa/LUFA/Drivers/USB/Core/AVR8/USBController_AVR8.c"
 964      6C75 6661 
 964      2F4C 5546 
 964      412F 4472 
 964      6976 6572 
 965               	.LASF56:
 966 0559 4164 6472 		.string	"Address"
 966      6573 7300 
 967               		.text
 968               		.section	.gnu.lto_.profile.a2ffcaec,"",@progbits
 969 0000 789C 6367 		.string	"x\234cg`f`d"
 969      6066 6064 
 969      00
 970 0009 0200      		.string	"\002"
 971 000b 00        		.string	""
 972 000c 6200      		.string	"b"
 973 000e 0C        		.ascii	"\f"
 974               		.text
 975               		.section	.gnu.lto_.icf.a2ffcaec,"",@progbits
 976 0000 789C 6367 		.string	"x\234cg`f\220b@"
 976      6066 9062 
 976      4000 
 977 000a 1686 19CF 		.string	"\026\206\031\317\177-ba=\264n\301qf\366mO?<\346\341x\3204\241\237\235\001"
 977      7F2D 6261 
 977      3DB4 6EC1 
 977      7166 F66D 
 977      4F3F 3CE6 
 978 0027 ABF9 0C38 		.ascii	"\253\371\f8"
 979               		.text
 980               		.section	.gnu.lto_.jmpfuncs.a2ffcaec,"",@progbits
 981 0000 789C 6367 		.string	"x\234cg`f(b@"
 981      6066 2862 
 981      4000 
 982 000a 1620 6663 		.string	"\026 fc\234\310\314\330\330?a-\177\007\363Lf\006F\006\306\335\2142\f\214\007\030\031\031@
 982      9CC8 CCD8 
 982      D83F 612D 
 982      7F07 F34C 
 982      6606 4606 
 983 0053 853C 1524 		.ascii	"\205<\025$"
 984               		.text
 985               		.section	.gnu.lto_.inline.a2ffcaec,"",@progbits
 986 0000 789C 6367 		.string	"x\234cg`f\330\315\200"
 986      6066 D8CD 
 986      8000 
 987 000a 2C0C 0CB2 		.string	",\f\f\262\r\r\r\027X\322\031\031\230t\200\254\003\254i\f\fl@F\003K2\023\003\023X\r/\220`\
 987      0D0D 0D17 
 987      58D2 1919 
 987      9874 80AC 
 987      03AC 690C 
 988 005a AC16 8726 		.string	"\254\026\207&\006"
 988      0600 
 989 0060 61EB 207D 		.ascii	"a\353 }"
 990               		.text
 991               		.section	.gnu.lto_.pureconst.a2ffcaec,"",@progbits
 992 0000 789C 6367 		.string	"x\234cg`f\340e```a\230\305\302:\213\205}\026\013\307,\026"
 992      6066 E065 
 992      6060 6061 
 992      98C5 C23A 
 992      8B85 7D16 
 993 0019 125D 02A8 		.ascii	"\022]\002\250"
 994               		.text
 995               		.section	.gnu.lto_USB_Init_Device.a2ffcaec,"",@progbits
 996 0000 789C A557 		.string	"x\234\245WkPTG\026\356s{\336\003\222T\345\307n\212\250UI\031+\265%I\245*\225\374\0235\331
 996      6B50 5447 
 996      16EE 737B 
 996      DE03 9254 
 996      E5C7 6E8A 
 997 0087 EAD9 7417 		.ascii	"\352\331t\027\260\265\032\254\325\326\256\343\2339\214\336\255"
 997      B0B5 1AAC 
 997      D5D6 AEE3 
 997      9B39 8CDE 
 997      AD
 998 0098 EE4B 7C6A 		.ascii	"\356K|j\017N\351\r\225\367\275A\375\234\316\2538ce\370O\376\340"
 998      0F4E E90D 
 998      95F7 BD41 
 998      FD9C CEAB 
 998      3863 65F8 
 999 00af 083C C518 		.ascii	"\b<\305\030.\275\262?\364A\242\303\246\246\340(8\030\306a\265"
 999      2EBD B23F 
 999      F441 A2C3 
 999      A6A6 E028 
 999      3818 C661 
 1000 00c4 6DF6 063D 		.ascii	"m\366\006=4U\2447\204R\37690\347\217\016V\305\301I\215\213\032"
 1000      3455 A437 
 1000      8452 FE39 
 1000      30E7 8F0E 
 1000      56C5 C149 
 1001 00db 3735 1E6A 		.ascii	"75\036j\274\324$P\223H\315,j\222\250y\210\232\207\251a\254\200"
 1001      BCD4 2450 
 1001      9348 CD2C 
 1001      6A92 A879 
 1001      889A 87A9 
 1002 00f2 B35C C462 		.ascii	"\263\\\304b\003\275\201\025r-G\364\363\032X/\350;vn\323D\324"
 1002      03BD 8115 
 1002      722D 47F4 
 1002      F31A 582F 
 1002      E83B 766E 
 1003 0109 6B70 72B4 		.ascii	"kpr\264\371e\352\"\252\234@\351\277\223\212\021\263\006\0042"
 1003      F965 EA22 
 1003      AA9C 40E9 
 1003      BF93 8A11 
 1003      B306 0432 
 1004 011d B8E7 F494 		.ascii	"\270\347\364\224;\037rs\\\370%HH\ty\373\245u\360\t\354\314\321"
 1004      3B1F 7273 
 1004      5CF8 2548 
 1004      4809 79FB 
 1004      A575 F009 
 1005 0134 A18A 73A8 		.ascii	"\241\212s\250\207|\200c\220\214\2338\216\237#\235 \004h\300\031"
 1005      877C 8063 
 1005      908C 9B38 
 1005      8E9F 239D 
 1005      2004 68C0 
 1006 0149 0AB7 DB0C 		.ascii	"\n\267\333\f\227;M8[L8[\2206\200\037\357\177zp\233\007\303a0"
 1006      973B 4D38 
 1006      5B4C 385B 
 1006      9036 801F 
 1006      EF7F 7A70 
 1007 0162 3B9C A460 		.ascii	";\234\244`'D\260/\243\202\3311\330W*\330\201\270\301\0341\301"
 1007      2744 B02F 
 1007      A382 D931 
 1007      D857 2AD8 
 1007      81B8 C11C 
 1008 0178 1C41 AE45 		.ascii	"\034A\256E\007sB#\005;%\2025E\005sb\260f\025\254g\272`Q\336y"
 1008      0773 4223 
 1008      053B 2582 
 1008      3545 0573 
 1008      62B0 6615 
 1009 0193 ACF7 96B0 		.ascii	"\254\367\226\260\367\257\321\273\351nh\273tG\375\273\333mF\377"
 1009      F7AF D1BB 
 1009      E96E 68BB 
 1009      7447 FDBB 
 1009      DB6D 46FF 
 1010 01a7 7133 67F2 		.ascii	"q3g\362)\275\026\212\224)#\216\340\033\271\342\312\355\262\261"
 1010      29BD 168A 
 1010      9429 238E 
 1010      E01B B9E2 
 1010      CAED B2B1 
 1011 01bb 4722      		.ascii	"G\""
 1012 01bd 328B BEC3 		.string	"2\213\276\303i\234c\242E\235+6\324q\352W\362\207p\335\321\222\311C\016\251u7m\356\301\310
 1012      699C 63A2 
 1012      459D 2B36 
 1012      D471 EA57 
 1012      F287 70DD 
 1013 02be FC7D 1F96 		.ascii	"\374}\037\226\241]\3209\243\273\037\204\fI\002\334\224\002\207"
 1013      A15D D039 
 1013      A3BB 1F84 
 1013      0C49 02DC 
 1013      9402 87
 1014 02d1 3274 2B49 		.ascii	"2t+I\304N\305\344\3369\321\022\035m(;\357\341?\203\320\350\263"
 1014      C44E C5E4 
 1014      DE39 D112 
 1014      1D6D 283B 
 1014      EFE1 3F83 
 1015 02e8 FF6E B9E6 		.ascii	"\377n\271\34624:>\267\256\2640W\177\233x\274Dts\203\356\037\225"
 1015      3234 3A3E 
 1015      B7AE B430 
 1015      577F 9B78 
 1015      BC44 7473 
 1016 0300 46E3 3632 		.ascii	"F\34362\372\344\303\037z\\\323it\311\242\321\217J\243N\230\247"
 1016      FAE4 C31F 
 1016      7A5C D369 
 1016      74C9 A2D1 
 1016      8F4A A34E 
 1017 0316 44C9 ADD9 		.ascii	"D\311\255\331\367\221\246`\324T\fV\272x\275\274\253Zk\232\222"
 1017      F791 A660 
 1017      D454 0C56 
 1017      BA78 BDBC 
 1017      AB5A 6B9A 
 1018 032b 4D14 4F84 		.ascii	"M\024O\204Q\\\266\240\350R(\n\354d3:\276\273\305>\035\212\313"
 1018      515C B6A0 
 1018      E852 280A 
 1018      EC64 333A 
 1018      BEBB C53E 
 1019 0342 1614 5D0A 		.ascii	"\026\024]\nE\367\264(Z:\252w\211\314q\003\245@[G\377\035\027"
 1019      45F7 B428 
 1019      5A3A AA77 
 1019      89CC 7103 
 1019      A540 5B47 
 1020 0359 0D3D 4087 		.ascii	"\r=@\207\244\377T]\310\313\277\224\030\277\316o>\3550A\316\257"
 1020      A4FF 545D 
 1020      C8CB BF94 
 1020      18BF CE6F 
 1020      3EED 3041 
 1021 036f DBD2 2840 		.ascii	"\333\322(@z\241G\202\274\202\342\374\204\001\240\227`z\333`\263"
 1021      7AA1 4782 
 1021      BC82 E2FC 
 1021      8401 A097 
 1021      607A DB60 
 1022 0384 8019 3C38 		.ascii	"\200\031<81\356\216\200\271^\302Tf\314b&\200\366\211\224n\276"
 1022      31EE 8E80 
 1022      B95E C254 
 1022      66CC 6226 
 1022      80F6 8994 
 1023 039a 5D58 EA25 		.ascii	"]X\352%$^p\301\325\030\334\201\246\241\023v\336,\221\225\235"
 1023      245E 70C1 
 1023      D518 DC81 
 1023      A6A1 1376 
 1023      DE2C 9195 
 1024 03af 6B2B B09B 		.ascii	"k+\260\233\310\376\024\246\257\337B\3375E_P\340*\037\356\351"
 1024      C8FE 14A6 
 1024      AFDF 42DF 
 1024      3545 5F50 
 1024      E02A 1FEE 
 1025 03c4 714E 475F 		.ascii	"qNG_\277\205\276k\n\325\200@u\243q,]\2363\200Au\316\020T\364"
 1025      BF85 BE6B 
 1025      0AD5 8040 
 1025      75A3 712C 
 1025      5D9E 3380 
 1026 03de 39C3 C5B4 		.ascii	"9\303\305\264\r\301y\247y\346\360\036\205!\343\314}t\370,\231"
 1026      0DC1 79A7 
 1026      79E6 F01E 
 1026      8521 E3CC 
 1026      7D74 F82C 
 1027 03f3 154E 7E7E 		.ascii	"\025N~~\310\313\317\312}\034\252\333\337\355EH:B\272\236\252"
 1027      C8CB CFCA 
 1027      7D1C AADB 
 1027      DFED 4548 
 1027      3A42 BA9E 
 1028 0408 97E8 1A55 		.ascii	"\227\350\032U\206\353\226M\334\240\304n\203\275\366h\203\271"
 1028      86EB 964D 
 1028      DCA0 C46E 
 1028      83BD F668 
 1028      83B9 
 1029 041a 5B75 9BB9 		.ascii	"[u\233\271\234Y\226G\326l\270Ix\020\006\f\213\023>l\034\016\354"
 1029      9C59 9647 
 1029      D66C B849 
 1029      7810 060C 
 1029      8B13 3E6C 
 1030 0431 D09C 717D 		.ascii	"\320\234q}\354\230\332fW\223x\210\036S]\215<\025\345\367\325"
 1030      EC98 DA66 
 1030      5793 7888 
 1030      1E53 5D8D 
 1030      3C15 E5F7 
 1031 0446 79F8 0589 		.ascii	"y\370\005\2119\257\277`\320\255\270\017U\377a+\312+"
 1031      39AF BF60 
 1031      D0AD B80F 
 1031      55FF 612B 
 1031      CA2B 
 1032 0458 441B 2118 		.string	"D\033!\030\266\260\272?\253\244h\022\300K{[\377\345Q\3447\326\315n\323u\201^\2311\213\231
 1032      B6B0 BA3F 
 1032      ABA4 6812 
 1032      C04B 7B5B 
 1032      FFE5 51E4 
 1033 0559 FB6F 28D2 		.string	"\373o(\322\017T\362\206\204\\\005\267\276\337=K^\036\034\246T.\177\021{y\204\314\013\203\
 1033      0F54 F286 
 1033      845C 05B7 
 1033      BEDF 3D4B 
 1033      5E1E 1CA6 
 1034 05be F235 B34A 		.ascii	"\3625\263J\343\242x\376\n4\252\322\21121\025:\241\365\r\251u"
 1034      E3A2 78FE 
 1034      0A34 AAD2 
 1034      8932 3115 
 1034      3AA1 F50D 
 1035 05d4 C8D0 A52E 		.ascii	"\310\320\245.F\227H\212\357\324>zB\335\0203\275\203\n\265y&\247"
 1035      4697 488A 
 1035      EFD4 3E7A 
 1035      42DD 1033 
 1035      BD83 0AB5 
 1036 05eb 4762 39C5 		.ascii	"Gb9\305\351\210\207O\2216\303\303\007'\240XpZ\2548\035\336\344"
 1036      E988 874F 
 1036      9136 C3C3 
 1036      0727 A058 
 1036      705A AC38 
 1037 0602 147D 83D3 		.ascii	"\024}\203\323bb\305\2036\333:G>wJN\257\020\247g\316\234\274\030"
 1037      6262 C583 
 1037      36DB 3A47 
 1037      3E77 4A4E 
 1037      AF10 A767 
 1038 061a F152 5967 		.ascii	"\361RYgr\260^\013?|\204\265\027\035D\276t\212\005\2073\332o\020"
 1038      72B0 5E0B 
 1038      3F7C 84B5 
 1038      171D 44BE 
 1038      748A 0587 
 1039 0632 1C7A 059A 		.ascii	"\034z\005\232\333\n\215\340\360\246\344\220\266&&\217\375\277"
 1039      DB0A 8DE0 
 1039      F0A6 E490 
 1039      B626 268F 
 1039      FDBF 
 1040 0644 1C96 6894 		.ascii	"\034\226h\224\246\275\025\3721\365\226\264\301FMRz<\226\322\022"
 1040      A6BD 15FA 
 1040      31F5 96B4 
 1040      C146 4D52 
 1040      7A3C 96D2 
 1041 0659 0BA5 9B66 		.ascii	"\013\245\233f\242\024'  (\r(J'q\023\201\bJ\003D\212+\036\005"
 1041      A214 2720 
 1041      2028 0D28 
 1041      4A27 7113 
 1041      8108 4A03 
 1042 0672 A511 148A 		.ascii	"\245\021\024\212\325niPS\277\261\202\313\253\304\005\233\303"
 1042      D56E 6950 
 1042      53BF B182 
 1042      CBAB C405 
 1042      9BC3 
 1043 0684 5919 88CF 		.ascii	"Y\031\210\317\350\026\301\250[V9\005F0:,\031-1\030\355\233\363"
 1043      E816 C1A8 
 1043      5B56 3905 
 1043      4630 3A2C 
 1043      192D 3118 
 1044 069b 0B7F C038 		.ascii	"\013\177\3008\321[\231\332\371\344\177\016Y\017(N@\271\330y\271"
 1044      D15B 99DA 
 1044      F9E4 7F0E 
 1044      590F 284E 
 1044      40B9 D879 
 1045 06b0 B1DB 164E 		.ascii	"\261\333\026N\375J\036\367/\214\017\"\016\241X\355D\203\310C"
 1045      FD4A 1EF7 
 1045      2F8C 0F22 
 1045      0EA1 58ED 
 1045      4483 C843 
 1046 06c4 57AE C5B5 		.ascii	"W\256\305\265\257\020\333s\262\353\264\245\211'\305\026\350W"
 1046      AF10 DB73 
 1046      B2EB B4A5 
 1046      8927 C516 
 1046      E857 
 1047 06d6 8037 82F8 		.ascii	"\2007\202\370\033\032\365z!3#=%s\315?\322R^y\343\245\324\224"
 1047      1B1A F57A 
 1047      2133 233D 
 1047      2573 CD3F 
 1047      D252 5E79 
 1048 06ee 25FE 8C77 		.ascii	"%\376\214w}\376\354\2247^[\224\262x\245\337\227\222\372\346\253"
 1048      7DFE EC94 
 1048      375E 5B94 
 1048      B278 A5DF 
 1048      9792 FAE6 
 1049 0703 CFD3 68F1 		.ascii	"\317\323h\361\312\254\325\376\225\231\231>\377[\364i\301R\266"
 1049      CAAC D5FE 
 1049      9599 993E 
 1049      FF5B F469 
 1049      C152 B6
 1050 0716 E8D7 582E 		.ascii	"\350\327X.X`\375\177\211\357\335\214\245>\351b9s\3775k\265\317"
 1050      5860 FD7F 
 1050      89EF DD8C 
 1050      A53E E962 
 1050      3973 FF35 
 1051 072d EF5F B36A 		.ascii	"\357_\263j\365_~\2173\2345\035\030.gO\207uA\332\013O?\233\376"
 1051      F55F 7E8F 
 1051      339C 351D 
 1051      182E 674F 
 1051      8775 41DA 
 1052 0746 5CFA 33CC 		.ascii	"\\\3723\314\231\272l\231\337\227\235\275\344\367\304{1k\331\252"
 1052      99BA 6C99 
 1052      DF97 9DBD 
 1052      E4F7 C47B 
 1052      316B D9AA 
 1053 075a 9519 5966 		.ascii	"\225\031Yf,\333\353\357\255\362\331^\313x\337g_\224\226\265\""
 1053      2CDB EBEF 
 1053      ADF2 D95E 
 1053      CB78 DF67 
 1053      5F94 96B5 
 1054 076f DBF1 F735 		.ascii	"\333\361\3675\357\244\373\374\366E\357\255\366e;\377\226\226"
 1054      EFA4 FBFC 
 1054      F645 EFAD 
 1054      F665 3BFF 
 1054      9696 
 1055 0781 BDE2 CDB4 		.ascii	"\275\342\315\264L\317\342\345\276\245+\304\247\324\337\022t\232"
 1055      4CCF E2E5 
 1055      BEA5 2BC4 
 1055      A7D4 DF12 
 1055      749A 
 1056 0793 7D2C 67FF 		.ascii	"},g\377\003\370n\207W"
 1056      03F8 6E87 
 1056      57
 1057               		.text
 1058               		.section	.gnu.lto_USB_Disable.a2ffcaec,"",@progbits
 1059 0000 789C 8D94 		.ascii	"x\234\215\224_HSQ\034\307\317\357\336\273\335M]B\024\364\240"
 1059      5F48 5351 
 1059      1CC7 CFEF 
 1059      DEBB DD4D 
 1059      5D42 14F4 
 1060 0015 10F4 26E1 		.ascii	"\020\364&\341^\353M3z\352\251\260\327\2500\022F\302\372\363\026"
 1060      5EEB 4D33 
 1060      7AEA A9B0 
 1060      D7A8 3012 
 1060      46C2 FAF3 
 1061 002a DEB9 39B5 		.ascii	"\336\2719\265U\323\206\332\n\241\254\310\036\242?C(4]\246N\313"
 1061      55D3 86DA 
 1061      0AA1 ACC8 
 1061      1EA2 3F43 
 1061      2834 5DA6 
 1062 0040 3FB9 5257 		.ascii	"?\271RW\326\0243\222V)d\b\205[\277\3379s\273\n\272.\334\303\271"
 1062      D614 3392 
 1062      5629 6408 
 1062      855B BFDF 
 1062      3973 BB0A 
 1063 0059 E7FC 7EDF 		.ascii	"\347\374~\337"
 1064 005d F3FD 9CF3 		.string	"\363\375\234\363\273Ge2\35350v\2011\226\217/\310\f$M\323\212T\207I\002\240\236\242\231\20
 1064      BB47 6532 
 1064      EB35 3076 
 1064      8131 968F 
 1064      2FC8 0C24 
 1065 015e 3D90 072F 		.string	"=\220\007/ \017\305^\342(\2529\257\326\200\020\313\021z\261\332\311?\n\t"
 1065      200F C55E 
 1065      E228 AA39 
 1065      AFD6 8010 
 1065      CB11 7AB1 
 1066 0178 3EBD 188A 		.string	">\275\030\212+F/\362\230\315\344\372p\02458\201'Z\222\201W\301\214\376U^\337\370v=/\216C\
 1066      2B46 2FF2 
 1066      98CD E4FA 
 1066      7014 3538 
 1066      8127 5A92 
 1067 01c7 0906 AFD2 		.string	"\t\006\257\322\204!N\270\241\336kN\230%\b\347S\204\255\367\274J\006Z\374S`(E\333\276\206\
 1067      8421 4EB8 
 1067      A1DE 6B4E 
 1067      9825 08E7 
 1067      5384 ADF7 
 1068 020e 066F 7086 		.string	"\006op\206;\215\245\235\0062:%\037c\253N\235\035k\234\3428\204\271\323\260\356\\\302\264\
 1068      3B8D A59D 
 1068      0632 3A25 
 1068      1F63 AB4E 
 1068      9D1D 6B9C 
 1069 0289 F021 4D14 		.ascii	"\360!M\024\331\274\322\2468\221\360\350\211\013\"^\031\273\251"
 1069      D9BC D2A6 
 1069      3891 F0E8 
 1069      890B 225E 
 1069      19BB A9
 1070 029c AB3F 6923 		.ascii	"\253?i#\254\277~\214-to\022\325\304T\035\377S5TW\341\023\336"
 1070      ACBF 7E8C 
 1070      2D74 6F12 
 1070      D5C4 541D 
 1070      FF53 3554 
 1071 02b4 47F0 91CB 		.ascii	"G\360\221\313G\327\225\213\212\3452\2153\337\241\352f\302\013"
 1071      47D7 958B 
 1071      8AE5 328D 
 1071      33DF A1EA 
 1071      66C2 0B
 1072 02c7 7C39 7AAA 		.ascii	"|9z\2521\206_\226x\237\355\265\225\037\267\332\316\235<f=Xz\240"
 1072      3186 5F96 
 1072      789F EDB5 
 1072      951F B7DA 
 1072      CE9D 3C66 
 1073 02df D8BA DF5E 		.ascii	"\330\272\337^~\276\314~\306Zzx\237\265\244\302^f->rh\017}\225"
 1073      7EBE CC7E 
 1073      C65A 7A78 
 1073      9FB5 A4C2 
 1073      5E66 2D3E 
 1074 02f8 549C 3E6B 		.ascii	"T\234>k\257\260\331\312\354Gi\250\360\004+\376\237\314\302\302"
 1074      AFB0 D9CA 
 1074      EC47 69A8 
 1074      F004 2BFE 
 1074      9FCC C2C2 
 1075 030c 0D15 4EB1 		.ascii	"\r\025N\261\177\242M\367\226"
 1075      7FA2 4DF7 
 1075      96
 1076               		.text
 1077               		.section	.gnu.lto_USB_ResetInterface.a2ffcaec,"",@progbits
 1078 0000 789C 8D54 		.string	"x\234\215TMh\023A\024~og7\331\244\t\212(\365\020A\020AzH<\352\255\265\352\311\223R\257\24
 1078      4D68 1341 
 1078      147E 6F67 
 1078      37D9 A409 
 1078      8A28 F510 
 1079 0067 9C07 802D 		.string	"\234\007\200-\364#\003\2244M\2537\373T\t\221{\262\246\"\264J\330\212\027Y\027\303\345\337
 1079      F423 0394 
 1079      344D AB37 
 1079      FB54 0991 
 1079      7BB2 A622 
 1080 0096 42F4 EB1F 		.string	"B\364\353\037\016a\035"
 1080      0E61 1D00 
 1081 009e 452E 0CAE 		.string	"E.\f\256\204\355&\271\260\204\017\320\004H\316\375\031%\251\255\344;\265dv\307\315\357\26
 1081      84ED 26B9 
 1081      B084 0FD0 
 1081      0448 CEFD 
 1081      1925 A9AD 
 1082 00cf 7430 68A3 		.ascii	"t0h\243me\324\222\020`\222O\370\355I\370\200Z\357\3105I\354\360"
 1082      6D65 D492 
 1082      1060 924F 
 1082      F8ED 49F8 
 1082      805A EFC8 
 1083 00e7 05DB B70A 		.ascii	"\005\333\267\n\207\b\334\350O\347-~l\363\251Q&\205x\006\034F"
 1083      8708 DCE8 
 1083      4FE7 2D7E 
 1083      6CF3 A951 
 1083      2685 7806 
 1084 00fd 3F52 3226 		.ascii	"?R2&0\3576V\203H\004yh\204|\326!\344n+)\364\363Z\324\013\201"
 1084      30EF 3656 
 1084      8348 0479 
 1084      6884 7CD6 
 1084      21E4 6E2B 
 1085 0118 210A 031C 		.ascii	"!\n\003\034\321#\026\226\2262\233\fu\340\363\230\2445\020\366"
 1085      D123 1696 
 1085      9632 9B0C 
 1085      75E0 F398 
 1085      A435 10F6 
 1086 012c 138E F604 		.ascii	"\023\216\366\004'\030\367#\314Bq\276+W\357\255\273\300\242LF"
 1086      2718 F723 
 1086      CC42 71BE 
 1086      2B57 EFAD 
 1086      BBC0 A24C 
 1087 0141 4E65 393E 		.ascii	"Ne9>\220\265\350\303\034\32280y\371\247\275\017c>?F\231\202\243"
 1087      90B5 E8C3 
 1087      1CD2 3830 
 1087      79F9 A7BD 
 1087      0F63 3E3F 
 1088 0159 E8C0 47E8 		.ascii	"\350\300G\350\240d\217\261\017)[{O'\352\311\254z\276\370| ,\361"
 1088      A064 8FB1 
 1088      0F29 5B7B 
 1088      4F27 EAC9 
 1088      AC7A BEF8 
 1089 0171 040A E601 		.ascii	"\004\n\346\001\237P,m9\177I\004U\312\367\224\362Q\022\241\367"
 1089      9F50 2C6D 
 1089      397F 4904 
 1089      55CA F794 
 1089      F251 12A1 
 1090 0186 7D42 F997 		.ascii	"}B\371\227lM%\364X\201Mw\221\215M\007\274\236\272\033\2269\033"
 1090      6C4D 25F4 
 1090      5881 4D77 
 1090      918D 4D07 
 1090      BC9E BA1B 
 1091 019d EA2A C467 		.ascii	"\352*\304gkf3.\330\330DA\203\003\373\252\224_&\304D\261\374\263"
 1091      6B66 332E 
 1091      D8D8 4441 
 1091      8303 FBAA 
 1091      945F 26C4 
 1092 01b5 D365 E5A7 		.ascii	"\323e\345\247yL\211\362\247\f\212R\234\243\271\022\203\347\206"
 1092      794C 89F2 
 1092      A70C 8A52 
 1092      9CA3 B912 
 1092      83E7 86
 1093 01c8 FA8A 6855 		.ascii	"\372\212hU\007\334\036\216\017\332\364\372\276AL\257*JUV\364"
 1093      07DC 1E8E 
 1093      0FDA F4FA 
 1093      BE41 4CAF 
 1093      2A4A 5556 
 1094 01dd 4228 5275 		.ascii	"B(RuEwJ\212z\277\206Y\311\217\365\310U\224\322\245\305\227E\245"
 1094      4577 4A8A 
 1094      7ABF 8659 
 1094      C98F F5C8 
 1094      5594 D2A5 
 1095 01f5 A144 9952 		.ascii	"\241D\231R\232\307I\241tRW\272<\356\340.\305\344\306r]\205\256"
 1095      9AC7 49A1 
 1095      7452 57BA 
 1095      3CEE E02E 
 1095      C5E4 C672 
 1096 020c 9AE0 5D16 		.ascii	"\232\340]\026\377q+a[e9Ub9M,\215M\251 \340\f\255\b\326iw\265"
 1096      FF71 2B61 
 1096      5B65 3955 
 1096      6239 4D2C 
 1096      8D4D A920 
 1097 0228 9BC3 379F 		.ascii	"\233\3037\2375\336\234\241\210TR\267X[E\234\231\320sEq\261\341"
 1097      35DE 9CA1 
 1097      8854 52B7 
 1097      585B 459C 
 1097      99D0 7345 
 1098 023f 3271 348F 		.ascii	"2q4\217\031!.c8\306\f?\030\245R\331\263\206\306\024\321\005\300"
 1098      1921 2E63 
 1098      38C6 0C3F 
 1098      18A5 52D9 
 1098      B386 C614 
 1099 0256 4CEE E32F 		.ascii	"L\356\343/Uo\314\365\370j\365\0243\225O1'N\321\004\337\260\355"
 1099      556F CCF5 
 1099      F86A F514 
 1099      3395 4F31 
 1099      274E D104 
 1100 026d 6DF0 CF76 		.ascii	"m\360\317v!\210\177\035T3\3610\321\333\261\333\323|\314\3459"
 1100      2188 7F1D 
 1100      5433 F130 
 1100      D1DB B1DB 
 1100      D37C CCE5 
 1101 0282 7BE2 A8EB 		.ascii	"{\342\250\353@\323\376\006\327^o\3639\267\367\264\253\351\320"
 1101      40D3 FE06 
 1101      D75E 6FF3 
 1101      39B7 F7B4 
 1101      ABE9 D0
 1102 0295 1E57 638B 		.ascii	"\036Wc\213\327\355j8|p\027\0375\266\234:\343m\361x\334\336#|"
 1102      D7ED 6A38 
 1102      7C70 171F 
 1102      35B6 9C3A 
 1102      E36D F178 
 1103 02ad CA79 1C1A 		.ascii	"\312y\034\032\326\202t:\377\233\341$\374\005\222\361\303g"
 1103      D682 743A 
 1103      FF9B E124 
 1103      FC05 92F1 
 1103      C367 
 1104               		.text
 1105               		.section	.gnu.lto_USB_Init.a2ffcaec,"",@progbits
 1106 0000 789C 8D93 		.string	"x\234\215\223MHTQ\024\307\357y\367=\337H\214\256\"\n\203\240\235\304\274m\355\234&Z\265*l
 1106      4D48 5451 
 1106      14C7 EF79 
 1106      F73D DF48 
 1106      8CAE 220A 
 1107 00e7 30E4 442C 		.string	"0\344D,~\217\216\354\336V\f\235\3030\372\230\\\277\300h\">\301\311\356\342:\306Y\0357\036
 1107      7E8F 8EEC 
 1107      DE56 0C9D 
 1107      C330 FA98 
 1107      5CBF C068 
 1108 0194 8063 BC28 		.ascii	"\200c\274(6+\305\356\210\233\220b\235\222\343w\213b\037\264q"
 1108      362B C5EE 
 1108      889B 9062 
 1108      9D92 E377 
 1108      8B62 1FB4 
 1109 01a9 6923 253F 		.ascii	"i#%?\276\217L\244\2442+\367\312\234\"g\251E\253\335\271\253\022"
 1109      BE8F 4CA4 
 1109      A432 2BF7 
 1109      CA9C 2267 
 1109      A945 ABDD 
 1110 01c0 6A89 5419 		.ascii	"j\211T\031q'\013\3347\310\305\210\245\204\030*wz\240\302\024"
 1110      7127 0BDC 
 1110      37C8 C588 
 1110      A584 182A 
 1110      777A A0C2 
 1111 01d5 7A88 DDDF 		.ascii	"z\210\335\337\256\024\331\207\\v\241\373\252\354~Ozj\2634\006"
 1111      AE14 D987 
 1111      5C76 A1FB 
 1111      AAEC 7E4F 
 1111      7A6A B334 
 1112 01ea 11CB 8327 		.ascii	"\021\313\203'=\364\033\323\307\234{\337\002\224P\240\n\r\336"
 1112      3DF4 1BD3 
 1112      C79C 7BDF 
 1112      0294 50A0 
 1112      0A0D DE
 1113 01fd 420C 2027 		.ascii	"B\f '\323M;\351V\307~\324\020C\303o\360\316\3156\340f\373\n\321"
 1113      D34D 3BE9 
 1113      56C7 7ED4 
 1113      1043 C36F 
 1113      F0CE CD36 
 1114 0216 03D2 F883 		.ascii	"\003\322\370\203\216}C<\314 \f\037\200\316V \222\312\264\203"
 1114      8E7D 433C 
 1114      CC20 0C1F 
 1114      80CE 5620 
 1114      92CA B483 
 1115 022a 0CA5 D180 		.ascii	"\f\245\321\200\265\3117\200\335=\022\252\2551B\227\317\2375N"
 1115      B5C9 3780 
 1115      DD3D 12AA 
 1115      AD31 4297 
 1115      CF9F 354E 
 1116 023e 541F F71B 		.ascii	"T\037\367\033\307\314\332+A\263\316\250>u\324\b\204\315\240\341"
 1116      C7CC DA2B 
 1116      41B3 CEA8 
 1116      3E75 D408 
 1116      84CD A0E1 
 1117 0252 3F7D F230 		.ascii	"?}\3620\355\002\341\213\227\314p(\0244\317\320\221\357\034\363"
 1117      ED02 E18B 
 1117      97CC 7028 
 1117      1434 CFD0 
 1117      91EF 1CF3 
 1118 0266 FFCF 4D9F 		.ascii	"\377\317M\237oG\302\005\366\013\016\310E\336"
 1118      6F47 C205 
 1118      F60B 0EC8 
 1118      45DE 
 1119               		.text
 1120               		.section	.gnu.lto_.symbol_nodes.a2ffcaec,"",@progbits
 1121 0000 789C 6D8D 		.string	"x\234m\215;\016\3020\020\005\307\3368\006R\320\323\300\005\270\003H\334\313K\304\001\270\
 1121      3B0E C230 
 1121      1005 C7DE 
 1121      3806 52D0 
 1121      D3C0 05B8 
 1122 0033 F644 A054 		.ascii	"\366D\240T\325\314,wT\314J7\232S;w\203Q\235wL\314\0076\346\023"
 1122      D5CC 2C77 
 1122      54CC 4A37 
 1122      9A53 3B77 
 1122      8351 9D77 
 1123 004d A9D3 1E08 		.ascii	"\251\323\036\b\346\357v\255\323ty&\213\033G\202m\335\260{\202"
 1123      E6EF 76AD 
 1123      D374 7926 
 1123      8B1B 4782 
 1123      6DDD B07B 
 1124 0062 B41A F322 		.ascii	"\264\032\363\"d\357f\206\321\202\352\2442W\202k7\027B\336j\204"
 1124      64EF 6686 
 1124      D182 EAA4 
 1124      3257 826B 
 1124      3717 42DE 
 1125 0078 EE3C 7ED9 		.ascii	"\356<~\331\016\304\025\tg\342z\211\026F\374\267\364?%\t\313\276"
 1125      0EC4 1509 
 1125      67E2 7A89 
 1125      1646 FCB7 
 1125      F43F 2509 
 1126 008e 747C 8305 		.ascii	"t|\203\005\037\032\344W\250"
 1126      1F1A E457 
 1126      A8
 1127               		.text
 1128               		.section	.gnu.lto_.refs.a2ffcaec,"",@progbits
 1129 0000 789C 05C1 		.string	"x\234\005\301\261\001"
 1129      B101 00
 1130 0007 2008 C0B0 		.string	" \b\300\260\026\020\231\335\334\375\377F\223Mr\201B\303(\263\255q\331\317\261\017\037\b\2
 1130      1610 99DD 
 1130      DCFD FF46 
 1130      934D 7281 
 1130      42C3 28B3 
 1131 0025 9D        		.ascii	"\235"
 1132               		.text
 1133               		.section	.gnu.lto_.decls.a2ffcaec,"",@progbits
 1134 0000 789C 9D96 		.string	"x\234\235\226iPT\331\025\307\337\355\333\320MC\2031dbM(\207\224S\223T\252\"NMjJ\253\362aP
 1134      6950 54D9 
 1134      15C7 DFED 
 1134      DBD0 4D43 
 1134      8331 6462 
 1135 0085 AB02 F360 		.string	"\253\002\363`\370K\005V\013V\007\326"
 1135      F84B 0556 
 1135      0B56 07D6 
 1135      00
 1136 0092 7619 EC06 		.ascii	"v\031\354\006X\027X\017\030\031\327\0176\bv\013\354\016\3300"
 1136      5817 580F 
 1136      1819 D70F 
 1136      3608 760B 
 1136      EC0E D830 
 1137 00a6 637B ED01 		.ascii	"c{\355\001\006\340\230 A\367>X\037\330\bX\013\330(\330u\201\273"
 1137      06E0 9820 
 1137      41F7 3E58 
 1137      1FD8 0858 
 1137      0BD8 28D8 
 1138 00bd 18CC 1D6C 		.ascii	"\030\314\035l\034\354\021\330\004X\207\240\243\026by\0066\005"
 1138      1CEC 11D8 
 1138      0458 87A0 
 1138      A316 6279 
 1138      0636 05
 1139 00d0 A604 5D2D 		.ascii	"\246\004]-\342\343Y\004\367\037\203)\027\210G~\355C\274\216\030"
 1139      E2E3 5904 
 1139      F71F 8329 
 1139      1788 477E 
 1139      ED43 BC8E 
 1140 00e5 8B3B B46B 		.ascii	"\213;\264kd1\375\004\332C2^\235\220'\311w\t\274\373\031\330R"
 1140      6431 FD04 
 1140      DA43 325E 
 1140      9D90 27C9 
 1140      7709 BCFB 
 1141 00fc B09F 837D 		.ascii	"\260\237\203}\b\206\026\3107\001:\035\377\017C\324n\220i\377"
 1141      0886 16C8 
 1141      3701 3A1D 
 1141      FF0F 43D4 
 1141      6E90 69FF 
 1142 0110 027C 7E25 		.ascii	"\002|~%h\223\034\177\215\230\377\271\222\347\305>?f\221C.R\007"
 1142      6893 1C7F 
 1142      8D98 FFB9 
 1142      92E7 C53E 
 1142      3F66 9143 
 1143 0127 3257 24C6 		.ascii	"2W$\306\025\210g-\030+FQ\347s\372\224V\214<4h\026A;>l\340\266"
 1143      1588 672D 
 1143      182B 4651 
 1143      E773 FA94 
 1143      568C 3C34 
 1144 0143 0BDF 26AF 		.ascii	"\013\337&\257\303*3\307\225XA\237\303\017\216>V\255(\341\370"
 1144      C32A 33C7 
 1144      9558 419F 
 1144      C30F 8E3E 
 1144      56AD 28E1 
 1145 0158 4BFD 2F06 		.ascii	"K\375/\006\375\033a\252\343\343L\336\037\317:V\253\305\376\324"
 1145      FD1B 61AA 
 1145      E3E3 4CDE 
 1145      1FCF 3A56 
 1145      ABC5 FED4 
 1146 016c F7D5 CBC2 		.ascii	"\367\325\313\302\313Xc\345\270p\256*\333\352\270\204"
 1146      CB58 63E5 
 1146      B870 AE2A 
 1146      DBEA B884 
 1147 017c 419F 78A0 		.string	"A\237x\240\025\036\f\272\200\250v%Z\301\240\n\344\201\316#\350\254B\032\030Sz\2424M9\200\
 1147      151E 0CBA 
 1147      80A8 7625 
 1147      5AC1 A00A 
 1147      E481 CE23 
 1148 027d 2835 50A5 		.string	"(5P\245\201\250c\031*|\235WJ>\223q\327Q\bjb3\267\027t\026Q\235F\231N\243L\3471\350\\\246:
 1148      81A8 6319 
 1148      2A7C 9D57 
 1148      4A3E 9371 
 1148      D751 086A 
 1149 02f2 7202 4BE3 		.ascii	"r\002K\343\254\244B\327\221\023\023M\031\\\266'\222\030m\300"
 1149      ACA4 42D7 
 1149      9113 134D 
 1149      195C B627 
 1149      9218 6DC0 
 1150 0306 20AF 18F4 		.ascii	" \257\030\364\037\030\320\016\2044NM{@\264\361\373\216\027j\371"
 1150      1F18 D00E 
 1150      8434 4E4D 
 1150      7B40 B4F1 
 1150      FB8E 176A 
 1151 031b 9A83 7E69 		.ascii	"\232\203~i\321u\320E\327\212\204U\267;\247;\327\225L0\370\336"
 1151      D175 D045 
 1151      D78A 8455 
 1151      B73B A73B 
 1151      D795 4C30 
 1152 0331 68F8 6DC6 		.ascii	"h\370m\306wI\234\325\221z\241+\262\211\271\"\034\024\f\272A\247"
 1152      7749 9CD5 
 1152      917A A12B 
 1152      B289 B922 
 1152      1C14 0CBA 
 1153 0347 A481 8BAB 		.ascii	"\244\201\213\253w\305\365\374\271R\026\336\031\246\0254\332{"
 1153      77C5 F5FC 
 1153      B952 16DE 
 1153      19A6 1534 
 1153      DA7B 
 1154 0359 7FD3 17C3 		.ascii	"\177\323\027\303E`:\265\2352\205NI\241\213Wh\272v\035\343\"L"
 1154      4560 3AB5 
 1154      9D32 854E 
 1154      49A1 8B57 
 1154      68BA 761D 
 1155 0370 158A AFB6 		.ascii	"\025\212\257\266\036u\024\024&\376\022\311U#:\276[6\276[\032"
 1155      1E75 1414 
 1155      26FE 12C9 
 1155      5523 3ABE 
 1155      5B36 BE5B 
 1156 0385 DF43 C787 		.ascii	"\337C\307\207\025\235\272\241\304\r\374\370}\263\0251*2\027\273"
 1156      159D BAA1 
 1156      C40D FCF8 
 1156      7DB3 1531 
 1156      2A32 17BB 
 1157 0399 DF6C 2EF6 		.ascii	"\337l.\366W\\\237P|\224\313\345\202\177\375\224g\341t<g\215Z"
 1157      575C 9F50 
 1157      7C94 CBE5 
 1157      827F FD94 
 1157      67E1 743C 
 1158 03b0 0427 9706 		.ascii	"\004'\227\006\365\362L\251^\320f|\272\025\f\352G\037\301\310"
 1158      F5F2 4CA9 
 1158      5ED0 667C 
 1158      BA15 0CEA 
 1158      471F C1C8 
 1159 03c4 5BE3 8F4E 		.ascii	"[\343\217N9\340D%\305N4'E\251@&\033\246\2479\016W\336\216\t\347"
 1159      39E0 4425 
 1159      C54E 3427 
 1159      45A9 4026 
 1159      1BA6 A739 
 1160 03de 6EC2 F620 		.ascii	"n\302\366 \023<0Og\200\350XAg\220\352\234\234\251\251p\304Oy"
 1160      133C 304F 
 1160      6780 E858 
 1160      4167 90EA 
 1160      9C9C A9A9 
 1161 03f6 9DB1 DABE 		.ascii	"\235\261\332\276Z\205\240\363,cq5\227\235\372\031\235\264\233"
 1161      5A85 A0F3 
 1161      2C63 7135 
 1161      979D FA19 
 1161      9DB4 9B
 1162 0409 F344 6E12 		.ascii	"\363Dn\022\221\024\020\271EEJ\306\032\207\2648\311\201\212d\245"
 1162      9114 10B9 
 1162      4545 4AC6 
 1162      1A87 B438 
 1162      C981 8A64 
 1163 041e 3C2F 7115 		.ascii	"</q\025D\252?\210\340\252\303\224T\343\366<\215\333D\243\024"
 1163      44AA 3F88 
 1163      E0AA C394 
 1163      54E3 F63C 
 1163      8DDB 44A3 
 1164 0433 34EE F01A 		.ascii	"4\356\360\032\271e\341\032|\232\327\370~\254\242@\355\024M\353"
 1164      B965 E11A 
 1164      7C9A D7F8 
 1164      7EAC A240 
 1164      ED14 4DEB 
 1165 0447 F89A F546 		.ascii	"\370\232\365F\016\235\251\323O\264R\025?L\233\340\2538\004\320"
 1165      0E9D A9D3 
 1165      4FB4 5215 
 1165      3F4C 9BE0 
 1165      AB38 04D0 
 1166 045b 1FE6 417F 		.ascii	"\037\346A\177 \320J\200\016Shcgz\276\033|\244\026k\220\202\234"
 1166      20D0 4A80 
 1166      0E53 6863 
 1166      677A BE1B 
 1166      7CA4 166B 
 1167 0472 329D C3CF 		.ascii	"2\235\303\317\324\320t\327\240E\320L81\335\343\344\022CV}\013"
 1167      D4D0 74D7 
 1167      A045 D04C 
 1167      3831 DDE3 
 1167      E412 4356 
 1168 0488 C769 96D0 		.ascii	"\307i\226\320y\271\007\334\273\210h\335G.t\035\300\035\234\277"
 1168      79B9 07DC 
 1168      BB88 68DD 
 1168      472E 741D 
 1168      C01D 9CBF 
 1169 049c BD79 764C 		.ascii	"\275yvL)wn\261q\036\021\234G\250sGqJ\233V\356L\n4\347<*8\217"
 1169      2977 6EB1 
 1169      711E 119C 
 1169      47A8 7347 
 1169      714A 9B56 
 1170 04b9 52E7 B6F4 		.ascii	"R\347\266\364\302\227\344\313\272\005\276\254\263X\366i\335\302"
 1170      C297 E4CB 
 1170      BA05 BEAC 
 1170      B358 F669 
 1170      DDC2 
 1171 04cb 7F5A 2B13 		.ascii	"\177Z+\023z\2064\270\216\257\\\321\30135J\3764h\341\254\032X"
 1171      7A86 34B8 
 1171      8EAF 5CD1 
 1171      C133 354A 
 1171      FE34 68E1 
 1172 04e2 81A2 2C7A 		.ascii	"\201\242,z\210\350\020\272\006\307\240\363\001\351\034\247_\314"
 1172      88E8 10BA 
 1172      06C7 A0F3 
 1172      01E9 1CA7 
 1172      5FCC 
 1173 04f4 E1A8 C841 		.ascii	"\341\250\310A\007q\024\367\372Q\217\350\250\273\317\237\234w"
 1173      0771 14F7 
 1173      FA51 8FE8 
 1173      A8BB CF9F 
 1173      9C77 
 1174 0506 9067 4176 		.ascii	"\220gAv\353\\\026\023B\026\0234\213\270\330\356k*\334\314GYX"
 1174      EB5C 1613 
 1174      4216 1334 
 1174      8BB8 D8EE 
 1174      6B2A DCCC 
 1175 051d 9C59 EA8A 		.ascii	"\234Y\352\212\207\371Flu\315aG8\220\320\023\272\265\240'\361"
 1175      87F9 466C 
 1175      75CD 6147 
 1175      3890 D013 
 1175      BAB5 A027 
 1176 0532 5E5C 2716 		.ascii	"^\\'\026>A\017+q\326\360\225p\262%?k\340O\374\307\342vDO\221"
 1176      3E41 0F2B 
 1176      71D6 F095 
 1176      70B2 253F 
 1176      6BE0 4FFC 
 1177 054c 123D 43CB 		.ascii	"\022=C\313H\317\334\271\257dH\037\310\3644N\217\270\3402G;\224"
 1177      48CF DCB9 
 1177      AF64 481F 
 1177      C8F4 344E 
 1177      8FB8 E032 
 1178 0563 054F E4FB 		.ascii	"\005O\344\373\265\251Z;\237\311Izb\275\024O\254\211\346\027O"
 1178      B5A9 5A3B 
 1178      9FC9 497A 
 1178      62BD 144F 
 1178      AC89 E617 
 1179 0578 D542 90ED 		.ascii	"\325B\220\355\275\236\3511d\265r\325\356\304\017=\227B|\001!"
 1179      BD9E E931 
 1179      64B5 72D5 
 1179      EEC4 0F3D 
 1179      9742 7C01 
 1180 058d 4E41 88CF 		.ascii	"NA\210\317e!F\301\3116EC\354}2\036\347\200\353\337&\304\267\234"
 1180      6521 46C1 
 1180      C936 4543 
 1180      EC7D 321E 
 1180      E780 EBDF 
 1181 05a5 2B18 9177 		.ascii	"+\030\221w\324:\313\237\370\263\240\362\212?\361+\317\235\032"
 1181      D43A CB9F 
 1181      F8B3 A0F2 
 1181      8A3F F12B 
 1181      CF9D 1A
 1182 05b8 7195 A439 		.ascii	"q\225\2449\005\355\334;\231\023\253\222:\303\370\316\304\354"
 1182      05ED DC3B 
 1182      9913 AB92 
 1182      3AC3 F8CE 
 1182      C4EC 
 1183 05ca A7        		.ascii	"\247"
 1184 05cb 6BED 9DE2 		.string	"k\355\235\342\273\025\244&\341\n\241&\307+\363\3424bM\032<\317I5\001?4-\325d\006j\022\241
 1184      BB15 A426 
 1184      E10A A126 
 1184      C72B F3E2 
 1184      3462 4D1A 
 1185 06cc 4012 6490 		.ascii	"@\022d\220&(\314\001\n\211=\330\304\271\311O\202\032\233\223"
 1185      2628 CC01 
 1185      0A89 3DD8 
 1185      C4B9 C94F 
 1185      821A 9B93 
 1186 06e0 2049 C19F 		.ascii	" I\301\237\004p\007gkm\347\005W\271\363\220\315\341\227,8'S\347"
 1186      0470 0767 
 1186      6B6D E705 
 1186      57B9 F390 
 1186      CDE1 972C 
 1187 06f8 6777 5A6B 		.ascii	"gwZk]\361#{\341?\016\037\232\021\303\277\345\305\377.\314\321"
 1187      5DF1 237B 
 1187      E13F 0E1F 
 1187      9A11 C3BF 
 1187      E5C5 FF2E 
 1188 070e 507C 8A14 		.ascii	"P|\212\024\373A\210=\025bO\221\305\336\001\261\247\322\330\017"
 1188      FB41 883D 
 1188      1562 4F91 
 1188      C5DE 01B1 
 1188      A7D2 D80F 
 1189 0722 7D37 7441 		.ascii	"}7tA\213\247\355\021\246\217>8+\236E\223\006\033\302!\211\220"
 1189      8BA7 ED11 
 1189      A68F 3E38 
 1189      2B9E 4593 
 1189      061B C221 
 1190 0738 0684 7420 		.ascii	"\006\204t \034\222\021\242\201\220N\t\275\235]#\216\370\200\332"
 1190      1C92 11A2 
 1190      8190 4E09 
 1190      BD9D 5D23 
 1190      8EF8 80DA 
 1191 074c 0EE1 6272 		.ascii	"\016\341brf\263\253H\330bC8,\0212\200\220\t\204\3032B\r\0202"
 1191      66B3 AB48 
 1191      D862 4338 
 1191      2C11 3280 
 1191      9009 84C3 
 1192 0765 2961 706A 		.ascii	")apj\362\214\013\316\262G\230\354\311\277\347$\020\356\377\331"
 1192      F28C 0BCE 
 1192      B247 98EC 
 1192      C9BF E724 
 1192      10EE FFD9 
 1193 0779 8690 2511 		.ascii	"\206\220%\021\262\201\220\003\204,\031\341$\020r(!?\256s\\\213"
 1193      B281 9003 
 1193      842C 19E1 
 1193      2410 7228 
 1193      213F AE73 
 1194 078f 8BEC 11F2 		.ascii	"\213\354\021\362\322\256&\213\3630\361W\033\302\021\211p\024"
 1194      D2AE 268B 
 1194      F330 F157 
 1194      1BC2 1189 
 1194      7014 
 1195 07a1 08F0 2B9E 		.ascii	"\b\360+\236\364H\204t \344RB\353\345\251|g\\n\217\360\342\\}"
 1195      F448 8474 
 1195      20E4 5242 
 1195      EBE5 A97C 
 1195      675C 6E8F 
 1196 07b9 9B94 C3DF 		.ascii	"\233\224\303\337m\by\022!\037\b\005@\310\223\021f\340`(\240\204"
 1196      6D08 7912 
 1196      211F 0805 
 1196      40C8 9311 
 1196      66E0 6028 
 1197 07cf 92        		.ascii	"\222"
 1198 07d0 AA6F CFBB 		.string	"\252o\317\273\342f{\204\251\360\376\001\361@\357\016\262!\034\223\b\307\201P\b\204c2B\002
 1198      E266 7B84 
 1198      A9F0 FE01 
 1198      F140 EF0E 
 1198      B221 1C93 
 1199 0834 7DCC 4AA3 		.ascii	"}\314J\243a\253\22714P\357\265~\363\347\336^>f\303\016\326\034"
 1199      61AB 9731 
 1199      3450 EFB5 
 1199      7EF3 E7DE 
 1199      5E3E 66C3 
 1200 084b E2B5 D96F 		.ascii	"\342\265\331o\265\327\232`3\353\345\375\207\215+IkM\260\311b"
 1200      B5D7 9A60 
 1200      33EB E5FD 
 1200      878D 2B49 
 1200      6B4D B0C9 
 1201 0860 0E36 1A59 		.ascii	"\0166\032Y\263\216t-\367W\257\333\260\331s\315\252U\314\322\205"
 1201      B38E 742D 
 1201      F757 AFDB 
 1201      B0D9 73CD 
 1201      AA55 CCD2 
 1202 0875 DE2E D7AF 		.ascii	"\336.\327\257Z\361\311\326O\267~\314\250B\r&\313J\235\305\r\334"
 1202      5AF1 C9D6 
 1202      4FB7 7ECC 
 1202      A842 0D26 
 1202      CB4A 9DC5 
 1203 088b 745F 9A0C 		.ascii	"t_\232\f\026\235\017\273\303\340\317\256zW0\343L\224|\f!\372"
 1203      169D 0FBB 
 1203      C3E0 CFAE 
 1203      7A57 30E3 
 1203      4C94 7C0C 
 1204 08a1 AD46 7631 		.ascii	"\255Fv1y\336\310\206\260\226/M\026\326\034\250\367g\325\"h\351"
 1204      79DE C886 
 1204      B096 2F4D 
 1204      16D6 1CA8 
 1204      F767 D522 
 1205 08b7 5A53 C0F6 		.ascii	"ZS\300\366`\240\353@#\320\360\267P3+\365\370\232w8\350V\007\007"
 1205      60A0 EB40 
 1205      23D0 F0B7 
 1205      5033 2BF5 
 1205      F89A 7738 
 1206 08cf 1B7D DE24 		.ascii	"\033}\336$\214\345\313m\357\222\f\215(\210y\237\"7l\322\2551"
 1206      8CE5 CB6D 
 1206      EF92 0C8D 
 1206      2888 799F 
 1206      2237 6CD2 
 1207 08e5 B27A B3B7 		.ascii	"\262z\263\267\321H\2031\207n\267\204|\361.\372\360VR\020\031"
 1207      D148 8331 
 1207      876E B784 
 1207      7CF1 2EFA 
 1207      F056 5210 
 1208 08fa 1E22 43C8 		.ascii	"\036\"C\310\334\206B\213\313\327\325\317\242\267\274YqeTx\261"
 1208      DC86 428B 
 1208      CBD7 D5CF 
 1208      A2B7 BC59 
 1208      7165 5478 
 1209 090f 491F B20D 		.ascii	"I\037\262\r0K\347\224\244\262\351-\206`\323\206\320\257\267\262"
 1209      304B E794 
 1209      A4B2 E92D 
 1209      8660 D386 
 1209      D0AF B7B2 
 1210 0923 E635 6F29 		.ascii	"\3465o),\305d\n\320\233\0036\262\377\230\207\330\310~\035la\377"
 1210      2CC5 640A 
 1210      D09B 0336 
 1210      B2FF 9887 
 1210      D8C8 7E1D 
 1211 093a A8DF C686 		.ascii	"\250\337\306\206n_k\"y\005| \217 \324lfM\026\343.?\326\030\350"
 1211      6E5F 6B22 
 1211      7905 7C20 
 1211      8F20 D46C 
 1211      664D 16E3 
 1212 0953 1BBC 9335 		.ascii	"\033\274\2235\263\001?\242\205\b!3l\320\033\r\337\260\001j\262"
 1212      B301 3FA2 
 1212      8508 2133 
 1212      6CD0 1B0D 
 1212      DFB0 016A 
 1213 0968 C43E FE54 		.ascii	"\304>\376Tg\371\251l\250\037k\371<\324h\364\333\316\262\001Z"
 1213      67F9 A96C 
 1213      A81F 6BF9 
 1213      3CD4 68F4 
 1213      DBCE B201 
 1214 097d BD71 A77E 		.ascii	"\275q\247~W\210\316`2\032L\354\352w\231\022AU\230\fWq2\370\230"
 1214      5788 CE60 
 1214      321A 4CEC 
 1214      EA77 9912 
 1214      4155 980C 
 1215 0996 DFB7 BFD2 		.ascii	"\337\267\277\322\346^\255\336eaC6\005\257\365\365\203\230\177"
 1215      E65E ADDE 
 1215      6561 4336 
 1215      05AF F5F5 
 1215      8398 7F
 1216 09a9 0FD5 76F0 		.ascii	"\017\325v\360\0176\205X\026\357\324\233M\272PSh\b\033\2403\263"
 1216      0F36 8558 
 1216      16EF D49B 
 1216      4DBA 5053 
 1216      6808 1BA0 
 1217 09bf 21A1 468B 		.ascii	"!\241F\213\326f9iH\313\333b\321\373\007y\277M\344\013\354\235"
 1217      D666 3969 
 1217      48CB DB62 
 1217      D1FB 0779 
 1217      BF4D E40B 
 1218 09d5 2046 C357 		.ascii	" F\303W\210\210\275G\036e\036\302\272\242\273\313w\375z\335W"
 1218      8888 BD47 
 1218      1E65 1EC2 
 1218      BAA2 BBCB 
 1218      77FD 7ADD 
 1219 09ea 8181 F479 		.ascii	"\201\201\364y\343\332u\344\231\246\374\325\246u\276\336>\244"
 1219      E3DA 75E4 
 1219      99A6 FCD5 
 1219      A675 BEDE 
 1219      3EA4 
 1220 09fc E93E 6F34 		.ascii	"\351>o4\335\203\213h\347\372\337\3516\233\002\315,\373\r\253"
 1220      DD83 8B68 
 1220      E7FA DFE9 
 1220      369B 02CD 
 1220      2CFB 0DAB 
 1221 0a10 950F 3269 		.ascii	"\225\0172i$9\323\177\001\274\365D\232"
 1221      2439 D37F 
 1221      01BC F544 
 1221      9A
 1222               		.text
 1223               		.section	.gnu.lto_.symtab.a2ffcaec,"",@progbits
 1224 0000 5553 425F 		.string	"USB_Disable"
 1224      4469 7361 
 1224      626C 6500 
 1225 000c 00        		.string	""
 1226 000d 00        		.string	""
 1227 000e 00        		.string	""
 1228 000f 00        		.string	""
 1229 0010 00        		.string	""
 1230 0011 00        		.string	""
 1231 0012 00        		.string	""
 1232 0013 00        		.string	""
 1233 0014 00        		.string	""
 1234 0015 00        		.string	""
 1235 0016 00        		.string	""
 1236 0017 C600      		.string	"\306"
 1237 0019 00        		.string	""
 1238 001a 00        		.string	""
 1239 001b 5553 425F 		.string	"USB_ResetInterface"
 1239      5265 7365 
 1239      7449 6E74 
 1239      6572 6661 
 1239      6365 00
 1240 002e 00        		.string	""
 1241 002f 00        		.string	""
 1242 0030 00        		.string	""
 1243 0031 00        		.string	""
 1244 0032 00        		.string	""
 1245 0033 00        		.string	""
 1246 0034 00        		.string	""
 1247 0035 00        		.string	""
 1248 0036 00        		.string	""
 1249 0037 00        		.string	""
 1250 0038 00        		.string	""
 1251 0039 C800      		.string	"\310"
 1252 003b 00        		.string	""
 1253 003c 00        		.string	""
 1254 003d 5553 425F 		.string	"USB_Init"
 1254      496E 6974 
 1254      00
 1255 0046 00        		.string	""
 1256 0047 00        		.string	""
 1257 0048 00        		.string	""
 1258 0049 00        		.string	""
 1259 004a 00        		.string	""
 1260 004b 00        		.string	""
 1261 004c 00        		.string	""
 1262 004d 00        		.string	""
 1263 004e 00        		.string	""
 1264 004f 00        		.string	""
 1265 0050 00        		.string	""
 1266 0051 CA00      		.string	"\312"
 1267 0053 00        		.string	""
 1268 0054 00        		.string	""
 1269 0055 5553 425F 		.string	"USB_DeviceState"
 1269      4465 7669 
 1269      6365 5374 
 1269      6174 6500 
 1270 0065 00        		.string	""
 1271 0066 02        		.ascii	"\002"
 1272 0067 00        		.string	""
 1273 0068 00        		.string	""
 1274 0069 00        		.string	""
 1275 006a 00        		.string	""
 1276 006b 00        		.string	""
 1277 006c 00        		.string	""
 1278 006d 00        		.string	""
 1279 006e 00        		.string	""
 1280 006f 00        		.string	""
 1281 0070 DE00      		.string	"\336"
 1282 0072 00        		.string	""
 1283 0073 00        		.string	""
 1284 0074 5553 425F 		.string	"USB_Device_ConfigurationNumber"
 1284      4465 7669 
 1284      6365 5F43 
 1284      6F6E 6669 
 1284      6775 7261 
 1285 0093 00        		.string	""
 1286 0094 02        		.ascii	"\002"
 1287 0095 00        		.string	""
 1288 0096 00        		.string	""
 1289 0097 00        		.string	""
 1290 0098 00        		.string	""
 1291 0099 00        		.string	""
 1292 009a 00        		.string	""
 1293 009b 00        		.string	""
 1294 009c 00        		.string	""
 1295 009d 00        		.string	""
 1296 009e E000      		.string	"\340"
 1297 00a0 00        		.string	""
 1298 00a1 00        		.string	""
 1299 00a2 5553 425F 		.string	"USB_Device_RemoteWakeupEnabled"
 1299      4465 7669 
 1299      6365 5F52 
 1299      656D 6F74 
 1299      6557 616B 
 1300 00c1 00        		.string	""
 1301 00c2 02        		.ascii	"\002"
 1302 00c3 00        		.string	""
 1303 00c4 00        		.string	""
 1304 00c5 00        		.string	""
 1305 00c6 00        		.string	""
 1306 00c7 00        		.string	""
 1307 00c8 00        		.string	""
 1308 00c9 00        		.string	""
 1309 00ca 00        		.string	""
 1310 00cb 00        		.string	""
 1311 00cc E200      		.string	"\342"
 1312 00ce 00        		.string	""
 1313 00cf 00        		.string	""
 1314 00d0 5553 425F 		.string	"USB_Device_CurrentlySelfPowered"
 1314      4465 7669 
 1314      6365 5F43 
 1314      7572 7265 
 1314      6E74 6C79 
 1315 00f0 00        		.string	""
 1316 00f1 02        		.ascii	"\002"
 1317 00f2 00        		.string	""
 1318 00f3 00        		.string	""
 1319 00f4 00        		.string	""
 1320 00f5 00        		.string	""
 1321 00f6 00        		.string	""
 1322 00f7 00        		.string	""
 1323 00f8 00        		.string	""
 1324 00f9 00        		.string	""
 1325 00fa 00        		.string	""
 1326 00fb E400      		.string	"\344"
 1327 00fd 00        		.string	""
 1328 00fe 00        		.string	""
 1329 00ff 5553 425F 		.string	"USB_IsInitialized"
 1329      4973 496E 
 1329      6974 6961 
 1329      6C69 7A65 
 1329      6400 
 1330 0111 00        		.string	""
 1331 0112 02        		.ascii	"\002"
 1332 0113 00        		.string	""
 1333 0114 00        		.string	""
 1334 0115 00        		.string	""
 1335 0116 00        		.string	""
 1336 0117 00        		.string	""
 1337 0118 00        		.string	""
 1338 0119 00        		.string	""
 1339 011a 00        		.string	""
 1340 011b 00        		.string	""
 1341 011c E700      		.string	"\347"
 1342 011e 00        		.string	""
 1343 011f 00        		.string	""
 1344 0120 456E 6470 		.string	"Endpoint_ConfigureEndpoint_Prv"
 1344      6F69 6E74 
 1344      5F43 6F6E 
 1344      6669 6775 
 1344      7265 456E 
 1345 013f 00        		.string	""
 1346 0140 02        		.ascii	"\002"
 1347 0141 00        		.string	""
 1348 0142 00        		.string	""
 1349 0143 00        		.string	""
 1350 0144 00        		.string	""
 1351 0145 00        		.string	""
 1352 0146 00        		.string	""
 1353 0147 00        		.string	""
 1354 0148 00        		.string	""
 1355 0149 00        		.string	""
 1356 014a D700      		.string	"\327"
 1357 014c 00        		.string	""
 1358 014d 00        		.string	""
 1359 014e 5553 425F 		.string	"USB_INT_ClearAllInterrupts"
 1359      494E 545F 
 1359      436C 6561 
 1359      7241 6C6C 
 1359      496E 7465 
 1360 0169 00        		.string	""
 1361 016a 02        		.ascii	"\002"
 1362 016b 00        		.string	""
 1363 016c 00        		.string	""
 1364 016d 00        		.string	""
 1365 016e 00        		.string	""
 1366 016f 00        		.string	""
 1367 0170 00        		.string	""
 1368 0171 00        		.string	""
 1369 0172 00        		.string	""
 1370 0173 00        		.string	""
 1371 0174 D900      		.string	"\331"
 1372 0176 00        		.string	""
 1373 0177 00        		.string	""
 1374 0178 5553 425F 		.string	"USB_INT_DisableAllInterrupts"
 1374      494E 545F 
 1374      4469 7361 
 1374      626C 6541 
 1374      6C6C 496E 
 1375 0195 00        		.string	""
 1376 0196 02        		.ascii	"\002"
 1377 0197 00        		.string	""
 1378 0198 00        		.string	""
 1379 0199 00        		.string	""
 1380 019a 00        		.string	""
 1381 019b 00        		.string	""
 1382 019c 00        		.string	""
 1383 019d 00        		.string	""
 1384 019e 00        		.string	""
 1385 019f 00        		.string	""
 1386 01a0 DB00      		.string	"\333"
 1387 01a2 00        		.string	""
 1388 01a3 00        		.string	""
 1389               		.text
 1390               		.section	.gnu.lto_.opts,"",@progbits
 1391 0000 272D 666E 		.ascii	"'-fn"
 1392 0004 6F2D 6F70 		.string	"o-openmp' '-fno-openacc' '-fno-pie' '-mn-flash=1' '-mno-skip-bug' '-mmcu=avr5' '-Os' '-We
 1392      656E 6D70 
 1392      2720 272D 
 1392      666E 6F2D 
 1392      6F70 656E 
 1393               		.text
 1394               		.comm	__gnu_lto_v1,1,1
 1395               		.comm	__gnu_lto_slim,1,1
 1396               		.ident	"GCC: (GNU) 8.4.0"
DEFINED SYMBOLS
                            *ABS*:0000000000000000 USBController_AVR8.c
C:\Users\Roningo\AppData\Local\Temp\ccZLww6z.s:2      *ABS*:000000000000003e __SP_H__
C:\Users\Roningo\AppData\Local\Temp\ccZLww6z.s:3      *ABS*:000000000000003d __SP_L__
C:\Users\Roningo\AppData\Local\Temp\ccZLww6z.s:4      *ABS*:000000000000003f __SREG__
C:\Users\Roningo\AppData\Local\Temp\ccZLww6z.s:5      *ABS*:0000000000000000 __tmp_reg__
C:\Users\Roningo\AppData\Local\Temp\ccZLww6z.s:6      *ABS*:0000000000000001 __zero_reg__
C:\Users\Roningo\AppData\Local\Temp\ccZLww6z.s:22     .gnu.debuglto_.debug_info:0000000000000000 USBController_AVR8.c.a903b6b1
                            *COM*:0000000000000001 __gnu_lto_v1
                            *COM*:0000000000000001 __gnu_lto_slim

NO UNDEFINED SYMBOLS
