   1               		.file	"bitwise.c"
   2               	__SP_H__ = 0x3e
   3               	__SP_L__ = 0x3d
   4               	__SREG__ = 0x3f
   5               	__tmp_reg__ = 0
   6               	__zero_reg__ = 1
   7               		.file 1 "e:\\game\\msys2\\mingw64\\avr\\include\\stdint.h"
   8               		.file 2 "quantum/bitwise.c"
   9               		.section	.gnu.debuglto_.debug_info,"",@progbits
  10               	.Ldebug_info0:
  11               		.hidden	bitwise.c.0a1ef9be
  12               		.weak	bitwise.c.0a1ef9be
  13               	bitwise.c.0a1ef9be:
  14 0000 C501 0000 		.long	0x1c5
  15 0004 0200      		.word	0x2
  16 0006 0000 0000 		.long	.Ldebug_abbrev0
  17 000a 04        		.byte	0x4
  18 000b 01        		.uleb128 0x1
  19 000c 0000 0000 		.long	.LASF19
  20 0010 0C        		.byte	0xc
  21 0011 0000 0000 		.long	.LASF20
  22 0015 0000 0000 		.long	.LASF21
  23 0019 0000 0000 		.long	.Ldebug_line0
  24 001d 02        		.uleb128 0x2
  25 001e 01        		.byte	0x1
  26 001f 06        		.byte	0x6
  27 0020 0000 0000 		.long	.LASF0
  28 0024 03        		.uleb128 0x3
  29 0025 0000 0000 		.long	.LASF2
  30 0029 01        		.byte	0x1
  31 002a 7E        		.byte	0x7e
  32 002b 16        		.byte	0x16
  33 002c 3000 0000 		.long	0x30
  34 0030 02        		.uleb128 0x2
  35 0031 01        		.byte	0x1
  36 0032 08        		.byte	0x8
  37 0033 0000 0000 		.long	.LASF1
  38 0037 04        		.uleb128 0x4
  39 0038 02        		.byte	0x2
  40 0039 05        		.byte	0x5
  41 003a 696E 7400 		.string	"int"
  42 003e 03        		.uleb128 0x3
  43 003f 0000 0000 		.long	.LASF3
  44 0043 01        		.byte	0x1
  45 0044 80        		.byte	0x80
  46 0045 16        		.byte	0x16
  47 0046 4A00 0000 		.long	0x4a
  48 004a 02        		.uleb128 0x2
  49 004b 02        		.byte	0x2
  50 004c 07        		.byte	0x7
  51 004d 0000 0000 		.long	.LASF4
  52 0051 02        		.uleb128 0x2
  53 0052 04        		.byte	0x4
  54 0053 05        		.byte	0x5
  55 0054 0000 0000 		.long	.LASF5
  56 0058 03        		.uleb128 0x3
  57 0059 0000 0000 		.long	.LASF6
  58 005d 01        		.byte	0x1
  59 005e 82        		.byte	0x82
  60 005f 16        		.byte	0x16
  61 0060 6400 0000 		.long	0x64
  62 0064 02        		.uleb128 0x2
  63 0065 04        		.byte	0x4
  64 0066 07        		.byte	0x7
  65 0067 0000 0000 		.long	.LASF7
  66 006b 02        		.uleb128 0x2
  67 006c 08        		.byte	0x8
  68 006d 05        		.byte	0x5
  69 006e 0000 0000 		.long	.LASF8
  70 0072 02        		.uleb128 0x2
  71 0073 08        		.byte	0x8
  72 0074 07        		.byte	0x7
  73 0075 0000 0000 		.long	.LASF9
  74 0079 05        		.uleb128 0x5
  75 007a 01        		.byte	0x1
  76 007b 0000 0000 		.long	.LASF10
  77 007f 02        		.byte	0x2
  78 0080 78        		.byte	0x78
  79 0081 0A        		.byte	0xa
  80 0082 01        		.byte	0x1
  81 0083 5800 0000 		.long	0x58
  82 0087 9800 0000 		.long	0x98
  83 008b 06        		.uleb128 0x6
  84 008c 0000 0000 		.long	.LASF12
  85 0090 02        		.byte	0x2
  86 0091 78        		.byte	0x78
  87 0092 1C        		.byte	0x1c
  88 0093 5800 0000 		.long	0x58
  89 0097 00        		.byte	0
  90 0098 05        		.uleb128 0x5
  91 0099 01        		.byte	0x1
  92 009a 0000 0000 		.long	.LASF11
  93 009e 02        		.byte	0x2
  94 009f 73        		.byte	0x73
  95 00a0 0A        		.byte	0xa
  96 00a1 01        		.byte	0x1
  97 00a2 3E00 0000 		.long	0x3e
  98 00a6 B700 0000 		.long	0xb7
  99 00aa 06        		.uleb128 0x6
 100 00ab 0000 0000 		.long	.LASF12
 101 00af 02        		.byte	0x2
 102 00b0 73        		.byte	0x73
 103 00b1 1C        		.byte	0x1c
 104 00b2 3E00 0000 		.long	0x3e
 105 00b6 00        		.byte	0
 106 00b7 05        		.uleb128 0x5
 107 00b8 01        		.byte	0x1
 108 00b9 0000 0000 		.long	.LASF13
 109 00bd 02        		.byte	0x2
 110 00be 6C        		.byte	0x6c
 111 00bf 23        		.byte	0x23
 112 00c0 01        		.byte	0x1
 113 00c1 2400 0000 		.long	0x24
 114 00c5 D600 0000 		.long	0xd6
 115 00c9 06        		.uleb128 0x6
 116 00ca 0000 0000 		.long	.LASF12
 117 00ce 02        		.byte	0x2
 118 00cf 6C        		.byte	0x6c
 119 00d0 32        		.byte	0x32
 120 00d1 2400 0000 		.long	0x24
 121 00d5 00        		.byte	0
 122 00d6 05        		.uleb128 0x5
 123 00d7 01        		.byte	0x1
 124 00d8 0000 0000 		.long	.LASF14
 125 00dc 02        		.byte	0x2
 126 00dd 53        		.byte	0x53
 127 00de 09        		.byte	0x9
 128 00df 01        		.byte	0x1
 129 00e0 2400 0000 		.long	0x24
 130 00e4 FF00 0000 		.long	0xff
 131 00e8 06        		.uleb128 0x6
 132 00e9 0000 0000 		.long	.LASF12
 133 00ed 02        		.byte	0x2
 134 00ee 53        		.byte	0x53
 135 00ef 1A        		.byte	0x1a
 136 00f0 5800 0000 		.long	0x58
 137 00f4 07        		.uleb128 0x7
 138 00f5 6E00      		.string	"n"
 139 00f7 02        		.byte	0x2
 140 00f8 54        		.byte	0x54
 141 00f9 0D        		.byte	0xd
 142 00fa 2400 0000 		.long	0x24
 143 00fe 00        		.byte	0
 144 00ff 05        		.uleb128 0x5
 145 0100 01        		.byte	0x1
 146 0101 0000 0000 		.long	.LASF15
 147 0105 02        		.byte	0x2
 148 0106 3E        		.byte	0x3e
 149 0107 09        		.byte	0x9
 150 0108 01        		.byte	0x1
 151 0109 2400 0000 		.long	0x24
 152 010d 2801 0000 		.long	0x128
 153 0111 06        		.uleb128 0x6
 154 0112 0000 0000 		.long	.LASF12
 155 0116 02        		.byte	0x2
 156 0117 3E        		.byte	0x3e
 157 0118 1A        		.byte	0x1a
 158 0119 3E00 0000 		.long	0x3e
 159 011d 07        		.uleb128 0x7
 160 011e 6E00      		.string	"n"
 161 0120 02        		.byte	0x2
 162 0121 3F        		.byte	0x3f
 163 0122 0D        		.byte	0xd
 164 0123 2400 0000 		.long	0x24
 165 0127 00        		.byte	0
 166 0128 05        		.uleb128 0x5
 167 0129 01        		.byte	0x1
 168 012a 0000 0000 		.long	.LASF16
 169 012e 02        		.byte	0x2
 170 012f 2D        		.byte	0x2d
 171 0130 23        		.byte	0x23
 172 0131 01        		.byte	0x1
 173 0132 2400 0000 		.long	0x24
 174 0136 5101 0000 		.long	0x151
 175 013a 06        		.uleb128 0x6
 176 013b 0000 0000 		.long	.LASF12
 177 013f 02        		.byte	0x2
 178 0140 2D        		.byte	0x2d
 179 0141 31        		.byte	0x31
 180 0142 2400 0000 		.long	0x24
 181 0146 07        		.uleb128 0x7
 182 0147 6E00      		.string	"n"
 183 0149 02        		.byte	0x2
 184 014a 2E        		.byte	0x2e
 185 014b 0D        		.byte	0xd
 186 014c 2400 0000 		.long	0x24
 187 0150 00        		.byte	0
 188 0151 05        		.uleb128 0x5
 189 0152 01        		.byte	0x1
 190 0153 0000 0000 		.long	.LASF17
 191 0157 02        		.byte	0x2
 192 0158 25        		.byte	0x25
 193 0159 09        		.byte	0x9
 194 015a 01        		.byte	0x1
 195 015b 2400 0000 		.long	0x24
 196 015f 7A01 0000 		.long	0x17a
 197 0163 06        		.uleb128 0x6
 198 0164 0000 0000 		.long	.LASF12
 199 0168 02        		.byte	0x2
 200 0169 25        		.byte	0x25
 201 016a 1B        		.byte	0x1b
 202 016b 5800 0000 		.long	0x58
 203 016f 07        		.uleb128 0x7
 204 0170 6300      		.string	"c"
 205 0172 02        		.byte	0x2
 206 0173 26        		.byte	0x26
 207 0174 0D        		.byte	0xd
 208 0175 2400 0000 		.long	0x24
 209 0179 00        		.byte	0
 210 017a 05        		.uleb128 0x5
 211 017b 01        		.byte	0x1
 212 017c 0000 0000 		.long	.LASF18
 213 0180 02        		.byte	0x2
 214 0181 1F        		.byte	0x1f
 215 0182 09        		.byte	0x9
 216 0183 01        		.byte	0x1
 217 0184 2400 0000 		.long	0x24
 218 0188 A301 0000 		.long	0x1a3
 219 018c 06        		.uleb128 0x6
 220 018d 0000 0000 		.long	.LASF12
 221 0191 02        		.byte	0x2
 222 0192 1F        		.byte	0x1f
 223 0193 1B        		.byte	0x1b
 224 0194 3E00 0000 		.long	0x3e
 225 0198 07        		.uleb128 0x7
 226 0199 6300      		.string	"c"
 227 019b 02        		.byte	0x2
 228 019c 20        		.byte	0x20
 229 019d 0D        		.byte	0xd
 230 019e 2400 0000 		.long	0x24
 231 01a2 00        		.byte	0
 232 01a3 08        		.uleb128 0x8
 233 01a4 01        		.byte	0x1
 234 01a5 0000 0000 		.long	.LASF22
 235 01a9 02        		.byte	0x2
 236 01aa 15        		.byte	0x15
 237 01ab 23        		.byte	0x23
 238 01ac 01        		.byte	0x1
 239 01ad 2400 0000 		.long	0x24
 240 01b1 06        		.uleb128 0x6
 241 01b2 0000 0000 		.long	.LASF12
 242 01b6 02        		.byte	0x2
 243 01b7 15        		.byte	0x15
 244 01b8 32        		.byte	0x32
 245 01b9 2400 0000 		.long	0x24
 246 01bd 07        		.uleb128 0x7
 247 01be 6300      		.string	"c"
 248 01c0 02        		.byte	0x2
 249 01c1 16        		.byte	0x16
 250 01c2 0D        		.byte	0xd
 251 01c3 2400 0000 		.long	0x24
 252 01c7 00        		.byte	0
 253 01c8 00        		.byte	0
 254               		.section	.gnu.debuglto_.debug_abbrev,"",@progbits
 255               	.Ldebug_abbrev0:
 256 0000 01        		.uleb128 0x1
 257 0001 11        		.uleb128 0x11
 258 0002 01        		.byte	0x1
 259 0003 25        		.uleb128 0x25
 260 0004 0E        		.uleb128 0xe
 261 0005 13        		.uleb128 0x13
 262 0006 0B        		.uleb128 0xb
 263 0007 03        		.uleb128 0x3
 264 0008 0E        		.uleb128 0xe
 265 0009 1B        		.uleb128 0x1b
 266 000a 0E        		.uleb128 0xe
 267 000b 10        		.uleb128 0x10
 268 000c 06        		.uleb128 0x6
 269 000d 00        		.byte	0
 270 000e 00        		.byte	0
 271 000f 02        		.uleb128 0x2
 272 0010 24        		.uleb128 0x24
 273 0011 00        		.byte	0
 274 0012 0B        		.uleb128 0xb
 275 0013 0B        		.uleb128 0xb
 276 0014 3E        		.uleb128 0x3e
 277 0015 0B        		.uleb128 0xb
 278 0016 03        		.uleb128 0x3
 279 0017 0E        		.uleb128 0xe
 280 0018 00        		.byte	0
 281 0019 00        		.byte	0
 282 001a 03        		.uleb128 0x3
 283 001b 16        		.uleb128 0x16
 284 001c 00        		.byte	0
 285 001d 03        		.uleb128 0x3
 286 001e 0E        		.uleb128 0xe
 287 001f 3A        		.uleb128 0x3a
 288 0020 0B        		.uleb128 0xb
 289 0021 3B        		.uleb128 0x3b
 290 0022 0B        		.uleb128 0xb
 291 0023 39        		.uleb128 0x39
 292 0024 0B        		.uleb128 0xb
 293 0025 49        		.uleb128 0x49
 294 0026 13        		.uleb128 0x13
 295 0027 00        		.byte	0
 296 0028 00        		.byte	0
 297 0029 04        		.uleb128 0x4
 298 002a 24        		.uleb128 0x24
 299 002b 00        		.byte	0
 300 002c 0B        		.uleb128 0xb
 301 002d 0B        		.uleb128 0xb
 302 002e 3E        		.uleb128 0x3e
 303 002f 0B        		.uleb128 0xb
 304 0030 03        		.uleb128 0x3
 305 0031 08        		.uleb128 0x8
 306 0032 00        		.byte	0
 307 0033 00        		.byte	0
 308 0034 05        		.uleb128 0x5
 309 0035 2E        		.uleb128 0x2e
 310 0036 01        		.byte	0x1
 311 0037 3F        		.uleb128 0x3f
 312 0038 0C        		.uleb128 0xc
 313 0039 03        		.uleb128 0x3
 314 003a 0E        		.uleb128 0xe
 315 003b 3A        		.uleb128 0x3a
 316 003c 0B        		.uleb128 0xb
 317 003d 3B        		.uleb128 0x3b
 318 003e 0B        		.uleb128 0xb
 319 003f 39        		.uleb128 0x39
 320 0040 0B        		.uleb128 0xb
 321 0041 27        		.uleb128 0x27
 322 0042 0C        		.uleb128 0xc
 323 0043 49        		.uleb128 0x49
 324 0044 13        		.uleb128 0x13
 325 0045 01        		.uleb128 0x1
 326 0046 13        		.uleb128 0x13
 327 0047 00        		.byte	0
 328 0048 00        		.byte	0
 329 0049 06        		.uleb128 0x6
 330 004a 05        		.uleb128 0x5
 331 004b 00        		.byte	0
 332 004c 03        		.uleb128 0x3
 333 004d 0E        		.uleb128 0xe
 334 004e 3A        		.uleb128 0x3a
 335 004f 0B        		.uleb128 0xb
 336 0050 3B        		.uleb128 0x3b
 337 0051 0B        		.uleb128 0xb
 338 0052 39        		.uleb128 0x39
 339 0053 0B        		.uleb128 0xb
 340 0054 49        		.uleb128 0x49
 341 0055 13        		.uleb128 0x13
 342 0056 00        		.byte	0
 343 0057 00        		.byte	0
 344 0058 07        		.uleb128 0x7
 345 0059 34        		.uleb128 0x34
 346 005a 00        		.byte	0
 347 005b 03        		.uleb128 0x3
 348 005c 08        		.uleb128 0x8
 349 005d 3A        		.uleb128 0x3a
 350 005e 0B        		.uleb128 0xb
 351 005f 3B        		.uleb128 0x3b
 352 0060 0B        		.uleb128 0xb
 353 0061 39        		.uleb128 0x39
 354 0062 0B        		.uleb128 0xb
 355 0063 49        		.uleb128 0x49
 356 0064 13        		.uleb128 0x13
 357 0065 00        		.byte	0
 358 0066 00        		.byte	0
 359 0067 08        		.uleb128 0x8
 360 0068 2E        		.uleb128 0x2e
 361 0069 01        		.byte	0x1
 362 006a 3F        		.uleb128 0x3f
 363 006b 0C        		.uleb128 0xc
 364 006c 03        		.uleb128 0x3
 365 006d 0E        		.uleb128 0xe
 366 006e 3A        		.uleb128 0x3a
 367 006f 0B        		.uleb128 0xb
 368 0070 3B        		.uleb128 0x3b
 369 0071 0B        		.uleb128 0xb
 370 0072 39        		.uleb128 0x39
 371 0073 0B        		.uleb128 0xb
 372 0074 27        		.uleb128 0x27
 373 0075 0C        		.uleb128 0xc
 374 0076 49        		.uleb128 0x49
 375 0077 13        		.uleb128 0x13
 376 0078 00        		.byte	0
 377 0079 00        		.byte	0
 378 007a 00        		.byte	0
 379               		.section	.gnu.debuglto_.debug_line,"",@progbits
 380               	.Ldebug_line0:
 381 0000 5C00 0000 		.long	.LELT0-.LSLT0
 382               	.LSLT0:
 383 0004 0200      		.word	0x2
 384 0006 5600 0000 		.long	.LELTP0-.LASLTP0
 385               	.LASLTP0:
 386 000a 01        		.byte	0x1
 387 000b 01        		.byte	0x1
 388 000c F6        		.byte	0xf6
 389 000d F2        		.byte	0xf2
 390 000e 0D        		.byte	0xd
 391 000f 00        		.byte	0
 392 0010 01        		.byte	0x1
 393 0011 01        		.byte	0x1
 394 0012 01        		.byte	0x1
 395 0013 01        		.byte	0x1
 396 0014 00        		.byte	0
 397 0015 00        		.byte	0
 398 0016 00        		.byte	0
 399 0017 01        		.byte	0x1
 400 0018 00        		.byte	0
 401 0019 00        		.byte	0
 402 001a 01        		.byte	0x1
 403 001b 653A 5C67 		.ascii	"e:\\game\\msys2\\mingw64\\avr\\include"
 403      616D 655C 
 403      6D73 7973 
 403      325C 6D69 
 403      6E67 7736 
 404 003c 00        		.byte	0
 405 003d 7175 616E 		.ascii	"quantum"
 405      7475 6D
 406 0044 00        		.byte	0
 407 0045 00        		.byte	0
 408 0046 7374 6469 		.string	"stdint.h"
 408      6E74 2E68 
 408      00
 409 004f 01        		.uleb128 0x1
 410 0050 00        		.uleb128 0
 411 0051 00        		.uleb128 0
 412 0052 6269 7477 		.string	"bitwise.c"
 412      6973 652E 
 412      6300 
 413 005c 02        		.uleb128 0x2
 414 005d 00        		.uleb128 0
 415 005e 00        		.uleb128 0
 416 005f 00        		.byte	0
 417               	.LELTP0:
 418               	.LELT0:
 419               		.section	.gnu.debuglto_.debug_str,"MS",@progbits,1
 420               	.LASF21:
 421 0000 443A 5C44 		.string	"D:\\Download\\qmk_firmware\\vial-qmk"
 421      6F77 6E6C 
 421      6F61 645C 
 421      716D 6B5F 
 421      6669 726D 
 422               	.LASF13:
 423 0022 6269 7472 		.string	"bitrev"
 423      6576 00
 424               	.LASF11:
 425 0029 6269 7472 		.string	"bitrev16"
 425      6576 3136 
 425      00
 426               	.LASF20:
 427 0032 7175 616E 		.string	"quantum/bitwise.c"
 427      7475 6D2F 
 427      6269 7477 
 427      6973 652E 
 427      6300 
 428               	.LASF15:
 429 0044 6269 746F 		.string	"biton16"
 429      6E31 3600 
 430               	.LASF1:
 431 004c 756E 7369 		.string	"unsigned char"
 431      676E 6564 
 431      2063 6861 
 431      7200 
 432               	.LASF14:
 433 005a 6269 746F 		.string	"biton32"
 433      6E33 3200 
 434               	.LASF18:
 435 0062 6269 7470 		.string	"bitpop16"
 435      6F70 3136 
 435      00
 436               	.LASF7:
 437 006b 6C6F 6E67 		.string	"long unsigned int"
 437      2075 6E73 
 437      6967 6E65 
 437      6420 696E 
 437      7400 
 438               	.LASF10:
 439 007d 6269 7472 		.string	"bitrev32"
 439      6576 3332 
 439      00
 440               	.LASF19:
 441 0086 474E 5520 		.string	"GNU C99 8.4.0 -mn-flash=1 -mno-skip-bug -mmcu=avr5 -gdwarf-2 -Os -std=gnu99 -funsigned-ch
 441      4339 3920 
 441      382E 342E 
 441      3020 2D6D 
 441      6E2D 666C 
 442               	.LASF4:
 443 0177 756E 7369 		.string	"unsigned int"
 443      676E 6564 
 443      2069 6E74 
 443      00
 444               	.LASF22:
 445 0184 6269 7470 		.string	"bitpop"
 445      6F70 00
 446               	.LASF9:
 447 018b 6C6F 6E67 		.string	"long long unsigned int"
 447      206C 6F6E 
 447      6720 756E 
 447      7369 676E 
 447      6564 2069 
 448               	.LASF2:
 449 01a2 7569 6E74 		.string	"uint8_t"
 449      385F 7400 
 450               	.LASF8:
 451 01aa 6C6F 6E67 		.string	"long long int"
 451      206C 6F6E 
 451      6720 696E 
 451      7400 
 452               	.LASF16:
 453 01b8 6269 746F 		.string	"biton"
 453      6E00 
 454               	.LASF12:
 455 01be 6269 7473 		.string	"bits"
 455      00
 456               	.LASF3:
 457 01c3 7569 6E74 		.string	"uint16_t"
 457      3136 5F74 
 457      00
 458               	.LASF6:
 459 01cc 7569 6E74 		.string	"uint32_t"
 459      3332 5F74 
 459      00
 460               	.LASF5:
 461 01d5 6C6F 6E67 		.string	"long int"
 461      2069 6E74 
 461      00
 462               	.LASF0:
 463 01de 7369 676E 		.string	"signed char"
 463      6564 2063 
 463      6861 7200 
 464               	.LASF17:
 465 01ea 6269 7470 		.string	"bitpop32"
 465      6F70 3332 
 465      00
 466               		.text
 467               		.section	.gnu.lto_.profile.431fa960,"",@progbits
 468 0000 789C 6367 		.string	"x\234cg`f`d"
 468      6066 6064 
 468      00
 469 0009 0200      		.string	"\002"
 470 000b 00        		.string	""
 471 000c 6200      		.string	"b"
 472 000e 0C        		.ascii	"\f"
 473               		.text
 474               		.section	.gnu.lto_.icf.431fa960,"",@progbits
 475 0000 789C 6367 		.string	"x\234cg`f\260`@"
 475      6066 B060 
 475      4000 
 476 000a 4E86 2B33 		.string	"N\206+37\237ga|\177|\327N6\246\227\313\336\034\342c\376:\375\375\026.\226K\177\357\336\34
 476      379F 6761 
 476      7C7F 7CD7 
 476      4E36 A697 
 476      CBDE 1CE2 
 477 0047 370F 1BE8 		.ascii	"7\017\033\350"
 478               		.text
 479               		.section	.gnu.lto_.jmpfuncs.431fa960,"",@progbits
 480 0000 789C 5D8B 		.ascii	"x\234]\213\333\r\2000\f\003\317\rP\230\232\037\226`\0336kS\311"
 480      DB0D 8030 
 480      0C03 CF0D 
 480      5098 9A1F 
 480      9660 1B36 
 481 0017 8847 A2E8 		.ascii	"\210G\242\350\344S\\\t\016\236\331\220\264\23710\250\222\233"
 481      E453 5C09 
 481      0E9E D990 
 481      B49F 3130 
 481      A892 9B
 482 002a 2C61 3FD9 		.ascii	",a?\331\317\366\213}\275\377A\227D^\023\337\264\272\363\266-"
 482      CFF6 8B7D 
 482      BDFF 4197 
 482      445E 13DF 
 482      B4BA F3B6 
 483 003f F845 3A67 		.ascii	"\370E:g\227\026\364"
 483      9716 F4
 484               		.text
 485               		.section	.gnu.lto_.inline.431fa960,"",@progbits
 486 0000 789C 9D90 		.ascii	"x\234\235\220]\n\3020\020\204g\363[\245H\361A\304\247\234\310"
 486      5D0A C230 
 486      1084 67F3 
 486      5BA5 48F1 
 486      41C4 A79C 
 487 0015 4BD4 F618 		.ascii	"K\324\366\030\2427\360\b\336\302\327\036\315\235`\203\001\253"
 487      A237 F008 
 487      DEC2 D71E 
 487      CD9D 6083 
 487      01AB 
 488 0027 605E 329B 		.ascii	"`^2\233\235owH\204\305CP\316\nh.z\342\t0k*\257*P\270\336\300"
 488      9D6F 7748 
 488      84C5 4350 
 488      CE0A 682E 
 488      7AE2 0930 
 489 0043 D023 B345 		.ascii	"\320#\263E\026-\346\267\305b\243\345\024\006\316\323\004\266"
 489      162D E6B7 
 489      C562 A3E5 
 489      1406 CED3 
 489      04B6 
 490 0055 CBED A1F2 		.ascii	"\313\355\241\362e\031z8\022\016[\255\356n\024AGb\237\273_\b\217"
 490      6519 7A38 
 490      120E 5BAD 
 490      EE6E 1441 
 490      4762 9FBB 
 491 006c 1D09 4F22 		.ascii	"\035\tO\"\221H\3318.\023\001\2141\305\222\n\270\352\303\271\""
 491      9148 D938 
 491      2E13 018C 
 491      31C5 920A 
 491      B8EA C3B9 
 492 0081 0EAF E099 		.ascii	"\016\257\340\231\210h\271#\226T\237\210j\207m\371\211\267\343"
 492      8868 B923 
 492      9654 9F88 
 492      6A87 6DF9 
 492      89B7 E3
 493 0094 7C37 6F13 		.ascii	"|7o\023\322_\023\360\004\006\207W\334"
 493      D25F 13F0 
 493      0406 8757 
 493      DC
 494               		.text
 495               		.section	.gnu.lto_.pureconst.431fa960,"",@progbits
 496 0000 789C 05C1 		.string	"x\234\005\301\201\001"
 496      8101 00
 497 0007 100C 03C1 		.ascii	"\020\f\003\301\320\247\354`\330\214\224\021\335\265JO\322U\030"
 497      D0A7 EC60 
 497      D88C 9411 
 497      DDB5 4A4F 
 497      D255 18
 498 001a 6186 3298 		.ascii	"a\2062\230e\266is\314\007U.\005\210"
 498      65B6 6973 
 498      CC07 552E 
 498      0588 
 499               		.text
 500               		.section	.gnu.lto_bitpop.431fa960,"",@progbits
 501 0000 789C 5553 		.string	"x\234USMOSA\024\275w\356L\337\353\207\232`L\fa\301\212 !\005\343\006w\256\334\373\023(\25
 501      4D4F 5341 
 501      14BD 77EE 
 501      4CDF EB87 
 501      9A60 4C0C 
 502 0062 2EF1 1B23 		.string	".\361\033#\200Bk}\301\313\370\002\245A2\343S\013m\372RP\255q0&uL=/\346=\251\023\n\321\336
 502      8042 6B7D 
 502      C1CB F802 
 502      A541 32E3 
 502      530B 6DFA 
 503 0162 05A2 62FE 		.string	"\005\242b\376c\225\332M\366\234\262\216\271\305B9np@\030\220bu\345\326\333\206g\324\210\2
 503      6395 DA4D 
 503      F69C B28E 
 503      B9C5 4239 
 503      6E70 4018 
 504 021f C970 EA64 		.ascii	"\311p\352d\34799:~6}\371|*\r8\361\037\371\253\356!"
 504      E739 393A 
 504      7E36 7DF9 
 504      7C2A 0D38 
 504      F11F F9AB 
 505               		.text
 506               		.section	.gnu.lto_bitpop16.431fa960,"",@progbits
 507 0000 789C 4D53 		.string	"x\234MS\337K\223Q\030~\337\363\236o\337\334\354\007F\020\262\013/Bd\3044\272\261\273\376\
 507      DF4B 9351 
 507      187E DFF3 
 507      9E6F DFDC 
 507      EC07 4610 
 508 0063 DD00      		.string	"\335"
 509 0065 709E 6F0C 		.string	"p\236o\f\001*c\3149?\035V\250-\322\3510\355\243bX+\252l\355\365j\023\361\236d3\2766\255\0
 509      012A 63CC 
 509      393F 1D56 
 509      A82D D2E9 
 509      30ED A362 
 510 014e 1982 3F7B 		.ascii	"\031\202?{+\275h\002\230 %p,\200oh\026\037\304\305\304\302e\265"
 510      2BBD 6802 
 510      9820 2570 
 510      2C80 6F68 
 510      161F C4C5 
 511 0166 0F47 EF5F 		.ascii	"\017G\357_\265\310\266r\254t\366\346c\231\027'\301\r\273g\326"
 511      B5C8 B672 
 511      AC74 F6E6 
 511      6399 1727 
 511      C10D BB67 
 512 017b A06C E653 		.ascii	"\240l\346S\231\016D\266Q:\25386?\221\217Z\234#\314\221\035\357"
 512      990E 44B6 
 512      513A AB38 
 512      363F 918F 
 512      5A9C 23CC 
 513 0192 EECF 7FB3 		.ascii	"\356\317\177\2632^\302z\235G\302\375L\2733\231oq4\3171\255k\207"
 513      325E C27A 
 513      9D47 C2FD 
 513      4CBB 3399 
 513      6F71 34CF 
 514 01aa 9872 76AE 		.ascii	"\230rv\256\212\354Z\223\354\224\357\370\374\261\007\376\273\364"
 514      8AEC 5A93 
 514      EC94 EFF8 
 514      FCB1 07FE 
 514      BBF4 
 515 01bc 37E9 3221 		.ascii	"7\3512!\276e\315F;gf\222d\324i\376\337h\227Q\201{B\016\213\211"
 515      BE65 CD46 
 515      3B67 6692 
 515      64D4 69FE 
 515      DF68 9751 
 516 01d6 1293 8233 		.ascii	"\022\223\2023\371\212\343\325\215S\316C5\357\232x\327%\3315\354"
 516      F98A E3D5 
 516      8D53 CE43 
 516      35EF 9A78 
 516      D725 D935 
 517 01eb A0CA D989 		.ascii	"\240\312\331\211s>z\326\266\203d\307\241\246}6\244\351\303\354"
 517      733E 7AD6 
 517      B683 64C7 
 517      A1A6 7D36 
 517      A4E9 C3EC 
 518 01ff E835 4FF6 		.ascii	"\3505O\366\221\233\354\257\203q\346\310\027\r\246\223\266G\202"
 518      919B ECAF 
 518      8371 E6C8 
 518      170D A693 
 518      B647 82
 519 0212 C2E6 77A3 		.ascii	"\302\346w\243\355\312p\337\345\241\341K\335\311\201\241k\003"
 519      EDCA 70DF 
 519      E5A1 E14B 
 519      DDC9 81A1 
 519      6B03 
 520 0224 83A9 443F 		.ascii	"\203\251D?h\206\203\307\032\353DO\337\351\324\305\263\311\024"
 520      6886 83C7 
 520      1AEB 444F 
 520      DFE9 D4C5 
 520      B3C9 14
 521 0237 60FF 7F7B 		.ascii	"`\377\177{\250\355#"
 521      A8ED 23
 522               		.text
 523               		.section	.gnu.lto_bitpop32.431fa960,"",@progbits
 524 0000 789C 4D53 		.string	"x\234MSMOSA\024\275w\356\274\276\322\202M0&\206t\321\215\2044\246`\334\340\316\277\340O\2
 524      4D4F 5341 
 524      14BD 77EE 
 524      BCBE D282 
 524      4D30 2686 
 525 0064 38C7 5F0C 		.string	"8\307_\f\001\n\245\324Y\327\013\013\224\032I/L\007\250\022\226\202\266\266\367\207\245\21
 525      010A A5D4 
 525      59D7 0B0B 
 525      941A 492F 
 525      4C07 A812 
 526 00f6 BA67 F3F1 		.string	"\272g\363\361\243\371\b\245L\177u\273\374\320\351_4\375\177?P^\005^\202ca`5\332\311\372~\
 526      A3F9 08A5 
 526      4C7F 75BB 
 526      FCD0 E95F 
 526      34FD 7F3F 
 527 015b 5F51 2DAC 		.string	"_Q-\254$\215\211\206\253\342"
 527      248D 8986 
 527      ABE2 00
 528 0166 E61E 5CD6 		.string	"\346\036\\\326H\267r,\257x\343IL\017\210\223\340\272\3363kP\261\360\261F\207\"\273h:\0338
 528      48B7 722C 
 528      AF78 E349 
 528      4C0F 8893 
 528      E0BA DE33 
 529 0237 47FF 0379 		.ascii	"G\377\003y|\357r"
 529      7CEF 72
 530               		.text
 531               		.section	.gnu.lto_biton.431fa960,"",@progbits
 532 0000 789C 6D93 		.string	"x\234m\223\313KTq\024\307\317\371\235\337}\314K\241\bB\\\270\022QR\243E\264s\325\377\241a
 532      CB4B 5471 
 532      14C7 CFF9 
 532      9DDF 7DCC 
 532      4BA1 0842 
 533 0062 A09D BF18 		.string	"\240\235\277\030\001T\306\230:/\351+E\234\225i\023\325\3015Nh\263:\235\364\265rB\315\r5\0
 533      0154 C698 
 533      3A2F E92B 
 533      459C 9569 
 533      13D5 C135 
 534 0104 2899 52B6 		.ascii	"(\231R\266\374\303\275\265\213\tW\343\030\226[g\326Q\016]@\276"
 534      FCC3 BDB5 
 534      8B09 57E3 
 534      1896 5B67 
 534      D651 0E5D 
 535 011a DA67 23AF 		.ascii	"\332g#\257\235\234Y[\3571\271/\2538\374#\226@>\034\225\rd\203"
 535      9D9C 595B 
 535      EF31 B92F 
 535      AB38 FC23 
 535      9640 3E1C 
 536 0132 1613 8E44 		.string	"\026\023\216D\356\342\016O\242/1\202\366yT\362\230D\200n\202\024\257L\243\311A\232TR\362\
 536      EEE2 0E4F 
 536      A22F 3182 
 536      F679 54F2 
 536      9844 806E 
 537 0233 9C58 C4AA 		.string	"\234X\304\252m\240\364\037\324\341\305h\006U\316\300 \203zl\312\336F\235\354[\013\351m\20
 537      6DA0 F41F 
 537      D4E1 C568 
 537      0655 CEC0 
 537      2083 7A6C 
 538 026c A32F 9397 		.string	"\243/\223\227\003\256%>\365D0\326\027\357>\017w\331l\314\313\276K\360\037\002\203\t\n`\32
 538      03AE 253E 
 538      F544 30D6 
 538      17EF 3E0F 
 538      77D9 6CCC 
 539 02b0 724B 5CAB 		.ascii	"rK\\\253"
 540               		.text
 541               		.section	.gnu.lto_biton16.431fa960,"",@progbits
 542 0000 789C 6D93 		.string	"x\234m\223[KTQ\024\307\367\332k\237\353\334\272\020\224\370\340K\021\006f\364\324[\337\24
 542      5B4B 5451 
 542      14C7 F7DA 
 542      6B9F EBDC 
 542      BA10 94F8 
 543 009c CEB4 0B62 		.string	"\316\264\013b\237De\331\216\353\371\260\017\016b7\302\364\330\233\317\261\332\013Zgt\276\
 543      9F44 65D9 
 543      8EEB F9B0 
 543      0F0E 6237 
 543      C2F4 D89B 
 544 00f5 777D B145 		.ascii	"w}\261E\307\373\021a\004\320t\275\r\325p\013\250/\335\253\352"
 544      C7FB 1161 
 544      04D0 74BD 
 544      0DD5 700B 
 544      A82F DDAB 
 545 010a 9602 EEC0 		.ascii	"\226\002\356\300Zaj\376\350c\275I\254\343\372\302\3733W\022k"
 545      5A61 6AFE 
 545      E863 BD49 
 545      ACE3 FAC2 
 545      FB33 5712 
 546 011f CE73 7DF9 		.ascii	"\316s}\371\025\356\327\371t\r\331\202|\320c\316Y\325\ti\266\217"
 546      15EE D7F9 
 546      740D D982 
 546      7CD0 63CE 
 546      59D5 0969 
 547 0135 5F2D F724 		.ascii	"_-\367$l\005\243\260\30687\216\357\202-\200\256\346\336\345\347"
 547      6C05 A3B0 
 547      C638 378E 
 547      EF82 2D80 
 547      AEE6 DEE5 
 548 014a 565E 97FF 		.ascii	"V^\227\377v\352\374\267N8?\330\005K\201NW\322\0044A\231`\261"
 548      76EA FCB7 
 548      4E38 3FD8 
 548      054B 814E 
 548      57D2 0434 
 549 0162 159B A3C3 		.ascii	"\025\233\243\303\321\025\246\332\343\350s\214q\214\203Q\023\234"
 549      D115 A6DA 
 549      E3E8 738C 
 549      718C 8351 
 549      139C 
 550 0174 2739 A638 		.ascii	"'9\2468\n\221E\221\241a+\320y\221C\231\346\274#/&@\237\375\273"
 550      0A91 4591 
 550      A161 2BD0 
 550      7991 4399 
 550      E6BC 232F 
 551 018d 8E4D 4D40 		.ascii	"\216MM@\346\364n\223\231\n\362\236>|\344\022\017\225\354\302"
 551      E6F4 6E93 
 551      990A F29E 
 551      3E7C E412 
 551      0F95 ECC2 
 552 01a1 3D1A 8CD9 		.ascii	"=\032\214\331{\356\220\305\233\247\241\343w\356-\232\274\017"
 552      7BEE 90C5 
 552      9BA7 A1E3 
 552      77EE 2D9A 
 552      BC0F 
 553 01b3 A10F E354 		.ascii	"\241\017\343Tpz\244\253\027M\201\005.\334\247\202\022\354\237"
 553      707A A4AB 
 553      174D 8105 
 553      2EDC A782 
 553      12EC 9F
 554 01c6 BE77 1FC2 		.ascii	"\276w\037\302M\225-\221Z>\200\340\031\346\320\274vZ\316\332\031"
 554      4D95 2D91 
 554      5A3E 80E0 
 554      19E6 D0BC 
 554      765A CEDA 
 555 01db 3CB4 6ACE 		.ascii	"<\264j\316\317^\366CLT\317\342\305\n\261\245\302\354\243/\271"
 555      CF5E F643 
 555      4C54 CFE2 
 555      C50A B1A5 
 555      C2EC A32F 
 556 01f0 23B1 C0AC 		.ascii	"#\261\300\254\013\017\271s\016U\005\246\344A\364\241\033\344"
 556      0B0F B973 
 556      0E55 05A6 
 556      E441 F4A1 
 556      1BE4 
 557 0202 DCD2 E296 		.ascii	"\334\322\342\226\327\242\220$\251\324\366\323\251\354\217\020"
 557      D7A2 9024 
 557      A9D4 F6D3 
 557      A9EC 8F10 
 558 0212 49C1 D842 		.ascii	"I\301\330B$9\3130\003\026\215@\nr\211C\343\037a\206L\320\304"
 558      2439 CB30 
 558      0316 8D40 
 558      0A72 8943 
 558      E31F 6186 
 559 0229 E4CF D749 		.ascii	"\344\317\327Ic\006\213\343\005 ?\326<\316\033\321\234\222\305"
 559      6306 8BE3 
 559      0520 3FD6 
 559      3CCE 1BD1 
 559      9C92 C5
 560 023c E150 2453 		.ascii	"\341P$S's7CS\t\262O\246&z\365\355\360\301(x\304\017&S3;\013\332"
 560      2773 3743 
 560      5309 B24F 
 560      A626 7AF5 
 560      EDF0 C128 
 561 0259 C5EC 7604 		.ascii	"\305\354v\004\273W\301n\3631\245(v$\265\362\243\262@\302\343"
 561      BB57 C16E 
 561      F331 A528 
 561      7624 B5F2 
 561      A3B2 40C2 
 562 026e 85EC F89F 		.ascii	"\205\354\370\237\235V\226\"vi\r\225\f\273G6\315:a\025K\314\355"
 562      9D56 9622 
 562      7669 0D95 
 562      0CBB 4736 
 562      CD3A 6115 
 563 0285 CCE3 9E8A 		.ascii	"\314\343\236\212\346F\026\337Eq'\311:\031z\371\361Ag<\340\226"
 563      E646 16DF 
 563      4571 27C9 
 563      3A19 7AF9 
 563      F141 673C 
 564 029b F064 1177 		.ascii	"\360d\021w\222\271\335\bn\277\202\333\341c\276Dq+Ra\335\002N"
 564      92B9 DD08 
 564      6EBF 82DB 
 564      E163 BE44 
 564      712B 5261 
 565 02b2 F59F D3A1 		.ascii	"\365\237\323\241\271\330\304\205\316\320\244\341\364\311\226"
 565      B9D8 C485 
 565      CED0 A4E1 
 565      F4C9 96
 566 02c1 5927 9DE2 		.ascii	"Y'\235\342$sz\3638\277Gs*\026\177Eq\246\310*q~x\370\2651\300"
 566      2473 7AF3 
 566      38BF 4773 
 566      2A16 7F45 
 566      71A6 C82A 
 567 02dc 0478 BA08 		.ascii	"\004x\272\b3\305\230~\004f,\370B\273\002\264\367t\354\256\240"
 567      33C5 987E 
 567      0466 2CF8 
 567      42BB 02B4 
 567      F774 ECAE 
 568 02f1 6F8C EDC7 		.ascii	"o\214\355\307\250\273KvS^q\212\354f\351s\344\036R\210e;\333\033"
 568      A8BB 4B76 
 568      535E 718A 
 568      EC66 E973 
 568      E41E 5288 
 569 0309 5ADA DAB7 		.ascii	"Z\332\332\267\257oln\333\323\334\332T\267U(J[\227\317\255\353"
 569      AF6F 6C6E 
 569      DBD3 DCDA 
 569      54B7 5528 
 569      4A5B 97CF 
 570 031f EA1B 3634 		.ascii	"\352\03364m\333\324\330$\240\345\037\303\355\302\001"
 570      6DDB D4D8 
 570      24A0 E51F 
 570      C3ED C201 
 571               		.text
 572               		.section	.gnu.lto_biton32.431fa960,"",@progbits
 573 0000 789C 6D94 		.string	"x\234m\224\333oLQ\024\306\367\332{\237\373\231{<h\372\320'\021\222\252x\362\346_Q\251\304
 573      DB6F 4C51 
 573      14C6 F7DA 
 573      7B9F FB99 
 573      7B3C 68FA 
 574 0076 9D2D 91AD 		.string	"\235-\221\255\256\344\226\321l\243Y`\033\315\346\216\321\\\2439\340\032\315\345\236\321|\
 574      AEE4 96D1 
 574      6CA3 5960 
 574      1BCD E68E 
 574      D15C A339 
 575 00df 12CB 52CF 		.ascii	"\022\313R\317\330\363\204.9\324ayh\364Xo f\001\303|\373\216\315"
 575      D8F3 842E 
 575      39D4 6179 
 575      68F4 586F 
 575      2066 01C3 
 576 00f7 5752 734F 		.ascii	"WRsO\320\330\027-*\354\026\002n\200\320S\257C-\\\003\234\213"
 576      D0D8 172D 
 576      2AEC 1602 
 576      6E80 D053 
 576      AF43 2D5C 
 577 010e BFD5 9481 		.ascii	"\277\325\224\201\301M\230\313t\317?\265\2673)\352\251\277\377"
 577      C14D 98CB 
 577      74CF 3FB5 
 577      B733 29EA 
 577      A9BF FF
 578 0121 D3D1 7389 		.ascii	"\323\321s\2119\307\251\377\375\201\232[J\355W\022}A1\0322a\255"
 578      39C7 A9FF 
 578      FD81 9A5B 
 578      4AED 5712 
 578      7D41 311A 
 579 0138 6684 D6BF 		.ascii	"f\204\326\2779?\272/aK\270\005s\264um\3716\330\f\360\252\177"
 579      393F BA2F 
 579      614B B805 
 579      73B4 756D 
 579      F936 D80C 
 580 014f 3BFB CC2A 		.ascii	";\373\314*\252\321\261-\252\370\272\246\357\342\347\f\232\354"
 580      AAD1 B12D 
 580      AAF8 BAA6 
 580      EFE2 E70C 
 580      9AEC 
 581 0161 1692 EB20 		.ascii	"\026\222\353 t\220:X:\330\344\307\241\350R\364(\372L\317\t(\206"
 581      7490 3A58 
 581      3AD8 E4C7 
 581      A1E8 52F4 
 581      28FA 4CCF 
 582 0178 1413 1493 		.ascii	"\024\023\024\223\024S\240\327\244)\317P\314R\314Qd\254\r_\026"
 582      1453 A0D7 
 582      A429 CF50 
 582      CC52 CC51 
 582      64AC 0D5F 
 583 018d 7C0C 1254 		.ascii	"|\f\022T\221\025\004o\245|S\221\r\200:v\241\335\"\257\003\220"
 583      9115 046F 
 583      A57C 5391 
 583      0D80 3A76 
 583      A1DD 22AF 
 584 01a3 3FB2 4E67 		.ascii	"?\262Ng\272\005\221Zw\356:\223\322\273\213\024p\0077L/\276d\026"
 584      BA05 915A 
 584      77EE 3A93 
 584      D2BB 8B14 
 584      7007 374C 
 585 01bb 9761 D3DF 		.ascii	"\227a\323\337\302G\241\363.\001]\"\205\r\317\372?\374tu\203\005"
 585      C247 A1F3 
 585      2E01 5D22 
 585      850D CFFA 
 585      3FFC 7475 
 586 01d1 69B8 8B0D 		.ascii	"i\270\213\roas\371\316]0\213\252G\n\034y\017\242g[\020\372mU"
 586      6F61 73F9 
 586      CE5D 308B 
 586      AA47 0A1C 
 586      790F A267 
 587 01ea 7CDC CFD5 		.ascii	"|\334\317\325\366\331\023~6\220\037D\303~\022oV\211\315Uf/\365"
 587      F6D9 137E 
 587      3690 1F44 
 587      C37E 126F 
 587      5689 CD55 
 588 0201 9CCA DB91 		.ascii	"\234\312\333\221\3314\334\247\311\005!\25389\355D\227\360\243"
 588      D934 DCA7 
 588      C905 21AB 
 588      3839 ED44 
 588      97F0 A3
 589 0214 9C46 DA34 		.ascii	"\234F\3324\362C\034\022G\025\307\036\271\321\336)\"$\027z\247"
 589      F243 1C12 
 589      4715 C71E 
 589      B9D1 DE29 
 589      2224 177A 
 590 0229 23F1 7186 		.ascii	"#\361q\206\021]\2458C\227\2424\370\025F\300\327;\306\017\f\226"
 590      115D A538 
 590      4397 A234 
 590      F815 46C0 
 590      D73B C60F 
 591 023f 41BB 1195 		.string	"A\273\021\225\301~@C\326\024\320\301xPN\342\220\021\321UO\341\262q\225F\377\350\252\357{a
 591      C17E 4043 
 591      D614 D0C1 
 591      7850 4EE2 
 591      9011 D155 
 592 0340 4F66 60E6 		.ascii	"Of`\346\b3\214\301LF\347\330\240}\302\333\256\216\346&\311~\022"
 592      0833 8CC1 
 592      4C46 E7D8 
 592      A07D C2DB 
 592      AE8E E626 
 593 0357 A7FB 6837 		.ascii	"\247\373h7\027T\276\243\3356\374\037\242\031\234\261\354\252"
 593      1754 BEA3 
 593      DD36 FC1F 
 593      A219 9CB1 
 593      ECAA 
 594 0369 B54B 9BD7 		.ascii	"\265K\233\327\254]\271\240q\305\232\365+Z\232\352\2271\211iK"
 594      AC5D B9A0 
 594      71C5 9AF5 
 594      2B5A 9AEA 
 594      9731 8969 
 595 037e 6EA2 AE6F 		.ascii	"n\242\256oX\272\260i\371\342\306&\006\315\377\001(\003\031\250"
 595      58BA B069 
 595      F9E2 C626 
 595      06CD FF01 
 595      2803 19A8 
 596               		.text
 597               		.section	.gnu.lto_bitrev.431fa960,"",@progbits
 598 0000 789C 6D53 		.string	"x\234mSMk\023Q\024\275w\336L&i2I\2334m\023\"\270,\025k\245+w\256t\343\237h%B\027\n\332\02
 598      4D6B 1351 
 598      14BD 77DE 
 598      4C26 6932 
 598      499B 346D 
 599 0061 7B01 6017 		.string	"{\001`\027}Q"
 599      7D51 00
 600 0068 1A52 CA83 		.ascii	"\032R\312\203\366t\330@\344\311\224a\204\242\201E\234\025\347"
 600      F674 D840 
 600      E4C9 9461 
 600      84A2 8145 
 600      9C15 E7
 601 007b 04AE 2F7F 		.ascii	"\004\256/\177\332\210\016\335\224\262$\335\306\003\373\325\314"
 601      DA88 0EDD 
 601      94B2 24DD 
 601      C603 FBD5 
 601      CC
 602 008c 6B29 E6C9 		.ascii	"k)\346\311\341<)Gs8\222\003\376\340#\034\242\345\313\355\205"
 602      E13C 2947 
 602      7338 9203 
 602      FEE0 231C 
 602      A2E5 CBED 
 603 00a1 E5A8 4823 		.ascii	"\345\250H#\320\\\177S\376\026\031\\T\302\267\207d\214D\370\030"
 603      D05C 7F53 
 603      FE16 195C 
 603      54C2 B787 
 603      648C 44F8 
 604 00b6 4587 8E98 		.ascii	"E\207\216\230\354\n\002>\301A`\305\207\273\355\013N\310dk\266"
 604      EC0A 023E 
 604      C141 60C5 
 604      87BB ED0B 
 604      4EC8 646B 
 605 00cb 7C8A 2140 		.ascii	"|\212!@\032\356\254Z\256lo\325\244\273t\003\327\016\347\220\204"
 605      1AEE AC5A 
 605      AE6C 6FD5 
 605      A4BB 7403 
 605      D70E E790 
 606 00e0 6830 0802 		.ascii	"h0\b\002\303$\020\026O!\006\233/\302\f\021>v1D\371\030\343\311"
 606      C324 1016 
 606      4F21 069B 
 606      2FC2 0C11 
 606      3E76 3144 
 607 00f8 6188 3324 		.ascii	"a\2103$\230\353f\350\341c\222!\305\307^\236\322\f}\f\375\310"
 607      98EB 66E8 
 607      E163 9221 
 607      C5C7 5E9E 
 607      D20C 7D0C 
 608 010e F906 54CA 		.ascii	"\371\006T\312\214\302\254\227\270\"\240D/\314D\351BU\030\323"
 608      8CC2 AC97 
 608      B822 A044 
 608      2FCC 44E9 
 608      4255 18D3 
 609 0122 6A2E BBF0 		.ascii	"j.\273\360\021\345\302\3173\226\312\277\216\245\315\332-\233"
 609      11E5 C2CF 
 609      3396 CABF 
 609      8EA5 CDDA 
 609      2D9B 
 610 0134 E786 C086 		.ascii	"\347\206\300\206\350'\246\374\253\212\2320\210\243\336\337\257"
 610      E827 A6FC 
 610      AB8A 9A30 
 610      88A3 DEDF 
 610      AF
 611 0145 545A 6286 		.ascii	"TZb\206\336*\242\211\3170\247U-O%h\217U\233\325VT3&\371\374\333"
 611      DE2A A289 
 611      CF30 A755 
 611      2D4F 2568 
 611      8F55 9BD5 
 612 0160 F3BC 2CE2 		.ascii	"\363\274,\342y\255\276-\324Z\313\313 49@<%,\355\346#\367 J%\376"
 612      79AD BE2D 
 612      D45A CBCB 
 612      2034 3940 
 612      3C25 2CED 
 613 017b DD99 7836 		.ascii	"\335\231x6\242\267m\276\355L\034&\216\022\257\274\273\270\230"
 613      A2B7 6DBE 
 613      ED4C 1C26 
 613      8E12 AFBC 
 613      BBB8 98
 614 018e D089 0D74 		.ascii	"\320\211\rt\003I\"\264\306\242\271\277D\027q,j\266\277\306Yd"
 614      0349 22B4 
 614      C6A2 B9BF 
 614      4417 712C 
 614      6AB6 BFC6 
 615 01a4 E011 7CAE 		.ascii	"\340\021|\256DT\352aB/E\311\371?\253\030\361>+\2078\262Z\273"
 615      4454 EA61 
 615      422F 45C9 
 615      F93F AB18 
 615      F13E 2B87 
 616 01bc 3F7F CDD1 		.ascii	"?\177\315\321V\243\370B[\325k\357\275\324q\365H\307_<C|\240x"
 616      56A3 F842 
 616      5BD5 6BEF 
 616      BDD4 71F5 
 616      48C7 5F3C 
 617 01d4 4615 DFDA 		.ascii	"F\025\337\332\251x\202o;\213w\023\207{\374\351z\210\366\245K"
 617      A978 826F 
 617      3B8B 7713 
 617      877B FCE9 
 617      7A88 F6A5 
 618 01e9 1247 E956 		.ascii	"\022G\351V\233\237\357\205t\272\333E|\031l\232\332\301\252\227"
 618      9B9F EF85 
 618      74BA DB45 
 618      7C19 6C9A 
 618      DAC1 AA97 
 619 01fd 689F 559A 		.ascii	"h\237U\2328\262\2724\367\243\240\235\232\200K\301\242}\352\221"
 619      38B2 BA34 
 619      F7A3 A09D 
 619      9A80 4BC1 
 619      A27D EA91 
 620 0211 697F D12C 		.ascii	"i\177\321,\361\201\242YU\364\372Y]\364\013\226\256\236\362v\371"
 620      F181 A259 
 620      55F4 FA59 
 620      5DF4 0B96 
 620      AE9E F276 
 621 0226 8F56 11A8 		.ascii	"\217V\021\250\177\273\006@\362\344\324\330\211\302\324\361}\343"
 621      7FBB 0640 
 621      F2E4 D4D8 
 621      89C2 D4F1 
 621      7DE3 
 622 0238 1385 D313 		.ascii	"\023\205\323\023\223\371\341\243`\3228\231\332>\017\217\214\355"
 622      93F9 E1A3 
 622      60D2 3899 
 622      DA3E 0F8F 
 622      8CED 
 623 024a CF1F 3B30 		.ascii	"\317\037;0\236\207?\031\024/\200"
 623      9E87 3F19 
 623      142F 80
 624               		.text
 625               		.section	.gnu.lto_bitrev16.431fa960,"",@progbits
 626 0000 789C 6D52 		.string	"x\234mR\317KTa\024\275\347\335\357\375\230q$)\332\210\202K\021\262\\\266s\327:\372\0134&p
 626      CF4B 5461 
 626      14BD E7DD 
 626      EFFD 9871 
 626      2429 DA88 
 627 0070 8D39 18C3 		.ascii	"\2159\030\303\004?a\354\035L\317_z\3005%J\271\177p\364+\320\022"
 627      043F 61EC 
 627      1D4C CF5F 
 627      7AC0 3525 
 627      4AB9 7F70 
 628 0088 6892 F2DD 		.ascii	"h\222\362\335\322\367\027\331\216\005kC\033U\277\370\317\037"
 628      D2F7 17D9 
 628      8E05 6B43 
 628      1B55 BFF8 
 628      CF1F 
 629 009a 7EB2 72E6 		.ascii	"~\262r\346\320\244\3207\321\202\r\264\220>\330B\207\320g\352"
 629      D0A4 D037 
 629      D182 0DB4 
 629      903E D842 
 629      87D0 67EA 
 630 00ae 73EF 1BF8 		.ascii	"s\357\033\370*H\362\351\217/\327L\373|\334zx\307\346\244\r\333"
 630      2A48 F2E9 
 630      8F2F D74C 
 630      FB7C DC7A 
 630      78C7 E6A4 
 631 00c4 E07F 3A05 		.ascii	"\340\177:\005k~\r\302\016\332I{\276\255\324\2375zF\307\353\320"
 631      6B7E 0DC2 
 631      0EDA 497B 
 631      BEAD D49F 
 631      357A 46C7 
 632 00da 081E 4192 		.ascii	"\b\036A\222\345}7\262\365\363\212\215>\277\302\327[\215\220F"
 632      E57D 37B2 
 632      F5F3 8A8D 
 632      3EBF C2D7 
 632      5B8D 9046 
 633 00ee 1121 8125 		.ascii	"\021!\201%\030\243\301\225\340z\212\371\032\002\3052\032\262"
 633      18A3 C195 
 633      E07A 8AF9 
 633      1A02 C532 
 633      1AB2 
 634 0100 D0F1 B974 		.ascii	"\320\361\271t\3118S(.\030\330\210\312\354\024\342\274\030\321"
 634      C938 5328 
 634      2E18 D888 
 634      CAEC 14E2 
 634      BC18 D1
 635 0113 21EC DCEA 		.ascii	"!\354\334\352c7^y\214\360\254\262\307\232W\031U\316\322\017\224"
 635      6337 5E79 
 635      8CF0 ACB2 
 635      C79A 5719 
 635      55CE D20F 
 636 0128 DA92 523D 		.ascii	"\332\222R=\232Y\370p\236)!,\0045\366&Y\024b\027%\220\220k\262"
 636      9A59 F870 
 636      9E29 212C 
 636      0435 F626 
 636      5914 6217 
 637 0141 3D6E 4742 		.ascii	"=nGBg\351\020\240xZ^\314$\210\021Pf\314n?\232b\365\331 \300\033"
 637      67E9 10A0 
 637      785A 5ECC 
 637      2488 1150 
 637      66CC 6E3F 
 638 015c F142 4867 		.ascii	"\361BHg\345\211\256\204\344\312\322\024\225Y\265\206\004\325"
 638      E589 AE84 
 638      E4CA D214 
 638      9559 B586 
 638      04D5 
 639 016e 83BF A4F8 		.ascii	"\203\277\244\370\027Ky\233H\361\376\227\022Tc\240\370\264r\222"
 639      174B 799B 
 639      48F1 FE97 
 639      1254 63A0 
 639      F8B4 7292 
 640 0182 4AC9 C46A 		.ascii	"J\311\304j\202\204\265\230~oNpq#\214\227\250g\002\305\356\254"
 640      8284 B598 
 640      7E6F 4E70 
 640      7123 8C97 
 640      A867 02C5 
 641 0198 A7EE FC44 		.ascii	"\247\356\374D8;\224r\365/\2153\022\027\345\332]\036\034\355\031"
 641      383B 9472 
 641      F52F 8D33 
 641      1217 E5DA 
 641      5D1E 1CED 
 642 01ad 1819 EDBF 		.ascii	"\030\031\355\277\336\3337r\277o8\337y\227\214\244\303W\376\324"
 642      DEDB 3772 
 642      BF6F 38DF 
 642      7997 8CA4 
 642      C357 FED4 
 643 01c1 9D37 7ABA 		.ascii	"\2357z\272\362\367n\366\346\3517'v\273\300"
 643      F2F7 6EF6 
 643      E6E9 3727 
 643      76BB C0
 644               		.text
 645               		.section	.gnu.lto_bitrev32.431fa960,"",@progbits
 646 0000 789C 6D52 		.ascii	"x\234mR\317K\024q\024\177\237y3;\263\254\213\241x\t\003\217\""
 646      CF4B 1471 
 646      147F 9F79 
 646      333B B3AC 
 646      8BA1 7809 
 647 0017 6475 E810 		.ascii	"du\350\020]\274\371w\250l\340A!W\351\350w\307\331\335\302(l\221"
 647      5DBC F977 
 647      A86C E041 
 647      2157 E9E8 
 647      77C7 D9DD 
 648 002f 6505 2D44 		.ascii	"e\005-D\304=\211\327\362\307X\207\b:\204y\020\217!\250\325\241"
 648      C43D 89D7 
 648      F2C7 5887 
 648      083A 8479 
 648      108F 21A8 
 649 0045 2092 15D9 		.ascii	" \222\025\331\355\275\231A\024\032\230\307{\237\357\347\363\336"
 649      EDBD 9941 
 649      141A 98C7 
 649      7B9F EFE7 
 649      F3DE 
 650 0057 E7FB 665C 		.ascii	"\347\373f\\bzh\021\335&\242[\362\202\t\2261f\300-x\026\240\231"
 650      627A 6811 
 650      DD26 A25B 
 650      F282 0996 
 650      3166 C02D 
 651 006f 6D3C D0B4 		.ascii	"m<\320\264\205i<\3439\306\357\327\305\006?\345\232\020m)\017"
 651      8569 3CE3 
 651      39C6 EFD7 
 651      C506 3FE5 
 651      9A10 6D29 
 652 0084 975A 5FB3 		.ascii	"\227Z_\263Z\002=R\3769h\004\351\2765c|\023V\177\271\013/\276"
 652      5A02 3D52 
 652      FE39 6804 
 652      E9BE 3563 
 652      7C13 567F 
 653 009c 1839 B3A8 		.ascii	"\0309\263\250\"\364Mt\343\035\272I\037l\241O\350\213\315\345"
 653      22F4 4D74 
 653      E31D BA49 
 653      1F6C A14F 
 653      E88B CDE5 
 654 00b0 8F19 EE02 		.ascii	"\217\031\356\002I>\373<x\333\336\273\032I\217\362\246Md\330\006"
 654      493E FB3C 
 654      78DB DEBB 
 654      1A49 8FF2 
 654      A64D 64D8 
 655 00c5 5F53 0A76 		.ascii	"_S\nvs\026\204\035\364\222j\276m4\347\263)[\333k\323\020)\202"
 655      7316 841D 
 655      F492 6ABE 
 655      6D34 E7B3 
 655      295B DB6B 
 656 00dd 24EB 7B4E 		.ascii	"$\353{Nh\232\255\262\t\367Wp6\330\006\021\212\t\t,\301\26658"
 656      689A ADB2 
 656      09F7 5770 
 656      36D8 0611 
 656      8A09 092C 
 657 00f5 1A52 8AB9 		.ascii	"\032R\212\271\032<-\323\320\316\231\244\177\221\311\227\005\330"
 657      1A3C 2DD3 
 657      D0CE 99A4 
 657      7F91 C997 
 657      05D8 
 658 0107 3021 95D8 		.ascii	"0!\225\330*D\371LHG0\313\307/\235h\332\t\374\213\362i\224W\031"
 658      2A44 F94C 
 658      4847 30CB 
 658      C72F 9D68 
 658      DA09 FC8B 
 659 0120 554E D377 		.ascii	"UN\323w\004=qi\351\005\327>\267\322\001\374\202Wc\247\302b\016"
 659      043D 7169 
 659      E905 D73E 
 659      B7D2 01FC 
 659      8257 63A7 
 660 0137 BB08 4042 		.ascii	"\273\b@B\256q\"\377\3041\237E\"\310\314y\251\236\215\021[@i\262"
 660      AE71 22FF 
 660      C431 9F45 
 660      22C8 CC79 
 660      A99E 8D11 
 661 014f 7770 FCD7 		.ascii	"wp\374\327\323\035\273\270\201\367\262\007!]\224\032\367c\222"
 661      D31D BBB8 
 661      81F7 B207 
 661      215D 941A 
 661      F763 92
 662 0162 2353 1354 		.ascii	"#S\023T\232\325\333cT\017\256xq\377\357\345C\354%u\351\0051\335"
 662      9AD5 DB63 
 662      540F AE78 
 662      71FF EFE5 
 662      43EC 2575 
 663 017a 1385 4E79 		.ascii	"\023\205NyU\256'\3462\221\033O.\357G-uE\202F\313\370\221,\343"
 663      55AE 27E6 
 663      3291 1B4F 
 663      2EEF 472D 
 663      7545 8246 
 664 0193 27FC 3713 		.ascii	"'\3747\023\t]\277G\221\021/M~\260\216\307SC\343\223Scw\206G'"
 664      095D BF47 
 664      9111 2F4D 
 664      7EB0 8EC7 
 664      5343 E393 
 665 01ad 9F8C E673 		.ascii	"\237\214\346s\375#dK\232\357\274\254\373\357\016\335\313=z0\234"
 665      FD23 644B 
 665      9AEF BCAC 
 665      FBEF 0EDD 
 665      CB3D 7A30 
 666 01c2 A37F C671 		.ascii	"\243\177\306q\270\027"
 666      B817 
 667               		.text
 668               		.section	.gnu.lto_.symbol_nodes.431fa960,"",@progbits
 669 0000 789C 6DC9 		.string	"x\234m\311\261\r\2000\fD\321K\034\354\210\211hY\205E.d\002\306`\006\206`\027Z*P\244\320\3
 669      B10D 8030 
 669      0C44 D14B 
 669      1CEC 8889 
 669      6859 8545 
 670 002a 2288 EBDE 		.ascii	"\"\210\353\336\247\260\235x\023G\231\321~`p\177dt\277Pj)%\375"
 670      A7B0 9D78 
 670      1347 99D1 
 670      7E60 707F 
 670      6474 BF50 
 671 0042 2031 F930 		.ascii	" 1\3710p\360A\251>\030\315\207\314\354\202\230\256\355/_U\225"
 671      70F0 41A9 
 671      3E18 CD87 
 671      CCEC 8298 
 671      AEED 2F5F 
 672 0058 6C7D F6AA 		.ascii	"l}\366\252\212\007\305\322A\306"
 672      8A07 C5D2 
 672      41C6 
 673               		.text
 674               		.section	.gnu.lto_.refs.431fa960,"",@progbits
 675 0000 789C 6367 		.string	"x\234cg`f`d"
 675      6066 6064 
 675      00
 676 0009 0200      		.string	"\002"
 677 000b 00        		.string	""
 678 000c 6200      		.string	"b"
 679 000e 0C        		.ascii	"\f"
 680               		.text
 681               		.section	.gnu.lto_.decls.431fa960,"",@progbits
 682 0000 789C 7595 		.ascii	"x\234u\225]L\\E\024\307\347\334Y`YXQ$\24614\022\373\300\213\251"
 682      5D4C 5C45 
 682      14C7 E7DC 
 682      5960 5958 
 682      5124 A631 
 683 001a 7C98 469E 		.ascii	"|\230F\2364\372\340\203\211\017Fc\360\245\266\006\023\022]\252"
 683      34FA E083 
 683      890F 4663 
 683      F0A5 B606 
 683      1312 5DAA 
 684 002e 421B 9F1C 		.ascii	"B\033\237\034\252\020\374HY\202\241\004X>\264\322\322(%\032\003"
 684      AA10 FC48 
 684      5982 A104 
 684      583E B4D2 
 684      D228 251A 
 685 0043 B1B6 2CB5 		.ascii	"\261\266,\265\320V\226\002\245\266\264\013,\037\262|\024\330"
 685      D056 9602 
 685      A5B6 B40B 
 685      2C1F B27C 
 685      14D8 
 686 0055 2DD2 266D 		.ascii	"-\322&mc\3273g\356]\006\272{\263\347\316\314\231s\376\363\233"
 686      63D7 3367 
 686      EE5D 06BA 
 686      7BB3 E7CE 
 686      CC99 73FE 
 687 006b 9993 BD49 		.ascii	"\231\223\275I\214\263SI\214u2\306\3363\030\213\340\343\300\376"
 687      8CB3 5349 
 687      8C75 32C6 
 687      DE33 188B 
 687      E0E3 C0FE 
 688 007f 281A 47F3 		.ascii	"(\032G\363\242\r\240\371\230z\222\321\306\320\256\243\371\321"
 688      A20D A0F9 
 688      987A 92D1 
 688      C6D0 AEA3 
 688      F9D1 
 689 0091 A6D0 A6D1 		.ascii	"\246\320\246\321f\321\346\321\226\320V\331\243\317q\330\324\013"
 689      66D1 E6D1 
 689      96D0 56D9 
 689      A3CF 71D8 
 689      D40B 
 690 00a3 A3AD 9B7E 		.ascii	"\243\255\233~0\365\266?\247p\"\301\214OG\31309\n\265\274\353"
 690      30F5 B63F 
 690      A770 22C1 
 690      8C4F 47CB 
 690      3039 0AB5 
 691 00b9 31F2 BA63 		.ascii	"1\362\272c\344I\366l-\317\037#\357\214\306\227\211\366\256\026"
 691      E449 F66C 
 691      2DCF 1F23 
 691      EF8C C697 
 691      89F6 AE16 
 692 00cd 3F15 23BE 		.ascii	"?\025#\276\017'\022\343\360\351\271\3231r\373c\344Z\214z\356"
 692      0F27 12E3 
 692      F0E9 B9D3 
 692      3172 FB63 
 692      E45A 8C7A 
 693 00e2 6C8C DC41 		.ascii	"l\214\334A\234\260\231\2712v\335\344\265r\346c\344\214\341\204"
 693      9CB0 99B9 
 693      3276 DDE4 
 693      B572 E663 
 693      E48C E184 
 694 00f6 7D1B A7B5 		.ascii	"}\033\247\265G\311\273\201v\305\214\305\022\240;\214\245\343"
 694      47C9 BB81 
 694      76C5 8CC5 
 694      12A0 3B8C 
 694      A5E3 
 695 0108 DFA6 E333 		.ascii	"\337\246\3433\363%\367\035\264E\215_\352\254\232Z\333\237\032"
 695      F325 F71D 
 695      B445 8D5F 
 695      EAAC 9A5A 
 695      DB9F 1A
 696 011b 0E95 A7DB 		.string	"\016\225\247\333&mU\0342\035\020\001\034\273\313\003s\251j,\247{\356\337\352\002nP\277\35
 696      266D 551C 
 696      321D 1001 
 696      1CBB CB03 
 696      73A9 6A2C 
 697 021c 991A 030D 		.string	"\231\032\003\r\2615Tc\272\300\fcV\337\214R~cS\220~\300L\275\210\365(m3dSP\372\f\253f\224\
 697      B135 5463 
 697      BAC0 0C63 
 697      56DF 8C52 
 697      7E63 5390 
 698 02c2 76FE C019 		.ascii	"v\376\300\031\214\301.\224\020\335\213A\033w\021\340\320\177"
 698      8CC1 2E94 
 698      10DD 8B41 
 698      1B77 11E0 
 698      D07F 
 699 02d4 1B2B 06E1 		.ascii	"\033+\006\341\fDqN\366~\025N\211\207s\215p\376\266p\202=?\216"
 699      0C44 714E 
 699      F67E 154E 
 699      8987 738D 
 699      70FE B670 
 700 02ec 3A4C 9C87 		.ascii	":L\234\207\265\274Bx\3131\355Y\031\006W-\030L\270\252\221\334"
 700      B5BC 4278 
 700      CB31 ED59 
 700      1906 572D 
 700      184C B8AA 
 701 0302 C7F3 B84E 		.ascii	"\307\363\270N$M\337\004\302\006?D$\343g\346\333\025\211/Jrm("
 701      244D DF04 
 701      C206 3F44 
 701      24E3 67E6 
 701      DB15 892F 
 702 031a 72CF 118F 		.ascii	"r\317\021\217\344&\221\334\260H\352\226V\002\251&\311\362[\342"
 702      E426 91DC 
 702      B048 EA96 
 702      5602 A926 
 702      C9F2 5BE2 
 703 032e 5BCC 711B 		.ascii	"[\314q\0332\b\3065\216q\215c\0249\374\3041\330T\357sr\001q\356"
 703      3208 C635 
 703      8E71 8D63 
 703      1439 FCC4 
 703      31D8 54EF 
 704 0347 6CB5 C9FB 		.ascii	"l\265\311\3730\311\224^\373-\2316\351\025\006\235\370D\364\304"
 704      30C9 945E 
 704      FB2D 9936 
 704      E915 069D 
 704      F844 F4C4 
 705 035b 27E5 894F 		.ascii	"'\345\211Oh\372'Pc\212\364\335\356\265\007v^\251\364\007\253"
 705      68FA 2750 
 705      638A F4DD 
 705      EEB5 0776 
 705      5EA9 F407 
 706 0370 1F54 5A37 		.ascii	"\037TZ7x\367\250ud\006\035Y@C\rhR\021,\276i\222:\033\352\237"
 706      78F7 A875 
 706      6406 1D59 
 706      4043 0D68 
 706      5211 2CBE 
 707 038a 7C8C 1F51 		.ascii	"|\214\037QR\025\025\207\313SL\251\233OG\225\344\246g4\245\031"
 707      5215 1587 
 707      CB53 4CA9 
 707      9B4F 4795 
 707      E4A6 6734 
 708 03a0 4DE9 1A2A 		.ascii	"M\351\032*\315\222\322pK\363e'\257\213\267\351\226H\240Cj\207"
 708      CD92 D270 
 708      4BF3 6527 
 708      AF8B B7E9 
 708      9648 A043 
 709 03b6 513B E879 		.ascii	"Q;\350y\352\252\020\365BTe\321\246\347\242\233\376GnzN\323\307"
 709      EAAA 10F5 
 709      4254 65D1 
 709      A6E7 A29B 
 709      FE47 6E7A 
 710 03cd AF28 CC93 		.ascii	"\257(\314\223~hh\346\270\235{ n\235\265\366\264L$\352\267;\240"
 710      7E68 68E6 
 710      B89D 7B20 
 710      6E9D B5F6 
 710      B44C 24EA 
 711 03e4 DDEE 22DD 		.ascii	"\335\356\"\335\356\202u\273\325=\325\357\2300S\315\031\243\004"
 711      EE82 75BB 
 711      D53D D5EF 
 711      9830 53CD 
 711      19A3 04
 712 03f7 8329 1805 		.ascii	"\203)\030\005Am\247A\215\244\036I\226\210\244\255\366\273\331"
 712      416D A741 
 712      8DA4 1E49 
 712      9688 A4AD 
 712      F6BB D9
 713 040a 64DE 0E71 		.ascii	"d\336\016q\353\354\367u\317\221-\025\357\323HV\210\344\226E\322"
 713      EBEC F775 
 713      CF91 2D15 
 713      EFD3 4856 
 713      88E4 9645 
 714 041f 190A 8D58 		.ascii	"\031\n\215Xuv\356\231\350\231c\024,k$\313\032\311g\fV%\b\357"
 714      7576 EE99 
 714      E899 6314 
 714      2C6B 24CB 
 714      1AC9 670C 
 715 0437 8ECC F812 		.ascii	"\216\314\370\022\360\037T\376\034\r\002\377m\303\237C\030\034"
 715      F01F 54FE 
 715      1C0D 02FF 
 715      6DC3 9F43 
 715      181C 
 716 0449 AC41 D8A9 		.ascii	"\254A\330\251U\337\037\241}\177\030\371\031\2040gM\376\361\206"
 716      55DF 1FA1 
 716      7D7F 18F9 
 716      1984 3067 
 716      4DFE F186 
 717 045d E51F 2FF7 		.ascii	"\345\037/\367x\217\326r\222ASJ/\301\272R\020\333\025\326I\341"
 717      788F D672 
 717      9241 534A 
 717      2FC1 BA52 
 717      10DB 15D6 
 718 0473 5F0C BF8D 		.ascii	"_\f\277\215\n\024-F\201\334\362%\277\023\356\013\376\344\324"
 718      0A14 2D46 
 718      81DC F225 
 718      BF13 EE0B 
 718      FEE4 D4
 719 0486 AFA3 DF1F 		.ascii	"\257\243\337\037\272e\353\023\304`\003RiS\330b\260\377\230\307"
 719      BA65 EB13 
 719      C460 0352 
 719      6953 D862 
 719      B0FF 98C7 
 720 049a EBD4 8317 		.ascii	"\353\324\203\027\267\004\3371\203e\373\304\307e\373\\\245e\037"
 720      B704 DF31 
 720      8365 FBC4 
 720      C765 FB5C 
 720      A565 1F
 721 04ad 3DBF BFB8 		.ascii	"=\277\277\270\364P\361\247E\273\337\267\277\366\306\333Y\257"
 721      F450 F1A7 
 721      45BB DFB7 
 721      BFF6 C6DB 
 721      59AF 
 722 04bf 1614 B027 		.ascii	"\026\024\260'\243\256\3359\373r\213>(\330_\304\222\312\212]\245"
 722      A3AE DD39 
 722      FB72 8B3E 
 722      28D8 5FC4 
 722      92CA 8A5D 
 723 04d4 2FEE 2DB5 		.ascii	"/\356-\265\3136w\217\331\311\317\333[\232\210\321\007J\016\330"
 723      CB36 778F 
 723      D9C9 CFDB 
 723      5B9A 88D1 
 723      074A 0ED8 
 724 04e8 5D25 C5AE 		.ascii	"]%\305\256\017\213]E\351\217\b3\273\n\311\335cv\362\363\022\260"
 724      0F8B 5D45 
 724      E98F 0833 
 724      BB0A C9DD 
 724      6376 F2F3 
 725 04fe 53E2 4AA2 		.ascii	"S\342J\242w\356\036\325\346\347I\251O\212\016\332U\243\302\261"
 725      77EE 1ED5 
 725      E6E7 49A9 
 725      4F8A 0EDA 
 725      55A3 C2B1 
 726 0512 939F F73F 		.ascii	"\223\237\367?\237O\216\n"
 726      9F4F 8E0A 
 727               		.text
 728               		.section	.gnu.lto_.symtab.431fa960,"",@progbits
 729 0000 6269 7470 		.string	"bitpop"
 729      6F70 00
 730 0007 00        		.string	""
 731 0008 00        		.string	""
 732 0009 00        		.string	""
 733 000a 00        		.string	""
 734 000b 00        		.string	""
 735 000c 00        		.string	""
 736 000d 00        		.string	""
 737 000e 00        		.string	""
 738 000f 00        		.string	""
 739 0010 00        		.string	""
 740 0011 00        		.string	""
 741 0012 D300      		.string	"\323"
 742 0014 00        		.string	""
 743 0015 00        		.string	""
 744 0016 6269 7470 		.string	"bitpop16"
 744      6F70 3136 
 744      00
 745 001f 00        		.string	""
 746 0020 00        		.string	""
 747 0021 00        		.string	""
 748 0022 00        		.string	""
 749 0023 00        		.string	""
 750 0024 00        		.string	""
 751 0025 00        		.string	""
 752 0026 00        		.string	""
 753 0027 00        		.string	""
 754 0028 00        		.string	""
 755 0029 00        		.string	""
 756 002a D700      		.string	"\327"
 757 002c 00        		.string	""
 758 002d 00        		.string	""
 759 002e 6269 7470 		.string	"bitpop32"
 759      6F70 3332 
 759      00
 760 0037 00        		.string	""
 761 0038 00        		.string	""
 762 0039 00        		.string	""
 763 003a 00        		.string	""
 764 003b 00        		.string	""
 765 003c 00        		.string	""
 766 003d 00        		.string	""
 767 003e 00        		.string	""
 768 003f 00        		.string	""
 769 0040 00        		.string	""
 770 0041 00        		.string	""
 771 0042 DB00      		.string	"\333"
 772 0044 00        		.string	""
 773 0045 00        		.string	""
 774 0046 6269 746F 		.string	"biton"
 774      6E00 
 775 004c 00        		.string	""
 776 004d 00        		.string	""
 777 004e 00        		.string	""
 778 004f 00        		.string	""
 779 0050 00        		.string	""
 780 0051 00        		.string	""
 781 0052 00        		.string	""
 782 0053 00        		.string	""
 783 0054 00        		.string	""
 784 0055 00        		.string	""
 785 0056 00        		.string	""
 786 0057 DE00      		.string	"\336"
 787 0059 00        		.string	""
 788 005a 00        		.string	""
 789 005b 6269 746F 		.string	"biton16"
 789      6E31 3600 
 790 0063 00        		.string	""
 791 0064 00        		.string	""
 792 0065 00        		.string	""
 793 0066 00        		.string	""
 794 0067 00        		.string	""
 795 0068 00        		.string	""
 796 0069 00        		.string	""
 797 006a 00        		.string	""
 798 006b 00        		.string	""
 799 006c 00        		.string	""
 800 006d 00        		.string	""
 801 006e E000      		.string	"\340"
 802 0070 00        		.string	""
 803 0071 00        		.string	""
 804 0072 6269 746F 		.string	"biton32"
 804      6E33 3200 
 805 007a 00        		.string	""
 806 007b 00        		.string	""
 807 007c 00        		.string	""
 808 007d 00        		.string	""
 809 007e 00        		.string	""
 810 007f 00        		.string	""
 811 0080 00        		.string	""
 812 0081 00        		.string	""
 813 0082 00        		.string	""
 814 0083 00        		.string	""
 815 0084 00        		.string	""
 816 0085 E200      		.string	"\342"
 817 0087 00        		.string	""
 818 0088 00        		.string	""
 819 0089 6269 7472 		.string	"bitrev"
 819      6576 00
 820 0090 00        		.string	""
 821 0091 00        		.string	""
 822 0092 00        		.string	""
 823 0093 00        		.string	""
 824 0094 00        		.string	""
 825 0095 00        		.string	""
 826 0096 00        		.string	""
 827 0097 00        		.string	""
 828 0098 00        		.string	""
 829 0099 00        		.string	""
 830 009a 00        		.string	""
 831 009b E500      		.string	"\345"
 832 009d 00        		.string	""
 833 009e 00        		.string	""
 834 009f 6269 7472 		.string	"bitrev16"
 834      6576 3136 
 834      00
 835 00a8 00        		.string	""
 836 00a9 00        		.string	""
 837 00aa 00        		.string	""
 838 00ab 00        		.string	""
 839 00ac 00        		.string	""
 840 00ad 00        		.string	""
 841 00ae 00        		.string	""
 842 00af 00        		.string	""
 843 00b0 00        		.string	""
 844 00b1 00        		.string	""
 845 00b2 00        		.string	""
 846 00b3 E900      		.string	"\351"
 847 00b5 00        		.string	""
 848 00b6 00        		.string	""
 849 00b7 6269 7472 		.string	"bitrev32"
 849      6576 3332 
 849      00
 850 00c0 00        		.string	""
 851 00c1 00        		.string	""
 852 00c2 00        		.string	""
 853 00c3 00        		.string	""
 854 00c4 00        		.string	""
 855 00c5 00        		.string	""
 856 00c6 00        		.string	""
 857 00c7 00        		.string	""
 858 00c8 00        		.string	""
 859 00c9 00        		.string	""
 860 00ca 00        		.string	""
 861 00cb ED00      		.string	"\355"
 862 00cd 00        		.string	""
 863 00ce 00        		.string	""
 864               		.text
 865               		.section	.gnu.lto_.opts,"",@progbits
 866 0000 272D 666E 		.ascii	"'-fn"
 867 0004 6F2D 6F70 		.string	"o-openmp' '-fno-openacc' '-fno-pie' '-mn-flash=1' '-mno-skip-bug' '-mmcu=avr5' '-Os' '-We
 867      656E 6D70 
 867      2720 272D 
 867      666E 6F2D 
 867      6F70 656E 
 868               		.text
 869               		.comm	__gnu_lto_v1,1,1
 870               		.comm	__gnu_lto_slim,1,1
 871               		.ident	"GCC: (GNU) 8.4.0"
DEFINED SYMBOLS
                            *ABS*:0000000000000000 bitwise.c
C:\Users\Roningo\AppData\Local\Temp\ccmqmupG.s:2      *ABS*:000000000000003e __SP_H__
C:\Users\Roningo\AppData\Local\Temp\ccmqmupG.s:3      *ABS*:000000000000003d __SP_L__
C:\Users\Roningo\AppData\Local\Temp\ccmqmupG.s:4      *ABS*:000000000000003f __SREG__
C:\Users\Roningo\AppData\Local\Temp\ccmqmupG.s:5      *ABS*:0000000000000000 __tmp_reg__
C:\Users\Roningo\AppData\Local\Temp\ccmqmupG.s:6      *ABS*:0000000000000001 __zero_reg__
C:\Users\Roningo\AppData\Local\Temp\ccmqmupG.s:13     .gnu.debuglto_.debug_info:0000000000000000 bitwise.c.0a1ef9be
                            *COM*:0000000000000001 __gnu_lto_v1
                            *COM*:0000000000000001 __gnu_lto_slim

NO UNDEFINED SYMBOLS
