   1               		.file	"action_macro.c"
   2               	__SP_H__ = 0x3e
   3               	__SP_L__ = 0x3d
   4               	__SREG__ = 0x3f
   5               	__tmp_reg__ = 0
   6               	__zero_reg__ = 1
   7               		.file 1 "e:\\game\\msys2\\mingw64\\avr\\include\\stdint.h"
   8               		.file 2 "tmk_core/common/action_macro.h"
   9               		.file 3 "tmk_core/common/keycode.h"
  10               		.file 4 "tmk_core/common/report.h"
  11               		.file 5 "tmk_core/common/action.h"
  12               		.file 6 "tmk_core/common/action_util.h"
  13               		.file 7 "tmk_core/common/debug.h"
  14               		.file 8 "tmk_core/common/action_macro.c"
  15               		.file 9 "e:\\game\\msys2\\mingw64\\avr\\include\\util\\delay.h"
  16               		.section	.gnu.debuglto_.debug_info,"",@progbits
  17               	.Ldebug_info0:
  18               		.hidden	action_macro.c.8f010d50
  19               		.weak	action_macro.c.8f010d50
  20               	action_macro.c.8f010d50:
  21 0000 5007 0000 		.long	0x750
  22 0004 0200      		.word	0x2
  23 0006 0000 0000 		.long	.Ldebug_abbrev0
  24 000a 04        		.byte	0x4
  25 000b 01        		.uleb128 0x1
  26 000c 0000 0000 		.long	.LASF214
  27 0010 0C        		.byte	0xc
  28 0011 0000 0000 		.long	.LASF215
  29 0015 0000 0000 		.long	.LASF216
  30 0019 0000 0000 		.long	.Ldebug_line0
  31 001d 02        		.uleb128 0x2
  32 001e 01        		.byte	0x1
  33 001f 06        		.byte	0x6
  34 0020 0000 0000 		.long	.LASF0
  35 0024 03        		.uleb128 0x3
  36 0025 0000 0000 		.long	.LASF2
  37 0029 01        		.byte	0x1
  38 002a 7E        		.byte	0x7e
  39 002b 16        		.byte	0x16
  40 002c 3000 0000 		.long	0x30
  41 0030 02        		.uleb128 0x2
  42 0031 01        		.byte	0x1
  43 0032 08        		.byte	0x8
  44 0033 0000 0000 		.long	.LASF1
  45 0037 04        		.uleb128 0x4
  46 0038 02        		.byte	0x2
  47 0039 05        		.byte	0x5
  48 003a 696E 7400 		.string	"int"
  49 003e 03        		.uleb128 0x3
  50 003f 0000 0000 		.long	.LASF3
  51 0043 01        		.byte	0x1
  52 0044 80        		.byte	0x80
  53 0045 16        		.byte	0x16
  54 0046 4A00 0000 		.long	0x4a
  55 004a 02        		.uleb128 0x2
  56 004b 02        		.byte	0x2
  57 004c 07        		.byte	0x7
  58 004d 0000 0000 		.long	.LASF4
  59 0051 02        		.uleb128 0x2
  60 0052 04        		.byte	0x4
  61 0053 05        		.byte	0x5
  62 0054 0000 0000 		.long	.LASF5
  63 0058 03        		.uleb128 0x3
  64 0059 0000 0000 		.long	.LASF6
  65 005d 01        		.byte	0x1
  66 005e 82        		.byte	0x82
  67 005f 16        		.byte	0x16
  68 0060 6400 0000 		.long	0x64
  69 0064 02        		.uleb128 0x2
  70 0065 04        		.byte	0x4
  71 0066 07        		.byte	0x7
  72 0067 0000 0000 		.long	.LASF7
  73 006b 02        		.uleb128 0x2
  74 006c 08        		.byte	0x8
  75 006d 05        		.byte	0x5
  76 006e 0000 0000 		.long	.LASF8
  77 0072 02        		.uleb128 0x2
  78 0073 08        		.byte	0x8
  79 0074 07        		.byte	0x7
  80 0075 0000 0000 		.long	.LASF9
  81 0079 02        		.uleb128 0x2
  82 007a 01        		.byte	0x1
  83 007b 02        		.byte	0x2
  84 007c 0000 0000 		.long	.LASF10
  85 0080 05        		.uleb128 0x5
  86 0081 0000 0000 		.long	.LASF185
  87 0085 07        		.byte	0x7
  88 0086 01        		.byte	0x1
  89 0087 3000 0000 		.long	0x30
  90 008b 03        		.byte	0x3
  91 008c DC        		.byte	0xdc
  92 008d 06        		.byte	0x6
  93 008e A104 0000 		.long	0x4a1
  94 0092 06        		.uleb128 0x6
  95 0093 0000 0000 		.long	.LASF11
  96 0097 00        		.byte	0
  97 0098 06        		.uleb128 0x6
  98 0099 0000 0000 		.long	.LASF12
  99 009d 01        		.byte	0x1
 100 009e 06        		.uleb128 0x6
 101 009f 0000 0000 		.long	.LASF13
 102 00a3 02        		.byte	0x2
 103 00a4 06        		.uleb128 0x6
 104 00a5 0000 0000 		.long	.LASF14
 105 00a9 03        		.byte	0x3
 106 00aa 06        		.uleb128 0x6
 107 00ab 0000 0000 		.long	.LASF15
 108 00af 04        		.byte	0x4
 109 00b0 06        		.uleb128 0x6
 110 00b1 0000 0000 		.long	.LASF16
 111 00b5 05        		.byte	0x5
 112 00b6 06        		.uleb128 0x6
 113 00b7 0000 0000 		.long	.LASF17
 114 00bb 06        		.byte	0x6
 115 00bc 06        		.uleb128 0x6
 116 00bd 0000 0000 		.long	.LASF18
 117 00c1 07        		.byte	0x7
 118 00c2 06        		.uleb128 0x6
 119 00c3 0000 0000 		.long	.LASF19
 120 00c7 08        		.byte	0x8
 121 00c8 06        		.uleb128 0x6
 122 00c9 0000 0000 		.long	.LASF20
 123 00cd 09        		.byte	0x9
 124 00ce 06        		.uleb128 0x6
 125 00cf 0000 0000 		.long	.LASF21
 126 00d3 0A        		.byte	0xa
 127 00d4 06        		.uleb128 0x6
 128 00d5 0000 0000 		.long	.LASF22
 129 00d9 0B        		.byte	0xb
 130 00da 06        		.uleb128 0x6
 131 00db 0000 0000 		.long	.LASF23
 132 00df 0C        		.byte	0xc
 133 00e0 06        		.uleb128 0x6
 134 00e1 0000 0000 		.long	.LASF24
 135 00e5 0D        		.byte	0xd
 136 00e6 06        		.uleb128 0x6
 137 00e7 0000 0000 		.long	.LASF25
 138 00eb 0E        		.byte	0xe
 139 00ec 06        		.uleb128 0x6
 140 00ed 0000 0000 		.long	.LASF26
 141 00f1 0F        		.byte	0xf
 142 00f2 06        		.uleb128 0x6
 143 00f3 0000 0000 		.long	.LASF27
 144 00f7 10        		.byte	0x10
 145 00f8 06        		.uleb128 0x6
 146 00f9 0000 0000 		.long	.LASF28
 147 00fd 11        		.byte	0x11
 148 00fe 06        		.uleb128 0x6
 149 00ff 0000 0000 		.long	.LASF29
 150 0103 12        		.byte	0x12
 151 0104 06        		.uleb128 0x6
 152 0105 0000 0000 		.long	.LASF30
 153 0109 13        		.byte	0x13
 154 010a 06        		.uleb128 0x6
 155 010b 0000 0000 		.long	.LASF31
 156 010f 14        		.byte	0x14
 157 0110 06        		.uleb128 0x6
 158 0111 0000 0000 		.long	.LASF32
 159 0115 15        		.byte	0x15
 160 0116 06        		.uleb128 0x6
 161 0117 0000 0000 		.long	.LASF33
 162 011b 16        		.byte	0x16
 163 011c 06        		.uleb128 0x6
 164 011d 0000 0000 		.long	.LASF34
 165 0121 17        		.byte	0x17
 166 0122 06        		.uleb128 0x6
 167 0123 0000 0000 		.long	.LASF35
 168 0127 18        		.byte	0x18
 169 0128 06        		.uleb128 0x6
 170 0129 0000 0000 		.long	.LASF36
 171 012d 19        		.byte	0x19
 172 012e 06        		.uleb128 0x6
 173 012f 0000 0000 		.long	.LASF37
 174 0133 1A        		.byte	0x1a
 175 0134 06        		.uleb128 0x6
 176 0135 0000 0000 		.long	.LASF38
 177 0139 1B        		.byte	0x1b
 178 013a 06        		.uleb128 0x6
 179 013b 0000 0000 		.long	.LASF39
 180 013f 1C        		.byte	0x1c
 181 0140 06        		.uleb128 0x6
 182 0141 0000 0000 		.long	.LASF40
 183 0145 1D        		.byte	0x1d
 184 0146 06        		.uleb128 0x6
 185 0147 0000 0000 		.long	.LASF41
 186 014b 1E        		.byte	0x1e
 187 014c 06        		.uleb128 0x6
 188 014d 0000 0000 		.long	.LASF42
 189 0151 1F        		.byte	0x1f
 190 0152 06        		.uleb128 0x6
 191 0153 0000 0000 		.long	.LASF43
 192 0157 20        		.byte	0x20
 193 0158 06        		.uleb128 0x6
 194 0159 0000 0000 		.long	.LASF44
 195 015d 21        		.byte	0x21
 196 015e 06        		.uleb128 0x6
 197 015f 0000 0000 		.long	.LASF45
 198 0163 22        		.byte	0x22
 199 0164 06        		.uleb128 0x6
 200 0165 0000 0000 		.long	.LASF46
 201 0169 23        		.byte	0x23
 202 016a 06        		.uleb128 0x6
 203 016b 0000 0000 		.long	.LASF47
 204 016f 24        		.byte	0x24
 205 0170 06        		.uleb128 0x6
 206 0171 0000 0000 		.long	.LASF48
 207 0175 25        		.byte	0x25
 208 0176 06        		.uleb128 0x6
 209 0177 0000 0000 		.long	.LASF49
 210 017b 26        		.byte	0x26
 211 017c 06        		.uleb128 0x6
 212 017d 0000 0000 		.long	.LASF50
 213 0181 27        		.byte	0x27
 214 0182 06        		.uleb128 0x6
 215 0183 0000 0000 		.long	.LASF51
 216 0187 28        		.byte	0x28
 217 0188 06        		.uleb128 0x6
 218 0189 0000 0000 		.long	.LASF52
 219 018d 29        		.byte	0x29
 220 018e 06        		.uleb128 0x6
 221 018f 0000 0000 		.long	.LASF53
 222 0193 2A        		.byte	0x2a
 223 0194 06        		.uleb128 0x6
 224 0195 0000 0000 		.long	.LASF54
 225 0199 2B        		.byte	0x2b
 226 019a 06        		.uleb128 0x6
 227 019b 0000 0000 		.long	.LASF55
 228 019f 2C        		.byte	0x2c
 229 01a0 06        		.uleb128 0x6
 230 01a1 0000 0000 		.long	.LASF56
 231 01a5 2D        		.byte	0x2d
 232 01a6 06        		.uleb128 0x6
 233 01a7 0000 0000 		.long	.LASF57
 234 01ab 2E        		.byte	0x2e
 235 01ac 06        		.uleb128 0x6
 236 01ad 0000 0000 		.long	.LASF58
 237 01b1 2F        		.byte	0x2f
 238 01b2 06        		.uleb128 0x6
 239 01b3 0000 0000 		.long	.LASF59
 240 01b7 30        		.byte	0x30
 241 01b8 06        		.uleb128 0x6
 242 01b9 0000 0000 		.long	.LASF60
 243 01bd 31        		.byte	0x31
 244 01be 06        		.uleb128 0x6
 245 01bf 0000 0000 		.long	.LASF61
 246 01c3 32        		.byte	0x32
 247 01c4 06        		.uleb128 0x6
 248 01c5 0000 0000 		.long	.LASF62
 249 01c9 33        		.byte	0x33
 250 01ca 06        		.uleb128 0x6
 251 01cb 0000 0000 		.long	.LASF63
 252 01cf 34        		.byte	0x34
 253 01d0 06        		.uleb128 0x6
 254 01d1 0000 0000 		.long	.LASF64
 255 01d5 35        		.byte	0x35
 256 01d6 06        		.uleb128 0x6
 257 01d7 0000 0000 		.long	.LASF65
 258 01db 36        		.byte	0x36
 259 01dc 06        		.uleb128 0x6
 260 01dd 0000 0000 		.long	.LASF66
 261 01e1 37        		.byte	0x37
 262 01e2 06        		.uleb128 0x6
 263 01e3 0000 0000 		.long	.LASF67
 264 01e7 38        		.byte	0x38
 265 01e8 06        		.uleb128 0x6
 266 01e9 0000 0000 		.long	.LASF68
 267 01ed 39        		.byte	0x39
 268 01ee 06        		.uleb128 0x6
 269 01ef 0000 0000 		.long	.LASF69
 270 01f3 3A        		.byte	0x3a
 271 01f4 06        		.uleb128 0x6
 272 01f5 0000 0000 		.long	.LASF70
 273 01f9 3B        		.byte	0x3b
 274 01fa 06        		.uleb128 0x6
 275 01fb 0000 0000 		.long	.LASF71
 276 01ff 3C        		.byte	0x3c
 277 0200 06        		.uleb128 0x6
 278 0201 0000 0000 		.long	.LASF72
 279 0205 3D        		.byte	0x3d
 280 0206 06        		.uleb128 0x6
 281 0207 0000 0000 		.long	.LASF73
 282 020b 3E        		.byte	0x3e
 283 020c 06        		.uleb128 0x6
 284 020d 0000 0000 		.long	.LASF74
 285 0211 3F        		.byte	0x3f
 286 0212 06        		.uleb128 0x6
 287 0213 0000 0000 		.long	.LASF75
 288 0217 40        		.byte	0x40
 289 0218 06        		.uleb128 0x6
 290 0219 0000 0000 		.long	.LASF76
 291 021d 41        		.byte	0x41
 292 021e 06        		.uleb128 0x6
 293 021f 0000 0000 		.long	.LASF77
 294 0223 42        		.byte	0x42
 295 0224 06        		.uleb128 0x6
 296 0225 0000 0000 		.long	.LASF78
 297 0229 43        		.byte	0x43
 298 022a 06        		.uleb128 0x6
 299 022b 0000 0000 		.long	.LASF79
 300 022f 44        		.byte	0x44
 301 0230 06        		.uleb128 0x6
 302 0231 0000 0000 		.long	.LASF80
 303 0235 45        		.byte	0x45
 304 0236 06        		.uleb128 0x6
 305 0237 0000 0000 		.long	.LASF81
 306 023b 46        		.byte	0x46
 307 023c 06        		.uleb128 0x6
 308 023d 0000 0000 		.long	.LASF82
 309 0241 47        		.byte	0x47
 310 0242 06        		.uleb128 0x6
 311 0243 0000 0000 		.long	.LASF83
 312 0247 48        		.byte	0x48
 313 0248 06        		.uleb128 0x6
 314 0249 0000 0000 		.long	.LASF84
 315 024d 49        		.byte	0x49
 316 024e 06        		.uleb128 0x6
 317 024f 0000 0000 		.long	.LASF85
 318 0253 4A        		.byte	0x4a
 319 0254 06        		.uleb128 0x6
 320 0255 0000 0000 		.long	.LASF86
 321 0259 4B        		.byte	0x4b
 322 025a 06        		.uleb128 0x6
 323 025b 0000 0000 		.long	.LASF87
 324 025f 4C        		.byte	0x4c
 325 0260 06        		.uleb128 0x6
 326 0261 0000 0000 		.long	.LASF88
 327 0265 4D        		.byte	0x4d
 328 0266 06        		.uleb128 0x6
 329 0267 0000 0000 		.long	.LASF89
 330 026b 4E        		.byte	0x4e
 331 026c 06        		.uleb128 0x6
 332 026d 0000 0000 		.long	.LASF90
 333 0271 4F        		.byte	0x4f
 334 0272 06        		.uleb128 0x6
 335 0273 0000 0000 		.long	.LASF91
 336 0277 50        		.byte	0x50
 337 0278 06        		.uleb128 0x6
 338 0279 0000 0000 		.long	.LASF92
 339 027d 51        		.byte	0x51
 340 027e 06        		.uleb128 0x6
 341 027f 0000 0000 		.long	.LASF93
 342 0283 52        		.byte	0x52
 343 0284 06        		.uleb128 0x6
 344 0285 0000 0000 		.long	.LASF94
 345 0289 53        		.byte	0x53
 346 028a 06        		.uleb128 0x6
 347 028b 0000 0000 		.long	.LASF95
 348 028f 54        		.byte	0x54
 349 0290 06        		.uleb128 0x6
 350 0291 0000 0000 		.long	.LASF96
 351 0295 55        		.byte	0x55
 352 0296 06        		.uleb128 0x6
 353 0297 0000 0000 		.long	.LASF97
 354 029b 56        		.byte	0x56
 355 029c 06        		.uleb128 0x6
 356 029d 0000 0000 		.long	.LASF98
 357 02a1 57        		.byte	0x57
 358 02a2 06        		.uleb128 0x6
 359 02a3 0000 0000 		.long	.LASF99
 360 02a7 58        		.byte	0x58
 361 02a8 06        		.uleb128 0x6
 362 02a9 0000 0000 		.long	.LASF100
 363 02ad 59        		.byte	0x59
 364 02ae 06        		.uleb128 0x6
 365 02af 0000 0000 		.long	.LASF101
 366 02b3 5A        		.byte	0x5a
 367 02b4 06        		.uleb128 0x6
 368 02b5 0000 0000 		.long	.LASF102
 369 02b9 5B        		.byte	0x5b
 370 02ba 06        		.uleb128 0x6
 371 02bb 0000 0000 		.long	.LASF103
 372 02bf 5C        		.byte	0x5c
 373 02c0 06        		.uleb128 0x6
 374 02c1 0000 0000 		.long	.LASF104
 375 02c5 5D        		.byte	0x5d
 376 02c6 06        		.uleb128 0x6
 377 02c7 0000 0000 		.long	.LASF105
 378 02cb 5E        		.byte	0x5e
 379 02cc 06        		.uleb128 0x6
 380 02cd 0000 0000 		.long	.LASF106
 381 02d1 5F        		.byte	0x5f
 382 02d2 06        		.uleb128 0x6
 383 02d3 0000 0000 		.long	.LASF107
 384 02d7 60        		.byte	0x60
 385 02d8 06        		.uleb128 0x6
 386 02d9 0000 0000 		.long	.LASF108
 387 02dd 61        		.byte	0x61
 388 02de 06        		.uleb128 0x6
 389 02df 0000 0000 		.long	.LASF109
 390 02e3 62        		.byte	0x62
 391 02e4 06        		.uleb128 0x6
 392 02e5 0000 0000 		.long	.LASF110
 393 02e9 63        		.byte	0x63
 394 02ea 06        		.uleb128 0x6
 395 02eb 0000 0000 		.long	.LASF111
 396 02ef 64        		.byte	0x64
 397 02f0 06        		.uleb128 0x6
 398 02f1 0000 0000 		.long	.LASF112
 399 02f5 65        		.byte	0x65
 400 02f6 06        		.uleb128 0x6
 401 02f7 0000 0000 		.long	.LASF113
 402 02fb 66        		.byte	0x66
 403 02fc 06        		.uleb128 0x6
 404 02fd 0000 0000 		.long	.LASF114
 405 0301 67        		.byte	0x67
 406 0302 06        		.uleb128 0x6
 407 0303 0000 0000 		.long	.LASF115
 408 0307 68        		.byte	0x68
 409 0308 06        		.uleb128 0x6
 410 0309 0000 0000 		.long	.LASF116
 411 030d 69        		.byte	0x69
 412 030e 06        		.uleb128 0x6
 413 030f 0000 0000 		.long	.LASF117
 414 0313 6A        		.byte	0x6a
 415 0314 06        		.uleb128 0x6
 416 0315 0000 0000 		.long	.LASF118
 417 0319 6B        		.byte	0x6b
 418 031a 06        		.uleb128 0x6
 419 031b 0000 0000 		.long	.LASF119
 420 031f 6C        		.byte	0x6c
 421 0320 06        		.uleb128 0x6
 422 0321 0000 0000 		.long	.LASF120
 423 0325 6D        		.byte	0x6d
 424 0326 06        		.uleb128 0x6
 425 0327 0000 0000 		.long	.LASF121
 426 032b 6E        		.byte	0x6e
 427 032c 06        		.uleb128 0x6
 428 032d 0000 0000 		.long	.LASF122
 429 0331 6F        		.byte	0x6f
 430 0332 06        		.uleb128 0x6
 431 0333 0000 0000 		.long	.LASF123
 432 0337 70        		.byte	0x70
 433 0338 06        		.uleb128 0x6
 434 0339 0000 0000 		.long	.LASF124
 435 033d 71        		.byte	0x71
 436 033e 06        		.uleb128 0x6
 437 033f 0000 0000 		.long	.LASF125
 438 0343 72        		.byte	0x72
 439 0344 06        		.uleb128 0x6
 440 0345 0000 0000 		.long	.LASF126
 441 0349 73        		.byte	0x73
 442 034a 06        		.uleb128 0x6
 443 034b 0000 0000 		.long	.LASF127
 444 034f 74        		.byte	0x74
 445 0350 06        		.uleb128 0x6
 446 0351 0000 0000 		.long	.LASF128
 447 0355 75        		.byte	0x75
 448 0356 06        		.uleb128 0x6
 449 0357 0000 0000 		.long	.LASF129
 450 035b 76        		.byte	0x76
 451 035c 06        		.uleb128 0x6
 452 035d 0000 0000 		.long	.LASF130
 453 0361 77        		.byte	0x77
 454 0362 06        		.uleb128 0x6
 455 0363 0000 0000 		.long	.LASF131
 456 0367 78        		.byte	0x78
 457 0368 06        		.uleb128 0x6
 458 0369 0000 0000 		.long	.LASF132
 459 036d 79        		.byte	0x79
 460 036e 06        		.uleb128 0x6
 461 036f 0000 0000 		.long	.LASF133
 462 0373 7A        		.byte	0x7a
 463 0374 06        		.uleb128 0x6
 464 0375 0000 0000 		.long	.LASF134
 465 0379 7B        		.byte	0x7b
 466 037a 06        		.uleb128 0x6
 467 037b 0000 0000 		.long	.LASF135
 468 037f 7C        		.byte	0x7c
 469 0380 06        		.uleb128 0x6
 470 0381 0000 0000 		.long	.LASF136
 471 0385 7D        		.byte	0x7d
 472 0386 06        		.uleb128 0x6
 473 0387 0000 0000 		.long	.LASF137
 474 038b 7E        		.byte	0x7e
 475 038c 06        		.uleb128 0x6
 476 038d 0000 0000 		.long	.LASF138
 477 0391 7F        		.byte	0x7f
 478 0392 06        		.uleb128 0x6
 479 0393 0000 0000 		.long	.LASF139
 480 0397 80        		.byte	0x80
 481 0398 06        		.uleb128 0x6
 482 0399 0000 0000 		.long	.LASF140
 483 039d 81        		.byte	0x81
 484 039e 06        		.uleb128 0x6
 485 039f 0000 0000 		.long	.LASF141
 486 03a3 82        		.byte	0x82
 487 03a4 06        		.uleb128 0x6
 488 03a5 0000 0000 		.long	.LASF142
 489 03a9 83        		.byte	0x83
 490 03aa 06        		.uleb128 0x6
 491 03ab 0000 0000 		.long	.LASF143
 492 03af 84        		.byte	0x84
 493 03b0 06        		.uleb128 0x6
 494 03b1 0000 0000 		.long	.LASF144
 495 03b5 85        		.byte	0x85
 496 03b6 06        		.uleb128 0x6
 497 03b7 0000 0000 		.long	.LASF145
 498 03bb 86        		.byte	0x86
 499 03bc 06        		.uleb128 0x6
 500 03bd 0000 0000 		.long	.LASF146
 501 03c1 87        		.byte	0x87
 502 03c2 06        		.uleb128 0x6
 503 03c3 0000 0000 		.long	.LASF147
 504 03c7 88        		.byte	0x88
 505 03c8 06        		.uleb128 0x6
 506 03c9 0000 0000 		.long	.LASF148
 507 03cd 89        		.byte	0x89
 508 03ce 06        		.uleb128 0x6
 509 03cf 0000 0000 		.long	.LASF149
 510 03d3 8A        		.byte	0x8a
 511 03d4 06        		.uleb128 0x6
 512 03d5 0000 0000 		.long	.LASF150
 513 03d9 8B        		.byte	0x8b
 514 03da 06        		.uleb128 0x6
 515 03db 0000 0000 		.long	.LASF151
 516 03df 8C        		.byte	0x8c
 517 03e0 06        		.uleb128 0x6
 518 03e1 0000 0000 		.long	.LASF152
 519 03e5 8D        		.byte	0x8d
 520 03e6 06        		.uleb128 0x6
 521 03e7 0000 0000 		.long	.LASF153
 522 03eb 8E        		.byte	0x8e
 523 03ec 06        		.uleb128 0x6
 524 03ed 0000 0000 		.long	.LASF154
 525 03f1 8F        		.byte	0x8f
 526 03f2 06        		.uleb128 0x6
 527 03f3 0000 0000 		.long	.LASF155
 528 03f7 90        		.byte	0x90
 529 03f8 06        		.uleb128 0x6
 530 03f9 0000 0000 		.long	.LASF156
 531 03fd 91        		.byte	0x91
 532 03fe 06        		.uleb128 0x6
 533 03ff 0000 0000 		.long	.LASF157
 534 0403 92        		.byte	0x92
 535 0404 06        		.uleb128 0x6
 536 0405 0000 0000 		.long	.LASF158
 537 0409 93        		.byte	0x93
 538 040a 06        		.uleb128 0x6
 539 040b 0000 0000 		.long	.LASF159
 540 040f 94        		.byte	0x94
 541 0410 06        		.uleb128 0x6
 542 0411 0000 0000 		.long	.LASF160
 543 0415 95        		.byte	0x95
 544 0416 06        		.uleb128 0x6
 545 0417 0000 0000 		.long	.LASF161
 546 041b 96        		.byte	0x96
 547 041c 06        		.uleb128 0x6
 548 041d 0000 0000 		.long	.LASF162
 549 0421 97        		.byte	0x97
 550 0422 06        		.uleb128 0x6
 551 0423 0000 0000 		.long	.LASF163
 552 0427 98        		.byte	0x98
 553 0428 06        		.uleb128 0x6
 554 0429 0000 0000 		.long	.LASF164
 555 042d 99        		.byte	0x99
 556 042e 06        		.uleb128 0x6
 557 042f 0000 0000 		.long	.LASF165
 558 0433 9A        		.byte	0x9a
 559 0434 06        		.uleb128 0x6
 560 0435 0000 0000 		.long	.LASF166
 561 0439 9B        		.byte	0x9b
 562 043a 06        		.uleb128 0x6
 563 043b 0000 0000 		.long	.LASF167
 564 043f 9C        		.byte	0x9c
 565 0440 06        		.uleb128 0x6
 566 0441 0000 0000 		.long	.LASF168
 567 0445 9D        		.byte	0x9d
 568 0446 06        		.uleb128 0x6
 569 0447 0000 0000 		.long	.LASF169
 570 044b 9E        		.byte	0x9e
 571 044c 06        		.uleb128 0x6
 572 044d 0000 0000 		.long	.LASF170
 573 0451 9F        		.byte	0x9f
 574 0452 06        		.uleb128 0x6
 575 0453 0000 0000 		.long	.LASF171
 576 0457 A0        		.byte	0xa0
 577 0458 06        		.uleb128 0x6
 578 0459 0000 0000 		.long	.LASF172
 579 045d A1        		.byte	0xa1
 580 045e 06        		.uleb128 0x6
 581 045f 0000 0000 		.long	.LASF173
 582 0463 A2        		.byte	0xa2
 583 0464 06        		.uleb128 0x6
 584 0465 0000 0000 		.long	.LASF174
 585 0469 A3        		.byte	0xa3
 586 046a 06        		.uleb128 0x6
 587 046b 0000 0000 		.long	.LASF175
 588 046f A4        		.byte	0xa4
 589 0470 06        		.uleb128 0x6
 590 0471 0000 0000 		.long	.LASF176
 591 0475 E0        		.byte	0xe0
 592 0476 06        		.uleb128 0x6
 593 0477 0000 0000 		.long	.LASF177
 594 047b E1        		.byte	0xe1
 595 047c 06        		.uleb128 0x6
 596 047d 0000 0000 		.long	.LASF178
 597 0481 E2        		.byte	0xe2
 598 0482 06        		.uleb128 0x6
 599 0483 0000 0000 		.long	.LASF179
 600 0487 E3        		.byte	0xe3
 601 0488 06        		.uleb128 0x6
 602 0489 0000 0000 		.long	.LASF180
 603 048d E4        		.byte	0xe4
 604 048e 06        		.uleb128 0x6
 605 048f 0000 0000 		.long	.LASF181
 606 0493 E5        		.byte	0xe5
 607 0494 06        		.uleb128 0x6
 608 0495 0000 0000 		.long	.LASF182
 609 0499 E6        		.byte	0xe6
 610 049a 06        		.uleb128 0x6
 611 049b 0000 0000 		.long	.LASF183
 612 049f E7        		.byte	0xe7
 613 04a0 00        		.byte	0
 614 04a1 03        		.uleb128 0x3
 615 04a2 0000 0000 		.long	.LASF184
 616 04a6 02        		.byte	0x2
 617 04a7 17        		.byte	0x17
 618 04a8 11        		.byte	0x11
 619 04a9 2400 0000 		.long	0x24
 620 04ad 07        		.uleb128 0x7
 621 04ae A104 0000 		.long	0x4a1
 622 04b2 05        		.uleb128 0x5
 623 04b3 0000 0000 		.long	.LASF186
 624 04b7 07        		.byte	0x7
 625 04b8 01        		.byte	0x1
 626 04b9 3000 0000 		.long	0x30
 627 04bd 02        		.byte	0x2
 628 04be 51        		.byte	0x51
 629 04bf 06        		.byte	0x6
 630 04c0 E304 0000 		.long	0x4e3
 631 04c4 08        		.uleb128 0x8
 632 04c5 454E 4400 		.string	"END"
 633 04c9 00        		.byte	0
 634 04ca 06        		.uleb128 0x6
 635 04cb 0000 0000 		.long	.LASF187
 636 04cf 01        		.byte	0x1
 637 04d0 06        		.uleb128 0x6
 638 04d1 0000 0000 		.long	.LASF188
 639 04d5 02        		.byte	0x2
 640 04d6 06        		.uleb128 0x6
 641 04d7 0000 0000 		.long	.LASF189
 642 04db 74        		.byte	0x74
 643 04dc 06        		.uleb128 0x6
 644 04dd 0000 0000 		.long	.LASF190
 645 04e1 75        		.byte	0x75
 646 04e2 00        		.byte	0
 647 04e3 09        		.uleb128 0x9
 648 04e4 0000 0000 		.long	.LASF195
 649 04e8 05        		.byte	0x5
 650 04e9 4B        		.byte	0x4b
 651 04ea 0D        		.byte	0xd
 652 04eb 7900 0000 		.long	0x79
 653 04ef 01        		.byte	0x1
 654 04f0 01        		.byte	0x1
 655 04f1 0A        		.uleb128 0xa
 656 04f2 08        		.byte	0x8
 657 04f3 04        		.byte	0x4
 658 04f4 AD        		.byte	0xad
 659 04f5 05        		.byte	0x5
 660 04f6 2805 0000 		.long	0x528
 661 04fa 0B        		.uleb128 0xb
 662 04fb 0000 0000 		.long	.LASF191
 663 04ff 04        		.byte	0x4
 664 0500 B1        		.byte	0xb1
 665 0501 11        		.byte	0x11
 666 0502 2400 0000 		.long	0x24
 667 0506 02        		.byte	0x2
 668 0507 23        		.byte	0x23
 669 0508 00        		.uleb128 0
 670 0509 0B        		.uleb128 0xb
 671 050a 0000 0000 		.long	.LASF192
 672 050e 04        		.byte	0x4
 673 050f B2        		.byte	0xb2
 674 0510 11        		.byte	0x11
 675 0511 2400 0000 		.long	0x24
 676 0515 02        		.byte	0x2
 677 0516 23        		.byte	0x23
 678 0517 01        		.uleb128 0x1
 679 0518 0B        		.uleb128 0xb
 680 0519 0000 0000 		.long	.LASF193
 681 051d 04        		.byte	0x4
 682 051e B3        		.byte	0xb3
 683 051f 11        		.byte	0x11
 684 0520 2805 0000 		.long	0x528
 685 0524 02        		.byte	0x2
 686 0525 23        		.byte	0x23
 687 0526 02        		.uleb128 0x2
 688 0527 00        		.byte	0
 689 0528 0C        		.uleb128 0xc
 690 0529 2400 0000 		.long	0x24
 691 052d 3805 0000 		.long	0x538
 692 0531 0D        		.uleb128 0xd
 693 0532 4A00 0000 		.long	0x4a
 694 0536 05        		.byte	0x5
 695 0537 00        		.byte	0
 696 0538 0E        		.uleb128 0xe
 697 0539 08        		.byte	0x8
 698 053a 04        		.byte	0x4
 699 053b AB        		.byte	0xab
 700 053c 09        		.byte	0x9
 701 053d 5305 0000 		.long	0x553
 702 0541 0F        		.uleb128 0xf
 703 0542 7261 7700 		.string	"raw"
 704 0546 04        		.byte	0x4
 705 0547 AC        		.byte	0xac
 706 0548 0D        		.byte	0xd
 707 0549 5305 0000 		.long	0x553
 708 054d 10        		.uleb128 0x10
 709 054e F104 0000 		.long	0x4f1
 710 0552 00        		.byte	0
 711 0553 0C        		.uleb128 0xc
 712 0554 2400 0000 		.long	0x24
 713 0558 6305 0000 		.long	0x563
 714 055c 0D        		.uleb128 0xd
 715 055d 4A00 0000 		.long	0x4a
 716 0561 07        		.byte	0x7
 717 0562 00        		.byte	0
 718 0563 03        		.uleb128 0x3
 719 0564 0000 0000 		.long	.LASF194
 720 0568 04        		.byte	0x4
 721 0569 BE        		.byte	0xbe
 722 056a 1B        		.byte	0x1b
 723 056b 3805 0000 		.long	0x538
 724 056f 09        		.uleb128 0x9
 725 0570 0000 0000 		.long	.LASF196
 726 0574 06        		.byte	0x6
 727 0575 1B        		.byte	0x1b
 728 0576 1B        		.byte	0x1b
 729 0577 7D05 0000 		.long	0x57d
 730 057b 01        		.byte	0x1
 731 057c 01        		.byte	0x1
 732 057d 11        		.uleb128 0x11
 733 057e 02        		.byte	0x2
 734 057f 6305 0000 		.long	0x563
 735 0583 0A        		.uleb128 0xa
 736 0584 01        		.byte	0x1
 737 0585 07        		.byte	0x7
 738 0586 1F        		.byte	0x1f
 739 0587 05        		.byte	0x5
 740 0588 E705 0000 		.long	0x5e7
 741 058c 12        		.uleb128 0x12
 742 058d 0000 0000 		.long	.LASF197
 743 0591 07        		.byte	0x7
 744 0592 20        		.byte	0x20
 745 0593 11        		.byte	0x11
 746 0594 7900 0000 		.long	0x79
 747 0598 01        		.byte	0x1
 748 0599 01        		.byte	0x1
 749 059a 07        		.byte	0x7
 750 059b 02        		.byte	0x2
 751 059c 23        		.byte	0x23
 752 059d 00        		.uleb128 0
 753 059e 12        		.uleb128 0x12
 754 059f 0000 0000 		.long	.LASF198
 755 05a3 07        		.byte	0x7
 756 05a4 21        		.byte	0x21
 757 05a5 11        		.byte	0x11
 758 05a6 7900 0000 		.long	0x79
 759 05aa 01        		.byte	0x1
 760 05ab 01        		.byte	0x1
 761 05ac 06        		.byte	0x6
 762 05ad 02        		.byte	0x2
 763 05ae 23        		.byte	0x23
 764 05af 00        		.uleb128 0
 765 05b0 12        		.uleb128 0x12
 766 05b1 0000 0000 		.long	.LASF199
 767 05b5 07        		.byte	0x7
 768 05b6 22        		.byte	0x22
 769 05b7 11        		.byte	0x11
 770 05b8 7900 0000 		.long	0x79
 771 05bc 01        		.byte	0x1
 772 05bd 01        		.byte	0x1
 773 05be 05        		.byte	0x5
 774 05bf 02        		.byte	0x2
 775 05c0 23        		.byte	0x23
 776 05c1 00        		.uleb128 0
 777 05c2 12        		.uleb128 0x12
 778 05c3 0000 0000 		.long	.LASF200
 779 05c7 07        		.byte	0x7
 780 05c8 23        		.byte	0x23
 781 05c9 11        		.byte	0x11
 782 05ca 7900 0000 		.long	0x79
 783 05ce 01        		.byte	0x1
 784 05cf 01        		.byte	0x1
 785 05d0 04        		.byte	0x4
 786 05d1 02        		.byte	0x2
 787 05d2 23        		.byte	0x23
 788 05d3 00        		.uleb128 0
 789 05d4 12        		.uleb128 0x12
 790 05d5 0000 0000 		.long	.LASF192
 791 05d9 07        		.byte	0x7
 792 05da 24        		.byte	0x24
 793 05db 11        		.byte	0x11
 794 05dc 2400 0000 		.long	0x24
 795 05e0 01        		.byte	0x1
 796 05e1 04        		.byte	0x4
 797 05e2 00        		.byte	0
 798 05e3 02        		.byte	0x2
 799 05e4 23        		.byte	0x23
 800 05e5 00        		.uleb128 0
 801 05e6 00        		.byte	0
 802 05e7 0E        		.uleb128 0xe
 803 05e8 01        		.byte	0x1
 804 05e9 07        		.byte	0x7
 805 05ea 1E        		.byte	0x1e
 806 05eb 09        		.byte	0x9
 807 05ec 0206 0000 		.long	0x602
 808 05f0 10        		.uleb128 0x10
 809 05f1 8305 0000 		.long	0x583
 810 05f5 0F        		.uleb128 0xf
 811 05f6 7261 7700 		.string	"raw"
 812 05fa 07        		.byte	0x7
 813 05fb 26        		.byte	0x26
 814 05fc 0D        		.byte	0xd
 815 05fd 2400 0000 		.long	0x24
 816 0601 00        		.byte	0
 817 0602 03        		.uleb128 0x3
 818 0603 0000 0000 		.long	.LASF201
 819 0607 07        		.byte	0x7
 820 0608 27        		.byte	0x27
 821 0609 03        		.byte	0x3
 822 060a E705 0000 		.long	0x5e7
 823 060e 09        		.uleb128 0x9
 824 060f 0000 0000 		.long	.LASF202
 825 0613 07        		.byte	0x7
 826 0614 29        		.byte	0x29
 827 0615 17        		.byte	0x17
 828 0616 0206 0000 		.long	0x602
 829 061a 01        		.byte	0x1
 830 061b 01        		.byte	0x1
 831 061c 13        		.uleb128 0x13
 832 061d 01        		.byte	0x1
 833 061e 0000 0000 		.long	.LASF211
 834 0622 08        		.byte	0x8
 835 0623 23        		.byte	0x23
 836 0624 06        		.byte	0x6
 837 0625 01        		.byte	0x1
 838 0626 0307 0000 		.long	0x703
 839 062a 14        		.uleb128 0x14
 840 062b 0000 0000 		.long	.LASF207
 841 062f 08        		.byte	0x8
 842 0630 23        		.byte	0x23
 843 0631 27        		.byte	0x27
 844 0632 0307 0000 		.long	0x703
 845 0636 15        		.uleb128 0x15
 846 0637 0000 0000 		.long	.LASF203
 847 063b 08        		.byte	0x8
 848 063c 24        		.byte	0x24
 849 063d 0D        		.byte	0xd
 850 063e A104 0000 		.long	0x4a1
 851 0642 15        		.uleb128 0x15
 852 0643 0000 0000 		.long	.LASF204
 853 0647 08        		.byte	0x8
 854 0648 25        		.byte	0x25
 855 0649 0D        		.byte	0xd
 856 064a 2400 0000 		.long	0x24
 857 064e 16        		.uleb128 0x16
 858 064f 6C06 0000 		.long	0x66c
 859 0653 15        		.uleb128 0x15
 860 0654 0000 0000 		.long	.LASF205
 861 0658 08        		.byte	0x8
 862 0659 29        		.byte	0x29
 863 065a 11        		.byte	0x11
 864 065b 3E00 0000 		.long	0x3e
 865 065f 15        		.uleb128 0x15
 866 0660 0000 0000 		.long	.LASF206
 867 0664 08        		.byte	0x8
 868 0665 29        		.byte	0x29
 869 0666 11        		.byte	0x11
 870 0667 2400 0000 		.long	0x24
 871 066b 00        		.byte	0
 872 066c 16        		.uleb128 0x16
 873 066d 8A06 0000 		.long	0x68a
 874 0671 15        		.uleb128 0x15
 875 0672 0000 0000 		.long	.LASF205
 876 0676 08        		.byte	0x8
 877 0677 2B        		.byte	0x2b
 878 0678 11        		.byte	0x11
 879 0679 3E00 0000 		.long	0x3e
 880 067d 15        		.uleb128 0x15
 881 067e 0000 0000 		.long	.LASF206
 882 0682 08        		.byte	0x8
 883 0683 2B        		.byte	0x2b
 884 0684 11        		.byte	0x11
 885 0685 2400 0000 		.long	0x24
 886 0689 00        		.byte	0
 887 068a 16        		.uleb128 0x16
 888 068b A806 0000 		.long	0x6a8
 889 068f 15        		.uleb128 0x15
 890 0690 0000 0000 		.long	.LASF205
 891 0694 08        		.byte	0x8
 892 0695 35        		.byte	0x35
 893 0696 11        		.byte	0x11
 894 0697 3E00 0000 		.long	0x3e
 895 069b 15        		.uleb128 0x15
 896 069c 0000 0000 		.long	.LASF206
 897 06a0 08        		.byte	0x8
 898 06a1 35        		.byte	0x35
 899 06a2 11        		.byte	0x11
 900 06a3 2400 0000 		.long	0x24
 901 06a7 00        		.byte	0
 902 06a8 16        		.uleb128 0x16
 903 06a9 C606 0000 		.long	0x6c6
 904 06ad 15        		.uleb128 0x15
 905 06ae 0000 0000 		.long	.LASF205
 906 06b2 08        		.byte	0x8
 907 06b3 3F        		.byte	0x3f
 908 06b4 11        		.byte	0x11
 909 06b5 3E00 0000 		.long	0x3e
 910 06b9 15        		.uleb128 0x15
 911 06ba 0000 0000 		.long	.LASF206
 912 06be 08        		.byte	0x8
 913 06bf 3F        		.byte	0x3f
 914 06c0 11        		.byte	0x11
 915 06c1 2400 0000 		.long	0x24
 916 06c5 00        		.byte	0
 917 06c6 16        		.uleb128 0x16
 918 06c7 D706 0000 		.long	0x6d7
 919 06cb 17        		.uleb128 0x17
 920 06cc 6D73 00   		.string	"ms"
 921 06cf 08        		.byte	0x8
 922 06d0 42        		.byte	0x42
 923 06d1 1D        		.byte	0x1d
 924 06d2 2400 0000 		.long	0x24
 925 06d6 00        		.byte	0
 926 06d7 16        		.uleb128 0x16
 927 06d8 F506 0000 		.long	0x6f5
 928 06dc 15        		.uleb128 0x15
 929 06dd 0000 0000 		.long	.LASF205
 930 06e1 08        		.byte	0x8
 931 06e2 47        		.byte	0x47
 932 06e3 1C        		.byte	0x1c
 933 06e4 3E00 0000 		.long	0x3e
 934 06e8 15        		.uleb128 0x15
 935 06e9 0000 0000 		.long	.LASF206
 936 06ed 08        		.byte	0x8
 937 06ee 47        		.byte	0x47
 938 06ef 1C        		.byte	0x1c
 939 06f0 2400 0000 		.long	0x24
 940 06f4 00        		.byte	0
 941 06f5 18        		.uleb128 0x18
 942 06f6 17        		.uleb128 0x17
 943 06f7 6D73 00   		.string	"ms"
 944 06fa 08        		.byte	0x8
 945 06fb 58        		.byte	0x58
 946 06fc 15        		.byte	0x15
 947 06fd 2400 0000 		.long	0x24
 948 0701 00        		.byte	0
 949 0702 00        		.byte	0
 950 0703 11        		.uleb128 0x11
 951 0704 02        		.byte	0x2
 952 0705 AD04 0000 		.long	0x4ad
 953 0709 19        		.uleb128 0x19
 954 070a 0000 0000 		.long	.LASF217
 955 070e 09        		.byte	0x9
 956 070f A6        		.byte	0xa6
 957 0710 01        		.byte	0x1
 958 0711 01        		.byte	0x1
 959 0712 4C07 0000 		.long	0x74c
 960 0716 14        		.uleb128 0x14
 961 0717 0000 0000 		.long	.LASF208
 962 071b 09        		.byte	0x9
 963 071c A6        		.byte	0xa6
 964 071d 12        		.byte	0x12
 965 071e 4C07 0000 		.long	0x74c
 966 0722 15        		.uleb128 0x15
 967 0723 0000 0000 		.long	.LASF209
 968 0727 09        		.byte	0x9
 969 0728 A8        		.byte	0xa8
 970 0729 09        		.byte	0x9
 971 072a 4C07 0000 		.long	0x74c
 972 072e 15        		.uleb128 0x15
 973 072f 0000 0000 		.long	.LASF210
 974 0733 09        		.byte	0x9
 975 0734 AC        		.byte	0xac
 976 0735 0B        		.byte	0xb
 977 0736 5800 0000 		.long	0x58
 978 073a 1A        		.uleb128 0x1a
 979 073b 01        		.byte	0x1
 980 073c 0000 0000 		.long	.LASF212
 981 0740 09        		.byte	0x9
 982 0741 AD        		.byte	0xad
 983 0742 0E        		.byte	0xe
 984 0743 01        		.byte	0x1
 985 0744 01        		.byte	0x1
 986 0745 1B        		.uleb128 0x1b
 987 0746 6400 0000 		.long	0x64
 988 074a 00        		.byte	0
 989 074b 00        		.byte	0
 990 074c 02        		.uleb128 0x2
 991 074d 04        		.byte	0x4
 992 074e 04        		.byte	0x4
 993 074f 0000 0000 		.long	.LASF213
 994 0753 00        		.byte	0
 995               		.section	.gnu.debuglto_.debug_abbrev,"",@progbits
 996               	.Ldebug_abbrev0:
 997 0000 01        		.uleb128 0x1
 998 0001 11        		.uleb128 0x11
 999 0002 01        		.byte	0x1
 1000 0003 25        		.uleb128 0x25
 1001 0004 0E        		.uleb128 0xe
 1002 0005 13        		.uleb128 0x13
 1003 0006 0B        		.uleb128 0xb
 1004 0007 03        		.uleb128 0x3
 1005 0008 0E        		.uleb128 0xe
 1006 0009 1B        		.uleb128 0x1b
 1007 000a 0E        		.uleb128 0xe
 1008 000b 10        		.uleb128 0x10
 1009 000c 06        		.uleb128 0x6
 1010 000d 00        		.byte	0
 1011 000e 00        		.byte	0
 1012 000f 02        		.uleb128 0x2
 1013 0010 24        		.uleb128 0x24
 1014 0011 00        		.byte	0
 1015 0012 0B        		.uleb128 0xb
 1016 0013 0B        		.uleb128 0xb
 1017 0014 3E        		.uleb128 0x3e
 1018 0015 0B        		.uleb128 0xb
 1019 0016 03        		.uleb128 0x3
 1020 0017 0E        		.uleb128 0xe
 1021 0018 00        		.byte	0
 1022 0019 00        		.byte	0
 1023 001a 03        		.uleb128 0x3
 1024 001b 16        		.uleb128 0x16
 1025 001c 00        		.byte	0
 1026 001d 03        		.uleb128 0x3
 1027 001e 0E        		.uleb128 0xe
 1028 001f 3A        		.uleb128 0x3a
 1029 0020 0B        		.uleb128 0xb
 1030 0021 3B        		.uleb128 0x3b
 1031 0022 0B        		.uleb128 0xb
 1032 0023 39        		.uleb128 0x39
 1033 0024 0B        		.uleb128 0xb
 1034 0025 49        		.uleb128 0x49
 1035 0026 13        		.uleb128 0x13
 1036 0027 00        		.byte	0
 1037 0028 00        		.byte	0
 1038 0029 04        		.uleb128 0x4
 1039 002a 24        		.uleb128 0x24
 1040 002b 00        		.byte	0
 1041 002c 0B        		.uleb128 0xb
 1042 002d 0B        		.uleb128 0xb
 1043 002e 3E        		.uleb128 0x3e
 1044 002f 0B        		.uleb128 0xb
 1045 0030 03        		.uleb128 0x3
 1046 0031 08        		.uleb128 0x8
 1047 0032 00        		.byte	0
 1048 0033 00        		.byte	0
 1049 0034 05        		.uleb128 0x5
 1050 0035 04        		.uleb128 0x4
 1051 0036 01        		.byte	0x1
 1052 0037 03        		.uleb128 0x3
 1053 0038 0E        		.uleb128 0xe
 1054 0039 3E        		.uleb128 0x3e
 1055 003a 0B        		.uleb128 0xb
 1056 003b 0B        		.uleb128 0xb
 1057 003c 0B        		.uleb128 0xb
 1058 003d 49        		.uleb128 0x49
 1059 003e 13        		.uleb128 0x13
 1060 003f 3A        		.uleb128 0x3a
 1061 0040 0B        		.uleb128 0xb
 1062 0041 3B        		.uleb128 0x3b
 1063 0042 0B        		.uleb128 0xb
 1064 0043 39        		.uleb128 0x39
 1065 0044 0B        		.uleb128 0xb
 1066 0045 01        		.uleb128 0x1
 1067 0046 13        		.uleb128 0x13
 1068 0047 00        		.byte	0
 1069 0048 00        		.byte	0
 1070 0049 06        		.uleb128 0x6
 1071 004a 28        		.uleb128 0x28
 1072 004b 00        		.byte	0
 1073 004c 03        		.uleb128 0x3
 1074 004d 0E        		.uleb128 0xe
 1075 004e 1C        		.uleb128 0x1c
 1076 004f 0B        		.uleb128 0xb
 1077 0050 00        		.byte	0
 1078 0051 00        		.byte	0
 1079 0052 07        		.uleb128 0x7
 1080 0053 26        		.uleb128 0x26
 1081 0054 00        		.byte	0
 1082 0055 49        		.uleb128 0x49
 1083 0056 13        		.uleb128 0x13
 1084 0057 00        		.byte	0
 1085 0058 00        		.byte	0
 1086 0059 08        		.uleb128 0x8
 1087 005a 28        		.uleb128 0x28
 1088 005b 00        		.byte	0
 1089 005c 03        		.uleb128 0x3
 1090 005d 08        		.uleb128 0x8
 1091 005e 1C        		.uleb128 0x1c
 1092 005f 0B        		.uleb128 0xb
 1093 0060 00        		.byte	0
 1094 0061 00        		.byte	0
 1095 0062 09        		.uleb128 0x9
 1096 0063 34        		.uleb128 0x34
 1097 0064 00        		.byte	0
 1098 0065 03        		.uleb128 0x3
 1099 0066 0E        		.uleb128 0xe
 1100 0067 3A        		.uleb128 0x3a
 1101 0068 0B        		.uleb128 0xb
 1102 0069 3B        		.uleb128 0x3b
 1103 006a 0B        		.uleb128 0xb
 1104 006b 39        		.uleb128 0x39
 1105 006c 0B        		.uleb128 0xb
 1106 006d 49        		.uleb128 0x49
 1107 006e 13        		.uleb128 0x13
 1108 006f 3F        		.uleb128 0x3f
 1109 0070 0C        		.uleb128 0xc
 1110 0071 3C        		.uleb128 0x3c
 1111 0072 0C        		.uleb128 0xc
 1112 0073 00        		.byte	0
 1113 0074 00        		.byte	0
 1114 0075 0A        		.uleb128 0xa
 1115 0076 13        		.uleb128 0x13
 1116 0077 01        		.byte	0x1
 1117 0078 0B        		.uleb128 0xb
 1118 0079 0B        		.uleb128 0xb
 1119 007a 3A        		.uleb128 0x3a
 1120 007b 0B        		.uleb128 0xb
 1121 007c 3B        		.uleb128 0x3b
 1122 007d 0B        		.uleb128 0xb
 1123 007e 39        		.uleb128 0x39
 1124 007f 0B        		.uleb128 0xb
 1125 0080 01        		.uleb128 0x1
 1126 0081 13        		.uleb128 0x13
 1127 0082 00        		.byte	0
 1128 0083 00        		.byte	0
 1129 0084 0B        		.uleb128 0xb
 1130 0085 0D        		.uleb128 0xd
 1131 0086 00        		.byte	0
 1132 0087 03        		.uleb128 0x3
 1133 0088 0E        		.uleb128 0xe
 1134 0089 3A        		.uleb128 0x3a
 1135 008a 0B        		.uleb128 0xb
 1136 008b 3B        		.uleb128 0x3b
 1137 008c 0B        		.uleb128 0xb
 1138 008d 39        		.uleb128 0x39
 1139 008e 0B        		.uleb128 0xb
 1140 008f 49        		.uleb128 0x49
 1141 0090 13        		.uleb128 0x13
 1142 0091 38        		.uleb128 0x38
 1143 0092 0A        		.uleb128 0xa
 1144 0093 00        		.byte	0
 1145 0094 00        		.byte	0
 1146 0095 0C        		.uleb128 0xc
 1147 0096 01        		.uleb128 0x1
 1148 0097 01        		.byte	0x1
 1149 0098 49        		.uleb128 0x49
 1150 0099 13        		.uleb128 0x13
 1151 009a 01        		.uleb128 0x1
 1152 009b 13        		.uleb128 0x13
 1153 009c 00        		.byte	0
 1154 009d 00        		.byte	0
 1155 009e 0D        		.uleb128 0xd
 1156 009f 21        		.uleb128 0x21
 1157 00a0 00        		.byte	0
 1158 00a1 49        		.uleb128 0x49
 1159 00a2 13        		.uleb128 0x13
 1160 00a3 2F        		.uleb128 0x2f
 1161 00a4 0B        		.uleb128 0xb
 1162 00a5 00        		.byte	0
 1163 00a6 00        		.byte	0
 1164 00a7 0E        		.uleb128 0xe
 1165 00a8 17        		.uleb128 0x17
 1166 00a9 01        		.byte	0x1
 1167 00aa 0B        		.uleb128 0xb
 1168 00ab 0B        		.uleb128 0xb
 1169 00ac 3A        		.uleb128 0x3a
 1170 00ad 0B        		.uleb128 0xb
 1171 00ae 3B        		.uleb128 0x3b
 1172 00af 0B        		.uleb128 0xb
 1173 00b0 39        		.uleb128 0x39
 1174 00b1 0B        		.uleb128 0xb
 1175 00b2 01        		.uleb128 0x1
 1176 00b3 13        		.uleb128 0x13
 1177 00b4 00        		.byte	0
 1178 00b5 00        		.byte	0
 1179 00b6 0F        		.uleb128 0xf
 1180 00b7 0D        		.uleb128 0xd
 1181 00b8 00        		.byte	0
 1182 00b9 03        		.uleb128 0x3
 1183 00ba 08        		.uleb128 0x8
 1184 00bb 3A        		.uleb128 0x3a
 1185 00bc 0B        		.uleb128 0xb
 1186 00bd 3B        		.uleb128 0x3b
 1187 00be 0B        		.uleb128 0xb
 1188 00bf 39        		.uleb128 0x39
 1189 00c0 0B        		.uleb128 0xb
 1190 00c1 49        		.uleb128 0x49
 1191 00c2 13        		.uleb128 0x13
 1192 00c3 00        		.byte	0
 1193 00c4 00        		.byte	0
 1194 00c5 10        		.uleb128 0x10
 1195 00c6 0D        		.uleb128 0xd
 1196 00c7 00        		.byte	0
 1197 00c8 49        		.uleb128 0x49
 1198 00c9 13        		.uleb128 0x13
 1199 00ca 00        		.byte	0
 1200 00cb 00        		.byte	0
 1201 00cc 11        		.uleb128 0x11
 1202 00cd 0F        		.uleb128 0xf
 1203 00ce 00        		.byte	0
 1204 00cf 0B        		.uleb128 0xb
 1205 00d0 0B        		.uleb128 0xb
 1206 00d1 49        		.uleb128 0x49
 1207 00d2 13        		.uleb128 0x13
 1208 00d3 00        		.byte	0
 1209 00d4 00        		.byte	0
 1210 00d5 12        		.uleb128 0x12
 1211 00d6 0D        		.uleb128 0xd
 1212 00d7 00        		.byte	0
 1213 00d8 03        		.uleb128 0x3
 1214 00d9 0E        		.uleb128 0xe
 1215 00da 3A        		.uleb128 0x3a
 1216 00db 0B        		.uleb128 0xb
 1217 00dc 3B        		.uleb128 0x3b
 1218 00dd 0B        		.uleb128 0xb
 1219 00de 39        		.uleb128 0x39
 1220 00df 0B        		.uleb128 0xb
 1221 00e0 49        		.uleb128 0x49
 1222 00e1 13        		.uleb128 0x13
 1223 00e2 0B        		.uleb128 0xb
 1224 00e3 0B        		.uleb128 0xb
 1225 00e4 0D        		.uleb128 0xd
 1226 00e5 0B        		.uleb128 0xb
 1227 00e6 0C        		.uleb128 0xc
 1228 00e7 0B        		.uleb128 0xb
 1229 00e8 38        		.uleb128 0x38
 1230 00e9 0A        		.uleb128 0xa
 1231 00ea 00        		.byte	0
 1232 00eb 00        		.byte	0
 1233 00ec 13        		.uleb128 0x13
 1234 00ed 2E        		.uleb128 0x2e
 1235 00ee 01        		.byte	0x1
 1236 00ef 3F        		.uleb128 0x3f
 1237 00f0 0C        		.uleb128 0xc
 1238 00f1 03        		.uleb128 0x3
 1239 00f2 0E        		.uleb128 0xe
 1240 00f3 3A        		.uleb128 0x3a
 1241 00f4 0B        		.uleb128 0xb
 1242 00f5 3B        		.uleb128 0x3b
 1243 00f6 0B        		.uleb128 0xb
 1244 00f7 39        		.uleb128 0x39
 1245 00f8 0B        		.uleb128 0xb
 1246 00f9 27        		.uleb128 0x27
 1247 00fa 0C        		.uleb128 0xc
 1248 00fb 01        		.uleb128 0x1
 1249 00fc 13        		.uleb128 0x13
 1250 00fd 00        		.byte	0
 1251 00fe 00        		.byte	0
 1252 00ff 14        		.uleb128 0x14
 1253 0100 05        		.uleb128 0x5
 1254 0101 00        		.byte	0
 1255 0102 03        		.uleb128 0x3
 1256 0103 0E        		.uleb128 0xe
 1257 0104 3A        		.uleb128 0x3a
 1258 0105 0B        		.uleb128 0xb
 1259 0106 3B        		.uleb128 0x3b
 1260 0107 0B        		.uleb128 0xb
 1261 0108 39        		.uleb128 0x39
 1262 0109 0B        		.uleb128 0xb
 1263 010a 49        		.uleb128 0x49
 1264 010b 13        		.uleb128 0x13
 1265 010c 00        		.byte	0
 1266 010d 00        		.byte	0
 1267 010e 15        		.uleb128 0x15
 1268 010f 34        		.uleb128 0x34
 1269 0110 00        		.byte	0
 1270 0111 03        		.uleb128 0x3
 1271 0112 0E        		.uleb128 0xe
 1272 0113 3A        		.uleb128 0x3a
 1273 0114 0B        		.uleb128 0xb
 1274 0115 3B        		.uleb128 0x3b
 1275 0116 0B        		.uleb128 0xb
 1276 0117 39        		.uleb128 0x39
 1277 0118 0B        		.uleb128 0xb
 1278 0119 49        		.uleb128 0x49
 1279 011a 13        		.uleb128 0x13
 1280 011b 00        		.byte	0
 1281 011c 00        		.byte	0
 1282 011d 16        		.uleb128 0x16
 1283 011e 0B        		.uleb128 0xb
 1284 011f 01        		.byte	0x1
 1285 0120 01        		.uleb128 0x1
 1286 0121 13        		.uleb128 0x13
 1287 0122 00        		.byte	0
 1288 0123 00        		.byte	0
 1289 0124 17        		.uleb128 0x17
 1290 0125 34        		.uleb128 0x34
 1291 0126 00        		.byte	0
 1292 0127 03        		.uleb128 0x3
 1293 0128 08        		.uleb128 0x8
 1294 0129 3A        		.uleb128 0x3a
 1295 012a 0B        		.uleb128 0xb
 1296 012b 3B        		.uleb128 0x3b
 1297 012c 0B        		.uleb128 0xb
 1298 012d 39        		.uleb128 0x39
 1299 012e 0B        		.uleb128 0xb
 1300 012f 49        		.uleb128 0x49
 1301 0130 13        		.uleb128 0x13
 1302 0131 00        		.byte	0
 1303 0132 00        		.byte	0
 1304 0133 18        		.uleb128 0x18
 1305 0134 0B        		.uleb128 0xb
 1306 0135 01        		.byte	0x1
 1307 0136 00        		.byte	0
 1308 0137 00        		.byte	0
 1309 0138 19        		.uleb128 0x19
 1310 0139 2E        		.uleb128 0x2e
 1311 013a 01        		.byte	0x1
 1312 013b 03        		.uleb128 0x3
 1313 013c 0E        		.uleb128 0xe
 1314 013d 3A        		.uleb128 0x3a
 1315 013e 0B        		.uleb128 0xb
 1316 013f 3B        		.uleb128 0x3b
 1317 0140 0B        		.uleb128 0xb
 1318 0141 39        		.uleb128 0x39
 1319 0142 0B        		.uleb128 0xb
 1320 0143 27        		.uleb128 0x27
 1321 0144 0C        		.uleb128 0xc
 1322 0145 01        		.uleb128 0x1
 1323 0146 13        		.uleb128 0x13
 1324 0147 00        		.byte	0
 1325 0148 00        		.byte	0
 1326 0149 1A        		.uleb128 0x1a
 1327 014a 2E        		.uleb128 0x2e
 1328 014b 01        		.byte	0x1
 1329 014c 3F        		.uleb128 0x3f
 1330 014d 0C        		.uleb128 0xc
 1331 014e 03        		.uleb128 0x3
 1332 014f 0E        		.uleb128 0xe
 1333 0150 3A        		.uleb128 0x3a
 1334 0151 0B        		.uleb128 0xb
 1335 0152 3B        		.uleb128 0x3b
 1336 0153 0B        		.uleb128 0xb
 1337 0154 39        		.uleb128 0x39
 1338 0155 0B        		.uleb128 0xb
 1339 0156 27        		.uleb128 0x27
 1340 0157 0C        		.uleb128 0xc
 1341 0158 3C        		.uleb128 0x3c
 1342 0159 0C        		.uleb128 0xc
 1343 015a 00        		.byte	0
 1344 015b 00        		.byte	0
 1345 015c 1B        		.uleb128 0x1b
 1346 015d 05        		.uleb128 0x5
 1347 015e 00        		.byte	0
 1348 015f 49        		.uleb128 0x49
 1349 0160 13        		.uleb128 0x13
 1350 0161 00        		.byte	0
 1351 0162 00        		.byte	0
 1352 0163 00        		.byte	0
 1353               		.section	.gnu.debuglto_.debug_line,"",@progbits
 1354               	.Ldebug_line0:
 1355 0000 F300 0000 		.long	.LELT0-.LSLT0
 1356               	.LSLT0:
 1357 0004 0200      		.word	0x2
 1358 0006 ED00 0000 		.long	.LELTP0-.LASLTP0
 1359               	.LASLTP0:
 1360 000a 01        		.byte	0x1
 1361 000b 01        		.byte	0x1
 1362 000c F6        		.byte	0xf6
 1363 000d F2        		.byte	0xf2
 1364 000e 0D        		.byte	0xd
 1365 000f 00        		.byte	0
 1366 0010 01        		.byte	0x1
 1367 0011 01        		.byte	0x1
 1368 0012 01        		.byte	0x1
 1369 0013 01        		.byte	0x1
 1370 0014 00        		.byte	0
 1371 0015 00        		.byte	0
 1372 0016 00        		.byte	0
 1373 0017 01        		.byte	0x1
 1374 0018 00        		.byte	0
 1375 0019 00        		.byte	0
 1376 001a 01        		.byte	0x1
 1377 001b 653A 5C67 		.ascii	"e:\\game\\msys2\\mingw64\\avr\\include"
 1377      616D 655C 
 1377      6D73 7973 
 1377      325C 6D69 
 1377      6E67 7736 
 1378 003c 00        		.byte	0
 1379 003d 653A 5C67 		.ascii	"e:\\game\\msys2\\mingw64\\avr\\include\\util"
 1379      616D 655C 
 1379      6D73 7973 
 1379      325C 6D69 
 1379      6E67 7736 
 1380 0063 00        		.byte	0
 1381 0064 746D 6B5F 		.ascii	"tmk_core/common"
 1381      636F 7265 
 1381      2F63 6F6D 
 1381      6D6F 6E
 1382 0073 00        		.byte	0
 1383 0074 00        		.byte	0
 1384 0075 7374 6469 		.string	"stdint.h"
 1384      6E74 2E68 
 1384      00
 1385 007e 01        		.uleb128 0x1
 1386 007f 00        		.uleb128 0
 1387 0080 00        		.uleb128 0
 1388 0081 6163 7469 		.string	"action_macro.h"
 1388      6F6E 5F6D 
 1388      6163 726F 
 1388      2E68 00
 1389 0090 03        		.uleb128 0x3
 1390 0091 00        		.uleb128 0
 1391 0092 00        		.uleb128 0
 1392 0093 6B65 7963 		.string	"keycode.h"
 1392      6F64 652E 
 1392      6800 
 1393 009d 03        		.uleb128 0x3
 1394 009e 00        		.uleb128 0
 1395 009f 00        		.uleb128 0
 1396 00a0 7265 706F 		.string	"report.h"
 1396      7274 2E68 
 1396      00
 1397 00a9 03        		.uleb128 0x3
 1398 00aa 00        		.uleb128 0
 1399 00ab 00        		.uleb128 0
 1400 00ac 6163 7469 		.string	"action.h"
 1400      6F6E 2E68 
 1400      00
 1401 00b5 03        		.uleb128 0x3
 1402 00b6 00        		.uleb128 0
 1403 00b7 00        		.uleb128 0
 1404 00b8 6163 7469 		.string	"action_util.h"
 1404      6F6E 5F75 
 1404      7469 6C2E 
 1404      6800 
 1405 00c6 03        		.uleb128 0x3
 1406 00c7 00        		.uleb128 0
 1407 00c8 00        		.uleb128 0
 1408 00c9 6465 6275 		.string	"debug.h"
 1408      672E 6800 
 1409 00d1 03        		.uleb128 0x3
 1410 00d2 00        		.uleb128 0
 1411 00d3 00        		.uleb128 0
 1412 00d4 6163 7469 		.string	"action_macro.c"
 1412      6F6E 5F6D 
 1412      6163 726F 
 1412      2E63 00
 1413 00e3 03        		.uleb128 0x3
 1414 00e4 00        		.uleb128 0
 1415 00e5 00        		.uleb128 0
 1416 00e6 7574 696C 		.string	"util\\delay.h"
 1416      5C64 656C 
 1416      6179 2E68 
 1416      00
 1417 00f3 01        		.uleb128 0x1
 1418 00f4 00        		.uleb128 0
 1419 00f5 00        		.uleb128 0
 1420 00f6 00        		.byte	0
 1421               	.LELTP0:
 1422               	.LELT0:
 1423               		.section	.gnu.debuglto_.debug_str,"MS",@progbits,1
 1424               	.LASF205:
 1425 0000 5F5F 6164 		.string	"__addr16"
 1425      6472 3136 
 1425      00
 1426               	.LASF109:
 1427 0009 4B43 5F4B 		.string	"KC_KP_0"
 1427      505F 3000 
 1428               	.LASF100:
 1429 0011 4B43 5F4B 		.string	"KC_KP_1"
 1429      505F 3100 
 1430               	.LASF101:
 1431 0019 4B43 5F4B 		.string	"KC_KP_2"
 1431      505F 3200 
 1432               	.LASF102:
 1433 0021 4B43 5F4B 		.string	"KC_KP_3"
 1433      505F 3300 
 1434               	.LASF103:
 1435 0029 4B43 5F4B 		.string	"KC_KP_4"
 1435      505F 3400 
 1436               	.LASF104:
 1437 0031 4B43 5F4B 		.string	"KC_KP_5"
 1437      505F 3500 
 1438               	.LASF105:
 1439 0039 4B43 5F4B 		.string	"KC_KP_6"
 1439      505F 3600 
 1440               	.LASF106:
 1441 0041 4B43 5F4B 		.string	"KC_KP_7"
 1441      505F 3700 
 1442               	.LASF107:
 1443 0049 4B43 5F4B 		.string	"KC_KP_8"
 1443      505F 3800 
 1444               	.LASF108:
 1445 0051 4B43 5F4B 		.string	"KC_KP_9"
 1445      505F 3900 
 1446               	.LASF204:
 1447 0059 696E 7465 		.string	"interval"
 1447      7276 616C 
 1447      00
 1448               	.LASF143:
 1449 0062 4B43 5F4C 		.string	"KC_LOCKING_SCROLL"
 1449      4F43 4B49 
 1449      4E47 5F53 
 1449      4352 4F4C 
 1449      4C00 
 1450               	.LASF79:
 1451 0074 4B43 5F46 		.string	"KC_F11"
 1451      3131 00
 1452               	.LASF145:
 1453 007b 4B43 5F4B 		.string	"KC_KP_EQUAL_AS400"
 1453      505F 4551 
 1453      5541 4C5F 
 1453      4153 3430 
 1453      3000 
 1454               	.LASF135:
 1455 008d 4B43 5F43 		.string	"KC_COPY"
 1455      4F50 5900 
 1456               	.LASF200:
 1457 0095 6D6F 7573 		.string	"mouse"
 1457      6500 
 1458               	.LASF54:
 1459 009b 4B43 5F54 		.string	"KC_TAB"
 1459      4142 00
 1460               	.LASF92:
 1461 00a2 4B43 5F44 		.string	"KC_DOWN"
 1461      4F57 4E00 
 1462               	.LASF4:
 1463 00aa 756E 7369 		.string	"unsigned int"
 1463      676E 6564 
 1463      2069 6E74 
 1463      00
 1464               	.LASF210:
 1465 00b7 5F5F 7469 		.string	"__ticks_dc"
 1465      636B 735F 
 1465      6463 00
 1466               	.LASF111:
 1467 00c2 4B43 5F4E 		.string	"KC_NONUS_BSLASH"
 1467      4F4E 5553 
 1467      5F42 534C 
 1467      4153 4800 
 1468               	.LASF190:
 1469 00d2 494E 5445 		.string	"INTERVAL"
 1469      5256 414C 
 1469      00
 1470               	.LASF14:
 1471 00db 4B43 5F55 		.string	"KC_UNDEFINED"
 1471      4E44 4546 
 1471      494E 4544 
 1471      00
 1472               	.LASF112:
 1473 00e8 4B43 5F41 		.string	"KC_APPLICATION"
 1473      5050 4C49 
 1473      4341 5449 
 1473      4F4E 00
 1474               	.LASF55:
 1475 00f7 4B43 5F53 		.string	"KC_SPACE"
 1475      5041 4345 
 1475      00
 1476               	.LASF174:
 1477 0100 4B43 5F43 		.string	"KC_CRSEL"
 1477      5253 454C 
 1477      00
 1478               	.LASF202:
 1479 0109 6465 6275 		.string	"debug_config"
 1479      675F 636F 
 1479      6E66 6967 
 1479      00
 1480               	.LASF166:
 1481 0116 4B43 5F43 		.string	"KC_CANCEL"
 1481      414E 4345 
 1481      4C00 
 1482               	.LASF169:
 1483 0120 4B43 5F52 		.string	"KC_RETURN"
 1483      4554 5552 
 1483      4E00 
 1484               	.LASF142:
 1485 012a 4B43 5F4C 		.string	"KC_LOCKING_NUM"
 1485      4F43 4B49 
 1485      4E47 5F4E 
 1485      554D 00
 1486               	.LASF90:
 1487 0139 4B43 5F52 		.string	"KC_RIGHT"
 1487      4947 4854 
 1487      00
 1488               	.LASF211:
 1489 0142 6163 7469 		.string	"action_macro_play"
 1489      6F6E 5F6D 
 1489      6163 726F 
 1489      5F70 6C61 
 1489      7900 
 1490               	.LASF191:
 1491 0154 6D6F 6473 		.string	"mods"
 1491      00
 1492               	.LASF177:
 1493 0159 4B43 5F4C 		.string	"KC_LSHIFT"
 1493      5348 4946 
 1493      5400 
 1494               	.LASF122:
 1495 0163 4B43 5F46 		.string	"KC_F20"
 1495      3230 00
 1496               	.LASF123:
 1497 016a 4B43 5F46 		.string	"KC_F21"
 1497      3231 00
 1498               	.LASF124:
 1499 0171 4B43 5F46 		.string	"KC_F22"
 1499      3232 00
 1500               	.LASF214:
 1501 0178 474E 5520 		.string	"GNU C99 8.4.0 -mn-flash=1 -mno-skip-bug -mmcu=avr5 -gdwarf-2 -Os -std=gnu99 -funsigned-ch
 1501      4339 3920 
 1501      382E 342E 
 1501      3020 2D6D 
 1501      6E2D 666C 
 1502               	.LASF114:
 1503 0269 4B43 5F4B 		.string	"KC_KP_EQUAL"
 1503      505F 4551 
 1503      5541 4C00 
 1504               	.LASF131:
 1505 0275 4B43 5F53 		.string	"KC_STOP"
 1505      544F 5000 
 1506               	.LASF140:
 1507 027d 4B43 5F5F 		.string	"KC__VOLDOWN"
 1507      564F 4C44 
 1507      4F57 4E00 
 1508               	.LASF6:
 1509 0289 7569 6E74 		.string	"uint32_t"
 1509      3332 5F74 
 1509      00
 1510               	.LASF217:
 1511 0292 5F64 656C 		.string	"_delay_ms"
 1511      6179 5F6D 
 1511      7300 
 1512               	.LASF13:
 1513 029c 4B43 5F50 		.string	"KC_POST_FAIL"
 1513      4F53 545F 
 1513      4641 494C 
 1513      00
 1514               	.LASF212:
 1515 02a9 5F5F 6275 		.string	"__builtin_avr_delay_cycles"
 1515      696C 7469 
 1515      6E5F 6176 
 1515      725F 6465 
 1515      6C61 795F 
 1516               	.LASF129:
 1517 02c4 4B43 5F4D 		.string	"KC_MENU"
 1517      454E 5500 
 1518               	.LASF96:
 1519 02cc 4B43 5F4B 		.string	"KC_KP_ASTERISK"
 1519      505F 4153 
 1519      5445 5249 
 1519      534B 00
 1520               	.LASF148:
 1521 02db 4B43 5F49 		.string	"KC_INT3"
 1521      4E54 3300 
 1522               	.LASF93:
 1523 02e3 4B43 5F55 		.string	"KC_UP"
 1523      5000 
 1524               	.LASF138:
 1525 02e9 4B43 5F5F 		.string	"KC__MUTE"
 1525      4D55 5445 
 1525      00
 1526               	.LASF141:
 1527 02f2 4B43 5F4C 		.string	"KC_LOCKING_CAPS"
 1527      4F43 4B49 
 1527      4E47 5F43 
 1527      4150 5300 
 1528               	.LASF133:
 1529 0302 4B43 5F55 		.string	"KC_UNDO"
 1529      4E44 4F00 
 1530               	.LASF9:
 1531 030a 6C6F 6E67 		.string	"long long unsigned int"
 1531      206C 6F6E 
 1531      6720 756E 
 1531      7369 676E 
 1531      6564 2069 
 1532               	.LASF137:
 1533 0321 4B43 5F46 		.string	"KC_FIND"
 1533      494E 4400 
 1534               	.LASF187:
 1535 0329 4B45 595F 		.string	"KEY_DOWN"
 1535      444F 574E 
 1535      00
 1536               	.LASF168:
 1537 0332 4B43 5F50 		.string	"KC_PRIOR"
 1537      5249 4F52 
 1537      00
 1538               	.LASF197:
 1539 033b 656E 6162 		.string	"enable"
 1539      6C65 00
 1540               	.LASF128:
 1541 0342 4B43 5F48 		.string	"KC_HELP"
 1541      454C 5000 
 1542               	.LASF155:
 1543 034a 4B43 5F4C 		.string	"KC_LANG1"
 1543      414E 4731 
 1543      00
 1544               	.LASF156:
 1545 0353 4B43 5F4C 		.string	"KC_LANG2"
 1545      414E 4732 
 1545      00
 1546               	.LASF157:
 1547 035c 4B43 5F4C 		.string	"KC_LANG3"
 1547      414E 4733 
 1547      00
 1548               	.LASF158:
 1549 0365 4B43 5F4C 		.string	"KC_LANG4"
 1549      414E 4734 
 1549      00
 1550               	.LASF159:
 1551 036e 4B43 5F4C 		.string	"KC_LANG5"
 1551      414E 4735 
 1551      00
 1552               	.LASF160:
 1553 0377 4B43 5F4C 		.string	"KC_LANG6"
 1553      414E 4736 
 1553      00
 1554               	.LASF161:
 1555 0380 4B43 5F4C 		.string	"KC_LANG7"
 1555      414E 4737 
 1555      00
 1556               	.LASF162:
 1557 0389 4B43 5F4C 		.string	"KC_LANG8"
 1557      414E 4738 
 1557      00
 1558               	.LASF163:
 1559 0392 4B43 5F4C 		.string	"KC_LANG9"
 1559      414E 4739 
 1559      00
 1560               	.LASF12:
 1561 039b 4B43 5F52 		.string	"KC_ROLL_OVER"
 1561      4F4C 4C5F 
 1561      4F56 4552 
 1561      00
 1562               	.LASF53:
 1563 03a8 4B43 5F42 		.string	"KC_BSPACE"
 1563      5350 4143 
 1563      4500 
 1564               	.LASF208:
 1565 03b2 5F5F 6D73 		.string	"__ms"
 1565      00
 1566               	.LASF97:
 1567 03b7 4B43 5F4B 		.string	"KC_KP_MINUS"
 1567      505F 4D49 
 1567      4E55 5300 
 1568               	.LASF99:
 1569 03c3 4B43 5F4B 		.string	"KC_KP_ENTER"
 1569      505F 454E 
 1569      5445 5200 
 1570               	.LASF144:
 1571 03cf 4B43 5F4B 		.string	"KC_KP_COMMA"
 1571      505F 434F 
 1571      4D4D 4100 
 1572               	.LASF146:
 1573 03db 4B43 5F49 		.string	"KC_INT1"
 1573      4E54 3100 
 1574               	.LASF147:
 1575 03e3 4B43 5F49 		.string	"KC_INT2"
 1575      4E54 3200 
 1576               	.LASF10:
 1577 03eb 5F42 6F6F 		.string	"_Bool"
 1577      6C00 
 1578               	.LASF149:
 1579 03f1 4B43 5F49 		.string	"KC_INT4"
 1579      4E54 3400 
 1580               	.LASF150:
 1581 03f9 4B43 5F49 		.string	"KC_INT5"
 1581      4E54 3500 
 1582               	.LASF151:
 1583 0401 4B43 5F49 		.string	"KC_INT6"
 1583      4E54 3600 
 1584               	.LASF152:
 1585 0409 4B43 5F49 		.string	"KC_INT7"
 1585      4E54 3700 
 1586               	.LASF153:
 1587 0411 4B43 5F49 		.string	"KC_INT8"
 1587      4E54 3800 
 1588               	.LASF154:
 1589 0419 4B43 5F49 		.string	"KC_INT9"
 1589      4E54 3900 
 1590               	.LASF11:
 1591 0421 4B43 5F4E 		.string	"KC_NO"
 1591      4F00 
 1592               	.LASF63:
 1593 0427 4B43 5F51 		.string	"KC_QUOTE"
 1593      554F 5445 
 1593      00
 1594               	.LASF57:
 1595 0430 4B43 5F45 		.string	"KC_EQUAL"
 1595      5155 414C 
 1595      00
 1596               	.LASF183:
 1597 0439 4B43 5F52 		.string	"KC_RGUI"
 1597      4755 4900 
 1598               	.LASF179:
 1599 0441 4B43 5F4C 		.string	"KC_LGUI"
 1599      4755 4900 
 1600               	.LASF164:
 1601 0449 4B43 5F41 		.string	"KC_ALT_ERASE"
 1601      4C54 5F45 
 1601      5241 5345 
 1601      00
 1602               	.LASF194:
 1603 0456 7265 706F 		.string	"report_keyboard_t"
 1603      7274 5F6B 
 1603      6579 626F 
 1603      6172 645F 
 1603      7400 
 1604               	.LASF171:
 1605 0468 4B43 5F4F 		.string	"KC_OUT"
 1605      5554 00
 1606               	.LASF189:
 1607 046f 5741 4954 		.string	"WAIT"
 1607      00
 1608               	.LASF85:
 1609 0474 4B43 5F48 		.string	"KC_HOME"
 1609      4F4D 4500 
 1610               	.LASF178:
 1611 047c 4B43 5F4C 		.string	"KC_LALT"
 1611      414C 5400 
 1612               	.LASF186:
 1613 0484 6D61 6372 		.string	"macro_command_id"
 1613      6F5F 636F 
 1613      6D6D 616E 
 1613      645F 6964 
 1613      00
 1614               	.LASF127:
 1615 0495 4B43 5F45 		.string	"KC_EXECUTE"
 1615      5845 4355 
 1615      5445 00
 1616               	.LASF110:
 1617 04a0 4B43 5F4B 		.string	"KC_KP_DOT"
 1617      505F 444F 
 1617      5400 
 1618               	.LASF113:
 1619 04aa 4B43 5F50 		.string	"KC_POWER"
 1619      4F57 4552 
 1619      00
 1620               	.LASF78:
 1621 04b3 4B43 5F46 		.string	"KC_F10"
 1621      3130 00
 1622               	.LASF21:
 1623 04ba 4B43 5F47 		.string	"KC_G"
 1623      00
 1624               	.LASF80:
 1625 04bf 4B43 5F46 		.string	"KC_F12"
 1625      3132 00
 1626               	.LASF115:
 1627 04c6 4B43 5F46 		.string	"KC_F13"
 1627      3133 00
 1628               	.LASF116:
 1629 04cd 4B43 5F46 		.string	"KC_F14"
 1629      3134 00
 1630               	.LASF117:
 1631 04d4 4B43 5F46 		.string	"KC_F15"
 1631      3135 00
 1632               	.LASF118:
 1633 04db 4B43 5F46 		.string	"KC_F16"
 1633      3136 00
 1634               	.LASF119:
 1635 04e2 4B43 5F46 		.string	"KC_F17"
 1635      3137 00
 1636               	.LASF120:
 1637 04e9 4B43 5F46 		.string	"KC_F18"
 1637      3138 00
 1638               	.LASF121:
 1639 04f0 4B43 5F46 		.string	"KC_F19"
 1639      3139 00
 1640               	.LASF2:
 1641 04f7 7569 6E74 		.string	"uint8_t"
 1641      385F 7400 
 1642               	.LASF82:
 1643 04ff 4B43 5F53 		.string	"KC_SCROLLLOCK"
 1643      4352 4F4C 
 1643      4C4C 4F43 
 1643      4B00 
 1644               	.LASF83:
 1645 050d 4B43 5F50 		.string	"KC_PAUSE"
 1645      4155 5345 
 1645      00
 1646               	.LASF180:
 1647 0516 4B43 5F52 		.string	"KC_RCTRL"
 1647      4354 524C 
 1647      00
 1648               	.LASF61:
 1649 051f 4B43 5F4E 		.string	"KC_NONUS_HASH"
 1649      4F4E 5553 
 1649      5F48 4153 
 1649      4800 
 1650               	.LASF52:
 1651 052d 4B43 5F45 		.string	"KC_ESCAPE"
 1651      5343 4150 
 1651      4500 
 1652               	.LASF8:
 1653 0537 6C6F 6E67 		.string	"long long int"
 1653      206C 6F6E 
 1653      6720 696E 
 1653      7400 
 1654               	.LASF56:
 1655 0545 4B43 5F4D 		.string	"KC_MINUS"
 1655      494E 5553 
 1655      00
 1656               	.LASF94:
 1657 054e 4B43 5F4E 		.string	"KC_NUMLOCK"
 1657      554D 4C4F 
 1657      434B 00
 1658               	.LASF51:
 1659 0559 4B43 5F45 		.string	"KC_ENTER"
 1659      4E54 4552 
 1659      00
 1660               	.LASF58:
 1661 0562 4B43 5F4C 		.string	"KC_LBRACKET"
 1661      4252 4143 
 1661      4B45 5400 
 1662               	.LASF125:
 1663 056e 4B43 5F46 		.string	"KC_F23"
 1663      3233 00
 1664               	.LASF126:
 1665 0575 4B43 5F46 		.string	"KC_F24"
 1665      3234 00
 1666               	.LASF65:
 1667 057c 4B43 5F43 		.string	"KC_COMMA"
 1667      4F4D 4D41 
 1667      00
 1668               	.LASF173:
 1669 0585 4B43 5F43 		.string	"KC_CLEAR_AGAIN"
 1669      4C45 4152 
 1669      5F41 4741 
 1669      494E 00
 1670               	.LASF176:
 1671 0594 4B43 5F4C 		.string	"KC_LCTRL"
 1671      4354 524C 
 1671      00
 1672               	.LASF81:
 1673 059d 4B43 5F50 		.string	"KC_PSCREEN"
 1673      5343 5245 
 1673      454E 00
 1674               	.LASF132:
 1675 05a8 4B43 5F41 		.string	"KC_AGAIN"
 1675      4741 494E 
 1675      00
 1676               	.LASF188:
 1677 05b1 4B45 595F 		.string	"KEY_UP"
 1677      5550 00
 1678               	.LASF165:
 1679 05b8 4B43 5F53 		.string	"KC_SYSREQ"
 1679      5953 5245 
 1679      5100 
 1680               	.LASF91:
 1681 05c2 4B43 5F4C 		.string	"KC_LEFT"
 1681      4546 5400 
 1682               	.LASF3:
 1683 05ca 7569 6E74 		.string	"uint16_t"
 1683      3136 5F74 
 1683      00
 1684               	.LASF193:
 1685 05d3 6B65 7973 		.string	"keys"
 1685      00
 1686               	.LASF84:
 1687 05d8 4B43 5F49 		.string	"KC_INSERT"
 1687      4E53 4552 
 1687      5400 
 1688               	.LASF172:
 1689 05e2 4B43 5F4F 		.string	"KC_OPER"
 1689      5045 5200 
 1690               	.LASF207:
 1691 05ea 6D61 6372 		.string	"macro_p"
 1691      6F5F 7000 
 1692               	.LASF184:
 1693 05f2 6D61 6372 		.string	"macro_t"
 1693      6F5F 7400 
 1694               	.LASF206:
 1695 05fa 5F5F 7265 		.string	"__result"
 1695      7375 6C74 
 1695      00
 1696               	.LASF134:
 1697 0603 4B43 5F43 		.string	"KC_CUT"
 1697      5554 00
 1698               	.LASF66:
 1699 060a 4B43 5F44 		.string	"KC_DOT"
 1699      4F54 00
 1700               	.LASF59:
 1701 0611 4B43 5F52 		.string	"KC_RBRACKET"
 1701      4252 4143 
 1701      4B45 5400 
 1702               	.LASF195:
 1703 061d 6469 7361 		.string	"disable_action_cache"
 1703      626C 655F 
 1703      6163 7469 
 1703      6F6E 5F63 
 1703      6163 6865 
 1704               	.LASF95:
 1705 0632 4B43 5F4B 		.string	"KC_KP_SLASH"
 1705      505F 534C 
 1705      4153 4800 
 1706               	.LASF5:
 1707 063e 6C6F 6E67 		.string	"long int"
 1707      2069 6E74 
 1707      00
 1708               	.LASF64:
 1709 0647 4B43 5F47 		.string	"KC_GRAVE"
 1709      5241 5645 
 1709      00
 1710               	.LASF50:
 1711 0650 4B43 5F30 		.string	"KC_0"
 1711      00
 1712               	.LASF41:
 1713 0655 4B43 5F31 		.string	"KC_1"
 1713      00
 1714               	.LASF42:
 1715 065a 4B43 5F32 		.string	"KC_2"
 1715      00
 1716               	.LASF43:
 1717 065f 4B43 5F33 		.string	"KC_3"
 1717      00
 1718               	.LASF44:
 1719 0664 4B43 5F34 		.string	"KC_4"
 1719      00
 1720               	.LASF45:
 1721 0669 4B43 5F35 		.string	"KC_5"
 1721      00
 1722               	.LASF46:
 1723 066e 4B43 5F36 		.string	"KC_6"
 1723      00
 1724               	.LASF47:
 1725 0673 4B43 5F37 		.string	"KC_7"
 1725      00
 1726               	.LASF48:
 1727 0678 4B43 5F38 		.string	"KC_8"
 1727      00
 1728               	.LASF49:
 1729 067d 4B43 5F39 		.string	"KC_9"
 1729      00
 1730               	.LASF15:
 1731 0682 4B43 5F41 		.string	"KC_A"
 1731      00
 1732               	.LASF16:
 1733 0687 4B43 5F42 		.string	"KC_B"
 1733      00
 1734               	.LASF17:
 1735 068c 4B43 5F43 		.string	"KC_C"
 1735      00
 1736               	.LASF18:
 1737 0691 4B43 5F44 		.string	"KC_D"
 1737      00
 1738               	.LASF19:
 1739 0696 4B43 5F45 		.string	"KC_E"
 1739      00
 1740               	.LASF20:
 1741 069b 4B43 5F46 		.string	"KC_F"
 1741      00
 1742               	.LASF215:
 1743 06a0 746D 6B5F 		.string	"tmk_core/common/action_macro.c"
 1743      636F 7265 
 1743      2F63 6F6D 
 1743      6D6F 6E2F 
 1743      6163 7469 
 1744               	.LASF22:
 1745 06bf 4B43 5F48 		.string	"KC_H"
 1745      00
 1746               	.LASF23:
 1747 06c4 4B43 5F49 		.string	"KC_I"
 1747      00
 1748               	.LASF24:
 1749 06c9 4B43 5F4A 		.string	"KC_J"
 1749      00
 1750               	.LASF25:
 1751 06ce 4B43 5F4B 		.string	"KC_K"
 1751      00
 1752               	.LASF26:
 1753 06d3 4B43 5F4C 		.string	"KC_L"
 1753      00
 1754               	.LASF27:
 1755 06d8 4B43 5F4D 		.string	"KC_M"
 1755      00
 1756               	.LASF28:
 1757 06dd 4B43 5F4E 		.string	"KC_N"
 1757      00
 1758               	.LASF29:
 1759 06e2 4B43 5F4F 		.string	"KC_O"
 1759      00
 1760               	.LASF30:
 1761 06e7 4B43 5F50 		.string	"KC_P"
 1761      00
 1762               	.LASF31:
 1763 06ec 4B43 5F51 		.string	"KC_Q"
 1763      00
 1764               	.LASF32:
 1765 06f1 4B43 5F52 		.string	"KC_R"
 1765      00
 1766               	.LASF33:
 1767 06f6 4B43 5F53 		.string	"KC_S"
 1767      00
 1768               	.LASF34:
 1769 06fb 4B43 5F54 		.string	"KC_T"
 1769      00
 1770               	.LASF35:
 1771 0700 4B43 5F55 		.string	"KC_U"
 1771      00
 1772               	.LASF36:
 1773 0705 4B43 5F56 		.string	"KC_V"
 1773      00
 1774               	.LASF37:
 1775 070a 4B43 5F57 		.string	"KC_W"
 1775      00
 1776               	.LASF38:
 1777 070f 4B43 5F58 		.string	"KC_X"
 1777      00
 1778               	.LASF39:
 1779 0714 4B43 5F59 		.string	"KC_Y"
 1779      00
 1780               	.LASF40:
 1781 0719 4B43 5F5A 		.string	"KC_Z"
 1781      00
 1782               	.LASF136:
 1783 071e 4B43 5F50 		.string	"KC_PASTE"
 1783      4153 5445 
 1783      00
 1784               	.LASF68:
 1785 0727 4B43 5F43 		.string	"KC_CAPSLOCK"
 1785      4150 534C 
 1785      4F43 4B00 
 1786               	.LASF87:
 1787 0733 4B43 5F44 		.string	"KC_DELETE"
 1787      454C 4554 
 1787      4500 
 1788               	.LASF181:
 1789 073d 4B43 5F52 		.string	"KC_RSHIFT"
 1789      5348 4946 
 1789      5400 
 1790               	.LASF203:
 1791 0747 6D61 6372 		.string	"macro"
 1791      6F00 
 1792               	.LASF7:
 1793 074d 6C6F 6E67 		.string	"long unsigned int"
 1793      2075 6E73 
 1793      6967 6E65 
 1793      6420 696E 
 1793      7400 
 1794               	.LASF69:
 1795 075f 4B43 5F46 		.string	"KC_F1"
 1795      3100 
 1796               	.LASF70:
 1797 0765 4B43 5F46 		.string	"KC_F2"
 1797      3200 
 1798               	.LASF71:
 1799 076b 4B43 5F46 		.string	"KC_F3"
 1799      3300 
 1800               	.LASF72:
 1801 0771 4B43 5F46 		.string	"KC_F4"
 1801      3400 
 1802               	.LASF73:
 1803 0777 4B43 5F46 		.string	"KC_F5"
 1803      3500 
 1804               	.LASF74:
 1805 077d 4B43 5F46 		.string	"KC_F6"
 1805      3600 
 1806               	.LASF75:
 1807 0783 4B43 5F46 		.string	"KC_F7"
 1807      3700 
 1808               	.LASF76:
 1809 0789 4B43 5F46 		.string	"KC_F8"
 1809      3800 
 1810               	.LASF77:
 1811 078f 4B43 5F46 		.string	"KC_F9"
 1811      3900 
 1812               	.LASF62:
 1813 0795 4B43 5F53 		.string	"KC_SCOLON"
 1813      434F 4C4F 
 1813      4E00 
 1814               	.LASF216:
 1815 079f 443A 5C44 		.string	"D:\\Download\\qmk_firmware\\vial-qmk"
 1815      6F77 6E6C 
 1815      6F61 645C 
 1815      716D 6B5F 
 1815      6669 726D 
 1816               	.LASF139:
 1817 07c1 4B43 5F5F 		.string	"KC__VOLUP"
 1817      564F 4C55 
 1817      5000 
 1818               	.LASF130:
 1819 07cb 4B43 5F53 		.string	"KC_SELECT"
 1819      454C 4543 
 1819      5400 
 1820               	.LASF170:
 1821 07d5 4B43 5F53 		.string	"KC_SEPARATOR"
 1821      4550 4152 
 1821      4154 4F52 
 1821      00
 1822               	.LASF196:
 1823 07e2 6B65 7962 		.string	"keyboard_report"
 1823      6F61 7264 
 1823      5F72 6570 
 1823      6F72 7400 
 1824               	.LASF1:
 1825 07f2 756E 7369 		.string	"unsigned char"
 1825      676E 6564 
 1825      2063 6861 
 1825      7200 
 1826               	.LASF167:
 1827 0800 4B43 5F43 		.string	"KC_CLEAR"
 1827      4C45 4152 
 1827      00
 1828               	.LASF198:
 1829 0809 6D61 7472 		.string	"matrix"
 1829      6978 00
 1830               	.LASF67:
 1831 0810 4B43 5F53 		.string	"KC_SLASH"
 1831      4C41 5348 
 1831      00
 1832               	.LASF98:
 1833 0819 4B43 5F4B 		.string	"KC_KP_PLUS"
 1833      505F 504C 
 1833      5553 00
 1834               	.LASF199:
 1835 0824 6B65 7962 		.string	"keyboard"
 1835      6F61 7264 
 1835      00
 1836               	.LASF175:
 1837 082d 4B43 5F45 		.string	"KC_EXSEL"
 1837      5853 454C 
 1837      00
 1838               	.LASF182:
 1839 0836 4B43 5F52 		.string	"KC_RALT"
 1839      414C 5400 
 1840               	.LASF185:
 1841 083e 6869 645F 		.string	"hid_keyboard_keypad_usage"
 1841      6B65 7962 
 1841      6F61 7264 
 1841      5F6B 6579 
 1841      7061 645F 
 1842               	.LASF0:
 1843 0858 7369 676E 		.string	"signed char"
 1843      6564 2063 
 1843      6861 7200 
 1844               	.LASF60:
 1845 0864 4B43 5F42 		.string	"KC_BSLASH"
 1845      534C 4153 
 1845      4800 
 1846               	.LASF209:
 1847 086e 5F5F 746D 		.string	"__tmp"
 1847      7000 
 1848               	.LASF86:
 1849 0874 4B43 5F50 		.string	"KC_PGUP"
 1849      4755 5000 
 1850               	.LASF192:
 1851 087c 7265 7365 		.string	"reserved"
 1851      7276 6564 
 1851      00
 1852               	.LASF213:
 1853 0885 646F 7562 		.string	"double"
 1853      6C65 00
 1854               	.LASF201:
 1855 088c 6465 6275 		.string	"debug_config_t"
 1855      675F 636F 
 1855      6E66 6967 
 1855      5F74 00
 1856               	.LASF88:
 1857 089b 4B43 5F45 		.string	"KC_END"
 1857      4E44 00
 1858               	.LASF89:
 1859 08a2 4B43 5F50 		.string	"KC_PGDOWN"
 1859      4744 4F57 
 1859      4E00 
 1860               		.text
 1861               		.section	.gnu.lto_.profile.431fe0a8,"",@progbits
 1862 0000 789C 6367 		.string	"x\234cg`f`d"
 1862      6066 6064 
 1862      00
 1863 0009 0200      		.string	"\002"
 1864 000b 00        		.string	""
 1865 000c 6200      		.string	"b"
 1866 000e 0C        		.ascii	"\f"
 1867               		.text
 1868               		.section	.gnu.lto_.icf.431fe0a8,"",@progbits
 1869 0000 789C 6367 		.string	"x\234cg`f`g@"
 1869      6066 6067 
 1869      4000 
 1870 000a 4686 D37D 		.string	"F\206\323}\227\331\031"
 1870      97D9 1900 
 1871 0012 0A39 0246 		.ascii	"\n9\002F"
 1872               		.text
 1873               		.section	.gnu.lto_.jmpfuncs.431fe0a8,"",@progbits
 1874 0000 789C 6367 		.string	"x\234cg`fx\317\200"
 1874      6066 78CF 
 1874      8000 
 1875 000a 8C0C 8C8C 		.string	"\214\f\214\214\214\3653\231\031\230\030'23\276\331<\3534S\007\363LfF\306\206\277\f\214\27
 1875      8CF5 3399 
 1875      1998 1827 
 1875      3233 BED9 
 1875      3CEB 3453 
 1876 0082 E902 A962 		.string	"\351\002\251b"
 1876      00
 1877 0087 00        		.string	""
 1878 0088 7C50 37E4 		.ascii	"|P7\344"
 1879               		.text
 1880               		.section	.gnu.lto_.inline.431fe0a8,"",@progbits
 1881 0000 789C 6367 		.string	"x\234cg`f\330\304\200"
 1881      6066 D8C4 
 1881      8000 
 1882 000a 8C0C 0CF6 		.string	"\214\f\f\366\3076\037\370\306\236\301\310\314 \220?\221\231\261\261\177\302Z\376\016\346\
 1882      C736 1FF8 
 1882      C69E C1C8 
 1882      CC20 903F 
 1882      9199 B1B1 
 1883 0070 9245 1BB8 		.ascii	"\222E\033\270"
 1884               		.text
 1885               		.section	.gnu.lto_.pureconst.431fe0a8,"",@progbits
 1886 0000 789C 6367 		.string	"x\234cg`f`a```d\330\305\n"
 1886      6066 6061 
 1886      6060 6064 
 1886      D8C5 0A00 
 1887 0010 021B 00   		.string	"\002\033"
 1888 0013 CF        		.ascii	"\317"
 1889               		.text
 1890               		.section	.gnu.lto_action_macro_play.431fe0a8,"",@progbits
 1891 0000 789C 9558 		.ascii	"x\234\225XYP\026W\026\276\247o\377\373\002\262\230A\300P\350"
 1891      5950 1657 
 1891      16BE A76F 
 1891      FFFB 02B2 
 1891      9841 C050 
 1892 0015 5888 4A34 		.ascii	"X\210J4\223IY\251\232\251T\315\3660\36345O3LQ\004H\306\nh\nM"
 1892      9349 59A9 
 1892      9AA9 54CD 
 1892      F630 F334 
 1892      354F 334C 
 1893 0031 A692 9734 		.ascii	"\246\222\2274\bh\004\243\006\341\007\267\030\\BPd\034\214F\263"
 1893      0868 04A3 
 1893      06E1 07B7 
 1893      185C 4250 
 1893      641C 8C46 
 1894 0046 08A2 1804 		.ascii	"\b\242\030\0045\301\005c\334\206MDT\f"
 1894      35C1 0563 
 1894      DC86 4D44 
 1894      540C 
 1895 0054 2A01 35CC 		.string	"*\0015\3149\367v\367\277\250\001-\253\377\323}\317w\316w\357\375\316\351\333\330\030g\277
 1895      39F7 76F7 
 1895      BFA8 012D 
 1895      ABFF D37D 
 1895      CF77 CE77 
 1896 0155 056F DBCF 		.string	"\005o\333\317]\275g\247[\005\302\361\366\302\251\236\021\017O\004\206v\365w\375\371\336\2
 1896      5DBD 67A7 
 1896      5B05 C2F1 
 1896      F6C2 A99E 
 1896      110F 4F04 
 1897 01da 3B77 FF54 		.ascii	";w\377T\346\261\252\320\0043\240\021f\350S\206\303`\265\341h"
 1897      E6B1 AAD0 
 1897      0433 A011 
 1897      66E8 5386 
 1897      C360 B5E1 
 1898 01ef 47DB 89DD 		.ascii	"G\333\211\335n\376W\021\266\350\341\235!\213\036\366D\231\305"
 1898      6EFE 5711 
 1898      B6E8 E19D 
 1898      218B 1EF6 
 1898      4499 C5
 1899 0202 6474 2434 		.ascii	"dt$4\360e\311\350\203\346\032/\377\207\200\016\336o\337\251\350"
 1899      F065 C9E8 
 1899      83E6 1A2F 
 1899      FF87 800E 
 1899      DE6F DFA9 
 1900 0217 D0A4 0A4D 		.ascii	"\320\244\nM\255\344V8\032\262\030\b<\025\304\350kd\324\214\214"
 1900      ADE4 5638 
 1900      1AB2 1808 
 1900      3C15 C4E8 
 1900      6B64 D48C 
 1901 022c 880B 4B3E 		.ascii	"\210\013K>\201\353\324\002\326\020\036\347\377 \247\367\030\026"
 1901      81EB D402 
 1901      D610 1EE7 
 1901      FF20 A7F7 
 1901      1816 
 1902 023e 0FDD 4F91 		.ascii	"\017\335O\221\371vP\346V\314|\314\314<\200\231\333\036\311\334"
 1902      F976 50E6 
 1902      56CC 7CCC 
 1902      CC3C 8099 
 1902      DB1E C9DC 
 1903 0252 FFC7 2766 		.ascii	"\377\307'f^\357y\212\314\253<\201\231O`\346\343f\346\025\036"
 1903      5EEF 798A 
 1903      CCAB 3C81 
 1903      994F 60E6 
 1903      E366 E615 
 1904 0267 0627 1FC9 		.ascii	"\006'\037\311<\372\247'f\336\3774\231k\2032\177\213\231\2771"
 1904      3CFA A727 
 1904      66DE FF34 
 1904      996B 8332 
 1904      7F8B 99BF 
 1905 027c 3357 63E6 		.ascii	"3Wc\346v\221yO[q\231\233g\212m\354\355\355;n\004>[1\245I\323"
 1905      7691 794F 
 1905      5B71 999B 
 1905      678A 6DEC 
 1905      EDED 3B6E 
 1906 0297 4474 154E 		.ascii	"Dt\025N\205\022i\r\212}\332\214\333,\236\337\376\260p\204\313"
 1906      8512 690D 
 1906      8A7D DA8C 
 1906      DB2C 9EDF 
 1906      FEB0 7084 
 1907 02ac 2A52 F1F6 		.ascii	"*R\361\366\374\246\261S\036YE\tx\273\256s\313\253\3745\221\260"
 1907      FCA6 B153 
 1907      1E59 4509 
 1907      78BB AE73 
 1907      CBAB FC35 
 1908 02c2 70CD F717 		.ascii	"p\315\367\027-TDX\226W7\276\264\363\364\240\246Y+\271\r\316Q"
 1908      2D54 4458 
 1908      9657 37BE 
 1908      B4F3 F4A0 
 1908      A659 2BB9 
 1909 02d9 4280 0E9C 		.ascii	"B\200\016\234\316Y\234\016|\007I\3708\271\334K\250\202\31376"
 1909      CE59 9C0E 
 1909      7C07 49F8 
 1909      38B9 DC4B 
 1909      A882 CB37 
 1910 02ee 5889 A62C 		.ascii	"X\211\246,\346\rR\250:\210\005\201\210\254I\264@ .UD\251p\236"
 1910      E60D 52A8 
 1910      3A88 0581 
 1910      88AC 49B4 
 1910      4020 2E55 
 1911 0306 189F 012B 		.ascii	"\030\237\001+&\021\016\255;\213\213m|\003\bV\265\0376\\\364\350"
 1911      2611 0EAD 
 1911      3B8B 8B6D 
 1911      7C03 0856 
 1911      B51F 365C 
 1912 031c CB70 75E3 		.ascii	"\313pu\343\363\265{7hZ\221\206\r\303\016\027Bx]\3048,y\2277\024"
 1912      F3B5 7B37 
 1912      685A 9186 
 1912      0DC3 0E17 
 1912      4278 5DC4 
 1913 0336 365F 2C9C 		.ascii	"6_,\234\356\317B\374E\306\313\215\033wX\370\3072\343\352]g\313"
 1913      EECF 42FC 
 1913      45C6 CB8D 
 1913      1B77 58F8 
 1913      C732 E3EA 
 1914 034d 547D 46CD 		.ascii	"T}F\315\265\021\215K\345\302\333\340rH\276+\"_\2257\024t\005"
 1914      B511 8D4B 
 1914      E5C2 DBE0 
 1914      7248 BE2B 
 1914      225F 9537 
 1915 0364 0201 2C04 		.ascii	"\002\001,\004\300\0027\353\177(\204K4\375\357\301\n\235\270i"
 1915      C002 37EB 
 1915      7F28 844B 
 1915      34FD EFC1 
 1915      0A9D B869 
 1916 0378 8CAE 211A 		.ascii	"\214\256!\032\364m\262~\261\\\323\226\276\374X\031\366=\215\f"
 1916      F46D B27E 
 1916      B15C D396 
 1916      BEFC 5819 
 1916      F63D 8D0C 
 1917 038c 2F04 49A5 		.ascii	"/\004I\245\033\263w\231r\351@\031\366\210\344\201\322k^?\345"
 1917      1BB3 7799 
 1917      72E9 4019 
 1917      F688 E481 
 1917      D26B 5E3F 
 1918 03a1 D093 A577 		.ascii	"\320\223\245w/(^\257\031\353\256'T\033\2272\237R\032'\326Gq\350"
 1918      2F28 5EAF 
 1918      19EB AE27 
 1918      541B 9732 
 1918      9F52 1A27 
 1919 03b9 A3        		.ascii	"\243"
 1920 03ba 8857 FDD2 		.string	"\210W\375\322\030O\r\217\335\335\237\337\320\237\335\237\353\270B\375\304\341\032\356\317
 1920      184F 0D8F 
 1920      DDDD 9FDF 
 1920      D09F DD9F 
 1920      EBB8 42FD 
 1921 04bb 1471 5E36 		.string	"\024q^6\334\321\310$;E\254\237\217\273\245\215s\363q\247\210\336e0\321\252\256\036\003\32
 1921      DCD1 C824 
 1921      3B45 AC9F 
 1921      8FBB A58D 
 1921      73F3 71A7 
 1922 059f D7F0 45CB 		.ascii	"\327\360E\313`\030\367l-\325;\203\037"
 1922      6018 F76C 
 1922      2DD5 3B83 
 1922      1F
 1923 05ac 25E4 CCE0 		.string	"%\344\314\340\221en\211\241\203`y\303\346\235^\003\263\233\023fD`\024\302\214JLimk\236*1C
 1923      9165 6E89 
 1923      A183 6079 
 1923      C3E6 9D5E 
 1923      03B3 9B13 
 1924 06ad 523A 6D46 		.string	"R:mF}\304\031\365!\342\307S\301\230\016\255\244\255x?\023\323\020\365\3216\321\372X\256\2
 1924      7DC4 19F5 
 1924      21E2 C753 
 1924      C198 0EAD 
 1924      A4AD 783F 
 1925 07ad A19F F40B 		.ascii	"\241\237\364\013\375$M1q\242\312^+\225]f*\373\244\241\354DC\331"
 1925      FD24 4D31 
 1925      71A2 CA5E 
 1925      2B95 5D66 
 1925      2AFB A4A1 
 1926 07c5 22E0 3453 		.ascii	"\"\3404S\331\344p\202T1\315"
 1926      D9E4 7082 
 1926      5431 CD
 1927 07d0 9FDA 3484 		.string	"\237\3324\204\262ONT\331\345\241\312\366\2218\247\343H\305\370\312\256\fU\366:\002O\303\2
 1927      B24F 4E54 
 1927      D9E5 A1CA 
 1927      F691 38A7 
 1927      E348 C5F8 
 1928 0846 B949 669D 		.string	"\271If\235n\210\325\031(\326\373\206XU\021q,P\254\355~\261\266\323\024\223&*\326\017\245X
 1928      6E88 D519 
 1928      28D6 FB86 
 1928      5855 1171 
 1928      2C50 ACED 
 1929 08d0 9D17 C7D3 		.string	"\235\027\307\323\232\266\225\232m\352\006\r\277\321\302\201i\306?\\z\033\203\217\025\361\
 1929      9AB6 959A 
 1929      6DEA 060D 
 1929      BFD1 C281 
 1929      69C6 3F5C 
 1930 0926 0FD4 AF6B 		.string	"\017\324\257kU\350\r`\007\355!\203O\024y\214\276\345S\204\273\020m\347\243\242\215,\305\3
 1930      55E8 0D60 
 1930      07ED 2183 
 1930      4F14 798C 
 1930      BEE5 5384 
 1931 09ae FAB8 35EA 		.ascii	"\372\2705\352\247\207\"\317\236h\375\354\224\365Sk\326O\217Q"
 1931      A787 22CF 
 1931      9E68 FDEC 
 1931      94F5 536B 
 1931      D64F 8F51 
 1932 09c2 3FB3 8DFA 		.ascii	"?\263\215\372\021\001\347\230\365C\016\3354\2319R\224=F\375\364"
 1932      1101 E798 
 1932      F543 0EDD 
 1932      3499 3952 
 1932      943D 46FD 
 1933 09d7 18F5 D333 		.ascii	"\030\365\3233\321\372\331\025Z?uT\002)8\362\237\361\353gwh\375"
 1933      D1FA D915 
 1933      5A3F 7554 
 1933      0229 38F2 
 1933      9FF1 EB67 
 1934 09ee FC97 C073 		.ascii	"\374\227\300sp\244\336\250\037\"\322ETS\002\251\006\326O\212"
 1934      70A4 DEA8 
 1934      1F22 D245 
 1934      5453 02A9 
 1934      06D6 4F8A 
 1935 0a02 D052 3F18 		.ascii	"\320R?\030_d\272kUWI\266\377#I_j\322\2057pK\256\033[\302\245"
 1935      5F64 BA6B 
 1935      5557 49B6 
 1935      FF23 495F 
 1935      6AD2 8537 
 1936 0a1d DC4A D24C 		.ascii	"\334J\322L\314\220\216\031\347\345\276G\366\313X\243K\337u\233"
 1936      CC90 8E19 
 1936      E7E5 BE47 
 1936      F6CB 58A3 
 1936      4BDF 759B 
 1937 0a31 99C2 825A 		.ascii	"\231\302\202Z\247\221IF\037\013\250\367-+g\232/\226e\372[\303"
 1937      A791 4946 
 1937      1F0B A8F7 
 1937      2D2B 679A 
 1937      2F96 65FA 
 1938 0a47 21BF 58EA 		.ascii	"!\277X\352/\025\225)\272\032\031|\212\333?N\373\336+\3518\f:"
 1938      2F15 9529 
 1938      BA1A 197C 
 1938      8ADB 3F4E 
 1938      FBDE 2BE9 
 1939 0a5e DB3C 26   		.ascii	"\333<&"
 1940 0a61 9DF0 DBA3 		.string	"\235\360\333\243\325\363\203\277,=\314\377e\351\222\253\2662\236\376\242!\326t/\220I_\320
 1940      D5F3 83BF 
 1940      2C3D CCFF 
 1940      65E9 92AB 
 1940      B632 9EFE 
 1941 0b62 14A6 FFED 		.ascii	"\024\246\377\355\002\304\030\336>\273$\347\365\264\214E\271Y"
 1941      02C4 18DE 
 1941      3EBB 24E7 
 1941      F5B4 8C45 
 1941      B959 
 1942 0b74 CF65 2CCA 		.ascii	"\317e,\312\311Y\264\360\271\364\214%\013\026-L\313I\317\310]"
 1942      C959 B4F0 
 1942      B9F4 8C25 
 1942      0B16 2D4C 
 1942      CB49 CFC8 
 1943 0b89 9492 C16C 		.ascii	"\224\222\301l\302H{\343\027\301\317S\346\277:w\336\334\314_\317"
 1943      C248 7BE3 
 1943      17C1 CF53 
 1943      E6BF 3A77 
 1943      DEDC CC5F 
 1944 0b9e 65F6 050B 		.ascii	"e\366\005\013\227d\345\276\225\236m\021C\366\264\264\334\254"
 1944      9764 E5BE 
 1944      959E 6D11 
 1944      43F6 B4B4 
 1944      DCAC 
 1945 0bb0 C56F 662F 		.ascii	"\305of/A#=33w\336\213J\316b5--g\361sY/\245\276\226\236\223\225"
 1945      4123 3D33 
 1945      3377 DE8B 
 1945      4ACE 6235 
 1945      2D2D 67F1 
 1946 0bcd 9AB3 F8ED 		.ascii	"\232\263\370\355\305\317\247\346,X\370\332\277_|!5\375\255\334"
 1946      C5CF A7E6 
 1946      2C58 F8DA 
 1946      BF5F 7C21 
 1946      35FD ADDC 
 1947 0be1 D405 0B33 		.ascii	"\324\005\0133\262\337\314\314J}s\311\202\354\324\314\254\354"
 1947      B2DF CCCC 
 1947      4A7D 73C9 
 1947      82EC D4CC 
 1947      ACEC 
 1948 0bf3 F4B7 53FE 		.ascii	"\364\267S\376\305\234iiK\026d\274\2768-3\303\202f\316\033\356"
 1948      C59C 6969 
 1948      4B16 64BC 
 1948      BE38 2D33 
 1948      C382 66CE 
 1949 0c09 EC37 7212 		.ascii	"\3547r\022~9wv\302\337\235\016\306\177\223\313\224w\330\377\001"
 1949      7E39 7776 
 1949      C2DF 9D0E 
 1949      C67F 93CB 
 1949      9477 D8FF 
 1950 0c1e 1761 1FBD 		.ascii	"\027a\037\275"
 1951               		.text
 1952               		.section	.gnu.lto_.symbol_nodes.431fe0a8,"",@progbits
 1953 0000 789C 6367 		.string	"x\234cg`f\220dd```\342\257g\350~\264\235\233q\3029\006\206z\006\206]\r\216\f qF\261z\306\
 1953      6066 9064 
 1953      6460 6060 
 1953      E2AF 67E8 
 1953      7EB4 9D9B 
 1954 0031 4A88 D433 		.string	"J\210\3243a\227\020\252g\306.!X\317\202]B\270\236\025\273\204@=\033V\tf\006\266\223\367o\
 1954      6197 10AA 
 1954      67C6 2E21 
 1954      58CF 825D 
 1954      42B8 9E15 
 1955 009c 00        		.string	""
 1956 009d CA6E DE   		.ascii	"\312n\336"
 1957               		.text
 1958               		.section	.gnu.lto_.refs.431fe0a8,"",@progbits
 1959 0000 789C 6367 		.string	"x\234cg`f`d"
 1959      6066 6064 
 1959      00
 1960 0009 0200      		.string	"\002"
 1961 000b 00        		.string	""
 1962 000c 6200      		.string	"b"
 1963 000e 0C        		.ascii	"\f"
 1964               		.text
 1965               		.section	.gnu.lto_.decls.431fe0a8,"",@progbits
 1966 0000 789C 8D56 		.ascii	"x\234\215VmL"
 1966      6D4C 
 1967 0006 5357 18BE 		.string	"SW\030\276oo\205\266\266e#n\251K\263\221h\342b\026\251\0373\352\317\371c[\226\314?\333\22
 1967      6F6F 85B6 
 1967      B665 236E 
 1967      A94B B391 
 1967      68E2 6216 
 1968 0107 8EF3 3206 		.string	"\216\3632\006\207\325l,\004\373~,\370V\316\313\350\357|_\315\023\205\341\"a\207\342C\016\
 1968      87D5 6C2C 
 1968      04FB 7E2C 
 1968      F856 CECB 
 1968      E8EF 7C5F 
 1969 01e1 F864 C34B 		.string	"\370d\303K\006 ^\200\202\215\201\016\361*c\027q\nD\032\027\376-\262\330\274lQ\220\376\001
 1969      0620 5E80 
 1969      828D 810E 
 1969      F12A 6317 
 1969      710A 441A 
 1970 028d B572 B162 		.ascii	"\265r\261b\316\247\242Vp\375\231\223\023]\255\027T\3138\351\240"
 1970      CEA7 A256 
 1970      70FD 9993 
 1970      135D AD17 
 1970      54CB 38E9 
 1971 02a2 4EDA C34E 		.ascii	"N\332\303N~8X\236\241D'\001\244\266T\356h\250:N\262\275$\201"
 1971      7E38 589E 
 1971      A144 2701 
 1971      A4B6 54EE 
 1971      68A8 3A4E 
 1972 02ba 2805 22B4 		.ascii	"(\005\"\264I\254\264\211\357\017\007\235\324DKN0\304\363\275"
 1972      49AC B489 
 1972      EF0F 079D 
 1972      D444 4B4E 
 1972      30C4 F3BD 
 1973 02ce CCC4 C4E8 		.ascii	"\314\304\304\350l\203\222\232\300=#\272\350}X\177R\263\214\213"
 1973      6C83 929A 
 1973      C03D 23BA 
 1973      E87D 587F 
 1973      52B3 8C8B 
 1974 02e2 DBD4 4577 		.ascii	"\333\324Ew\330E\311TA\221\"\354\242zKQE\206\337@I\320%q\320\025"
 1974      D845 C954 
 1974      4191 22EC 
 1974      A27A 4B51 
 1974      4586 DF40 
 1975 02fc 71D0 431D 		.ascii	"q\320C\035\264-T]\225\361\231\354\205\017\216\344f\304\210\022"
 1975      B42D 545D 
 1975      95F1 99EC 
 1975      850F 8EE4 
 1975      66C4 8812 
 1976 0310 43FA 2C52 		.ascii	"C\372,R\0134\276W\022\337\033\211\277C\343\275#%\207W\360\371"
 1976      0B34 BE57 
 1976      12DF 1B89 
 1976      BF43 E3BD 
 1976      2325 8757 
 1977 0326 2CFE 616F 		.ascii	",\376ao}\251v\031\267\375\324\355>\321l\335y\277W.f\232\276\265"
 1977      7DA9 7619 
 1977      B7FD D4ED 
 1977      3ED1 6CDD 
 1977      79BF 572E 
 1978 033e A583 14EB 		.ascii	"\245\203\024\353\004\006\364IR\365ER\r\320T\355_\317d*\371k,"
 1978      0406 F449 
 1978      52F5 4552 
 1978      0DD0 54ED 
 1978      5FCF 642A 
 1979 0355 55C7 FD81 		.ascii	"U\307\375\201!\255(0\177\202\217x\275+\021\270\033\021\030\244"
 1979      21AD 2830 
 1979      7F82 8F78 
 1979      BD2B 11B8 
 1979      1B11 18A4 
 1980 0369 0239 97FA 		.ascii	"\0029\227\372[c\371N&p40<\310\213\002S\237\345\251it@\022\035"
 1980      5B63 F94E 
 1980      2670 3430 
 1980      3CC8 8B02 
 1980      539F E5A9 
 1981 0382 8844 DFA3 		.ascii	"\210D\337\243\321=\327\317\375\256\215\366\332G\353p0D_\373\366"
 1981      D13D D7CF 
 1981      FDAE 8DF6 
 1981      DA47 EB70 
 1981      3044 5FFB 
 1982 0397 5317 4242 		.ascii	"S\027BB\263\375\\h\\\274\244m}\316\332\326\225\374\276Q\025?"
 1982      B3FD 5C68 
 1982      5CBC A46D 
 1982      7DCE DAD6 
 1982      95FC BE51 
 1983 03ad CC1C 8D79 		.ascii	"\314\034\215y\263\002+X\002\332\022\271H?\204?\201\206\320\024"
 1983      B302 2B58 
 1983      02DA 12B9 
 1983      483F 843F 
 1983      8186 D014 
 1984 03c1 2338 392C 		.ascii	"#89,L\216\322\024\347\036\345yeB\024\021\033i\274\264\217\216"
 1984      4C8E D214 
 1984      E71E E579 
 1984      6542 1411 
 1984      1B69 BCB4 
 1985 03d7 810A CF89 		.ascii	"\201\n\317\211l\210\354\323\335s^\r\353\215\202\235\362@\345"
 1985      6C88 ECD3 
 1985      DD73 5E0D 
 1985      EB8D 829D 
 1985      F240 E5
 1986 03ea 8B15 AC37 		.ascii	"\213\025\2547\352p\330\365\254zV\315?\246v\370\253\376\266,\r"
 1986      EA70 D8F5 
 1986      AC7A 56CD 
 1986      3FA6 76F8 
 1986      ABFE B62C 
 1987 03ff A8F4 8062 		.ascii	"\250\364\200b\020\245\354\207\350\351\021\225\177\202\214\307"
 1987      10A5 EC87 
 1987      E8E9 1195 
 1987      7F82 8CC7 
 1988 040f A85F 4890 		.ascii	"\250_H\220\026\374\212\316\026\022\005\275\242\352P\311w5\312"
 1988      16FC 8ACE 
 1988      1612 05BD 
 1988      A2EA 50C9 
 1988      7735 CA
 1989 0422 F83C C121 		.ascii	"\370<\301!>l\202\235\001o\300\003\f\272O=\216C|\330)\035`HQ\023"
 1989      3E6C 829D 
 1989      016F C003 
 1989      0CBA 4F3D 
 1989      8E43 7CD8 
 1990 043c 7902 CB16 		.ascii	"y\002\313\0265\021.\312@k\252>\332\364\223\202\351\267.\352/"
 1990      3511 2ECA 
 1990      406B AA3E 
 1990      DAF4 9382 
 1990      E9B7 2EEA 
 1991 0451 D283 547F 		.ascii	"\322\203T\177\202\351\007\251~\326\361\246C\n\351\327GX\374\305"
 1991      82E9 07A9 
 1991      7ED6 F1A6 
 1991      430A E9D7 
 1991      4758 FCC5 
 1992 0465 8849 F1EB 		.ascii	"\210I\361\3533I\277>\207\276i&qRr\377\022\362\224H\236\242\344"
 1992      3349 BF3E 
 1992      87BE 6926 
 1992      7152 72FF 
 1992      12F2 9448 
 1993 047c DAB2 9F0B 		.ascii	"\332\262\237\013@J\356XB\236\026\311\323\224|i\370\376\3618~"
 1993      404A EE58 
 1993      429E 16C9 
 1993      D394 7C69 
 1993      F8FE F138 
 1994 0491 922D FF85 		.ascii	"\222-\377\205\3123>-?\307\006\207j\353\212b\260\027\300\337t"
 1994      CA33 3E2D 
 1994      3FC7 0687 
 1994      6AEB 8A62 
 1994      B017 C0DF 
 1995 04a6 172E 6951 		.ascii	"\027.iQ\273V\376\217\026\365\214\276n3\341\3460^\226\355\023"
 1995      BB56 FE8F 
 1995      16F5 8CBE 
 1995      6E33 E1E6 
 1995      305E 96ED 
 1996 04bb 76BB 3F40 		.ascii	"v\273?@[TEi\006\361\021R\374\001\bD\370+\274\355\341)\310!\004"
 1996      5B54 4569 
 1996      06F1 1152 
 1996      FC01 0844 
 1996      F82B BCED 
 1997 04d4 6B84 9948 		.ascii	"k\204\231H\317\314\321r\302\034\252<\350\375\276Y\271\266\224"
 1997      CFCC D172 
 1997      C21C AA3C 
 1997      E8FD BE59 
 1997      B9B6 94
 1998 04e7 FD3F 50AE 		.ascii	"\375?P\256\3400!m\247\341\017\310,\254E\326\263\223\r\307b\031"
 1998      E030 216D 
 1998      A7E1 0FC8 
 1998      2CAC 45D6 
 1998      B393 0DC7 
 1999 04fd 0B1B F3DB 		.ascii	"\013\033\363\333]\231$W\3662s\2162\273:\346\013x\2219\344%\360"
 1999      5D99 2457 
 1999      F632 738E 
 1999      32BB 3AE6 
 1999      0B78 9139 
 2000 0514 DECB B4E7 		.ascii	"\336\313\264\347\224\226\363\353\255Z\265Hk_\215\211_\246\275"
 2000      9496 F3EB 
 2000      AD5A B548 
 2000      6B5F 8D89 
 2000      5FA6 BD
 2001 0527 A034 7FC3 		.ascii	"\2404\177\303La\234H\233:\030Em\236\322\272k\272\375\021"
 2001      4C61 9C48 
 2001      9B3A 1845 
 2001      6D9E D2BA 
 2001      6BBA FD11 
 2002 053b 9A2E 8ADA 		.string	"\232.\212\332\002KZ\324\330,\017\323\242%%\262\265\334\233\036\307\036\223\305\345\266%Z\
 2002      024B 5AD4 
 2002      D82C 0FD3 
 2002      A225 25B2 
 2002      B5DC 9B1E 
 2003 063c 4A6F      		.ascii	"Jo"
 2004               		.text
 2005               		.section	.gnu.lto_.symtab.431fe0a8,"",@progbits
 2006 0000 6163 7469 		.string	"action_macro_play"
 2006      6F6E 5F6D 
 2006      6163 726F 
 2006      5F70 6C61 
 2006      7900 
 2007 0012 00        		.string	""
 2008 0013 00        		.string	""
 2009 0014 00        		.string	""
 2010 0015 00        		.string	""
 2011 0016 00        		.string	""
 2012 0017 00        		.string	""
 2013 0018 00        		.string	""
 2014 0019 00        		.string	""
 2015 001a 00        		.string	""
 2016 001b 00        		.string	""
 2017 001c 00        		.string	""
 2018 001d D000      		.string	"\320"
 2019 001f 00        		.string	""
 2020 0020 00        		.string	""
 2021 0021 756E 7265 		.string	"unregister_code"
 2021      6769 7374 
 2021      6572 5F63 
 2021      6F64 6500 
 2022 0031 00        		.string	""
 2023 0032 02        		.ascii	"\002"
 2024 0033 00        		.string	""
 2025 0034 00        		.string	""
 2026 0035 00        		.string	""
 2027 0036 00        		.string	""
 2028 0037 00        		.string	""
 2029 0038 00        		.string	""
 2030 0039 00        		.string	""
 2031 003a 00        		.string	""
 2032 003b 00        		.string	""
 2033 003c D800      		.string	"\330"
 2034 003e 00        		.string	""
 2035 003f 00        		.string	""
 2036 0040 7265 6769 		.string	"register_code"
 2036      7374 6572 
 2036      5F63 6F64 
 2036      6500 
 2037 004e 00        		.string	""
 2038 004f 02        		.ascii	"\002"
 2039 0050 00        		.string	""
 2040 0051 00        		.string	""
 2041 0052 00        		.string	""
 2042 0053 00        		.string	""
 2043 0054 00        		.string	""
 2044 0055 00        		.string	""
 2045 0056 00        		.string	""
 2046 0057 00        		.string	""
 2047 0058 00        		.string	""
 2048 0059 DA00      		.string	"\332"
 2049 005b 00        		.string	""
 2050 005c 00        		.string	""
 2051 005d 7365 6E64 		.string	"send_keyboard_report"
 2051      5F6B 6579 
 2051      626F 6172 
 2051      645F 7265 
 2051      706F 7274 
 2052 0072 00        		.string	""
 2053 0073 02        		.ascii	"\002"
 2054 0074 00        		.string	""
 2055 0075 00        		.string	""
 2056 0076 00        		.string	""
 2057 0077 00        		.string	""
 2058 0078 00        		.string	""
 2059 0079 00        		.string	""
 2060 007a 00        		.string	""
 2061 007b 00        		.string	""
 2062 007c 00        		.string	""
 2063 007d DD00      		.string	"\335"
 2064 007f 00        		.string	""
 2065 0080 00        		.string	""
 2066 0081 6465 6C5F 		.string	"del_macro_mods"
 2066      6D61 6372 
 2066      6F5F 6D6F 
 2066      6473 00
 2067 0090 00        		.string	""
 2068 0091 02        		.ascii	"\002"
 2069 0092 00        		.string	""
 2070 0093 00        		.string	""
 2071 0094 00        		.string	""
 2072 0095 00        		.string	""
 2073 0096 00        		.string	""
 2074 0097 00        		.string	""
 2075 0098 00        		.string	""
 2076 0099 00        		.string	""
 2077 009a 00        		.string	""
 2078 009b DF00      		.string	"\337"
 2079 009d 00        		.string	""
 2080 009e 00        		.string	""
 2081 009f 6164 645F 		.string	"add_macro_mods"
 2081      6D61 6372 
 2081      6F5F 6D6F 
 2081      6473 00
 2082 00ae 00        		.string	""
 2083 00af 02        		.ascii	"\002"
 2084 00b0 00        		.string	""
 2085 00b1 00        		.string	""
 2086 00b2 00        		.string	""
 2087 00b3 00        		.string	""
 2088 00b4 00        		.string	""
 2089 00b5 00        		.string	""
 2090 00b6 00        		.string	""
 2091 00b7 00        		.string	""
 2092 00b8 00        		.string	""
 2093 00b9 E100      		.string	"\341"
 2094 00bb 00        		.string	""
 2095 00bc 00        		.string	""
 2096               		.text
 2097               		.section	.gnu.lto_.opts,"",@progbits
 2098 0000 272D 666E 		.ascii	"'-fn"
 2099 0004 6F2D 6F70 		.string	"o-openmp' '-fno-openacc' '-fno-pie' '-mn-flash=1' '-mno-skip-bug' '-mmcu=avr5' '-Os' '-We
 2099      656E 6D70 
 2099      2720 272D 
 2099      666E 6F2D 
 2099      6F70 656E 
 2100               		.text
 2101               		.comm	__gnu_lto_v1,1,1
 2102               		.comm	__gnu_lto_slim,1,1
 2103               		.ident	"GCC: (GNU) 8.4.0"
DEFINED SYMBOLS
                            *ABS*:0000000000000000 action_macro.c
C:\Users\Roningo\AppData\Local\Temp\ccFbZwA7.s:2      *ABS*:000000000000003e __SP_H__
C:\Users\Roningo\AppData\Local\Temp\ccFbZwA7.s:3      *ABS*:000000000000003d __SP_L__
C:\Users\Roningo\AppData\Local\Temp\ccFbZwA7.s:4      *ABS*:000000000000003f __SREG__
C:\Users\Roningo\AppData\Local\Temp\ccFbZwA7.s:5      *ABS*:0000000000000000 __tmp_reg__
C:\Users\Roningo\AppData\Local\Temp\ccFbZwA7.s:6      *ABS*:0000000000000001 __zero_reg__
C:\Users\Roningo\AppData\Local\Temp\ccFbZwA7.s:20     .gnu.debuglto_.debug_info:0000000000000000 action_macro.c.8f010d50
                            *COM*:0000000000000001 __gnu_lto_v1
                            *COM*:0000000000000001 __gnu_lto_slim

NO UNDEFINED SYMBOLS
