   1               		.file	"debug.c"
   2               	__SP_H__ = 0x3e
   3               	__SP_L__ = 0x3d
   4               	__SREG__ = 0x3f
   5               	__tmp_reg__ = 0
   6               	__zero_reg__ = 1
   7               		.file 1 "tmk_core/common/debug.h"
   8               		.file 2 "e:\\game\\msys2\\mingw64\\avr\\include\\stdint.h"
   9               		.file 3 "tmk_core/common/debug.c"
  10               		.section	.gnu.debuglto_.debug_info,"",@progbits
  11               	.Ldebug_info0:
  12               		.hidden	debug.c.d4f2941f
  13               		.weak	debug.c.d4f2941f
  14               	debug.c.d4f2941f:
  15 0000 0601 0000 		.long	0x106
  16 0004 0200      		.word	0x2
  17 0006 0000 0000 		.long	.Ldebug_abbrev0
  18 000a 04        		.byte	0x4
  19 000b 01        		.uleb128 0x1
  20 000c 0000 0000 		.long	.LASF15
  21 0010 0C        		.byte	0xc
  22 0011 0000 0000 		.long	.LASF16
  23 0015 0000 0000 		.long	.LASF17
  24 0019 0000 0000 		.long	.Ldebug_line0
  25 001d 02        		.uleb128 0x2
  26 001e 01        		.byte	0x1
  27 001f 06        		.byte	0x6
  28 0020 0000 0000 		.long	.LASF0
  29 0024 03        		.uleb128 0x3
  30 0025 0000 0000 		.long	.LASF13
  31 0029 02        		.byte	0x2
  32 002a 7E        		.byte	0x7e
  33 002b 16        		.byte	0x16
  34 002c 3000 0000 		.long	0x30
  35 0030 02        		.uleb128 0x2
  36 0031 01        		.byte	0x1
  37 0032 08        		.byte	0x8
  38 0033 0000 0000 		.long	.LASF1
  39 0037 04        		.uleb128 0x4
  40 0038 02        		.byte	0x2
  41 0039 05        		.byte	0x5
  42 003a 696E 7400 		.string	"int"
  43 003e 02        		.uleb128 0x2
  44 003f 02        		.byte	0x2
  45 0040 07        		.byte	0x7
  46 0041 0000 0000 		.long	.LASF2
  47 0045 02        		.uleb128 0x2
  48 0046 04        		.byte	0x4
  49 0047 05        		.byte	0x5
  50 0048 0000 0000 		.long	.LASF3
  51 004c 02        		.uleb128 0x2
  52 004d 04        		.byte	0x4
  53 004e 07        		.byte	0x7
  54 004f 0000 0000 		.long	.LASF4
  55 0053 02        		.uleb128 0x2
  56 0054 08        		.byte	0x8
  57 0055 05        		.byte	0x5
  58 0056 0000 0000 		.long	.LASF5
  59 005a 02        		.uleb128 0x2
  60 005b 08        		.byte	0x8
  61 005c 07        		.byte	0x7
  62 005d 0000 0000 		.long	.LASF6
  63 0061 05        		.uleb128 0x5
  64 0062 01        		.byte	0x1
  65 0063 01        		.byte	0x1
  66 0064 1F        		.byte	0x1f
  67 0065 05        		.byte	0x5
  68 0066 C500 0000 		.long	0xc5
  69 006a 06        		.uleb128 0x6
  70 006b 0000 0000 		.long	.LASF7
  71 006f 01        		.byte	0x1
  72 0070 20        		.byte	0x20
  73 0071 11        		.byte	0x11
  74 0072 C500 0000 		.long	0xc5
  75 0076 01        		.byte	0x1
  76 0077 01        		.byte	0x1
  77 0078 07        		.byte	0x7
  78 0079 02        		.byte	0x2
  79 007a 23        		.byte	0x23
  80 007b 00        		.uleb128 0
  81 007c 06        		.uleb128 0x6
  82 007d 0000 0000 		.long	.LASF8
  83 0081 01        		.byte	0x1
  84 0082 21        		.byte	0x21
  85 0083 11        		.byte	0x11
  86 0084 C500 0000 		.long	0xc5
  87 0088 01        		.byte	0x1
  88 0089 01        		.byte	0x1
  89 008a 06        		.byte	0x6
  90 008b 02        		.byte	0x2
  91 008c 23        		.byte	0x23
  92 008d 00        		.uleb128 0
  93 008e 06        		.uleb128 0x6
  94 008f 0000 0000 		.long	.LASF9
  95 0093 01        		.byte	0x1
  96 0094 22        		.byte	0x22
  97 0095 11        		.byte	0x11
  98 0096 C500 0000 		.long	0xc5
  99 009a 01        		.byte	0x1
 100 009b 01        		.byte	0x1
 101 009c 05        		.byte	0x5
 102 009d 02        		.byte	0x2
 103 009e 23        		.byte	0x23
 104 009f 00        		.uleb128 0
 105 00a0 06        		.uleb128 0x6
 106 00a1 0000 0000 		.long	.LASF10
 107 00a5 01        		.byte	0x1
 108 00a6 23        		.byte	0x23
 109 00a7 11        		.byte	0x11
 110 00a8 C500 0000 		.long	0xc5
 111 00ac 01        		.byte	0x1
 112 00ad 01        		.byte	0x1
 113 00ae 04        		.byte	0x4
 114 00af 02        		.byte	0x2
 115 00b0 23        		.byte	0x23
 116 00b1 00        		.uleb128 0
 117 00b2 06        		.uleb128 0x6
 118 00b3 0000 0000 		.long	.LASF11
 119 00b7 01        		.byte	0x1
 120 00b8 24        		.byte	0x24
 121 00b9 11        		.byte	0x11
 122 00ba 2400 0000 		.long	0x24
 123 00be 01        		.byte	0x1
 124 00bf 04        		.byte	0x4
 125 00c0 00        		.byte	0
 126 00c1 02        		.byte	0x2
 127 00c2 23        		.byte	0x23
 128 00c3 00        		.uleb128 0
 129 00c4 00        		.byte	0
 130 00c5 02        		.uleb128 0x2
 131 00c6 01        		.byte	0x1
 132 00c7 02        		.byte	0x2
 133 00c8 0000 0000 		.long	.LASF12
 134 00cc 07        		.uleb128 0x7
 135 00cd 01        		.byte	0x1
 136 00ce 01        		.byte	0x1
 137 00cf 1E        		.byte	0x1e
 138 00d0 09        		.byte	0x9
 139 00d1 E700 0000 		.long	0xe7
 140 00d5 08        		.uleb128 0x8
 141 00d6 6100 0000 		.long	0x61
 142 00da 09        		.uleb128 0x9
 143 00db 7261 7700 		.string	"raw"
 144 00df 01        		.byte	0x1
 145 00e0 26        		.byte	0x26
 146 00e1 0D        		.byte	0xd
 147 00e2 2400 0000 		.long	0x24
 148 00e6 00        		.byte	0
 149 00e7 03        		.uleb128 0x3
 150 00e8 0000 0000 		.long	.LASF14
 151 00ec 01        		.byte	0x1
 152 00ed 27        		.byte	0x27
 153 00ee 03        		.byte	0x3
 154 00ef CC00 0000 		.long	0xcc
 155 00f3 0A        		.uleb128 0xa
 156 00f4 0000 0000 		.long	.LASF18
 157 00f8 01        		.byte	0x1
 158 00f9 29        		.byte	0x29
 159 00fa 17        		.byte	0x17
 160 00fb E700 0000 		.long	0xe7
 161 00ff 01        		.byte	0x1
 162 0100 01        		.byte	0x1
 163 0101 0B        		.uleb128 0xb
 164 0102 F300 0000 		.long	0xf3
 165 0106 03        		.byte	0x3
 166 0107 13        		.byte	0x13
 167 0108 10        		.byte	0x10
 168 0109 00        		.byte	0
 169               		.section	.gnu.debuglto_.debug_abbrev,"",@progbits
 170               	.Ldebug_abbrev0:
 171 0000 01        		.uleb128 0x1
 172 0001 11        		.uleb128 0x11
 173 0002 01        		.byte	0x1
 174 0003 25        		.uleb128 0x25
 175 0004 0E        		.uleb128 0xe
 176 0005 13        		.uleb128 0x13
 177 0006 0B        		.uleb128 0xb
 178 0007 03        		.uleb128 0x3
 179 0008 0E        		.uleb128 0xe
 180 0009 1B        		.uleb128 0x1b
 181 000a 0E        		.uleb128 0xe
 182 000b 10        		.uleb128 0x10
 183 000c 06        		.uleb128 0x6
 184 000d 00        		.byte	0
 185 000e 00        		.byte	0
 186 000f 02        		.uleb128 0x2
 187 0010 24        		.uleb128 0x24
 188 0011 00        		.byte	0
 189 0012 0B        		.uleb128 0xb
 190 0013 0B        		.uleb128 0xb
 191 0014 3E        		.uleb128 0x3e
 192 0015 0B        		.uleb128 0xb
 193 0016 03        		.uleb128 0x3
 194 0017 0E        		.uleb128 0xe
 195 0018 00        		.byte	0
 196 0019 00        		.byte	0
 197 001a 03        		.uleb128 0x3
 198 001b 16        		.uleb128 0x16
 199 001c 00        		.byte	0
 200 001d 03        		.uleb128 0x3
 201 001e 0E        		.uleb128 0xe
 202 001f 3A        		.uleb128 0x3a
 203 0020 0B        		.uleb128 0xb
 204 0021 3B        		.uleb128 0x3b
 205 0022 0B        		.uleb128 0xb
 206 0023 39        		.uleb128 0x39
 207 0024 0B        		.uleb128 0xb
 208 0025 49        		.uleb128 0x49
 209 0026 13        		.uleb128 0x13
 210 0027 00        		.byte	0
 211 0028 00        		.byte	0
 212 0029 04        		.uleb128 0x4
 213 002a 24        		.uleb128 0x24
 214 002b 00        		.byte	0
 215 002c 0B        		.uleb128 0xb
 216 002d 0B        		.uleb128 0xb
 217 002e 3E        		.uleb128 0x3e
 218 002f 0B        		.uleb128 0xb
 219 0030 03        		.uleb128 0x3
 220 0031 08        		.uleb128 0x8
 221 0032 00        		.byte	0
 222 0033 00        		.byte	0
 223 0034 05        		.uleb128 0x5
 224 0035 13        		.uleb128 0x13
 225 0036 01        		.byte	0x1
 226 0037 0B        		.uleb128 0xb
 227 0038 0B        		.uleb128 0xb
 228 0039 3A        		.uleb128 0x3a
 229 003a 0B        		.uleb128 0xb
 230 003b 3B        		.uleb128 0x3b
 231 003c 0B        		.uleb128 0xb
 232 003d 39        		.uleb128 0x39
 233 003e 0B        		.uleb128 0xb
 234 003f 01        		.uleb128 0x1
 235 0040 13        		.uleb128 0x13
 236 0041 00        		.byte	0
 237 0042 00        		.byte	0
 238 0043 06        		.uleb128 0x6
 239 0044 0D        		.uleb128 0xd
 240 0045 00        		.byte	0
 241 0046 03        		.uleb128 0x3
 242 0047 0E        		.uleb128 0xe
 243 0048 3A        		.uleb128 0x3a
 244 0049 0B        		.uleb128 0xb
 245 004a 3B        		.uleb128 0x3b
 246 004b 0B        		.uleb128 0xb
 247 004c 39        		.uleb128 0x39
 248 004d 0B        		.uleb128 0xb
 249 004e 49        		.uleb128 0x49
 250 004f 13        		.uleb128 0x13
 251 0050 0B        		.uleb128 0xb
 252 0051 0B        		.uleb128 0xb
 253 0052 0D        		.uleb128 0xd
 254 0053 0B        		.uleb128 0xb
 255 0054 0C        		.uleb128 0xc
 256 0055 0B        		.uleb128 0xb
 257 0056 38        		.uleb128 0x38
 258 0057 0A        		.uleb128 0xa
 259 0058 00        		.byte	0
 260 0059 00        		.byte	0
 261 005a 07        		.uleb128 0x7
 262 005b 17        		.uleb128 0x17
 263 005c 01        		.byte	0x1
 264 005d 0B        		.uleb128 0xb
 265 005e 0B        		.uleb128 0xb
 266 005f 3A        		.uleb128 0x3a
 267 0060 0B        		.uleb128 0xb
 268 0061 3B        		.uleb128 0x3b
 269 0062 0B        		.uleb128 0xb
 270 0063 39        		.uleb128 0x39
 271 0064 0B        		.uleb128 0xb
 272 0065 01        		.uleb128 0x1
 273 0066 13        		.uleb128 0x13
 274 0067 00        		.byte	0
 275 0068 00        		.byte	0
 276 0069 08        		.uleb128 0x8
 277 006a 0D        		.uleb128 0xd
 278 006b 00        		.byte	0
 279 006c 49        		.uleb128 0x49
 280 006d 13        		.uleb128 0x13
 281 006e 00        		.byte	0
 282 006f 00        		.byte	0
 283 0070 09        		.uleb128 0x9
 284 0071 0D        		.uleb128 0xd
 285 0072 00        		.byte	0
 286 0073 03        		.uleb128 0x3
 287 0074 08        		.uleb128 0x8
 288 0075 3A        		.uleb128 0x3a
 289 0076 0B        		.uleb128 0xb
 290 0077 3B        		.uleb128 0x3b
 291 0078 0B        		.uleb128 0xb
 292 0079 39        		.uleb128 0x39
 293 007a 0B        		.uleb128 0xb
 294 007b 49        		.uleb128 0x49
 295 007c 13        		.uleb128 0x13
 296 007d 00        		.byte	0
 297 007e 00        		.byte	0
 298 007f 0A        		.uleb128 0xa
 299 0080 34        		.uleb128 0x34
 300 0081 00        		.byte	0
 301 0082 03        		.uleb128 0x3
 302 0083 0E        		.uleb128 0xe
 303 0084 3A        		.uleb128 0x3a
 304 0085 0B        		.uleb128 0xb
 305 0086 3B        		.uleb128 0x3b
 306 0087 0B        		.uleb128 0xb
 307 0088 39        		.uleb128 0x39
 308 0089 0B        		.uleb128 0xb
 309 008a 49        		.uleb128 0x49
 310 008b 13        		.uleb128 0x13
 311 008c 3F        		.uleb128 0x3f
 312 008d 0C        		.uleb128 0xc
 313 008e 3C        		.uleb128 0x3c
 314 008f 0C        		.uleb128 0xc
 315 0090 00        		.byte	0
 316 0091 00        		.byte	0
 317 0092 0B        		.uleb128 0xb
 318 0093 34        		.uleb128 0x34
 319 0094 00        		.byte	0
 320 0095 47        		.uleb128 0x47
 321 0096 13        		.uleb128 0x13
 322 0097 3A        		.uleb128 0x3a
 323 0098 0B        		.uleb128 0xb
 324 0099 3B        		.uleb128 0x3b
 325 009a 0B        		.uleb128 0xb
 326 009b 39        		.uleb128 0x39
 327 009c 0B        		.uleb128 0xb
 328 009d 00        		.byte	0
 329 009e 00        		.byte	0
 330 009f 00        		.byte	0
 331               		.section	.gnu.debuglto_.debug_line,"",@progbits
 332               	.Ldebug_line0:
 333 0000 6D00 0000 		.long	.LELT0-.LSLT0
 334               	.LSLT0:
 335 0004 0200      		.word	0x2
 336 0006 6700 0000 		.long	.LELTP0-.LASLTP0
 337               	.LASLTP0:
 338 000a 01        		.byte	0x1
 339 000b 01        		.byte	0x1
 340 000c F6        		.byte	0xf6
 341 000d F2        		.byte	0xf2
 342 000e 0D        		.byte	0xd
 343 000f 00        		.byte	0
 344 0010 01        		.byte	0x1
 345 0011 01        		.byte	0x1
 346 0012 01        		.byte	0x1
 347 0013 01        		.byte	0x1
 348 0014 00        		.byte	0
 349 0015 00        		.byte	0
 350 0016 00        		.byte	0
 351 0017 01        		.byte	0x1
 352 0018 00        		.byte	0
 353 0019 00        		.byte	0
 354 001a 01        		.byte	0x1
 355 001b 653A 5C67 		.ascii	"e:\\game\\msys2\\mingw64\\avr\\include"
 355      616D 655C 
 355      6D73 7973 
 355      325C 6D69 
 355      6E67 7736 
 356 003c 00        		.byte	0
 357 003d 746D 6B5F 		.ascii	"tmk_core/common"
 357      636F 7265 
 357      2F63 6F6D 
 357      6D6F 6E
 358 004c 00        		.byte	0
 359 004d 00        		.byte	0
 360 004e 6465 6275 		.string	"debug.h"
 360      672E 6800 
 361 0056 02        		.uleb128 0x2
 362 0057 00        		.uleb128 0
 363 0058 00        		.uleb128 0
 364 0059 7374 6469 		.string	"stdint.h"
 364      6E74 2E68 
 364      00
 365 0062 01        		.uleb128 0x1
 366 0063 00        		.uleb128 0
 367 0064 00        		.uleb128 0
 368 0065 6465 6275 		.string	"debug.c"
 368      672E 6300 
 369 006d 02        		.uleb128 0x2
 370 006e 00        		.uleb128 0
 371 006f 00        		.uleb128 0
 372 0070 00        		.byte	0
 373               	.LELTP0:
 374               	.LELT0:
 375               		.section	.gnu.debuglto_.debug_str,"MS",@progbits,1
 376               	.LASF17:
 377 0000 443A 5C44 		.string	"D:\\Download\\qmk_firmware\\vial-qmk"
 377      6F77 6E6C 
 377      6F61 645C 
 377      716D 6B5F 
 377      6669 726D 
 378               	.LASF10:
 379 0022 6D6F 7573 		.string	"mouse"
 379      6500 
 380               	.LASF11:
 381 0028 7265 7365 		.string	"reserved"
 381      7276 6564 
 381      00
 382               	.LASF7:
 383 0031 656E 6162 		.string	"enable"
 383      6C65 00
 384               	.LASF18:
 385 0038 6465 6275 		.string	"debug_config"
 385      675F 636F 
 385      6E66 6967 
 385      00
 386               	.LASF1:
 387 0045 756E 7369 		.string	"unsigned char"
 387      676E 6564 
 387      2063 6861 
 387      7200 
 388               	.LASF4:
 389 0053 6C6F 6E67 		.string	"long unsigned int"
 389      2075 6E73 
 389      6967 6E65 
 389      6420 696E 
 389      7400 
 390               	.LASF15:
 391 0065 474E 5520 		.string	"GNU C99 8.4.0 -mn-flash=1 -mno-skip-bug -mmcu=avr5 -gdwarf-2 -Os -std=gnu99 -funsigned-ch
 391      4339 3920 
 391      382E 342E 
 391      3020 2D6D 
 391      6E2D 666C 
 392               	.LASF9:
 393 0156 6B65 7962 		.string	"keyboard"
 393      6F61 7264 
 393      00
 394               	.LASF2:
 395 015f 756E 7369 		.string	"unsigned int"
 395      676E 6564 
 395      2069 6E74 
 395      00
 396               	.LASF16:
 397 016c 746D 6B5F 		.string	"tmk_core/common/debug.c"
 397      636F 7265 
 397      2F63 6F6D 
 397      6D6F 6E2F 
 397      6465 6275 
 398               	.LASF6:
 399 0184 6C6F 6E67 		.string	"long long unsigned int"
 399      206C 6F6E 
 399      6720 756E 
 399      7369 676E 
 399      6564 2069 
 400               	.LASF13:
 401 019b 7569 6E74 		.string	"uint8_t"
 401      385F 7400 
 402               	.LASF5:
 403 01a3 6C6F 6E67 		.string	"long long int"
 403      206C 6F6E 
 403      6720 696E 
 403      7400 
 404               	.LASF14:
 405 01b1 6465 6275 		.string	"debug_config_t"
 405      675F 636F 
 405      6E66 6967 
 405      5F74 00
 406               	.LASF8:
 407 01c0 6D61 7472 		.string	"matrix"
 407      6978 00
 408               	.LASF3:
 409 01c7 6C6F 6E67 		.string	"long int"
 409      2069 6E74 
 409      00
 410               	.LASF0:
 411 01d0 7369 676E 		.string	"signed char"
 411      6564 2063 
 411      6861 7200 
 412               	.LASF12:
 413 01dc 5F42 6F6F 		.string	"_Bool"
 413      6C00 
 414               		.text
 415               		.section	.gnu.lto_.profile.431fe4e4,"",@progbits
 416 0000 789C 6367 		.string	"x\234cg`f`d"
 416      6066 6064 
 416      00
 417 0009 0200      		.string	"\002"
 418 000b 00        		.string	""
 419 000c 6200      		.string	"b"
 420 000e 0C        		.ascii	"\f"
 421               		.text
 422               		.section	.gnu.lto_.icf.431fe4e4,"",@progbits
 423 0000 789C 6367 		.string	"x\234cg`f\340`@"
 423      6066 E060 
 423      4000 
 424 000a 4686 CD8B 		.string	"F\206\315\213?\355dd"
 424      3FED 6464 
 424      00
 425 0013 00        		.string	""
 426 0014 0F00      		.string	"\017"
 427 0016 0316      		.ascii	"\003\026"
 428               		.text
 429               		.section	.gnu.lto_.jmpfuncs.431fe4e4,"",@progbits
 430 0000 789C 6367 		.string	"x\234cg`f`b@\006"
 430      6066 6062 
 430      4006 00
 431 000b 00        		.string	""
 432 000c DC00      		.string	"\334"
 433 000e 0D        		.ascii	"\r"
 434               		.text
 435               		.section	.gnu.lto_.inline.431fe4e4,"",@progbits
 436 0000 789C 6367 		.string	"x\234cg`f`b@\006"
 436      6066 6062 
 436      4006 00
 437 000b 00        		.string	""
 438 000c DC00      		.string	"\334"
 439 000e 0D        		.ascii	"\r"
 440               		.text
 441               		.section	.gnu.lto_.pureconst.431fe4e4,"",@progbits
 442 0000 789C 6367 		.string	"x\234cg`f`d"
 442      6066 6064 
 442      00
 443 0009 0200      		.string	"\002"
 444 000b 00        		.string	""
 445 000c 6200      		.string	"b"
 446 000e 0C        		.ascii	"\f"
 447               		.text
 448               		.section	.gnu.lto_debug_config.431fe4e4,"",@progbits
 449 0000 789C 6367 		.string	"x\234cg`f(b```d\200\200\211\314\214\215\375\023\326\362w0\317d\006\n\"s\031\301\334\237/^
 449      6066 2862 
 449      6060 6064 
 449      8080 89CC 
 449      8C8D FD13 
 450 0061 168D 218D 		.ascii	"\026\215!\215"
 451               		.text
 452               		.section	.gnu.lto_.symbol_nodes.431fe4e4,"",@progbits
 453 0000 789C 6367 		.string	"x\234cg`f\340b"
 453      6066 E062 
 453      00
 454 0009 0256 4686 		.string	"\002VF\206F%\020\003"
 454      4625 1003 
 454      00
 455 0012 0531 00   		.string	"\0051"
 456 0015 BE        		.ascii	"\276"
 457               		.text
 458               		.section	.gnu.lto_.refs.431fe4e4,"",@progbits
 459 0000 789C 6367 		.string	"x\234cg`f`d"
 459      6066 6064 
 459      00
 460 0009 0200      		.string	"\002"
 461 000b 00        		.string	""
 462 000c 6200      		.string	"b"
 463 000e 0C        		.ascii	"\f"
 464               		.text
 465               		.section	.gnu.lto_.decls.431fe4e4,"",@progbits
 466 0000 789C 7553 		.ascii	"x\234uSILSA\030\236\277S\312\243\262h "
 466      494C 5341 
 466      189E BF53 
 466      CAA3 B268 
 466      20
 467 0011 9184 1EF0 		.string	"\221\204\036\360P\022\242\201\262\034\344\212$&\036\364\200\036\274\330\260<\226@y\246\02
 467      5012 A281 
 467      B21C E48A 
 467      2426 1EF4 
 467      801E BCD8 
 468 0112 B80D 2A05 		.ascii	"\270\r*\005c{`\213\202@/\350\361\331\217\333}X]\317\020\363\203"
 468      637B 608B 
 468      8240 2FE8 
 468      F1D9 8FDB 
 468      7D58 5DCF 
 469 0129 8AD5 7A26 		.ascii	"\212\325z&\21172^\237\370U\021\242z\247\230\016\365\215]\t\244"
 469      8937 325E 
 469      9FF8 5511 
 469      A27A A798 
 469      0EF5 8D5D 
 470 013f E942 A0DC 		.ascii	"\351B\240\334\261|I\220\007a\210\362\2350\bA\344\234\252\325"
 470      B17C 4990 
 470      0761 88F2 
 470      9D30 0841 
 470      E49C AAD5 
 471 0153 14ED D182 		.ascii	"\024\355\321\202\227h\227o\021x\205\005\003BN\022+\310y\336u"
 471      9768 976F 
 471      1178 8505 
 471      0342 4E12 
 471      2BC8 79DE 
 472 0168 B32D 941E 		.ascii	"\263-\224\036\027\007\036\230\272v+L\225\323`z\377\353\302\023"
 472      1707 1E98 
 472      BA76 2B4C 
 472      95D3 607A 
 472      FFEB C213 
 473 017c 4ACD 6AC7 		.ascii	"J\315j\307\313\332\273\003h\236\230\227\315\214>\226\250\302"
 473      CBDA BB03 
 473      689E 9897 
 473      CD8C 3E96 
 473      A8C2 
 474 018e E7D2 D4B0 		.ascii	"\347\322\324\260\343\241\004F\034\341Fcl\213\020_o\210\256s\330"
 474      E3A1 0446 
 474      1CE1 4663 
 474      6C8B 105F 
 474      6F88 AE73 
 475 01a3 9D4B 3AAE 		.ascii	"\235K:\256\001\303\250\356\202pHt\037<\336 \226G\301\b\t\230"
 475      01C3 A8EE 
 475      8270 4874 
 475      1F3C DE20 
 475      9647 C108 
 476 01b9 9316 7E6D 		.ascii	"\223\026~m\316\357G\313Ye\024v\225\bp\222\007\214\217-\030RO"
 476      CEEF 47CB 
 476      5965 1476 
 476      9508 7092 
 476      078C 8F2D 
 477 01d0 D405 94   		.ascii	"\324\005\224"
 478 01d3 B3AA 28C1 		.string	"\263\252(\301\360\306?\361\020xKf\322\206\247@\354\274\366_\360B\024\324\b+\f\"\275\327\3
 478      F0C6 3FF1 
 478      1078 4B66 
 478      D286 A740 
 478      ECBC F65F 
 479 02d4 A756 393E 		.ascii	"\247V9>K\261X\224\242x\261\031\227%\035<|,\372@J\n\331\345^\210"
 479      4BB1 5894 
 479      A278 B119 
 479      9725 1D3C 
 479      7C2C FA40 
 480 02ee CB4E CE49 		.ascii	"\313N\316ILIN\310!\201%\371E\266\375f\233d\225\213e\353)9;\300"
 480      4C49 4EC8 
 480      2181 25F9 
 480      45B6 FD66 
 480      9B64 958B 
 481 0308 9CAA 2885 		.ascii	"\234\252(\205\001\026\245\244X\226\n\344\263\231J\2065[g\311"
 481      0116 A5A4 
 481      5896 0AE4 
 481      B399 4A86 
 481      355B 67C9 
 482 031c B059 F3CF 		.ascii	"\260Y\363\317\350\344\242\214\314B9\322\267L\036\241\326\214"
 482      E8E4 A28C 
 482      CC42 39D2 
 482      B74C 1EA1 
 482      D68C 
 483 032e D3A1 7F1B 		.ascii	"\323\241\177\0332\333\374`\263\310\037\274\356}\306"
 483      32DB FC60 
 483      B3C8 1FBC 
 483      EE7D C6
 484               		.text
 485               		.section	.gnu.lto_.symtab.431fe4e4,"",@progbits
 486 0000 6465 6275 		.string	"debug_config"
 486      675F 636F 
 486      6E66 6967 
 486      00
 487 000d 00        		.string	""
 488 000e 00        		.string	""
 489 000f 00        		.string	""
 490 0010 00        		.string	""
 491 0011 00        		.string	""
 492 0012 00        		.string	""
 493 0013 00        		.string	""
 494 0014 00        		.string	""
 495 0015 00        		.string	""
 496 0016 00        		.string	""
 497 0017 00        		.string	""
 498 0018 E100      		.string	"\341"
 499 001a 00        		.string	""
 500 001b 00        		.string	""
 501               		.text
 502               		.section	.gnu.lto_.opts,"",@progbits
 503 0000 272D 666E 		.ascii	"'-fn"
 504 0004 6F2D 6F70 		.string	"o-openmp' '-fno-openacc' '-fno-pie' '-mn-flash=1' '-mno-skip-bug' '-mmcu=avr5' '-Os' '-We
 504      656E 6D70 
 504      2720 272D 
 504      666E 6F2D 
 504      6F70 656E 
 505               		.text
 506               		.comm	__gnu_lto_v1,1,1
 507               		.comm	__gnu_lto_slim,1,1
 508               		.ident	"GCC: (GNU) 8.4.0"
DEFINED SYMBOLS
                            *ABS*:0000000000000000 debug.c
C:\Users\Roningo\AppData\Local\Temp\ccQ6naki.s:2      *ABS*:000000000000003e __SP_H__
C:\Users\Roningo\AppData\Local\Temp\ccQ6naki.s:3      *ABS*:000000000000003d __SP_L__
C:\Users\Roningo\AppData\Local\Temp\ccQ6naki.s:4      *ABS*:000000000000003f __SREG__
C:\Users\Roningo\AppData\Local\Temp\ccQ6naki.s:5      *ABS*:0000000000000000 __tmp_reg__
C:\Users\Roningo\AppData\Local\Temp\ccQ6naki.s:6      *ABS*:0000000000000001 __zero_reg__
C:\Users\Roningo\AppData\Local\Temp\ccQ6naki.s:14     .gnu.debuglto_.debug_info:0000000000000000 debug.c.d4f2941f
                            *COM*:0000000000000001 __gnu_lto_v1
                            *COM*:0000000000000001 __gnu_lto_slim

NO UNDEFINED SYMBOLS
