   1               		.file	"usb_util.c"
   2               	__SP_H__ = 0x3e
   3               	__SP_L__ = 0x3d
   4               	__SREG__ = 0x3f
   5               	__tmp_reg__ = 0
   6               	__zero_reg__ = 1
   7               		.file 1 "e:\\game\\msys2\\mingw64\\avr\\include\\stdint.h"
   8               		.file 2 "e:\\game\\msys2\\mingw64\\lib\\gcc\\avr\\8.4.0\\include\\stddef.h"
   9               		.file 3 "tmk_core/common/report.h"
  10               		.file 4 "tmk_core/common/action.h"
  11               		.file 5 "tmk_core/common/host.h"
  12               		.file 6 "tmk_core/common/debug.h"
  13               		.file 7 "quantum/keycode_config.h"
  14               		.file 8 "tmk_core/common/timer.h"
  15               		.file 9 "quantum/sequencer/sequencer.h"
  16               		.file 10 "quantum/keymap.h"
  17               		.file 11 "./quantum/color.h"
  18               		.file 12 "quantum/rgblight.h"
  19               		.file 13 "tmk_core/common/action_layer.h"
  20               		.file 14 "tmk_core/common/action_util.h"
  21               		.file 15 "quantum/send_string.h"
  22               		.file 16 "e:\\game\\msys2\\mingw64\\avr\\include\\stdlib.h"
  23               		.file 17 "quantum/process_keycode/process_tap_dance.h"
  24               		.file 18 "tmk_core/common/usb_util.c"
  25               		.section	.gnu.debuglto_.debug_info,"",@progbits
  26               	.Ldebug_info0:
  27               		.hidden	usb_util.c.13c219de
  28               		.weak	usb_util.c.13c219de
  29               	usb_util.c.13c219de:
  30 0000 6009 0000 		.long	0x960
  31 0004 0200      		.word	0x2
  32 0006 0000 0000 		.long	.Ldebug_abbrev0
  33 000a 04        		.byte	0x4
  34 000b 01        		.uleb128 0x1
  35 000c 0000 0000 		.long	.LASF129
  36 0010 0C        		.byte	0xc
  37 0011 0000 0000 		.long	.LASF130
  38 0015 0000 0000 		.long	.LASF131
  39 0019 0000 0000 		.long	.Ldebug_line0
  40 001d 02        		.uleb128 0x2
  41 001e 0000 0000 		.long	.LASF0
  42 0022 01        		.byte	0x1
  43 0023 7D        		.byte	0x7d
  44 0024 14        		.byte	0x14
  45 0025 2900 0000 		.long	0x29
  46 0029 03        		.uleb128 0x3
  47 002a 01        		.byte	0x1
  48 002b 06        		.byte	0x6
  49 002c 0000 0000 		.long	.LASF2
  50 0030 02        		.uleb128 0x2
  51 0031 0000 0000 		.long	.LASF1
  52 0035 01        		.byte	0x1
  53 0036 7E        		.byte	0x7e
  54 0037 16        		.byte	0x16
  55 0038 4100 0000 		.long	0x41
  56 003c 04        		.uleb128 0x4
  57 003d 3000 0000 		.long	0x30
  58 0041 03        		.uleb128 0x3
  59 0042 01        		.byte	0x1
  60 0043 08        		.byte	0x8
  61 0044 0000 0000 		.long	.LASF3
  62 0048 05        		.uleb128 0x5
  63 0049 02        		.byte	0x2
  64 004a 05        		.byte	0x5
  65 004b 696E 7400 		.string	"int"
  66 004f 02        		.uleb128 0x2
  67 0050 0000 0000 		.long	.LASF4
  68 0054 01        		.byte	0x1
  69 0055 80        		.byte	0x80
  70 0056 16        		.byte	0x16
  71 0057 6000 0000 		.long	0x60
  72 005b 04        		.uleb128 0x4
  73 005c 4F00 0000 		.long	0x4f
  74 0060 03        		.uleb128 0x3
  75 0061 02        		.byte	0x2
  76 0062 07        		.byte	0x7
  77 0063 0000 0000 		.long	.LASF5
  78 0067 03        		.uleb128 0x3
  79 0068 04        		.byte	0x4
  80 0069 05        		.byte	0x5
  81 006a 0000 0000 		.long	.LASF6
  82 006e 02        		.uleb128 0x2
  83 006f 0000 0000 		.long	.LASF7
  84 0073 01        		.byte	0x1
  85 0074 82        		.byte	0x82
  86 0075 16        		.byte	0x16
  87 0076 7F00 0000 		.long	0x7f
  88 007a 06        		.uleb128 0x6
  89 007b 6E00 0000 		.long	0x6e
  90 007f 03        		.uleb128 0x3
  91 0080 04        		.byte	0x4
  92 0081 07        		.byte	0x7
  93 0082 0000 0000 		.long	.LASF8
  94 0086 03        		.uleb128 0x3
  95 0087 08        		.byte	0x8
  96 0088 05        		.byte	0x5
  97 0089 0000 0000 		.long	.LASF9
  98 008d 03        		.uleb128 0x3
  99 008e 08        		.byte	0x8
 100 008f 07        		.byte	0x7
 101 0090 0000 0000 		.long	.LASF10
 102 0094 02        		.uleb128 0x2
 103 0095 0000 0000 		.long	.LASF11
 104 0099 02        		.byte	0x2
 105 009a D8        		.byte	0xd8
 106 009b 17        		.byte	0x17
 107 009c 6000 0000 		.long	0x60
 108 00a0 03        		.uleb128 0x3
 109 00a1 01        		.byte	0x1
 110 00a2 02        		.byte	0x2
 111 00a3 0000 0000 		.long	.LASF12
 112 00a7 07        		.uleb128 0x7
 113 00a8 0000 0000 		.long	.LASF17
 114 00ac 04        		.byte	0x4
 115 00ad 4B        		.byte	0x4b
 116 00ae 0D        		.byte	0xd
 117 00af A000 0000 		.long	0xa0
 118 00b3 01        		.byte	0x1
 119 00b4 01        		.byte	0x1
 120 00b5 08        		.uleb128 0x8
 121 00b6 08        		.byte	0x8
 122 00b7 03        		.byte	0x3
 123 00b8 AD        		.byte	0xad
 124 00b9 05        		.byte	0x5
 125 00ba EC00 0000 		.long	0xec
 126 00be 09        		.uleb128 0x9
 127 00bf 0000 0000 		.long	.LASF13
 128 00c3 03        		.byte	0x3
 129 00c4 B1        		.byte	0xb1
 130 00c5 11        		.byte	0x11
 131 00c6 3000 0000 		.long	0x30
 132 00ca 02        		.byte	0x2
 133 00cb 23        		.byte	0x23
 134 00cc 00        		.uleb128 0
 135 00cd 09        		.uleb128 0x9
 136 00ce 0000 0000 		.long	.LASF14
 137 00d2 03        		.byte	0x3
 138 00d3 B2        		.byte	0xb2
 139 00d4 11        		.byte	0x11
 140 00d5 3000 0000 		.long	0x30
 141 00d9 02        		.byte	0x2
 142 00da 23        		.byte	0x23
 143 00db 01        		.uleb128 0x1
 144 00dc 09        		.uleb128 0x9
 145 00dd 0000 0000 		.long	.LASF15
 146 00e1 03        		.byte	0x3
 147 00e2 B3        		.byte	0xb3
 148 00e3 11        		.byte	0x11
 149 00e4 EC00 0000 		.long	0xec
 150 00e8 02        		.byte	0x2
 151 00e9 23        		.byte	0x23
 152 00ea 02        		.uleb128 0x2
 153 00eb 00        		.byte	0
 154 00ec 0A        		.uleb128 0xa
 155 00ed 3000 0000 		.long	0x30
 156 00f1 FC00 0000 		.long	0xfc
 157 00f5 0B        		.uleb128 0xb
 158 00f6 6000 0000 		.long	0x60
 159 00fa 05        		.byte	0x5
 160 00fb 00        		.byte	0
 161 00fc 0C        		.uleb128 0xc
 162 00fd 08        		.byte	0x8
 163 00fe 03        		.byte	0x3
 164 00ff AB        		.byte	0xab
 165 0100 09        		.byte	0x9
 166 0101 1701 0000 		.long	0x117
 167 0105 0D        		.uleb128 0xd
 168 0106 7261 7700 		.string	"raw"
 169 010a 03        		.byte	0x3
 170 010b AC        		.byte	0xac
 171 010c 0D        		.byte	0xd
 172 010d 1701 0000 		.long	0x117
 173 0111 0E        		.uleb128 0xe
 174 0112 B500 0000 		.long	0xb5
 175 0116 00        		.byte	0
 176 0117 0A        		.uleb128 0xa
 177 0118 3000 0000 		.long	0x30
 178 011c 2701 0000 		.long	0x127
 179 0120 0B        		.uleb128 0xb
 180 0121 6000 0000 		.long	0x60
 181 0125 07        		.byte	0x7
 182 0126 00        		.byte	0
 183 0127 02        		.uleb128 0x2
 184 0128 0000 0000 		.long	.LASF16
 185 012c 03        		.byte	0x3
 186 012d BE        		.byte	0xbe
 187 012e 1B        		.byte	0x1b
 188 012f FC00 0000 		.long	0xfc
 189 0133 0F        		.uleb128 0xf
 190 0134 02        		.byte	0x2
 191 0135 2701 0000 		.long	0x127
 192 0139 07        		.uleb128 0x7
 193 013a 0000 0000 		.long	.LASF18
 194 013e 05        		.byte	0x5
 195 013f 24        		.byte	0x24
 196 0140 10        		.byte	0x10
 197 0141 3000 0000 		.long	0x30
 198 0145 01        		.byte	0x1
 199 0146 01        		.byte	0x1
 200 0147 07        		.uleb128 0x7
 201 0148 0000 0000 		.long	.LASF19
 202 014c 05        		.byte	0x5
 203 014d 25        		.byte	0x25
 204 014e 10        		.byte	0x10
 205 014f 3000 0000 		.long	0x30
 206 0153 01        		.byte	0x1
 207 0154 01        		.byte	0x1
 208 0155 08        		.uleb128 0x8
 209 0156 01        		.byte	0x1
 210 0157 06        		.byte	0x6
 211 0158 1F        		.byte	0x1f
 212 0159 05        		.byte	0x5
 213 015a B901 0000 		.long	0x1b9
 214 015e 10        		.uleb128 0x10
 215 015f 0000 0000 		.long	.LASF20
 216 0163 06        		.byte	0x6
 217 0164 20        		.byte	0x20
 218 0165 11        		.byte	0x11
 219 0166 A000 0000 		.long	0xa0
 220 016a 01        		.byte	0x1
 221 016b 01        		.byte	0x1
 222 016c 07        		.byte	0x7
 223 016d 02        		.byte	0x2
 224 016e 23        		.byte	0x23
 225 016f 00        		.uleb128 0
 226 0170 10        		.uleb128 0x10
 227 0171 0000 0000 		.long	.LASF21
 228 0175 06        		.byte	0x6
 229 0176 21        		.byte	0x21
 230 0177 11        		.byte	0x11
 231 0178 A000 0000 		.long	0xa0
 232 017c 01        		.byte	0x1
 233 017d 01        		.byte	0x1
 234 017e 06        		.byte	0x6
 235 017f 02        		.byte	0x2
 236 0180 23        		.byte	0x23
 237 0181 00        		.uleb128 0
 238 0182 10        		.uleb128 0x10
 239 0183 0000 0000 		.long	.LASF22
 240 0187 06        		.byte	0x6
 241 0188 22        		.byte	0x22
 242 0189 11        		.byte	0x11
 243 018a A000 0000 		.long	0xa0
 244 018e 01        		.byte	0x1
 245 018f 01        		.byte	0x1
 246 0190 05        		.byte	0x5
 247 0191 02        		.byte	0x2
 248 0192 23        		.byte	0x23
 249 0193 00        		.uleb128 0
 250 0194 10        		.uleb128 0x10
 251 0195 0000 0000 		.long	.LASF23
 252 0199 06        		.byte	0x6
 253 019a 23        		.byte	0x23
 254 019b 11        		.byte	0x11
 255 019c A000 0000 		.long	0xa0
 256 01a0 01        		.byte	0x1
 257 01a1 01        		.byte	0x1
 258 01a2 04        		.byte	0x4
 259 01a3 02        		.byte	0x2
 260 01a4 23        		.byte	0x23
 261 01a5 00        		.uleb128 0
 262 01a6 10        		.uleb128 0x10
 263 01a7 0000 0000 		.long	.LASF14
 264 01ab 06        		.byte	0x6
 265 01ac 24        		.byte	0x24
 266 01ad 11        		.byte	0x11
 267 01ae 3000 0000 		.long	0x30
 268 01b2 01        		.byte	0x1
 269 01b3 04        		.byte	0x4
 270 01b4 00        		.byte	0
 271 01b5 02        		.byte	0x2
 272 01b6 23        		.byte	0x23
 273 01b7 00        		.uleb128 0
 274 01b8 00        		.byte	0
 275 01b9 0C        		.uleb128 0xc
 276 01ba 01        		.byte	0x1
 277 01bb 06        		.byte	0x6
 278 01bc 1E        		.byte	0x1e
 279 01bd 09        		.byte	0x9
 280 01be D401 0000 		.long	0x1d4
 281 01c2 0E        		.uleb128 0xe
 282 01c3 5501 0000 		.long	0x155
 283 01c7 0D        		.uleb128 0xd
 284 01c8 7261 7700 		.string	"raw"
 285 01cc 06        		.byte	0x6
 286 01cd 26        		.byte	0x26
 287 01ce 0D        		.byte	0xd
 288 01cf 3000 0000 		.long	0x30
 289 01d3 00        		.byte	0
 290 01d4 02        		.uleb128 0x2
 291 01d5 0000 0000 		.long	.LASF24
 292 01d9 06        		.byte	0x6
 293 01da 27        		.byte	0x27
 294 01db 03        		.byte	0x3
 295 01dc B901 0000 		.long	0x1b9
 296 01e0 07        		.uleb128 0x7
 297 01e1 0000 0000 		.long	.LASF25
 298 01e5 06        		.byte	0x6
 299 01e6 29        		.byte	0x29
 300 01e7 17        		.byte	0x17
 301 01e8 D401 0000 		.long	0x1d4
 302 01ec 01        		.byte	0x1
 303 01ed 01        		.byte	0x1
 304 01ee 08        		.uleb128 0x8
 305 01ef 02        		.byte	0x2
 306 01f0 07        		.byte	0x7
 307 01f1 1D        		.byte	0x1d
 308 01f2 05        		.byte	0x5
 309 01f3 BE02 0000 		.long	0x2be
 310 01f7 10        		.uleb128 0x10
 311 01f8 0000 0000 		.long	.LASF26
 312 01fc 07        		.byte	0x7
 313 01fd 1E        		.byte	0x1e
 314 01fe 0E        		.byte	0xe
 315 01ff A000 0000 		.long	0xa0
 316 0203 01        		.byte	0x1
 317 0204 01        		.byte	0x1
 318 0205 07        		.byte	0x7
 319 0206 02        		.byte	0x2
 320 0207 23        		.byte	0x23
 321 0208 00        		.uleb128 0
 322 0209 10        		.uleb128 0x10
 323 020a 0000 0000 		.long	.LASF27
 324 020e 07        		.byte	0x7
 325 020f 1F        		.byte	0x1f
 326 0210 0E        		.byte	0xe
 327 0211 A000 0000 		.long	0xa0
 328 0215 01        		.byte	0x1
 329 0216 01        		.byte	0x1
 330 0217 06        		.byte	0x6
 331 0218 02        		.byte	0x2
 332 0219 23        		.byte	0x23
 333 021a 00        		.uleb128 0
 334 021b 10        		.uleb128 0x10
 335 021c 0000 0000 		.long	.LASF28
 336 0220 07        		.byte	0x7
 337 0221 20        		.byte	0x20
 338 0222 0E        		.byte	0xe
 339 0223 A000 0000 		.long	0xa0
 340 0227 01        		.byte	0x1
 341 0228 01        		.byte	0x1
 342 0229 05        		.byte	0x5
 343 022a 02        		.byte	0x2
 344 022b 23        		.byte	0x23
 345 022c 00        		.uleb128 0
 346 022d 10        		.uleb128 0x10
 347 022e 0000 0000 		.long	.LASF29
 348 0232 07        		.byte	0x7
 349 0233 21        		.byte	0x21
 350 0234 0E        		.byte	0xe
 351 0235 A000 0000 		.long	0xa0
 352 0239 01        		.byte	0x1
 353 023a 01        		.byte	0x1
 354 023b 04        		.byte	0x4
 355 023c 02        		.byte	0x2
 356 023d 23        		.byte	0x23
 357 023e 00        		.uleb128 0
 358 023f 10        		.uleb128 0x10
 359 0240 0000 0000 		.long	.LASF30
 360 0244 07        		.byte	0x7
 361 0245 22        		.byte	0x22
 362 0246 0E        		.byte	0xe
 363 0247 A000 0000 		.long	0xa0
 364 024b 01        		.byte	0x1
 365 024c 01        		.byte	0x1
 366 024d 03        		.byte	0x3
 367 024e 02        		.byte	0x2
 368 024f 23        		.byte	0x23
 369 0250 00        		.uleb128 0
 370 0251 10        		.uleb128 0x10
 371 0252 0000 0000 		.long	.LASF31
 372 0256 07        		.byte	0x7
 373 0257 23        		.byte	0x23
 374 0258 0E        		.byte	0xe
 375 0259 A000 0000 		.long	0xa0
 376 025d 01        		.byte	0x1
 377 025e 01        		.byte	0x1
 378 025f 02        		.byte	0x2
 379 0260 02        		.byte	0x2
 380 0261 23        		.byte	0x23
 381 0262 00        		.uleb128 0
 382 0263 10        		.uleb128 0x10
 383 0264 0000 0000 		.long	.LASF32
 384 0268 07        		.byte	0x7
 385 0269 24        		.byte	0x24
 386 026a 0E        		.byte	0xe
 387 026b A000 0000 		.long	0xa0
 388 026f 01        		.byte	0x1
 389 0270 01        		.byte	0x1
 390 0271 01        		.byte	0x1
 391 0272 02        		.byte	0x2
 392 0273 23        		.byte	0x23
 393 0274 00        		.uleb128 0
 394 0275 10        		.uleb128 0x10
 395 0276 0000 0000 		.long	.LASF33
 396 027a 07        		.byte	0x7
 397 027b 25        		.byte	0x25
 398 027c 0E        		.byte	0xe
 399 027d A000 0000 		.long	0xa0
 400 0281 01        		.byte	0x1
 401 0282 01        		.byte	0x1
 402 0283 00        		.byte	0
 403 0284 02        		.byte	0x2
 404 0285 23        		.byte	0x23
 405 0286 00        		.uleb128 0
 406 0287 10        		.uleb128 0x10
 407 0288 0000 0000 		.long	.LASF34
 408 028c 07        		.byte	0x7
 409 028d 26        		.byte	0x26
 410 028e 0E        		.byte	0xe
 411 028f A000 0000 		.long	0xa0
 412 0293 01        		.byte	0x1
 413 0294 01        		.byte	0x1
 414 0295 07        		.byte	0x7
 415 0296 02        		.byte	0x2
 416 0297 23        		.byte	0x23
 417 0298 01        		.uleb128 0x1
 418 0299 10        		.uleb128 0x10
 419 029a 0000 0000 		.long	.LASF35
 420 029e 07        		.byte	0x7
 421 029f 27        		.byte	0x27
 422 02a0 0E        		.byte	0xe
 423 02a1 A000 0000 		.long	0xa0
 424 02a5 01        		.byte	0x1
 425 02a6 01        		.byte	0x1
 426 02a7 06        		.byte	0x6
 427 02a8 02        		.byte	0x2
 428 02a9 23        		.byte	0x23
 429 02aa 01        		.uleb128 0x1
 430 02ab 10        		.uleb128 0x10
 431 02ac 0000 0000 		.long	.LASF36
 432 02b0 07        		.byte	0x7
 433 02b1 28        		.byte	0x28
 434 02b2 0E        		.byte	0xe
 435 02b3 A000 0000 		.long	0xa0
 436 02b7 01        		.byte	0x1
 437 02b8 01        		.byte	0x1
 438 02b9 05        		.byte	0x5
 439 02ba 02        		.byte	0x2
 440 02bb 23        		.byte	0x23
 441 02bc 01        		.uleb128 0x1
 442 02bd 00        		.byte	0
 443 02be 0C        		.uleb128 0xc
 444 02bf 02        		.byte	0x2
 445 02c0 07        		.byte	0x7
 446 02c1 1B        		.byte	0x1b
 447 02c2 09        		.byte	0x9
 448 02c3 D902 0000 		.long	0x2d9
 449 02c7 0D        		.uleb128 0xd
 450 02c8 7261 7700 		.string	"raw"
 451 02cc 07        		.byte	0x7
 452 02cd 1C        		.byte	0x1c
 453 02ce 0E        		.byte	0xe
 454 02cf 4F00 0000 		.long	0x4f
 455 02d3 0E        		.uleb128 0xe
 456 02d4 EE01 0000 		.long	0x1ee
 457 02d8 00        		.byte	0
 458 02d9 02        		.uleb128 0x2
 459 02da 0000 0000 		.long	.LASF37
 460 02de 07        		.byte	0x7
 461 02df 2A        		.byte	0x2a
 462 02e0 03        		.byte	0x3
 463 02e1 BE02 0000 		.long	0x2be
 464 02e5 07        		.uleb128 0x7
 465 02e6 0000 0000 		.long	.LASF38
 466 02ea 07        		.byte	0x7
 467 02eb 2C        		.byte	0x2c
 468 02ec 18        		.byte	0x18
 469 02ed D902 0000 		.long	0x2d9
 470 02f1 01        		.byte	0x1
 471 02f2 01        		.byte	0x1
 472 02f3 07        		.uleb128 0x7
 473 02f4 0000 0000 		.long	.LASF39
 474 02f8 08        		.byte	0x8
 475 02f9 20        		.byte	0x20
 476 02fa 1A        		.byte	0x1a
 477 02fb 7A00 0000 		.long	0x7a
 478 02ff 01        		.byte	0x1
 479 0300 01        		.byte	0x1
 480 0301 11        		.uleb128 0x11
 481 0302 07        		.byte	0x7
 482 0303 01        		.byte	0x1
 483 0304 4100 0000 		.long	0x41
 484 0308 09        		.byte	0x9
 485 0309 2D        		.byte	0x2d
 486 030a 0E        		.byte	0xe
 487 030b 4C03 0000 		.long	0x34c
 488 030f 12        		.uleb128 0x12
 489 0310 0000 0000 		.long	.LASF40
 490 0314 00        		.byte	0
 491 0315 12        		.uleb128 0x12
 492 0316 0000 0000 		.long	.LASF41
 493 031a 01        		.byte	0x1
 494 031b 12        		.uleb128 0x12
 495 031c 0000 0000 		.long	.LASF42
 496 0320 02        		.byte	0x2
 497 0321 12        		.uleb128 0x12
 498 0322 0000 0000 		.long	.LASF43
 499 0326 03        		.byte	0x3
 500 0327 12        		.uleb128 0x12
 501 0328 0000 0000 		.long	.LASF44
 502 032c 04        		.byte	0x4
 503 032d 12        		.uleb128 0x12
 504 032e 0000 0000 		.long	.LASF45
 505 0332 05        		.byte	0x5
 506 0333 12        		.uleb128 0x12
 507 0334 0000 0000 		.long	.LASF46
 508 0338 06        		.byte	0x6
 509 0339 12        		.uleb128 0x12
 510 033a 0000 0000 		.long	.LASF47
 511 033e 07        		.byte	0x7
 512 033f 12        		.uleb128 0x12
 513 0340 0000 0000 		.long	.LASF48
 514 0344 08        		.byte	0x8
 515 0345 12        		.uleb128 0x12
 516 0346 0000 0000 		.long	.LASF49
 517 034a 09        		.byte	0x9
 518 034b 00        		.byte	0
 519 034c 02        		.uleb128 0x2
 520 034d 0000 0000 		.long	.LASF50
 521 0351 09        		.byte	0x9
 522 0352 2D        		.byte	0x2d
 523 0353 89        		.byte	0x89
 524 0354 0103 0000 		.long	0x301
 525 0358 08        		.uleb128 0x8
 526 0359 23        		.byte	0x23
 527 035a 09        		.byte	0x9
 528 035b 2F        		.byte	0x2f
 529 035c 09        		.byte	0x9
 530 035d AD03 0000 		.long	0x3ad
 531 0361 09        		.uleb128 0x9
 532 0362 0000 0000 		.long	.LASF51
 533 0366 09        		.byte	0x9
 534 0367 30        		.byte	0x30
 535 0368 1C        		.byte	0x1c
 536 0369 A000 0000 		.long	0xa0
 537 036d 02        		.byte	0x2
 538 036e 23        		.byte	0x23
 539 036f 00        		.uleb128 0
 540 0370 09        		.uleb128 0x9
 541 0371 0000 0000 		.long	.LASF52
 542 0375 09        		.byte	0x9
 543 0376 31        		.byte	0x31
 544 0377 1C        		.byte	0x1c
 545 0378 AD03 0000 		.long	0x3ad
 546 037c 02        		.byte	0x2
 547 037d 23        		.byte	0x23
 548 037e 01        		.uleb128 0x1
 549 037f 09        		.uleb128 0x9
 550 0380 0000 0000 		.long	.LASF53
 551 0384 09        		.byte	0x9
 552 0385 32        		.byte	0x32
 553 0386 1C        		.byte	0x1c
 554 0387 BD03 0000 		.long	0x3bd
 555 038b 02        		.byte	0x2
 556 038c 23        		.byte	0x23
 557 038d 11        		.uleb128 0x11
 558 038e 09        		.uleb128 0x9
 559 038f 0000 0000 		.long	.LASF54
 560 0393 09        		.byte	0x9
 561 0394 33        		.byte	0x33
 562 0395 1C        		.byte	0x1c
 563 0396 3000 0000 		.long	0x30
 564 039a 02        		.byte	0x2
 565 039b 23        		.byte	0x23
 566 039c 21        		.uleb128 0x21
 567 039d 09        		.uleb128 0x9
 568 039e 0000 0000 		.long	.LASF55
 569 03a2 09        		.byte	0x9
 570 03a3 34        		.byte	0x34
 571 03a4 1C        		.byte	0x1c
 572 03a5 4C03 0000 		.long	0x34c
 573 03a9 02        		.byte	0x2
 574 03aa 23        		.byte	0x23
 575 03ab 22        		.uleb128 0x22
 576 03ac 00        		.byte	0
 577 03ad 0A        		.uleb128 0xa
 578 03ae 3000 0000 		.long	0x30
 579 03b2 BD03 0000 		.long	0x3bd
 580 03b6 0B        		.uleb128 0xb
 581 03b7 6000 0000 		.long	0x60
 582 03bb 0F        		.byte	0xf
 583 03bc 00        		.byte	0
 584 03bd 0A        		.uleb128 0xa
 585 03be 4F00 0000 		.long	0x4f
 586 03c2 CD03 0000 		.long	0x3cd
 587 03c6 0B        		.uleb128 0xb
 588 03c7 6000 0000 		.long	0x60
 589 03cb 07        		.byte	0x7
 590 03cc 00        		.byte	0
 591 03cd 02        		.uleb128 0x2
 592 03ce 0000 0000 		.long	.LASF56
 593 03d2 09        		.byte	0x9
 594 03d3 35        		.byte	0x35
 595 03d4 03        		.byte	0x3
 596 03d5 5803 0000 		.long	0x358
 597 03d9 13        		.uleb128 0x13
 598 03da 0000 0000 		.long	.LASF60
 599 03de 07        		.byte	0x7
 600 03df 01        		.byte	0x1
 601 03e0 4100 0000 		.long	0x41
 602 03e4 09        		.byte	0x9
 603 03e5 3B        		.byte	0x3b
 604 03e6 0E        		.byte	0xe
 605 03e7 FE03 0000 		.long	0x3fe
 606 03eb 12        		.uleb128 0x12
 607 03ec 0000 0000 		.long	.LASF57
 608 03f0 00        		.byte	0
 609 03f1 12        		.uleb128 0x12
 610 03f2 0000 0000 		.long	.LASF58
 611 03f6 01        		.byte	0x1
 612 03f7 12        		.uleb128 0x12
 613 03f8 0000 0000 		.long	.LASF59
 614 03fc 02        		.byte	0x2
 615 03fd 00        		.byte	0
 616 03fe 02        		.uleb128 0x2
 617 03ff 0000 0000 		.long	.LASF60
 618 0403 09        		.byte	0x9
 619 0404 3F        		.byte	0x3f
 620 0405 03        		.byte	0x3
 621 0406 D903 0000 		.long	0x3d9
 622 040a 08        		.uleb128 0x8
 623 040b 06        		.byte	0x6
 624 040c 09        		.byte	0x9
 625 040d 41        		.byte	0x41
 626 040e 09        		.byte	0x9
 627 040f 5F04 0000 		.long	0x45f
 628 0413 09        		.uleb128 0x9
 629 0414 0000 0000 		.long	.LASF61
 630 0418 09        		.byte	0x9
 631 0419 42        		.byte	0x42
 632 041a 17        		.byte	0x17
 633 041b 3000 0000 		.long	0x30
 634 041f 02        		.byte	0x2
 635 0420 23        		.byte	0x23
 636 0421 00        		.uleb128 0
 637 0422 09        		.uleb128 0x9
 638 0423 0000 0000 		.long	.LASF62
 639 0427 09        		.byte	0x9
 640 0428 43        		.byte	0x43
 641 0429 17        		.byte	0x17
 642 042a 3000 0000 		.long	0x30
 643 042e 02        		.byte	0x2
 644 042f 23        		.byte	0x23
 645 0430 01        		.uleb128 0x1
 646 0431 09        		.uleb128 0x9
 647 0432 0000 0000 		.long	.LASF63
 648 0436 09        		.byte	0x9
 649 0437 44        		.byte	0x44
 650 0438 17        		.byte	0x17
 651 0439 3000 0000 		.long	0x30
 652 043d 02        		.byte	0x2
 653 043e 23        		.byte	0x23
 654 043f 02        		.uleb128 0x2
 655 0440 09        		.uleb128 0x9
 656 0441 0000 0000 		.long	.LASF64
 657 0445 09        		.byte	0x9
 658 0446 45        		.byte	0x45
 659 0447 17        		.byte	0x17
 660 0448 4F00 0000 		.long	0x4f
 661 044c 02        		.byte	0x2
 662 044d 23        		.byte	0x23
 663 044e 03        		.uleb128 0x3
 664 044f 09        		.uleb128 0x9
 665 0450 0000 0000 		.long	.LASF65
 666 0454 09        		.byte	0x9
 667 0455 46        		.byte	0x46
 668 0456 17        		.byte	0x17
 669 0457 FE03 0000 		.long	0x3fe
 670 045b 02        		.byte	0x2
 671 045c 23        		.byte	0x23
 672 045d 05        		.uleb128 0x5
 673 045e 00        		.byte	0
 674 045f 02        		.uleb128 0x2
 675 0460 0000 0000 		.long	.LASF66
 676 0464 09        		.byte	0x9
 677 0465 47        		.byte	0x47
 678 0466 03        		.byte	0x3
 679 0467 0A04 0000 		.long	0x40a
 680 046b 07        		.uleb128 0x7
 681 046c 0000 0000 		.long	.LASF67
 682 0470 09        		.byte	0x9
 683 0471 49        		.byte	0x49
 684 0472 1B        		.byte	0x1b
 685 0473 CD03 0000 		.long	0x3cd
 686 0477 01        		.byte	0x1
 687 0478 01        		.byte	0x1
 688 0479 07        		.uleb128 0x7
 689 047a 0000 0000 		.long	.LASF68
 690 047e 09        		.byte	0x9
 691 047f 4C        		.byte	0x4c
 692 0480 1A        		.byte	0x1a
 693 0481 5F04 0000 		.long	0x45f
 694 0485 01        		.byte	0x1
 695 0486 01        		.byte	0x1
 696 0487 0A        		.uleb128 0xa
 697 0488 5B00 0000 		.long	0x5b
 698 048c 9E04 0000 		.long	0x49e
 699 0490 14        		.uleb128 0x14
 700 0491 0B        		.uleb128 0xb
 701 0492 6000 0000 		.long	0x60
 702 0496 07        		.byte	0x7
 703 0497 0B        		.uleb128 0xb
 704 0498 6000 0000 		.long	0x60
 705 049c 06        		.byte	0x6
 706 049d 00        		.byte	0
 707 049e 04        		.uleb128 0x4
 708 049f 8704 0000 		.long	0x487
 709 04a3 07        		.uleb128 0x7
 710 04a4 0000 0000 		.long	.LASF69
 711 04a8 0A        		.byte	0xa
 712 04a9 37        		.byte	0x37
 713 04aa 17        		.byte	0x17
 714 04ab 9E04 0000 		.long	0x49e
 715 04af 01        		.byte	0x1
 716 04b0 01        		.byte	0x1
 717 04b1 0A        		.uleb128 0xa
 718 04b2 5B00 0000 		.long	0x5b
 719 04b6 BC04 0000 		.long	0x4bc
 720 04ba 14        		.uleb128 0x14
 721 04bb 00        		.byte	0
 722 04bc 04        		.uleb128 0x4
 723 04bd B104 0000 		.long	0x4b1
 724 04c1 07        		.uleb128 0x7
 725 04c2 0000 0000 		.long	.LASF70
 726 04c6 0A        		.byte	0xa
 727 04c7 38        		.byte	0x38
 728 04c8 17        		.byte	0x17
 729 04c9 BC04 0000 		.long	0x4bc
 730 04cd 01        		.byte	0x1
 731 04ce 01        		.byte	0x1
 732 04cf 08        		.uleb128 0x8
 733 04d0 03        		.byte	0x3
 734 04d1 0B        		.byte	0xb
 735 04d2 2E        		.byte	0x2e
 736 04d3 09        		.byte	0x9
 737 04d4 0005 0000 		.long	0x500
 738 04d8 15        		.uleb128 0x15
 739 04d9 6700      		.string	"g"
 740 04db 0B        		.byte	0xb
 741 04dc 30        		.byte	0x30
 742 04dd 0D        		.byte	0xd
 743 04de 3000 0000 		.long	0x30
 744 04e2 02        		.byte	0x2
 745 04e3 23        		.byte	0x23
 746 04e4 00        		.uleb128 0
 747 04e5 15        		.uleb128 0x15
 748 04e6 7200      		.string	"r"
 749 04e8 0B        		.byte	0xb
 750 04e9 31        		.byte	0x31
 751 04ea 0D        		.byte	0xd
 752 04eb 3000 0000 		.long	0x30
 753 04ef 02        		.byte	0x2
 754 04f0 23        		.byte	0x23
 755 04f1 01        		.uleb128 0x1
 756 04f2 15        		.uleb128 0x15
 757 04f3 6200      		.string	"b"
 758 04f5 0B        		.byte	0xb
 759 04f6 32        		.byte	0x32
 760 04f7 0D        		.byte	0xd
 761 04f8 3000 0000 		.long	0x30
 762 04fc 02        		.byte	0x2
 763 04fd 23        		.byte	0x23
 764 04fe 02        		.uleb128 0x2
 765 04ff 00        		.byte	0
 766 0500 02        		.uleb128 0x2
 767 0501 0000 0000 		.long	.LASF71
 768 0505 0B        		.byte	0xb
 769 0506 3C        		.byte	0x3c
 770 0507 03        		.byte	0x3
 771 0508 CF04 0000 		.long	0x4cf
 772 050c 16        		.uleb128 0x16
 773 050d 5247 4200 		.string	"RGB"
 774 0511 0B        		.byte	0xb
 775 0512 3E        		.byte	0x3e
 776 0513 0E        		.byte	0xe
 777 0514 0005 0000 		.long	0x500
 778 0518 0A        		.uleb128 0xa
 779 0519 0C05 0000 		.long	0x50c
 780 051d 2805 0000 		.long	0x528
 781 0521 0B        		.uleb128 0xb
 782 0522 6000 0000 		.long	0x60
 783 0526 09        		.byte	0x9
 784 0527 00        		.byte	0
 785 0528 17        		.uleb128 0x17
 786 0529 6C65 6400 		.string	"led"
 787 052d 0C        		.byte	0xc
 788 052e E1        		.byte	0xe1
 789 052f 11        		.byte	0x11
 790 0530 1805 0000 		.long	0x518
 791 0534 01        		.byte	0x1
 792 0535 01        		.byte	0x1
 793 0536 0A        		.uleb128 0xa
 794 0537 3C00 0000 		.long	0x3c
 795 053b 4605 0000 		.long	0x546
 796 053f 0B        		.uleb128 0xb
 797 0540 6000 0000 		.long	0x60
 798 0544 03        		.byte	0x3
 799 0545 00        		.byte	0
 800 0546 04        		.uleb128 0x4
 801 0547 3605 0000 		.long	0x536
 802 054b 07        		.uleb128 0x7
 803 054c 0000 0000 		.long	.LASF72
 804 0550 0C        		.byte	0xc
 805 0551 E3        		.byte	0xe3
 806 0552 17        		.byte	0x17
 807 0553 4605 0000 		.long	0x546
 808 0557 01        		.byte	0x1
 809 0558 01        		.byte	0x1
 810 0559 0A        		.uleb128 0xa
 811 055a 3C00 0000 		.long	0x3c
 812 055e 6905 0000 		.long	0x569
 813 0562 0B        		.uleb128 0xb
 814 0563 6000 0000 		.long	0x60
 815 0567 02        		.byte	0x2
 816 0568 00        		.byte	0
 817 0569 04        		.uleb128 0x4
 818 056a 5905 0000 		.long	0x559
 819 056e 07        		.uleb128 0x7
 820 056f 0000 0000 		.long	.LASF73
 821 0573 0C        		.byte	0xc
 822 0574 E4        		.byte	0xe4
 823 0575 17        		.byte	0x17
 824 0576 6905 0000 		.long	0x569
 825 057a 01        		.byte	0x1
 826 057b 01        		.byte	0x1
 827 057c 07        		.uleb128 0x7
 828 057d 0000 0000 		.long	.LASF74
 829 0581 0C        		.byte	0xc
 830 0582 E5        		.byte	0xe5
 831 0583 17        		.byte	0x17
 832 0584 6905 0000 		.long	0x569
 833 0588 01        		.byte	0x1
 834 0589 01        		.byte	0x1
 835 058a 07        		.uleb128 0x7
 836 058b 0000 0000 		.long	.LASF75
 837 058f 0C        		.byte	0xc
 838 0590 E6        		.byte	0xe6
 839 0591 17        		.byte	0x17
 840 0592 6905 0000 		.long	0x569
 841 0596 01        		.byte	0x1
 842 0597 01        		.byte	0x1
 843 0598 07        		.uleb128 0x7
 844 0599 0000 0000 		.long	.LASF76
 845 059d 0C        		.byte	0xc
 846 059e E7        		.byte	0xe7
 847 059f 17        		.byte	0x17
 848 05a0 6905 0000 		.long	0x569
 849 05a4 01        		.byte	0x1
 850 05a5 01        		.byte	0x1
 851 05a6 0A        		.uleb128 0xa
 852 05a7 5B00 0000 		.long	0x5b
 853 05ab B605 0000 		.long	0x5b6
 854 05af 0B        		.uleb128 0xb
 855 05b0 6000 0000 		.long	0x60
 856 05b4 00        		.byte	0
 857 05b5 00        		.byte	0
 858 05b6 04        		.uleb128 0x4
 859 05b7 A605 0000 		.long	0x5a6
 860 05bb 07        		.uleb128 0x7
 861 05bc 0000 0000 		.long	.LASF77
 862 05c0 0C        		.byte	0xc
 863 05c1 E8        		.byte	0xe8
 864 05c2 17        		.byte	0x17
 865 05c3 B605 0000 		.long	0x5b6
 866 05c7 01        		.byte	0x1
 867 05c8 01        		.byte	0x1
 868 05c9 07        		.uleb128 0x7
 869 05ca 0000 0000 		.long	.LASF78
 870 05ce 0C        		.byte	0xc
 871 05cf E9        		.byte	0xe9
 872 05d0 17        		.byte	0x17
 873 05d1 6905 0000 		.long	0x569
 874 05d5 01        		.byte	0x1
 875 05d6 01        		.byte	0x1
 876 05d7 07        		.uleb128 0x7
 877 05d8 0000 0000 		.long	.LASF79
 878 05dc 0C        		.byte	0xc
 879 05dd EA        		.byte	0xea
 880 05de 17        		.byte	0x17
 881 05df A000 0000 		.long	0xa0
 882 05e3 01        		.byte	0x1
 883 05e4 01        		.byte	0x1
 884 05e5 18        		.uleb128 0x18
 885 05e6 0000 0000 		.long	.LASF90
 886 05ea 05        		.byte	0x5
 887 05eb 0C        		.byte	0xc
 888 05ec 0701      		.word	0x107
 889 05ee 10        		.byte	0x10
 890 05ef 4406 0000 		.long	0x644
 891 05f3 19        		.uleb128 0x19
 892 05f4 0000 0000 		.long	.LASF80
 893 05f8 0C        		.byte	0xc
 894 05f9 0801      		.word	0x108
 895 05fb 0D        		.byte	0xd
 896 05fc 3000 0000 		.long	0x30
 897 0600 02        		.byte	0x2
 898 0601 23        		.byte	0x23
 899 0602 00        		.uleb128 0
 900 0603 19        		.uleb128 0x19
 901 0604 0000 0000 		.long	.LASF81
 902 0608 0C        		.byte	0xc
 903 0609 0901      		.word	0x109
 904 060b 0D        		.byte	0xd
 905 060c 3000 0000 		.long	0x30
 906 0610 02        		.byte	0x2
 907 0611 23        		.byte	0x23
 908 0612 01        		.uleb128 0x1
 909 0613 19        		.uleb128 0x19
 910 0614 0000 0000 		.long	.LASF82
 911 0618 0C        		.byte	0xc
 912 0619 0A01      		.word	0x10a
 913 061b 0D        		.byte	0xd
 914 061c 3000 0000 		.long	0x30
 915 0620 02        		.byte	0x2
 916 0621 23        		.byte	0x23
 917 0622 02        		.uleb128 0x2
 918 0623 19        		.uleb128 0x19
 919 0624 0000 0000 		.long	.LASF83
 920 0628 0C        		.byte	0xc
 921 0629 0B01      		.word	0x10b
 922 062b 0D        		.byte	0xd
 923 062c 3000 0000 		.long	0x30
 924 0630 02        		.byte	0x2
 925 0631 23        		.byte	0x23
 926 0632 03        		.uleb128 0x3
 927 0633 19        		.uleb128 0x19
 928 0634 0000 0000 		.long	.LASF84
 929 0638 0C        		.byte	0xc
 930 0639 0C01      		.word	0x10c
 931 063b 0D        		.byte	0xd
 932 063c 3000 0000 		.long	0x30
 933 0640 02        		.byte	0x2
 934 0641 23        		.byte	0x23
 935 0642 04        		.uleb128 0x4
 936 0643 00        		.byte	0
 937 0644 1A        		.uleb128 0x1a
 938 0645 0000 0000 		.long	.LASF85
 939 0649 0C        		.byte	0xc
 940 064a 0D01      		.word	0x10d
 941 064c 03        		.byte	0x3
 942 064d E505 0000 		.long	0x5e5
 943 0651 1B        		.uleb128 0x1b
 944 0652 0000 0000 		.long	.LASF86
 945 0656 0C        		.byte	0xc
 946 0657 0F01      		.word	0x10f
 947 0659 1A        		.byte	0x1a
 948 065a 4406 0000 		.long	0x644
 949 065e 01        		.byte	0x1
 950 065f 01        		.byte	0x1
 951 0660 1C        		.uleb128 0x1c
 952 0661 02        		.byte	0x2
 953 0662 0C        		.byte	0xc
 954 0663 9F01      		.word	0x19f
 955 0665 05        		.byte	0x5
 956 0666 9F06 0000 		.long	0x69f
 957 066a 1D        		.uleb128 0x1d
 958 066b 0000 0000 		.long	.LASF87
 959 066f 0C        		.byte	0xc
 960 0670 A001      		.word	0x1a0
 961 0672 12        		.byte	0x12
 962 0673 4F00 0000 		.long	0x4f
 963 0677 1E        		.uleb128 0x1e
 964 0678 706F 7300 		.string	"pos"
 965 067c 0C        		.byte	0xc
 966 067d A101      		.word	0x1a1
 967 067f 12        		.byte	0x12
 968 0680 3000 0000 		.long	0x30
 969 0684 1D        		.uleb128 0x1d
 970 0685 0000 0000 		.long	.LASF88
 971 0689 0C        		.byte	0xc
 972 068a A201      		.word	0x1a2
 973 068c 12        		.byte	0x12
 974 068d 1D00 0000 		.long	0x1d
 975 0691 1D        		.uleb128 0x1d
 976 0692 0000 0000 		.long	.LASF89
 977 0696 0C        		.byte	0xc
 978 0697 A301      		.word	0x1a3
 979 0699 12        		.byte	0x12
 980 069a 4F00 0000 		.long	0x4f
 981 069e 00        		.byte	0
 982 069f 18        		.uleb128 0x18
 983 06a0 0000 0000 		.long	.LASF91
 984 06a4 06        		.byte	0x6
 985 06a5 0C        		.byte	0xc
 986 06a6 9B01      		.word	0x19b
 987 06a8 10        		.byte	0x10
 988 06a9 E606 0000 		.long	0x6e6
 989 06ad 19        		.uleb128 0x19
 990 06ae 0000 0000 		.long	.LASF92
 991 06b2 0C        		.byte	0xc
 992 06b3 9C01      		.word	0x19c
 993 06b5 0E        		.byte	0xe
 994 06b6 4F00 0000 		.long	0x4f
 995 06ba 02        		.byte	0x2
 996 06bb 23        		.byte	0x23
 997 06bc 00        		.uleb128 0
 998 06bd 19        		.uleb128 0x19
 999 06be 0000 0000 		.long	.LASF93
 1000 06c2 0C        		.byte	0xc
 1001 06c3 9D01      		.word	0x19d
 1002 06c5 0E        		.byte	0xe
 1003 06c6 3000 0000 		.long	0x30
 1004 06ca 02        		.byte	0x2
 1005 06cb 23        		.byte	0x23
 1006 06cc 02        		.uleb128 0x2
 1007 06cd 19        		.uleb128 0x19
 1008 06ce 0000 0000 		.long	.LASF94
 1009 06d2 0C        		.byte	0xc
 1010 06d3 9E01      		.word	0x19e
 1011 06d5 0E        		.byte	0xe
 1012 06d6 A000 0000 		.long	0xa0
 1013 06da 02        		.byte	0x2
 1014 06db 23        		.byte	0x23
 1015 06dc 03        		.uleb128 0x3
 1016 06dd 1F        		.uleb128 0x1f
 1017 06de 6006 0000 		.long	0x660
 1018 06e2 02        		.byte	0x2
 1019 06e3 23        		.byte	0x23
 1020 06e4 04        		.uleb128 0x4
 1021 06e5 00        		.byte	0
 1022 06e6 1A        		.uleb128 0x1a
 1023 06e7 0000 0000 		.long	.LASF95
 1024 06eb 0C        		.byte	0xc
 1025 06ec A501      		.word	0x1a5
 1026 06ee 03        		.byte	0x3
 1027 06ef 9F06 0000 		.long	0x69f
 1028 06f3 1B        		.uleb128 0x1b
 1029 06f4 0000 0000 		.long	.LASF96
 1030 06f8 0C        		.byte	0xc
 1031 06f9 A701      		.word	0x1a7
 1032 06fb 1B        		.byte	0x1b
 1033 06fc E606 0000 		.long	0x6e6
 1034 0700 01        		.byte	0x1
 1035 0701 01        		.byte	0x1
 1036 0702 02        		.uleb128 0x2
 1037 0703 0000 0000 		.long	.LASF97
 1038 0707 0D        		.byte	0xd
 1039 0708 27        		.byte	0x27
 1040 0709 12        		.byte	0x12
 1041 070a 6E00 0000 		.long	0x6e
 1042 070e 07        		.uleb128 0x7
 1043 070f 0000 0000 		.long	.LASF98
 1044 0713 0D        		.byte	0xd
 1045 0714 32        		.byte	0x32
 1046 0715 16        		.byte	0x16
 1047 0716 0207 0000 		.long	0x702
 1048 071a 01        		.byte	0x1
 1049 071b 01        		.byte	0x1
 1050 071c 07        		.uleb128 0x7
 1051 071d 0000 0000 		.long	.LASF99
 1052 0721 0D        		.byte	0xd
 1053 0722 48        		.byte	0x48
 1054 0723 16        		.byte	0x16
 1055 0724 0207 0000 		.long	0x702
 1056 0728 01        		.byte	0x1
 1057 0729 01        		.byte	0x1
 1058 072a 07        		.uleb128 0x7
 1059 072b 0000 0000 		.long	.LASF100
 1060 072f 0E        		.byte	0xe
 1061 0730 1B        		.byte	0x1b
 1062 0731 1B        		.byte	0x1b
 1063 0732 3301 0000 		.long	0x133
 1064 0736 01        		.byte	0x1
 1065 0737 01        		.byte	0x1
 1066 0738 0A        		.uleb128 0xa
 1067 0739 3C00 0000 		.long	0x3c
 1068 073d 4807 0000 		.long	0x748
 1069 0741 0B        		.uleb128 0xb
 1070 0742 6000 0000 		.long	0x60
 1071 0746 0F        		.byte	0xf
 1072 0747 00        		.byte	0
 1073 0748 04        		.uleb128 0x4
 1074 0749 3807 0000 		.long	0x738
 1075 074d 07        		.uleb128 0x7
 1076 074e 0000 0000 		.long	.LASF101
 1077 0752 0F        		.byte	0xf
 1078 0753 1A        		.byte	0x1a
 1079 0754 16        		.byte	0x16
 1080 0755 4807 0000 		.long	0x748
 1081 0759 01        		.byte	0x1
 1082 075a 01        		.byte	0x1
 1083 075b 07        		.uleb128 0x7
 1084 075c 0000 0000 		.long	.LASF102
 1085 0760 0F        		.byte	0xf
 1086 0761 1B        		.byte	0x1b
 1087 0762 16        		.byte	0x16
 1088 0763 4807 0000 		.long	0x748
 1089 0767 01        		.byte	0x1
 1090 0768 01        		.byte	0x1
 1091 0769 07        		.uleb128 0x7
 1092 076a 0000 0000 		.long	.LASF103
 1093 076e 0F        		.byte	0xf
 1094 076f 1C        		.byte	0x1c
 1095 0770 16        		.byte	0x16
 1096 0771 4807 0000 		.long	0x748
 1097 0775 01        		.byte	0x1
 1098 0776 01        		.byte	0x1
 1099 0777 0A        		.uleb128 0xa
 1100 0778 3C00 0000 		.long	0x3c
 1101 077c 8707 0000 		.long	0x787
 1102 0780 0B        		.uleb128 0xb
 1103 0781 6000 0000 		.long	0x60
 1104 0785 7F        		.byte	0x7f
 1105 0786 00        		.byte	0
 1106 0787 04        		.uleb128 0x4
 1107 0788 7707 0000 		.long	0x777
 1108 078c 07        		.uleb128 0x7
 1109 078d 0000 0000 		.long	.LASF104
 1110 0791 0F        		.byte	0xf
 1111 0792 1D        		.byte	0x1d
 1112 0793 16        		.byte	0x16
 1113 0794 8707 0000 		.long	0x787
 1114 0798 01        		.byte	0x1
 1115 0799 01        		.byte	0x1
 1116 079a 1B        		.uleb128 0x1b
 1117 079b 0000 0000 		.long	.LASF105
 1118 079f 10        		.byte	0x10
 1119 07a0 3801      		.word	0x138
 1120 07a2 0F        		.byte	0xf
 1121 07a3 9400 0000 		.long	0x94
 1122 07a7 01        		.byte	0x1
 1123 07a8 01        		.byte	0x1
 1124 07a9 1B        		.uleb128 0x1b
 1125 07aa 0000 0000 		.long	.LASF106
 1126 07ae 10        		.byte	0x10
 1127 07af 3D01      		.word	0x13d
 1128 07b1 0E        		.byte	0xe
 1129 07b2 B807 0000 		.long	0x7b8
 1130 07b6 01        		.byte	0x1
 1131 07b7 01        		.byte	0x1
 1132 07b8 0F        		.uleb128 0xf
 1133 07b9 02        		.byte	0x2
 1134 07ba BE07 0000 		.long	0x7be
 1135 07be 03        		.uleb128 0x3
 1136 07bf 01        		.byte	0x1
 1137 07c0 08        		.byte	0x8
 1138 07c1 0000 0000 		.long	.LASF107
 1139 07c5 1B        		.uleb128 0x1b
 1140 07c6 0000 0000 		.long	.LASF108
 1141 07ca 10        		.byte	0x10
 1142 07cb 4201      		.word	0x142
 1143 07cd 0E        		.byte	0xe
 1144 07ce B807 0000 		.long	0x7b8
 1145 07d2 01        		.byte	0x1
 1146 07d3 01        		.byte	0x1
 1147 07d4 08        		.uleb128 0x8
 1148 07d5 0C        		.byte	0xc
 1149 07d6 11        		.byte	0x11
 1150 07d7 18        		.byte	0x18
 1151 07d8 09        		.byte	0x9
 1152 07d9 6508 0000 		.long	0x865
 1153 07dd 09        		.uleb128 0x9
 1154 07de 0000 0000 		.long	.LASF109
 1155 07e2 11        		.byte	0x11
 1156 07e3 19        		.byte	0x19
 1157 07e4 0E        		.byte	0xe
 1158 07e5 3000 0000 		.long	0x30
 1159 07e9 02        		.byte	0x2
 1160 07ea 23        		.byte	0x23
 1161 07eb 00        		.uleb128 0
 1162 07ec 09        		.uleb128 0x9
 1163 07ed 0000 0000 		.long	.LASF110
 1164 07f1 11        		.byte	0x11
 1165 07f2 1A        		.byte	0x1a
 1166 07f3 0E        		.byte	0xe
 1167 07f4 3000 0000 		.long	0x30
 1168 07f8 02        		.byte	0x2
 1169 07f9 23        		.byte	0x23
 1170 07fa 01        		.uleb128 0x1
 1171 07fb 09        		.uleb128 0x9
 1172 07fc 0000 0000 		.long	.LASF111
 1173 0800 11        		.byte	0x11
 1174 0801 1B        		.byte	0x1b
 1175 0802 0E        		.byte	0xe
 1176 0803 3000 0000 		.long	0x30
 1177 0807 02        		.byte	0x2
 1178 0808 23        		.byte	0x23
 1179 0809 02        		.uleb128 0x2
 1180 080a 09        		.uleb128 0x9
 1181 080b 0000 0000 		.long	.LASF112
 1182 080f 11        		.byte	0x11
 1183 0810 1C        		.byte	0x1c
 1184 0811 0E        		.byte	0xe
 1185 0812 4F00 0000 		.long	0x4f
 1186 0816 02        		.byte	0x2
 1187 0817 23        		.byte	0x23
 1188 0818 03        		.uleb128 0x3
 1189 0819 09        		.uleb128 0x9
 1190 081a 0000 0000 		.long	.LASF113
 1191 081e 11        		.byte	0x11
 1192 081f 1D        		.byte	0x1d
 1193 0820 0E        		.byte	0xe
 1194 0821 4F00 0000 		.long	0x4f
 1195 0825 02        		.byte	0x2
 1196 0826 23        		.byte	0x23
 1197 0827 05        		.uleb128 0x5
 1198 0828 09        		.uleb128 0x9
 1199 0829 0000 0000 		.long	.LASF64
 1200 082d 11        		.byte	0x11
 1201 082e 1E        		.byte	0x1e
 1202 082f 0E        		.byte	0xe
 1203 0830 4F00 0000 		.long	0x4f
 1204 0834 02        		.byte	0x2
 1205 0835 23        		.byte	0x23
 1206 0836 07        		.uleb128 0x7
 1207 0837 09        		.uleb128 0x9
 1208 0838 0000 0000 		.long	.LASF114
 1209 083c 11        		.byte	0x11
 1210 083d 1F        		.byte	0x1f
 1211 083e 0E        		.byte	0xe
 1212 083f A000 0000 		.long	0xa0
 1213 0843 02        		.byte	0x2
 1214 0844 23        		.byte	0x23
 1215 0845 09        		.uleb128 0x9
 1216 0846 09        		.uleb128 0x9
 1217 0847 0000 0000 		.long	.LASF115
 1218 084b 11        		.byte	0x11
 1219 084c 20        		.byte	0x20
 1220 084d 0E        		.byte	0xe
 1221 084e A000 0000 		.long	0xa0
 1222 0852 02        		.byte	0x2
 1223 0853 23        		.byte	0x23
 1224 0854 0A        		.uleb128 0xa
 1225 0855 09        		.uleb128 0x9
 1226 0856 0000 0000 		.long	.LASF116
 1227 085a 11        		.byte	0x11
 1228 085b 21        		.byte	0x21
 1229 085c 0E        		.byte	0xe
 1230 085d A000 0000 		.long	0xa0
 1231 0861 02        		.byte	0x2
 1232 0862 23        		.byte	0x23
 1233 0863 0B        		.uleb128 0xb
 1234 0864 00        		.byte	0
 1235 0865 02        		.uleb128 0x2
 1236 0866 0000 0000 		.long	.LASF117
 1237 086a 11        		.byte	0x11
 1238 086b 22        		.byte	0x22
 1239 086c 03        		.byte	0x3
 1240 086d D407 0000 		.long	0x7d4
 1241 0871 02        		.uleb128 0x2
 1242 0872 0000 0000 		.long	.LASF118
 1243 0876 11        		.byte	0x11
 1244 0877 26        		.byte	0x26
 1245 0878 10        		.byte	0x10
 1246 0879 7D08 0000 		.long	0x87d
 1247 087d 0F        		.uleb128 0xf
 1248 087e 02        		.byte	0x2
 1249 087f 8308 0000 		.long	0x883
 1250 0883 20        		.uleb128 0x20
 1251 0884 01        		.byte	0x1
 1252 0885 9408 0000 		.long	0x894
 1253 0889 21        		.uleb128 0x21
 1254 088a 9408 0000 		.long	0x894
 1255 088e 21        		.uleb128 0x21
 1256 088f 9A08 0000 		.long	0x89a
 1257 0893 00        		.byte	0
 1258 0894 0F        		.uleb128 0xf
 1259 0895 02        		.byte	0x2
 1260 0896 6508 0000 		.long	0x865
 1261 089a 22        		.uleb128 0x22
 1262 089b 02        		.byte	0x2
 1263 089c 08        		.uleb128 0x8
 1264 089d 06        		.byte	0x6
 1265 089e 11        		.byte	0x11
 1266 089f 29        		.byte	0x29
 1267 08a0 05        		.byte	0x5
 1268 08a1 D308 0000 		.long	0x8d3
 1269 08a5 09        		.uleb128 0x9
 1270 08a6 0000 0000 		.long	.LASF119
 1271 08aa 11        		.byte	0x11
 1272 08ab 2A        		.byte	0x2a
 1273 08ac 20        		.byte	0x20
 1274 08ad 7108 0000 		.long	0x871
 1275 08b1 02        		.byte	0x2
 1276 08b2 23        		.byte	0x23
 1277 08b3 00        		.uleb128 0
 1278 08b4 09        		.uleb128 0x9
 1279 08b5 0000 0000 		.long	.LASF120
 1280 08b9 11        		.byte	0x11
 1281 08ba 2B        		.byte	0x2b
 1282 08bb 20        		.byte	0x20
 1283 08bc 7108 0000 		.long	0x871
 1284 08c0 02        		.byte	0x2
 1285 08c1 23        		.byte	0x23
 1286 08c2 02        		.uleb128 0x2
 1287 08c3 09        		.uleb128 0x9
 1288 08c4 0000 0000 		.long	.LASF121
 1289 08c8 11        		.byte	0x11
 1290 08c9 2C        		.byte	0x2c
 1291 08ca 20        		.byte	0x20
 1292 08cb 7108 0000 		.long	0x871
 1293 08cf 02        		.byte	0x2
 1294 08d0 23        		.byte	0x23
 1295 08d1 04        		.uleb128 0x4
 1296 08d2 00        		.byte	0
 1297 08d3 08        		.uleb128 0x8
 1298 08d4 16        		.byte	0x16
 1299 08d5 11        		.byte	0x11
 1300 08d6 28        		.byte	0x28
 1301 08d7 09        		.byte	0x9
 1302 08d8 1809 0000 		.long	0x918
 1303 08dc 15        		.uleb128 0x15
 1304 08dd 666E 00   		.string	"fn"
 1305 08e0 11        		.byte	0x11
 1306 08e1 2D        		.byte	0x2d
 1307 08e2 07        		.byte	0x7
 1308 08e3 9C08 0000 		.long	0x89c
 1309 08e7 02        		.byte	0x2
 1310 08e8 23        		.byte	0x23
 1311 08e9 00        		.uleb128 0
 1312 08ea 09        		.uleb128 0x9
 1313 08eb 0000 0000 		.long	.LASF122
 1314 08ef 11        		.byte	0x11
 1315 08f0 2E        		.byte	0x2e
 1316 08f1 1A        		.byte	0x1a
 1317 08f2 6508 0000 		.long	0x865
 1318 08f6 02        		.byte	0x2
 1319 08f7 23        		.byte	0x23
 1320 08f8 06        		.uleb128 0x6
 1321 08f9 09        		.uleb128 0x9
 1322 08fa 0000 0000 		.long	.LASF123
 1323 08fe 11        		.byte	0x11
 1324 08ff 2F        		.byte	0x2f
 1325 0900 1A        		.byte	0x1a
 1326 0901 4F00 0000 		.long	0x4f
 1327 0905 02        		.byte	0x2
 1328 0906 23        		.byte	0x23
 1329 0907 12        		.uleb128 0x12
 1330 0908 09        		.uleb128 0x9
 1331 0909 0000 0000 		.long	.LASF124
 1332 090d 11        		.byte	0x11
 1333 090e 30        		.byte	0x30
 1334 090f 1A        		.byte	0x1a
 1335 0910 9A08 0000 		.long	0x89a
 1336 0914 02        		.byte	0x2
 1337 0915 23        		.byte	0x23
 1338 0916 14        		.uleb128 0x14
 1339 0917 00        		.byte	0
 1340 0918 02        		.uleb128 0x2
 1341 0919 0000 0000 		.long	.LASF125
 1342 091d 11        		.byte	0x11
 1343 091e 31        		.byte	0x31
 1344 091f 03        		.byte	0x3
 1345 0920 D308 0000 		.long	0x8d3
 1346 0924 0A        		.uleb128 0xa
 1347 0925 1809 0000 		.long	0x918
 1348 0929 2F09 0000 		.long	0x92f
 1349 092d 14        		.uleb128 0x14
 1350 092e 00        		.byte	0
 1351 092f 07        		.uleb128 0x7
 1352 0930 0000 0000 		.long	.LASF126
 1353 0934 11        		.byte	0x11
 1354 0935 52        		.byte	0x52
 1355 0936 1E        		.byte	0x1e
 1356 0937 2409 0000 		.long	0x924
 1357 093b 01        		.byte	0x1
 1358 093c 01        		.byte	0x1
 1359 093d 23        		.uleb128 0x23
 1360 093e 01        		.byte	0x1
 1361 093f 0000 0000 		.long	.LASF127
 1362 0943 12        		.byte	0x12
 1363 0944 15        		.byte	0x15
 1364 0945 1C        		.byte	0x1c
 1365 0946 01        		.byte	0x1
 1366 0947 A000 0000 		.long	0xa0
 1367 094b 23        		.uleb128 0x23
 1368 094c 01        		.byte	0x1
 1369 094d 0000 0000 		.long	.LASF128
 1370 0951 12        		.byte	0x12
 1371 0952 14        		.byte	0x14
 1372 0953 1C        		.byte	0x1c
 1373 0954 01        		.byte	0x1
 1374 0955 A000 0000 		.long	0xa0
 1375 0959 24        		.uleb128 0x24
 1376 095a 01        		.byte	0x1
 1377 095b 0000 0000 		.long	.LASF132
 1378 095f 12        		.byte	0x12
 1379 0960 13        		.byte	0x13
 1380 0961 1C        		.byte	0x1c
 1381 0962 01        		.byte	0x1
 1382 0963 00        		.byte	0
 1383               		.section	.gnu.debuglto_.debug_abbrev,"",@progbits
 1384               	.Ldebug_abbrev0:
 1385 0000 01        		.uleb128 0x1
 1386 0001 11        		.uleb128 0x11
 1387 0002 01        		.byte	0x1
 1388 0003 25        		.uleb128 0x25
 1389 0004 0E        		.uleb128 0xe
 1390 0005 13        		.uleb128 0x13
 1391 0006 0B        		.uleb128 0xb
 1392 0007 03        		.uleb128 0x3
 1393 0008 0E        		.uleb128 0xe
 1394 0009 1B        		.uleb128 0x1b
 1395 000a 0E        		.uleb128 0xe
 1396 000b 10        		.uleb128 0x10
 1397 000c 06        		.uleb128 0x6
 1398 000d 00        		.byte	0
 1399 000e 00        		.byte	0
 1400 000f 02        		.uleb128 0x2
 1401 0010 16        		.uleb128 0x16
 1402 0011 00        		.byte	0
 1403 0012 03        		.uleb128 0x3
 1404 0013 0E        		.uleb128 0xe
 1405 0014 3A        		.uleb128 0x3a
 1406 0015 0B        		.uleb128 0xb
 1407 0016 3B        		.uleb128 0x3b
 1408 0017 0B        		.uleb128 0xb
 1409 0018 39        		.uleb128 0x39
 1410 0019 0B        		.uleb128 0xb
 1411 001a 49        		.uleb128 0x49
 1412 001b 13        		.uleb128 0x13
 1413 001c 00        		.byte	0
 1414 001d 00        		.byte	0
 1415 001e 03        		.uleb128 0x3
 1416 001f 24        		.uleb128 0x24
 1417 0020 00        		.byte	0
 1418 0021 0B        		.uleb128 0xb
 1419 0022 0B        		.uleb128 0xb
 1420 0023 3E        		.uleb128 0x3e
 1421 0024 0B        		.uleb128 0xb
 1422 0025 03        		.uleb128 0x3
 1423 0026 0E        		.uleb128 0xe
 1424 0027 00        		.byte	0
 1425 0028 00        		.byte	0
 1426 0029 04        		.uleb128 0x4
 1427 002a 26        		.uleb128 0x26
 1428 002b 00        		.byte	0
 1429 002c 49        		.uleb128 0x49
 1430 002d 13        		.uleb128 0x13
 1431 002e 00        		.byte	0
 1432 002f 00        		.byte	0
 1433 0030 05        		.uleb128 0x5
 1434 0031 24        		.uleb128 0x24
 1435 0032 00        		.byte	0
 1436 0033 0B        		.uleb128 0xb
 1437 0034 0B        		.uleb128 0xb
 1438 0035 3E        		.uleb128 0x3e
 1439 0036 0B        		.uleb128 0xb
 1440 0037 03        		.uleb128 0x3
 1441 0038 08        		.uleb128 0x8
 1442 0039 00        		.byte	0
 1443 003a 00        		.byte	0
 1444 003b 06        		.uleb128 0x6
 1445 003c 35        		.uleb128 0x35
 1446 003d 00        		.byte	0
 1447 003e 49        		.uleb128 0x49
 1448 003f 13        		.uleb128 0x13
 1449 0040 00        		.byte	0
 1450 0041 00        		.byte	0
 1451 0042 07        		.uleb128 0x7
 1452 0043 34        		.uleb128 0x34
 1453 0044 00        		.byte	0
 1454 0045 03        		.uleb128 0x3
 1455 0046 0E        		.uleb128 0xe
 1456 0047 3A        		.uleb128 0x3a
 1457 0048 0B        		.uleb128 0xb
 1458 0049 3B        		.uleb128 0x3b
 1459 004a 0B        		.uleb128 0xb
 1460 004b 39        		.uleb128 0x39
 1461 004c 0B        		.uleb128 0xb
 1462 004d 49        		.uleb128 0x49
 1463 004e 13        		.uleb128 0x13
 1464 004f 3F        		.uleb128 0x3f
 1465 0050 0C        		.uleb128 0xc
 1466 0051 3C        		.uleb128 0x3c
 1467 0052 0C        		.uleb128 0xc
 1468 0053 00        		.byte	0
 1469 0054 00        		.byte	0
 1470 0055 08        		.uleb128 0x8
 1471 0056 13        		.uleb128 0x13
 1472 0057 01        		.byte	0x1
 1473 0058 0B        		.uleb128 0xb
 1474 0059 0B        		.uleb128 0xb
 1475 005a 3A        		.uleb128 0x3a
 1476 005b 0B        		.uleb128 0xb
 1477 005c 3B        		.uleb128 0x3b
 1478 005d 0B        		.uleb128 0xb
 1479 005e 39        		.uleb128 0x39
 1480 005f 0B        		.uleb128 0xb
 1481 0060 01        		.uleb128 0x1
 1482 0061 13        		.uleb128 0x13
 1483 0062 00        		.byte	0
 1484 0063 00        		.byte	0
 1485 0064 09        		.uleb128 0x9
 1486 0065 0D        		.uleb128 0xd
 1487 0066 00        		.byte	0
 1488 0067 03        		.uleb128 0x3
 1489 0068 0E        		.uleb128 0xe
 1490 0069 3A        		.uleb128 0x3a
 1491 006a 0B        		.uleb128 0xb
 1492 006b 3B        		.uleb128 0x3b
 1493 006c 0B        		.uleb128 0xb
 1494 006d 39        		.uleb128 0x39
 1495 006e 0B        		.uleb128 0xb
 1496 006f 49        		.uleb128 0x49
 1497 0070 13        		.uleb128 0x13
 1498 0071 38        		.uleb128 0x38
 1499 0072 0A        		.uleb128 0xa
 1500 0073 00        		.byte	0
 1501 0074 00        		.byte	0
 1502 0075 0A        		.uleb128 0xa
 1503 0076 01        		.uleb128 0x1
 1504 0077 01        		.byte	0x1
 1505 0078 49        		.uleb128 0x49
 1506 0079 13        		.uleb128 0x13
 1507 007a 01        		.uleb128 0x1
 1508 007b 13        		.uleb128 0x13
 1509 007c 00        		.byte	0
 1510 007d 00        		.byte	0
 1511 007e 0B        		.uleb128 0xb
 1512 007f 21        		.uleb128 0x21
 1513 0080 00        		.byte	0
 1514 0081 49        		.uleb128 0x49
 1515 0082 13        		.uleb128 0x13
 1516 0083 2F        		.uleb128 0x2f
 1517 0084 0B        		.uleb128 0xb
 1518 0085 00        		.byte	0
 1519 0086 00        		.byte	0
 1520 0087 0C        		.uleb128 0xc
 1521 0088 17        		.uleb128 0x17
 1522 0089 01        		.byte	0x1
 1523 008a 0B        		.uleb128 0xb
 1524 008b 0B        		.uleb128 0xb
 1525 008c 3A        		.uleb128 0x3a
 1526 008d 0B        		.uleb128 0xb
 1527 008e 3B        		.uleb128 0x3b
 1528 008f 0B        		.uleb128 0xb
 1529 0090 39        		.uleb128 0x39
 1530 0091 0B        		.uleb128 0xb
 1531 0092 01        		.uleb128 0x1
 1532 0093 13        		.uleb128 0x13
 1533 0094 00        		.byte	0
 1534 0095 00        		.byte	0
 1535 0096 0D        		.uleb128 0xd
 1536 0097 0D        		.uleb128 0xd
 1537 0098 00        		.byte	0
 1538 0099 03        		.uleb128 0x3
 1539 009a 08        		.uleb128 0x8
 1540 009b 3A        		.uleb128 0x3a
 1541 009c 0B        		.uleb128 0xb
 1542 009d 3B        		.uleb128 0x3b
 1543 009e 0B        		.uleb128 0xb
 1544 009f 39        		.uleb128 0x39
 1545 00a0 0B        		.uleb128 0xb
 1546 00a1 49        		.uleb128 0x49
 1547 00a2 13        		.uleb128 0x13
 1548 00a3 00        		.byte	0
 1549 00a4 00        		.byte	0
 1550 00a5 0E        		.uleb128 0xe
 1551 00a6 0D        		.uleb128 0xd
 1552 00a7 00        		.byte	0
 1553 00a8 49        		.uleb128 0x49
 1554 00a9 13        		.uleb128 0x13
 1555 00aa 00        		.byte	0
 1556 00ab 00        		.byte	0
 1557 00ac 0F        		.uleb128 0xf
 1558 00ad 0F        		.uleb128 0xf
 1559 00ae 00        		.byte	0
 1560 00af 0B        		.uleb128 0xb
 1561 00b0 0B        		.uleb128 0xb
 1562 00b1 49        		.uleb128 0x49
 1563 00b2 13        		.uleb128 0x13
 1564 00b3 00        		.byte	0
 1565 00b4 00        		.byte	0
 1566 00b5 10        		.uleb128 0x10
 1567 00b6 0D        		.uleb128 0xd
 1568 00b7 00        		.byte	0
 1569 00b8 03        		.uleb128 0x3
 1570 00b9 0E        		.uleb128 0xe
 1571 00ba 3A        		.uleb128 0x3a
 1572 00bb 0B        		.uleb128 0xb
 1573 00bc 3B        		.uleb128 0x3b
 1574 00bd 0B        		.uleb128 0xb
 1575 00be 39        		.uleb128 0x39
 1576 00bf 0B        		.uleb128 0xb
 1577 00c0 49        		.uleb128 0x49
 1578 00c1 13        		.uleb128 0x13
 1579 00c2 0B        		.uleb128 0xb
 1580 00c3 0B        		.uleb128 0xb
 1581 00c4 0D        		.uleb128 0xd
 1582 00c5 0B        		.uleb128 0xb
 1583 00c6 0C        		.uleb128 0xc
 1584 00c7 0B        		.uleb128 0xb
 1585 00c8 38        		.uleb128 0x38
 1586 00c9 0A        		.uleb128 0xa
 1587 00ca 00        		.byte	0
 1588 00cb 00        		.byte	0
 1589 00cc 11        		.uleb128 0x11
 1590 00cd 04        		.uleb128 0x4
 1591 00ce 01        		.byte	0x1
 1592 00cf 3E        		.uleb128 0x3e
 1593 00d0 0B        		.uleb128 0xb
 1594 00d1 0B        		.uleb128 0xb
 1595 00d2 0B        		.uleb128 0xb
 1596 00d3 49        		.uleb128 0x49
 1597 00d4 13        		.uleb128 0x13
 1598 00d5 3A        		.uleb128 0x3a
 1599 00d6 0B        		.uleb128 0xb
 1600 00d7 3B        		.uleb128 0x3b
 1601 00d8 0B        		.uleb128 0xb
 1602 00d9 39        		.uleb128 0x39
 1603 00da 0B        		.uleb128 0xb
 1604 00db 01        		.uleb128 0x1
 1605 00dc 13        		.uleb128 0x13
 1606 00dd 00        		.byte	0
 1607 00de 00        		.byte	0
 1608 00df 12        		.uleb128 0x12
 1609 00e0 28        		.uleb128 0x28
 1610 00e1 00        		.byte	0
 1611 00e2 03        		.uleb128 0x3
 1612 00e3 0E        		.uleb128 0xe
 1613 00e4 1C        		.uleb128 0x1c
 1614 00e5 0B        		.uleb128 0xb
 1615 00e6 00        		.byte	0
 1616 00e7 00        		.byte	0
 1617 00e8 13        		.uleb128 0x13
 1618 00e9 04        		.uleb128 0x4
 1619 00ea 01        		.byte	0x1
 1620 00eb 03        		.uleb128 0x3
 1621 00ec 0E        		.uleb128 0xe
 1622 00ed 3E        		.uleb128 0x3e
 1623 00ee 0B        		.uleb128 0xb
 1624 00ef 0B        		.uleb128 0xb
 1625 00f0 0B        		.uleb128 0xb
 1626 00f1 49        		.uleb128 0x49
 1627 00f2 13        		.uleb128 0x13
 1628 00f3 3A        		.uleb128 0x3a
 1629 00f4 0B        		.uleb128 0xb
 1630 00f5 3B        		.uleb128 0x3b
 1631 00f6 0B        		.uleb128 0xb
 1632 00f7 39        		.uleb128 0x39
 1633 00f8 0B        		.uleb128 0xb
 1634 00f9 01        		.uleb128 0x1
 1635 00fa 13        		.uleb128 0x13
 1636 00fb 00        		.byte	0
 1637 00fc 00        		.byte	0
 1638 00fd 14        		.uleb128 0x14
 1639 00fe 21        		.uleb128 0x21
 1640 00ff 00        		.byte	0
 1641 0100 00        		.byte	0
 1642 0101 00        		.byte	0
 1643 0102 15        		.uleb128 0x15
 1644 0103 0D        		.uleb128 0xd
 1645 0104 00        		.byte	0
 1646 0105 03        		.uleb128 0x3
 1647 0106 08        		.uleb128 0x8
 1648 0107 3A        		.uleb128 0x3a
 1649 0108 0B        		.uleb128 0xb
 1650 0109 3B        		.uleb128 0x3b
 1651 010a 0B        		.uleb128 0xb
 1652 010b 39        		.uleb128 0x39
 1653 010c 0B        		.uleb128 0xb
 1654 010d 49        		.uleb128 0x49
 1655 010e 13        		.uleb128 0x13
 1656 010f 38        		.uleb128 0x38
 1657 0110 0A        		.uleb128 0xa
 1658 0111 00        		.byte	0
 1659 0112 00        		.byte	0
 1660 0113 16        		.uleb128 0x16
 1661 0114 16        		.uleb128 0x16
 1662 0115 00        		.byte	0
 1663 0116 03        		.uleb128 0x3
 1664 0117 08        		.uleb128 0x8
 1665 0118 3A        		.uleb128 0x3a
 1666 0119 0B        		.uleb128 0xb
 1667 011a 3B        		.uleb128 0x3b
 1668 011b 0B        		.uleb128 0xb
 1669 011c 39        		.uleb128 0x39
 1670 011d 0B        		.uleb128 0xb
 1671 011e 49        		.uleb128 0x49
 1672 011f 13        		.uleb128 0x13
 1673 0120 00        		.byte	0
 1674 0121 00        		.byte	0
 1675 0122 17        		.uleb128 0x17
 1676 0123 34        		.uleb128 0x34
 1677 0124 00        		.byte	0
 1678 0125 03        		.uleb128 0x3
 1679 0126 08        		.uleb128 0x8
 1680 0127 3A        		.uleb128 0x3a
 1681 0128 0B        		.uleb128 0xb
 1682 0129 3B        		.uleb128 0x3b
 1683 012a 0B        		.uleb128 0xb
 1684 012b 39        		.uleb128 0x39
 1685 012c 0B        		.uleb128 0xb
 1686 012d 49        		.uleb128 0x49
 1687 012e 13        		.uleb128 0x13
 1688 012f 3F        		.uleb128 0x3f
 1689 0130 0C        		.uleb128 0xc
 1690 0131 3C        		.uleb128 0x3c
 1691 0132 0C        		.uleb128 0xc
 1692 0133 00        		.byte	0
 1693 0134 00        		.byte	0
 1694 0135 18        		.uleb128 0x18
 1695 0136 13        		.uleb128 0x13
 1696 0137 01        		.byte	0x1
 1697 0138 03        		.uleb128 0x3
 1698 0139 0E        		.uleb128 0xe
 1699 013a 0B        		.uleb128 0xb
 1700 013b 0B        		.uleb128 0xb
 1701 013c 3A        		.uleb128 0x3a
 1702 013d 0B        		.uleb128 0xb
 1703 013e 3B        		.uleb128 0x3b
 1704 013f 05        		.uleb128 0x5
 1705 0140 39        		.uleb128 0x39
 1706 0141 0B        		.uleb128 0xb
 1707 0142 01        		.uleb128 0x1
 1708 0143 13        		.uleb128 0x13
 1709 0144 00        		.byte	0
 1710 0145 00        		.byte	0
 1711 0146 19        		.uleb128 0x19
 1712 0147 0D        		.uleb128 0xd
 1713 0148 00        		.byte	0
 1714 0149 03        		.uleb128 0x3
 1715 014a 0E        		.uleb128 0xe
 1716 014b 3A        		.uleb128 0x3a
 1717 014c 0B        		.uleb128 0xb
 1718 014d 3B        		.uleb128 0x3b
 1719 014e 05        		.uleb128 0x5
 1720 014f 39        		.uleb128 0x39
 1721 0150 0B        		.uleb128 0xb
 1722 0151 49        		.uleb128 0x49
 1723 0152 13        		.uleb128 0x13
 1724 0153 38        		.uleb128 0x38
 1725 0154 0A        		.uleb128 0xa
 1726 0155 00        		.byte	0
 1727 0156 00        		.byte	0
 1728 0157 1A        		.uleb128 0x1a
 1729 0158 16        		.uleb128 0x16
 1730 0159 00        		.byte	0
 1731 015a 03        		.uleb128 0x3
 1732 015b 0E        		.uleb128 0xe
 1733 015c 3A        		.uleb128 0x3a
 1734 015d 0B        		.uleb128 0xb
 1735 015e 3B        		.uleb128 0x3b
 1736 015f 05        		.uleb128 0x5
 1737 0160 39        		.uleb128 0x39
 1738 0161 0B        		.uleb128 0xb
 1739 0162 49        		.uleb128 0x49
 1740 0163 13        		.uleb128 0x13
 1741 0164 00        		.byte	0
 1742 0165 00        		.byte	0
 1743 0166 1B        		.uleb128 0x1b
 1744 0167 34        		.uleb128 0x34
 1745 0168 00        		.byte	0
 1746 0169 03        		.uleb128 0x3
 1747 016a 0E        		.uleb128 0xe
 1748 016b 3A        		.uleb128 0x3a
 1749 016c 0B        		.uleb128 0xb
 1750 016d 3B        		.uleb128 0x3b
 1751 016e 05        		.uleb128 0x5
 1752 016f 39        		.uleb128 0x39
 1753 0170 0B        		.uleb128 0xb
 1754 0171 49        		.uleb128 0x49
 1755 0172 13        		.uleb128 0x13
 1756 0173 3F        		.uleb128 0x3f
 1757 0174 0C        		.uleb128 0xc
 1758 0175 3C        		.uleb128 0x3c
 1759 0176 0C        		.uleb128 0xc
 1760 0177 00        		.byte	0
 1761 0178 00        		.byte	0
 1762 0179 1C        		.uleb128 0x1c
 1763 017a 17        		.uleb128 0x17
 1764 017b 01        		.byte	0x1
 1765 017c 0B        		.uleb128 0xb
 1766 017d 0B        		.uleb128 0xb
 1767 017e 3A        		.uleb128 0x3a
 1768 017f 0B        		.uleb128 0xb
 1769 0180 3B        		.uleb128 0x3b
 1770 0181 05        		.uleb128 0x5
 1771 0182 39        		.uleb128 0x39
 1772 0183 0B        		.uleb128 0xb
 1773 0184 01        		.uleb128 0x1
 1774 0185 13        		.uleb128 0x13
 1775 0186 00        		.byte	0
 1776 0187 00        		.byte	0
 1777 0188 1D        		.uleb128 0x1d
 1778 0189 0D        		.uleb128 0xd
 1779 018a 00        		.byte	0
 1780 018b 03        		.uleb128 0x3
 1781 018c 0E        		.uleb128 0xe
 1782 018d 3A        		.uleb128 0x3a
 1783 018e 0B        		.uleb128 0xb
 1784 018f 3B        		.uleb128 0x3b
 1785 0190 05        		.uleb128 0x5
 1786 0191 39        		.uleb128 0x39
 1787 0192 0B        		.uleb128 0xb
 1788 0193 49        		.uleb128 0x49
 1789 0194 13        		.uleb128 0x13
 1790 0195 00        		.byte	0
 1791 0196 00        		.byte	0
 1792 0197 1E        		.uleb128 0x1e
 1793 0198 0D        		.uleb128 0xd
 1794 0199 00        		.byte	0
 1795 019a 03        		.uleb128 0x3
 1796 019b 08        		.uleb128 0x8
 1797 019c 3A        		.uleb128 0x3a
 1798 019d 0B        		.uleb128 0xb
 1799 019e 3B        		.uleb128 0x3b
 1800 019f 05        		.uleb128 0x5
 1801 01a0 39        		.uleb128 0x39
 1802 01a1 0B        		.uleb128 0xb
 1803 01a2 49        		.uleb128 0x49
 1804 01a3 13        		.uleb128 0x13
 1805 01a4 00        		.byte	0
 1806 01a5 00        		.byte	0
 1807 01a6 1F        		.uleb128 0x1f
 1808 01a7 0D        		.uleb128 0xd
 1809 01a8 00        		.byte	0
 1810 01a9 49        		.uleb128 0x49
 1811 01aa 13        		.uleb128 0x13
 1812 01ab 38        		.uleb128 0x38
 1813 01ac 0A        		.uleb128 0xa
 1814 01ad 00        		.byte	0
 1815 01ae 00        		.byte	0
 1816 01af 20        		.uleb128 0x20
 1817 01b0 15        		.uleb128 0x15
 1818 01b1 01        		.byte	0x1
 1819 01b2 27        		.uleb128 0x27
 1820 01b3 0C        		.uleb128 0xc
 1821 01b4 01        		.uleb128 0x1
 1822 01b5 13        		.uleb128 0x13
 1823 01b6 00        		.byte	0
 1824 01b7 00        		.byte	0
 1825 01b8 21        		.uleb128 0x21
 1826 01b9 05        		.uleb128 0x5
 1827 01ba 00        		.byte	0
 1828 01bb 49        		.uleb128 0x49
 1829 01bc 13        		.uleb128 0x13
 1830 01bd 00        		.byte	0
 1831 01be 00        		.byte	0
 1832 01bf 22        		.uleb128 0x22
 1833 01c0 0F        		.uleb128 0xf
 1834 01c1 00        		.byte	0
 1835 01c2 0B        		.uleb128 0xb
 1836 01c3 0B        		.uleb128 0xb
 1837 01c4 00        		.byte	0
 1838 01c5 00        		.byte	0
 1839 01c6 23        		.uleb128 0x23
 1840 01c7 2E        		.uleb128 0x2e
 1841 01c8 00        		.byte	0
 1842 01c9 3F        		.uleb128 0x3f
 1843 01ca 0C        		.uleb128 0xc
 1844 01cb 03        		.uleb128 0x3
 1845 01cc 0E        		.uleb128 0xe
 1846 01cd 3A        		.uleb128 0x3a
 1847 01ce 0B        		.uleb128 0xb
 1848 01cf 3B        		.uleb128 0x3b
 1849 01d0 0B        		.uleb128 0xb
 1850 01d1 39        		.uleb128 0x39
 1851 01d2 0B        		.uleb128 0xb
 1852 01d3 27        		.uleb128 0x27
 1853 01d4 0C        		.uleb128 0xc
 1854 01d5 49        		.uleb128 0x49
 1855 01d6 13        		.uleb128 0x13
 1856 01d7 00        		.byte	0
 1857 01d8 00        		.byte	0
 1858 01d9 24        		.uleb128 0x24
 1859 01da 2E        		.uleb128 0x2e
 1860 01db 00        		.byte	0
 1861 01dc 3F        		.uleb128 0x3f
 1862 01dd 0C        		.uleb128 0xc
 1863 01de 03        		.uleb128 0x3
 1864 01df 0E        		.uleb128 0xe
 1865 01e0 3A        		.uleb128 0x3a
 1866 01e1 0B        		.uleb128 0xb
 1867 01e2 3B        		.uleb128 0x3b
 1868 01e3 0B        		.uleb128 0xb
 1869 01e4 39        		.uleb128 0x39
 1870 01e5 0B        		.uleb128 0xb
 1871 01e6 27        		.uleb128 0x27
 1872 01e7 0C        		.uleb128 0xc
 1873 01e8 00        		.byte	0
 1874 01e9 00        		.byte	0
 1875 01ea 00        		.byte	0
 1876               		.section	.gnu.debuglto_.debug_line,"",@progbits
 1877               	.Ldebug_line0:
 1878 0000 C401 0000 		.long	.LELT0-.LSLT0
 1879               	.LSLT0:
 1880 0004 0200      		.word	0x2
 1881 0006 BE01 0000 		.long	.LELTP0-.LASLTP0
 1882               	.LASLTP0:
 1883 000a 01        		.byte	0x1
 1884 000b 01        		.byte	0x1
 1885 000c F6        		.byte	0xf6
 1886 000d F2        		.byte	0xf2
 1887 000e 0D        		.byte	0xd
 1888 000f 00        		.byte	0
 1889 0010 01        		.byte	0x1
 1890 0011 01        		.byte	0x1
 1891 0012 01        		.byte	0x1
 1892 0013 01        		.byte	0x1
 1893 0014 00        		.byte	0
 1894 0015 00        		.byte	0
 1895 0016 00        		.byte	0
 1896 0017 01        		.byte	0x1
 1897 0018 00        		.byte	0
 1898 0019 00        		.byte	0
 1899 001a 01        		.byte	0x1
 1900 001b 653A 5C67 		.ascii	"e:\\game\\msys2\\mingw64\\avr\\include"
 1900      616D 655C 
 1900      6D73 7973 
 1900      325C 6D69 
 1900      6E67 7736 
 1901 003c 00        		.byte	0
 1902 003d 653A 5C67 		.ascii	"e:\\game\\msys2\\mingw64\\lib\\gcc\\avr\\8.4.0\\include"
 1902      616D 655C 
 1902      6D73 7973 
 1902      325C 6D69 
 1902      6E67 7736 
 1903 006c 00        		.byte	0
 1904 006d 746D 6B5F 		.ascii	"tmk_core/common"
 1904      636F 7265 
 1904      2F63 6F6D 
 1904      6D6F 6E
 1905 007c 00        		.byte	0
 1906 007d 7175 616E 		.ascii	"quantum"
 1906      7475 6D
 1907 0084 00        		.byte	0
 1908 0085 7175 616E 		.ascii	"quantum/process_keycode"
 1908      7475 6D2F 
 1908      7072 6F63 
 1908      6573 735F 
 1908      6B65 7963 
 1909 009c 00        		.byte	0
 1910 009d 7175 616E 		.ascii	"quantum/sequencer"
 1910      7475 6D2F 
 1910      7365 7175 
 1910      656E 6365 
 1910      72
 1911 00ae 00        		.byte	0
 1912 00af 00        		.byte	0
 1913 00b0 7374 6469 		.string	"stdint.h"
 1913      6E74 2E68 
 1913      00
 1914 00b9 01        		.uleb128 0x1
 1915 00ba 00        		.uleb128 0
 1916 00bb 00        		.uleb128 0
 1917 00bc 7374 6464 		.string	"stddef.h"
 1917      6566 2E68 
 1917      00
 1918 00c5 02        		.uleb128 0x2
 1919 00c6 00        		.uleb128 0
 1920 00c7 00        		.uleb128 0
 1921 00c8 7265 706F 		.string	"report.h"
 1921      7274 2E68 
 1921      00
 1922 00d1 03        		.uleb128 0x3
 1923 00d2 00        		.uleb128 0
 1924 00d3 00        		.uleb128 0
 1925 00d4 6163 7469 		.string	"action.h"
 1925      6F6E 2E68 
 1925      00
 1926 00dd 03        		.uleb128 0x3
 1927 00de 00        		.uleb128 0
 1928 00df 00        		.uleb128 0
 1929 00e0 686F 7374 		.string	"host.h"
 1929      2E68 00
 1930 00e7 03        		.uleb128 0x3
 1931 00e8 00        		.uleb128 0
 1932 00e9 00        		.uleb128 0
 1933 00ea 6465 6275 		.string	"debug.h"
 1933      672E 6800 
 1934 00f2 03        		.uleb128 0x3
 1935 00f3 00        		.uleb128 0
 1936 00f4 00        		.uleb128 0
 1937 00f5 6B65 7963 		.string	"keycode_config.h"
 1937      6F64 655F 
 1937      636F 6E66 
 1937      6967 2E68 
 1937      00
 1938 0106 04        		.uleb128 0x4
 1939 0107 00        		.uleb128 0
 1940 0108 00        		.uleb128 0
 1941 0109 7469 6D65 		.string	"timer.h"
 1941      722E 6800 
 1942 0111 03        		.uleb128 0x3
 1943 0112 00        		.uleb128 0
 1944 0113 00        		.uleb128 0
 1945 0114 7365 7175 		.string	"sequencer/sequencer.h"
 1945      656E 6365 
 1945      722F 7365 
 1945      7175 656E 
 1945      6365 722E 
 1946 012a 04        		.uleb128 0x4
 1947 012b 00        		.uleb128 0
 1948 012c 00        		.uleb128 0
 1949 012d 6B65 796D 		.string	"keymap.h"
 1949      6170 2E68 
 1949      00
 1950 0136 04        		.uleb128 0x4
 1951 0137 00        		.uleb128 0
 1952 0138 00        		.uleb128 0
 1953 0139 636F 6C6F 		.string	"color.h"
 1953      722E 6800 
 1954 0141 04        		.uleb128 0x4
 1955 0142 00        		.uleb128 0
 1956 0143 00        		.uleb128 0
 1957 0144 7267 626C 		.string	"rgblight.h"
 1957      6967 6874 
 1957      2E68 00
 1958 014f 04        		.uleb128 0x4
 1959 0150 00        		.uleb128 0
 1960 0151 00        		.uleb128 0
 1961 0152 6163 7469 		.string	"action_layer.h"
 1961      6F6E 5F6C 
 1961      6179 6572 
 1961      2E68 00
 1962 0161 03        		.uleb128 0x3
 1963 0162 00        		.uleb128 0
 1964 0163 00        		.uleb128 0
 1965 0164 6163 7469 		.string	"action_util.h"
 1965      6F6E 5F75 
 1965      7469 6C2E 
 1965      6800 
 1966 0172 03        		.uleb128 0x3
 1967 0173 00        		.uleb128 0
 1968 0174 00        		.uleb128 0
 1969 0175 7365 6E64 		.string	"send_string.h"
 1969      5F73 7472 
 1969      696E 672E 
 1969      6800 
 1970 0183 04        		.uleb128 0x4
 1971 0184 00        		.uleb128 0
 1972 0185 00        		.uleb128 0
 1973 0186 7374 646C 		.string	"stdlib.h"
 1973      6962 2E68 
 1973      00
 1974 018f 01        		.uleb128 0x1
 1975 0190 00        		.uleb128 0
 1976 0191 00        		.uleb128 0
 1977 0192 7072 6F63 		.string	"process_keycode/process_tap_dance.h"
 1977      6573 735F 
 1977      6B65 7963 
 1977      6F64 652F 
 1977      7072 6F63 
 1978 01b6 04        		.uleb128 0x4
 1979 01b7 00        		.uleb128 0
 1980 01b8 00        		.uleb128 0
 1981 01b9 7573 625F 		.string	"usb_util.c"
 1981      7574 696C 
 1981      2E63 00
 1982 01c4 03        		.uleb128 0x3
 1983 01c5 00        		.uleb128 0
 1984 01c6 00        		.uleb128 0
 1985 01c7 00        		.byte	0
 1986               	.LELTP0:
 1987               	.LELT0:
 1988               		.section	.gnu.debuglto_.debug_str,"MS",@progbits,1
 1989               	.LASF109:
 1990 0000 636F 756E 		.string	"count"
 1990      7400 
 1991               	.LASF80:
 1992 0006 636C 6970 		.string	"clipping_start_pos"
 1992      7069 6E67 
 1992      5F73 7461 
 1992      7274 5F70 
 1992      6F73 00
 1993               	.LASF76:
 1994 0019 5247 424C 		.string	"RGBLED_KNIGHT_INTERVALS"
 1994      4544 5F4B 
 1994      4E49 4748 
 1994      545F 494E 
 1994      5445 5256 
 1995               	.LASF53:
 1996 0031 7472 6163 		.string	"track_notes"
 1996      6B5F 6E6F 
 1996      7465 7300 
 1997               	.LASF110:
 1998 003d 6F6E 6573 		.string	"oneshot_mods"
 1998      686F 745F 
 1998      6D6F 6473 
 1998      00
 1999               	.LASF57:
 2000 004a 5345 5155 		.string	"SEQUENCER_PHASE_ATTACK"
 2000      454E 4345 
 2000      525F 5048 
 2000      4153 455F 
 2000      4154 5441 
 2001               	.LASF11:
 2002 0061 7369 7A65 		.string	"size_t"
 2002      5F74 00
 2003               	.LASF56:
 2004 0068 7365 7175 		.string	"sequencer_config_t"
 2004      656E 6365 
 2004      725F 636F 
 2004      6E66 6967 
 2004      5F74 00
 2005               	.LASF102:
 2006 007b 6173 6369 		.string	"ascii_to_altgr_lut"
 2006      695F 746F 
 2006      5F61 6C74 
 2006      6772 5F6C 
 2006      7574 00
 2007               	.LASF31:
 2008 008e 7377 6170 		.string	"swap_grave_esc"
 2008      5F67 7261 
 2008      7665 5F65 
 2008      7363 00
 2009               	.LASF68:
 2010 009d 7365 7175 		.string	"sequencer_internal_state"
 2010      656E 6365 
 2010      725F 696E 
 2010      7465 726E 
 2010      616C 5F73 
 2011               	.LASF49:
 2012 00b6 5345 5155 		.string	"SEQUENCER_RESOLUTIONS"
 2012      454E 4345 
 2012      525F 5245 
 2012      534F 4C55 
 2012      5449 4F4E 
 2013               	.LASF40:
 2014 00cc 5351 5F52 		.string	"SQ_RES_2"
 2014      4553 5F32 
 2014      00
 2015               	.LASF42:
 2016 00d5 5351 5F52 		.string	"SQ_RES_4"
 2016      4553 5F34 
 2016      00
 2017               	.LASF44:
 2018 00de 5351 5F52 		.string	"SQ_RES_8"
 2018      4553 5F38 
 2018      00
 2019               	.LASF10:
 2020 00e7 6C6F 6E67 		.string	"long long unsigned int"
 2020      206C 6F6E 
 2020      6720 756E 
 2020      7369 676E 
 2020      6564 2069 
 2021               	.LASF62:
 2022 00fe 6375 7272 		.string	"current_track"
 2022      656E 745F 
 2022      7472 6163 
 2022      6B00 
 2023               	.LASF120:
 2024 010c 6F6E 5F64 		.string	"on_dance_finished"
 2024      616E 6365 
 2024      5F66 696E 
 2024      6973 6865 
 2024      6400 
 2025               	.LASF93:
 2026 011e 6465 6C74 		.string	"delta"
 2026      6100 
 2027               	.LASF117:
 2028 0124 716B 5F74 		.string	"qk_tap_dance_state_t"
 2028      6170 5F64 
 2028      616E 6365 
 2028      5F73 7461 
 2028      7465 5F74 
 2029               	.LASF112:
 2030 0139 6B65 7963 		.string	"keycode"
 2030      6F64 6500 
 2031               	.LASF9:
 2032 0141 6C6F 6E67 		.string	"long long int"
 2032      206C 6F6E 
 2032      6720 696E 
 2032      7400 
 2033               	.LASF2:
 2034 014f 7369 676E 		.string	"signed char"
 2034      6564 2063 
 2034      6861 7200 
 2035               	.LASF124:
 2036 015b 7573 6572 		.string	"user_data"
 2036      5F64 6174 
 2036      6100 
 2037               	.LASF26:
 2038 0165 7377 6170 		.string	"swap_control_capslock"
 2038      5F63 6F6E 
 2038      7472 6F6C 
 2038      5F63 6170 
 2038      736C 6F63 
 2039               	.LASF39:
 2040 017b 7469 6D65 		.string	"timer_count"
 2040      725F 636F 
 2040      756E 7400 
 2041               	.LASF41:
 2042 0187 5351 5F52 		.string	"SQ_RES_2T"
 2042      4553 5F32 
 2042      5400 
 2043               	.LASF125:
 2044 0191 716B 5F74 		.string	"qk_tap_dance_action_t"
 2044      6170 5F64 
 2044      616E 6365 
 2044      5F61 6374 
 2044      696F 6E5F 
 2045               	.LASF69:
 2046 01a7 6B65 796D 		.string	"keymaps"
 2046      6170 7300 
 2047               	.LASF106:
 2048 01af 5F5F 6D61 		.string	"__malloc_heap_start"
 2048      6C6C 6F63 
 2048      5F68 6561 
 2048      705F 7374 
 2048      6172 7400 
 2049               	.LASF122:
 2050 01c3 7374 6174 		.string	"state"
 2050      6500 
 2051               	.LASF6:
 2052 01c9 6C6F 6E67 		.string	"long int"
 2052      2069 6E74 
 2052      00
 2053               	.LASF127:
 2054 01d2 7573 625F 		.string	"usb_vbus_state"
 2054      7662 7573 
 2054      5F73 7461 
 2054      7465 00
 2055               	.LASF71:
 2056 01e1 6352 4742 		.string	"cRGB"
 2056      00
 2057               	.LASF48:
 2058 01e6 5351 5F52 		.string	"SQ_RES_32"
 2058      4553 5F33 
 2058      3200 
 2059               	.LASF20:
 2060 01f0 656E 6162 		.string	"enable"
 2060      6C65 00
 2061               	.LASF33:
 2062 01f7 6E6B 726F 		.string	"nkro"
 2062      00
 2063               	.LASF37:
 2064 01fc 6B65 796D 		.string	"keymap_config_t"
 2064      6170 5F63 
 2064      6F6E 6669 
 2064      675F 7400 
 2065               	.LASF47:
 2066 020c 5351 5F52 		.string	"SQ_RES_16T"
 2066      4553 5F31 
 2066      3654 00
 2067               	.LASF79:
 2068 0217 6973 5F72 		.string	"is_rgblight_initialized"
 2068      6762 6C69 
 2068      6768 745F 
 2068      696E 6974 
 2068      6961 6C69 
 2069               	.LASF78:
 2070 022f 5247 424C 		.string	"RGBLED_TWINKLE_INTERVALS"
 2070      4544 5F54 
 2070      5749 4E4B 
 2070      4C45 5F49 
 2070      4E54 4552 
 2071               	.LASF67:
 2072 0248 7365 7175 		.string	"sequencer_config"
 2072      656E 6365 
 2072      725F 636F 
 2072      6E66 6967 
 2072      00
 2073               	.LASF128:
 2074 0259 7573 625F 		.string	"usb_connected_state"
 2074      636F 6E6E 
 2074      6563 7465 
 2074      645F 7374 
 2074      6174 6500 
 2075               	.LASF21:
 2076 026d 6D61 7472 		.string	"matrix"
 2076      6978 00
 2077               	.LASF89:
 2078 0274 6375 7272 		.string	"current_offset"
 2078      656E 745F 
 2078      6F66 6673 
 2078      6574 00
 2079               	.LASF91:
 2080 0283 5F61 6E69 		.string	"_animation_status_t"
 2080      6D61 7469 
 2080      6F6E 5F73 
 2080      7461 7475 
 2080      735F 7400 
 2081               	.LASF105:
 2082 0297 5F5F 6D61 		.string	"__malloc_margin"
 2082      6C6C 6F63 
 2082      5F6D 6172 
 2082      6769 6E00 
 2083               	.LASF5:
 2084 02a7 756E 7369 		.string	"unsigned int"
 2084      676E 6564 
 2084      2069 6E74 
 2084      00
 2085               	.LASF4:
 2086 02b4 7569 6E74 		.string	"uint16_t"
 2086      3136 5F74 
 2086      00
 2087               	.LASF25:
 2088 02bd 6465 6275 		.string	"debug_config"
 2088      675F 636F 
 2088      6E66 6967 
 2088      00
 2089               	.LASF119:
 2090 02ca 6F6E 5F65 		.string	"on_each_tap"
 2090      6163 685F 
 2090      7461 7000 
 2091               	.LASF8:
 2092 02d6 6C6F 6E67 		.string	"long unsigned int"
 2092      2075 6E73 
 2092      6967 6E65 
 2092      6420 696E 
 2092      7400 
 2093               	.LASF30:
 2094 02e8 6E6F 5F67 		.string	"no_gui"
 2094      7569 00
 2095               	.LASF118:
 2096 02ef 716B 5F74 		.string	"qk_tap_dance_user_fn_t"
 2096      6170 5F64 
 2096      616E 6365 
 2096      5F75 7365 
 2096      725F 666E 
 2097               	.LASF126:
 2098 0306 7461 705F 		.string	"tap_dance_actions"
 2098      6461 6E63 
 2098      655F 6163 
 2098      7469 6F6E 
 2098      7300 
 2099               	.LASF108:
 2100 0318 5F5F 6D61 		.string	"__malloc_heap_end"
 2100      6C6C 6F63 
 2100      5F68 6561 
 2100      705F 656E 
 2100      6400 
 2101               	.LASF87:
 2102 032a 706F 7331 		.string	"pos16"
 2102      3600 
 2103               	.LASF16:
 2104 0330 7265 706F 		.string	"report_keyboard_t"
 2104      7274 5F6B 
 2104      6579 626F 
 2104      6172 645F 
 2104      7400 
 2105               	.LASF82:
 2106 0342 6566 6665 		.string	"effect_start_pos"
 2106      6374 5F73 
 2106      7461 7274 
 2106      5F70 6F73 
 2106      00
 2107               	.LASF22:
 2108 0353 6B65 7962 		.string	"keyboard"
 2108      6F61 7264 
 2108      00
 2109               	.LASF59:
 2110 035c 5345 5155 		.string	"SEQUENCER_PHASE_PAUSE"
 2110      454E 4345 
 2110      525F 5048 
 2110      4153 455F 
 2110      5041 5553 
 2111               	.LASF43:
 2112 0372 5351 5F52 		.string	"SQ_RES_4T"
 2112      4553 5F34 
 2112      5400 
 2113               	.LASF77:
 2114 037c 5247 424C 		.string	"RGBLED_RGBTEST_INTERVALS"
 2114      4544 5F52 
 2114      4742 5445 
 2114      5354 5F49 
 2114      4E54 4552 
 2115               	.LASF72:
 2116 0395 5247 424C 		.string	"RGBLED_BREATHING_INTERVALS"
 2116      4544 5F42 
 2116      5245 4154 
 2116      4849 4E47 
 2116      5F49 4E54 
 2117               	.LASF28:
 2118 03b0 7377 6170 		.string	"swap_lalt_lgui"
 2118      5F6C 616C 
 2118      745F 6C67 
 2118      7569 00
 2119               	.LASF32:
 2120 03bf 7377 6170 		.string	"swap_backslash_backspace"
 2120      5F62 6163 
 2120      6B73 6C61 
 2120      7368 5F62 
 2120      6163 6B73 
 2121               	.LASF104:
 2122 03d8 6173 6369 		.string	"ascii_to_keycode_lut"
 2122      695F 746F 
 2122      5F6B 6579 
 2122      636F 6465 
 2122      5F6C 7574 
 2123               	.LASF84:
 2124 03ed 6566 6665 		.string	"effect_num_leds"
 2124      6374 5F6E 
 2124      756D 5F6C 
 2124      6564 7300 
 2125               	.LASF50:
 2126 03fd 7365 7175 		.string	"sequencer_resolution_t"
 2126      656E 6365 
 2126      725F 7265 
 2126      736F 6C75 
 2126      7469 6F6E 
 2127               	.LASF74:
 2128 0414 5247 424C 		.string	"RGBLED_RAINBOW_SWIRL_INTERVALS"
 2128      4544 5F52 
 2128      4149 4E42 
 2128      4F57 5F53 
 2128      5749 524C 
 2129               	.LASF36:
 2130 0433 6F6E 6573 		.string	"oneshot_disable"
 2130      686F 745F 
 2130      6469 7361 
 2130      626C 6500 
 2131               	.LASF63:
 2132 0443 6375 7272 		.string	"current_step"
 2132      656E 745F 
 2132      7374 6570 
 2132      00
 2133               	.LASF95:
 2134 0450 616E 696D 		.string	"animation_status_t"
 2134      6174 696F 
 2134      6E5F 7374 
 2134      6174 7573 
 2134      5F74 00
 2135               	.LASF14:
 2136 0463 7265 7365 		.string	"reserved"
 2136      7276 6564 
 2136      00
 2137               	.LASF15:
 2138 046c 6B65 7973 		.string	"keys"
 2138      00
 2139               	.LASF86:
 2140 0471 7267 626C 		.string	"rgblight_ranges"
 2140      6967 6874 
 2140      5F72 616E 
 2140      6765 7300 
 2141               	.LASF75:
 2142 0481 5247 424C 		.string	"RGBLED_SNAKE_INTERVALS"
 2142      4544 5F53 
 2142      4E41 4B45 
 2142      5F49 4E54 
 2142      4552 5641 
 2143               	.LASF100:
 2144 0498 6B65 7962 		.string	"keyboard_report"
 2144      6F61 7264 
 2144      5F72 6570 
 2144      6F72 7400 
 2145               	.LASF99:
 2146 04a8 6C61 7965 		.string	"layer_state"
 2146      725F 7374 
 2146      6174 6500 
 2147               	.LASF70:
 2148 04b4 666E 5F61 		.string	"fn_actions"
 2148      6374 696F 
 2148      6E73 00
 2149               	.LASF12:
 2150 04bf 5F42 6F6F 		.string	"_Bool"
 2150      6C00 
 2151               	.LASF3:
 2152 04c5 756E 7369 		.string	"unsigned char"
 2152      676E 6564 
 2152      2063 6861 
 2152      7200 
 2153               	.LASF27:
 2154 04d3 6361 7073 		.string	"capslock_to_control"
 2154      6C6F 636B 
 2154      5F74 6F5F 
 2154      636F 6E74 
 2154      726F 6C00 
 2155               	.LASF29:
 2156 04e7 7377 6170 		.string	"swap_ralt_rgui"
 2156      5F72 616C 
 2156      745F 7267 
 2156      7569 00
 2157               	.LASF116:
 2158 04f6 6669 6E69 		.string	"finished"
 2158      7368 6564 
 2158      00
 2159               	.LASF113:
 2160 04ff 696E 7465 		.string	"interrupting_keycode"
 2160      7272 7570 
 2160      7469 6E67 
 2160      5F6B 6579 
 2160      636F 6465 
 2161               	.LASF38:
 2162 0514 6B65 796D 		.string	"keymap_config"
 2162      6170 5F63 
 2162      6F6E 6669 
 2162      6700 
 2163               	.LASF7:
 2164 0522 7569 6E74 		.string	"uint32_t"
 2164      3332 5F74 
 2164      00
 2165               	.LASF92:
 2166 052b 6C61 7374 		.string	"last_timer"
 2166      5F74 696D 
 2166      6572 00
 2167               	.LASF51:
 2168 0536 656E 6162 		.string	"enabled"
 2168      6C65 6400 
 2169               	.LASF60:
 2170 053e 7365 7175 		.string	"sequencer_phase_t"
 2170      656E 6365 
 2170      725F 7068 
 2170      6173 655F 
 2170      7400 
 2171               	.LASF18:
 2172 0550 6B65 7962 		.string	"keyboard_idle"
 2172      6F61 7264 
 2172      5F69 646C 
 2172      6500 
 2173               	.LASF107:
 2174 055e 6368 6172 		.string	"char"
 2174      00
 2175               	.LASF121:
 2176 0563 6F6E 5F72 		.string	"on_reset"
 2176      6573 6574 
 2176      00
 2177               	.LASF97:
 2178 056c 6C61 7965 		.string	"layer_state_t"
 2178      725F 7374 
 2178      6174 655F 
 2178      7400 
 2179               	.LASF123:
 2180 057a 6375 7374 		.string	"custom_tapping_term"
 2180      6F6D 5F74 
 2180      6170 7069 
 2180      6E67 5F74 
 2180      6572 6D00 
 2181               	.LASF85:
 2182 058e 7267 626C 		.string	"rgblight_ranges_t"
 2182      6967 6874 
 2182      5F72 616E 
 2182      6765 735F 
 2182      7400 
 2183               	.LASF55:
 2184 05a0 7265 736F 		.string	"resolution"
 2184      6C75 7469 
 2184      6F6E 00
 2185               	.LASF13:
 2186 05ab 6D6F 6473 		.string	"mods"
 2186      00
 2187               	.LASF54:
 2188 05b0 7465 6D70 		.string	"tempo"
 2188      6F00 
 2189               	.LASF94:
 2190 05b6 7265 7374 		.string	"restart"
 2190      6172 7400 
 2191               	.LASF101:
 2192 05be 6173 6369 		.string	"ascii_to_shift_lut"
 2192      695F 746F 
 2192      5F73 6869 
 2192      6674 5F6C 
 2192      7574 00
 2193               	.LASF111:
 2194 05d1 7765 616B 		.string	"weak_mods"
 2194      5F6D 6F64 
 2194      7300 
 2195               	.LASF96:
 2196 05db 616E 696D 		.string	"animation_status"
 2196      6174 696F 
 2196      6E5F 7374 
 2196      6174 7573 
 2196      00
 2197               	.LASF98:
 2198 05ec 6465 6661 		.string	"default_layer_state"
 2198      756C 745F 
 2198      6C61 7965 
 2198      725F 7374 
 2198      6174 6500 
 2199               	.LASF0:
 2200 0600 696E 7438 		.string	"int8_t"
 2200      5F74 00
 2201               	.LASF131:
 2202 0607 443A 5C44 		.string	"D:\\Download\\qmk_firmware\\vial-qmk"
 2202      6F77 6E6C 
 2202      6F61 645C 
 2202      716D 6B5F 
 2202      6669 726D 
 2203               	.LASF17:
 2204 0629 6469 7361 		.string	"disable_action_cache"
 2204      626C 655F 
 2204      6163 7469 
 2204      6F6E 5F63 
 2204      6163 6865 
 2205               	.LASF66:
 2206 063e 7365 7175 		.string	"sequencer_state_t"
 2206      656E 6365 
 2206      725F 7374 
 2206      6174 655F 
 2206      7400 
 2207               	.LASF24:
 2208 0650 6465 6275 		.string	"debug_config_t"
 2208      675F 636F 
 2208      6E66 6967 
 2208      5F74 00
 2209               	.LASF81:
 2210 065f 636C 6970 		.string	"clipping_num_leds"
 2210      7069 6E67 
 2210      5F6E 756D 
 2210      5F6C 6564 
 2210      7300 
 2211               	.LASF130:
 2212 0671 746D 6B5F 		.string	"tmk_core/common/usb_util.c"
 2212      636F 7265 
 2212      2F63 6F6D 
 2212      6D6F 6E2F 
 2212      7573 625F 
 2213               	.LASF65:
 2214 068c 7068 6173 		.string	"phase"
 2214      6500 
 2215               	.LASF129:
 2216 0692 474E 5520 		.string	"GNU C99 8.4.0 -mn-flash=1 -mno-skip-bug -mmcu=avr5 -gdwarf-2 -Os -std=gnu99 -funsigned-ch
 2216      4339 3920 
 2216      382E 342E 
 2216      3020 2D6D 
 2216      6E2D 666C 
 2217               	.LASF132:
 2218 0783 7573 625F 		.string	"usb_disable"
 2218      6469 7361 
 2218      626C 6500 
 2219               	.LASF115:
 2220 078f 7072 6573 		.string	"pressed"
 2220      7365 6400 
 2221               	.LASF114:
 2222 0797 696E 7465 		.string	"interrupted"
 2222      7272 7570 
 2222      7465 6400 
 2223               	.LASF90:
 2224 07a3 5F72 6762 		.string	"_rgblight_ranges_t"
 2224      6C69 6768 
 2224      745F 7261 
 2224      6E67 6573 
 2224      5F74 00
 2225               	.LASF1:
 2226 07b6 7569 6E74 		.string	"uint8_t"
 2226      385F 7400 
 2227               	.LASF64:
 2228 07be 7469 6D65 		.string	"timer"
 2228      7200 
 2229               	.LASF19:
 2230 07c4 6B65 7962 		.string	"keyboard_protocol"
 2230      6F61 7264 
 2230      5F70 726F 
 2230      746F 636F 
 2230      6C00 
 2231               	.LASF103:
 2232 07d6 6173 6369 		.string	"ascii_to_dead_lut"
 2232      695F 746F 
 2232      5F64 6561 
 2232      645F 6C75 
 2232      7400 
 2233               	.LASF23:
 2234 07e8 6D6F 7573 		.string	"mouse"
 2234      6500 
 2235               	.LASF88:
 2236 07ee 6375 7272 		.string	"current_hue"
 2236      656E 745F 
 2236      6875 6500 
 2237               	.LASF83:
 2238 07fa 6566 6665 		.string	"effect_end_pos"
 2238      6374 5F65 
 2238      6E64 5F70 
 2238      6F73 00
 2239               	.LASF35:
 2240 0809 7377 6170 		.string	"swap_rctl_rgui"
 2240      5F72 6374 
 2240      6C5F 7267 
 2240      7569 00
 2241               	.LASF61:
 2242 0818 6163 7469 		.string	"active_tracks"
 2242      7665 5F74 
 2242      7261 636B 
 2242      7300 
 2243               	.LASF58:
 2244 0826 5345 5155 		.string	"SEQUENCER_PHASE_RELEASE"
 2244      454E 4345 
 2244      525F 5048 
 2244      4153 455F 
 2244      5245 4C45 
 2245               	.LASF45:
 2246 083e 5351 5F52 		.string	"SQ_RES_8T"
 2246      4553 5F38 
 2246      5400 
 2247               	.LASF34:
 2248 0848 7377 6170 		.string	"swap_lctl_lgui"
 2248      5F6C 6374 
 2248      6C5F 6C67 
 2248      7569 00
 2249               	.LASF52:
 2250 0857 7374 6570 		.string	"steps"
 2250      7300 
 2251               	.LASF46:
 2252 085d 5351 5F52 		.string	"SQ_RES_16"
 2252      4553 5F31 
 2252      3600 
 2253               	.LASF73:
 2254 0867 5247 424C 		.string	"RGBLED_RAINBOW_MOOD_INTERVALS"
 2254      4544 5F52 
 2254      4149 4E42 
 2254      4F57 5F4D 
 2254      4F4F 445F 
 2255               		.text
 2256               		.section	.gnu.lto_.profile.431fe364,"",@progbits
 2257 0000 789C 6367 		.string	"x\234cg`f`d"
 2257      6066 6064 
 2257      00
 2258 0009 0200      		.string	"\002"
 2259 000b 00        		.string	""
 2260 000c 6200      		.string	"b"
 2261 000e 0C        		.ascii	"\f"
 2262               		.text
 2263               		.section	.gnu.lto_.icf.431fe364,"",@progbits
 2264 0000 789C 6367 		.string	"x\234cg`f\020a@"
 2264      6066 1061 
 2264      4000 
 2265 000a 6686 E95D 		.string	"f\206\351]'z\271\030\327tN\234\315\306\004&\031"
 2265      277A B918 
 2265      D774 4E9C 
 2265      CDC6 0426 
 2265      1900 
 2266 001c 518A 0773 		.ascii	"Q\212\007s"
 2267               		.text
 2268               		.section	.gnu.lto_.jmpfuncs.431fe364,"",@progbits
 2269 0000 789C 6367 		.string	"x\234cg`f\340f@"
 2269      6066 E066 
 2269      4000 
 2270 000a 6620 6664 		.string	"f fd``\002R"
 2270      6060 0252 
 2270      00
 2271 0013 0250 00   		.string	"\002P"
 2272 0016 1C        		.ascii	"\034"
 2273               		.text
 2274               		.section	.gnu.lto_.inline.431fe364,"",@progbits
 2275 0000 789C 6367 		.string	"x\234cg`f\310f@"
 2275      6066 C866 
 2275      4000 
 2276 000a 6620 6A00 		.string	"f j"
 2277 000e 0296 6446 		.string	"\002\226dF\006&\006\206F \263\216\201\201\r\"\304\004\022b``$\254\204\211\260\022\006"
 2277      0626 0686 
 2277      4620 B38E 
 2277      8181 0D22 
 2277      C404 1262 
 2278 002c 0C52 1693 		.ascii	"\fR\026\223"
 2279               		.text
 2280               		.section	.gnu.lto_.pureconst.431fe364,"",@progbits
 2281 0000 789C 6367 		.string	"x\234cg`f\340b`"
 2281      6066 E062 
 2281      6000 
 2282 000a 9233 5818 		.string	"\2223X\030g\2600\315`\001"
 2282      67B0 30CD 
 2282      6001 00
 2283 0015 0A8E 01EF 		.ascii	"\n\216\001\357"
 2284               		.text
 2285               		.section	.gnu.lto_usb_disable.431fe364,"",@progbits
 2286 0000 789C 6367 		.string	"x\234cg`f\230\304\300\300 \013\305\214\314\f\214L\r\r\r\016\354\215\034L\214\214 \026K\00
 2286      6066 98C4 
 2286      C0C0 200B 
 2286      C58C CC0C 
 2286      8C4C 0D0D 
 2287 00bb 00        		.string	""
 2288 00bc 9857 3BFD 		.ascii	"\230W;\375"
 2289               		.text
 2290               		.section	.gnu.lto_usb_connected_state.431fe364,"",@progbits
 2291 0000 789C 6367 		.string	"x\234cg`fX\301\300\300 \013\305\214\314\f\214L\r\r\r\016\354\215\034L\214\214 \026K\003\0
 2291      6066 58C1 
 2291      C0C0 200B 
 2291      C58C CC0C 
 2291      8C4C 0D0D 
 2292 0050 E36E 462D 		.string	"\343nF-\006\006\240\352G\033\377M\345ec\001I\203\204\3670\26210\002\031\353/\261\036h\370
 2292      0606 A0EA 
 2292      471B FF4D 
 2292      E565 6301 
 2292      4983 84F7 
 2293 00d4 00        		.string	""
 2294 00d5 631D 4391 		.ascii	"c\035C\221"
 2295               		.text
 2296               		.section	.gnu.lto_usb_vbus_state.431fe364,"",@progbits
 2297 0000 789C 6367 		.string	"x\234cg`fX\311\300\300 \013\305\214\314\f\214L\r\r\r\016\354\215\034L\214\214 \026K\003\0
 2297      6066 58C9 
 2297      C0C0 200B 
 2297      C58C CC0C 
 2297      8C4C 0D0D 
 2298 0050 E36E 462D 		.string	"\343nF-\006\006\240\352G\033\377M\345ec\001I\203\204\3670\26210\002\031\353/\261\036h\370
 2298      0606 A0EA 
 2298      471B FF4D 
 2298      E565 6301 
 2298      4983 84F7 
 2299 00d7 F74C 448D 		.ascii	"\367LD\215"
 2300               		.text
 2301               		.section	.gnu.lto_.symbol_nodes.431fe364,"",@progbits
 2302 0000 789C 6367 		.string	"x\234cg`f\360e"
 2302      6066 F065 
 2302      00
 2303 0009 0226 897A 		.string	"\002&\211z\206\246\206\206\006\026\306\t\347\030\030\352\031\030v5820\202$$\353\031\261KH
 2303      86A6 8686 
 2303      0616 C609 
 2303      E718 18EA 
 2303      1918 7635 
 2304 002e 00        		.string	""
 2305 002f FAD0 1249 		.ascii	"\372\320\022I"
 2306               		.text
 2307               		.section	.gnu.lto_.refs.431fe364,"",@progbits
 2308 0000 789C 6367 		.string	"x\234cg`f`d"
 2308      6066 6064 
 2308      00
 2309 0009 0200      		.string	"\002"
 2310 000b 00        		.string	""
 2311 000c 6200      		.string	"b"
 2312 000e 0C        		.ascii	"\f"
 2313               		.text
 2314               		.section	.gnu.lto_.decls.431fe364,"",@progbits
 2315 0000 789C 7550 		.string	"x\234uP1l\222A\024~\357?*\220&\324Xc\032e a5-\265C\303ftps0q\225\300\317\237\320\024\370\
 2315      316C 9241 
 2315      147E EF3F 
 2315      2A90 26D4 
 2315      5863 1A65 
 2316 0064 6E03 4091 		.string	"n\003@\221\274M\346\240\330\202\256Q\031*\344u\362&\374o9\004\240\0051uG\205\377\327\356*
 2316      BC4D E6A0 
 2316      D882 AE51 
 2316      192A E475 
 2316      F226 FC6F 
 2317 00cf 078A B2B1 		.string	"\007\212\262\261\255lW\211\235\177(~\343/\0161\322F\347\346\346\356\342"
 2317      AD6C 5789 
 2317      9D7F 287E 
 2317      E32F 0E31 
 2317      D246 E7E6 
 2318 00e7 F358 E7D2 		.ascii	"\363X\347\322\203?-\227C\003\\F&\221k{\317\177\r\261a\253Z~V"
 2318      833F 2D97 
 2318      4303 5C46 
 2318      2691 6B7B 
 2318      CF7F 0DB1 
 2319 0100 CBB9      		.ascii	"\313\271"
 2320 0102 034F B934 		.string	"\003O\2714\327%\300\327\026\f`rP\324w6V\036yF\346E\261\314\271\0171v\f'\274\030\360R\3477
 2320      D725 C0D7 
 2320      160C 6072 
 2320      50D4 7736 
 2320      561E 7946 
 2321 0203 99F4 547C 		.ascii	"\231\364T|Tw\235;\177\321w6\030\204\243\335\334\350\370\204~"
 2321      5477 9D3B 
 2321      7FD1 7736 
 2321      1884 A3DD 
 2321      DCE8 F884 
 2322 0218 6A3C 1835 		.ascii	"j<\0305\340D\377\2070,\316\272\231L\032z\332\210\206R\351p\332"
 2322      E044 FF87 
 2322      302C CEBA 
 2322      994C 1A7A 
 2322      DA88 8652 
 2323 022f 1808 9D31 		.ascii	"\030\b\2351\315\270GTf\"\231\224L\376\005\363\t\363z"
 2323      CDB8 4754 
 2323      6622 9994 
 2323      4CFE 05F3 
 2323      09F3 7A
 2324               		.text
 2325               		.section	.gnu.lto_.symtab.431fe364,"",@progbits
 2326 0000 7573 625F 		.string	"usb_disable"
 2326      6469 7361 
 2326      626C 6500 
 2327 000c 00        		.string	""
 2328 000d 01        		.ascii	"\001"
 2329 000e 00        		.string	""
 2330 000f 00        		.string	""
 2331 0010 00        		.string	""
 2332 0011 00        		.string	""
 2333 0012 00        		.string	""
 2334 0013 00        		.string	""
 2335 0014 00        		.string	""
 2336 0015 00        		.string	""
 2337 0016 00        		.string	""
 2338 0017 C200      		.string	"\302"
 2339 0019 00        		.string	""
 2340 001a 00        		.string	""
 2341 001b 7573 625F 		.string	"usb_connected_state"
 2341      636F 6E6E 
 2341      6563 7465 
 2341      645F 7374 
 2341      6174 6500 
 2342 002f 00        		.string	""
 2343 0030 01        		.ascii	"\001"
 2344 0031 00        		.string	""
 2345 0032 00        		.string	""
 2346 0033 00        		.string	""
 2347 0034 00        		.string	""
 2348 0035 00        		.string	""
 2349 0036 00        		.string	""
 2350 0037 00        		.string	""
 2351 0038 00        		.string	""
 2352 0039 00        		.string	""
 2353 003a CA00      		.string	"\312"
 2354 003c 00        		.string	""
 2355 003d 00        		.string	""
 2356 003e 7573 625F 		.string	"usb_vbus_state"
 2356      7662 7573 
 2356      5F73 7461 
 2356      7465 00
 2357 004d 00        		.string	""
 2358 004e 01        		.ascii	"\001"
 2359 004f 00        		.string	""
 2360 0050 00        		.string	""
 2361 0051 00        		.string	""
 2362 0052 00        		.string	""
 2363 0053 00        		.string	""
 2364 0054 00        		.string	""
 2365 0055 00        		.string	""
 2366 0056 00        		.string	""
 2367 0057 00        		.string	""
 2368 0058 CD00      		.string	"\315"
 2369 005a 00        		.string	""
 2370 005b 00        		.string	""
 2371               		.text
 2372               		.section	.gnu.lto_.opts,"",@progbits
 2373 0000 272D 666E 		.ascii	"'-fn"
 2374 0004 6F2D 6F70 		.string	"o-openmp' '-fno-openacc' '-fno-pie' '-mn-flash=1' '-mno-skip-bug' '-mmcu=avr5' '-Os' '-We
 2374      656E 6D70 
 2374      2720 272D 
 2374      666E 6F2D 
 2374      6F70 656E 
 2375               		.text
 2376               		.comm	__gnu_lto_v1,1,1
 2377               		.comm	__gnu_lto_slim,1,1
 2378               		.ident	"GCC: (GNU) 8.4.0"
DEFINED SYMBOLS
                            *ABS*:0000000000000000 usb_util.c
C:\Users\Roningo\AppData\Local\Temp\cc6tHt9D.s:2      *ABS*:000000000000003e __SP_H__
C:\Users\Roningo\AppData\Local\Temp\cc6tHt9D.s:3      *ABS*:000000000000003d __SP_L__
C:\Users\Roningo\AppData\Local\Temp\cc6tHt9D.s:4      *ABS*:000000000000003f __SREG__
C:\Users\Roningo\AppData\Local\Temp\cc6tHt9D.s:5      *ABS*:0000000000000000 __tmp_reg__
C:\Users\Roningo\AppData\Local\Temp\cc6tHt9D.s:6      *ABS*:0000000000000001 __zero_reg__
C:\Users\Roningo\AppData\Local\Temp\cc6tHt9D.s:29     .gnu.debuglto_.debug_info:0000000000000000 usb_util.c.13c219de
                            *COM*:0000000000000001 __gnu_lto_v1
                            *COM*:0000000000000001 __gnu_lto_slim

NO UNDEFINED SYMBOLS
