   1               		.file	"outputselect.c"
   2               	__SP_H__ = 0x3e
   3               	__SP_L__ = 0x3d
   4               	__SREG__ = 0x3f
   5               	__tmp_reg__ = 0
   6               	__zero_reg__ = 1
   7               		.file 1 "e:\\game\\msys2\\mingw64\\avr\\include\\stdint.h"
   8               		.file 2 "tmk_core/protocol/lufa/outputselect.h"
   9               		.file 3 "lib/lufa/LUFA/Drivers/USB/Core/AVR8/../Device.h"
  10               		.file 4 "lib/lufa/LUFA/Drivers/USB/Core/AVR8/../StdRequestType.h"
  11               		.file 5 "lib/lufa/LUFA/Drivers/USB/Core/AVR8/../DeviceStandardReq.h"
  12               		.file 6 "lib/lufa/LUFA/Drivers/USB/Core/USBTask.h"
  13               		.file 7 "lib/lufa/LUFA/Drivers/USB/Core/HostStandardReq.h"
  14               		.file 8 "e:\\game\\msys2\\mingw64\\avr\\include\\stdio.h"
  15               		.file 9 "tmk_core/common/report.h"
  16               		.file 10 "tmk_core/common/host_driver.h"
  17               		.file 11 "tmk_core/common/host.h"
  18               		.file 12 "tmk_core/protocol/lufa/lufa.h"
  19               		.file 13 "tmk_core/protocol/lufa/outputselect.c"
  20               		.section	.gnu.debuglto_.debug_info,"",@progbits
  21               	.Ldebug_info0:
  22               		.hidden	outputselect.c.b8d54821
  23               		.weak	outputselect.c.b8d54821
  24               	outputselect.c.b8d54821:
  25 0000 AF04 0000 		.long	0x4af
  26 0004 0200      		.word	0x2
  27 0006 0000 0000 		.long	.Ldebug_abbrev0
  28 000a 04        		.byte	0x4
  29 000b 01        		.uleb128 0x1
  30 000c 0000 0000 		.long	.LASF60
  31 0010 0C        		.byte	0xc
  32 0011 0000 0000 		.long	.LASF61
  33 0015 0000 0000 		.long	.LASF62
  34 0019 0000 0000 		.long	.Ldebug_line0
  35 001d 02        		.uleb128 0x2
  36 001e 0000 0000 		.long	.LASF0
  37 0022 01        		.byte	0x1
  38 0023 7D        		.byte	0x7d
  39 0024 14        		.byte	0x14
  40 0025 2900 0000 		.long	0x29
  41 0029 03        		.uleb128 0x3
  42 002a 01        		.byte	0x1
  43 002b 06        		.byte	0x6
  44 002c 0000 0000 		.long	.LASF2
  45 0030 02        		.uleb128 0x2
  46 0031 0000 0000 		.long	.LASF1
  47 0035 01        		.byte	0x1
  48 0036 7E        		.byte	0x7e
  49 0037 16        		.byte	0x16
  50 0038 4100 0000 		.long	0x41
  51 003c 04        		.uleb128 0x4
  52 003d 3000 0000 		.long	0x30
  53 0041 03        		.uleb128 0x3
  54 0042 01        		.byte	0x1
  55 0043 08        		.byte	0x8
  56 0044 0000 0000 		.long	.LASF3
  57 0048 05        		.uleb128 0x5
  58 0049 02        		.byte	0x2
  59 004a 05        		.byte	0x5
  60 004b 696E 7400 		.string	"int"
  61 004f 02        		.uleb128 0x2
  62 0050 0000 0000 		.long	.LASF4
  63 0054 01        		.byte	0x1
  64 0055 80        		.byte	0x80
  65 0056 16        		.byte	0x16
  66 0057 5B00 0000 		.long	0x5b
  67 005b 03        		.uleb128 0x3
  68 005c 02        		.byte	0x2
  69 005d 07        		.byte	0x7
  70 005e 0000 0000 		.long	.LASF5
  71 0062 03        		.uleb128 0x3
  72 0063 04        		.byte	0x4
  73 0064 05        		.byte	0x5
  74 0065 0000 0000 		.long	.LASF6
  75 0069 03        		.uleb128 0x3
  76 006a 04        		.byte	0x4
  77 006b 07        		.byte	0x7
  78 006c 0000 0000 		.long	.LASF7
  79 0070 03        		.uleb128 0x3
  80 0071 08        		.byte	0x8
  81 0072 05        		.byte	0x5
  82 0073 0000 0000 		.long	.LASF8
  83 0077 03        		.uleb128 0x3
  84 0078 08        		.byte	0x8
  85 0079 07        		.byte	0x7
  86 007a 0000 0000 		.long	.LASF9
  87 007e 06        		.uleb128 0x6
  88 007f 0000 0000 		.long	.LASF14
  89 0083 07        		.byte	0x7
  90 0084 01        		.byte	0x1
  91 0085 4100 0000 		.long	0x41
  92 0089 02        		.byte	0x2
  93 008a 13        		.byte	0x13
  94 008b 06        		.byte	0x6
  95 008c A900 0000 		.long	0xa9
  96 0090 07        		.uleb128 0x7
  97 0091 0000 0000 		.long	.LASF10
  98 0095 00        		.byte	0
  99 0096 07        		.uleb128 0x7
 100 0097 0000 0000 		.long	.LASF11
 101 009b 01        		.byte	0x1
 102 009c 07        		.uleb128 0x7
 103 009d 0000 0000 		.long	.LASF12
 104 00a1 02        		.byte	0x2
 105 00a2 07        		.uleb128 0x7
 106 00a3 0000 0000 		.long	.LASF13
 107 00a7 03        		.byte	0x3
 108 00a8 00        		.byte	0
 109 00a9 06        		.uleb128 0x6
 110 00aa 0000 0000 		.long	.LASF15
 111 00ae 07        		.byte	0x7
 112 00af 01        		.byte	0x1
 113 00b0 4100 0000 		.long	0x41
 114 00b4 03        		.byte	0x3
 115 00b5 4E        		.byte	0x4e
 116 00b6 09        		.byte	0x9
 117 00b7 E000 0000 		.long	0xe0
 118 00bb 07        		.uleb128 0x7
 119 00bc 0000 0000 		.long	.LASF16
 120 00c0 00        		.byte	0
 121 00c1 07        		.uleb128 0x7
 122 00c2 0000 0000 		.long	.LASF17
 123 00c6 01        		.byte	0x1
 124 00c7 07        		.uleb128 0x7
 125 00c8 0000 0000 		.long	.LASF18
 126 00cc 02        		.byte	0x2
 127 00cd 07        		.uleb128 0x7
 128 00ce 0000 0000 		.long	.LASF19
 129 00d2 03        		.byte	0x3
 130 00d3 07        		.uleb128 0x7
 131 00d4 0000 0000 		.long	.LASF20
 132 00d8 04        		.byte	0x4
 133 00d9 07        		.uleb128 0x7
 134 00da 0000 0000 		.long	.LASF21
 135 00de 05        		.byte	0x5
 136 00df 00        		.byte	0
 137 00e0 08        		.uleb128 0x8
 138 00e1 08        		.byte	0x8
 139 00e2 04        		.byte	0x4
 140 00e3 A3        		.byte	0xa3
 141 00e4 0C        		.byte	0xc
 142 00e5 3501 0000 		.long	0x135
 143 00e9 09        		.uleb128 0x9
 144 00ea 0000 0000 		.long	.LASF22
 145 00ee 04        		.byte	0x4
 146 00ef A5        		.byte	0xa5
 147 00f0 0E        		.byte	0xe
 148 00f1 3000 0000 		.long	0x30
 149 00f5 02        		.byte	0x2
 150 00f6 23        		.byte	0x23
 151 00f7 00        		.uleb128 0
 152 00f8 09        		.uleb128 0x9
 153 00f9 0000 0000 		.long	.LASF23
 154 00fd 04        		.byte	0x4
 155 00fe A6        		.byte	0xa6
 156 00ff 0E        		.byte	0xe
 157 0100 3000 0000 		.long	0x30
 158 0104 02        		.byte	0x2
 159 0105 23        		.byte	0x23
 160 0106 01        		.uleb128 0x1
 161 0107 09        		.uleb128 0x9
 162 0108 0000 0000 		.long	.LASF24
 163 010c 04        		.byte	0x4
 164 010d A7        		.byte	0xa7
 165 010e 0E        		.byte	0xe
 166 010f 4F00 0000 		.long	0x4f
 167 0113 02        		.byte	0x2
 168 0114 23        		.byte	0x23
 169 0115 02        		.uleb128 0x2
 170 0116 09        		.uleb128 0x9
 171 0117 0000 0000 		.long	.LASF25
 172 011b 04        		.byte	0x4
 173 011c A8        		.byte	0xa8
 174 011d 0E        		.byte	0xe
 175 011e 4F00 0000 		.long	0x4f
 176 0122 02        		.byte	0x2
 177 0123 23        		.byte	0x23
 178 0124 04        		.uleb128 0x4
 179 0125 09        		.uleb128 0x9
 180 0126 0000 0000 		.long	.LASF26
 181 012a 04        		.byte	0x4
 182 012b A9        		.byte	0xa9
 183 012c 0E        		.byte	0xe
 184 012d 4F00 0000 		.long	0x4f
 185 0131 02        		.byte	0x2
 186 0132 23        		.byte	0x23
 187 0133 06        		.uleb128 0x6
 188 0134 00        		.byte	0
 189 0135 02        		.uleb128 0x2
 190 0136 0000 0000 		.long	.LASF27
 191 013a 04        		.byte	0x4
 192 013b AA        		.byte	0xaa
 193 013c 12        		.byte	0x12
 194 013d E000 0000 		.long	0xe0
 195 0141 0A        		.uleb128 0xa
 196 0142 0000 0000 		.long	.LASF28
 197 0146 05        		.byte	0x5
 198 0147 5E        		.byte	0x5e
 199 0148 13        		.byte	0x13
 200 0149 3000 0000 		.long	0x30
 201 014d 01        		.byte	0x1
 202 014e 01        		.byte	0x1
 203 014f 0A        		.uleb128 0xa
 204 0150 0000 0000 		.long	.LASF29
 205 0154 05        		.byte	0x5
 206 0155 6E        		.byte	0x6e
 207 0156 11        		.byte	0x11
 208 0157 5D01 0000 		.long	0x15d
 209 015b 01        		.byte	0x1
 210 015c 01        		.byte	0x1
 211 015d 03        		.uleb128 0x3
 212 015e 01        		.byte	0x1
 213 015f 02        		.byte	0x2
 214 0160 0000 0000 		.long	.LASF30
 215 0164 04        		.uleb128 0x4
 216 0165 5D01 0000 		.long	0x15d
 217 0169 0A        		.uleb128 0xa
 218 016a 0000 0000 		.long	.LASF31
 219 016e 05        		.byte	0x5
 220 016f 78        		.byte	0x78
 221 0170 11        		.byte	0x11
 222 0171 5D01 0000 		.long	0x15d
 223 0175 01        		.byte	0x1
 224 0176 01        		.byte	0x1
 225 0177 0A        		.uleb128 0xa
 226 0178 0000 0000 		.long	.LASF32
 227 017c 06        		.byte	0x6
 228 017d 51        		.byte	0x51
 229 017e 19        		.byte	0x19
 230 017f 6401 0000 		.long	0x164
 231 0183 01        		.byte	0x1
 232 0184 01        		.byte	0x1
 233 0185 0A        		.uleb128 0xa
 234 0186 0000 0000 		.long	.LASF33
 235 018a 06        		.byte	0x6
 236 018b 5B        		.byte	0x5b
 237 018c 21        		.byte	0x21
 238 018d 3501 0000 		.long	0x135
 239 0191 01        		.byte	0x1
 240 0192 01        		.byte	0x1
 241 0193 0A        		.uleb128 0xa
 242 0194 0000 0000 		.long	.LASF34
 243 0198 06        		.byte	0x6
 244 0199 90        		.byte	0x90
 245 019a 1E        		.byte	0x1e
 246 019b 3C00 0000 		.long	0x3c
 247 019f 01        		.byte	0x1
 248 01a0 01        		.byte	0x1
 249 01a1 0A        		.uleb128 0xa
 250 01a2 0000 0000 		.long	.LASF35
 251 01a6 07        		.byte	0x7
 252 01a7 67        		.byte	0x67
 253 01a8 13        		.byte	0x13
 254 01a9 3000 0000 		.long	0x30
 255 01ad 01        		.byte	0x1
 256 01ae 01        		.byte	0x1
 257 01af 0B        		.uleb128 0xb
 258 01b0 02        		.byte	0x2
 259 01b1 0C        		.uleb128 0xc
 260 01b2 0000 0000 		.long	.LASF63
 261 01b6 0E        		.byte	0xe
 262 01b7 08        		.byte	0x8
 263 01b8 F4        		.byte	0xf4
 264 01b9 08        		.byte	0x8
 265 01ba 3C02 0000 		.long	0x23c
 266 01be 0D        		.uleb128 0xd
 267 01bf 6275 6600 		.string	"buf"
 268 01c3 08        		.byte	0x8
 269 01c4 F5        		.byte	0xf5
 270 01c5 08        		.byte	0x8
 271 01c6 3C02 0000 		.long	0x23c
 272 01ca 02        		.byte	0x2
 273 01cb 23        		.byte	0x23
 274 01cc 00        		.uleb128 0
 275 01cd 09        		.uleb128 0x9
 276 01ce 0000 0000 		.long	.LASF36
 277 01d2 08        		.byte	0x8
 278 01d3 F6        		.byte	0xf6
 279 01d4 10        		.byte	0x10
 280 01d5 4100 0000 		.long	0x41
 281 01d9 02        		.byte	0x2
 282 01da 23        		.byte	0x23
 283 01db 02        		.uleb128 0x2
 284 01dc 09        		.uleb128 0x9
 285 01dd 0000 0000 		.long	.LASF37
 286 01e1 08        		.byte	0x8
 287 01e2 F7        		.byte	0xf7
 288 01e3 0A        		.byte	0xa
 289 01e4 3000 0000 		.long	0x30
 290 01e8 02        		.byte	0x2
 291 01e9 23        		.byte	0x23
 292 01ea 03        		.uleb128 0x3
 293 01eb 0E        		.uleb128 0xe
 294 01ec 0000 0000 		.long	.LASF38
 295 01f0 08        		.byte	0x8
 296 01f1 0701      		.word	0x107
 297 01f3 06        		.byte	0x6
 298 01f4 4800 0000 		.long	0x48
 299 01f8 02        		.byte	0x2
 300 01f9 23        		.byte	0x23
 301 01fa 04        		.uleb128 0x4
 302 01fb 0F        		.uleb128 0xf
 303 01fc 6C65 6E00 		.string	"len"
 304 0200 08        		.byte	0x8
 305 0201 0801      		.word	0x108
 306 0203 06        		.byte	0x6
 307 0204 4800 0000 		.long	0x48
 308 0208 02        		.byte	0x2
 309 0209 23        		.byte	0x23
 310 020a 06        		.uleb128 0x6
 311 020b 0F        		.uleb128 0xf
 312 020c 7075 7400 		.string	"put"
 313 0210 08        		.byte	0x8
 314 0211 0901      		.word	0x109
 315 0213 08        		.byte	0x8
 316 0214 6402 0000 		.long	0x264
 317 0218 02        		.byte	0x2
 318 0219 23        		.byte	0x23
 319 021a 08        		.uleb128 0x8
 320 021b 0F        		.uleb128 0xf
 321 021c 6765 7400 		.string	"get"
 322 0220 08        		.byte	0x8
 323 0221 0A01      		.word	0x10a
 324 0223 08        		.byte	0x8
 325 0224 7A02 0000 		.long	0x27a
 326 0228 02        		.byte	0x2
 327 0229 23        		.byte	0x23
 328 022a 0A        		.uleb128 0xa
 329 022b 0E        		.uleb128 0xe
 330 022c 0000 0000 		.long	.LASF39
 331 0230 08        		.byte	0x8
 332 0231 0B01      		.word	0x10b
 333 0233 08        		.byte	0x8
 334 0234 AF01 0000 		.long	0x1af
 335 0238 02        		.byte	0x2
 336 0239 23        		.byte	0x23
 337 023a 0C        		.uleb128 0xc
 338 023b 00        		.byte	0
 339 023c 10        		.uleb128 0x10
 340 023d 02        		.byte	0x2
 341 023e 4202 0000 		.long	0x242
 342 0242 03        		.uleb128 0x3
 343 0243 01        		.byte	0x1
 344 0244 08        		.byte	0x8
 345 0245 0000 0000 		.long	.LASF40
 346 0249 11        		.uleb128 0x11
 347 024a 01        		.byte	0x1
 348 024b 4800 0000 		.long	0x48
 349 024f 5E02 0000 		.long	0x25e
 350 0253 12        		.uleb128 0x12
 351 0254 4202 0000 		.long	0x242
 352 0258 12        		.uleb128 0x12
 353 0259 5E02 0000 		.long	0x25e
 354 025d 00        		.byte	0
 355 025e 10        		.uleb128 0x10
 356 025f 02        		.byte	0x2
 357 0260 B101 0000 		.long	0x1b1
 358 0264 10        		.uleb128 0x10
 359 0265 02        		.byte	0x2
 360 0266 4902 0000 		.long	0x249
 361 026a 11        		.uleb128 0x11
 362 026b 01        		.byte	0x1
 363 026c 4800 0000 		.long	0x48
 364 0270 7A02 0000 		.long	0x27a
 365 0274 12        		.uleb128 0x12
 366 0275 5E02 0000 		.long	0x25e
 367 0279 00        		.byte	0
 368 027a 10        		.uleb128 0x10
 369 027b 02        		.byte	0x2
 370 027c 6A02 0000 		.long	0x26a
 371 0280 13        		.uleb128 0x13
 372 0281 5E02 0000 		.long	0x25e
 373 0285 8B02 0000 		.long	0x28b
 374 0289 14        		.uleb128 0x14
 375 028a 00        		.byte	0
 376 028b 15        		.uleb128 0x15
 377 028c 0000 0000 		.long	.LASF41
 378 0290 08        		.byte	0x8
 379 0291 9701      		.word	0x197
 380 0293 17        		.byte	0x17
 381 0294 8002 0000 		.long	0x280
 382 0298 01        		.byte	0x1
 383 0299 01        		.byte	0x1
 384 029a 13        		.uleb128 0x13
 385 029b 3000 0000 		.long	0x30
 386 029f AA02 0000 		.long	0x2aa
 387 02a3 16        		.uleb128 0x16
 388 02a4 5B00 0000 		.long	0x5b
 389 02a8 05        		.byte	0x5
 390 02a9 00        		.byte	0
 391 02aa 13        		.uleb128 0x13
 392 02ab 3000 0000 		.long	0x30
 393 02af BA02 0000 		.long	0x2ba
 394 02b3 16        		.uleb128 0x16
 395 02b4 5B00 0000 		.long	0x5b
 396 02b8 07        		.byte	0x7
 397 02b9 00        		.byte	0
 398 02ba 08        		.uleb128 0x8
 399 02bb 08        		.byte	0x8
 400 02bc 09        		.byte	0x9
 401 02bd AD        		.byte	0xad
 402 02be 05        		.byte	0x5
 403 02bf F102 0000 		.long	0x2f1
 404 02c3 09        		.uleb128 0x9
 405 02c4 0000 0000 		.long	.LASF42
 406 02c8 09        		.byte	0x9
 407 02c9 B1        		.byte	0xb1
 408 02ca 11        		.byte	0x11
 409 02cb 3000 0000 		.long	0x30
 410 02cf 02        		.byte	0x2
 411 02d0 23        		.byte	0x23
 412 02d1 00        		.uleb128 0
 413 02d2 09        		.uleb128 0x9
 414 02d3 0000 0000 		.long	.LASF43
 415 02d7 09        		.byte	0x9
 416 02d8 B2        		.byte	0xb2
 417 02d9 11        		.byte	0x11
 418 02da 3000 0000 		.long	0x30
 419 02de 02        		.byte	0x2
 420 02df 23        		.byte	0x23
 421 02e0 01        		.uleb128 0x1
 422 02e1 09        		.uleb128 0x9
 423 02e2 0000 0000 		.long	.LASF44
 424 02e6 09        		.byte	0x9
 425 02e7 B3        		.byte	0xb3
 426 02e8 11        		.byte	0x11
 427 02e9 9A02 0000 		.long	0x29a
 428 02ed 02        		.byte	0x2
 429 02ee 23        		.byte	0x23
 430 02ef 02        		.uleb128 0x2
 431 02f0 00        		.byte	0
 432 02f1 17        		.uleb128 0x17
 433 02f2 08        		.byte	0x8
 434 02f3 09        		.byte	0x9
 435 02f4 AB        		.byte	0xab
 436 02f5 09        		.byte	0x9
 437 02f6 0C03 0000 		.long	0x30c
 438 02fa 18        		.uleb128 0x18
 439 02fb 7261 7700 		.string	"raw"
 440 02ff 09        		.byte	0x9
 441 0300 AC        		.byte	0xac
 442 0301 0D        		.byte	0xd
 443 0302 AA02 0000 		.long	0x2aa
 444 0306 19        		.uleb128 0x19
 445 0307 BA02 0000 		.long	0x2ba
 446 030b 00        		.byte	0
 447 030c 02        		.uleb128 0x2
 448 030d 0000 0000 		.long	.LASF45
 449 0311 09        		.byte	0x9
 450 0312 BE        		.byte	0xbe
 451 0313 1B        		.byte	0x1b
 452 0314 F102 0000 		.long	0x2f1
 453 0318 08        		.uleb128 0x8
 454 0319 05        		.byte	0x5
 455 031a 09        		.byte	0x9
 456 031b C5        		.byte	0xc5
 457 031c 09        		.byte	0x9
 458 031d 6503 0000 		.long	0x365
 459 0321 09        		.uleb128 0x9
 460 0322 0000 0000 		.long	.LASF46
 461 0326 09        		.byte	0x9
 462 0327 C9        		.byte	0xc9
 463 0328 0D        		.byte	0xd
 464 0329 3000 0000 		.long	0x30
 465 032d 02        		.byte	0x2
 466 032e 23        		.byte	0x23
 467 032f 00        		.uleb128 0
 468 0330 0D        		.uleb128 0xd
 469 0331 7800      		.string	"x"
 470 0333 09        		.byte	0x9
 471 0334 CA        		.byte	0xca
 472 0335 0D        		.byte	0xd
 473 0336 1D00 0000 		.long	0x1d
 474 033a 02        		.byte	0x2
 475 033b 23        		.byte	0x23
 476 033c 01        		.uleb128 0x1
 477 033d 0D        		.uleb128 0xd
 478 033e 7900      		.string	"y"
 479 0340 09        		.byte	0x9
 480 0341 CB        		.byte	0xcb
 481 0342 0D        		.byte	0xd
 482 0343 1D00 0000 		.long	0x1d
 483 0347 02        		.byte	0x2
 484 0348 23        		.byte	0x23
 485 0349 02        		.uleb128 0x2
 486 034a 0D        		.uleb128 0xd
 487 034b 7600      		.string	"v"
 488 034d 09        		.byte	0x9
 489 034e CC        		.byte	0xcc
 490 034f 0D        		.byte	0xd
 491 0350 1D00 0000 		.long	0x1d
 492 0354 02        		.byte	0x2
 493 0355 23        		.byte	0x23
 494 0356 03        		.uleb128 0x3
 495 0357 0D        		.uleb128 0xd
 496 0358 6800      		.string	"h"
 497 035a 09        		.byte	0x9
 498 035b CD        		.byte	0xcd
 499 035c 0D        		.byte	0xd
 500 035d 1D00 0000 		.long	0x1d
 501 0361 02        		.byte	0x2
 502 0362 23        		.byte	0x23
 503 0363 04        		.uleb128 0x4
 504 0364 00        		.byte	0
 505 0365 02        		.uleb128 0x2
 506 0366 0000 0000 		.long	.LASF47
 507 036a 09        		.byte	0x9
 508 036b CE        		.byte	0xce
 509 036c 1B        		.byte	0x1b
 510 036d 1803 0000 		.long	0x318
 511 0371 08        		.uleb128 0x8
 512 0372 0A        		.byte	0xa
 513 0373 0A        		.byte	0xa
 514 0374 1A        		.byte	0x1a
 515 0375 09        		.byte	0x9
 516 0376 C603 0000 		.long	0x3c6
 517 037a 09        		.uleb128 0x9
 518 037b 0000 0000 		.long	.LASF48
 519 037f 0A        		.byte	0xa
 520 0380 1B        		.byte	0x1b
 521 0381 0F        		.byte	0xf
 522 0382 CC03 0000 		.long	0x3cc
 523 0386 02        		.byte	0x2
 524 0387 23        		.byte	0x23
 525 0388 00        		.uleb128 0
 526 0389 09        		.uleb128 0x9
 527 038a 0000 0000 		.long	.LASF49
 528 038e 0A        		.byte	0xa
 529 038f 1C        		.byte	0x1c
 530 0390 0C        		.byte	0xc
 531 0391 E403 0000 		.long	0x3e4
 532 0395 02        		.byte	0x2
 533 0396 23        		.byte	0x23
 534 0397 02        		.uleb128 0x2
 535 0398 09        		.uleb128 0x9
 536 0399 0000 0000 		.long	.LASF50
 537 039d 0A        		.byte	0xa
 538 039e 1D        		.byte	0x1d
 539 039f 0C        		.byte	0xc
 540 03a0 FC03 0000 		.long	0x3fc
 541 03a4 02        		.byte	0x2
 542 03a5 23        		.byte	0x23
 543 03a6 04        		.uleb128 0x4
 544 03a7 09        		.uleb128 0x9
 545 03a8 0000 0000 		.long	.LASF51
 546 03ac 0A        		.byte	0xa
 547 03ad 1E        		.byte	0x1e
 548 03ae 0C        		.byte	0xc
 549 03af 0E04 0000 		.long	0x40e
 550 03b3 02        		.byte	0x2
 551 03b4 23        		.byte	0x23
 552 03b5 06        		.uleb128 0x6
 553 03b6 09        		.uleb128 0x9
 554 03b7 0000 0000 		.long	.LASF52
 555 03bb 0A        		.byte	0xa
 556 03bc 1F        		.byte	0x1f
 557 03bd 0C        		.byte	0xc
 558 03be 0E04 0000 		.long	0x40e
 559 03c2 02        		.byte	0x2
 560 03c3 23        		.byte	0x23
 561 03c4 08        		.uleb128 0x8
 562 03c5 00        		.byte	0
 563 03c6 1A        		.uleb128 0x1a
 564 03c7 01        		.byte	0x1
 565 03c8 3000 0000 		.long	0x30
 566 03cc 10        		.uleb128 0x10
 567 03cd 02        		.byte	0x2
 568 03ce C603 0000 		.long	0x3c6
 569 03d2 1B        		.uleb128 0x1b
 570 03d3 01        		.byte	0x1
 571 03d4 DE03 0000 		.long	0x3de
 572 03d8 12        		.uleb128 0x12
 573 03d9 DE03 0000 		.long	0x3de
 574 03dd 00        		.byte	0
 575 03de 10        		.uleb128 0x10
 576 03df 02        		.byte	0x2
 577 03e0 0C03 0000 		.long	0x30c
 578 03e4 10        		.uleb128 0x10
 579 03e5 02        		.byte	0x2
 580 03e6 D203 0000 		.long	0x3d2
 581 03ea 1B        		.uleb128 0x1b
 582 03eb 01        		.byte	0x1
 583 03ec F603 0000 		.long	0x3f6
 584 03f0 12        		.uleb128 0x12
 585 03f1 F603 0000 		.long	0x3f6
 586 03f5 00        		.byte	0
 587 03f6 10        		.uleb128 0x10
 588 03f7 02        		.byte	0x2
 589 03f8 6503 0000 		.long	0x365
 590 03fc 10        		.uleb128 0x10
 591 03fd 02        		.byte	0x2
 592 03fe EA03 0000 		.long	0x3ea
 593 0402 1B        		.uleb128 0x1b
 594 0403 01        		.byte	0x1
 595 0404 0E04 0000 		.long	0x40e
 596 0408 12        		.uleb128 0x12
 597 0409 4F00 0000 		.long	0x4f
 598 040d 00        		.byte	0
 599 040e 10        		.uleb128 0x10
 600 040f 02        		.byte	0x2
 601 0410 0204 0000 		.long	0x402
 602 0414 02        		.uleb128 0x2
 603 0415 0000 0000 		.long	.LASF53
 604 0419 0A        		.byte	0xa
 605 041a 20        		.byte	0x20
 606 041b 03        		.byte	0x3
 607 041c 7103 0000 		.long	0x371
 608 0420 0A        		.uleb128 0xa
 609 0421 0000 0000 		.long	.LASF54
 610 0425 0B        		.byte	0xb
 611 0426 24        		.byte	0x24
 612 0427 10        		.byte	0x10
 613 0428 3000 0000 		.long	0x30
 614 042c 01        		.byte	0x1
 615 042d 01        		.byte	0x1
 616 042e 0A        		.uleb128 0xa
 617 042f 0000 0000 		.long	.LASF55
 618 0433 0B        		.byte	0xb
 619 0434 25        		.byte	0x25
 620 0435 10        		.byte	0x10
 621 0436 3000 0000 		.long	0x30
 622 043a 01        		.byte	0x1
 623 043b 01        		.byte	0x1
 624 043c 0A        		.uleb128 0xa
 625 043d 0000 0000 		.long	.LASF56
 626 0441 0C        		.byte	0xc
 627 0442 36        		.byte	0x36
 628 0443 16        		.byte	0x16
 629 0444 1404 0000 		.long	0x414
 630 0448 01        		.byte	0x1
 631 0449 01        		.byte	0x1
 632 044a 1C        		.uleb128 0x1c
 633 044b 0000 0000 		.long	.LASF64
 634 044f 0D        		.byte	0xd
 635 0450 19        		.byte	0x19
 636 0451 09        		.byte	0x9
 637 0452 3000 0000 		.long	0x30
 638 0456 01        		.byte	0x1
 639 0457 1D        		.uleb128 0x1d
 640 0458 01        		.byte	0x1
 641 0459 0000 0000 		.long	.LASF57
 642 045d 0D        		.byte	0xd
 643 045e 4A        		.byte	0x4a
 644 045f 09        		.byte	0x9
 645 0460 01        		.byte	0x1
 646 0461 3000 0000 		.long	0x30
 647 0465 1D        		.uleb128 0x1d
 648 0466 01        		.byte	0x1
 649 0467 0000 0000 		.long	.LASF58
 650 046b 0D        		.byte	0xd
 651 046c 34        		.byte	0x34
 652 046d 09        		.byte	0x9
 653 046e 01        		.byte	0x1
 654 046f 3000 0000 		.long	0x30
 655 0473 1E        		.uleb128 0x1e
 656 0474 0000 0000 		.long	.LASF65
 657 0478 0D        		.byte	0xd
 658 0479 2A        		.byte	0x2a
 659 047a 0D        		.byte	0xd
 660 047b 01        		.byte	0x1
 661 047c 5D01 0000 		.long	0x15d
 662 0480 1F        		.uleb128 0x1f
 663 0481 01        		.byte	0x1
 664 0482 0000 0000 		.long	.LASF66
 665 0486 0D        		.byte	0xd
 666 0487 28        		.byte	0x28
 667 0488 1C        		.byte	0x1c
 668 0489 01        		.byte	0x1
 669 048a 9B04 0000 		.long	0x49b
 670 048e 20        		.uleb128 0x20
 671 048f 0000 0000 		.long	.LASF59
 672 0493 0D        		.byte	0xd
 673 0494 28        		.byte	0x28
 674 0495 34        		.byte	0x34
 675 0496 3000 0000 		.long	0x30
 676 049a 00        		.byte	0
 677 049b 21        		.uleb128 0x21
 678 049c 01        		.byte	0x1
 679 049d 0000 0000 		.long	.LASF67
 680 04a1 0D        		.byte	0xd
 681 04a2 1F        		.byte	0x1f
 682 04a3 06        		.byte	0x6
 683 04a4 01        		.byte	0x1
 684 04a5 20        		.uleb128 0x20
 685 04a6 0000 0000 		.long	.LASF59
 686 04aa 0D        		.byte	0xd
 687 04ab 1F        		.byte	0x1f
 688 04ac 19        		.byte	0x19
 689 04ad 3000 0000 		.long	0x30
 690 04b1 00        		.byte	0
 691 04b2 00        		.byte	0
 692               		.section	.gnu.debuglto_.debug_abbrev,"",@progbits
 693               	.Ldebug_abbrev0:
 694 0000 01        		.uleb128 0x1
 695 0001 11        		.uleb128 0x11
 696 0002 01        		.byte	0x1
 697 0003 25        		.uleb128 0x25
 698 0004 0E        		.uleb128 0xe
 699 0005 13        		.uleb128 0x13
 700 0006 0B        		.uleb128 0xb
 701 0007 03        		.uleb128 0x3
 702 0008 0E        		.uleb128 0xe
 703 0009 1B        		.uleb128 0x1b
 704 000a 0E        		.uleb128 0xe
 705 000b 10        		.uleb128 0x10
 706 000c 06        		.uleb128 0x6
 707 000d 00        		.byte	0
 708 000e 00        		.byte	0
 709 000f 02        		.uleb128 0x2
 710 0010 16        		.uleb128 0x16
 711 0011 00        		.byte	0
 712 0012 03        		.uleb128 0x3
 713 0013 0E        		.uleb128 0xe
 714 0014 3A        		.uleb128 0x3a
 715 0015 0B        		.uleb128 0xb
 716 0016 3B        		.uleb128 0x3b
 717 0017 0B        		.uleb128 0xb
 718 0018 39        		.uleb128 0x39
 719 0019 0B        		.uleb128 0xb
 720 001a 49        		.uleb128 0x49
 721 001b 13        		.uleb128 0x13
 722 001c 00        		.byte	0
 723 001d 00        		.byte	0
 724 001e 03        		.uleb128 0x3
 725 001f 24        		.uleb128 0x24
 726 0020 00        		.byte	0
 727 0021 0B        		.uleb128 0xb
 728 0022 0B        		.uleb128 0xb
 729 0023 3E        		.uleb128 0x3e
 730 0024 0B        		.uleb128 0xb
 731 0025 03        		.uleb128 0x3
 732 0026 0E        		.uleb128 0xe
 733 0027 00        		.byte	0
 734 0028 00        		.byte	0
 735 0029 04        		.uleb128 0x4
 736 002a 35        		.uleb128 0x35
 737 002b 00        		.byte	0
 738 002c 49        		.uleb128 0x49
 739 002d 13        		.uleb128 0x13
 740 002e 00        		.byte	0
 741 002f 00        		.byte	0
 742 0030 05        		.uleb128 0x5
 743 0031 24        		.uleb128 0x24
 744 0032 00        		.byte	0
 745 0033 0B        		.uleb128 0xb
 746 0034 0B        		.uleb128 0xb
 747 0035 3E        		.uleb128 0x3e
 748 0036 0B        		.uleb128 0xb
 749 0037 03        		.uleb128 0x3
 750 0038 08        		.uleb128 0x8
 751 0039 00        		.byte	0
 752 003a 00        		.byte	0
 753 003b 06        		.uleb128 0x6
 754 003c 04        		.uleb128 0x4
 755 003d 01        		.byte	0x1
 756 003e 03        		.uleb128 0x3
 757 003f 0E        		.uleb128 0xe
 758 0040 3E        		.uleb128 0x3e
 759 0041 0B        		.uleb128 0xb
 760 0042 0B        		.uleb128 0xb
 761 0043 0B        		.uleb128 0xb
 762 0044 49        		.uleb128 0x49
 763 0045 13        		.uleb128 0x13
 764 0046 3A        		.uleb128 0x3a
 765 0047 0B        		.uleb128 0xb
 766 0048 3B        		.uleb128 0x3b
 767 0049 0B        		.uleb128 0xb
 768 004a 39        		.uleb128 0x39
 769 004b 0B        		.uleb128 0xb
 770 004c 01        		.uleb128 0x1
 771 004d 13        		.uleb128 0x13
 772 004e 00        		.byte	0
 773 004f 00        		.byte	0
 774 0050 07        		.uleb128 0x7
 775 0051 28        		.uleb128 0x28
 776 0052 00        		.byte	0
 777 0053 03        		.uleb128 0x3
 778 0054 0E        		.uleb128 0xe
 779 0055 1C        		.uleb128 0x1c
 780 0056 0B        		.uleb128 0xb
 781 0057 00        		.byte	0
 782 0058 00        		.byte	0
 783 0059 08        		.uleb128 0x8
 784 005a 13        		.uleb128 0x13
 785 005b 01        		.byte	0x1
 786 005c 0B        		.uleb128 0xb
 787 005d 0B        		.uleb128 0xb
 788 005e 3A        		.uleb128 0x3a
 789 005f 0B        		.uleb128 0xb
 790 0060 3B        		.uleb128 0x3b
 791 0061 0B        		.uleb128 0xb
 792 0062 39        		.uleb128 0x39
 793 0063 0B        		.uleb128 0xb
 794 0064 01        		.uleb128 0x1
 795 0065 13        		.uleb128 0x13
 796 0066 00        		.byte	0
 797 0067 00        		.byte	0
 798 0068 09        		.uleb128 0x9
 799 0069 0D        		.uleb128 0xd
 800 006a 00        		.byte	0
 801 006b 03        		.uleb128 0x3
 802 006c 0E        		.uleb128 0xe
 803 006d 3A        		.uleb128 0x3a
 804 006e 0B        		.uleb128 0xb
 805 006f 3B        		.uleb128 0x3b
 806 0070 0B        		.uleb128 0xb
 807 0071 39        		.uleb128 0x39
 808 0072 0B        		.uleb128 0xb
 809 0073 49        		.uleb128 0x49
 810 0074 13        		.uleb128 0x13
 811 0075 38        		.uleb128 0x38
 812 0076 0A        		.uleb128 0xa
 813 0077 00        		.byte	0
 814 0078 00        		.byte	0
 815 0079 0A        		.uleb128 0xa
 816 007a 34        		.uleb128 0x34
 817 007b 00        		.byte	0
 818 007c 03        		.uleb128 0x3
 819 007d 0E        		.uleb128 0xe
 820 007e 3A        		.uleb128 0x3a
 821 007f 0B        		.uleb128 0xb
 822 0080 3B        		.uleb128 0x3b
 823 0081 0B        		.uleb128 0xb
 824 0082 39        		.uleb128 0x39
 825 0083 0B        		.uleb128 0xb
 826 0084 49        		.uleb128 0x49
 827 0085 13        		.uleb128 0x13
 828 0086 3F        		.uleb128 0x3f
 829 0087 0C        		.uleb128 0xc
 830 0088 3C        		.uleb128 0x3c
 831 0089 0C        		.uleb128 0xc
 832 008a 00        		.byte	0
 833 008b 00        		.byte	0
 834 008c 0B        		.uleb128 0xb
 835 008d 0F        		.uleb128 0xf
 836 008e 00        		.byte	0
 837 008f 0B        		.uleb128 0xb
 838 0090 0B        		.uleb128 0xb
 839 0091 00        		.byte	0
 840 0092 00        		.byte	0
 841 0093 0C        		.uleb128 0xc
 842 0094 13        		.uleb128 0x13
 843 0095 01        		.byte	0x1
 844 0096 03        		.uleb128 0x3
 845 0097 0E        		.uleb128 0xe
 846 0098 0B        		.uleb128 0xb
 847 0099 0B        		.uleb128 0xb
 848 009a 3A        		.uleb128 0x3a
 849 009b 0B        		.uleb128 0xb
 850 009c 3B        		.uleb128 0x3b
 851 009d 0B        		.uleb128 0xb
 852 009e 39        		.uleb128 0x39
 853 009f 0B        		.uleb128 0xb
 854 00a0 01        		.uleb128 0x1
 855 00a1 13        		.uleb128 0x13
 856 00a2 00        		.byte	0
 857 00a3 00        		.byte	0
 858 00a4 0D        		.uleb128 0xd
 859 00a5 0D        		.uleb128 0xd
 860 00a6 00        		.byte	0
 861 00a7 03        		.uleb128 0x3
 862 00a8 08        		.uleb128 0x8
 863 00a9 3A        		.uleb128 0x3a
 864 00aa 0B        		.uleb128 0xb
 865 00ab 3B        		.uleb128 0x3b
 866 00ac 0B        		.uleb128 0xb
 867 00ad 39        		.uleb128 0x39
 868 00ae 0B        		.uleb128 0xb
 869 00af 49        		.uleb128 0x49
 870 00b0 13        		.uleb128 0x13
 871 00b1 38        		.uleb128 0x38
 872 00b2 0A        		.uleb128 0xa
 873 00b3 00        		.byte	0
 874 00b4 00        		.byte	0
 875 00b5 0E        		.uleb128 0xe
 876 00b6 0D        		.uleb128 0xd
 877 00b7 00        		.byte	0
 878 00b8 03        		.uleb128 0x3
 879 00b9 0E        		.uleb128 0xe
 880 00ba 3A        		.uleb128 0x3a
 881 00bb 0B        		.uleb128 0xb
 882 00bc 3B        		.uleb128 0x3b
 883 00bd 05        		.uleb128 0x5
 884 00be 39        		.uleb128 0x39
 885 00bf 0B        		.uleb128 0xb
 886 00c0 49        		.uleb128 0x49
 887 00c1 13        		.uleb128 0x13
 888 00c2 38        		.uleb128 0x38
 889 00c3 0A        		.uleb128 0xa
 890 00c4 00        		.byte	0
 891 00c5 00        		.byte	0
 892 00c6 0F        		.uleb128 0xf
 893 00c7 0D        		.uleb128 0xd
 894 00c8 00        		.byte	0
 895 00c9 03        		.uleb128 0x3
 896 00ca 08        		.uleb128 0x8
 897 00cb 3A        		.uleb128 0x3a
 898 00cc 0B        		.uleb128 0xb
 899 00cd 3B        		.uleb128 0x3b
 900 00ce 05        		.uleb128 0x5
 901 00cf 39        		.uleb128 0x39
 902 00d0 0B        		.uleb128 0xb
 903 00d1 49        		.uleb128 0x49
 904 00d2 13        		.uleb128 0x13
 905 00d3 38        		.uleb128 0x38
 906 00d4 0A        		.uleb128 0xa
 907 00d5 00        		.byte	0
 908 00d6 00        		.byte	0
 909 00d7 10        		.uleb128 0x10
 910 00d8 0F        		.uleb128 0xf
 911 00d9 00        		.byte	0
 912 00da 0B        		.uleb128 0xb
 913 00db 0B        		.uleb128 0xb
 914 00dc 49        		.uleb128 0x49
 915 00dd 13        		.uleb128 0x13
 916 00de 00        		.byte	0
 917 00df 00        		.byte	0
 918 00e0 11        		.uleb128 0x11
 919 00e1 15        		.uleb128 0x15
 920 00e2 01        		.byte	0x1
 921 00e3 27        		.uleb128 0x27
 922 00e4 0C        		.uleb128 0xc
 923 00e5 49        		.uleb128 0x49
 924 00e6 13        		.uleb128 0x13
 925 00e7 01        		.uleb128 0x1
 926 00e8 13        		.uleb128 0x13
 927 00e9 00        		.byte	0
 928 00ea 00        		.byte	0
 929 00eb 12        		.uleb128 0x12
 930 00ec 05        		.uleb128 0x5
 931 00ed 00        		.byte	0
 932 00ee 49        		.uleb128 0x49
 933 00ef 13        		.uleb128 0x13
 934 00f0 00        		.byte	0
 935 00f1 00        		.byte	0
 936 00f2 13        		.uleb128 0x13
 937 00f3 01        		.uleb128 0x1
 938 00f4 01        		.byte	0x1
 939 00f5 49        		.uleb128 0x49
 940 00f6 13        		.uleb128 0x13
 941 00f7 01        		.uleb128 0x1
 942 00f8 13        		.uleb128 0x13
 943 00f9 00        		.byte	0
 944 00fa 00        		.byte	0
 945 00fb 14        		.uleb128 0x14
 946 00fc 21        		.uleb128 0x21
 947 00fd 00        		.byte	0
 948 00fe 00        		.byte	0
 949 00ff 00        		.byte	0
 950 0100 15        		.uleb128 0x15
 951 0101 34        		.uleb128 0x34
 952 0102 00        		.byte	0
 953 0103 03        		.uleb128 0x3
 954 0104 0E        		.uleb128 0xe
 955 0105 3A        		.uleb128 0x3a
 956 0106 0B        		.uleb128 0xb
 957 0107 3B        		.uleb128 0x3b
 958 0108 05        		.uleb128 0x5
 959 0109 39        		.uleb128 0x39
 960 010a 0B        		.uleb128 0xb
 961 010b 49        		.uleb128 0x49
 962 010c 13        		.uleb128 0x13
 963 010d 3F        		.uleb128 0x3f
 964 010e 0C        		.uleb128 0xc
 965 010f 3C        		.uleb128 0x3c
 966 0110 0C        		.uleb128 0xc
 967 0111 00        		.byte	0
 968 0112 00        		.byte	0
 969 0113 16        		.uleb128 0x16
 970 0114 21        		.uleb128 0x21
 971 0115 00        		.byte	0
 972 0116 49        		.uleb128 0x49
 973 0117 13        		.uleb128 0x13
 974 0118 2F        		.uleb128 0x2f
 975 0119 0B        		.uleb128 0xb
 976 011a 00        		.byte	0
 977 011b 00        		.byte	0
 978 011c 17        		.uleb128 0x17
 979 011d 17        		.uleb128 0x17
 980 011e 01        		.byte	0x1
 981 011f 0B        		.uleb128 0xb
 982 0120 0B        		.uleb128 0xb
 983 0121 3A        		.uleb128 0x3a
 984 0122 0B        		.uleb128 0xb
 985 0123 3B        		.uleb128 0x3b
 986 0124 0B        		.uleb128 0xb
 987 0125 39        		.uleb128 0x39
 988 0126 0B        		.uleb128 0xb
 989 0127 01        		.uleb128 0x1
 990 0128 13        		.uleb128 0x13
 991 0129 00        		.byte	0
 992 012a 00        		.byte	0
 993 012b 18        		.uleb128 0x18
 994 012c 0D        		.uleb128 0xd
 995 012d 00        		.byte	0
 996 012e 03        		.uleb128 0x3
 997 012f 08        		.uleb128 0x8
 998 0130 3A        		.uleb128 0x3a
 999 0131 0B        		.uleb128 0xb
 1000 0132 3B        		.uleb128 0x3b
 1001 0133 0B        		.uleb128 0xb
 1002 0134 39        		.uleb128 0x39
 1003 0135 0B        		.uleb128 0xb
 1004 0136 49        		.uleb128 0x49
 1005 0137 13        		.uleb128 0x13
 1006 0138 00        		.byte	0
 1007 0139 00        		.byte	0
 1008 013a 19        		.uleb128 0x19
 1009 013b 0D        		.uleb128 0xd
 1010 013c 00        		.byte	0
 1011 013d 49        		.uleb128 0x49
 1012 013e 13        		.uleb128 0x13
 1013 013f 00        		.byte	0
 1014 0140 00        		.byte	0
 1015 0141 1A        		.uleb128 0x1a
 1016 0142 15        		.uleb128 0x15
 1017 0143 00        		.byte	0
 1018 0144 27        		.uleb128 0x27
 1019 0145 0C        		.uleb128 0xc
 1020 0146 49        		.uleb128 0x49
 1021 0147 13        		.uleb128 0x13
 1022 0148 00        		.byte	0
 1023 0149 00        		.byte	0
 1024 014a 1B        		.uleb128 0x1b
 1025 014b 15        		.uleb128 0x15
 1026 014c 01        		.byte	0x1
 1027 014d 27        		.uleb128 0x27
 1028 014e 0C        		.uleb128 0xc
 1029 014f 01        		.uleb128 0x1
 1030 0150 13        		.uleb128 0x13
 1031 0151 00        		.byte	0
 1032 0152 00        		.byte	0
 1033 0153 1C        		.uleb128 0x1c
 1034 0154 34        		.uleb128 0x34
 1035 0155 00        		.byte	0
 1036 0156 03        		.uleb128 0x3
 1037 0157 0E        		.uleb128 0xe
 1038 0158 3A        		.uleb128 0x3a
 1039 0159 0B        		.uleb128 0xb
 1040 015a 3B        		.uleb128 0x3b
 1041 015b 0B        		.uleb128 0xb
 1042 015c 39        		.uleb128 0x39
 1043 015d 0B        		.uleb128 0xb
 1044 015e 49        		.uleb128 0x49
 1045 015f 13        		.uleb128 0x13
 1046 0160 3F        		.uleb128 0x3f
 1047 0161 0C        		.uleb128 0xc
 1048 0162 00        		.byte	0
 1049 0163 00        		.byte	0
 1050 0164 1D        		.uleb128 0x1d
 1051 0165 2E        		.uleb128 0x2e
 1052 0166 00        		.byte	0
 1053 0167 3F        		.uleb128 0x3f
 1054 0168 0C        		.uleb128 0xc
 1055 0169 03        		.uleb128 0x3
 1056 016a 0E        		.uleb128 0xe
 1057 016b 3A        		.uleb128 0x3a
 1058 016c 0B        		.uleb128 0xb
 1059 016d 3B        		.uleb128 0x3b
 1060 016e 0B        		.uleb128 0xb
 1061 016f 39        		.uleb128 0x39
 1062 0170 0B        		.uleb128 0xb
 1063 0171 27        		.uleb128 0x27
 1064 0172 0C        		.uleb128 0xc
 1065 0173 49        		.uleb128 0x49
 1066 0174 13        		.uleb128 0x13
 1067 0175 00        		.byte	0
 1068 0176 00        		.byte	0
 1069 0177 1E        		.uleb128 0x1e
 1070 0178 2E        		.uleb128 0x2e
 1071 0179 00        		.byte	0
 1072 017a 03        		.uleb128 0x3
 1073 017b 0E        		.uleb128 0xe
 1074 017c 3A        		.uleb128 0x3a
 1075 017d 0B        		.uleb128 0xb
 1076 017e 3B        		.uleb128 0x3b
 1077 017f 0B        		.uleb128 0xb
 1078 0180 39        		.uleb128 0x39
 1079 0181 0B        		.uleb128 0xb
 1080 0182 27        		.uleb128 0x27
 1081 0183 0C        		.uleb128 0xc
 1082 0184 49        		.uleb128 0x49
 1083 0185 13        		.uleb128 0x13
 1084 0186 00        		.byte	0
 1085 0187 00        		.byte	0
 1086 0188 1F        		.uleb128 0x1f
 1087 0189 2E        		.uleb128 0x2e
 1088 018a 01        		.byte	0x1
 1089 018b 3F        		.uleb128 0x3f
 1090 018c 0C        		.uleb128 0xc
 1091 018d 03        		.uleb128 0x3
 1092 018e 0E        		.uleb128 0xe
 1093 018f 3A        		.uleb128 0x3a
 1094 0190 0B        		.uleb128 0xb
 1095 0191 3B        		.uleb128 0x3b
 1096 0192 0B        		.uleb128 0xb
 1097 0193 39        		.uleb128 0x39
 1098 0194 0B        		.uleb128 0xb
 1099 0195 27        		.uleb128 0x27
 1100 0196 0C        		.uleb128 0xc
 1101 0197 01        		.uleb128 0x1
 1102 0198 13        		.uleb128 0x13
 1103 0199 00        		.byte	0
 1104 019a 00        		.byte	0
 1105 019b 20        		.uleb128 0x20
 1106 019c 05        		.uleb128 0x5
 1107 019d 00        		.byte	0
 1108 019e 03        		.uleb128 0x3
 1109 019f 0E        		.uleb128 0xe
 1110 01a0 3A        		.uleb128 0x3a
 1111 01a1 0B        		.uleb128 0xb
 1112 01a2 3B        		.uleb128 0x3b
 1113 01a3 0B        		.uleb128 0xb
 1114 01a4 39        		.uleb128 0x39
 1115 01a5 0B        		.uleb128 0xb
 1116 01a6 49        		.uleb128 0x49
 1117 01a7 13        		.uleb128 0x13
 1118 01a8 00        		.byte	0
 1119 01a9 00        		.byte	0
 1120 01aa 21        		.uleb128 0x21
 1121 01ab 2E        		.uleb128 0x2e
 1122 01ac 01        		.byte	0x1
 1123 01ad 3F        		.uleb128 0x3f
 1124 01ae 0C        		.uleb128 0xc
 1125 01af 03        		.uleb128 0x3
 1126 01b0 0E        		.uleb128 0xe
 1127 01b1 3A        		.uleb128 0x3a
 1128 01b2 0B        		.uleb128 0xb
 1129 01b3 3B        		.uleb128 0x3b
 1130 01b4 0B        		.uleb128 0xb
 1131 01b5 39        		.uleb128 0x39
 1132 01b6 0B        		.uleb128 0xb
 1133 01b7 27        		.uleb128 0x27
 1134 01b8 0C        		.uleb128 0xc
 1135 01b9 00        		.byte	0
 1136 01ba 00        		.byte	0
 1137 01bb 00        		.byte	0
 1138               		.section	.gnu.debuglto_.debug_line,"",@progbits
 1139               	.Ldebug_line0:
 1140 0000 8501 0000 		.long	.LELT0-.LSLT0
 1141               	.LSLT0:
 1142 0004 0200      		.word	0x2
 1143 0006 7F01 0000 		.long	.LELTP0-.LASLTP0
 1144               	.LASLTP0:
 1145 000a 01        		.byte	0x1
 1146 000b 01        		.byte	0x1
 1147 000c F6        		.byte	0xf6
 1148 000d F2        		.byte	0xf2
 1149 000e 0D        		.byte	0xd
 1150 000f 00        		.byte	0
 1151 0010 01        		.byte	0x1
 1152 0011 01        		.byte	0x1
 1153 0012 01        		.byte	0x1
 1154 0013 01        		.byte	0x1
 1155 0014 00        		.byte	0
 1156 0015 00        		.byte	0
 1157 0016 00        		.byte	0
 1158 0017 01        		.byte	0x1
 1159 0018 00        		.byte	0
 1160 0019 00        		.byte	0
 1161 001a 01        		.byte	0x1
 1162 001b 653A 5C67 		.ascii	"e:\\game\\msys2\\mingw64\\avr\\include"
 1162      616D 655C 
 1162      6D73 7973 
 1162      325C 6D69 
 1162      6E67 7736 
 1163 003c 00        		.byte	0
 1164 003d 6C69 622F 		.ascii	"lib/lufa/LUFA/Drivers/USB/Core"
 1164      6C75 6661 
 1164      2F4C 5546 
 1164      412F 4472 
 1164      6976 6572 
 1165 005b 00        		.byte	0
 1166 005c 6C69 622F 		.ascii	"lib/lufa/LUFA/Drivers/USB/Core/AVR8/.."
 1166      6C75 6661 
 1166      2F4C 5546 
 1166      412F 4472 
 1166      6976 6572 
 1167 0082 00        		.byte	0
 1168 0083 746D 6B5F 		.ascii	"tmk_core/common"
 1168      636F 7265 
 1168      2F63 6F6D 
 1168      6D6F 6E
 1169 0092 00        		.byte	0
 1170 0093 746D 6B5F 		.ascii	"tmk_core/protocol/lufa"
 1170      636F 7265 
 1170      2F70 726F 
 1170      746F 636F 
 1170      6C2F 6C75 
 1171 00a9 00        		.byte	0
 1172 00aa 00        		.byte	0
 1173 00ab 7374 6469 		.string	"stdint.h"
 1173      6E74 2E68 
 1173      00
 1174 00b4 01        		.uleb128 0x1
 1175 00b5 00        		.uleb128 0
 1176 00b6 00        		.uleb128 0
 1177 00b7 6F75 7470 		.string	"outputselect.h"
 1177      7574 7365 
 1177      6C65 6374 
 1177      2E68 00
 1178 00c6 05        		.uleb128 0x5
 1179 00c7 00        		.uleb128 0
 1180 00c8 00        		.uleb128 0
 1181 00c9 4156 5238 		.string	"AVR8/../Device.h"
 1181      2F2E 2E2F 
 1181      4465 7669 
 1181      6365 2E68 
 1181      00
 1182 00da 02        		.uleb128 0x2
 1183 00db 00        		.uleb128 0
 1184 00dc 00        		.uleb128 0
 1185 00dd 4156 5238 		.string	"AVR8/../StdRequestType.h"
 1185      2F2E 2E2F 
 1185      5374 6452 
 1185      6571 7565 
 1185      7374 5479 
 1186 00f6 02        		.uleb128 0x2
 1187 00f7 00        		.uleb128 0
 1188 00f8 00        		.uleb128 0
 1189 00f9 4156 5238 		.string	"AVR8/../DeviceStandardReq.h"
 1189      2F2E 2E2F 
 1189      4465 7669 
 1189      6365 5374 
 1189      616E 6461 
 1190 0115 02        		.uleb128 0x2
 1191 0116 00        		.uleb128 0
 1192 0117 00        		.uleb128 0
 1193 0118 5553 4254 		.string	"USBTask.h"
 1193      6173 6B2E 
 1193      6800 
 1194 0122 02        		.uleb128 0x2
 1195 0123 00        		.uleb128 0
 1196 0124 00        		.uleb128 0
 1197 0125 486F 7374 		.string	"HostStandardReq.h"
 1197      5374 616E 
 1197      6461 7264 
 1197      5265 712E 
 1197      6800 
 1198 0137 02        		.uleb128 0x2
 1199 0138 00        		.uleb128 0
 1200 0139 00        		.uleb128 0
 1201 013a 7374 6469 		.string	"stdio.h"
 1201      6F2E 6800 
 1202 0142 01        		.uleb128 0x1
 1203 0143 00        		.uleb128 0
 1204 0144 00        		.uleb128 0
 1205 0145 7265 706F 		.string	"report.h"
 1205      7274 2E68 
 1205      00
 1206 014e 04        		.uleb128 0x4
 1207 014f 00        		.uleb128 0
 1208 0150 00        		.uleb128 0
 1209 0151 686F 7374 		.string	"host_driver.h"
 1209      5F64 7269 
 1209      7665 722E 
 1209      6800 
 1210 015f 04        		.uleb128 0x4
 1211 0160 00        		.uleb128 0
 1212 0161 00        		.uleb128 0
 1213 0162 686F 7374 		.string	"host.h"
 1213      2E68 00
 1214 0169 04        		.uleb128 0x4
 1215 016a 00        		.uleb128 0
 1216 016b 00        		.uleb128 0
 1217 016c 6C75 6661 		.string	"lufa.h"
 1217      2E68 00
 1218 0173 05        		.uleb128 0x5
 1219 0174 00        		.uleb128 0
 1220 0175 00        		.uleb128 0
 1221 0176 6F75 7470 		.string	"outputselect.c"
 1221      7574 7365 
 1221      6C65 6374 
 1221      2E63 00
 1222 0185 05        		.uleb128 0x5
 1223 0186 00        		.uleb128 0
 1224 0187 00        		.uleb128 0
 1225 0188 00        		.byte	0
 1226               	.LELTP0:
 1227               	.LELT0:
 1228               		.section	.gnu.debuglto_.debug_str,"MS",@progbits,1
 1229               	.LASF50:
 1230 0000 7365 6E64 		.string	"send_mouse"
 1230      5F6D 6F75 
 1230      7365 00
 1231               	.LASF21:
 1232 000b 4445 5649 		.string	"DEVICE_STATE_Suspended"
 1232      4345 5F53 
 1232      5441 5445 
 1232      5F53 7573 
 1232      7065 6E64 
 1233               	.LASF0:
 1234 0022 696E 7438 		.string	"int8_t"
 1234      5F74 00
 1235               	.LASF23:
 1236 0029 6252 6571 		.string	"bRequest"
 1236      7565 7374 
 1236      00
 1237               	.LASF48:
 1238 0032 6B65 7962 		.string	"keyboard_leds"
 1238      6F61 7264 
 1238      5F6C 6564 
 1238      7300 
 1239               	.LASF13:
 1240 0040 4F55 5450 		.string	"OUTPUT_BLUETOOTH"
 1240      5554 5F42 
 1240      4C55 4554 
 1240      4F4F 5448 
 1240      00
 1241               	.LASF46:
 1242 0051 6275 7474 		.string	"buttons"
 1242      6F6E 7300 
 1243               	.LASF57:
 1244 0059 7768 6572 		.string	"where_to_send"
 1244      655F 746F 
 1244      5F73 656E 
 1244      6400 
 1245               	.LASF55:
 1246 0067 6B65 7962 		.string	"keyboard_protocol"
 1246      6F61 7264 
 1246      5F70 726F 
 1246      746F 636F 
 1246      6C00 
 1247               	.LASF12:
 1248 0079 4F55 5450 		.string	"OUTPUT_USB"
 1248      5554 5F55 
 1248      5342 00
 1249               	.LASF52:
 1250 0084 7365 6E64 		.string	"send_consumer"
 1250      5F63 6F6E 
 1250      7375 6D65 
 1250      7200 
 1251               	.LASF11:
 1252 0092 4F55 5450 		.string	"OUTPUT_NONE"
 1252      5554 5F4E 
 1252      4F4E 4500 
 1253               	.LASF49:
 1254 009e 7365 6E64 		.string	"send_keyboard"
 1254      5F6B 6579 
 1254      626F 6172 
 1254      6400 
 1255               	.LASF16:
 1256 00ac 4445 5649 		.string	"DEVICE_STATE_Unattached"
 1256      4345 5F53 
 1256      5441 5445 
 1256      5F55 6E61 
 1256      7474 6163 
 1257               	.LASF35:
 1258 00c4 5553 425F 		.string	"USB_Host_ConfigurationNumber"
 1258      486F 7374 
 1258      5F43 6F6E 
 1258      6669 6775 
 1258      7261 7469 
 1259               	.LASF42:
 1260 00e1 6D6F 6473 		.string	"mods"
 1260      00
 1261               	.LASF60:
 1262 00e6 474E 5520 		.string	"GNU C99 8.4.0 -mn-flash=1 -mno-skip-bug -mmcu=avr5 -gdwarf-2 -Os -std=gnu99 -funsigned-ch
 1262      4339 3920 
 1262      382E 342E 
 1262      3020 2D6D 
 1262      6E2D 666C 
 1263               	.LASF1:
 1264 01d7 7569 6E74 		.string	"uint8_t"
 1264      385F 7400 
 1265               	.LASF45:
 1266 01df 7265 706F 		.string	"report_keyboard_t"
 1266      7274 5F6B 
 1266      6579 626F 
 1266      6172 645F 
 1266      7400 
 1267               	.LASF28:
 1268 01f1 5553 425F 		.string	"USB_Device_ConfigurationNumber"
 1268      4465 7669 
 1268      6365 5F43 
 1268      6F6E 6669 
 1268      6775 7261 
 1269               	.LASF53:
 1270 0210 686F 7374 		.string	"host_driver_t"
 1270      5F64 7269 
 1270      7665 725F 
 1270      7400 
 1271               	.LASF67:
 1272 021e 7365 745F 		.string	"set_output"
 1272      6F75 7470 
 1272      7574 00
 1273               	.LASF8:
 1274 0229 6C6F 6E67 		.string	"long long int"
 1274      206C 6F6E 
 1274      6720 696E 
 1274      7400 
 1275               	.LASF56:
 1276 0237 6C75 6661 		.string	"lufa_driver"
 1276      5F64 7269 
 1276      7665 7200 
 1277               	.LASF62:
 1278 0243 443A 5C44 		.string	"D:\\Download\\vial-qmk"
 1278      6F77 6E6C 
 1278      6F61 645C 
 1278      7669 616C 
 1278      2D71 6D6B 
 1279               	.LASF6:
 1280 0258 6C6F 6E67 		.string	"long int"
 1280      2069 6E74 
 1280      00
 1281               	.LASF34:
 1282 0261 5553 425F 		.string	"USB_DeviceState"
 1282      4465 7669 
 1282      6365 5374 
 1282      6174 6500 
 1283               	.LASF47:
 1284 0271 7265 706F 		.string	"report_mouse_t"
 1284      7274 5F6D 
 1284      6F75 7365 
 1284      5F74 00
 1285               	.LASF32:
 1286 0280 5553 425F 		.string	"USB_IsInitialized"
 1286      4973 496E 
 1286      6974 6961 
 1286      6C69 7A65 
 1286      6400 
 1287               	.LASF58:
 1288 0292 6175 746F 		.string	"auto_detect_output"
 1288      5F64 6574 
 1288      6563 745F 
 1288      6F75 7470 
 1288      7574 00
 1289               	.LASF65:
 1290 02a5 6973 5F75 		.string	"is_usb_configured"
 1290      7362 5F63 
 1290      6F6E 6669 
 1290      6775 7265 
 1290      6400 
 1291               	.LASF24:
 1292 02b7 7756 616C 		.string	"wValue"
 1292      7565 00
 1293               	.LASF14:
 1294 02be 6F75 7470 		.string	"outputs"
 1294      7574 7300 
 1295               	.LASF27:
 1296 02c6 5553 425F 		.string	"USB_Request_Header_t"
 1296      5265 7175 
 1296      6573 745F 
 1296      4865 6164 
 1296      6572 5F74 
 1297               	.LASF44:
 1298 02db 6B65 7973 		.string	"keys"
 1298      00
 1299               	.LASF29:
 1300 02e0 5553 425F 		.string	"USB_Device_RemoteWakeupEnabled"
 1300      4465 7669 
 1300      6365 5F52 
 1300      656D 6F74 
 1300      6557 616B 
 1301               	.LASF3:
 1302 02ff 756E 7369 		.string	"unsigned char"
 1302      676E 6564 
 1302      2063 6861 
 1302      7200 
 1303               	.LASF54:
 1304 030d 6B65 7962 		.string	"keyboard_idle"
 1304      6F61 7264 
 1304      5F69 646C 
 1304      6500 
 1305               	.LASF63:
 1306 031b 5F5F 6669 		.string	"__file"
 1306      6C65 00
 1307               	.LASF2:
 1308 0322 7369 676E 		.string	"signed char"
 1308      6564 2063 
 1308      6861 7200 
 1309               	.LASF37:
 1310 032e 666C 6167 		.string	"flags"
 1310      7300 
 1311               	.LASF9:
 1312 0334 6C6F 6E67 		.string	"long long unsigned int"
 1312      206C 6F6E 
 1312      6720 756E 
 1312      7369 676E 
 1312      6564 2069 
 1313               	.LASF5:
 1314 034b 756E 7369 		.string	"unsigned int"
 1314      676E 6564 
 1314      2069 6E74 
 1314      00
 1315               	.LASF4:
 1316 0358 7569 6E74 		.string	"uint16_t"
 1316      3136 5F74 
 1316      00
 1317               	.LASF20:
 1318 0361 4445 5649 		.string	"DEVICE_STATE_Configured"
 1318      4345 5F53 
 1318      5441 5445 
 1318      5F43 6F6E 
 1318      6669 6775 
 1319               	.LASF36:
 1320 0379 756E 6765 		.string	"unget"
 1320      7400 
 1321               	.LASF39:
 1322 037f 7564 6174 		.string	"udata"
 1322      6100 
 1323               	.LASF40:
 1324 0385 6368 6172 		.string	"char"
 1324      00
 1325               	.LASF61:
 1326 038a 746D 6B5F 		.string	"tmk_core/protocol/lufa/outputselect.c"
 1326      636F 7265 
 1326      2F70 726F 
 1326      746F 636F 
 1326      6C2F 6C75 
 1327               	.LASF59:
 1328 03b0 6F75 7470 		.string	"output"
 1328      7574 00
 1329               	.LASF64:
 1330 03b7 6465 7369 		.string	"desired_output"
 1330      7265 645F 
 1330      6F75 7470 
 1330      7574 00
 1331               	.LASF30:
 1332 03c6 5F42 6F6F 		.string	"_Bool"
 1332      6C00 
 1333               	.LASF22:
 1334 03cc 626D 5265 		.string	"bmRequestType"
 1334      7175 6573 
 1334      7454 7970 
 1334      6500 
 1335               	.LASF7:
 1336 03da 6C6F 6E67 		.string	"long unsigned int"
 1336      2075 6E73 
 1336      6967 6E65 
 1336      6420 696E 
 1336      7400 
 1337               	.LASF10:
 1338 03ec 4F55 5450 		.string	"OUTPUT_AUTO"
 1338      5554 5F41 
 1338      5554 4F00 
 1339               	.LASF15:
 1340 03f8 5553 425F 		.string	"USB_Device_States_t"
 1340      4465 7669 
 1340      6365 5F53 
 1340      7461 7465 
 1340      735F 7400 
 1341               	.LASF38:
 1342 040c 7369 7A65 		.string	"size"
 1342      00
 1343               	.LASF31:
 1344 0411 5553 425F 		.string	"USB_Device_CurrentlySelfPowered"
 1344      4465 7669 
 1344      6365 5F43 
 1344      7572 7265 
 1344      6E74 6C79 
 1345               	.LASF17:
 1346 0431 4445 5649 		.string	"DEVICE_STATE_Powered"
 1346      4345 5F53 
 1346      5441 5445 
 1346      5F50 6F77 
 1346      6572 6564 
 1347               	.LASF41:
 1348 0446 5F5F 696F 		.string	"__iob"
 1348      6200 
 1349               	.LASF33:
 1350 044c 5553 425F 		.string	"USB_ControlRequest"
 1350      436F 6E74 
 1350      726F 6C52 
 1350      6571 7565 
 1350      7374 00
 1351               	.LASF19:
 1352 045f 4445 5649 		.string	"DEVICE_STATE_Addressed"
 1352      4345 5F53 
 1352      5441 5445 
 1352      5F41 6464 
 1352      7265 7373 
 1353               	.LASF51:
 1354 0476 7365 6E64 		.string	"send_system"
 1354      5F73 7973 
 1354      7465 6D00 
 1355               	.LASF26:
 1356 0482 774C 656E 		.string	"wLength"
 1356      6774 6800 
 1357               	.LASF43:
 1358 048a 7265 7365 		.string	"reserved"
 1358      7276 6564 
 1358      00
 1359               	.LASF66:
 1360 0493 7365 745F 		.string	"set_output_user"
 1360      6F75 7470 
 1360      7574 5F75 
 1360      7365 7200 
 1361               	.LASF25:
 1362 04a3 7749 6E64 		.string	"wIndex"
 1362      6578 00
 1363               	.LASF18:
 1364 04aa 4445 5649 		.string	"DEVICE_STATE_Default"
 1364      4345 5F53 
 1364      5441 5445 
 1364      5F44 6566 
 1364      6175 6C74 
 1365               		.text
 1366               		.section	.gnu.lto_.profile.b3d7a55e,"",@progbits
 1367 0000 789C 6367 		.string	"x\234cg`f`d"
 1367      6066 6064 
 1367      00
 1368 0009 0200      		.string	"\002"
 1369 000b 00        		.string	""
 1370 000c 6200      		.string	"b"
 1371 000e 0C        		.ascii	"\f"
 1372               		.text
 1373               		.section	.gnu.lto_.icf.b3d7a55e,"",@progbits
 1374 0000 789C 6367 		.string	"x\234cg`fPe@"
 1374      6066 5065 
 1374      4000 
 1375 000a 3686 A6C5 		.string	"6\206\246\305\235\341L\2336\377\\\316\306\274cjK/\027\313\232\2777\256\263\261^\375\271\3
 1375      9DE1 4C9B 
 1375      36FF 5CCE 
 1375      C6BC 636A 
 1375      4B2F 17CB 
 1376 0032 00        		.string	""
 1377 0033 46E9 1203 		.ascii	"F\351\022\003"
 1378               		.text
 1379               		.section	.gnu.lto_.jmpfuncs.b3d7a55e,"",@progbits
 1380 0000 789C 6367 		.string	"x\234cg`f\320g@"
 1380      6066 D067 
 1380      4000 
 1381 000a 5620 6662 		.string	"V fbdd`\230\311\314\300\314\310\310X\017\244\231\230\352\200\242\214\007\200\302@\374\237
 1381      6464 6098 
 1381      C9CC C0CC 
 1381      C8C8 580F 
 1381      A499 98EA 
 1382 002e 00        		.string	""
 1383 002f 7E0D 0512 		.ascii	"~\r\005\022"
 1384               		.text
 1385               		.section	.gnu.lto_.inline.b3d7a55e,"",@progbits
 1386 0000 789C 6367 		.string	"x\234cg`f8\315\200"
 1386      6066 38CD 
 1386      8000 
 1387 000a AC40 D400 		.string	"\254@\324"
 1388 000e 042C 298C 		.string	"\004,)\214\fL,`V2\003\003\033\204\301\304\300\004R\303\304\300\f\3413\202\370\215@f\035\2
 1388      0C4C 2C60 
 1388      5632 0303 
 1388      1B84 C1C4 
 1388      C004 52C3 
 1389 0065 5EE8 2A14 		.ascii	"^\350*\024"
 1390               		.text
 1391               		.section	.gnu.lto_.pureconst.b3d7a55e,"",@progbits
 1392 0000 789C 6367 		.string	"x\234cg`f\020````e\230\305\3024\203\205y\006\013\353\f\026\266\031,"
 1392      6066 1060 
 1392      6060 6065 
 1392      98C5 C234 
 1392      8385 7906 
 1393 001c 1B5D 033E 		.ascii	"\033]\003>"
 1394               		.text
 1395               		.section	.gnu.lto_is_usb_configured.b3d7a55e,"",@progbits
 1396 0000 789C 2D8E 		.ascii	"x\234-\216\275K\303P\024\305\357\311M?D\304U\244\202\223H\007"
 1396      BD4B C350 
 1396      14C5 EFC9 
 1396      4D3F 44C4 
 1396      55A4 8293 
 1397 0016 2388 9B83 		.ascii	"#\210\233\203\377\211H\210\213\225\224\232\316\275I[k'\025\321"
 1397      FF89 4888 
 1397      8B95 949A 
 1397      CEBD 495B 
 1397      6B27 15D1 
 1398 002a 9AA1 8B1F 		.ascii	"\232\241\213\037\320EDp\323\324\350\"\202\223\203\213\233T\350"
 1398      D045 4470 
 1398      D3D4 E822 
 1398      8293 838B 
 1398      9B54 E8
 1399 003d D049 F7D6 		.ascii	"\320I\367\326\367R\037<8\234w\336\357\234\f1\315\202h\221\210"
 1399      F752 1F3C 
 1399      389C 77DE 
 1399      EF9C 0C31 
 1399      CD82 6891 
 1400 0052 E6D4 0513 		.ascii	"\346\324\005\023\f\021Y\317\370Y\003\320\312\224,\250b\240\202"
 1400      0C11 59CF 
 1400      F859 03D0 
 1400      CA94 2CA8 
 1400      62A0 82
 1401 0065 261F 31FA 		.ascii	"&\0371\372/\337?\223\371\216H q\353n\365I\3523!\023\035\253\217"
 1401      2FDF 3F93 
 1401      F98E 4820 
 1401      71EB 6EF5 
 1401      49EA 3321 
 1402 007d 2B39 2CE7 		.ascii	"+9,\347H\037\334#O\244\322_\267\303\223\251\264\251\237\265\375"
 1402      481F DC23 
 1402      4FA4 D25F 
 1402      B7C3 93A9 
 1402      B4A9 9FB5 
 1403 0092 8034 A936 		.ascii	"\2004\2516\272yO\3052\0345$\036\\\"J\231\240\220U\265\006Q\235"
 1403      BA79 4FC5 
 1403      321C 3524 
 1403      1E5C 224A 
 1403      99A0 9055 
 1404 00aa 2950 BD26 		.ascii	")P\275&$\246=6\374DWc\352A\316\177\363\t\242\217\347\263\327"
 1404      24A6 3D36 
 1404      FC44 5763 
 1404      EA41 CE7F 
 1404      F309 A28F 
 1405 00c1 352D 5B0C 		.ascii	"5-[\f\325\342\037\034^O\357s\310\006ti\273\3636\232\250!\360"
 1405      D5E2 1F1C 
 1405      5E4F EF73 
 1405      C806 7469 
 1405      BBF3 369A 
 1406 00d8 B3CA 696B 		.ascii	"\263\312ik\246^\362\361\331\304\025.|A\310\214.j@\0045\027\217"
 1406      A65E F2F1 
 1406      D9C4 152E 
 1406      7C41 C88C 
 1406      2E6A 4004 
 1407 00ef CA56 C86A 		.ascii	"\312V\310j\267\2011\222\307\324\336\251D\t\225a\"V\321\001\202"
 1407      B781 3192 
 1407      C7D4 DEA9 
 1407      4409 9561 
 1407      2256 D101 
 1408 0104 F9FF 0425 		.ascii	"\371\377\004%C1\036g\020-x;\333\033\266[r\254b\311\365\\\333"
 1408      4331 1E67 
 1408      102D 783B 
 1408      DB1B B65B 
 1408      72AC 62C9 
 1409 011b 2D58 85F2 		.ascii	"-X\205\362\326\246\345\226\275b\331\333u\n\216\355-\331\364\007"
 1409      D6A6 E596 
 1409      BD62 D9DB 
 1409      750A 8EED 
 1409      2DD9 F407 
 1410 012f AEA1 6720 		.ascii	"\256\241g "
 1411               		.text
 1412               		.section	.gnu.lto_set_output_user.b3d7a55e,"",@progbits
 1413 0000 789C 6367 		.ascii	"x\234cg`f8\307\300\300\340\001\304\262@"
 1413      6066 38C7 
 1413      C0C0 E001 
 1413      C4B2 40
 1414 000f CCC8 CCC0 		.string	"\314\310\314\300\310\324\320\320\340\300\336\310\301\304\310\bb\2614p02\32431\3263v2Odf\3
 1414      C8D4 D0D0 
 1414      E0C0 DEC8 
 1414      C1C4 C808 
 1414      62B1 3470 
 1415 0110 CD2C 5D2F 		.ascii	"\315,]/"
 1416               		.text
 1417               		.section	.gnu.lto_set_output.b3d7a55e,"",@progbits
 1418 0000 789C 5D8F 		.ascii	"x\234]\217\315+Da\024\306\317s\317\275cLdkAYiL\232\361Y\226\312"
 1418      CD2B 4461 
 1418      14C6 CF73 
 1418      CFBD 634C 
 1418      646B 4159 
 1419 001b C65F 418C 		.ascii	"\306_A\214\2611\272\342\316\332{\257\361\265\020\222\270\231"
 1419      B131 BAE2 
 1419      CEDA 7BAF 
 1419      F1B5 1092 
 1419      B899 
 1420 002d 2919 A389 		.ascii	")\031\243\211$\312\312\327e\247\254\354mDi\222\225\262\321p\356"
 1420      24CA CAD7 
 1420      65A7 ACEC 
 1420      6D44 6992 
 1420      95B2 D170 
 1421 0042 65C3 A953 		.ascii	"e\303\251S\317{\336\363\374zN\0251\r\200\250\237\210\032\245"
 1421      CF7B DEF3 
 1421      FC7A 4E15 
 1421      310D 80A8 
 1421      9F88 1AA5 
 1422 0056 C104 4D29 		.ascii	"\301\004M)\325[e\2075\300W\272\n\203\2465Lc\221W\031\357\037"
 1422      D55B 6587 
 1422      35C0 57BA 
 1422      0A83 A635 
 1422      4C63 9157 
 1423 006d 5BCF B5B1 		.ascii	"[\317\265\261\222\374(o\243R\257J\036\\&Z\223\376)\234!&{\237"
 1423      92FC 286F 
 1423      A352 AF4A 
 1423      1E5C 265A 
 1423      93FE 299C 
 1424 0085 4B0F 9B06 		.ascii	"K\017\233\006\267\200D\273\345\267\223HtO)Gyw}\252\306e\340\034"
 1424      B780 44BB 
 1424      E5B7 9348 
 1424      744F 2947 
 1424      7977 7DAA 
 1425 009d 2C1E 7436 		.ascii	",\036t6\240\255\201H&m\305j\302\005\242\344;\036\217+\353\265"
 1425      A0AD 8148 
 1425      266D C56A 
 1425      C205 A2E4 
 1425      3B1E 8F2B 
 1426 00b3 21FD 178B 		.ascii	"!\375\027\213K\204HR\322\321\275\341\251\312\327\274`v\261n\030"
 1426      4B84 4852 
 1426      D2D1 BDE1 
 1426      A9CA D7BC 
 1426      6076 B16E 
 1427 00c8 1231 70CC 		.ascii	"\0221p\31429\022H\207\362h\2165;\3203\036=A\355\024b\201\275"
 1427      3239 1248 
 1427      87F2 688E 
 1427      353B D033 
 1427      1E3D 41ED 
 1428 00e0 8C6C 5320 		.ascii	"\214lS \204\236/\335}Ug\341\330a\227\2655\0262\256\220\005m\260"
 1428      849E 2FDD 
 1428      7D55 67E1 
 1428      D861 97B5 
 1428      3516 32AE 
 1429 00f8 E632 07AE 		.ascii	"\3462\007\256\242\026,\277\300\311\335\266\372Rl\366\362\312"
 1429      A216 2CBF 
 1429      C0C9 DDB6 
 1429      FA52 6CF6 
 1429      F2CA 
 1430 010a 61DD 02BB 		.ascii	"a\335\002\273\254\343?E\317\373A\375\263\367Os\221\"\n\360o\274"
 1430      ACE3 3F45 
 1430      CFFB 41FD 
 1430      B3F7 4F73 
 1430      9122 0AF0 
 1431 0120 1628 3CC8 		.ascii	"\026(<\310}\270A\021\202\247W8\333\007\221\200\355\327\254P\203"
 1431      7DB8 4111 
 1431      82A7 5738 
 1431      DB07 9180 
 1431      EDD7 AC50 
 1432 0135 B01A 51B3 		.ascii	"\260\032Q\2635>6\2304'S\211\211I\3232\223f:\221\316\214\016%"
 1432      353E 3698 
 1432      3427 5389 
 1432      8949 D332 
 1432      9366 3A91 
 1433 014d CC8C 3591 		.ascii	"\314\2145\221\261\246R\351T\322\212')\364\363\256\377;\216\017"
 1433      B1A6 52E9 
 1433      54D2 8A27 
 1433      29F4 F3AE 
 1433      FF3B 8E0F 
 1434 0161 F78C 7477 		.ascii	"\367\214tw\365t\264\3237\373!\206j"
 1434      F574 B4D3 
 1434      37FB 2186 
 1434      6A
 1435               		.text
 1436               		.section	.gnu.lto_auto_detect_output.b3d7a55e,"",@progbits
 1437 0000 789C 6590 		.ascii	"x\234e\220;KCA\020\205\347\354\254I|7\026\026\001m\024\211`\004"
 1437      3B4B 4341 
 1437      1085 E7EC 
 1437      AC49 7C37 
 1437      1616 016D 
 1438 0018 3B2B 2BFF 		.ascii	";++\377\206HH\032#W\364\006K711Z\251\210\204(\342\203\200iD\254"
 1438      8648 481A 
 1438      2357 F406 
 1438      4B37 3131 
 1438      5AA9 8884 
 1439 0033 2C7C 5D51 		.ascii	",|]Q\261\261\022\005\037\215D\005Q\013\021\033-\022w\023\242"
 1439      B1B1 1205 
 1439      1F8D 4405 
 1439      510B 111B 
 1439      2D12 7713 
 1440 0048 45        		.ascii	"E"
 1441 0049 1676 399C 		.string	"\026v9\234\031\3167;nb\032\007Q\007\021\365\352\213*\202PJ\365\271\243\036!d\362\341\276U
 1441      19CE 373B 
 1441      6E62 1A07 
 1441      5107 11F5 
 1441      EA8B 2A82 
 1442 014a A520 0D68 		.string	"\245 \rh\267\207\207\006\002\326h\320?2j\331V\300\n\373\303\221\320\240\337\212\330#\021{
 1442      B787 8706 
 1442      02D6 68D0 
 1442      3F32 6AD9 
 1442      56C0 0AFB 
 1443 016f FD02 3F0B 		.ascii	"\375\002?\013\212\260"
 1443      8AB0 
 1444               		.text
 1445               		.section	.gnu.lto_where_to_send.b3d7a55e,"",@progbits
 1446 0000 789C 6D50 		.ascii	"x\234mP\315+DQ\024?\277{\356\274\031_Y\253YK\2630\312F\331X\371"
 1446      CD2B 4451 
 1446      143F BF7B 
 1446      EEBC 195F 
 1446      59AB 594B 
 1447 001b 37A4 696C 		.ascii	"7\244il\214\236x\263\236\373\306\370*\205\2441e\312GJJR\254|"
 1447      8C9E 78B3 
 1447      9EFB C6F8 
 1447      2A85 A431 
 1447      65CA 474A 
 1448 0033 3D51 5216 		.ascii	"=QR\026\223\245\r1\")\205\205$\234\367|,\344\326=\235~\347\236"
 1448      93A5 0D31 
 1448      2229 8585 
 1448      249C F77C 
 1448      2CE4 D63D 
 1449 004b DFC7 0D13 		.ascii	"\337\307\r\023S\006D\rD\324*\027!\2022\306\264\205\335\210R\\"
 1449      5306 440D 
 1449      44D4 2A17 
 1449      2182 32C6 
 1449      B485 DD88 
 1450 0061 1E7E ADD6 		.ascii	"\036~\255\326\246R\317\276\f6kS\315\320\376L\273\021\r\004\235"
 1450      A652 CFBE 
 1450      0C36 6B53 
 1450      CDD0 FE4C 
 1450      BB11 0D04 
 1451 0076 8980 328A 		.ascii	"\211\2002\21252\030\345I\306\355\321\365cUl\331\230\254\361\362"
 1451      3532 18E5 
 1451      49C6 EDD1 
 1451      F563 556C 
 1451      D998 ACF1 
 1452 008b 1B56 61A4 		.ascii	"\033Va\244d\270\300DSLh\216\242)J\376\301\026bD\362\374r\375"
 1452      64B8 C044 
 1452      534C 688E 
 1452      A229 4AFE 
 1452      C116 6244 
 1453 00a3 7DBA C6D2 		.ascii	"}\272\306\322\376\330\207\267a\221\230\241\265\323\220g\336?"
 1453      FED8 87B7 
 1453      6191 98A1 
 1453      B5D3 9067 
 1453      DE3F 
 1454 00b5 868D 77BF 		.ascii	"\206\215w\277\210\275\3660\250\300PR\310\362\013\321 SV\3645"
 1454      88BD F630 
 1454      A8C0 5052 
 1454      C8F2 0BD1 
 1454      2053 56F4 
 1455 00ca 8C47 43AC 		.ascii	"\214GC\254\334\240\037\360\250\f\263\3600\026\n\210n\221\235"
 1455      DCA0 1FF0 
 1455      A80C B3F0 
 1455      3016 0A88 
 1455      6E91 9D
 1456 00dd 396E F1DB 		.ascii	"9n\361\333<C\264\334\361\211\325\332\021q\243\340K\027\227O>"
 1456      3C43 B4DC 
 1456      F189 D5DA 
 1456      1171 A3E0 
 1456      4B17 974F 
 1457 00f2 2A72 C8BA 		.ascii	"*r\310\272\021A\212>\251\200o+\233\263\225KX\204\250`\0279`\007"
 1457      1141 8A3E 
 1457      A980 6F2B 
 1457      9BB3 954B 
 1457      5884 A860 
 1458 010a 6219 7B58 		.ascii	"b\031{X\002]!w~p\210\177\030\3054<|e\033b\236\337-\335\320\217"
 1458      025D 2177 
 1458      7E70 887F 
 1458      18C5 343C 
 1458      7C65 1B62 
 1459 0124 9DA7 B1BA 		.ascii	"\235\247\261\272\300\316\035\006\346\026\276\227\255?\372<\305"
 1459      C0CE 1D06 
 1459      E616 BE97 
 1459      AD3F FA3C 
 1459      C5
 1460 0135 121B FB22 		.ascii	"\022\033\373\"(\371t\300\242\177C\335K\364<+A\237\241d\231\245"
 1460      28F9 74C0 
 1460      A27F 43DD 
 1460      4BF4 3C2B 
 1460      419F A164 
 1461 014b 409D DD5C 		.ascii	"@\235\335\\@\376\001_\317dZ\357\364tw$\354\276d\274\267\317v"
 1461      40FE 015F 
 1461      CF64 5AEF 
 1461      F474 7724 
 1461      ECBE 64BC 
 1462 0162 EC84 9D8A 		.ascii	"\354\204\235\212\247\322]\235q;\355\364\246\235\376d*\231p\032"
 1462      A7D2 5D9D 
 1462      713B EDF4 
 1462      A69D FE64 
 1462      2A99 701A 
 1463 0176 13F4 09A0 		.ascii	"\023\364\t\240\027\215J"
 1463      178D 4A
 1464               		.text
 1465               		.section	.gnu.lto_.symbol_nodes.b3d7a55e,"",@progbits
 1466 0000 789C 6D8B 		.ascii	"x\234m\213\273\r\302@\020\005go}v\031 *\001\032\3335\025\320"
 1466      BB0D C240 
 1466      1005 676F 
 1466      7D76 1920 
 1466      2A01 1ADB 
 1467 0017 8211 4D40 		.ascii	"\202\021M@\200D\216\0209\005\020\360'$1\347\023BB\362\213F\232"
 1467      8044 8E10 
 1467      3905 10F0 
 1467      2724 31E7 
 1467      1342 42F2 
 1468 002e 7915 CA91 		.ascii	"y\025\312\221\264p\303\230\271{!\363=\211Y\371\326K$\271\370"
 1468      B470 C398 
 1468      B97B 21F3 
 1468      3D89 59F9 
 1468      D64B 24B9 
 1469 0043 8261 D75C 		.ascii	"\202a\327\\1\371k\326>\311E\270`\241\327\3043R\217\272\344\216"
 1469      31F9 6BD6 
 1469      3EC9 45B8 
 1469      60A1 D7C4 
 1469      3352 8FBA 
 1470 0059 69FF F981 		.ascii	"i\377\371\201\025\275F\236Xl\277\033d\013\356cP\ru~L5\362\243"
 1470      15BD 469E 
 1470      586C BF1B 
 1470      640B EE63 
 1470      500D 757E 
 1471 0071 6AD7 366F 		.ascii	"j\3276o\221\245h\031\233\315\341\204,\204\0173\371?["
 1471      91A5 6819 
 1471      9BCD E184 
 1471      2C84 0F33 
 1471      F93F 5B
 1472               		.text
 1473               		.section	.gnu.lto_.refs.b3d7a55e,"",@progbits
 1474 0000 789C 6367 		.string	"x\234cg`f\020````\004\"&FfF\026\026F6\006\026&\006"
 1474      6066 1060 
 1474      6060 6004 
 1474      2226 4666 
 1474      4616 1646 
 1475 001a 0319 00   		.string	"\003\031"
 1476 001d 39        		.ascii	"9"
 1477               		.text
 1478               		.section	.gnu.lto_.decls.b3d7a55e,"",@progbits
 1479 0000 789C 8D54 		.string	"x\234\215TkL\\E\024\236\263wa\357ny\331\030C\223\375A\322J41<|$\364\237\266\215&\306\370\
 1479      6B4C 5C45 
 1479      149E B377 
 1479      61EF 6E79 
 1479      D918 4393 
 1480 003a 2184 8055 		.ascii	"!\204\200U\260X\255\020Cc\354\017J\345\212\274\212\345\265@\201"
 1480      B058 AD10 
 1480      4363 EC0F 
 1480      4AE5 8ABC 
 1480      8AE5 B540 
 1481 004f 52DC 052A 		.ascii	"R\334\005*\250I5\266\242FQ<\363X\270K4\351\204\303\334s\346\233"
 1481      A849 35B6 
 1481      A246 513C 
 1481      F358 B84B 
 1481      34E9 84C3 
 1482 0067 EF7C E7CC 		.ascii	"\357|\347\314\354\330\210B\016\245\022\362:\020R\206\266\215"
 1482      ECD8 8842 
 1482      0EA5 12F2 
 1482      3A10 5286 
 1482      B68D 
 1483 0079 035D 328D 		.ascii	"\003]2\215\206.1\210\030,6\2126\2016\2056\2036\2076\217fA\273"
 1483      862E 3188 
 1483      182C 368A 
 1483      3681 3685 
 1483      3683 3687 
 1484 0092 85B6 4C92 		.ascii	"\205\266L\222G\003\022Xq\036Bs\242\305\321\026\345\032H>\220"
 1484      4703 1258 
 1484      711E 4273 
 1484      A2C5 D116 
 1484      E51A 483E 
 1485 00a7 7BCD E33C 		.ascii	"{\315\343<\b\3162S~\220\271\367\216\016\\H1aW\320\306\321V\345"
 1485      08CE 3253 
 1485      7E90 B9F7 
 1485      8E0E 5C48 
 1485      3161 57D0 
 1486 00bf BA45 EA9D 		.ascii	"\272E\352\235\220\034{5~,5\032R\347\032\332\210\\Sd\235\243\262"
 1486      901C 7B35 
 1486      7E2C 351A 
 1486      52E7 1ADA 
 1486      885C 5364 
 1487 00d6 CEBD A34B 		.ascii	"\316\275\243K\3466d},\347\035\264\250)\367\234\344\370\257\334"
 1487      E636 647D 
 1487      2CE7 1DB4 
 1487      A829 F79C 
 1487      E4F8 AFDC 
 1488 00ea 0D0A 9CBA 		.ascii	"\r\n\234\272\332\261l\255U\300\351\200m@\277>\022[K\023>[\216"
 1488      DAB1 6CAD 
 1488      55C0 E980 
 1488      6D40 BF3E 
 1488      125B 4B13 
 1489 0101 C6A3 EFAA 		.ascii	"\306\243\357\252\212\205\177O.\254\235V\013>\243b\250\257\021"
 1489      8A85 7F4F 
 1489      2EAC 9D56 
 1489      0B3E A362 
 1489      A8AF 11
 1490 0114 B806 0AE7 		.ascii	"\270\006\n\347)\334\307\326/}\360\311`\272\362\"\307.n\254\324"
 1490      29DC C7D6 
 1490      2F7D F0C9 
 1490      60BA F222 
 1490      C72E 6EAC 
 1491 0129 AB8E 5A4A 		.ascii	"\253\216ZJ\337\246F;M\315&\360\224\023\n\234\004\372\201s\177"
 1491      DFA6 463B 
 1491      4DCD 26F0 
 1491      9413 0A9C 
 1491      04FA 8173 
 1492 013e 0905 04FA 		.ascii	"\t\005\004\372\300\tW\001\203\0068pOOwO\253"
 1492      C009 5701 
 1492      8306 3870 
 1492      4F4F 774F 
 1492      AB
 1493 014f 3506 CB80 		.string	"5\006\313\200\351\270\\\246\032\344\004\334\204\017\334\305\331\"&\031\002\t#\211o\211\02
 1493      E9B8 5CA6 
 1493      1AE4 04DC 
 1493      840F DCC5 
 1493      D922 2619 
 1494 0250 2975 7361 		.ascii	")usa\361-T\0327\2501<d\253\241F$B\251\205\241\340zB'|\203h\346"
 1494      F12D 541A 
 1494      37A8 313C 
 1494      64AB A146 
 1494      2442 A985 
 1495 026d EE48 A576 		.ascii	"\356H\245v\002\023\\j\375\300\337\261T\345\242P\367\353\362Z"
 1495      0213 5C6A 
 1495      FDC0 DFB1 
 1495      54E5 A250 
 1495      F7EB F25A 
 1496 0281 6F06 B2B5 		.ascii	"o\006\262\265c\335\377x\030\031M\220M\232\212\23641\265!\323"
 1496      63DD FF78 
 1496      1819 4D90 
 1496      4D9A 8A9E 
 1496      3431 B521 
 1497 0296 1467 AABA 		.ascii	"\024g\252\272t\267MU.\013\246\355\356\336\367S\314\025\260\342"
 1497      74B7 4D55 
 1497      2E0B A6ED 
 1497      EEDE F753 
 1497      CC15 B0E2 
 1498 02aa 1225 4493 		.ascii	"\022%D\223\232}\266k4jc%`\322\365fe'+\242`\332\224u\332\224\365"
 1498      9A7D B66B 
 1498      346A 6325 
 1498      60D2 F566 
 1498      6527 2BA2 
 1499 02c5 3B6C F50C 		.ascii	";l\365\f\317zn|\251\337\241\f\212\254\361\376\261S\373\244\376"
 1499      CF7A 6E7C 
 1499      A9DF A10C 
 1499      8AAC F1FE 
 1499      B153 FBA4 
 1500 02da E881 24A6 		.ascii	"\350\201$\246Y\023\323\254\211i\036\231\3468S\347\027\177]q("
 1500      5913 D3AC 
 1500      8969 1E99 
 1500      E638 53E7 
 1500      177F 5D71 
 1501 02ef 51C1 44B7 		.ascii	"Q\301D\267V\343\214)\216\3727\256=1s!b\024\210\323\277i\"\272"
 1501      56E3 8C29 
 1501      8EFA 37AE 
 1501      3D31 7321 
 1501      6214 88D3 
 1502 0307 291F 0202 		.ascii	")\037\002\002\363\234\"\322\365\371\274Ui\024\357\306\271\355"
 1502      F39C 22D2 
 1502      F5F9 BC55 
 1502      6914 EFC6 
 1502      B9ED 
 1503 0319 BE33 36F6 		.ascii	"\27636\366\026T=\300[\200\370\272\276\331{\226\334N\332\211\370"
 1503      1654 3DC0 
 1503      5B80 F8BA 
 1503      BED9 7B96 
 1503      DC4E DA89 
 1504 032e D88D 9C4F 		.ascii	"\330\215\234O\267\352i\355\251,X\304\306-\210\234;\rD\237\024"
 1504      B7EA 69ED 
 1504      A92C 58C4 
 1504      C62D 889C 
 1504      3B0D 449F 
 1505 0343 362A 046E 		.ascii	"6*\004nA.\356\374\343\367\276>\007>^\254\307\214\351\227\272"
 1505      412E EEFC 
 1505      E3F7 BE3E 
 1505      073E 5EAC 
 1505      C78C E997 
 1506 0358 E98F 6CCA 		.ascii	"\351\217l\312\270\220\321\330\322\360C\006\322\266\017\260\273"
 1506      B890 D1D8 
 1506      D2F0 4306 
 1506      D2B6 0FB0 
 1506      BB
 1507 0369 7CA8 B12A 		.ascii	"|\250\261*B\0138\362\366\036R\346/\201\263p\f;\262\314y\257/"
 1507      420B 38F2 
 1507      F61E 52E6 
 1507      2F81 B370 
 1507      0C3B B2CC 
 1508 0380 B45D CC44 		.ascii	"\264]\314D\336\375\016\260\260Gqa\3437\025\335\207\035\220\205"
 1508      DEFD 0EB0 
 1508      B047 7161 
 1508      E337 15DD 
 1508      871D 9085 
 1509 0394 6E43 F7D6 		.ascii	"nC\367\326\222=\355\f\373\025NQ\352\310\346JcX\317\267\300\350"
 1509      923D ED0C 
 1509      FB15 4E51 
 1509      EAC8 E64A 
 1509      6358 CFB7 
 1510 03aa E290 C63B 		.ascii	"\342\220\306;\2033\202k\232\306\316\252f0\273S\273\340\025\t"
 1510      8333 826B 
 1510      9AC6 CEAA 
 1510      6630 BB53 
 1510      BBE0 1509 
 1511 03be 5EE1 E0CB 		.ascii	"^\341\340\313+W~\262\232\301F\022\363\252\004\257r\360\346\375"
 1511      2B57 7EB2 
 1511      9AC1 4612 
 1511      F3AA 04AF 
 1511      72F0 E6FD 
 1512 03d2 C83B 49CC 		.ascii	"\310;I\314#I\314k\022\274\306\301M\023\233\353ifp4\t|G\202\331"
 1512      2349 CC6B 
 1512      12BC C6C1 
 1512      4D13 9BEB 
 1512      6966 7034 
 1513 03eb FCA8 FE66 		.ascii	"\374\250\376f\271\313\023\bj\371'\202\001=\340\t\370\363\375"
 1513      B9CB 1308 
 1513      6AF9 2782 
 1513      013D E009 
 1513      F8F3 FD
 1514 03fe E152 777E 		.ascii	"\341Rw~ \254\237\b\353!\315\257y\364<\217\372\302\313\3059G\017"
 1514      20AC 9F08 
 1514      EB21 CDAF 
 1514      79F4 3C8F 
 1514      FAC2 CBC5 
 1515 0415 1F26 D9C9 		.ascii	"\037&\331\311\361\274\222\"\3573O\027=YHla_\205^\344\322\037"
 1515      F1BC 9222 
 1515      EF33 4F17 
 1515      3D59 486C 
 1515      615F 855E 
 1516 042c F285 5CE1 		.ascii	"\362\205\\\341P\tRV\224\372\336\b\0075o\212\353H \340\317}\240"
 1516      5009 5256 
 1516      94FA DE08 
 1516      0735 6F8A 
 1516      EB48 20E0 
 1517 0443 3C24 33A4 		.ascii	"<$3\244\351.\021C\032-h=\251\271\313\035\273\301\375\356\260"
 1517      E92E 1143 
 1517      1A2D 683D 
 1517      A9B9 CB1D 
 1517      BBC1 FDEE 
 1518 0458 1E70 7935 		.ascii	"\036py5\035\3412\224~\262L\013j.\f\207\264\n\357\001\267\327"
 1518      1DE1 3294 
 1518      7EB2 4C0B 
 1518      6A2E 0C87 
 1518      B40A EF01 
 1519 046e 5D1A 0CFB 		.ascii	"]\032\f\373tW\211_s\241\030\024R\201`\315\373\177\n\314\033\362"
 1519      7457 895F 
 1519      73A1 1814 
 1519      5281 60CD 
 1519      FB7F 0ACC 
 1520 0484 CA48 66F1 		.ascii	"\312Hf\361\361#\256cZ\245\317\243\035\327\335\272\366\270\337"
 1520      F123 AE63 
 1520      5AA5 CFA3 
 1520      1DD7 DDBA 
 1520      F6B8 DF
 1521 0497 5722 802F 		.ascii	"W\"\200/\025?\377\\\376\261\240\257R\013\206\362\021\225\177"
 1521      153F FF5C 
 1521      FEB1 A0AF 
 1521      520B 86F2 
 1521      1195 7F
 1522 04aa 9491 E1C7 		.ascii	"\224\221\341\307\253\356P9\356\314\360j!\037\026,u\375\013Gb"
 1522      ABEE 5039 
 1522      EECC F06A 
 1522      211F 162C 
 1522      75FD 0B47 
 1523 04bf 4CEA      		.ascii	"L\352"
 1524               		.text
 1525               		.section	.gnu.lto_.symtab.b3d7a55e,"",@progbits
 1526 0000 7365 745F 		.string	"set_output_user"
 1526      6F75 7470 
 1526      7574 5F75 
 1526      7365 7200 
 1527 0010 00        		.string	""
 1528 0011 01        		.ascii	"\001"
 1529 0012 00        		.string	""
 1530 0013 00        		.string	""
 1531 0014 00        		.string	""
 1532 0015 00        		.string	""
 1533 0016 00        		.string	""
 1534 0017 00        		.string	""
 1535 0018 00        		.string	""
 1536 0019 00        		.string	""
 1537 001a 00        		.string	""
 1538 001b CE00      		.string	"\316"
 1539 001d 00        		.string	""
 1540 001e 00        		.string	""
 1541 001f 7365 745F 		.string	"set_output"
 1541      6F75 7470 
 1541      7574 00
 1542 002a 00        		.string	""
 1543 002b 00        		.string	""
 1544 002c 00        		.string	""
 1545 002d 00        		.string	""
 1546 002e 00        		.string	""
 1547 002f 00        		.string	""
 1548 0030 00        		.string	""
 1549 0031 00        		.string	""
 1550 0032 00        		.string	""
 1551 0033 00        		.string	""
 1552 0034 00        		.string	""
 1553 0035 D000      		.string	"\320"
 1554 0037 00        		.string	""
 1555 0038 00        		.string	""
 1556 0039 6465 7369 		.string	"desired_output"
 1556      7265 645F 
 1556      6F75 7470 
 1556      7574 00
 1557 0048 00        		.string	""
 1558 0049 00        		.string	""
 1559 004a 00        		.string	""
 1560 004b 00        		.string	""
 1561 004c 00        		.string	""
 1562 004d 00        		.string	""
 1563 004e 00        		.string	""
 1564 004f 00        		.string	""
 1565 0050 00        		.string	""
 1566 0051 00        		.string	""
 1567 0052 00        		.string	""
 1568 0053 DD00      		.string	"\335"
 1569 0055 00        		.string	""
 1570 0056 00        		.string	""
 1571 0057 6175 746F 		.string	"auto_detect_output"
 1571      5F64 6574 
 1571      6563 745F 
 1571      6F75 7470 
 1571      7574 00
 1572 006a 00        		.string	""
 1573 006b 00        		.string	""
 1574 006c 00        		.string	""
 1575 006d 00        		.string	""
 1576 006e 00        		.string	""
 1577 006f 00        		.string	""
 1578 0070 00        		.string	""
 1579 0071 00        		.string	""
 1580 0072 00        		.string	""
 1581 0073 00        		.string	""
 1582 0074 00        		.string	""
 1583 0075 D300      		.string	"\323"
 1584 0077 00        		.string	""
 1585 0078 00        		.string	""
 1586 0079 7768 6572 		.string	"where_to_send"
 1586      655F 746F 
 1586      5F73 656E 
 1586      6400 
 1587 0087 00        		.string	""
 1588 0088 00        		.string	""
 1589 0089 00        		.string	""
 1590 008a 00        		.string	""
 1591 008b 00        		.string	""
 1592 008c 00        		.string	""
 1593 008d 00        		.string	""
 1594 008e 00        		.string	""
 1595 008f 00        		.string	""
 1596 0090 00        		.string	""
 1597 0091 00        		.string	""
 1598 0092 D500      		.string	"\325"
 1599 0094 00        		.string	""
 1600 0095 00        		.string	""
 1601 0096 5553 425F 		.string	"USB_DeviceState"
 1601      4465 7669 
 1601      6365 5374 
 1601      6174 6500 
 1602 00a6 00        		.string	""
 1603 00a7 02        		.ascii	"\002"
 1604 00a8 00        		.string	""
 1605 00a9 00        		.string	""
 1606 00aa 00        		.string	""
 1607 00ab 00        		.string	""
 1608 00ac 00        		.string	""
 1609 00ad 00        		.string	""
 1610 00ae 00        		.string	""
 1611 00af 00        		.string	""
 1612 00b0 00        		.string	""
 1613 00b1 DA00      		.string	"\332"
 1614 00b3 00        		.string	""
 1615 00b4 00        		.string	""
 1616 00b5 6164 6166 		.string	"adafruit_ble_is_connected"
 1616      7275 6974 
 1616      5F62 6C65 
 1616      5F69 735F 
 1616      636F 6E6E 
 1617 00cf 00        		.string	""
 1618 00d0 02        		.ascii	"\002"
 1619 00d1 00        		.string	""
 1620 00d2 00        		.string	""
 1621 00d3 00        		.string	""
 1622 00d4 00        		.string	""
 1623 00d5 00        		.string	""
 1624 00d6 00        		.string	""
 1625 00d7 00        		.string	""
 1626 00d8 00        		.string	""
 1627 00d9 00        		.string	""
 1628 00da D700      		.string	"\327"
 1629 00dc 00        		.string	""
 1630 00dd 00        		.string	""
 1631               		.text
 1632               		.section	.gnu.lto_.opts,"",@progbits
 1633 0000 272D 666E 		.ascii	"'-fn"
 1634 0004 6F2D 6F70 		.string	"o-openmp' '-fno-openacc' '-fno-pie' '-mn-flash=1' '-mno-skip-bug' '-mmcu=avr5' '-Os' '-We
 1634      656E 6D70 
 1634      2720 272D 
 1634      666E 6F2D 
 1634      6F70 656E 
 1635               		.text
 1636               		.comm	__gnu_lto_v1,1,1
 1637               		.comm	__gnu_lto_slim,1,1
 1638               		.ident	"GCC: (GNU) 8.4.0"
DEFINED SYMBOLS
                            *ABS*:0000000000000000 outputselect.c
C:\Users\Roningo\AppData\Local\Temp\cccc9I4Q.s:2      *ABS*:000000000000003e __SP_H__
C:\Users\Roningo\AppData\Local\Temp\cccc9I4Q.s:3      *ABS*:000000000000003d __SP_L__
C:\Users\Roningo\AppData\Local\Temp\cccc9I4Q.s:4      *ABS*:000000000000003f __SREG__
C:\Users\Roningo\AppData\Local\Temp\cccc9I4Q.s:5      *ABS*:0000000000000000 __tmp_reg__
C:\Users\Roningo\AppData\Local\Temp\cccc9I4Q.s:6      *ABS*:0000000000000001 __zero_reg__
C:\Users\Roningo\AppData\Local\Temp\cccc9I4Q.s:24     .gnu.debuglto_.debug_info:0000000000000000 outputselect.c.b8d54821
                            *COM*:0000000000000001 __gnu_lto_v1
                            *COM*:0000000000000001 __gnu_lto_slim

NO UNDEFINED SYMBOLS
