   1               		.file	"magic.c"
   2               	__SP_H__ = 0x3e
   3               	__SP_L__ = 0x3d
   4               	__SREG__ = 0x3f
   5               	__tmp_reg__ = 0
   6               	__zero_reg__ = 1
   7               		.file 1 "e:\\game\\msys2\\mingw64\\avr\\include\\stdint.h"
   8               		.file 2 "tmk_core/common/debug.h"
   9               		.file 3 "tmk_core/common/action.h"
  10               		.file 4 "tmk_core/common/host.h"
  11               		.file 5 "quantum/keycode_config.h"
  12               		.file 6 "tmk_core/common/timer.h"
  13               		.file 7 "quantum/sequencer/sequencer.h"
  14               		.file 8 "quantum/keymap.h"
  15               		.file 9 "tmk_core/common/action_layer.h"
  16               		.file 10 "quantum/bootmagic/magic.c"
  17               		.section	.gnu.debuglto_.debug_info,"",@progbits
  18               	.Ldebug_info0:
  19               		.hidden	magic.c.578b2f6a
  20               		.weak	magic.c.578b2f6a
  21               	magic.c.578b2f6a:
  22 0000 8004 0000 		.long	0x480
  23 0004 0200      		.word	0x2
  24 0006 0000 0000 		.long	.Ldebug_abbrev0
  25 000a 04        		.byte	0x4
  26 000b 01        		.uleb128 0x1
  27 000c 0000 0000 		.long	.LASF69
  28 0010 0C        		.byte	0xc
  29 0011 0000 0000 		.long	.LASF70
  30 0015 0000 0000 		.long	.LASF71
  31 0019 0000 0000 		.long	.Ldebug_line0
  32 001d 02        		.uleb128 0x2
  33 001e 01        		.byte	0x1
  34 001f 06        		.byte	0x6
  35 0020 0000 0000 		.long	.LASF0
  36 0024 03        		.uleb128 0x3
  37 0025 0000 0000 		.long	.LASF2
  38 0029 01        		.byte	0x1
  39 002a 7E        		.byte	0x7e
  40 002b 16        		.byte	0x16
  41 002c 3000 0000 		.long	0x30
  42 0030 02        		.uleb128 0x2
  43 0031 01        		.byte	0x1
  44 0032 08        		.byte	0x8
  45 0033 0000 0000 		.long	.LASF1
  46 0037 04        		.uleb128 0x4
  47 0038 02        		.byte	0x2
  48 0039 05        		.byte	0x5
  49 003a 696E 7400 		.string	"int"
  50 003e 03        		.uleb128 0x3
  51 003f 0000 0000 		.long	.LASF3
  52 0043 01        		.byte	0x1
  53 0044 80        		.byte	0x80
  54 0045 16        		.byte	0x16
  55 0046 4F00 0000 		.long	0x4f
  56 004a 05        		.uleb128 0x5
  57 004b 3E00 0000 		.long	0x3e
  58 004f 02        		.uleb128 0x2
  59 0050 02        		.byte	0x2
  60 0051 07        		.byte	0x7
  61 0052 0000 0000 		.long	.LASF4
  62 0056 02        		.uleb128 0x2
  63 0057 04        		.byte	0x4
  64 0058 05        		.byte	0x5
  65 0059 0000 0000 		.long	.LASF5
  66 005d 03        		.uleb128 0x3
  67 005e 0000 0000 		.long	.LASF6
  68 0062 01        		.byte	0x1
  69 0063 82        		.byte	0x82
  70 0064 16        		.byte	0x16
  71 0065 6E00 0000 		.long	0x6e
  72 0069 06        		.uleb128 0x6
  73 006a 5D00 0000 		.long	0x5d
  74 006e 02        		.uleb128 0x2
  75 006f 04        		.byte	0x4
  76 0070 07        		.byte	0x7
  77 0071 0000 0000 		.long	.LASF7
  78 0075 02        		.uleb128 0x2
  79 0076 08        		.byte	0x8
  80 0077 05        		.byte	0x5
  81 0078 0000 0000 		.long	.LASF8
  82 007c 02        		.uleb128 0x2
  83 007d 08        		.byte	0x8
  84 007e 07        		.byte	0x7
  85 007f 0000 0000 		.long	.LASF9
  86 0083 07        		.uleb128 0x7
  87 0084 01        		.byte	0x1
  88 0085 02        		.byte	0x2
  89 0086 1F        		.byte	0x1f
  90 0087 05        		.byte	0x5
  91 0088 E700 0000 		.long	0xe7
  92 008c 08        		.uleb128 0x8
  93 008d 0000 0000 		.long	.LASF10
  94 0091 02        		.byte	0x2
  95 0092 20        		.byte	0x20
  96 0093 11        		.byte	0x11
  97 0094 E700 0000 		.long	0xe7
  98 0098 01        		.byte	0x1
  99 0099 01        		.byte	0x1
 100 009a 07        		.byte	0x7
 101 009b 02        		.byte	0x2
 102 009c 23        		.byte	0x23
 103 009d 00        		.uleb128 0
 104 009e 08        		.uleb128 0x8
 105 009f 0000 0000 		.long	.LASF11
 106 00a3 02        		.byte	0x2
 107 00a4 21        		.byte	0x21
 108 00a5 11        		.byte	0x11
 109 00a6 E700 0000 		.long	0xe7
 110 00aa 01        		.byte	0x1
 111 00ab 01        		.byte	0x1
 112 00ac 06        		.byte	0x6
 113 00ad 02        		.byte	0x2
 114 00ae 23        		.byte	0x23
 115 00af 00        		.uleb128 0
 116 00b0 08        		.uleb128 0x8
 117 00b1 0000 0000 		.long	.LASF12
 118 00b5 02        		.byte	0x2
 119 00b6 22        		.byte	0x22
 120 00b7 11        		.byte	0x11
 121 00b8 E700 0000 		.long	0xe7
 122 00bc 01        		.byte	0x1
 123 00bd 01        		.byte	0x1
 124 00be 05        		.byte	0x5
 125 00bf 02        		.byte	0x2
 126 00c0 23        		.byte	0x23
 127 00c1 00        		.uleb128 0
 128 00c2 08        		.uleb128 0x8
 129 00c3 0000 0000 		.long	.LASF13
 130 00c7 02        		.byte	0x2
 131 00c8 23        		.byte	0x23
 132 00c9 11        		.byte	0x11
 133 00ca E700 0000 		.long	0xe7
 134 00ce 01        		.byte	0x1
 135 00cf 01        		.byte	0x1
 136 00d0 04        		.byte	0x4
 137 00d1 02        		.byte	0x2
 138 00d2 23        		.byte	0x23
 139 00d3 00        		.uleb128 0
 140 00d4 08        		.uleb128 0x8
 141 00d5 0000 0000 		.long	.LASF14
 142 00d9 02        		.byte	0x2
 143 00da 24        		.byte	0x24
 144 00db 11        		.byte	0x11
 145 00dc 2400 0000 		.long	0x24
 146 00e0 01        		.byte	0x1
 147 00e1 04        		.byte	0x4
 148 00e2 00        		.byte	0
 149 00e3 02        		.byte	0x2
 150 00e4 23        		.byte	0x23
 151 00e5 00        		.uleb128 0
 152 00e6 00        		.byte	0
 153 00e7 02        		.uleb128 0x2
 154 00e8 01        		.byte	0x1
 155 00e9 02        		.byte	0x2
 156 00ea 0000 0000 		.long	.LASF15
 157 00ee 09        		.uleb128 0x9
 158 00ef 01        		.byte	0x1
 159 00f0 02        		.byte	0x2
 160 00f1 1E        		.byte	0x1e
 161 00f2 09        		.byte	0x9
 162 00f3 0901 0000 		.long	0x109
 163 00f7 0A        		.uleb128 0xa
 164 00f8 8300 0000 		.long	0x83
 165 00fc 0B        		.uleb128 0xb
 166 00fd 7261 7700 		.string	"raw"
 167 0101 02        		.byte	0x2
 168 0102 26        		.byte	0x26
 169 0103 0D        		.byte	0xd
 170 0104 2400 0000 		.long	0x24
 171 0108 00        		.byte	0
 172 0109 03        		.uleb128 0x3
 173 010a 0000 0000 		.long	.LASF16
 174 010e 02        		.byte	0x2
 175 010f 27        		.byte	0x27
 176 0110 03        		.byte	0x3
 177 0111 EE00 0000 		.long	0xee
 178 0115 0C        		.uleb128 0xc
 179 0116 0000 0000 		.long	.LASF17
 180 011a 02        		.byte	0x2
 181 011b 29        		.byte	0x29
 182 011c 17        		.byte	0x17
 183 011d 0901 0000 		.long	0x109
 184 0121 01        		.byte	0x1
 185 0122 01        		.byte	0x1
 186 0123 0C        		.uleb128 0xc
 187 0124 0000 0000 		.long	.LASF18
 188 0128 03        		.byte	0x3
 189 0129 4B        		.byte	0x4b
 190 012a 0D        		.byte	0xd
 191 012b E700 0000 		.long	0xe7
 192 012f 01        		.byte	0x1
 193 0130 01        		.byte	0x1
 194 0131 0C        		.uleb128 0xc
 195 0132 0000 0000 		.long	.LASF19
 196 0136 04        		.byte	0x4
 197 0137 24        		.byte	0x24
 198 0138 10        		.byte	0x10
 199 0139 2400 0000 		.long	0x24
 200 013d 01        		.byte	0x1
 201 013e 01        		.byte	0x1
 202 013f 0C        		.uleb128 0xc
 203 0140 0000 0000 		.long	.LASF20
 204 0144 04        		.byte	0x4
 205 0145 25        		.byte	0x25
 206 0146 10        		.byte	0x10
 207 0147 2400 0000 		.long	0x24
 208 014b 01        		.byte	0x1
 209 014c 01        		.byte	0x1
 210 014d 07        		.uleb128 0x7
 211 014e 02        		.byte	0x2
 212 014f 05        		.byte	0x5
 213 0150 1D        		.byte	0x1d
 214 0151 05        		.byte	0x5
 215 0152 1D02 0000 		.long	0x21d
 216 0156 08        		.uleb128 0x8
 217 0157 0000 0000 		.long	.LASF21
 218 015b 05        		.byte	0x5
 219 015c 1E        		.byte	0x1e
 220 015d 0E        		.byte	0xe
 221 015e E700 0000 		.long	0xe7
 222 0162 01        		.byte	0x1
 223 0163 01        		.byte	0x1
 224 0164 07        		.byte	0x7
 225 0165 02        		.byte	0x2
 226 0166 23        		.byte	0x23
 227 0167 00        		.uleb128 0
 228 0168 08        		.uleb128 0x8
 229 0169 0000 0000 		.long	.LASF22
 230 016d 05        		.byte	0x5
 231 016e 1F        		.byte	0x1f
 232 016f 0E        		.byte	0xe
 233 0170 E700 0000 		.long	0xe7
 234 0174 01        		.byte	0x1
 235 0175 01        		.byte	0x1
 236 0176 06        		.byte	0x6
 237 0177 02        		.byte	0x2
 238 0178 23        		.byte	0x23
 239 0179 00        		.uleb128 0
 240 017a 08        		.uleb128 0x8
 241 017b 0000 0000 		.long	.LASF23
 242 017f 05        		.byte	0x5
 243 0180 20        		.byte	0x20
 244 0181 0E        		.byte	0xe
 245 0182 E700 0000 		.long	0xe7
 246 0186 01        		.byte	0x1
 247 0187 01        		.byte	0x1
 248 0188 05        		.byte	0x5
 249 0189 02        		.byte	0x2
 250 018a 23        		.byte	0x23
 251 018b 00        		.uleb128 0
 252 018c 08        		.uleb128 0x8
 253 018d 0000 0000 		.long	.LASF24
 254 0191 05        		.byte	0x5
 255 0192 21        		.byte	0x21
 256 0193 0E        		.byte	0xe
 257 0194 E700 0000 		.long	0xe7
 258 0198 01        		.byte	0x1
 259 0199 01        		.byte	0x1
 260 019a 04        		.byte	0x4
 261 019b 02        		.byte	0x2
 262 019c 23        		.byte	0x23
 263 019d 00        		.uleb128 0
 264 019e 08        		.uleb128 0x8
 265 019f 0000 0000 		.long	.LASF25
 266 01a3 05        		.byte	0x5
 267 01a4 22        		.byte	0x22
 268 01a5 0E        		.byte	0xe
 269 01a6 E700 0000 		.long	0xe7
 270 01aa 01        		.byte	0x1
 271 01ab 01        		.byte	0x1
 272 01ac 03        		.byte	0x3
 273 01ad 02        		.byte	0x2
 274 01ae 23        		.byte	0x23
 275 01af 00        		.uleb128 0
 276 01b0 08        		.uleb128 0x8
 277 01b1 0000 0000 		.long	.LASF26
 278 01b5 05        		.byte	0x5
 279 01b6 23        		.byte	0x23
 280 01b7 0E        		.byte	0xe
 281 01b8 E700 0000 		.long	0xe7
 282 01bc 01        		.byte	0x1
 283 01bd 01        		.byte	0x1
 284 01be 02        		.byte	0x2
 285 01bf 02        		.byte	0x2
 286 01c0 23        		.byte	0x23
 287 01c1 00        		.uleb128 0
 288 01c2 08        		.uleb128 0x8
 289 01c3 0000 0000 		.long	.LASF27
 290 01c7 05        		.byte	0x5
 291 01c8 24        		.byte	0x24
 292 01c9 0E        		.byte	0xe
 293 01ca E700 0000 		.long	0xe7
 294 01ce 01        		.byte	0x1
 295 01cf 01        		.byte	0x1
 296 01d0 01        		.byte	0x1
 297 01d1 02        		.byte	0x2
 298 01d2 23        		.byte	0x23
 299 01d3 00        		.uleb128 0
 300 01d4 08        		.uleb128 0x8
 301 01d5 0000 0000 		.long	.LASF28
 302 01d9 05        		.byte	0x5
 303 01da 25        		.byte	0x25
 304 01db 0E        		.byte	0xe
 305 01dc E700 0000 		.long	0xe7
 306 01e0 01        		.byte	0x1
 307 01e1 01        		.byte	0x1
 308 01e2 00        		.byte	0
 309 01e3 02        		.byte	0x2
 310 01e4 23        		.byte	0x23
 311 01e5 00        		.uleb128 0
 312 01e6 08        		.uleb128 0x8
 313 01e7 0000 0000 		.long	.LASF29
 314 01eb 05        		.byte	0x5
 315 01ec 26        		.byte	0x26
 316 01ed 0E        		.byte	0xe
 317 01ee E700 0000 		.long	0xe7
 318 01f2 01        		.byte	0x1
 319 01f3 01        		.byte	0x1
 320 01f4 07        		.byte	0x7
 321 01f5 02        		.byte	0x2
 322 01f6 23        		.byte	0x23
 323 01f7 01        		.uleb128 0x1
 324 01f8 08        		.uleb128 0x8
 325 01f9 0000 0000 		.long	.LASF30
 326 01fd 05        		.byte	0x5
 327 01fe 27        		.byte	0x27
 328 01ff 0E        		.byte	0xe
 329 0200 E700 0000 		.long	0xe7
 330 0204 01        		.byte	0x1
 331 0205 01        		.byte	0x1
 332 0206 06        		.byte	0x6
 333 0207 02        		.byte	0x2
 334 0208 23        		.byte	0x23
 335 0209 01        		.uleb128 0x1
 336 020a 08        		.uleb128 0x8
 337 020b 0000 0000 		.long	.LASF31
 338 020f 05        		.byte	0x5
 339 0210 28        		.byte	0x28
 340 0211 0E        		.byte	0xe
 341 0212 E700 0000 		.long	0xe7
 342 0216 01        		.byte	0x1
 343 0217 01        		.byte	0x1
 344 0218 05        		.byte	0x5
 345 0219 02        		.byte	0x2
 346 021a 23        		.byte	0x23
 347 021b 01        		.uleb128 0x1
 348 021c 00        		.byte	0
 349 021d 09        		.uleb128 0x9
 350 021e 02        		.byte	0x2
 351 021f 05        		.byte	0x5
 352 0220 1B        		.byte	0x1b
 353 0221 09        		.byte	0x9
 354 0222 3802 0000 		.long	0x238
 355 0226 0B        		.uleb128 0xb
 356 0227 7261 7700 		.string	"raw"
 357 022b 05        		.byte	0x5
 358 022c 1C        		.byte	0x1c
 359 022d 0E        		.byte	0xe
 360 022e 3E00 0000 		.long	0x3e
 361 0232 0A        		.uleb128 0xa
 362 0233 4D01 0000 		.long	0x14d
 363 0237 00        		.byte	0
 364 0238 03        		.uleb128 0x3
 365 0239 0000 0000 		.long	.LASF32
 366 023d 05        		.byte	0x5
 367 023e 2A        		.byte	0x2a
 368 023f 03        		.byte	0x3
 369 0240 1D02 0000 		.long	0x21d
 370 0244 0C        		.uleb128 0xc
 371 0245 0000 0000 		.long	.LASF33
 372 0249 05        		.byte	0x5
 373 024a 2C        		.byte	0x2c
 374 024b 18        		.byte	0x18
 375 024c 3802 0000 		.long	0x238
 376 0250 01        		.byte	0x1
 377 0251 01        		.byte	0x1
 378 0252 0C        		.uleb128 0xc
 379 0253 0000 0000 		.long	.LASF34
 380 0257 06        		.byte	0x6
 381 0258 20        		.byte	0x20
 382 0259 1A        		.byte	0x1a
 383 025a 6900 0000 		.long	0x69
 384 025e 01        		.byte	0x1
 385 025f 01        		.byte	0x1
 386 0260 0D        		.uleb128 0xd
 387 0261 07        		.byte	0x7
 388 0262 01        		.byte	0x1
 389 0263 3000 0000 		.long	0x30
 390 0267 07        		.byte	0x7
 391 0268 2D        		.byte	0x2d
 392 0269 0E        		.byte	0xe
 393 026a AB02 0000 		.long	0x2ab
 394 026e 0E        		.uleb128 0xe
 395 026f 0000 0000 		.long	.LASF35
 396 0273 00        		.byte	0
 397 0274 0E        		.uleb128 0xe
 398 0275 0000 0000 		.long	.LASF36
 399 0279 01        		.byte	0x1
 400 027a 0E        		.uleb128 0xe
 401 027b 0000 0000 		.long	.LASF37
 402 027f 02        		.byte	0x2
 403 0280 0E        		.uleb128 0xe
 404 0281 0000 0000 		.long	.LASF38
 405 0285 03        		.byte	0x3
 406 0286 0E        		.uleb128 0xe
 407 0287 0000 0000 		.long	.LASF39
 408 028b 04        		.byte	0x4
 409 028c 0E        		.uleb128 0xe
 410 028d 0000 0000 		.long	.LASF40
 411 0291 05        		.byte	0x5
 412 0292 0E        		.uleb128 0xe
 413 0293 0000 0000 		.long	.LASF41
 414 0297 06        		.byte	0x6
 415 0298 0E        		.uleb128 0xe
 416 0299 0000 0000 		.long	.LASF42
 417 029d 07        		.byte	0x7
 418 029e 0E        		.uleb128 0xe
 419 029f 0000 0000 		.long	.LASF43
 420 02a3 08        		.byte	0x8
 421 02a4 0E        		.uleb128 0xe
 422 02a5 0000 0000 		.long	.LASF44
 423 02a9 09        		.byte	0x9
 424 02aa 00        		.byte	0
 425 02ab 03        		.uleb128 0x3
 426 02ac 0000 0000 		.long	.LASF45
 427 02b0 07        		.byte	0x7
 428 02b1 2D        		.byte	0x2d
 429 02b2 89        		.byte	0x89
 430 02b3 6002 0000 		.long	0x260
 431 02b7 07        		.uleb128 0x7
 432 02b8 23        		.byte	0x23
 433 02b9 07        		.byte	0x7
 434 02ba 2F        		.byte	0x2f
 435 02bb 09        		.byte	0x9
 436 02bc 0C03 0000 		.long	0x30c
 437 02c0 0F        		.uleb128 0xf
 438 02c1 0000 0000 		.long	.LASF46
 439 02c5 07        		.byte	0x7
 440 02c6 30        		.byte	0x30
 441 02c7 1C        		.byte	0x1c
 442 02c8 E700 0000 		.long	0xe7
 443 02cc 02        		.byte	0x2
 444 02cd 23        		.byte	0x23
 445 02ce 00        		.uleb128 0
 446 02cf 0F        		.uleb128 0xf
 447 02d0 0000 0000 		.long	.LASF47
 448 02d4 07        		.byte	0x7
 449 02d5 31        		.byte	0x31
 450 02d6 1C        		.byte	0x1c
 451 02d7 0C03 0000 		.long	0x30c
 452 02db 02        		.byte	0x2
 453 02dc 23        		.byte	0x23
 454 02dd 01        		.uleb128 0x1
 455 02de 0F        		.uleb128 0xf
 456 02df 0000 0000 		.long	.LASF48
 457 02e3 07        		.byte	0x7
 458 02e4 32        		.byte	0x32
 459 02e5 1C        		.byte	0x1c
 460 02e6 1C03 0000 		.long	0x31c
 461 02ea 02        		.byte	0x2
 462 02eb 23        		.byte	0x23
 463 02ec 11        		.uleb128 0x11
 464 02ed 0F        		.uleb128 0xf
 465 02ee 0000 0000 		.long	.LASF49
 466 02f2 07        		.byte	0x7
 467 02f3 33        		.byte	0x33
 468 02f4 1C        		.byte	0x1c
 469 02f5 2400 0000 		.long	0x24
 470 02f9 02        		.byte	0x2
 471 02fa 23        		.byte	0x23
 472 02fb 21        		.uleb128 0x21
 473 02fc 0F        		.uleb128 0xf
 474 02fd 0000 0000 		.long	.LASF50
 475 0301 07        		.byte	0x7
 476 0302 34        		.byte	0x34
 477 0303 1C        		.byte	0x1c
 478 0304 AB02 0000 		.long	0x2ab
 479 0308 02        		.byte	0x2
 480 0309 23        		.byte	0x23
 481 030a 22        		.uleb128 0x22
 482 030b 00        		.byte	0
 483 030c 10        		.uleb128 0x10
 484 030d 2400 0000 		.long	0x24
 485 0311 1C03 0000 		.long	0x31c
 486 0315 11        		.uleb128 0x11
 487 0316 4F00 0000 		.long	0x4f
 488 031a 0F        		.byte	0xf
 489 031b 00        		.byte	0
 490 031c 10        		.uleb128 0x10
 491 031d 3E00 0000 		.long	0x3e
 492 0321 2C03 0000 		.long	0x32c
 493 0325 11        		.uleb128 0x11
 494 0326 4F00 0000 		.long	0x4f
 495 032a 07        		.byte	0x7
 496 032b 00        		.byte	0
 497 032c 03        		.uleb128 0x3
 498 032d 0000 0000 		.long	.LASF51
 499 0331 07        		.byte	0x7
 500 0332 35        		.byte	0x35
 501 0333 03        		.byte	0x3
 502 0334 B702 0000 		.long	0x2b7
 503 0338 12        		.uleb128 0x12
 504 0339 0000 0000 		.long	.LASF55
 505 033d 07        		.byte	0x7
 506 033e 01        		.byte	0x1
 507 033f 3000 0000 		.long	0x30
 508 0343 07        		.byte	0x7
 509 0344 3B        		.byte	0x3b
 510 0345 0E        		.byte	0xe
 511 0346 5D03 0000 		.long	0x35d
 512 034a 0E        		.uleb128 0xe
 513 034b 0000 0000 		.long	.LASF52
 514 034f 00        		.byte	0
 515 0350 0E        		.uleb128 0xe
 516 0351 0000 0000 		.long	.LASF53
 517 0355 01        		.byte	0x1
 518 0356 0E        		.uleb128 0xe
 519 0357 0000 0000 		.long	.LASF54
 520 035b 02        		.byte	0x2
 521 035c 00        		.byte	0
 522 035d 03        		.uleb128 0x3
 523 035e 0000 0000 		.long	.LASF55
 524 0362 07        		.byte	0x7
 525 0363 3F        		.byte	0x3f
 526 0364 03        		.byte	0x3
 527 0365 3803 0000 		.long	0x338
 528 0369 07        		.uleb128 0x7
 529 036a 06        		.byte	0x6
 530 036b 07        		.byte	0x7
 531 036c 41        		.byte	0x41
 532 036d 09        		.byte	0x9
 533 036e BE03 0000 		.long	0x3be
 534 0372 0F        		.uleb128 0xf
 535 0373 0000 0000 		.long	.LASF56
 536 0377 07        		.byte	0x7
 537 0378 42        		.byte	0x42
 538 0379 17        		.byte	0x17
 539 037a 2400 0000 		.long	0x24
 540 037e 02        		.byte	0x2
 541 037f 23        		.byte	0x23
 542 0380 00        		.uleb128 0
 543 0381 0F        		.uleb128 0xf
 544 0382 0000 0000 		.long	.LASF57
 545 0386 07        		.byte	0x7
 546 0387 43        		.byte	0x43
 547 0388 17        		.byte	0x17
 548 0389 2400 0000 		.long	0x24
 549 038d 02        		.byte	0x2
 550 038e 23        		.byte	0x23
 551 038f 01        		.uleb128 0x1
 552 0390 0F        		.uleb128 0xf
 553 0391 0000 0000 		.long	.LASF58
 554 0395 07        		.byte	0x7
 555 0396 44        		.byte	0x44
 556 0397 17        		.byte	0x17
 557 0398 2400 0000 		.long	0x24
 558 039c 02        		.byte	0x2
 559 039d 23        		.byte	0x23
 560 039e 02        		.uleb128 0x2
 561 039f 0F        		.uleb128 0xf
 562 03a0 0000 0000 		.long	.LASF59
 563 03a4 07        		.byte	0x7
 564 03a5 45        		.byte	0x45
 565 03a6 17        		.byte	0x17
 566 03a7 3E00 0000 		.long	0x3e
 567 03ab 02        		.byte	0x2
 568 03ac 23        		.byte	0x23
 569 03ad 03        		.uleb128 0x3
 570 03ae 0F        		.uleb128 0xf
 571 03af 0000 0000 		.long	.LASF60
 572 03b3 07        		.byte	0x7
 573 03b4 46        		.byte	0x46
 574 03b5 17        		.byte	0x17
 575 03b6 5D03 0000 		.long	0x35d
 576 03ba 02        		.byte	0x2
 577 03bb 23        		.byte	0x23
 578 03bc 05        		.uleb128 0x5
 579 03bd 00        		.byte	0
 580 03be 03        		.uleb128 0x3
 581 03bf 0000 0000 		.long	.LASF61
 582 03c3 07        		.byte	0x7
 583 03c4 47        		.byte	0x47
 584 03c5 03        		.byte	0x3
 585 03c6 6903 0000 		.long	0x369
 586 03ca 0C        		.uleb128 0xc
 587 03cb 0000 0000 		.long	.LASF62
 588 03cf 07        		.byte	0x7
 589 03d0 49        		.byte	0x49
 590 03d1 1B        		.byte	0x1b
 591 03d2 2C03 0000 		.long	0x32c
 592 03d6 01        		.byte	0x1
 593 03d7 01        		.byte	0x1
 594 03d8 0C        		.uleb128 0xc
 595 03d9 0000 0000 		.long	.LASF63
 596 03dd 07        		.byte	0x7
 597 03de 4C        		.byte	0x4c
 598 03df 1A        		.byte	0x1a
 599 03e0 BE03 0000 		.long	0x3be
 600 03e4 01        		.byte	0x1
 601 03e5 01        		.byte	0x1
 602 03e6 10        		.uleb128 0x10
 603 03e7 4A00 0000 		.long	0x4a
 604 03eb FD03 0000 		.long	0x3fd
 605 03ef 13        		.uleb128 0x13
 606 03f0 11        		.uleb128 0x11
 607 03f1 4F00 0000 		.long	0x4f
 608 03f5 04        		.byte	0x4
 609 03f6 11        		.uleb128 0x11
 610 03f7 4F00 0000 		.long	0x4f
 611 03fb 0E        		.byte	0xe
 612 03fc 00        		.byte	0
 613 03fd 05        		.uleb128 0x5
 614 03fe E603 0000 		.long	0x3e6
 615 0402 0C        		.uleb128 0xc
 616 0403 0000 0000 		.long	.LASF64
 617 0407 08        		.byte	0x8
 618 0408 37        		.byte	0x37
 619 0409 17        		.byte	0x17
 620 040a FD03 0000 		.long	0x3fd
 621 040e 01        		.byte	0x1
 622 040f 01        		.byte	0x1
 623 0410 10        		.uleb128 0x10
 624 0411 4A00 0000 		.long	0x4a
 625 0415 1B04 0000 		.long	0x41b
 626 0419 13        		.uleb128 0x13
 627 041a 00        		.byte	0
 628 041b 05        		.uleb128 0x5
 629 041c 1004 0000 		.long	0x410
 630 0420 0C        		.uleb128 0xc
 631 0421 0000 0000 		.long	.LASF65
 632 0425 08        		.byte	0x8
 633 0426 38        		.byte	0x38
 634 0427 17        		.byte	0x17
 635 0428 1B04 0000 		.long	0x41b
 636 042c 01        		.byte	0x1
 637 042d 01        		.byte	0x1
 638 042e 03        		.uleb128 0x3
 639 042f 0000 0000 		.long	.LASF66
 640 0433 09        		.byte	0x9
 641 0434 27        		.byte	0x27
 642 0435 12        		.byte	0x12
 643 0436 5D00 0000 		.long	0x5d
 644 043a 0C        		.uleb128 0xc
 645 043b 0000 0000 		.long	.LASF67
 646 043f 09        		.byte	0x9
 647 0440 32        		.byte	0x32
 648 0441 16        		.byte	0x16
 649 0442 2E04 0000 		.long	0x42e
 650 0446 01        		.byte	0x1
 651 0447 01        		.byte	0x1
 652 0448 0C        		.uleb128 0xc
 653 0449 0000 0000 		.long	.LASF68
 654 044d 09        		.byte	0x9
 655 044e 48        		.byte	0x48
 656 044f 16        		.byte	0x16
 657 0450 2E04 0000 		.long	0x42e
 658 0454 01        		.byte	0x1
 659 0455 01        		.byte	0x1
 660 0456 14        		.uleb128 0x14
 661 0457 4402 0000 		.long	0x244
 662 045b 0A        		.byte	0xa
 663 045c 1C        		.byte	0x1c
 664 045d 11        		.byte	0x11
 665 045e 15        		.uleb128 0x15
 666 045f 01        		.byte	0x1
 667 0460 0000 0000 		.long	.LASF72
 668 0464 0A        		.byte	0xa
 669 0465 24        		.byte	0x24
 670 0466 06        		.byte	0x6
 671 0467 01        		.byte	0x1
 672 0468 7904 0000 		.long	0x479
 673 046c 16        		.uleb128 0x16
 674 046d 0000 0000 		.long	.LASF73
 675 0471 0A        		.byte	0xa
 676 0472 31        		.byte	0x31
 677 0473 13        		.byte	0x13
 678 0474 2E04 0000 		.long	0x42e
 679 0478 00        		.byte	0
 680 0479 17        		.uleb128 0x17
 681 047a 01        		.byte	0x1
 682 047b 0000 0000 		.long	.LASF74
 683 047f 0A        		.byte	0xa
 684 0480 1E        		.byte	0x1e
 685 0481 1C        		.byte	0x1c
 686 0482 01        		.byte	0x1
 687 0483 00        		.byte	0
 688               		.section	.gnu.debuglto_.debug_abbrev,"",@progbits
 689               	.Ldebug_abbrev0:
 690 0000 01        		.uleb128 0x1
 691 0001 11        		.uleb128 0x11
 692 0002 01        		.byte	0x1
 693 0003 25        		.uleb128 0x25
 694 0004 0E        		.uleb128 0xe
 695 0005 13        		.uleb128 0x13
 696 0006 0B        		.uleb128 0xb
 697 0007 03        		.uleb128 0x3
 698 0008 0E        		.uleb128 0xe
 699 0009 1B        		.uleb128 0x1b
 700 000a 0E        		.uleb128 0xe
 701 000b 10        		.uleb128 0x10
 702 000c 06        		.uleb128 0x6
 703 000d 00        		.byte	0
 704 000e 00        		.byte	0
 705 000f 02        		.uleb128 0x2
 706 0010 24        		.uleb128 0x24
 707 0011 00        		.byte	0
 708 0012 0B        		.uleb128 0xb
 709 0013 0B        		.uleb128 0xb
 710 0014 3E        		.uleb128 0x3e
 711 0015 0B        		.uleb128 0xb
 712 0016 03        		.uleb128 0x3
 713 0017 0E        		.uleb128 0xe
 714 0018 00        		.byte	0
 715 0019 00        		.byte	0
 716 001a 03        		.uleb128 0x3
 717 001b 16        		.uleb128 0x16
 718 001c 00        		.byte	0
 719 001d 03        		.uleb128 0x3
 720 001e 0E        		.uleb128 0xe
 721 001f 3A        		.uleb128 0x3a
 722 0020 0B        		.uleb128 0xb
 723 0021 3B        		.uleb128 0x3b
 724 0022 0B        		.uleb128 0xb
 725 0023 39        		.uleb128 0x39
 726 0024 0B        		.uleb128 0xb
 727 0025 49        		.uleb128 0x49
 728 0026 13        		.uleb128 0x13
 729 0027 00        		.byte	0
 730 0028 00        		.byte	0
 731 0029 04        		.uleb128 0x4
 732 002a 24        		.uleb128 0x24
 733 002b 00        		.byte	0
 734 002c 0B        		.uleb128 0xb
 735 002d 0B        		.uleb128 0xb
 736 002e 3E        		.uleb128 0x3e
 737 002f 0B        		.uleb128 0xb
 738 0030 03        		.uleb128 0x3
 739 0031 08        		.uleb128 0x8
 740 0032 00        		.byte	0
 741 0033 00        		.byte	0
 742 0034 05        		.uleb128 0x5
 743 0035 26        		.uleb128 0x26
 744 0036 00        		.byte	0
 745 0037 49        		.uleb128 0x49
 746 0038 13        		.uleb128 0x13
 747 0039 00        		.byte	0
 748 003a 00        		.byte	0
 749 003b 06        		.uleb128 0x6
 750 003c 35        		.uleb128 0x35
 751 003d 00        		.byte	0
 752 003e 49        		.uleb128 0x49
 753 003f 13        		.uleb128 0x13
 754 0040 00        		.byte	0
 755 0041 00        		.byte	0
 756 0042 07        		.uleb128 0x7
 757 0043 13        		.uleb128 0x13
 758 0044 01        		.byte	0x1
 759 0045 0B        		.uleb128 0xb
 760 0046 0B        		.uleb128 0xb
 761 0047 3A        		.uleb128 0x3a
 762 0048 0B        		.uleb128 0xb
 763 0049 3B        		.uleb128 0x3b
 764 004a 0B        		.uleb128 0xb
 765 004b 39        		.uleb128 0x39
 766 004c 0B        		.uleb128 0xb
 767 004d 01        		.uleb128 0x1
 768 004e 13        		.uleb128 0x13
 769 004f 00        		.byte	0
 770 0050 00        		.byte	0
 771 0051 08        		.uleb128 0x8
 772 0052 0D        		.uleb128 0xd
 773 0053 00        		.byte	0
 774 0054 03        		.uleb128 0x3
 775 0055 0E        		.uleb128 0xe
 776 0056 3A        		.uleb128 0x3a
 777 0057 0B        		.uleb128 0xb
 778 0058 3B        		.uleb128 0x3b
 779 0059 0B        		.uleb128 0xb
 780 005a 39        		.uleb128 0x39
 781 005b 0B        		.uleb128 0xb
 782 005c 49        		.uleb128 0x49
 783 005d 13        		.uleb128 0x13
 784 005e 0B        		.uleb128 0xb
 785 005f 0B        		.uleb128 0xb
 786 0060 0D        		.uleb128 0xd
 787 0061 0B        		.uleb128 0xb
 788 0062 0C        		.uleb128 0xc
 789 0063 0B        		.uleb128 0xb
 790 0064 38        		.uleb128 0x38
 791 0065 0A        		.uleb128 0xa
 792 0066 00        		.byte	0
 793 0067 00        		.byte	0
 794 0068 09        		.uleb128 0x9
 795 0069 17        		.uleb128 0x17
 796 006a 01        		.byte	0x1
 797 006b 0B        		.uleb128 0xb
 798 006c 0B        		.uleb128 0xb
 799 006d 3A        		.uleb128 0x3a
 800 006e 0B        		.uleb128 0xb
 801 006f 3B        		.uleb128 0x3b
 802 0070 0B        		.uleb128 0xb
 803 0071 39        		.uleb128 0x39
 804 0072 0B        		.uleb128 0xb
 805 0073 01        		.uleb128 0x1
 806 0074 13        		.uleb128 0x13
 807 0075 00        		.byte	0
 808 0076 00        		.byte	0
 809 0077 0A        		.uleb128 0xa
 810 0078 0D        		.uleb128 0xd
 811 0079 00        		.byte	0
 812 007a 49        		.uleb128 0x49
 813 007b 13        		.uleb128 0x13
 814 007c 00        		.byte	0
 815 007d 00        		.byte	0
 816 007e 0B        		.uleb128 0xb
 817 007f 0D        		.uleb128 0xd
 818 0080 00        		.byte	0
 819 0081 03        		.uleb128 0x3
 820 0082 08        		.uleb128 0x8
 821 0083 3A        		.uleb128 0x3a
 822 0084 0B        		.uleb128 0xb
 823 0085 3B        		.uleb128 0x3b
 824 0086 0B        		.uleb128 0xb
 825 0087 39        		.uleb128 0x39
 826 0088 0B        		.uleb128 0xb
 827 0089 49        		.uleb128 0x49
 828 008a 13        		.uleb128 0x13
 829 008b 00        		.byte	0
 830 008c 00        		.byte	0
 831 008d 0C        		.uleb128 0xc
 832 008e 34        		.uleb128 0x34
 833 008f 00        		.byte	0
 834 0090 03        		.uleb128 0x3
 835 0091 0E        		.uleb128 0xe
 836 0092 3A        		.uleb128 0x3a
 837 0093 0B        		.uleb128 0xb
 838 0094 3B        		.uleb128 0x3b
 839 0095 0B        		.uleb128 0xb
 840 0096 39        		.uleb128 0x39
 841 0097 0B        		.uleb128 0xb
 842 0098 49        		.uleb128 0x49
 843 0099 13        		.uleb128 0x13
 844 009a 3F        		.uleb128 0x3f
 845 009b 0C        		.uleb128 0xc
 846 009c 3C        		.uleb128 0x3c
 847 009d 0C        		.uleb128 0xc
 848 009e 00        		.byte	0
 849 009f 00        		.byte	0
 850 00a0 0D        		.uleb128 0xd
 851 00a1 04        		.uleb128 0x4
 852 00a2 01        		.byte	0x1
 853 00a3 3E        		.uleb128 0x3e
 854 00a4 0B        		.uleb128 0xb
 855 00a5 0B        		.uleb128 0xb
 856 00a6 0B        		.uleb128 0xb
 857 00a7 49        		.uleb128 0x49
 858 00a8 13        		.uleb128 0x13
 859 00a9 3A        		.uleb128 0x3a
 860 00aa 0B        		.uleb128 0xb
 861 00ab 3B        		.uleb128 0x3b
 862 00ac 0B        		.uleb128 0xb
 863 00ad 39        		.uleb128 0x39
 864 00ae 0B        		.uleb128 0xb
 865 00af 01        		.uleb128 0x1
 866 00b0 13        		.uleb128 0x13
 867 00b1 00        		.byte	0
 868 00b2 00        		.byte	0
 869 00b3 0E        		.uleb128 0xe
 870 00b4 28        		.uleb128 0x28
 871 00b5 00        		.byte	0
 872 00b6 03        		.uleb128 0x3
 873 00b7 0E        		.uleb128 0xe
 874 00b8 1C        		.uleb128 0x1c
 875 00b9 0B        		.uleb128 0xb
 876 00ba 00        		.byte	0
 877 00bb 00        		.byte	0
 878 00bc 0F        		.uleb128 0xf
 879 00bd 0D        		.uleb128 0xd
 880 00be 00        		.byte	0
 881 00bf 03        		.uleb128 0x3
 882 00c0 0E        		.uleb128 0xe
 883 00c1 3A        		.uleb128 0x3a
 884 00c2 0B        		.uleb128 0xb
 885 00c3 3B        		.uleb128 0x3b
 886 00c4 0B        		.uleb128 0xb
 887 00c5 39        		.uleb128 0x39
 888 00c6 0B        		.uleb128 0xb
 889 00c7 49        		.uleb128 0x49
 890 00c8 13        		.uleb128 0x13
 891 00c9 38        		.uleb128 0x38
 892 00ca 0A        		.uleb128 0xa
 893 00cb 00        		.byte	0
 894 00cc 00        		.byte	0
 895 00cd 10        		.uleb128 0x10
 896 00ce 01        		.uleb128 0x1
 897 00cf 01        		.byte	0x1
 898 00d0 49        		.uleb128 0x49
 899 00d1 13        		.uleb128 0x13
 900 00d2 01        		.uleb128 0x1
 901 00d3 13        		.uleb128 0x13
 902 00d4 00        		.byte	0
 903 00d5 00        		.byte	0
 904 00d6 11        		.uleb128 0x11
 905 00d7 21        		.uleb128 0x21
 906 00d8 00        		.byte	0
 907 00d9 49        		.uleb128 0x49
 908 00da 13        		.uleb128 0x13
 909 00db 2F        		.uleb128 0x2f
 910 00dc 0B        		.uleb128 0xb
 911 00dd 00        		.byte	0
 912 00de 00        		.byte	0
 913 00df 12        		.uleb128 0x12
 914 00e0 04        		.uleb128 0x4
 915 00e1 01        		.byte	0x1
 916 00e2 03        		.uleb128 0x3
 917 00e3 0E        		.uleb128 0xe
 918 00e4 3E        		.uleb128 0x3e
 919 00e5 0B        		.uleb128 0xb
 920 00e6 0B        		.uleb128 0xb
 921 00e7 0B        		.uleb128 0xb
 922 00e8 49        		.uleb128 0x49
 923 00e9 13        		.uleb128 0x13
 924 00ea 3A        		.uleb128 0x3a
 925 00eb 0B        		.uleb128 0xb
 926 00ec 3B        		.uleb128 0x3b
 927 00ed 0B        		.uleb128 0xb
 928 00ee 39        		.uleb128 0x39
 929 00ef 0B        		.uleb128 0xb
 930 00f0 01        		.uleb128 0x1
 931 00f1 13        		.uleb128 0x13
 932 00f2 00        		.byte	0
 933 00f3 00        		.byte	0
 934 00f4 13        		.uleb128 0x13
 935 00f5 21        		.uleb128 0x21
 936 00f6 00        		.byte	0
 937 00f7 00        		.byte	0
 938 00f8 00        		.byte	0
 939 00f9 14        		.uleb128 0x14
 940 00fa 34        		.uleb128 0x34
 941 00fb 00        		.byte	0
 942 00fc 47        		.uleb128 0x47
 943 00fd 13        		.uleb128 0x13
 944 00fe 3A        		.uleb128 0x3a
 945 00ff 0B        		.uleb128 0xb
 946 0100 3B        		.uleb128 0x3b
 947 0101 0B        		.uleb128 0xb
 948 0102 39        		.uleb128 0x39
 949 0103 0B        		.uleb128 0xb
 950 0104 00        		.byte	0
 951 0105 00        		.byte	0
 952 0106 15        		.uleb128 0x15
 953 0107 2E        		.uleb128 0x2e
 954 0108 01        		.byte	0x1
 955 0109 3F        		.uleb128 0x3f
 956 010a 0C        		.uleb128 0xc
 957 010b 03        		.uleb128 0x3
 958 010c 0E        		.uleb128 0xe
 959 010d 3A        		.uleb128 0x3a
 960 010e 0B        		.uleb128 0xb
 961 010f 3B        		.uleb128 0x3b
 962 0110 0B        		.uleb128 0xb
 963 0111 39        		.uleb128 0x39
 964 0112 0B        		.uleb128 0xb
 965 0113 27        		.uleb128 0x27
 966 0114 0C        		.uleb128 0xc
 967 0115 01        		.uleb128 0x1
 968 0116 13        		.uleb128 0x13
 969 0117 00        		.byte	0
 970 0118 00        		.byte	0
 971 0119 16        		.uleb128 0x16
 972 011a 34        		.uleb128 0x34
 973 011b 00        		.byte	0
 974 011c 03        		.uleb128 0x3
 975 011d 0E        		.uleb128 0xe
 976 011e 3A        		.uleb128 0x3a
 977 011f 0B        		.uleb128 0xb
 978 0120 3B        		.uleb128 0x3b
 979 0121 0B        		.uleb128 0xb
 980 0122 39        		.uleb128 0x39
 981 0123 0B        		.uleb128 0xb
 982 0124 49        		.uleb128 0x49
 983 0125 13        		.uleb128 0x13
 984 0126 00        		.byte	0
 985 0127 00        		.byte	0
 986 0128 17        		.uleb128 0x17
 987 0129 2E        		.uleb128 0x2e
 988 012a 00        		.byte	0
 989 012b 3F        		.uleb128 0x3f
 990 012c 0C        		.uleb128 0xc
 991 012d 03        		.uleb128 0x3
 992 012e 0E        		.uleb128 0xe
 993 012f 3A        		.uleb128 0x3a
 994 0130 0B        		.uleb128 0xb
 995 0131 3B        		.uleb128 0x3b
 996 0132 0B        		.uleb128 0xb
 997 0133 39        		.uleb128 0x39
 998 0134 0B        		.uleb128 0xb
 999 0135 27        		.uleb128 0x27
 1000 0136 0C        		.uleb128 0xc
 1001 0137 00        		.byte	0
 1002 0138 00        		.byte	0
 1003 0139 00        		.byte	0
 1004               		.section	.gnu.debuglto_.debug_line,"",@progbits
 1005               	.Ldebug_line0:
 1006 0000 0F01 0000 		.long	.LELT0-.LSLT0
 1007               	.LSLT0:
 1008 0004 0200      		.word	0x2
 1009 0006 0901 0000 		.long	.LELTP0-.LASLTP0
 1010               	.LASLTP0:
 1011 000a 01        		.byte	0x1
 1012 000b 01        		.byte	0x1
 1013 000c F6        		.byte	0xf6
 1014 000d F2        		.byte	0xf2
 1015 000e 0D        		.byte	0xd
 1016 000f 00        		.byte	0
 1017 0010 01        		.byte	0x1
 1018 0011 01        		.byte	0x1
 1019 0012 01        		.byte	0x1
 1020 0013 01        		.byte	0x1
 1021 0014 00        		.byte	0
 1022 0015 00        		.byte	0
 1023 0016 00        		.byte	0
 1024 0017 01        		.byte	0x1
 1025 0018 00        		.byte	0
 1026 0019 00        		.byte	0
 1027 001a 01        		.byte	0x1
 1028 001b 653A 5C67 		.ascii	"e:\\game\\msys2\\mingw64\\avr\\include"
 1028      616D 655C 
 1028      6D73 7973 
 1028      325C 6D69 
 1028      6E67 7736 
 1029 003c 00        		.byte	0
 1030 003d 746D 6B5F 		.ascii	"tmk_core/common"
 1030      636F 7265 
 1030      2F63 6F6D 
 1030      6D6F 6E
 1031 004c 00        		.byte	0
 1032 004d 7175 616E 		.ascii	"quantum"
 1032      7475 6D
 1033 0054 00        		.byte	0
 1034 0055 7175 616E 		.ascii	"quantum/bootmagic"
 1034      7475 6D2F 
 1034      626F 6F74 
 1034      6D61 6769 
 1034      63
 1035 0066 00        		.byte	0
 1036 0067 7175 616E 		.ascii	"quantum/sequencer"
 1036      7475 6D2F 
 1036      7365 7175 
 1036      656E 6365 
 1036      72
 1037 0078 00        		.byte	0
 1038 0079 00        		.byte	0
 1039 007a 7374 6469 		.string	"stdint.h"
 1039      6E74 2E68 
 1039      00
 1040 0083 01        		.uleb128 0x1
 1041 0084 00        		.uleb128 0
 1042 0085 00        		.uleb128 0
 1043 0086 6465 6275 		.string	"debug.h"
 1043      672E 6800 
 1044 008e 02        		.uleb128 0x2
 1045 008f 00        		.uleb128 0
 1046 0090 00        		.uleb128 0
 1047 0091 6163 7469 		.string	"action.h"
 1047      6F6E 2E68 
 1047      00
 1048 009a 02        		.uleb128 0x2
 1049 009b 00        		.uleb128 0
 1050 009c 00        		.uleb128 0
 1051 009d 686F 7374 		.string	"host.h"
 1051      2E68 00
 1052 00a4 02        		.uleb128 0x2
 1053 00a5 00        		.uleb128 0
 1054 00a6 00        		.uleb128 0
 1055 00a7 6B65 7963 		.string	"keycode_config.h"
 1055      6F64 655F 
 1055      636F 6E66 
 1055      6967 2E68 
 1055      00
 1056 00b8 03        		.uleb128 0x3
 1057 00b9 00        		.uleb128 0
 1058 00ba 00        		.uleb128 0
 1059 00bb 7469 6D65 		.string	"timer.h"
 1059      722E 6800 
 1060 00c3 02        		.uleb128 0x2
 1061 00c4 00        		.uleb128 0
 1062 00c5 00        		.uleb128 0
 1063 00c6 7365 7175 		.string	"sequencer/sequencer.h"
 1063      656E 6365 
 1063      722F 7365 
 1063      7175 656E 
 1063      6365 722E 
 1064 00dc 03        		.uleb128 0x3
 1065 00dd 00        		.uleb128 0
 1066 00de 00        		.uleb128 0
 1067 00df 6B65 796D 		.string	"keymap.h"
 1067      6170 2E68 
 1067      00
 1068 00e8 03        		.uleb128 0x3
 1069 00e9 00        		.uleb128 0
 1070 00ea 00        		.uleb128 0
 1071 00eb 6163 7469 		.string	"action_layer.h"
 1071      6F6E 5F6C 
 1071      6179 6572 
 1071      2E68 00
 1072 00fa 02        		.uleb128 0x2
 1073 00fb 00        		.uleb128 0
 1074 00fc 00        		.uleb128 0
 1075 00fd 626F 6F74 		.string	"bootmagic/magic.c"
 1075      6D61 6769 
 1075      632F 6D61 
 1075      6769 632E 
 1075      6300 
 1076 010f 03        		.uleb128 0x3
 1077 0110 00        		.uleb128 0
 1078 0111 00        		.uleb128 0
 1079 0112 00        		.byte	0
 1080               	.LELTP0:
 1081               	.LELT0:
 1082               		.section	.gnu.debuglto_.debug_str,"MS",@progbits,1
 1083               	.LASF55:
 1084 0000 7365 7175 		.string	"sequencer_phase_t"
 1084      656E 6365 
 1084      725F 7068 
 1084      6173 655F 
 1084      7400 
 1085               	.LASF10:
 1086 0012 656E 6162 		.string	"enable"
 1086      6C65 00
 1087               	.LASF24:
 1088 0019 7377 6170 		.string	"swap_ralt_rgui"
 1088      5F72 616C 
 1088      745F 7267 
 1088      7569 00
 1089               	.LASF49:
 1090 0028 7465 6D70 		.string	"tempo"
 1090      6F00 
 1091               	.LASF60:
 1092 002e 7068 6173 		.string	"phase"
 1092      6500 
 1093               	.LASF8:
 1094 0034 6C6F 6E67 		.string	"long long int"
 1094      206C 6F6E 
 1094      6720 696E 
 1094      7400 
 1095               	.LASF16:
 1096 0042 6465 6275 		.string	"debug_config_t"
 1096      675F 636F 
 1096      6E66 6967 
 1096      5F74 00
 1097               	.LASF31:
 1098 0051 6F6E 6573 		.string	"oneshot_disable"
 1098      686F 745F 
 1098      6469 7361 
 1098      626C 6500 
 1099               	.LASF66:
 1100 0061 6C61 7965 		.string	"layer_state_t"
 1100      725F 7374 
 1100      6174 655F 
 1100      7400 
 1101               	.LASF34:
 1102 006f 7469 6D65 		.string	"timer_count"
 1102      725F 636F 
 1102      756E 7400 
 1103               	.LASF69:
 1104 007b 474E 5520 		.string	"GNU C99 8.4.0 -mn-flash=1 -mno-skip-bug -mmcu=avr5 -gdwarf-2 -Os -std=gnu99 -funsigned-ch
 1104      4339 3920 
 1104      382E 342E 
 1104      3020 2D6D 
 1104      6E2D 666C 
 1105               	.LASF2:
 1106 016c 7569 6E74 		.string	"uint8_t"
 1106      385F 7400 
 1107               	.LASF59:
 1108 0174 7469 6D65 		.string	"timer"
 1108      7200 
 1109               	.LASF32:
 1110 017a 6B65 796D 		.string	"keymap_config_t"
 1110      6170 5F63 
 1110      6F6E 6669 
 1110      675F 7400 
 1111               	.LASF56:
 1112 018a 6163 7469 		.string	"active_tracks"
 1112      7665 5F74 
 1112      7261 636B 
 1112      7300 
 1113               	.LASF44:
 1114 0198 5345 5155 		.string	"SEQUENCER_RESOLUTIONS"
 1114      454E 4345 
 1114      525F 5245 
 1114      534F 4C55 
 1114      5449 4F4E 
 1115               	.LASF23:
 1116 01ae 7377 6170 		.string	"swap_lalt_lgui"
 1116      5F6C 616C 
 1116      745F 6C67 
 1116      7569 00
 1117               	.LASF62:
 1118 01bd 7365 7175 		.string	"sequencer_config"
 1118      656E 6365 
 1118      725F 636F 
 1118      6E66 6967 
 1118      00
 1119               	.LASF27:
 1120 01ce 7377 6170 		.string	"swap_backslash_backspace"
 1120      5F62 6163 
 1120      6B73 6C61 
 1120      7368 5F62 
 1120      6163 6B73 
 1121               	.LASF36:
 1122 01e7 5351 5F52 		.string	"SQ_RES_2T"
 1122      4553 5F32 
 1122      5400 
 1123               	.LASF53:
 1124 01f1 5345 5155 		.string	"SEQUENCER_PHASE_RELEASE"
 1124      454E 4345 
 1124      525F 5048 
 1124      4153 455F 
 1124      5245 4C45 
 1125               	.LASF71:
 1126 0209 443A 5C44 		.string	"D:\\Download\\vial-qmk"
 1126      6F77 6E6C 
 1126      6F61 645C 
 1126      7669 616C 
 1126      2D71 6D6B 
 1127               	.LASF5:
 1128 021e 6C6F 6E67 		.string	"long int"
 1128      2069 6E74 
 1128      00
 1129               	.LASF57:
 1130 0227 6375 7272 		.string	"current_track"
 1130      656E 745F 
 1130      7472 6163 
 1130      6B00 
 1131               	.LASF26:
 1132 0235 7377 6170 		.string	"swap_grave_esc"
 1132      5F67 7261 
 1132      7665 5F65 
 1132      7363 00
 1133               	.LASF52:
 1134 0244 5345 5155 		.string	"SEQUENCER_PHASE_ATTACK"
 1134      454E 4345 
 1134      525F 5048 
 1134      4153 455F 
 1134      4154 5441 
 1135               	.LASF73:
 1136 025b 6465 6661 		.string	"default_layer"
 1136      756C 745F 
 1136      6C61 7965 
 1136      7200 
 1137               	.LASF22:
 1138 0269 6361 7073 		.string	"capslock_to_control"
 1138      6C6F 636B 
 1138      5F74 6F5F 
 1138      636F 6E74 
 1138      726F 6C00 
 1139               	.LASF42:
 1140 027d 5351 5F52 		.string	"SQ_RES_16T"
 1140      4553 5F31 
 1140      3654 00
 1141               	.LASF43:
 1142 0288 5351 5F52 		.string	"SQ_RES_32"
 1142      4553 5F33 
 1142      3200 
 1143               	.LASF58:
 1144 0292 6375 7272 		.string	"current_step"
 1144      656E 745F 
 1144      7374 6570 
 1144      00
 1145               	.LASF45:
 1146 029f 7365 7175 		.string	"sequencer_resolution_t"
 1146      656E 6365 
 1146      725F 7265 
 1146      736F 6C75 
 1146      7469 6F6E 
 1147               	.LASF1:
 1148 02b6 756E 7369 		.string	"unsigned char"
 1148      676E 6564 
 1148      2063 6861 
 1148      7200 
 1149               	.LASF19:
 1150 02c4 6B65 7962 		.string	"keyboard_idle"
 1150      6F61 7264 
 1150      5F69 646C 
 1150      6500 
 1151               	.LASF0:
 1152 02d2 7369 676E 		.string	"signed char"
 1152      6564 2063 
 1152      6861 7200 
 1153               	.LASF9:
 1154 02de 6C6F 6E67 		.string	"long long unsigned int"
 1154      206C 6F6E 
 1154      6720 756E 
 1154      7369 676E 
 1154      6564 2069 
 1155               	.LASF6:
 1156 02f5 7569 6E74 		.string	"uint32_t"
 1156      3332 5F74 
 1156      00
 1157               	.LASF4:
 1158 02fe 756E 7369 		.string	"unsigned int"
 1158      676E 6564 
 1158      2069 6E74 
 1158      00
 1159               	.LASF3:
 1160 030b 7569 6E74 		.string	"uint16_t"
 1160      3136 5F74 
 1160      00
 1161               	.LASF63:
 1162 0314 7365 7175 		.string	"sequencer_internal_state"
 1162      656E 6365 
 1162      725F 696E 
 1162      7465 726E 
 1162      616C 5F73 
 1163               	.LASF74:
 1164 032d 626F 6F74 		.string	"bootmagic"
 1164      6D61 6769 
 1164      6300 
 1165               	.LASF35:
 1166 0337 5351 5F52 		.string	"SQ_RES_2"
 1166      4553 5F32 
 1166      00
 1167               	.LASF13:
 1168 0340 6D6F 7573 		.string	"mouse"
 1168      6500 
 1169               	.LASF37:
 1170 0346 5351 5F52 		.string	"SQ_RES_4"
 1170      4553 5F34 
 1170      00
 1171               	.LASF47:
 1172 034f 7374 6570 		.string	"steps"
 1172      7300 
 1173               	.LASF39:
 1174 0355 5351 5F52 		.string	"SQ_RES_8"
 1174      4553 5F38 
 1174      00
 1175               	.LASF65:
 1176 035e 666E 5F61 		.string	"fn_actions"
 1176      6374 696F 
 1176      6E73 00
 1177               	.LASF67:
 1178 0369 6465 6661 		.string	"default_layer_state"
 1178      756C 745F 
 1178      6C61 7965 
 1178      725F 7374 
 1178      6174 6500 
 1179               	.LASF20:
 1180 037d 6B65 7962 		.string	"keyboard_protocol"
 1180      6F61 7264 
 1180      5F70 726F 
 1180      746F 636F 
 1180      6C00 
 1181               	.LASF12:
 1182 038f 6B65 7962 		.string	"keyboard"
 1182      6F61 7264 
 1182      00
 1183               	.LASF30:
 1184 0398 7377 6170 		.string	"swap_rctl_rgui"
 1184      5F72 6374 
 1184      6C5F 7267 
 1184      7569 00
 1185               	.LASF50:
 1186 03a7 7265 736F 		.string	"resolution"
 1186      6C75 7469 
 1186      6F6E 00
 1187               	.LASF54:
 1188 03b2 5345 5155 		.string	"SEQUENCER_PHASE_PAUSE"
 1188      454E 4345 
 1188      525F 5048 
 1188      4153 455F 
 1188      5041 5553 
 1189               	.LASF64:
 1190 03c8 6B65 796D 		.string	"keymaps"
 1190      6170 7300 
 1191               	.LASF15:
 1192 03d0 5F42 6F6F 		.string	"_Bool"
 1192      6C00 
 1193               	.LASF33:
 1194 03d6 6B65 796D 		.string	"keymap_config"
 1194      6170 5F63 
 1194      6F6E 6669 
 1194      6700 
 1195               	.LASF18:
 1196 03e4 6469 7361 		.string	"disable_action_cache"
 1196      626C 655F 
 1196      6163 7469 
 1196      6F6E 5F63 
 1196      6163 6865 
 1197               	.LASF7:
 1198 03f9 6C6F 6E67 		.string	"long unsigned int"
 1198      2075 6E73 
 1198      6967 6E65 
 1198      6420 696E 
 1198      7400 
 1199               	.LASF61:
 1200 040b 7365 7175 		.string	"sequencer_state_t"
 1200      656E 6365 
 1200      725F 7374 
 1200      6174 655F 
 1200      7400 
 1201               	.LASF51:
 1202 041d 7365 7175 		.string	"sequencer_config_t"
 1202      656E 6365 
 1202      725F 636F 
 1202      6E66 6967 
 1202      5F74 00
 1203               	.LASF46:
 1204 0430 656E 6162 		.string	"enabled"
 1204      6C65 6400 
 1205               	.LASF28:
 1206 0438 6E6B 726F 		.string	"nkro"
 1206      00
 1207               	.LASF17:
 1208 043d 6465 6275 		.string	"debug_config"
 1208      675F 636F 
 1208      6E66 6967 
 1208      00
 1209               	.LASF25:
 1210 044a 6E6F 5F67 		.string	"no_gui"
 1210      7569 00
 1211               	.LASF38:
 1212 0451 5351 5F52 		.string	"SQ_RES_4T"
 1212      4553 5F34 
 1212      5400 
 1213               	.LASF21:
 1214 045b 7377 6170 		.string	"swap_control_capslock"
 1214      5F63 6F6E 
 1214      7472 6F6C 
 1214      5F63 6170 
 1214      736C 6F63 
 1215               	.LASF70:
 1216 0471 7175 616E 		.string	"quantum/bootmagic/magic.c"
 1216      7475 6D2F 
 1216      626F 6F74 
 1216      6D61 6769 
 1216      632F 6D61 
 1217               	.LASF29:
 1218 048b 7377 6170 		.string	"swap_lctl_lgui"
 1218      5F6C 6374 
 1218      6C5F 6C67 
 1218      7569 00
 1219               	.LASF72:
 1220 049a 6D61 6769 		.string	"magic"
 1220      6300 
 1221               	.LASF40:
 1222 04a0 5351 5F52 		.string	"SQ_RES_8T"
 1222      4553 5F38 
 1222      5400 
 1223               	.LASF41:
 1224 04aa 5351 5F52 		.string	"SQ_RES_16"
 1224      4553 5F31 
 1224      3600 
 1225               	.LASF14:
 1226 04b4 7265 7365 		.string	"reserved"
 1226      7276 6564 
 1226      00
 1227               	.LASF68:
 1228 04bd 6C61 7965 		.string	"layer_state"
 1228      725F 7374 
 1228      6174 6500 
 1229               	.LASF11:
 1230 04c9 6D61 7472 		.string	"matrix"
 1230      6978 00
 1231               	.LASF48:
 1232 04d0 7472 6163 		.string	"track_notes"
 1232      6B5F 6E6F 
 1232      7465 7300 
 1233               		.text
 1234               		.section	.gnu.lto_.profile.e7426e08,"",@progbits
 1235 0000 789C 6367 		.string	"x\234cg`f`d"
 1235      6066 6064 
 1235      00
 1236 0009 0200      		.string	"\002"
 1237 000b 00        		.string	""
 1238 000c 6200      		.string	"b"
 1239 000e 0C        		.ascii	"\f"
 1240               		.text
 1241               		.section	.gnu.lto_.icf.e7426e08,"",@progbits
 1242 0000 789C 6367 		.string	"x\234cg`f\020a@"
 1242      6066 1061 
 1242      4000 
 1243 000a 6686 E95D 		.string	"f\206\351]'z\271\030\237\355\230>\233\233\371\314\327K\2339\030"
 1243      277A B918 
 1243      9FED 983E 
 1243      9B9B F9CC 
 1243      D74B 9B39 
 1244 0020 5ADE 08CF 		.ascii	"Z\336\b\317"
 1245               		.text
 1246               		.section	.gnu.lto_.jmpfuncs.e7426e08,"",@progbits
 1247 0000 789C 6367 		.string	"x\234cg`f\be@"
 1247      6066 0865 
 1247      4000 
 1248 000a 2620 6604 		.string	"& f\004S\214\007\030\031\031\200\370?\020\360\243\b022Ndfl\354\237\260\226\277\203y&3P=\3
 1248      538C 0718 
 1248      1919 80F8 
 1248      3F10 F0A3 
 1248      0830 3232 
 1249 0043 5FE2 140A 		.ascii	"_\342\024\n"
 1250               		.text
 1251               		.section	.gnu.lto_.inline.e7426e08,"",@progbits
 1252 0000 789C 6367 		.string	"x\234cg`f\250a@"
 1252      6066 A861 
 1252      4000 
 1253 000a 2606 06E6 		.string	"&\006\006\346\006 `If\004\261\033\201\314:\006\0066\210\020\023H\210\201\201\221A\362\354
 1253      0620 6049 
 1253      6604 B11B 
 1253      81CC 3A06 
 1253      0636 8810 
 1254 004b 2640 1260 		.ascii	"&@\022`"
 1255               		.text
 1256               		.section	.gnu.lto_.pureconst.e7426e08,"",@progbits
 1257 0000 789C 6367 		.string	"x\234cg`f`g```b\230\301\3028\203\005"
 1257      6066 6067 
 1257      6060 6062 
 1257      98C1 C238 
 1257      8305 00
 1258 0013 0539 014D 		.ascii	"\0059\001M"
 1259               		.text
 1260               		.section	.gnu.lto_bootmagic.e7426e08,"",@progbits
 1261 0000 789C 6367 		.string	"x\234cg`f\230\304\300\300 \003\304\262@\314\310\314\300\310\324\320\320\340\300\336\310\3
 1261      6066 98C4 
 1261      C0C0 2003 
 1261      C4B2 40CC 
 1261      C8CC C0C8 
 1262 00b9 00        		.string	""
 1263 00ba 6B7C 3B86 		.ascii	"k|;\206"
 1264               		.text
 1265               		.section	.gnu.lto_magic.e7426e08,"",@progbits
 1266 0000 789C 8552 		.string	"x\234\205R\335KTA\024\237s\317\334\335Uw\375\310,\025\003\237|XA1\350\003\352\241\177\240
 1266      DD4B 5441 
 1266      149F 73CF 
 1266      DCDD 5577 
 1266      FDC8 2C15 
 1267 0089 EA24 3CC0 		.ascii	"\352$<\300Z4\344\320\002\227\361\032\302\257\3377\277\372\374"
 1267      5A34 E4D0 
 1267      0297 F11A 
 1267      C2AF DF37 
 1267      BFFA FC
 1268 009c 31B2 09BB 		.ascii	"1\262\t\273\263\253H\304l\260\2201\223\226\363A\034\374\214\221"
 1268      B3AB 48C4 
 1268      6CB0 9031 
 1268      9396 F341 
 1268      1CFC 8C91 
 1269 00b0 E78F 3BE1 		.ascii	"\347\217;\341e\274\204\026\002p\272~\274\235\230\361\311\253"
 1269      65BC 8416 
 1269      0270 BA7E 
 1269      BC9D 98F1 
 1269      C9AB 
 1270 00c2 06A5 745D 		.ascii	"\006\245t]1\226F\275\270\017\244\2475;\030\365\226\365\na\b{"
 1270      3196 46BD 
 1270      B80F A4A7 
 1270      353B 18F5 
 1270      96F5 0A61 
 1271 00d8 6250 6F13 		.ascii	"bPo\023v\260\324B\204g\200\204\013O\241\004\236@\211\004/_\360"
 1271      76B0 D442 
 1271      8467 8084 
 1271      0B4F A104 
 1271      9E40 8904 
 1272 00ef C880 CF8F 		.ascii	"\310\200\317\217\326n\370\\\034\206\240,\311\f"
 1272      D66E F85C 
 1272      1C86 A02C 
 1272      C90C 
 1273 00fd 36B8 18D0 		.string	"6\270\030\320_\276\365O\353\266XK\020\316\\/\364\304\263\362\201Y\3105\332t\244\315\305\3
 1273      5FBE F54F 
 1273      EBB6 584B 
 1273      10CE 5C2F 
 1273      F4C4 B3F2 
 1274 01fe C695 4C90 		.ascii	"\306\225L\2202\337I\231\250d\256\370\377\327\016\235\002&\326"
 1274      32DF 4999 
 1274      A864 AEF8 
 1274      FFD7 0E9D 
 1274      0226 D6
 1275 0211 DB21 43A2 		.ascii	"\333!C\242\370/\263>t2\343\351\rpQ\330\344\246\006\254\266=\326"
 1275      F82F B33E 
 1275      7432 E3E9 
 1275      0D70 51D8 
 1275      E4A6 06AC 
 1276 0228 1DE7 5CF2 		.ascii	"\035\347\\\362' C\021\312\311\244'\005|\277<\t\034\332V\313\036"
 1276      2720 4311 
 1276      CAC9 A427 
 1276      057C BF3C 
 1276      091C DA56 
 1277 023e 13DD 04FA 		.ascii	"\023\335\004\372^\202R\210\205{U\324\200#\207(\2722\034\002}"
 1277      5E82 5288 
 1277      857B 55D4 
 1277      8023 8728 
 1277      BA32 1C02 
 1278 0253 73F5 0AD3 		.ascii	"s\365\n\323\252W\030\221#\266\265z\b\323\262zS\262z0C\225\332"
 1278      AA57 1891 
 1278      23B6 B57A 
 1278      08D3 B27A 
 1278      53B2 7A30 
 1279 026a 5145 9189 		.ascii	"QE\221\211\036\362\371\340\250\320-,f\013`t\307\263\224\263\374"
 1279      1EF2 F9E0 
 1279      A8D0 2D2C 
 1279      660B 6074 
 1279      C7B3 94B3 
 1280 027f C2C4 AE06 		.ascii	"\302\304\256\006\226X\212\3175\007\316657TV7665\004N\235\256"
 1280      9658 8ACF 
 1280      3507 CE36 
 1280      3537 5456 
 1280      3736 3635 
 1281 0297 A954 7B45 		.ascii	"\251T{E\r\363\235\254\255\0134\3277\235\250\017\\\250=\237\227"
 1281      0DF3 9DAC 
 1281      AD0B 34D7 
 1281      379D A80F 
 1281      5CA8 3D9F 
 1282 02ac 7CAE 3870 		.ascii	"|\2568p\350p\365\376\272\203\001\366\027\241\264h\350"
 1282      E870 F5FE 
 1282      BA83 01F6 
 1282      17A1 B468 
 1282      E8
 1283               		.text
 1284               		.section	.gnu.lto_.symbol_nodes.e7426e08,"",@progbits
 1285 0000 789C 6D8F 		.string	"x\234m\217\273\021\302@\fDw-\333gl\376\337\020\206J`\206\002\350Hg*\240\006\206\200\032\2
 1285      BB11 C240 
 1285      0C44 772D 
 1285      DB67 6CFE 
 1285      DF10 864A 
 1286 005a DEEF 1AB1 		.ascii	"\336\357\032\261P\261\305\\S[\3144\263\305Ds[\214\325\331b\244"
 1286      50B1 C55C 
 1286      535B CC34 
 1286      B3C5 4473 
 1286      5B8C D5D9 
 1287 0070 8529 8455 		.ascii	"\205)\204U\035\236;\b\313\327\347{#\257\024\366\272\341\273\301"
 1287      1D9E 3B08 
 1287      CBD7 E77B 
 1287      23AF 14F6 
 1287      BAE1 BBC1 
 1288 0084 A2C3 472E 		.ascii	"\242\303G.D\207\027'tq\241\301<b)\314\342n\205?\225{tT"
 1288      4487 1727 
 1288      7471 A1C1 
 1288      3C62 29CC 
 1288      E26E 853F 
 1289               		.text
 1290               		.section	.gnu.lto_.refs.e7426e08,"",@progbits
 1291 0000 789C 6367 		.string	"x\234cg`f\340a```fdd\342`d\346f`\021e"
 1291      6066 E061 
 1291      6060 6066 
 1291      6464 E260 
 1291      64E6 6660 
 1292 0017 00        		.string	""
 1293 0018 02A7 00   		.string	"\002\247"
 1294 001b 4E        		.ascii	"N"
 1295               		.text
 1296               		.section	.gnu.lto_.decls.e7426e08,"",@progbits
 1297 0000 789C 8557 		.ascii	"x\234\205WiPSY\026~\367\335\004BL\210\255\314\024=R5Lu\247\273"
 1297      6950 5359 
 1297      167E F7DD 
 1297      0442 4C88 
 1297      ADCC 143D 
 1298 001a 28A7 C4A5 		.ascii	"(\247\304\245\335\246\346\307\324\264]\363o\346\307L\377\360"
 1298      DDA6 E6C7 
 1298      D4B4 5DF3 
 1298      6FE6 C74C 
 1298      FFF0 
 1299 002c 572A 84A8 		.ascii	"W*\204\250\024\2018I\320\351\177\017%\b\266\".\320,. \322,\""
 1299      1481 3849 
 1299      D0E9 7F0F 
 1299      2508 B622 
 1299      2ED0 2C2E 
 1300 0044 8DBB A0AD 		.ascii	"\215\273\240\255\201\006Ql\220MdQA\320\340\340\002\355\002\242"
 1300      8106 516C 
 1300      904D 6451 
 1300      41D0 E0E0 
 1300      02ED 02A2 
 1301 0058 36CC B94B 		.ascii	"6\314\271K^^\224\324\2448\271\357\334\373\235\357\236s\3569\367"
 1301      5E5E 94D4 
 1301      A438 B9EF 
 1301      DCFB 9DEF 
 1301      9E73 EE39 
 1302 006d 9150 010B 		.ascii	"\221P\001\013\217\347\013B\221(\b\353\220 \314\302\007\013\202"
 1302      8FE7 0B42 
 1302      9128 08EB 
 1302      9020 CCC2 
 1302      070B 82
 1303 0080 D001 02AA 		.ascii	"\320\001\002\252\320 \260O\030\3105\220\026\2206\220N\220>\220"
 1303      D020 B04F 
 1303      18C8 3590 
 1303      1690 3690 
 1303      4E90 3E90 
 1304 0094 6190 0720 		.ascii	"a\220\007 ^\220\247 \304V\013\206\261 \313\220\020\360\331\213"
 1304      5E90 A720 
 1304      C456 0B86 
 1304      B120 CB90 
 1304      10F0 D98B 
 1305 00a8 18E7 26AE 		.ascii	"\030\347&\256#\316\371\376'\007\026\026q\334\002\220\b\356\307"
 1305      23CE F9FE 
 1305      2707 1616 
 1305      71DC 0290 
 1305      08EE C7
 1306 00bb 1848 14C8 		.ascii	"\030H\024\310z\220\317A\226\003\356\t\214+`l\206\361\013\030"
 1306      7A90 CF41 
 1306      9603 EE09 
 1306      8C2B 606C 
 1306      86F1 0B18 
 1307 00cf 7B61 5C09 		.ascii	"{a\\\tc\030\310mx^\005\343}\030W\303\270\004d\b\236\327 \026"
 1307      6318 C86D 
 1307      785E 05E3 
 1307      7D18 57C3 
 1307      B804 6408 
 1308 00e7 DF5A 18FF 		.ascii	"\337Z\030\377\004\322\n\317\020\276\240\206\347\305\210\305\332"
 1308      04D2 0ACF 
 1308      10BE A086 
 1308      E7C5 88C5 
 1308      DA
 1309 00f8 C2E3 F1F2 		.ascii	"\302\343\361\362\370\206\271\257}<\366\266\377\027+F\343M\317"
 1309      F886 B9AF 
 1309      7D3C F6B6 
 1309      FF17 2B46 
 1309      E34D CF
 1310 010b 4E87 6660 		.ascii	"N\207f`\364\271\026\221\254\032`*;upD\307\246\b\242\375\316\325"
 1310      F4B9 1691 
 1310      AC1A 602A 
 1310      3B75 7044 
 1310      C7A6 08A2 
 1311 0122 7C3D 16E9 		.ascii	"|=\026\351\363\215G\2357\360\322j\211}4\177\026\320\217\bS*\343"
 1311      F38D 479D 
 1311      37F0 D26A 
 1311      897D 347F 
 1311      16D0 8F08 
 1312 0139 3CB2 9EB5 		.ascii	"<\262\236\265\253e(\034\257\246\330_\216\270\2471\320,\320\""
 1312      AB65 281C 
 1312      AFA6 D85F 
 1312      8EB8 A731 
 1312      D02C D022 
 1313 014d 15A8 FD87 		.ascii	"\025\250\375\207g\273\364\240FhQ4\250c\315}#a\332\fI\332&MH\322"
 1313      67BB F4A0 
 1313      4668 5134 
 1313      A863 CD7D 
 1313      2361 DA0C 
 1314 0167 8248 01D5 		.ascii	"\202H\001\325\243(\344AQ\002\272\202\350\336\227\321R\001]\202"
 1314      A328 E441 
 1314      5102 BA82 
 1314      E8DE 97D1 
 1314      5201 5D82 
 1315 017b C98B 64B2 		.ascii	"\311\213d\262\001i\301\252\246\252\246@5\210\356\"\221\237\022"
 1315      0169 C1AA 
 1315      A6AA A640 
 1315      3588 EE22 
 1315      919F 12
 1316 018e 3920 C407 		.ascii	"9 \304\007D\205\351\210\2520\212l\340S\210\303\004\3373G\261"
 1316      4485 E988 
 1316      AA30 8A6C 
 1316      E053 88C3 
 1316      04DF 3347 
 1317 01a3 79D1 4F48 		.ascii	"y\321OH\377\220\300\371f}\037\306\315!~B2'\372\222\312\3709\f"
 1317      FF90 C0F9 
 1317      667D 1FC6 
 1317      CD21 7E42 
 1317      3227 FA92 
 1318 01bb BE44 C42B 		.ascii	"\276D\304+\22630^\205\003\001\213lc\305\2622J\344;\265\252=E"
 1318      9633 305E 
 1318      8503 018B 
 1318      6C63 C5B2 
 1318      324A E43B 
 1319 01d3 E53A FC15 		.ascii	"\345:\374\025\315s\353\235\247Uj\374\017\372\\s\360]\207F%\n"
 1319      CD73 EB9D 
 1319      A755 6AFC 
 1319      0FFA 5C73 
 1319      F05D 8746 
 1320 01e9 A889 1E0B 		.ascii	"\250\211\036\013\311s_\343\321\360\310\\r\\\036I\212Fh\323o\321"
 1320      C973 5FE3 
 1320      D1F0 C85C 
 1320      725C 1E49 
 1320      8A46 68D3 
 1321 01ff 8A28 B414 		.ascii	"\212(\264\024J\0245\243H\370\336\242b\310w/\2757\365\237\024"
 1321      4A14 35A3 
 1321      48F8 DEA2 
 1321      62C8 772F 
 1321      BD37 F59F 
 1322 0214 4B43 1EC9 		.ascii	"KC\036\3113Z\260\346\247\262T\251\246H\222\376Bq\250\021\016"
 1322      335A B0E6 
 1322      A7B2 54A9 
 1322      A648 92FE 
 1322      4271 A811 
 1323 0229 859C 8880 		.ascii	"\205\234\210\200\256\"\225@T\342\317Oh\020\031\2475\002\272\206"
 1323      AE22 9540 
 1323      54E2 CF4F 
 1323      6810 19A7 
 1323      3502 BA86 
 1324 023d 3E01 8A9C 		.ascii	">\001\212\234]\207\362B\260\235\2712|\275^\003tEC\222\307\033"
 1324      5D87 F242 
 1324      B09D B932 
 1324      7CBD 5E03 
 1324      7445 4392 
 1325 0253 EF96 3CA9 		.ascii	"\357\226<\251\340\202H\271\256\373\270\200\341\272\202\350\036"
 1325      E082 48B9 
 1325      AEFB B880 
 1325      E1BA 82E8 
 1325      1E
 1326 0264 10B5 50A2 		.ascii	"\020\265P\242\326\327w\233T8\205\022MUNg\223\230h\r\020oa\356"
 1326      D6D7 779B 
 1326      5438 8512 
 1326      4D55 4E67 
 1326      9398 680D 
 1327 027c 75E5 E86C 		.ascii	"u\345\350l@Td\311\027V+\r\353g\304\343\252\235\230>\026F\342"
 1327      4054 64C9 
 1327      1756 2B0D 
 1327      EB67 C4E3 
 1327      AA9D 983E 
 1328 0293 026C 73C5 		.ascii	"\002ls\305\247\205\227\017H\031!\024\205n(\034\271\301\013Y@"
 1328      A785 970F 
 1328      4819 2114 
 1328      856E 281C 
 1328      B9C1 0B59 
 1329 02a8 6DD4 85DD 		.ascii	"m\324\205\335'Gn\315\303\345(\250\017\375G\323KB\203d\266\203"
 1329      2747 6ECD 
 1329      C3E5 28A8 
 1329      0FFD 47D3 
 1329      4B42 8364 
 1330 02be BAD0 EE73 		.ascii	"\272\320\356s\341\207\374\211K\006\356\202\327\253vK\r\210@\320"
 1330      E187 FC89 
 1330      4B06 EE82 
 1330      D7AB 764B 
 1330      0D88 40D0 
 1331 02d2 4DC5 FE37 		.ascii	"M\305\3767\345\375;\351\376;<\347\036\352p\035\333?\375b\361"
 1331      E5FD 3BE9 
 1331      FE3B 3CE7 
 1331      1EEA 701D 
 1331      DB3F FD62 
 1332 02e7 5D15 344F 		.ascii	"]\0254O\024t)R\264h\024k\321\212#\345\215z\334\303\260}\243\367"
 1332      1474 2952 
 1332      B468 146B 
 1332      D18A 23E5 
 1332      8D7A DCC3 
 1333 02ff B335 ACB3 		.ascii	"\2635\254\263<ER\bt\026\363\n\365 j@\373\352\026\364U7\364\025"
 1333      3C45 5208 
 1333      7416 F30A 
 1333      F520 6A40 
 1333      FBEA 16F4 
 1334 0317 E067 ABEA 		.ascii	"\340g\253\352\016\253\225q\334V\344\2627\240D\362\3522s\303y"
 1334      0EAB 9571 
 1334      DC56 E4B2 
 1334      37A0 44F2 
 1334      EA32 73C3 
 1335 032c 1C53 17FF 		.ascii	"\034S\027\377Xx\212\245\022@\250K\021J\227\034J\037\r\345]\305"
 1335      5878 8AA5 
 1335      1240 A84B 
 1335      114A 971C 
 1335      4A1F 0DE5 
 1336 0342 336F 387E 		.ascii	"3o8~\303\334\353"
 1336      C3DC EB
 1337 0349 2CAC 9C26 		.string	",\254\234&\241\254'\027\016V\304\262\236\305ry\357\200W\213\367\260\373\346zo\341\367\006
 1337      A1AC 2717 
 1337      0E56 C4B2 
 1337      9EC5 7279 
 1337      EF80 578B 
 1338 044a 1A55 F83F 		.string	"\032U\370?*\373\377\224\372\277s\246\357V\b\356\026\003\336 \021\354\r\222]\220^\254\303\
 1338      2AFB FF94 
 1338      FABF 73A6 
 1338      EF56 08EE 
 1338      1603 DE20 
 1339 0486 C04C 603A 		.string	"\300L`:K\202!#P\036\352y\233\316_J\244\0243o\225V\204\343\261\300\332\213`\265w\342\361P-
 1339      4B82 2123 
 1339      501E EA79 
 1339      9BCE 5F4A 
 1339      A414 336F 
 1340 052d 380B F20E 		.ascii	"8\013\362\016\344W\020I4\n\3626-\3626\257\203o\263\334\357\326"
 1340      E457 1049 
 1340      340A F236 
 1340      2DF2 36AF 
 1340      836F B3DC 
 1341 0543 30C5 C3B9 		.ascii	"0\305\303\271\240\t\216\037G~\003r'\021\203q\352W\031\365k\346"
 1341      A009 8E1F 
 1341      477E 0372 
 1341      2711 8371 
 1341      EA57 19F5 
 1342 0559 9FF0 2F08 		.ascii	"\237\360/\bA\n\276r\342oGw\375\223J\021\027\321\003Q\r\034\237"
 1342      410A BE72 
 1342      E26F 4777 
 1342      FD93 4A11 
 1342      17D1 0351 
 1343 0570 5A8C 8C31 		.ascii	"Z\214\2141\306\b\226\327\261u\322\256Hf\224.F\314\221W\306=\271"
 1343      C608 96D7 
 1343      B175 D2AE 
 1343      4866 942E 
 1343      46CC 9157 
 1344 0587 1F13 7280 		.ascii	"\037\023r\200\004\2203W'\273q\032\274\3170\365j\233\210\2030"
 1344      0490 3357 
 1344      27BB 711A 
 1344      BCCF 30F5 
 1344      6A9B 8883 
 1345 059c EDFB 307B 		.ascii	"\355\3730{\004H\262\227\006\331\333.\032\221\233e\f|~\341\315"
 1345      0448 B297 
 1345      06D9 DB2E 
 1345      1A91 9B65 
 1345      0C7C 7EE1 
 1346 05b1 6AD4 E163 		.ascii	"j\324\341c\324g\361]\376p\261\001\305D\3608\277 \256d\202\351"
 1346      D467 F15D 
 1346      FE70 B101 
 1346      C544 F038 
 1346      BF20 AE64 
 1347 05c7 0ED1 DF39 		.ascii	"\016\321\3379\304\2659\366@\031@\035|\233\231\322\267\331\342"
 1347      C4B5 39F6 
 1347      4019 401D 
 1347      7C9B 99D2 
 1347      B7D9 E2
 1348 05da 67C7 2478 		.ascii	"g\307$x\261{\332^A\3554\244\252(\3653\326\224\262\247\240\013"
 1348      B17B DA5E 
 1348      41ED 34A4 
 1348      AA28 F533 
 1348      D694 B2A7 
 1349 05f0 C61C F84F 		.ascii	"\306\034\370Ob\247\370\031y\211\336\336\013o\230\323\230\025"
 1349      62A7 F819 
 1349      7989 DEDE 
 1349      0B6F 98D3 
 1349      9815 
 1350 0602 FCA1 F6A2 		.ascii	"\374\241\366\2420\\\317\224\343\325\265Kp\007{\316=\2257-\342"
 1350      305C CF94 
 1350      E3D5 B54B 
 1350      7007 7BCE 
 1350      3D95 372D 
 1351 0617 21A6 A49F 		.ascii	"!\246\244\237\367\\\013e\375\023\nj\332\370\331&=\036gkE\231"
 1351      F75C 0B65 
 1351      FD13 0A6A 
 1351      DAF8 D926 
 1351      3D1E 676B 
 1352 062d 0F66 105B 		.ascii	"\017f\020[\013\001\265\355d\301*\374\222-\2256\217t\251\330\222"
 1352      0B01 B5ED 
 1352      64C1 2AFC 
 1352      922D 9536 
 1352      8F74 A9D8 
 1353 0642 9A5C A97D 		.ascii	"\232\\\251}\275\345\032\274[E\327\262\006&\253\f\370 S\306/\024"
 1353      BDE5 1ABC 
 1353      5B45 D7B2 
 1353      0626 AB0C 
 1353      F820 53C6 
 1354 0658 66E9 7009 		.ascii	"f\351p\tSJ\352^\217\033\360)\2464\276\374\025\256\260z\246\354"
 1354      534A EA5E 
 1354      8F1B F029 
 1354      A634 BEFC 
 1354      15AE B07A 
 1355 066e E83E 51AA 		.ascii	"\350>Q\252\303\267\250\022^\177\254\366\307p\336\2351F\366ag"
 1355      C3B7 A812 
 1355      5E7F ACF6 
 1355      C770 DE9D 
 1355      3146 F661 
 1356 0683 3A78 08DF 		.ascii	":x\b\337\270\224-\225\333hm\036\200D\037\026?(\331B\310\345~"
 1356      B894 2D95 
 1356      DB68 6D1E 
 1356      8044 1F16 
 1356      3F28 D942 
 1357 069a D1DF A46D 		.ascii	"\321\337\244m_\273I\223\256\207&%h\337\333\347\3036\235y\200"
 1357      5FBB 4993 
 1357      AE87 2625 
 1357      68DF DBE7 
 1357      C336 9D79 
 1358 06af E536 DDFD 		.ascii	"\3456\335\375\036\367R?\267\242\035\032\276\362\265\317\256\340"
 1358      1EF7 523F 
 1358      B7A2 1D1A 
 1358      BEF2 B5CF 
 1358      AEE0 
 1359 06c1 F849 7F97 		.ascii	"\370I\177\227\266\323\032\360{@,\310y\026A\t\024\003\364\030"
 1359      B6D3 1AF0 
 1359      7B40 2CC8 
 1359      7916 4109 
 1359      1403 F418 
 1360 06d5 C8F7 2025 		.ascii	"\310\367 % e \005 \245 G@\216\202\034\0049\244\354\3371\271\177"
 1360      2065 2005 
 1360      20A5 2047 
 1360      408E 821C 
 1360      0439 A4EC 
 1361 06ed B383 2763 		.ascii	"\263\203'c\217\350o\231g\264\035\0018W\307\214\370\343\317\017"
 1361      8FE8 6F99 
 1361      67B4 1D01 
 1361      3857 C78C 
 1361      F8E3 CF0F 
 1362 0701 4EA7 C8D8 		.ascii	"N\247\310\330sy\373\254\340\361+\360\376\353&78\377K\3055\370"
 1362      7379 FBAC 
 1362      E0F1 2BF0 
 1362      FEEB 2637 
 1362      38FF 4BC5 
 1363 0717 E64B 9F41 		.ascii	"\346K\237A^p\203\017\356'\262\260/8~\257\2508A\331\340\273\340"
 1363      5E70 830F 
 1363      EE27 B2B0 
 1363      2F38 7EAF 
 1363      A838 41D9 
 1364 072e 06CA 8BB9 		.ascii	"\006\312\213\271S6\310\tn\300.@\270\327\212\353\253\353\264\310"
 1364      5336 C809 
 1364      6EC0 2E40 
 1364      B8D7 8AEB 
 1364      ABEB B4C8 
 1365 0742 1811 63F4 		.ascii	"\030\021c\364\327\"\271\223\350\001T@G\317U\215\373\346*\225"
 1365      D722 B993 
 1365      E801 5440 
 1365      47CF 558D 
 1365      FBE6 2A95 
 1366 0756 0A7E 5B54 		.ascii	"\n~[TB\251\034\207-\312Y\031\260S\275\307.\302\2129/B\357\bf"
 1366      42A9 1C87 
 1366      2DCA 5919 
 1366      B053 BDC7 
 1366      2EC2 8A39 
 1367 076f 9B0E F18B 		.ascii	"\233\016\361\2130\330\276\320\207\203\271\373\336\350\261[M/"
 1367      30D8 BED0 
 1367      8783 B9FB 
 1367      DEE8 B15B 
 1367      4D2F 
 1368 0781 B807 65AF 		.ascii	"\270\007e\257\307U\362\005\327\263\222lQ\r\266U\212\013\256\302"
 1368      C755 F205 
 1368      D7B3 926C 
 1368      510D B655 
 1368      8A0B AEC2 
 1369 0795 7FC1 057A 		.ascii	"\177\301\005z\214N\200\243A\234\206\215~>\376\274\230^q\364w"
 1369      8C4E 80A3 
 1369      419C 868D 
 1369      7E3E FEBC 
 1369      985E 71F4 
 1370 07aa CCD2 FDA5 		.ascii	"\314\322\375\245\360;FB\224\376[F\257p\021f\004c\017\374\356"
 1370      F03B 4642 
 1370      94FE 5B46 
 1370      AF70 1166 
 1370      0463 0FFC 
 1371 07bf F881 5E73 		.ascii	"\370\201^s\215G\266\037\327\343\034\352$\252\336QR"
 1371      8D47 B61F 
 1371      D7E3 1CEA 
 1371      24AA DE51 
 1371      52
 1372 07d0 A627 44DB 		.string	"\246'D\333\310\017\207\350\374;\007\245\214\364\371\364\027@\r'\362\375f\025\310\214`\274
 1372      C80F 87E8 
 1372      FC3B 07A5 
 1372      8CF4 F9F4 
 1372      1740 0D27 
 1373 081f F019 0E3E 		.string	"\360\031\016>C\301\005\343OO\205+\301\231\001\007t\226\203\317R\260\264\273p\261\022{?\20
 1373      43C1 05E3 
 1373      4F4F 852B 
 1373      C199 0107 
 1373      7496 83CF 
 1374 084c F179 0E3E 		.ascii	"\361y\016>O\301\325\355-9X\t\356\b`\276\300\301\027X2^u\216\006"
 1374      4FC1 D5ED 
 1374      2D39 5809 
 1374      EE08 60BE 
 1374      C0C1 1758 
 1375 0865 648E E4DB 		.ascii	"d\216\344\333\017\256\345\340Z\n>\227z}\337<%\2705\200\271\216"
 1375      0FAE E5E0 
 1375      5A0A 3E97 
 1375      7A7D DF3C 
 1375      25B8 3580 
 1376 087b 83C9 F8F1 		.ascii	"\203\311\370\361\277S\314\311\256\224\244\3308\273\335\225d\336"
 1376      BF53 CCC9 
 1376      AE94 A4D8 
 1376      38BB DD95 
 1376      64DE 
 1377 088d 9860 89A5 		.ascii	"\230`\211\245\337K,\232\277\375\375\353\350/\327\256\025>\342"
 1377      DF4B 2C9A 
 1377      BFFD FDEB 
 1377      E82F D7AE 
 1377      153E E2
 1378 08a0 134B 56AE 		.ascii	"\023KV\256^\023\267|\303*\263\240\267\231\277\261:LN\227\331"
 1378      5E13 B77C 
 1378      C32A B3A0 
 1378      B799 BFB1 
 1378      3A4C 4E97 
 1379 08b5 6535 B9C2 		.ascii	"e5\271\302dS\325V\2539\361wA\031\0055}X\240\264vZ]\246\304\270"
 1379      6453 D556 
 1379      AB39 F177 
 1379      4119 0535 
 1379      7D58 A0B4 
 1380 08cf DFBB 9212 		.ascii	"\337\273\222\022M\026\273\303\032k\261'%\331\223c\315\026W\202"
 1380      4D16 BBC3 
 1380      1A6B B127 
 1380      25D9 9363 
 1380      CD16 5782 
 1381 08e3 3DD9 4491 		.ascii	"=\331D\221K6\t\037\305[7"
 1381      4B36 091F 
 1381      C55B 37
 1382 08ee 9853 6C2E 		.string	"\230Sl.\0237\265\272\026Y\255\026{\362\206\204\215&\207\325\034o\nX\017MIHv\2551\271\026\
 1382      1337 B5BA 
 1382      1659 AD16 
 1382      7BF2 8684 
 1382      8D26 87D5 
 1383 09ef 918E A8CD 		.ascii	"\221\216\250\315"
 1384               		.text
 1385               		.section	.gnu.lto_.symtab.e7426e08,"",@progbits
 1386 0000 626F 6F74 		.string	"bootmagic"
 1386      6D61 6769 
 1386      6300 
 1387 000a 00        		.string	""
 1388 000b 01        		.ascii	"\001"
 1389 000c 00        		.string	""
 1390 000d 00        		.string	""
 1391 000e 00        		.string	""
 1392 000f 00        		.string	""
 1393 0010 00        		.string	""
 1394 0011 00        		.string	""
 1395 0012 00        		.string	""
 1396 0013 00        		.string	""
 1397 0014 00        		.string	""
 1398 0015 C800      		.string	"\310"
 1399 0017 00        		.string	""
 1400 0018 00        		.string	""
 1401 0019 6D61 6769 		.string	"magic"
 1401      6300 
 1402 001f 00        		.string	""
 1403 0020 00        		.string	""
 1404 0021 00        		.string	""
 1405 0022 00        		.string	""
 1406 0023 00        		.string	""
 1407 0024 00        		.string	""
 1408 0025 00        		.string	""
 1409 0026 00        		.string	""
 1410 0027 00        		.string	""
 1411 0028 00        		.string	""
 1412 0029 00        		.string	""
 1413 002a CA00      		.string	"\312"
 1414 002c 00        		.string	""
 1415 002d 00        		.string	""
 1416 002e 6B65 796D 		.string	"keymap_config"
 1416      6170 5F63 
 1416      6F6E 6669 
 1416      6700 
 1417 003c 00        		.string	""
 1418 003d 04        		.ascii	"\004"
 1419 003e 00        		.string	""
 1420 003f 0200      		.string	"\002"
 1421 0041 00        		.string	""
 1422 0042 00        		.string	""
 1423 0043 00        		.string	""
 1424 0044 00        		.string	""
 1425 0045 00        		.string	""
 1426 0046 00        		.string	""
 1427 0047 2F01 00   		.string	"/\001"
 1428 004a 00        		.string	""
 1429 004b 6465 6275 		.string	"debug_config"
 1429      675F 636F 
 1429      6E66 6967 
 1429      00
 1430 0058 00        		.string	""
 1431 0059 02        		.ascii	"\002"
 1432 005a 00        		.string	""
 1433 005b 00        		.string	""
 1434 005c 00        		.string	""
 1435 005d 00        		.string	""
 1436 005e 00        		.string	""
 1437 005f 00        		.string	""
 1438 0060 00        		.string	""
 1439 0061 00        		.string	""
 1440 0062 00        		.string	""
 1441 0063 0A01 00   		.string	"\n\001"
 1442 0066 00        		.string	""
 1443 0067 6C61 7965 		.string	"layer_state"
 1443      725F 7374 
 1443      6174 6500 
 1444 0073 00        		.string	""
 1445 0074 02        		.ascii	"\002"
 1446 0075 00        		.string	""
 1447 0076 00        		.string	""
 1448 0077 00        		.string	""
 1449 0078 00        		.string	""
 1450 0079 00        		.string	""
 1451 007a 00        		.string	""
 1452 007b 00        		.string	""
 1453 007c 00        		.string	""
 1454 007d 00        		.string	""
 1455 007e 3101 00   		.string	"1\001"
 1456 0081 00        		.string	""
 1457 0082 6C61 7965 		.string	"layer_state_set_kb"
 1457      725F 7374 
 1457      6174 655F 
 1457      7365 745F 
 1457      6B62 00
 1458 0095 00        		.string	""
 1459 0096 02        		.ascii	"\002"
 1460 0097 00        		.string	""
 1461 0098 00        		.string	""
 1462 0099 00        		.string	""
 1463 009a 00        		.string	""
 1464 009b 00        		.string	""
 1465 009c 00        		.string	""
 1466 009d 00        		.string	""
 1467 009e 00        		.string	""
 1468 009f 00        		.string	""
 1469 00a0 CE00      		.string	"\316"
 1470 00a2 00        		.string	""
 1471 00a3 00        		.string	""
 1472 00a4 6465 6661 		.string	"default_layer_set"
 1472      756C 745F 
 1472      6C61 7965 
 1472      725F 7365 
 1472      7400 
 1473 00b6 00        		.string	""
 1474 00b7 02        		.ascii	"\002"
 1475 00b8 00        		.string	""
 1476 00b9 00        		.string	""
 1477 00ba 00        		.string	""
 1478 00bb 00        		.string	""
 1479 00bc 00        		.string	""
 1480 00bd 00        		.string	""
 1481 00be 00        		.string	""
 1482 00bf 00        		.string	""
 1483 00c0 00        		.string	""
 1484 00c1 D200      		.string	"\322"
 1485 00c3 00        		.string	""
 1486 00c4 00        		.string	""
 1487 00c5 6565 636F 		.string	"eeconfig_read_default_layer"
 1487      6E66 6967 
 1487      5F72 6561 
 1487      645F 6465 
 1487      6661 756C 
 1488 00e1 00        		.string	""
 1489 00e2 02        		.ascii	"\002"
 1490 00e3 00        		.string	""
 1491 00e4 00        		.string	""
 1492 00e5 00        		.string	""
 1493 00e6 00        		.string	""
 1494 00e7 00        		.string	""
 1495 00e8 00        		.string	""
 1496 00e9 00        		.string	""
 1497 00ea 00        		.string	""
 1498 00eb 00        		.string	""
 1499 00ec D900      		.string	"\331"
 1500 00ee 00        		.string	""
 1501 00ef 00        		.string	""
 1502 00f0 6565 636F 		.string	"eeconfig_read_keymap"
 1502      6E66 6967 
 1502      5F72 6561 
 1502      645F 6B65 
 1502      796D 6170 
 1503 0105 00        		.string	""
 1504 0106 02        		.ascii	"\002"
 1505 0107 00        		.string	""
 1506 0108 00        		.string	""
 1507 0109 00        		.string	""
 1508 010a 00        		.string	""
 1509 010b 00        		.string	""
 1510 010c 00        		.string	""
 1511 010d 00        		.string	""
 1512 010e 00        		.string	""
 1513 010f 00        		.string	""
 1514 0110 E200      		.string	"\342"
 1515 0112 00        		.string	""
 1516 0113 00        		.string	""
 1517 0114 6565 636F 		.string	"eeconfig_read_debug"
 1517      6E66 6967 
 1517      5F72 6561 
 1517      645F 6465 
 1517      6275 6700 
 1518 0128 00        		.string	""
 1519 0129 02        		.ascii	"\002"
 1520 012a 00        		.string	""
 1521 012b 00        		.string	""
 1522 012c 00        		.string	""
 1523 012d 00        		.string	""
 1524 012e 00        		.string	""
 1525 012f 00        		.string	""
 1526 0130 00        		.string	""
 1527 0131 00        		.string	""
 1528 0132 00        		.string	""
 1529 0133 E400      		.string	"\344"
 1530 0135 00        		.string	""
 1531 0136 00        		.string	""
 1532 0137 6565 636F 		.string	"eeconfig_init"
 1532      6E66 6967 
 1532      5F69 6E69 
 1532      7400 
 1533 0145 00        		.string	""
 1534 0146 02        		.ascii	"\002"
 1535 0147 00        		.string	""
 1536 0148 00        		.string	""
 1537 0149 00        		.string	""
 1538 014a 00        		.string	""
 1539 014b 00        		.string	""
 1540 014c 00        		.string	""
 1541 014d 00        		.string	""
 1542 014e 00        		.string	""
 1543 014f 00        		.string	""
 1544 0150 E600      		.string	"\346"
 1545 0152 00        		.string	""
 1546 0153 00        		.string	""
 1547 0154 6565 636F 		.string	"eeconfig_is_enabled"
 1547      6E66 6967 
 1547      5F69 735F 
 1547      656E 6162 
 1547      6C65 6400 
 1548 0168 00        		.string	""
 1549 0169 02        		.ascii	"\002"
 1550 016a 00        		.string	""
 1551 016b 00        		.string	""
 1552 016c 00        		.string	""
 1553 016d 00        		.string	""
 1554 016e 00        		.string	""
 1555 016f 00        		.string	""
 1556 0170 00        		.string	""
 1557 0171 00        		.string	""
 1558 0172 00        		.string	""
 1559 0173 ED00      		.string	"\355"
 1560 0175 00        		.string	""
 1561 0176 00        		.string	""
 1562               		.text
 1563               		.section	.gnu.lto_.opts,"",@progbits
 1564 0000 272D 666E 		.ascii	"'-fn"
 1565 0004 6F2D 6F70 		.string	"o-openmp' '-fno-openacc' '-fno-pie' '-mn-flash=1' '-mno-skip-bug' '-mmcu=avr5' '-Os' '-We
 1565      656E 6D70 
 1565      2720 272D 
 1565      666E 6F2D 
 1565      6F70 656E 
 1566               		.text
 1567               		.comm	__gnu_lto_v1,1,1
 1568               		.comm	__gnu_lto_slim,1,1
 1569               		.ident	"GCC: (GNU) 8.4.0"
DEFINED SYMBOLS
                            *ABS*:0000000000000000 magic.c
C:\Users\Roningo\AppData\Local\Temp\ccBkll9d.s:2      *ABS*:000000000000003e __SP_H__
C:\Users\Roningo\AppData\Local\Temp\ccBkll9d.s:3      *ABS*:000000000000003d __SP_L__
C:\Users\Roningo\AppData\Local\Temp\ccBkll9d.s:4      *ABS*:000000000000003f __SREG__
C:\Users\Roningo\AppData\Local\Temp\ccBkll9d.s:5      *ABS*:0000000000000000 __tmp_reg__
C:\Users\Roningo\AppData\Local\Temp\ccBkll9d.s:6      *ABS*:0000000000000001 __zero_reg__
C:\Users\Roningo\AppData\Local\Temp\ccBkll9d.s:21     .gnu.debuglto_.debug_info:0000000000000000 magic.c.578b2f6a
                            *COM*:0000000000000001 __gnu_lto_v1
                            *COM*:0000000000000001 __gnu_lto_slim

NO UNDEFINED SYMBOLS
