   1               		.file	"ConfigDescriptors.c"
   2               	__SP_H__ = 0x3e
   3               	__SP_L__ = 0x3d
   4               	__SREG__ = 0x3f
   5               	__tmp_reg__ = 0
   6               	__zero_reg__ = 1
   7               		.file 1 "e:\\game\\msys2\\mingw64\\avr\\include\\stdint.h"
   8               		.file 2 "lib/lufa/LUFA/Drivers/USB/Core/StdRequestType.h"
   9               		.file 3 "lib/lufa/LUFA/Drivers/USB/Core/AVR8/../StdDescriptors.h"
  10               		.file 4 "lib/lufa/LUFA/Drivers/USB/Core/AVR8/../DeviceStandardReq.h"
  11               		.file 5 "lib/lufa/LUFA/Drivers/USB/Core/AVR8/../USBTask.h"
  12               		.file 6 "lib/lufa/LUFA/Drivers/USB/Core/HostStandardReq.h"
  13               		.file 7 "lib/lufa/LUFA/Drivers/USB/Core/ConfigDescriptors.h"
  14               		.file 8 "lib/lufa/LUFA/Drivers/USB/Core/ConfigDescriptors.c"
  15               		.section	.gnu.debuglto_.debug_info,"",@progbits
  16               	.Ldebug_info0:
  17               		.hidden	ConfigDescriptors.c.b4d926d6
  18               		.weak	ConfigDescriptors.c.b4d926d6
  19               	ConfigDescriptors.c.b4d926d6:
  20 0000 5603 0000 		.long	0x356
  21 0004 0200      		.word	0x2
  22 0006 0000 0000 		.long	.Ldebug_abbrev0
  23 000a 04        		.byte	0x4
  24 000b 01        		.uleb128 0x1
  25 000c 0000 0000 		.long	.LASF48
  26 0010 0C        		.byte	0xc
  27 0011 0000 0000 		.long	.LASF49
  28 0015 0000 0000 		.long	.LASF50
  29 0019 0000 0000 		.long	.Ldebug_line0
  30 001d 02        		.uleb128 0x2
  31 001e 01        		.byte	0x1
  32 001f 06        		.byte	0x6
  33 0020 0000 0000 		.long	.LASF0
  34 0024 03        		.uleb128 0x3
  35 0025 0000 0000 		.long	.LASF2
  36 0029 01        		.byte	0x1
  37 002a 7E        		.byte	0x7e
  38 002b 16        		.byte	0x16
  39 002c 3A00 0000 		.long	0x3a
  40 0030 04        		.uleb128 0x4
  41 0031 2400 0000 		.long	0x24
  42 0035 05        		.uleb128 0x5
  43 0036 2400 0000 		.long	0x24
  44 003a 02        		.uleb128 0x2
  45 003b 01        		.byte	0x1
  46 003c 08        		.byte	0x8
  47 003d 0000 0000 		.long	.LASF1
  48 0041 06        		.uleb128 0x6
  49 0042 02        		.byte	0x2
  50 0043 05        		.byte	0x5
  51 0044 696E 7400 		.string	"int"
  52 0048 03        		.uleb128 0x3
  53 0049 0000 0000 		.long	.LASF3
  54 004d 01        		.byte	0x1
  55 004e 80        		.byte	0x80
  56 004f 16        		.byte	0x16
  57 0050 5400 0000 		.long	0x54
  58 0054 02        		.uleb128 0x2
  59 0055 02        		.byte	0x2
  60 0056 07        		.byte	0x7
  61 0057 0000 0000 		.long	.LASF4
  62 005b 02        		.uleb128 0x2
  63 005c 04        		.byte	0x4
  64 005d 05        		.byte	0x5
  65 005e 0000 0000 		.long	.LASF5
  66 0062 02        		.uleb128 0x2
  67 0063 04        		.byte	0x4
  68 0064 07        		.byte	0x7
  69 0065 0000 0000 		.long	.LASF6
  70 0069 02        		.uleb128 0x2
  71 006a 08        		.byte	0x8
  72 006b 05        		.byte	0x5
  73 006c 0000 0000 		.long	.LASF7
  74 0070 02        		.uleb128 0x2
  75 0071 08        		.byte	0x8
  76 0072 07        		.byte	0x7
  77 0073 0000 0000 		.long	.LASF8
  78 0077 03        		.uleb128 0x3
  79 0078 0000 0000 		.long	.LASF9
  80 007c 01        		.byte	0x1
  81 007d 97        		.byte	0x97
  82 007e 12        		.byte	0x12
  83 007f 4800 0000 		.long	0x48
  84 0083 07        		.uleb128 0x7
  85 0084 08        		.byte	0x8
  86 0085 02        		.byte	0x2
  87 0086 A3        		.byte	0xa3
  88 0087 0C        		.byte	0xc
  89 0088 D800 0000 		.long	0xd8
  90 008c 08        		.uleb128 0x8
  91 008d 0000 0000 		.long	.LASF10
  92 0091 02        		.byte	0x2
  93 0092 A5        		.byte	0xa5
  94 0093 0E        		.byte	0xe
  95 0094 2400 0000 		.long	0x24
  96 0098 02        		.byte	0x2
  97 0099 23        		.byte	0x23
  98 009a 00        		.uleb128 0
  99 009b 08        		.uleb128 0x8
 100 009c 0000 0000 		.long	.LASF11
 101 00a0 02        		.byte	0x2
 102 00a1 A6        		.byte	0xa6
 103 00a2 0E        		.byte	0xe
 104 00a3 2400 0000 		.long	0x24
 105 00a7 02        		.byte	0x2
 106 00a8 23        		.byte	0x23
 107 00a9 01        		.uleb128 0x1
 108 00aa 08        		.uleb128 0x8
 109 00ab 0000 0000 		.long	.LASF12
 110 00af 02        		.byte	0x2
 111 00b0 A7        		.byte	0xa7
 112 00b1 0E        		.byte	0xe
 113 00b2 4800 0000 		.long	0x48
 114 00b6 02        		.byte	0x2
 115 00b7 23        		.byte	0x23
 116 00b8 02        		.uleb128 0x2
 117 00b9 08        		.uleb128 0x8
 118 00ba 0000 0000 		.long	.LASF13
 119 00be 02        		.byte	0x2
 120 00bf A8        		.byte	0xa8
 121 00c0 0E        		.byte	0xe
 122 00c1 4800 0000 		.long	0x48
 123 00c5 02        		.byte	0x2
 124 00c6 23        		.byte	0x23
 125 00c7 04        		.uleb128 0x4
 126 00c8 08        		.uleb128 0x8
 127 00c9 0000 0000 		.long	.LASF14
 128 00cd 02        		.byte	0x2
 129 00ce A9        		.byte	0xa9
 130 00cf 0E        		.byte	0xe
 131 00d0 4800 0000 		.long	0x48
 132 00d4 02        		.byte	0x2
 133 00d5 23        		.byte	0x23
 134 00d6 06        		.uleb128 0x6
 135 00d7 00        		.byte	0
 136 00d8 03        		.uleb128 0x3
 137 00d9 0000 0000 		.long	.LASF15
 138 00dd 02        		.byte	0x2
 139 00de AA        		.byte	0xaa
 140 00df 12        		.byte	0x12
 141 00e0 8300 0000 		.long	0x83
 142 00e4 09        		.uleb128 0x9
 143 00e5 02        		.byte	0x2
 144 00e6 03        		.byte	0x3
 145 00e7 0601      		.word	0x106
 146 00e9 0C        		.byte	0xc
 147 00ea 0F01 0000 		.long	0x10f
 148 00ee 0A        		.uleb128 0xa
 149 00ef 0000 0000 		.long	.LASF16
 150 00f3 03        		.byte	0x3
 151 00f4 0801      		.word	0x108
 152 00f6 0D        		.byte	0xd
 153 00f7 2400 0000 		.long	0x24
 154 00fb 02        		.byte	0x2
 155 00fc 23        		.byte	0x23
 156 00fd 00        		.uleb128 0
 157 00fe 0A        		.uleb128 0xa
 158 00ff 0000 0000 		.long	.LASF17
 159 0103 03        		.byte	0x3
 160 0104 0901      		.word	0x109
 161 0106 0D        		.byte	0xd
 162 0107 2400 0000 		.long	0x24
 163 010b 02        		.byte	0x2
 164 010c 23        		.byte	0x23
 165 010d 01        		.uleb128 0x1
 166 010e 00        		.byte	0
 167 010f 0B        		.uleb128 0xb
 168 0110 0000 0000 		.long	.LASF18
 169 0114 03        		.byte	0x3
 170 0115 0C01      		.word	0x10c
 171 0117 12        		.byte	0x12
 172 0118 E400 0000 		.long	0xe4
 173 011c 0C        		.uleb128 0xc
 174 011d 0000 0000 		.long	.LASF19
 175 0121 04        		.byte	0x4
 176 0122 5E        		.byte	0x5e
 177 0123 13        		.byte	0x13
 178 0124 2400 0000 		.long	0x24
 179 0128 01        		.byte	0x1
 180 0129 01        		.byte	0x1
 181 012a 0C        		.uleb128 0xc
 182 012b 0000 0000 		.long	.LASF20
 183 012f 04        		.byte	0x4
 184 0130 6E        		.byte	0x6e
 185 0131 11        		.byte	0x11
 186 0132 3801 0000 		.long	0x138
 187 0136 01        		.byte	0x1
 188 0137 01        		.byte	0x1
 189 0138 02        		.uleb128 0x2
 190 0139 01        		.byte	0x1
 191 013a 02        		.byte	0x2
 192 013b 0000 0000 		.long	.LASF21
 193 013f 04        		.uleb128 0x4
 194 0140 3801 0000 		.long	0x138
 195 0144 0C        		.uleb128 0xc
 196 0145 0000 0000 		.long	.LASF22
 197 0149 04        		.byte	0x4
 198 014a 78        		.byte	0x78
 199 014b 11        		.byte	0x11
 200 014c 3801 0000 		.long	0x138
 201 0150 01        		.byte	0x1
 202 0151 01        		.byte	0x1
 203 0152 0C        		.uleb128 0xc
 204 0153 0000 0000 		.long	.LASF23
 205 0157 05        		.byte	0x5
 206 0158 51        		.byte	0x51
 207 0159 19        		.byte	0x19
 208 015a 3F01 0000 		.long	0x13f
 209 015e 01        		.byte	0x1
 210 015f 01        		.byte	0x1
 211 0160 0C        		.uleb128 0xc
 212 0161 0000 0000 		.long	.LASF24
 213 0165 05        		.byte	0x5
 214 0166 5B        		.byte	0x5b
 215 0167 21        		.byte	0x21
 216 0168 D800 0000 		.long	0xd8
 217 016c 01        		.byte	0x1
 218 016d 01        		.byte	0x1
 219 016e 0C        		.uleb128 0xc
 220 016f 0000 0000 		.long	.LASF25
 221 0173 05        		.byte	0x5
 222 0174 90        		.byte	0x90
 223 0175 1E        		.byte	0x1e
 224 0176 3000 0000 		.long	0x30
 225 017a 01        		.byte	0x1
 226 017b 01        		.byte	0x1
 227 017c 0C        		.uleb128 0xc
 228 017d 0000 0000 		.long	.LASF26
 229 0181 06        		.byte	0x6
 230 0182 67        		.byte	0x67
 231 0183 13        		.byte	0x13
 232 0184 2400 0000 		.long	0x24
 233 0188 01        		.byte	0x1
 234 0189 01        		.byte	0x1
 235 018a 03        		.uleb128 0x3
 236 018b 0000 0000 		.long	.LASF27
 237 018f 07        		.byte	0x7
 238 0190 72        		.byte	0x72
 239 0191 17        		.byte	0x17
 240 0192 9B01 0000 		.long	0x19b
 241 0196 05        		.uleb128 0x5
 242 0197 8A01 0000 		.long	0x18a
 243 019b 0D        		.uleb128 0xd
 244 019c 02        		.byte	0x2
 245 019d A101 0000 		.long	0x1a1
 246 01a1 0E        		.uleb128 0xe
 247 01a2 01        		.byte	0x1
 248 01a3 2400 0000 		.long	0x24
 249 01a7 B101 0000 		.long	0x1b1
 250 01ab 0F        		.uleb128 0xf
 251 01ac B101 0000 		.long	0x1b1
 252 01b0 00        		.byte	0
 253 01b1 10        		.uleb128 0x10
 254 01b2 02        		.byte	0x2
 255 01b3 11        		.uleb128 0x11
 256 01b4 0000 0000 		.long	.LASF31
 257 01b8 07        		.byte	0x7
 258 01b9 01        		.byte	0x1
 259 01ba 3A00 0000 		.long	0x3a
 260 01be 07        		.byte	0x7
 261 01bf 88        		.byte	0x88
 262 01c0 09        		.byte	0x9
 263 01c1 D801 0000 		.long	0x1d8
 264 01c5 12        		.uleb128 0x12
 265 01c6 0000 0000 		.long	.LASF28
 266 01ca 00        		.byte	0
 267 01cb 12        		.uleb128 0x12
 268 01cc 0000 0000 		.long	.LASF29
 269 01d0 01        		.byte	0x1
 270 01d1 12        		.uleb128 0x12
 271 01d2 0000 0000 		.long	.LASF30
 272 01d6 02        		.byte	0x2
 273 01d7 00        		.byte	0
 274 01d8 11        		.uleb128 0x11
 275 01d9 0000 0000 		.long	.LASF32
 276 01dd 07        		.byte	0x7
 277 01de 01        		.byte	0x1
 278 01df 3A00 0000 		.long	0x3a
 279 01e3 07        		.byte	0x7
 280 01e4 90        		.byte	0x90
 281 01e5 09        		.byte	0x9
 282 01e6 FD01 0000 		.long	0x1fd
 283 01ea 12        		.uleb128 0x12
 284 01eb 0000 0000 		.long	.LASF33
 285 01ef 00        		.byte	0
 286 01f0 12        		.uleb128 0x12
 287 01f1 0000 0000 		.long	.LASF34
 288 01f5 01        		.byte	0x1
 289 01f6 12        		.uleb128 0x12
 290 01f7 0000 0000 		.long	.LASF35
 291 01fb 02        		.byte	0x2
 292 01fc 00        		.byte	0
 293 01fd 13        		.uleb128 0x13
 294 01fe 01        		.byte	0x1
 295 01ff 0000 0000 		.long	.LASF51
 296 0203 08        		.byte	0x8
 297 0204 77        		.byte	0x77
 298 0205 09        		.byte	0x9
 299 0206 01        		.byte	0x1
 300 0207 2400 0000 		.long	0x24
 301 020b 5A02 0000 		.long	0x25a
 302 020f 14        		.uleb128 0x14
 303 0210 0000 0000 		.long	.LASF36
 304 0214 08        		.byte	0x8
 305 0215 77        		.byte	0x77
 306 0216 33        		.byte	0x33
 307 0217 6002 0000 		.long	0x260
 308 021b 14        		.uleb128 0x14
 309 021c 0000 0000 		.long	.LASF37
 310 0220 08        		.byte	0x8
 311 0221 78        		.byte	0x78
 312 0222 30        		.byte	0x30
 313 0223 6B02 0000 		.long	0x26b
 314 0227 14        		.uleb128 0x14
 315 0228 0000 0000 		.long	.LASF38
 316 022c 08        		.byte	0x8
 317 022d 79        		.byte	0x79
 318 022e 3F        		.byte	0x3f
 319 022f 9601 0000 		.long	0x196
 320 0233 15        		.uleb128 0x15
 321 0234 0000 0000 		.long	.LASF39
 322 0238 08        		.byte	0x8
 323 0239 7B        		.byte	0x7b
 324 023a 0A        		.byte	0xa
 325 023b 2400 0000 		.long	0x24
 326 023f 16        		.uleb128 0x16
 327 0240 15        		.uleb128 0x15
 328 0241 0000 0000 		.long	.LASF40
 329 0245 08        		.byte	0x8
 330 0246 7F        		.byte	0x7f
 331 0247 0C        		.byte	0xc
 332 0248 7002 0000 		.long	0x270
 333 024c 15        		.uleb128 0x15
 334 024d 0000 0000 		.long	.LASF41
 335 0251 08        		.byte	0x8
 336 0252 80        		.byte	0x80
 337 0253 0C        		.byte	0xc
 338 0254 4800 0000 		.long	0x48
 339 0258 00        		.byte	0
 340 0259 00        		.byte	0
 341 025a 0D        		.uleb128 0xd
 342 025b 02        		.byte	0x2
 343 025c 4800 0000 		.long	0x48
 344 0260 05        		.uleb128 0x5
 345 0261 5A02 0000 		.long	0x25a
 346 0265 0D        		.uleb128 0xd
 347 0266 02        		.byte	0x2
 348 0267 B101 0000 		.long	0x1b1
 349 026b 05        		.uleb128 0x5
 350 026c 6502 0000 		.long	0x265
 351 0270 0D        		.uleb128 0xd
 352 0271 02        		.byte	0x2
 353 0272 2400 0000 		.long	0x24
 354 0276 17        		.uleb128 0x17
 355 0277 01        		.byte	0x1
 356 0278 0000 0000 		.long	.LASF43
 357 027c 08        		.byte	0x8
 358 027d 6C        		.byte	0x6c
 359 027e 06        		.byte	0x6
 360 027f 01        		.byte	0x1
 361 0280 B502 0000 		.long	0x2b5
 362 0284 14        		.uleb128 0x14
 363 0285 0000 0000 		.long	.LASF36
 364 0289 08        		.byte	0x8
 365 028a 6C        		.byte	0x6c
 366 028b 37        		.byte	0x37
 367 028c 6002 0000 		.long	0x260
 368 0290 14        		.uleb128 0x14
 369 0291 0000 0000 		.long	.LASF37
 370 0295 08        		.byte	0x8
 371 0296 6D        		.byte	0x6d
 372 0297 34        		.byte	0x34
 373 0298 6B02 0000 		.long	0x26b
 374 029c 14        		.uleb128 0x14
 375 029d 0000 0000 		.long	.LASF17
 376 02a1 08        		.byte	0x8
 377 02a2 6E        		.byte	0x6e
 378 02a3 35        		.byte	0x35
 379 02a4 3500 0000 		.long	0x35
 380 02a8 14        		.uleb128 0x14
 381 02a9 0000 0000 		.long	.LASF42
 382 02ad 08        		.byte	0x8
 383 02ae 6F        		.byte	0x6f
 384 02af 35        		.byte	0x35
 385 02b0 3500 0000 		.long	0x35
 386 02b4 00        		.byte	0
 387 02b5 17        		.uleb128 0x17
 388 02b6 01        		.byte	0x1
 389 02b7 0000 0000 		.long	.LASF44
 390 02bb 08        		.byte	0x8
 391 02bc 57        		.byte	0x57
 392 02bd 06        		.byte	0x6
 393 02be 01        		.byte	0x1
 394 02bf F402 0000 		.long	0x2f4
 395 02c3 14        		.uleb128 0x14
 396 02c4 0000 0000 		.long	.LASF36
 397 02c8 08        		.byte	0x8
 398 02c9 57        		.byte	0x57
 399 02ca 38        		.byte	0x38
 400 02cb 6002 0000 		.long	0x260
 401 02cf 14        		.uleb128 0x14
 402 02d0 0000 0000 		.long	.LASF37
 403 02d4 08        		.byte	0x8
 404 02d5 58        		.byte	0x58
 405 02d6 35        		.byte	0x35
 406 02d7 6B02 0000 		.long	0x26b
 407 02db 14        		.uleb128 0x14
 408 02dc 0000 0000 		.long	.LASF17
 409 02e0 08        		.byte	0x8
 410 02e1 59        		.byte	0x59
 411 02e2 36        		.byte	0x36
 412 02e3 3500 0000 		.long	0x35
 413 02e7 14        		.uleb128 0x14
 414 02e8 0000 0000 		.long	.LASF45
 415 02ec 08        		.byte	0x8
 416 02ed 5A        		.byte	0x5a
 417 02ee 36        		.byte	0x36
 418 02ef 3500 0000 		.long	0x35
 419 02f3 00        		.byte	0
 420 02f4 17        		.uleb128 0x17
 421 02f5 01        		.byte	0x1
 422 02f6 0000 0000 		.long	.LASF46
 423 02fa 08        		.byte	0x8
 424 02fb 4A        		.byte	0x4a
 425 02fc 06        		.byte	0x6
 426 02fd 01        		.byte	0x1
 427 02fe 2703 0000 		.long	0x327
 428 0302 14        		.uleb128 0x14
 429 0303 0000 0000 		.long	.LASF36
 430 0307 08        		.byte	0x8
 431 0308 4A        		.byte	0x4a
 432 0309 32        		.byte	0x32
 433 030a 6002 0000 		.long	0x260
 434 030e 14        		.uleb128 0x14
 435 030f 0000 0000 		.long	.LASF37
 436 0313 08        		.byte	0x8
 437 0314 4B        		.byte	0x4b
 438 0315 2F        		.byte	0x2f
 439 0316 6B02 0000 		.long	0x26b
 440 031a 14        		.uleb128 0x14
 441 031b 0000 0000 		.long	.LASF17
 442 031f 08        		.byte	0x8
 443 0320 4C        		.byte	0x4c
 444 0321 30        		.byte	0x30
 445 0322 3500 0000 		.long	0x35
 446 0326 00        		.byte	0
 447 0327 18        		.uleb128 0x18
 448 0328 0000 0000 		.long	.LASF52
 449 032c 07        		.byte	0x7
 450 032d 0B01      		.word	0x10b
 451 032f 17        		.byte	0x17
 452 0330 01        		.byte	0x1
 453 0331 19        		.uleb128 0x19
 454 0332 0000 0000 		.long	.LASF36
 455 0336 07        		.byte	0x7
 456 0337 0B01      		.word	0x10b
 457 0339 3D        		.byte	0x3d
 458 033a 6002 0000 		.long	0x260
 459 033e 19        		.uleb128 0x19
 460 033f 0000 0000 		.long	.LASF37
 461 0343 07        		.byte	0x7
 462 0344 0C01      		.word	0x10c
 463 0346 34        		.byte	0x34
 464 0347 6502 0000 		.long	0x265
 465 034b 1A        		.uleb128 0x1a
 466 034c 0000 0000 		.long	.LASF47
 467 0350 07        		.byte	0x7
 468 0351 0E01      		.word	0x10e
 469 0353 0E        		.byte	0xe
 470 0354 4800 0000 		.long	0x48
 471 0358 00        		.byte	0
 472 0359 00        		.byte	0
 473               		.section	.gnu.debuglto_.debug_abbrev,"",@progbits
 474               	.Ldebug_abbrev0:
 475 0000 01        		.uleb128 0x1
 476 0001 11        		.uleb128 0x11
 477 0002 01        		.byte	0x1
 478 0003 25        		.uleb128 0x25
 479 0004 0E        		.uleb128 0xe
 480 0005 13        		.uleb128 0x13
 481 0006 0B        		.uleb128 0xb
 482 0007 03        		.uleb128 0x3
 483 0008 0E        		.uleb128 0xe
 484 0009 1B        		.uleb128 0x1b
 485 000a 0E        		.uleb128 0xe
 486 000b 10        		.uleb128 0x10
 487 000c 06        		.uleb128 0x6
 488 000d 00        		.byte	0
 489 000e 00        		.byte	0
 490 000f 02        		.uleb128 0x2
 491 0010 24        		.uleb128 0x24
 492 0011 00        		.byte	0
 493 0012 0B        		.uleb128 0xb
 494 0013 0B        		.uleb128 0xb
 495 0014 3E        		.uleb128 0x3e
 496 0015 0B        		.uleb128 0xb
 497 0016 03        		.uleb128 0x3
 498 0017 0E        		.uleb128 0xe
 499 0018 00        		.byte	0
 500 0019 00        		.byte	0
 501 001a 03        		.uleb128 0x3
 502 001b 16        		.uleb128 0x16
 503 001c 00        		.byte	0
 504 001d 03        		.uleb128 0x3
 505 001e 0E        		.uleb128 0xe
 506 001f 3A        		.uleb128 0x3a
 507 0020 0B        		.uleb128 0xb
 508 0021 3B        		.uleb128 0x3b
 509 0022 0B        		.uleb128 0xb
 510 0023 39        		.uleb128 0x39
 511 0024 0B        		.uleb128 0xb
 512 0025 49        		.uleb128 0x49
 513 0026 13        		.uleb128 0x13
 514 0027 00        		.byte	0
 515 0028 00        		.byte	0
 516 0029 04        		.uleb128 0x4
 517 002a 35        		.uleb128 0x35
 518 002b 00        		.byte	0
 519 002c 49        		.uleb128 0x49
 520 002d 13        		.uleb128 0x13
 521 002e 00        		.byte	0
 522 002f 00        		.byte	0
 523 0030 05        		.uleb128 0x5
 524 0031 26        		.uleb128 0x26
 525 0032 00        		.byte	0
 526 0033 49        		.uleb128 0x49
 527 0034 13        		.uleb128 0x13
 528 0035 00        		.byte	0
 529 0036 00        		.byte	0
 530 0037 06        		.uleb128 0x6
 531 0038 24        		.uleb128 0x24
 532 0039 00        		.byte	0
 533 003a 0B        		.uleb128 0xb
 534 003b 0B        		.uleb128 0xb
 535 003c 3E        		.uleb128 0x3e
 536 003d 0B        		.uleb128 0xb
 537 003e 03        		.uleb128 0x3
 538 003f 08        		.uleb128 0x8
 539 0040 00        		.byte	0
 540 0041 00        		.byte	0
 541 0042 07        		.uleb128 0x7
 542 0043 13        		.uleb128 0x13
 543 0044 01        		.byte	0x1
 544 0045 0B        		.uleb128 0xb
 545 0046 0B        		.uleb128 0xb
 546 0047 3A        		.uleb128 0x3a
 547 0048 0B        		.uleb128 0xb
 548 0049 3B        		.uleb128 0x3b
 549 004a 0B        		.uleb128 0xb
 550 004b 39        		.uleb128 0x39
 551 004c 0B        		.uleb128 0xb
 552 004d 01        		.uleb128 0x1
 553 004e 13        		.uleb128 0x13
 554 004f 00        		.byte	0
 555 0050 00        		.byte	0
 556 0051 08        		.uleb128 0x8
 557 0052 0D        		.uleb128 0xd
 558 0053 00        		.byte	0
 559 0054 03        		.uleb128 0x3
 560 0055 0E        		.uleb128 0xe
 561 0056 3A        		.uleb128 0x3a
 562 0057 0B        		.uleb128 0xb
 563 0058 3B        		.uleb128 0x3b
 564 0059 0B        		.uleb128 0xb
 565 005a 39        		.uleb128 0x39
 566 005b 0B        		.uleb128 0xb
 567 005c 49        		.uleb128 0x49
 568 005d 13        		.uleb128 0x13
 569 005e 38        		.uleb128 0x38
 570 005f 0A        		.uleb128 0xa
 571 0060 00        		.byte	0
 572 0061 00        		.byte	0
 573 0062 09        		.uleb128 0x9
 574 0063 13        		.uleb128 0x13
 575 0064 01        		.byte	0x1
 576 0065 0B        		.uleb128 0xb
 577 0066 0B        		.uleb128 0xb
 578 0067 3A        		.uleb128 0x3a
 579 0068 0B        		.uleb128 0xb
 580 0069 3B        		.uleb128 0x3b
 581 006a 05        		.uleb128 0x5
 582 006b 39        		.uleb128 0x39
 583 006c 0B        		.uleb128 0xb
 584 006d 01        		.uleb128 0x1
 585 006e 13        		.uleb128 0x13
 586 006f 00        		.byte	0
 587 0070 00        		.byte	0
 588 0071 0A        		.uleb128 0xa
 589 0072 0D        		.uleb128 0xd
 590 0073 00        		.byte	0
 591 0074 03        		.uleb128 0x3
 592 0075 0E        		.uleb128 0xe
 593 0076 3A        		.uleb128 0x3a
 594 0077 0B        		.uleb128 0xb
 595 0078 3B        		.uleb128 0x3b
 596 0079 05        		.uleb128 0x5
 597 007a 39        		.uleb128 0x39
 598 007b 0B        		.uleb128 0xb
 599 007c 49        		.uleb128 0x49
 600 007d 13        		.uleb128 0x13
 601 007e 38        		.uleb128 0x38
 602 007f 0A        		.uleb128 0xa
 603 0080 00        		.byte	0
 604 0081 00        		.byte	0
 605 0082 0B        		.uleb128 0xb
 606 0083 16        		.uleb128 0x16
 607 0084 00        		.byte	0
 608 0085 03        		.uleb128 0x3
 609 0086 0E        		.uleb128 0xe
 610 0087 3A        		.uleb128 0x3a
 611 0088 0B        		.uleb128 0xb
 612 0089 3B        		.uleb128 0x3b
 613 008a 05        		.uleb128 0x5
 614 008b 39        		.uleb128 0x39
 615 008c 0B        		.uleb128 0xb
 616 008d 49        		.uleb128 0x49
 617 008e 13        		.uleb128 0x13
 618 008f 00        		.byte	0
 619 0090 00        		.byte	0
 620 0091 0C        		.uleb128 0xc
 621 0092 34        		.uleb128 0x34
 622 0093 00        		.byte	0
 623 0094 03        		.uleb128 0x3
 624 0095 0E        		.uleb128 0xe
 625 0096 3A        		.uleb128 0x3a
 626 0097 0B        		.uleb128 0xb
 627 0098 3B        		.uleb128 0x3b
 628 0099 0B        		.uleb128 0xb
 629 009a 39        		.uleb128 0x39
 630 009b 0B        		.uleb128 0xb
 631 009c 49        		.uleb128 0x49
 632 009d 13        		.uleb128 0x13
 633 009e 3F        		.uleb128 0x3f
 634 009f 0C        		.uleb128 0xc
 635 00a0 3C        		.uleb128 0x3c
 636 00a1 0C        		.uleb128 0xc
 637 00a2 00        		.byte	0
 638 00a3 00        		.byte	0
 639 00a4 0D        		.uleb128 0xd
 640 00a5 0F        		.uleb128 0xf
 641 00a6 00        		.byte	0
 642 00a7 0B        		.uleb128 0xb
 643 00a8 0B        		.uleb128 0xb
 644 00a9 49        		.uleb128 0x49
 645 00aa 13        		.uleb128 0x13
 646 00ab 00        		.byte	0
 647 00ac 00        		.byte	0
 648 00ad 0E        		.uleb128 0xe
 649 00ae 15        		.uleb128 0x15
 650 00af 01        		.byte	0x1
 651 00b0 27        		.uleb128 0x27
 652 00b1 0C        		.uleb128 0xc
 653 00b2 49        		.uleb128 0x49
 654 00b3 13        		.uleb128 0x13
 655 00b4 01        		.uleb128 0x1
 656 00b5 13        		.uleb128 0x13
 657 00b6 00        		.byte	0
 658 00b7 00        		.byte	0
 659 00b8 0F        		.uleb128 0xf
 660 00b9 05        		.uleb128 0x5
 661 00ba 00        		.byte	0
 662 00bb 49        		.uleb128 0x49
 663 00bc 13        		.uleb128 0x13
 664 00bd 00        		.byte	0
 665 00be 00        		.byte	0
 666 00bf 10        		.uleb128 0x10
 667 00c0 0F        		.uleb128 0xf
 668 00c1 00        		.byte	0
 669 00c2 0B        		.uleb128 0xb
 670 00c3 0B        		.uleb128 0xb
 671 00c4 00        		.byte	0
 672 00c5 00        		.byte	0
 673 00c6 11        		.uleb128 0x11
 674 00c7 04        		.uleb128 0x4
 675 00c8 01        		.byte	0x1
 676 00c9 03        		.uleb128 0x3
 677 00ca 0E        		.uleb128 0xe
 678 00cb 3E        		.uleb128 0x3e
 679 00cc 0B        		.uleb128 0xb
 680 00cd 0B        		.uleb128 0xb
 681 00ce 0B        		.uleb128 0xb
 682 00cf 49        		.uleb128 0x49
 683 00d0 13        		.uleb128 0x13
 684 00d1 3A        		.uleb128 0x3a
 685 00d2 0B        		.uleb128 0xb
 686 00d3 3B        		.uleb128 0x3b
 687 00d4 0B        		.uleb128 0xb
 688 00d5 39        		.uleb128 0x39
 689 00d6 0B        		.uleb128 0xb
 690 00d7 01        		.uleb128 0x1
 691 00d8 13        		.uleb128 0x13
 692 00d9 00        		.byte	0
 693 00da 00        		.byte	0
 694 00db 12        		.uleb128 0x12
 695 00dc 28        		.uleb128 0x28
 696 00dd 00        		.byte	0
 697 00de 03        		.uleb128 0x3
 698 00df 0E        		.uleb128 0xe
 699 00e0 1C        		.uleb128 0x1c
 700 00e1 0B        		.uleb128 0xb
 701 00e2 00        		.byte	0
 702 00e3 00        		.byte	0
 703 00e4 13        		.uleb128 0x13
 704 00e5 2E        		.uleb128 0x2e
 705 00e6 01        		.byte	0x1
 706 00e7 3F        		.uleb128 0x3f
 707 00e8 0C        		.uleb128 0xc
 708 00e9 03        		.uleb128 0x3
 709 00ea 0E        		.uleb128 0xe
 710 00eb 3A        		.uleb128 0x3a
 711 00ec 0B        		.uleb128 0xb
 712 00ed 3B        		.uleb128 0x3b
 713 00ee 0B        		.uleb128 0xb
 714 00ef 39        		.uleb128 0x39
 715 00f0 0B        		.uleb128 0xb
 716 00f1 27        		.uleb128 0x27
 717 00f2 0C        		.uleb128 0xc
 718 00f3 49        		.uleb128 0x49
 719 00f4 13        		.uleb128 0x13
 720 00f5 01        		.uleb128 0x1
 721 00f6 13        		.uleb128 0x13
 722 00f7 00        		.byte	0
 723 00f8 00        		.byte	0
 724 00f9 14        		.uleb128 0x14
 725 00fa 05        		.uleb128 0x5
 726 00fb 00        		.byte	0
 727 00fc 03        		.uleb128 0x3
 728 00fd 0E        		.uleb128 0xe
 729 00fe 3A        		.uleb128 0x3a
 730 00ff 0B        		.uleb128 0xb
 731 0100 3B        		.uleb128 0x3b
 732 0101 0B        		.uleb128 0xb
 733 0102 39        		.uleb128 0x39
 734 0103 0B        		.uleb128 0xb
 735 0104 49        		.uleb128 0x49
 736 0105 13        		.uleb128 0x13
 737 0106 00        		.byte	0
 738 0107 00        		.byte	0
 739 0108 15        		.uleb128 0x15
 740 0109 34        		.uleb128 0x34
 741 010a 00        		.byte	0
 742 010b 03        		.uleb128 0x3
 743 010c 0E        		.uleb128 0xe
 744 010d 3A        		.uleb128 0x3a
 745 010e 0B        		.uleb128 0xb
 746 010f 3B        		.uleb128 0x3b
 747 0110 0B        		.uleb128 0xb
 748 0111 39        		.uleb128 0x39
 749 0112 0B        		.uleb128 0xb
 750 0113 49        		.uleb128 0x49
 751 0114 13        		.uleb128 0x13
 752 0115 00        		.byte	0
 753 0116 00        		.byte	0
 754 0117 16        		.uleb128 0x16
 755 0118 0B        		.uleb128 0xb
 756 0119 01        		.byte	0x1
 757 011a 00        		.byte	0
 758 011b 00        		.byte	0
 759 011c 17        		.uleb128 0x17
 760 011d 2E        		.uleb128 0x2e
 761 011e 01        		.byte	0x1
 762 011f 3F        		.uleb128 0x3f
 763 0120 0C        		.uleb128 0xc
 764 0121 03        		.uleb128 0x3
 765 0122 0E        		.uleb128 0xe
 766 0123 3A        		.uleb128 0x3a
 767 0124 0B        		.uleb128 0xb
 768 0125 3B        		.uleb128 0x3b
 769 0126 0B        		.uleb128 0xb
 770 0127 39        		.uleb128 0x39
 771 0128 0B        		.uleb128 0xb
 772 0129 27        		.uleb128 0x27
 773 012a 0C        		.uleb128 0xc
 774 012b 01        		.uleb128 0x1
 775 012c 13        		.uleb128 0x13
 776 012d 00        		.byte	0
 777 012e 00        		.byte	0
 778 012f 18        		.uleb128 0x18
 779 0130 2E        		.uleb128 0x2e
 780 0131 01        		.byte	0x1
 781 0132 03        		.uleb128 0x3
 782 0133 0E        		.uleb128 0xe
 783 0134 3A        		.uleb128 0x3a
 784 0135 0B        		.uleb128 0xb
 785 0136 3B        		.uleb128 0x3b
 786 0137 05        		.uleb128 0x5
 787 0138 39        		.uleb128 0x39
 788 0139 0B        		.uleb128 0xb
 789 013a 27        		.uleb128 0x27
 790 013b 0C        		.uleb128 0xc
 791 013c 00        		.byte	0
 792 013d 00        		.byte	0
 793 013e 19        		.uleb128 0x19
 794 013f 05        		.uleb128 0x5
 795 0140 00        		.byte	0
 796 0141 03        		.uleb128 0x3
 797 0142 0E        		.uleb128 0xe
 798 0143 3A        		.uleb128 0x3a
 799 0144 0B        		.uleb128 0xb
 800 0145 3B        		.uleb128 0x3b
 801 0146 05        		.uleb128 0x5
 802 0147 39        		.uleb128 0x39
 803 0148 0B        		.uleb128 0xb
 804 0149 49        		.uleb128 0x49
 805 014a 13        		.uleb128 0x13
 806 014b 00        		.byte	0
 807 014c 00        		.byte	0
 808 014d 1A        		.uleb128 0x1a
 809 014e 34        		.uleb128 0x34
 810 014f 00        		.byte	0
 811 0150 03        		.uleb128 0x3
 812 0151 0E        		.uleb128 0xe
 813 0152 3A        		.uleb128 0x3a
 814 0153 0B        		.uleb128 0xb
 815 0154 3B        		.uleb128 0x3b
 816 0155 05        		.uleb128 0x5
 817 0156 39        		.uleb128 0x39
 818 0157 0B        		.uleb128 0xb
 819 0158 49        		.uleb128 0x49
 820 0159 13        		.uleb128 0x13
 821 015a 00        		.byte	0
 822 015b 00        		.byte	0
 823 015c 00        		.byte	0
 824               		.section	.gnu.debuglto_.debug_line,"",@progbits
 825               	.Ldebug_line0:
 826 0000 3401 0000 		.long	.LELT0-.LSLT0
 827               	.LSLT0:
 828 0004 0200      		.word	0x2
 829 0006 2E01 0000 		.long	.LELTP0-.LASLTP0
 830               	.LASLTP0:
 831 000a 01        		.byte	0x1
 832 000b 01        		.byte	0x1
 833 000c F6        		.byte	0xf6
 834 000d F2        		.byte	0xf2
 835 000e 0D        		.byte	0xd
 836 000f 00        		.byte	0
 837 0010 01        		.byte	0x1
 838 0011 01        		.byte	0x1
 839 0012 01        		.byte	0x1
 840 0013 01        		.byte	0x1
 841 0014 00        		.byte	0
 842 0015 00        		.byte	0
 843 0016 00        		.byte	0
 844 0017 01        		.byte	0x1
 845 0018 00        		.byte	0
 846 0019 00        		.byte	0
 847 001a 01        		.byte	0x1
 848 001b 653A 5C67 		.ascii	"e:\\game\\msys2\\mingw64\\avr\\include"
 848      616D 655C 
 848      6D73 7973 
 848      325C 6D69 
 848      6E67 7736 
 849 003c 00        		.byte	0
 850 003d 6C69 622F 		.ascii	"lib/lufa/LUFA/Drivers/USB/Core"
 850      6C75 6661 
 850      2F4C 5546 
 850      412F 4472 
 850      6976 6572 
 851 005b 00        		.byte	0
 852 005c 6C69 622F 		.ascii	"lib/lufa/LUFA/Drivers/USB/Core/AVR8/.."
 852      6C75 6661 
 852      2F4C 5546 
 852      412F 4472 
 852      6976 6572 
 853 0082 00        		.byte	0
 854 0083 00        		.byte	0
 855 0084 7374 6469 		.string	"stdint.h"
 855      6E74 2E68 
 855      00
 856 008d 01        		.uleb128 0x1
 857 008e 00        		.uleb128 0
 858 008f 00        		.uleb128 0
 859 0090 5374 6452 		.string	"StdRequestType.h"
 859      6571 7565 
 859      7374 5479 
 859      7065 2E68 
 859      00
 860 00a1 02        		.uleb128 0x2
 861 00a2 00        		.uleb128 0
 862 00a3 00        		.uleb128 0
 863 00a4 4156 5238 		.string	"AVR8/../StdDescriptors.h"
 863      2F2E 2E2F 
 863      5374 6444 
 863      6573 6372 
 863      6970 746F 
 864 00bd 02        		.uleb128 0x2
 865 00be 00        		.uleb128 0
 866 00bf 00        		.uleb128 0
 867 00c0 4156 5238 		.string	"AVR8/../DeviceStandardReq.h"
 867      2F2E 2E2F 
 867      4465 7669 
 867      6365 5374 
 867      616E 6461 
 868 00dc 02        		.uleb128 0x2
 869 00dd 00        		.uleb128 0
 870 00de 00        		.uleb128 0
 871 00df 4156 5238 		.string	"AVR8/../USBTask.h"
 871      2F2E 2E2F 
 871      5553 4254 
 871      6173 6B2E 
 871      6800 
 872 00f1 02        		.uleb128 0x2
 873 00f2 00        		.uleb128 0
 874 00f3 00        		.uleb128 0
 875 00f4 486F 7374 		.string	"HostStandardReq.h"
 875      5374 616E 
 875      6461 7264 
 875      5265 712E 
 875      6800 
 876 0106 02        		.uleb128 0x2
 877 0107 00        		.uleb128 0
 878 0108 00        		.uleb128 0
 879 0109 436F 6E66 		.string	"ConfigDescriptors.h"
 879      6967 4465 
 879      7363 7269 
 879      7074 6F72 
 879      732E 6800 
 880 011d 02        		.uleb128 0x2
 881 011e 00        		.uleb128 0
 882 011f 00        		.uleb128 0
 883 0120 436F 6E66 		.string	"ConfigDescriptors.c"
 883      6967 4465 
 883      7363 7269 
 883      7074 6F72 
 883      732E 6300 
 884 0134 02        		.uleb128 0x2
 885 0135 00        		.uleb128 0
 886 0136 00        		.uleb128 0
 887 0137 00        		.byte	0
 888               	.LELTP0:
 889               	.LELT0:
 890               		.section	.gnu.debuglto_.debug_str,"MS",@progbits,1
 891               	.LASF50:
 892 0000 443A 5C44 		.string	"D:\\Download\\qmk_firmware\\vial-qmk"
 892      6F77 6E6C 
 892      6F61 645C 
 892      716D 6B5F 
 892      6669 726D 
 893               	.LASF11:
 894 0022 6252 6571 		.string	"bRequest"
 894      7565 7374 
 894      00
 895               	.LASF9:
 896 002b 7569 6E74 		.string	"uintptr_t"
 896      7074 725F 
 896      7400 
 897               	.LASF26:
 898 0035 5553 425F 		.string	"USB_Host_ConfigurationNumber"
 898      486F 7374 
 898      5F43 6F6E 
 898      6669 6775 
 898      7261 7469 
 899               	.LASF24:
 900 0052 5553 425F 		.string	"USB_ControlRequest"
 900      436F 6E74 
 900      726F 6C52 
 900      6571 7565 
 900      7374 00
 901               	.LASF17:
 902 0065 5479 7065 		.string	"Type"
 902      00
 903               	.LASF2:
 904 006a 7569 6E74 		.string	"uint8_t"
 904      385F 7400 
 905               	.LASF35:
 906 0072 4445 5343 		.string	"DESCRIPTOR_SEARCH_COMP_EndOfDescriptor"
 906      5249 5054 
 906      4F52 5F53 
 906      4541 5243 
 906      485F 434F 
 907               	.LASF25:
 908 0099 5553 425F 		.string	"USB_DeviceState"
 908      4465 7669 
 908      6365 5374 
 908      6174 6500 
 909               	.LASF39:
 910 00a9 4572 726F 		.string	"ErrorCode"
 910      7243 6F64 
 910      6500 
 911               	.LASF34:
 912 00b3 4445 5343 		.string	"DESCRIPTOR_SEARCH_COMP_Fail"
 912      5249 5054 
 912      4F52 5F53 
 912      4541 5243 
 912      485F 434F 
 913               	.LASF29:
 914 00cf 4445 5343 		.string	"DESCRIPTOR_SEARCH_Fail"
 914      5249 5054 
 914      4F52 5F53 
 914      4541 5243 
 914      485F 4661 
 915               	.LASF45:
 916 00e6 4265 666F 		.string	"BeforeType"
 916      7265 5479 
 916      7065 00
 917               	.LASF12:
 918 00f1 7756 616C 		.string	"wValue"
 918      7565 00
 919               	.LASF1:
 920 00f8 756E 7369 		.string	"unsigned char"
 920      676E 6564 
 920      2063 6861 
 920      7200 
 921               	.LASF22:
 922 0106 5553 425F 		.string	"USB_Device_CurrentlySelfPowered"
 922      4465 7669 
 922      6365 5F43 
 922      7572 7265 
 922      6E74 6C79 
 923               	.LASF40:
 924 0126 5072 6576 		.string	"PrevDescLoc"
 924      4465 7363 
 924      4C6F 6300 
 925               	.LASF30:
 926 0132 4445 5343 		.string	"DESCRIPTOR_SEARCH_NotFound"
 926      5249 5054 
 926      4F52 5F53 
 926      4541 5243 
 926      485F 4E6F 
 927               	.LASF15:
 928 014d 5553 425F 		.string	"USB_Request_Header_t"
 928      5265 7175 
 928      6573 745F 
 928      4865 6164 
 928      6572 5F74 
 929               	.LASF32:
 930 0162 4453 6561 		.string	"DSearch_Comp_Return_ErrorCodes_t"
 930      7263 685F 
 930      436F 6D70 
 930      5F52 6574 
 930      7572 6E5F 
 931               	.LASF46:
 932 0183 5553 425F 		.string	"USB_GetNextDescriptorOfType"
 932      4765 744E 
 932      6578 7444 
 932      6573 6372 
 932      6970 746F 
 933               	.LASF23:
 934 019f 5553 425F 		.string	"USB_IsInitialized"
 934      4973 496E 
 934      6974 6961 
 934      6C69 7A65 
 934      6400 
 935               	.LASF14:
 936 01b1 774C 656E 		.string	"wLength"
 936      6774 6800 
 937               	.LASF6:
 938 01b9 6C6F 6E67 		.string	"long unsigned int"
 938      2075 6E73 
 938      6967 6E65 
 938      6420 696E 
 938      7400 
 939               	.LASF42:
 940 01cb 4166 7465 		.string	"AfterType"
 940      7254 7970 
 940      6500 
 941               	.LASF27:
 942 01d5 436F 6E66 		.string	"ConfigComparatorPtr_t"
 942      6967 436F 
 942      6D70 6172 
 942      6174 6F72 
 942      5074 725F 
 943               	.LASF48:
 944 01eb 474E 5520 		.string	"GNU C99 8.4.0 -mn-flash=1 -mno-skip-bug -mmcu=avr5 -gdwarf-2 -Os -std=gnu99 -funsigned-ch
 944      4339 3920 
 944      382E 342E 
 944      3020 2D6D 
 944      6E2D 666C 
 945               	.LASF18:
 946 02dc 5553 425F 		.string	"USB_Descriptor_Header_t"
 946      4465 7363 
 946      7269 7074 
 946      6F72 5F48 
 946      6561 6465 
 947               	.LASF38:
 948 02f4 436F 6D70 		.string	"ComparatorRoutine"
 948      6172 6174 
 948      6F72 526F 
 948      7574 696E 
 948      6500 
 949               	.LASF52:
 950 0306 5553 425F 		.string	"USB_GetNextDescriptor"
 950      4765 744E 
 950      6578 7444 
 950      6573 6372 
 950      6970 746F 
 951               	.LASF4:
 952 031c 756E 7369 		.string	"unsigned int"
 952      676E 6564 
 952      2069 6E74 
 952      00
 953               	.LASF44:
 954 0329 5553 425F 		.string	"USB_GetNextDescriptorOfTypeBefore"
 954      4765 744E 
 954      6578 7444 
 954      6573 6372 
 954      6970 746F 
 955               	.LASF8:
 956 034b 6C6F 6E67 		.string	"long long unsigned int"
 956      206C 6F6E 
 956      6720 756E 
 956      7369 676E 
 956      6564 2069 
 957               	.LASF51:
 958 0362 5553 425F 		.string	"USB_GetNextDescriptorComp"
 958      4765 744E 
 958      6578 7444 
 958      6573 6372 
 958      6970 746F 
 959               	.LASF16:
 960 037c 5369 7A65 		.string	"Size"
 960      00
 961               	.LASF47:
 962 0381 4375 7272 		.string	"CurrDescriptorSize"
 962      4465 7363 
 962      7269 7074 
 962      6F72 5369 
 962      7A65 00
 963               	.LASF41:
 964 0394 5072 6576 		.string	"PrevBytesRem"
 964      4279 7465 
 964      7352 656D 
 964      00
 965               	.LASF31:
 966 03a1 4453 6561 		.string	"DSearch_Return_ErrorCodes_t"
 966      7263 685F 
 966      5265 7475 
 966      726E 5F45 
 966      7272 6F72 
 967               	.LASF7:
 968 03bd 6C6F 6E67 		.string	"long long int"
 968      206C 6F6E 
 968      6720 696E 
 968      7400 
 969               	.LASF33:
 970 03cb 4445 5343 		.string	"DESCRIPTOR_SEARCH_COMP_Found"
 970      5249 5054 
 970      4F52 5F53 
 970      4541 5243 
 970      485F 434F 
 971               	.LASF10:
 972 03e8 626D 5265 		.string	"bmRequestType"
 972      7175 6573 
 972      7454 7970 
 972      6500 
 973               	.LASF13:
 974 03f6 7749 6E64 		.string	"wIndex"
 974      6578 00
 975               	.LASF3:
 976 03fd 7569 6E74 		.string	"uint16_t"
 976      3136 5F74 
 976      00
 977               	.LASF5:
 978 0406 6C6F 6E67 		.string	"long int"
 978      2069 6E74 
 978      00
 979               	.LASF19:
 980 040f 5553 425F 		.string	"USB_Device_ConfigurationNumber"
 980      4465 7669 
 980      6365 5F43 
 980      6F6E 6669 
 980      6775 7261 
 981               	.LASF0:
 982 042e 7369 676E 		.string	"signed char"
 982      6564 2063 
 982      6861 7200 
 983               	.LASF28:
 984 043a 4445 5343 		.string	"DESCRIPTOR_SEARCH_Found"
 984      5249 5054 
 984      4F52 5F53 
 984      4541 5243 
 984      485F 466F 
 985               	.LASF37:
 986 0452 4375 7272 		.string	"CurrConfigLoc"
 986      436F 6E66 
 986      6967 4C6F 
 986      6300 
 987               	.LASF49:
 988 0460 6C69 622F 		.string	"lib/lufa/LUFA/Drivers/USB/Core/ConfigDescriptors.c"
 988      6C75 6661 
 988      2F4C 5546 
 988      412F 4472 
 988      6976 6572 
 989               	.LASF21:
 990 0493 5F42 6F6F 		.string	"_Bool"
 990      6C00 
 991               	.LASF20:
 992 0499 5553 425F 		.string	"USB_Device_RemoteWakeupEnabled"
 992      4465 7669 
 992      6365 5F52 
 992      656D 6F74 
 992      6557 616B 
 993               	.LASF43:
 994 04b8 5553 425F 		.string	"USB_GetNextDescriptorOfTypeAfter"
 994      4765 744E 
 994      6578 7444 
 994      6573 6372 
 994      6970 746F 
 995               	.LASF36:
 996 04d9 4279 7465 		.string	"BytesRem"
 996      7352 656D 
 996      00
 997               		.text
 998               		.section	.gnu.lto_.profile.401fc1bd,"",@progbits
 999 0000 789C 6367 		.string	"x\234cg`f`d"
 999      6066 6064 
 999      00
 1000 0009 0200      		.string	"\002"
 1001 000b 00        		.string	""
 1002 000c 6200      		.string	"b"
 1003 000e 0C        		.ascii	"\f"
 1004               		.text
 1005               		.section	.gnu.lto_.icf.401fc1bd,"",@progbits
 1006 0000 789C 6367 		.string	"x\234cg`f\220g@"
 1006      6066 9067 
 1006      4000 
 1007 000a 5686 8623 		.string	"V\206\206#\347;9\031\337]\357\372\313\305\264\252\371\334\002.\346\306\235;\337\363\261\3
 1007      E73B 3919 
 1007      DF5D EFFA 
 1007      CBC5 B4AA 
 1007      F9DC 022E 
 1008 002b 00        		.string	""
 1009 002c E653 0E6D 		.ascii	"\346S\016m"
 1010               		.text
 1011               		.section	.gnu.lto_.jmpfuncs.401fc1bd,"",@progbits
 1012 0000 789C 8D8F 		.ascii	"x\234\215\217Q\n\2000\fC\223\266\272O\257\340U\274\330<\207\267"
 1012      510A 8030 
 1012      0C43 93B6 
 1012      BA4F AFE0 
 1012      55BC D83C 
 1013 0016 F166 3303 		.ascii	"\361f3\003\321m_+\004\232\320GI\202\343 \276Y`\244\237\227C\322"
 1013      D16D 5F2B 
 1013      049A D047 
 1013      4982 E320 
 1013      BE59 60A4 
 1014 002e 4632 BDCE 		.ascii	"F2\275\316$\017\313\272\342MB*\305a\231C\020\202\270\265\324"
 1014      240F CBBA 
 1014      E24D 422A 
 1014      C561 9943 
 1014      1082 B8B5 
 1015 0043 24E9 3F69 		.ascii	"$\351?i\")\252j\235\370\231\255\t\210\212pD\306\300;$\272\256"
 1015      2229 AA6A 
 1015      9DF8 99AD 
 1015      0988 8A70 
 1015      44C6 C03B 
 1016 005a FA1B 335D 		.ascii	"\372\0333]\007\273\343\001,\rB\224"
 1016      07BB E301 
 1016      2C0D 4294 
 1017               		.text
 1018               		.section	.gnu.lto_.inline.401fc1bd,"",@progbits
 1019 0000 789C 6367 		.string	"x\234cg`fPgd\200\003V\006\006\336\006 `Oadb\024`\004\3122\200I6\260(k\n\003\003'\210\301\
 1019      6066 5067 
 1019      6480 0356 
 1019      0606 DE06 
 1019      2060 4F61 
 1020 00aa FF3C 3EDF 		.ascii	"\377<>\337"
 1021               		.text
 1022               		.section	.gnu.lto_.pureconst.401fc1bd,"",@progbits
 1023 0000 789C 6367 		.string	"x\234cg`f\020````e\230\305\302\270\223\205i\026\013\363L\026\226Y,"
 1023      6066 1060 
 1023      6060 6065 
 1023      98C5 C2B8 
 1023      9385 6916 
 1024 001c 1CBA 035E 		.ascii	"\034\272\003^"
 1025               		.text
 1026               		.section	.gnu.lto_USB_GetNextDescriptor.401fc1bd,"",@progbits
 1027 0000 789C 7D52 		.string	"x\234}R]HTA\024\236s\347\336\335\273\353.\212\017\341\203\201/\212\370\340b\205\020=h*A\3
 1027      5D48 5441 
 1027      149E 73E7 
 1027      DEDD BBEB 
 1027      2E8A 0FE1 
 1028 00b1 1313 D39D 		.string	"\023\023\323\235\275\351\2470\006 \341qr\372\323\242\312\217\022d\340\361m \330g\242\305@
 1028      BDE9 A730 
 1028      0620 E171 
 1028      72FA D3A2 
 1028      CA8F 1264 
 1029 014c D9F1 CF7D 		.ascii	"\331\361\317}\261IEc\253\277Z\2306\277\263\347Fn\006`y\223\204"
 1029      B149 4563 
 1029      ABBF 5A98 
 1029      36BF B3E7 
 1029      466E 0660 
 1030 0163 9B99 E2A6 		.ascii	"\233\231\342\246\312|S\370f\342\0013\267T\276Y\bG\247\001\357"
 1030      CA7C 53F8 
 1030      66E2 0133 
 1030      B754 BE59 
 1030      0847 A701 
 1031 0178 D226 6C3B 		.ascii	"\322&l;p\311\204\234\244\304\217#\227\201i$H%\237\260\003\032"
 1031      70C9 849C 
 1031      A4C4 8F23 
 1031      9781 6924 
 1031      4825 9FB0 
 1032 018e 790F ACEB 		.ascii	"y\017\254\353g\217\"\252\177\006\377\2453C\026n\207(\360\301"
 1032      678F 22AA 
 1032      7F06 FFA5 
 1032      3343 166E 
 1032      8728 F0C1 
 1033 01a2 9E6B BB2A 		.ascii	"\236k\273*\256@\0262\177\260\230;\n\335\034\233\203eC4\r\036"
 1033      AE40 1632 
 1033      7FB0 983B 
 1033      0ADD 1C9B 
 1033      8365 4334 
 1034 01b8 7055 F010 		.ascii	"pU\360\020\242\300\321#\211a\252\243\245T\264E\240\007\375\375"
 1034      A2C0 D123 
 1034      8961 AAA3 
 1034      A554 B445 
 1034      A007 FDFD 
 1035 01cc 2130 E091 		.ascii	"!0\340\221k\\\214\025\253\300#\316\200\341\345\301\256v{Q\214"
 1035      6B5C 8C15 
 1035      ABC0 23CE 
 1035      80E1 E5C1 
 1035      AE76 7B51 
 1036 01e1 BF8B C8BC 		.ascii	"\277\213\310\274=\214\334\2171\373\274>\233\004\024q\376\225"
 1036      3D8C DC8F 
 1036      31FB BC3E 
 1036      9B04 1471 
 1036      FE95 
 1037 01f3 962F 06BF 		.ascii	"\226/\006\277\rK`\357\376\034~\344:\321%\264tGS\264\204\215l"
 1037      0D4B 60EF 
 1037      FE1C 7EE4 
 1037      3AD1 25B4 
 1037      7447 53B4 
 1038 020a 9ADA 0D5D 		.ascii	"\232\332\r]\327\r\212QB\324\016O\204\230q.f\026N\274\036\035"
 1038      D70D 8A51 
 1038      42D4 0E4F 
 1038      8498 712E 
 1038      6616 4EBC 
 1039 0220 0303 CEC9 		.ascii	"\003\003\316\311\371\nR\376\336\231\364gp}Q\263(\206\215D\276"
 1039      F90A 52FE 
 1039      DE99 F467 
 1039      707D 51B3 
 1039      2886 8D44 
 1040 0235 42B2 152A 		.ascii	"B\262\025*r\345\224!KD\217X\004.\226lr\245e\331\254W\221q\032"
 1040      72E5 9421 
 1040      4B44 8F58 
 1040      042E 966C 
 1040      72A5 65D9 
 1041 024e E809 5C0E 		.ascii	"\350\t\\\016\206\323u\217\"\234\026#M\321\235\334\317=3\255/"
 1041      86D3 758F 
 1041      229C 1623 
 1041      4DD1 9DDC 
 1041      CF3D 33AD 
 1042 0263 8567 EDBD 		.ascii	"\205g\355\275D6\254\271\230\t\324\202\020Q4\236\233\034L\302"
 1042      4436 ACB9 
 1042      9809 D482 
 1042      1051 349E 
 1042      9B1C 4CC2 
 1043 0277 2033 FF77 		.ascii	" 3\377w\022O\365k\r\f\004\215A\250\2100\032\232i\005\243\372"
 1043      124F F56B 
 1043      0D0C 048D 
 1043      41A8 8830 
 1043      1A9A 6905 
 1044 028d BFF1 CF44 		.ascii	"\277\361\317Du\225\314\341x\006\243\262(\217k\001,8P\351U\337"
 1044      7595 CCE1 
 1044      7806 A3B2 
 1044      288F 6B01 
 1044      2C38 50E9 
 1045 02a3 778C 527A 		.ascii	"w\214Rz\253\177\222\342\363\004}Z\022!\233\033\\5\216\206\246"
 1045      AB7F 92E2 
 1045      F304 7D5A 
 1045      1221 9B1B 
 1045      5C35 8E86 
 1046 02b8 FABD 8ECA 		.ascii	"\372\275\216\312\352\035\333\035\025\036\327\021\247\307\353"
 1046      EA1D DB1D 
 1046      151E D711 
 1046      A7C7 EB
 1047 02c7 A8AE 2A73 		.ascii	"\250\256*s\224\273=N\334\016\325\273\366U8\275\265\036\327\341"
 1047      94BB 3D4E 
 1047      DC0E D5BB 
 1047      F655 38BD 
 1047      B51E D7E1 
 1048 02db 46B7 C75B 		.ascii	"F\267\307[\270\237\250eG\033\235\336]\316\203\033\327Gk\013k"
 1048      B89F A865 
 1048      471B 9DDE 
 1048      5DCE 831B 
 1048      D747 6B0B 
 1049 02f0 B6D4 6DDD 		.ascii	"\266\324m\335T\\WL\354\345M\036\217\236Q\351\256\315\344\247"
 1049      545C 574C 
 1049      ECE5 4D1E 
 1049      8F9E 51E9 
 1049      AECD E4A7 
 1050 0304 6466 95EB 		.ascii	"df\225\353\230\3637\247\307x\350"
 1050      98F3 37A7 
 1050      C778 E8
 1051               		.text
 1052               		.section	.gnu.lto_USB_GetNextDescriptorOfType.401fc1bd,"",@progbits
 1053 0000 789C 6D91 		.string	"x\234m\221MHTQ\024\307\357y\347}\3158c.\025\246p).\234L\031\b\002\363\203V\256*\333\265\3
 1053      4D48 5451 
 1053      14C7 EF79 
 1053      E77D CD38 
 1053      632E 15A6 
 1054 0094 04C6 7560 		.ascii	"\004\306u`\215\022\252\262\002\215\222\314\376}\027\261\r\341"
 1054      8D12 AAB2 
 1054      028D 92CC 
 1054      FE7D 17B1 
 1054      0DE1 
 1055 00a6 C7AF AECF 		.ascii	"\307\257\256\317\316\334A*\344\311\304\0035\316c\231\006\331"
 1055      CEDC 412A 
 1055      E4C9 C403 
 1055      35CE 6399 
 1055      06D9 
 1056 00b8 68C7 AD2A 		.ascii	"h\307\255*x\f\271T7\273\3305\260\247\031\r\004\220h;\277\370"
 1056      780C B954 
 1056      37BB D835 
 1056      B0A7 190D 
 1056      0490 683B 
 1057 00ce F5A7 6E6E 		.ascii	"\365\247nn%\310\240\355\307\246\370-\025=\300(\016/\267\264\246"
 1057      25C8 A0ED 
 1057      C7A6 F82D 
 1057      153D C028 
 1057      0E2F B7B4 
 1058 00e3 E50C F0D6 		.ascii	"\345\f\360\326\bO\2769\301\035\006\"\214\001\222\"\214\202\013"
 1058      084F BE39 
 1058      C11D 0622 
 1058      8C01 9222 
 1058      8C82 0B
 1059 00f6 9E80 8B31 		.ascii	"\236\200\2131:+\212\250\f\236B\016\021\367\343\353k\n\236\024"
 1059      3A2B 8AA8 
 1059      0C9E 420E 
 1059      11F7 E3EB 
 1059      6B0A 9E14 
 1060 010a F4F7 F6E6 		.ascii	"\364\367\366\346\016[\212~o\354[\340\234\374\310\220\374O@.\272"
 1060      0E5B 8A7E 
 1060      6FEC 5BE0 
 1060      9CFC C890 
 1060      FC4F 402E 
 1061 011f 4202 CF84 		.ascii	"B\002\317\204@O\347jB\3073B\340u\317\264+\305\17712\246\004\257"
 1061      404F E76A 
 1061      42C7 3342 
 1061      E075 CFB4 
 1061      2BC5 7F31 
 1062 0137 C0B8 C517 		.ascii	"\300\270\305\027\270`\277\240\225\242\353DO@\0163\231\245{\033"
 1062      B860 BFA0 
 1062      95A2 EB44 
 1062      4F40 0E33 
 1062      99A5 7B1B 
 1063 014b 1D4E 554E 		.ascii	"\035NUN\275\032&\201r\024\f\317+I\276\261y\201'\277e\335x\350"
 1063      BD1A 2681 
 1063      7214 0CCF 
 1063      2B49 BEB1 
 1063      7981 27BF 
 1064 0163 4C03 0255 		.ascii	"L\003\002U\211\026\ri\32150\375\353`\232\260\203%\026Cv\347\335"
 1064      8916 0D69 
 1064      D135 30FD 
 1064      EB60 9AB0 
 1064      8325 1643 
 1065 017a 9207 7892 		.ascii	"\222\007x\222\305Q\022aS\222}\002\336\373\347\262$\204\031%p"
 1065      C551 1261 
 1065      5392 7D02 
 1065      DEFB E7B2 
 1065      2484 1925 
 1066 018f 667C 6D19 		.ascii	"f|m\031\2672}-(2\253\020\313\026\0019\352\036\234\333\264E!\022"
 1066      B732 7D2D 
 1066      2832 AB10 
 1066      CB16 0139 
 1066      EA1E 9CDB 
 1067 01a7 D60D B4B5 		.ascii	"\326\r\264\265#\271\201\347\020\005\226@-\201tf\027\344\220S"
 1067      23B9 81E7 
 1067      1005 9640 
 1067      2D81 7466 
 1067      17E4 9053 
 1068 01bb D4AF 40A4 		.ascii	"\324\257@\244\363R\203\031&\020\314\t\\m\275+f%[-\345\303\201"
 1068      F352 8319 
 1068      2610 CC09 
 1068      5C6D BD2B 
 1068      6625 5B2D 
 1069 01d2 7EE8 0BD3 		.ascii	"~\350\013\323\210\263\351\001\304\303\224\331C\230\206~0\341"
 1069      88B3 E901 
 1069      C4C3 94D9 
 1069      4398 867E 
 1069      30E1 
 1070 01e4 319B C54A 		.ascii	"1\233\305J;\3314\301\216Dn'`\033v\320\0050c\302\224\373=\322"
 1070      3BD9 34C1 
 1070      8E44 6E27 
 1070      601B 76D0 
 1070      0530 63C2 
 1071 01fc DBE6 CC1F 		.ascii	"\333\346\314\037\346V\312\t\263Tx\315\352\340\013\310g\313\020"
 1071      E656 CA09 
 1071      B354 78CD 
 1071      EAE0 0BC8 
 1071      67CB 10
 1072 020f FD30 5198 		.ascii	"\3750Q\230RN\220c\363\213\241\272p\263{\226T\342(\233\242\362"
 1072      524E 9063 
 1072      F38B A1BA 
 1072      70B3 7B96 
 1072      54E2 289B 
 1073 0225 767F 32B7 		.ascii	"v\1772\267\037c\240\305\341NG\270\233\243t\352\b\274\024\317"
 1073      1F63 A0C5 
 1073      E14E 47B8 
 1073      9BA3 74EA 
 1073      08BC 14CF 
 1074 0239 9933 9F43 		.ascii	"\2313\237C\267\256LL\302.x:0xe\026\212\021([\263Y\007\211\245"
 1074      B7AE 4C4C 
 1074      C22E 783A 
 1074      3078 6516 
 1074      8A11 285B 
 1075 0252 AC81 38A3 		.ascii	"\254\2018\243mA\215\277\322]S_}\312]^q\244\330]\026\364\237\367"
 1075      6D41 8DBF 
 1075      D25D 535F 
 1075      7DCA 5D5E 
 1075      71A4 D85D 
 1076 026a 0543 EE8A 		.ascii	"\005C\356\212c%\356\322@\320G\313\271j\377\3512_\310\033\364"
 1076      6325 EED2 
 1076      40D0 47CB 
 1076      B96A FFE9 
 1076      325F C81B 
 1077 027f D7D6 0582 		.ascii	"\327\326\005\202\241</\323K\032\352|\241\243\276\263{w\311\346"
 1077      A13C 2FD3 
 1077      4B1A EA7C 
 1077      A1A3 BEB3 
 1077      7B77 C9E6 
 1078 0293 5516 561D 		.ascii	"U\026V\035<\340\251\3620gi}0hU\224\007\274\362\361\206Z\337_"
 1078      3CE0 A9F2 
 1078      3067 697D 
 1078      3068 5594 
 1078      07BC F2F1 
 1079 02ab B9FD 2A5E 		.ascii	"\271\375*^"
 1080               		.text
 1081               		.section	.gnu.lto_USB_GetNextDescriptorOfTypeBefore.401fc1bd,"",@progbits
 1082 0000 789C 6D93 		.string	"x\234m\223KHTa\024\307\277s\317}\31583=V\222S\270\024\027Nf\b-\302Ri\345\252\222V-R\307\2
 1082      4B48 5461 
 1082      14C7 BF73 
 1082      CF7D CD38 
 1082      333D 5692 
 1083 00d4 121D A7A6 		.string	"\022\035\247\246\347~\351\306Q\202\235t\374T\031\354R1\025\030\331\376/5\3651\t\235\274\2
 1083      E77E E9C6 
 1083      5182 9D74 
 1083      FC54 19EC 
 1083      5231 1518 
 1084 00fc 2923 F483 		.string	")#\364\203\033\036\203\2331\362\245\r*\f\236@\002\021\017\203K\337\025<-\350\345\306\352&
 1084      1B1E 839B 
 1084      31F2 A50D 
 1084      2A0C 9E40 
 1084      0211 0F83 
 1085 01a3 59D7 BB50 		.string	"Y\327\273P*\360\b\013\242$\314\312\b\373\n\274}\271F\022\351\031\005p\365~\333\017\214F\3
 1085      2AF0 080B 
 1085      A224 CCCA 
 1085      08FB 0ABC 
 1085      7DB9 4612 
 1086 0223 2F0C 9862 		.ascii	"/\f\230b\253\217\332\033\234\311=\334\f9\341%\t\257\233s\034"
 1086      AB8F DA1B 
 1086      9CC9 3DDC 
 1086      0C39 E125 
 1086      09AF 9B73 
 1087 0238 8764 F605 		.ascii	"\207d\366\005\252>\f\036\2642\207\250b&z\227\377\f\337\230\331"
 1087      AA3E 0C1E 
 1087      B432 87A8 
 1087      6226 7A97 
 1087      FF0C DF98 
 1088 024d E8FD 616D 		.ascii	"\350\375am\254hA\210\337\303\206:\306R+\267Z{wE\305}\265r\264"
 1088      AC68 4188 
 1088      DFC3 863A 
 1088      C652 2BB7 
 1088      5A7B 7745 
 1089 0266 DF95 D17D 		.ascii	"\337\225\321}\206\271\265`\334Vp\353\3560\272hb\360J\264;A\376"
 1089      86B9 B560 
 1089      DC56 70EB 
 1089      EE30 BA68 
 1089      62F0 4AB4 
 1090 027d AD80 0B18 		.ascii	"\255\200\013\030LR\304H\335\357\262\226\023@}\272s~\214\332\f"
 1090      4C52 C448 
 1090      DDEF B296 
 1090      1340 7DBA 
 1090      737E 8CDA 
 1091 0292 A26A 2491 		.ascii	"\242j$\2217\027\030\2739\3550\232\245\342\366\031m\271\361\265"
 1091      3717 18BB 
 1091      39ED 309A 
 1091      A5E2 F619 
 1091      6DB9 F1B5 
 1092 02a6 3160 6A6D 		.ascii	"1`jm~p\310j\r\305\215foZ\364\365X\002\311\374^\003\b\302G\307"
 1092      7E70 C86A 
 1092      0DC5 8D66 
 1092      6F5A F4F5 
 1092      5802 C9FC 
 1093 02c0 94F3 0539 		.ascii	"\224\363\0059\236\363\245\371g<Y\331\307\216z2}\005\227\274\276"
 1093      9EF3 A5F9 
 1093      673C 59D9 
 1093      C78E 7A32 
 1093      7D05 97BC 
 1094 02d5 624F F689 		.ascii	"bO\366\211tOF\241\317K\217\213\371\005g3\275\305\271\276\202"
 1094      744F 46A1 
 1094      CF4B 8F8B 
 1094      F905 6733 
 1094      BDC5 B9BE 
 1095 02ea A292 425F 		.ascii	"\242\222B_qR.\323\323\313J\274\305\307\275\027\366\376'\232\224"
 1095      7152 2ED3 
 1095      D3CB 4ABC 
 1095      C5C7 BD17 
 1095      F6FE 279A 
 1096 02ff 7330 EFD0 		.ascii	"s0\357\320\201\324\274T\346\314(\365\371LEVa\256|\262\254\310"
 1096      81D4 BC54 
 1096      E6CC 28F5 
 1096      F94C 4556 
 1096      61AE 7CB2 
 1097 0315 6B4F F7E6 		.ascii	"kO\367\346SV\303\374\007\220pv\305"
 1097      5356 C3FC 
 1097      0790 7076 
 1097      C5
 1098               		.text
 1099               		.section	.gnu.lto_USB_GetNextDescriptorOfTypeAfter.401fc1bd,"",@progbits
 1100 0000 789C 8D93 		.ascii	"x\234\215\223]HTA\024\307\347\3343\367\356]S\354%\220X\303G\221"
 1100      5D48 5441 
 1100      14C7 E7DC 
 1100      33F7 EE5D 
 1100      53EC 2590 
 1101 0018 7023 4388 		.ascii	"p#C\210\0366?\350\311\247\312\336zH\275\306\222\245\334]\003"
 1101      1E36 3FE8 
 1101      C9A7 CADE 
 1101      7A48 BDC6 
 1101      92A5 DC5D 
 1102 002d 9F9C 5DD7 		.ascii	"\237\234]\327\315\212\330\r\321\313b\013f\244K`\022\022\006}"
 1102      CD8A D80D 
 1102      D1CB 620B 
 1102      66A4 4B60 
 1102      1212 067D 
 1103 0041 DDDA D2CC 		.ascii	"\335\332\322\314 \362!|M\213\304$\226\n\003\t\355\314\270E\240"
 1103      20F2 217C 
 1103      4D8B C424 
 1103      960A 0309 
 1103      EDCC B845 
 1104 0056 0F0D CCE5 		.ascii	"\017\r\314\345\314\234\371\375\317\177\346p=\fYVc\254\2131v\204"
 1104      CC9C F9FD 
 1104      CF7F E670 
 1104      3D0C 5956 
 1104      63AC 8B31 
 1105 006c 26E8 0C34 		.ascii	"&\350\f4!\304"
 1105      21C4 
 1106 0072 514F C4D4 		.string	"QO\304\3244\274r7\261\207\213\002\276\366.W\301E!\002\2279\03619\200\212\204\t\254[C\016\
 1106      34BC 7237 
 1106      B187 8B02 
 1106      BEF6 2E57 
 1106      C145 2102 
 1107 0173 8106 B581 		.ascii	"\201\006\265\201\356\254\2034n\200\2240A\332`\254\027Y\224\232"
 1107      EEAC 8334 
 1107      6E80 9430 
 1107      41DA 60AC 
 1107      1759 949A 
 1108 0187 C041 B82C 		.ascii	"\300A\270,\216ZD\305=.\373\bbd,\241)\331\025\210\227\251\200"
 1108      8E5A 44C5 
 1108      3D2E FB08 
 1108      6264 2CA1 
 1108      29D9 1588 
 1109 019e AAA6 336F 		.ascii	"\252\2463o6\2751\210F\314\024z\372\221*\302\f\304\2009\310\035"
 1109      36BD 3188 
 1109      46CC 147A 
 1109      FA91 2AC2 
 1109      0CC4 8039 
 1110 01b4 D41D 3452 		.ascii	"\324\0354Rh*x\274X!\313\020\035\274\032\224\241\203 \333\224"
 1110      682A 78BC 
 1110      5821 CB10 
 1110      1DBC 1A94 
 1110      A183 20DB 
 1111 01c9 488E AB86 		.ascii	"H\216\253\206\242\272\370T\364\216\003\267\341\226\254[\226B"
 1111      A2BA F854 
 1111      F48E 03B7 
 1111      E196 AC5B 
 1111      9642 
 1112 01db 2FC9 C02B 		.ascii	"/\311\300+\371\3220K\333l\tb\313\331\375;\320^`\360Z\236\243"
 1112      F9D2 304B 
 1112      DB6C 0962 
 1112      CBD9 FD3B 
 1112      D05E 60F0 
 1113 01f2 1147 9CCF 		.ascii	"\021G\234\317\255g\340\217\355\311\004\377\037\333s\377\3326"
 1113      AD67 E08F 
 1113      EDC9 04FF 
 1113      1FDB 73FF 
 1113      DA36 
 1114 0204 A56D 29C5 		.ascii	"\245m)\305\377\276\300*D\207\247\022\240\024\344\350\245\362"
 1114      FFBE C02A 
 1114      4487 A712 
 1114      A014 E4E8 
 1114      A5F2 
 1115 0216 2A47 BF41 		.ascii	"*G\277AU[\260\311\337\326\331z\306\337\320x\254\306_o\007/Zv"
 1115      555B B0C9 
 1115      DFD6 D97A 
 1115      C6DF D078 
 1115      ACC6 5F6F 
 1116 022e C8DF 78A2 		.ascii	"\310\337x\242\326_\327n[\364\271\320\032<[o\205\232\355`G\270"
 1116      D65F D76E 
 1116      5BF4 B9D0 
 1116      1A3C 5B6F 
 1116      859A ED60 
 1117 0244 DD0E 5536 		.ascii	"\335\016U63\263\266+l\205\216[\347Kw\310V6\035j9|\260\272\245"
 1117      33B3 B62B 
 1117      6C85 8E5B 
 1117      E74B 77C8 
 1117      5636 1D6A 
 1118 025d 9A15 D575 		.ascii	"\232\025\325u\332\366\326\211\206\366f~\262\253\303\362\326\264"
 1118      DAF6 D689 
 1118      86F6 667E 
 1118      B2AB C3F2 
 1118      D6B4 
 1119 026f 862D 5B46 		.ascii	"\206-[F\277\001?t\b\300"
 1119      BF01 3F74 
 1119      08C0 
 1120               		.text
 1121               		.section	.gnu.lto_USB_GetNextDescriptorComp.401fc1bd,"",@progbits
 1122 0000 789C 6D54 		.string	"x\234mT]L\024W\024\276\347\236\231\235\231\335%(`C\032Zy\"\2044\322TC\322\304\204Vl\237|h
 1122      5D4C 1457 
 1122      14BE E79E 
 1122      999D 99DD 
 1122      2528 6043 
 1123 0030 266D D278 		.ascii	"&m\322xw\201\205\246\232\245eaY\r\305\026Qj\333\020\343CM\251"
 1123      7781 85A6 
 1123      9AA5 6561 
 1123      590D C516 
 1123      516A DB10 
 1124 0048 7505 5C40 		.ascii	"u\005\\@)UZ~\022\255-\240-Q\372\223\"m\342\203\333s\357\354\""
 1124      2955 5A7E 
 1124      12AD 2DA0 
 1124      2D51 FA93 
 1124      226D E283 
 1125 0061 3FDD 6427 		.ascii	"?\335d'\347\3169\337w\277\363\235\263k0d\r:c]\214\261c\364\005"
 1125      E7CE 39DF 
 1125      77BF F39D 
 1125      B36B 3064 
 1125      0D3A 635D 
 1126 007a 3703 2E84 		.ascii	"7\003.\204x\311\b\230\034\f\031i\001\023\2716=<\200\232p[\237"
 1126      78C9 0898 
 1126      1C0C 1969 
 1126      0113 B936 
 1126      3D3C 809A 
 1127 0091 5DBC B453 		.ascii	"]\274\264S\023^\215\353\213\335\263[\350\215+r\373\343\"z\243"
 1127      135E 8DEB 
 1127      8BDD B35B 
 1127      E88D 2B72 
 1127      FBE3 227A 
 1128 00a6 832B 55ED 		.ascii	"\203+U\355"
 1129 00aa 0233 1559 		.string	"\0023\025Y\016\203\001\006G\007\3506\035\"\257\t\240\212\204\t\354(GMwY\206\tG\271\301V>\
 1129      0E83 0106 
 1129      4707 E836 
 1129      1D22 AF09 
 1129      A08A 8409 
 1130 01ab 1750 263E 		.string	"\027P&>\327\367.6\201bm\377\265\343.O\261&zso\246X]0\274N\032\361\216)\336\366\353\363-\0
 1130      D7F7 2E36 
 1130      8162 6DFF 
 1130      B5E3 2E4F 
 1130      B126 7A73 
 1131 02a5 C180 1943 		.ascii	"\301\200\031Cw+\222q0\016\r\300\242\352\276\030z\024\362|\316"
 1131      772B 9271 
 1131      300E 0DC0 
 1131      A2EA BE18 
 1131      7A14 F27C 
 1132 02ba 2ACD BAA3 		.ascii	"*\315\272\243\031\326\212\314_\243\360{\251\360>4\344;\265\231"
 1132      19D6 8ACC 
 1132      5FA3 F07B 
 1132      A9F0 3E34 
 1132      E43B B599 
 1133 02ce 51CC 204A 		.ascii	"Q\314 J\210\241WJSo\245\247\224a\363\320\2600\270#UG\234\223"
 1133      88A1 574A 
 1133      536F A5A7 
 1133      9461 F3D0 
 1133      B030 B823 
 1134 02e6 7F5D 6DF2 		.ascii	"\177]m\362J\037\350\357\004n83'\027\265\245\316\361\247\323&"
 1134      4A1F E8EF 
 1134      046E 3833 
 1134      2717 B5A5 
 1134      CEF1 A7D3 
 1135 02fb F647 3425 		.ascii	"\366G4%\210\260?\017\356t\260Y\204\375=\261\\\341@\001n:\320"
 1135      88B0 3F0F 
 1135      EE74 B059 
 1135      84FD 3DB1 
 1135      5CE1 4001 
 1136 0312 87E0 A1FE 		.ascii	"\207\340\241\376\361\353\344\b<\204l\362\t\037%\177\2410\213"
 1136      F1EB E408 
 1136      3C84 6CF2 
 1136      091F 257F 
 1136      A130 8B
 1137 0325 6EC3 13DD 		.ascii	"n\303\023\335\263\234\270\365\236p\310Js\317G\364t\263\035\243"
 1137      B39C B8F5 
 1137      9E70 C84A 
 1137      73CF 47F4 
 1137      74B3 1DA3 
 1138 0339 CFC9 70DD 		.ascii	"\317\311p\3354\236Z\323\351\004u\032\305l\005\275\227\263\021"
 1138      349E 5AD3 
 1138      E904 751A 
 1138      C56C 05BD 
 1138      97B3 11
 1139 034c B932 5654 		.ascii	"\2712VTc\375*x.\n\253\230H\270\t?(\246\037\025\223Gu\353Z\335"
 1139      63FD 2A78 
 1139      2E0A AB98 
 1139      48B8 093F 
 1139      28A6 1F15 
 1140 0366 ED52 AA5B 		.ascii	"\355R\252[\271{\326\344\351N\332\032\b\241!)\264t\315\277\341"
 1140      B97B D6E4 
 1140      E94E DA1A 
 1140      08A1 2129 
 1140      B474 CDBF 
 1141 037b 5CB5 706A 		.ascii	"\\\265pjD\364/\226\220\226\360u\027\346\257\271oR\316H\271?\004"
 1141      44F4 2F96 
 1141      9096 F075 
 1141      17E6 AFB9 
 1141      6F52 CE48 
 1142 0392 4FEA 57F4 		.ascii	"O\352W\364\322\217\b\246V\3547\323\213\276\b\234&\211\312Y$\327"
 1142      D28F 08A6 
 1142      56EC 37D3 
 1142      8BBE 089C 
 1142      2689 CA59 
 1143 03a8 5DD2 4339 		.ascii	"]\322C9'\343\304\271Q \205\240*9c\333\017TW\024\037\250\333_"
 1143      27E3 C4B9 
 1143      5120 85A0 
 1143      2A39 63DB 
 1143      0F54 5714 
 1144 03c0 5EBC 67DF 		.ascii	"^\274g\337\253/\027\357\266\253\217\370\354\232\342}\257\357"
 1144      AB2F 17EF 
 1144      B6AB 8FF8 
 1144      EC9A E27D 
 1144      AFEF 
 1145 03d2 2A2E F3DB 		.ascii	"*.\363\333>z\034\332_\375\326n_M\245]}\270\326o\327l\253d\346"
 1145      3E7A 1CDA 
 1145      5FFD D66E 
 1145      5F4D A55D 
 1145      7DB8 D66F 
 1146 03eb AE77 6A7D 		.ascii	"\256wj}5{}\007\237\371\237\354\266\212\035U/\276PRU\3022\312"
 1146      357B 7D07 
 1146      9FF9 9FEC 
 1146      B68A 1D55 
 1146      2FBE 5052 
 1147 0403 EA6C DBA9 		.ascii	"\352l\333\251\330\343\257\334\\\346?x\270\334.\247\252\275\376"
 1147      D8E3 AFDC 
 1147      5CE6 3F78 
 1147      B8DC 2EA7 
 1147      AABD FE
 1148 0416 BADA EA43 		.ascii	"\272\332\352C>\353\025\333\366SA\225\317\373\232\355;\222&\365"
 1148      3EEB 15DB 
 1148      F653 4195 
 1148      CFFB 9AED 
 1148      3B92 26F5 
 1149 042a C883 A424 		.ascii	"\310\203\244$\320\177S<\n\022"
 1149      D07F 533C 
 1149      0A12 
 1150               		.text
 1151               		.section	.gnu.lto_.symbol_nodes.401fc1bd,"",@progbits
 1152 0000 789C 6367 		.string	"x\234cg`f8\304"
 1152      6066 38C4 
 1152      00
 1153 0009 044C D719 		.string	"\004L\327\031\352\031\232\032\032\032X\030'\234c"
 1153      EA19 9A1A 
 1153      1A1A 5818 
 1153      279C 6300 
 1154 0019 B219 6636 		.string	"\262\031f6\034l`c`\004\311\335`\250g\\s\373\221\031LjV\203#D\342&C=\323\362\233\3231%n1\3
 1154      1C6C 6063 
 1154      6004 C9DD 
 1154      60A8 675C 
 1154      73FB 9119 
 1155 007f B8DD 3A65 		.ascii	"\270\335:e"
 1156               		.text
 1157               		.section	.gnu.lto_.refs.401fc1bd,"",@progbits
 1158 0000 789C 6367 		.string	"x\234cg`f`d"
 1158      6066 6064 
 1158      00
 1159 0009 0200      		.string	"\002"
 1160 000b 00        		.string	""
 1161 000c 6200      		.string	"b"
 1162 000e 0C        		.ascii	"\f"
 1163               		.text
 1164               		.section	.gnu.lto_.decls.401fc1bd,"",@progbits
 1165 0000 789C AD96 		.string	"x\234\255\226mL\024G\030\307\347\331=\216\3638\300\250m\251\305\204\306\222\324\324p\250\
 1165      6D4C 1447 
 1165      18C7 E7D9 
 1165      3D8E F338 
 1165      C0A8 6DA9 
 1166 0076 2141 0221 		.string	"!A\002!#xh\t!\225\030^\0306\214R\2142\214K\030\016\302\017\332V\217\341\304\350\302\350\3
 1166      2378 6809 
 1166      2195 185E 
 1166      1836 8C52 
 1166      8C32 8C4B 
 1167 0098 204F 1D67 		.string	" O\035g\260\316\200\345Z\214)\030\323T\236%\030k0\0021Va\370\242\326\007\243\202za\350\20
 1167      B0CE 80E5 
 1167      5A8C 2918 
 1167      D354 9E25 
 1167      186B 3002 
 1168 016c 8142 0884 		.string	"\201B\b\204s\020H\240\030\230y\021\204\0228\217\225\177`%f\f\fu\374\2543lse@\t\350]I\004.
 1168      7310 48A0 
 1168      1898 7911 
 1168      8412 388F 
 1168      957F 6025 
 1169 0259 417E 5F10 		.ascii	"A~_\020\327\253\b\260\244\301\357\201\335b)\360B\256\002YF\224"
 1169      D7AB 08B0 
 1169      A4C1 EF81 
 1169      DD62 29F0 
 1169      42AE 0259 
 1170 026f 6B59 C5EB 		.ascii	"kY\305\353\005\267!\373\001\221\375F\224\203{\313\022\267!\255"
 1170      05B7 21FB 
 1170      0191 FD46 
 1170      9483 7BCB 
 1170      12B7 21AD 
 1171 0283 1394 4786 		.ascii	"\023\224G\206\373\3132\372*\240'\225\003\367U\r`T#\357X\325\254"
 1171      FBCB 32FA 
 1171      2AA0 2795 
 1171      03F7 550D 
 1171      6054 23EF 
 1172 029a 9E25 28CF 		.ascii	"\236%(\317d\377\310\216\\\255\230\f\fc\363\211\201B\r[m\334d"
 1172      64FF C88E 
 1172      5CAD 980C 
 1172      0C63 F389 
 1172      8142 0D5B 
 1173 02b1 F272 973C 		.ascii	"\362r\227<H\353\231\304\352p?C\025\260J\367\266x+\220\331\364"
 1173      48EB 99C4 
 1173      EA70 3F43 
 1173      15B0 4AF7 
 1173      B678 2B90 
 1174 02c7 D467 167A 		.ascii	"\324g\026z\211\231\334&\353tI\033M\201\033H\376:][\325\303\377"
 1174      8999 DC26 
 1174      EB74 491B 
 1174      4D81 1B48 
 1174      FE3A 5D5B 
 1175 02de 297F F873 		.ascii	")\177\370s+l\375>\314\241\006\270\305\327\365\373z\rJ\326M\320"
 1175      2B6C FD3E 
 1175      CCA1 06B8 
 1175      C5D7 F5FB 
 1175      7A0D 4AD6 
 1176 02f4 4035 EFAB 		.ascii	"@5\357\253\2626\371\270\267z\377\254}\231o\037\250E\001\324\261"
 1176      B236 F9B8 
 1176      B77A FFAC 
 1176      7D99 6F1F 
 1176      A845 01D4 
 1177 0309 1DF4 B7B2 		.ascii	"\035\364\267\262\203\354U=\016\335\314\034\251\250I*\272\232"
 1177      83EC 553D 
 1177      0EDD CC1C 
 1177      A9A8 492A 
 1177      BA9A 
 1178 031b 3FDB 7EEB 		.ascii	"?\333~\353+I\262b*\372\241\022\256\2417\337\007\204^\323\242"
 1178      2B49 B262 
 1178      2AFA A112 
 1178      AEA1 37DF 
 1178      0784 5ED3 
 1179 0330 121A 61E1 		.ascii	"\022\032a\341!-\201z\230\211\006\367\333s\332|\304\353|&/\272"
 1179      212D 817A 
 1179      9889 06F7 
 1179      DB73 DA7C 
 1179      C4EB 7C26 
 1180 0346 D71F B60F 		.ascii	"\327\037\266\017\226sX\267p\223s\200]{\3727\353\\P\033\371\244"
 1180      9673 58B7 
 1180      7093 7380 
 1180      5D7B FA37 
 1180      EB5C 501B 
 1181 035c 8E3A 7E49 		.ascii	"\216:~I\322\271\2506\215Cu\024\310\3332\310\347\220k\305\231"
 1181      D2B9 A836 
 1181      8D43 7514 
 1181      C8DB 32C8 
 1181      E790 6BC5 
 1182 0371 B670 3F6B 		.ascii	"\266p?k\226#E\343\221\\\033%\327\316\3105+\344\016$\226o5 \271"
 1182      9623 45E3 
 1182      915C 1B25 
 1182      D7CE C835 
 1182      2BE4 0E24 
 1183 038a 264A EEFC 		.ascii	"&J\356\374\233\231\371\211R\001f\276\303\204\370\240\270\301"
 1183      9B99 F989 
 1183      5201 66BE 
 1183      C384 F8A0 
 1183      B8C1 
 1184 039c 35A8 C0F5 		.ascii	"5\250\300\365x\021p2p\r\273[\177\324\210\007\370\033\332\023"
 1184      7811 7032 
 1184      700D BB5B 
 1184      7FD4 8807 
 1184      F81B DA13 
 1185 03b0 884A 6779 		.ascii	"\210Jgy\226\227\253\356\016\037\343\343\326\364\033\006\027\235"
 1185      9697 ABEE 
 1185      0E1F E3E3 
 1185      D6F4 1B06 
 1185      179D 
 1186 03c2 BBBC B2DB 		.ascii	"\273\274\262\3331x\305\333E\347\336D\350<\230\030\235\207H\247"
 1186      3178 C5DB 
 1186      45E7 DE44 
 1186      E83C 9818 
 1186      9D87 48A7 
 1187 03d6 93FB E515 		.ascii	"\223\373\345\025\327\366y\246\363\210\322\371\207\321\271\257"
 1187      D7F6 79A6 
 1187      F388 D2F9 
 1187      87D1 B9AF 
 1188 03e6 D049 CE2E 		.ascii	"\320I\316.\334\351\203t\262\221\316\340\364\024\251"
 1188      DCE9 8374 
 1188      B291 CEE0 
 1188      F414 A9
 1189 03f5 2811 F304 		.string	"(\021\363\004\252\202\016\025\232\016\025\232S\210\246\213\241\251\336\235\321\347#^\344h
 1189      AA82 0E15 
 1189      9A0E 159A 
 1189      5388 A68B 
 1189      A1A9 DE9D 
 1190 04f6 7701 500D 		.ascii	"w\001P\rQ\206H\017nVf\237^\214\363\beVIc\254\214.\253\fj\345"
 1190      5186 480F 
 1190      6E56 669F 
 1190      5E8C F308 
 1190      6556 4963 
 1191 0511 90C0 FD89 		.ascii	"\220\300\375\211\003\233\005$D\325\350\t[\204Y\220*\004\203U"
 1191      039B 0524 
 1191      44D5 E809 
 1191      5B84 5990 
 1191      2A04 8355 
 1192 0525 0856 3E60 		.ascii	"\bV>`\272m\027\265b\005\233\202p\262\264\277|\022L\235\345\331"
 1192      BA6D 17B5 
 1192      6205 9B82 
 1192      70B2 B4BF 
 1192      7C12 4C9D 
 1193 053b 0676 60F6 		.ascii	"\006v`\3668N|\016\355\366iIt\016\333Q\264Mp\223\246sb\275\225"
 1193      384E 7C0E 
 1193      EDF6 6949 
 1193      740E DB51 
 1193      B44D 7093 
 1194 0554 6DB6 B56A 		.ascii	"m\266\265j\325\333\225*\335\177\356;\005\376]\203%\212o\357\276"
 1194      D5DB 952A 
 1194      DD7F EE3B 
 1194      05FE 5D83 
 1194      258A 6FEF 
 1195 0569 9669 508B 		.ascii	"\226iP\213\353F}\t\354\222\305\273\230\330z\357Q\366$\265\270"
 1195      EB46 7D09 
 1195      EC92 C5BB 
 1195      98D8 7AEF 
 1195      51F6 24B5 
 1196 057e 7D94 384D 		.ascii	"}\2248M\026\2471\361\361\346\337:5jq\305\250\257\266tYL\313\271"
 1196      16A7 31F1 
 1196      F1E6 DF3A 
 1196      356A 71C5 
 1196      A8AF B674 
 1197 0596 B131 AB8D 		.ascii	"\2611\253\215\261\033\242#\214\357\257|w\221q\2519f\243\311\274"
 1197      B11B A223 
 1197      8CEF AF7C 
 1197      7791 71A9 
 1197      3966 A3C9 
 1198 05ab DEB8 72C5 		.ascii	"\336\270r\305b\343\222x\263\tOq\3211k\226\232\326G\232c\022,"
 1198      62E3 9278 
 1198      B309 4F71 
 1198      D131 6B96 
 1198      9AD6 479A 
 1199 05c2 F1E6 F521 		.ascii	"\361\346\365!\221\272e\313W\006-\t\013#3<4\206\254~;*l\356\374"
 1199      91BA 65CB 
 1199      5706 2D09 
 1199      0B23 333C 
 1199      3486 AC7E 
 1200 05db A8F9 44B7 		.ascii	"\250\371D\267!&\3162g~\270\305\233^,\b\267\274\304\345K\342\327"
 1200      2126 CE32 
 1200      677E B8C5 
 1200      9B5E 2C08 
 1200      B7BC C4E5 
 1201 05f2 2544 9823 		.ascii	"%D\230#P\376\241\305\214\265\330U\3702\223e\271\351\013\213\333"
 1201      50FE A1C5 
 1201      8CB5 D855 
 1201      F832 9365 
 1201      B9E9 0B8B 
 1202 0607 C93B 2E3E 		.ascii	"\311;.>.nCl\354\274\027\036\336Z\362\232G\307\017\242?\336\224"
 1202      2E6E 436C 
 1202      ECBC 171E 
 1202      DE5A F29A 
 1202      47C7 0FA2 
 1203 061e 607A 71BF 		.ascii	"`zq\277H\362\3723\374\026\233\2421-\350\031\212E\321\026\223"
 1203      48F2 FA33 
 1203      FC16 9BA2 
 1203      312D E819 
 1203      8A45 D116 
 1204 0633 F955 8F02 		.ascii	"\371U\217\002JB\263\"\346K\2236!\"\362sS\224\206\352\027<g\204"
 1204      4A42 B322 
 1204      E64B 9336 
 1204      2122 F273 
 1204      5394 86EA 
 1205 064b 8B3E F968 		.ascii	"\213>\371h\2011$\304\270\302\0225z\332\257\320>\334U\341\357"
 1205      8131 24C4 
 1205      B8C2 1235 
 1205      7ADA AFD0 
 1205      3EDC 55E1 
 1206 0660 9922 A24C 		.ascii	"\231\"\242L\b\370?)\207\262o"
 1206      08F8 3F29 
 1206      87B2 6F
 1207               		.text
 1208               		.section	.gnu.lto_.symtab.401fc1bd,"",@progbits
 1209 0000 5553 425F 		.string	"USB_GetNextDescriptorOfType"
 1209      4765 744E 
 1209      6578 7444 
 1209      6573 6372 
 1209      6970 746F 
 1210 001c 00        		.string	""
 1211 001d 00        		.string	""
 1212 001e 00        		.string	""
 1213 001f 00        		.string	""
 1214 0020 00        		.string	""
 1215 0021 00        		.string	""
 1216 0022 00        		.string	""
 1217 0023 00        		.string	""
 1218 0024 00        		.string	""
 1219 0025 00        		.string	""
 1220 0026 00        		.string	""
 1221 0027 E700      		.string	"\347"
 1222 0029 00        		.string	""
 1223 002a 00        		.string	""
 1224 002b 5553 425F 		.string	"USB_GetNextDescriptorOfTypeBefore"
 1224      4765 744E 
 1224      6578 7444 
 1224      6573 6372 
 1224      6970 746F 
 1225 004d 00        		.string	""
 1226 004e 00        		.string	""
 1227 004f 00        		.string	""
 1228 0050 00        		.string	""
 1229 0051 00        		.string	""
 1230 0052 00        		.string	""
 1231 0053 00        		.string	""
 1232 0054 00        		.string	""
 1233 0055 00        		.string	""
 1234 0056 00        		.string	""
 1235 0057 00        		.string	""
 1236 0058 F200      		.string	"\362"
 1237 005a 00        		.string	""
 1238 005b 00        		.string	""
 1239 005c 5553 425F 		.string	"USB_GetNextDescriptorOfTypeAfter"
 1239      4765 744E 
 1239      6578 7444 
 1239      6573 6372 
 1239      6970 746F 
 1240 007d 00        		.string	""
 1241 007e 00        		.string	""
 1242 007f 00        		.string	""
 1243 0080 00        		.string	""
 1244 0081 00        		.string	""
 1245 0082 00        		.string	""
 1246 0083 00        		.string	""
 1247 0084 00        		.string	""
 1248 0085 00        		.string	""
 1249 0086 00        		.string	""
 1250 0087 00        		.string	""
 1251 0088 F400      		.string	"\364"
 1252 008a 00        		.string	""
 1253 008b 00        		.string	""
 1254 008c 5553 425F 		.string	"USB_GetNextDescriptorComp"
 1254      4765 744E 
 1254      6578 7444 
 1254      6573 6372 
 1254      6970 746F 
 1255 00a6 00        		.string	""
 1256 00a7 00        		.string	""
 1257 00a8 00        		.string	""
 1258 00a9 00        		.string	""
 1259 00aa 00        		.string	""
 1260 00ab 00        		.string	""
 1261 00ac 00        		.string	""
 1262 00ad 00        		.string	""
 1263 00ae 00        		.string	""
 1264 00af 00        		.string	""
 1265 00b0 00        		.string	""
 1266 00b1 0101 00   		.string	"\001\001"
 1267 00b4 00        		.string	""
 1268               		.text
 1269               		.section	.gnu.lto_.opts,"",@progbits
 1270 0000 272D 666E 		.ascii	"'-fn"
 1271 0004 6F2D 6F70 		.string	"o-openmp' '-fno-openacc' '-fno-pie' '-mn-flash=1' '-mno-skip-bug' '-mmcu=avr5' '-Os' '-We
 1271      656E 6D70 
 1271      2720 272D 
 1271      666E 6F2D 
 1271      6F70 656E 
 1272               		.text
 1273               		.comm	__gnu_lto_v1,1,1
 1274               		.comm	__gnu_lto_slim,1,1
 1275               		.ident	"GCC: (GNU) 8.4.0"
DEFINED SYMBOLS
                            *ABS*:0000000000000000 ConfigDescriptors.c
C:\Users\Roningo\AppData\Local\Temp\ccMcNlPk.s:2      *ABS*:000000000000003e __SP_H__
C:\Users\Roningo\AppData\Local\Temp\ccMcNlPk.s:3      *ABS*:000000000000003d __SP_L__
C:\Users\Roningo\AppData\Local\Temp\ccMcNlPk.s:4      *ABS*:000000000000003f __SREG__
C:\Users\Roningo\AppData\Local\Temp\ccMcNlPk.s:5      *ABS*:0000000000000000 __tmp_reg__
C:\Users\Roningo\AppData\Local\Temp\ccMcNlPk.s:6      *ABS*:0000000000000001 __zero_reg__
C:\Users\Roningo\AppData\Local\Temp\ccMcNlPk.s:19     .gnu.debuglto_.debug_info:0000000000000000 ConfigDescriptors.c.b4d926d6
                            *COM*:0000000000000001 __gnu_lto_v1
                            *COM*:0000000000000001 __gnu_lto_slim

NO UNDEFINED SYMBOLS
