   1               		.file	"usb_util.c"
   2               	__SP_H__ = 0x3e
   3               	__SP_L__ = 0x3d
   4               	__SREG__ = 0x3f
   5               	__tmp_reg__ = 0
   6               	__zero_reg__ = 1
   7               		.text
   8               	.Ltext0:
   9               		.cfi_sections	.debug_frame
  10               		.section	.text.usb_disable,"ax",@progbits
  11               		.weak	usb_disable
  13               	usb_disable:
  14               	.LFB117:
  15               		.file 1 "tmk_core/common/usb_util.c"
   1:tmk_core/common/usb_util.c **** /* Copyright 2021 QMK
   2:tmk_core/common/usb_util.c ****  *
   3:tmk_core/common/usb_util.c ****  * This program is free software: you can redistribute it and/or modify
   4:tmk_core/common/usb_util.c ****  * it under the terms of the GNU General Public License as published by
   5:tmk_core/common/usb_util.c ****  * the Free Software Foundation, either version 3 of the License, or
   6:tmk_core/common/usb_util.c ****  * (at your option) any later version.
   7:tmk_core/common/usb_util.c ****  *
   8:tmk_core/common/usb_util.c ****  * This program is distributed in the hope that it will be useful,
   9:tmk_core/common/usb_util.c ****  * but WITHOUT ANY WARRANTY; without even the implied warranty of
  10:tmk_core/common/usb_util.c ****  * MERCHANTABILITY or FITNESS FOR A PARTICULAR PURPOSE.  See the
  11:tmk_core/common/usb_util.c ****  * GNU General Public License for more details.
  12:tmk_core/common/usb_util.c ****  *
  13:tmk_core/common/usb_util.c ****  * You should have received a copy of the GNU General Public License
  14:tmk_core/common/usb_util.c ****  * along with this program.  If not, see <http://www.gnu.org/licenses/>.
  15:tmk_core/common/usb_util.c ****  */
  16:tmk_core/common/usb_util.c **** #include "quantum.h"
  17:tmk_core/common/usb_util.c **** #include "usb_util.h"
  18:tmk_core/common/usb_util.c **** 
  19:tmk_core/common/usb_util.c **** __attribute__((weak)) void usb_disable(void) {}
  16               		.loc 1 19 46 view -0
  17               		.cfi_startproc
  18               	/* prologue: function */
  19               	/* frame size = 0 */
  20               	/* stack size = 0 */
  21               	.L__stack_usage = 0
  22               		.loc 1 19 47 view .LVU1
  23               	/* epilogue start */
  24               		.loc 1 19 1 is_stmt 0 view .LVU2
  25 0000 0895      		ret
  26               		.cfi_endproc
  27               	.LFE117:
  29               		.section	.text.usb_connected_state,"ax",@progbits
  30               		.weak	usb_connected_state
  32               	usb_connected_state:
  33               	.LFB118:
  20:tmk_core/common/usb_util.c **** __attribute__((weak)) bool usb_connected_state(void) { return true; }
  34               		.loc 1 20 54 is_stmt 1 view -0
  35               		.cfi_startproc
  36               	/* prologue: function */
  37               	/* frame size = 0 */
  38               	/* stack size = 0 */
  39               	.L__stack_usage = 0
  40               		.loc 1 20 56 view .LVU4
  41               		.loc 1 20 1 is_stmt 0 view .LVU5
  42 0000 81E0      		ldi r24,lo8(1)
  43               	/* epilogue start */
  44 0002 0895      		ret
  45               		.cfi_endproc
  46               	.LFE118:
  48               		.section	.text.usb_vbus_state,"ax",@progbits
  49               		.weak	usb_vbus_state
  51               	usb_vbus_state:
  52               	.LFB121:
  53               		.cfi_startproc
  54               	/* prologue: function */
  55               	/* frame size = 0 */
  56               	/* stack size = 0 */
  57               	.L__stack_usage = 0
  58 0000 81E0      		ldi r24,lo8(1)
  59               	/* epilogue start */
  60 0002 0895      		ret
  61               		.cfi_endproc
  62               	.LFE121:
  64               		.text
  65               	.Letext0:
  66               		.file 2 "e:\\game\\msys2\\mingw64\\avr\\include\\stdint.h"
  67               		.file 3 "e:\\game\\msys2\\mingw64\\lib\\gcc\\avr\\8.4.0\\include\\stddef.h"
  68               		.file 4 "lib/lufa/LUFA/Drivers/USB/Core/AVR8/../StdRequestType.h"
  69               		.file 5 "tmk_core/common/action.h"
  70               		.file 6 "lib/lufa/LUFA/Drivers/USB/Core/AVR8/../DeviceStandardReq.h"
  71               		.file 7 "lib/lufa/LUFA/Drivers/USB/Core/USBTask.h"
  72               		.file 8 "lib/lufa/LUFA/Drivers/USB/Core/HostStandardReq.h"
  73               		.file 9 "e:\\game\\msys2\\mingw64\\avr\\include\\stdio.h"
  74               		.file 10 "tmk_core/common/report.h"
  75               		.file 11 "tmk_core/common/host.h"
  76               		.file 12 "tmk_core/common/debug.h"
  77               		.file 13 "quantum/keycode_config.h"
  78               		.file 14 "tmk_core/common/timer.h"
  79               		.file 15 "quantum/sequencer/sequencer.h"
  80               		.file 16 "quantum/keymap.h"
  81               		.file 17 "./quantum/color.h"
  82               		.file 18 "quantum/rgblight.h"
  83               		.file 19 "tmk_core/common/action_layer.h"
  84               		.file 20 "tmk_core/common/action_util.h"
  85               		.file 21 "quantum/send_string.h"
  86               		.file 22 "e:\\game\\msys2\\mingw64\\avr\\include\\stdlib.h"
DEFINED SYMBOLS
                            *ABS*:0000000000000000 usb_util.c
C:\Users\Roningo\AppData\Local\Temp\ccVSZonW.s:2      *ABS*:000000000000003e __SP_H__
C:\Users\Roningo\AppData\Local\Temp\ccVSZonW.s:3      *ABS*:000000000000003d __SP_L__
C:\Users\Roningo\AppData\Local\Temp\ccVSZonW.s:4      *ABS*:000000000000003f __SREG__
C:\Users\Roningo\AppData\Local\Temp\ccVSZonW.s:5      *ABS*:0000000000000000 __tmp_reg__
C:\Users\Roningo\AppData\Local\Temp\ccVSZonW.s:6      *ABS*:0000000000000001 __zero_reg__
C:\Users\Roningo\AppData\Local\Temp\ccVSZonW.s:13     .text.usb_disable:0000000000000000 usb_disable
C:\Users\Roningo\AppData\Local\Temp\ccVSZonW.s:32     .text.usb_connected_state:0000000000000000 usb_connected_state
C:\Users\Roningo\AppData\Local\Temp\ccVSZonW.s:51     .text.usb_vbus_state:0000000000000000 usb_vbus_state

NO UNDEFINED SYMBOLS
