   1               		.file	"sendchar_null.c"
   2               	__SP_H__ = 0x3e
   3               	__SP_L__ = 0x3d
   4               	__SREG__ = 0x3f
   5               	__tmp_reg__ = 0
   6               	__zero_reg__ = 1
   7               		.file 1 "e:\\game\\msys2\\mingw64\\avr\\include\\stdint.h"
   8               		.file 2 "tmk_core/common/sendchar_null.c"
   9               		.section	.gnu.debuglto_.debug_info,"",@progbits
  10               	.Ldebug_info0:
  11               		.hidden	sendchar_null.c.93ef9702
  12               		.weak	sendchar_null.c.93ef9702
  13               	sendchar_null.c.93ef9702:
  14 0000 8300 0000 		.long	0x83
  15 0004 0200      		.word	0x2
  16 0006 0000 0000 		.long	.Ldebug_abbrev0
  17 000a 04        		.byte	0x4
  18 000b 01        		.uleb128 0x1
  19 000c 0000 0000 		.long	.LASF9
  20 0010 0C        		.byte	0xc
  21 0011 0000 0000 		.long	.LASF10
  22 0015 0000 0000 		.long	.LASF11
  23 0019 0000 0000 		.long	.Ldebug_line0
  24 001d 02        		.uleb128 0x2
  25 001e 0000 0000 		.long	.LASF0
  26 0022 01        		.byte	0x1
  27 0023 7D        		.byte	0x7d
  28 0024 14        		.byte	0x14
  29 0025 2900 0000 		.long	0x29
  30 0029 03        		.uleb128 0x3
  31 002a 01        		.byte	0x1
  32 002b 06        		.byte	0x6
  33 002c 0000 0000 		.long	.LASF2
  34 0030 02        		.uleb128 0x2
  35 0031 0000 0000 		.long	.LASF1
  36 0035 01        		.byte	0x1
  37 0036 7E        		.byte	0x7e
  38 0037 16        		.byte	0x16
  39 0038 3C00 0000 		.long	0x3c
  40 003c 03        		.uleb128 0x3
  41 003d 01        		.byte	0x1
  42 003e 08        		.byte	0x8
  43 003f 0000 0000 		.long	.LASF3
  44 0043 04        		.uleb128 0x4
  45 0044 02        		.byte	0x2
  46 0045 05        		.byte	0x5
  47 0046 696E 7400 		.string	"int"
  48 004a 03        		.uleb128 0x3
  49 004b 02        		.byte	0x2
  50 004c 07        		.byte	0x7
  51 004d 0000 0000 		.long	.LASF4
  52 0051 03        		.uleb128 0x3
  53 0052 04        		.byte	0x4
  54 0053 05        		.byte	0x5
  55 0054 0000 0000 		.long	.LASF5
  56 0058 03        		.uleb128 0x3
  57 0059 04        		.byte	0x4
  58 005a 07        		.byte	0x7
  59 005b 0000 0000 		.long	.LASF6
  60 005f 03        		.uleb128 0x3
  61 0060 08        		.byte	0x8
  62 0061 05        		.byte	0x5
  63 0062 0000 0000 		.long	.LASF7
  64 0066 03        		.uleb128 0x3
  65 0067 08        		.byte	0x8
  66 0068 07        		.byte	0x7
  67 0069 0000 0000 		.long	.LASF8
  68 006d 05        		.uleb128 0x5
  69 006e 01        		.byte	0x1
  70 006f 0000 0000 		.long	.LASF12
  71 0073 02        		.byte	0x2
  72 0074 13        		.byte	0x13
  73 0075 1E        		.byte	0x1e
  74 0076 01        		.byte	0x1
  75 0077 1D00 0000 		.long	0x1d
  76 007b 06        		.uleb128 0x6
  77 007c 6300      		.string	"c"
  78 007e 02        		.byte	0x2
  79 007f 13        		.byte	0x13
  80 0080 2F        		.byte	0x2f
  81 0081 3000 0000 		.long	0x30
  82 0085 00        		.byte	0
  83 0086 00        		.byte	0
  84               		.section	.gnu.debuglto_.debug_abbrev,"",@progbits
  85               	.Ldebug_abbrev0:
  86 0000 01        		.uleb128 0x1
  87 0001 11        		.uleb128 0x11
  88 0002 01        		.byte	0x1
  89 0003 25        		.uleb128 0x25
  90 0004 0E        		.uleb128 0xe
  91 0005 13        		.uleb128 0x13
  92 0006 0B        		.uleb128 0xb
  93 0007 03        		.uleb128 0x3
  94 0008 0E        		.uleb128 0xe
  95 0009 1B        		.uleb128 0x1b
  96 000a 0E        		.uleb128 0xe
  97 000b 10        		.uleb128 0x10
  98 000c 06        		.uleb128 0x6
  99 000d 00        		.byte	0
 100 000e 00        		.byte	0
 101 000f 02        		.uleb128 0x2
 102 0010 16        		.uleb128 0x16
 103 0011 00        		.byte	0
 104 0012 03        		.uleb128 0x3
 105 0013 0E        		.uleb128 0xe
 106 0014 3A        		.uleb128 0x3a
 107 0015 0B        		.uleb128 0xb
 108 0016 3B        		.uleb128 0x3b
 109 0017 0B        		.uleb128 0xb
 110 0018 39        		.uleb128 0x39
 111 0019 0B        		.uleb128 0xb
 112 001a 49        		.uleb128 0x49
 113 001b 13        		.uleb128 0x13
 114 001c 00        		.byte	0
 115 001d 00        		.byte	0
 116 001e 03        		.uleb128 0x3
 117 001f 24        		.uleb128 0x24
 118 0020 00        		.byte	0
 119 0021 0B        		.uleb128 0xb
 120 0022 0B        		.uleb128 0xb
 121 0023 3E        		.uleb128 0x3e
 122 0024 0B        		.uleb128 0xb
 123 0025 03        		.uleb128 0x3
 124 0026 0E        		.uleb128 0xe
 125 0027 00        		.byte	0
 126 0028 00        		.byte	0
 127 0029 04        		.uleb128 0x4
 128 002a 24        		.uleb128 0x24
 129 002b 00        		.byte	0
 130 002c 0B        		.uleb128 0xb
 131 002d 0B        		.uleb128 0xb
 132 002e 3E        		.uleb128 0x3e
 133 002f 0B        		.uleb128 0xb
 134 0030 03        		.uleb128 0x3
 135 0031 08        		.uleb128 0x8
 136 0032 00        		.byte	0
 137 0033 00        		.byte	0
 138 0034 05        		.uleb128 0x5
 139 0035 2E        		.uleb128 0x2e
 140 0036 01        		.byte	0x1
 141 0037 3F        		.uleb128 0x3f
 142 0038 0C        		.uleb128 0xc
 143 0039 03        		.uleb128 0x3
 144 003a 0E        		.uleb128 0xe
 145 003b 3A        		.uleb128 0x3a
 146 003c 0B        		.uleb128 0xb
 147 003d 3B        		.uleb128 0x3b
 148 003e 0B        		.uleb128 0xb
 149 003f 39        		.uleb128 0x39
 150 0040 0B        		.uleb128 0xb
 151 0041 27        		.uleb128 0x27
 152 0042 0C        		.uleb128 0xc
 153 0043 49        		.uleb128 0x49
 154 0044 13        		.uleb128 0x13
 155 0045 00        		.byte	0
 156 0046 00        		.byte	0
 157 0047 06        		.uleb128 0x6
 158 0048 05        		.uleb128 0x5
 159 0049 00        		.byte	0
 160 004a 03        		.uleb128 0x3
 161 004b 08        		.uleb128 0x8
 162 004c 3A        		.uleb128 0x3a
 163 004d 0B        		.uleb128 0xb
 164 004e 3B        		.uleb128 0x3b
 165 004f 0B        		.uleb128 0xb
 166 0050 39        		.uleb128 0x39
 167 0051 0B        		.uleb128 0xb
 168 0052 49        		.uleb128 0x49
 169 0053 13        		.uleb128 0x13
 170 0054 00        		.byte	0
 171 0055 00        		.byte	0
 172 0056 00        		.byte	0
 173               		.section	.gnu.debuglto_.debug_line,"",@progbits
 174               	.Ldebug_line0:
 175 0000 6A00 0000 		.long	.LELT0-.LSLT0
 176               	.LSLT0:
 177 0004 0200      		.word	0x2
 178 0006 6400 0000 		.long	.LELTP0-.LASLTP0
 179               	.LASLTP0:
 180 000a 01        		.byte	0x1
 181 000b 01        		.byte	0x1
 182 000c F6        		.byte	0xf6
 183 000d F2        		.byte	0xf2
 184 000e 0D        		.byte	0xd
 185 000f 00        		.byte	0
 186 0010 01        		.byte	0x1
 187 0011 01        		.byte	0x1
 188 0012 01        		.byte	0x1
 189 0013 01        		.byte	0x1
 190 0014 00        		.byte	0
 191 0015 00        		.byte	0
 192 0016 00        		.byte	0
 193 0017 01        		.byte	0x1
 194 0018 00        		.byte	0
 195 0019 00        		.byte	0
 196 001a 01        		.byte	0x1
 197 001b 653A 5C67 		.ascii	"e:\\game\\msys2\\mingw64\\avr\\include"
 197      616D 655C 
 197      6D73 7973 
 197      325C 6D69 
 197      6E67 7736 
 198 003c 00        		.byte	0
 199 003d 746D 6B5F 		.ascii	"tmk_core/common"
 199      636F 7265 
 199      2F63 6F6D 
 199      6D6F 6E
 200 004c 00        		.byte	0
 201 004d 00        		.byte	0
 202 004e 7374 6469 		.string	"stdint.h"
 202      6E74 2E68 
 202      00
 203 0057 01        		.uleb128 0x1
 204 0058 00        		.uleb128 0
 205 0059 00        		.uleb128 0
 206 005a 7365 6E64 		.string	"sendchar_null.c"
 206      6368 6172 
 206      5F6E 756C 
 206      6C2E 6300 
 207 006a 02        		.uleb128 0x2
 208 006b 00        		.uleb128 0
 209 006c 00        		.uleb128 0
 210 006d 00        		.byte	0
 211               	.LELTP0:
 212               	.LELT0:
 213               		.section	.gnu.debuglto_.debug_str,"MS",@progbits,1
 214               	.LASF4:
 215 0000 756E 7369 		.string	"unsigned int"
 215      676E 6564 
 215      2069 6E74 
 215      00
 216               	.LASF0:
 217 000d 696E 7438 		.string	"int8_t"
 217      5F74 00
 218               	.LASF6:
 219 0014 6C6F 6E67 		.string	"long unsigned int"
 219      2075 6E73 
 219      6967 6E65 
 219      6420 696E 
 219      7400 
 220               	.LASF10:
 221 0026 746D 6B5F 		.string	"tmk_core/common/sendchar_null.c"
 221      636F 7265 
 221      2F63 6F6D 
 221      6D6F 6E2F 
 221      7365 6E64 
 222               	.LASF1:
 223 0046 7569 6E74 		.string	"uint8_t"
 223      385F 7400 
 224               	.LASF2:
 225 004e 7369 676E 		.string	"signed char"
 225      6564 2063 
 225      6861 7200 
 226               	.LASF9:
 227 005a 474E 5520 		.string	"GNU C99 8.4.0 -mn-flash=1 -mno-skip-bug -mmcu=avr5 -gdwarf-2 -Os -std=gnu99 -funsigned-ch
 227      4339 3920 
 227      382E 342E 
 227      3020 2D6D 
 227      6E2D 666C 
 228               	.LASF3:
 229 014b 756E 7369 		.string	"unsigned char"
 229      676E 6564 
 229      2063 6861 
 229      7200 
 230               	.LASF5:
 231 0159 6C6F 6E67 		.string	"long int"
 231      2069 6E74 
 231      00
 232               	.LASF8:
 233 0162 6C6F 6E67 		.string	"long long unsigned int"
 233      206C 6F6E 
 233      6720 756E 
 233      7369 676E 
 233      6564 2069 
 234               	.LASF11:
 235 0179 443A 5C44 		.string	"D:\\Download\\vial-qmk"
 235      6F77 6E6C 
 235      6F61 645C 
 235      7669 616C 
 235      2D71 6D6B 
 236               	.LASF12:
 237 018e 7365 6E64 		.string	"sendchar"
 237      6368 6172 
 237      00
 238               	.LASF7:
 239 0197 6C6F 6E67 		.string	"long long int"
 239      206C 6F6E 
 239      6720 696E 
 239      7400 
 240               		.text
 241               		.section	.gnu.lto_.profile.ece7f166,"",@progbits
 242 0000 789C 6367 		.string	"x\234cg`f`d"
 242      6066 6064 
 242      00
 243 0009 0200      		.string	"\002"
 244 000b 00        		.string	""
 245 000c 6200      		.string	"b"
 246 000e 0C        		.ascii	"\f"
 247               		.text
 248               		.section	.gnu.lto_.icf.ece7f166,"",@progbits
 249 0000 789C 6367 		.string	"x\234cg`f\340`@"
 249      6066 E060 
 249      4000 
 250 000a 4686 FF17 		.string	"F\206\377\027\316\237ba"
 250      CE9F 6261 
 250      00
 251 0013 00        		.string	""
 252 0014 1156 0380 		.ascii	"\021V\003\200"
 253               		.text
 254               		.section	.gnu.lto_.jmpfuncs.ece7f166,"",@progbits
 255 0000 789C 6367 		.string	"x\234cg`f\340b@"
 255      6066 E062 
 255      4000 
 256 000a 4606 4646 		.string	"F\006FF\006\206\231\314\f\f"
 256      0686 99CC 
 256      0C0C 00
 257 0015 047A 00   		.string	"\004z"
 258 0018 B4        		.ascii	"\264"
 259               		.text
 260               		.section	.gnu.lto_.inline.ece7f166,"",@progbits
 261 0000 789C 6367 		.string	"x\234cg`fPe@"
 261      6066 5065 
 261      4000 
 262 000a 4606 06E6 		.string	"F\006\006\346\006 `Ifd`b`h\0042\353\030\030\330 BL ! "
 262      0620 6049 
 262      6664 6062 
 262      6068 0432 
 262      EB18 18D8 
 263 0025 00        		.string	""
 264 0026 A381 078E 		.ascii	"\243\201\007\216"
 265               		.text
 266               		.section	.gnu.lto_.pureconst.ece7f166,"",@progbits
 267 0000 789C 6367 		.string	"x\234cg`f`a```d\230\301\002"
 267      6066 6061 
 267      6060 6064 
 267      98C1 0200 
 268 0010 01D6 00   		.string	"\001\326"
 269 0013 AC        		.ascii	"\254"
 270               		.text
 271               		.section	.gnu.lto_sendchar.ece7f166,"",@progbits
 272 0000 789C 5D8E 		.string	"x\234]\216?K\303"
 272      3F4B C300 
 273 0008 10C5 EFE5 		.string	"\020\305\357\345j\033DqU\250 \210R:\264\305\016\332E\\\374\034EbE\260I\240\352\344\320K$U
 273      6A1B 4471 
 273      55A8 2088 
 273      523A B4C5 
 273      0EDA 455C 
 274 005c 1125 C404 		.ascii	"\021%\304\004\325\r\324\261\303M\306c\347\264\215\354\205^$<"
 274      D50D D4B1 
 274      C34D C663 
 274      E7B4 8DEC 
 274      855E 243C 
 275 0070 7A9B 7992 		.ascii	"z\233y\222`\270\305D\373j,\246QHS4\270AV\177\237\333g\007\375"
 275      60B8 C544 
 275      FB6A 2CA6 
 275      5148 5334 
 275      B841 567F 
 276 0089 3C0E 526E 		.ascii	"<\016Rnz\215/3s.\342K\370=/\003-\006n\301\177|\252Ll\020\356"
 276      7A8D 2F33 
 276      732E E24B 
 276      F83D 2F03 
 276      2D06 6EC1 
 277 00a4 90A1 C8F0 		.ascii	"\220\241\310\360~\335;\034L&\242\344(\361\036I\202\302\325K_"
 277      7EDD 3B1C 
 277      4C26 A2E4 
 277      28F1 1E49 
 277      82C2 D54B 
 278 00b9 28BD 9F2D 		.ascii	"(\275\237-\t_'\331 \n\230|\355\222\200\204\324`\303\213y3\244"
 278      095F 27D9 
 278      200A 987C 
 278      ED92 8084 
 278      D460 C38B 
 279 00d0 2EE4 A4C3 		.ascii	".\344\244\303\261\355\003\376\361g\214\032\353\355\356]\016m"
 279      B1ED 03FE 
 279      F167 8C1A 
 279      EBED EE5D 
 279      0E6D 
 280 00e2 B376 06E1 		.ascii	"\263v\006\341\001q\337@\345\330\247yck\366J\331rk\225\274\345"
 280      0171 DF40 
 280      E5D8 A779 
 280      636B F64A 
 280      D972 6B95 
 281 00f8 DAB6 EBE4 		.ascii	"\332\266\353\344W+\316\242\265\274P+;\353\325j\316\"X#\377\244"
 281      572B CEA2 
 281      B5BC 502B 
 281      3BEB D56A 
 281      CE22 5823 
 282 010e 5CA9 5859 		.ascii	"\\\251XY*M\027\246\350\027m#]o"
 282      2A4D 17A6 
 282      E817 6D23 
 282      5D6F 
 283               		.text
 284               		.section	.gnu.lto_.symbol_nodes.ece7f166,"",@progbits
 285 0000 789C 6367 		.string	"x\234cg`f\220f"
 285      6066 9066 
 285      00
 286 0009 0226 867A 		.string	"\002&\206z\206\246\206\206\006\026\306\t\347\030\200l\206]\r\216\f\214 \031"
 286      86A6 8686 
 286      0616 C609 
 286      E718 806C 
 286      865D 0D8E 
 287 0022 61BD 0607 		.ascii	"a\275\006\007"
 288               		.text
 289               		.section	.gnu.lto_.refs.ece7f166,"",@progbits
 290 0000 789C 6367 		.string	"x\234cg`f`d"
 290      6066 6064 
 290      00
 291 0009 0200      		.string	"\002"
 292 000b 00        		.string	""
 293 000c 6200      		.string	"b"
 294 000e 0C        		.ascii	"\f"
 295               		.text
 296               		.section	.gnu.lto_.decls.ece7f166,"",@progbits
 297 0000 789C 8D51 		.string	"x\234\215QMHTQ\024>\337\273/\347\365\324u#\f4\340\322\320!\0275;!B\bjW\004-\006\231&\n\23
 297      4D48 5451 
 297      143E DFBB 
 297      2FE7 F5D4 
 297      7523 0C34 
 298 008a E389 7C6D 		.ascii	"\343\211|m\253\315`\025\3761V\332\025\302\322\367\251\374f5\024"
 298      ABCD 6015 
 298      FE31 56DA 
 298      15C2 D2F7 
 298      A9FC 6635 
 299 009f 9B91 C69C 		.ascii	"\233\221\306\234\013\204\005\b\255\323\325\252\342\317\237<["
 299      0B84 0508 
 299      ADD3 D5AA 
 299      E2CF 9F3C 
 299      5B
 300 00b0 6A17 E735 		.ascii	"j\027\3475w\355\333\227\t\307\035\227rTz\005\331\022&\364F\020"
 300      77ED DB97 
 300      09C7 1D97 
 300      7254 7A05 
 300      D912 26F4 
 301 00c6 8B10 5E41 		.ascii	"\213\020^Ak/\"F\230G\004s`\247\007\227s\312\245\362#\273\206"
 301      6B2F 2246 
 301      9847 0473 
 301      60A7 0797 
 301      73CA A5F2 
 302 00dd 0D70 39FD 		.ascii	"\rp9\375d\365r\370\007\3642\030\032\362i\231\303w\301\247Qp\367"
 302      64F5 72F8 
 302      07F4 3218 
 302      1AF2 6999 
 302      C377 C1A7 
 303 00f4 59C6 6F1D 		.ascii	"Y\306o\035\n\352\017\344\3535\0023\332>\345PP\371\254\240cF\337"
 303      0AEA 0FE4 
 303      EB35 0233 
 303      DA3E E550 
 303      50F9 ACA0 
 304 010b A7A9 4EAB 		.ascii	"\247\251N\253\255I\301\3506=\340\217\240)\334\024n\376K\004#"
 304      AD49 C1E8 
 304      363D E08F 
 304      A029 DC14 
 304      6EFE 4B04 
 305 0120 99DC F9BE 		.ascii	"\231\334\371\276\345\212\213\272\217\253\353;\245c\342\212\276"
 305      E58A 8BBA 
 305      8FAB EB3B 
 305      A563 E28A 
 305      BE
 306 0131 97A7 F7AB 		.ascii	"\227\247\367\253\216m\021\336\352\266\263g\267\276\267|\234="
 306      8E6D 11DE 
 306      EAB6 B367 
 306      B7BE B77C 
 306      9C3D 
 307 0143 BA83 B863 		.ascii	"\272\203\270c+\337\354\213J\335\345\001\236\340\201*|\177j\255"
 307      2BDF EC8B 
 307      4ADD E501 
 307      9EE0 812A 
 307      7C7F 6AAD 
 308 0157 D16A B0BC 		.ascii	"\321j\260\274\307\370\323\372\236\347\210kZ\361wq\373\245\255"
 308      C7F8 D3FA 
 308      9EE7 886B 
 308      5AF1 7771 
 308      FBA5 AD
 309 016a A624 8F4C 		.ascii	"\246$\217Li\031:AO\351\003O\351=O\211\371\213?\347\353m\341\207"
 309      6919 3A41 
 309      4FE9 034F 
 309      E93D 4F89 
 309      F98B 3FE7 
 310 0182 9A2F 6514 		.ascii	"\232/e\024X\341\262&\205\360\021a\336\337\3016o\373\365uf\325"
 310      58E1 B226 
 310      85F0 1161 
 310      DEDF C136 
 310      6FFB F575 
 311 0198 ED2C CA82 		.ascii	"\355,\312\202'\275\317\323\2476\237\346e\271 e\237&\342\r\027"
 311      27BD CFD3 
 311      A736 9FE6 
 311      65B9 2065 
 311      9F26 E20D 
 312 01ad 50EA 8425 		.ascii	"P\352\204%NPPu\3405j\350J\023*\350\244\223\271\364`\"\231\035"
 312      4E50 5075 
 312      E035 6AE8 
 312      4A13 2AE8 
 312      A493 B9F4 
 313 01c5 4EF5 24B3 		.ascii	"N\365$\263\351t6\323s;\225\271\236\27490\234\310\214\f\ru'\235"
 313      E974 36D3 
 313      733B 95B9 
 313      9EBC 3930 
 313      9CC8 8C0C 
 314 01dd FE4B 97A3 		.ascii	"\376K\227\243\347\342q\3528\022\350\216\367\246n\304\317\304"
 314      E7E2 71EA 
 314      3812 E88E 
 314      F7A6 6EC4 
 314      CFC4 
 315 01ef 4E53 68E4 		.ascii	"NSh\344V&w6\221s\002\206}750\330b\234\321\177\350\323\001\333"
 315      5626 7736 
 315      9173 0286 
 315      7D37 3530 
 315      D862 9CD1 
 316 0208 D3CE A7   		.ascii	"\323\316\247"
 317               		.text
 318               		.section	.gnu.lto_.symtab.ece7f166,"",@progbits
 319 0000 7365 6E64 		.string	"sendchar"
 319      6368 6172 
 319      00
 320 0009 00        		.string	""
 321 000a 01        		.ascii	"\001"
 322 000b 00        		.string	""
 323 000c 00        		.string	""
 324 000d 00        		.string	""
 325 000e 00        		.string	""
 326 000f 00        		.string	""
 327 0010 00        		.string	""
 328 0011 00        		.string	""
 329 0012 00        		.string	""
 330 0013 00        		.string	""
 331 0014 CB00      		.string	"\313"
 332 0016 00        		.string	""
 333 0017 00        		.string	""
 334               		.text
 335               		.section	.gnu.lto_.opts,"",@progbits
 336 0000 272D 666E 		.ascii	"'-fn"
 337 0004 6F2D 6F70 		.string	"o-openmp' '-fno-openacc' '-fno-pie' '-mn-flash=1' '-mno-skip-bug' '-mmcu=avr5' '-Os' '-We
 337      656E 6D70 
 337      2720 272D 
 337      666E 6F2D 
 337      6F70 656E 
 338               		.text
 339               		.comm	__gnu_lto_v1,1,1
 340               		.comm	__gnu_lto_slim,1,1
 341               		.ident	"GCC: (GNU) 8.4.0"
DEFINED SYMBOLS
                            *ABS*:0000000000000000 sendchar_null.c
C:\Users\Roningo\AppData\Local\Temp\cc6PsV9t.s:2      *ABS*:000000000000003e __SP_H__
C:\Users\Roningo\AppData\Local\Temp\cc6PsV9t.s:3      *ABS*:000000000000003d __SP_L__
C:\Users\Roningo\AppData\Local\Temp\cc6PsV9t.s:4      *ABS*:000000000000003f __SREG__
C:\Users\Roningo\AppData\Local\Temp\cc6PsV9t.s:5      *ABS*:0000000000000000 __tmp_reg__
C:\Users\Roningo\AppData\Local\Temp\cc6PsV9t.s:6      *ABS*:0000000000000001 __zero_reg__
C:\Users\Roningo\AppData\Local\Temp\cc6PsV9t.s:13     .gnu.debuglto_.debug_info:0000000000000000 sendchar_null.c.93ef9702
                            *COM*:0000000000000001 __gnu_lto_v1
                            *COM*:0000000000000001 __gnu_lto_slim

NO UNDEFINED SYMBOLS
