   1               		.file	"timer.c"
   2               	__SP_H__ = 0x3e
   3               	__SP_L__ = 0x3d
   4               	__SREG__ = 0x3f
   5               	__tmp_reg__ = 0
   6               	__zero_reg__ = 1
   7               		.file 1 "e:\\game\\msys2\\mingw64\\avr\\include\\stdint.h"
   8               		.file 2 "tmk_core/common/avr/timer.c"
   9               		.file 3 "tmk_core/common/timer.h"
  10               		.file 4 "e:\\game\\msys2\\mingw64\\avr\\include\\util\\atomic.h"
  11               		.section	.gnu.debuglto_.debug_info,"",@progbits
  12               	.Ldebug_info0:
  13               		.hidden	timer.c.1e2e5678
  14               		.weak	timer.c.1e2e5678
  15               	timer.c.1e2e5678:
  16 0000 0502 0000 		.long	0x205
  17 0004 0200      		.word	0x2
  18 0006 0000 0000 		.long	.Ldebug_abbrev0
  19 000a 04        		.byte	0x4
  20 000b 01        		.uleb128 0x1
  21 000c 0000 0000 		.long	.LASF20
  22 0010 0C        		.byte	0xc
  23 0011 0000 0000 		.long	.LASF21
  24 0015 0000 0000 		.long	.LASF22
  25 0019 0000 0000 		.long	.Ldebug_line0
  26 001d 02        		.uleb128 0x2
  27 001e 01        		.byte	0x1
  28 001f 06        		.byte	0x6
  29 0020 0000 0000 		.long	.LASF0
  30 0024 03        		.uleb128 0x3
  31 0025 0000 0000 		.long	.LASF2
  32 0029 01        		.byte	0x1
  33 002a 7E        		.byte	0x7e
  34 002b 16        		.byte	0x16
  35 002c 3500 0000 		.long	0x35
  36 0030 04        		.uleb128 0x4
  37 0031 2400 0000 		.long	0x24
  38 0035 02        		.uleb128 0x2
  39 0036 01        		.byte	0x1
  40 0037 08        		.byte	0x8
  41 0038 0000 0000 		.long	.LASF1
  42 003c 05        		.uleb128 0x5
  43 003d 02        		.byte	0x2
  44 003e 05        		.byte	0x5
  45 003f 696E 7400 		.string	"int"
  46 0043 03        		.uleb128 0x3
  47 0044 0000 0000 		.long	.LASF3
  48 0048 01        		.byte	0x1
  49 0049 80        		.byte	0x80
  50 004a 16        		.byte	0x16
  51 004b 4F00 0000 		.long	0x4f
  52 004f 02        		.uleb128 0x2
  53 0050 02        		.byte	0x2
  54 0051 07        		.byte	0x7
  55 0052 0000 0000 		.long	.LASF4
  56 0056 02        		.uleb128 0x2
  57 0057 04        		.byte	0x4
  58 0058 05        		.byte	0x5
  59 0059 0000 0000 		.long	.LASF5
  60 005d 03        		.uleb128 0x3
  61 005e 0000 0000 		.long	.LASF6
  62 0062 01        		.byte	0x1
  63 0063 82        		.byte	0x82
  64 0064 16        		.byte	0x16
  65 0065 6E00 0000 		.long	0x6e
  66 0069 06        		.uleb128 0x6
  67 006a 5D00 0000 		.long	0x5d
  68 006e 02        		.uleb128 0x2
  69 006f 04        		.byte	0x4
  70 0070 07        		.byte	0x7
  71 0071 0000 0000 		.long	.LASF7
  72 0075 02        		.uleb128 0x2
  73 0076 08        		.byte	0x8
  74 0077 05        		.byte	0x5
  75 0078 0000 0000 		.long	.LASF8
  76 007c 02        		.uleb128 0x2
  77 007d 08        		.byte	0x8
  78 007e 07        		.byte	0x7
  79 007f 0000 0000 		.long	.LASF9
  80 0083 07        		.uleb128 0x7
  81 0084 0000 0000 		.long	.LASF23
  82 0088 03        		.byte	0x3
  83 0089 20        		.byte	0x20
  84 008a 1A        		.byte	0x1a
  85 008b 6900 0000 		.long	0x69
  86 008f 01        		.byte	0x1
  87 0090 01        		.byte	0x1
  88 0091 08        		.uleb128 0x8
  89 0092 8300 0000 		.long	0x83
  90 0096 02        		.byte	0x2
  91 0097 1B        		.byte	0x1b
  92 0098 13        		.byte	0x13
  93 0099 09        		.uleb128 0x9
  94 009a 01        		.byte	0x1
  95 009b 0000 0000 		.long	.LASF24
  96 009f 02        		.byte	0x2
  97 00a0 85        		.byte	0x85
  98 00a1 01        		.byte	0x1
  99 00a2 01        		.byte	0x1
 100 00a3 0A        		.uleb128 0xa
 101 00a4 01        		.byte	0x1
 102 00a5 0000 0000 		.long	.LASF12
 103 00a9 02        		.byte	0x2
 104 00aa 77        		.byte	0x77
 105 00ab 11        		.byte	0x11
 106 00ac 01        		.byte	0x1
 107 00ad 5D00 0000 		.long	0x5d
 108 00b1 E600 0000 		.long	0xe6
 109 00b5 0B        		.uleb128 0xb
 110 00b6 0000 0000 		.long	.LASF14
 111 00ba 02        		.byte	0x2
 112 00bb 77        		.byte	0x77
 113 00bc 2A        		.byte	0x2a
 114 00bd 5D00 0000 		.long	0x5d
 115 00c1 0C        		.uleb128 0xc
 116 00c2 7400      		.string	"t"
 117 00c4 02        		.byte	0x2
 118 00c5 78        		.byte	0x78
 119 00c6 0E        		.byte	0xe
 120 00c7 5D00 0000 		.long	0x5d
 121 00cb 0D        		.uleb128 0xd
 122 00cc 0E        		.uleb128 0xe
 123 00cd 0000 0000 		.long	.LASF10
 124 00d1 02        		.byte	0x2
 125 00d2 7A        		.byte	0x7a
 126 00d3 05        		.byte	0x5
 127 00d4 2400 0000 		.long	0x24
 128 00d8 0E        		.uleb128 0xe
 129 00d9 0000 0000 		.long	.LASF11
 130 00dd 02        		.byte	0x2
 131 00de 7A        		.byte	0x7a
 132 00df 05        		.byte	0x5
 133 00e0 2400 0000 		.long	0x24
 134 00e4 00        		.byte	0
 135 00e5 00        		.byte	0
 136 00e6 0A        		.uleb128 0xa
 137 00e7 01        		.byte	0x1
 138 00e8 0000 0000 		.long	.LASF13
 139 00ec 02        		.byte	0x2
 140 00ed 6B        		.byte	0x6b
 141 00ee 11        		.byte	0x11
 142 00ef 01        		.byte	0x1
 143 00f0 4300 0000 		.long	0x43
 144 00f4 2901 0000 		.long	0x129
 145 00f8 0B        		.uleb128 0xb
 146 00f9 0000 0000 		.long	.LASF14
 147 00fd 02        		.byte	0x2
 148 00fe 6B        		.byte	0x6b
 149 00ff 28        		.byte	0x28
 150 0100 4300 0000 		.long	0x43
 151 0104 0C        		.uleb128 0xc
 152 0105 7400      		.string	"t"
 153 0107 02        		.byte	0x2
 154 0108 6C        		.byte	0x6c
 155 0109 0E        		.byte	0xe
 156 010a 5D00 0000 		.long	0x5d
 157 010e 0D        		.uleb128 0xd
 158 010f 0E        		.uleb128 0xe
 159 0110 0000 0000 		.long	.LASF10
 160 0114 02        		.byte	0x2
 161 0115 6E        		.byte	0x6e
 162 0116 05        		.byte	0x5
 163 0117 2400 0000 		.long	0x24
 164 011b 0E        		.uleb128 0xe
 165 011c 0000 0000 		.long	.LASF11
 166 0120 02        		.byte	0x2
 167 0121 6E        		.byte	0x6e
 168 0122 05        		.byte	0x5
 169 0123 2400 0000 		.long	0x24
 170 0127 00        		.byte	0
 171 0128 00        		.byte	0
 172 0129 0A        		.uleb128 0xa
 173 012a 01        		.byte	0x1
 174 012b 0000 0000 		.long	.LASF15
 175 012f 02        		.byte	0x2
 176 0130 5F        		.byte	0x5f
 177 0131 11        		.byte	0x11
 178 0132 01        		.byte	0x1
 179 0133 5D00 0000 		.long	0x5d
 180 0137 6001 0000 		.long	0x160
 181 013b 0C        		.uleb128 0xc
 182 013c 7400      		.string	"t"
 183 013e 02        		.byte	0x2
 184 013f 60        		.byte	0x60
 185 0140 0E        		.byte	0xe
 186 0141 5D00 0000 		.long	0x5d
 187 0145 0D        		.uleb128 0xd
 188 0146 0E        		.uleb128 0xe
 189 0147 0000 0000 		.long	.LASF10
 190 014b 02        		.byte	0x2
 191 014c 62        		.byte	0x62
 192 014d 05        		.byte	0x5
 193 014e 2400 0000 		.long	0x24
 194 0152 0E        		.uleb128 0xe
 195 0153 0000 0000 		.long	.LASF11
 196 0157 02        		.byte	0x2
 197 0158 62        		.byte	0x62
 198 0159 05        		.byte	0x5
 199 015a 2400 0000 		.long	0x24
 200 015e 00        		.byte	0
 201 015f 00        		.byte	0
 202 0160 0A        		.uleb128 0xa
 203 0161 01        		.byte	0x1
 204 0162 0000 0000 		.long	.LASF16
 205 0166 02        		.byte	0x2
 206 0167 53        		.byte	0x53
 207 0168 11        		.byte	0x11
 208 0169 01        		.byte	0x1
 209 016a 4300 0000 		.long	0x43
 210 016e 9701 0000 		.long	0x197
 211 0172 0C        		.uleb128 0xc
 212 0173 7400      		.string	"t"
 213 0175 02        		.byte	0x2
 214 0176 54        		.byte	0x54
 215 0177 0E        		.byte	0xe
 216 0178 5D00 0000 		.long	0x5d
 217 017c 0D        		.uleb128 0xd
 218 017d 0E        		.uleb128 0xe
 219 017e 0000 0000 		.long	.LASF10
 220 0182 02        		.byte	0x2
 221 0183 56        		.byte	0x56
 222 0184 05        		.byte	0x5
 223 0185 2400 0000 		.long	0x24
 224 0189 0E        		.uleb128 0xe
 225 018a 0000 0000 		.long	.LASF11
 226 018e 02        		.byte	0x2
 227 018f 56        		.byte	0x56
 228 0190 05        		.byte	0x5
 229 0191 2400 0000 		.long	0x24
 230 0195 00        		.byte	0
 231 0196 00        		.byte	0
 232 0197 0F        		.uleb128 0xf
 233 0198 01        		.byte	0x1
 234 0199 0000 0000 		.long	.LASF17
 235 019d 02        		.byte	0x2
 236 019e 4B        		.byte	0x4b
 237 019f 0D        		.byte	0xd
 238 01a0 01        		.byte	0x1
 239 01a1 C001 0000 		.long	0x1c0
 240 01a5 0D        		.uleb128 0xd
 241 01a6 0E        		.uleb128 0xe
 242 01a7 0000 0000 		.long	.LASF10
 243 01ab 02        		.byte	0x2
 244 01ac 4C        		.byte	0x4c
 245 01ad 05        		.byte	0x5
 246 01ae 2400 0000 		.long	0x24
 247 01b2 0E        		.uleb128 0xe
 248 01b3 0000 0000 		.long	.LASF11
 249 01b7 02        		.byte	0x2
 250 01b8 4C        		.byte	0x4c
 251 01b9 05        		.byte	0x5
 252 01ba 2400 0000 		.long	0x24
 253 01be 00        		.byte	0
 254 01bf 00        		.byte	0
 255 01c0 0F        		.uleb128 0xf
 256 01c1 01        		.byte	0x1
 257 01c2 0000 0000 		.long	.LASF18
 258 01c6 02        		.byte	0x2
 259 01c7 21        		.byte	0x21
 260 01c8 06        		.byte	0x6
 261 01c9 01        		.byte	0x1
 262 01ca DB01 0000 		.long	0x1db
 263 01ce 0E        		.uleb128 0xe
 264 01cf 0000 0000 		.long	.LASF19
 265 01d3 02        		.byte	0x2
 266 01d4 27        		.byte	0x27
 267 01d5 0D        		.byte	0xd
 268 01d6 2400 0000 		.long	0x24
 269 01da 00        		.byte	0
 270 01db 10        		.uleb128 0x10
 271 01dc 0000 0000 		.long	.LASF25
 272 01e0 04        		.byte	0x4
 273 01e1 44        		.byte	0x44
 274 01e2 18        		.byte	0x18
 275 01e3 01        		.byte	0x1
 276 01e4 F501 0000 		.long	0x1f5
 277 01e8 11        		.uleb128 0x11
 278 01e9 5F5F 7300 		.string	"__s"
 279 01ed 04        		.byte	0x4
 280 01ee 44        		.byte	0x44
 281 01ef 33        		.byte	0x33
 282 01f0 F501 0000 		.long	0x1f5
 283 01f4 00        		.byte	0
 284 01f5 12        		.uleb128 0x12
 285 01f6 02        		.byte	0x2
 286 01f7 3000 0000 		.long	0x30
 287 01fb 13        		.uleb128 0x13
 288 01fc 0000 0000 		.long	.LASF26
 289 0200 04        		.byte	0x4
 290 0201 30        		.byte	0x30
 291 0202 1B        		.byte	0x1b
 292 0203 01        		.byte	0x1
 293 0204 2400 0000 		.long	0x24
 294 0208 00        		.byte	0
 295               		.section	.gnu.debuglto_.debug_abbrev,"",@progbits
 296               	.Ldebug_abbrev0:
 297 0000 01        		.uleb128 0x1
 298 0001 11        		.uleb128 0x11
 299 0002 01        		.byte	0x1
 300 0003 25        		.uleb128 0x25
 301 0004 0E        		.uleb128 0xe
 302 0005 13        		.uleb128 0x13
 303 0006 0B        		.uleb128 0xb
 304 0007 03        		.uleb128 0x3
 305 0008 0E        		.uleb128 0xe
 306 0009 1B        		.uleb128 0x1b
 307 000a 0E        		.uleb128 0xe
 308 000b 10        		.uleb128 0x10
 309 000c 06        		.uleb128 0x6
 310 000d 00        		.byte	0
 311 000e 00        		.byte	0
 312 000f 02        		.uleb128 0x2
 313 0010 24        		.uleb128 0x24
 314 0011 00        		.byte	0
 315 0012 0B        		.uleb128 0xb
 316 0013 0B        		.uleb128 0xb
 317 0014 3E        		.uleb128 0x3e
 318 0015 0B        		.uleb128 0xb
 319 0016 03        		.uleb128 0x3
 320 0017 0E        		.uleb128 0xe
 321 0018 00        		.byte	0
 322 0019 00        		.byte	0
 323 001a 03        		.uleb128 0x3
 324 001b 16        		.uleb128 0x16
 325 001c 00        		.byte	0
 326 001d 03        		.uleb128 0x3
 327 001e 0E        		.uleb128 0xe
 328 001f 3A        		.uleb128 0x3a
 329 0020 0B        		.uleb128 0xb
 330 0021 3B        		.uleb128 0x3b
 331 0022 0B        		.uleb128 0xb
 332 0023 39        		.uleb128 0x39
 333 0024 0B        		.uleb128 0xb
 334 0025 49        		.uleb128 0x49
 335 0026 13        		.uleb128 0x13
 336 0027 00        		.byte	0
 337 0028 00        		.byte	0
 338 0029 04        		.uleb128 0x4
 339 002a 26        		.uleb128 0x26
 340 002b 00        		.byte	0
 341 002c 49        		.uleb128 0x49
 342 002d 13        		.uleb128 0x13
 343 002e 00        		.byte	0
 344 002f 00        		.byte	0
 345 0030 05        		.uleb128 0x5
 346 0031 24        		.uleb128 0x24
 347 0032 00        		.byte	0
 348 0033 0B        		.uleb128 0xb
 349 0034 0B        		.uleb128 0xb
 350 0035 3E        		.uleb128 0x3e
 351 0036 0B        		.uleb128 0xb
 352 0037 03        		.uleb128 0x3
 353 0038 08        		.uleb128 0x8
 354 0039 00        		.byte	0
 355 003a 00        		.byte	0
 356 003b 06        		.uleb128 0x6
 357 003c 35        		.uleb128 0x35
 358 003d 00        		.byte	0
 359 003e 49        		.uleb128 0x49
 360 003f 13        		.uleb128 0x13
 361 0040 00        		.byte	0
 362 0041 00        		.byte	0
 363 0042 07        		.uleb128 0x7
 364 0043 34        		.uleb128 0x34
 365 0044 00        		.byte	0
 366 0045 03        		.uleb128 0x3
 367 0046 0E        		.uleb128 0xe
 368 0047 3A        		.uleb128 0x3a
 369 0048 0B        		.uleb128 0xb
 370 0049 3B        		.uleb128 0x3b
 371 004a 0B        		.uleb128 0xb
 372 004b 39        		.uleb128 0x39
 373 004c 0B        		.uleb128 0xb
 374 004d 49        		.uleb128 0x49
 375 004e 13        		.uleb128 0x13
 376 004f 3F        		.uleb128 0x3f
 377 0050 0C        		.uleb128 0xc
 378 0051 3C        		.uleb128 0x3c
 379 0052 0C        		.uleb128 0xc
 380 0053 00        		.byte	0
 381 0054 00        		.byte	0
 382 0055 08        		.uleb128 0x8
 383 0056 34        		.uleb128 0x34
 384 0057 00        		.byte	0
 385 0058 47        		.uleb128 0x47
 386 0059 13        		.uleb128 0x13
 387 005a 3A        		.uleb128 0x3a
 388 005b 0B        		.uleb128 0xb
 389 005c 3B        		.uleb128 0x3b
 390 005d 0B        		.uleb128 0xb
 391 005e 39        		.uleb128 0x39
 392 005f 0B        		.uleb128 0xb
 393 0060 00        		.byte	0
 394 0061 00        		.byte	0
 395 0062 09        		.uleb128 0x9
 396 0063 2E        		.uleb128 0x2e
 397 0064 00        		.byte	0
 398 0065 3F        		.uleb128 0x3f
 399 0066 0C        		.uleb128 0xc
 400 0067 03        		.uleb128 0x3
 401 0068 0E        		.uleb128 0xe
 402 0069 3A        		.uleb128 0x3a
 403 006a 0B        		.uleb128 0xb
 404 006b 3B        		.uleb128 0x3b
 405 006c 0B        		.uleb128 0xb
 406 006d 39        		.uleb128 0x39
 407 006e 0B        		.uleb128 0xb
 408 006f 27        		.uleb128 0x27
 409 0070 0C        		.uleb128 0xc
 410 0071 00        		.byte	0
 411 0072 00        		.byte	0
 412 0073 0A        		.uleb128 0xa
 413 0074 2E        		.uleb128 0x2e
 414 0075 01        		.byte	0x1
 415 0076 3F        		.uleb128 0x3f
 416 0077 0C        		.uleb128 0xc
 417 0078 03        		.uleb128 0x3
 418 0079 0E        		.uleb128 0xe
 419 007a 3A        		.uleb128 0x3a
 420 007b 0B        		.uleb128 0xb
 421 007c 3B        		.uleb128 0x3b
 422 007d 0B        		.uleb128 0xb
 423 007e 39        		.uleb128 0x39
 424 007f 0B        		.uleb128 0xb
 425 0080 27        		.uleb128 0x27
 426 0081 0C        		.uleb128 0xc
 427 0082 49        		.uleb128 0x49
 428 0083 13        		.uleb128 0x13
 429 0084 01        		.uleb128 0x1
 430 0085 13        		.uleb128 0x13
 431 0086 00        		.byte	0
 432 0087 00        		.byte	0
 433 0088 0B        		.uleb128 0xb
 434 0089 05        		.uleb128 0x5
 435 008a 00        		.byte	0
 436 008b 03        		.uleb128 0x3
 437 008c 0E        		.uleb128 0xe
 438 008d 3A        		.uleb128 0x3a
 439 008e 0B        		.uleb128 0xb
 440 008f 3B        		.uleb128 0x3b
 441 0090 0B        		.uleb128 0xb
 442 0091 39        		.uleb128 0x39
 443 0092 0B        		.uleb128 0xb
 444 0093 49        		.uleb128 0x49
 445 0094 13        		.uleb128 0x13
 446 0095 00        		.byte	0
 447 0096 00        		.byte	0
 448 0097 0C        		.uleb128 0xc
 449 0098 34        		.uleb128 0x34
 450 0099 00        		.byte	0
 451 009a 03        		.uleb128 0x3
 452 009b 08        		.uleb128 0x8
 453 009c 3A        		.uleb128 0x3a
 454 009d 0B        		.uleb128 0xb
 455 009e 3B        		.uleb128 0x3b
 456 009f 0B        		.uleb128 0xb
 457 00a0 39        		.uleb128 0x39
 458 00a1 0B        		.uleb128 0xb
 459 00a2 49        		.uleb128 0x49
 460 00a3 13        		.uleb128 0x13
 461 00a4 00        		.byte	0
 462 00a5 00        		.byte	0
 463 00a6 0D        		.uleb128 0xd
 464 00a7 0B        		.uleb128 0xb
 465 00a8 01        		.byte	0x1
 466 00a9 00        		.byte	0
 467 00aa 00        		.byte	0
 468 00ab 0E        		.uleb128 0xe
 469 00ac 34        		.uleb128 0x34
 470 00ad 00        		.byte	0
 471 00ae 03        		.uleb128 0x3
 472 00af 0E        		.uleb128 0xe
 473 00b0 3A        		.uleb128 0x3a
 474 00b1 0B        		.uleb128 0xb
 475 00b2 3B        		.uleb128 0x3b
 476 00b3 0B        		.uleb128 0xb
 477 00b4 39        		.uleb128 0x39
 478 00b5 0B        		.uleb128 0xb
 479 00b6 49        		.uleb128 0x49
 480 00b7 13        		.uleb128 0x13
 481 00b8 00        		.byte	0
 482 00b9 00        		.byte	0
 483 00ba 0F        		.uleb128 0xf
 484 00bb 2E        		.uleb128 0x2e
 485 00bc 01        		.byte	0x1
 486 00bd 3F        		.uleb128 0x3f
 487 00be 0C        		.uleb128 0xc
 488 00bf 03        		.uleb128 0x3
 489 00c0 0E        		.uleb128 0xe
 490 00c1 3A        		.uleb128 0x3a
 491 00c2 0B        		.uleb128 0xb
 492 00c3 3B        		.uleb128 0x3b
 493 00c4 0B        		.uleb128 0xb
 494 00c5 39        		.uleb128 0x39
 495 00c6 0B        		.uleb128 0xb
 496 00c7 27        		.uleb128 0x27
 497 00c8 0C        		.uleb128 0xc
 498 00c9 01        		.uleb128 0x1
 499 00ca 13        		.uleb128 0x13
 500 00cb 00        		.byte	0
 501 00cc 00        		.byte	0
 502 00cd 10        		.uleb128 0x10
 503 00ce 2E        		.uleb128 0x2e
 504 00cf 01        		.byte	0x1
 505 00d0 03        		.uleb128 0x3
 506 00d1 0E        		.uleb128 0xe
 507 00d2 3A        		.uleb128 0x3a
 508 00d3 0B        		.uleb128 0xb
 509 00d4 3B        		.uleb128 0x3b
 510 00d5 0B        		.uleb128 0xb
 511 00d6 39        		.uleb128 0x39
 512 00d7 0B        		.uleb128 0xb
 513 00d8 27        		.uleb128 0x27
 514 00d9 0C        		.uleb128 0xc
 515 00da 01        		.uleb128 0x1
 516 00db 13        		.uleb128 0x13
 517 00dc 00        		.byte	0
 518 00dd 00        		.byte	0
 519 00de 11        		.uleb128 0x11
 520 00df 05        		.uleb128 0x5
 521 00e0 00        		.byte	0
 522 00e1 03        		.uleb128 0x3
 523 00e2 08        		.uleb128 0x8
 524 00e3 3A        		.uleb128 0x3a
 525 00e4 0B        		.uleb128 0xb
 526 00e5 3B        		.uleb128 0x3b
 527 00e6 0B        		.uleb128 0xb
 528 00e7 39        		.uleb128 0x39
 529 00e8 0B        		.uleb128 0xb
 530 00e9 49        		.uleb128 0x49
 531 00ea 13        		.uleb128 0x13
 532 00eb 00        		.byte	0
 533 00ec 00        		.byte	0
 534 00ed 12        		.uleb128 0x12
 535 00ee 0F        		.uleb128 0xf
 536 00ef 00        		.byte	0
 537 00f0 0B        		.uleb128 0xb
 538 00f1 0B        		.uleb128 0xb
 539 00f2 49        		.uleb128 0x49
 540 00f3 13        		.uleb128 0x13
 541 00f4 00        		.byte	0
 542 00f5 00        		.byte	0
 543 00f6 13        		.uleb128 0x13
 544 00f7 2E        		.uleb128 0x2e
 545 00f8 00        		.byte	0
 546 00f9 03        		.uleb128 0x3
 547 00fa 0E        		.uleb128 0xe
 548 00fb 3A        		.uleb128 0x3a
 549 00fc 0B        		.uleb128 0xb
 550 00fd 3B        		.uleb128 0x3b
 551 00fe 0B        		.uleb128 0xb
 552 00ff 39        		.uleb128 0x39
 553 0100 0B        		.uleb128 0xb
 554 0101 27        		.uleb128 0x27
 555 0102 0C        		.uleb128 0xc
 556 0103 49        		.uleb128 0x49
 557 0104 13        		.uleb128 0x13
 558 0105 00        		.byte	0
 559 0106 00        		.byte	0
 560 0107 00        		.byte	0
 561               		.section	.gnu.debuglto_.debug_line,"",@progbits
 562               	.Ldebug_line0:
 563 0000 BD00 0000 		.long	.LELT0-.LSLT0
 564               	.LSLT0:
 565 0004 0200      		.word	0x2
 566 0006 B700 0000 		.long	.LELTP0-.LASLTP0
 567               	.LASLTP0:
 568 000a 01        		.byte	0x1
 569 000b 01        		.byte	0x1
 570 000c F6        		.byte	0xf6
 571 000d F2        		.byte	0xf2
 572 000e 0D        		.byte	0xd
 573 000f 00        		.byte	0
 574 0010 01        		.byte	0x1
 575 0011 01        		.byte	0x1
 576 0012 01        		.byte	0x1
 577 0013 01        		.byte	0x1
 578 0014 00        		.byte	0
 579 0015 00        		.byte	0
 580 0016 00        		.byte	0
 581 0017 01        		.byte	0x1
 582 0018 00        		.byte	0
 583 0019 00        		.byte	0
 584 001a 01        		.byte	0x1
 585 001b 653A 5C67 		.ascii	"e:\\game\\msys2\\mingw64\\avr\\include"
 585      616D 655C 
 585      6D73 7973 
 585      325C 6D69 
 585      6E67 7736 
 586 003c 00        		.byte	0
 587 003d 653A 5C67 		.ascii	"e:\\game\\msys2\\mingw64\\avr\\include\\util"
 587      616D 655C 
 587      6D73 7973 
 587      325C 6D69 
 587      6E67 7736 
 588 0063 00        		.byte	0
 589 0064 746D 6B5F 		.ascii	"tmk_core/common"
 589      636F 7265 
 589      2F63 6F6D 
 589      6D6F 6E
 590 0073 00        		.byte	0
 591 0074 746D 6B5F 		.ascii	"tmk_core/common/avr"
 591      636F 7265 
 591      2F63 6F6D 
 591      6D6F 6E2F 
 591      6176 72
 592 0087 00        		.byte	0
 593 0088 00        		.byte	0
 594 0089 7374 6469 		.string	"stdint.h"
 594      6E74 2E68 
 594      00
 595 0092 01        		.uleb128 0x1
 596 0093 00        		.uleb128 0
 597 0094 00        		.uleb128 0
 598 0095 6176 722F 		.string	"avr/timer.c"
 598      7469 6D65 
 598      722E 6300 
 599 00a1 03        		.uleb128 0x3
 600 00a2 00        		.uleb128 0
 601 00a3 00        		.uleb128 0
 602 00a4 7469 6D65 		.string	"timer.h"
 602      722E 6800 
 603 00ac 03        		.uleb128 0x3
 604 00ad 00        		.uleb128 0
 605 00ae 00        		.uleb128 0
 606 00af 7574 696C 		.string	"util\\atomic.h"
 606      5C61 746F 
 606      6D69 632E 
 606      6800 
 607 00bd 01        		.uleb128 0x1
 608 00be 00        		.uleb128 0
 609 00bf 00        		.uleb128 0
 610 00c0 00        		.byte	0
 611               	.LELTP0:
 612               	.LELT0:
 613               		.section	.gnu.debuglto_.debug_str,"MS",@progbits,1
 614               	.LASF22:
 615 0000 443A 5C44 		.string	"D:\\Download\\vial-qmk"
 615      6F77 6E6C 
 615      6F61 645C 
 615      7669 616C 
 615      2D71 6D6B 
 616               	.LASF21:
 617 0015 746D 6B5F 		.string	"tmk_core/common/avr/timer.c"
 617      636F 7265 
 617      2F63 6F6D 
 617      6D6F 6E2F 
 617      6176 722F 
 618               	.LASF19:
 619 0031 7072 6573 		.string	"prescaler"
 619      6361 6C65 
 619      7200 
 620               	.LASF18:
 621 003b 7469 6D65 		.string	"timer_init"
 621      725F 696E 
 621      6974 00
 622               	.LASF1:
 623 0046 756E 7369 		.string	"unsigned char"
 623      676E 6564 
 623      2063 6861 
 623      7200 
 624               	.LASF17:
 625 0054 7469 6D65 		.string	"timer_clear"
 625      725F 636C 
 625      6561 7200 
 626               	.LASF7:
 627 0060 6C6F 6E67 		.string	"long unsigned int"
 627      2075 6E73 
 627      6967 6E65 
 627      6420 696E 
 627      7400 
 628               	.LASF11:
 629 0072 5F5F 546F 		.string	"__ToDo"
 629      446F 00
 630               	.LASF23:
 631 0079 7469 6D65 		.string	"timer_count"
 631      725F 636F 
 631      756E 7400 
 632               	.LASF26:
 633 0085 5F5F 6943 		.string	"__iCliRetVal"
 633      6C69 5265 
 633      7456 616C 
 633      00
 634               	.LASF10:
 635 0092 7372 6567 		.string	"sreg_save"
 635      5F73 6176 
 635      6500 
 636               	.LASF20:
 637 009c 474E 5520 		.string	"GNU C99 8.4.0 -mn-flash=1 -mno-skip-bug -mmcu=avr5 -gdwarf-2 -Os -std=gnu99 -funsigned-ch
 637      4339 3920 
 637      382E 342E 
 637      3020 2D6D 
 637      6E2D 666C 
 638               	.LASF4:
 639 018d 756E 7369 		.string	"unsigned int"
 639      676E 6564 
 639      2069 6E74 
 639      00
 640               	.LASF25:
 641 019a 5F5F 6952 		.string	"__iRestore"
 641      6573 746F 
 641      7265 00
 642               	.LASF9:
 643 01a5 6C6F 6E67 		.string	"long long unsigned int"
 643      206C 6F6E 
 643      6720 756E 
 643      7369 676E 
 643      6564 2069 
 644               	.LASF2:
 645 01bc 7569 6E74 		.string	"uint8_t"
 645      385F 7400 
 646               	.LASF8:
 647 01c4 6C6F 6E67 		.string	"long long int"
 647      206C 6F6E 
 647      6720 696E 
 647      7400 
 648               	.LASF16:
 649 01d2 7469 6D65 		.string	"timer_read"
 649      725F 7265 
 649      6164 00
 650               	.LASF24:
 651 01dd 5F5F 7665 		.string	"__vector_21"
 651      6374 6F72 
 651      5F32 3100 
 652               	.LASF12:
 653 01e9 7469 6D65 		.string	"timer_elapsed32"
 653      725F 656C 
 653      6170 7365 
 653      6433 3200 
 654               	.LASF13:
 655 01f9 7469 6D65 		.string	"timer_elapsed"
 655      725F 656C 
 655      6170 7365 
 655      6400 
 656               	.LASF3:
 657 0207 7569 6E74 		.string	"uint16_t"
 657      3136 5F74 
 657      00
 658               	.LASF6:
 659 0210 7569 6E74 		.string	"uint32_t"
 659      3332 5F74 
 659      00
 660               	.LASF5:
 661 0219 6C6F 6E67 		.string	"long int"
 661      2069 6E74 
 661      00
 662               	.LASF0:
 663 0222 7369 676E 		.string	"signed char"
 663      6564 2063 
 663      6861 7200 
 664               	.LASF15:
 665 022e 7469 6D65 		.string	"timer_read32"
 665      725F 7265 
 665      6164 3332 
 665      00
 666               	.LASF14:
 667 023b 6C61 7374 		.string	"last"
 667      00
 668               		.text
 669               		.section	.gnu.lto_.profile.73aa28d6,"",@progbits
 670 0000 789C 6367 		.string	"x\234cg`f`d"
 670      6066 6064 
 670      00
 671 0009 0200      		.string	"\002"
 672 000b 00        		.string	""
 673 000c 6200      		.string	"b"
 674 000e 0C        		.ascii	"\f"
 675               		.text
 676               		.section	.gnu.lto_.icf.73aa28d6,"",@progbits
 677 0000 789C 6367 		.string	"x\234cg`f\320f@"
 677      6066 D066 
 677      4000 
 678 000a 7686 15D3 		.string	"v\206\025\323f~\341g|\275`\233\b\363\276\311\263v\360\260,Zx\350\031\033\353\311\206\276\
 678      667E E167 
 678      7CBD 609B 
 678      08F3 BEC9 
 678      B376 F0B0 
 679 0039 B2C9 13BC 		.ascii	"\262\311\023\274"
 680               		.text
 681               		.section	.gnu.lto_.jmpfuncs.73aa28d6,"",@progbits
 682 0000 789C 6367 		.string	"x\234cg`fPd@"
 682      6066 5064 
 682      4000 
 683 000a 7620 6664 		.string	"v fd"
 683      00
 684 000f 0A32 B030 		.string	"\n2\26000\260222\326\317df`cd\002\321\214 I"
 684      30B0 3232 
 684      32D6 CF64 
 684      6660 6364 
 684      02D1 8C20 
 685 0025 2405 028B 		.ascii	"$\005\002\213"
 686               		.text
 687               		.section	.gnu.lto_.inline.73aa28d6,"",@progbits
 688 0000 789C 85CA 		.ascii	"x\234\205\312A\016\200 \f\004\300\245@\213\306\370I\341\037<"
 688      410E 8020 
 688      0C04 C0A5 
 688      408B C6F8 
 688      49E1 1F3C 
 689 0014 CD5F 79B5 		.ascii	"\315_y\265\305\030\0239t\323C7;\202\210\013_D\257k\270\006P\261"
 689      C518 1339 
 689      74D3 4337 
 689      3B82 880B 
 689      5F44 AF6B 
 690 002c 2F55 80C7 		.ascii	"/U\200\307s\020\310L\3002zS\262=\370O\242O\222O2V\255\347 \273"
 690      7310 C84C 
 690      C032 7A53 
 690      B23D F84F 
 690      A24F 924F 
 691 0046 2D32 11F6 		.ascii	"-2\021\366\211\240\274\003\031\356y\"\270\001\246C5%"
 691      89A0 BC03 
 691      19EE 7922 
 691      B801 A643 
 691      3525 
 692               		.text
 693               		.section	.gnu.lto_.pureconst.73aa28d6,"",@progbits
 694 0000 789C 05C1 		.string	"x\234\005\301\201\021"
 694      8111 00
 695 0007 200C 0231 		.ascii	" \f\0021\274\362\262\201\303w\024\2463\211FOR\264>e\212\013\345"
 695      BCF2 B281 
 695      C377 14A6 
 695      3389 464F 
 695      52B4 3E65 
 696 001e 96AC 3F3B 		.ascii	"\226\254?;k\0059"
 696      6B05 39
 697               		.text
 698               		.section	.gnu.lto_timer_init.73aa28d6,"",@progbits
 699 0000 789C 6D92 		.string	"x\234m\222\335KTA\030\306\337g\336m]a\267\350&\bN\324\225\320\006n\037T\342U\177G7!\313\2
 699      DD4B 5441 
 699      18C6 DF67 
 699      DE6D 5D61 
 699      B7E8 2608 
 700 00c8 2FD1 5425 		.ascii	"/\321T%c\026A\202\026\323\357\366(Y\256tK\265T\302\350\263^\275"
 700      6316 4182 
 700      16D3 EFF6 
 700      2859 AE74 
 700      4BB5 54C2 
 701 00e0 4D69 A694 		.ascii	"Mi\246\224\316\023\200Tt\203\205\353\351\353\212\326 G\347\242"
 701      CE13 8054 
 701      7483 85EB 
 701      E9EB 8AD6 
 701      2047 E7A2 
 702 00f4 5EE9 1A52 		.ascii	"^\351\032R#\035F\031\246\356\220\336\370<\261\367&\233\f\214"
 702      231D 4619 
 702      A6EE 90DE 
 702      F83C B1F7 
 702      269B 0C8C 
 703 0108 3958 9EB7 		.ascii	"9X\236\267r\314\363~\307|\251h\031\251\215n_fj\2371\n\357 \275"
 703      72CC F37E 
 703      C77C A968 
 703      19A9 8D6E 
 703      5F66 6A9F 
 704 0121 9595 AFF0 		.ascii	"\225\225\257\360\227y\263\276=1<\024\031\307\230\333\345\312"
 704      9779 B3BE 
 704      3D31 3C14 
 704      19C7 98DB 
 704      E5CA 
 705 0133 9103 3966 		.ascii	"\221\0039f\274\202\005\245\201\204y\214C[>\374.t\207M\tC\340"
 705      BC82 05A5 
 705      8184 798C 
 705      435B 3EFC 
 705      2E74 874D 
 706 014a 75B5 D5FD 		.ascii	"u\265\325\375\360N\253\354\342N\253\365\255\276A\341\263\013"
 706      F04E ABEC 
 706      E24E ABF5 
 706      ADBE 41E1 
 706      B30B 
 707 015c 86FD A77F 		.ascii	"\206\375\247\177\372o\250\216\235\257\261\013\232]\313\3750\274"
 707      FA6F A88E 
 707      9DAF B10B 
 707      9A5D CBFD 
 707      30BC 
 708 016e 3BF7 BD2F 		.ascii	";\367\275/+\253A\037\266``\263\313\333\317\353\203\276\251\301"
 708      2BAB 411F 
 708      B660 60B3 
 708      CBDB CFEB 
 708      83BE A9C1 
 709 0182 16FC A04F 		.ascii	"\026\374\240O\206\226\213\001?\350\026P\254\302\247\376\003\317"
 709      8696 8B01 
 709      3FE8 1650 
 709      ACC2 A7FE 
 709      03CF 
 710 0194 6636 B28D 		.ascii	"f6\262\215>\374\227\201\247?\315|\013\327\301\027k\360\267&\251"
 710      3EFC 9781 
 710      A73F CD7C 
 710      0BD7 C117 
 710      6BF0 B726 
 711 01a9 39F6 4FFD 		.ascii	"9\366O\375\004\372\275<\232\031i}\271\336K\351\377\317jO\\\272"
 711      04FA BD3C 
 711      9A19 697D 
 711      B9DE 4BE9 
 711      FFCF 6A4F 
 712 01bf 104F 3A76 		.ascii	"\020O:v,\236L$\222Wbm\035N\254\375b\302v\232\343\324x\325\261"
 712      2C9E 4C24 
 712      9257 626D 
 712      1D4E ACFD 
 712      62C2 769A 
 713 01d8 AFC5 DB2E 		.ascii	"\257\305\333.\333\316\376\352V\363\t\373\244}\372\314\331\026"
 713      DBCE FEEA 
 713      56F3 09FB 
 713      A47D FACC 
 713      D916 
 714 01ea FA07 2547 		.ascii	"\372\007%G\332\363"
 714      DAF3 
 715               		.text
 716               		.section	.gnu.lto_timer_clear.73aa28d6,"",@progbits
 717 0000 789C 8553 		.ascii	"x\234\205SmlSU\030>\317="
 717      6D6C 5355 
 717      183E CF3D 
 718 000c B71F EBD8 		.string	"\267\037\353\330\204?&&\215.3i\b$\033NE\262_$\372\307\370\317\217\177M\232Zof\343\356j\33
 718      843F 2626 
 718      8D2E 3369 
 718      0824 1B4E 
 718      45B2 5F24 
 719 010d 5D39 4C66 		.ascii	"]9Lfr\027\\\3745\345\360\333\343k'\353\355\312\r}B\227U\177\250"
 719      7217 5CFC 
 719      35E5 F0DB 
 719      E36B 27EB 
 719      EDCA 0D7D 
 720 0126 A88A 4919 		.ascii	"\250\212I\031\304|#\274\202\t\246\340\303i\370\024\027\346\313"
 720      C47C 23BC 
 720      8209 A6E0 
 720      C369 F814 
 720      17E6 CB
 721 0139 ABBB E985 		.ascii	"\253\273\351\205\201\221'z\250\007\032"
 721      8191 277A 
 721      A807 1A
 722 0144 3432 E716 		.string	"42\347\026~\377\313-M\216\215d>8\363o\257\306\337R5KcW\246]\233GT\315K\003-}\363\207\205p
 722      7EFF CB2D 
 722      4D8E 8D64 
 722      3E38 F36F 
 722      AFC6 DF52 
 723 0245 72A2 8F30 		.ascii	"r\242\2170\270%\256\341\007\247\363\016\245\25794\322\377\n\351"
 723      B825 AEE1 
 723      07A7 F30E 
 723      A5AF 3934 
 723      D2FF 0AE9 
 724 0259 41F2 3DC6 		.ascii	"A\362=\306U$\301ZJ\037\341\n\031)\202\002\3768\273\362\266\344"
 724      5524 C15A 
 724      4A1F E10A 
 724      1929 8202 
 724      FE38 BBF2 
 725 026f 055A 3F13 		.ascii	"\005Z?\023\376\333 \371\321\225m\330\335\221)\356jk\215*\235"
 725      FEDB 20F9 
 725      D195 6DD8 
 725      DD91 29EE 
 725      6A6B 8D2A 
 726 0284 33E5 B6B2 		.ascii	"3\345\266\262K5\252K\203\2433\2535)$\023n:\031\344\366d\347\213"
 726      4B35 AA4B 
 726      83A3 33AB 
 726      3529 2413 
 726      6E3A 19E4 
 727 029c 69C8 5609 		.ascii	"i\310V\td\271\007\363H\001WU\247\256\321qe\022\017\030\026\254"
 727      64B9 07F3 
 727      4801 5755 
 727      A7AE D171 
 727      6512 0F18 
 728 02b2 B243 4FDA 		.ascii	"\262CO\332u\3556Z`\327=A\236\327+\321^\257FkE\311g\333\237/l"
 728      75ED 365A 
 728      60D7 3D41 
 728      9ED7 2BD1 
 728      5EAF 466B 
 729 02cd D87A 54C9 		.ascii	"\330zT\311\352\321\250\326\235#d:;\"5\245^\367\rl\225^\217\277"
 729      EAD1 A8D6 
 729      9D23 643A 
 729      3B22 35A5 
 729      5EF7 0D6C 
 730 02e5 4CD7 4BDC 		.ascii	"L\327K\334\344\226#idy\255z42\031\212\004X\315O*\317\252H\332"
 730      E496 2369 
 730      6479 AD7A 
 730      3432 198A 
 730      0458 CD4F 
 731 02fe 9491 F6CC 		.ascii	"\224\221\366\314\006-=Rc\026\367\035\345r_%\020T\313\343\027"
 731      062D 3D52 
 731      6316 F71D 
 731      E572 5F25 
 731      1054 CBE3 
 732 0313 226D 2B62 		.ascii	"\"m+bh\234T8\2636YK\323,\363\277\223\375UMvQMV\263y~\234\357"
 732      689C 5438 
 732      B336 594B 
 732      D32C F3BF 
 732      93FD 554D 
 733 0330 7FC8 6D9E 		.ascii	"\177\310m\236\231~\317\204\220eQA\364\246\"\332{\260|\303\321"
 733      997E CF84 
 733      9065 5141 
 733      F4A6 22DA 
 733      7BB0 7CC3 
 734 0345 3A26 7AD4 		.ascii	":&z\324-\226\320\272\226C\361%'\366\020\311\334\312\006\3658"
 734      2D96 D0BA 
 734      9643 F125 
 734      27F6 10C9 
 734      DCCA 06F5 
 735 035a E4EA A6AE 		.ascii	"\344\352\246\256\253\207C\225\275q\363\275@(\0225\232C\021\323"
 735      AB87 4395 
 735      BD71 F3BD 
 735      4028 1235 
 735      9A43 11D3 
 736 036e 8C74 3407 		.ascii	"\214t4\007wE\233\343a\323\2106\205\2303\020x3\362Jd\223m7=g\264"
 736      7745 9BE3 
 736      61D3 8836 
 736      8598 3310 
 736      7833 F24A 
 737 0389 182F 6E7F 		.ascii	"\030/n\177i\007\363\004\002\341\327\215X\234\342\\\241v#\330"
 737      6907 F304 
 737      02E1 D78D 
 737      589C E25C 
 737      A176 23D8 
 738 039d D1F9 7E4D 		.ascii	"\321\371~M,j\264\005b\301]\006\017\004b\333\214V\177[\3204\374"
 738      2C6A B405 
 738      62C1 5D06 
 738      0F04 62DB 
 738      8C56 7F5B 
 739 03b4 666C 77AC 		.ascii	"flw\254\305o\206;\332>\330\376\202\237\222\373\303\035\241\366"
 739      C56F 863B 
 739      DA3E D8FE 
 739      829F 92FB 
 739      C31D A1F6 
 740 03c8 CE77 0C7F 		.ascii	"\316w\f\177g<\334\356\017\306#f8\324\364.\323C\355a\3462\r3\022"
 740      673C DCEE 
 740      0FC6 2366 
 740      38D4 F42E 
 740      D343 ED61 
 741 03e1 DD4D 1DFB 		.ascii	"\335M\035\373\017\327P\323\225"
 741      0FD7 50D3 
 741      95
 742               		.text
 743               		.section	.gnu.lto_timer_read.73aa28d6,"",@progbits
 744 0000 789C 8553 		.string	"x\234\205S]L\\U\020>s\317\275\373GA\373\342\203!\n\230\220\246M\240R\255\206\247>\350\243
 744      5D4C 5C55 
 744      103E 73CF 
 744      BDFB 4741 
 744      FBE2 8321 
 745 0081 D049 150E 		.string	"\320I\025\016`\215\n4*\2151\336\316at\352\320\321\247\232y\202\"\321\034\237\372\373\201\
 745      608D 0A34 
 745      2A8D 31DE 
 745      CE61 74EA 
 745      D0D1 A79A 
 746 00bf 8A19 FDE0 		.ascii	"\212\031\375\3404lf\f\023\356\035\211>\344&\234\212\346\364\341"
 746      346C 660C 
 746      13EE 1D89 
 746      3EE4 269C 
 746      8AE6 F4E1 
 747 00d3 D589 4213 		.ascii	"\325\211B\023\256\004\315G\375#\302\301\237\007\212<\235\356"
 747      AE04 CD47 
 747      FD23 C2C1 
 747      9F07 8A3C 
 747      9DEE 
 748 00e5 DFEF 2CEF 		.ascii	"\337\357,\357\221\320\213\311\342{Bt\b5\3019\244\201\023\374"
 748      91D0 8BC9 
 748      E27B 4274 
 748      0835 C139 
 748      A481 13FC 
 749 00f9 5984 3F63 		.ascii	"Y\204?c\302\227.+\224\261\360]\366`\241M\205A('\002Tv\bl\200"
 749      C297 2E2B 
 749      94B1 F05D 
 749      F660 A14D 
 749      8541 2827 
 750 0113 9EEC 786C 		.ascii	"\236\354xlO!\337&q\227\277\036;\t\026\356\203\244+\"\322\341"
 750      4F21 DF26 
 750      7197 BF1E 
 750      3B09 16EE 
 750      83A4 2B22 
 751 0129 9204 57E1 		.ascii	"\222\004W\341'\023v[1l5Ac\234\302\217\304\357\254\250\274Z\246"
 751      2713 765B 
 751      316C 3541 
 751      639C C28F 
 751      C4EF ACA8 
 752 0140 5E58 6E5E 		.ascii	"^Xn^-R\025\304\035A\345\350&:\234\031,\340\257K\357\201\325\345"
 752      2D52 15C4 
 752      1D41 E5E8 
 752      263A 9C19 
 752      2CE0 AF4B 
 753 0158 7F34 F4C2 		.ascii	"\1774\364\302\317\300\341\034\2502`(\336u\311\316\337\220\001"
 753      CFC0 E11C 
 753      A832 6028 
 753      DE75 C9CE 
 753      DF90 01
 754 016b 57EF 5E39 		.ascii	"W\357^9YdU.\221\315\2500\232S\025~\241$V\372o^7\347\241\034\206"
 754      5964 552E 
 754      91CD A830 
 754      9A53 157E 
 754      A124 56FA 
 755 0186 B123 EA85 		.ascii	"\261#\352\205\225>\226\276\233#\217Z\024\376\216D]911j\337tT"
 755      953E 96BE 
 755      9B23 8F5A 
 755      14FE 8E44 
 755      5D39 3131 
 756 019e A2CE 1DAA 		.ascii	"\242\316\035\252\352\230<(\204-\3015\270H\320\260>\006\270\004"
 756      EA98 3C28 
 756      842D C135 
 756      B848 D0B0 
 756      3E06 B804 
 757 01b2 9BF0 BA74 		.ascii	"\233\360\272tI\266\025\371\341\300\217\334\3422\374\226h\025"
 757      49B6 15F9 
 757      E1C0 8FDC 
 757      E232 FC96 
 757      6815 
 758 01c4 CA7A 0ACB 		.ascii	"\312z\n\313K!)\326\331DpCp\32036\r~%J\027\300\206%r\002T\006"
 758      4B21 29D6 
 758      D944 7043 
 758      70D0 3336 
 758      0D7E 254A 
 759 01e0 BFA1 E463 		.ascii	"\277\241\344cH\225\321\027}@\3638>\256\245Evu"
 759      4895 D117 
 759      7D40 F338 
 759      3EAE A545 
 759      7675 
 760 01f2 AF48 CF3E 		.string	"\257H\317>{~ef\243\023X\202\333\270\364a\016~5F{\303\242\2345a\r\025D\232\355\341JX\236w\
 760      7B7E 6566 
 760      A313 5882 
 760      DBB8 F461 
 760      0E7E 3546 
 761 02f3 D310 01F8 		.ascii	"\323\020\001\370S\n\227\311\023N\2265\311?c\325\265<&\361\365"
 761      530A 97C9 
 761      134E 9635 
 761      C93F 63D5 
 761      B53C 26F1 
 762 0308 5A2A 3098 		.ascii	"Z*0\230\311e>\223\307\\\315en\"\320\203N\246\322\033\266\364"
 762      C965 3E93 
 762      C75C CD65 
 762      6E22 D083 
 762      4EA6 D21B 
 763 031e C975 BCD3 		.ascii	"\311u\274\323\253D\273\220\242\306\276\240]\224\357\376/\330"
 763      AB44 BB90 
 763      A2C6 BEA0 
 763      5D94 EFFE 
 763      2FD8 
 764 0330 4251 77BF 		.ascii	"BQw\277\212\025Q\003\030\3265\320\246%\370\006\371\234\b\ff\221"
 764      8A15 5103 
 764      18D6 35D0 
 764      A625 F806 
 764      F99C 080C 
 765 0346 B99C 2B6D 		.ascii	"\271\234+m\254Y\020w\2322\255Yv\232{\214\"\315\356\353\343t\316"
 765      AC59 1077 
 765      9A32 AD59 
 765      769A 7B8C 
 765      22CD EEEB 
 766 035d 5B1C C85F 		.ascii	"[\034\310_\2339\354\336\332\224\356\263\255\232L\225\0237\337"
 766      9B39 ECDE 
 766      DA94 EEB3 
 766      AD9A 4C95 
 766      1337 DF
 767 0370 024B FCEF 		.ascii	"\002K\374\357\304\347\345\304\257\312\211+V\237\237\244\222\267"
 767      C4E7 E5C4 
 767      AFCA 892B 
 767      569F 9FA4 
 767      92B7 
 768 0382 B8D5 673C 		.ascii	"\270\325g<\351\032\024TV\315itA6\332\322\236\235\326\252O\210"
 768      E91A 1454 
 768      56CD 6974 
 768      4136 DAD2 
 768      9E9D D6AA 
 769 0398 66E9 856B 		.ascii	"f\351\205kP\275\206!\373]0{\352\276f=\240%hz\274\367!\247s\234"
 769      50BD 8621 
 769      FB5D 307B 
 769      EABE 663D 
 769      A025 687A 
 770 03b2 6BA4 F12D 		.ascii	"k\244\361-\222\3264\t6\212\363\221/\017y\025\207\214\017=\276"
 770      92D6 3409 
 770      368A F391 
 770      2F0F 7915 
 770      878C 0F3D 
 771 03c7 40BD 5EE9 		.ascii	"@\275^\351\013\030F\240\256\322\273\263\2762\3447\364\372\n\037"
 771      0B18 46A0 
 771      AED2 BBB3 
 771      BE32 E437 
 771      F4FA 0A1F 
 772 03db 83D0 46EB 		.ascii	"\203\320F\353X\361\242^\245\277\274\375\225W\231\315\343y;\360"
 772      58F1 A25E 
 772      A5BF BCFD 
 772      9557 99CD 
 772      E379 3BF0 
 773 03ef 5AC0 E5F1 		.ascii	"Z\300\345\361\370\337\324\203!\314\264\373juo]\303G\316`\275"
 773      F8DF D483 
 773      21CC B4FB 
 773      6A75 6F5D 
 773      C347 CE60 
 774 0404 5EE3 097A 		.ascii	"^\343\tzw\352\334\343\tn\325\253\3355^Cw\033\301]\301*\267\341"
 774      77EA DCE3 
 774      096E D5AB 
 774      DD35 5E43 
 774      771B C15D 
 775 041c AFAB F978 		.ascii	"\257\253\371x\373Kn\204w\373\353|\265\r\357\353\356\206\220\277"
 775      FB4B 6E84 
 775      77FB EB7C 
 775      B50D EFEB 
 775      EE86 90BF 
 776 0430 D6ED 0D05 		.ascii	"\326\355\r\005\f\277\257\342\003\246\372j\375\314n\350F\240~"
 776      0CBF AFE2 
 776      03A6 FA6A 
 776      FDCC 6EE8 
 776      46A0 7E
 777 0443 172A FA1F 		.ascii	"\027*\372\037\220\022\n\202"
 777      9012 0A82 
 778               		.text
 779               		.section	.gnu.lto_timer_read32.73aa28d6,"",@progbits
 780 0000 789C 8554 		.ascii	"x\234\205T_L\233U\024\277\347\273\337\327? \350^|\261Q\300\204"
 780      5F4C 9B55 
 780      14BF E7BB 
 780      DFD7 3F20 
 780      E85E 7CB1 
 781 0017 2C5B 0293 		.ascii	",[\002\223\3514<\355A\037}Q\023\037l\322\324\372\005\033)5m\231"
 781      E934 3CED 
 781      411F 7D51 
 781      131F 6CD2 
 781      D4FA 051B 
 782 002f D913 B75D 		.ascii	"\331\023\267]\231T\020Gd\2262p\r\243\0234\313b4f\033n\024\004"
 782      9954 1047 
 782      6496 3270 
 782      0DA3 1334 
 782      CB62 3466 
 783 0047 3636 A658 		.ascii	"66\246X\034C:\007\303en\331\0372\302\214\313\222\326s\356\367"
 783      1C43 3A07 
 783      C365 6ED9 
 783      1F32 C28C 
 783      CB92 D673 
 784 005d C15A 5F24 		.ascii	"\301Z_$\341\3139\367\334\363\347\367;\277[+\343lUc\254\2271\366"
 784      E1CB 39F7 
 784      DCF3 E7F7 
 784      3BBF 5B2B 
 784      E36C 5563 
 785 0075 2CFE 0367 		.ascii	",\376\003g\240\b!v[\3036\005\200,U\330\200\265(\320\242\264\304"
 785      A008 2176 
 785      5BC3 3605 
 785      802C 55D8 
 785      80B5 28D0 
 786 008c 7817 87FB 		.ascii	"x\027\207\373\207[\037\3626\236\300\233*\272\213_\346\347\312"
 786      875B 1FF2 
 786      369E C09B 
 786      2ABA 8B5F 
 786      E6E7 CA
 787 009f C805 A840 		.ascii	"\310\005\250@w}\341a\324\276mH\210\210H\307s\226\341\316Y\201"
 787      777D E161 
 787      D4BE 6D48 
 787      8888 48C7 
 787      7396 E1CE 
 788 00b5 3185 7D8E 		.ascii	"1\205}\216\327\177\004\007\214\200\203\321\037\234\206m\214a"
 788      D77F 0407 
 788      8C80 83D1 
 788      1F9C 866D 
 788      8C61 
 789 00c7 C2A3 9393 		.ascii	"\302\243\223\223\302\306\237\003\262O\247O\036\260W\017\312\344"
 789      C2C6 9F03 
 789      B24F A74F 
 789      1EB0 570F 
 789      CAE4 
 790 00d9 A93E C77D 		.ascii	"\251>\307}!z\204\212\331p\006\370\177\nT\216(\224\261\362m\356"
 790      217A 848A 
 790      D970 06F8 
 790      7F0A 548E 
 790      2894 B1F2 
 791 00ef 6099 4585 		.ascii	"`\231E\205Q\250\246\026T8\r\026\300H.\023\333_\306w\312\272k"
 791      51A8 A616 
 791      5438 0D16 
 791      C048 2E13 
 791      DB5F C677 
 792 0106 5FCF 9E02 		.ascii	"_\317\236\002\263\356|_IT\244\303\025\t\316a\314(\273\323\001"
 792      B3EE 7C5F 
 792      4954 A4C3 
 792      1509 CE61 
 792      CC28 BBD3 
 793 011b 3B8C A219 		.ascii	";\214\242\031Y\364p\374\336\272\312\353e\352\205\265\266|\271"
 793      59F4 70FC 
 793      DEBA CAEB 
 793      65EA 85B5 
 793      B67C B9
 794 012e AA60 DD9F 		.ascii	"\252`\335\237\220\033:i\235\310\216\225\362\327d\264;\277\366"
 794      901B 3A69 
 794      9DC8 8E95 
 794      F2D7 64B4 
 794      3BBF F6
 795 0141 8F86 5198 		.ascii	"\217\206Q\230\004\016\023\240\312\013\343\361\344E+\177]^\270"
 795      040E 13A0 
 795      CA0B E3F1 
 795      E445 2B7F 
 795      5D5E B8
 796 0154 B67A F954 		.ascii	"\266z\371T\271\331\271B\202\341p\266\240+LQ\022\253\234*Bs\016"
 796      B9D9 B942 
 796      82E1 70B6 
 796      A02B 4C51 
 796      12AB 9C2A 
 797 016b AA61 1C11 		.ascii	"\252a\034\021\021\026V9)c\323\013\207\216>i\320\256\240\233Y"
 797      1116 5639 
 797      2963 D30B 
 797      878E 3E69 
 797      D0AE A09B 
 798 0180 F8EB 6F9B 		.ascii	"\370\353o\233A\373S\350\336\236|\324\256\360\267e\317\365\023"
 798      41FB 53E8 
 798      DE9E 7CD4 
 798      AEF0 B765 
 798      CFF5 13
 799 0193 73D3 D6AD 		.ascii	"s\323\326\255Ge\317\245Cu=\363\007\205\260$\270\n3\324\030\340"
 799      4765 CFA5 
 799      4375 3DF3 
 799      0785 B024 
 799      B80A 33D4 
 800 01a9 02B2 781E 		.ascii	"\002\262x\036Y\204\213\260\025\217+or\312\212~\337\375\0037'"
 800      5984 8BB0 
 800      158F 2B6F 
 800      72CA 8A7E 
 800      DFFD 0337 
 801 01be 9D78 5374 		.ascii	"\235xSt\be3\205\025\245\020Q\233\263FQ!\270\350n\253\006?\323"
 801      0865 3385 
 801      15A5 1051 
 801      9BB3 4651 
 801      21B8 E86E 
 802 01d6 C0D3 60C1 		.ascii	"\300\323`\301\026\005\027T\006\277\340Bf\021\b\243/\306\200\266"
 802      1605 1754 
 802      06BF E042 
 802      6611 08A3 
 802      2FC6 80B6 
 803 01ea 753C A3A5 		.ascii	"u<\243\245E.\377\261H\347\236\231Y\277\261\0055\226\340\032\227"
 803      452E FFB1 
 803      48E7 9E99 
 803      59BF B105 
 803      3596 E01A 
 804 01ff 31CC A17D 		.ascii	"1\314\241}\262V\316\"X^\005\221f\373\271\022\226\366\2764\273"
 804      B256 CE22 
 804      585E 0591 
 804      66FB B912 
 804      96F6 BE34 
 805 0214 0E62 E048 		.ascii	"\016b\340H\247&\331!{\270|\303\254\242\001\330M\030\377\242\035"
 805      A726 D921 
 805      7BB8 7CC3 
 805      ACA2 01D8 
 805      4D18 FFA2 
 806 0229 C88C 7392 		.ascii	"\310\214s\222B\370\263\003\307$u\026\311O*\373`_\251\341.\221"
 806      42F8 B303 
 806      C724 7516 
 806      C94F 2AFB 
 806      605F A9E1 
 807 023f 7F6B 2437 		.ascii	"\177k$7X\226\202#\341hX\240,\254\220A\264\277\222\314`\016R\200"
 807      5896 8223 
 807      E168 58A0 
 807      2CAC 9041 
 807      B4BF 92CC 
 808 0257 7523 1554 		.ascii	"u#\025T\214\326\202\005\251\317\363\305\004\3546\201\223L~3&"
 808      8CD6 8205 
 808      A9CF F3C5 
 808      04EC 3681 
 808      934C 7E33 
 809 026c 59B9 FBE9 		.ascii	"Y\271\373\351%(d\001\317\341\222d\201\276\267 \\e\272\254\203"
 809      2528 6401 
 809      CFE1 9264 
 809      81BE B720 
 809      5C65 BAAC 
 810 0281 EE2D 1F9F 		.ascii	"\356-\037\237\315\226VuAR\364\340\f6\232k\360\366\231\224&\245"
 810      CD96 5675 
 810      4152 F4E0 
 810      0C36 9A6B 
 810      F0F6 9994 
 811 0297 370F 55F8 		.ascii	"7\017U\370\275\214R!\270\307\270\314\304\261\226c"
 811      BD8C 5221 
 811      B8C7 B8CC 
 811      C4B1 9663 
 812 02a7 E7B9 9C0C 		.string	"\347\271\234\f\305\202\tw\247\036\274K\270\220EX\300\371\257\003*\023C\217\235QB\300\0373
 812      C582 0977 
 812      A71E BC4B 
 812      B890 4558 
 812      C0F9 AF03 
 813 03a8 5944 2FA3 		.ascii	"YD/\243G\007\306C\3031\034!\337\007.\217?\240\327z\374>\237\277"
 813      4707 C643 
 813      C331 1C21 
 813      DF07 2E8F 
 813      3FA0 D77A 
 814 03c0 A9D6 BD27 		.ascii	"\251\326\275'P\033\362\372\364@\215\207Ah\213i\326\274\240\327"
 814      501B F2FA 
 814      F440 8D87 
 814      4168 8B69 
 814      D6BC A0D7 
 815 03d4 E92F ED7A 		.ascii	"\351/\355z\371\025fq\271\336\362\277\352/q\271\274o\350\301\020"
 815      F915 6671 
 815      B9DE F2BF 
 815      EA2F 71B9 
 815      BC6F E8C1 
 816 03e9 665A 3D8D 		.ascii	"fZ=\215\272\273\251\371C{0\2407\270\202\356=:w\271\202;\364z"
 816      BABB A9F9 
 816      437B 30A0 
 816      37B8 82EE 
 816      3D3A 77B9 
 817 0401 6783 DBA7 		.ascii	"g\203\333\247;}\301\275\301:\247\317\333\324\360\321\256\027"
 817      3B7D C1BD 
 817      C13A A7CF 
 817      DBD4 F0D1 
 817      AE17 
 818 0413 9D58 DEE9 		.ascii	"\235X\336\351m\36246\277\247;\233C\336F\247;\344\367y=5\3573"
 818      6DF2 3436 
 818      BFA7 3B9B 
 818      43DE 46A7 
 818      3BE4 F779 
 819 042b D5D3 E865 		.ascii	"\325\323\350eV\237\356\363\007\366\"\201\377\002\376}\005\030"
 819      569F EEF3 
 819      07F6 2281 
 819      FF02 FE7D 
 819      0518 
 820               		.text
 821               		.section	.gnu.lto_timer_elapsed.73aa28d6,"",@progbits
 822 0000 789C 8554 		.string	"x\234\205T]L\223W\030>\357w\276\257-\277\316\233]\261\2150B\210&\340\330\306\f7\363bW\273
 822      5D4C 9357 
 822      183E EF77 
 822      BEAF 2DBF 
 822      CE9B 5DB1 
 823 007f B453 850D 		.ascii	"\264S\205\rX\215\0025JM#o\343\020\237:z|K\003\217\220'\232\343"
 823      588D 0235 
 823      4A4D 236F 
 823      E310 9F3A 
 823      7A7C 4B03 
 824 0098 537F 3FB5 		.ascii	"S\177?\265\221\t\360\022\232\243\337.t\247o"
 824      9109 F012 
 824      9AA3 DF2E 
 824      74A7 6F
 825 00a7 1B10 2228 		.string	"\033\020\"(b\341S\326\301\003c\002\357\024\366%\272\237\207\0348\0079\214~p\001\266\241{\
 825      62E1 53D6 
 825      C103 6302 
 825      EF14 F625 
 825      BA9F 871C 
 826 01a8 57B0 23EA 		.string	"W\260#\352\205\345\267\310\273\373\243\253M\n\267\313\254+\247'\342Vs\nW;K\332'\017\013a\
 826      85E5 B7C8 
 826      BBFB A3AB 
 826      4D0A B7CB 
 826      AC2B A727 
 827 021d 5486 45C1 		.ascii	"T\206E\301\305\252J\007\215\321j\001\022\212\225T\303X\035gA"
 827      C5AA 4A07 
 827      8DD1 6A01 
 827      128A 9554 
 827      C358 1D67 
 828 0232 2CA7 8288 		.ascii	",\247\202\210\261z\256\004\344\2766\306\346A\364=n\321$\037\264"
 828      B17A AE04 
 828      E4BE 36C6 
 828      E641 F43D 
 828      6ED1 241F 
 829 0247 7F9E BDB1 		.ascii	"\177\236\275\261\315#@l\021\206\2174\001m\303\234\206\037h=x"
 829      CD23 406C 
 829      1186 8F34 
 829      016D C39C 
 829      861F 683D 
 830 025c 42EA DF26 		.ascii	"B\352\337&\371\212\316<\251\3150\314\333d\337;\267\326\237\025"
 830      F98A CE3C 
 830      A9CD 30CC 
 830      DB64 DF3B 
 830      B7D6 9F15 
 831 0270 8563 8150 		.ascii	"\205c\201P@\240\020\322\3407\354~\202\204\0057!\n\2307\230K\311"
 831      40A0 10D2 
 831      E037 EC7E 
 831      8284 0537 
 831      210A 9837 
 832 0287 6810 9890 		.ascii	"h\020\230\220\352\274\236J\310.\223\b\022\306\244\201d\356\253"
 832      EABC 9E4A 
 832      C82E 9308 
 832      12C6 A481 
 832      64EE AB
 833 029a 969B 90CC 		.ascii	"\226\233\220\314\n\236\303-\311\n\255\367 \220g\232\254\215\374"
 833      0A9E C32D 
 833      C90A ADF7 
 833      2090 679A 
 833      AC8D FC
 834 02ad 664F 8ECD 		.ascii	"fO\216\315d\344\035\201^\321\216\030\322\tW\377\375\213QM\212"
 834      64E4 1D81 
 834      5ED1 8E18 
 834      D209 57FF 
 834      FD8B 514D 
 835 02c2 6D0A F270 		.ascii	"m\n\362p\375\035\305A\355\236\3402\022a\3156&\270D\206\362\300"
 835      FD1D C541 
 835      ED9E E032 
 835      1261 CD36 
 835      26B8 4486 
 836 02d8 807F AE3C 		.ascii	"\200\177\256<\331C}!\2410\215\370\347\001\265\210W/\214\313\324"
 836      D943 7D21 
 836      A130 8DF8 
 836      E701 B588 
 836      572F 8CCB 
 837 02ed 81FA 8229 		.ascii	"\201\372\202)J\267\240l\220\326\036\377\330 MK&-C\222\3265p}"
 837      4AB7 A06C 
 837      90D6 1EFF 
 837      D820 4D4B 
 837      262D 4392 
 838 0305 3D2D 04C1 		.ascii	"=-\004\301\200\rO\272\270\251\211\311\231F \346\004Dx&\374\001"
 838      800D 4FBA 
 838      B8A9 89C9 
 838      9946 20E6 
 838      0444 7826 
 839 031b 2180 1949 		.ascii	"!\200\031I\334\237)\304\311\262\232\254\366\262Y\327\2741\200"
 839      DC9F 29C4 
 839      C9B2 9AAC 
 839      F6B2 59D7 
 839      BC31 80
 840 032e 6FD6 52F1 		.ascii	"o\326R\361C\221HF\236HA\256%#72\320\333\356\210\3062\267\017"
 840      4391 4846 
 840      9E48 41AE 
 840      2523 3732 
 840      D0DB EE88 
 841 0346 4A65 3E18 		.ascii	"Je>\030P\352z\021\242\306:I\226\362\023p\033\266\223\327\303"
 841      50EA 7A11 
 841      A2C6 3A49 
 841      96F2 1370 
 841      1BB6 93D7 
 842 035b AF1B B3A9 		.ascii	"\257\033\263\251\001t\353]m\321\"<K\276,J\006\263\210\\\316\225"
 842      0174 EB5D 
 842      6DD1 223C 
 842      4BBE 2C4A 
 842      06B3 885C 
 843 0371 C46B 1444 		.ascii	"\304k\024DyS\2449\313.C\322HR\342\300 \247}\212p U6w\260{S)}"
 843      7953 A439 
 843      CB2E 43D2 
 843      4852 E2C0 
 843      20A7 7D8A 
 844 038f 979A 3519 		.ascii	"\227\2325\031*'n<\013\326\375\277\023\237\223\023\277+'\256\230"
 844      2A27 6E3C 
 844      0BD6 FDBF 
 844      139F 9313 
 844      BF2B 27AE 
 845 03a4 7DB6 443B 		.ascii	"}\266D;\226\270\331g\270#}HPY5\251\321y\331hS\333\332\264VvZ"
 845      96B8 D967 
 845      B823 7D48 
 845      5059 35A9 
 845      D179 D968 
 846 03bf 34C8 5BF8 		.ascii	"4\310[\370\013\3126r\310~\347\215\236\372\216\265\032\017h\021"
 846      0BCA 3672 
 846      C87E E78D 
 846      9EFA 8EB5 
 846      1A0F 6811 
 847 03d3 82FF EE8F 		.ascii	"\202\377\356\217s\332\207\271B\034/B\355w\365`\034X\345\231\205"
 847      73DA 87B9 
 847      421C 2F42 
 847      ED77 F560 
 847      1C58 E599 
 848 03e8 2D11 DDC6 		.ascii	"-\021\335\306\t\225\252\303\231\311\327\210Xs\374\236\317\034"
 848      0995 AAC3 
 848      99C9 D788 
 848      5873 FC9E 
 848      CF1C 
 849 03fa 2E6F 955E 		.ascii	".o\225^\354\362z<\336\312b\347\336\252b\277\333\243W\025\271"
 849      ECF2 7A3C 
 849      DECA 62E7 
 849      DEAA 62BF 
 849      DBA3 5715 
 850 040f 985A E1F4 		.ascii	"\230Z\341\364\371\267\232V\321\033z\211\376v\351;;\031\370-\016"
 850      F9B7 9A56 
 850      D11B 7A89 
 850      FE76 E93B 
 850      3B19 F82D 
 851 0424 C787 DEF7 		.ascii	"\307\207\336\367\274\351\016\207{\267\356\363c\270\325U\241;"
 851      BCE9 0E87 
 851      7BB7 EEF3 
 851      63B8 D555 
 851      A13B 
 852 0436 2BAB 3F4F 		.ascii	"+\253?O\363U\351\345\016\237s\257\316\035\016\337\016\275\314"
 852      F355 E9E5 
 852      0E9F 73AF 
 852      CE1D 0EDF 
 852      0EBD CC
 853 0449 5EEE F4E8 		.ascii	"^\356\364\350v\217o\237\257\304\356qW\226\177Q\372\226\035k\330"
 853      768F 6F9F 
 853      AFC4 EE71 
 853      5796 7F51 
 853      FA96 1D6B 
 854 045e DD95 AE8A 		.ascii	"\335\225\256\212\352Ot{\265\337]aw\372\275\036\267\253\350S\246"
 854      EA4F 747B 
 854      B5DF 5D61 
 854      77FA BD1E 
 854      B7AB E853 
 855 0473 BA2A DCCC 		.ascii	"\272*\334\314\352\321=\336\252}H\365\177O\006&\017"
 855      EAD1 3DDE 
 855      AA7D 48F5 
 855      7F4F 0626 
 855      0F
 856               		.text
 857               		.section	.gnu.lto_timer_elapsed32.73aa28d6,"",@progbits
 858 0000 789C 8554 		.string	"x\234\205T]L\233U\030>\357w\276\257-\277s7^5\223`C\310\226\300D\305\205\033w\341\225\361j
 858      5D4C 9B55 
 858      183E EF77 
 858      BEAF 2DBF 
 858      7337 5E35 
 859 007f 3AA9 C206 		.ascii	":\251\302\006\254Z\201j\245\272\221\267r\270\337]\367\2207\360"
 859      AC5A 816A 
 859      A5BA 91B7 
 859      72B8 DF5D 
 859      F790 37F0 
 860 0093 768C 54D1 		.ascii	"v\214T\321\234;\2655\235C&@\036\232\233\263\017#\031{\007\204"
 860      9C3B B535 
 860      9D43 2640 
 860      1E9A 9BB3 
 860      0F23 197B 
 861 00a9 A811 F1E8 		.ascii	"\250\021\361\350\202u\260yR\240Oa\037`\370\327`\207\213`g\364"
 861      8275 B079 
 861      52A0 4F61 
 861      1F60 F8D7 
 861      6087 8B60 
 862 00bf 0797 602F 		.ascii	"\007\227`/\206\207;\247\227\025\376\0240<\367G??\235]\330/S\257"
 862      8687 3BA7 
 862      9715 FE14 
 862      303C F747 
 862      3F3F 9D5D 
 863 00d7 5789 6C4C 		.ascii	"W\211lL\203\313\300\3232\361\316\361%0\270\002\205\214r\036\235"
 863      83CB C0D3 
 863      32F1 CEF1 
 863      2530 B802 
 863      858C 721E 
 864 00ec 1F15 365E 		.ascii	"\037\0256^*\363/\305\317\037\313(\350\223\371c\335\366\373B\264"
 864      2AF3 2FC5 
 864      CF1F CB28 
 864      E893 F963 
 864      DDF6 FB42 
 865 0101 0995 8AC4 		.ascii	"\t\225\212\304\377S\2041\307\220\314X\372,y\"\307\242\302\020"
 865      FF53 8431 
 865      C790 CC58 
 865      FA2C 7922 
 865      C7A2 C210 
 866 0115 1410 4082 		.ascii	"\024\020@\2025\f\026@Or\252\261>\207\037\220Q\033\247'/\200Y"
 866      350C 1640 
 866      4F72 AAB1 
 866      3E87 1F90 
 866      511B A727 
 867 012c 77A6 3B33 		.ascii	"w\246;3\"\342\341\274v\316\341\033\243\354\263v\330o\024\235"
 867      22E2 E1BC 
 867      76CE E11B 
 867      A3EC B376 
 867      D86F 149D 
 868 0140 95E1 DDD1 		.ascii	"\225\341\335\321\273\233*\177Q\236\3077\032\266rU\005\353\216"
 868      BB9B 2A7F 
 868      519E C737 
 868      1AB6 7255 
 868      05EB 8E
 869 0153 22B3 7453 		.ascii	"\"\263tS72?\224\305_\226\336\343[\033\177k\350\205\253\300a\f"
 869      3732 3F94 
 869      C55F 96DE 
 869      E35B 1B7F 
 869      6BE8 85AB 
 870 016a 5419 301C 		.ascii	"T\0310\034\355\271f\345\207d\300\355{7/\344\232\235\363\3440"
 870      EDB9 66E5 
 870      8764 C0ED 
 870      7B37 2FE4 
 870      9A9D F3E4 
 871 017f 1C12 295D 		.ascii	"\034\022)]\341[Jb\216\211\264i\276\203\002\030\301\211h\026\346"
 871      E15B 4A62 
 871      8E89 B469 
 871      BE83 0218 
 871      C189 6816 
 872 0194 1897 BEC4 		.ascii	"\030\227\276\304\354\207\375\273\214\245)hN\315\376\376\227\315"
 872      EC87 FDBB 
 872      8CA5 2968 
 872      4ECD FEFE 
 872      97CD 
 873 01a6 58DA 1368 		.ascii	"X\332\023h\256\217>jR\270SFn\236\233NX\315-\\\355,i\2339!\204"
 873      AE8F 3E6A 
 873      52B8 5346 
 873      6E9E 9B4E 
 873      58CD 2D5C 
 874 01c1 A59D ABF0 		.ascii	"\245\235\253\360=5\006\270\206,N \213\360\003\024\342\265c\225"
 874      3D35 06B8 
 874      862C 4E20 
 874      8BF0 0314 
 874      E2B5 6395 
 875 01d5 5356 E48B 		.ascii	"SV\344\213\343_q\023\351\310\253\342\250PvRXZ\n\021\265\2035"
 875      E35F 7113 
 875      E9C8 ABE2 
 875      A850 7652 
 875      585A 0A11 
 876 01ec 82FA 4299 		.ascii	"\202\372B\231lZ5\230$\300\343`\301\026)\001*\203\037q!S8\b\243"
 876      6C5A 3598 
 876      24C0 E360 
 876      C116 2901 
 876      2A83 1F71 
 877 0205 2FFA 80B6 		.ascii	"/\372\200\266uvJ\213\213\344\326{\"\236\334\263\272\231\334\235"
 877      7576 4A8B 
 877      8BE4 D67B 
 877      229E DCB3 
 877      BA99 DC9D 
 878 0219 09A8 0C8D 		.ascii	"\t\250\f\215K\037\346\340W\003\322\210\205"
 878      4B1F E6E0 
 878      5703 D288 
 878      85
 879 0226 04C3 581D 		.string	"\004\303X\035g5\330I\005\021g\365\\\t\313sm\234\255\200\350]n\321$Qt^\333\265}\314',l\025
 879      6735 D849 
 879      0511 67F5 
 879      5C09 CB73 
 879      6D9C AD80 
 880 0327 DFE9 85EC 		.ascii	"\337\351\205\354\302B*\362\2054\344j*r\243\002=\372\216X<{\337"
 880      C242 2AF2 
 880      8534 E46A 
 880      2A72 A302 
 880      3DFA 8E58 
 881 033e A014 E5DD 		.ascii	"\240\024\345\335\001\245\256\007!\252\254\223\024)\177\033n\301"
 881      01A5 AE07 
 881      21AA AC93 
 881      1429 7F1B 
 881      6EC1 
 882 0350 3E8A BAF7 		.ascii	">\212\272\367Ic.\r\200a=\353-Z;\317\222O\216\212\301\"\"\227"
 882      4963 2E0D 
 882      8061 3DEB 
 882      2D5A 3BCF 
 882      924F 8E8A 
 883 0368 7B25 DD1A 		.ascii	"{%\335\032\rQ\331\224i\356\262\313P3\222\264\360\376 \247s\232"
 883      0D51 D994 
 883      69EE B2CB 
 883      5033 92B4 
 883      F0FE 20A7 
 884 037e 7020 5D36 		.ascii	"p ]6\267qzS)\275W\216j2Un\334x\021\354\324\377n|In|Yn\\1\347"
 884      B771 7A53 
 884      29BD 578E 
 884      6A32 556E 
 884      DC78 11EC 
 885 039e 6C8E 75DC 		.ascii	"l\216u\334\341\346\234\321\216\314!Amy\312\240+r\320\246\326"
 885      E1E6 9CD1 
 885      8ECC 2141 
 885      6D79 CAA0 
 885      2B72 D0A6 
 886 03b3 E49C 5676 		.ascii	"\344\234VvN4H/\374\ne\3335\344\274+\306L\275\177\232\017h\025"
 886      4E34 482F 
 886      FC0A 65DB 
 886      35E4 BC2B 
 886      C64C BD7F 
 887 03cb 6A3F AD4F 		.ascii	"j?\255Op:G9\355>\3125v\207\3305n\250r\035\256H>>\204f\017\371"
 887      703A 4739 
 887      ED3E CA35 
 887      7687 D835 
 887      6EA8 721D 
 888 03e7 DE76 79FC 		.ascii	"\336vy\374\001\275\330\343\367\371\374\225\305\356\303\201\342"
 888      01BD D8E3 
 888      F7F9 FC95 
 888      C5EE C381 
 888      E2
 889 03f8 90D7 A707 		.ascii	"\220\327\247\007\212<L\255p\007C\273M\253\350\031\275D\177\276"
 889      8A3C 4CAD 
 889      7007 43BB 
 889      4DAB E819 
 889      BD44 7FBE 
 890 040c F485 030C 		.ascii	"\364\205\003\fB\026\227\3535\377K\376L\227\313{H\017\2060\335"
 890      4216 97EB 
 890      35FF 4BFE 
 890      4C97 CB7B 
 890      480F 8630 
 891 0421 EAA9 D0DD 		.ascii	"\352\251\320\335\225U\357d\004\003z\271+\350>\254s\227+\270_"
 891      9555 EF64 
 891      0403 7AB9 
 891      2BE8 3EAC 
 891      7397 2BB8 
 892 0436 2F73 96BB 		.ascii	"/s\226\273}\272\323\027<\022,q\372\274\225\345\357\226>\347\304"
 892      7DBA D317 
 892      3C12 2C71 
 892      FABC 95E5 
 892      EF96 3EE7 
 893 044b 1E4E 6FA5 		.ascii	"\036No\245\247\242\352M\335Y\025\362V8\335!\277\317\353)z\213"
 893      A7A2 EA4D 
 893      DD59 15F2 
 893      5638 DD21 
 893      BFCF EB29 
 894 0461 A99E 0A2F 		.ascii	"\251\236\n/\263\372t\237?p\004\231\375\027[\277!K"
 894      B3FA 749F 
 894      3F70 0499 
 894      FD17 5BBF 
 894      214B 
 895               		.text
 896               		.section	.gnu.lto___vector_21.73aa28d6,"",@progbits
 897 0000 789C 8D8F 		.string	"x\234\215\217=K\003A\020\206\347\335I.\247\020l-\242\235M\n\363\027\374\025\266\242!\205\
 897      3D4B 0341 
 897      1086 E7DD 
 897      492E A710 
 897      6C2D A29D 
 898 0060 93A5 B40D 		.string	"\223\245\264\r\252(T\320\3445\306\347\367\366K6\337\221\216\216Z[\203\276\016\206C&Z\227H
 898      AA28 54D0 
 898      E435 C6E7 
 898      F7F6 4B36 
 898      DF91 8E8E 
 899 00dd FBBE 46C8 		.ascii	"\373\276F\310\214s\324\2013\344d\245\013)\013\262\266\323@\202"
 899      8C73 D481 
 899      33E4 64A5 
 899      0B29 0BB2 
 899      B6D3 4082 
 900 00f1 5409 F5FD 		.ascii	"T\t\365\375\352k\306@\031@$\223b}\\\216G\376\351\270\374st\245"
 900      EA6B C640 
 900      1940 2493 
 900      627D 5C8E 
 900      47FE E9B8 
 901 0109 2C60 7A43 		.ascii	",`zCu\327\212o0/\220\325\343\363\024Q\256\354\314M\025]\257T"
 901      75D7 8A6F 
 901      302F 90D5 
 901      E3F3 1451 
 901      AEEC CC4D 
 902 0121 28BA 8EE3 		.ascii	"(\272\216\343\316\027\246\027\274By\326)y\343E\372\001g<u\210"
 902      CE17 A617 
 902      BC42 79D6 
 902      2979 E345 
 902      FA01 673C 
 903               		.text
 904               		.section	.gnu.lto_.symbol_nodes.73aa28d6,"",@progbits
 905 0000 789C 6367 		.string	"x\234cg`f\330\311"
 905      6066 D8C9 
 905      00
 906 0009 044C 6CF5 		.string	"\004Ll\365\fM\r\r\r,\214\023\31610\32430\354jpd`\004I\260\3273b\225`eehU\002)\340\250g\30
 906      0C4D 0D0D 
 906      0D2C 8C13 
 906      CE31 30D4 
 906      3330 EC6A 
 907 004d FF53 2AF1 		.ascii	"\377S*\361"
 908               		.text
 909               		.section	.gnu.lto_.refs.73aa28d6,"",@progbits
 910 0000 789C 15C4 		.string	"x\234\025\304\301\021"
 910      C111 00
 911 0007 2008 03C1 		.string	" \b\003\301K@y1\366`\377E*\373\330\"\270\200$\267\002\037\345\264\246\375sa\313\311\003\0
 911      4B40 7931 
 911      F660 FF45 
 911      2AFB D822 
 911      B880 24B7 
 912 0029 AD        		.ascii	"\255"
 913               		.text
 914               		.section	.gnu.lto_.decls.73aa28d6,"",@progbits
 915 0000 789C A556 		.string	"x\234\245VkL\024W\024\2363\263\354\262\313\253\335\230\306\324mc\242\221\177\202\320Z\355
 915      6B4C 1457 
 915      149E 33B3 
 915      ECB2 CBAB 
 915      DD98 C6D4 
 916 00cd 5B03 D154 		.string	"[\003\321T\377\n\307q\234\013Q`\373\326\351y\003\236\356%\360\224\311k\361\361\274)G\337\
 916      FF0A C771 
 916      9C0B 5160 
 916      FBD6 E979 
 916      039E EE25 
 917 010f 3D87 4E4C 		.ascii	"=\207NL\2532\005\330\242\003\257W@Gv\262\353V0s\220\371\362\336"
 917      AB32 05D8 
 917      A203 AF57 
 917      4047 76B2 
 917      EB56 3073 
 918 0127 B663 2A81 		.ascii	"\266c*\201\247\357\215\327\346\256i#OK\354\n\374\204\203:\020"
 918      A7EF 8DD7 
 918      E6AE 6923 
 918      4F4B EC0A 
 918      FC84 833A 
 919 013c 2850 7810 		.ascii	"(Px\020\231\257\317\031\034\323\t\033il[\377\241\2220\204\321"
 919      99AF CF19 
 919      1CD3 091B 
 919      696C 5BFF 
 919      A192 3084 
 920 0151 EB80 2734 		.ascii	"\353\200'4\375\343O\003q\270L\007o\341p<=\315\035\240\313\224"
 920      FDE3 4F03 
 920      71B8 4C07 
 920      6FE1 703C 
 920      3DCD 1DA0 
 921 0167 A414 E98A 		.ascii	"\244\024\351\212$\351\226s\320\b\006p\202\201\203\006\240\334"
 921      24E9 9673 
 921      D008 0670 
 921      8281 8306 
 921      A0DC 
 922 0179 F510 C941 		.ascii	"\365\020\311A-:k\210\263\tt\230\365\360\302D\225\006A\302\211"
 922      2D3A 6B88 
 922      B309 7498 
 922      F5F0 C244 
 922      9506 41C2 
 923 018e 56AF 374C 		.ascii	"V\2577L\2416\234\251-+\3169\246\026>\245\357S\205i\323\002S\240"
 923      A136 9CA9 
 923      2D2B CE39 
 923      A616 3EA5 
 923      EF53 8569 
 924 01a6 C2E1 F523 		.ascii	"\302\341\365#\336\336\020\246`%\301:\325\225\242f\n&%I\217\n"
 924      DEDE 10A6 
 924      6025 C13A 
 924      D595 A266 
 924      0A26 2549 
 925 01bc FE44 B28B 		.ascii	"\376D\262\213\204\354\002P<\252\240\005\235\315\304\331J\025"
 925      84EC 0250 
 925      3CAA A005 
 925      9DCD C4D9 
 925      4A15 
 926 01ce 5494 5714 		.ascii	"T\224W\024\250\\0\fX\020ZQRX\220\037@\215\215\201\016\361\311"
 926      A85C 300C 
 926      5810 5A51 
 926      5258 901F 
 926      408D 8D81 
 927 01e5 B387 EC02 		.ascii	"\263\207\354\0029\214\363\275\313Q\314\317\277\004\244\177\300"
 927      398C F3BD 
 927      CB51 CCCF 
 927      BF04 A47F 
 927      C0
 928 01f6 C978 5EDF 		.ascii	"\311x^\337\305\260\345\220\227\200\304\307\373>*\303\227\303"
 928      C5B0 E590 
 928      9780 C4C7 
 928      FB3E 2AC3 
 928      97C3 
 929 0208 C8A6 2137 		.ascii	"\310\246!7\005\002\303U\bX0\311\210\025\323\312U\202o\327\244"
 929      0502 C355 
 929      0858 30C9 
 929      8815 D3CA 
 929      5582 6FD7 
 930 021d 8EB9 9F69 		.ascii	"\216\271\237i\204\315\264\316\367\006Z\216\205.\317%[\302)I+"
 930      84CD B4CE 
 930      F706 5A8E 
 930      852E CF25 
 930      5BC2 2949 
 931 0232 0162 DF81 		.ascii	"\001b\337\201h\003D\342\346\206K\260\034\357I*\226\265\277\242"
 931      6803 44E2 
 931      E686 4BB0 
 931      1CEF 492A 
 931      96B5 BFA2 
 932 0246 B54B B7EA 		.ascii	"\265K\267\352\250T\344\226\234\317\nV\217fIR*f\251H\030\264c"
 932      A854 E496 
 932      9CCF 0A56 
 932      8F66 4952 
 932      2A66 A948 
 933 025d D549 C909 		.ascii	"\325I\311\tM;\335V\320\006.\bw\n\034t\300*L\317\334\373\353\375"
 933      4D3B DD56 
 933      D006 2E08 
 933      770A 1C74 
 933      C02A 4CCF 
 934 0275 1021 8192 		.ascii	"\020!\201\222N4]\310W\313P#\371\357vKR\036\"\255\246H\235\n\244"
 934      4E34 5DC8 
 934      57CB 5023 
 934      F9EF 764B 
 934      521E 22AD 
 935 028e 4E05 D241 		.ascii	"N\005\322AD\272L\221\212]\373\322\265\302N\266\251\017\245\314"
 935      44BA 4C91 
 935      8A5D FBD2 
 935      B5C2 4EB6 
 935      A90F A5CC 
 936 02a2 8629 E5E3 		.ascii	"\206)\345\343^\363\353\277\262@\377\371\307\273\n\300GZ\240\357"
 936      5EF3 EBBF 
 936      B240 FFF9 
 936      C7BB 0AC0 
 936      475A A0EF 
 937 02b6 F191 6214 		.ascii	"\361\221b\024t)H\273\024\244n\236\203nJ\232\265\357\367\275\274"
 937      7429 48BB 
 937      14A4 6E9E 
 937      836E 4A9A 
 937      B5EF F7BD 
 938 02cb 9005 6CA3 		.ascii	"\220\005l\243\226\235s\tJ\326V\005k\357\002\326\323#YR\200\314"
 938      969D 7309 
 938      4AD6 5605 
 938      6BEF 02D6 
 938      D323 5952 
 939 02e1 3AB3 224D 		.ascii	":\263\"Mr&KR\021O\202\240GA\332\243 -C\322>Jz6\243\301\243\026"
 939      7226 4B52 
 939      114F 82A0 
 939      4741 DAA3 
 939      202D 43D2 
 940 02fd 0E32 D2CE 		.ascii	"\0162\322\316\027O\036\360*\334(t\215\210\217\276\242\352\302"
 940      174F 1EF0 
 940      2ADC 2874 
 940      8D88 8FBE 
 940      A2EA C2
 941 0310 21F5 62CB 		.ascii	"!\365b\313\277"
 941      BF
 942 0315 4685 FC05 		.string	"F\205\374\005\262\222\222\226\256\021^Vr\375=\277\022\214\202\253\n%W\025J\306p\027\365S%
 942      B292 9296 
 942      AE11 5E56 
 942      72FD 3DBF 
 942      128C 82AB 
 943 0416 8E78 B8F0 		.string	"\216x\270\360\034$\276\013k03\275\346\35009=\f\330\221A\321\216\rr;.,m\t\021\2362]\003\34
 943      1C24 BE0B 
 943      6B30 33BD 
 943      E6E8 3039 
 943      3D0C D891 
 944 0449 9A40 55DD 		.string	"\232@U\335G\246{D\252\207\366\333\037\275\265Y\032\266\226\327\347\220\017X>7\250\r\316\3
 944      47A6 7B44 
 944      AA87 F6DB 
 944      1FBD B559 
 944      1AB6 96D7 
 945 048c 3E25 834F 		.string	">%\203OQ\360\242\335\243\363\300N\037598\2522\352\351\201'\311\271ze\352c\320\341=\302"
 945      51F0 A2DD 
 945      A3F3 C04E 
 945      1F35 3938 
 945      AA32 EAE9 
 946 04ad 8F18 53FA 		.string	"\217\030S\372Yg\253\206%k\310\2469\220\262;\224\035]\033px\365y\335L\2600O\253*48\273\323
 946      5967 AB86 
 946      256B C8A6 
 946      3990 B23B 
 946      941D 5D1B 
 947 04d4 0483 7F29 		.ascii	"\004\203\177)\356S\\\3133\n?\215\021\317\021\277@\302\260\311"
 947      EE53 5CCB 
 947      330A 3F8D 
 947      11CF 11BF 
 947      40C2 B0C9 
 948 04e8 9DD4 5B20 		.ascii	"\235\324[ \005\322'\242\326\376V\345\326\351\263\211Br\303\306"
 948      05D2 27A2 
 948      D6FE 56E5 
 948      D6E9 B389 
 948      4272 C3C6 
 949 04fc 8F13 F037 		.ascii	"\217\023\3607&=\241\032g@\357SJ\007\230\322|s\266+DY\220;\013"
 949      263D A11A 
 949      6740 EF53 
 949      4A07 98D2 
 949      7C73 B62B 
 950 0515 0A32 2B17 		.ascii	"\n2+\027d\226\026\244\362\306\231\t\2252\330\263 xN\016\236\243"
 950      6496 16A4 
 950      F2C6 9909 
 950      9532 D8B3 
 950      2078 4E0E 
 951 052b C185 0727 		.ascii	"\301\205\007'\236\250\204T\366\263##\317uYG\233\005\226Vn\026"
 951      9EA8 8454 
 951      F6B3 2323 
 951      CF75 5947 
 951      9B05 9656 
 952 0541 63AE E65E 		.ascii	"c\256\346^\365\"\207\216\227\366\212y_\257\230\373\241\275\203"
 952      F522 878E 
 952      97F6 8A79 
 952      5FAF 98FB 
 952      A1BD 83
 953 0554 F40A 2739 		.ascii	"\364\n'9u\332\242\362&\017HR\272$\355\002\025\211\204\027\376"
 953      75DA A2F2 
 953      260F 4852 
 953      BA24 ED02 
 953      1589 8417 
 954 0569 7E01 12BF 		.ascii	"~\001\022\277\212\f\375\377`\203\002\365!\306\251\232N<I\032"
 954      8A0C FDFF 
 954      6083 02F5 
 954      21C6 A99A 
 954      4E3C 491A 
 955 057d 981E 6FF9 		.ascii	"\230\036o\371\371#\001Jn\217\242Q\245\360\312\336}\262\264\254"
 955      F923 014A 
 955      6E8F A251 
 955      A5F0 CADE 
 955      7DB2 B4AC 
 956 0591 5D25 735F 		.ascii	"]%s_<\243a\215\352(O\242 \231\367\023\247\"1\016\375\304\263"
 956      3CA3 618D 
 956      EA28 4FA2 
 956      2099 F713 
 956      A722 310E 
 957 05a8 02F5 712B 		.ascii	"\002\365q+\034\266o\215\346x\273\030a\216\267\331\342\343\"L"
 957      1CB6 6F8D 
 957      E678 BB18 
 957      618E B7D9 
 957      E2E3 224C 
 958 05bc 49F6 0887 		.ascii	"I\366\b\207\305&\332\327\232\003?\373\374\313\225\2336n\344\336"
 958      C526 DAD7 
 958      9A03 3FFB 
 958      FCCB 959B 
 958      366E E4DE 
 959 05d0 961D 6BD7 		.ascii	"\226\035k\327\211Q\342\207\353?\332\300\005&Z\342\034\353\326"
 959      8951 E287 
 959      EB3F DAC0 
 959      0526 5AE2 
 959      1CEB D6
 960 05e3 1B1D F425 		.ascii	"\033\035\364%:\312\350\320\321\030\243%\316\3420\374\007&\027"
 960      3ACA E8D0 
 960      D118 A325 
 960      CEE2 30FC 
 960      0726 17
 961 05f6 C4E2 CC56 		.ascii	"\304\342\314V\321d\227s\354\242ik\360\313\327\350\250\0206\020"
 961      D164 9773 
 961      ECA2 696B 
 961      F0CB D7E8 
 961      A810 3610 
 962 060a ADA6 ED09 		.ascii	"\255\246\355\t\342\326\260\005\243\350\250 \2431I4;\342\355\306"
 962      E2D6 B005 
 962      A3E8 A820 
 962      A331 4934 
 962      3BE2 EDC6 
 963 061e A875 EA04 		.ascii	"\250u\352\004\313\2668\223U\225\2103z\361{\207h\307\221u\207"
 963      CBB6 3893 
 963      5595 8833 
 963      7AF1 7B87 
 963      68C7 9175 
 964 0633 31C9 9260 		.ascii	"1\311\222`\371\306*jQ\234h\267'nw\370h\343\023\343\034\032\242"
 964      F9C6 2A6A 
 964      519C 68B7 
 964      276E 77F8 
 964      68E3 13E3 
 965 064a 7983 D1A1 		.ascii	"y\203\321\2412\307\242\006\243\321\362\205\230\200pb\244\370"
 965      32C7 A206 
 965      A3D1 F285 
 965      9880 7062 
 965      A4F8 
 966 065c 71CC 3693 		.ascii	"q\3146\223M\214\261%\354H\210\212\261Y\342\266}\267\376\203\030"
 966      4D8C B125 
 966      EC48 888A 
 966      B159 E2B6 
 966      7DB7 FE83 
 967 0671 541F 6389 		.ascii	"T\037c\2113[\023\267\2121\211\016\2135\306\344\210\267Y\314k"
 967      335B 13B7 
 967      8A31 890E 
 967      8B35 C6E4 
 967      88B7 59CC 
 968 0686 63B9 60CC 		.ascii	"c\271`\314\335d\305t\307W&\353?e\260vo"
 968      DD64 C574 
 968      C757 26EB 
 968      3F65 B076 
 968      6F
 969               		.text
 970               		.section	.gnu.lto_.symtab.73aa28d6,"",@progbits
 971 0000 7469 6D65 		.string	"timer_init"
 971      725F 696E 
 971      6974 00
 972 000b 00        		.string	""
 973 000c 00        		.string	""
 974 000d 00        		.string	""
 975 000e 00        		.string	""
 976 000f 00        		.string	""
 977 0010 00        		.string	""
 978 0011 00        		.string	""
 979 0012 00        		.string	""
 980 0013 00        		.string	""
 981 0014 00        		.string	""
 982 0015 00        		.string	""
 983 0016 CC00      		.string	"\314"
 984 0018 00        		.string	""
 985 0019 00        		.string	""
 986 001a 7469 6D65 		.string	"timer_clear"
 986      725F 636C 
 986      6561 7200 
 987 0026 00        		.string	""
 988 0027 00        		.string	""
 989 0028 00        		.string	""
 990 0029 00        		.string	""
 991 002a 00        		.string	""
 992 002b 00        		.string	""
 993 002c 00        		.string	""
 994 002d 00        		.string	""
 995 002e 00        		.string	""
 996 002f 00        		.string	""
 997 0030 00        		.string	""
 998 0031 CE00      		.string	"\316"
 999 0033 00        		.string	""
 1000 0034 00        		.string	""
 1001 0035 7469 6D65 		.string	"timer_count"
 1001      725F 636F 
 1001      756E 7400 
 1002 0041 00        		.string	""
 1003 0042 04        		.ascii	"\004"
 1004 0043 00        		.string	""
 1005 0044 0400      		.string	"\004"
 1006 0046 00        		.string	""
 1007 0047 00        		.string	""
 1008 0048 00        		.string	""
 1009 0049 00        		.string	""
 1010 004a 00        		.string	""
 1011 004b 00        		.string	""
 1012 004c E900      		.string	"\351"
 1013 004e 00        		.string	""
 1014 004f 00        		.string	""
 1015 0050 7469 6D65 		.string	"timer_read"
 1015      725F 7265 
 1015      6164 00
 1016 005b 00        		.string	""
 1017 005c 00        		.string	""
 1018 005d 00        		.string	""
 1019 005e 00        		.string	""
 1020 005f 00        		.string	""
 1021 0060 00        		.string	""
 1022 0061 00        		.string	""
 1023 0062 00        		.string	""
 1024 0063 00        		.string	""
 1025 0064 00        		.string	""
 1026 0065 00        		.string	""
 1027 0066 D100      		.string	"\321"
 1028 0068 00        		.string	""
 1029 0069 00        		.string	""
 1030 006a 7469 6D65 		.string	"timer_read32"
 1030      725F 7265 
 1030      6164 3332 
 1030      00
 1031 0077 00        		.string	""
 1032 0078 00        		.string	""
 1033 0079 00        		.string	""
 1034 007a 00        		.string	""
 1035 007b 00        		.string	""
 1036 007c 00        		.string	""
 1037 007d 00        		.string	""
 1038 007e 00        		.string	""
 1039 007f 00        		.string	""
 1040 0080 00        		.string	""
 1041 0081 00        		.string	""
 1042 0082 D400      		.string	"\324"
 1043 0084 00        		.string	""
 1044 0085 00        		.string	""
 1045 0086 7469 6D65 		.string	"timer_elapsed"
 1045      725F 656C 
 1045      6170 7365 
 1045      6400 
 1046 0094 00        		.string	""
 1047 0095 00        		.string	""
 1048 0096 00        		.string	""
 1049 0097 00        		.string	""
 1050 0098 00        		.string	""
 1051 0099 00        		.string	""
 1052 009a 00        		.string	""
 1053 009b 00        		.string	""
 1054 009c 00        		.string	""
 1055 009d 00        		.string	""
 1056 009e 00        		.string	""
 1057 009f D800      		.string	"\330"
 1058 00a1 00        		.string	""
 1059 00a2 00        		.string	""
 1060 00a3 7469 6D65 		.string	"timer_elapsed32"
 1060      725F 656C 
 1060      6170 7365 
 1060      6433 3200 
 1061 00b3 00        		.string	""
 1062 00b4 00        		.string	""
 1063 00b5 00        		.string	""
 1064 00b6 00        		.string	""
 1065 00b7 00        		.string	""
 1066 00b8 00        		.string	""
 1067 00b9 00        		.string	""
 1068 00ba 00        		.string	""
 1069 00bb 00        		.string	""
 1070 00bc 00        		.string	""
 1071 00bd 00        		.string	""
 1072 00be DC00      		.string	"\334"
 1073 00c0 00        		.string	""
 1074 00c1 00        		.string	""
 1075 00c2 5F5F 7665 		.string	"__vector_21"
 1075      6374 6F72 
 1075      5F32 3100 
 1076 00ce 00        		.string	""
 1077 00cf 00        		.string	""
 1078 00d0 00        		.string	""
 1079 00d1 00        		.string	""
 1080 00d2 00        		.string	""
 1081 00d3 00        		.string	""
 1082 00d4 00        		.string	""
 1083 00d5 00        		.string	""
 1084 00d6 00        		.string	""
 1085 00d7 00        		.string	""
 1086 00d8 00        		.string	""
 1087 00d9 E600      		.string	"\346"
 1088 00db 00        		.string	""
 1089 00dc 00        		.string	""
 1090               		.text
 1091               		.section	.gnu.lto_.opts,"",@progbits
 1092 0000 272D 666E 		.ascii	"'-fn"
 1093 0004 6F2D 6F70 		.string	"o-openmp' '-fno-openacc' '-fno-pie' '-mn-flash=1' '-mno-skip-bug' '-mmcu=avr5' '-Os' '-We
 1093      656E 6D70 
 1093      2720 272D 
 1093      666E 6F2D 
 1093      6F70 656E 
 1094               		.text
 1095               		.comm	__gnu_lto_v1,1,1
 1096               		.comm	__gnu_lto_slim,1,1
 1097               		.ident	"GCC: (GNU) 8.4.0"
DEFINED SYMBOLS
                            *ABS*:0000000000000000 timer.c
C:\Users\Roningo\AppData\Local\Temp\cczxyxid.s:2      *ABS*:000000000000003e __SP_H__
C:\Users\Roningo\AppData\Local\Temp\cczxyxid.s:3      *ABS*:000000000000003d __SP_L__
C:\Users\Roningo\AppData\Local\Temp\cczxyxid.s:4      *ABS*:000000000000003f __SREG__
C:\Users\Roningo\AppData\Local\Temp\cczxyxid.s:5      *ABS*:0000000000000000 __tmp_reg__
C:\Users\Roningo\AppData\Local\Temp\cczxyxid.s:6      *ABS*:0000000000000001 __zero_reg__
C:\Users\Roningo\AppData\Local\Temp\cczxyxid.s:15     .gnu.debuglto_.debug_info:0000000000000000 timer.c.1e2e5678
                            *COM*:0000000000000001 __gnu_lto_v1
                            *COM*:0000000000000001 __gnu_lto_slim

NO UNDEFINED SYMBOLS
