   1               		.file	"Device_AVR8.c"
   2               	__SP_H__ = 0x3e
   3               	__SP_L__ = 0x3d
   4               	__SREG__ = 0x3f
   5               	__tmp_reg__ = 0
   6               	__zero_reg__ = 1
   7               		.file 1 "e:\\game\\msys2\\mingw64\\avr\\include\\stdint.h"
   8               		.file 2 "lib/lufa/LUFA/Drivers/USB/Core/AVR8/../AVR8/../AVR8/../StdRequestType.h"
   9               		.file 3 "lib/lufa/LUFA/Drivers/USB/Core/AVR8/../AVR8/../AVR8/../DeviceStandardReq.h"
  10               		.file 4 "lib/lufa/LUFA/Drivers/USB/Core/AVR8/../AVR8/../AVR8/../USBTask.h"
  11               		.file 5 "lib/lufa/LUFA/Drivers/USB/Core/AVR8/../AVR8/../AVR8/USBController_AVR8.h"
  12               		.file 6 "lib/lufa/LUFA/Drivers/USB/Core/AVR8/Device_AVR8.c"
  13               		.section	.gnu.debuglto_.debug_info,"",@progbits
  14               	.Ldebug_info0:
  15               		.hidden	Device_AVR8.c.ff6e4bc6
  16               		.weak	Device_AVR8.c.ff6e4bc6
  17               	Device_AVR8.c.ff6e4bc6:
  18 0000 5C01 0000 		.long	0x15c
  19 0004 0200      		.word	0x2
  20 0006 0000 0000 		.long	.Ldebug_abbrev0
  21 000a 04        		.byte	0x4
  22 000b 01        		.uleb128 0x1
  23 000c 0000 0000 		.long	.LASF24
  24 0010 0C        		.byte	0xc
  25 0011 0000 0000 		.long	.LASF25
  26 0015 0000 0000 		.long	.LASF26
  27 0019 0000 0000 		.long	.Ldebug_line0
  28 001d 02        		.uleb128 0x2
  29 001e 01        		.byte	0x1
  30 001f 06        		.byte	0x6
  31 0020 0000 0000 		.long	.LASF0
  32 0024 03        		.uleb128 0x3
  33 0025 0000 0000 		.long	.LASF2
  34 0029 01        		.byte	0x1
  35 002a 7E        		.byte	0x7e
  36 002b 16        		.byte	0x16
  37 002c 3500 0000 		.long	0x35
  38 0030 04        		.uleb128 0x4
  39 0031 2400 0000 		.long	0x24
  40 0035 02        		.uleb128 0x2
  41 0036 01        		.byte	0x1
  42 0037 08        		.byte	0x8
  43 0038 0000 0000 		.long	.LASF1
  44 003c 05        		.uleb128 0x5
  45 003d 02        		.byte	0x2
  46 003e 05        		.byte	0x5
  47 003f 696E 7400 		.string	"int"
  48 0043 03        		.uleb128 0x3
  49 0044 0000 0000 		.long	.LASF3
  50 0048 01        		.byte	0x1
  51 0049 80        		.byte	0x80
  52 004a 16        		.byte	0x16
  53 004b 4F00 0000 		.long	0x4f
  54 004f 02        		.uleb128 0x2
  55 0050 02        		.byte	0x2
  56 0051 07        		.byte	0x7
  57 0052 0000 0000 		.long	.LASF4
  58 0056 02        		.uleb128 0x2
  59 0057 04        		.byte	0x4
  60 0058 05        		.byte	0x5
  61 0059 0000 0000 		.long	.LASF5
  62 005d 02        		.uleb128 0x2
  63 005e 04        		.byte	0x4
  64 005f 07        		.byte	0x7
  65 0060 0000 0000 		.long	.LASF6
  66 0064 02        		.uleb128 0x2
  67 0065 08        		.byte	0x8
  68 0066 05        		.byte	0x5
  69 0067 0000 0000 		.long	.LASF7
  70 006b 02        		.uleb128 0x2
  71 006c 08        		.byte	0x8
  72 006d 07        		.byte	0x7
  73 006e 0000 0000 		.long	.LASF8
  74 0072 06        		.uleb128 0x6
  75 0073 08        		.byte	0x8
  76 0074 02        		.byte	0x2
  77 0075 A3        		.byte	0xa3
  78 0076 0C        		.byte	0xc
  79 0077 C700 0000 		.long	0xc7
  80 007b 07        		.uleb128 0x7
  81 007c 0000 0000 		.long	.LASF9
  82 0080 02        		.byte	0x2
  83 0081 A5        		.byte	0xa5
  84 0082 0E        		.byte	0xe
  85 0083 2400 0000 		.long	0x24
  86 0087 02        		.byte	0x2
  87 0088 23        		.byte	0x23
  88 0089 00        		.uleb128 0
  89 008a 07        		.uleb128 0x7
  90 008b 0000 0000 		.long	.LASF10
  91 008f 02        		.byte	0x2
  92 0090 A6        		.byte	0xa6
  93 0091 0E        		.byte	0xe
  94 0092 2400 0000 		.long	0x24
  95 0096 02        		.byte	0x2
  96 0097 23        		.byte	0x23
  97 0098 01        		.uleb128 0x1
  98 0099 07        		.uleb128 0x7
  99 009a 0000 0000 		.long	.LASF11
 100 009e 02        		.byte	0x2
 101 009f A7        		.byte	0xa7
 102 00a0 0E        		.byte	0xe
 103 00a1 4300 0000 		.long	0x43
 104 00a5 02        		.byte	0x2
 105 00a6 23        		.byte	0x23
 106 00a7 02        		.uleb128 0x2
 107 00a8 07        		.uleb128 0x7
 108 00a9 0000 0000 		.long	.LASF12
 109 00ad 02        		.byte	0x2
 110 00ae A8        		.byte	0xa8
 111 00af 0E        		.byte	0xe
 112 00b0 4300 0000 		.long	0x43
 113 00b4 02        		.byte	0x2
 114 00b5 23        		.byte	0x23
 115 00b6 04        		.uleb128 0x4
 116 00b7 07        		.uleb128 0x7
 117 00b8 0000 0000 		.long	.LASF13
 118 00bc 02        		.byte	0x2
 119 00bd A9        		.byte	0xa9
 120 00be 0E        		.byte	0xe
 121 00bf 4300 0000 		.long	0x43
 122 00c3 02        		.byte	0x2
 123 00c4 23        		.byte	0x23
 124 00c5 06        		.uleb128 0x6
 125 00c6 00        		.byte	0
 126 00c7 03        		.uleb128 0x3
 127 00c8 0000 0000 		.long	.LASF14
 128 00cc 02        		.byte	0x2
 129 00cd AA        		.byte	0xaa
 130 00ce 12        		.byte	0x12
 131 00cf 7200 0000 		.long	0x72
 132 00d3 08        		.uleb128 0x8
 133 00d4 0000 0000 		.long	.LASF15
 134 00d8 03        		.byte	0x3
 135 00d9 5E        		.byte	0x5e
 136 00da 13        		.byte	0x13
 137 00db 2400 0000 		.long	0x24
 138 00df 01        		.byte	0x1
 139 00e0 01        		.byte	0x1
 140 00e1 08        		.uleb128 0x8
 141 00e2 0000 0000 		.long	.LASF16
 142 00e6 03        		.byte	0x3
 143 00e7 6E        		.byte	0x6e
 144 00e8 11        		.byte	0x11
 145 00e9 EF00 0000 		.long	0xef
 146 00ed 01        		.byte	0x1
 147 00ee 01        		.byte	0x1
 148 00ef 02        		.uleb128 0x2
 149 00f0 01        		.byte	0x1
 150 00f1 02        		.byte	0x2
 151 00f2 0000 0000 		.long	.LASF17
 152 00f6 04        		.uleb128 0x4
 153 00f7 EF00 0000 		.long	0xef
 154 00fb 08        		.uleb128 0x8
 155 00fc 0000 0000 		.long	.LASF18
 156 0100 03        		.byte	0x3
 157 0101 78        		.byte	0x78
 158 0102 11        		.byte	0x11
 159 0103 EF00 0000 		.long	0xef
 160 0107 01        		.byte	0x1
 161 0108 01        		.byte	0x1
 162 0109 08        		.uleb128 0x8
 163 010a 0000 0000 		.long	.LASF19
 164 010e 04        		.byte	0x4
 165 010f 51        		.byte	0x51
 166 0110 19        		.byte	0x19
 167 0111 F600 0000 		.long	0xf6
 168 0115 01        		.byte	0x1
 169 0116 01        		.byte	0x1
 170 0117 08        		.uleb128 0x8
 171 0118 0000 0000 		.long	.LASF20
 172 011c 04        		.byte	0x4
 173 011d 5B        		.byte	0x5b
 174 011e 21        		.byte	0x21
 175 011f C700 0000 		.long	0xc7
 176 0123 01        		.byte	0x1
 177 0124 01        		.byte	0x1
 178 0125 08        		.uleb128 0x8
 179 0126 0000 0000 		.long	.LASF21
 180 012a 04        		.byte	0x4
 181 012b 90        		.byte	0x90
 182 012c 1E        		.byte	0x1e
 183 012d 3000 0000 		.long	0x30
 184 0131 01        		.byte	0x1
 185 0132 01        		.byte	0x1
 186 0133 09        		.uleb128 0x9
 187 0134 01        		.byte	0x1
 188 0135 0000 0000 		.long	.LASF27
 189 0139 06        		.byte	0x6
 190 013a 29        		.byte	0x29
 191 013b 06        		.byte	0x6
 192 013c 01        		.byte	0x1
 193 013d 0A        		.uleb128 0xa
 194 013e 0000 0000 		.long	.LASF22
 195 0142 05        		.byte	0x5
 196 0143 8301      		.word	0x183
 197 0145 17        		.byte	0x17
 198 0146 01        		.byte	0x1
 199 0147 0B        		.uleb128 0xb
 200 0148 0000 0000 		.long	.LASF28
 201 014c 05        		.byte	0x5
 202 014d 5501      		.word	0x155
 203 014f 17        		.byte	0x17
 204 0150 01        		.byte	0x1
 205 0151 EF00 0000 		.long	0xef
 206 0155 0A        		.uleb128 0xa
 207 0156 0000 0000 		.long	.LASF23
 208 015a 05        		.byte	0x5
 209 015b 4801      		.word	0x148
 210 015d 17        		.byte	0x17
 211 015e 01        		.byte	0x1
 212 015f 00        		.byte	0
 213               		.section	.gnu.debuglto_.debug_abbrev,"",@progbits
 214               	.Ldebug_abbrev0:
 215 0000 01        		.uleb128 0x1
 216 0001 11        		.uleb128 0x11
 217 0002 01        		.byte	0x1
 218 0003 25        		.uleb128 0x25
 219 0004 0E        		.uleb128 0xe
 220 0005 13        		.uleb128 0x13
 221 0006 0B        		.uleb128 0xb
 222 0007 03        		.uleb128 0x3
 223 0008 0E        		.uleb128 0xe
 224 0009 1B        		.uleb128 0x1b
 225 000a 0E        		.uleb128 0xe
 226 000b 10        		.uleb128 0x10
 227 000c 06        		.uleb128 0x6
 228 000d 00        		.byte	0
 229 000e 00        		.byte	0
 230 000f 02        		.uleb128 0x2
 231 0010 24        		.uleb128 0x24
 232 0011 00        		.byte	0
 233 0012 0B        		.uleb128 0xb
 234 0013 0B        		.uleb128 0xb
 235 0014 3E        		.uleb128 0x3e
 236 0015 0B        		.uleb128 0xb
 237 0016 03        		.uleb128 0x3
 238 0017 0E        		.uleb128 0xe
 239 0018 00        		.byte	0
 240 0019 00        		.byte	0
 241 001a 03        		.uleb128 0x3
 242 001b 16        		.uleb128 0x16
 243 001c 00        		.byte	0
 244 001d 03        		.uleb128 0x3
 245 001e 0E        		.uleb128 0xe
 246 001f 3A        		.uleb128 0x3a
 247 0020 0B        		.uleb128 0xb
 248 0021 3B        		.uleb128 0x3b
 249 0022 0B        		.uleb128 0xb
 250 0023 39        		.uleb128 0x39
 251 0024 0B        		.uleb128 0xb
 252 0025 49        		.uleb128 0x49
 253 0026 13        		.uleb128 0x13
 254 0027 00        		.byte	0
 255 0028 00        		.byte	0
 256 0029 04        		.uleb128 0x4
 257 002a 35        		.uleb128 0x35
 258 002b 00        		.byte	0
 259 002c 49        		.uleb128 0x49
 260 002d 13        		.uleb128 0x13
 261 002e 00        		.byte	0
 262 002f 00        		.byte	0
 263 0030 05        		.uleb128 0x5
 264 0031 24        		.uleb128 0x24
 265 0032 00        		.byte	0
 266 0033 0B        		.uleb128 0xb
 267 0034 0B        		.uleb128 0xb
 268 0035 3E        		.uleb128 0x3e
 269 0036 0B        		.uleb128 0xb
 270 0037 03        		.uleb128 0x3
 271 0038 08        		.uleb128 0x8
 272 0039 00        		.byte	0
 273 003a 00        		.byte	0
 274 003b 06        		.uleb128 0x6
 275 003c 13        		.uleb128 0x13
 276 003d 01        		.byte	0x1
 277 003e 0B        		.uleb128 0xb
 278 003f 0B        		.uleb128 0xb
 279 0040 3A        		.uleb128 0x3a
 280 0041 0B        		.uleb128 0xb
 281 0042 3B        		.uleb128 0x3b
 282 0043 0B        		.uleb128 0xb
 283 0044 39        		.uleb128 0x39
 284 0045 0B        		.uleb128 0xb
 285 0046 01        		.uleb128 0x1
 286 0047 13        		.uleb128 0x13
 287 0048 00        		.byte	0
 288 0049 00        		.byte	0
 289 004a 07        		.uleb128 0x7
 290 004b 0D        		.uleb128 0xd
 291 004c 00        		.byte	0
 292 004d 03        		.uleb128 0x3
 293 004e 0E        		.uleb128 0xe
 294 004f 3A        		.uleb128 0x3a
 295 0050 0B        		.uleb128 0xb
 296 0051 3B        		.uleb128 0x3b
 297 0052 0B        		.uleb128 0xb
 298 0053 39        		.uleb128 0x39
 299 0054 0B        		.uleb128 0xb
 300 0055 49        		.uleb128 0x49
 301 0056 13        		.uleb128 0x13
 302 0057 38        		.uleb128 0x38
 303 0058 0A        		.uleb128 0xa
 304 0059 00        		.byte	0
 305 005a 00        		.byte	0
 306 005b 08        		.uleb128 0x8
 307 005c 34        		.uleb128 0x34
 308 005d 00        		.byte	0
 309 005e 03        		.uleb128 0x3
 310 005f 0E        		.uleb128 0xe
 311 0060 3A        		.uleb128 0x3a
 312 0061 0B        		.uleb128 0xb
 313 0062 3B        		.uleb128 0x3b
 314 0063 0B        		.uleb128 0xb
 315 0064 39        		.uleb128 0x39
 316 0065 0B        		.uleb128 0xb
 317 0066 49        		.uleb128 0x49
 318 0067 13        		.uleb128 0x13
 319 0068 3F        		.uleb128 0x3f
 320 0069 0C        		.uleb128 0xc
 321 006a 3C        		.uleb128 0x3c
 322 006b 0C        		.uleb128 0xc
 323 006c 00        		.byte	0
 324 006d 00        		.byte	0
 325 006e 09        		.uleb128 0x9
 326 006f 2E        		.uleb128 0x2e
 327 0070 00        		.byte	0
 328 0071 3F        		.uleb128 0x3f
 329 0072 0C        		.uleb128 0xc
 330 0073 03        		.uleb128 0x3
 331 0074 0E        		.uleb128 0xe
 332 0075 3A        		.uleb128 0x3a
 333 0076 0B        		.uleb128 0xb
 334 0077 3B        		.uleb128 0x3b
 335 0078 0B        		.uleb128 0xb
 336 0079 39        		.uleb128 0x39
 337 007a 0B        		.uleb128 0xb
 338 007b 27        		.uleb128 0x27
 339 007c 0C        		.uleb128 0xc
 340 007d 00        		.byte	0
 341 007e 00        		.byte	0
 342 007f 0A        		.uleb128 0xa
 343 0080 2E        		.uleb128 0x2e
 344 0081 00        		.byte	0
 345 0082 03        		.uleb128 0x3
 346 0083 0E        		.uleb128 0xe
 347 0084 3A        		.uleb128 0x3a
 348 0085 0B        		.uleb128 0xb
 349 0086 3B        		.uleb128 0x3b
 350 0087 05        		.uleb128 0x5
 351 0088 39        		.uleb128 0x39
 352 0089 0B        		.uleb128 0xb
 353 008a 27        		.uleb128 0x27
 354 008b 0C        		.uleb128 0xc
 355 008c 00        		.byte	0
 356 008d 00        		.byte	0
 357 008e 0B        		.uleb128 0xb
 358 008f 2E        		.uleb128 0x2e
 359 0090 00        		.byte	0
 360 0091 03        		.uleb128 0x3
 361 0092 0E        		.uleb128 0xe
 362 0093 3A        		.uleb128 0x3a
 363 0094 0B        		.uleb128 0xb
 364 0095 3B        		.uleb128 0x3b
 365 0096 05        		.uleb128 0x5
 366 0097 39        		.uleb128 0x39
 367 0098 0B        		.uleb128 0xb
 368 0099 27        		.uleb128 0x27
 369 009a 0C        		.uleb128 0xc
 370 009b 49        		.uleb128 0x49
 371 009c 13        		.uleb128 0x13
 372 009d 00        		.byte	0
 373 009e 00        		.byte	0
 374 009f 00        		.byte	0
 375               		.section	.gnu.debuglto_.debug_line,"",@progbits
 376               	.Ldebug_line0:
 377 0000 4001 0000 		.long	.LELT0-.LSLT0
 378               	.LSLT0:
 379 0004 0200      		.word	0x2
 380 0006 3A01 0000 		.long	.LELTP0-.LASLTP0
 381               	.LASLTP0:
 382 000a 01        		.byte	0x1
 383 000b 01        		.byte	0x1
 384 000c F6        		.byte	0xf6
 385 000d F2        		.byte	0xf2
 386 000e 0D        		.byte	0xd
 387 000f 00        		.byte	0
 388 0010 01        		.byte	0x1
 389 0011 01        		.byte	0x1
 390 0012 01        		.byte	0x1
 391 0013 01        		.byte	0x1
 392 0014 00        		.byte	0
 393 0015 00        		.byte	0
 394 0016 00        		.byte	0
 395 0017 01        		.byte	0x1
 396 0018 00        		.byte	0
 397 0019 00        		.byte	0
 398 001a 01        		.byte	0x1
 399 001b 653A 5C67 		.ascii	"e:\\game\\msys2\\mingw64\\avr\\include"
 399      616D 655C 
 399      6D73 7973 
 399      325C 6D69 
 399      6E67 7736 
 400 003c 00        		.byte	0
 401 003d 6C69 622F 		.ascii	"lib/lufa/LUFA/Drivers/USB/Core/AVR8"
 401      6C75 6661 
 401      2F4C 5546 
 401      412F 4472 
 401      6976 6572 
 402 0060 00        		.byte	0
 403 0061 6C69 622F 		.ascii	"lib/lufa/LUFA/Drivers/USB/Core/AVR8/../AVR8/../AVR8"
 403      6C75 6661 
 403      2F4C 5546 
 403      412F 4472 
 403      6976 6572 
 404 0094 00        		.byte	0
 405 0095 6C69 622F 		.ascii	"lib/lufa/LUFA/Drivers/USB/Core/AVR8/../AVR8/../AVR8/.."
 405      6C75 6661 
 405      2F4C 5546 
 405      412F 4472 
 405      6976 6572 
 406 00cb 00        		.byte	0
 407 00cc 00        		.byte	0
 408 00cd 7374 6469 		.string	"stdint.h"
 408      6E74 2E68 
 408      00
 409 00d6 01        		.uleb128 0x1
 410 00d7 00        		.uleb128 0
 411 00d8 00        		.uleb128 0
 412 00d9 2E2E 2F53 		.string	"../StdRequestType.h"
 412      7464 5265 
 412      7175 6573 
 412      7454 7970 
 412      652E 6800 
 413 00ed 03        		.uleb128 0x3
 414 00ee 00        		.uleb128 0
 415 00ef 00        		.uleb128 0
 416 00f0 2E2E 2F44 		.string	"../DeviceStandardReq.h"
 416      6576 6963 
 416      6553 7461 
 416      6E64 6172 
 416      6452 6571 
 417 0107 03        		.uleb128 0x3
 418 0108 00        		.uleb128 0
 419 0109 00        		.uleb128 0
 420 010a 2E2E 2F55 		.string	"../USBTask.h"
 420      5342 5461 
 420      736B 2E68 
 420      00
 421 0117 03        		.uleb128 0x3
 422 0118 00        		.uleb128 0
 423 0119 00        		.uleb128 0
 424 011a 5553 4243 		.string	"USBController_AVR8.h"
 424      6F6E 7472 
 424      6F6C 6C65 
 424      725F 4156 
 424      5238 2E68 
 425 012f 03        		.uleb128 0x3
 426 0130 00        		.uleb128 0
 427 0131 00        		.uleb128 0
 428 0132 4465 7669 		.string	"Device_AVR8.c"
 428      6365 5F41 
 428      5652 382E 
 428      6300 
 429 0140 02        		.uleb128 0x2
 430 0141 00        		.uleb128 0
 431 0142 00        		.uleb128 0
 432 0143 00        		.byte	0
 433               	.LELTP0:
 434               	.LELT0:
 435               		.section	.gnu.debuglto_.debug_str,"MS",@progbits,1
 436               	.LASF7:
 437 0000 6C6F 6E67 		.string	"long long int"
 437      206C 6F6E 
 437      6720 696E 
 437      7400 
 438               	.LASF24:
 439 000e 474E 5520 		.string	"GNU C99 8.4.0 -mn-flash=1 -mno-skip-bug -mmcu=avr5 -gdwarf-2 -Os -std=gnu99 -funsigned-ch
 439      4339 3920 
 439      382E 342E 
 439      3020 2D6D 
 439      6E2D 666C 
 440               	.LASF4:
 441 00ff 756E 7369 		.string	"unsigned int"
 441      676E 6564 
 441      2069 6E74 
 441      00
 442               	.LASF25:
 443 010c 6C69 622F 		.string	"lib/lufa/LUFA/Drivers/USB/Core/AVR8/Device_AVR8.c"
 443      6C75 6661 
 443      2F4C 5546 
 443      412F 4472 
 443      6976 6572 
 444               	.LASF15:
 445 013e 5553 425F 		.string	"USB_Device_ConfigurationNumber"
 445      4465 7669 
 445      6365 5F43 
 445      6F6E 6669 
 445      6775 7261 
 446               	.LASF6:
 447 015d 6C6F 6E67 		.string	"long unsigned int"
 447      2075 6E73 
 447      6967 6E65 
 447      6420 696E 
 447      7400 
 448               	.LASF8:
 449 016f 6C6F 6E67 		.string	"long long unsigned int"
 449      206C 6F6E 
 449      6720 756E 
 449      7369 676E 
 449      6564 2069 
 450               	.LASF18:
 451 0186 5553 425F 		.string	"USB_Device_CurrentlySelfPowered"
 451      4465 7669 
 451      6365 5F43 
 451      7572 7265 
 451      6E74 6C79 
 452               	.LASF21:
 453 01a6 5553 425F 		.string	"USB_DeviceState"
 453      4465 7669 
 453      6365 5374 
 453      6174 6500 
 454               	.LASF10:
 455 01b6 6252 6571 		.string	"bRequest"
 455      7565 7374 
 455      00
 456               	.LASF27:
 457 01bf 5553 425F 		.string	"USB_Device_SendRemoteWakeup"
 457      4465 7669 
 457      6365 5F53 
 457      656E 6452 
 457      656D 6F74 
 458               	.LASF28:
 459 01db 5553 425F 		.string	"USB_PLL_IsReady"
 459      504C 4C5F 
 459      4973 5265 
 459      6164 7900 
 460               	.LASF2:
 461 01eb 7569 6E74 		.string	"uint8_t"
 461      385F 7400 
 462               	.LASF1:
 463 01f3 756E 7369 		.string	"unsigned char"
 463      676E 6564 
 463      2063 6861 
 463      7200 
 464               	.LASF26:
 465 0201 443A 5C44 		.string	"D:\\Download\\qmk_firmware\\vial-qmk"
 465      6F77 6E6C 
 465      6F61 645C 
 465      716D 6B5F 
 465      6669 726D 
 466               	.LASF5:
 467 0223 6C6F 6E67 		.string	"long int"
 467      2069 6E74 
 467      00
 468               	.LASF9:
 469 022c 626D 5265 		.string	"bmRequestType"
 469      7175 6573 
 469      7454 7970 
 469      6500 
 470               	.LASF23:
 471 023a 5553 425F 		.string	"USB_PLL_On"
 471      504C 4C5F 
 471      4F6E 00
 472               	.LASF17:
 473 0245 5F42 6F6F 		.string	"_Bool"
 473      6C00 
 474               	.LASF19:
 475 024b 5553 425F 		.string	"USB_IsInitialized"
 475      4973 496E 
 475      6974 6961 
 475      6C69 7A65 
 475      6400 
 476               	.LASF13:
 477 025d 774C 656E 		.string	"wLength"
 477      6774 6800 
 478               	.LASF14:
 479 0265 5553 425F 		.string	"USB_Request_Header_t"
 479      5265 7175 
 479      6573 745F 
 479      4865 6164 
 479      6572 5F74 
 480               	.LASF12:
 481 027a 7749 6E64 		.string	"wIndex"
 481      6578 00
 482               	.LASF16:
 483 0281 5553 425F 		.string	"USB_Device_RemoteWakeupEnabled"
 483      4465 7669 
 483      6365 5F52 
 483      656D 6F74 
 483      6557 616B 
 484               	.LASF22:
 485 02a0 5553 425F 		.string	"USB_CLK_Unfreeze"
 485      434C 4B5F 
 485      556E 6672 
 485      6565 7A65 
 485      00
 486               	.LASF3:
 487 02b1 7569 6E74 		.string	"uint16_t"
 487      3136 5F74 
 487      00
 488               	.LASF11:
 489 02ba 7756 616C 		.string	"wValue"
 489      7565 00
 490               	.LASF20:
 491 02c1 5553 425F 		.string	"USB_ControlRequest"
 491      436F 6E74 
 491      726F 6C52 
 491      6571 7565 
 491      7374 00
 492               	.LASF0:
 493 02d4 7369 676E 		.string	"signed char"
 493      6564 2063 
 493      6861 7200 
 494               		.text
 495               		.section	.gnu.lto_.profile.436b71c4,"",@progbits
 496 0000 789C 6367 		.string	"x\234cg`f`d"
 496      6066 6064 
 496      00
 497 0009 0200      		.string	"\002"
 498 000b 00        		.string	""
 499 000c 6200      		.string	"b"
 500 000e 0C        		.ascii	"\f"
 501               		.text
 502               		.section	.gnu.lto_.icf.436b71c4,"",@progbits
 503 0000 789C 6367 		.string	"x\234cg`f\340`@"
 503      6066 E060 
 503      4000 
 504 000a 4686 67F7 		.string	"F\206g\3676/\341d"
 504      362F E164 
 504      00
 505 0013 00        		.string	""
 506 0014 102E 0338 		.ascii	"\020.\0038"
 507               		.text
 508               		.section	.gnu.lto_.jmpfuncs.436b71c4,"",@progbits
 509 0000 789C 6367 		.string	"x\234cg`f`e@"
 509      6066 6065 
 509      4000 
 510 000a 4610 0100 		.string	"F\020\001"
 511 000e 013B 00   		.string	"\001;"
 512 0011 11        		.ascii	"\021"
 513               		.text
 514               		.section	.gnu.lto_.inline.436b71c4,"",@progbits
 515 0000 789C 6367 		.string	"x\234cg`fPe@"
 515      6066 5065 
 515      4000 
 516 000a 4606 06E1 		.string	"F\006\006\341\206\206\206\003,i\214\fL\n@V\003K\032\003\003\033\230\221\314\304\300\004V\
 516      8686 8603 
 516      2C69 8C0C 
 516      4C0A 4056 
 516      034B 1A03 
 517 0029 B0FB 07EC 		.ascii	"\260\373\007\354"
 518               		.text
 519               		.section	.gnu.lto_.pureconst.436b71c4,"",@progbits
 520 0000 789C 6367 		.string	"x\234cg`f`a```d\230\305\002"
 520      6066 6061 
 520      6060 6064 
 520      98C5 0200 
 521 0010 01DA 00   		.string	"\001\332"
 522 0013 AE        		.ascii	"\256"
 523               		.text
 524               		.section	.gnu.lto_USB_Device_SendRemoteWakeup.436b71c4,"",@progbits
 525 0000 789C 8D52 		.string	"x\234\215R]H\024Q\024\276g\356\354\314\254\355b\030>T>\004\275\371\340BO>\272)A\320Sa\257
 525      5D48 1451 
 525      14BE 67EE 
 525      ECCC ACED 
 525      6218 3E54 
 526 009c 3848 D780 		.string	"8H\327\200TJT\223-\252\002\225\224\222\370cI\244\215\264\215\302\326v\347G{v"
 526      544A 5493 
 526      2DAA 0295 
 526      9492 F863 
 526      49A4 8DB4 
 527 00b9 6FE9 61DF 		.ascii	"o\351a\337\323\203z \f~\204\267\307\257\300s\310&\004\221+}\273"
 527      D383 7A20 
 527      0C7E 84B7 
 527      C7AF C073 
 527      C826 0491 
 528 00d0 37ED 8A6C 		.ascii	"7\355\212l\224 \004\n\001L\236\314Y\302\372n\254^\017/d>8\234"
 528      9420 040A 
 528      014C 9ECC 
 528      59C2 FA6E 
 528      AC5E 0F2F 
 529 00e8 0EC4 4F41 		.ascii	"\016\304OAb\201\262\240\262\240\261`e!\215\005;\013\204\324R"
 529      6281 B2A0 
 529      B2A0 B160 
 529      6521 8D05 
 529      3B0B 84D4 
 530 00fd F275 2790 		.ascii	"\362u'\220\013z\230\324Q\211\247\325a\362\001\364\273\033\031"
 530      0B7A 98D4 
 530      5189 A7D5 
 530      61F2 01F4 
 530      BB1B 19
 531 0110 9C9D A5DB 		.ascii	"\234\235\245\333\207\314\364h\\B\r\023\233\307\025\2643\"\030"
 531      87CC F468 
 531      5C42 0D13 
 531      9BC7 15B4 
 531      3322 18
 532 0123 1488 9581 		.ascii	"\024\210\225\201\256`f\222Pv\016/\260Fx\\\203\341\255\311,\226"
 532      AE60 6692 
 532      5076 0E2F 
 532      B046 785C 
 532      83E1 ADC9 
 533 0139 22C6 DBD2 		.ascii	"\"\306\333\322\372(\275\201\372\251\004\314[t<\332f\025\257\021"
 533      FA28 BD81 
 533      FAA9 04CC 
 533      5B74 3CDA 
 533      6615 AF11 
 534 014d F61E FC72 		.ascii	"\366\036\374r\257\337\326\r]\336\032\354\006\2050d\301K\310B"
 534      AFDF D60D 
 534      5DDE 1AEC 
 534      0685 3064 
 534      C14B C842 
 535 0161 A221 E806 		.ascii	"\242!\350\006\254\017\334\nT)\fOa?\fc\205\313~h\371\375C\177"
 535      AC0F DC0A 
 535      5429 0C4F 
 535      613F 0C63 
 535      85CB 7E68 
 536 0179 651A 114C 		.ascii	"e\032\021L\275w\372\257\203`\312\200QV\301nP/:\224\215v\2544"
 536      BD77 FAAF 
 536      8360 CA80 
 536      5156 C16E 
 536      502F 3A94 
 537 0191 2D55 C4FB 		.ascii	"-U\304\373Qbf]\236?\367CB\3521\263\037\337\372\367\364\003\317"
 537      5162 665D 
 537      9E3F F743 
 537      42EA 31B3 
 537      1FDF FAF7 
 538 01a8 619C F763 		.ascii	"a\234\367c\\\310\354h\372DY\356\243j*\251\023(\025\341\325\035"
 538      5CC8 EC68 
 538      FA44 59EE 
 538      A36A 2AA9 
 538      1328 15E1 
 539 01be 2AF1 514D 		.ascii	"*\361QM\200\327\033\026wd\246\033\360\231D\330*\324,\217\370"
 539      80D7 1B16 
 539      7764 A61B 
 539      F099 44D8 
 539      2AD4 2C8F 
 540 01d3 422E 2603 		.ascii	"B.&\003Q\bi\365.\257\332\004\204@\204[cS\327Zj\027'\360\254\216"
 540      5108 69F5 
 540      2EAF DA04 
 540      8440 845B 
 540      6353 D75A 
 541 01ed CAC9 43EF 		.ascii	"\312\311C\357=\360\217I\343\332\301+\323\331\374\354\036gx\016"
 541      3DF0 8F49 
 541      E3DA C12B 
 541      D3D9 FCEC 
 541      1E67 780E 
 542 0201 53DC D994 		.ascii	"S\334\331\224\351,BY"
 542      E92C 4259 
 543 0209 EEA3 56B6 		.string	"\356\243V\266\344\301\373\013\306x\243\254\351u\323\3276\354\t\247\257\343N\337\230N\353A
 543      E4C1 FB0B 
 543      C678 A3AC 
 543      E975 D3D7 
 543      36EC 09A7 
 544 030a 9845 BF64 		.ascii	"\230E\277d"
 545               		.text
 546               		.section	.gnu.lto_.symbol_nodes.436b71c4,"",@progbits
 547 0000 789C 6367 		.string	"x\234cg`f\220f"
 547      6066 9066 
 547      00
 548 0009 02A6 AB0C 		.string	"\002\246\253\f\365\f\037\177\255\260`\234p\216\001\310d\330\325\340\310\300\b\222\001"
 548      F50C 1F7F 
 548      ADB0 609C 
 548      708E 01C8 
 548      64D8 D5E0 
 549 0023 844C 07A1 		.ascii	"\204L\007\241"
 550               		.text
 551               		.section	.gnu.lto_.refs.436b71c4,"",@progbits
 552 0000 789C 6367 		.string	"x\234cg`f`d"
 552      6066 6064 
 552      00
 553 0009 0200      		.string	"\002"
 554 000b 00        		.string	""
 555 000c 6200      		.string	"b"
 556 000e 0C        		.ascii	"\f"
 557               		.text
 558               		.section	.gnu.lto_.decls.436b71c4,"",@progbits
 559 0000 789C 9552 		.string	"x\234\225RiHTQ\024\276\347\335W3\216K\"QBC\b\366\253\037\216-\204\376,\243\205\244\302\26
 559      6948 5451 
 559      14BE E7DD 
 559      5733 8E4B 
 559      2251 4243 
 560 007d A6CA 3C27 		.string	"\246\312<'\356\036\334\335\026\246Z9\375\270\207qG\376\220_M\241\251\241\251F\035\203QP\3
 560      EE1E DCDD 
 560      16A6 5A39 
 560      FDB8 8771 
 560      47FE 905F 
 561 0110 289D 034B 		.ascii	"(\235\003K\234\220\215\337\003\356B:\276\313T\223\242\2737\362"
 561      9C90 8DDF 
 561      03EE 423A 
 561      BECB 5493 
 561      A2BB 37F2 
 562 0124 7646 663D 		.ascii	"vFf=\257{\303\215'\347\027\274\257\342|\037f\251\"\fZ\201B;d"
 562      AF7B C38D 
 562      27E7 17BC 
 562      AFE2 7C1F 
 562      66A9 220C 
 563 013d CBC6 5A25 		.ascii	"\313\306Z%\001\264\300\030l\275\245\0200 \023\323\373\"g.\315"
 563      01B4 C018 
 563      6CBD A510 
 563      3020 13D3 
 563      FB22 672E 
 564 0152 3A48 21CD 		.ascii	":H!\315\001\n\232\203\221\217\023v4g; \025\315\312\226\372Q\025"
 564      010A 9A83 
 564      918F 1376 
 564      3467 3B20 
 564      15CD CA96 
 565 0169 4DA7 0326 		.ascii	"M\247\003&\001\355\343\341\261wI\246-\270\257\324^\356J\246\027"
 565      01ED E3E1 
 565      B177 49A6 
 565      2DB8 AFD4 
 565      5EEE 4AA6 
 566 017e 411A 4726 		.ascii	"A\032G&[\253l\216\203\202\336\250\3433\323\211\3250\334\007\231"
 566      5BAB 6C8E 
 566      8382 DEA8 
 566      E333 D389 
 566      D530 DC07 
 567 0193 20FA 802E 		.ascii	" \372\200.pB'8E|u\303\217W\tI\330n9\177\312\271#\035\272\301"
 567      7042 2738 
 567      457C 75C3 
 567      8F57 0949 
 567      D86E 397F 
 568 01ad 011D 88DF 		.ascii	"\001\035\210\337\0031e\017$\311\266\361\304\340\321\201\007_"
 568      0331 650F 
 568      24C9 B6F1 
 568      C4E0 D181 
 568      075F 
 569 01bf ECB4 C164 		.ascii	"\354\264\301d\272z\375|S\n\275c\032\207;:\317\316Tq\236>9\037"
 569      BA7A FD7C 
 569      530A BD63 
 569      1A87 3B3A 
 569      CFCE 5471 
 570 01d7 7A3E 7C9B 		.ascii	"z>|\233\030\262\243\"\006*\362\2659\343\305\353\223\234Wr\276"
 570      18B2 A322 
 570      062A F2B5 
 570      39E3 C5EB 
 570      939C 5772 
 571 01ec 1F66 4B4D 		.ascii	"\037fKMz\243\232\300\003P\241\0372\205'\246\3140V\352\227\312"
 571      7AA3 9AC0 
 571      0350 A11F 
 571      3285 27A6 
 571      CC30 56EA 
 572 0202 DC7A 3CD4 		.ascii	"\334z<\324G\3511\345/,\225\257\302\027(\2555\341\333\207\006"
 572      47E9 31E5 
 572      2F2C 95AF 
 572      C217 28AD 
 572      35E1 DB87 
 573 0217 9B25 FC38 		.ascii	"\233%\3748\n?\272?t\332FoJ\230\356\257\370t\fp2H\300]\303Q\243"
 573      0A3F BA3F 
 573      74DA 466F 
 573      4A98 EEAF 
 573      F874 0C70 
 574 0232 5418 8404 		.ascii	"T\030\204\004r@\fo\360\272\f\210\211\365\024\273\023\020\201"
 574      7240 0C6F 
 574      F0BA 0C88 
 574      89F5 14BB 
 574      1310 81
 575 0245 214C 1840 		.ascii	"!L\030@)j\270]z\304\307jo\274\226\034\377W\240\337L\204'\240"
 575      296A B85D 
 575      7AC4 C76A 
 575      6FBC 961C 
 575      FF57 A0DF 
 576 025d 1278 36ED 		.ascii	"\022x6\355\317\b\327~\276a\263t\030\337V\301\2150\347\365\016"
 576      CF08 D77E 
 576      BE61 B374 
 576      18DF 56C1 
 576      8D30 E7F5 
 577 0272 1104 0F63 		.ascii	"\021\004\017c\032<B\r\206Q\203\207q\032\364\340 \303R\203F\343"
 577      1A3C 420D 
 577      8651 8387 
 577      711A F4E0 
 577      20C3 5283 
 578 0288 464B 0A6D 		.ascii	"FK\nm\376\233\006\337\313_\217E\225~Y\032c\020*\217\304\030\236"
 578      FE9B 06DF 
 578      CB5F 8F45 
 578      957E 591A 
 578      6310 2A8F 
 579 029f 2343 0419 		.ascii	"#C\004\031F\342\030\332\260\n\372\310\274\302M+\264\225\254\314"
 579      46E2 18DA 
 579      B00A FAC8 
 579      BCC2 4D2B 
 579      B495 ACCC 
 580 02b3 53C4 B44D 		.ascii	"S\304\264ML/.`;}A\266\305\275\203\205v-\362z\266\273\274\241"
 580      4C2F 2E60 
 580      3B7D 41B6 
 580      C5BD 8385 
 580      762D F27A 
 581 02cb 12B7 2BBF 		.ascii	"\022\267+\277p\325r\327J\277\247\214\371\003.\314p\345\371\374"
 581      70D5 72D7 
 581      4ABF A78C 
 581      F903 2ECC 
 581      70E5 F9FC 
 582 02df CCB5 7C73 		.ascii	"\314\265|sA\216\313\312\025\367\254\"\373\352\365\205\031y\271"
 582      418E CBCA 
 582      15F7 AC22 
 582      FBEA F585 
 582      1979 B9
 583 02f2 B964 EE34 		.ascii	"\271d\3564wVI\3112\266t{\3212\262\370\277K\022[\310\243\007s"
 583      7756 49C9 
 583      32B6 747B 
 583      D132 B2F8 
 583      BF4B 125B 
 584 030a B4A0 4374 		.ascii	"\264\240Ct\2721?_\333\240'\273\275\273\335{\002\232G\367zt\266"
 584      BA31 3F5F 
 584      DBA0 27BB 
 584      BDBB DD7B 
 584      029A 47F7 
 585 0321 F65F 6A66 		.ascii	"\366_jfeM?\021\315\363\351A\277\317\353e~\223\252\224\314\212"
 585      654D 3F11 
 585      CDF3 E941 
 585      BFCF EB65 
 585      7E93 AA94 
 586 0337 52AC 0D14 		.ascii	"R\254\r\0240w\361\236\264\335n\277\256\205\364P\200\025k~\026"
 586      3077 F19E 
 586      B4DD 6EBF 
 586      AE85 F450 
 586      8015 6B7E 
 587 034c 0879 8333 		.ascii	"\by\2033\264\025>\2377U\004\346\345\257\323\n\365\022?c{\331"
 587      B415 3E9F 
 587      3755 04E6 
 587      E5AF D30A 
 587      F512 3F63 
 588 0362 2FAC 5A82 		.ascii	"/\254Z\202\337"
 588      DF
 589               		.text
 590               		.section	.gnu.lto_.symtab.436b71c4,"",@progbits
 591 0000 5553 425F 		.string	"USB_Device_SendRemoteWakeup"
 591      4465 7669 
 591      6365 5F53 
 591      656E 6452 
 591      656D 6F74 
 592 001c 00        		.string	""
 593 001d 00        		.string	""
 594 001e 00        		.string	""
 595 001f 00        		.string	""
 596 0020 00        		.string	""
 597 0021 00        		.string	""
 598 0022 00        		.string	""
 599 0023 00        		.string	""
 600 0024 00        		.string	""
 601 0025 00        		.string	""
 602 0026 00        		.string	""
 603 0027 C000      		.string	"\300"
 604 0029 00        		.string	""
 605 002a 00        		.string	""
 606               		.text
 607               		.section	.gnu.lto_.opts,"",@progbits
 608 0000 272D 666E 		.ascii	"'-fn"
 609 0004 6F2D 6F70 		.string	"o-openmp' '-fno-openacc' '-fno-pie' '-mn-flash=1' '-mno-skip-bug' '-mmcu=avr5' '-Os' '-We
 609      656E 6D70 
 609      2720 272D 
 609      666E 6F2D 
 609      6F70 656E 
 610               		.text
 611               		.comm	__gnu_lto_v1,1,1
 612               		.comm	__gnu_lto_slim,1,1
 613               		.ident	"GCC: (GNU) 8.4.0"
DEFINED SYMBOLS
                            *ABS*:0000000000000000 Device_AVR8.c
C:\Users\Roningo\AppData\Local\Temp\ccyvpMnA.s:2      *ABS*:000000000000003e __SP_H__
C:\Users\Roningo\AppData\Local\Temp\ccyvpMnA.s:3      *ABS*:000000000000003d __SP_L__
C:\Users\Roningo\AppData\Local\Temp\ccyvpMnA.s:4      *ABS*:000000000000003f __SREG__
C:\Users\Roningo\AppData\Local\Temp\ccyvpMnA.s:5      *ABS*:0000000000000000 __tmp_reg__
C:\Users\Roningo\AppData\Local\Temp\ccyvpMnA.s:6      *ABS*:0000000000000001 __zero_reg__
C:\Users\Roningo\AppData\Local\Temp\ccyvpMnA.s:17     .gnu.debuglto_.debug_info:0000000000000000 Device_AVR8.c.ff6e4bc6
                            *COM*:0000000000000001 __gnu_lto_v1
                            *COM*:0000000000000001 __gnu_lto_slim

NO UNDEFINED SYMBOLS
