   1               		.file	"ym68.c"
   2               	__SP_H__ = 0x3e
   3               	__SP_L__ = 0x3d
   4               	__SREG__ = 0x3f
   5               	__tmp_reg__ = 0
   6               	__zero_reg__ = 1
   7               		.file 1 "e:\\game\\msys2\\mingw64\\avr\\include\\stdint.h"
   8               		.file 2 "e:\\game\\msys2\\mingw64\\lib\\gcc\\avr\\8.4.0\\include\\stddef.h"
   9               		.file 3 "tmk_core/common/report.h"
  10               		.file 4 "tmk_core/common/action.h"
  11               		.file 5 "tmk_core/common/host.h"
  12               		.file 6 "tmk_core/common/debug.h"
  13               		.file 7 "quantum/keycode_config.h"
  14               		.file 8 "tmk_core/common/timer.h"
  15               		.file 9 "quantum/sequencer/sequencer.h"
  16               		.file 10 "quantum/keymap.h"
  17               		.file 11 "./quantum/color.h"
  18               		.file 12 "quantum/rgblight.h"
  19               		.file 13 "tmk_core/common/action_layer.h"
  20               		.file 14 "tmk_core/common/action_util.h"
  21               		.file 15 "quantum/send_string.h"
  22               		.file 16 "e:\\game\\msys2\\mingw64\\avr\\include\\stdlib.h"
  23               		.section	.gnu.debuglto_.debug_info,"",@progbits
  24               	.Ldebug_info0:
  25               		.hidden	ym68.c.38e67c53
  26               		.weak	ym68.c.38e67c53
  27               	ym68.c.38e67c53:
  28 0000 D107 0000 		.long	0x7d1
  29 0004 0200      		.word	0x2
  30 0006 0000 0000 		.long	.Ldebug_abbrev0
  31 000a 04        		.byte	0x4
  32 000b 01        		.uleb128 0x1
  33 000c 0000 0000 		.long	.LASF109
  34 0010 0C        		.byte	0xc
  35 0011 0000 0000 		.long	.LASF110
  36 0015 0000 0000 		.long	.LASF111
  37 0019 0000 0000 		.long	.Ldebug_line0
  38 001d 02        		.uleb128 0x2
  39 001e 0000 0000 		.long	.LASF0
  40 0022 01        		.byte	0x1
  41 0023 7D        		.byte	0x7d
  42 0024 14        		.byte	0x14
  43 0025 2900 0000 		.long	0x29
  44 0029 03        		.uleb128 0x3
  45 002a 01        		.byte	0x1
  46 002b 06        		.byte	0x6
  47 002c 0000 0000 		.long	.LASF2
  48 0030 02        		.uleb128 0x2
  49 0031 0000 0000 		.long	.LASF1
  50 0035 01        		.byte	0x1
  51 0036 7E        		.byte	0x7e
  52 0037 16        		.byte	0x16
  53 0038 4100 0000 		.long	0x41
  54 003c 04        		.uleb128 0x4
  55 003d 3000 0000 		.long	0x30
  56 0041 03        		.uleb128 0x3
  57 0042 01        		.byte	0x1
  58 0043 08        		.byte	0x8
  59 0044 0000 0000 		.long	.LASF3
  60 0048 05        		.uleb128 0x5
  61 0049 02        		.byte	0x2
  62 004a 05        		.byte	0x5
  63 004b 696E 7400 		.string	"int"
  64 004f 02        		.uleb128 0x2
  65 0050 0000 0000 		.long	.LASF4
  66 0054 01        		.byte	0x1
  67 0055 80        		.byte	0x80
  68 0056 16        		.byte	0x16
  69 0057 6000 0000 		.long	0x60
  70 005b 04        		.uleb128 0x4
  71 005c 4F00 0000 		.long	0x4f
  72 0060 03        		.uleb128 0x3
  73 0061 02        		.byte	0x2
  74 0062 07        		.byte	0x7
  75 0063 0000 0000 		.long	.LASF5
  76 0067 03        		.uleb128 0x3
  77 0068 04        		.byte	0x4
  78 0069 05        		.byte	0x5
  79 006a 0000 0000 		.long	.LASF6
  80 006e 02        		.uleb128 0x2
  81 006f 0000 0000 		.long	.LASF7
  82 0073 01        		.byte	0x1
  83 0074 82        		.byte	0x82
  84 0075 16        		.byte	0x16
  85 0076 7F00 0000 		.long	0x7f
  86 007a 06        		.uleb128 0x6
  87 007b 6E00 0000 		.long	0x6e
  88 007f 03        		.uleb128 0x3
  89 0080 04        		.byte	0x4
  90 0081 07        		.byte	0x7
  91 0082 0000 0000 		.long	.LASF8
  92 0086 03        		.uleb128 0x3
  93 0087 08        		.byte	0x8
  94 0088 05        		.byte	0x5
  95 0089 0000 0000 		.long	.LASF9
  96 008d 03        		.uleb128 0x3
  97 008e 08        		.byte	0x8
  98 008f 07        		.byte	0x7
  99 0090 0000 0000 		.long	.LASF10
 100 0094 02        		.uleb128 0x2
 101 0095 0000 0000 		.long	.LASF11
 102 0099 02        		.byte	0x2
 103 009a D8        		.byte	0xd8
 104 009b 17        		.byte	0x17
 105 009c 6000 0000 		.long	0x60
 106 00a0 03        		.uleb128 0x3
 107 00a1 01        		.byte	0x1
 108 00a2 02        		.byte	0x2
 109 00a3 0000 0000 		.long	.LASF12
 110 00a7 07        		.uleb128 0x7
 111 00a8 0000 0000 		.long	.LASF17
 112 00ac 04        		.byte	0x4
 113 00ad 4B        		.byte	0x4b
 114 00ae 0D        		.byte	0xd
 115 00af A000 0000 		.long	0xa0
 116 00b3 01        		.byte	0x1
 117 00b4 01        		.byte	0x1
 118 00b5 08        		.uleb128 0x8
 119 00b6 08        		.byte	0x8
 120 00b7 03        		.byte	0x3
 121 00b8 AD        		.byte	0xad
 122 00b9 05        		.byte	0x5
 123 00ba EC00 0000 		.long	0xec
 124 00be 09        		.uleb128 0x9
 125 00bf 0000 0000 		.long	.LASF13
 126 00c3 03        		.byte	0x3
 127 00c4 B1        		.byte	0xb1
 128 00c5 11        		.byte	0x11
 129 00c6 3000 0000 		.long	0x30
 130 00ca 02        		.byte	0x2
 131 00cb 23        		.byte	0x23
 132 00cc 00        		.uleb128 0
 133 00cd 09        		.uleb128 0x9
 134 00ce 0000 0000 		.long	.LASF14
 135 00d2 03        		.byte	0x3
 136 00d3 B2        		.byte	0xb2
 137 00d4 11        		.byte	0x11
 138 00d5 3000 0000 		.long	0x30
 139 00d9 02        		.byte	0x2
 140 00da 23        		.byte	0x23
 141 00db 01        		.uleb128 0x1
 142 00dc 09        		.uleb128 0x9
 143 00dd 0000 0000 		.long	.LASF15
 144 00e1 03        		.byte	0x3
 145 00e2 B3        		.byte	0xb3
 146 00e3 11        		.byte	0x11
 147 00e4 EC00 0000 		.long	0xec
 148 00e8 02        		.byte	0x2
 149 00e9 23        		.byte	0x23
 150 00ea 02        		.uleb128 0x2
 151 00eb 00        		.byte	0
 152 00ec 0A        		.uleb128 0xa
 153 00ed 3000 0000 		.long	0x30
 154 00f1 FC00 0000 		.long	0xfc
 155 00f5 0B        		.uleb128 0xb
 156 00f6 6000 0000 		.long	0x60
 157 00fa 05        		.byte	0x5
 158 00fb 00        		.byte	0
 159 00fc 0C        		.uleb128 0xc
 160 00fd 08        		.byte	0x8
 161 00fe 03        		.byte	0x3
 162 00ff AB        		.byte	0xab
 163 0100 09        		.byte	0x9
 164 0101 1701 0000 		.long	0x117
 165 0105 0D        		.uleb128 0xd
 166 0106 7261 7700 		.string	"raw"
 167 010a 03        		.byte	0x3
 168 010b AC        		.byte	0xac
 169 010c 0D        		.byte	0xd
 170 010d 1701 0000 		.long	0x117
 171 0111 0E        		.uleb128 0xe
 172 0112 B500 0000 		.long	0xb5
 173 0116 00        		.byte	0
 174 0117 0A        		.uleb128 0xa
 175 0118 3000 0000 		.long	0x30
 176 011c 2701 0000 		.long	0x127
 177 0120 0B        		.uleb128 0xb
 178 0121 6000 0000 		.long	0x60
 179 0125 07        		.byte	0x7
 180 0126 00        		.byte	0
 181 0127 02        		.uleb128 0x2
 182 0128 0000 0000 		.long	.LASF16
 183 012c 03        		.byte	0x3
 184 012d BE        		.byte	0xbe
 185 012e 1B        		.byte	0x1b
 186 012f FC00 0000 		.long	0xfc
 187 0133 0F        		.uleb128 0xf
 188 0134 02        		.byte	0x2
 189 0135 2701 0000 		.long	0x127
 190 0139 07        		.uleb128 0x7
 191 013a 0000 0000 		.long	.LASF18
 192 013e 05        		.byte	0x5
 193 013f 24        		.byte	0x24
 194 0140 10        		.byte	0x10
 195 0141 3000 0000 		.long	0x30
 196 0145 01        		.byte	0x1
 197 0146 01        		.byte	0x1
 198 0147 07        		.uleb128 0x7
 199 0148 0000 0000 		.long	.LASF19
 200 014c 05        		.byte	0x5
 201 014d 25        		.byte	0x25
 202 014e 10        		.byte	0x10
 203 014f 3000 0000 		.long	0x30
 204 0153 01        		.byte	0x1
 205 0154 01        		.byte	0x1
 206 0155 08        		.uleb128 0x8
 207 0156 01        		.byte	0x1
 208 0157 06        		.byte	0x6
 209 0158 1F        		.byte	0x1f
 210 0159 05        		.byte	0x5
 211 015a B901 0000 		.long	0x1b9
 212 015e 10        		.uleb128 0x10
 213 015f 0000 0000 		.long	.LASF20
 214 0163 06        		.byte	0x6
 215 0164 20        		.byte	0x20
 216 0165 11        		.byte	0x11
 217 0166 A000 0000 		.long	0xa0
 218 016a 01        		.byte	0x1
 219 016b 01        		.byte	0x1
 220 016c 07        		.byte	0x7
 221 016d 02        		.byte	0x2
 222 016e 23        		.byte	0x23
 223 016f 00        		.uleb128 0
 224 0170 10        		.uleb128 0x10
 225 0171 0000 0000 		.long	.LASF21
 226 0175 06        		.byte	0x6
 227 0176 21        		.byte	0x21
 228 0177 11        		.byte	0x11
 229 0178 A000 0000 		.long	0xa0
 230 017c 01        		.byte	0x1
 231 017d 01        		.byte	0x1
 232 017e 06        		.byte	0x6
 233 017f 02        		.byte	0x2
 234 0180 23        		.byte	0x23
 235 0181 00        		.uleb128 0
 236 0182 10        		.uleb128 0x10
 237 0183 0000 0000 		.long	.LASF22
 238 0187 06        		.byte	0x6
 239 0188 22        		.byte	0x22
 240 0189 11        		.byte	0x11
 241 018a A000 0000 		.long	0xa0
 242 018e 01        		.byte	0x1
 243 018f 01        		.byte	0x1
 244 0190 05        		.byte	0x5
 245 0191 02        		.byte	0x2
 246 0192 23        		.byte	0x23
 247 0193 00        		.uleb128 0
 248 0194 10        		.uleb128 0x10
 249 0195 0000 0000 		.long	.LASF23
 250 0199 06        		.byte	0x6
 251 019a 23        		.byte	0x23
 252 019b 11        		.byte	0x11
 253 019c A000 0000 		.long	0xa0
 254 01a0 01        		.byte	0x1
 255 01a1 01        		.byte	0x1
 256 01a2 04        		.byte	0x4
 257 01a3 02        		.byte	0x2
 258 01a4 23        		.byte	0x23
 259 01a5 00        		.uleb128 0
 260 01a6 10        		.uleb128 0x10
 261 01a7 0000 0000 		.long	.LASF14
 262 01ab 06        		.byte	0x6
 263 01ac 24        		.byte	0x24
 264 01ad 11        		.byte	0x11
 265 01ae 3000 0000 		.long	0x30
 266 01b2 01        		.byte	0x1
 267 01b3 04        		.byte	0x4
 268 01b4 00        		.byte	0
 269 01b5 02        		.byte	0x2
 270 01b6 23        		.byte	0x23
 271 01b7 00        		.uleb128 0
 272 01b8 00        		.byte	0
 273 01b9 0C        		.uleb128 0xc
 274 01ba 01        		.byte	0x1
 275 01bb 06        		.byte	0x6
 276 01bc 1E        		.byte	0x1e
 277 01bd 09        		.byte	0x9
 278 01be D401 0000 		.long	0x1d4
 279 01c2 0E        		.uleb128 0xe
 280 01c3 5501 0000 		.long	0x155
 281 01c7 0D        		.uleb128 0xd
 282 01c8 7261 7700 		.string	"raw"
 283 01cc 06        		.byte	0x6
 284 01cd 26        		.byte	0x26
 285 01ce 0D        		.byte	0xd
 286 01cf 3000 0000 		.long	0x30
 287 01d3 00        		.byte	0
 288 01d4 02        		.uleb128 0x2
 289 01d5 0000 0000 		.long	.LASF24
 290 01d9 06        		.byte	0x6
 291 01da 27        		.byte	0x27
 292 01db 03        		.byte	0x3
 293 01dc B901 0000 		.long	0x1b9
 294 01e0 07        		.uleb128 0x7
 295 01e1 0000 0000 		.long	.LASF25
 296 01e5 06        		.byte	0x6
 297 01e6 29        		.byte	0x29
 298 01e7 17        		.byte	0x17
 299 01e8 D401 0000 		.long	0x1d4
 300 01ec 01        		.byte	0x1
 301 01ed 01        		.byte	0x1
 302 01ee 08        		.uleb128 0x8
 303 01ef 02        		.byte	0x2
 304 01f0 07        		.byte	0x7
 305 01f1 1D        		.byte	0x1d
 306 01f2 05        		.byte	0x5
 307 01f3 BE02 0000 		.long	0x2be
 308 01f7 10        		.uleb128 0x10
 309 01f8 0000 0000 		.long	.LASF26
 310 01fc 07        		.byte	0x7
 311 01fd 1E        		.byte	0x1e
 312 01fe 0E        		.byte	0xe
 313 01ff A000 0000 		.long	0xa0
 314 0203 01        		.byte	0x1
 315 0204 01        		.byte	0x1
 316 0205 07        		.byte	0x7
 317 0206 02        		.byte	0x2
 318 0207 23        		.byte	0x23
 319 0208 00        		.uleb128 0
 320 0209 10        		.uleb128 0x10
 321 020a 0000 0000 		.long	.LASF27
 322 020e 07        		.byte	0x7
 323 020f 1F        		.byte	0x1f
 324 0210 0E        		.byte	0xe
 325 0211 A000 0000 		.long	0xa0
 326 0215 01        		.byte	0x1
 327 0216 01        		.byte	0x1
 328 0217 06        		.byte	0x6
 329 0218 02        		.byte	0x2
 330 0219 23        		.byte	0x23
 331 021a 00        		.uleb128 0
 332 021b 10        		.uleb128 0x10
 333 021c 0000 0000 		.long	.LASF28
 334 0220 07        		.byte	0x7
 335 0221 20        		.byte	0x20
 336 0222 0E        		.byte	0xe
 337 0223 A000 0000 		.long	0xa0
 338 0227 01        		.byte	0x1
 339 0228 01        		.byte	0x1
 340 0229 05        		.byte	0x5
 341 022a 02        		.byte	0x2
 342 022b 23        		.byte	0x23
 343 022c 00        		.uleb128 0
 344 022d 10        		.uleb128 0x10
 345 022e 0000 0000 		.long	.LASF29
 346 0232 07        		.byte	0x7
 347 0233 21        		.byte	0x21
 348 0234 0E        		.byte	0xe
 349 0235 A000 0000 		.long	0xa0
 350 0239 01        		.byte	0x1
 351 023a 01        		.byte	0x1
 352 023b 04        		.byte	0x4
 353 023c 02        		.byte	0x2
 354 023d 23        		.byte	0x23
 355 023e 00        		.uleb128 0
 356 023f 10        		.uleb128 0x10
 357 0240 0000 0000 		.long	.LASF30
 358 0244 07        		.byte	0x7
 359 0245 22        		.byte	0x22
 360 0246 0E        		.byte	0xe
 361 0247 A000 0000 		.long	0xa0
 362 024b 01        		.byte	0x1
 363 024c 01        		.byte	0x1
 364 024d 03        		.byte	0x3
 365 024e 02        		.byte	0x2
 366 024f 23        		.byte	0x23
 367 0250 00        		.uleb128 0
 368 0251 10        		.uleb128 0x10
 369 0252 0000 0000 		.long	.LASF31
 370 0256 07        		.byte	0x7
 371 0257 23        		.byte	0x23
 372 0258 0E        		.byte	0xe
 373 0259 A000 0000 		.long	0xa0
 374 025d 01        		.byte	0x1
 375 025e 01        		.byte	0x1
 376 025f 02        		.byte	0x2
 377 0260 02        		.byte	0x2
 378 0261 23        		.byte	0x23
 379 0262 00        		.uleb128 0
 380 0263 10        		.uleb128 0x10
 381 0264 0000 0000 		.long	.LASF32
 382 0268 07        		.byte	0x7
 383 0269 24        		.byte	0x24
 384 026a 0E        		.byte	0xe
 385 026b A000 0000 		.long	0xa0
 386 026f 01        		.byte	0x1
 387 0270 01        		.byte	0x1
 388 0271 01        		.byte	0x1
 389 0272 02        		.byte	0x2
 390 0273 23        		.byte	0x23
 391 0274 00        		.uleb128 0
 392 0275 10        		.uleb128 0x10
 393 0276 0000 0000 		.long	.LASF33
 394 027a 07        		.byte	0x7
 395 027b 25        		.byte	0x25
 396 027c 0E        		.byte	0xe
 397 027d A000 0000 		.long	0xa0
 398 0281 01        		.byte	0x1
 399 0282 01        		.byte	0x1
 400 0283 00        		.byte	0
 401 0284 02        		.byte	0x2
 402 0285 23        		.byte	0x23
 403 0286 00        		.uleb128 0
 404 0287 10        		.uleb128 0x10
 405 0288 0000 0000 		.long	.LASF34
 406 028c 07        		.byte	0x7
 407 028d 26        		.byte	0x26
 408 028e 0E        		.byte	0xe
 409 028f A000 0000 		.long	0xa0
 410 0293 01        		.byte	0x1
 411 0294 01        		.byte	0x1
 412 0295 07        		.byte	0x7
 413 0296 02        		.byte	0x2
 414 0297 23        		.byte	0x23
 415 0298 01        		.uleb128 0x1
 416 0299 10        		.uleb128 0x10
 417 029a 0000 0000 		.long	.LASF35
 418 029e 07        		.byte	0x7
 419 029f 27        		.byte	0x27
 420 02a0 0E        		.byte	0xe
 421 02a1 A000 0000 		.long	0xa0
 422 02a5 01        		.byte	0x1
 423 02a6 01        		.byte	0x1
 424 02a7 06        		.byte	0x6
 425 02a8 02        		.byte	0x2
 426 02a9 23        		.byte	0x23
 427 02aa 01        		.uleb128 0x1
 428 02ab 10        		.uleb128 0x10
 429 02ac 0000 0000 		.long	.LASF36
 430 02b0 07        		.byte	0x7
 431 02b1 28        		.byte	0x28
 432 02b2 0E        		.byte	0xe
 433 02b3 A000 0000 		.long	0xa0
 434 02b7 01        		.byte	0x1
 435 02b8 01        		.byte	0x1
 436 02b9 05        		.byte	0x5
 437 02ba 02        		.byte	0x2
 438 02bb 23        		.byte	0x23
 439 02bc 01        		.uleb128 0x1
 440 02bd 00        		.byte	0
 441 02be 0C        		.uleb128 0xc
 442 02bf 02        		.byte	0x2
 443 02c0 07        		.byte	0x7
 444 02c1 1B        		.byte	0x1b
 445 02c2 09        		.byte	0x9
 446 02c3 D902 0000 		.long	0x2d9
 447 02c7 0D        		.uleb128 0xd
 448 02c8 7261 7700 		.string	"raw"
 449 02cc 07        		.byte	0x7
 450 02cd 1C        		.byte	0x1c
 451 02ce 0E        		.byte	0xe
 452 02cf 4F00 0000 		.long	0x4f
 453 02d3 0E        		.uleb128 0xe
 454 02d4 EE01 0000 		.long	0x1ee
 455 02d8 00        		.byte	0
 456 02d9 02        		.uleb128 0x2
 457 02da 0000 0000 		.long	.LASF37
 458 02de 07        		.byte	0x7
 459 02df 2A        		.byte	0x2a
 460 02e0 03        		.byte	0x3
 461 02e1 BE02 0000 		.long	0x2be
 462 02e5 07        		.uleb128 0x7
 463 02e6 0000 0000 		.long	.LASF38
 464 02ea 07        		.byte	0x7
 465 02eb 2C        		.byte	0x2c
 466 02ec 18        		.byte	0x18
 467 02ed D902 0000 		.long	0x2d9
 468 02f1 01        		.byte	0x1
 469 02f2 01        		.byte	0x1
 470 02f3 07        		.uleb128 0x7
 471 02f4 0000 0000 		.long	.LASF39
 472 02f8 08        		.byte	0x8
 473 02f9 20        		.byte	0x20
 474 02fa 1A        		.byte	0x1a
 475 02fb 7A00 0000 		.long	0x7a
 476 02ff 01        		.byte	0x1
 477 0300 01        		.byte	0x1
 478 0301 11        		.uleb128 0x11
 479 0302 07        		.byte	0x7
 480 0303 01        		.byte	0x1
 481 0304 4100 0000 		.long	0x41
 482 0308 09        		.byte	0x9
 483 0309 2D        		.byte	0x2d
 484 030a 0E        		.byte	0xe
 485 030b 4C03 0000 		.long	0x34c
 486 030f 12        		.uleb128 0x12
 487 0310 0000 0000 		.long	.LASF40
 488 0314 00        		.byte	0
 489 0315 12        		.uleb128 0x12
 490 0316 0000 0000 		.long	.LASF41
 491 031a 01        		.byte	0x1
 492 031b 12        		.uleb128 0x12
 493 031c 0000 0000 		.long	.LASF42
 494 0320 02        		.byte	0x2
 495 0321 12        		.uleb128 0x12
 496 0322 0000 0000 		.long	.LASF43
 497 0326 03        		.byte	0x3
 498 0327 12        		.uleb128 0x12
 499 0328 0000 0000 		.long	.LASF44
 500 032c 04        		.byte	0x4
 501 032d 12        		.uleb128 0x12
 502 032e 0000 0000 		.long	.LASF45
 503 0332 05        		.byte	0x5
 504 0333 12        		.uleb128 0x12
 505 0334 0000 0000 		.long	.LASF46
 506 0338 06        		.byte	0x6
 507 0339 12        		.uleb128 0x12
 508 033a 0000 0000 		.long	.LASF47
 509 033e 07        		.byte	0x7
 510 033f 12        		.uleb128 0x12
 511 0340 0000 0000 		.long	.LASF48
 512 0344 08        		.byte	0x8
 513 0345 12        		.uleb128 0x12
 514 0346 0000 0000 		.long	.LASF49
 515 034a 09        		.byte	0x9
 516 034b 00        		.byte	0
 517 034c 02        		.uleb128 0x2
 518 034d 0000 0000 		.long	.LASF50
 519 0351 09        		.byte	0x9
 520 0352 2D        		.byte	0x2d
 521 0353 89        		.byte	0x89
 522 0354 0103 0000 		.long	0x301
 523 0358 08        		.uleb128 0x8
 524 0359 23        		.byte	0x23
 525 035a 09        		.byte	0x9
 526 035b 2F        		.byte	0x2f
 527 035c 09        		.byte	0x9
 528 035d AD03 0000 		.long	0x3ad
 529 0361 09        		.uleb128 0x9
 530 0362 0000 0000 		.long	.LASF51
 531 0366 09        		.byte	0x9
 532 0367 30        		.byte	0x30
 533 0368 1C        		.byte	0x1c
 534 0369 A000 0000 		.long	0xa0
 535 036d 02        		.byte	0x2
 536 036e 23        		.byte	0x23
 537 036f 00        		.uleb128 0
 538 0370 09        		.uleb128 0x9
 539 0371 0000 0000 		.long	.LASF52
 540 0375 09        		.byte	0x9
 541 0376 31        		.byte	0x31
 542 0377 1C        		.byte	0x1c
 543 0378 AD03 0000 		.long	0x3ad
 544 037c 02        		.byte	0x2
 545 037d 23        		.byte	0x23
 546 037e 01        		.uleb128 0x1
 547 037f 09        		.uleb128 0x9
 548 0380 0000 0000 		.long	.LASF53
 549 0384 09        		.byte	0x9
 550 0385 32        		.byte	0x32
 551 0386 1C        		.byte	0x1c
 552 0387 BD03 0000 		.long	0x3bd
 553 038b 02        		.byte	0x2
 554 038c 23        		.byte	0x23
 555 038d 11        		.uleb128 0x11
 556 038e 09        		.uleb128 0x9
 557 038f 0000 0000 		.long	.LASF54
 558 0393 09        		.byte	0x9
 559 0394 33        		.byte	0x33
 560 0395 1C        		.byte	0x1c
 561 0396 3000 0000 		.long	0x30
 562 039a 02        		.byte	0x2
 563 039b 23        		.byte	0x23
 564 039c 21        		.uleb128 0x21
 565 039d 09        		.uleb128 0x9
 566 039e 0000 0000 		.long	.LASF55
 567 03a2 09        		.byte	0x9
 568 03a3 34        		.byte	0x34
 569 03a4 1C        		.byte	0x1c
 570 03a5 4C03 0000 		.long	0x34c
 571 03a9 02        		.byte	0x2
 572 03aa 23        		.byte	0x23
 573 03ab 22        		.uleb128 0x22
 574 03ac 00        		.byte	0
 575 03ad 0A        		.uleb128 0xa
 576 03ae 3000 0000 		.long	0x30
 577 03b2 BD03 0000 		.long	0x3bd
 578 03b6 0B        		.uleb128 0xb
 579 03b7 6000 0000 		.long	0x60
 580 03bb 0F        		.byte	0xf
 581 03bc 00        		.byte	0
 582 03bd 0A        		.uleb128 0xa
 583 03be 4F00 0000 		.long	0x4f
 584 03c2 CD03 0000 		.long	0x3cd
 585 03c6 0B        		.uleb128 0xb
 586 03c7 6000 0000 		.long	0x60
 587 03cb 07        		.byte	0x7
 588 03cc 00        		.byte	0
 589 03cd 02        		.uleb128 0x2
 590 03ce 0000 0000 		.long	.LASF56
 591 03d2 09        		.byte	0x9
 592 03d3 35        		.byte	0x35
 593 03d4 03        		.byte	0x3
 594 03d5 5803 0000 		.long	0x358
 595 03d9 13        		.uleb128 0x13
 596 03da 0000 0000 		.long	.LASF60
 597 03de 07        		.byte	0x7
 598 03df 01        		.byte	0x1
 599 03e0 4100 0000 		.long	0x41
 600 03e4 09        		.byte	0x9
 601 03e5 3B        		.byte	0x3b
 602 03e6 0E        		.byte	0xe
 603 03e7 FE03 0000 		.long	0x3fe
 604 03eb 12        		.uleb128 0x12
 605 03ec 0000 0000 		.long	.LASF57
 606 03f0 00        		.byte	0
 607 03f1 12        		.uleb128 0x12
 608 03f2 0000 0000 		.long	.LASF58
 609 03f6 01        		.byte	0x1
 610 03f7 12        		.uleb128 0x12
 611 03f8 0000 0000 		.long	.LASF59
 612 03fc 02        		.byte	0x2
 613 03fd 00        		.byte	0
 614 03fe 02        		.uleb128 0x2
 615 03ff 0000 0000 		.long	.LASF60
 616 0403 09        		.byte	0x9
 617 0404 3F        		.byte	0x3f
 618 0405 03        		.byte	0x3
 619 0406 D903 0000 		.long	0x3d9
 620 040a 08        		.uleb128 0x8
 621 040b 06        		.byte	0x6
 622 040c 09        		.byte	0x9
 623 040d 41        		.byte	0x41
 624 040e 09        		.byte	0x9
 625 040f 5F04 0000 		.long	0x45f
 626 0413 09        		.uleb128 0x9
 627 0414 0000 0000 		.long	.LASF61
 628 0418 09        		.byte	0x9
 629 0419 42        		.byte	0x42
 630 041a 17        		.byte	0x17
 631 041b 3000 0000 		.long	0x30
 632 041f 02        		.byte	0x2
 633 0420 23        		.byte	0x23
 634 0421 00        		.uleb128 0
 635 0422 09        		.uleb128 0x9
 636 0423 0000 0000 		.long	.LASF62
 637 0427 09        		.byte	0x9
 638 0428 43        		.byte	0x43
 639 0429 17        		.byte	0x17
 640 042a 3000 0000 		.long	0x30
 641 042e 02        		.byte	0x2
 642 042f 23        		.byte	0x23
 643 0430 01        		.uleb128 0x1
 644 0431 09        		.uleb128 0x9
 645 0432 0000 0000 		.long	.LASF63
 646 0436 09        		.byte	0x9
 647 0437 44        		.byte	0x44
 648 0438 17        		.byte	0x17
 649 0439 3000 0000 		.long	0x30
 650 043d 02        		.byte	0x2
 651 043e 23        		.byte	0x23
 652 043f 02        		.uleb128 0x2
 653 0440 09        		.uleb128 0x9
 654 0441 0000 0000 		.long	.LASF64
 655 0445 09        		.byte	0x9
 656 0446 45        		.byte	0x45
 657 0447 17        		.byte	0x17
 658 0448 4F00 0000 		.long	0x4f
 659 044c 02        		.byte	0x2
 660 044d 23        		.byte	0x23
 661 044e 03        		.uleb128 0x3
 662 044f 09        		.uleb128 0x9
 663 0450 0000 0000 		.long	.LASF65
 664 0454 09        		.byte	0x9
 665 0455 46        		.byte	0x46
 666 0456 17        		.byte	0x17
 667 0457 FE03 0000 		.long	0x3fe
 668 045b 02        		.byte	0x2
 669 045c 23        		.byte	0x23
 670 045d 05        		.uleb128 0x5
 671 045e 00        		.byte	0
 672 045f 02        		.uleb128 0x2
 673 0460 0000 0000 		.long	.LASF66
 674 0464 09        		.byte	0x9
 675 0465 47        		.byte	0x47
 676 0466 03        		.byte	0x3
 677 0467 0A04 0000 		.long	0x40a
 678 046b 07        		.uleb128 0x7
 679 046c 0000 0000 		.long	.LASF67
 680 0470 09        		.byte	0x9
 681 0471 49        		.byte	0x49
 682 0472 1B        		.byte	0x1b
 683 0473 CD03 0000 		.long	0x3cd
 684 0477 01        		.byte	0x1
 685 0478 01        		.byte	0x1
 686 0479 07        		.uleb128 0x7
 687 047a 0000 0000 		.long	.LASF68
 688 047e 09        		.byte	0x9
 689 047f 4C        		.byte	0x4c
 690 0480 1A        		.byte	0x1a
 691 0481 5F04 0000 		.long	0x45f
 692 0485 01        		.byte	0x1
 693 0486 01        		.byte	0x1
 694 0487 0A        		.uleb128 0xa
 695 0488 5B00 0000 		.long	0x5b
 696 048c 9E04 0000 		.long	0x49e
 697 0490 14        		.uleb128 0x14
 698 0491 0B        		.uleb128 0xb
 699 0492 6000 0000 		.long	0x60
 700 0496 04        		.byte	0x4
 701 0497 0B        		.uleb128 0xb
 702 0498 6000 0000 		.long	0x60
 703 049c 0E        		.byte	0xe
 704 049d 00        		.byte	0
 705 049e 04        		.uleb128 0x4
 706 049f 8704 0000 		.long	0x487
 707 04a3 07        		.uleb128 0x7
 708 04a4 0000 0000 		.long	.LASF69
 709 04a8 0A        		.byte	0xa
 710 04a9 37        		.byte	0x37
 711 04aa 17        		.byte	0x17
 712 04ab 9E04 0000 		.long	0x49e
 713 04af 01        		.byte	0x1
 714 04b0 01        		.byte	0x1
 715 04b1 0A        		.uleb128 0xa
 716 04b2 5B00 0000 		.long	0x5b
 717 04b6 BC04 0000 		.long	0x4bc
 718 04ba 14        		.uleb128 0x14
 719 04bb 00        		.byte	0
 720 04bc 04        		.uleb128 0x4
 721 04bd B104 0000 		.long	0x4b1
 722 04c1 07        		.uleb128 0x7
 723 04c2 0000 0000 		.long	.LASF70
 724 04c6 0A        		.byte	0xa
 725 04c7 38        		.byte	0x38
 726 04c8 17        		.byte	0x17
 727 04c9 BC04 0000 		.long	0x4bc
 728 04cd 01        		.byte	0x1
 729 04ce 01        		.byte	0x1
 730 04cf 08        		.uleb128 0x8
 731 04d0 03        		.byte	0x3
 732 04d1 0B        		.byte	0xb
 733 04d2 2E        		.byte	0x2e
 734 04d3 09        		.byte	0x9
 735 04d4 0005 0000 		.long	0x500
 736 04d8 15        		.uleb128 0x15
 737 04d9 6700      		.string	"g"
 738 04db 0B        		.byte	0xb
 739 04dc 30        		.byte	0x30
 740 04dd 0D        		.byte	0xd
 741 04de 3000 0000 		.long	0x30
 742 04e2 02        		.byte	0x2
 743 04e3 23        		.byte	0x23
 744 04e4 00        		.uleb128 0
 745 04e5 15        		.uleb128 0x15
 746 04e6 7200      		.string	"r"
 747 04e8 0B        		.byte	0xb
 748 04e9 31        		.byte	0x31
 749 04ea 0D        		.byte	0xd
 750 04eb 3000 0000 		.long	0x30
 751 04ef 02        		.byte	0x2
 752 04f0 23        		.byte	0x23
 753 04f1 01        		.uleb128 0x1
 754 04f2 15        		.uleb128 0x15
 755 04f3 6200      		.string	"b"
 756 04f5 0B        		.byte	0xb
 757 04f6 32        		.byte	0x32
 758 04f7 0D        		.byte	0xd
 759 04f8 3000 0000 		.long	0x30
 760 04fc 02        		.byte	0x2
 761 04fd 23        		.byte	0x23
 762 04fe 02        		.uleb128 0x2
 763 04ff 00        		.byte	0
 764 0500 02        		.uleb128 0x2
 765 0501 0000 0000 		.long	.LASF71
 766 0505 0B        		.byte	0xb
 767 0506 3C        		.byte	0x3c
 768 0507 03        		.byte	0x3
 769 0508 CF04 0000 		.long	0x4cf
 770 050c 16        		.uleb128 0x16
 771 050d 5247 4200 		.string	"RGB"
 772 0511 0B        		.byte	0xb
 773 0512 3E        		.byte	0x3e
 774 0513 0E        		.byte	0xe
 775 0514 0005 0000 		.long	0x500
 776 0518 0A        		.uleb128 0xa
 777 0519 0C05 0000 		.long	0x50c
 778 051d 2805 0000 		.long	0x528
 779 0521 0B        		.uleb128 0xb
 780 0522 6000 0000 		.long	0x60
 781 0526 13        		.byte	0x13
 782 0527 00        		.byte	0
 783 0528 17        		.uleb128 0x17
 784 0529 6C65 6400 		.string	"led"
 785 052d 0C        		.byte	0xc
 786 052e E1        		.byte	0xe1
 787 052f 11        		.byte	0x11
 788 0530 1805 0000 		.long	0x518
 789 0534 01        		.byte	0x1
 790 0535 01        		.byte	0x1
 791 0536 0A        		.uleb128 0xa
 792 0537 3C00 0000 		.long	0x3c
 793 053b 4605 0000 		.long	0x546
 794 053f 0B        		.uleb128 0xb
 795 0540 6000 0000 		.long	0x60
 796 0544 03        		.byte	0x3
 797 0545 00        		.byte	0
 798 0546 04        		.uleb128 0x4
 799 0547 3605 0000 		.long	0x536
 800 054b 07        		.uleb128 0x7
 801 054c 0000 0000 		.long	.LASF72
 802 0550 0C        		.byte	0xc
 803 0551 E3        		.byte	0xe3
 804 0552 17        		.byte	0x17
 805 0553 4605 0000 		.long	0x546
 806 0557 01        		.byte	0x1
 807 0558 01        		.byte	0x1
 808 0559 0A        		.uleb128 0xa
 809 055a 3C00 0000 		.long	0x3c
 810 055e 6905 0000 		.long	0x569
 811 0562 0B        		.uleb128 0xb
 812 0563 6000 0000 		.long	0x60
 813 0567 02        		.byte	0x2
 814 0568 00        		.byte	0
 815 0569 04        		.uleb128 0x4
 816 056a 5905 0000 		.long	0x559
 817 056e 07        		.uleb128 0x7
 818 056f 0000 0000 		.long	.LASF73
 819 0573 0C        		.byte	0xc
 820 0574 E4        		.byte	0xe4
 821 0575 17        		.byte	0x17
 822 0576 6905 0000 		.long	0x569
 823 057a 01        		.byte	0x1
 824 057b 01        		.byte	0x1
 825 057c 07        		.uleb128 0x7
 826 057d 0000 0000 		.long	.LASF74
 827 0581 0C        		.byte	0xc
 828 0582 E5        		.byte	0xe5
 829 0583 17        		.byte	0x17
 830 0584 6905 0000 		.long	0x569
 831 0588 01        		.byte	0x1
 832 0589 01        		.byte	0x1
 833 058a 07        		.uleb128 0x7
 834 058b 0000 0000 		.long	.LASF75
 835 058f 0C        		.byte	0xc
 836 0590 E6        		.byte	0xe6
 837 0591 17        		.byte	0x17
 838 0592 6905 0000 		.long	0x569
 839 0596 01        		.byte	0x1
 840 0597 01        		.byte	0x1
 841 0598 07        		.uleb128 0x7
 842 0599 0000 0000 		.long	.LASF76
 843 059d 0C        		.byte	0xc
 844 059e E7        		.byte	0xe7
 845 059f 17        		.byte	0x17
 846 05a0 6905 0000 		.long	0x569
 847 05a4 01        		.byte	0x1
 848 05a5 01        		.byte	0x1
 849 05a6 0A        		.uleb128 0xa
 850 05a7 5B00 0000 		.long	0x5b
 851 05ab B605 0000 		.long	0x5b6
 852 05af 0B        		.uleb128 0xb
 853 05b0 6000 0000 		.long	0x60
 854 05b4 00        		.byte	0
 855 05b5 00        		.byte	0
 856 05b6 04        		.uleb128 0x4
 857 05b7 A605 0000 		.long	0x5a6
 858 05bb 07        		.uleb128 0x7
 859 05bc 0000 0000 		.long	.LASF77
 860 05c0 0C        		.byte	0xc
 861 05c1 E8        		.byte	0xe8
 862 05c2 17        		.byte	0x17
 863 05c3 B605 0000 		.long	0x5b6
 864 05c7 01        		.byte	0x1
 865 05c8 01        		.byte	0x1
 866 05c9 07        		.uleb128 0x7
 867 05ca 0000 0000 		.long	.LASF78
 868 05ce 0C        		.byte	0xc
 869 05cf E9        		.byte	0xe9
 870 05d0 17        		.byte	0x17
 871 05d1 6905 0000 		.long	0x569
 872 05d5 01        		.byte	0x1
 873 05d6 01        		.byte	0x1
 874 05d7 07        		.uleb128 0x7
 875 05d8 0000 0000 		.long	.LASF79
 876 05dc 0C        		.byte	0xc
 877 05dd EA        		.byte	0xea
 878 05de 17        		.byte	0x17
 879 05df A000 0000 		.long	0xa0
 880 05e3 01        		.byte	0x1
 881 05e4 01        		.byte	0x1
 882 05e5 18        		.uleb128 0x18
 883 05e6 0000 0000 		.long	.LASF90
 884 05ea 05        		.byte	0x5
 885 05eb 0C        		.byte	0xc
 886 05ec 0701      		.word	0x107
 887 05ee 10        		.byte	0x10
 888 05ef 4406 0000 		.long	0x644
 889 05f3 19        		.uleb128 0x19
 890 05f4 0000 0000 		.long	.LASF80
 891 05f8 0C        		.byte	0xc
 892 05f9 0801      		.word	0x108
 893 05fb 0D        		.byte	0xd
 894 05fc 3000 0000 		.long	0x30
 895 0600 02        		.byte	0x2
 896 0601 23        		.byte	0x23
 897 0602 00        		.uleb128 0
 898 0603 19        		.uleb128 0x19
 899 0604 0000 0000 		.long	.LASF81
 900 0608 0C        		.byte	0xc
 901 0609 0901      		.word	0x109
 902 060b 0D        		.byte	0xd
 903 060c 3000 0000 		.long	0x30
 904 0610 02        		.byte	0x2
 905 0611 23        		.byte	0x23
 906 0612 01        		.uleb128 0x1
 907 0613 19        		.uleb128 0x19
 908 0614 0000 0000 		.long	.LASF82
 909 0618 0C        		.byte	0xc
 910 0619 0A01      		.word	0x10a
 911 061b 0D        		.byte	0xd
 912 061c 3000 0000 		.long	0x30
 913 0620 02        		.byte	0x2
 914 0621 23        		.byte	0x23
 915 0622 02        		.uleb128 0x2
 916 0623 19        		.uleb128 0x19
 917 0624 0000 0000 		.long	.LASF83
 918 0628 0C        		.byte	0xc
 919 0629 0B01      		.word	0x10b
 920 062b 0D        		.byte	0xd
 921 062c 3000 0000 		.long	0x30
 922 0630 02        		.byte	0x2
 923 0631 23        		.byte	0x23
 924 0632 03        		.uleb128 0x3
 925 0633 19        		.uleb128 0x19
 926 0634 0000 0000 		.long	.LASF84
 927 0638 0C        		.byte	0xc
 928 0639 0C01      		.word	0x10c
 929 063b 0D        		.byte	0xd
 930 063c 3000 0000 		.long	0x30
 931 0640 02        		.byte	0x2
 932 0641 23        		.byte	0x23
 933 0642 04        		.uleb128 0x4
 934 0643 00        		.byte	0
 935 0644 1A        		.uleb128 0x1a
 936 0645 0000 0000 		.long	.LASF85
 937 0649 0C        		.byte	0xc
 938 064a 0D01      		.word	0x10d
 939 064c 03        		.byte	0x3
 940 064d E505 0000 		.long	0x5e5
 941 0651 1B        		.uleb128 0x1b
 942 0652 0000 0000 		.long	.LASF86
 943 0656 0C        		.byte	0xc
 944 0657 0F01      		.word	0x10f
 945 0659 1A        		.byte	0x1a
 946 065a 4406 0000 		.long	0x644
 947 065e 01        		.byte	0x1
 948 065f 01        		.byte	0x1
 949 0660 1C        		.uleb128 0x1c
 950 0661 02        		.byte	0x2
 951 0662 0C        		.byte	0xc
 952 0663 9F01      		.word	0x19f
 953 0665 05        		.byte	0x5
 954 0666 9F06 0000 		.long	0x69f
 955 066a 1D        		.uleb128 0x1d
 956 066b 0000 0000 		.long	.LASF87
 957 066f 0C        		.byte	0xc
 958 0670 A001      		.word	0x1a0
 959 0672 12        		.byte	0x12
 960 0673 4F00 0000 		.long	0x4f
 961 0677 1E        		.uleb128 0x1e
 962 0678 706F 7300 		.string	"pos"
 963 067c 0C        		.byte	0xc
 964 067d A101      		.word	0x1a1
 965 067f 12        		.byte	0x12
 966 0680 3000 0000 		.long	0x30
 967 0684 1D        		.uleb128 0x1d
 968 0685 0000 0000 		.long	.LASF88
 969 0689 0C        		.byte	0xc
 970 068a A201      		.word	0x1a2
 971 068c 12        		.byte	0x12
 972 068d 1D00 0000 		.long	0x1d
 973 0691 1D        		.uleb128 0x1d
 974 0692 0000 0000 		.long	.LASF89
 975 0696 0C        		.byte	0xc
 976 0697 A301      		.word	0x1a3
 977 0699 12        		.byte	0x12
 978 069a 4F00 0000 		.long	0x4f
 979 069e 00        		.byte	0
 980 069f 18        		.uleb128 0x18
 981 06a0 0000 0000 		.long	.LASF91
 982 06a4 06        		.byte	0x6
 983 06a5 0C        		.byte	0xc
 984 06a6 9B01      		.word	0x19b
 985 06a8 10        		.byte	0x10
 986 06a9 E606 0000 		.long	0x6e6
 987 06ad 19        		.uleb128 0x19
 988 06ae 0000 0000 		.long	.LASF92
 989 06b2 0C        		.byte	0xc
 990 06b3 9C01      		.word	0x19c
 991 06b5 0E        		.byte	0xe
 992 06b6 4F00 0000 		.long	0x4f
 993 06ba 02        		.byte	0x2
 994 06bb 23        		.byte	0x23
 995 06bc 00        		.uleb128 0
 996 06bd 19        		.uleb128 0x19
 997 06be 0000 0000 		.long	.LASF93
 998 06c2 0C        		.byte	0xc
 999 06c3 9D01      		.word	0x19d
 1000 06c5 0E        		.byte	0xe
 1001 06c6 3000 0000 		.long	0x30
 1002 06ca 02        		.byte	0x2
 1003 06cb 23        		.byte	0x23
 1004 06cc 02        		.uleb128 0x2
 1005 06cd 19        		.uleb128 0x19
 1006 06ce 0000 0000 		.long	.LASF94
 1007 06d2 0C        		.byte	0xc
 1008 06d3 9E01      		.word	0x19e
 1009 06d5 0E        		.byte	0xe
 1010 06d6 A000 0000 		.long	0xa0
 1011 06da 02        		.byte	0x2
 1012 06db 23        		.byte	0x23
 1013 06dc 03        		.uleb128 0x3
 1014 06dd 1F        		.uleb128 0x1f
 1015 06de 6006 0000 		.long	0x660
 1016 06e2 02        		.byte	0x2
 1017 06e3 23        		.byte	0x23
 1018 06e4 04        		.uleb128 0x4
 1019 06e5 00        		.byte	0
 1020 06e6 1A        		.uleb128 0x1a
 1021 06e7 0000 0000 		.long	.LASF95
 1022 06eb 0C        		.byte	0xc
 1023 06ec A501      		.word	0x1a5
 1024 06ee 03        		.byte	0x3
 1025 06ef 9F06 0000 		.long	0x69f
 1026 06f3 1B        		.uleb128 0x1b
 1027 06f4 0000 0000 		.long	.LASF96
 1028 06f8 0C        		.byte	0xc
 1029 06f9 A701      		.word	0x1a7
 1030 06fb 1B        		.byte	0x1b
 1031 06fc E606 0000 		.long	0x6e6
 1032 0700 01        		.byte	0x1
 1033 0701 01        		.byte	0x1
 1034 0702 02        		.uleb128 0x2
 1035 0703 0000 0000 		.long	.LASF97
 1036 0707 0D        		.byte	0xd
 1037 0708 27        		.byte	0x27
 1038 0709 12        		.byte	0x12
 1039 070a 6E00 0000 		.long	0x6e
 1040 070e 07        		.uleb128 0x7
 1041 070f 0000 0000 		.long	.LASF98
 1042 0713 0D        		.byte	0xd
 1043 0714 32        		.byte	0x32
 1044 0715 16        		.byte	0x16
 1045 0716 0207 0000 		.long	0x702
 1046 071a 01        		.byte	0x1
 1047 071b 01        		.byte	0x1
 1048 071c 07        		.uleb128 0x7
 1049 071d 0000 0000 		.long	.LASF99
 1050 0721 0D        		.byte	0xd
 1051 0722 48        		.byte	0x48
 1052 0723 16        		.byte	0x16
 1053 0724 0207 0000 		.long	0x702
 1054 0728 01        		.byte	0x1
 1055 0729 01        		.byte	0x1
 1056 072a 07        		.uleb128 0x7
 1057 072b 0000 0000 		.long	.LASF100
 1058 072f 0E        		.byte	0xe
 1059 0730 1B        		.byte	0x1b
 1060 0731 1B        		.byte	0x1b
 1061 0732 3301 0000 		.long	0x133
 1062 0736 01        		.byte	0x1
 1063 0737 01        		.byte	0x1
 1064 0738 0A        		.uleb128 0xa
 1065 0739 3C00 0000 		.long	0x3c
 1066 073d 4807 0000 		.long	0x748
 1067 0741 0B        		.uleb128 0xb
 1068 0742 6000 0000 		.long	0x60
 1069 0746 0F        		.byte	0xf
 1070 0747 00        		.byte	0
 1071 0748 04        		.uleb128 0x4
 1072 0749 3807 0000 		.long	0x738
 1073 074d 07        		.uleb128 0x7
 1074 074e 0000 0000 		.long	.LASF101
 1075 0752 0F        		.byte	0xf
 1076 0753 1A        		.byte	0x1a
 1077 0754 16        		.byte	0x16
 1078 0755 4807 0000 		.long	0x748
 1079 0759 01        		.byte	0x1
 1080 075a 01        		.byte	0x1
 1081 075b 07        		.uleb128 0x7
 1082 075c 0000 0000 		.long	.LASF102
 1083 0760 0F        		.byte	0xf
 1084 0761 1B        		.byte	0x1b
 1085 0762 16        		.byte	0x16
 1086 0763 4807 0000 		.long	0x748
 1087 0767 01        		.byte	0x1
 1088 0768 01        		.byte	0x1
 1089 0769 07        		.uleb128 0x7
 1090 076a 0000 0000 		.long	.LASF103
 1091 076e 0F        		.byte	0xf
 1092 076f 1C        		.byte	0x1c
 1093 0770 16        		.byte	0x16
 1094 0771 4807 0000 		.long	0x748
 1095 0775 01        		.byte	0x1
 1096 0776 01        		.byte	0x1
 1097 0777 0A        		.uleb128 0xa
 1098 0778 3C00 0000 		.long	0x3c
 1099 077c 8707 0000 		.long	0x787
 1100 0780 0B        		.uleb128 0xb
 1101 0781 6000 0000 		.long	0x60
 1102 0785 7F        		.byte	0x7f
 1103 0786 00        		.byte	0
 1104 0787 04        		.uleb128 0x4
 1105 0788 7707 0000 		.long	0x777
 1106 078c 07        		.uleb128 0x7
 1107 078d 0000 0000 		.long	.LASF104
 1108 0791 0F        		.byte	0xf
 1109 0792 1D        		.byte	0x1d
 1110 0793 16        		.byte	0x16
 1111 0794 8707 0000 		.long	0x787
 1112 0798 01        		.byte	0x1
 1113 0799 01        		.byte	0x1
 1114 079a 1B        		.uleb128 0x1b
 1115 079b 0000 0000 		.long	.LASF105
 1116 079f 10        		.byte	0x10
 1117 07a0 3801      		.word	0x138
 1118 07a2 0F        		.byte	0xf
 1119 07a3 9400 0000 		.long	0x94
 1120 07a7 01        		.byte	0x1
 1121 07a8 01        		.byte	0x1
 1122 07a9 1B        		.uleb128 0x1b
 1123 07aa 0000 0000 		.long	.LASF106
 1124 07ae 10        		.byte	0x10
 1125 07af 3D01      		.word	0x13d
 1126 07b1 0E        		.byte	0xe
 1127 07b2 B807 0000 		.long	0x7b8
 1128 07b6 01        		.byte	0x1
 1129 07b7 01        		.byte	0x1
 1130 07b8 0F        		.uleb128 0xf
 1131 07b9 02        		.byte	0x2
 1132 07ba BE07 0000 		.long	0x7be
 1133 07be 03        		.uleb128 0x3
 1134 07bf 01        		.byte	0x1
 1135 07c0 08        		.byte	0x8
 1136 07c1 0000 0000 		.long	.LASF107
 1137 07c5 1B        		.uleb128 0x1b
 1138 07c6 0000 0000 		.long	.LASF108
 1139 07ca 10        		.byte	0x10
 1140 07cb 4201      		.word	0x142
 1141 07cd 0E        		.byte	0xe
 1142 07ce B807 0000 		.long	0x7b8
 1143 07d2 01        		.byte	0x1
 1144 07d3 01        		.byte	0x1
 1145 07d4 00        		.byte	0
 1146               		.section	.gnu.debuglto_.debug_abbrev,"",@progbits
 1147               	.Ldebug_abbrev0:
 1148 0000 01        		.uleb128 0x1
 1149 0001 11        		.uleb128 0x11
 1150 0002 01        		.byte	0x1
 1151 0003 25        		.uleb128 0x25
 1152 0004 0E        		.uleb128 0xe
 1153 0005 13        		.uleb128 0x13
 1154 0006 0B        		.uleb128 0xb
 1155 0007 03        		.uleb128 0x3
 1156 0008 0E        		.uleb128 0xe
 1157 0009 1B        		.uleb128 0x1b
 1158 000a 0E        		.uleb128 0xe
 1159 000b 10        		.uleb128 0x10
 1160 000c 06        		.uleb128 0x6
 1161 000d 00        		.byte	0
 1162 000e 00        		.byte	0
 1163 000f 02        		.uleb128 0x2
 1164 0010 16        		.uleb128 0x16
 1165 0011 00        		.byte	0
 1166 0012 03        		.uleb128 0x3
 1167 0013 0E        		.uleb128 0xe
 1168 0014 3A        		.uleb128 0x3a
 1169 0015 0B        		.uleb128 0xb
 1170 0016 3B        		.uleb128 0x3b
 1171 0017 0B        		.uleb128 0xb
 1172 0018 39        		.uleb128 0x39
 1173 0019 0B        		.uleb128 0xb
 1174 001a 49        		.uleb128 0x49
 1175 001b 13        		.uleb128 0x13
 1176 001c 00        		.byte	0
 1177 001d 00        		.byte	0
 1178 001e 03        		.uleb128 0x3
 1179 001f 24        		.uleb128 0x24
 1180 0020 00        		.byte	0
 1181 0021 0B        		.uleb128 0xb
 1182 0022 0B        		.uleb128 0xb
 1183 0023 3E        		.uleb128 0x3e
 1184 0024 0B        		.uleb128 0xb
 1185 0025 03        		.uleb128 0x3
 1186 0026 0E        		.uleb128 0xe
 1187 0027 00        		.byte	0
 1188 0028 00        		.byte	0
 1189 0029 04        		.uleb128 0x4
 1190 002a 26        		.uleb128 0x26
 1191 002b 00        		.byte	0
 1192 002c 49        		.uleb128 0x49
 1193 002d 13        		.uleb128 0x13
 1194 002e 00        		.byte	0
 1195 002f 00        		.byte	0
 1196 0030 05        		.uleb128 0x5
 1197 0031 24        		.uleb128 0x24
 1198 0032 00        		.byte	0
 1199 0033 0B        		.uleb128 0xb
 1200 0034 0B        		.uleb128 0xb
 1201 0035 3E        		.uleb128 0x3e
 1202 0036 0B        		.uleb128 0xb
 1203 0037 03        		.uleb128 0x3
 1204 0038 08        		.uleb128 0x8
 1205 0039 00        		.byte	0
 1206 003a 00        		.byte	0
 1207 003b 06        		.uleb128 0x6
 1208 003c 35        		.uleb128 0x35
 1209 003d 00        		.byte	0
 1210 003e 49        		.uleb128 0x49
 1211 003f 13        		.uleb128 0x13
 1212 0040 00        		.byte	0
 1213 0041 00        		.byte	0
 1214 0042 07        		.uleb128 0x7
 1215 0043 34        		.uleb128 0x34
 1216 0044 00        		.byte	0
 1217 0045 03        		.uleb128 0x3
 1218 0046 0E        		.uleb128 0xe
 1219 0047 3A        		.uleb128 0x3a
 1220 0048 0B        		.uleb128 0xb
 1221 0049 3B        		.uleb128 0x3b
 1222 004a 0B        		.uleb128 0xb
 1223 004b 39        		.uleb128 0x39
 1224 004c 0B        		.uleb128 0xb
 1225 004d 49        		.uleb128 0x49
 1226 004e 13        		.uleb128 0x13
 1227 004f 3F        		.uleb128 0x3f
 1228 0050 0C        		.uleb128 0xc
 1229 0051 3C        		.uleb128 0x3c
 1230 0052 0C        		.uleb128 0xc
 1231 0053 00        		.byte	0
 1232 0054 00        		.byte	0
 1233 0055 08        		.uleb128 0x8
 1234 0056 13        		.uleb128 0x13
 1235 0057 01        		.byte	0x1
 1236 0058 0B        		.uleb128 0xb
 1237 0059 0B        		.uleb128 0xb
 1238 005a 3A        		.uleb128 0x3a
 1239 005b 0B        		.uleb128 0xb
 1240 005c 3B        		.uleb128 0x3b
 1241 005d 0B        		.uleb128 0xb
 1242 005e 39        		.uleb128 0x39
 1243 005f 0B        		.uleb128 0xb
 1244 0060 01        		.uleb128 0x1
 1245 0061 13        		.uleb128 0x13
 1246 0062 00        		.byte	0
 1247 0063 00        		.byte	0
 1248 0064 09        		.uleb128 0x9
 1249 0065 0D        		.uleb128 0xd
 1250 0066 00        		.byte	0
 1251 0067 03        		.uleb128 0x3
 1252 0068 0E        		.uleb128 0xe
 1253 0069 3A        		.uleb128 0x3a
 1254 006a 0B        		.uleb128 0xb
 1255 006b 3B        		.uleb128 0x3b
 1256 006c 0B        		.uleb128 0xb
 1257 006d 39        		.uleb128 0x39
 1258 006e 0B        		.uleb128 0xb
 1259 006f 49        		.uleb128 0x49
 1260 0070 13        		.uleb128 0x13
 1261 0071 38        		.uleb128 0x38
 1262 0072 0A        		.uleb128 0xa
 1263 0073 00        		.byte	0
 1264 0074 00        		.byte	0
 1265 0075 0A        		.uleb128 0xa
 1266 0076 01        		.uleb128 0x1
 1267 0077 01        		.byte	0x1
 1268 0078 49        		.uleb128 0x49
 1269 0079 13        		.uleb128 0x13
 1270 007a 01        		.uleb128 0x1
 1271 007b 13        		.uleb128 0x13
 1272 007c 00        		.byte	0
 1273 007d 00        		.byte	0
 1274 007e 0B        		.uleb128 0xb
 1275 007f 21        		.uleb128 0x21
 1276 0080 00        		.byte	0
 1277 0081 49        		.uleb128 0x49
 1278 0082 13        		.uleb128 0x13
 1279 0083 2F        		.uleb128 0x2f
 1280 0084 0B        		.uleb128 0xb
 1281 0085 00        		.byte	0
 1282 0086 00        		.byte	0
 1283 0087 0C        		.uleb128 0xc
 1284 0088 17        		.uleb128 0x17
 1285 0089 01        		.byte	0x1
 1286 008a 0B        		.uleb128 0xb
 1287 008b 0B        		.uleb128 0xb
 1288 008c 3A        		.uleb128 0x3a
 1289 008d 0B        		.uleb128 0xb
 1290 008e 3B        		.uleb128 0x3b
 1291 008f 0B        		.uleb128 0xb
 1292 0090 39        		.uleb128 0x39
 1293 0091 0B        		.uleb128 0xb
 1294 0092 01        		.uleb128 0x1
 1295 0093 13        		.uleb128 0x13
 1296 0094 00        		.byte	0
 1297 0095 00        		.byte	0
 1298 0096 0D        		.uleb128 0xd
 1299 0097 0D        		.uleb128 0xd
 1300 0098 00        		.byte	0
 1301 0099 03        		.uleb128 0x3
 1302 009a 08        		.uleb128 0x8
 1303 009b 3A        		.uleb128 0x3a
 1304 009c 0B        		.uleb128 0xb
 1305 009d 3B        		.uleb128 0x3b
 1306 009e 0B        		.uleb128 0xb
 1307 009f 39        		.uleb128 0x39
 1308 00a0 0B        		.uleb128 0xb
 1309 00a1 49        		.uleb128 0x49
 1310 00a2 13        		.uleb128 0x13
 1311 00a3 00        		.byte	0
 1312 00a4 00        		.byte	0
 1313 00a5 0E        		.uleb128 0xe
 1314 00a6 0D        		.uleb128 0xd
 1315 00a7 00        		.byte	0
 1316 00a8 49        		.uleb128 0x49
 1317 00a9 13        		.uleb128 0x13
 1318 00aa 00        		.byte	0
 1319 00ab 00        		.byte	0
 1320 00ac 0F        		.uleb128 0xf
 1321 00ad 0F        		.uleb128 0xf
 1322 00ae 00        		.byte	0
 1323 00af 0B        		.uleb128 0xb
 1324 00b0 0B        		.uleb128 0xb
 1325 00b1 49        		.uleb128 0x49
 1326 00b2 13        		.uleb128 0x13
 1327 00b3 00        		.byte	0
 1328 00b4 00        		.byte	0
 1329 00b5 10        		.uleb128 0x10
 1330 00b6 0D        		.uleb128 0xd
 1331 00b7 00        		.byte	0
 1332 00b8 03        		.uleb128 0x3
 1333 00b9 0E        		.uleb128 0xe
 1334 00ba 3A        		.uleb128 0x3a
 1335 00bb 0B        		.uleb128 0xb
 1336 00bc 3B        		.uleb128 0x3b
 1337 00bd 0B        		.uleb128 0xb
 1338 00be 39        		.uleb128 0x39
 1339 00bf 0B        		.uleb128 0xb
 1340 00c0 49        		.uleb128 0x49
 1341 00c1 13        		.uleb128 0x13
 1342 00c2 0B        		.uleb128 0xb
 1343 00c3 0B        		.uleb128 0xb
 1344 00c4 0D        		.uleb128 0xd
 1345 00c5 0B        		.uleb128 0xb
 1346 00c6 0C        		.uleb128 0xc
 1347 00c7 0B        		.uleb128 0xb
 1348 00c8 38        		.uleb128 0x38
 1349 00c9 0A        		.uleb128 0xa
 1350 00ca 00        		.byte	0
 1351 00cb 00        		.byte	0
 1352 00cc 11        		.uleb128 0x11
 1353 00cd 04        		.uleb128 0x4
 1354 00ce 01        		.byte	0x1
 1355 00cf 3E        		.uleb128 0x3e
 1356 00d0 0B        		.uleb128 0xb
 1357 00d1 0B        		.uleb128 0xb
 1358 00d2 0B        		.uleb128 0xb
 1359 00d3 49        		.uleb128 0x49
 1360 00d4 13        		.uleb128 0x13
 1361 00d5 3A        		.uleb128 0x3a
 1362 00d6 0B        		.uleb128 0xb
 1363 00d7 3B        		.uleb128 0x3b
 1364 00d8 0B        		.uleb128 0xb
 1365 00d9 39        		.uleb128 0x39
 1366 00da 0B        		.uleb128 0xb
 1367 00db 01        		.uleb128 0x1
 1368 00dc 13        		.uleb128 0x13
 1369 00dd 00        		.byte	0
 1370 00de 00        		.byte	0
 1371 00df 12        		.uleb128 0x12
 1372 00e0 28        		.uleb128 0x28
 1373 00e1 00        		.byte	0
 1374 00e2 03        		.uleb128 0x3
 1375 00e3 0E        		.uleb128 0xe
 1376 00e4 1C        		.uleb128 0x1c
 1377 00e5 0B        		.uleb128 0xb
 1378 00e6 00        		.byte	0
 1379 00e7 00        		.byte	0
 1380 00e8 13        		.uleb128 0x13
 1381 00e9 04        		.uleb128 0x4
 1382 00ea 01        		.byte	0x1
 1383 00eb 03        		.uleb128 0x3
 1384 00ec 0E        		.uleb128 0xe
 1385 00ed 3E        		.uleb128 0x3e
 1386 00ee 0B        		.uleb128 0xb
 1387 00ef 0B        		.uleb128 0xb
 1388 00f0 0B        		.uleb128 0xb
 1389 00f1 49        		.uleb128 0x49
 1390 00f2 13        		.uleb128 0x13
 1391 00f3 3A        		.uleb128 0x3a
 1392 00f4 0B        		.uleb128 0xb
 1393 00f5 3B        		.uleb128 0x3b
 1394 00f6 0B        		.uleb128 0xb
 1395 00f7 39        		.uleb128 0x39
 1396 00f8 0B        		.uleb128 0xb
 1397 00f9 01        		.uleb128 0x1
 1398 00fa 13        		.uleb128 0x13
 1399 00fb 00        		.byte	0
 1400 00fc 00        		.byte	0
 1401 00fd 14        		.uleb128 0x14
 1402 00fe 21        		.uleb128 0x21
 1403 00ff 00        		.byte	0
 1404 0100 00        		.byte	0
 1405 0101 00        		.byte	0
 1406 0102 15        		.uleb128 0x15
 1407 0103 0D        		.uleb128 0xd
 1408 0104 00        		.byte	0
 1409 0105 03        		.uleb128 0x3
 1410 0106 08        		.uleb128 0x8
 1411 0107 3A        		.uleb128 0x3a
 1412 0108 0B        		.uleb128 0xb
 1413 0109 3B        		.uleb128 0x3b
 1414 010a 0B        		.uleb128 0xb
 1415 010b 39        		.uleb128 0x39
 1416 010c 0B        		.uleb128 0xb
 1417 010d 49        		.uleb128 0x49
 1418 010e 13        		.uleb128 0x13
 1419 010f 38        		.uleb128 0x38
 1420 0110 0A        		.uleb128 0xa
 1421 0111 00        		.byte	0
 1422 0112 00        		.byte	0
 1423 0113 16        		.uleb128 0x16
 1424 0114 16        		.uleb128 0x16
 1425 0115 00        		.byte	0
 1426 0116 03        		.uleb128 0x3
 1427 0117 08        		.uleb128 0x8
 1428 0118 3A        		.uleb128 0x3a
 1429 0119 0B        		.uleb128 0xb
 1430 011a 3B        		.uleb128 0x3b
 1431 011b 0B        		.uleb128 0xb
 1432 011c 39        		.uleb128 0x39
 1433 011d 0B        		.uleb128 0xb
 1434 011e 49        		.uleb128 0x49
 1435 011f 13        		.uleb128 0x13
 1436 0120 00        		.byte	0
 1437 0121 00        		.byte	0
 1438 0122 17        		.uleb128 0x17
 1439 0123 34        		.uleb128 0x34
 1440 0124 00        		.byte	0
 1441 0125 03        		.uleb128 0x3
 1442 0126 08        		.uleb128 0x8
 1443 0127 3A        		.uleb128 0x3a
 1444 0128 0B        		.uleb128 0xb
 1445 0129 3B        		.uleb128 0x3b
 1446 012a 0B        		.uleb128 0xb
 1447 012b 39        		.uleb128 0x39
 1448 012c 0B        		.uleb128 0xb
 1449 012d 49        		.uleb128 0x49
 1450 012e 13        		.uleb128 0x13
 1451 012f 3F        		.uleb128 0x3f
 1452 0130 0C        		.uleb128 0xc
 1453 0131 3C        		.uleb128 0x3c
 1454 0132 0C        		.uleb128 0xc
 1455 0133 00        		.byte	0
 1456 0134 00        		.byte	0
 1457 0135 18        		.uleb128 0x18
 1458 0136 13        		.uleb128 0x13
 1459 0137 01        		.byte	0x1
 1460 0138 03        		.uleb128 0x3
 1461 0139 0E        		.uleb128 0xe
 1462 013a 0B        		.uleb128 0xb
 1463 013b 0B        		.uleb128 0xb
 1464 013c 3A        		.uleb128 0x3a
 1465 013d 0B        		.uleb128 0xb
 1466 013e 3B        		.uleb128 0x3b
 1467 013f 05        		.uleb128 0x5
 1468 0140 39        		.uleb128 0x39
 1469 0141 0B        		.uleb128 0xb
 1470 0142 01        		.uleb128 0x1
 1471 0143 13        		.uleb128 0x13
 1472 0144 00        		.byte	0
 1473 0145 00        		.byte	0
 1474 0146 19        		.uleb128 0x19
 1475 0147 0D        		.uleb128 0xd
 1476 0148 00        		.byte	0
 1477 0149 03        		.uleb128 0x3
 1478 014a 0E        		.uleb128 0xe
 1479 014b 3A        		.uleb128 0x3a
 1480 014c 0B        		.uleb128 0xb
 1481 014d 3B        		.uleb128 0x3b
 1482 014e 05        		.uleb128 0x5
 1483 014f 39        		.uleb128 0x39
 1484 0150 0B        		.uleb128 0xb
 1485 0151 49        		.uleb128 0x49
 1486 0152 13        		.uleb128 0x13
 1487 0153 38        		.uleb128 0x38
 1488 0154 0A        		.uleb128 0xa
 1489 0155 00        		.byte	0
 1490 0156 00        		.byte	0
 1491 0157 1A        		.uleb128 0x1a
 1492 0158 16        		.uleb128 0x16
 1493 0159 00        		.byte	0
 1494 015a 03        		.uleb128 0x3
 1495 015b 0E        		.uleb128 0xe
 1496 015c 3A        		.uleb128 0x3a
 1497 015d 0B        		.uleb128 0xb
 1498 015e 3B        		.uleb128 0x3b
 1499 015f 05        		.uleb128 0x5
 1500 0160 39        		.uleb128 0x39
 1501 0161 0B        		.uleb128 0xb
 1502 0162 49        		.uleb128 0x49
 1503 0163 13        		.uleb128 0x13
 1504 0164 00        		.byte	0
 1505 0165 00        		.byte	0
 1506 0166 1B        		.uleb128 0x1b
 1507 0167 34        		.uleb128 0x34
 1508 0168 00        		.byte	0
 1509 0169 03        		.uleb128 0x3
 1510 016a 0E        		.uleb128 0xe
 1511 016b 3A        		.uleb128 0x3a
 1512 016c 0B        		.uleb128 0xb
 1513 016d 3B        		.uleb128 0x3b
 1514 016e 05        		.uleb128 0x5
 1515 016f 39        		.uleb128 0x39
 1516 0170 0B        		.uleb128 0xb
 1517 0171 49        		.uleb128 0x49
 1518 0172 13        		.uleb128 0x13
 1519 0173 3F        		.uleb128 0x3f
 1520 0174 0C        		.uleb128 0xc
 1521 0175 3C        		.uleb128 0x3c
 1522 0176 0C        		.uleb128 0xc
 1523 0177 00        		.byte	0
 1524 0178 00        		.byte	0
 1525 0179 1C        		.uleb128 0x1c
 1526 017a 17        		.uleb128 0x17
 1527 017b 01        		.byte	0x1
 1528 017c 0B        		.uleb128 0xb
 1529 017d 0B        		.uleb128 0xb
 1530 017e 3A        		.uleb128 0x3a
 1531 017f 0B        		.uleb128 0xb
 1532 0180 3B        		.uleb128 0x3b
 1533 0181 05        		.uleb128 0x5
 1534 0182 39        		.uleb128 0x39
 1535 0183 0B        		.uleb128 0xb
 1536 0184 01        		.uleb128 0x1
 1537 0185 13        		.uleb128 0x13
 1538 0186 00        		.byte	0
 1539 0187 00        		.byte	0
 1540 0188 1D        		.uleb128 0x1d
 1541 0189 0D        		.uleb128 0xd
 1542 018a 00        		.byte	0
 1543 018b 03        		.uleb128 0x3
 1544 018c 0E        		.uleb128 0xe
 1545 018d 3A        		.uleb128 0x3a
 1546 018e 0B        		.uleb128 0xb
 1547 018f 3B        		.uleb128 0x3b
 1548 0190 05        		.uleb128 0x5
 1549 0191 39        		.uleb128 0x39
 1550 0192 0B        		.uleb128 0xb
 1551 0193 49        		.uleb128 0x49
 1552 0194 13        		.uleb128 0x13
 1553 0195 00        		.byte	0
 1554 0196 00        		.byte	0
 1555 0197 1E        		.uleb128 0x1e
 1556 0198 0D        		.uleb128 0xd
 1557 0199 00        		.byte	0
 1558 019a 03        		.uleb128 0x3
 1559 019b 08        		.uleb128 0x8
 1560 019c 3A        		.uleb128 0x3a
 1561 019d 0B        		.uleb128 0xb
 1562 019e 3B        		.uleb128 0x3b
 1563 019f 05        		.uleb128 0x5
 1564 01a0 39        		.uleb128 0x39
 1565 01a1 0B        		.uleb128 0xb
 1566 01a2 49        		.uleb128 0x49
 1567 01a3 13        		.uleb128 0x13
 1568 01a4 00        		.byte	0
 1569 01a5 00        		.byte	0
 1570 01a6 1F        		.uleb128 0x1f
 1571 01a7 0D        		.uleb128 0xd
 1572 01a8 00        		.byte	0
 1573 01a9 49        		.uleb128 0x49
 1574 01aa 13        		.uleb128 0x13
 1575 01ab 38        		.uleb128 0x38
 1576 01ac 0A        		.uleb128 0xa
 1577 01ad 00        		.byte	0
 1578 01ae 00        		.byte	0
 1579 01af 00        		.byte	0
 1580               		.section	.gnu.debuglto_.debug_line,"",@progbits
 1581               	.Ldebug_line0:
 1582 0000 7701 0000 		.long	.LELT0-.LSLT0
 1583               	.LSLT0:
 1584 0004 0200      		.word	0x2
 1585 0006 7101 0000 		.long	.LELTP0-.LASLTP0
 1586               	.LASLTP0:
 1587 000a 01        		.byte	0x1
 1588 000b 01        		.byte	0x1
 1589 000c F6        		.byte	0xf6
 1590 000d F2        		.byte	0xf2
 1591 000e 0D        		.byte	0xd
 1592 000f 00        		.byte	0
 1593 0010 01        		.byte	0x1
 1594 0011 01        		.byte	0x1
 1595 0012 01        		.byte	0x1
 1596 0013 01        		.byte	0x1
 1597 0014 00        		.byte	0
 1598 0015 00        		.byte	0
 1599 0016 00        		.byte	0
 1600 0017 01        		.byte	0x1
 1601 0018 00        		.byte	0
 1602 0019 00        		.byte	0
 1603 001a 01        		.byte	0x1
 1604 001b 653A 5C67 		.ascii	"e:\\game\\msys2\\mingw64\\avr\\include"
 1604      616D 655C 
 1604      6D73 7973 
 1604      325C 6D69 
 1604      6E67 7736 
 1605 003c 00        		.byte	0
 1606 003d 653A 5C67 		.ascii	"e:\\game\\msys2\\mingw64\\lib\\gcc\\avr\\8.4.0\\include"
 1606      616D 655C 
 1606      6D73 7973 
 1606      325C 6D69 
 1606      6E67 7736 
 1607 006c 00        		.byte	0
 1608 006d 746D 6B5F 		.ascii	"tmk_core/common"
 1608      636F 7265 
 1608      2F63 6F6D 
 1608      6D6F 6E
 1609 007c 00        		.byte	0
 1610 007d 7175 616E 		.ascii	"quantum"
 1610      7475 6D
 1611 0084 00        		.byte	0
 1612 0085 7175 616E 		.ascii	"quantum/sequencer"
 1612      7475 6D2F 
 1612      7365 7175 
 1612      656E 6365 
 1612      72
 1613 0096 00        		.byte	0
 1614 0097 00        		.byte	0
 1615 0098 7374 6469 		.string	"stdint.h"
 1615      6E74 2E68 
 1615      00
 1616 00a1 01        		.uleb128 0x1
 1617 00a2 00        		.uleb128 0
 1618 00a3 00        		.uleb128 0
 1619 00a4 7374 6464 		.string	"stddef.h"
 1619      6566 2E68 
 1619      00
 1620 00ad 02        		.uleb128 0x2
 1621 00ae 00        		.uleb128 0
 1622 00af 00        		.uleb128 0
 1623 00b0 7265 706F 		.string	"report.h"
 1623      7274 2E68 
 1623      00
 1624 00b9 03        		.uleb128 0x3
 1625 00ba 00        		.uleb128 0
 1626 00bb 00        		.uleb128 0
 1627 00bc 6163 7469 		.string	"action.h"
 1627      6F6E 2E68 
 1627      00
 1628 00c5 03        		.uleb128 0x3
 1629 00c6 00        		.uleb128 0
 1630 00c7 00        		.uleb128 0
 1631 00c8 686F 7374 		.string	"host.h"
 1631      2E68 00
 1632 00cf 03        		.uleb128 0x3
 1633 00d0 00        		.uleb128 0
 1634 00d1 00        		.uleb128 0
 1635 00d2 6465 6275 		.string	"debug.h"
 1635      672E 6800 
 1636 00da 03        		.uleb128 0x3
 1637 00db 00        		.uleb128 0
 1638 00dc 00        		.uleb128 0
 1639 00dd 6B65 7963 		.string	"keycode_config.h"
 1639      6F64 655F 
 1639      636F 6E66 
 1639      6967 2E68 
 1639      00
 1640 00ee 04        		.uleb128 0x4
 1641 00ef 00        		.uleb128 0
 1642 00f0 00        		.uleb128 0
 1643 00f1 7469 6D65 		.string	"timer.h"
 1643      722E 6800 
 1644 00f9 03        		.uleb128 0x3
 1645 00fa 00        		.uleb128 0
 1646 00fb 00        		.uleb128 0
 1647 00fc 7365 7175 		.string	"sequencer/sequencer.h"
 1647      656E 6365 
 1647      722F 7365 
 1647      7175 656E 
 1647      6365 722E 
 1648 0112 04        		.uleb128 0x4
 1649 0113 00        		.uleb128 0
 1650 0114 00        		.uleb128 0
 1651 0115 6B65 796D 		.string	"keymap.h"
 1651      6170 2E68 
 1651      00
 1652 011e 04        		.uleb128 0x4
 1653 011f 00        		.uleb128 0
 1654 0120 00        		.uleb128 0
 1655 0121 636F 6C6F 		.string	"color.h"
 1655      722E 6800 
 1656 0129 04        		.uleb128 0x4
 1657 012a 00        		.uleb128 0
 1658 012b 00        		.uleb128 0
 1659 012c 7267 626C 		.string	"rgblight.h"
 1659      6967 6874 
 1659      2E68 00
 1660 0137 04        		.uleb128 0x4
 1661 0138 00        		.uleb128 0
 1662 0139 00        		.uleb128 0
 1663 013a 6163 7469 		.string	"action_layer.h"
 1663      6F6E 5F6C 
 1663      6179 6572 
 1663      2E68 00
 1664 0149 03        		.uleb128 0x3
 1665 014a 00        		.uleb128 0
 1666 014b 00        		.uleb128 0
 1667 014c 6163 7469 		.string	"action_util.h"
 1667      6F6E 5F75 
 1667      7469 6C2E 
 1667      6800 
 1668 015a 03        		.uleb128 0x3
 1669 015b 00        		.uleb128 0
 1670 015c 00        		.uleb128 0
 1671 015d 7365 6E64 		.string	"send_string.h"
 1671      5F73 7472 
 1671      696E 672E 
 1671      6800 
 1672 016b 04        		.uleb128 0x4
 1673 016c 00        		.uleb128 0
 1674 016d 00        		.uleb128 0
 1675 016e 7374 646C 		.string	"stdlib.h"
 1675      6962 2E68 
 1675      00
 1676 0177 01        		.uleb128 0x1
 1677 0178 00        		.uleb128 0
 1678 0179 00        		.uleb128 0
 1679 017a 00        		.byte	0
 1680               	.LELTP0:
 1681               	.LELT0:
 1682               		.section	.gnu.debuglto_.debug_str,"MS",@progbits,1
 1683               	.LASF60:
 1684 0000 7365 7175 		.string	"sequencer_phase_t"
 1684      656E 6365 
 1684      725F 7068 
 1684      6173 655F 
 1684      7400 
 1685               	.LASF77:
 1686 0012 5247 424C 		.string	"RGBLED_RGBTEST_INTERVALS"
 1686      4544 5F52 
 1686      4742 5445 
 1686      5354 5F49 
 1686      4E54 4552 
 1687               	.LASF20:
 1688 002b 656E 6162 		.string	"enable"
 1688      6C65 00
 1689               	.LASF71:
 1690 0032 6352 4742 		.string	"cRGB"
 1690      00
 1691               	.LASF80:
 1692 0037 636C 6970 		.string	"clipping_start_pos"
 1692      7069 6E67 
 1692      5F73 7461 
 1692      7274 5F70 
 1692      6F73 00
 1693               	.LASF0:
 1694 004a 696E 7438 		.string	"int8_t"
 1694      5F74 00
 1695               	.LASF87:
 1696 0051 706F 7331 		.string	"pos16"
 1696      3600 
 1697               	.LASF73:
 1698 0057 5247 424C 		.string	"RGBLED_RAINBOW_MOOD_INTERVALS"
 1698      4544 5F52 
 1698      4149 4E42 
 1698      4F57 5F4D 
 1698      4F4F 445F 
 1699               	.LASF96:
 1700 0075 616E 696D 		.string	"animation_status"
 1700      6174 696F 
 1700      6E5F 7374 
 1700      6174 7573 
 1700      00
 1701               	.LASF11:
 1702 0086 7369 7A65 		.string	"size_t"
 1702      5F74 00
 1703               	.LASF72:
 1704 008d 5247 424C 		.string	"RGBLED_BREATHING_INTERVALS"
 1704      4544 5F42 
 1704      5245 4154 
 1704      4849 4E47 
 1704      5F49 4E54 
 1705               	.LASF81:
 1706 00a8 636C 6970 		.string	"clipping_num_leds"
 1706      7069 6E67 
 1706      5F6E 756D 
 1706      5F6C 6564 
 1706      7300 
 1707               	.LASF106:
 1708 00ba 5F5F 6D61 		.string	"__malloc_heap_start"
 1708      6C6C 6F63 
 1708      5F68 6561 
 1708      705F 7374 
 1708      6172 7400 
 1709               	.LASF91:
 1710 00ce 5F61 6E69 		.string	"_animation_status_t"
 1710      6D61 7469 
 1710      6F6E 5F73 
 1710      7461 7475 
 1710      735F 7400 
 1711               	.LASF54:
 1712 00e2 7465 6D70 		.string	"tempo"
 1712      6F00 
 1713               	.LASF92:
 1714 00e8 6C61 7374 		.string	"last_timer"
 1714      5F74 696D 
 1714      6572 00
 1715               	.LASF93:
 1716 00f3 6465 6C74 		.string	"delta"
 1716      6100 
 1717               	.LASF65:
 1718 00f9 7068 6173 		.string	"phase"
 1718      6500 
 1719               	.LASF9:
 1720 00ff 6C6F 6E67 		.string	"long long int"
 1720      206C 6F6E 
 1720      6720 696E 
 1720      7400 
 1721               	.LASF24:
 1722 010d 6465 6275 		.string	"debug_config_t"
 1722      675F 636F 
 1722      6E66 6967 
 1722      5F74 00
 1723               	.LASF36:
 1724 011c 6F6E 6573 		.string	"oneshot_disable"
 1724      686F 745F 
 1724      6469 7361 
 1724      626C 6500 
 1725               	.LASF97:
 1726 012c 6C61 7965 		.string	"layer_state_t"
 1726      725F 7374 
 1726      6174 655F 
 1726      7400 
 1727               	.LASF39:
 1728 013a 7469 6D65 		.string	"timer_count"
 1728      725F 636F 
 1728      756E 7400 
 1729               	.LASF105:
 1730 0146 5F5F 6D61 		.string	"__malloc_margin"
 1730      6C6C 6F63 
 1730      5F6D 6172 
 1730      6769 6E00 
 1731               	.LASF74:
 1732 0156 5247 424C 		.string	"RGBLED_RAINBOW_SWIRL_INTERVALS"
 1732      4544 5F52 
 1732      4149 4E42 
 1732      4F57 5F53 
 1732      5749 524C 
 1733               	.LASF94:
 1734 0175 7265 7374 		.string	"restart"
 1734      6172 7400 
 1735               	.LASF109:
 1736 017d 474E 5520 		.string	"GNU C99 8.4.0 -mn-flash=1 -mno-skip-bug -mmcu=avr5 -gdwarf-2 -Os -std=gnu99 -funsigned-ch
 1736      4339 3920 
 1736      382E 342E 
 1736      3020 2D6D 
 1736      6E2D 666C 
 1737               	.LASF1:
 1738 026e 7569 6E74 		.string	"uint8_t"
 1738      385F 7400 
 1739               	.LASF110:
 1740 0276 6B65 7962 		.string	"keyboards/ym68/ym68.c"
 1740      6F61 7264 
 1740      732F 796D 
 1740      3638 2F79 
 1740      6D36 382E 
 1741               	.LASF64:
 1742 028c 7469 6D65 		.string	"timer"
 1742      7200 
 1743               	.LASF16:
 1744 0292 7265 706F 		.string	"report_keyboard_t"
 1744      7274 5F6B 
 1744      6579 626F 
 1744      6172 645F 
 1744      7400 
 1745               	.LASF37:
 1746 02a4 6B65 796D 		.string	"keymap_config_t"
 1746      6170 5F63 
 1746      6F6E 6669 
 1746      675F 7400 
 1747               	.LASF61:
 1748 02b4 6163 7469 		.string	"active_tracks"
 1748      7665 5F74 
 1748      7261 636B 
 1748      7300 
 1749               	.LASF84:
 1750 02c2 6566 6665 		.string	"effect_num_leds"
 1750      6374 5F6E 
 1750      756D 5F6C 
 1750      6564 7300 
 1751               	.LASF83:
 1752 02d2 6566 6665 		.string	"effect_end_pos"
 1752      6374 5F65 
 1752      6E64 5F70 
 1752      6F73 00
 1753               	.LASF88:
 1754 02e1 6375 7272 		.string	"current_hue"
 1754      656E 745F 
 1754      6875 6500 
 1755               	.LASF49:
 1756 02ed 5345 5155 		.string	"SEQUENCER_RESOLUTIONS"
 1756      454E 4345 
 1756      525F 5245 
 1756      534F 4C55 
 1756      5449 4F4E 
 1757               	.LASF28:
 1758 0303 7377 6170 		.string	"swap_lalt_lgui"
 1758      5F6C 616C 
 1758      745F 6C67 
 1758      7569 00
 1759               	.LASF67:
 1760 0312 7365 7175 		.string	"sequencer_config"
 1760      656E 6365 
 1760      725F 636F 
 1760      6E66 6967 
 1760      00
 1761               	.LASF32:
 1762 0323 7377 6170 		.string	"swap_backslash_backspace"
 1762      5F62 6163 
 1762      6B73 6C61 
 1762      7368 5F62 
 1762      6163 6B73 
 1763               	.LASF41:
 1764 033c 5351 5F52 		.string	"SQ_RES_2T"
 1764      4553 5F32 
 1764      5400 
 1765               	.LASF75:
 1766 0346 5247 424C 		.string	"RGBLED_SNAKE_INTERVALS"
 1766      4544 5F53 
 1766      4E41 4B45 
 1766      5F49 4E54 
 1766      4552 5641 
 1767               	.LASF58:
 1768 035d 5345 5155 		.string	"SEQUENCER_PHASE_RELEASE"
 1768      454E 4345 
 1768      525F 5048 
 1768      4153 455F 
 1768      5245 4C45 
 1769               	.LASF111:
 1770 0375 443A 5C44 		.string	"D:\\Download\\vial-qmk"
 1770      6F77 6E6C 
 1770      6F61 645C 
 1770      7669 616C 
 1770      2D71 6D6B 
 1771               	.LASF6:
 1772 038a 6C6F 6E67 		.string	"long int"
 1772      2069 6E74 
 1772      00
 1773               	.LASF62:
 1774 0393 6375 7272 		.string	"current_track"
 1774      656E 745F 
 1774      7472 6163 
 1774      6B00 
 1775               	.LASF31:
 1776 03a1 7377 6170 		.string	"swap_grave_esc"
 1776      5F67 7261 
 1776      7665 5F65 
 1776      7363 00
 1777               	.LASF57:
 1778 03b0 5345 5155 		.string	"SEQUENCER_PHASE_ATTACK"
 1778      454E 4345 
 1778      525F 5048 
 1778      4153 455F 
 1778      4154 5441 
 1779               	.LASF82:
 1780 03c7 6566 6665 		.string	"effect_start_pos"
 1780      6374 5F73 
 1780      7461 7274 
 1780      5F70 6F73 
 1780      00
 1781               	.LASF27:
 1782 03d8 6361 7073 		.string	"capslock_to_control"
 1782      6C6F 636B 
 1782      5F74 6F5F 
 1782      636F 6E74 
 1782      726F 6C00 
 1783               	.LASF47:
 1784 03ec 5351 5F52 		.string	"SQ_RES_16T"
 1784      4553 5F31 
 1784      3654 00
 1785               	.LASF48:
 1786 03f7 5351 5F52 		.string	"SQ_RES_32"
 1786      4553 5F33 
 1786      3200 
 1787               	.LASF63:
 1788 0401 6375 7272 		.string	"current_step"
 1788      656E 745F 
 1788      7374 6570 
 1788      00
 1789               	.LASF50:
 1790 040e 7365 7175 		.string	"sequencer_resolution_t"
 1790      656E 6365 
 1790      725F 7265 
 1790      736F 6C75 
 1790      7469 6F6E 
 1791               	.LASF15:
 1792 0425 6B65 7973 		.string	"keys"
 1792      00
 1793               	.LASF3:
 1794 042a 756E 7369 		.string	"unsigned char"
 1794      676E 6564 
 1794      2063 6861 
 1794      7200 
 1795               	.LASF90:
 1796 0438 5F72 6762 		.string	"_rgblight_ranges_t"
 1796      6C69 6768 
 1796      745F 7261 
 1796      6E67 6573 
 1796      5F74 00
 1797               	.LASF18:
 1798 044b 6B65 7962 		.string	"keyboard_idle"
 1798      6F61 7264 
 1798      5F69 646C 
 1798      6500 
 1799               	.LASF52:
 1800 0459 7374 6570 		.string	"steps"
 1800      7300 
 1801               	.LASF2:
 1802 045f 7369 676E 		.string	"signed char"
 1802      6564 2063 
 1802      6861 7200 
 1803               	.LASF10:
 1804 046b 6C6F 6E67 		.string	"long long unsigned int"
 1804      206C 6F6E 
 1804      6720 756E 
 1804      7369 676E 
 1804      6564 2069 
 1805               	.LASF7:
 1806 0482 7569 6E74 		.string	"uint32_t"
 1806      3332 5F74 
 1806      00
 1807               	.LASF85:
 1808 048b 7267 626C 		.string	"rgblight_ranges_t"
 1808      6967 6874 
 1808      5F72 616E 
 1808      6765 735F 
 1808      7400 
 1809               	.LASF5:
 1810 049d 756E 7369 		.string	"unsigned int"
 1810      676E 6564 
 1810      2069 6E74 
 1810      00
 1811               	.LASF4:
 1812 04aa 7569 6E74 		.string	"uint16_t"
 1812      3136 5F74 
 1812      00
 1813               	.LASF68:
 1814 04b3 7365 7175 		.string	"sequencer_internal_state"
 1814      656E 6365 
 1814      725F 696E 
 1814      7465 726E 
 1814      616C 5F73 
 1815               	.LASF40:
 1816 04cc 5351 5F52 		.string	"SQ_RES_2"
 1816      4553 5F32 
 1816      00
 1817               	.LASF23:
 1818 04d5 6D6F 7573 		.string	"mouse"
 1818      6500 
 1819               	.LASF42:
 1820 04db 5351 5F52 		.string	"SQ_RES_4"
 1820      4553 5F34 
 1820      00
 1821               	.LASF95:
 1822 04e4 616E 696D 		.string	"animation_status_t"
 1822      6174 696F 
 1822      6E5F 7374 
 1822      6174 7573 
 1822      5F74 00
 1823               	.LASF44:
 1824 04f7 5351 5F52 		.string	"SQ_RES_8"
 1824      4553 5F38 
 1824      00
 1825               	.LASF70:
 1826 0500 666E 5F61 		.string	"fn_actions"
 1826      6374 696F 
 1826      6E73 00
 1827               	.LASF98:
 1828 050b 6465 6661 		.string	"default_layer_state"
 1828      756C 745F 
 1828      6C61 7965 
 1828      725F 7374 
 1828      6174 6500 
 1829               	.LASF107:
 1830 051f 6368 6172 		.string	"char"
 1830      00
 1831               	.LASF19:
 1832 0524 6B65 7962 		.string	"keyboard_protocol"
 1832      6F61 7264 
 1832      5F70 726F 
 1832      746F 636F 
 1832      6C00 
 1833               	.LASF22:
 1834 0536 6B65 7962 		.string	"keyboard"
 1834      6F61 7264 
 1834      00
 1835               	.LASF103:
 1836 053f 6173 6369 		.string	"ascii_to_dead_lut"
 1836      695F 746F 
 1836      5F64 6561 
 1836      645F 6C75 
 1836      7400 
 1837               	.LASF35:
 1838 0551 7377 6170 		.string	"swap_rctl_rgui"
 1838      5F72 6374 
 1838      6C5F 7267 
 1838      7569 00
 1839               	.LASF55:
 1840 0560 7265 736F 		.string	"resolution"
 1840      6C75 7469 
 1840      6F6E 00
 1841               	.LASF59:
 1842 056b 5345 5155 		.string	"SEQUENCER_PHASE_PAUSE"
 1842      454E 4345 
 1842      525F 5048 
 1842      4153 455F 
 1842      5041 5553 
 1843               	.LASF79:
 1844 0581 6973 5F72 		.string	"is_rgblight_initialized"
 1844      6762 6C69 
 1844      6768 745F 
 1844      696E 6974 
 1844      6961 6C69 
 1845               	.LASF69:
 1846 0599 6B65 796D 		.string	"keymaps"
 1846      6170 7300 
 1847               	.LASF78:
 1848 05a1 5247 424C 		.string	"RGBLED_TWINKLE_INTERVALS"
 1848      4544 5F54 
 1848      5749 4E4B 
 1848      4C45 5F49 
 1848      4E54 4552 
 1849               	.LASF12:
 1850 05ba 5F42 6F6F 		.string	"_Bool"
 1850      6C00 
 1851               	.LASF38:
 1852 05c0 6B65 796D 		.string	"keymap_config"
 1852      6170 5F63 
 1852      6F6E 6669 
 1852      6700 
 1853               	.LASF17:
 1854 05ce 6469 7361 		.string	"disable_action_cache"
 1854      626C 655F 
 1854      6163 7469 
 1854      6F6E 5F63 
 1854      6163 6865 
 1855               	.LASF8:
 1856 05e3 6C6F 6E67 		.string	"long unsigned int"
 1856      2075 6E73 
 1856      6967 6E65 
 1856      6420 696E 
 1856      7400 
 1857               	.LASF89:
 1858 05f5 6375 7272 		.string	"current_offset"
 1858      656E 745F 
 1858      6F66 6673 
 1858      6574 00
 1859               	.LASF29:
 1860 0604 7377 6170 		.string	"swap_ralt_rgui"
 1860      5F72 616C 
 1860      745F 7267 
 1860      7569 00
 1861               	.LASF101:
 1862 0613 6173 6369 		.string	"ascii_to_shift_lut"
 1862      695F 746F 
 1862      5F73 6869 
 1862      6674 5F6C 
 1862      7574 00
 1863               	.LASF13:
 1864 0626 6D6F 6473 		.string	"mods"
 1864      00
 1865               	.LASF86:
 1866 062b 7267 626C 		.string	"rgblight_ranges"
 1866      6967 6874 
 1866      5F72 616E 
 1866      6765 7300 
 1867               	.LASF66:
 1868 063b 7365 7175 		.string	"sequencer_state_t"
 1868      656E 6365 
 1868      725F 7374 
 1868      6174 655F 
 1868      7400 
 1869               	.LASF56:
 1870 064d 7365 7175 		.string	"sequencer_config_t"
 1870      656E 6365 
 1870      725F 636F 
 1870      6E66 6967 
 1870      5F74 00
 1871               	.LASF51:
 1872 0660 656E 6162 		.string	"enabled"
 1872      6C65 6400 
 1873               	.LASF108:
 1874 0668 5F5F 6D61 		.string	"__malloc_heap_end"
 1874      6C6C 6F63 
 1874      5F68 6561 
 1874      705F 656E 
 1874      6400 
 1875               	.LASF25:
 1876 067a 6465 6275 		.string	"debug_config"
 1876      675F 636F 
 1876      6E66 6967 
 1876      00
 1877               	.LASF30:
 1878 0687 6E6F 5F67 		.string	"no_gui"
 1878      7569 00
 1879               	.LASF43:
 1880 068e 5351 5F52 		.string	"SQ_RES_4T"
 1880      4553 5F34 
 1880      5400 
 1881               	.LASF26:
 1882 0698 7377 6170 		.string	"swap_control_capslock"
 1882      5F63 6F6E 
 1882      7472 6F6C 
 1882      5F63 6170 
 1882      736C 6F63 
 1883               	.LASF76:
 1884 06ae 5247 424C 		.string	"RGBLED_KNIGHT_INTERVALS"
 1884      4544 5F4B 
 1884      4E49 4748 
 1884      545F 494E 
 1884      5445 5256 
 1885               	.LASF34:
 1886 06c6 7377 6170 		.string	"swap_lctl_lgui"
 1886      5F6C 6374 
 1886      6C5F 6C67 
 1886      7569 00
 1887               	.LASF102:
 1888 06d5 6173 6369 		.string	"ascii_to_altgr_lut"
 1888      695F 746F 
 1888      5F61 6C74 
 1888      6772 5F6C 
 1888      7574 00
 1889               	.LASF104:
 1890 06e8 6173 6369 		.string	"ascii_to_keycode_lut"
 1890      695F 746F 
 1890      5F6B 6579 
 1890      636F 6465 
 1890      5F6C 7574 
 1891               	.LASF45:
 1892 06fd 5351 5F52 		.string	"SQ_RES_8T"
 1892      4553 5F38 
 1892      5400 
 1893               	.LASF33:
 1894 0707 6E6B 726F 		.string	"nkro"
 1894      00
 1895               	.LASF46:
 1896 070c 5351 5F52 		.string	"SQ_RES_16"
 1896      4553 5F31 
 1896      3600 
 1897               	.LASF100:
 1898 0716 6B65 7962 		.string	"keyboard_report"
 1898      6F61 7264 
 1898      5F72 6570 
 1898      6F72 7400 
 1899               	.LASF14:
 1900 0726 7265 7365 		.string	"reserved"
 1900      7276 6564 
 1900      00
 1901               	.LASF99:
 1902 072f 6C61 7965 		.string	"layer_state"
 1902      725F 7374 
 1902      6174 6500 
 1903               	.LASF21:
 1904 073b 6D61 7472 		.string	"matrix"
 1904      6978 00
 1905               	.LASF53:
 1906 0742 7472 6163 		.string	"track_notes"
 1906      6B5F 6E6F 
 1906      7465 7300 
 1907               		.text
 1908               		.section	.gnu.lto_.profile.e7423b52,"",@progbits
 1909 0000 789C 6367 		.string	"x\234cg`f`d"
 1909      6066 6064 
 1909      00
 1910 0009 0200      		.string	"\002"
 1911 000b 00        		.string	""
 1912 000c 6200      		.string	"b"
 1913 000e 0C        		.ascii	"\f"
 1914               		.text
 1915               		.section	.gnu.lto_.icf.e7423b52,"",@progbits
 1916 0000 789C 6367 		.string	"x\234cg`f`b@\006"
 1916      6066 6062 
 1916      4006 00
 1917 000b 00        		.string	""
 1918 000c DC00      		.string	"\334"
 1919 000e 0D        		.ascii	"\r"
 1920               		.text
 1921               		.section	.gnu.lto_.jmpfuncs.e7423b52,"",@progbits
 1922 0000 789C 6367 		.string	"x\234cg`f`b@\006"
 1922      6066 6062 
 1922      4006 00
 1923 000b 00        		.string	""
 1924 000c DC00      		.string	"\334"
 1925 000e 0D        		.ascii	"\r"
 1926               		.text
 1927               		.section	.gnu.lto_.inline.e7423b52,"",@progbits
 1928 0000 789C 6367 		.string	"x\234cg`f`b@\006"
 1928      6066 6062 
 1928      4006 00
 1929 000b 00        		.string	""
 1930 000c DC00      		.string	"\334"
 1931 000e 0D        		.ascii	"\r"
 1932               		.text
 1933               		.section	.gnu.lto_.pureconst.e7423b52,"",@progbits
 1934 0000 789C 6367 		.string	"x\234cg`f`d"
 1934      6066 6064 
 1934      00
 1935 0009 0200      		.string	"\002"
 1936 000b 00        		.string	""
 1937 000c 6200      		.string	"b"
 1938 000e 0C        		.ascii	"\f"
 1939               		.text
 1940               		.section	.gnu.lto_.symbol_nodes.e7423b52,"",@progbits
 1941 0000 789C 6367 		.string	"x\234cg`f`b"
 1941      6066 6062 
 1941      00
 1942 0009 0100      		.string	"\001"
 1943 000b 00        		.string	""
 1944 000c 7400      		.string	"t"
 1945 000e 0D        		.ascii	"\r"
 1946               		.text
 1947               		.section	.gnu.lto_.refs.e7423b52,"",@progbits
 1948 0000 789C 6367 		.string	"x\234cg`f`d"
 1948      6066 6064 
 1948      00
 1949 0009 0200      		.string	"\002"
 1950 000b 00        		.string	""
 1951 000c 6200      		.string	"b"
 1952 000e 0C        		.ascii	"\f"
 1953               		.text
 1954               		.section	.gnu.lto_.decls.e7423b52,"",@progbits
 1955 0000 789C 6367 		.string	"x\234cg`f"
 1955      6066 00
 1956 0007 0146 2056 		.string	"\001F V\001\342\377@"
 1956      01E2 FF40 
 1956      00
 1957 0010 625F 6420 		.string	"b_d "
 1957      00
 1958 0015 00        		.string	""
 1959 0016 C16A 04FE 		.ascii	"\301j\004\376"
 1960               		.text
 1961               		.section	.gnu.lto_.symtab.e7423b52,"",@progbits
 1962               		.text
 1963               		.section	.gnu.lto_.opts,"",@progbits
 1964 0000 272D 666E 		.ascii	"'-fn"
 1965 0004 6F2D 6F70 		.string	"o-openmp' '-fno-openacc' '-fno-pie' '-mn-flash=1' '-mno-skip-bug' '-mmcu=avr5' '-Os' '-We
 1965      656E 6D70 
 1965      2720 272D 
 1965      666E 6F2D 
 1965      6F70 656E 
 1966               		.text
 1967               		.comm	__gnu_lto_v1,1,1
 1968               		.comm	__gnu_lto_slim,1,1
 1969               		.ident	"GCC: (GNU) 8.4.0"
DEFINED SYMBOLS
                            *ABS*:0000000000000000 ym68.c
C:\Users\Roningo\AppData\Local\Temp\ccGFYRVc.s:2      *ABS*:000000000000003e __SP_H__
C:\Users\Roningo\AppData\Local\Temp\ccGFYRVc.s:3      *ABS*:000000000000003d __SP_L__
C:\Users\Roningo\AppData\Local\Temp\ccGFYRVc.s:4      *ABS*:000000000000003f __SREG__
C:\Users\Roningo\AppData\Local\Temp\ccGFYRVc.s:5      *ABS*:0000000000000000 __tmp_reg__
C:\Users\Roningo\AppData\Local\Temp\ccGFYRVc.s:6      *ABS*:0000000000000001 __zero_reg__
C:\Users\Roningo\AppData\Local\Temp\ccGFYRVc.s:27     .gnu.debuglto_.debug_info:0000000000000000 ym68.c.38e67c53
                            *COM*:0000000000000001 __gnu_lto_v1
                            *COM*:0000000000000001 __gnu_lto_slim

NO UNDEFINED SYMBOLS
