   1               		.file	"mini_alice.c"
   2               	__SP_H__ = 0x3e
   3               	__SP_L__ = 0x3d
   4               	__SREG__ = 0x3f
   5               	__tmp_reg__ = 0
   6               	__zero_reg__ = 1
   7               		.file 1 "e:\\game\\msys2\\mingw64\\avr\\include\\stdint.h"
   8               		.file 2 "e:\\game\\msys2\\mingw64\\lib\\gcc\\avr\\8.4.0\\include\\stddef.h"
   9               		.file 3 "lib/lufa/LUFA/Drivers/USB/Core/AVR8/../StdRequestType.h"
  10               		.file 4 "tmk_core/common/action.h"
  11               		.file 5 "lib/lufa/LUFA/Drivers/USB/Core/AVR8/../DeviceStandardReq.h"
  12               		.file 6 "lib/lufa/LUFA/Drivers/USB/Core/USBTask.h"
  13               		.file 7 "lib/lufa/LUFA/Drivers/USB/Core/HostStandardReq.h"
  14               		.file 8 "e:\\game\\msys2\\mingw64\\avr\\include\\stdio.h"
  15               		.file 9 "tmk_core/common/report.h"
  16               		.file 10 "tmk_core/common/host.h"
  17               		.file 11 "tmk_core/common/debug.h"
  18               		.file 12 "quantum/keycode_config.h"
  19               		.file 13 "tmk_core/common/timer.h"
  20               		.file 14 "quantum/sequencer/sequencer.h"
  21               		.file 15 "quantum/keymap.h"
  22               		.file 16 "tmk_core/common/action_layer.h"
  23               		.file 17 "tmk_core/common/action_util.h"
  24               		.file 18 "quantum/send_string.h"
  25               		.file 19 "e:\\game\\msys2\\mingw64\\avr\\include\\stdlib.h"
  26               		.section	.gnu.debuglto_.debug_info,"",@progbits
  27               	.Ldebug_info0:
  28               		.hidden	mini_alice.c.f69028c0
  29               		.weak	mini_alice.c.f69028c0
  30               	mini_alice.c.f69028c0:
  31 0000 9407 0000 		.long	0x794
  32 0004 0200      		.word	0x2
  33 0006 0000 0000 		.long	.Ldebug_abbrev0
  34 000a 04        		.byte	0x4
  35 000b 01        		.uleb128 0x1
  36 000c 0000 0000 		.long	.LASF104
  37 0010 0C        		.byte	0xc
  38 0011 0000 0000 		.long	.LASF105
  39 0015 0000 0000 		.long	.LASF106
  40 0019 0000 0000 		.long	.Ldebug_line0
  41 001d 02        		.uleb128 0x2
  42 001e 01        		.byte	0x1
  43 001f 06        		.byte	0x6
  44 0020 0000 0000 		.long	.LASF0
  45 0024 03        		.uleb128 0x3
  46 0025 0000 0000 		.long	.LASF2
  47 0029 01        		.byte	0x1
  48 002a 7E        		.byte	0x7e
  49 002b 16        		.byte	0x16
  50 002c 3A00 0000 		.long	0x3a
  51 0030 04        		.uleb128 0x4
  52 0031 2400 0000 		.long	0x24
  53 0035 05        		.uleb128 0x5
  54 0036 2400 0000 		.long	0x24
  55 003a 02        		.uleb128 0x2
  56 003b 01        		.byte	0x1
  57 003c 08        		.byte	0x8
  58 003d 0000 0000 		.long	.LASF1
  59 0041 06        		.uleb128 0x6
  60 0042 02        		.byte	0x2
  61 0043 05        		.byte	0x5
  62 0044 696E 7400 		.string	"int"
  63 0048 03        		.uleb128 0x3
  64 0049 0000 0000 		.long	.LASF3
  65 004d 01        		.byte	0x1
  66 004e 80        		.byte	0x80
  67 004f 16        		.byte	0x16
  68 0050 5900 0000 		.long	0x59
  69 0054 05        		.uleb128 0x5
  70 0055 4800 0000 		.long	0x48
  71 0059 02        		.uleb128 0x2
  72 005a 02        		.byte	0x2
  73 005b 07        		.byte	0x7
  74 005c 0000 0000 		.long	.LASF4
  75 0060 02        		.uleb128 0x2
  76 0061 04        		.byte	0x4
  77 0062 05        		.byte	0x5
  78 0063 0000 0000 		.long	.LASF5
  79 0067 03        		.uleb128 0x3
  80 0068 0000 0000 		.long	.LASF6
  81 006c 01        		.byte	0x1
  82 006d 82        		.byte	0x82
  83 006e 16        		.byte	0x16
  84 006f 7800 0000 		.long	0x78
  85 0073 04        		.uleb128 0x4
  86 0074 6700 0000 		.long	0x67
  87 0078 02        		.uleb128 0x2
  88 0079 04        		.byte	0x4
  89 007a 07        		.byte	0x7
  90 007b 0000 0000 		.long	.LASF7
  91 007f 02        		.uleb128 0x2
  92 0080 08        		.byte	0x8
  93 0081 05        		.byte	0x5
  94 0082 0000 0000 		.long	.LASF8
  95 0086 02        		.uleb128 0x2
  96 0087 08        		.byte	0x8
  97 0088 07        		.byte	0x7
  98 0089 0000 0000 		.long	.LASF9
  99 008d 03        		.uleb128 0x3
 100 008e 0000 0000 		.long	.LASF10
 101 0092 02        		.byte	0x2
 102 0093 D8        		.byte	0xd8
 103 0094 17        		.byte	0x17
 104 0095 5900 0000 		.long	0x59
 105 0099 02        		.uleb128 0x2
 106 009a 01        		.byte	0x1
 107 009b 02        		.byte	0x2
 108 009c 0000 0000 		.long	.LASF11
 109 00a0 04        		.uleb128 0x4
 110 00a1 9900 0000 		.long	0x99
 111 00a5 07        		.uleb128 0x7
 112 00a6 0000 0000 		.long	.LASF18
 113 00aa 04        		.byte	0x4
 114 00ab 4B        		.byte	0x4b
 115 00ac 0D        		.byte	0xd
 116 00ad 9900 0000 		.long	0x99
 117 00b1 01        		.byte	0x1
 118 00b2 01        		.byte	0x1
 119 00b3 08        		.uleb128 0x8
 120 00b4 08        		.byte	0x8
 121 00b5 03        		.byte	0x3
 122 00b6 A3        		.byte	0xa3
 123 00b7 0C        		.byte	0xc
 124 00b8 0801 0000 		.long	0x108
 125 00bc 09        		.uleb128 0x9
 126 00bd 0000 0000 		.long	.LASF12
 127 00c1 03        		.byte	0x3
 128 00c2 A5        		.byte	0xa5
 129 00c3 0E        		.byte	0xe
 130 00c4 2400 0000 		.long	0x24
 131 00c8 02        		.byte	0x2
 132 00c9 23        		.byte	0x23
 133 00ca 00        		.uleb128 0
 134 00cb 09        		.uleb128 0x9
 135 00cc 0000 0000 		.long	.LASF13
 136 00d0 03        		.byte	0x3
 137 00d1 A6        		.byte	0xa6
 138 00d2 0E        		.byte	0xe
 139 00d3 2400 0000 		.long	0x24
 140 00d7 02        		.byte	0x2
 141 00d8 23        		.byte	0x23
 142 00d9 01        		.uleb128 0x1
 143 00da 09        		.uleb128 0x9
 144 00db 0000 0000 		.long	.LASF14
 145 00df 03        		.byte	0x3
 146 00e0 A7        		.byte	0xa7
 147 00e1 0E        		.byte	0xe
 148 00e2 4800 0000 		.long	0x48
 149 00e6 02        		.byte	0x2
 150 00e7 23        		.byte	0x23
 151 00e8 02        		.uleb128 0x2
 152 00e9 09        		.uleb128 0x9
 153 00ea 0000 0000 		.long	.LASF15
 154 00ee 03        		.byte	0x3
 155 00ef A8        		.byte	0xa8
 156 00f0 0E        		.byte	0xe
 157 00f1 4800 0000 		.long	0x48
 158 00f5 02        		.byte	0x2
 159 00f6 23        		.byte	0x23
 160 00f7 04        		.uleb128 0x4
 161 00f8 09        		.uleb128 0x9
 162 00f9 0000 0000 		.long	.LASF16
 163 00fd 03        		.byte	0x3
 164 00fe A9        		.byte	0xa9
 165 00ff 0E        		.byte	0xe
 166 0100 4800 0000 		.long	0x48
 167 0104 02        		.byte	0x2
 168 0105 23        		.byte	0x23
 169 0106 06        		.uleb128 0x6
 170 0107 00        		.byte	0
 171 0108 03        		.uleb128 0x3
 172 0109 0000 0000 		.long	.LASF17
 173 010d 03        		.byte	0x3
 174 010e AA        		.byte	0xaa
 175 010f 12        		.byte	0x12
 176 0110 B300 0000 		.long	0xb3
 177 0114 07        		.uleb128 0x7
 178 0115 0000 0000 		.long	.LASF19
 179 0119 05        		.byte	0x5
 180 011a 5E        		.byte	0x5e
 181 011b 13        		.byte	0x13
 182 011c 2400 0000 		.long	0x24
 183 0120 01        		.byte	0x1
 184 0121 01        		.byte	0x1
 185 0122 07        		.uleb128 0x7
 186 0123 0000 0000 		.long	.LASF20
 187 0127 05        		.byte	0x5
 188 0128 6E        		.byte	0x6e
 189 0129 11        		.byte	0x11
 190 012a 9900 0000 		.long	0x99
 191 012e 01        		.byte	0x1
 192 012f 01        		.byte	0x1
 193 0130 07        		.uleb128 0x7
 194 0131 0000 0000 		.long	.LASF21
 195 0135 05        		.byte	0x5
 196 0136 78        		.byte	0x78
 197 0137 11        		.byte	0x11
 198 0138 9900 0000 		.long	0x99
 199 013c 01        		.byte	0x1
 200 013d 01        		.byte	0x1
 201 013e 07        		.uleb128 0x7
 202 013f 0000 0000 		.long	.LASF22
 203 0143 06        		.byte	0x6
 204 0144 51        		.byte	0x51
 205 0145 19        		.byte	0x19
 206 0146 A000 0000 		.long	0xa0
 207 014a 01        		.byte	0x1
 208 014b 01        		.byte	0x1
 209 014c 07        		.uleb128 0x7
 210 014d 0000 0000 		.long	.LASF23
 211 0151 06        		.byte	0x6
 212 0152 5B        		.byte	0x5b
 213 0153 21        		.byte	0x21
 214 0154 0801 0000 		.long	0x108
 215 0158 01        		.byte	0x1
 216 0159 01        		.byte	0x1
 217 015a 07        		.uleb128 0x7
 218 015b 0000 0000 		.long	.LASF24
 219 015f 06        		.byte	0x6
 220 0160 90        		.byte	0x90
 221 0161 1E        		.byte	0x1e
 222 0162 3000 0000 		.long	0x30
 223 0166 01        		.byte	0x1
 224 0167 01        		.byte	0x1
 225 0168 07        		.uleb128 0x7
 226 0169 0000 0000 		.long	.LASF25
 227 016d 07        		.byte	0x7
 228 016e 67        		.byte	0x67
 229 016f 13        		.byte	0x13
 230 0170 2400 0000 		.long	0x24
 231 0174 01        		.byte	0x1
 232 0175 01        		.byte	0x1
 233 0176 0A        		.uleb128 0xa
 234 0177 02        		.byte	0x2
 235 0178 0B        		.uleb128 0xb
 236 0179 0000 0000 		.long	.LASF35
 237 017d 0E        		.byte	0xe
 238 017e 08        		.byte	0x8
 239 017f F4        		.byte	0xf4
 240 0180 08        		.byte	0x8
 241 0181 0302 0000 		.long	0x203
 242 0185 0C        		.uleb128 0xc
 243 0186 6275 6600 		.string	"buf"
 244 018a 08        		.byte	0x8
 245 018b F5        		.byte	0xf5
 246 018c 08        		.byte	0x8
 247 018d 0302 0000 		.long	0x203
 248 0191 02        		.byte	0x2
 249 0192 23        		.byte	0x23
 250 0193 00        		.uleb128 0
 251 0194 09        		.uleb128 0x9
 252 0195 0000 0000 		.long	.LASF26
 253 0199 08        		.byte	0x8
 254 019a F6        		.byte	0xf6
 255 019b 10        		.byte	0x10
 256 019c 3A00 0000 		.long	0x3a
 257 01a0 02        		.byte	0x2
 258 01a1 23        		.byte	0x23
 259 01a2 02        		.uleb128 0x2
 260 01a3 09        		.uleb128 0x9
 261 01a4 0000 0000 		.long	.LASF27
 262 01a8 08        		.byte	0x8
 263 01a9 F7        		.byte	0xf7
 264 01aa 0A        		.byte	0xa
 265 01ab 2400 0000 		.long	0x24
 266 01af 02        		.byte	0x2
 267 01b0 23        		.byte	0x23
 268 01b1 03        		.uleb128 0x3
 269 01b2 0D        		.uleb128 0xd
 270 01b3 0000 0000 		.long	.LASF28
 271 01b7 08        		.byte	0x8
 272 01b8 0701      		.word	0x107
 273 01ba 06        		.byte	0x6
 274 01bb 4100 0000 		.long	0x41
 275 01bf 02        		.byte	0x2
 276 01c0 23        		.byte	0x23
 277 01c1 04        		.uleb128 0x4
 278 01c2 0E        		.uleb128 0xe
 279 01c3 6C65 6E00 		.string	"len"
 280 01c7 08        		.byte	0x8
 281 01c8 0801      		.word	0x108
 282 01ca 06        		.byte	0x6
 283 01cb 4100 0000 		.long	0x41
 284 01cf 02        		.byte	0x2
 285 01d0 23        		.byte	0x23
 286 01d1 06        		.uleb128 0x6
 287 01d2 0E        		.uleb128 0xe
 288 01d3 7075 7400 		.string	"put"
 289 01d7 08        		.byte	0x8
 290 01d8 0901      		.word	0x109
 291 01da 08        		.byte	0x8
 292 01db 2B02 0000 		.long	0x22b
 293 01df 02        		.byte	0x2
 294 01e0 23        		.byte	0x23
 295 01e1 08        		.uleb128 0x8
 296 01e2 0E        		.uleb128 0xe
 297 01e3 6765 7400 		.string	"get"
 298 01e7 08        		.byte	0x8
 299 01e8 0A01      		.word	0x10a
 300 01ea 08        		.byte	0x8
 301 01eb 4102 0000 		.long	0x241
 302 01ef 02        		.byte	0x2
 303 01f0 23        		.byte	0x23
 304 01f1 0A        		.uleb128 0xa
 305 01f2 0D        		.uleb128 0xd
 306 01f3 0000 0000 		.long	.LASF29
 307 01f7 08        		.byte	0x8
 308 01f8 0B01      		.word	0x10b
 309 01fa 08        		.byte	0x8
 310 01fb 7601 0000 		.long	0x176
 311 01ff 02        		.byte	0x2
 312 0200 23        		.byte	0x23
 313 0201 0C        		.uleb128 0xc
 314 0202 00        		.byte	0
 315 0203 0F        		.uleb128 0xf
 316 0204 02        		.byte	0x2
 317 0205 0902 0000 		.long	0x209
 318 0209 02        		.uleb128 0x2
 319 020a 01        		.byte	0x1
 320 020b 08        		.byte	0x8
 321 020c 0000 0000 		.long	.LASF30
 322 0210 10        		.uleb128 0x10
 323 0211 01        		.byte	0x1
 324 0212 4100 0000 		.long	0x41
 325 0216 2502 0000 		.long	0x225
 326 021a 11        		.uleb128 0x11
 327 021b 0902 0000 		.long	0x209
 328 021f 11        		.uleb128 0x11
 329 0220 2502 0000 		.long	0x225
 330 0224 00        		.byte	0
 331 0225 0F        		.uleb128 0xf
 332 0226 02        		.byte	0x2
 333 0227 7801 0000 		.long	0x178
 334 022b 0F        		.uleb128 0xf
 335 022c 02        		.byte	0x2
 336 022d 1002 0000 		.long	0x210
 337 0231 10        		.uleb128 0x10
 338 0232 01        		.byte	0x1
 339 0233 4100 0000 		.long	0x41
 340 0237 4102 0000 		.long	0x241
 341 023b 11        		.uleb128 0x11
 342 023c 2502 0000 		.long	0x225
 343 0240 00        		.byte	0
 344 0241 0F        		.uleb128 0xf
 345 0242 02        		.byte	0x2
 346 0243 3102 0000 		.long	0x231
 347 0247 12        		.uleb128 0x12
 348 0248 2502 0000 		.long	0x225
 349 024c 5202 0000 		.long	0x252
 350 0250 13        		.uleb128 0x13
 351 0251 00        		.byte	0
 352 0252 14        		.uleb128 0x14
 353 0253 0000 0000 		.long	.LASF31
 354 0257 08        		.byte	0x8
 355 0258 9701      		.word	0x197
 356 025a 17        		.byte	0x17
 357 025b 4702 0000 		.long	0x247
 358 025f 01        		.byte	0x1
 359 0260 01        		.byte	0x1
 360 0261 12        		.uleb128 0x12
 361 0262 2400 0000 		.long	0x24
 362 0266 7102 0000 		.long	0x271
 363 026a 15        		.uleb128 0x15
 364 026b 5900 0000 		.long	0x59
 365 026f 05        		.byte	0x5
 366 0270 00        		.byte	0
 367 0271 12        		.uleb128 0x12
 368 0272 2400 0000 		.long	0x24
 369 0276 8102 0000 		.long	0x281
 370 027a 15        		.uleb128 0x15
 371 027b 5900 0000 		.long	0x59
 372 027f 0F        		.byte	0xf
 373 0280 00        		.byte	0
 374 0281 12        		.uleb128 0x12
 375 0282 2400 0000 		.long	0x24
 376 0286 9102 0000 		.long	0x291
 377 028a 15        		.uleb128 0x15
 378 028b 5900 0000 		.long	0x59
 379 028f 07        		.byte	0x7
 380 0290 00        		.byte	0
 381 0291 08        		.uleb128 0x8
 382 0292 08        		.byte	0x8
 383 0293 09        		.byte	0x9
 384 0294 AD        		.byte	0xad
 385 0295 05        		.byte	0x5
 386 0296 C802 0000 		.long	0x2c8
 387 029a 09        		.uleb128 0x9
 388 029b 0000 0000 		.long	.LASF32
 389 029f 09        		.byte	0x9
 390 02a0 B1        		.byte	0xb1
 391 02a1 11        		.byte	0x11
 392 02a2 2400 0000 		.long	0x24
 393 02a6 02        		.byte	0x2
 394 02a7 23        		.byte	0x23
 395 02a8 00        		.uleb128 0
 396 02a9 09        		.uleb128 0x9
 397 02aa 0000 0000 		.long	.LASF33
 398 02ae 09        		.byte	0x9
 399 02af B2        		.byte	0xb2
 400 02b0 11        		.byte	0x11
 401 02b1 2400 0000 		.long	0x24
 402 02b5 02        		.byte	0x2
 403 02b6 23        		.byte	0x23
 404 02b7 01        		.uleb128 0x1
 405 02b8 09        		.uleb128 0x9
 406 02b9 0000 0000 		.long	.LASF34
 407 02bd 09        		.byte	0x9
 408 02be B3        		.byte	0xb3
 409 02bf 11        		.byte	0x11
 410 02c0 6102 0000 		.long	0x261
 411 02c4 02        		.byte	0x2
 412 02c5 23        		.byte	0x23
 413 02c6 02        		.uleb128 0x2
 414 02c7 00        		.byte	0
 415 02c8 0B        		.uleb128 0xb
 416 02c9 0000 0000 		.long	.LASF36
 417 02cd 20        		.byte	0x20
 418 02ce 09        		.byte	0x9
 419 02cf B6        		.byte	0xb6
 420 02d0 0C        		.byte	0xc
 421 02d1 0303 0000 		.long	0x303
 422 02d5 09        		.uleb128 0x9
 423 02d6 0000 0000 		.long	.LASF37
 424 02da 09        		.byte	0x9
 425 02db B8        		.byte	0xb8
 426 02dc 11        		.byte	0x11
 427 02dd 2400 0000 		.long	0x24
 428 02e1 02        		.byte	0x2
 429 02e2 23        		.byte	0x23
 430 02e3 00        		.uleb128 0
 431 02e4 09        		.uleb128 0x9
 432 02e5 0000 0000 		.long	.LASF32
 433 02e9 09        		.byte	0x9
 434 02ea BA        		.byte	0xba
 435 02eb 11        		.byte	0x11
 436 02ec 2400 0000 		.long	0x24
 437 02f0 02        		.byte	0x2
 438 02f1 23        		.byte	0x23
 439 02f2 01        		.uleb128 0x1
 440 02f3 09        		.uleb128 0x9
 441 02f4 0000 0000 		.long	.LASF38
 442 02f8 09        		.byte	0x9
 443 02f9 BB        		.byte	0xbb
 444 02fa 11        		.byte	0x11
 445 02fb 0303 0000 		.long	0x303
 446 02ff 02        		.byte	0x2
 447 0300 23        		.byte	0x23
 448 0301 02        		.uleb128 0x2
 449 0302 00        		.byte	0
 450 0303 12        		.uleb128 0x12
 451 0304 2400 0000 		.long	0x24
 452 0308 1303 0000 		.long	0x313
 453 030c 15        		.uleb128 0x15
 454 030d 5900 0000 		.long	0x59
 455 0311 1D        		.byte	0x1d
 456 0312 00        		.byte	0
 457 0313 16        		.uleb128 0x16
 458 0314 20        		.byte	0x20
 459 0315 09        		.byte	0x9
 460 0316 AB        		.byte	0xab
 461 0317 09        		.byte	0x9
 462 0318 3A03 0000 		.long	0x33a
 463 031c 17        		.uleb128 0x17
 464 031d 7261 7700 		.string	"raw"
 465 0321 09        		.byte	0x9
 466 0322 AC        		.byte	0xac
 467 0323 0D        		.byte	0xd
 468 0324 8102 0000 		.long	0x281
 469 0328 18        		.uleb128 0x18
 470 0329 9102 0000 		.long	0x291
 471 032d 19        		.uleb128 0x19
 472 032e 0000 0000 		.long	.LASF39
 473 0332 09        		.byte	0x9
 474 0333 BC        		.byte	0xbc
 475 0334 07        		.byte	0x7
 476 0335 C802 0000 		.long	0x2c8
 477 0339 00        		.byte	0
 478 033a 03        		.uleb128 0x3
 479 033b 0000 0000 		.long	.LASF40
 480 033f 09        		.byte	0x9
 481 0340 BE        		.byte	0xbe
 482 0341 1B        		.byte	0x1b
 483 0342 1303 0000 		.long	0x313
 484 0346 0F        		.uleb128 0xf
 485 0347 02        		.byte	0x2
 486 0348 3A03 0000 		.long	0x33a
 487 034c 07        		.uleb128 0x7
 488 034d 0000 0000 		.long	.LASF41
 489 0351 0A        		.byte	0xa
 490 0352 24        		.byte	0x24
 491 0353 10        		.byte	0x10
 492 0354 2400 0000 		.long	0x24
 493 0358 01        		.byte	0x1
 494 0359 01        		.byte	0x1
 495 035a 07        		.uleb128 0x7
 496 035b 0000 0000 		.long	.LASF42
 497 035f 0A        		.byte	0xa
 498 0360 25        		.byte	0x25
 499 0361 10        		.byte	0x10
 500 0362 2400 0000 		.long	0x24
 501 0366 01        		.byte	0x1
 502 0367 01        		.byte	0x1
 503 0368 08        		.uleb128 0x8
 504 0369 01        		.byte	0x1
 505 036a 0B        		.byte	0xb
 506 036b 1F        		.byte	0x1f
 507 036c 05        		.byte	0x5
 508 036d CC03 0000 		.long	0x3cc
 509 0371 1A        		.uleb128 0x1a
 510 0372 0000 0000 		.long	.LASF43
 511 0376 0B        		.byte	0xb
 512 0377 20        		.byte	0x20
 513 0378 11        		.byte	0x11
 514 0379 9900 0000 		.long	0x99
 515 037d 01        		.byte	0x1
 516 037e 01        		.byte	0x1
 517 037f 07        		.byte	0x7
 518 0380 02        		.byte	0x2
 519 0381 23        		.byte	0x23
 520 0382 00        		.uleb128 0
 521 0383 1A        		.uleb128 0x1a
 522 0384 0000 0000 		.long	.LASF44
 523 0388 0B        		.byte	0xb
 524 0389 21        		.byte	0x21
 525 038a 11        		.byte	0x11
 526 038b 9900 0000 		.long	0x99
 527 038f 01        		.byte	0x1
 528 0390 01        		.byte	0x1
 529 0391 06        		.byte	0x6
 530 0392 02        		.byte	0x2
 531 0393 23        		.byte	0x23
 532 0394 00        		.uleb128 0
 533 0395 1A        		.uleb128 0x1a
 534 0396 0000 0000 		.long	.LASF45
 535 039a 0B        		.byte	0xb
 536 039b 22        		.byte	0x22
 537 039c 11        		.byte	0x11
 538 039d 9900 0000 		.long	0x99
 539 03a1 01        		.byte	0x1
 540 03a2 01        		.byte	0x1
 541 03a3 05        		.byte	0x5
 542 03a4 02        		.byte	0x2
 543 03a5 23        		.byte	0x23
 544 03a6 00        		.uleb128 0
 545 03a7 1A        		.uleb128 0x1a
 546 03a8 0000 0000 		.long	.LASF46
 547 03ac 0B        		.byte	0xb
 548 03ad 23        		.byte	0x23
 549 03ae 11        		.byte	0x11
 550 03af 9900 0000 		.long	0x99
 551 03b3 01        		.byte	0x1
 552 03b4 01        		.byte	0x1
 553 03b5 04        		.byte	0x4
 554 03b6 02        		.byte	0x2
 555 03b7 23        		.byte	0x23
 556 03b8 00        		.uleb128 0
 557 03b9 1A        		.uleb128 0x1a
 558 03ba 0000 0000 		.long	.LASF33
 559 03be 0B        		.byte	0xb
 560 03bf 24        		.byte	0x24
 561 03c0 11        		.byte	0x11
 562 03c1 2400 0000 		.long	0x24
 563 03c5 01        		.byte	0x1
 564 03c6 04        		.byte	0x4
 565 03c7 00        		.byte	0
 566 03c8 02        		.byte	0x2
 567 03c9 23        		.byte	0x23
 568 03ca 00        		.uleb128 0
 569 03cb 00        		.byte	0
 570 03cc 16        		.uleb128 0x16
 571 03cd 01        		.byte	0x1
 572 03ce 0B        		.byte	0xb
 573 03cf 1E        		.byte	0x1e
 574 03d0 09        		.byte	0x9
 575 03d1 E703 0000 		.long	0x3e7
 576 03d5 18        		.uleb128 0x18
 577 03d6 6803 0000 		.long	0x368
 578 03da 17        		.uleb128 0x17
 579 03db 7261 7700 		.string	"raw"
 580 03df 0B        		.byte	0xb
 581 03e0 26        		.byte	0x26
 582 03e1 0D        		.byte	0xd
 583 03e2 2400 0000 		.long	0x24
 584 03e6 00        		.byte	0
 585 03e7 03        		.uleb128 0x3
 586 03e8 0000 0000 		.long	.LASF47
 587 03ec 0B        		.byte	0xb
 588 03ed 27        		.byte	0x27
 589 03ee 03        		.byte	0x3
 590 03ef CC03 0000 		.long	0x3cc
 591 03f3 07        		.uleb128 0x7
 592 03f4 0000 0000 		.long	.LASF48
 593 03f8 0B        		.byte	0xb
 594 03f9 29        		.byte	0x29
 595 03fa 17        		.byte	0x17
 596 03fb E703 0000 		.long	0x3e7
 597 03ff 01        		.byte	0x1
 598 0400 01        		.byte	0x1
 599 0401 08        		.uleb128 0x8
 600 0402 02        		.byte	0x2
 601 0403 0C        		.byte	0xc
 602 0404 1D        		.byte	0x1d
 603 0405 05        		.byte	0x5
 604 0406 D104 0000 		.long	0x4d1
 605 040a 1A        		.uleb128 0x1a
 606 040b 0000 0000 		.long	.LASF49
 607 040f 0C        		.byte	0xc
 608 0410 1E        		.byte	0x1e
 609 0411 0E        		.byte	0xe
 610 0412 9900 0000 		.long	0x99
 611 0416 01        		.byte	0x1
 612 0417 01        		.byte	0x1
 613 0418 07        		.byte	0x7
 614 0419 02        		.byte	0x2
 615 041a 23        		.byte	0x23
 616 041b 00        		.uleb128 0
 617 041c 1A        		.uleb128 0x1a
 618 041d 0000 0000 		.long	.LASF50
 619 0421 0C        		.byte	0xc
 620 0422 1F        		.byte	0x1f
 621 0423 0E        		.byte	0xe
 622 0424 9900 0000 		.long	0x99
 623 0428 01        		.byte	0x1
 624 0429 01        		.byte	0x1
 625 042a 06        		.byte	0x6
 626 042b 02        		.byte	0x2
 627 042c 23        		.byte	0x23
 628 042d 00        		.uleb128 0
 629 042e 1A        		.uleb128 0x1a
 630 042f 0000 0000 		.long	.LASF51
 631 0433 0C        		.byte	0xc
 632 0434 20        		.byte	0x20
 633 0435 0E        		.byte	0xe
 634 0436 9900 0000 		.long	0x99
 635 043a 01        		.byte	0x1
 636 043b 01        		.byte	0x1
 637 043c 05        		.byte	0x5
 638 043d 02        		.byte	0x2
 639 043e 23        		.byte	0x23
 640 043f 00        		.uleb128 0
 641 0440 1A        		.uleb128 0x1a
 642 0441 0000 0000 		.long	.LASF52
 643 0445 0C        		.byte	0xc
 644 0446 21        		.byte	0x21
 645 0447 0E        		.byte	0xe
 646 0448 9900 0000 		.long	0x99
 647 044c 01        		.byte	0x1
 648 044d 01        		.byte	0x1
 649 044e 04        		.byte	0x4
 650 044f 02        		.byte	0x2
 651 0450 23        		.byte	0x23
 652 0451 00        		.uleb128 0
 653 0452 1A        		.uleb128 0x1a
 654 0453 0000 0000 		.long	.LASF53
 655 0457 0C        		.byte	0xc
 656 0458 22        		.byte	0x22
 657 0459 0E        		.byte	0xe
 658 045a 9900 0000 		.long	0x99
 659 045e 01        		.byte	0x1
 660 045f 01        		.byte	0x1
 661 0460 03        		.byte	0x3
 662 0461 02        		.byte	0x2
 663 0462 23        		.byte	0x23
 664 0463 00        		.uleb128 0
 665 0464 1A        		.uleb128 0x1a
 666 0465 0000 0000 		.long	.LASF54
 667 0469 0C        		.byte	0xc
 668 046a 23        		.byte	0x23
 669 046b 0E        		.byte	0xe
 670 046c 9900 0000 		.long	0x99
 671 0470 01        		.byte	0x1
 672 0471 01        		.byte	0x1
 673 0472 02        		.byte	0x2
 674 0473 02        		.byte	0x2
 675 0474 23        		.byte	0x23
 676 0475 00        		.uleb128 0
 677 0476 1A        		.uleb128 0x1a
 678 0477 0000 0000 		.long	.LASF55
 679 047b 0C        		.byte	0xc
 680 047c 24        		.byte	0x24
 681 047d 0E        		.byte	0xe
 682 047e 9900 0000 		.long	0x99
 683 0482 01        		.byte	0x1
 684 0483 01        		.byte	0x1
 685 0484 01        		.byte	0x1
 686 0485 02        		.byte	0x2
 687 0486 23        		.byte	0x23
 688 0487 00        		.uleb128 0
 689 0488 1A        		.uleb128 0x1a
 690 0489 0000 0000 		.long	.LASF39
 691 048d 0C        		.byte	0xc
 692 048e 25        		.byte	0x25
 693 048f 0E        		.byte	0xe
 694 0490 9900 0000 		.long	0x99
 695 0494 01        		.byte	0x1
 696 0495 01        		.byte	0x1
 697 0496 00        		.byte	0
 698 0497 02        		.byte	0x2
 699 0498 23        		.byte	0x23
 700 0499 00        		.uleb128 0
 701 049a 1A        		.uleb128 0x1a
 702 049b 0000 0000 		.long	.LASF56
 703 049f 0C        		.byte	0xc
 704 04a0 26        		.byte	0x26
 705 04a1 0E        		.byte	0xe
 706 04a2 9900 0000 		.long	0x99
 707 04a6 01        		.byte	0x1
 708 04a7 01        		.byte	0x1
 709 04a8 07        		.byte	0x7
 710 04a9 02        		.byte	0x2
 711 04aa 23        		.byte	0x23
 712 04ab 01        		.uleb128 0x1
 713 04ac 1A        		.uleb128 0x1a
 714 04ad 0000 0000 		.long	.LASF57
 715 04b1 0C        		.byte	0xc
 716 04b2 27        		.byte	0x27
 717 04b3 0E        		.byte	0xe
 718 04b4 9900 0000 		.long	0x99
 719 04b8 01        		.byte	0x1
 720 04b9 01        		.byte	0x1
 721 04ba 06        		.byte	0x6
 722 04bb 02        		.byte	0x2
 723 04bc 23        		.byte	0x23
 724 04bd 01        		.uleb128 0x1
 725 04be 1A        		.uleb128 0x1a
 726 04bf 0000 0000 		.long	.LASF58
 727 04c3 0C        		.byte	0xc
 728 04c4 28        		.byte	0x28
 729 04c5 0E        		.byte	0xe
 730 04c6 9900 0000 		.long	0x99
 731 04ca 01        		.byte	0x1
 732 04cb 01        		.byte	0x1
 733 04cc 05        		.byte	0x5
 734 04cd 02        		.byte	0x2
 735 04ce 23        		.byte	0x23
 736 04cf 01        		.uleb128 0x1
 737 04d0 00        		.byte	0
 738 04d1 16        		.uleb128 0x16
 739 04d2 02        		.byte	0x2
 740 04d3 0C        		.byte	0xc
 741 04d4 1B        		.byte	0x1b
 742 04d5 09        		.byte	0x9
 743 04d6 EC04 0000 		.long	0x4ec
 744 04da 17        		.uleb128 0x17
 745 04db 7261 7700 		.string	"raw"
 746 04df 0C        		.byte	0xc
 747 04e0 1C        		.byte	0x1c
 748 04e1 0E        		.byte	0xe
 749 04e2 4800 0000 		.long	0x48
 750 04e6 18        		.uleb128 0x18
 751 04e7 0104 0000 		.long	0x401
 752 04eb 00        		.byte	0
 753 04ec 03        		.uleb128 0x3
 754 04ed 0000 0000 		.long	.LASF59
 755 04f1 0C        		.byte	0xc
 756 04f2 2A        		.byte	0x2a
 757 04f3 03        		.byte	0x3
 758 04f4 D104 0000 		.long	0x4d1
 759 04f8 07        		.uleb128 0x7
 760 04f9 0000 0000 		.long	.LASF60
 761 04fd 0C        		.byte	0xc
 762 04fe 2C        		.byte	0x2c
 763 04ff 18        		.byte	0x18
 764 0500 EC04 0000 		.long	0x4ec
 765 0504 01        		.byte	0x1
 766 0505 01        		.byte	0x1
 767 0506 07        		.uleb128 0x7
 768 0507 0000 0000 		.long	.LASF61
 769 050b 0D        		.byte	0xd
 770 050c 20        		.byte	0x20
 771 050d 1A        		.byte	0x1a
 772 050e 7300 0000 		.long	0x73
 773 0512 01        		.byte	0x1
 774 0513 01        		.byte	0x1
 775 0514 1B        		.uleb128 0x1b
 776 0515 07        		.byte	0x7
 777 0516 01        		.byte	0x1
 778 0517 3A00 0000 		.long	0x3a
 779 051b 0E        		.byte	0xe
 780 051c 2D        		.byte	0x2d
 781 051d 0E        		.byte	0xe
 782 051e 5F05 0000 		.long	0x55f
 783 0522 1C        		.uleb128 0x1c
 784 0523 0000 0000 		.long	.LASF62
 785 0527 00        		.byte	0
 786 0528 1C        		.uleb128 0x1c
 787 0529 0000 0000 		.long	.LASF63
 788 052d 01        		.byte	0x1
 789 052e 1C        		.uleb128 0x1c
 790 052f 0000 0000 		.long	.LASF64
 791 0533 02        		.byte	0x2
 792 0534 1C        		.uleb128 0x1c
 793 0535 0000 0000 		.long	.LASF65
 794 0539 03        		.byte	0x3
 795 053a 1C        		.uleb128 0x1c
 796 053b 0000 0000 		.long	.LASF66
 797 053f 04        		.byte	0x4
 798 0540 1C        		.uleb128 0x1c
 799 0541 0000 0000 		.long	.LASF67
 800 0545 05        		.byte	0x5
 801 0546 1C        		.uleb128 0x1c
 802 0547 0000 0000 		.long	.LASF68
 803 054b 06        		.byte	0x6
 804 054c 1C        		.uleb128 0x1c
 805 054d 0000 0000 		.long	.LASF69
 806 0551 07        		.byte	0x7
 807 0552 1C        		.uleb128 0x1c
 808 0553 0000 0000 		.long	.LASF70
 809 0557 08        		.byte	0x8
 810 0558 1C        		.uleb128 0x1c
 811 0559 0000 0000 		.long	.LASF71
 812 055d 09        		.byte	0x9
 813 055e 00        		.byte	0
 814 055f 03        		.uleb128 0x3
 815 0560 0000 0000 		.long	.LASF72
 816 0564 0E        		.byte	0xe
 817 0565 2D        		.byte	0x2d
 818 0566 89        		.byte	0x89
 819 0567 1405 0000 		.long	0x514
 820 056b 08        		.uleb128 0x8
 821 056c 23        		.byte	0x23
 822 056d 0E        		.byte	0xe
 823 056e 2F        		.byte	0x2f
 824 056f 09        		.byte	0x9
 825 0570 C005 0000 		.long	0x5c0
 826 0574 09        		.uleb128 0x9
 827 0575 0000 0000 		.long	.LASF73
 828 0579 0E        		.byte	0xe
 829 057a 30        		.byte	0x30
 830 057b 1C        		.byte	0x1c
 831 057c 9900 0000 		.long	0x99
 832 0580 02        		.byte	0x2
 833 0581 23        		.byte	0x23
 834 0582 00        		.uleb128 0
 835 0583 09        		.uleb128 0x9
 836 0584 0000 0000 		.long	.LASF74
 837 0588 0E        		.byte	0xe
 838 0589 31        		.byte	0x31
 839 058a 1C        		.byte	0x1c
 840 058b 7102 0000 		.long	0x271
 841 058f 02        		.byte	0x2
 842 0590 23        		.byte	0x23
 843 0591 01        		.uleb128 0x1
 844 0592 09        		.uleb128 0x9
 845 0593 0000 0000 		.long	.LASF75
 846 0597 0E        		.byte	0xe
 847 0598 32        		.byte	0x32
 848 0599 1C        		.byte	0x1c
 849 059a C005 0000 		.long	0x5c0
 850 059e 02        		.byte	0x2
 851 059f 23        		.byte	0x23
 852 05a0 11        		.uleb128 0x11
 853 05a1 09        		.uleb128 0x9
 854 05a2 0000 0000 		.long	.LASF76
 855 05a6 0E        		.byte	0xe
 856 05a7 33        		.byte	0x33
 857 05a8 1C        		.byte	0x1c
 858 05a9 2400 0000 		.long	0x24
 859 05ad 02        		.byte	0x2
 860 05ae 23        		.byte	0x23
 861 05af 21        		.uleb128 0x21
 862 05b0 09        		.uleb128 0x9
 863 05b1 0000 0000 		.long	.LASF77
 864 05b5 0E        		.byte	0xe
 865 05b6 34        		.byte	0x34
 866 05b7 1C        		.byte	0x1c
 867 05b8 5F05 0000 		.long	0x55f
 868 05bc 02        		.byte	0x2
 869 05bd 23        		.byte	0x23
 870 05be 22        		.uleb128 0x22
 871 05bf 00        		.byte	0
 872 05c0 12        		.uleb128 0x12
 873 05c1 4800 0000 		.long	0x48
 874 05c5 D005 0000 		.long	0x5d0
 875 05c9 15        		.uleb128 0x15
 876 05ca 5900 0000 		.long	0x59
 877 05ce 07        		.byte	0x7
 878 05cf 00        		.byte	0
 879 05d0 03        		.uleb128 0x3
 880 05d1 0000 0000 		.long	.LASF78
 881 05d5 0E        		.byte	0xe
 882 05d6 35        		.byte	0x35
 883 05d7 03        		.byte	0x3
 884 05d8 6B05 0000 		.long	0x56b
 885 05dc 1D        		.uleb128 0x1d
 886 05dd 0000 0000 		.long	.LASF82
 887 05e1 07        		.byte	0x7
 888 05e2 01        		.byte	0x1
 889 05e3 3A00 0000 		.long	0x3a
 890 05e7 0E        		.byte	0xe
 891 05e8 3B        		.byte	0x3b
 892 05e9 0E        		.byte	0xe
 893 05ea 0106 0000 		.long	0x601
 894 05ee 1C        		.uleb128 0x1c
 895 05ef 0000 0000 		.long	.LASF79
 896 05f3 00        		.byte	0
 897 05f4 1C        		.uleb128 0x1c
 898 05f5 0000 0000 		.long	.LASF80
 899 05f9 01        		.byte	0x1
 900 05fa 1C        		.uleb128 0x1c
 901 05fb 0000 0000 		.long	.LASF81
 902 05ff 02        		.byte	0x2
 903 0600 00        		.byte	0
 904 0601 03        		.uleb128 0x3
 905 0602 0000 0000 		.long	.LASF82
 906 0606 0E        		.byte	0xe
 907 0607 3F        		.byte	0x3f
 908 0608 03        		.byte	0x3
 909 0609 DC05 0000 		.long	0x5dc
 910 060d 08        		.uleb128 0x8
 911 060e 06        		.byte	0x6
 912 060f 0E        		.byte	0xe
 913 0610 41        		.byte	0x41
 914 0611 09        		.byte	0x9
 915 0612 6206 0000 		.long	0x662
 916 0616 09        		.uleb128 0x9
 917 0617 0000 0000 		.long	.LASF83
 918 061b 0E        		.byte	0xe
 919 061c 42        		.byte	0x42
 920 061d 17        		.byte	0x17
 921 061e 2400 0000 		.long	0x24
 922 0622 02        		.byte	0x2
 923 0623 23        		.byte	0x23
 924 0624 00        		.uleb128 0
 925 0625 09        		.uleb128 0x9
 926 0626 0000 0000 		.long	.LASF84
 927 062a 0E        		.byte	0xe
 928 062b 43        		.byte	0x43
 929 062c 17        		.byte	0x17
 930 062d 2400 0000 		.long	0x24
 931 0631 02        		.byte	0x2
 932 0632 23        		.byte	0x23
 933 0633 01        		.uleb128 0x1
 934 0634 09        		.uleb128 0x9
 935 0635 0000 0000 		.long	.LASF85
 936 0639 0E        		.byte	0xe
 937 063a 44        		.byte	0x44
 938 063b 17        		.byte	0x17
 939 063c 2400 0000 		.long	0x24
 940 0640 02        		.byte	0x2
 941 0641 23        		.byte	0x23
 942 0642 02        		.uleb128 0x2
 943 0643 09        		.uleb128 0x9
 944 0644 0000 0000 		.long	.LASF86
 945 0648 0E        		.byte	0xe
 946 0649 45        		.byte	0x45
 947 064a 17        		.byte	0x17
 948 064b 4800 0000 		.long	0x48
 949 064f 02        		.byte	0x2
 950 0650 23        		.byte	0x23
 951 0651 03        		.uleb128 0x3
 952 0652 09        		.uleb128 0x9
 953 0653 0000 0000 		.long	.LASF87
 954 0657 0E        		.byte	0xe
 955 0658 46        		.byte	0x46
 956 0659 17        		.byte	0x17
 957 065a 0106 0000 		.long	0x601
 958 065e 02        		.byte	0x2
 959 065f 23        		.byte	0x23
 960 0660 05        		.uleb128 0x5
 961 0661 00        		.byte	0
 962 0662 03        		.uleb128 0x3
 963 0663 0000 0000 		.long	.LASF88
 964 0667 0E        		.byte	0xe
 965 0668 47        		.byte	0x47
 966 0669 03        		.byte	0x3
 967 066a 0D06 0000 		.long	0x60d
 968 066e 07        		.uleb128 0x7
 969 066f 0000 0000 		.long	.LASF89
 970 0673 0E        		.byte	0xe
 971 0674 49        		.byte	0x49
 972 0675 1B        		.byte	0x1b
 973 0676 D005 0000 		.long	0x5d0
 974 067a 01        		.byte	0x1
 975 067b 01        		.byte	0x1
 976 067c 07        		.uleb128 0x7
 977 067d 0000 0000 		.long	.LASF90
 978 0681 0E        		.byte	0xe
 979 0682 4C        		.byte	0x4c
 980 0683 1A        		.byte	0x1a
 981 0684 6206 0000 		.long	0x662
 982 0688 01        		.byte	0x1
 983 0689 01        		.byte	0x1
 984 068a 12        		.uleb128 0x12
 985 068b 5400 0000 		.long	0x54
 986 068f A106 0000 		.long	0x6a1
 987 0693 13        		.uleb128 0x13
 988 0694 15        		.uleb128 0x15
 989 0695 5900 0000 		.long	0x59
 990 0699 03        		.byte	0x3
 991 069a 15        		.uleb128 0x15
 992 069b 5900 0000 		.long	0x59
 993 069f 09        		.byte	0x9
 994 06a0 00        		.byte	0
 995 06a1 05        		.uleb128 0x5
 996 06a2 8A06 0000 		.long	0x68a
 997 06a6 07        		.uleb128 0x7
 998 06a7 0000 0000 		.long	.LASF91
 999 06ab 0F        		.byte	0xf
 1000 06ac 37        		.byte	0x37
 1001 06ad 17        		.byte	0x17
 1002 06ae A106 0000 		.long	0x6a1
 1003 06b2 01        		.byte	0x1
 1004 06b3 01        		.byte	0x1
 1005 06b4 12        		.uleb128 0x12
 1006 06b5 5400 0000 		.long	0x54
 1007 06b9 BF06 0000 		.long	0x6bf
 1008 06bd 13        		.uleb128 0x13
 1009 06be 00        		.byte	0
 1010 06bf 05        		.uleb128 0x5
 1011 06c0 B406 0000 		.long	0x6b4
 1012 06c4 07        		.uleb128 0x7
 1013 06c5 0000 0000 		.long	.LASF92
 1014 06c9 0F        		.byte	0xf
 1015 06ca 38        		.byte	0x38
 1016 06cb 17        		.byte	0x17
 1017 06cc BF06 0000 		.long	0x6bf
 1018 06d0 01        		.byte	0x1
 1019 06d1 01        		.byte	0x1
 1020 06d2 03        		.uleb128 0x3
 1021 06d3 0000 0000 		.long	.LASF93
 1022 06d7 10        		.byte	0x10
 1023 06d8 27        		.byte	0x27
 1024 06d9 12        		.byte	0x12
 1025 06da 6700 0000 		.long	0x67
 1026 06de 07        		.uleb128 0x7
 1027 06df 0000 0000 		.long	.LASF94
 1028 06e3 10        		.byte	0x10
 1029 06e4 32        		.byte	0x32
 1030 06e5 16        		.byte	0x16
 1031 06e6 D206 0000 		.long	0x6d2
 1032 06ea 01        		.byte	0x1
 1033 06eb 01        		.byte	0x1
 1034 06ec 07        		.uleb128 0x7
 1035 06ed 0000 0000 		.long	.LASF95
 1036 06f1 10        		.byte	0x10
 1037 06f2 48        		.byte	0x48
 1038 06f3 16        		.byte	0x16
 1039 06f4 D206 0000 		.long	0x6d2
 1040 06f8 01        		.byte	0x1
 1041 06f9 01        		.byte	0x1
 1042 06fa 07        		.uleb128 0x7
 1043 06fb 0000 0000 		.long	.LASF96
 1044 06ff 11        		.byte	0x11
 1045 0700 1B        		.byte	0x1b
 1046 0701 1B        		.byte	0x1b
 1047 0702 4603 0000 		.long	0x346
 1048 0706 01        		.byte	0x1
 1049 0707 01        		.byte	0x1
 1050 0708 12        		.uleb128 0x12
 1051 0709 3500 0000 		.long	0x35
 1052 070d 1807 0000 		.long	0x718
 1053 0711 15        		.uleb128 0x15
 1054 0712 5900 0000 		.long	0x59
 1055 0716 0F        		.byte	0xf
 1056 0717 00        		.byte	0
 1057 0718 05        		.uleb128 0x5
 1058 0719 0807 0000 		.long	0x708
 1059 071d 07        		.uleb128 0x7
 1060 071e 0000 0000 		.long	.LASF97
 1061 0722 12        		.byte	0x12
 1062 0723 1A        		.byte	0x1a
 1063 0724 16        		.byte	0x16
 1064 0725 1807 0000 		.long	0x718
 1065 0729 01        		.byte	0x1
 1066 072a 01        		.byte	0x1
 1067 072b 07        		.uleb128 0x7
 1068 072c 0000 0000 		.long	.LASF98
 1069 0730 12        		.byte	0x12
 1070 0731 1B        		.byte	0x1b
 1071 0732 16        		.byte	0x16
 1072 0733 1807 0000 		.long	0x718
 1073 0737 01        		.byte	0x1
 1074 0738 01        		.byte	0x1
 1075 0739 07        		.uleb128 0x7
 1076 073a 0000 0000 		.long	.LASF99
 1077 073e 12        		.byte	0x12
 1078 073f 1C        		.byte	0x1c
 1079 0740 16        		.byte	0x16
 1080 0741 1807 0000 		.long	0x718
 1081 0745 01        		.byte	0x1
 1082 0746 01        		.byte	0x1
 1083 0747 12        		.uleb128 0x12
 1084 0748 3500 0000 		.long	0x35
 1085 074c 5707 0000 		.long	0x757
 1086 0750 15        		.uleb128 0x15
 1087 0751 5900 0000 		.long	0x59
 1088 0755 7F        		.byte	0x7f
 1089 0756 00        		.byte	0
 1090 0757 05        		.uleb128 0x5
 1091 0758 4707 0000 		.long	0x747
 1092 075c 07        		.uleb128 0x7
 1093 075d 0000 0000 		.long	.LASF100
 1094 0761 12        		.byte	0x12
 1095 0762 1D        		.byte	0x1d
 1096 0763 16        		.byte	0x16
 1097 0764 5707 0000 		.long	0x757
 1098 0768 01        		.byte	0x1
 1099 0769 01        		.byte	0x1
 1100 076a 14        		.uleb128 0x14
 1101 076b 0000 0000 		.long	.LASF101
 1102 076f 13        		.byte	0x13
 1103 0770 3801      		.word	0x138
 1104 0772 0F        		.byte	0xf
 1105 0773 8D00 0000 		.long	0x8d
 1106 0777 01        		.byte	0x1
 1107 0778 01        		.byte	0x1
 1108 0779 14        		.uleb128 0x14
 1109 077a 0000 0000 		.long	.LASF102
 1110 077e 13        		.byte	0x13
 1111 077f 3D01      		.word	0x13d
 1112 0781 0E        		.byte	0xe
 1113 0782 0302 0000 		.long	0x203
 1114 0786 01        		.byte	0x1
 1115 0787 01        		.byte	0x1
 1116 0788 14        		.uleb128 0x14
 1117 0789 0000 0000 		.long	.LASF103
 1118 078d 13        		.byte	0x13
 1119 078e 4201      		.word	0x142
 1120 0790 0E        		.byte	0xe
 1121 0791 0302 0000 		.long	0x203
 1122 0795 01        		.byte	0x1
 1123 0796 01        		.byte	0x1
 1124 0797 00        		.byte	0
 1125               		.section	.gnu.debuglto_.debug_abbrev,"",@progbits
 1126               	.Ldebug_abbrev0:
 1127 0000 01        		.uleb128 0x1
 1128 0001 11        		.uleb128 0x11
 1129 0002 01        		.byte	0x1
 1130 0003 25        		.uleb128 0x25
 1131 0004 0E        		.uleb128 0xe
 1132 0005 13        		.uleb128 0x13
 1133 0006 0B        		.uleb128 0xb
 1134 0007 03        		.uleb128 0x3
 1135 0008 0E        		.uleb128 0xe
 1136 0009 1B        		.uleb128 0x1b
 1137 000a 0E        		.uleb128 0xe
 1138 000b 10        		.uleb128 0x10
 1139 000c 06        		.uleb128 0x6
 1140 000d 00        		.byte	0
 1141 000e 00        		.byte	0
 1142 000f 02        		.uleb128 0x2
 1143 0010 24        		.uleb128 0x24
 1144 0011 00        		.byte	0
 1145 0012 0B        		.uleb128 0xb
 1146 0013 0B        		.uleb128 0xb
 1147 0014 3E        		.uleb128 0x3e
 1148 0015 0B        		.uleb128 0xb
 1149 0016 03        		.uleb128 0x3
 1150 0017 0E        		.uleb128 0xe
 1151 0018 00        		.byte	0
 1152 0019 00        		.byte	0
 1153 001a 03        		.uleb128 0x3
 1154 001b 16        		.uleb128 0x16
 1155 001c 00        		.byte	0
 1156 001d 03        		.uleb128 0x3
 1157 001e 0E        		.uleb128 0xe
 1158 001f 3A        		.uleb128 0x3a
 1159 0020 0B        		.uleb128 0xb
 1160 0021 3B        		.uleb128 0x3b
 1161 0022 0B        		.uleb128 0xb
 1162 0023 39        		.uleb128 0x39
 1163 0024 0B        		.uleb128 0xb
 1164 0025 49        		.uleb128 0x49
 1165 0026 13        		.uleb128 0x13
 1166 0027 00        		.byte	0
 1167 0028 00        		.byte	0
 1168 0029 04        		.uleb128 0x4
 1169 002a 35        		.uleb128 0x35
 1170 002b 00        		.byte	0
 1171 002c 49        		.uleb128 0x49
 1172 002d 13        		.uleb128 0x13
 1173 002e 00        		.byte	0
 1174 002f 00        		.byte	0
 1175 0030 05        		.uleb128 0x5
 1176 0031 26        		.uleb128 0x26
 1177 0032 00        		.byte	0
 1178 0033 49        		.uleb128 0x49
 1179 0034 13        		.uleb128 0x13
 1180 0035 00        		.byte	0
 1181 0036 00        		.byte	0
 1182 0037 06        		.uleb128 0x6
 1183 0038 24        		.uleb128 0x24
 1184 0039 00        		.byte	0
 1185 003a 0B        		.uleb128 0xb
 1186 003b 0B        		.uleb128 0xb
 1187 003c 3E        		.uleb128 0x3e
 1188 003d 0B        		.uleb128 0xb
 1189 003e 03        		.uleb128 0x3
 1190 003f 08        		.uleb128 0x8
 1191 0040 00        		.byte	0
 1192 0041 00        		.byte	0
 1193 0042 07        		.uleb128 0x7
 1194 0043 34        		.uleb128 0x34
 1195 0044 00        		.byte	0
 1196 0045 03        		.uleb128 0x3
 1197 0046 0E        		.uleb128 0xe
 1198 0047 3A        		.uleb128 0x3a
 1199 0048 0B        		.uleb128 0xb
 1200 0049 3B        		.uleb128 0x3b
 1201 004a 0B        		.uleb128 0xb
 1202 004b 39        		.uleb128 0x39
 1203 004c 0B        		.uleb128 0xb
 1204 004d 49        		.uleb128 0x49
 1205 004e 13        		.uleb128 0x13
 1206 004f 3F        		.uleb128 0x3f
 1207 0050 0C        		.uleb128 0xc
 1208 0051 3C        		.uleb128 0x3c
 1209 0052 0C        		.uleb128 0xc
 1210 0053 00        		.byte	0
 1211 0054 00        		.byte	0
 1212 0055 08        		.uleb128 0x8
 1213 0056 13        		.uleb128 0x13
 1214 0057 01        		.byte	0x1
 1215 0058 0B        		.uleb128 0xb
 1216 0059 0B        		.uleb128 0xb
 1217 005a 3A        		.uleb128 0x3a
 1218 005b 0B        		.uleb128 0xb
 1219 005c 3B        		.uleb128 0x3b
 1220 005d 0B        		.uleb128 0xb
 1221 005e 39        		.uleb128 0x39
 1222 005f 0B        		.uleb128 0xb
 1223 0060 01        		.uleb128 0x1
 1224 0061 13        		.uleb128 0x13
 1225 0062 00        		.byte	0
 1226 0063 00        		.byte	0
 1227 0064 09        		.uleb128 0x9
 1228 0065 0D        		.uleb128 0xd
 1229 0066 00        		.byte	0
 1230 0067 03        		.uleb128 0x3
 1231 0068 0E        		.uleb128 0xe
 1232 0069 3A        		.uleb128 0x3a
 1233 006a 0B        		.uleb128 0xb
 1234 006b 3B        		.uleb128 0x3b
 1235 006c 0B        		.uleb128 0xb
 1236 006d 39        		.uleb128 0x39
 1237 006e 0B        		.uleb128 0xb
 1238 006f 49        		.uleb128 0x49
 1239 0070 13        		.uleb128 0x13
 1240 0071 38        		.uleb128 0x38
 1241 0072 0A        		.uleb128 0xa
 1242 0073 00        		.byte	0
 1243 0074 00        		.byte	0
 1244 0075 0A        		.uleb128 0xa
 1245 0076 0F        		.uleb128 0xf
 1246 0077 00        		.byte	0
 1247 0078 0B        		.uleb128 0xb
 1248 0079 0B        		.uleb128 0xb
 1249 007a 00        		.byte	0
 1250 007b 00        		.byte	0
 1251 007c 0B        		.uleb128 0xb
 1252 007d 13        		.uleb128 0x13
 1253 007e 01        		.byte	0x1
 1254 007f 03        		.uleb128 0x3
 1255 0080 0E        		.uleb128 0xe
 1256 0081 0B        		.uleb128 0xb
 1257 0082 0B        		.uleb128 0xb
 1258 0083 3A        		.uleb128 0x3a
 1259 0084 0B        		.uleb128 0xb
 1260 0085 3B        		.uleb128 0x3b
 1261 0086 0B        		.uleb128 0xb
 1262 0087 39        		.uleb128 0x39
 1263 0088 0B        		.uleb128 0xb
 1264 0089 01        		.uleb128 0x1
 1265 008a 13        		.uleb128 0x13
 1266 008b 00        		.byte	0
 1267 008c 00        		.byte	0
 1268 008d 0C        		.uleb128 0xc
 1269 008e 0D        		.uleb128 0xd
 1270 008f 00        		.byte	0
 1271 0090 03        		.uleb128 0x3
 1272 0091 08        		.uleb128 0x8
 1273 0092 3A        		.uleb128 0x3a
 1274 0093 0B        		.uleb128 0xb
 1275 0094 3B        		.uleb128 0x3b
 1276 0095 0B        		.uleb128 0xb
 1277 0096 39        		.uleb128 0x39
 1278 0097 0B        		.uleb128 0xb
 1279 0098 49        		.uleb128 0x49
 1280 0099 13        		.uleb128 0x13
 1281 009a 38        		.uleb128 0x38
 1282 009b 0A        		.uleb128 0xa
 1283 009c 00        		.byte	0
 1284 009d 00        		.byte	0
 1285 009e 0D        		.uleb128 0xd
 1286 009f 0D        		.uleb128 0xd
 1287 00a0 00        		.byte	0
 1288 00a1 03        		.uleb128 0x3
 1289 00a2 0E        		.uleb128 0xe
 1290 00a3 3A        		.uleb128 0x3a
 1291 00a4 0B        		.uleb128 0xb
 1292 00a5 3B        		.uleb128 0x3b
 1293 00a6 05        		.uleb128 0x5
 1294 00a7 39        		.uleb128 0x39
 1295 00a8 0B        		.uleb128 0xb
 1296 00a9 49        		.uleb128 0x49
 1297 00aa 13        		.uleb128 0x13
 1298 00ab 38        		.uleb128 0x38
 1299 00ac 0A        		.uleb128 0xa
 1300 00ad 00        		.byte	0
 1301 00ae 00        		.byte	0
 1302 00af 0E        		.uleb128 0xe
 1303 00b0 0D        		.uleb128 0xd
 1304 00b1 00        		.byte	0
 1305 00b2 03        		.uleb128 0x3
 1306 00b3 08        		.uleb128 0x8
 1307 00b4 3A        		.uleb128 0x3a
 1308 00b5 0B        		.uleb128 0xb
 1309 00b6 3B        		.uleb128 0x3b
 1310 00b7 05        		.uleb128 0x5
 1311 00b8 39        		.uleb128 0x39
 1312 00b9 0B        		.uleb128 0xb
 1313 00ba 49        		.uleb128 0x49
 1314 00bb 13        		.uleb128 0x13
 1315 00bc 38        		.uleb128 0x38
 1316 00bd 0A        		.uleb128 0xa
 1317 00be 00        		.byte	0
 1318 00bf 00        		.byte	0
 1319 00c0 0F        		.uleb128 0xf
 1320 00c1 0F        		.uleb128 0xf
 1321 00c2 00        		.byte	0
 1322 00c3 0B        		.uleb128 0xb
 1323 00c4 0B        		.uleb128 0xb
 1324 00c5 49        		.uleb128 0x49
 1325 00c6 13        		.uleb128 0x13
 1326 00c7 00        		.byte	0
 1327 00c8 00        		.byte	0
 1328 00c9 10        		.uleb128 0x10
 1329 00ca 15        		.uleb128 0x15
 1330 00cb 01        		.byte	0x1
 1331 00cc 27        		.uleb128 0x27
 1332 00cd 0C        		.uleb128 0xc
 1333 00ce 49        		.uleb128 0x49
 1334 00cf 13        		.uleb128 0x13
 1335 00d0 01        		.uleb128 0x1
 1336 00d1 13        		.uleb128 0x13
 1337 00d2 00        		.byte	0
 1338 00d3 00        		.byte	0
 1339 00d4 11        		.uleb128 0x11
 1340 00d5 05        		.uleb128 0x5
 1341 00d6 00        		.byte	0
 1342 00d7 49        		.uleb128 0x49
 1343 00d8 13        		.uleb128 0x13
 1344 00d9 00        		.byte	0
 1345 00da 00        		.byte	0
 1346 00db 12        		.uleb128 0x12
 1347 00dc 01        		.uleb128 0x1
 1348 00dd 01        		.byte	0x1
 1349 00de 49        		.uleb128 0x49
 1350 00df 13        		.uleb128 0x13
 1351 00e0 01        		.uleb128 0x1
 1352 00e1 13        		.uleb128 0x13
 1353 00e2 00        		.byte	0
 1354 00e3 00        		.byte	0
 1355 00e4 13        		.uleb128 0x13
 1356 00e5 21        		.uleb128 0x21
 1357 00e6 00        		.byte	0
 1358 00e7 00        		.byte	0
 1359 00e8 00        		.byte	0
 1360 00e9 14        		.uleb128 0x14
 1361 00ea 34        		.uleb128 0x34
 1362 00eb 00        		.byte	0
 1363 00ec 03        		.uleb128 0x3
 1364 00ed 0E        		.uleb128 0xe
 1365 00ee 3A        		.uleb128 0x3a
 1366 00ef 0B        		.uleb128 0xb
 1367 00f0 3B        		.uleb128 0x3b
 1368 00f1 05        		.uleb128 0x5
 1369 00f2 39        		.uleb128 0x39
 1370 00f3 0B        		.uleb128 0xb
 1371 00f4 49        		.uleb128 0x49
 1372 00f5 13        		.uleb128 0x13
 1373 00f6 3F        		.uleb128 0x3f
 1374 00f7 0C        		.uleb128 0xc
 1375 00f8 3C        		.uleb128 0x3c
 1376 00f9 0C        		.uleb128 0xc
 1377 00fa 00        		.byte	0
 1378 00fb 00        		.byte	0
 1379 00fc 15        		.uleb128 0x15
 1380 00fd 21        		.uleb128 0x21
 1381 00fe 00        		.byte	0
 1382 00ff 49        		.uleb128 0x49
 1383 0100 13        		.uleb128 0x13
 1384 0101 2F        		.uleb128 0x2f
 1385 0102 0B        		.uleb128 0xb
 1386 0103 00        		.byte	0
 1387 0104 00        		.byte	0
 1388 0105 16        		.uleb128 0x16
 1389 0106 17        		.uleb128 0x17
 1390 0107 01        		.byte	0x1
 1391 0108 0B        		.uleb128 0xb
 1392 0109 0B        		.uleb128 0xb
 1393 010a 3A        		.uleb128 0x3a
 1394 010b 0B        		.uleb128 0xb
 1395 010c 3B        		.uleb128 0x3b
 1396 010d 0B        		.uleb128 0xb
 1397 010e 39        		.uleb128 0x39
 1398 010f 0B        		.uleb128 0xb
 1399 0110 01        		.uleb128 0x1
 1400 0111 13        		.uleb128 0x13
 1401 0112 00        		.byte	0
 1402 0113 00        		.byte	0
 1403 0114 17        		.uleb128 0x17
 1404 0115 0D        		.uleb128 0xd
 1405 0116 00        		.byte	0
 1406 0117 03        		.uleb128 0x3
 1407 0118 08        		.uleb128 0x8
 1408 0119 3A        		.uleb128 0x3a
 1409 011a 0B        		.uleb128 0xb
 1410 011b 3B        		.uleb128 0x3b
 1411 011c 0B        		.uleb128 0xb
 1412 011d 39        		.uleb128 0x39
 1413 011e 0B        		.uleb128 0xb
 1414 011f 49        		.uleb128 0x49
 1415 0120 13        		.uleb128 0x13
 1416 0121 00        		.byte	0
 1417 0122 00        		.byte	0
 1418 0123 18        		.uleb128 0x18
 1419 0124 0D        		.uleb128 0xd
 1420 0125 00        		.byte	0
 1421 0126 49        		.uleb128 0x49
 1422 0127 13        		.uleb128 0x13
 1423 0128 00        		.byte	0
 1424 0129 00        		.byte	0
 1425 012a 19        		.uleb128 0x19
 1426 012b 0D        		.uleb128 0xd
 1427 012c 00        		.byte	0
 1428 012d 03        		.uleb128 0x3
 1429 012e 0E        		.uleb128 0xe
 1430 012f 3A        		.uleb128 0x3a
 1431 0130 0B        		.uleb128 0xb
 1432 0131 3B        		.uleb128 0x3b
 1433 0132 0B        		.uleb128 0xb
 1434 0133 39        		.uleb128 0x39
 1435 0134 0B        		.uleb128 0xb
 1436 0135 49        		.uleb128 0x49
 1437 0136 13        		.uleb128 0x13
 1438 0137 00        		.byte	0
 1439 0138 00        		.byte	0
 1440 0139 1A        		.uleb128 0x1a
 1441 013a 0D        		.uleb128 0xd
 1442 013b 00        		.byte	0
 1443 013c 03        		.uleb128 0x3
 1444 013d 0E        		.uleb128 0xe
 1445 013e 3A        		.uleb128 0x3a
 1446 013f 0B        		.uleb128 0xb
 1447 0140 3B        		.uleb128 0x3b
 1448 0141 0B        		.uleb128 0xb
 1449 0142 39        		.uleb128 0x39
 1450 0143 0B        		.uleb128 0xb
 1451 0144 49        		.uleb128 0x49
 1452 0145 13        		.uleb128 0x13
 1453 0146 0B        		.uleb128 0xb
 1454 0147 0B        		.uleb128 0xb
 1455 0148 0D        		.uleb128 0xd
 1456 0149 0B        		.uleb128 0xb
 1457 014a 0C        		.uleb128 0xc
 1458 014b 0B        		.uleb128 0xb
 1459 014c 38        		.uleb128 0x38
 1460 014d 0A        		.uleb128 0xa
 1461 014e 00        		.byte	0
 1462 014f 00        		.byte	0
 1463 0150 1B        		.uleb128 0x1b
 1464 0151 04        		.uleb128 0x4
 1465 0152 01        		.byte	0x1
 1466 0153 3E        		.uleb128 0x3e
 1467 0154 0B        		.uleb128 0xb
 1468 0155 0B        		.uleb128 0xb
 1469 0156 0B        		.uleb128 0xb
 1470 0157 49        		.uleb128 0x49
 1471 0158 13        		.uleb128 0x13
 1472 0159 3A        		.uleb128 0x3a
 1473 015a 0B        		.uleb128 0xb
 1474 015b 3B        		.uleb128 0x3b
 1475 015c 0B        		.uleb128 0xb
 1476 015d 39        		.uleb128 0x39
 1477 015e 0B        		.uleb128 0xb
 1478 015f 01        		.uleb128 0x1
 1479 0160 13        		.uleb128 0x13
 1480 0161 00        		.byte	0
 1481 0162 00        		.byte	0
 1482 0163 1C        		.uleb128 0x1c
 1483 0164 28        		.uleb128 0x28
 1484 0165 00        		.byte	0
 1485 0166 03        		.uleb128 0x3
 1486 0167 0E        		.uleb128 0xe
 1487 0168 1C        		.uleb128 0x1c
 1488 0169 0B        		.uleb128 0xb
 1489 016a 00        		.byte	0
 1490 016b 00        		.byte	0
 1491 016c 1D        		.uleb128 0x1d
 1492 016d 04        		.uleb128 0x4
 1493 016e 01        		.byte	0x1
 1494 016f 03        		.uleb128 0x3
 1495 0170 0E        		.uleb128 0xe
 1496 0171 3E        		.uleb128 0x3e
 1497 0172 0B        		.uleb128 0xb
 1498 0173 0B        		.uleb128 0xb
 1499 0174 0B        		.uleb128 0xb
 1500 0175 49        		.uleb128 0x49
 1501 0176 13        		.uleb128 0x13
 1502 0177 3A        		.uleb128 0x3a
 1503 0178 0B        		.uleb128 0xb
 1504 0179 3B        		.uleb128 0x3b
 1505 017a 0B        		.uleb128 0xb
 1506 017b 39        		.uleb128 0x39
 1507 017c 0B        		.uleb128 0xb
 1508 017d 01        		.uleb128 0x1
 1509 017e 13        		.uleb128 0x13
 1510 017f 00        		.byte	0
 1511 0180 00        		.byte	0
 1512 0181 00        		.byte	0
 1513               		.section	.gnu.debuglto_.debug_line,"",@progbits
 1514               	.Ldebug_line0:
 1515 0000 0C02 0000 		.long	.LELT0-.LSLT0
 1516               	.LSLT0:
 1517 0004 0200      		.word	0x2
 1518 0006 0602 0000 		.long	.LELTP0-.LASLTP0
 1519               	.LASLTP0:
 1520 000a 01        		.byte	0x1
 1521 000b 01        		.byte	0x1
 1522 000c F6        		.byte	0xf6
 1523 000d F2        		.byte	0xf2
 1524 000e 0D        		.byte	0xd
 1525 000f 00        		.byte	0
 1526 0010 01        		.byte	0x1
 1527 0011 01        		.byte	0x1
 1528 0012 01        		.byte	0x1
 1529 0013 01        		.byte	0x1
 1530 0014 00        		.byte	0
 1531 0015 00        		.byte	0
 1532 0016 00        		.byte	0
 1533 0017 01        		.byte	0x1
 1534 0018 00        		.byte	0
 1535 0019 00        		.byte	0
 1536 001a 01        		.byte	0x1
 1537 001b 653A 5C67 		.ascii	"e:\\game\\msys2\\mingw64\\avr\\include"
 1537      616D 655C 
 1537      6D73 7973 
 1537      325C 6D69 
 1537      6E67 7736 
 1538 003c 00        		.byte	0
 1539 003d 653A 5C67 		.ascii	"e:\\game\\msys2\\mingw64\\lib\\gcc\\avr\\8.4.0\\include"
 1539      616D 655C 
 1539      6D73 7973 
 1539      325C 6D69 
 1539      6E67 7736 
 1540 006c 00        		.byte	0
 1541 006d 6C69 622F 		.ascii	"lib/lufa/LUFA/Drivers/USB/Core"
 1541      6C75 6661 
 1541      2F4C 5546 
 1541      412F 4472 
 1541      6976 6572 
 1542 008b 00        		.byte	0
 1543 008c 6C69 622F 		.ascii	"lib/lufa/LUFA/Drivers/USB/Core/AVR8/.."
 1543      6C75 6661 
 1543      2F4C 5546 
 1543      412F 4472 
 1543      6976 6572 
 1544 00b2 00        		.byte	0
 1545 00b3 746D 6B5F 		.ascii	"tmk_core/common"
 1545      636F 7265 
 1545      2F63 6F6D 
 1545      6D6F 6E
 1546 00c2 00        		.byte	0
 1547 00c3 7175 616E 		.ascii	"quantum"
 1547      7475 6D
 1548 00ca 00        		.byte	0
 1549 00cb 7175 616E 		.ascii	"quantum/sequencer"
 1549      7475 6D2F 
 1549      7365 7175 
 1549      656E 6365 
 1549      72
 1550 00dc 00        		.byte	0
 1551 00dd 00        		.byte	0
 1552 00de 7374 6469 		.string	"stdint.h"
 1552      6E74 2E68 
 1552      00
 1553 00e7 01        		.uleb128 0x1
 1554 00e8 00        		.uleb128 0
 1555 00e9 00        		.uleb128 0
 1556 00ea 7374 6464 		.string	"stddef.h"
 1556      6566 2E68 
 1556      00
 1557 00f3 02        		.uleb128 0x2
 1558 00f4 00        		.uleb128 0
 1559 00f5 00        		.uleb128 0
 1560 00f6 4156 5238 		.string	"AVR8/../StdRequestType.h"
 1560      2F2E 2E2F 
 1560      5374 6452 
 1560      6571 7565 
 1560      7374 5479 
 1561 010f 03        		.uleb128 0x3
 1562 0110 00        		.uleb128 0
 1563 0111 00        		.uleb128 0
 1564 0112 6163 7469 		.string	"action.h"
 1564      6F6E 2E68 
 1564      00
 1565 011b 05        		.uleb128 0x5
 1566 011c 00        		.uleb128 0
 1567 011d 00        		.uleb128 0
 1568 011e 4156 5238 		.string	"AVR8/../DeviceStandardReq.h"
 1568      2F2E 2E2F 
 1568      4465 7669 
 1568      6365 5374 
 1568      616E 6461 
 1569 013a 03        		.uleb128 0x3
 1570 013b 00        		.uleb128 0
 1571 013c 00        		.uleb128 0
 1572 013d 5553 4254 		.string	"USBTask.h"
 1572      6173 6B2E 
 1572      6800 
 1573 0147 03        		.uleb128 0x3
 1574 0148 00        		.uleb128 0
 1575 0149 00        		.uleb128 0
 1576 014a 486F 7374 		.string	"HostStandardReq.h"
 1576      5374 616E 
 1576      6461 7264 
 1576      5265 712E 
 1576      6800 
 1577 015c 03        		.uleb128 0x3
 1578 015d 00        		.uleb128 0
 1579 015e 00        		.uleb128 0
 1580 015f 7374 6469 		.string	"stdio.h"
 1580      6F2E 6800 
 1581 0167 01        		.uleb128 0x1
 1582 0168 00        		.uleb128 0
 1583 0169 00        		.uleb128 0
 1584 016a 7265 706F 		.string	"report.h"
 1584      7274 2E68 
 1584      00
 1585 0173 05        		.uleb128 0x5
 1586 0174 00        		.uleb128 0
 1587 0175 00        		.uleb128 0
 1588 0176 686F 7374 		.string	"host.h"
 1588      2E68 00
 1589 017d 05        		.uleb128 0x5
 1590 017e 00        		.uleb128 0
 1591 017f 00        		.uleb128 0
 1592 0180 6465 6275 		.string	"debug.h"
 1592      672E 6800 
 1593 0188 05        		.uleb128 0x5
 1594 0189 00        		.uleb128 0
 1595 018a 00        		.uleb128 0
 1596 018b 6B65 7963 		.string	"keycode_config.h"
 1596      6F64 655F 
 1596      636F 6E66 
 1596      6967 2E68 
 1596      00
 1597 019c 06        		.uleb128 0x6
 1598 019d 00        		.uleb128 0
 1599 019e 00        		.uleb128 0
 1600 019f 7469 6D65 		.string	"timer.h"
 1600      722E 6800 
 1601 01a7 05        		.uleb128 0x5
 1602 01a8 00        		.uleb128 0
 1603 01a9 00        		.uleb128 0
 1604 01aa 7365 7175 		.string	"sequencer/sequencer.h"
 1604      656E 6365 
 1604      722F 7365 
 1604      7175 656E 
 1604      6365 722E 
 1605 01c0 06        		.uleb128 0x6
 1606 01c1 00        		.uleb128 0
 1607 01c2 00        		.uleb128 0
 1608 01c3 6B65 796D 		.string	"keymap.h"
 1608      6170 2E68 
 1608      00
 1609 01cc 06        		.uleb128 0x6
 1610 01cd 00        		.uleb128 0
 1611 01ce 00        		.uleb128 0
 1612 01cf 6163 7469 		.string	"action_layer.h"
 1612      6F6E 5F6C 
 1612      6179 6572 
 1612      2E68 00
 1613 01de 05        		.uleb128 0x5
 1614 01df 00        		.uleb128 0
 1615 01e0 00        		.uleb128 0
 1616 01e1 6163 7469 		.string	"action_util.h"
 1616      6F6E 5F75 
 1616      7469 6C2E 
 1616      6800 
 1617 01ef 05        		.uleb128 0x5
 1618 01f0 00        		.uleb128 0
 1619 01f1 00        		.uleb128 0
 1620 01f2 7365 6E64 		.string	"send_string.h"
 1620      5F73 7472 
 1620      696E 672E 
 1620      6800 
 1621 0200 06        		.uleb128 0x6
 1622 0201 00        		.uleb128 0
 1623 0202 00        		.uleb128 0
 1624 0203 7374 646C 		.string	"stdlib.h"
 1624      6962 2E68 
 1624      00
 1625 020c 01        		.uleb128 0x1
 1626 020d 00        		.uleb128 0
 1627 020e 00        		.uleb128 0
 1628 020f 00        		.byte	0
 1629               	.LELTP0:
 1630               	.LELT0:
 1631               		.section	.gnu.debuglto_.debug_str,"MS",@progbits,1
 1632               	.LASF82:
 1633 0000 7365 7175 		.string	"sequencer_phase_t"
 1633      656E 6365 
 1633      725F 7068 
 1633      6173 655F 
 1633      7400 
 1634               	.LASF105:
 1635 0012 6B65 7962 		.string	"keyboards/mini_alice/mini_alice.c"
 1635      6F61 7264 
 1635      732F 6D69 
 1635      6E69 5F61 
 1635      6C69 6365 
 1636               	.LASF49:
 1637 0034 7377 6170 		.string	"swap_control_capslock"
 1637      5F63 6F6E 
 1637      7472 6F6C 
 1637      5F63 6170 
 1637      736C 6F63 
 1638               	.LASF52:
 1639 004a 7377 6170 		.string	"swap_ralt_rgui"
 1639      5F72 616C 
 1639      745F 7267 
 1639      7569 00
 1640               	.LASF13:
 1641 0059 6252 6571 		.string	"bRequest"
 1641      7565 7374 
 1641      00
 1642               	.LASF10:
 1643 0062 7369 7A65 		.string	"size_t"
 1643      5F74 00
 1644               	.LASF102:
 1645 0069 5F5F 6D61 		.string	"__malloc_heap_start"
 1645      6C6C 6F63 
 1645      5F68 6561 
 1645      705F 7374 
 1645      6172 7400 
 1646               	.LASF50:
 1647 007d 6361 7073 		.string	"capslock_to_control"
 1647      6C6F 636B 
 1647      5F74 6F5F 
 1647      636F 6E74 
 1647      726F 6C00 
 1648               	.LASF87:
 1649 0091 7068 6173 		.string	"phase"
 1649      6500 
 1650               	.LASF8:
 1651 0097 6C6F 6E67 		.string	"long long int"
 1651      206C 6F6E 
 1651      6720 696E 
 1651      7400 
 1652               	.LASF47:
 1653 00a5 6465 6275 		.string	"debug_config_t"
 1653      675F 636F 
 1653      6E66 6967 
 1653      5F74 00
 1654               	.LASF58:
 1655 00b4 6F6E 6573 		.string	"oneshot_disable"
 1655      686F 745F 
 1655      6469 7361 
 1655      626C 6500 
 1656               	.LASF93:
 1657 00c4 6C61 7965 		.string	"layer_state_t"
 1657      725F 7374 
 1657      6174 655F 
 1657      7400 
 1658               	.LASF61:
 1659 00d2 7469 6D65 		.string	"timer_count"
 1659      725F 636F 
 1659      756E 7400 
 1660               	.LASF101:
 1661 00de 5F5F 6D61 		.string	"__malloc_margin"
 1661      6C6C 6F63 
 1661      5F6D 6172 
 1661      6769 6E00 
 1662               	.LASF25:
 1663 00ee 5553 425F 		.string	"USB_Host_ConfigurationNumber"
 1663      486F 7374 
 1663      5F43 6F6E 
 1663      6669 6775 
 1663      7261 7469 
 1664               	.LASF32:
 1665 010b 6D6F 6473 		.string	"mods"
 1665      00
 1666               	.LASF26:
 1667 0110 756E 6765 		.string	"unget"
 1667      7400 
 1668               	.LASF43:
 1669 0116 656E 6162 		.string	"enable"
 1669      6C65 00
 1670               	.LASF86:
 1671 011d 7469 6D65 		.string	"timer"
 1671      7200 
 1672               	.LASF19:
 1673 0123 5553 425F 		.string	"USB_Device_ConfigurationNumber"
 1673      4465 7669 
 1673      6365 5F43 
 1673      6F6E 6669 
 1673      6775 7261 
 1674               	.LASF59:
 1675 0142 6B65 796D 		.string	"keymap_config_t"
 1675      6170 5F63 
 1675      6F6E 6669 
 1675      675F 7400 
 1676               	.LASF83:
 1677 0152 6163 7469 		.string	"active_tracks"
 1677      7665 5F74 
 1677      7261 636B 
 1677      7300 
 1678               	.LASF98:
 1679 0160 6173 6369 		.string	"ascii_to_altgr_lut"
 1679      695F 746F 
 1679      5F61 6C74 
 1679      6772 5F6C 
 1679      7574 00
 1680               	.LASF85:
 1681 0173 6375 7272 		.string	"current_step"
 1681      656E 745F 
 1681      7374 6570 
 1681      00
 1682               	.LASF71:
 1683 0180 5345 5155 		.string	"SEQUENCER_RESOLUTIONS"
 1683      454E 4345 
 1683      525F 5245 
 1683      534F 4C55 
 1683      5449 4F4E 
 1684               	.LASF51:
 1685 0196 7377 6170 		.string	"swap_lalt_lgui"
 1685      5F6C 616C 
 1685      745F 6C67 
 1685      7569 00
 1686               	.LASF89:
 1687 01a5 7365 7175 		.string	"sequencer_config"
 1687      656E 6365 
 1687      725F 636F 
 1687      6E66 6967 
 1687      00
 1688               	.LASF55:
 1689 01b6 7377 6170 		.string	"swap_backslash_backspace"
 1689      5F62 6163 
 1689      6B73 6C61 
 1689      7368 5F62 
 1689      6163 6B73 
 1690               	.LASF63:
 1691 01cf 5351 5F52 		.string	"SQ_RES_2T"
 1691      4553 5F32 
 1691      5400 
 1692               	.LASF80:
 1693 01d9 5345 5155 		.string	"SEQUENCER_PHASE_RELEASE"
 1693      454E 4345 
 1693      525F 5048 
 1693      4153 455F 
 1693      5245 4C45 
 1694               	.LASF9:
 1695 01f1 6C6F 6E67 		.string	"long long unsigned int"
 1695      206C 6F6E 
 1695      6720 756E 
 1695      7369 676E 
 1695      6564 2069 
 1696               	.LASF38:
 1697 0208 6269 7473 		.string	"bits"
 1697      00
 1698               	.LASF23:
 1699 020d 5553 425F 		.string	"USB_ControlRequest"
 1699      436F 6E74 
 1699      726F 6C52 
 1699      6571 7565 
 1699      7374 00
 1700               	.LASF104:
 1701 0220 474E 5520 		.string	"GNU C99 8.4.0 -mn-flash=1 -mno-skip-bug -mmcu=avr5 -gdwarf-2 -Os -std=gnu99 -funsigned-ch
 1701      4339 3920 
 1701      382E 342E 
 1701      3020 2D6D 
 1701      6E2D 666C 
 1702               	.LASF5:
 1703 0311 6C6F 6E67 		.string	"long int"
 1703      2069 6E74 
 1703      00
 1704               	.LASF24:
 1705 031a 5553 425F 		.string	"USB_DeviceState"
 1705      4465 7669 
 1705      6365 5374 
 1705      6174 6500 
 1706               	.LASF84:
 1707 032a 6375 7272 		.string	"current_track"
 1707      656E 745F 
 1707      7472 6163 
 1707      6B00 
 1708               	.LASF54:
 1709 0338 7377 6170 		.string	"swap_grave_esc"
 1709      5F67 7261 
 1709      7665 5F65 
 1709      7363 00
 1710               	.LASF79:
 1711 0347 5345 5155 		.string	"SEQUENCER_PHASE_ATTACK"
 1711      454E 4345 
 1711      525F 5048 
 1711      4153 455F 
 1711      4154 5441 
 1712               	.LASF22:
 1713 035e 5553 425F 		.string	"USB_IsInitialized"
 1713      4973 496E 
 1713      6974 6961 
 1713      6C69 7A65 
 1713      6400 
 1714               	.LASF14:
 1715 0370 7756 616C 		.string	"wValue"
 1715      7565 00
 1716               	.LASF69:
 1717 0377 5351 5F52 		.string	"SQ_RES_16T"
 1717      4553 5F31 
 1717      3654 00
 1718               	.LASF70:
 1719 0382 5351 5F52 		.string	"SQ_RES_32"
 1719      4553 5F33 
 1719      3200 
 1720               	.LASF17:
 1721 038c 5553 425F 		.string	"USB_Request_Header_t"
 1721      5265 7175 
 1721      6573 745F 
 1721      4865 6164 
 1721      6572 5F74 
 1722               	.LASF72:
 1723 03a1 7365 7175 		.string	"sequencer_resolution_t"
 1723      656E 6365 
 1723      725F 7265 
 1723      736F 6C75 
 1723      7469 6F6E 
 1724               	.LASF34:
 1725 03b8 6B65 7973 		.string	"keys"
 1725      00
 1726               	.LASF20:
 1727 03bd 5553 425F 		.string	"USB_Device_RemoteWakeupEnabled"
 1727      4465 7669 
 1727      6365 5F52 
 1727      656D 6F74 
 1727      6557 616B 
 1728               	.LASF1:
 1729 03dc 756E 7369 		.string	"unsigned char"
 1729      676E 6564 
 1729      2063 6861 
 1729      7200 
 1730               	.LASF41:
 1731 03ea 6B65 7962 		.string	"keyboard_idle"
 1731      6F61 7264 
 1731      5F69 646C 
 1731      6500 
 1732               	.LASF35:
 1733 03f8 5F5F 6669 		.string	"__file"
 1733      6C65 00
 1734               	.LASF0:
 1735 03ff 7369 676E 		.string	"signed char"
 1735      6564 2063 
 1735      6861 7200 
 1736               	.LASF27:
 1737 040b 666C 6167 		.string	"flags"
 1737      7300 
 1738               	.LASF33:
 1739 0411 7265 7365 		.string	"reserved"
 1739      7276 6564 
 1739      00
 1740               	.LASF6:
 1741 041a 7569 6E74 		.string	"uint32_t"
 1741      3332 5F74 
 1741      00
 1742               	.LASF4:
 1743 0423 756E 7369 		.string	"unsigned int"
 1743      676E 6564 
 1743      2069 6E74 
 1743      00
 1744               	.LASF3:
 1745 0430 7569 6E74 		.string	"uint16_t"
 1745      3136 5F74 
 1745      00
 1746               	.LASF7:
 1747 0439 6C6F 6E67 		.string	"long unsigned int"
 1747      2075 6E73 
 1747      6967 6E65 
 1747      6420 696E 
 1747      7400 
 1748               	.LASF62:
 1749 044b 5351 5F52 		.string	"SQ_RES_2"
 1749      4553 5F32 
 1749      00
 1750               	.LASF46:
 1751 0454 6D6F 7573 		.string	"mouse"
 1751      6500 
 1752               	.LASF64:
 1753 045a 5351 5F52 		.string	"SQ_RES_4"
 1753      4553 5F34 
 1753      00
 1754               	.LASF74:
 1755 0463 7374 6570 		.string	"steps"
 1755      7300 
 1756               	.LASF66:
 1757 0469 5351 5F52 		.string	"SQ_RES_8"
 1757      4553 5F38 
 1757      00
 1758               	.LASF92:
 1759 0472 666E 5F61 		.string	"fn_actions"
 1759      6374 696F 
 1759      6E73 00
 1760               	.LASF29:
 1761 047d 7564 6174 		.string	"udata"
 1761      6100 
 1762               	.LASF94:
 1763 0483 6465 6661 		.string	"default_layer_state"
 1763      756C 745F 
 1763      6C61 7965 
 1763      725F 7374 
 1763      6174 6500 
 1764               	.LASF30:
 1765 0497 6368 6172 		.string	"char"
 1765      00
 1766               	.LASF42:
 1767 049c 6B65 7962 		.string	"keyboard_protocol"
 1767      6F61 7264 
 1767      5F70 726F 
 1767      746F 636F 
 1767      6C00 
 1768               	.LASF45:
 1769 04ae 6B65 7962 		.string	"keyboard"
 1769      6F61 7264 
 1769      00
 1770               	.LASF99:
 1771 04b7 6173 6369 		.string	"ascii_to_dead_lut"
 1771      695F 746F 
 1771      5F64 6561 
 1771      645F 6C75 
 1771      7400 
 1772               	.LASF57:
 1773 04c9 7377 6170 		.string	"swap_rctl_rgui"
 1773      5F72 6374 
 1773      6C5F 7267 
 1773      7569 00
 1774               	.LASF77:
 1775 04d8 7265 736F 		.string	"resolution"
 1775      6C75 7469 
 1775      6F6E 00
 1776               	.LASF81:
 1777 04e3 5345 5155 		.string	"SEQUENCER_PHASE_PAUSE"
 1777      454E 4345 
 1777      525F 5048 
 1777      4153 455F 
 1777      5041 5553 
 1778               	.LASF106:
 1779 04f9 443A 5C44 		.string	"D:\\Download\\vial-qmk"
 1779      6F77 6E6C 
 1779      6F61 645C 
 1779      7669 616C 
 1779      2D71 6D6B 
 1780               	.LASF91:
 1781 050e 6B65 796D 		.string	"keymaps"
 1781      6170 7300 
 1782               	.LASF90:
 1783 0516 7365 7175 		.string	"sequencer_internal_state"
 1783      656E 6365 
 1783      725F 696E 
 1783      7465 726E 
 1783      616C 5F73 
 1784               	.LASF11:
 1785 052f 5F42 6F6F 		.string	"_Bool"
 1785      6C00 
 1786               	.LASF12:
 1787 0535 626D 5265 		.string	"bmRequestType"
 1787      7175 6573 
 1787      7454 7970 
 1787      6500 
 1788               	.LASF48:
 1789 0543 6465 6275 		.string	"debug_config"
 1789      675F 636F 
 1789      6E66 6967 
 1789      00
 1790               	.LASF76:
 1791 0550 7465 6D70 		.string	"tempo"
 1791      6F00 
 1792               	.LASF60:
 1793 0556 6B65 796D 		.string	"keymap_config"
 1793      6170 5F63 
 1793      6F6E 6669 
 1793      6700 
 1794               	.LASF18:
 1795 0564 6469 7361 		.string	"disable_action_cache"
 1795      626C 655F 
 1795      6163 7469 
 1795      6F6E 5F63 
 1795      6163 6865 
 1796               	.LASF39:
 1797 0579 6E6B 726F 		.string	"nkro"
 1797      00
 1798               	.LASF97:
 1799 057e 6173 6369 		.string	"ascii_to_shift_lut"
 1799      695F 746F 
 1799      5F73 6869 
 1799      6674 5F6C 
 1799      7574 00
 1800               	.LASF28:
 1801 0591 7369 7A65 		.string	"size"
 1801      00
 1802               	.LASF88:
 1803 0596 7365 7175 		.string	"sequencer_state_t"
 1803      656E 6365 
 1803      725F 7374 
 1803      6174 655F 
 1803      7400 
 1804               	.LASF78:
 1805 05a8 7365 7175 		.string	"sequencer_config_t"
 1805      656E 6365 
 1805      725F 636F 
 1805      6E66 6967 
 1805      5F74 00
 1806               	.LASF21:
 1807 05bb 5553 425F 		.string	"USB_Device_CurrentlySelfPowered"
 1807      4465 7669 
 1807      6365 5F43 
 1807      7572 7265 
 1807      6E74 6C79 
 1808               	.LASF73:
 1809 05db 656E 6162 		.string	"enabled"
 1809      6C65 6400 
 1810               	.LASF103:
 1811 05e3 5F5F 6D61 		.string	"__malloc_heap_end"
 1811      6C6C 6F63 
 1811      5F68 6561 
 1811      705F 656E 
 1811      6400 
 1812               	.LASF2:
 1813 05f5 7569 6E74 		.string	"uint8_t"
 1813      385F 7400 
 1814               	.LASF53:
 1815 05fd 6E6F 5F67 		.string	"no_gui"
 1815      7569 00
 1816               	.LASF65:
 1817 0604 5351 5F52 		.string	"SQ_RES_4T"
 1817      4553 5F34 
 1817      5400 
 1818               	.LASF40:
 1819 060e 7265 706F 		.string	"report_keyboard_t"
 1819      7274 5F6B 
 1819      6579 626F 
 1819      6172 645F 
 1819      7400 
 1820               	.LASF56:
 1821 0620 7377 6170 		.string	"swap_lctl_lgui"
 1821      5F6C 6374 
 1821      6C5F 6C67 
 1821      7569 00
 1822               	.LASF37:
 1823 062f 7265 706F 		.string	"report_id"
 1823      7274 5F69 
 1823      6400 
 1824               	.LASF100:
 1825 0639 6173 6369 		.string	"ascii_to_keycode_lut"
 1825      695F 746F 
 1825      5F6B 6579 
 1825      636F 6465 
 1825      5F6C 7574 
 1826               	.LASF67:
 1827 064e 5351 5F52 		.string	"SQ_RES_8T"
 1827      4553 5F38 
 1827      5400 
 1828               	.LASF68:
 1829 0658 5351 5F52 		.string	"SQ_RES_16"
 1829      4553 5F31 
 1829      3600 
 1830               	.LASF16:
 1831 0662 774C 656E 		.string	"wLength"
 1831      6774 6800 
 1832               	.LASF96:
 1833 066a 6B65 7962 		.string	"keyboard_report"
 1833      6F61 7264 
 1833      5F72 6570 
 1833      6F72 7400 
 1834               	.LASF95:
 1835 067a 6C61 7965 		.string	"layer_state"
 1835      725F 7374 
 1835      6174 6500 
 1836               	.LASF44:
 1837 0686 6D61 7472 		.string	"matrix"
 1837      6978 00
 1838               	.LASF31:
 1839 068d 5F5F 696F 		.string	"__iob"
 1839      6200 
 1840               	.LASF15:
 1841 0693 7749 6E64 		.string	"wIndex"
 1841      6578 00
 1842               	.LASF75:
 1843 069a 7472 6163 		.string	"track_notes"
 1843      6B5F 6E6F 
 1843      7465 7300 
 1844               	.LASF36:
 1845 06a6 6E6B 726F 		.string	"nkro_report"
 1845      5F72 6570 
 1845      6F72 7400 
 1846               		.text
 1847               		.section	.gnu.lto_.profile.73a9ffea,"",@progbits
 1848 0000 789C 6367 		.string	"x\234cg`f`d"
 1848      6066 6064 
 1848      00
 1849 0009 0200      		.string	"\002"
 1850 000b 00        		.string	""
 1851 000c 6200      		.string	"b"
 1852 000e 0C        		.ascii	"\f"
 1853               		.text
 1854               		.section	.gnu.lto_.icf.73a9ffea,"",@progbits
 1855 0000 789C 6367 		.string	"x\234cg`f`b@\006"
 1855      6066 6062 
 1855      4006 00
 1856 000b 00        		.string	""
 1857 000c DC00      		.string	"\334"
 1858 000e 0D        		.ascii	"\r"
 1859               		.text
 1860               		.section	.gnu.lto_.jmpfuncs.73a9ffea,"",@progbits
 1861 0000 789C 6367 		.string	"x\234cg`f`b@\006"
 1861      6066 6062 
 1861      4006 00
 1862 000b 00        		.string	""
 1863 000c DC00      		.string	"\334"
 1864 000e 0D        		.ascii	"\r"
 1865               		.text
 1866               		.section	.gnu.lto_.inline.73a9ffea,"",@progbits
 1867 0000 789C 6367 		.string	"x\234cg`f`b@\006"
 1867      6066 6062 
 1867      4006 00
 1868 000b 00        		.string	""
 1869 000c DC00      		.string	"\334"
 1870 000e 0D        		.ascii	"\r"
 1871               		.text
 1872               		.section	.gnu.lto_.pureconst.73a9ffea,"",@progbits
 1873 0000 789C 6367 		.string	"x\234cg`f`d"
 1873      6066 6064 
 1873      00
 1874 0009 0200      		.string	"\002"
 1875 000b 00        		.string	""
 1876 000c 6200      		.string	"b"
 1877 000e 0C        		.ascii	"\f"
 1878               		.text
 1879               		.section	.gnu.lto_.symbol_nodes.73a9ffea,"",@progbits
 1880 0000 789C 6367 		.string	"x\234cg`f`b"
 1880      6066 6062 
 1880      00
 1881 0009 0100      		.string	"\001"
 1882 000b 00        		.string	""
 1883 000c 7400      		.string	"t"
 1884 000e 0D        		.ascii	"\r"
 1885               		.text
 1886               		.section	.gnu.lto_.refs.73a9ffea,"",@progbits
 1887 0000 789C 6367 		.string	"x\234cg`f`d"
 1887      6066 6064 
 1887      00
 1888 0009 0200      		.string	"\002"
 1889 000b 00        		.string	""
 1890 000c 6200      		.string	"b"
 1891 000e 0C        		.ascii	"\f"
 1892               		.text
 1893               		.section	.gnu.lto_.decls.73a9ffea,"",@progbits
 1894 0000 789C 6367 		.string	"x\234cg`f"
 1894      6066 00
 1895 0007 0146 2056 		.string	"\001F V\001\342\377@"
 1895      01E2 FF40 
 1895      00
 1896 0010 625F 6420 		.string	"b_d "
 1896      00
 1897 0015 00        		.string	""
 1898 0016 C16A 04FE 		.ascii	"\301j\004\376"
 1899               		.text
 1900               		.section	.gnu.lto_.symtab.73a9ffea,"",@progbits
 1901               		.text
 1902               		.section	.gnu.lto_.opts,"",@progbits
 1903 0000 272D 666E 		.ascii	"'-fn"
 1904 0004 6F2D 6F70 		.string	"o-openmp' '-fno-openacc' '-fno-pie' '-mn-flash=1' '-mno-skip-bug' '-mmcu=avr5' '-Os' '-We
 1904      656E 6D70 
 1904      2720 272D 
 1904      666E 6F2D 
 1904      6F70 656E 
 1905               		.text
 1906               		.comm	__gnu_lto_v1,1,1
 1907               		.comm	__gnu_lto_slim,1,1
 1908               		.ident	"GCC: (GNU) 8.4.0"
DEFINED SYMBOLS
                            *ABS*:0000000000000000 mini_alice.c
C:\Users\Roningo\AppData\Local\Temp\cceArQi3.s:2      *ABS*:000000000000003e __SP_H__
C:\Users\Roningo\AppData\Local\Temp\cceArQi3.s:3      *ABS*:000000000000003d __SP_L__
C:\Users\Roningo\AppData\Local\Temp\cceArQi3.s:4      *ABS*:000000000000003f __SREG__
C:\Users\Roningo\AppData\Local\Temp\cceArQi3.s:5      *ABS*:0000000000000000 __tmp_reg__
C:\Users\Roningo\AppData\Local\Temp\cceArQi3.s:6      *ABS*:0000000000000001 __zero_reg__
C:\Users\Roningo\AppData\Local\Temp\cceArQi3.s:30     .gnu.debuglto_.debug_info:0000000000000000 mini_alice.c.f69028c0
                            *COM*:0000000000000001 __gnu_lto_v1
                            *COM*:0000000000000001 __gnu_lto_slim

NO UNDEFINED SYMBOLS
