   1               		.file	"Events.c"
   2               	__SP_H__ = 0x3e
   3               	__SP_L__ = 0x3d
   4               	__SREG__ = 0x3f
   5               	__tmp_reg__ = 0
   6               	__zero_reg__ = 1
   7               		.file 1 "lib/lufa/LUFA/Drivers/USB/Core/Events.c"
   8               		.file 2 "e:\\game\\msys2\\mingw64\\avr\\include\\stdint.h"
   9               		.section	.gnu.debuglto_.debug_info,"",@progbits
  10               	.Ldebug_info0:
  11               		.hidden	Events.c.58ff4cf8
  12               		.weak	Events.c.58ff4cf8
  13               	Events.c.58ff4cf8:
  14 0000 AC00 0000 		.long	0xac
  15 0004 0200      		.word	0x2
  16 0006 0000 0000 		.long	.Ldebug_abbrev0
  17 000a 04        		.byte	0x4
  18 000b 01        		.uleb128 0x1
  19 000c 0000 0000 		.long	.LASF9
  20 0010 0C        		.byte	0xc
  21 0011 0000 0000 		.long	.LASF10
  22 0015 0000 0000 		.long	.LASF11
  23 0019 0000 0000 		.long	.Ldebug_line0
  24 001d 02        		.uleb128 0x2
  25 001e 01        		.byte	0x1
  26 001f 06        		.byte	0x6
  27 0020 0000 0000 		.long	.LASF0
  28 0024 03        		.uleb128 0x3
  29 0025 0000 0000 		.long	.LASF12
  30 0029 02        		.byte	0x2
  31 002a 7E        		.byte	0x7e
  32 002b 16        		.byte	0x16
  33 002c 3500 0000 		.long	0x35
  34 0030 04        		.uleb128 0x4
  35 0031 2400 0000 		.long	0x24
  36 0035 02        		.uleb128 0x2
  37 0036 01        		.byte	0x1
  38 0037 08        		.byte	0x8
  39 0038 0000 0000 		.long	.LASF1
  40 003c 05        		.uleb128 0x5
  41 003d 02        		.byte	0x2
  42 003e 05        		.byte	0x5
  43 003f 696E 7400 		.string	"int"
  44 0043 02        		.uleb128 0x2
  45 0044 02        		.byte	0x2
  46 0045 07        		.byte	0x7
  47 0046 0000 0000 		.long	.LASF2
  48 004a 02        		.uleb128 0x2
  49 004b 04        		.byte	0x4
  50 004c 05        		.byte	0x5
  51 004d 0000 0000 		.long	.LASF3
  52 0051 02        		.uleb128 0x2
  53 0052 04        		.byte	0x4
  54 0053 07        		.byte	0x7
  55 0054 0000 0000 		.long	.LASF4
  56 0058 02        		.uleb128 0x2
  57 0059 08        		.byte	0x8
  58 005a 05        		.byte	0x5
  59 005b 0000 0000 		.long	.LASF5
  60 005f 02        		.uleb128 0x2
  61 0060 08        		.byte	0x8
  62 0061 07        		.byte	0x7
  63 0062 0000 0000 		.long	.LASF6
  64 0066 06        		.uleb128 0x6
  65 0067 01        		.byte	0x1
  66 0068 0000 0000 		.long	.LASF7
  67 006c 01        		.byte	0x1
  68 006d 2E        		.byte	0x2e
  69 006e 06        		.byte	0x6
  70 006f 01        		.byte	0x1
  71 0070 8B00 0000 		.long	0x8b
  72 0074 07        		.uleb128 0x7
  73 0075 5F31 00   		.string	"_1"
  74 0078 01        		.byte	0x1
  75 0079 2E        		.byte	0x2e
  76 007a 25        		.byte	0x25
  77 007b 3000 0000 		.long	0x30
  78 007f 07        		.uleb128 0x7
  79 0080 5F32 00   		.string	"_2"
  80 0083 01        		.byte	0x1
  81 0084 2E        		.byte	0x2e
  82 0085 37        		.byte	0x37
  83 0086 3000 0000 		.long	0x30
  84 008a 00        		.byte	0
  85 008b 06        		.uleb128 0x6
  86 008c 01        		.byte	0x1
  87 008d 0000 0000 		.long	.LASF8
  88 0091 01        		.byte	0x1
  89 0092 28        		.byte	0x28
  90 0093 06        		.byte	0x6
  91 0094 01        		.byte	0x1
  92 0095 A500 0000 		.long	0xa5
  93 0099 07        		.uleb128 0x7
  94 009a 5F31 00   		.string	"_1"
  95 009d 01        		.byte	0x1
  96 009e 28        		.byte	0x28
  97 009f 25        		.byte	0x25
  98 00a0 3000 0000 		.long	0x30
  99 00a4 00        		.byte	0
 100 00a5 08        		.uleb128 0x8
 101 00a6 01        		.byte	0x1
 102 00a7 0000 0000 		.long	.LASF13
 103 00ab 01        		.byte	0x1
 104 00ac 23        		.byte	0x23
 105 00ad 06        		.byte	0x6
 106 00ae 01        		.byte	0x1
 107 00af 00        		.byte	0
 108               		.section	.gnu.debuglto_.debug_abbrev,"",@progbits
 109               	.Ldebug_abbrev0:
 110 0000 01        		.uleb128 0x1
 111 0001 11        		.uleb128 0x11
 112 0002 01        		.byte	0x1
 113 0003 25        		.uleb128 0x25
 114 0004 0E        		.uleb128 0xe
 115 0005 13        		.uleb128 0x13
 116 0006 0B        		.uleb128 0xb
 117 0007 03        		.uleb128 0x3
 118 0008 0E        		.uleb128 0xe
 119 0009 1B        		.uleb128 0x1b
 120 000a 0E        		.uleb128 0xe
 121 000b 10        		.uleb128 0x10
 122 000c 06        		.uleb128 0x6
 123 000d 00        		.byte	0
 124 000e 00        		.byte	0
 125 000f 02        		.uleb128 0x2
 126 0010 24        		.uleb128 0x24
 127 0011 00        		.byte	0
 128 0012 0B        		.uleb128 0xb
 129 0013 0B        		.uleb128 0xb
 130 0014 3E        		.uleb128 0x3e
 131 0015 0B        		.uleb128 0xb
 132 0016 03        		.uleb128 0x3
 133 0017 0E        		.uleb128 0xe
 134 0018 00        		.byte	0
 135 0019 00        		.byte	0
 136 001a 03        		.uleb128 0x3
 137 001b 16        		.uleb128 0x16
 138 001c 00        		.byte	0
 139 001d 03        		.uleb128 0x3
 140 001e 0E        		.uleb128 0xe
 141 001f 3A        		.uleb128 0x3a
 142 0020 0B        		.uleb128 0xb
 143 0021 3B        		.uleb128 0x3b
 144 0022 0B        		.uleb128 0xb
 145 0023 39        		.uleb128 0x39
 146 0024 0B        		.uleb128 0xb
 147 0025 49        		.uleb128 0x49
 148 0026 13        		.uleb128 0x13
 149 0027 00        		.byte	0
 150 0028 00        		.byte	0
 151 0029 04        		.uleb128 0x4
 152 002a 26        		.uleb128 0x26
 153 002b 00        		.byte	0
 154 002c 49        		.uleb128 0x49
 155 002d 13        		.uleb128 0x13
 156 002e 00        		.byte	0
 157 002f 00        		.byte	0
 158 0030 05        		.uleb128 0x5
 159 0031 24        		.uleb128 0x24
 160 0032 00        		.byte	0
 161 0033 0B        		.uleb128 0xb
 162 0034 0B        		.uleb128 0xb
 163 0035 3E        		.uleb128 0x3e
 164 0036 0B        		.uleb128 0xb
 165 0037 03        		.uleb128 0x3
 166 0038 08        		.uleb128 0x8
 167 0039 00        		.byte	0
 168 003a 00        		.byte	0
 169 003b 06        		.uleb128 0x6
 170 003c 2E        		.uleb128 0x2e
 171 003d 01        		.byte	0x1
 172 003e 3F        		.uleb128 0x3f
 173 003f 0C        		.uleb128 0xc
 174 0040 03        		.uleb128 0x3
 175 0041 0E        		.uleb128 0xe
 176 0042 3A        		.uleb128 0x3a
 177 0043 0B        		.uleb128 0xb
 178 0044 3B        		.uleb128 0x3b
 179 0045 0B        		.uleb128 0xb
 180 0046 39        		.uleb128 0x39
 181 0047 0B        		.uleb128 0xb
 182 0048 27        		.uleb128 0x27
 183 0049 0C        		.uleb128 0xc
 184 004a 01        		.uleb128 0x1
 185 004b 13        		.uleb128 0x13
 186 004c 00        		.byte	0
 187 004d 00        		.byte	0
 188 004e 07        		.uleb128 0x7
 189 004f 05        		.uleb128 0x5
 190 0050 00        		.byte	0
 191 0051 03        		.uleb128 0x3
 192 0052 08        		.uleb128 0x8
 193 0053 3A        		.uleb128 0x3a
 194 0054 0B        		.uleb128 0xb
 195 0055 3B        		.uleb128 0x3b
 196 0056 0B        		.uleb128 0xb
 197 0057 39        		.uleb128 0x39
 198 0058 0B        		.uleb128 0xb
 199 0059 49        		.uleb128 0x49
 200 005a 13        		.uleb128 0x13
 201 005b 00        		.byte	0
 202 005c 00        		.byte	0
 203 005d 08        		.uleb128 0x8
 204 005e 2E        		.uleb128 0x2e
 205 005f 00        		.byte	0
 206 0060 3F        		.uleb128 0x3f
 207 0061 0C        		.uleb128 0xc
 208 0062 03        		.uleb128 0x3
 209 0063 0E        		.uleb128 0xe
 210 0064 3A        		.uleb128 0x3a
 211 0065 0B        		.uleb128 0xb
 212 0066 3B        		.uleb128 0x3b
 213 0067 0B        		.uleb128 0xb
 214 0068 39        		.uleb128 0x39
 215 0069 0B        		.uleb128 0xb
 216 006a 27        		.uleb128 0x27
 217 006b 0C        		.uleb128 0xc
 218 006c 00        		.byte	0
 219 006d 00        		.byte	0
 220 006e 00        		.byte	0
 221               		.section	.gnu.debuglto_.debug_line,"",@progbits
 222               	.Ldebug_line0:
 223 0000 7200 0000 		.long	.LELT0-.LSLT0
 224               	.LSLT0:
 225 0004 0200      		.word	0x2
 226 0006 6C00 0000 		.long	.LELTP0-.LASLTP0
 227               	.LASLTP0:
 228 000a 01        		.byte	0x1
 229 000b 01        		.byte	0x1
 230 000c F6        		.byte	0xf6
 231 000d F2        		.byte	0xf2
 232 000e 0D        		.byte	0xd
 233 000f 00        		.byte	0
 234 0010 01        		.byte	0x1
 235 0011 01        		.byte	0x1
 236 0012 01        		.byte	0x1
 237 0013 01        		.byte	0x1
 238 0014 00        		.byte	0
 239 0015 00        		.byte	0
 240 0016 00        		.byte	0
 241 0017 01        		.byte	0x1
 242 0018 00        		.byte	0
 243 0019 00        		.byte	0
 244 001a 01        		.byte	0x1
 245 001b 653A 5C67 		.ascii	"e:\\game\\msys2\\mingw64\\avr\\include"
 245      616D 655C 
 245      6D73 7973 
 245      325C 6D69 
 245      6E67 7736 
 246 003c 00        		.byte	0
 247 003d 6C69 622F 		.ascii	"lib/lufa/LUFA/Drivers/USB/Core"
 247      6C75 6661 
 247      2F4C 5546 
 247      412F 4472 
 247      6976 6572 
 248 005b 00        		.byte	0
 249 005c 00        		.byte	0
 250 005d 4576 656E 		.string	"Events.c"
 250      7473 2E63 
 250      00
 251 0066 02        		.uleb128 0x2
 252 0067 00        		.uleb128 0
 253 0068 00        		.uleb128 0
 254 0069 7374 6469 		.string	"stdint.h"
 254      6E74 2E68 
 254      00
 255 0072 01        		.uleb128 0x1
 256 0073 00        		.uleb128 0
 257 0074 00        		.uleb128 0
 258 0075 00        		.byte	0
 259               	.LELTP0:
 260               	.LELT0:
 261               		.section	.gnu.debuglto_.debug_str,"MS",@progbits,1
 262               	.LASF11:
 263 0000 443A 5C44 		.string	"D:\\Download\\qmk_firmware\\vial-qmk"
 263      6F77 6E6C 
 263      6F61 645C 
 263      716D 6B5F 
 263      6669 726D 
 264               	.LASF8:
 265 0022 5553 425F 		.string	"USB_Event_Stub_2"
 265      4576 656E 
 265      745F 5374 
 265      7562 5F32 
 265      00
 266               	.LASF7:
 267 0033 5553 425F 		.string	"USB_Event_Stub_3"
 267      4576 656E 
 267      745F 5374 
 267      7562 5F33 
 267      00
 268               	.LASF1:
 269 0044 756E 7369 		.string	"unsigned char"
 269      676E 6564 
 269      2063 6861 
 269      7200 
 270               	.LASF4:
 271 0052 6C6F 6E67 		.string	"long unsigned int"
 271      2075 6E73 
 271      6967 6E65 
 271      6420 696E 
 271      7400 
 272               	.LASF10:
 273 0064 6C69 622F 		.string	"lib/lufa/LUFA/Drivers/USB/Core/Events.c"
 273      6C75 6661 
 273      2F4C 5546 
 273      412F 4472 
 273      6976 6572 
 274               	.LASF9:
 275 008c 474E 5520 		.string	"GNU C99 8.4.0 -mn-flash=1 -mno-skip-bug -mmcu=avr5 -gdwarf-2 -Os -std=gnu99 -funsigned-ch
 275      4339 3920 
 275      382E 342E 
 275      3020 2D6D 
 275      6E2D 666C 
 276               	.LASF2:
 277 017d 756E 7369 		.string	"unsigned int"
 277      676E 6564 
 277      2069 6E74 
 277      00
 278               	.LASF6:
 279 018a 6C6F 6E67 		.string	"long long unsigned int"
 279      206C 6F6E 
 279      6720 756E 
 279      7369 676E 
 279      6564 2069 
 280               	.LASF12:
 281 01a1 7569 6E74 		.string	"uint8_t"
 281      385F 7400 
 282               	.LASF13:
 283 01a9 5553 425F 		.string	"USB_Event_Stub"
 283      4576 656E 
 283      745F 5374 
 283      7562 00
 284               	.LASF5:
 285 01b8 6C6F 6E67 		.string	"long long int"
 285      206C 6F6E 
 285      6720 696E 
 285      7400 
 286               	.LASF3:
 287 01c6 6C6F 6E67 		.string	"long int"
 287      2069 6E74 
 287      00
 288               	.LASF0:
 289 01cf 7369 676E 		.string	"signed char"
 289      6564 2063 
 289      6861 7200 
 290               		.text
 291               		.section	.gnu.lto_.profile.f768258c,"",@progbits
 292 0000 789C 6367 		.string	"x\234cg`f`d"
 292      6066 6064 
 292      00
 293 0009 0200      		.string	"\002"
 294 000b 00        		.string	""
 295 000c 6200      		.string	"b"
 296 000e 0C        		.ascii	"\f"
 297               		.text
 298               		.section	.gnu.lto_.icf.f768258c,"",@progbits
 299 0000 789C 6367 		.string	"x\234cg`f\020a@"
 299      6066 1061 
 299      4000 
 300 000a 6686 E95D 		.string	"f\206\351]'z\27187m\376\271\234\215\353\303\322\233{\371\030"
 300      277A B938 
 300      376D FEB9 
 300      9C8D EBC3 
 300      D29B 7BF9 
 301 0020 5C76 08F9 		.ascii	"\\v\b\371"
 302               		.text
 303               		.section	.gnu.lto_.jmpfuncs.f768258c,"",@progbits
 304 0000 789C 6367 		.string	"x\234cg`f\220b@"
 304      6066 9062 
 304      4000 
 305 000a 6620 E664 		.string	"f \346ddd`\230\311\314\300\305\004e\2001"
 305      6464 6098 
 305      C9CC C0C5 
 305      0465 8031 
 305      00
 306 001b 1941 0215 		.ascii	"\031A\002\025"
 307               		.text
 308               		.section	.gnu.lto_.inline.f768258c,"",@progbits
 309 0000 789C 6367 		.string	"x\234cg`f\310f@"
 309      6066 C866 
 309      4000 
 310 000a 6620 6A00 		.string	"f j"
 311 000e 0296 6446 		.string	"\002\226dF\006&\006\206F \263\216\201\201\r\"\304\004\022b`\340$\254\204\213\260\022\006"
 311      0626 0686 
 311      4620 B38E 
 311      8181 0D22 
 311      C404 1262 
 312 002c 0FAA 16A3 		.ascii	"\017\252\026\243"
 313               		.text
 314               		.section	.gnu.lto_.pureconst.f768258c,"",@progbits
 315 0000 789C 05C1 		.string	"x\234\005\301\207\021"
 315      8711 00
 316 0007 200C 0331 		.ascii	" \f\0031C\f\241,\360\307\264\031\035)\025z\222\256\312\215N`"
 316      430C A12C 
 316      F0C7 B419 
 316      1D29 157A 
 316      92AE CA8D 
 317 001d 0693 64B1 		.ascii	"\006\223d\261\313\247\374\001\"&\002\263"
 317      CBA7 FC01 
 317      2226 02B3 
 318               		.text
 319               		.section	.gnu.lto_USB_Event_Stub.f768258c,"",@progbits
 320 0000 789C 6367 		.string	"x\234cg`f\230\300\300\300\240\005\304\262@\314\310\314\300\310\324\320\320\340\300\336\31
 320      6066 98C0 
 320      C0C0 A005 
 320      C4B2 40CC 
 320      C8CC C0C8 
 321 004b E36E 46A0 		.string	"\343nF\240i@\225\2176\376\233\312\313\306\002\225b\334\303\310\306\300\bd\254\277\304z\24
 321      6940 958F 
 321      36FE 9BCA 
 321      CBC6 0295 
 321      62DC C3C8 
 322 0096 8156 6646 		.string	"\201VfF\210\n\240N\215\234\314$\375\234\322\264D}\237P7G}\227\242\314\262\324\242b\375\32
 322      880A A04E 
 322      8D9C CC24 
 322      FD9C D2B4 
 322      447D 9F50 
 323 00c8 00        		.string	""
 324 00c9 013E 02   		.ascii	"\001>\002"
 325               		.text
 326               		.section	.gnu.lto_USB_Event_Stub_2.f768258c,"",@progbits
 327 0000 789C 6367 		.string	"x\234cg`f\270\315\300\300\340"
 327      6066 B8CD 
 327      C0C0 E000 
 328 000c C4B2 40CC 		.string	"\304\262@\314\310\314\300\310\324\320\320\340\300\336\310\301\304\310\bb\2614p02\32431\32
 328      C8CC C0C8 
 328      D4D0 D0E0 
 328      C0DE C8C1 
 328      C4C8 0862 
 329 004b E36E 462D 		.string	"\343nF-\240\272\335G\267532k32"
 329      A0BA DD47 
 329      B735 3332 
 329      6B33 3200 
 330 005b D9B3 9A8F 		.string	"\331\263\232\217\177\340\320X\3260\241\251\341\300\033\227\006\236\231\314\214\214{\030\2
 330      7FE0 D058 
 330      D630 A1A9 
 330      E1C0 1B97 
 330      069E 99CC 
 331 00e0 3448 2327 		.string	"4H#'3I?\2474-Q\337'\324\315Q\337\245(\263,\265\250X?4\330I\3379\277(U\337\265,5\257\244X/
 331      3349 3FA7 
 331      342D 51DF 
 331      27D4 CD51 
 331      DFA5 28B3 
 332 011b 00        		.string	""
 333 011c 57D4 5C54 		.ascii	"W\324\\T"
 334               		.text
 335               		.section	.gnu.lto_USB_Event_Stub_3.f768258c,"",@progbits
 336 0000 789C 658F 		.ascii	"x\234e\217\317K\002Q\020\307\347\273oS\301\274\024\035\n\203"
 336      CF4B 0251 
 336      10C7 E7BB 
 336      6F53 C1BC 
 336      141D 0A83 
 337 0014 8E8B C16E 		.ascii	"\216\213\301n?\301c\246y\352\026\236\243d\027\004)P\363\352S"
 337      3FC1 63A6 
 337      79EA 169E 
 337      A364 1704 
 337      2950 F3EA 
 338 0029 B1E8 5644 		.ascii	"\261\350VD\204u\211\2420\b\244K\004Z\275Kt\257\377 \n*<"
 338      8475 89A2 
 338      3008 A44B 
 338      045A BD4B 
 338      74AF FF20 
 339 0040 7408 BC84 		.string	"t\b\274\204\365v\327\27240\360y3\363y\314x\211\321\b\210\242D4,\023\214\240p\316g\274E\23
 339      F576 D7BA 
 339      3430 F079 
 339      33F3 79CC 
 339      7889 D108 
 340 0141 2BA7 7151 		.ascii	"+\247qQ"
 341               		.text
 342               		.section	.gnu.lto_.symbol_nodes.f768258c,"",@progbits
 343 0000 789C 75D0 		.string	"x\234u\320\267\r\200@\020D\3219\356\260\021\336%TA\001H\3645+B\"\352\241\bZ\002\t\223\261
 343      B70D 8040 
 343      1044 D139 
 343      EEB0 11DE 
 343      2554 4101 
 344 002a 5E4B 2C22 		.string	"^K,\"\342\314v"
 344      E2CC 7600 
 345 0032 0476 9970 		.ascii	"\004v\231pCJs\276\r\037\2562?\230\321\3231\247\325\261\240\323"
 345      434A 73BE 
 345      0D1F AE32 
 345      3F98 D1D3 
 345      31A7 D5B1 
 346 0048 B1A4 AF63 		.ascii	"\261\244\257c\305@\307\232\241\216\r#\035;\306\377\003z&\277"
 346      C540 C79A 
 346      A18E 0D23 
 346      1D3B C6FF 
 346      037A 26BF 
 347 005c 800B 200A 		.ascii	"\200\013 \nq*"
 347      712A 
 348               		.text
 349               		.section	.gnu.lto_.refs.f768258c,"",@progbits
 350 0000 789C 15C4 		.string	"x\234\025\304\261\001"
 350      B101 00
 351 0007 2008 C0B0 		.string	" \b\300\260\"*\274\342\377\017J3\244H\036\020\221\323\262\264m\307\256\225\365\304\007\01
 351      222A BCE2 
 351      FF0F 4A33 
 351      A448 1E10 
 351      91D3 B2B4 
 352 0025 78        		.ascii	"x"
 353               		.text
 354               		.section	.gnu.lto_.decls.f768258c,"",@progbits
 355 0000 789C 9D95 		.ascii	"x\234\235\225kL\024W\024\307\357\231\031`Y\330\205\220\306\322"
 355      6B4C 1457 
 355      14C7 EF99 
 355      1960 59D8 
 355      8590 C6D2 
 356 0014 94A6 44D2 		.ascii	"\224\246D\322\324\017\215kJ\233\340\307\026\265I\323\330DK\233"
 356      D40F 8D6B 
 356      4A9B E0C7 
 356      16B5 49D3 
 356      D844 4B9B 
 357 0028 346D C88A 		.ascii	"4m\310\212\263\262\221.vw\241\037;>@\360Q\245\321*`\344\241\326"
 357      B3B2 912E 
 357      7677 A11F 
 357      3B3E 40F0 
 357      51A5 D12A 
 358 0040 A258 B626 		.ascii	"\242X\266&%UjY\267\213\"\370\340\241\345Q\020\025\025\305\007"
 358      2555 6A59 
 358      B78B 22F8 
 358      E0A1 E551 
 358      1015 15C5 
 359 0055 148B 0FB4 		.ascii	"\024\213\017\264\322s\357\235\035\006\031\032\313\rwf\317\343"
 359      D273 EF9D 
 359      1D06 191A 
 359      CB0D 7766 
 359      CFE3 
 360 0067 FEEF EF9C 		.ascii	"\376\357\357\234;\341F\020\221\274\037IH+\020r\236\0202\216C"
 360      3BE1 4610 
 360      91BC 1F49 
 360      482B 1072 
 360      9E10 328E 
 361 007c C277 2B4E 		.ascii	"\302w+Nt\021?\341#\ng\020g\007\316^\234\3758o\342\034\3029\212"
 361      7411 3FE1 
 361      230A 6710 
 361      6707 CE5E 
 361      9CFD 386F 
 362 0095 F331 CDC7 		.ascii	"\3631\315\307\005\3418\243\201L\031\205\300\3652"
 362      05E1 38A3 
 362      814C 1985 
 362      C0F5 32
 363 00a4 551B 54BD 		.string	"U\033T\275g\207E DP\363\374\272\334p\003\315\227\246\3115\332\277H\204\374\272\212^\251@\
 363      6787 4520 
 363      4450 F3FC 
 363      BADC 7003 
 363      CD97 A6C9 
 364 01a5 769D B69C 		.string	"v\235\266\234n\023`\207\006\307\241\017\222\367!G\020\222p\371\321\342\007\305\0261\037\3
 364      6E13 6087 
 364      06C7 A10F 
 364      92F7 2147 
 364      1092 70F9 
 365 0211 8D68 6276 		.string	"\215hbvCQ\315\036\201k\305\240\271\255\261\251\314\302\265\036\322\360\205\207\307\306\24
 365      4351 CD1E 
 365      816B C5A0 
 365      B9AD B1A9 
 365      CCC2 B51E 
 366 0238 A806 EAA7 		.ascii	"\250\006\352\247\246\350>\265\263X\3649\246\337\212\031-\270"
 366      A6E8 3EB5 
 366      B358 F439 
 366      A6DF 8A19 
 366      2DB8 
 367 024a 4189 8269 		.ascii	"A\211\202i\303_3o\211bboT=\334\321\273\335\022\267\225\"\322"
 367      C35F 336F 
 367      8962 626F 
 367      543D DCD1 
 367      BBDD 12B7 
 368 0261 071E 0B06 		.ascii	"\007\036\013\006\340\f.:\315 \333 .\204\312\272S}\251*jv\025"
 368      E00C 2E3A 
 368      CD20 DB20 
 368      2E84 CABA 
 368      537D A92A 
 369 0278 942B 3B13 		.ascii	"\224+;\023Y\f}#\373\017\226I\330$\002\3550\233eU\325\267\357"
 369      590C 7D23 
 369      FB0F 9649 
 369      D824 02ED 
 369      309B 6555 
 370 028f 0C13 8FF0 		.ascii	"\f\023\217\360\036V\017\034>\020C{x\001\231\316\203\004'AbIE"
 370      1E56 0F1C 
 370      3E10 437B 
 370      7801 99CE 
 370      8304 2741 
 371 02a6 F79E 46E2 		.ascii	"\367\236F\342\241\225\373\025\377x\315\234\236\332m\212\222/"
 371      A195 FB15 
 371      FF78 CD9C 
 371      9EDA 6D8A 
 371      922F 
 372 02b8 B1A3 8586 		.ascii	"\261\243\205\206\320\231\301\037\230LM\365c\351`\007vldw\255"
 372      D099 C11F 
 372      984C 4DF5 
 372      63E9 6007 
 372      766C 6477 
 373 02cd 59BC 31DD 		.ascii	"Y\2741\335\031\3757d\267\n9\211\353O\344\352\342\\\201}\375\277"
 373      19FD 3764 
 373      B70A 3989 
 373      EB4F E4EA 
 373      E25C 817D 
 374 02e3 5855 AEEE 		.ascii	"XU\256\356\317\362\024\377j`L\235\032S\017e\352\324\230z\031"
 374      CFF2 14FF 
 374      6A60 4C9D 
 374      1A53 0F65 
 374      EAD4 987A 
 375 02f8 53CF D886 		.ascii	"S\317\330\206C\341\342:aFL\227\214\230.#S\037g\272S\034\034\r"
 375      43E1 E23A 
 375      6146 4C97 
 375      8C98 2E23 
 375      531F 67BA 
 376 0310 5799 AEE8 		.ascii	"W\231\256\350\230.jLW(\323E\215\251\2371\335l<\273=F\334;3\246"
 376      982E 6A4C 
 376      5728 D345 
 376      8DA9 9F31 
 376      DD6C 3CBB 
 377 032a EB46 4C03 		.ascii	"\353FL\003\310t\2153\375\\\371 \020\2452\r\352\230\256jL7(\323"
 377      C874 8D33 
 377      FD5C F920 
 377      10A5 320D 
 377      EA98 AE6A 
 378 0342 558D E926 		.ascii	"U\215\351&c\332RQu\\\020\233f\306t\333\210\351\0162\335\342L"
 378      63DA 5251 
 378      755C 109B 
 378      66C6 74DB 
 378      88E9 0E32 
 379 0359 6DBB F3B4 		.ascii	"m\273\363\264>\215\350\230\0065\246\273\224iPc\032bL\276\272"
 379      3E8D E898 
 379      0635 A6BB 
 379      9469 5063 
 379      1A62 4CBE 
 380 036e D2CD 92D8 		.ascii	"\322\315\222\330?3\246\021#\246{\310\364\027g\032\272[\230\254"
 380      3F33 A611 
 380      23A6 7BC8 
 380      F417 671A 
 380      BA5B 98AC 
 381 0382 228D E990 		.ascii	"\"\215\351\220\2065\244\277)\322\260\2064\312\220\312\326\265"
 381      8635 A4BF 
 381      29D2 B086 
 381      34CA 90CA 
 381      D6B5 
 382 0394 FB62 C4C7 		.ascii	"\373b\304\3073Czh\204\364\b\221\036p\244[\347\3566G\253L\201"
 382      3343 7A68 
 382      84F4 0891 
 382      1E70 A45B 
 382      E7EE 3647 
 383 03ab CF27 98EE 		.ascii	"\317'\230\356kLc\224\351\276\306\364\2301\225\1773:n\021\277"
 383      6B4C 6394 
 383      E9BE C6F4 
 383      9831 957F 
 383      333A 6E11 
 384 03c0 1567 C4F4 		.ascii	"\025g\304\364\324\210i\034\231\376\341L\365\265\233\203&\225"
 384      D488 691C 
 384      99FE E14C 
 384      F5B5 9B83 
 384      2695 
 385 03d2 A949 C7F4 		.ascii	"\251I\307\364DcR\004dz\2421\255\026\030\323\372\356] \3728S\327"
 385      4463 5204 
 385      647A A231 
 385      AD16 18D3 
 385      FAEE 5D20 
 386 03ea C0E5 AD26 		.ascii	"\300\345\255&\263\301\277C\243\233\227\036\315\365\261\306HF"
 386      B3C1 BF43 
 386      A39B 971E 
 386      CDF5 B1C6 
 386      4846 
 387 03fc B756 30D3 		.ascii	"\267V0\323\333\204j\f\006wZ\246\271u\362\004z\353\254\023\324"
 387      DB84 6A0C 
 387      0677 5AA6 
 387      B975 F204 
 387      7AEB AC13 
 388 0411 6BA7 A1E1 		.ascii	"k\247\241\341\247-\264\215>v\355$^\323\256\035\314\2035\302\304"
 388      A72D B48D 
 388      3E76 ED24 
 388      5ED3 AE1D 
 388      CC83 35C2 
 389 0426 B583 BFB5 		.ascii	"\265\203\277\265kg#^;\371\f\275\363\326\355\312\b\3618G7D\371"
 389      6B67 235E 
 389      3BF9 0CBD 
 389      F3D6 EDCA 
 389      08F1 3847 
 390 043d 9FE5 B40E 		.ascii	"\237\345\264\0164\226\2061\215B\324(\020\230\310\321\346ku\342"
 390      3496 8631 
 390      8D42 D428 
 390      1098 C8D1 
 390      E66B 75E2 
 391 0451 34F5 6C64 		.ascii	"4\365ld\365l\b\325s\"\320^\fj=#i\312&\\\022Ks`\275\256\226\365"
 391      F56C 08D5 
 391      7322 D05E 
 391      0C6A 3D23 
 391      69CA 265C 
 392 046d BA5A 1C04 		.ascii	"\272Z\034\0046\tI\344\365,\3472[V\216\303n\373 m\321;\266\005"
 392      3609 49E4 
 392      F52C E732 
 392      5B56 8EC3 
 392      6EFB 206D 
 393 0485 6E67 AEEC 		.ascii	"ng\256\354\366\330\322\226\276kK\315v\313\266\205\271\262\313"
 393      F6D8 D296 
 393      BE6B 4BCD 
 393      76CB B685 
 393      B9B2 CB
 394 0498 EB99 9B61 		.ascii	"\353\231\233azoqZb\352\374\371$.\344\231\373v\212\303\361V\206"
 394      7A6F 715A 
 394      62EA FCF9 
 394      242E E499 
 394      FB76 8AC3 
 395 04af 2385 44E4 		.ascii	"#\205D\3448]\336\224t\257\025W\245\263p\372Ro\316\2629\317)M"
 395      385D DE94 
 395      74AF 1557 
 395      A5B3 70FA 
 395      526F CEB2 
 396 04c7 E217 7EBC 		.ascii	"\342\027~\274p\361G\351t\365\0029\327\231!\247\247f\273\\r\206"
 396      70F1 47E9 
 396      74F5 0239 
 396      D799 21A7 
 396      A766 BB5C 
 397 04dd 57FA 4AB6 		.ascii	"W\372J\266\257\22422\355\356\230\311\322$\314\236\345\264{\236"
 397      AF94 3232 
 397      EDEE 98C9 
 397      D224 CC9E 
 397      E5B4 7B9E 
 398 04f1 7387 4CF2 		.ascii	"s\207L\362\362\224\035\0268=\031|\223W\215v\367\272\263\263\226"
 398      F294 1D16 
 398      383D 197C 
 398      9357 8D76 
 398      F7BA B3B3 
 399 0506 C85F E6C8 		.ascii	"\310_\346\310\036\357kFq\207sE\216\333\356uf\273R3\355\256\025"
 399      1EEF 6B46 
 399      7187 7345 
 399      8EDB EE75 
 399      66BB 5233 
 400 051d F2F2 A935 		.ascii	"\362\362\2515,\315\361\254\222]\313_\234\022\370\304\276RN[5"
 400      2CCD F1AC 
 400      925D CB5F 
 400      9C12 F8C4 
 400      BE52 4E5B 
 401 0532 6B8A 7F89 		.ascii	"k\212\177\211\354\221\275\257L\325\361\332\335\336\017\035\213"
 401      EC91 BDAF 
 401      4CD5 F1DA 
 401      DDDE 0F1D 
 401      8B
 402 0543 DCF6 2FE4 		.ascii	"\334\366/\344\330\311mH\177\363YG\362\277\204\2345X"
 402      D8C9 6D48 
 402      7FF3 5947 
 402      F2BF 849C 
 402      3558 
 403               		.text
 404               		.section	.gnu.lto_.symtab.f768258c,"",@progbits
 405 0000 5553 425F 		.string	"USB_Event_Stub"
 405      4576 656E 
 405      745F 5374 
 405      7562 00
 406 000f 00        		.string	""
 407 0010 00        		.string	""
 408 0011 00        		.string	""
 409 0012 00        		.string	""
 410 0013 00        		.string	""
 411 0014 00        		.string	""
 412 0015 00        		.string	""
 413 0016 00        		.string	""
 414 0017 00        		.string	""
 415 0018 00        		.string	""
 416 0019 00        		.string	""
 417 001a C400      		.string	"\304"
 418 001c 00        		.string	""
 419 001d 00        		.string	""
 420 001e 4556 454E 		.string	"EVENT_USB_Device_Connect"
 420      545F 5553 
 420      425F 4465 
 420      7669 6365 
 420      5F43 6F6E 
 421 0037 00        		.string	""
 422 0038 01        		.ascii	"\001"
 423 0039 00        		.string	""
 424 003a 00        		.string	""
 425 003b 00        		.string	""
 426 003c 00        		.string	""
 427 003d 00        		.string	""
 428 003e 00        		.string	""
 429 003f 00        		.string	""
 430 0040 00        		.string	""
 431 0041 00        		.string	""
 432 0042 D700      		.string	"\327"
 433 0044 00        		.string	""
 434 0045 00        		.string	""
 435 0046 4556 454E 		.string	"EVENT_USB_Device_Disconnect"
 435      545F 5553 
 435      425F 4465 
 435      7669 6365 
 435      5F44 6973 
 436 0062 00        		.string	""
 437 0063 01        		.ascii	"\001"
 438 0064 00        		.string	""
 439 0065 00        		.string	""
 440 0066 00        		.string	""
 441 0067 00        		.string	""
 442 0068 00        		.string	""
 443 0069 00        		.string	""
 444 006a 00        		.string	""
 445 006b 00        		.string	""
 446 006c 00        		.string	""
 447 006d DD00      		.string	"\335"
 448 006f 00        		.string	""
 449 0070 00        		.string	""
 450 0071 4556 454E 		.string	"EVENT_USB_Device_ControlRequest"
 450      545F 5553 
 450      425F 4465 
 450      7669 6365 
 450      5F43 6F6E 
 451 0091 00        		.string	""
 452 0092 01        		.ascii	"\001"
 453 0093 00        		.string	""
 454 0094 00        		.string	""
 455 0095 00        		.string	""
 456 0096 00        		.string	""
 457 0097 00        		.string	""
 458 0098 00        		.string	""
 459 0099 00        		.string	""
 460 009a 00        		.string	""
 461 009b 00        		.string	""
 462 009c E300      		.string	"\343"
 463 009e 00        		.string	""
 464 009f 00        		.string	""
 465 00a0 4556 454E 		.string	"EVENT_USB_Device_ConfigurationChanged"
 465      545F 5553 
 465      425F 4465 
 465      7669 6365 
 465      5F43 6F6E 
 466 00c6 00        		.string	""
 467 00c7 01        		.ascii	"\001"
 468 00c8 00        		.string	""
 469 00c9 00        		.string	""
 470 00ca 00        		.string	""
 471 00cb 00        		.string	""
 472 00cc 00        		.string	""
 473 00cd 00        		.string	""
 474 00ce 00        		.string	""
 475 00cf 00        		.string	""
 476 00d0 00        		.string	""
 477 00d1 E900      		.string	"\351"
 478 00d3 00        		.string	""
 479 00d4 00        		.string	""
 480 00d5 4556 454E 		.string	"EVENT_USB_Device_Suspend"
 480      545F 5553 
 480      425F 4465 
 480      7669 6365 
 480      5F53 7573 
 481 00ee 00        		.string	""
 482 00ef 01        		.ascii	"\001"
 483 00f0 00        		.string	""
 484 00f1 00        		.string	""
 485 00f2 00        		.string	""
 486 00f3 00        		.string	""
 487 00f4 00        		.string	""
 488 00f5 00        		.string	""
 489 00f6 00        		.string	""
 490 00f7 00        		.string	""
 491 00f8 00        		.string	""
 492 00f9 EF00      		.string	"\357"
 493 00fb 00        		.string	""
 494 00fc 00        		.string	""
 495 00fd 4556 454E 		.string	"EVENT_USB_Device_WakeUp"
 495      545F 5553 
 495      425F 4465 
 495      7669 6365 
 495      5F57 616B 
 496 0115 00        		.string	""
 497 0116 01        		.ascii	"\001"
 498 0117 00        		.string	""
 499 0118 00        		.string	""
 500 0119 00        		.string	""
 501 011a 00        		.string	""
 502 011b 00        		.string	""
 503 011c 00        		.string	""
 504 011d 00        		.string	""
 505 011e 00        		.string	""
 506 011f 00        		.string	""
 507 0120 F500      		.string	"\365"
 508 0122 00        		.string	""
 509 0123 00        		.string	""
 510 0124 4556 454E 		.string	"EVENT_USB_Device_Reset"
 510      545F 5553 
 510      425F 4465 
 510      7669 6365 
 510      5F52 6573 
 511 013b 00        		.string	""
 512 013c 01        		.ascii	"\001"
 513 013d 00        		.string	""
 514 013e 00        		.string	""
 515 013f 00        		.string	""
 516 0140 00        		.string	""
 517 0141 00        		.string	""
 518 0142 00        		.string	""
 519 0143 00        		.string	""
 520 0144 00        		.string	""
 521 0145 00        		.string	""
 522 0146 FB00      		.string	"\373"
 523 0148 00        		.string	""
 524 0149 00        		.string	""
 525 014a 4556 454E 		.string	"EVENT_USB_Device_StartOfFrame"
 525      545F 5553 
 525      425F 4465 
 525      7669 6365 
 525      5F53 7461 
 526 0168 00        		.string	""
 527 0169 01        		.ascii	"\001"
 528 016a 00        		.string	""
 529 016b 00        		.string	""
 530 016c 00        		.string	""
 531 016d 00        		.string	""
 532 016e 00        		.string	""
 533 016f 00        		.string	""
 534 0170 00        		.string	""
 535 0171 00        		.string	""
 536 0172 00        		.string	""
 537 0173 0101 00   		.string	"\001\001"
 538 0176 00        		.string	""
 539 0177 5553 425F 		.string	"USB_Event_Stub_2"
 539      4576 656E 
 539      745F 5374 
 539      7562 5F32 
 539      00
 540 0188 00        		.string	""
 541 0189 00        		.string	""
 542 018a 00        		.string	""
 543 018b 00        		.string	""
 544 018c 00        		.string	""
 545 018d 00        		.string	""
 546 018e 00        		.string	""
 547 018f 00        		.string	""
 548 0190 00        		.string	""
 549 0191 00        		.string	""
 550 0192 00        		.string	""
 551 0193 0601 00   		.string	"\006\001"
 552 0196 00        		.string	""
 553 0197 5553 425F 		.string	"USB_Event_Stub_3"
 553      4576 656E 
 553      745F 5374 
 553      7562 5F33 
 553      00
 554 01a8 00        		.string	""
 555 01a9 00        		.string	""
 556 01aa 00        		.string	""
 557 01ab 00        		.string	""
 558 01ac 00        		.string	""
 559 01ad 00        		.string	""
 560 01ae 00        		.string	""
 561 01af 00        		.string	""
 562 01b0 00        		.string	""
 563 01b1 00        		.string	""
 564 01b2 00        		.string	""
 565 01b3 0C01 00   		.string	"\f\001"
 566 01b6 00        		.string	""
 567               		.text
 568               		.section	.gnu.lto_.opts,"",@progbits
 569 0000 272D 666E 		.ascii	"'-fn"
 570 0004 6F2D 6F70 		.string	"o-openmp' '-fno-openacc' '-fno-pie' '-mn-flash=1' '-mno-skip-bug' '-mmcu=avr5' '-Os' '-We
 570      656E 6D70 
 570      2720 272D 
 570      666E 6F2D 
 570      6F70 656E 
 571               		.text
 572               		.comm	__gnu_lto_v1,1,1
 573               		.comm	__gnu_lto_slim,1,1
 574               		.ident	"GCC: (GNU) 8.4.0"
DEFINED SYMBOLS
                            *ABS*:0000000000000000 Events.c
C:\Users\Roningo\AppData\Local\Temp\ccEhVbs8.s:2      *ABS*:000000000000003e __SP_H__
C:\Users\Roningo\AppData\Local\Temp\ccEhVbs8.s:3      *ABS*:000000000000003d __SP_L__
C:\Users\Roningo\AppData\Local\Temp\ccEhVbs8.s:4      *ABS*:000000000000003f __SREG__
C:\Users\Roningo\AppData\Local\Temp\ccEhVbs8.s:5      *ABS*:0000000000000000 __tmp_reg__
C:\Users\Roningo\AppData\Local\Temp\ccEhVbs8.s:6      *ABS*:0000000000000001 __zero_reg__
C:\Users\Roningo\AppData\Local\Temp\ccEhVbs8.s:13     .gnu.debuglto_.debug_info:0000000000000000 Events.c.58ff4cf8
                            *COM*:0000000000000001 __gnu_lto_v1
                            *COM*:0000000000000001 __gnu_lto_slim

NO UNDEFINED SYMBOLS
