   1               		.file	"rev1.c"
   2               	__SP_H__ = 0x3e
   3               	__SP_L__ = 0x3d
   4               	__SREG__ = 0x3f
   5               	__tmp_reg__ = 0
   6               	__zero_reg__ = 1
   7               		.file 1 "e:\\game\\msys2\\mingw64\\avr\\include\\stdint.h"
   8               		.file 2 "e:\\game\\msys2\\mingw64\\lib\\gcc\\avr\\8.4.0\\include\\stddef.h"
   9               		.file 3 "tmk_core/common/report.h"
  10               		.file 4 "tmk_core/common/action.h"
  11               		.file 5 "tmk_core/common/host.h"
  12               		.file 6 "tmk_core/common/avr/xprintf.h"
  13               		.file 7 "tmk_core/common/debug.h"
  14               		.file 8 "quantum/keycode_config.h"
  15               		.file 9 "tmk_core/common/timer.h"
  16               		.file 10 "quantum/sequencer/sequencer.h"
  17               		.file 11 "quantum/keymap.h"
  18               		.file 12 "./quantum/color.h"
  19               		.file 13 "quantum/rgblight.h"
  20               		.file 14 "tmk_core/common/action_layer.h"
  21               		.file 15 "tmk_core/common/action_util.h"
  22               		.file 16 "quantum/send_string.h"
  23               		.file 17 "e:\\game\\msys2\\mingw64\\avr\\include\\stdlib.h"
  24               		.file 18 "quantum/process_keycode/process_tap_dance.h"
  25               		.section	.gnu.debuglto_.debug_info,"",@progbits
  26               	.Ldebug_info0:
  27               		.hidden	rev1.c.8da1924c
  28               		.weak	rev1.c.8da1924c
  29               	rev1.c.8da1924c:
  30 0000 5A09 0000 		.long	0x95a
  31 0004 0200      		.word	0x2
  32 0006 0000 0000 		.long	.Ldebug_abbrev0
  33 000a 04        		.byte	0x4
  34 000b 01        		.uleb128 0x1
  35 000c 0000 0000 		.long	.LASF128
  36 0010 0C        		.byte	0xc
  37 0011 0000 0000 		.long	.LASF129
  38 0015 0000 0000 		.long	.LASF130
  39 0019 0000 0000 		.long	.Ldebug_line0
  40 001d 02        		.uleb128 0x2
  41 001e 0000 0000 		.long	.LASF0
  42 0022 01        		.byte	0x1
  43 0023 7D        		.byte	0x7d
  44 0024 14        		.byte	0x14
  45 0025 2900 0000 		.long	0x29
  46 0029 03        		.uleb128 0x3
  47 002a 01        		.byte	0x1
  48 002b 06        		.byte	0x6
  49 002c 0000 0000 		.long	.LASF2
  50 0030 02        		.uleb128 0x2
  51 0031 0000 0000 		.long	.LASF1
  52 0035 01        		.byte	0x1
  53 0036 7E        		.byte	0x7e
  54 0037 16        		.byte	0x16
  55 0038 4100 0000 		.long	0x41
  56 003c 04        		.uleb128 0x4
  57 003d 3000 0000 		.long	0x30
  58 0041 03        		.uleb128 0x3
  59 0042 01        		.byte	0x1
  60 0043 08        		.byte	0x8
  61 0044 0000 0000 		.long	.LASF3
  62 0048 05        		.uleb128 0x5
  63 0049 02        		.byte	0x2
  64 004a 05        		.byte	0x5
  65 004b 696E 7400 		.string	"int"
  66 004f 02        		.uleb128 0x2
  67 0050 0000 0000 		.long	.LASF4
  68 0054 01        		.byte	0x1
  69 0055 80        		.byte	0x80
  70 0056 16        		.byte	0x16
  71 0057 6000 0000 		.long	0x60
  72 005b 04        		.uleb128 0x4
  73 005c 4F00 0000 		.long	0x4f
  74 0060 03        		.uleb128 0x3
  75 0061 02        		.byte	0x2
  76 0062 07        		.byte	0x7
  77 0063 0000 0000 		.long	.LASF5
  78 0067 03        		.uleb128 0x3
  79 0068 04        		.byte	0x4
  80 0069 05        		.byte	0x5
  81 006a 0000 0000 		.long	.LASF6
  82 006e 02        		.uleb128 0x2
  83 006f 0000 0000 		.long	.LASF7
  84 0073 01        		.byte	0x1
  85 0074 82        		.byte	0x82
  86 0075 16        		.byte	0x16
  87 0076 7F00 0000 		.long	0x7f
  88 007a 06        		.uleb128 0x6
  89 007b 6E00 0000 		.long	0x6e
  90 007f 03        		.uleb128 0x3
  91 0080 04        		.byte	0x4
  92 0081 07        		.byte	0x7
  93 0082 0000 0000 		.long	.LASF8
  94 0086 03        		.uleb128 0x3
  95 0087 08        		.byte	0x8
  96 0088 05        		.byte	0x5
  97 0089 0000 0000 		.long	.LASF9
  98 008d 03        		.uleb128 0x3
  99 008e 08        		.byte	0x8
 100 008f 07        		.byte	0x7
 101 0090 0000 0000 		.long	.LASF10
 102 0094 02        		.uleb128 0x2
 103 0095 0000 0000 		.long	.LASF11
 104 0099 02        		.byte	0x2
 105 009a D8        		.byte	0xd8
 106 009b 17        		.byte	0x17
 107 009c 6000 0000 		.long	0x60
 108 00a0 03        		.uleb128 0x3
 109 00a1 01        		.byte	0x1
 110 00a2 02        		.byte	0x2
 111 00a3 0000 0000 		.long	.LASF12
 112 00a7 07        		.uleb128 0x7
 113 00a8 0000 0000 		.long	.LASF17
 114 00ac 04        		.byte	0x4
 115 00ad 4B        		.byte	0x4b
 116 00ae 0D        		.byte	0xd
 117 00af A000 0000 		.long	0xa0
 118 00b3 01        		.byte	0x1
 119 00b4 01        		.byte	0x1
 120 00b5 08        		.uleb128 0x8
 121 00b6 08        		.byte	0x8
 122 00b7 03        		.byte	0x3
 123 00b8 AD        		.byte	0xad
 124 00b9 05        		.byte	0x5
 125 00ba EC00 0000 		.long	0xec
 126 00be 09        		.uleb128 0x9
 127 00bf 0000 0000 		.long	.LASF13
 128 00c3 03        		.byte	0x3
 129 00c4 B1        		.byte	0xb1
 130 00c5 11        		.byte	0x11
 131 00c6 3000 0000 		.long	0x30
 132 00ca 02        		.byte	0x2
 133 00cb 23        		.byte	0x23
 134 00cc 00        		.uleb128 0
 135 00cd 09        		.uleb128 0x9
 136 00ce 0000 0000 		.long	.LASF14
 137 00d2 03        		.byte	0x3
 138 00d3 B2        		.byte	0xb2
 139 00d4 11        		.byte	0x11
 140 00d5 3000 0000 		.long	0x30
 141 00d9 02        		.byte	0x2
 142 00da 23        		.byte	0x23
 143 00db 01        		.uleb128 0x1
 144 00dc 09        		.uleb128 0x9
 145 00dd 0000 0000 		.long	.LASF15
 146 00e1 03        		.byte	0x3
 147 00e2 B3        		.byte	0xb3
 148 00e3 11        		.byte	0x11
 149 00e4 EC00 0000 		.long	0xec
 150 00e8 02        		.byte	0x2
 151 00e9 23        		.byte	0x23
 152 00ea 02        		.uleb128 0x2
 153 00eb 00        		.byte	0
 154 00ec 0A        		.uleb128 0xa
 155 00ed 3000 0000 		.long	0x30
 156 00f1 FC00 0000 		.long	0xfc
 157 00f5 0B        		.uleb128 0xb
 158 00f6 6000 0000 		.long	0x60
 159 00fa 05        		.byte	0x5
 160 00fb 00        		.byte	0
 161 00fc 0C        		.uleb128 0xc
 162 00fd 08        		.byte	0x8
 163 00fe 03        		.byte	0x3
 164 00ff AB        		.byte	0xab
 165 0100 09        		.byte	0x9
 166 0101 1701 0000 		.long	0x117
 167 0105 0D        		.uleb128 0xd
 168 0106 7261 7700 		.string	"raw"
 169 010a 03        		.byte	0x3
 170 010b AC        		.byte	0xac
 171 010c 0D        		.byte	0xd
 172 010d 1701 0000 		.long	0x117
 173 0111 0E        		.uleb128 0xe
 174 0112 B500 0000 		.long	0xb5
 175 0116 00        		.byte	0
 176 0117 0A        		.uleb128 0xa
 177 0118 3000 0000 		.long	0x30
 178 011c 2701 0000 		.long	0x127
 179 0120 0B        		.uleb128 0xb
 180 0121 6000 0000 		.long	0x60
 181 0125 07        		.byte	0x7
 182 0126 00        		.byte	0
 183 0127 02        		.uleb128 0x2
 184 0128 0000 0000 		.long	.LASF16
 185 012c 03        		.byte	0x3
 186 012d BE        		.byte	0xbe
 187 012e 1B        		.byte	0x1b
 188 012f FC00 0000 		.long	0xfc
 189 0133 0F        		.uleb128 0xf
 190 0134 02        		.byte	0x2
 191 0135 2701 0000 		.long	0x127
 192 0139 07        		.uleb128 0x7
 193 013a 0000 0000 		.long	.LASF18
 194 013e 05        		.byte	0x5
 195 013f 24        		.byte	0x24
 196 0140 10        		.byte	0x10
 197 0141 3000 0000 		.long	0x30
 198 0145 01        		.byte	0x1
 199 0146 01        		.byte	0x1
 200 0147 07        		.uleb128 0x7
 201 0148 0000 0000 		.long	.LASF19
 202 014c 05        		.byte	0x5
 203 014d 25        		.byte	0x25
 204 014e 10        		.byte	0x10
 205 014f 3000 0000 		.long	0x30
 206 0153 01        		.byte	0x1
 207 0154 01        		.byte	0x1
 208 0155 10        		.uleb128 0x10
 209 0156 01        		.byte	0x1
 210 0157 6101 0000 		.long	0x161
 211 015b 11        		.uleb128 0x11
 212 015c 3000 0000 		.long	0x30
 213 0160 00        		.byte	0
 214 0161 07        		.uleb128 0x7
 215 0162 0000 0000 		.long	.LASF20
 216 0166 06        		.byte	0x6
 217 0167 0E        		.byte	0xe
 218 0168 0F        		.byte	0xf
 219 0169 6F01 0000 		.long	0x16f
 220 016d 01        		.byte	0x1
 221 016e 01        		.byte	0x1
 222 016f 0F        		.uleb128 0xf
 223 0170 02        		.byte	0x2
 224 0171 5501 0000 		.long	0x155
 225 0175 08        		.uleb128 0x8
 226 0176 01        		.byte	0x1
 227 0177 07        		.byte	0x7
 228 0178 1F        		.byte	0x1f
 229 0179 05        		.byte	0x5
 230 017a D901 0000 		.long	0x1d9
 231 017e 12        		.uleb128 0x12
 232 017f 0000 0000 		.long	.LASF21
 233 0183 07        		.byte	0x7
 234 0184 20        		.byte	0x20
 235 0185 11        		.byte	0x11
 236 0186 A000 0000 		.long	0xa0
 237 018a 01        		.byte	0x1
 238 018b 01        		.byte	0x1
 239 018c 07        		.byte	0x7
 240 018d 02        		.byte	0x2
 241 018e 23        		.byte	0x23
 242 018f 00        		.uleb128 0
 243 0190 12        		.uleb128 0x12
 244 0191 0000 0000 		.long	.LASF22
 245 0195 07        		.byte	0x7
 246 0196 21        		.byte	0x21
 247 0197 11        		.byte	0x11
 248 0198 A000 0000 		.long	0xa0
 249 019c 01        		.byte	0x1
 250 019d 01        		.byte	0x1
 251 019e 06        		.byte	0x6
 252 019f 02        		.byte	0x2
 253 01a0 23        		.byte	0x23
 254 01a1 00        		.uleb128 0
 255 01a2 12        		.uleb128 0x12
 256 01a3 0000 0000 		.long	.LASF23
 257 01a7 07        		.byte	0x7
 258 01a8 22        		.byte	0x22
 259 01a9 11        		.byte	0x11
 260 01aa A000 0000 		.long	0xa0
 261 01ae 01        		.byte	0x1
 262 01af 01        		.byte	0x1
 263 01b0 05        		.byte	0x5
 264 01b1 02        		.byte	0x2
 265 01b2 23        		.byte	0x23
 266 01b3 00        		.uleb128 0
 267 01b4 12        		.uleb128 0x12
 268 01b5 0000 0000 		.long	.LASF24
 269 01b9 07        		.byte	0x7
 270 01ba 23        		.byte	0x23
 271 01bb 11        		.byte	0x11
 272 01bc A000 0000 		.long	0xa0
 273 01c0 01        		.byte	0x1
 274 01c1 01        		.byte	0x1
 275 01c2 04        		.byte	0x4
 276 01c3 02        		.byte	0x2
 277 01c4 23        		.byte	0x23
 278 01c5 00        		.uleb128 0
 279 01c6 12        		.uleb128 0x12
 280 01c7 0000 0000 		.long	.LASF14
 281 01cb 07        		.byte	0x7
 282 01cc 24        		.byte	0x24
 283 01cd 11        		.byte	0x11
 284 01ce 3000 0000 		.long	0x30
 285 01d2 01        		.byte	0x1
 286 01d3 04        		.byte	0x4
 287 01d4 00        		.byte	0
 288 01d5 02        		.byte	0x2
 289 01d6 23        		.byte	0x23
 290 01d7 00        		.uleb128 0
 291 01d8 00        		.byte	0
 292 01d9 0C        		.uleb128 0xc
 293 01da 01        		.byte	0x1
 294 01db 07        		.byte	0x7
 295 01dc 1E        		.byte	0x1e
 296 01dd 09        		.byte	0x9
 297 01de F401 0000 		.long	0x1f4
 298 01e2 0E        		.uleb128 0xe
 299 01e3 7501 0000 		.long	0x175
 300 01e7 0D        		.uleb128 0xd
 301 01e8 7261 7700 		.string	"raw"
 302 01ec 07        		.byte	0x7
 303 01ed 26        		.byte	0x26
 304 01ee 0D        		.byte	0xd
 305 01ef 3000 0000 		.long	0x30
 306 01f3 00        		.byte	0
 307 01f4 02        		.uleb128 0x2
 308 01f5 0000 0000 		.long	.LASF25
 309 01f9 07        		.byte	0x7
 310 01fa 27        		.byte	0x27
 311 01fb 03        		.byte	0x3
 312 01fc D901 0000 		.long	0x1d9
 313 0200 07        		.uleb128 0x7
 314 0201 0000 0000 		.long	.LASF26
 315 0205 07        		.byte	0x7
 316 0206 29        		.byte	0x29
 317 0207 17        		.byte	0x17
 318 0208 F401 0000 		.long	0x1f4
 319 020c 01        		.byte	0x1
 320 020d 01        		.byte	0x1
 321 020e 08        		.uleb128 0x8
 322 020f 02        		.byte	0x2
 323 0210 08        		.byte	0x8
 324 0211 1D        		.byte	0x1d
 325 0212 05        		.byte	0x5
 326 0213 DE02 0000 		.long	0x2de
 327 0217 12        		.uleb128 0x12
 328 0218 0000 0000 		.long	.LASF27
 329 021c 08        		.byte	0x8
 330 021d 1E        		.byte	0x1e
 331 021e 0E        		.byte	0xe
 332 021f A000 0000 		.long	0xa0
 333 0223 01        		.byte	0x1
 334 0224 01        		.byte	0x1
 335 0225 07        		.byte	0x7
 336 0226 02        		.byte	0x2
 337 0227 23        		.byte	0x23
 338 0228 00        		.uleb128 0
 339 0229 12        		.uleb128 0x12
 340 022a 0000 0000 		.long	.LASF28
 341 022e 08        		.byte	0x8
 342 022f 1F        		.byte	0x1f
 343 0230 0E        		.byte	0xe
 344 0231 A000 0000 		.long	0xa0
 345 0235 01        		.byte	0x1
 346 0236 01        		.byte	0x1
 347 0237 06        		.byte	0x6
 348 0238 02        		.byte	0x2
 349 0239 23        		.byte	0x23
 350 023a 00        		.uleb128 0
 351 023b 12        		.uleb128 0x12
 352 023c 0000 0000 		.long	.LASF29
 353 0240 08        		.byte	0x8
 354 0241 20        		.byte	0x20
 355 0242 0E        		.byte	0xe
 356 0243 A000 0000 		.long	0xa0
 357 0247 01        		.byte	0x1
 358 0248 01        		.byte	0x1
 359 0249 05        		.byte	0x5
 360 024a 02        		.byte	0x2
 361 024b 23        		.byte	0x23
 362 024c 00        		.uleb128 0
 363 024d 12        		.uleb128 0x12
 364 024e 0000 0000 		.long	.LASF30
 365 0252 08        		.byte	0x8
 366 0253 21        		.byte	0x21
 367 0254 0E        		.byte	0xe
 368 0255 A000 0000 		.long	0xa0
 369 0259 01        		.byte	0x1
 370 025a 01        		.byte	0x1
 371 025b 04        		.byte	0x4
 372 025c 02        		.byte	0x2
 373 025d 23        		.byte	0x23
 374 025e 00        		.uleb128 0
 375 025f 12        		.uleb128 0x12
 376 0260 0000 0000 		.long	.LASF31
 377 0264 08        		.byte	0x8
 378 0265 22        		.byte	0x22
 379 0266 0E        		.byte	0xe
 380 0267 A000 0000 		.long	0xa0
 381 026b 01        		.byte	0x1
 382 026c 01        		.byte	0x1
 383 026d 03        		.byte	0x3
 384 026e 02        		.byte	0x2
 385 026f 23        		.byte	0x23
 386 0270 00        		.uleb128 0
 387 0271 12        		.uleb128 0x12
 388 0272 0000 0000 		.long	.LASF32
 389 0276 08        		.byte	0x8
 390 0277 23        		.byte	0x23
 391 0278 0E        		.byte	0xe
 392 0279 A000 0000 		.long	0xa0
 393 027d 01        		.byte	0x1
 394 027e 01        		.byte	0x1
 395 027f 02        		.byte	0x2
 396 0280 02        		.byte	0x2
 397 0281 23        		.byte	0x23
 398 0282 00        		.uleb128 0
 399 0283 12        		.uleb128 0x12
 400 0284 0000 0000 		.long	.LASF33
 401 0288 08        		.byte	0x8
 402 0289 24        		.byte	0x24
 403 028a 0E        		.byte	0xe
 404 028b A000 0000 		.long	0xa0
 405 028f 01        		.byte	0x1
 406 0290 01        		.byte	0x1
 407 0291 01        		.byte	0x1
 408 0292 02        		.byte	0x2
 409 0293 23        		.byte	0x23
 410 0294 00        		.uleb128 0
 411 0295 12        		.uleb128 0x12
 412 0296 0000 0000 		.long	.LASF34
 413 029a 08        		.byte	0x8
 414 029b 25        		.byte	0x25
 415 029c 0E        		.byte	0xe
 416 029d A000 0000 		.long	0xa0
 417 02a1 01        		.byte	0x1
 418 02a2 01        		.byte	0x1
 419 02a3 00        		.byte	0
 420 02a4 02        		.byte	0x2
 421 02a5 23        		.byte	0x23
 422 02a6 00        		.uleb128 0
 423 02a7 12        		.uleb128 0x12
 424 02a8 0000 0000 		.long	.LASF35
 425 02ac 08        		.byte	0x8
 426 02ad 26        		.byte	0x26
 427 02ae 0E        		.byte	0xe
 428 02af A000 0000 		.long	0xa0
 429 02b3 01        		.byte	0x1
 430 02b4 01        		.byte	0x1
 431 02b5 07        		.byte	0x7
 432 02b6 02        		.byte	0x2
 433 02b7 23        		.byte	0x23
 434 02b8 01        		.uleb128 0x1
 435 02b9 12        		.uleb128 0x12
 436 02ba 0000 0000 		.long	.LASF36
 437 02be 08        		.byte	0x8
 438 02bf 27        		.byte	0x27
 439 02c0 0E        		.byte	0xe
 440 02c1 A000 0000 		.long	0xa0
 441 02c5 01        		.byte	0x1
 442 02c6 01        		.byte	0x1
 443 02c7 06        		.byte	0x6
 444 02c8 02        		.byte	0x2
 445 02c9 23        		.byte	0x23
 446 02ca 01        		.uleb128 0x1
 447 02cb 12        		.uleb128 0x12
 448 02cc 0000 0000 		.long	.LASF37
 449 02d0 08        		.byte	0x8
 450 02d1 28        		.byte	0x28
 451 02d2 0E        		.byte	0xe
 452 02d3 A000 0000 		.long	0xa0
 453 02d7 01        		.byte	0x1
 454 02d8 01        		.byte	0x1
 455 02d9 05        		.byte	0x5
 456 02da 02        		.byte	0x2
 457 02db 23        		.byte	0x23
 458 02dc 01        		.uleb128 0x1
 459 02dd 00        		.byte	0
 460 02de 0C        		.uleb128 0xc
 461 02df 02        		.byte	0x2
 462 02e0 08        		.byte	0x8
 463 02e1 1B        		.byte	0x1b
 464 02e2 09        		.byte	0x9
 465 02e3 F902 0000 		.long	0x2f9
 466 02e7 0D        		.uleb128 0xd
 467 02e8 7261 7700 		.string	"raw"
 468 02ec 08        		.byte	0x8
 469 02ed 1C        		.byte	0x1c
 470 02ee 0E        		.byte	0xe
 471 02ef 4F00 0000 		.long	0x4f
 472 02f3 0E        		.uleb128 0xe
 473 02f4 0E02 0000 		.long	0x20e
 474 02f8 00        		.byte	0
 475 02f9 02        		.uleb128 0x2
 476 02fa 0000 0000 		.long	.LASF38
 477 02fe 08        		.byte	0x8
 478 02ff 2A        		.byte	0x2a
 479 0300 03        		.byte	0x3
 480 0301 DE02 0000 		.long	0x2de
 481 0305 07        		.uleb128 0x7
 482 0306 0000 0000 		.long	.LASF39
 483 030a 08        		.byte	0x8
 484 030b 2C        		.byte	0x2c
 485 030c 18        		.byte	0x18
 486 030d F902 0000 		.long	0x2f9
 487 0311 01        		.byte	0x1
 488 0312 01        		.byte	0x1
 489 0313 07        		.uleb128 0x7
 490 0314 0000 0000 		.long	.LASF40
 491 0318 09        		.byte	0x9
 492 0319 20        		.byte	0x20
 493 031a 1A        		.byte	0x1a
 494 031b 7A00 0000 		.long	0x7a
 495 031f 01        		.byte	0x1
 496 0320 01        		.byte	0x1
 497 0321 13        		.uleb128 0x13
 498 0322 07        		.byte	0x7
 499 0323 01        		.byte	0x1
 500 0324 4100 0000 		.long	0x41
 501 0328 0A        		.byte	0xa
 502 0329 2D        		.byte	0x2d
 503 032a 0E        		.byte	0xe
 504 032b 6C03 0000 		.long	0x36c
 505 032f 14        		.uleb128 0x14
 506 0330 0000 0000 		.long	.LASF41
 507 0334 00        		.byte	0
 508 0335 14        		.uleb128 0x14
 509 0336 0000 0000 		.long	.LASF42
 510 033a 01        		.byte	0x1
 511 033b 14        		.uleb128 0x14
 512 033c 0000 0000 		.long	.LASF43
 513 0340 02        		.byte	0x2
 514 0341 14        		.uleb128 0x14
 515 0342 0000 0000 		.long	.LASF44
 516 0346 03        		.byte	0x3
 517 0347 14        		.uleb128 0x14
 518 0348 0000 0000 		.long	.LASF45
 519 034c 04        		.byte	0x4
 520 034d 14        		.uleb128 0x14
 521 034e 0000 0000 		.long	.LASF46
 522 0352 05        		.byte	0x5
 523 0353 14        		.uleb128 0x14
 524 0354 0000 0000 		.long	.LASF47
 525 0358 06        		.byte	0x6
 526 0359 14        		.uleb128 0x14
 527 035a 0000 0000 		.long	.LASF48
 528 035e 07        		.byte	0x7
 529 035f 14        		.uleb128 0x14
 530 0360 0000 0000 		.long	.LASF49
 531 0364 08        		.byte	0x8
 532 0365 14        		.uleb128 0x14
 533 0366 0000 0000 		.long	.LASF50
 534 036a 09        		.byte	0x9
 535 036b 00        		.byte	0
 536 036c 02        		.uleb128 0x2
 537 036d 0000 0000 		.long	.LASF51
 538 0371 0A        		.byte	0xa
 539 0372 2D        		.byte	0x2d
 540 0373 89        		.byte	0x89
 541 0374 2103 0000 		.long	0x321
 542 0378 08        		.uleb128 0x8
 543 0379 23        		.byte	0x23
 544 037a 0A        		.byte	0xa
 545 037b 2F        		.byte	0x2f
 546 037c 09        		.byte	0x9
 547 037d CD03 0000 		.long	0x3cd
 548 0381 09        		.uleb128 0x9
 549 0382 0000 0000 		.long	.LASF52
 550 0386 0A        		.byte	0xa
 551 0387 30        		.byte	0x30
 552 0388 1C        		.byte	0x1c
 553 0389 A000 0000 		.long	0xa0
 554 038d 02        		.byte	0x2
 555 038e 23        		.byte	0x23
 556 038f 00        		.uleb128 0
 557 0390 09        		.uleb128 0x9
 558 0391 0000 0000 		.long	.LASF53
 559 0395 0A        		.byte	0xa
 560 0396 31        		.byte	0x31
 561 0397 1C        		.byte	0x1c
 562 0398 CD03 0000 		.long	0x3cd
 563 039c 02        		.byte	0x2
 564 039d 23        		.byte	0x23
 565 039e 01        		.uleb128 0x1
 566 039f 09        		.uleb128 0x9
 567 03a0 0000 0000 		.long	.LASF54
 568 03a4 0A        		.byte	0xa
 569 03a5 32        		.byte	0x32
 570 03a6 1C        		.byte	0x1c
 571 03a7 DD03 0000 		.long	0x3dd
 572 03ab 02        		.byte	0x2
 573 03ac 23        		.byte	0x23
 574 03ad 11        		.uleb128 0x11
 575 03ae 09        		.uleb128 0x9
 576 03af 0000 0000 		.long	.LASF55
 577 03b3 0A        		.byte	0xa
 578 03b4 33        		.byte	0x33
 579 03b5 1C        		.byte	0x1c
 580 03b6 3000 0000 		.long	0x30
 581 03ba 02        		.byte	0x2
 582 03bb 23        		.byte	0x23
 583 03bc 21        		.uleb128 0x21
 584 03bd 09        		.uleb128 0x9
 585 03be 0000 0000 		.long	.LASF56
 586 03c2 0A        		.byte	0xa
 587 03c3 34        		.byte	0x34
 588 03c4 1C        		.byte	0x1c
 589 03c5 6C03 0000 		.long	0x36c
 590 03c9 02        		.byte	0x2
 591 03ca 23        		.byte	0x23
 592 03cb 22        		.uleb128 0x22
 593 03cc 00        		.byte	0
 594 03cd 0A        		.uleb128 0xa
 595 03ce 3000 0000 		.long	0x30
 596 03d2 DD03 0000 		.long	0x3dd
 597 03d6 0B        		.uleb128 0xb
 598 03d7 6000 0000 		.long	0x60
 599 03db 0F        		.byte	0xf
 600 03dc 00        		.byte	0
 601 03dd 0A        		.uleb128 0xa
 602 03de 4F00 0000 		.long	0x4f
 603 03e2 ED03 0000 		.long	0x3ed
 604 03e6 0B        		.uleb128 0xb
 605 03e7 6000 0000 		.long	0x60
 606 03eb 07        		.byte	0x7
 607 03ec 00        		.byte	0
 608 03ed 02        		.uleb128 0x2
 609 03ee 0000 0000 		.long	.LASF57
 610 03f2 0A        		.byte	0xa
 611 03f3 35        		.byte	0x35
 612 03f4 03        		.byte	0x3
 613 03f5 7803 0000 		.long	0x378
 614 03f9 15        		.uleb128 0x15
 615 03fa 0000 0000 		.long	.LASF61
 616 03fe 07        		.byte	0x7
 617 03ff 01        		.byte	0x1
 618 0400 4100 0000 		.long	0x41
 619 0404 0A        		.byte	0xa
 620 0405 3B        		.byte	0x3b
 621 0406 0E        		.byte	0xe
 622 0407 1E04 0000 		.long	0x41e
 623 040b 14        		.uleb128 0x14
 624 040c 0000 0000 		.long	.LASF58
 625 0410 00        		.byte	0
 626 0411 14        		.uleb128 0x14
 627 0412 0000 0000 		.long	.LASF59
 628 0416 01        		.byte	0x1
 629 0417 14        		.uleb128 0x14
 630 0418 0000 0000 		.long	.LASF60
 631 041c 02        		.byte	0x2
 632 041d 00        		.byte	0
 633 041e 02        		.uleb128 0x2
 634 041f 0000 0000 		.long	.LASF61
 635 0423 0A        		.byte	0xa
 636 0424 3F        		.byte	0x3f
 637 0425 03        		.byte	0x3
 638 0426 F903 0000 		.long	0x3f9
 639 042a 08        		.uleb128 0x8
 640 042b 06        		.byte	0x6
 641 042c 0A        		.byte	0xa
 642 042d 41        		.byte	0x41
 643 042e 09        		.byte	0x9
 644 042f 7F04 0000 		.long	0x47f
 645 0433 09        		.uleb128 0x9
 646 0434 0000 0000 		.long	.LASF62
 647 0438 0A        		.byte	0xa
 648 0439 42        		.byte	0x42
 649 043a 17        		.byte	0x17
 650 043b 3000 0000 		.long	0x30
 651 043f 02        		.byte	0x2
 652 0440 23        		.byte	0x23
 653 0441 00        		.uleb128 0
 654 0442 09        		.uleb128 0x9
 655 0443 0000 0000 		.long	.LASF63
 656 0447 0A        		.byte	0xa
 657 0448 43        		.byte	0x43
 658 0449 17        		.byte	0x17
 659 044a 3000 0000 		.long	0x30
 660 044e 02        		.byte	0x2
 661 044f 23        		.byte	0x23
 662 0450 01        		.uleb128 0x1
 663 0451 09        		.uleb128 0x9
 664 0452 0000 0000 		.long	.LASF64
 665 0456 0A        		.byte	0xa
 666 0457 44        		.byte	0x44
 667 0458 17        		.byte	0x17
 668 0459 3000 0000 		.long	0x30
 669 045d 02        		.byte	0x2
 670 045e 23        		.byte	0x23
 671 045f 02        		.uleb128 0x2
 672 0460 09        		.uleb128 0x9
 673 0461 0000 0000 		.long	.LASF65
 674 0465 0A        		.byte	0xa
 675 0466 45        		.byte	0x45
 676 0467 17        		.byte	0x17
 677 0468 4F00 0000 		.long	0x4f
 678 046c 02        		.byte	0x2
 679 046d 23        		.byte	0x23
 680 046e 03        		.uleb128 0x3
 681 046f 09        		.uleb128 0x9
 682 0470 0000 0000 		.long	.LASF66
 683 0474 0A        		.byte	0xa
 684 0475 46        		.byte	0x46
 685 0476 17        		.byte	0x17
 686 0477 1E04 0000 		.long	0x41e
 687 047b 02        		.byte	0x2
 688 047c 23        		.byte	0x23
 689 047d 05        		.uleb128 0x5
 690 047e 00        		.byte	0
 691 047f 02        		.uleb128 0x2
 692 0480 0000 0000 		.long	.LASF67
 693 0484 0A        		.byte	0xa
 694 0485 47        		.byte	0x47
 695 0486 03        		.byte	0x3
 696 0487 2A04 0000 		.long	0x42a
 697 048b 07        		.uleb128 0x7
 698 048c 0000 0000 		.long	.LASF68
 699 0490 0A        		.byte	0xa
 700 0491 49        		.byte	0x49
 701 0492 1B        		.byte	0x1b
 702 0493 ED03 0000 		.long	0x3ed
 703 0497 01        		.byte	0x1
 704 0498 01        		.byte	0x1
 705 0499 07        		.uleb128 0x7
 706 049a 0000 0000 		.long	.LASF69
 707 049e 0A        		.byte	0xa
 708 049f 4C        		.byte	0x4c
 709 04a0 1A        		.byte	0x1a
 710 04a1 7F04 0000 		.long	0x47f
 711 04a5 01        		.byte	0x1
 712 04a6 01        		.byte	0x1
 713 04a7 0A        		.uleb128 0xa
 714 04a8 5B00 0000 		.long	0x5b
 715 04ac BE04 0000 		.long	0x4be
 716 04b0 16        		.uleb128 0x16
 717 04b1 0B        		.uleb128 0xb
 718 04b2 6000 0000 		.long	0x60
 719 04b6 07        		.byte	0x7
 720 04b7 0B        		.uleb128 0xb
 721 04b8 6000 0000 		.long	0x60
 722 04bc 06        		.byte	0x6
 723 04bd 00        		.byte	0
 724 04be 04        		.uleb128 0x4
 725 04bf A704 0000 		.long	0x4a7
 726 04c3 07        		.uleb128 0x7
 727 04c4 0000 0000 		.long	.LASF70
 728 04c8 0B        		.byte	0xb
 729 04c9 37        		.byte	0x37
 730 04ca 17        		.byte	0x17
 731 04cb BE04 0000 		.long	0x4be
 732 04cf 01        		.byte	0x1
 733 04d0 01        		.byte	0x1
 734 04d1 0A        		.uleb128 0xa
 735 04d2 5B00 0000 		.long	0x5b
 736 04d6 DC04 0000 		.long	0x4dc
 737 04da 16        		.uleb128 0x16
 738 04db 00        		.byte	0
 739 04dc 04        		.uleb128 0x4
 740 04dd D104 0000 		.long	0x4d1
 741 04e1 07        		.uleb128 0x7
 742 04e2 0000 0000 		.long	.LASF71
 743 04e6 0B        		.byte	0xb
 744 04e7 38        		.byte	0x38
 745 04e8 17        		.byte	0x17
 746 04e9 DC04 0000 		.long	0x4dc
 747 04ed 01        		.byte	0x1
 748 04ee 01        		.byte	0x1
 749 04ef 08        		.uleb128 0x8
 750 04f0 03        		.byte	0x3
 751 04f1 0C        		.byte	0xc
 752 04f2 2E        		.byte	0x2e
 753 04f3 09        		.byte	0x9
 754 04f4 2005 0000 		.long	0x520
 755 04f8 17        		.uleb128 0x17
 756 04f9 6700      		.string	"g"
 757 04fb 0C        		.byte	0xc
 758 04fc 30        		.byte	0x30
 759 04fd 0D        		.byte	0xd
 760 04fe 3000 0000 		.long	0x30
 761 0502 02        		.byte	0x2
 762 0503 23        		.byte	0x23
 763 0504 00        		.uleb128 0
 764 0505 17        		.uleb128 0x17
 765 0506 7200      		.string	"r"
 766 0508 0C        		.byte	0xc
 767 0509 31        		.byte	0x31
 768 050a 0D        		.byte	0xd
 769 050b 3000 0000 		.long	0x30
 770 050f 02        		.byte	0x2
 771 0510 23        		.byte	0x23
 772 0511 01        		.uleb128 0x1
 773 0512 17        		.uleb128 0x17
 774 0513 6200      		.string	"b"
 775 0515 0C        		.byte	0xc
 776 0516 32        		.byte	0x32
 777 0517 0D        		.byte	0xd
 778 0518 3000 0000 		.long	0x30
 779 051c 02        		.byte	0x2
 780 051d 23        		.byte	0x23
 781 051e 02        		.uleb128 0x2
 782 051f 00        		.byte	0
 783 0520 02        		.uleb128 0x2
 784 0521 0000 0000 		.long	.LASF72
 785 0525 0C        		.byte	0xc
 786 0526 3C        		.byte	0x3c
 787 0527 03        		.byte	0x3
 788 0528 EF04 0000 		.long	0x4ef
 789 052c 18        		.uleb128 0x18
 790 052d 5247 4200 		.string	"RGB"
 791 0531 0C        		.byte	0xc
 792 0532 3E        		.byte	0x3e
 793 0533 0E        		.byte	0xe
 794 0534 2005 0000 		.long	0x520
 795 0538 0A        		.uleb128 0xa
 796 0539 2C05 0000 		.long	0x52c
 797 053d 4805 0000 		.long	0x548
 798 0541 0B        		.uleb128 0xb
 799 0542 6000 0000 		.long	0x60
 800 0546 09        		.byte	0x9
 801 0547 00        		.byte	0
 802 0548 19        		.uleb128 0x19
 803 0549 6C65 6400 		.string	"led"
 804 054d 0D        		.byte	0xd
 805 054e E1        		.byte	0xe1
 806 054f 11        		.byte	0x11
 807 0550 3805 0000 		.long	0x538
 808 0554 01        		.byte	0x1
 809 0555 01        		.byte	0x1
 810 0556 0A        		.uleb128 0xa
 811 0557 3C00 0000 		.long	0x3c
 812 055b 6605 0000 		.long	0x566
 813 055f 0B        		.uleb128 0xb
 814 0560 6000 0000 		.long	0x60
 815 0564 03        		.byte	0x3
 816 0565 00        		.byte	0
 817 0566 04        		.uleb128 0x4
 818 0567 5605 0000 		.long	0x556
 819 056b 07        		.uleb128 0x7
 820 056c 0000 0000 		.long	.LASF73
 821 0570 0D        		.byte	0xd
 822 0571 E3        		.byte	0xe3
 823 0572 17        		.byte	0x17
 824 0573 6605 0000 		.long	0x566
 825 0577 01        		.byte	0x1
 826 0578 01        		.byte	0x1
 827 0579 0A        		.uleb128 0xa
 828 057a 3C00 0000 		.long	0x3c
 829 057e 8905 0000 		.long	0x589
 830 0582 0B        		.uleb128 0xb
 831 0583 6000 0000 		.long	0x60
 832 0587 02        		.byte	0x2
 833 0588 00        		.byte	0
 834 0589 04        		.uleb128 0x4
 835 058a 7905 0000 		.long	0x579
 836 058e 07        		.uleb128 0x7
 837 058f 0000 0000 		.long	.LASF74
 838 0593 0D        		.byte	0xd
 839 0594 E4        		.byte	0xe4
 840 0595 17        		.byte	0x17
 841 0596 8905 0000 		.long	0x589
 842 059a 01        		.byte	0x1
 843 059b 01        		.byte	0x1
 844 059c 07        		.uleb128 0x7
 845 059d 0000 0000 		.long	.LASF75
 846 05a1 0D        		.byte	0xd
 847 05a2 E5        		.byte	0xe5
 848 05a3 17        		.byte	0x17
 849 05a4 8905 0000 		.long	0x589
 850 05a8 01        		.byte	0x1
 851 05a9 01        		.byte	0x1
 852 05aa 07        		.uleb128 0x7
 853 05ab 0000 0000 		.long	.LASF76
 854 05af 0D        		.byte	0xd
 855 05b0 E6        		.byte	0xe6
 856 05b1 17        		.byte	0x17
 857 05b2 8905 0000 		.long	0x589
 858 05b6 01        		.byte	0x1
 859 05b7 01        		.byte	0x1
 860 05b8 07        		.uleb128 0x7
 861 05b9 0000 0000 		.long	.LASF77
 862 05bd 0D        		.byte	0xd
 863 05be E7        		.byte	0xe7
 864 05bf 17        		.byte	0x17
 865 05c0 8905 0000 		.long	0x589
 866 05c4 01        		.byte	0x1
 867 05c5 01        		.byte	0x1
 868 05c6 0A        		.uleb128 0xa
 869 05c7 5B00 0000 		.long	0x5b
 870 05cb D605 0000 		.long	0x5d6
 871 05cf 0B        		.uleb128 0xb
 872 05d0 6000 0000 		.long	0x60
 873 05d4 00        		.byte	0
 874 05d5 00        		.byte	0
 875 05d6 04        		.uleb128 0x4
 876 05d7 C605 0000 		.long	0x5c6
 877 05db 07        		.uleb128 0x7
 878 05dc 0000 0000 		.long	.LASF78
 879 05e0 0D        		.byte	0xd
 880 05e1 E8        		.byte	0xe8
 881 05e2 17        		.byte	0x17
 882 05e3 D605 0000 		.long	0x5d6
 883 05e7 01        		.byte	0x1
 884 05e8 01        		.byte	0x1
 885 05e9 07        		.uleb128 0x7
 886 05ea 0000 0000 		.long	.LASF79
 887 05ee 0D        		.byte	0xd
 888 05ef E9        		.byte	0xe9
 889 05f0 17        		.byte	0x17
 890 05f1 8905 0000 		.long	0x589
 891 05f5 01        		.byte	0x1
 892 05f6 01        		.byte	0x1
 893 05f7 07        		.uleb128 0x7
 894 05f8 0000 0000 		.long	.LASF80
 895 05fc 0D        		.byte	0xd
 896 05fd EA        		.byte	0xea
 897 05fe 17        		.byte	0x17
 898 05ff A000 0000 		.long	0xa0
 899 0603 01        		.byte	0x1
 900 0604 01        		.byte	0x1
 901 0605 1A        		.uleb128 0x1a
 902 0606 0000 0000 		.long	.LASF91
 903 060a 05        		.byte	0x5
 904 060b 0D        		.byte	0xd
 905 060c 0701      		.word	0x107
 906 060e 10        		.byte	0x10
 907 060f 6406 0000 		.long	0x664
 908 0613 1B        		.uleb128 0x1b
 909 0614 0000 0000 		.long	.LASF81
 910 0618 0D        		.byte	0xd
 911 0619 0801      		.word	0x108
 912 061b 0D        		.byte	0xd
 913 061c 3000 0000 		.long	0x30
 914 0620 02        		.byte	0x2
 915 0621 23        		.byte	0x23
 916 0622 00        		.uleb128 0
 917 0623 1B        		.uleb128 0x1b
 918 0624 0000 0000 		.long	.LASF82
 919 0628 0D        		.byte	0xd
 920 0629 0901      		.word	0x109
 921 062b 0D        		.byte	0xd
 922 062c 3000 0000 		.long	0x30
 923 0630 02        		.byte	0x2
 924 0631 23        		.byte	0x23
 925 0632 01        		.uleb128 0x1
 926 0633 1B        		.uleb128 0x1b
 927 0634 0000 0000 		.long	.LASF83
 928 0638 0D        		.byte	0xd
 929 0639 0A01      		.word	0x10a
 930 063b 0D        		.byte	0xd
 931 063c 3000 0000 		.long	0x30
 932 0640 02        		.byte	0x2
 933 0641 23        		.byte	0x23
 934 0642 02        		.uleb128 0x2
 935 0643 1B        		.uleb128 0x1b
 936 0644 0000 0000 		.long	.LASF84
 937 0648 0D        		.byte	0xd
 938 0649 0B01      		.word	0x10b
 939 064b 0D        		.byte	0xd
 940 064c 3000 0000 		.long	0x30
 941 0650 02        		.byte	0x2
 942 0651 23        		.byte	0x23
 943 0652 03        		.uleb128 0x3
 944 0653 1B        		.uleb128 0x1b
 945 0654 0000 0000 		.long	.LASF85
 946 0658 0D        		.byte	0xd
 947 0659 0C01      		.word	0x10c
 948 065b 0D        		.byte	0xd
 949 065c 3000 0000 		.long	0x30
 950 0660 02        		.byte	0x2
 951 0661 23        		.byte	0x23
 952 0662 04        		.uleb128 0x4
 953 0663 00        		.byte	0
 954 0664 1C        		.uleb128 0x1c
 955 0665 0000 0000 		.long	.LASF86
 956 0669 0D        		.byte	0xd
 957 066a 0D01      		.word	0x10d
 958 066c 03        		.byte	0x3
 959 066d 0506 0000 		.long	0x605
 960 0671 1D        		.uleb128 0x1d
 961 0672 0000 0000 		.long	.LASF87
 962 0676 0D        		.byte	0xd
 963 0677 0F01      		.word	0x10f
 964 0679 1A        		.byte	0x1a
 965 067a 6406 0000 		.long	0x664
 966 067e 01        		.byte	0x1
 967 067f 01        		.byte	0x1
 968 0680 1E        		.uleb128 0x1e
 969 0681 02        		.byte	0x2
 970 0682 0D        		.byte	0xd
 971 0683 9F01      		.word	0x19f
 972 0685 05        		.byte	0x5
 973 0686 BF06 0000 		.long	0x6bf
 974 068a 1F        		.uleb128 0x1f
 975 068b 0000 0000 		.long	.LASF88
 976 068f 0D        		.byte	0xd
 977 0690 A001      		.word	0x1a0
 978 0692 12        		.byte	0x12
 979 0693 4F00 0000 		.long	0x4f
 980 0697 20        		.uleb128 0x20
 981 0698 706F 7300 		.string	"pos"
 982 069c 0D        		.byte	0xd
 983 069d A101      		.word	0x1a1
 984 069f 12        		.byte	0x12
 985 06a0 3000 0000 		.long	0x30
 986 06a4 1F        		.uleb128 0x1f
 987 06a5 0000 0000 		.long	.LASF89
 988 06a9 0D        		.byte	0xd
 989 06aa A201      		.word	0x1a2
 990 06ac 12        		.byte	0x12
 991 06ad 1D00 0000 		.long	0x1d
 992 06b1 1F        		.uleb128 0x1f
 993 06b2 0000 0000 		.long	.LASF90
 994 06b6 0D        		.byte	0xd
 995 06b7 A301      		.word	0x1a3
 996 06b9 12        		.byte	0x12
 997 06ba 4F00 0000 		.long	0x4f
 998 06be 00        		.byte	0
 999 06bf 1A        		.uleb128 0x1a
 1000 06c0 0000 0000 		.long	.LASF92
 1001 06c4 06        		.byte	0x6
 1002 06c5 0D        		.byte	0xd
 1003 06c6 9B01      		.word	0x19b
 1004 06c8 10        		.byte	0x10
 1005 06c9 0607 0000 		.long	0x706
 1006 06cd 1B        		.uleb128 0x1b
 1007 06ce 0000 0000 		.long	.LASF93
 1008 06d2 0D        		.byte	0xd
 1009 06d3 9C01      		.word	0x19c
 1010 06d5 0E        		.byte	0xe
 1011 06d6 4F00 0000 		.long	0x4f
 1012 06da 02        		.byte	0x2
 1013 06db 23        		.byte	0x23
 1014 06dc 00        		.uleb128 0
 1015 06dd 1B        		.uleb128 0x1b
 1016 06de 0000 0000 		.long	.LASF94
 1017 06e2 0D        		.byte	0xd
 1018 06e3 9D01      		.word	0x19d
 1019 06e5 0E        		.byte	0xe
 1020 06e6 3000 0000 		.long	0x30
 1021 06ea 02        		.byte	0x2
 1022 06eb 23        		.byte	0x23
 1023 06ec 02        		.uleb128 0x2
 1024 06ed 1B        		.uleb128 0x1b
 1025 06ee 0000 0000 		.long	.LASF95
 1026 06f2 0D        		.byte	0xd
 1027 06f3 9E01      		.word	0x19e
 1028 06f5 0E        		.byte	0xe
 1029 06f6 A000 0000 		.long	0xa0
 1030 06fa 02        		.byte	0x2
 1031 06fb 23        		.byte	0x23
 1032 06fc 03        		.uleb128 0x3
 1033 06fd 21        		.uleb128 0x21
 1034 06fe 8006 0000 		.long	0x680
 1035 0702 02        		.byte	0x2
 1036 0703 23        		.byte	0x23
 1037 0704 04        		.uleb128 0x4
 1038 0705 00        		.byte	0
 1039 0706 1C        		.uleb128 0x1c
 1040 0707 0000 0000 		.long	.LASF96
 1041 070b 0D        		.byte	0xd
 1042 070c A501      		.word	0x1a5
 1043 070e 03        		.byte	0x3
 1044 070f BF06 0000 		.long	0x6bf
 1045 0713 1D        		.uleb128 0x1d
 1046 0714 0000 0000 		.long	.LASF97
 1047 0718 0D        		.byte	0xd
 1048 0719 A701      		.word	0x1a7
 1049 071b 1B        		.byte	0x1b
 1050 071c 0607 0000 		.long	0x706
 1051 0720 01        		.byte	0x1
 1052 0721 01        		.byte	0x1
 1053 0722 02        		.uleb128 0x2
 1054 0723 0000 0000 		.long	.LASF98
 1055 0727 0E        		.byte	0xe
 1056 0728 27        		.byte	0x27
 1057 0729 12        		.byte	0x12
 1058 072a 6E00 0000 		.long	0x6e
 1059 072e 07        		.uleb128 0x7
 1060 072f 0000 0000 		.long	.LASF99
 1061 0733 0E        		.byte	0xe
 1062 0734 32        		.byte	0x32
 1063 0735 16        		.byte	0x16
 1064 0736 2207 0000 		.long	0x722
 1065 073a 01        		.byte	0x1
 1066 073b 01        		.byte	0x1
 1067 073c 07        		.uleb128 0x7
 1068 073d 0000 0000 		.long	.LASF100
 1069 0741 0E        		.byte	0xe
 1070 0742 48        		.byte	0x48
 1071 0743 16        		.byte	0x16
 1072 0744 2207 0000 		.long	0x722
 1073 0748 01        		.byte	0x1
 1074 0749 01        		.byte	0x1
 1075 074a 07        		.uleb128 0x7
 1076 074b 0000 0000 		.long	.LASF101
 1077 074f 0F        		.byte	0xf
 1078 0750 1B        		.byte	0x1b
 1079 0751 1B        		.byte	0x1b
 1080 0752 3301 0000 		.long	0x133
 1081 0756 01        		.byte	0x1
 1082 0757 01        		.byte	0x1
 1083 0758 0A        		.uleb128 0xa
 1084 0759 3C00 0000 		.long	0x3c
 1085 075d 6807 0000 		.long	0x768
 1086 0761 0B        		.uleb128 0xb
 1087 0762 6000 0000 		.long	0x60
 1088 0766 0F        		.byte	0xf
 1089 0767 00        		.byte	0
 1090 0768 04        		.uleb128 0x4
 1091 0769 5807 0000 		.long	0x758
 1092 076d 07        		.uleb128 0x7
 1093 076e 0000 0000 		.long	.LASF102
 1094 0772 10        		.byte	0x10
 1095 0773 1A        		.byte	0x1a
 1096 0774 16        		.byte	0x16
 1097 0775 6807 0000 		.long	0x768
 1098 0779 01        		.byte	0x1
 1099 077a 01        		.byte	0x1
 1100 077b 07        		.uleb128 0x7
 1101 077c 0000 0000 		.long	.LASF103
 1102 0780 10        		.byte	0x10
 1103 0781 1B        		.byte	0x1b
 1104 0782 16        		.byte	0x16
 1105 0783 6807 0000 		.long	0x768
 1106 0787 01        		.byte	0x1
 1107 0788 01        		.byte	0x1
 1108 0789 07        		.uleb128 0x7
 1109 078a 0000 0000 		.long	.LASF104
 1110 078e 10        		.byte	0x10
 1111 078f 1C        		.byte	0x1c
 1112 0790 16        		.byte	0x16
 1113 0791 6807 0000 		.long	0x768
 1114 0795 01        		.byte	0x1
 1115 0796 01        		.byte	0x1
 1116 0797 0A        		.uleb128 0xa
 1117 0798 3C00 0000 		.long	0x3c
 1118 079c A707 0000 		.long	0x7a7
 1119 07a0 0B        		.uleb128 0xb
 1120 07a1 6000 0000 		.long	0x60
 1121 07a5 7F        		.byte	0x7f
 1122 07a6 00        		.byte	0
 1123 07a7 04        		.uleb128 0x4
 1124 07a8 9707 0000 		.long	0x797
 1125 07ac 07        		.uleb128 0x7
 1126 07ad 0000 0000 		.long	.LASF105
 1127 07b1 10        		.byte	0x10
 1128 07b2 1D        		.byte	0x1d
 1129 07b3 16        		.byte	0x16
 1130 07b4 A707 0000 		.long	0x7a7
 1131 07b8 01        		.byte	0x1
 1132 07b9 01        		.byte	0x1
 1133 07ba 1D        		.uleb128 0x1d
 1134 07bb 0000 0000 		.long	.LASF106
 1135 07bf 11        		.byte	0x11
 1136 07c0 3801      		.word	0x138
 1137 07c2 0F        		.byte	0xf
 1138 07c3 9400 0000 		.long	0x94
 1139 07c7 01        		.byte	0x1
 1140 07c8 01        		.byte	0x1
 1141 07c9 1D        		.uleb128 0x1d
 1142 07ca 0000 0000 		.long	.LASF107
 1143 07ce 11        		.byte	0x11
 1144 07cf 3D01      		.word	0x13d
 1145 07d1 0E        		.byte	0xe
 1146 07d2 D807 0000 		.long	0x7d8
 1147 07d6 01        		.byte	0x1
 1148 07d7 01        		.byte	0x1
 1149 07d8 0F        		.uleb128 0xf
 1150 07d9 02        		.byte	0x2
 1151 07da DE07 0000 		.long	0x7de
 1152 07de 03        		.uleb128 0x3
 1153 07df 01        		.byte	0x1
 1154 07e0 08        		.byte	0x8
 1155 07e1 0000 0000 		.long	.LASF108
 1156 07e5 1D        		.uleb128 0x1d
 1157 07e6 0000 0000 		.long	.LASF109
 1158 07ea 11        		.byte	0x11
 1159 07eb 4201      		.word	0x142
 1160 07ed 0E        		.byte	0xe
 1161 07ee D807 0000 		.long	0x7d8
 1162 07f2 01        		.byte	0x1
 1163 07f3 01        		.byte	0x1
 1164 07f4 08        		.uleb128 0x8
 1165 07f5 0C        		.byte	0xc
 1166 07f6 12        		.byte	0x12
 1167 07f7 18        		.byte	0x18
 1168 07f8 09        		.byte	0x9
 1169 07f9 8508 0000 		.long	0x885
 1170 07fd 09        		.uleb128 0x9
 1171 07fe 0000 0000 		.long	.LASF110
 1172 0802 12        		.byte	0x12
 1173 0803 19        		.byte	0x19
 1174 0804 0E        		.byte	0xe
 1175 0805 3000 0000 		.long	0x30
 1176 0809 02        		.byte	0x2
 1177 080a 23        		.byte	0x23
 1178 080b 00        		.uleb128 0
 1179 080c 09        		.uleb128 0x9
 1180 080d 0000 0000 		.long	.LASF111
 1181 0811 12        		.byte	0x12
 1182 0812 1A        		.byte	0x1a
 1183 0813 0E        		.byte	0xe
 1184 0814 3000 0000 		.long	0x30
 1185 0818 02        		.byte	0x2
 1186 0819 23        		.byte	0x23
 1187 081a 01        		.uleb128 0x1
 1188 081b 09        		.uleb128 0x9
 1189 081c 0000 0000 		.long	.LASF112
 1190 0820 12        		.byte	0x12
 1191 0821 1B        		.byte	0x1b
 1192 0822 0E        		.byte	0xe
 1193 0823 3000 0000 		.long	0x30
 1194 0827 02        		.byte	0x2
 1195 0828 23        		.byte	0x23
 1196 0829 02        		.uleb128 0x2
 1197 082a 09        		.uleb128 0x9
 1198 082b 0000 0000 		.long	.LASF113
 1199 082f 12        		.byte	0x12
 1200 0830 1C        		.byte	0x1c
 1201 0831 0E        		.byte	0xe
 1202 0832 4F00 0000 		.long	0x4f
 1203 0836 02        		.byte	0x2
 1204 0837 23        		.byte	0x23
 1205 0838 03        		.uleb128 0x3
 1206 0839 09        		.uleb128 0x9
 1207 083a 0000 0000 		.long	.LASF114
 1208 083e 12        		.byte	0x12
 1209 083f 1D        		.byte	0x1d
 1210 0840 0E        		.byte	0xe
 1211 0841 4F00 0000 		.long	0x4f
 1212 0845 02        		.byte	0x2
 1213 0846 23        		.byte	0x23
 1214 0847 05        		.uleb128 0x5
 1215 0848 09        		.uleb128 0x9
 1216 0849 0000 0000 		.long	.LASF65
 1217 084d 12        		.byte	0x12
 1218 084e 1E        		.byte	0x1e
 1219 084f 0E        		.byte	0xe
 1220 0850 4F00 0000 		.long	0x4f
 1221 0854 02        		.byte	0x2
 1222 0855 23        		.byte	0x23
 1223 0856 07        		.uleb128 0x7
 1224 0857 09        		.uleb128 0x9
 1225 0858 0000 0000 		.long	.LASF115
 1226 085c 12        		.byte	0x12
 1227 085d 1F        		.byte	0x1f
 1228 085e 0E        		.byte	0xe
 1229 085f A000 0000 		.long	0xa0
 1230 0863 02        		.byte	0x2
 1231 0864 23        		.byte	0x23
 1232 0865 09        		.uleb128 0x9
 1233 0866 09        		.uleb128 0x9
 1234 0867 0000 0000 		.long	.LASF116
 1235 086b 12        		.byte	0x12
 1236 086c 20        		.byte	0x20
 1237 086d 0E        		.byte	0xe
 1238 086e A000 0000 		.long	0xa0
 1239 0872 02        		.byte	0x2
 1240 0873 23        		.byte	0x23
 1241 0874 0A        		.uleb128 0xa
 1242 0875 09        		.uleb128 0x9
 1243 0876 0000 0000 		.long	.LASF117
 1244 087a 12        		.byte	0x12
 1245 087b 21        		.byte	0x21
 1246 087c 0E        		.byte	0xe
 1247 087d A000 0000 		.long	0xa0
 1248 0881 02        		.byte	0x2
 1249 0882 23        		.byte	0x23
 1250 0883 0B        		.uleb128 0xb
 1251 0884 00        		.byte	0
 1252 0885 02        		.uleb128 0x2
 1253 0886 0000 0000 		.long	.LASF118
 1254 088a 12        		.byte	0x12
 1255 088b 22        		.byte	0x22
 1256 088c 03        		.byte	0x3
 1257 088d F407 0000 		.long	0x7f4
 1258 0891 02        		.uleb128 0x2
 1259 0892 0000 0000 		.long	.LASF119
 1260 0896 12        		.byte	0x12
 1261 0897 26        		.byte	0x26
 1262 0898 10        		.byte	0x10
 1263 0899 9D08 0000 		.long	0x89d
 1264 089d 0F        		.uleb128 0xf
 1265 089e 02        		.byte	0x2
 1266 089f A308 0000 		.long	0x8a3
 1267 08a3 10        		.uleb128 0x10
 1268 08a4 01        		.byte	0x1
 1269 08a5 B408 0000 		.long	0x8b4
 1270 08a9 11        		.uleb128 0x11
 1271 08aa B408 0000 		.long	0x8b4
 1272 08ae 11        		.uleb128 0x11
 1273 08af BA08 0000 		.long	0x8ba
 1274 08b3 00        		.byte	0
 1275 08b4 0F        		.uleb128 0xf
 1276 08b5 02        		.byte	0x2
 1277 08b6 8508 0000 		.long	0x885
 1278 08ba 22        		.uleb128 0x22
 1279 08bb 02        		.byte	0x2
 1280 08bc 08        		.uleb128 0x8
 1281 08bd 06        		.byte	0x6
 1282 08be 12        		.byte	0x12
 1283 08bf 29        		.byte	0x29
 1284 08c0 05        		.byte	0x5
 1285 08c1 F308 0000 		.long	0x8f3
 1286 08c5 09        		.uleb128 0x9
 1287 08c6 0000 0000 		.long	.LASF120
 1288 08ca 12        		.byte	0x12
 1289 08cb 2A        		.byte	0x2a
 1290 08cc 20        		.byte	0x20
 1291 08cd 9108 0000 		.long	0x891
 1292 08d1 02        		.byte	0x2
 1293 08d2 23        		.byte	0x23
 1294 08d3 00        		.uleb128 0
 1295 08d4 09        		.uleb128 0x9
 1296 08d5 0000 0000 		.long	.LASF121
 1297 08d9 12        		.byte	0x12
 1298 08da 2B        		.byte	0x2b
 1299 08db 20        		.byte	0x20
 1300 08dc 9108 0000 		.long	0x891
 1301 08e0 02        		.byte	0x2
 1302 08e1 23        		.byte	0x23
 1303 08e2 02        		.uleb128 0x2
 1304 08e3 09        		.uleb128 0x9
 1305 08e4 0000 0000 		.long	.LASF122
 1306 08e8 12        		.byte	0x12
 1307 08e9 2C        		.byte	0x2c
 1308 08ea 20        		.byte	0x20
 1309 08eb 9108 0000 		.long	0x891
 1310 08ef 02        		.byte	0x2
 1311 08f0 23        		.byte	0x23
 1312 08f1 04        		.uleb128 0x4
 1313 08f2 00        		.byte	0
 1314 08f3 08        		.uleb128 0x8
 1315 08f4 16        		.byte	0x16
 1316 08f5 12        		.byte	0x12
 1317 08f6 28        		.byte	0x28
 1318 08f7 09        		.byte	0x9
 1319 08f8 3809 0000 		.long	0x938
 1320 08fc 17        		.uleb128 0x17
 1321 08fd 666E 00   		.string	"fn"
 1322 0900 12        		.byte	0x12
 1323 0901 2D        		.byte	0x2d
 1324 0902 07        		.byte	0x7
 1325 0903 BC08 0000 		.long	0x8bc
 1326 0907 02        		.byte	0x2
 1327 0908 23        		.byte	0x23
 1328 0909 00        		.uleb128 0
 1329 090a 09        		.uleb128 0x9
 1330 090b 0000 0000 		.long	.LASF123
 1331 090f 12        		.byte	0x12
 1332 0910 2E        		.byte	0x2e
 1333 0911 1A        		.byte	0x1a
 1334 0912 8508 0000 		.long	0x885
 1335 0916 02        		.byte	0x2
 1336 0917 23        		.byte	0x23
 1337 0918 06        		.uleb128 0x6
 1338 0919 09        		.uleb128 0x9
 1339 091a 0000 0000 		.long	.LASF124
 1340 091e 12        		.byte	0x12
 1341 091f 2F        		.byte	0x2f
 1342 0920 1A        		.byte	0x1a
 1343 0921 4F00 0000 		.long	0x4f
 1344 0925 02        		.byte	0x2
 1345 0926 23        		.byte	0x23
 1346 0927 12        		.uleb128 0x12
 1347 0928 09        		.uleb128 0x9
 1348 0929 0000 0000 		.long	.LASF125
 1349 092d 12        		.byte	0x12
 1350 092e 30        		.byte	0x30
 1351 092f 1A        		.byte	0x1a
 1352 0930 BA08 0000 		.long	0x8ba
 1353 0934 02        		.byte	0x2
 1354 0935 23        		.byte	0x23
 1355 0936 14        		.uleb128 0x14
 1356 0937 00        		.byte	0
 1357 0938 02        		.uleb128 0x2
 1358 0939 0000 0000 		.long	.LASF126
 1359 093d 12        		.byte	0x12
 1360 093e 31        		.byte	0x31
 1361 093f 03        		.byte	0x3
 1362 0940 F308 0000 		.long	0x8f3
 1363 0944 0A        		.uleb128 0xa
 1364 0945 3809 0000 		.long	0x938
 1365 0949 4F09 0000 		.long	0x94f
 1366 094d 16        		.uleb128 0x16
 1367 094e 00        		.byte	0
 1368 094f 07        		.uleb128 0x7
 1369 0950 0000 0000 		.long	.LASF127
 1370 0954 12        		.byte	0x12
 1371 0955 52        		.byte	0x52
 1372 0956 1E        		.byte	0x1e
 1373 0957 4409 0000 		.long	0x944
 1374 095b 01        		.byte	0x1
 1375 095c 01        		.byte	0x1
 1376 095d 00        		.byte	0
 1377               		.section	.gnu.debuglto_.debug_abbrev,"",@progbits
 1378               	.Ldebug_abbrev0:
 1379 0000 01        		.uleb128 0x1
 1380 0001 11        		.uleb128 0x11
 1381 0002 01        		.byte	0x1
 1382 0003 25        		.uleb128 0x25
 1383 0004 0E        		.uleb128 0xe
 1384 0005 13        		.uleb128 0x13
 1385 0006 0B        		.uleb128 0xb
 1386 0007 03        		.uleb128 0x3
 1387 0008 0E        		.uleb128 0xe
 1388 0009 1B        		.uleb128 0x1b
 1389 000a 0E        		.uleb128 0xe
 1390 000b 10        		.uleb128 0x10
 1391 000c 06        		.uleb128 0x6
 1392 000d 00        		.byte	0
 1393 000e 00        		.byte	0
 1394 000f 02        		.uleb128 0x2
 1395 0010 16        		.uleb128 0x16
 1396 0011 00        		.byte	0
 1397 0012 03        		.uleb128 0x3
 1398 0013 0E        		.uleb128 0xe
 1399 0014 3A        		.uleb128 0x3a
 1400 0015 0B        		.uleb128 0xb
 1401 0016 3B        		.uleb128 0x3b
 1402 0017 0B        		.uleb128 0xb
 1403 0018 39        		.uleb128 0x39
 1404 0019 0B        		.uleb128 0xb
 1405 001a 49        		.uleb128 0x49
 1406 001b 13        		.uleb128 0x13
 1407 001c 00        		.byte	0
 1408 001d 00        		.byte	0
 1409 001e 03        		.uleb128 0x3
 1410 001f 24        		.uleb128 0x24
 1411 0020 00        		.byte	0
 1412 0021 0B        		.uleb128 0xb
 1413 0022 0B        		.uleb128 0xb
 1414 0023 3E        		.uleb128 0x3e
 1415 0024 0B        		.uleb128 0xb
 1416 0025 03        		.uleb128 0x3
 1417 0026 0E        		.uleb128 0xe
 1418 0027 00        		.byte	0
 1419 0028 00        		.byte	0
 1420 0029 04        		.uleb128 0x4
 1421 002a 26        		.uleb128 0x26
 1422 002b 00        		.byte	0
 1423 002c 49        		.uleb128 0x49
 1424 002d 13        		.uleb128 0x13
 1425 002e 00        		.byte	0
 1426 002f 00        		.byte	0
 1427 0030 05        		.uleb128 0x5
 1428 0031 24        		.uleb128 0x24
 1429 0032 00        		.byte	0
 1430 0033 0B        		.uleb128 0xb
 1431 0034 0B        		.uleb128 0xb
 1432 0035 3E        		.uleb128 0x3e
 1433 0036 0B        		.uleb128 0xb
 1434 0037 03        		.uleb128 0x3
 1435 0038 08        		.uleb128 0x8
 1436 0039 00        		.byte	0
 1437 003a 00        		.byte	0
 1438 003b 06        		.uleb128 0x6
 1439 003c 35        		.uleb128 0x35
 1440 003d 00        		.byte	0
 1441 003e 49        		.uleb128 0x49
 1442 003f 13        		.uleb128 0x13
 1443 0040 00        		.byte	0
 1444 0041 00        		.byte	0
 1445 0042 07        		.uleb128 0x7
 1446 0043 34        		.uleb128 0x34
 1447 0044 00        		.byte	0
 1448 0045 03        		.uleb128 0x3
 1449 0046 0E        		.uleb128 0xe
 1450 0047 3A        		.uleb128 0x3a
 1451 0048 0B        		.uleb128 0xb
 1452 0049 3B        		.uleb128 0x3b
 1453 004a 0B        		.uleb128 0xb
 1454 004b 39        		.uleb128 0x39
 1455 004c 0B        		.uleb128 0xb
 1456 004d 49        		.uleb128 0x49
 1457 004e 13        		.uleb128 0x13
 1458 004f 3F        		.uleb128 0x3f
 1459 0050 0C        		.uleb128 0xc
 1460 0051 3C        		.uleb128 0x3c
 1461 0052 0C        		.uleb128 0xc
 1462 0053 00        		.byte	0
 1463 0054 00        		.byte	0
 1464 0055 08        		.uleb128 0x8
 1465 0056 13        		.uleb128 0x13
 1466 0057 01        		.byte	0x1
 1467 0058 0B        		.uleb128 0xb
 1468 0059 0B        		.uleb128 0xb
 1469 005a 3A        		.uleb128 0x3a
 1470 005b 0B        		.uleb128 0xb
 1471 005c 3B        		.uleb128 0x3b
 1472 005d 0B        		.uleb128 0xb
 1473 005e 39        		.uleb128 0x39
 1474 005f 0B        		.uleb128 0xb
 1475 0060 01        		.uleb128 0x1
 1476 0061 13        		.uleb128 0x13
 1477 0062 00        		.byte	0
 1478 0063 00        		.byte	0
 1479 0064 09        		.uleb128 0x9
 1480 0065 0D        		.uleb128 0xd
 1481 0066 00        		.byte	0
 1482 0067 03        		.uleb128 0x3
 1483 0068 0E        		.uleb128 0xe
 1484 0069 3A        		.uleb128 0x3a
 1485 006a 0B        		.uleb128 0xb
 1486 006b 3B        		.uleb128 0x3b
 1487 006c 0B        		.uleb128 0xb
 1488 006d 39        		.uleb128 0x39
 1489 006e 0B        		.uleb128 0xb
 1490 006f 49        		.uleb128 0x49
 1491 0070 13        		.uleb128 0x13
 1492 0071 38        		.uleb128 0x38
 1493 0072 0A        		.uleb128 0xa
 1494 0073 00        		.byte	0
 1495 0074 00        		.byte	0
 1496 0075 0A        		.uleb128 0xa
 1497 0076 01        		.uleb128 0x1
 1498 0077 01        		.byte	0x1
 1499 0078 49        		.uleb128 0x49
 1500 0079 13        		.uleb128 0x13
 1501 007a 01        		.uleb128 0x1
 1502 007b 13        		.uleb128 0x13
 1503 007c 00        		.byte	0
 1504 007d 00        		.byte	0
 1505 007e 0B        		.uleb128 0xb
 1506 007f 21        		.uleb128 0x21
 1507 0080 00        		.byte	0
 1508 0081 49        		.uleb128 0x49
 1509 0082 13        		.uleb128 0x13
 1510 0083 2F        		.uleb128 0x2f
 1511 0084 0B        		.uleb128 0xb
 1512 0085 00        		.byte	0
 1513 0086 00        		.byte	0
 1514 0087 0C        		.uleb128 0xc
 1515 0088 17        		.uleb128 0x17
 1516 0089 01        		.byte	0x1
 1517 008a 0B        		.uleb128 0xb
 1518 008b 0B        		.uleb128 0xb
 1519 008c 3A        		.uleb128 0x3a
 1520 008d 0B        		.uleb128 0xb
 1521 008e 3B        		.uleb128 0x3b
 1522 008f 0B        		.uleb128 0xb
 1523 0090 39        		.uleb128 0x39
 1524 0091 0B        		.uleb128 0xb
 1525 0092 01        		.uleb128 0x1
 1526 0093 13        		.uleb128 0x13
 1527 0094 00        		.byte	0
 1528 0095 00        		.byte	0
 1529 0096 0D        		.uleb128 0xd
 1530 0097 0D        		.uleb128 0xd
 1531 0098 00        		.byte	0
 1532 0099 03        		.uleb128 0x3
 1533 009a 08        		.uleb128 0x8
 1534 009b 3A        		.uleb128 0x3a
 1535 009c 0B        		.uleb128 0xb
 1536 009d 3B        		.uleb128 0x3b
 1537 009e 0B        		.uleb128 0xb
 1538 009f 39        		.uleb128 0x39
 1539 00a0 0B        		.uleb128 0xb
 1540 00a1 49        		.uleb128 0x49
 1541 00a2 13        		.uleb128 0x13
 1542 00a3 00        		.byte	0
 1543 00a4 00        		.byte	0
 1544 00a5 0E        		.uleb128 0xe
 1545 00a6 0D        		.uleb128 0xd
 1546 00a7 00        		.byte	0
 1547 00a8 49        		.uleb128 0x49
 1548 00a9 13        		.uleb128 0x13
 1549 00aa 00        		.byte	0
 1550 00ab 00        		.byte	0
 1551 00ac 0F        		.uleb128 0xf
 1552 00ad 0F        		.uleb128 0xf
 1553 00ae 00        		.byte	0
 1554 00af 0B        		.uleb128 0xb
 1555 00b0 0B        		.uleb128 0xb
 1556 00b1 49        		.uleb128 0x49
 1557 00b2 13        		.uleb128 0x13
 1558 00b3 00        		.byte	0
 1559 00b4 00        		.byte	0
 1560 00b5 10        		.uleb128 0x10
 1561 00b6 15        		.uleb128 0x15
 1562 00b7 01        		.byte	0x1
 1563 00b8 27        		.uleb128 0x27
 1564 00b9 0C        		.uleb128 0xc
 1565 00ba 01        		.uleb128 0x1
 1566 00bb 13        		.uleb128 0x13
 1567 00bc 00        		.byte	0
 1568 00bd 00        		.byte	0
 1569 00be 11        		.uleb128 0x11
 1570 00bf 05        		.uleb128 0x5
 1571 00c0 00        		.byte	0
 1572 00c1 49        		.uleb128 0x49
 1573 00c2 13        		.uleb128 0x13
 1574 00c3 00        		.byte	0
 1575 00c4 00        		.byte	0
 1576 00c5 12        		.uleb128 0x12
 1577 00c6 0D        		.uleb128 0xd
 1578 00c7 00        		.byte	0
 1579 00c8 03        		.uleb128 0x3
 1580 00c9 0E        		.uleb128 0xe
 1581 00ca 3A        		.uleb128 0x3a
 1582 00cb 0B        		.uleb128 0xb
 1583 00cc 3B        		.uleb128 0x3b
 1584 00cd 0B        		.uleb128 0xb
 1585 00ce 39        		.uleb128 0x39
 1586 00cf 0B        		.uleb128 0xb
 1587 00d0 49        		.uleb128 0x49
 1588 00d1 13        		.uleb128 0x13
 1589 00d2 0B        		.uleb128 0xb
 1590 00d3 0B        		.uleb128 0xb
 1591 00d4 0D        		.uleb128 0xd
 1592 00d5 0B        		.uleb128 0xb
 1593 00d6 0C        		.uleb128 0xc
 1594 00d7 0B        		.uleb128 0xb
 1595 00d8 38        		.uleb128 0x38
 1596 00d9 0A        		.uleb128 0xa
 1597 00da 00        		.byte	0
 1598 00db 00        		.byte	0
 1599 00dc 13        		.uleb128 0x13
 1600 00dd 04        		.uleb128 0x4
 1601 00de 01        		.byte	0x1
 1602 00df 3E        		.uleb128 0x3e
 1603 00e0 0B        		.uleb128 0xb
 1604 00e1 0B        		.uleb128 0xb
 1605 00e2 0B        		.uleb128 0xb
 1606 00e3 49        		.uleb128 0x49
 1607 00e4 13        		.uleb128 0x13
 1608 00e5 3A        		.uleb128 0x3a
 1609 00e6 0B        		.uleb128 0xb
 1610 00e7 3B        		.uleb128 0x3b
 1611 00e8 0B        		.uleb128 0xb
 1612 00e9 39        		.uleb128 0x39
 1613 00ea 0B        		.uleb128 0xb
 1614 00eb 01        		.uleb128 0x1
 1615 00ec 13        		.uleb128 0x13
 1616 00ed 00        		.byte	0
 1617 00ee 00        		.byte	0
 1618 00ef 14        		.uleb128 0x14
 1619 00f0 28        		.uleb128 0x28
 1620 00f1 00        		.byte	0
 1621 00f2 03        		.uleb128 0x3
 1622 00f3 0E        		.uleb128 0xe
 1623 00f4 1C        		.uleb128 0x1c
 1624 00f5 0B        		.uleb128 0xb
 1625 00f6 00        		.byte	0
 1626 00f7 00        		.byte	0
 1627 00f8 15        		.uleb128 0x15
 1628 00f9 04        		.uleb128 0x4
 1629 00fa 01        		.byte	0x1
 1630 00fb 03        		.uleb128 0x3
 1631 00fc 0E        		.uleb128 0xe
 1632 00fd 3E        		.uleb128 0x3e
 1633 00fe 0B        		.uleb128 0xb
 1634 00ff 0B        		.uleb128 0xb
 1635 0100 0B        		.uleb128 0xb
 1636 0101 49        		.uleb128 0x49
 1637 0102 13        		.uleb128 0x13
 1638 0103 3A        		.uleb128 0x3a
 1639 0104 0B        		.uleb128 0xb
 1640 0105 3B        		.uleb128 0x3b
 1641 0106 0B        		.uleb128 0xb
 1642 0107 39        		.uleb128 0x39
 1643 0108 0B        		.uleb128 0xb
 1644 0109 01        		.uleb128 0x1
 1645 010a 13        		.uleb128 0x13
 1646 010b 00        		.byte	0
 1647 010c 00        		.byte	0
 1648 010d 16        		.uleb128 0x16
 1649 010e 21        		.uleb128 0x21
 1650 010f 00        		.byte	0
 1651 0110 00        		.byte	0
 1652 0111 00        		.byte	0
 1653 0112 17        		.uleb128 0x17
 1654 0113 0D        		.uleb128 0xd
 1655 0114 00        		.byte	0
 1656 0115 03        		.uleb128 0x3
 1657 0116 08        		.uleb128 0x8
 1658 0117 3A        		.uleb128 0x3a
 1659 0118 0B        		.uleb128 0xb
 1660 0119 3B        		.uleb128 0x3b
 1661 011a 0B        		.uleb128 0xb
 1662 011b 39        		.uleb128 0x39
 1663 011c 0B        		.uleb128 0xb
 1664 011d 49        		.uleb128 0x49
 1665 011e 13        		.uleb128 0x13
 1666 011f 38        		.uleb128 0x38
 1667 0120 0A        		.uleb128 0xa
 1668 0121 00        		.byte	0
 1669 0122 00        		.byte	0
 1670 0123 18        		.uleb128 0x18
 1671 0124 16        		.uleb128 0x16
 1672 0125 00        		.byte	0
 1673 0126 03        		.uleb128 0x3
 1674 0127 08        		.uleb128 0x8
 1675 0128 3A        		.uleb128 0x3a
 1676 0129 0B        		.uleb128 0xb
 1677 012a 3B        		.uleb128 0x3b
 1678 012b 0B        		.uleb128 0xb
 1679 012c 39        		.uleb128 0x39
 1680 012d 0B        		.uleb128 0xb
 1681 012e 49        		.uleb128 0x49
 1682 012f 13        		.uleb128 0x13
 1683 0130 00        		.byte	0
 1684 0131 00        		.byte	0
 1685 0132 19        		.uleb128 0x19
 1686 0133 34        		.uleb128 0x34
 1687 0134 00        		.byte	0
 1688 0135 03        		.uleb128 0x3
 1689 0136 08        		.uleb128 0x8
 1690 0137 3A        		.uleb128 0x3a
 1691 0138 0B        		.uleb128 0xb
 1692 0139 3B        		.uleb128 0x3b
 1693 013a 0B        		.uleb128 0xb
 1694 013b 39        		.uleb128 0x39
 1695 013c 0B        		.uleb128 0xb
 1696 013d 49        		.uleb128 0x49
 1697 013e 13        		.uleb128 0x13
 1698 013f 3F        		.uleb128 0x3f
 1699 0140 0C        		.uleb128 0xc
 1700 0141 3C        		.uleb128 0x3c
 1701 0142 0C        		.uleb128 0xc
 1702 0143 00        		.byte	0
 1703 0144 00        		.byte	0
 1704 0145 1A        		.uleb128 0x1a
 1705 0146 13        		.uleb128 0x13
 1706 0147 01        		.byte	0x1
 1707 0148 03        		.uleb128 0x3
 1708 0149 0E        		.uleb128 0xe
 1709 014a 0B        		.uleb128 0xb
 1710 014b 0B        		.uleb128 0xb
 1711 014c 3A        		.uleb128 0x3a
 1712 014d 0B        		.uleb128 0xb
 1713 014e 3B        		.uleb128 0x3b
 1714 014f 05        		.uleb128 0x5
 1715 0150 39        		.uleb128 0x39
 1716 0151 0B        		.uleb128 0xb
 1717 0152 01        		.uleb128 0x1
 1718 0153 13        		.uleb128 0x13
 1719 0154 00        		.byte	0
 1720 0155 00        		.byte	0
 1721 0156 1B        		.uleb128 0x1b
 1722 0157 0D        		.uleb128 0xd
 1723 0158 00        		.byte	0
 1724 0159 03        		.uleb128 0x3
 1725 015a 0E        		.uleb128 0xe
 1726 015b 3A        		.uleb128 0x3a
 1727 015c 0B        		.uleb128 0xb
 1728 015d 3B        		.uleb128 0x3b
 1729 015e 05        		.uleb128 0x5
 1730 015f 39        		.uleb128 0x39
 1731 0160 0B        		.uleb128 0xb
 1732 0161 49        		.uleb128 0x49
 1733 0162 13        		.uleb128 0x13
 1734 0163 38        		.uleb128 0x38
 1735 0164 0A        		.uleb128 0xa
 1736 0165 00        		.byte	0
 1737 0166 00        		.byte	0
 1738 0167 1C        		.uleb128 0x1c
 1739 0168 16        		.uleb128 0x16
 1740 0169 00        		.byte	0
 1741 016a 03        		.uleb128 0x3
 1742 016b 0E        		.uleb128 0xe
 1743 016c 3A        		.uleb128 0x3a
 1744 016d 0B        		.uleb128 0xb
 1745 016e 3B        		.uleb128 0x3b
 1746 016f 05        		.uleb128 0x5
 1747 0170 39        		.uleb128 0x39
 1748 0171 0B        		.uleb128 0xb
 1749 0172 49        		.uleb128 0x49
 1750 0173 13        		.uleb128 0x13
 1751 0174 00        		.byte	0
 1752 0175 00        		.byte	0
 1753 0176 1D        		.uleb128 0x1d
 1754 0177 34        		.uleb128 0x34
 1755 0178 00        		.byte	0
 1756 0179 03        		.uleb128 0x3
 1757 017a 0E        		.uleb128 0xe
 1758 017b 3A        		.uleb128 0x3a
 1759 017c 0B        		.uleb128 0xb
 1760 017d 3B        		.uleb128 0x3b
 1761 017e 05        		.uleb128 0x5
 1762 017f 39        		.uleb128 0x39
 1763 0180 0B        		.uleb128 0xb
 1764 0181 49        		.uleb128 0x49
 1765 0182 13        		.uleb128 0x13
 1766 0183 3F        		.uleb128 0x3f
 1767 0184 0C        		.uleb128 0xc
 1768 0185 3C        		.uleb128 0x3c
 1769 0186 0C        		.uleb128 0xc
 1770 0187 00        		.byte	0
 1771 0188 00        		.byte	0
 1772 0189 1E        		.uleb128 0x1e
 1773 018a 17        		.uleb128 0x17
 1774 018b 01        		.byte	0x1
 1775 018c 0B        		.uleb128 0xb
 1776 018d 0B        		.uleb128 0xb
 1777 018e 3A        		.uleb128 0x3a
 1778 018f 0B        		.uleb128 0xb
 1779 0190 3B        		.uleb128 0x3b
 1780 0191 05        		.uleb128 0x5
 1781 0192 39        		.uleb128 0x39
 1782 0193 0B        		.uleb128 0xb
 1783 0194 01        		.uleb128 0x1
 1784 0195 13        		.uleb128 0x13
 1785 0196 00        		.byte	0
 1786 0197 00        		.byte	0
 1787 0198 1F        		.uleb128 0x1f
 1788 0199 0D        		.uleb128 0xd
 1789 019a 00        		.byte	0
 1790 019b 03        		.uleb128 0x3
 1791 019c 0E        		.uleb128 0xe
 1792 019d 3A        		.uleb128 0x3a
 1793 019e 0B        		.uleb128 0xb
 1794 019f 3B        		.uleb128 0x3b
 1795 01a0 05        		.uleb128 0x5
 1796 01a1 39        		.uleb128 0x39
 1797 01a2 0B        		.uleb128 0xb
 1798 01a3 49        		.uleb128 0x49
 1799 01a4 13        		.uleb128 0x13
 1800 01a5 00        		.byte	0
 1801 01a6 00        		.byte	0
 1802 01a7 20        		.uleb128 0x20
 1803 01a8 0D        		.uleb128 0xd
 1804 01a9 00        		.byte	0
 1805 01aa 03        		.uleb128 0x3
 1806 01ab 08        		.uleb128 0x8
 1807 01ac 3A        		.uleb128 0x3a
 1808 01ad 0B        		.uleb128 0xb
 1809 01ae 3B        		.uleb128 0x3b
 1810 01af 05        		.uleb128 0x5
 1811 01b0 39        		.uleb128 0x39
 1812 01b1 0B        		.uleb128 0xb
 1813 01b2 49        		.uleb128 0x49
 1814 01b3 13        		.uleb128 0x13
 1815 01b4 00        		.byte	0
 1816 01b5 00        		.byte	0
 1817 01b6 21        		.uleb128 0x21
 1818 01b7 0D        		.uleb128 0xd
 1819 01b8 00        		.byte	0
 1820 01b9 49        		.uleb128 0x49
 1821 01ba 13        		.uleb128 0x13
 1822 01bb 38        		.uleb128 0x38
 1823 01bc 0A        		.uleb128 0xa
 1824 01bd 00        		.byte	0
 1825 01be 00        		.byte	0
 1826 01bf 22        		.uleb128 0x22
 1827 01c0 0F        		.uleb128 0xf
 1828 01c1 00        		.byte	0
 1829 01c2 0B        		.uleb128 0xb
 1830 01c3 0B        		.uleb128 0xb
 1831 01c4 00        		.byte	0
 1832 01c5 00        		.byte	0
 1833 01c6 00        		.byte	0
 1834               		.section	.gnu.debuglto_.debug_line,"",@progbits
 1835               	.Ldebug_line0:
 1836 0000 DB01 0000 		.long	.LELT0-.LSLT0
 1837               	.LSLT0:
 1838 0004 0200      		.word	0x2
 1839 0006 D501 0000 		.long	.LELTP0-.LASLTP0
 1840               	.LASLTP0:
 1841 000a 01        		.byte	0x1
 1842 000b 01        		.byte	0x1
 1843 000c F6        		.byte	0xf6
 1844 000d F2        		.byte	0xf2
 1845 000e 0D        		.byte	0xd
 1846 000f 00        		.byte	0
 1847 0010 01        		.byte	0x1
 1848 0011 01        		.byte	0x1
 1849 0012 01        		.byte	0x1
 1850 0013 01        		.byte	0x1
 1851 0014 00        		.byte	0
 1852 0015 00        		.byte	0
 1853 0016 00        		.byte	0
 1854 0017 01        		.byte	0x1
 1855 0018 00        		.byte	0
 1856 0019 00        		.byte	0
 1857 001a 01        		.byte	0x1
 1858 001b 653A 5C67 		.ascii	"e:\\game\\msys2\\mingw64\\avr\\include"
 1858      616D 655C 
 1858      6D73 7973 
 1858      325C 6D69 
 1858      6E67 7736 
 1859 003c 00        		.byte	0
 1860 003d 653A 5C67 		.ascii	"e:\\game\\msys2\\mingw64\\lib\\gcc\\avr\\8.4.0\\include"
 1860      616D 655C 
 1860      6D73 7973 
 1860      325C 6D69 
 1860      6E67 7736 
 1861 006c 00        		.byte	0
 1862 006d 746D 6B5F 		.ascii	"tmk_core/common"
 1862      636F 7265 
 1862      2F63 6F6D 
 1862      6D6F 6E
 1863 007c 00        		.byte	0
 1864 007d 746D 6B5F 		.ascii	"tmk_core/common/avr"
 1864      636F 7265 
 1864      2F63 6F6D 
 1864      6D6F 6E2F 
 1864      6176 72
 1865 0090 00        		.byte	0
 1866 0091 7175 616E 		.ascii	"quantum"
 1866      7475 6D
 1867 0098 00        		.byte	0
 1868 0099 7175 616E 		.ascii	"quantum/process_keycode"
 1868      7475 6D2F 
 1868      7072 6F63 
 1868      6573 735F 
 1868      6B65 7963 
 1869 00b0 00        		.byte	0
 1870 00b1 7175 616E 		.ascii	"quantum/sequencer"
 1870      7475 6D2F 
 1870      7365 7175 
 1870      656E 6365 
 1870      72
 1871 00c2 00        		.byte	0
 1872 00c3 00        		.byte	0
 1873 00c4 7374 6469 		.string	"stdint.h"
 1873      6E74 2E68 
 1873      00
 1874 00cd 01        		.uleb128 0x1
 1875 00ce 00        		.uleb128 0
 1876 00cf 00        		.uleb128 0
 1877 00d0 7374 6464 		.string	"stddef.h"
 1877      6566 2E68 
 1877      00
 1878 00d9 02        		.uleb128 0x2
 1879 00da 00        		.uleb128 0
 1880 00db 00        		.uleb128 0
 1881 00dc 7265 706F 		.string	"report.h"
 1881      7274 2E68 
 1881      00
 1882 00e5 03        		.uleb128 0x3
 1883 00e6 00        		.uleb128 0
 1884 00e7 00        		.uleb128 0
 1885 00e8 6163 7469 		.string	"action.h"
 1885      6F6E 2E68 
 1885      00
 1886 00f1 03        		.uleb128 0x3
 1887 00f2 00        		.uleb128 0
 1888 00f3 00        		.uleb128 0
 1889 00f4 686F 7374 		.string	"host.h"
 1889      2E68 00
 1890 00fb 03        		.uleb128 0x3
 1891 00fc 00        		.uleb128 0
 1892 00fd 00        		.uleb128 0
 1893 00fe 6176 722F 		.string	"avr/xprintf.h"
 1893      7870 7269 
 1893      6E74 662E 
 1893      6800 
 1894 010c 03        		.uleb128 0x3
 1895 010d 00        		.uleb128 0
 1896 010e 00        		.uleb128 0
 1897 010f 6465 6275 		.string	"debug.h"
 1897      672E 6800 
 1898 0117 03        		.uleb128 0x3
 1899 0118 00        		.uleb128 0
 1900 0119 00        		.uleb128 0
 1901 011a 6B65 7963 		.string	"keycode_config.h"
 1901      6F64 655F 
 1901      636F 6E66 
 1901      6967 2E68 
 1901      00
 1902 012b 05        		.uleb128 0x5
 1903 012c 00        		.uleb128 0
 1904 012d 00        		.uleb128 0
 1905 012e 7469 6D65 		.string	"timer.h"
 1905      722E 6800 
 1906 0136 03        		.uleb128 0x3
 1907 0137 00        		.uleb128 0
 1908 0138 00        		.uleb128 0
 1909 0139 7365 7175 		.string	"sequencer/sequencer.h"
 1909      656E 6365 
 1909      722F 7365 
 1909      7175 656E 
 1909      6365 722E 
 1910 014f 05        		.uleb128 0x5
 1911 0150 00        		.uleb128 0
 1912 0151 00        		.uleb128 0
 1913 0152 6B65 796D 		.string	"keymap.h"
 1913      6170 2E68 
 1913      00
 1914 015b 05        		.uleb128 0x5
 1915 015c 00        		.uleb128 0
 1916 015d 00        		.uleb128 0
 1917 015e 636F 6C6F 		.string	"color.h"
 1917      722E 6800 
 1918 0166 05        		.uleb128 0x5
 1919 0167 00        		.uleb128 0
 1920 0168 00        		.uleb128 0
 1921 0169 7267 626C 		.string	"rgblight.h"
 1921      6967 6874 
 1921      2E68 00
 1922 0174 05        		.uleb128 0x5
 1923 0175 00        		.uleb128 0
 1924 0176 00        		.uleb128 0
 1925 0177 6163 7469 		.string	"action_layer.h"
 1925      6F6E 5F6C 
 1925      6179 6572 
 1925      2E68 00
 1926 0186 03        		.uleb128 0x3
 1927 0187 00        		.uleb128 0
 1928 0188 00        		.uleb128 0
 1929 0189 6163 7469 		.string	"action_util.h"
 1929      6F6E 5F75 
 1929      7469 6C2E 
 1929      6800 
 1930 0197 03        		.uleb128 0x3
 1931 0198 00        		.uleb128 0
 1932 0199 00        		.uleb128 0
 1933 019a 7365 6E64 		.string	"send_string.h"
 1933      5F73 7472 
 1933      696E 672E 
 1933      6800 
 1934 01a8 05        		.uleb128 0x5
 1935 01a9 00        		.uleb128 0
 1936 01aa 00        		.uleb128 0
 1937 01ab 7374 646C 		.string	"stdlib.h"
 1937      6962 2E68 
 1937      00
 1938 01b4 01        		.uleb128 0x1
 1939 01b5 00        		.uleb128 0
 1940 01b6 00        		.uleb128 0
 1941 01b7 7072 6F63 		.string	"process_keycode/process_tap_dance.h"
 1941      6573 735F 
 1941      6B65 7963 
 1941      6F64 652F 
 1941      7072 6F63 
 1942 01db 05        		.uleb128 0x5
 1943 01dc 00        		.uleb128 0
 1944 01dd 00        		.uleb128 0
 1945 01de 00        		.byte	0
 1946               	.LELTP0:
 1947               	.LELT0:
 1948               		.section	.gnu.debuglto_.debug_str,"MS",@progbits,1
 1949               	.LASF110:
 1950 0000 636F 756E 		.string	"count"
 1950      7400 
 1951               	.LASF81:
 1952 0006 636C 6970 		.string	"clipping_start_pos"
 1952      7069 6E67 
 1952      5F73 7461 
 1952      7274 5F70 
 1952      6F73 00
 1953               	.LASF77:
 1954 0019 5247 424C 		.string	"RGBLED_KNIGHT_INTERVALS"
 1954      4544 5F4B 
 1954      4E49 4748 
 1954      545F 494E 
 1954      5445 5256 
 1955               	.LASF54:
 1956 0031 7472 6163 		.string	"track_notes"
 1956      6B5F 6E6F 
 1956      7465 7300 
 1957               	.LASF111:
 1958 003d 6F6E 6573 		.string	"oneshot_mods"
 1958      686F 745F 
 1958      6D6F 6473 
 1958      00
 1959               	.LASF58:
 1960 004a 5345 5155 		.string	"SEQUENCER_PHASE_ATTACK"
 1960      454E 4345 
 1960      525F 5048 
 1960      4153 455F 
 1960      4154 5441 
 1961               	.LASF11:
 1962 0061 7369 7A65 		.string	"size_t"
 1962      5F74 00
 1963               	.LASF57:
 1964 0068 7365 7175 		.string	"sequencer_config_t"
 1964      656E 6365 
 1964      725F 636F 
 1964      6E66 6967 
 1964      5F74 00
 1965               	.LASF103:
 1966 007b 6173 6369 		.string	"ascii_to_altgr_lut"
 1966      695F 746F 
 1966      5F61 6C74 
 1966      6772 5F6C 
 1966      7574 00
 1967               	.LASF32:
 1968 008e 7377 6170 		.string	"swap_grave_esc"
 1968      5F67 7261 
 1968      7665 5F65 
 1968      7363 00
 1969               	.LASF69:
 1970 009d 7365 7175 		.string	"sequencer_internal_state"
 1970      656E 6365 
 1970      725F 696E 
 1970      7465 726E 
 1970      616C 5F73 
 1971               	.LASF50:
 1972 00b6 5345 5155 		.string	"SEQUENCER_RESOLUTIONS"
 1972      454E 4345 
 1972      525F 5245 
 1972      534F 4C55 
 1972      5449 4F4E 
 1973               	.LASF41:
 1974 00cc 5351 5F52 		.string	"SQ_RES_2"
 1974      4553 5F32 
 1974      00
 1975               	.LASF43:
 1976 00d5 5351 5F52 		.string	"SQ_RES_4"
 1976      4553 5F34 
 1976      00
 1977               	.LASF45:
 1978 00de 5351 5F52 		.string	"SQ_RES_8"
 1978      4553 5F38 
 1978      00
 1979               	.LASF10:
 1980 00e7 6C6F 6E67 		.string	"long long unsigned int"
 1980      206C 6F6E 
 1980      6720 756E 
 1980      7369 676E 
 1980      6564 2069 
 1981               	.LASF63:
 1982 00fe 6375 7272 		.string	"current_track"
 1982      656E 745F 
 1982      7472 6163 
 1982      6B00 
 1983               	.LASF121:
 1984 010c 6F6E 5F64 		.string	"on_dance_finished"
 1984      616E 6365 
 1984      5F66 696E 
 1984      6973 6865 
 1984      6400 
 1985               	.LASF94:
 1986 011e 6465 6C74 		.string	"delta"
 1986      6100 
 1987               	.LASF118:
 1988 0124 716B 5F74 		.string	"qk_tap_dance_state_t"
 1988      6170 5F64 
 1988      616E 6365 
 1988      5F73 7461 
 1988      7465 5F74 
 1989               	.LASF113:
 1990 0139 6B65 7963 		.string	"keycode"
 1990      6F64 6500 
 1991               	.LASF9:
 1992 0141 6C6F 6E67 		.string	"long long int"
 1992      206C 6F6E 
 1992      6720 696E 
 1992      7400 
 1993               	.LASF2:
 1994 014f 7369 676E 		.string	"signed char"
 1994      6564 2063 
 1994      6861 7200 
 1995               	.LASF125:
 1996 015b 7573 6572 		.string	"user_data"
 1996      5F64 6174 
 1996      6100 
 1997               	.LASF27:
 1998 0165 7377 6170 		.string	"swap_control_capslock"
 1998      5F63 6F6E 
 1998      7472 6F6C 
 1998      5F63 6170 
 1998      736C 6F63 
 1999               	.LASF40:
 2000 017b 7469 6D65 		.string	"timer_count"
 2000      725F 636F 
 2000      756E 7400 
 2001               	.LASF42:
 2002 0187 5351 5F52 		.string	"SQ_RES_2T"
 2002      4553 5F32 
 2002      5400 
 2003               	.LASF126:
 2004 0191 716B 5F74 		.string	"qk_tap_dance_action_t"
 2004      6170 5F64 
 2004      616E 6365 
 2004      5F61 6374 
 2004      696F 6E5F 
 2005               	.LASF70:
 2006 01a7 6B65 796D 		.string	"keymaps"
 2006      6170 7300 
 2007               	.LASF107:
 2008 01af 5F5F 6D61 		.string	"__malloc_heap_start"
 2008      6C6C 6F63 
 2008      5F68 6561 
 2008      705F 7374 
 2008      6172 7400 
 2009               	.LASF123:
 2010 01c3 7374 6174 		.string	"state"
 2010      6500 
 2011               	.LASF6:
 2012 01c9 6C6F 6E67 		.string	"long int"
 2012      2069 6E74 
 2012      00
 2013               	.LASF72:
 2014 01d2 6352 4742 		.string	"cRGB"
 2014      00
 2015               	.LASF49:
 2016 01d7 5351 5F52 		.string	"SQ_RES_32"
 2016      4553 5F33 
 2016      3200 
 2017               	.LASF21:
 2018 01e1 656E 6162 		.string	"enable"
 2018      6C65 00
 2019               	.LASF34:
 2020 01e8 6E6B 726F 		.string	"nkro"
 2020      00
 2021               	.LASF38:
 2022 01ed 6B65 796D 		.string	"keymap_config_t"
 2022      6170 5F63 
 2022      6F6E 6669 
 2022      675F 7400 
 2023               	.LASF48:
 2024 01fd 5351 5F52 		.string	"SQ_RES_16T"
 2024      4553 5F31 
 2024      3654 00
 2025               	.LASF80:
 2026 0208 6973 5F72 		.string	"is_rgblight_initialized"
 2026      6762 6C69 
 2026      6768 745F 
 2026      696E 6974 
 2026      6961 6C69 
 2027               	.LASF79:
 2028 0220 5247 424C 		.string	"RGBLED_TWINKLE_INTERVALS"
 2028      4544 5F54 
 2028      5749 4E4B 
 2028      4C45 5F49 
 2028      4E54 4552 
 2029               	.LASF97:
 2030 0239 616E 696D 		.string	"animation_status"
 2030      6174 696F 
 2030      6E5F 7374 
 2030      6174 7573 
 2030      00
 2031               	.LASF68:
 2032 024a 7365 7175 		.string	"sequencer_config"
 2032      656E 6365 
 2032      725F 636F 
 2032      6E66 6967 
 2032      00
 2033               	.LASF22:
 2034 025b 6D61 7472 		.string	"matrix"
 2034      6978 00
 2035               	.LASF90:
 2036 0262 6375 7272 		.string	"current_offset"
 2036      656E 745F 
 2036      6F66 6673 
 2036      6574 00
 2037               	.LASF92:
 2038 0271 5F61 6E69 		.string	"_animation_status_t"
 2038      6D61 7469 
 2038      6F6E 5F73 
 2038      7461 7475 
 2038      735F 7400 
 2039               	.LASF106:
 2040 0285 5F5F 6D61 		.string	"__malloc_margin"
 2040      6C6C 6F63 
 2040      5F6D 6172 
 2040      6769 6E00 
 2041               	.LASF5:
 2042 0295 756E 7369 		.string	"unsigned int"
 2042      676E 6564 
 2042      2069 6E74 
 2042      00
 2043               	.LASF4:
 2044 02a2 7569 6E74 		.string	"uint16_t"
 2044      3136 5F74 
 2044      00
 2045               	.LASF26:
 2046 02ab 6465 6275 		.string	"debug_config"
 2046      675F 636F 
 2046      6E66 6967 
 2046      00
 2047               	.LASF120:
 2048 02b8 6F6E 5F65 		.string	"on_each_tap"
 2048      6163 685F 
 2048      7461 7000 
 2049               	.LASF8:
 2050 02c4 6C6F 6E67 		.string	"long unsigned int"
 2050      2075 6E73 
 2050      6967 6E65 
 2050      6420 696E 
 2050      7400 
 2051               	.LASF31:
 2052 02d6 6E6F 5F67 		.string	"no_gui"
 2052      7569 00
 2053               	.LASF119:
 2054 02dd 716B 5F74 		.string	"qk_tap_dance_user_fn_t"
 2054      6170 5F64 
 2054      616E 6365 
 2054      5F75 7365 
 2054      725F 666E 
 2055               	.LASF127:
 2056 02f4 7461 705F 		.string	"tap_dance_actions"
 2056      6461 6E63 
 2056      655F 6163 
 2056      7469 6F6E 
 2056      7300 
 2057               	.LASF109:
 2058 0306 5F5F 6D61 		.string	"__malloc_heap_end"
 2058      6C6C 6F63 
 2058      5F68 6561 
 2058      705F 656E 
 2058      6400 
 2059               	.LASF88:
 2060 0318 706F 7331 		.string	"pos16"
 2060      3600 
 2061               	.LASF16:
 2062 031e 7265 706F 		.string	"report_keyboard_t"
 2062      7274 5F6B 
 2062      6579 626F 
 2062      6172 645F 
 2062      7400 
 2063               	.LASF83:
 2064 0330 6566 6665 		.string	"effect_start_pos"
 2064      6374 5F73 
 2064      7461 7274 
 2064      5F70 6F73 
 2064      00
 2065               	.LASF23:
 2066 0341 6B65 7962 		.string	"keyboard"
 2066      6F61 7264 
 2066      00
 2067               	.LASF60:
 2068 034a 5345 5155 		.string	"SEQUENCER_PHASE_PAUSE"
 2068      454E 4345 
 2068      525F 5048 
 2068      4153 455F 
 2068      5041 5553 
 2069               	.LASF44:
 2070 0360 5351 5F52 		.string	"SQ_RES_4T"
 2070      4553 5F34 
 2070      5400 
 2071               	.LASF78:
 2072 036a 5247 424C 		.string	"RGBLED_RGBTEST_INTERVALS"
 2072      4544 5F52 
 2072      4742 5445 
 2072      5354 5F49 
 2072      4E54 4552 
 2073               	.LASF73:
 2074 0383 5247 424C 		.string	"RGBLED_BREATHING_INTERVALS"
 2074      4544 5F42 
 2074      5245 4154 
 2074      4849 4E47 
 2074      5F49 4E54 
 2075               	.LASF29:
 2076 039e 7377 6170 		.string	"swap_lalt_lgui"
 2076      5F6C 616C 
 2076      745F 6C67 
 2076      7569 00
 2077               	.LASF33:
 2078 03ad 7377 6170 		.string	"swap_backslash_backspace"
 2078      5F62 6163 
 2078      6B73 6C61 
 2078      7368 5F62 
 2078      6163 6B73 
 2079               	.LASF105:
 2080 03c6 6173 6369 		.string	"ascii_to_keycode_lut"
 2080      695F 746F 
 2080      5F6B 6579 
 2080      636F 6465 
 2080      5F6C 7574 
 2081               	.LASF85:
 2082 03db 6566 6665 		.string	"effect_num_leds"
 2082      6374 5F6E 
 2082      756D 5F6C 
 2082      6564 7300 
 2083               	.LASF51:
 2084 03eb 7365 7175 		.string	"sequencer_resolution_t"
 2084      656E 6365 
 2084      725F 7265 
 2084      736F 6C75 
 2084      7469 6F6E 
 2085               	.LASF75:
 2086 0402 5247 424C 		.string	"RGBLED_RAINBOW_SWIRL_INTERVALS"
 2086      4544 5F52 
 2086      4149 4E42 
 2086      4F57 5F53 
 2086      5749 524C 
 2087               	.LASF37:
 2088 0421 6F6E 6573 		.string	"oneshot_disable"
 2088      686F 745F 
 2088      6469 7361 
 2088      626C 6500 
 2089               	.LASF64:
 2090 0431 6375 7272 		.string	"current_step"
 2090      656E 745F 
 2090      7374 6570 
 2090      00
 2091               	.LASF96:
 2092 043e 616E 696D 		.string	"animation_status_t"
 2092      6174 696F 
 2092      6E5F 7374 
 2092      6174 7573 
 2092      5F74 00
 2093               	.LASF14:
 2094 0451 7265 7365 		.string	"reserved"
 2094      7276 6564 
 2094      00
 2095               	.LASF15:
 2096 045a 6B65 7973 		.string	"keys"
 2096      00
 2097               	.LASF87:
 2098 045f 7267 626C 		.string	"rgblight_ranges"
 2098      6967 6874 
 2098      5F72 616E 
 2098      6765 7300 
 2099               	.LASF76:
 2100 046f 5247 424C 		.string	"RGBLED_SNAKE_INTERVALS"
 2100      4544 5F53 
 2100      4E41 4B45 
 2100      5F49 4E54 
 2100      4552 5641 
 2101               	.LASF101:
 2102 0486 6B65 7962 		.string	"keyboard_report"
 2102      6F61 7264 
 2102      5F72 6570 
 2102      6F72 7400 
 2103               	.LASF100:
 2104 0496 6C61 7965 		.string	"layer_state"
 2104      725F 7374 
 2104      6174 6500 
 2105               	.LASF20:
 2106 04a2 7866 756E 		.string	"xfunc_out"
 2106      635F 6F75 
 2106      7400 
 2107               	.LASF71:
 2108 04ac 666E 5F61 		.string	"fn_actions"
 2108      6374 696F 
 2108      6E73 00
 2109               	.LASF12:
 2110 04b7 5F42 6F6F 		.string	"_Bool"
 2110      6C00 
 2111               	.LASF3:
 2112 04bd 756E 7369 		.string	"unsigned char"
 2112      676E 6564 
 2112      2063 6861 
 2112      7200 
 2113               	.LASF28:
 2114 04cb 6361 7073 		.string	"capslock_to_control"
 2114      6C6F 636B 
 2114      5F74 6F5F 
 2114      636F 6E74 
 2114      726F 6C00 
 2115               	.LASF30:
 2116 04df 7377 6170 		.string	"swap_ralt_rgui"
 2116      5F72 616C 
 2116      745F 7267 
 2116      7569 00
 2117               	.LASF117:
 2118 04ee 6669 6E69 		.string	"finished"
 2118      7368 6564 
 2118      00
 2119               	.LASF114:
 2120 04f7 696E 7465 		.string	"interrupting_keycode"
 2120      7272 7570 
 2120      7469 6E67 
 2120      5F6B 6579 
 2120      636F 6465 
 2121               	.LASF39:
 2122 050c 6B65 796D 		.string	"keymap_config"
 2122      6170 5F63 
 2122      6F6E 6669 
 2122      6700 
 2123               	.LASF7:
 2124 051a 7569 6E74 		.string	"uint32_t"
 2124      3332 5F74 
 2124      00
 2125               	.LASF93:
 2126 0523 6C61 7374 		.string	"last_timer"
 2126      5F74 696D 
 2126      6572 00
 2127               	.LASF52:
 2128 052e 656E 6162 		.string	"enabled"
 2128      6C65 6400 
 2129               	.LASF61:
 2130 0536 7365 7175 		.string	"sequencer_phase_t"
 2130      656E 6365 
 2130      725F 7068 
 2130      6173 655F 
 2130      7400 
 2131               	.LASF18:
 2132 0548 6B65 7962 		.string	"keyboard_idle"
 2132      6F61 7264 
 2132      5F69 646C 
 2132      6500 
 2133               	.LASF108:
 2134 0556 6368 6172 		.string	"char"
 2134      00
 2135               	.LASF122:
 2136 055b 6F6E 5F72 		.string	"on_reset"
 2136      6573 6574 
 2136      00
 2137               	.LASF98:
 2138 0564 6C61 7965 		.string	"layer_state_t"
 2138      725F 7374 
 2138      6174 655F 
 2138      7400 
 2139               	.LASF124:
 2140 0572 6375 7374 		.string	"custom_tapping_term"
 2140      6F6D 5F74 
 2140      6170 7069 
 2140      6E67 5F74 
 2140      6572 6D00 
 2141               	.LASF86:
 2142 0586 7267 626C 		.string	"rgblight_ranges_t"
 2142      6967 6874 
 2142      5F72 616E 
 2142      6765 735F 
 2142      7400 
 2143               	.LASF56:
 2144 0598 7265 736F 		.string	"resolution"
 2144      6C75 7469 
 2144      6F6E 00
 2145               	.LASF13:
 2146 05a3 6D6F 6473 		.string	"mods"
 2146      00
 2147               	.LASF55:
 2148 05a8 7465 6D70 		.string	"tempo"
 2148      6F00 
 2149               	.LASF95:
 2150 05ae 7265 7374 		.string	"restart"
 2150      6172 7400 
 2151               	.LASF102:
 2152 05b6 6173 6369 		.string	"ascii_to_shift_lut"
 2152      695F 746F 
 2152      5F73 6869 
 2152      6674 5F6C 
 2152      7574 00
 2153               	.LASF112:
 2154 05c9 7765 616B 		.string	"weak_mods"
 2154      5F6D 6F64 
 2154      7300 
 2155               	.LASF129:
 2156 05d3 6B65 7962 		.string	"keyboards/keebio/iris/rev1/rev1.c"
 2156      6F61 7264 
 2156      732F 6B65 
 2156      6562 696F 
 2156      2F69 7269 
 2157               	.LASF99:
 2158 05f5 6465 6661 		.string	"default_layer_state"
 2158      756C 745F 
 2158      6C61 7965 
 2158      725F 7374 
 2158      6174 6500 
 2159               	.LASF0:
 2160 0609 696E 7438 		.string	"int8_t"
 2160      5F74 00
 2161               	.LASF130:
 2162 0610 443A 5C44 		.string	"D:\\Download\\qmk_firmware\\vial-qmk"
 2162      6F77 6E6C 
 2162      6F61 645C 
 2162      716D 6B5F 
 2162      6669 726D 
 2163               	.LASF17:
 2164 0632 6469 7361 		.string	"disable_action_cache"
 2164      626C 655F 
 2164      6163 7469 
 2164      6F6E 5F63 
 2164      6163 6865 
 2165               	.LASF67:
 2166 0647 7365 7175 		.string	"sequencer_state_t"
 2166      656E 6365 
 2166      725F 7374 
 2166      6174 655F 
 2166      7400 
 2167               	.LASF25:
 2168 0659 6465 6275 		.string	"debug_config_t"
 2168      675F 636F 
 2168      6E66 6967 
 2168      5F74 00
 2169               	.LASF82:
 2170 0668 636C 6970 		.string	"clipping_num_leds"
 2170      7069 6E67 
 2170      5F6E 756D 
 2170      5F6C 6564 
 2170      7300 
 2171               	.LASF66:
 2172 067a 7068 6173 		.string	"phase"
 2172      6500 
 2173               	.LASF128:
 2174 0680 474E 5520 		.string	"GNU C99 8.4.0 -mn-flash=1 -mno-skip-bug -mmcu=avr5 -gdwarf-2 -Os -std=gnu99 -funsigned-ch
 2174      4339 3920 
 2174      382E 342E 
 2174      3020 2D6D 
 2174      6E2D 666C 
 2175               	.LASF116:
 2176 0771 7072 6573 		.string	"pressed"
 2176      7365 6400 
 2177               	.LASF115:
 2178 0779 696E 7465 		.string	"interrupted"
 2178      7272 7570 
 2178      7465 6400 
 2179               	.LASF91:
 2180 0785 5F72 6762 		.string	"_rgblight_ranges_t"
 2180      6C69 6768 
 2180      745F 7261 
 2180      6E67 6573 
 2180      5F74 00
 2181               	.LASF1:
 2182 0798 7569 6E74 		.string	"uint8_t"
 2182      385F 7400 
 2183               	.LASF65:
 2184 07a0 7469 6D65 		.string	"timer"
 2184      7200 
 2185               	.LASF19:
 2186 07a6 6B65 7962 		.string	"keyboard_protocol"
 2186      6F61 7264 
 2186      5F70 726F 
 2186      746F 636F 
 2186      6C00 
 2187               	.LASF104:
 2188 07b8 6173 6369 		.string	"ascii_to_dead_lut"
 2188      695F 746F 
 2188      5F64 6561 
 2188      645F 6C75 
 2188      7400 
 2189               	.LASF24:
 2190 07ca 6D6F 7573 		.string	"mouse"
 2190      6500 
 2191               	.LASF89:
 2192 07d0 6375 7272 		.string	"current_hue"
 2192      656E 745F 
 2192      6875 6500 
 2193               	.LASF84:
 2194 07dc 6566 6665 		.string	"effect_end_pos"
 2194      6374 5F65 
 2194      6E64 5F70 
 2194      6F73 00
 2195               	.LASF36:
 2196 07eb 7377 6170 		.string	"swap_rctl_rgui"
 2196      5F72 6374 
 2196      6C5F 7267 
 2196      7569 00
 2197               	.LASF62:
 2198 07fa 6163 7469 		.string	"active_tracks"
 2198      7665 5F74 
 2198      7261 636B 
 2198      7300 
 2199               	.LASF59:
 2200 0808 5345 5155 		.string	"SEQUENCER_PHASE_RELEASE"
 2200      454E 4345 
 2200      525F 5048 
 2200      4153 455F 
 2200      5245 4C45 
 2201               	.LASF46:
 2202 0820 5351 5F52 		.string	"SQ_RES_8T"
 2202      4553 5F38 
 2202      5400 
 2203               	.LASF35:
 2204 082a 7377 6170 		.string	"swap_lctl_lgui"
 2204      5F6C 6374 
 2204      6C5F 6C67 
 2204      7569 00
 2205               	.LASF53:
 2206 0839 7374 6570 		.string	"steps"
 2206      7300 
 2207               	.LASF47:
 2208 083f 5351 5F52 		.string	"SQ_RES_16"
 2208      4553 5F31 
 2208      3600 
 2209               	.LASF74:
 2210 0849 5247 424C 		.string	"RGBLED_RAINBOW_MOOD_INTERVALS"
 2210      4544 5F52 
 2210      4149 4E42 
 2210      4F57 5F4D 
 2210      4F4F 445F 
 2211               		.text
 2212               		.section	.gnu.lto_.profile.90f1e71f,"",@progbits
 2213 0000 789C 6367 		.string	"x\234cg`f`d"
 2213      6066 6064 
 2213      00
 2214 0009 0200      		.string	"\002"
 2215 000b 00        		.string	""
 2216 000c 6200      		.string	"b"
 2217 000e 0C        		.ascii	"\f"
 2218               		.text
 2219               		.section	.gnu.lto_.icf.90f1e71f,"",@progbits
 2220 0000 789C 6367 		.string	"x\234cg`f`b@\006"
 2220      6066 6062 
 2220      4006 00
 2221 000b 00        		.string	""
 2222 000c DC00      		.string	"\334"
 2223 000e 0D        		.ascii	"\r"
 2224               		.text
 2225               		.section	.gnu.lto_.jmpfuncs.90f1e71f,"",@progbits
 2226 0000 789C 6367 		.string	"x\234cg`f`b@\006"
 2226      6066 6062 
 2226      4006 00
 2227 000b 00        		.string	""
 2228 000c DC00      		.string	"\334"
 2229 000e 0D        		.ascii	"\r"
 2230               		.text
 2231               		.section	.gnu.lto_.inline.90f1e71f,"",@progbits
 2232 0000 789C 6367 		.string	"x\234cg`f`b@\006"
 2232      6066 6062 
 2232      4006 00
 2233 000b 00        		.string	""
 2234 000c DC00      		.string	"\334"
 2235 000e 0D        		.ascii	"\r"
 2236               		.text
 2237               		.section	.gnu.lto_.pureconst.90f1e71f,"",@progbits
 2238 0000 789C 6367 		.string	"x\234cg`f`d"
 2238      6066 6064 
 2238      00
 2239 0009 0200      		.string	"\002"
 2240 000b 00        		.string	""
 2241 000c 6200      		.string	"b"
 2242 000e 0C        		.ascii	"\f"
 2243               		.text
 2244               		.section	.gnu.lto_.symbol_nodes.90f1e71f,"",@progbits
 2245 0000 789C 6367 		.string	"x\234cg`f`b"
 2245      6066 6062 
 2245      00
 2246 0009 0100      		.string	"\001"
 2247 000b 00        		.string	""
 2248 000c 7400      		.string	"t"
 2249 000e 0D        		.ascii	"\r"
 2250               		.text
 2251               		.section	.gnu.lto_.refs.90f1e71f,"",@progbits
 2252 0000 789C 6367 		.string	"x\234cg`f`d"
 2252      6066 6064 
 2252      00
 2253 0009 0200      		.string	"\002"
 2254 000b 00        		.string	""
 2255 000c 6200      		.string	"b"
 2256 000e 0C        		.ascii	"\f"
 2257               		.text
 2258               		.section	.gnu.lto_.decls.90f1e71f,"",@progbits
 2259 0000 789C 6367 		.string	"x\234cg`f"
 2259      6066 00
 2260 0007 0146 2056 		.string	"\001F V\001\342\377@"
 2260      01E2 FF40 
 2260      00
 2261 0010 625F 6420 		.string	"b_d "
 2261      00
 2262 0015 00        		.string	""
 2263 0016 C16A 04FE 		.ascii	"\301j\004\376"
 2264               		.text
 2265               		.section	.gnu.lto_.symtab.90f1e71f,"",@progbits
 2266               		.text
 2267               		.section	.gnu.lto_.opts,"",@progbits
 2268 0000 272D 666E 		.ascii	"'-fn"
 2269 0004 6F2D 6F70 		.string	"o-openmp' '-fno-openacc' '-fno-pie' '-mn-flash=1' '-mno-skip-bug' '-mmcu=avr5' '-Os' '-We
 2269      656E 6D70 
 2269      2720 272D 
 2269      666E 6F2D 
 2269      6F70 656E 
 2270               		.text
 2271               		.comm	__gnu_lto_v1,1,1
 2272               		.comm	__gnu_lto_slim,1,1
 2273               		.ident	"GCC: (GNU) 8.4.0"
DEFINED SYMBOLS
                            *ABS*:0000000000000000 rev1.c
C:\Users\Roningo\AppData\Local\Temp\ccamue7A.s:2      *ABS*:000000000000003e __SP_H__
C:\Users\Roningo\AppData\Local\Temp\ccamue7A.s:3      *ABS*:000000000000003d __SP_L__
C:\Users\Roningo\AppData\Local\Temp\ccamue7A.s:4      *ABS*:000000000000003f __SREG__
C:\Users\Roningo\AppData\Local\Temp\ccamue7A.s:5      *ABS*:0000000000000000 __tmp_reg__
C:\Users\Roningo\AppData\Local\Temp\ccamue7A.s:6      *ABS*:0000000000000001 __zero_reg__
C:\Users\Roningo\AppData\Local\Temp\ccamue7A.s:29     .gnu.debuglto_.debug_info:0000000000000000 rev1.c.8da1924c
                            *COM*:0000000000000001 __gnu_lto_v1
                            *COM*:0000000000000001 __gnu_lto_slim

NO UNDEFINED SYMBOLS
