   1               		.file	"ws2812.c"
   2               	__SP_H__ = 0x3e
   3               	__SP_L__ = 0x3d
   4               	__SREG__ = 0x3f
   5               	__tmp_reg__ = 0
   6               	__zero_reg__ = 1
   7               		.file 1 "e:\\game\\msys2\\mingw64\\avr\\include\\stdint.h"
   8               		.file 2 "./quantum/color.h"
   9               		.file 3 "drivers/avr/ws2812.c"
  10               		.file 4 "e:\\game\\msys2\\mingw64\\avr\\include\\util\\delay.h"
  11               		.section	.gnu.debuglto_.debug_info,"",@progbits
  12               	.Ldebug_info0:
  13               		.hidden	ws2812.c.7c586d1a
  14               		.weak	ws2812.c.7c586d1a
  15               	ws2812.c.7c586d1a:
  16 0000 B901 0000 		.long	0x1b9
  17 0004 0200      		.word	0x2
  18 0006 0000 0000 		.long	.Ldebug_abbrev0
  19 000a 04        		.byte	0x4
  20 000b 01        		.uleb128 0x1
  21 000c 0000 0000 		.long	.LASF27
  22 0010 0C        		.byte	0xc
  23 0011 0000 0000 		.long	.LASF28
  24 0015 0000 0000 		.long	.LASF29
  25 0019 0000 0000 		.long	.Ldebug_line0
  26 001d 02        		.uleb128 0x2
  27 001e 01        		.byte	0x1
  28 001f 06        		.byte	0x6
  29 0020 0000 0000 		.long	.LASF0
  30 0024 03        		.uleb128 0x3
  31 0025 0000 0000 		.long	.LASF2
  32 0029 01        		.byte	0x1
  33 002a 7E        		.byte	0x7e
  34 002b 16        		.byte	0x16
  35 002c 3000 0000 		.long	0x30
  36 0030 02        		.uleb128 0x2
  37 0031 01        		.byte	0x1
  38 0032 08        		.byte	0x8
  39 0033 0000 0000 		.long	.LASF1
  40 0037 04        		.uleb128 0x4
  41 0038 02        		.byte	0x2
  42 0039 05        		.byte	0x5
  43 003a 696E 7400 		.string	"int"
  44 003e 03        		.uleb128 0x3
  45 003f 0000 0000 		.long	.LASF3
  46 0043 01        		.byte	0x1
  47 0044 80        		.byte	0x80
  48 0045 16        		.byte	0x16
  49 0046 4A00 0000 		.long	0x4a
  50 004a 02        		.uleb128 0x2
  51 004b 02        		.byte	0x2
  52 004c 07        		.byte	0x7
  53 004d 0000 0000 		.long	.LASF4
  54 0051 02        		.uleb128 0x2
  55 0052 04        		.byte	0x4
  56 0053 05        		.byte	0x5
  57 0054 0000 0000 		.long	.LASF5
  58 0058 03        		.uleb128 0x3
  59 0059 0000 0000 		.long	.LASF6
  60 005d 01        		.byte	0x1
  61 005e 82        		.byte	0x82
  62 005f 16        		.byte	0x16
  63 0060 6400 0000 		.long	0x64
  64 0064 02        		.uleb128 0x2
  65 0065 04        		.byte	0x4
  66 0066 07        		.byte	0x7
  67 0067 0000 0000 		.long	.LASF7
  68 006b 02        		.uleb128 0x2
  69 006c 08        		.byte	0x8
  70 006d 05        		.byte	0x5
  71 006e 0000 0000 		.long	.LASF8
  72 0072 02        		.uleb128 0x2
  73 0073 08        		.byte	0x8
  74 0074 07        		.byte	0x7
  75 0075 0000 0000 		.long	.LASF9
  76 0079 05        		.uleb128 0x5
  77 007a 03        		.byte	0x3
  78 007b 02        		.byte	0x2
  79 007c 2E        		.byte	0x2e
  80 007d 09        		.byte	0x9
  81 007e AA00 0000 		.long	0xaa
  82 0082 06        		.uleb128 0x6
  83 0083 6700      		.string	"g"
  84 0085 02        		.byte	0x2
  85 0086 30        		.byte	0x30
  86 0087 0D        		.byte	0xd
  87 0088 2400 0000 		.long	0x24
  88 008c 02        		.byte	0x2
  89 008d 23        		.byte	0x23
  90 008e 00        		.uleb128 0
  91 008f 06        		.uleb128 0x6
  92 0090 7200      		.string	"r"
  93 0092 02        		.byte	0x2
  94 0093 31        		.byte	0x31
  95 0094 0D        		.byte	0xd
  96 0095 2400 0000 		.long	0x24
  97 0099 02        		.byte	0x2
  98 009a 23        		.byte	0x23
  99 009b 01        		.uleb128 0x1
 100 009c 06        		.uleb128 0x6
 101 009d 6200      		.string	"b"
 102 009f 02        		.byte	0x2
 103 00a0 32        		.byte	0x32
 104 00a1 0D        		.byte	0xd
 105 00a2 2400 0000 		.long	0x24
 106 00a6 02        		.byte	0x2
 107 00a7 23        		.byte	0x23
 108 00a8 02        		.uleb128 0x2
 109 00a9 00        		.byte	0
 110 00aa 03        		.uleb128 0x3
 111 00ab 0000 0000 		.long	.LASF10
 112 00af 02        		.byte	0x2
 113 00b0 3C        		.byte	0x3c
 114 00b1 03        		.byte	0x3
 115 00b2 7900 0000 		.long	0x79
 116 00b6 07        		.uleb128 0x7
 117 00b7 5247 4200 		.string	"RGB"
 118 00bb 02        		.byte	0x2
 119 00bc 3E        		.byte	0x3e
 120 00bd 0E        		.byte	0xe
 121 00be AA00 0000 		.long	0xaa
 122 00c2 08        		.uleb128 0x8
 123 00c3 0000 0000 		.long	.LASF19
 124 00c7 03        		.byte	0x3
 125 00c8 6B        		.byte	0x6b
 126 00c9 14        		.byte	0x14
 127 00ca 01        		.byte	0x1
 128 00cb 2401 0000 		.long	0x124
 129 00cf 09        		.uleb128 0x9
 130 00d0 0000 0000 		.long	.LASF11
 131 00d4 03        		.byte	0x3
 132 00d5 6B        		.byte	0x6b
 133 00d6 33        		.byte	0x33
 134 00d7 2401 0000 		.long	0x124
 135 00db 09        		.uleb128 0x9
 136 00dc 0000 0000 		.long	.LASF12
 137 00e0 03        		.byte	0x3
 138 00e1 6B        		.byte	0x6b
 139 00e2 42        		.byte	0x42
 140 00e3 3E00 0000 		.long	0x3e
 141 00e7 09        		.uleb128 0x9
 142 00e8 0000 0000 		.long	.LASF13
 143 00ec 03        		.byte	0x3
 144 00ed 6B        		.byte	0x6b
 145 00ee 52        		.byte	0x52
 146 00ef 2400 0000 		.long	0x24
 147 00f3 09        		.uleb128 0x9
 148 00f4 0000 0000 		.long	.LASF14
 149 00f8 03        		.byte	0x3
 150 00f9 6B        		.byte	0x6b
 151 00fa 62        		.byte	0x62
 152 00fb 2400 0000 		.long	0x24
 153 00ff 0A        		.uleb128 0xa
 154 0100 0000 0000 		.long	.LASF15
 155 0104 03        		.byte	0x3
 156 0105 6C        		.byte	0x6c
 157 0106 0D        		.byte	0xd
 158 0107 2400 0000 		.long	0x24
 159 010b 0B        		.uleb128 0xb
 160 010c 6374 7200 		.string	"ctr"
 161 0110 03        		.byte	0x3
 162 0111 6C        		.byte	0x6c
 163 0112 16        		.byte	0x16
 164 0113 2400 0000 		.long	0x24
 165 0117 0A        		.uleb128 0xa
 166 0118 0000 0000 		.long	.LASF16
 167 011c 03        		.byte	0x3
 168 011d 6C        		.byte	0x6c
 169 011e 1B        		.byte	0x1b
 170 011f 2400 0000 		.long	0x24
 171 0123 00        		.byte	0
 172 0124 0C        		.uleb128 0xc
 173 0125 02        		.byte	0x2
 174 0126 2400 0000 		.long	0x24
 175 012a 0D        		.uleb128 0xd
 176 012b 01        		.byte	0x1
 177 012c 0000 0000 		.long	.LASF24
 178 0130 03        		.byte	0x3
 179 0131 27        		.byte	0x27
 180 0132 06        		.byte	0x6
 181 0133 01        		.byte	0x1
 182 0134 6901 0000 		.long	0x169
 183 0138 09        		.uleb128 0x9
 184 0139 0000 0000 		.long	.LASF17
 185 013d 03        		.byte	0x3
 186 013e 27        		.byte	0x27
 187 013f 1F        		.byte	0x1f
 188 0140 6901 0000 		.long	0x169
 189 0144 09        		.uleb128 0x9
 190 0145 0000 0000 		.long	.LASF18
 191 0149 03        		.byte	0x3
 192 014a 27        		.byte	0x27
 193 014b 32        		.byte	0x32
 194 014c 3E00 0000 		.long	0x3e
 195 0150 0A        		.uleb128 0xa
 196 0151 0000 0000 		.long	.LASF13
 197 0155 03        		.byte	0x3
 198 0156 2A        		.byte	0x2a
 199 0157 0D        		.byte	0xd
 200 0158 2400 0000 		.long	0x24
 201 015c 0A        		.uleb128 0xa
 202 015d 0000 0000 		.long	.LASF14
 203 0161 03        		.byte	0x3
 204 0162 2B        		.byte	0x2b
 205 0163 0D        		.byte	0xd
 206 0164 2400 0000 		.long	0x24
 207 0168 00        		.byte	0
 208 0169 0C        		.uleb128 0xc
 209 016a 02        		.byte	0x2
 210 016b B600 0000 		.long	0xb6
 211 016f 08        		.uleb128 0x8
 212 0170 0000 0000 		.long	.LASF20
 213 0174 04        		.byte	0x4
 214 0175 FF        		.byte	0xff
 215 0176 01        		.byte	0x1
 216 0177 01        		.byte	0x1
 217 0178 B501 0000 		.long	0x1b5
 218 017c 09        		.uleb128 0x9
 219 017d 0000 0000 		.long	.LASF21
 220 0181 04        		.byte	0x4
 221 0182 FF        		.byte	0xff
 222 0183 12        		.byte	0x12
 223 0184 B501 0000 		.long	0x1b5
 224 0188 0E        		.uleb128 0xe
 225 0189 0000 0000 		.long	.LASF22
 226 018d 04        		.byte	0x4
 227 018e 0101      		.word	0x101
 228 0190 09        		.byte	0x9
 229 0191 B501 0000 		.long	0x1b5
 230 0195 0E        		.uleb128 0xe
 231 0196 0000 0000 		.long	.LASF23
 232 019a 04        		.byte	0x4
 233 019b 0501      		.word	0x105
 234 019d 0B        		.byte	0xb
 235 019e 5800 0000 		.long	0x58
 236 01a2 0F        		.uleb128 0xf
 237 01a3 01        		.byte	0x1
 238 01a4 0000 0000 		.long	.LASF25
 239 01a8 04        		.byte	0x4
 240 01a9 0601      		.word	0x106
 241 01ab 0E        		.byte	0xe
 242 01ac 01        		.byte	0x1
 243 01ad 01        		.byte	0x1
 244 01ae 10        		.uleb128 0x10
 245 01af 6400 0000 		.long	0x64
 246 01b3 00        		.byte	0
 247 01b4 00        		.byte	0
 248 01b5 02        		.uleb128 0x2
 249 01b6 04        		.byte	0x4
 250 01b7 04        		.byte	0x4
 251 01b8 0000 0000 		.long	.LASF26
 252 01bc 00        		.byte	0
 253               		.section	.gnu.debuglto_.debug_abbrev,"",@progbits
 254               	.Ldebug_abbrev0:
 255 0000 01        		.uleb128 0x1
 256 0001 11        		.uleb128 0x11
 257 0002 01        		.byte	0x1
 258 0003 25        		.uleb128 0x25
 259 0004 0E        		.uleb128 0xe
 260 0005 13        		.uleb128 0x13
 261 0006 0B        		.uleb128 0xb
 262 0007 03        		.uleb128 0x3
 263 0008 0E        		.uleb128 0xe
 264 0009 1B        		.uleb128 0x1b
 265 000a 0E        		.uleb128 0xe
 266 000b 10        		.uleb128 0x10
 267 000c 06        		.uleb128 0x6
 268 000d 00        		.byte	0
 269 000e 00        		.byte	0
 270 000f 02        		.uleb128 0x2
 271 0010 24        		.uleb128 0x24
 272 0011 00        		.byte	0
 273 0012 0B        		.uleb128 0xb
 274 0013 0B        		.uleb128 0xb
 275 0014 3E        		.uleb128 0x3e
 276 0015 0B        		.uleb128 0xb
 277 0016 03        		.uleb128 0x3
 278 0017 0E        		.uleb128 0xe
 279 0018 00        		.byte	0
 280 0019 00        		.byte	0
 281 001a 03        		.uleb128 0x3
 282 001b 16        		.uleb128 0x16
 283 001c 00        		.byte	0
 284 001d 03        		.uleb128 0x3
 285 001e 0E        		.uleb128 0xe
 286 001f 3A        		.uleb128 0x3a
 287 0020 0B        		.uleb128 0xb
 288 0021 3B        		.uleb128 0x3b
 289 0022 0B        		.uleb128 0xb
 290 0023 39        		.uleb128 0x39
 291 0024 0B        		.uleb128 0xb
 292 0025 49        		.uleb128 0x49
 293 0026 13        		.uleb128 0x13
 294 0027 00        		.byte	0
 295 0028 00        		.byte	0
 296 0029 04        		.uleb128 0x4
 297 002a 24        		.uleb128 0x24
 298 002b 00        		.byte	0
 299 002c 0B        		.uleb128 0xb
 300 002d 0B        		.uleb128 0xb
 301 002e 3E        		.uleb128 0x3e
 302 002f 0B        		.uleb128 0xb
 303 0030 03        		.uleb128 0x3
 304 0031 08        		.uleb128 0x8
 305 0032 00        		.byte	0
 306 0033 00        		.byte	0
 307 0034 05        		.uleb128 0x5
 308 0035 13        		.uleb128 0x13
 309 0036 01        		.byte	0x1
 310 0037 0B        		.uleb128 0xb
 311 0038 0B        		.uleb128 0xb
 312 0039 3A        		.uleb128 0x3a
 313 003a 0B        		.uleb128 0xb
 314 003b 3B        		.uleb128 0x3b
 315 003c 0B        		.uleb128 0xb
 316 003d 39        		.uleb128 0x39
 317 003e 0B        		.uleb128 0xb
 318 003f 01        		.uleb128 0x1
 319 0040 13        		.uleb128 0x13
 320 0041 00        		.byte	0
 321 0042 00        		.byte	0
 322 0043 06        		.uleb128 0x6
 323 0044 0D        		.uleb128 0xd
 324 0045 00        		.byte	0
 325 0046 03        		.uleb128 0x3
 326 0047 08        		.uleb128 0x8
 327 0048 3A        		.uleb128 0x3a
 328 0049 0B        		.uleb128 0xb
 329 004a 3B        		.uleb128 0x3b
 330 004b 0B        		.uleb128 0xb
 331 004c 39        		.uleb128 0x39
 332 004d 0B        		.uleb128 0xb
 333 004e 49        		.uleb128 0x49
 334 004f 13        		.uleb128 0x13
 335 0050 38        		.uleb128 0x38
 336 0051 0A        		.uleb128 0xa
 337 0052 00        		.byte	0
 338 0053 00        		.byte	0
 339 0054 07        		.uleb128 0x7
 340 0055 16        		.uleb128 0x16
 341 0056 00        		.byte	0
 342 0057 03        		.uleb128 0x3
 343 0058 08        		.uleb128 0x8
 344 0059 3A        		.uleb128 0x3a
 345 005a 0B        		.uleb128 0xb
 346 005b 3B        		.uleb128 0x3b
 347 005c 0B        		.uleb128 0xb
 348 005d 39        		.uleb128 0x39
 349 005e 0B        		.uleb128 0xb
 350 005f 49        		.uleb128 0x49
 351 0060 13        		.uleb128 0x13
 352 0061 00        		.byte	0
 353 0062 00        		.byte	0
 354 0063 08        		.uleb128 0x8
 355 0064 2E        		.uleb128 0x2e
 356 0065 01        		.byte	0x1
 357 0066 03        		.uleb128 0x3
 358 0067 0E        		.uleb128 0xe
 359 0068 3A        		.uleb128 0x3a
 360 0069 0B        		.uleb128 0xb
 361 006a 3B        		.uleb128 0x3b
 362 006b 0B        		.uleb128 0xb
 363 006c 39        		.uleb128 0x39
 364 006d 0B        		.uleb128 0xb
 365 006e 27        		.uleb128 0x27
 366 006f 0C        		.uleb128 0xc
 367 0070 01        		.uleb128 0x1
 368 0071 13        		.uleb128 0x13
 369 0072 00        		.byte	0
 370 0073 00        		.byte	0
 371 0074 09        		.uleb128 0x9
 372 0075 05        		.uleb128 0x5
 373 0076 00        		.byte	0
 374 0077 03        		.uleb128 0x3
 375 0078 0E        		.uleb128 0xe
 376 0079 3A        		.uleb128 0x3a
 377 007a 0B        		.uleb128 0xb
 378 007b 3B        		.uleb128 0x3b
 379 007c 0B        		.uleb128 0xb
 380 007d 39        		.uleb128 0x39
 381 007e 0B        		.uleb128 0xb
 382 007f 49        		.uleb128 0x49
 383 0080 13        		.uleb128 0x13
 384 0081 00        		.byte	0
 385 0082 00        		.byte	0
 386 0083 0A        		.uleb128 0xa
 387 0084 34        		.uleb128 0x34
 388 0085 00        		.byte	0
 389 0086 03        		.uleb128 0x3
 390 0087 0E        		.uleb128 0xe
 391 0088 3A        		.uleb128 0x3a
 392 0089 0B        		.uleb128 0xb
 393 008a 3B        		.uleb128 0x3b
 394 008b 0B        		.uleb128 0xb
 395 008c 39        		.uleb128 0x39
 396 008d 0B        		.uleb128 0xb
 397 008e 49        		.uleb128 0x49
 398 008f 13        		.uleb128 0x13
 399 0090 00        		.byte	0
 400 0091 00        		.byte	0
 401 0092 0B        		.uleb128 0xb
 402 0093 34        		.uleb128 0x34
 403 0094 00        		.byte	0
 404 0095 03        		.uleb128 0x3
 405 0096 08        		.uleb128 0x8
 406 0097 3A        		.uleb128 0x3a
 407 0098 0B        		.uleb128 0xb
 408 0099 3B        		.uleb128 0x3b
 409 009a 0B        		.uleb128 0xb
 410 009b 39        		.uleb128 0x39
 411 009c 0B        		.uleb128 0xb
 412 009d 49        		.uleb128 0x49
 413 009e 13        		.uleb128 0x13
 414 009f 00        		.byte	0
 415 00a0 00        		.byte	0
 416 00a1 0C        		.uleb128 0xc
 417 00a2 0F        		.uleb128 0xf
 418 00a3 00        		.byte	0
 419 00a4 0B        		.uleb128 0xb
 420 00a5 0B        		.uleb128 0xb
 421 00a6 49        		.uleb128 0x49
 422 00a7 13        		.uleb128 0x13
 423 00a8 00        		.byte	0
 424 00a9 00        		.byte	0
 425 00aa 0D        		.uleb128 0xd
 426 00ab 2E        		.uleb128 0x2e
 427 00ac 01        		.byte	0x1
 428 00ad 3F        		.uleb128 0x3f
 429 00ae 0C        		.uleb128 0xc
 430 00af 03        		.uleb128 0x3
 431 00b0 0E        		.uleb128 0xe
 432 00b1 3A        		.uleb128 0x3a
 433 00b2 0B        		.uleb128 0xb
 434 00b3 3B        		.uleb128 0x3b
 435 00b4 0B        		.uleb128 0xb
 436 00b5 39        		.uleb128 0x39
 437 00b6 0B        		.uleb128 0xb
 438 00b7 27        		.uleb128 0x27
 439 00b8 0C        		.uleb128 0xc
 440 00b9 01        		.uleb128 0x1
 441 00ba 13        		.uleb128 0x13
 442 00bb 00        		.byte	0
 443 00bc 00        		.byte	0
 444 00bd 0E        		.uleb128 0xe
 445 00be 34        		.uleb128 0x34
 446 00bf 00        		.byte	0
 447 00c0 03        		.uleb128 0x3
 448 00c1 0E        		.uleb128 0xe
 449 00c2 3A        		.uleb128 0x3a
 450 00c3 0B        		.uleb128 0xb
 451 00c4 3B        		.uleb128 0x3b
 452 00c5 05        		.uleb128 0x5
 453 00c6 39        		.uleb128 0x39
 454 00c7 0B        		.uleb128 0xb
 455 00c8 49        		.uleb128 0x49
 456 00c9 13        		.uleb128 0x13
 457 00ca 00        		.byte	0
 458 00cb 00        		.byte	0
 459 00cc 0F        		.uleb128 0xf
 460 00cd 2E        		.uleb128 0x2e
 461 00ce 01        		.byte	0x1
 462 00cf 3F        		.uleb128 0x3f
 463 00d0 0C        		.uleb128 0xc
 464 00d1 03        		.uleb128 0x3
 465 00d2 0E        		.uleb128 0xe
 466 00d3 3A        		.uleb128 0x3a
 467 00d4 0B        		.uleb128 0xb
 468 00d5 3B        		.uleb128 0x3b
 469 00d6 05        		.uleb128 0x5
 470 00d7 39        		.uleb128 0x39
 471 00d8 0B        		.uleb128 0xb
 472 00d9 27        		.uleb128 0x27
 473 00da 0C        		.uleb128 0xc
 474 00db 3C        		.uleb128 0x3c
 475 00dc 0C        		.uleb128 0xc
 476 00dd 00        		.byte	0
 477 00de 00        		.byte	0
 478 00df 10        		.uleb128 0x10
 479 00e0 05        		.uleb128 0x5
 480 00e1 00        		.byte	0
 481 00e2 49        		.uleb128 0x49
 482 00e3 13        		.uleb128 0x13
 483 00e4 00        		.byte	0
 484 00e5 00        		.byte	0
 485 00e6 00        		.byte	0
 486               		.section	.gnu.debuglto_.debug_line,"",@progbits
 487               	.Ldebug_line0:
 488 0000 A900 0000 		.long	.LELT0-.LSLT0
 489               	.LSLT0:
 490 0004 0200      		.word	0x2
 491 0006 A300 0000 		.long	.LELTP0-.LASLTP0
 492               	.LASLTP0:
 493 000a 01        		.byte	0x1
 494 000b 01        		.byte	0x1
 495 000c F6        		.byte	0xf6
 496 000d F2        		.byte	0xf2
 497 000e 0D        		.byte	0xd
 498 000f 00        		.byte	0
 499 0010 01        		.byte	0x1
 500 0011 01        		.byte	0x1
 501 0012 01        		.byte	0x1
 502 0013 01        		.byte	0x1
 503 0014 00        		.byte	0
 504 0015 00        		.byte	0
 505 0016 00        		.byte	0
 506 0017 01        		.byte	0x1
 507 0018 00        		.byte	0
 508 0019 00        		.byte	0
 509 001a 01        		.byte	0x1
 510 001b 653A 5C67 		.ascii	"e:\\game\\msys2\\mingw64\\avr\\include"
 510      616D 655C 
 510      6D73 7973 
 510      325C 6D69 
 510      6E67 7736 
 511 003c 00        		.byte	0
 512 003d 653A 5C67 		.ascii	"e:\\game\\msys2\\mingw64\\avr\\include\\util"
 512      616D 655C 
 512      6D73 7973 
 512      325C 6D69 
 512      6E67 7736 
 513 0063 00        		.byte	0
 514 0064 6472 6976 		.ascii	"drivers/avr"
 514      6572 732F 
 514      6176 72
 515 006f 00        		.byte	0
 516 0070 7175 616E 		.ascii	"quantum"
 516      7475 6D
 517 0077 00        		.byte	0
 518 0078 00        		.byte	0
 519 0079 7374 6469 		.string	"stdint.h"
 519      6E74 2E68 
 519      00
 520 0082 01        		.uleb128 0x1
 521 0083 00        		.uleb128 0
 522 0084 00        		.uleb128 0
 523 0085 636F 6C6F 		.string	"color.h"
 523      722E 6800 
 524 008d 04        		.uleb128 0x4
 525 008e 00        		.uleb128 0
 526 008f 00        		.uleb128 0
 527 0090 7773 3238 		.string	"ws2812.c"
 527      3132 2E63 
 527      00
 528 0099 03        		.uleb128 0x3
 529 009a 00        		.uleb128 0
 530 009b 00        		.uleb128 0
 531 009c 7574 696C 		.string	"util\\delay.h"
 531      5C64 656C 
 531      6179 2E68 
 531      00
 532 00a9 01        		.uleb128 0x1
 533 00aa 00        		.uleb128 0
 534 00ab 00        		.uleb128 0
 535 00ac 00        		.byte	0
 536               	.LELTP0:
 537               	.LELT0:
 538               		.section	.gnu.debuglto_.debug_str,"MS",@progbits,1
 539               	.LASF29:
 540 0000 443A 5C44 		.string	"D:\\Download\\vial-qmk"
 540      6F77 6E6C 
 540      6F61 645C 
 540      7669 616C 
 540      2D71 6D6B 
 541               	.LASF17:
 542 0015 6C65 6461 		.string	"ledarray"
 542      7272 6179 
 542      00
 543               	.LASF4:
 544 001e 756E 7369 		.string	"unsigned int"
 544      676E 6564 
 544      2069 6E74 
 544      00
 545               	.LASF21:
 546 002b 5F5F 7573 		.string	"__us"
 546      00
 547               	.LASF25:
 548 0030 5F5F 6275 		.string	"__builtin_avr_delay_cycles"
 548      696C 7469 
 548      6E5F 6176 
 548      725F 6465 
 548      6C61 795F 
 549               	.LASF24:
 550 004b 7773 3238 		.string	"ws2812_setleds"
 550      3132 5F73 
 550      6574 6C65 
 550      6473 00
 551               	.LASF11:
 552 005a 6461 7461 		.string	"data"
 552      00
 553               	.LASF1:
 554 005f 756E 7369 		.string	"unsigned char"
 554      676E 6564 
 554      2063 6861 
 554      7200 
 555               	.LASF18:
 556 006d 6E75 6D62 		.string	"number_of_leds"
 556      6572 5F6F 
 556      665F 6C65 
 556      6473 00
 557               	.LASF7:
 558 007c 6C6F 6E67 		.string	"long unsigned int"
 558      2075 6E73 
 558      6967 6E65 
 558      6420 696E 
 558      7400 
 559               	.LASF15:
 560 008e 6375 7262 		.string	"curbyte"
 560      7974 6500 
 561               	.LASF26:
 562 0096 646F 7562 		.string	"double"
 562      6C65 00
 563               	.LASF14:
 564 009d 6D61 736B 		.string	"maskhi"
 564      6869 00
 565               	.LASF22:
 566 00a4 5F5F 746D 		.string	"__tmp"
 566      7000 
 567               	.LASF27:
 568 00aa 474E 5520 		.string	"GNU C99 8.4.0 -mn-flash=1 -mno-skip-bug -mmcu=avr5 -gdwarf-2 -Os -std=gnu99 -funsigned-ch
 568      4339 3920 
 568      382E 342E 
 568      3020 2D6D 
 568      6E2D 666C 
 569               	.LASF28:
 570 019b 6472 6976 		.string	"drivers/avr/ws2812.c"
 570      6572 732F 
 570      6176 722F 
 570      7773 3238 
 570      3132 2E63 
 571               	.LASF20:
 572 01b0 5F64 656C 		.string	"_delay_us"
 572      6179 5F75 
 572      7300 
 573               	.LASF9:
 574 01ba 6C6F 6E67 		.string	"long long unsigned int"
 574      206C 6F6E 
 574      6720 756E 
 574      7369 676E 
 574      6564 2069 
 575               	.LASF2:
 576 01d1 7569 6E74 		.string	"uint8_t"
 576      385F 7400 
 577               	.LASF13:
 578 01d9 6D61 736B 		.string	"masklo"
 578      6C6F 00
 579               	.LASF12:
 580 01e0 6461 746C 		.string	"datlen"
 580      656E 00
 581               	.LASF8:
 582 01e7 6C6F 6E67 		.string	"long long int"
 582      206C 6F6E 
 582      6720 696E 
 582      7400 
 583               	.LASF16:
 584 01f5 7372 6567 		.string	"sreg_prev"
 584      5F70 7265 
 584      7600 
 585               	.LASF23:
 586 01ff 5F5F 7469 		.string	"__ticks_dc"
 586      636B 735F 
 586      6463 00
 587               	.LASF3:
 588 020a 7569 6E74 		.string	"uint16_t"
 588      3136 5F74 
 588      00
 589               	.LASF19:
 590 0213 7773 3238 		.string	"ws2812_sendarray_mask"
 590      3132 5F73 
 590      656E 6461 
 590      7272 6179 
 590      5F6D 6173 
 591               	.LASF6:
 592 0229 7569 6E74 		.string	"uint32_t"
 592      3332 5F74 
 592      00
 593               	.LASF5:
 594 0232 6C6F 6E67 		.string	"long int"
 594      2069 6E74 
 594      00
 595               	.LASF10:
 596 023b 6352 4742 		.string	"cRGB"
 596      00
 597               	.LASF0:
 598 0240 7369 676E 		.string	"signed char"
 598      6564 2063 
 598      6861 7200 
 599               		.text
 600               		.section	.gnu.lto_.profile.ece7ddd3,"",@progbits
 601 0000 789C 6367 		.string	"x\234cg`f`d"
 601      6066 6064 
 601      00
 602 0009 0200      		.string	"\002"
 603 000b 00        		.string	""
 604 000c 6200      		.string	"b"
 605 000e 0C        		.ascii	"\f"
 606               		.text
 607               		.section	.gnu.lto_.icf.ece7ddd3,"",@progbits
 608 0000 789C 6367 		.string	"x\234cg`f\340c@"
 608      6066 E063 
 608      4000 
 609 000a 2686 93D3 		.string	"&\206\223\323Nmed\274\363\363\3537n\006"
 609      4E6D 6564 
 609      BCF3 F3EB 
 609      376E 0600 
 610 001a 31CB 06C6 		.ascii	"1\313\006\306"
 611               		.text
 612               		.section	.gnu.lto_.jmpfuncs.ece7ddd3,"",@progbits
 613 0000 789C 558D 		.string	"x\234U\215\261\016\001Q\020E\347\316l\262\022\211\375\201\327\371\032?\305*\210hP(^\0244\
 613      B10E 0151 
 613      1045 E7CE 
 613      6CB2 1289 
 613      FD81 D7F9 
 614 00a5 F04B 39EE 		.ascii	"\360K9\356"
 615               		.text
 616               		.section	.gnu.lto_.inline.ece7ddd3,"",@progbits
 617 0000 789C 6367 		.string	"x\234cg`f(b@"
 617      6066 2862 
 617      4000 
 618 000a 2606 0699 		.string	"&\006\006\231\206\206\206\007li\214\214\214\002\214@\001# w\001[\032\003\003\033\220\321\
 618      8686 8607 
 618      6C69 8C8C 
 618      8C02 8C40 
 618      0123 2077 
 619 0055 B389 17C9 		.ascii	"\263\211\027\311"
 620               		.text
 621               		.section	.gnu.lto_.pureconst.ece7ddd3,"",@progbits
 622 0000 789C 6367 		.string	"x\234cg`f`g```b\330\305\3128\213\005"
 622      6066 6067 
 622      6060 6062 
 622      D8C5 CA38 
 622      8B05 00
 623 0013 05EB 0172 		.ascii	"\005\353\001r"
 624               		.text
 625               		.section	.gnu.lto_ws2812_sendarray_mask.ece7ddd3,"",@progbits
 626 0000 789C 8554 		.string	"x\234\205TkL\\E\024\2363s\357>\331\242&6\265B\262!\201\220J(P\025bR\243&\376\360\227?L\37
 626      6B4C 5C45 
 626      149E 3373 
 626      EF3E D9A2 
 626      2636 B542 
 627 009b 728F 5B80 		.ascii	"r\217[\200\024Q\246\250PD\025\002~\200\225\025f\274\210\376T"
 627      1451 A6A8 
 627      5044 1502 
 627      7E80 9515 
 627      66BC 88FE 
 628 00b0 B18F 18CC 		.ascii	"\261\217\030\314\316\357\273\352\330\322\212\030\356\367}on\347"
 628      CEEF BBEA 
 628      D8D2 8A18 
 628      EEF7 7D6F 
 628      6EE7 
 629 00c2 01CE EA31 		.ascii	"\001\316\3521\342\223P\024\201N\330\202\201\003\303\373Z"
 629      E293 5014 
 629      814E D882 
 629      8103 C3FB 
 629      5A
 630 00d3 222B 710F 		.string	"\"+q\017\200\34228<=g\021K\n\017\341\262m\256\377\004\260M@\320\3569\373e\320\036\337\302
 630      80E2 3238 
 630      3C3D 6711 
 630      4B0A 0FE1 
 630      B26D AEFF 
 631 01d4 FEFA 21CE 		.ascii	"\376\372!\316(6\374\"\332\215\020\026\276w$\250\372\371\362J"
 631      2836 FC22 
 631      DA8D 1016 
 631      BE77 24A8 
 631      FAF9 F24A 
 632 01e8 05F7 4F44 		.ascii	"\005\367OD\217\364\366\035\246\221z\325\250\274{\354,\2141\201"
 632      8FF4 F61D 
 632      A691 7AD5 
 632      A8BC 7BEC 
 632      2C8C 3181 
 633 01fc F098 4178 		.ascii	"\360\230Ax,\322o\22516\"\230\354 n*\002\304m;\210\340%\244\214"
 633      2CD2 6F95 
 633      3136 2298 
 633      EC20 6E2A 
 633      02C4 6D3B 
 634 0215 91BF      		.ascii	"\221\277"
 635 0217 175B D380 		.string	"\027[\323\200\373I9\243\322,\361\223)\340\007n}\240\312<\204\275\260A\232\327\341dm\365\0
 635      FB49 39A3 
 635      D22C F193 
 635      29E0 076E 
 635      7DA0 CA3C 
 636 0318 450F 5C00 		.string	"E\017\\"
 637 031c C5C7 1CB8 		.string	"\305\307\034\270\363;\210Z\374\333\376\325\264)f\321"
 637      F33B 885A 
 637      FCDB FED5 
 637      B429 66D1 
 637      00
 638 032d DB44 68DF 		.string	"\333Dh\337\360\236*E\202\207\f\360d\360\370\234M\200\207\005\330\206;\027%\270k\242\242\3
 638      F09E 2A45 
 638      8287 0CF0 
 638      64F0 F89C 
 638      4D80 8705 
 639 0385 47E0 CE15 		.ascii	"G\340\316\025Yx\243|\003\342\252\035\262\372\212\250\215\242"
 639      5978 A37C 
 639      03E2 AA1D 
 639      B2FA 8AA8 
 639      8DA2 
 640 0397 575F 9F14 		.ascii	"W_\237\024\037\243\272-\213\f\262 _\327<\036\352\212\375\345"
 640      1FA3 BA2D 
 640      8B0C B220 
 640      5FD7 3C1E 
 640      EA8A FDE5 
 641 03ab DF18 05B7 		.ascii	"\337\030\005\267`$\236573\277W~_\025\371\341\236\202\260>\221"
 641      6024 9E35 
 641      3733 BF57 
 641      7E5F 15F9 
 641      E19E 82B0 
 642 03c1 7416 7205 		.ascii	"t\026r\005J\257\367\216\201\016\243\341}\202\225\205\253 \247"
 642      4AAF F78E 
 642      810E A3E1 
 642      7D82 9585 
 642      AB20 A7
 643 03d4 7E16 C0C7 		.ascii	"~\026\300\307L\224`c\261\221\305\323l\026\250\217\231\305\332"
 643      4C94 6063 
 643      B191 C5D3 
 643      6C16 A88F 
 643      99C5 DA
 644 03e7 C23A 1603 		.ascii	"\302:\026\003\024\223U\303\347o\245V\r\r]\335\300fa\256\235\250"
 644      1493 55C3 
 644      E76F A556 
 644      0D0D 5DDD 
 644      C066 61AE 
 645 03fd 8DAB E7E9 		.ascii	"\215\253\347\351\0326\234\230\240\233\330s\215>0\006@\2148H^"
 645      1A36 9C98 
 645      A09B D873 
 645      8D3E 3006 
 645      408C 3848 
 646 0412 BCC0 4733 		.ascii	"\274\300G3\265\354B\227\346\331\232^\250m}\327\223\222\226\234"
 646      B5EC 4297 
 646      E6D9 9A5E 
 646      A86D 7DD7 
 646      9392 969C 
 647 0426 9298 4194 		.ascii	"\222\230A\224\314\364\202\364GB\313\304\324\214\247\322\236\316"
 647      CCF4 82F4 
 647      4742 CBC4 
 647      D48C A7D2 
 647      9ECE 
 648 0438 4C4E 2726 		.ascii	"LN'&\364\273]\271\246\234t\317;\356<\371\312\312\266z4\327[o"
 648      F4BB 5DB9 
 648      A69C 74CF 
 648      3BEE 3CF9 
 648      CACA B67A 
 649 0450 E46B AE42 		.ascii	"\344k\256B\226Q\240\2313vj;v\025\270\224\fw61\347\270r\362\264"
 649      9651 A099 
 649      3376 6A3B 
 649      7615 B894 
 649      0C77 3631 
 650 0469 5DA4 9A3A 		.ascii	"]\244\232:\365\307\235\231\215\377\261I\tiN\247\315\352\316\313"
 650      F5C7 9D99 
 650      8DFF B149 
 650      0969 4EA7 
 650      CDEA CECB 
 651 047d CB8F DDFE 		.ascii	"\313\217\335\376\2143\354\261Y\r#og\201\210LI\210\335\206\316"
 651      8C33 ECB1 
 651      590D 236F 
 651      6781 884C 
 651      4988 DD86 
 652 0492 DCBC FCD0 		.ascii	"\334\274\374\320\276\366vN\2763\361\211\244{\241\236\035\232"
 652      BEF6 764E 
 652      BE33 F189 
 652      A47B A19E 
 652      1D9A 
 653 04a4 0743 9313 		.ascii	"\007C\223\023R\327\305?y\317\351\366\270\2053YgZ\237t}s]\326"
 653      52D7 C53F 
 653      79CF E9F6 
 653      B885 3359 
 653      675A 9F74 
 654 04bc FBF7 335D 		.ascii	"\373\3673]\031R\337*);\264\\\027\236-\305\332\254D\331\036\227"
 654      1952 DF2A 
 654      293B B45C 
 654      179E 2DC5 
 654      DAAC 44D9 
 655 04d2 49A8 46E8 		.ascii	"I\250F\350K\344?\330\302Y\277"
 655      4BE4 3FD8 
 655      C259 BF
 656               		.text
 657               		.section	.gnu.lto_ws2812_setleds.ece7ddd3,"",@progbits
 658 0000 789C 7D55 		.string	"x\234}UkL\\E\024\236s\347\356\023\026\232&\032M\260a\243!\204\037P\260V\342\017\323\304\3
 658      6B4C 5C45 
 658      149E 73E7 
 658      EE13 169A 
 658      261A 4DB0 
 659 0082 B824 3323 		.string	"\270$3#\220\303\022\034\206\367i\035\205\277W\233~\266\344t\343\027\246DZ\237e\335\nD)!a|
 659      90C3 121C 
 659      86F7 691D 
 659      85BF 579B 
 659      7EB6 E474 
 660 017b C3D7 4B7C 		.ascii	"\303\327K|\241|\221\371\242\303\305`$\034d\"\034f\006\236\\\n"
 660      A17C 91F9 
 660      A2C3 C560 
 660      241C 6422 
 660      1C66 069E 
 661 0191 F002 1152 		.ascii	"\360\002\021RNI\020\317G\006\246\220\n*\005\204\\\246\220e`\355"
 661      4E49 10CF 
 661      4706 A690 
 661      0A2A 0584 
 661      5CA6 9065 
 662 01a7 3FE5 089F 		.ascii	"?\345\b\237\277\301\371\306\352\337\r\\\216P\300\370\002\037"
 662      BFC1 F9C6 
 662      EADF 0D5C 
 662      8E50 C0F8 
 662      021F 
 663 01b9 D71E 17E7 		.ascii	"\327\036\027\347e\024\271\375\322\177\367\224\244\252\333Q\235"
 663      6514 B9FD 
 663      D27F F794 
 663      A4AA DB51 
 663      9D
 664 01ca 9BBB DA67 		.ascii	"\233\273\332g\352\202\216@(\300\260<&\030\302\332\376\300k\013"
 664      EA82 8E40 
 664      28C0 B03C 
 664      2618 C2DA 
 664      FEC0 6B0B 
 665 01de C3D0 0548 		.ascii	"\303\320\005HWV_\t*\233\244\022\316\216\3654\310\234A\017\f\340"
 665      5756 5F09 
 665      2A9B A412 
 665      CE8E F534 
 665      C89C 410F 
 666 01f4 32DA A2CF 		.ascii	"2\332\242\317\371\017\204\321\223\031\257 #\322\210p\357&\204"
 666      F90F 84D1 
 666      9319 AF20 
 666      23D2 8870 
 666      EF26 84
 667 0207 3B9D A23A 		.ascii	";\235\242:\340m\330\334\177\262\006\324\370\362Q\275\034\356"
 667      E06D D8DC 
 667      7FB2 06D4 
 667      F8F2 51BD 
 667      1CEE 
 668 0219 9DD2 25B2 		.ascii	"\235\322%\262\215\304\331\256j\3615VNS\025oT)\372\346+\032D\212"
 668      8DC4 D9AE 
 668      6AF1 3556 
 668      4E53 156F 
 668      5429 FAE6 
 669 0231 3AD8 2430 		.ascii	":\330$0\212\306\313\020\314\344&\274\256h&\002\270\237\020\300"
 669      8AC6 CB10 
 669      CCE4 26BC 
 669      AE68 2602 
 669      B89F 10C0 
 670 0245 B016 80FC 		.ascii	"\260\026\200\374d\217?\306+\022\363hB\214(A\334\303\005\356\301"
 670      648F 3FC6 
 670      2B12 F368 
 670      428C 2841 
 670      DCC3 05EE 
 671 025a 243C ACC6 		.ascii	"$<\254\306<\224\365Vh%\324E\250\031}\224?\232>\226\306#\224\201"
 671      3C94 F556 
 671      6825 D445 
 671      A819 7D94 
 671      3F9A 3E96 
 672 0272 C218 C2EF 		.ascii	"\302\030\302\357@\245\200\363\023j\351\036\3314\205 \0300F\251"
 672      40A5 80F3 
 672      136A E91E 
 672      D934 8520 
 672      1830 46A9 
 673 0286 394C B189 		.ascii	"9L\261\211\340\032\204\200Dh\212 \300,MQ\232\"\\\374#\tT\314"
 673      E01A 8480 
 673      4468 8A20 
 673      C02C 4D51 
 673      9A22 5CFC 
 674 029e 3BA2 1FB6 		.ascii	";\242\037\266\225\257Qu<y6\267Z7\257[\324\361\314D\265u\255\243"
 674      95AF 5175 
 674      3C79 36B7 
 674      5A37 AF5B 
 674      D4F1 CC44 
 675 02b6 368D BE29 		.ascii	"6\215\276):\341\304\203\2155\013"
 675      3AE1 C483 
 675      8D35 0B
 676 02c1 1F30 1CF8 		.string	"\0370\034\370\325O_\035\230x\300\230>JSa\2027\272\004\3271\357q\214\rn@6n[\327E\273\367(\
 676      D54F 5F1D 
 676      9878 C098 
 676      3E4A 5361 
 676      8237 BA04 
 677 03c2 5F1A 6F6B 		.string	"_\032ok\022so\001\366<\334\026M\317\332\373\272\324"
 677      1273 6F01 
 677      F63C DC16 
 677      4DCF DAFB 
 677      BAD4 00
 678 03d5 EE40 2853 		.ascii	"\356@(S\bI\035\234\026\306[\237\237\034,\361&\346\270(M\347\344"
 678      0849 1D9C 
 678      16C6 5B9F 
 678      9F1C 2CF1 
 678      26E6 B828 
 679 03ec 8BD5 0B66 		.ascii	"\213\325\013f12\374\224\377\033\240\231\307\264y\256\375\201"
 679      3132 FC94 
 679      FF1B A099 
 679      C7B4 79AE 
 679      FD81 
 680 03fe 9174 8811 		.ascii	"\221t\210\021\025\177D\345x\251\211\233\017\233\342)\227\317"
 680      157F 44E5 
 680      78A9 899B 
 680      0F9B E229 
 680      97CF 
 681 0410 73D0 EDF3 		.ascii	"s\320\355\363\3479\016\372\362\016\371\013\n\363\013r\235\304"
 681      E739 0EFA 
 681      F20E F90B 
 681      0AF3 0B72 
 681      9DC4 
 682 0422 58E4 7639 		.ascii	"X\344v9|>G\351\326\330V\356\313\316\227\nw\272\362\035$\255\270"
 682      7C3E 47E9 
 682      D6D8 56EE 
 682      CBCE 970A 
 682      77BA F21D 
 683 0439 C4BB DBED 		.ascii	"\304\273\333\355\263\357\177\307\216V~\275\327\341\337\267\327"
 683      B3EF 7FC7 
 683      8E56 7EBD 
 683      D7E1 DFB7 
 683      D7
 684 044a 237E 8AF6 		.ascii	"#~\212\366\313v{\211?\317\375\212m\217\303\353\266y\375\245\376"
 684      CB76 7B89 
 684      3FCF FD8A 
 684      6D8F C3EB 
 684      B679 FDA5 
 685 045f 029B D753 		.ascii	"\002\233\327S\274\347\320\316\0356\364`\363\024;\213J\\n[\311"
 685      BCE7 D0CE 
 685      1D36 F460 
 685      F314 3B8B 
 685      4A5C 6E5B 
 686 0474 014F 91CD 		.ascii	"\001O\221\315\345.r\224\346\356%f\273\375\200\307\271\317ow9"
 686      E52E 7294 
 686      E6EE 2566 
 686      BBFD 80C7 
 686      B9CF 6F77 
 687 0489 7528 7ADF 		.ascii	"u(z\337\375\027X?M\357"
 687      FD17 583F 
 687      4DEF 
 688               		.text
 689               		.section	.gnu.lto_.symbol_nodes.ece7ddd3,"",@progbits
 690 0000 789C 6367 		.string	"x\234cg`fHa"
 690      6066 4861 
 690      00
 691 0009 0226 F67A 		.string	"\002&\366z\206\217\277VX0N8\307\300P\317\300\260\263\341`\003\033\003#H\206\255\236\261\2
 691      868F BF56 
 691      5830 4E38 
 691      C7C0 50CF 
 691      C0B0 B3E1 
 692 0054 40D3 1F3B 		.ascii	"@\323\037;"
 693               		.text
 694               		.section	.gnu.lto_.refs.ece7ddd3,"",@progbits
 695 0000 789C 6367 		.string	"x\234cg`f`d"
 695      6066 6064 
 695      00
 696 0009 0200      		.string	"\002"
 697 000b 00        		.string	""
 698 000c 6200      		.string	"b"
 699 000e 0C        		.ascii	"\f"
 700               		.text
 701               		.section	.gnu.lto_.decls.ece7ddd3,"",@progbits
 702 0000 789C 8D56 		.string	"x\234\215VmLSW\030>\357\275\245\205+USu!K\177\220\030bL\026\276\334\020\335\277m\321\375\
 702      6D4C 5357 
 702      183E EFBD 
 702      A585 2B55 
 702      5375 214B 
 703 004a 0743 5029 		.ascii	"\007CP)~P\235\002U\024\345\263{\3179\267\355\205\311\342M\337"
 703      7E50 9D02 
 703      5514 E5B3 
 703      7BCF 39B7 
 703      ED85 C9E2 
 704 0060 9E7B DEFB 		.ascii	"\236{\336\373\274\357\373\274\247\3179\267:\"\022A\"$\n\b\tG"
 704      BCEF FBBC 
 704      A7CF 39B7 
 704      3A22 1241 
 704      2224 0A08 
 705 0076 F3E3 2512 		.ascii	"\363\343%\022B\272\320\302\320\332\321.\243\265\241\365\243y"
 705      42BA D0C2 
 705      D0DA D12E 
 705      A3B5 A1F5 
 705      A379 
 706 0088 08BF 28E6 		.ascii	"\b\277(\3461\332\b\332s\362\337\253\013sE\342\230\206f@[\271"
 706      31DA 08DA 
 706      73F2 DFAB 
 706      0B73 45E2 
 706      9886 6640 
 707 009e 20D7 38DA 		.ascii	" \3278\332\013\264\031\2649\032\200\370\255J,(\271\027^\003\370"
 707      0BB4 19B4 
 707      391A 80F8 
 707      AD4A 2C28 
 707      B917 5E03 
 708 00b3 60F9 829C 		.ascii	"`\371\202\234\375\252\234F\302s\004r\003\342\2758nQx\0138\367"
 708      FDAA 9C46 
 708      C273 0472 
 708      03E2 BD38 
 708      6E51 780B 
 709 00c9 29B9 340A 		.ascii	")\2714\nwZ\207\366\375\266\036\212D\270\322Wv|Y\241\b\006\t\004"
 709      775A 87F6 
 709      FDB6 1E8A 
 709      44B8 D257 
 709      767C 59A1 
 710 00e1 9C76 F779 		.ascii	"\234v\367y'\302q\272R\202\3458-8_yW\203S\243\004~\300\371\376"
 710      27C2 71BA 
 710      5282 E538 
 710      2D38 5F79 
 710      5783 53A3 
 711 00fa 9CC1 0791 		.ascii	"\234\301\007\221|N\203\363\335\367\006u\242\300\356\177\255:"
 711      7C4E 83F3 
 711      DDF7 0675 
 711      A2C0 EE7F 
 711      AD3A 
 712 010c DBAD 8D3F 		.ascii	"\333\255\215?%\363+<\216@\013\210\254J\364\022\372\374DE\315"
 712      25F3 2B3C 
 712      8E40 0B88 
 712      AC4A F412 
 712      FAFC 4445 
 713 0121 45BD B88E 		.ascii	"E\275\270\216ao{\207\366\207K\205\262\234+\267\036\221\265Q\004"
 713      616F 7B87 
 713      F687 4B85 
 713      B29C 2BB7 
 713      1E91 B551 
 714 0136 D619 21DE 		.ascii	"\326\031!\336H\340\017`\271[!\236@3\030\341\002\030)\276a\350"
 714      48E0 0F60 
 714      B95B 219E 
 714      4033 18E1 
 714      0218 29BE 
 715 014c ECA8 2672 		.ascii	"\354\250&r/\305w\312\262\024\005m A\023>?\217\317\t\264C$[U\034"
 715      2FC5 77CA 
 715      B214 056D 
 715      2041 133E 
 715      3F8F CF09 
 716 0166 690B 65B5 		.ascii	"i\013e\265\223\224\363V\344\354\027U\244\267r\322\315E\003\303"
 716      9394 F356 
 716      E4EC 1755 
 716      A4B7 72D2 
 716      CD45 03C3 
 717 017a 92F8 31BB 		.ascii	"\222\3701\273\367\026\344{\3028\021\226\230\004\263\302\237\300"
 717      F716 E47B 
 717      C238 1196 
 717      9804 B3C2 
 717      9FC0 
 718 018c 2218 954B 		.ascii	"\"\030\225K\350\274H\235\227A\302\250\2363\035\370\3643\226\241"
 718      E8BC 489D 
 718      9741 C2A8 
 718      9E33 1DF8 
 718      F433 96A1 
 719 01a0 BDE6 768F 		.ascii	"\275\346v\217V\334\304\356\177k\177\335\037)~\316\356\353\017"
 719      56DC C4EE 
 719      7F6B 7FDD 
 719      1F29 7ECE 
 719      EEEB 0F
 720 01b3 BEBE 2B69 		.ascii	"\276\276+i\004\002\035l\025\320s\250w\272@\317W\232\262\252\361"
 720      0402 1D6C 
 720      15D0 73A8 
 720      77BA 40CF 
 720      579A B2AA 
 721 01c8 9C9C 0DE3 		.ascii	"\234\234\r\343+\035\205\323\362\202\332G\242\270\205\306\206"
 721      2B1D 85D3 
 721      F282 DA47 
 721      A2B8 85C6 
 721      86
 722 01d9 9D9D 3996 		.ascii	"\235\2359\226\004+bbb\326\026\321\265\364\310\200\304\256#\207"
 722      042B 6262 
 722      62D6 16D1 
 722      B5F4 C880 
 722      C4AE 2387 
 723 01ed 6B68 5741 		.ascii	"khWAC\340&\254\240\314\340\026\254\205N\210\201n\264.\210\241"
 723      43E0 26AC 
 723      A0CC E016 
 723      AC85 4E88 
 723      816E B42E 
 724 0203 AB70 94AD 		.ascii	"\253p\224\255\352\315\322\350\336\274\034\271"
 724      EACD D2E8 
 724      DEBC 1CB9 
 725 020f FE6B B654 		.string	"\376k\266TW\260\027\032\302W\231@\034\375J0\006\321\335\233\344\037\370\242\336X\200\344\
 725      57B0 171A 
 725      C257 9940 
 725      1CFD 4A30 
 725      06D1 DD9B 
 726 0310 51F2 F903 		.string	"Q\362\371\003\027\317\255@B\t\251O\b\210\206\347W`@\017:\345$W2\360\274*\002\363\036\362\
 726      17CF AD40 
 726      4209 A94F 
 726      0888 86E7 
 726      5760 400F 
 727 037c 69EF 05B7 		.string	"i\357\005\267\216\027uH`\0304\234IO\237{@\263\272Rn\365\310\255\336\023\037\034\352+\226\
 727      8E17 7548 
 727      6018 349C 
 727      494F 9F7B 
 727      40B3 BA52 
 728 0410 B903 3D9D 		.string	"\271\003=\235\265\322\"<|\214\307X\200G\365\356\232\234\b\344\341A\250\367\334FwS\261\\X 
 728      B5D2 223C 
 728      7C8C C758 
 728      8047 F5EE 
 728      9A9C 08E4 
 729 04ca AF31 6882 		.ascii	"\2571h\202q\234\001C\200)\233\320\246\212\037\034\324-\332\324"
 729      719C 0143 
 729      8029 9BD0 
 729      A68A 1F1C 
 729      D42D DAD4 
 730 04de 6CA0 A96B 		.ascii	"l\240\251k\274\251\362\352\351a\r/\340\013\025\b\034O\004\346"
 730      BCA9 F2EA 
 730      E961 0D2F 
 730      E00B 1508 
 730      1C4F 04E6 
 731 04f2 5881 595E 		.ascii	"X\201Y^`\216\025(\357\220G`\321\002\376@\201x\226\377\302\317"
 731      608E 1528 
 731      EF90 4760 
 731      D102 FE40 
 731      8178 96FF 
 732 0508 1DA7 C379 		.ascii	"\035\247\303y\376\316P\376\020\\\026\f\201 6\301\220WcU\217\302"
 732      FECE 50FE 
 732      105C 160C 
 732      8120 36C1 
 732      9057 6355 
 733 051e D4BF 28DD 		.ascii	"\324\277(\335[\241\210\034\201\377\2428\"\270\355XC\311\2743"
 733      5BA1 881C 
 733      81FF A238 
 733      22B8 ED58 
 733      43C9 BC33 
 734 0532 DD37 0F9C 		.ascii	"\3357\017\234\253\200s\031\270\246\266\345\206 \346\360\377E"
 734      AB80 7319 
 734      B8A6 B6E5 
 734      8620 E6F0 
 734      FF45 
 735 0544 B527 0FD7 		.ascii	"\265'\017\327/\025\367\361\311\276\266\366r-\375W\360\275\240"
 735      2F15 F7F1 
 735      C9BE B6F6 
 735      722D FD57 
 735      F0BD A0
 736 0557 FC2B 08E9 		.ascii	"\374+\b\351\177\313\222w\320\377n\201\352\277@P\364\177\265q"
 736      7FCB 9277 
 736      D0FF 6E81 
 736      EABF 4050 
 736      F47F B571 
 737 056b C4AD 554E 		.ascii	"\304\255UN\212\271\026\201o\304J\211\302 OP\324\017\371\202\006"
 737      8AB9 1681 
 737      6FC4 4A89 
 737      C220 4F50 
 737      D40F F982 
 738 0580 0A85 D5D4 		.ascii	"\n\205\325\324\023\334\216cH\002}d\245\305i\313\262:]q\346,g"
 738      13DC 8E63 
 738      4802 7D64 
 738      A5C5 69CB 
 738      B23A 5D71 
 739 0597 DC2E 5762 		.ascii	"\334.WbrBblj\370\346/\276\212\376t\303\006b\bxb\327\247~\224"
 739      7242 626C 
 739      6AF8 E62F 
 739      BE8A FE74 
 739      C306 6208 
 740 05b1 9C64 4930 		.ascii	"\234dI0\023]\246\315\221\221l\312\b\247cB\222)\003\234\260]\373"
 740      135D A6CD 
 740      9191 6CCA 
 740      08A7 6342 
 740      9229 039C 
 741 05c8 8D39 7587 		.ascii	"\2159u\207\325\002\333\f\261q\337f\232\035\031\231\351q\251;"
 741      D502 DB0C 
 741      B171 DF66 
 741      9A1D 1999 
 741      E971 A93B 
 742 05dc ED3B 9DB1 		.ascii	"\355;\235\261iD\223\372\345\346OD4\026\261.\321\224\261\212g"
 742      6944 93FA 
 742      E5E6 4F44 
 742      3416 B12E 
 742      D194 B18A 
 743 05f1 35B9 AC0E 		.ascii	"5\271\254\016\213\331\3514g\233\322\315\256\035\253\336\306\204"
 743      8BD9 E934 
 743      679B D2CD 
 743      AE1D ABDE 
 743      C684 
 744 0603 2C0D 6233 		.ascii	",\rb3\354V\213\353}\223i[\246\315\236as\230\020f\262X\355\030"
 744      EC56 8BEB 
 744      7D93 695B 
 744      A6CD 9E61 
 744      7398 1066 
 745 061b 9D9A 9D6A 		.ascii	"\235\232\235j\267\272\342\254\033S\266\233\323\255)\351\256l"
 745      B7BA E2AC 
 745      1B53 B69B 
 745      D3AD 29E9 
 745      AE6C 
 746 062d 5762 4ABA 		.ascii	"WbJ\272\315\261}W\322\207)\bK\2619R\355\231\026kJf\206\315\236"
 746      CDB1 7D57 
 746      D287 2908 
 746      4BB1 3952 
 746      ED99 166B 
 747 0646 C262 18AF 		.ascii	"\302b\030\2574\2633BI\221\351\322\233\355\273\314\331.\223\315"
 747      34B3 3342 
 747      4991 E9D2 
 747      9BED BBCC 
 747      D92E 93CD 
 748 065a 61B7 39AC 		.ascii	"a\2679\254\377\002}R&\021"
 748      FF02 7D52 
 748      2611 
 749               		.text
 750               		.section	.gnu.lto_.symtab.ece7ddd3,"",@progbits
 751 0000 7773 3238 		.string	"ws2812_setleds"
 751      3132 5F73 
 751      6574 6C65 
 751      6473 00
 752 000f 00        		.string	""
 753 0010 00        		.string	""
 754 0011 00        		.string	""
 755 0012 00        		.string	""
 756 0013 00        		.string	""
 757 0014 00        		.string	""
 758 0015 00        		.string	""
 759 0016 00        		.string	""
 760 0017 00        		.string	""
 761 0018 00        		.string	""
 762 0019 00        		.string	""
 763 001a ED00      		.string	"\355"
 764 001c 00        		.string	""
 765 001d 00        		.string	""
 766               		.text
 767               		.section	.gnu.lto_.opts,"",@progbits
 768 0000 272D 666E 		.ascii	"'-fn"
 769 0004 6F2D 6F70 		.string	"o-openmp' '-fno-openacc' '-fno-pie' '-mn-flash=1' '-mno-skip-bug' '-mmcu=avr5' '-Os' '-We
 769      656E 6D70 
 769      2720 272D 
 769      666E 6F2D 
 769      6F70 656E 
 770               		.text
 771               		.comm	__gnu_lto_v1,1,1
 772               		.comm	__gnu_lto_slim,1,1
 773               		.ident	"GCC: (GNU) 8.4.0"
DEFINED SYMBOLS
                            *ABS*:0000000000000000 ws2812.c
C:\Users\Roningo\AppData\Local\Temp\cc8Bk4yW.s:2      *ABS*:000000000000003e __SP_H__
C:\Users\Roningo\AppData\Local\Temp\cc8Bk4yW.s:3      *ABS*:000000000000003d __SP_L__
C:\Users\Roningo\AppData\Local\Temp\cc8Bk4yW.s:4      *ABS*:000000000000003f __SREG__
C:\Users\Roningo\AppData\Local\Temp\cc8Bk4yW.s:5      *ABS*:0000000000000000 __tmp_reg__
C:\Users\Roningo\AppData\Local\Temp\cc8Bk4yW.s:6      *ABS*:0000000000000001 __zero_reg__
C:\Users\Roningo\AppData\Local\Temp\cc8Bk4yW.s:15     .gnu.debuglto_.debug_info:0000000000000000 ws2812.c.7c586d1a
                            *COM*:0000000000000001 __gnu_lto_v1
                            *COM*:0000000000000001 __gnu_lto_slim

NO UNDEFINED SYMBOLS
