   1               		.file	"lagom.c"
   2               	__SP_H__ = 0x3e
   3               	__SP_L__ = 0x3d
   4               	__SREG__ = 0x3f
   5               	__tmp_reg__ = 0
   6               	__zero_reg__ = 1
   7               		.file 1 "e:\\game\\msys2\\mingw64\\avr\\include\\stdint.h"
   8               		.file 2 "e:\\game\\msys2\\mingw64\\lib\\gcc\\avr\\8.4.0\\include\\stddef.h"
   9               		.file 3 "tmk_core/common/report.h"
  10               		.file 4 "tmk_core/common/action.h"
  11               		.file 5 "tmk_core/common/host.h"
  12               		.file 6 "tmk_core/common/debug.h"
  13               		.file 7 "quantum/keycode_config.h"
  14               		.file 8 "tmk_core/common/timer.h"
  15               		.file 9 "quantum/sequencer/sequencer.h"
  16               		.file 10 "quantum/keymap.h"
  17               		.file 11 "tmk_core/common/action_layer.h"
  18               		.file 12 "tmk_core/common/action_util.h"
  19               		.file 13 "quantum/send_string.h"
  20               		.file 14 "e:\\game\\msys2\\mingw64\\avr\\include\\stdlib.h"
  21               		.section	.gnu.debuglto_.debug_info,"",@progbits
  22               	.Ldebug_info0:
  23               		.hidden	lagom.c.093fff61
  24               		.weak	lagom.c.093fff61
  25               	lagom.c.093fff61:
  26 0000 9205 0000 		.long	0x592
  27 0004 0200      		.word	0x2
  28 0006 0000 0000 		.long	.Ldebug_abbrev0
  29 000a 04        		.byte	0x4
  30 000b 01        		.uleb128 0x1
  31 000c 0000 0000 		.long	.LASF82
  32 0010 0C        		.byte	0xc
  33 0011 0000 0000 		.long	.LASF83
  34 0015 0000 0000 		.long	.LASF84
  35 0019 0000 0000 		.long	.Ldebug_line0
  36 001d 02        		.uleb128 0x2
  37 001e 01        		.byte	0x1
  38 001f 06        		.byte	0x6
  39 0020 0000 0000 		.long	.LASF0
  40 0024 03        		.uleb128 0x3
  41 0025 0000 0000 		.long	.LASF2
  42 0029 01        		.byte	0x1
  43 002a 7E        		.byte	0x7e
  44 002b 16        		.byte	0x16
  45 002c 3500 0000 		.long	0x35
  46 0030 04        		.uleb128 0x4
  47 0031 2400 0000 		.long	0x24
  48 0035 02        		.uleb128 0x2
  49 0036 01        		.byte	0x1
  50 0037 08        		.byte	0x8
  51 0038 0000 0000 		.long	.LASF1
  52 003c 05        		.uleb128 0x5
  53 003d 02        		.byte	0x2
  54 003e 05        		.byte	0x5
  55 003f 696E 7400 		.string	"int"
  56 0043 03        		.uleb128 0x3
  57 0044 0000 0000 		.long	.LASF3
  58 0048 01        		.byte	0x1
  59 0049 80        		.byte	0x80
  60 004a 16        		.byte	0x16
  61 004b 5400 0000 		.long	0x54
  62 004f 04        		.uleb128 0x4
  63 0050 4300 0000 		.long	0x43
  64 0054 02        		.uleb128 0x2
  65 0055 02        		.byte	0x2
  66 0056 07        		.byte	0x7
  67 0057 0000 0000 		.long	.LASF4
  68 005b 02        		.uleb128 0x2
  69 005c 04        		.byte	0x4
  70 005d 05        		.byte	0x5
  71 005e 0000 0000 		.long	.LASF5
  72 0062 03        		.uleb128 0x3
  73 0063 0000 0000 		.long	.LASF6
  74 0067 01        		.byte	0x1
  75 0068 82        		.byte	0x82
  76 0069 16        		.byte	0x16
  77 006a 7300 0000 		.long	0x73
  78 006e 06        		.uleb128 0x6
  79 006f 6200 0000 		.long	0x62
  80 0073 02        		.uleb128 0x2
  81 0074 04        		.byte	0x4
  82 0075 07        		.byte	0x7
  83 0076 0000 0000 		.long	.LASF7
  84 007a 02        		.uleb128 0x2
  85 007b 08        		.byte	0x8
  86 007c 05        		.byte	0x5
  87 007d 0000 0000 		.long	.LASF8
  88 0081 02        		.uleb128 0x2
  89 0082 08        		.byte	0x8
  90 0083 07        		.byte	0x7
  91 0084 0000 0000 		.long	.LASF9
  92 0088 03        		.uleb128 0x3
  93 0089 0000 0000 		.long	.LASF10
  94 008d 02        		.byte	0x2
  95 008e D8        		.byte	0xd8
  96 008f 17        		.byte	0x17
  97 0090 5400 0000 		.long	0x54
  98 0094 02        		.uleb128 0x2
  99 0095 01        		.byte	0x1
 100 0096 02        		.byte	0x2
 101 0097 0000 0000 		.long	.LASF11
 102 009b 07        		.uleb128 0x7
 103 009c 0000 0000 		.long	.LASF16
 104 00a0 04        		.byte	0x4
 105 00a1 4B        		.byte	0x4b
 106 00a2 0D        		.byte	0xd
 107 00a3 9400 0000 		.long	0x94
 108 00a7 01        		.byte	0x1
 109 00a8 01        		.byte	0x1
 110 00a9 08        		.uleb128 0x8
 111 00aa 08        		.byte	0x8
 112 00ab 03        		.byte	0x3
 113 00ac AD        		.byte	0xad
 114 00ad 05        		.byte	0x5
 115 00ae E000 0000 		.long	0xe0
 116 00b2 09        		.uleb128 0x9
 117 00b3 0000 0000 		.long	.LASF12
 118 00b7 03        		.byte	0x3
 119 00b8 B1        		.byte	0xb1
 120 00b9 11        		.byte	0x11
 121 00ba 2400 0000 		.long	0x24
 122 00be 02        		.byte	0x2
 123 00bf 23        		.byte	0x23
 124 00c0 00        		.uleb128 0
 125 00c1 09        		.uleb128 0x9
 126 00c2 0000 0000 		.long	.LASF13
 127 00c6 03        		.byte	0x3
 128 00c7 B2        		.byte	0xb2
 129 00c8 11        		.byte	0x11
 130 00c9 2400 0000 		.long	0x24
 131 00cd 02        		.byte	0x2
 132 00ce 23        		.byte	0x23
 133 00cf 01        		.uleb128 0x1
 134 00d0 09        		.uleb128 0x9
 135 00d1 0000 0000 		.long	.LASF14
 136 00d5 03        		.byte	0x3
 137 00d6 B3        		.byte	0xb3
 138 00d7 11        		.byte	0x11
 139 00d8 E000 0000 		.long	0xe0
 140 00dc 02        		.byte	0x2
 141 00dd 23        		.byte	0x23
 142 00de 02        		.uleb128 0x2
 143 00df 00        		.byte	0
 144 00e0 0A        		.uleb128 0xa
 145 00e1 2400 0000 		.long	0x24
 146 00e5 F000 0000 		.long	0xf0
 147 00e9 0B        		.uleb128 0xb
 148 00ea 5400 0000 		.long	0x54
 149 00ee 05        		.byte	0x5
 150 00ef 00        		.byte	0
 151 00f0 0C        		.uleb128 0xc
 152 00f1 08        		.byte	0x8
 153 00f2 03        		.byte	0x3
 154 00f3 AB        		.byte	0xab
 155 00f4 09        		.byte	0x9
 156 00f5 0B01 0000 		.long	0x10b
 157 00f9 0D        		.uleb128 0xd
 158 00fa 7261 7700 		.string	"raw"
 159 00fe 03        		.byte	0x3
 160 00ff AC        		.byte	0xac
 161 0100 0D        		.byte	0xd
 162 0101 0B01 0000 		.long	0x10b
 163 0105 0E        		.uleb128 0xe
 164 0106 A900 0000 		.long	0xa9
 165 010a 00        		.byte	0
 166 010b 0A        		.uleb128 0xa
 167 010c 2400 0000 		.long	0x24
 168 0110 1B01 0000 		.long	0x11b
 169 0114 0B        		.uleb128 0xb
 170 0115 5400 0000 		.long	0x54
 171 0119 07        		.byte	0x7
 172 011a 00        		.byte	0
 173 011b 03        		.uleb128 0x3
 174 011c 0000 0000 		.long	.LASF15
 175 0120 03        		.byte	0x3
 176 0121 BE        		.byte	0xbe
 177 0122 1B        		.byte	0x1b
 178 0123 F000 0000 		.long	0xf0
 179 0127 0F        		.uleb128 0xf
 180 0128 02        		.byte	0x2
 181 0129 1B01 0000 		.long	0x11b
 182 012d 07        		.uleb128 0x7
 183 012e 0000 0000 		.long	.LASF17
 184 0132 05        		.byte	0x5
 185 0133 24        		.byte	0x24
 186 0134 10        		.byte	0x10
 187 0135 2400 0000 		.long	0x24
 188 0139 01        		.byte	0x1
 189 013a 01        		.byte	0x1
 190 013b 07        		.uleb128 0x7
 191 013c 0000 0000 		.long	.LASF18
 192 0140 05        		.byte	0x5
 193 0141 25        		.byte	0x25
 194 0142 10        		.byte	0x10
 195 0143 2400 0000 		.long	0x24
 196 0147 01        		.byte	0x1
 197 0148 01        		.byte	0x1
 198 0149 08        		.uleb128 0x8
 199 014a 01        		.byte	0x1
 200 014b 06        		.byte	0x6
 201 014c 1F        		.byte	0x1f
 202 014d 05        		.byte	0x5
 203 014e AD01 0000 		.long	0x1ad
 204 0152 10        		.uleb128 0x10
 205 0153 0000 0000 		.long	.LASF19
 206 0157 06        		.byte	0x6
 207 0158 20        		.byte	0x20
 208 0159 11        		.byte	0x11
 209 015a 9400 0000 		.long	0x94
 210 015e 01        		.byte	0x1
 211 015f 01        		.byte	0x1
 212 0160 07        		.byte	0x7
 213 0161 02        		.byte	0x2
 214 0162 23        		.byte	0x23
 215 0163 00        		.uleb128 0
 216 0164 10        		.uleb128 0x10
 217 0165 0000 0000 		.long	.LASF20
 218 0169 06        		.byte	0x6
 219 016a 21        		.byte	0x21
 220 016b 11        		.byte	0x11
 221 016c 9400 0000 		.long	0x94
 222 0170 01        		.byte	0x1
 223 0171 01        		.byte	0x1
 224 0172 06        		.byte	0x6
 225 0173 02        		.byte	0x2
 226 0174 23        		.byte	0x23
 227 0175 00        		.uleb128 0
 228 0176 10        		.uleb128 0x10
 229 0177 0000 0000 		.long	.LASF21
 230 017b 06        		.byte	0x6
 231 017c 22        		.byte	0x22
 232 017d 11        		.byte	0x11
 233 017e 9400 0000 		.long	0x94
 234 0182 01        		.byte	0x1
 235 0183 01        		.byte	0x1
 236 0184 05        		.byte	0x5
 237 0185 02        		.byte	0x2
 238 0186 23        		.byte	0x23
 239 0187 00        		.uleb128 0
 240 0188 10        		.uleb128 0x10
 241 0189 0000 0000 		.long	.LASF22
 242 018d 06        		.byte	0x6
 243 018e 23        		.byte	0x23
 244 018f 11        		.byte	0x11
 245 0190 9400 0000 		.long	0x94
 246 0194 01        		.byte	0x1
 247 0195 01        		.byte	0x1
 248 0196 04        		.byte	0x4
 249 0197 02        		.byte	0x2
 250 0198 23        		.byte	0x23
 251 0199 00        		.uleb128 0
 252 019a 10        		.uleb128 0x10
 253 019b 0000 0000 		.long	.LASF13
 254 019f 06        		.byte	0x6
 255 01a0 24        		.byte	0x24
 256 01a1 11        		.byte	0x11
 257 01a2 2400 0000 		.long	0x24
 258 01a6 01        		.byte	0x1
 259 01a7 04        		.byte	0x4
 260 01a8 00        		.byte	0
 261 01a9 02        		.byte	0x2
 262 01aa 23        		.byte	0x23
 263 01ab 00        		.uleb128 0
 264 01ac 00        		.byte	0
 265 01ad 0C        		.uleb128 0xc
 266 01ae 01        		.byte	0x1
 267 01af 06        		.byte	0x6
 268 01b0 1E        		.byte	0x1e
 269 01b1 09        		.byte	0x9
 270 01b2 C801 0000 		.long	0x1c8
 271 01b6 0E        		.uleb128 0xe
 272 01b7 4901 0000 		.long	0x149
 273 01bb 0D        		.uleb128 0xd
 274 01bc 7261 7700 		.string	"raw"
 275 01c0 06        		.byte	0x6
 276 01c1 26        		.byte	0x26
 277 01c2 0D        		.byte	0xd
 278 01c3 2400 0000 		.long	0x24
 279 01c7 00        		.byte	0
 280 01c8 03        		.uleb128 0x3
 281 01c9 0000 0000 		.long	.LASF23
 282 01cd 06        		.byte	0x6
 283 01ce 27        		.byte	0x27
 284 01cf 03        		.byte	0x3
 285 01d0 AD01 0000 		.long	0x1ad
 286 01d4 07        		.uleb128 0x7
 287 01d5 0000 0000 		.long	.LASF24
 288 01d9 06        		.byte	0x6
 289 01da 29        		.byte	0x29
 290 01db 17        		.byte	0x17
 291 01dc C801 0000 		.long	0x1c8
 292 01e0 01        		.byte	0x1
 293 01e1 01        		.byte	0x1
 294 01e2 08        		.uleb128 0x8
 295 01e3 02        		.byte	0x2
 296 01e4 07        		.byte	0x7
 297 01e5 1D        		.byte	0x1d
 298 01e6 05        		.byte	0x5
 299 01e7 B202 0000 		.long	0x2b2
 300 01eb 10        		.uleb128 0x10
 301 01ec 0000 0000 		.long	.LASF25
 302 01f0 07        		.byte	0x7
 303 01f1 1E        		.byte	0x1e
 304 01f2 0E        		.byte	0xe
 305 01f3 9400 0000 		.long	0x94
 306 01f7 01        		.byte	0x1
 307 01f8 01        		.byte	0x1
 308 01f9 07        		.byte	0x7
 309 01fa 02        		.byte	0x2
 310 01fb 23        		.byte	0x23
 311 01fc 00        		.uleb128 0
 312 01fd 10        		.uleb128 0x10
 313 01fe 0000 0000 		.long	.LASF26
 314 0202 07        		.byte	0x7
 315 0203 1F        		.byte	0x1f
 316 0204 0E        		.byte	0xe
 317 0205 9400 0000 		.long	0x94
 318 0209 01        		.byte	0x1
 319 020a 01        		.byte	0x1
 320 020b 06        		.byte	0x6
 321 020c 02        		.byte	0x2
 322 020d 23        		.byte	0x23
 323 020e 00        		.uleb128 0
 324 020f 10        		.uleb128 0x10
 325 0210 0000 0000 		.long	.LASF27
 326 0214 07        		.byte	0x7
 327 0215 20        		.byte	0x20
 328 0216 0E        		.byte	0xe
 329 0217 9400 0000 		.long	0x94
 330 021b 01        		.byte	0x1
 331 021c 01        		.byte	0x1
 332 021d 05        		.byte	0x5
 333 021e 02        		.byte	0x2
 334 021f 23        		.byte	0x23
 335 0220 00        		.uleb128 0
 336 0221 10        		.uleb128 0x10
 337 0222 0000 0000 		.long	.LASF28
 338 0226 07        		.byte	0x7
 339 0227 21        		.byte	0x21
 340 0228 0E        		.byte	0xe
 341 0229 9400 0000 		.long	0x94
 342 022d 01        		.byte	0x1
 343 022e 01        		.byte	0x1
 344 022f 04        		.byte	0x4
 345 0230 02        		.byte	0x2
 346 0231 23        		.byte	0x23
 347 0232 00        		.uleb128 0
 348 0233 10        		.uleb128 0x10
 349 0234 0000 0000 		.long	.LASF29
 350 0238 07        		.byte	0x7
 351 0239 22        		.byte	0x22
 352 023a 0E        		.byte	0xe
 353 023b 9400 0000 		.long	0x94
 354 023f 01        		.byte	0x1
 355 0240 01        		.byte	0x1
 356 0241 03        		.byte	0x3
 357 0242 02        		.byte	0x2
 358 0243 23        		.byte	0x23
 359 0244 00        		.uleb128 0
 360 0245 10        		.uleb128 0x10
 361 0246 0000 0000 		.long	.LASF30
 362 024a 07        		.byte	0x7
 363 024b 23        		.byte	0x23
 364 024c 0E        		.byte	0xe
 365 024d 9400 0000 		.long	0x94
 366 0251 01        		.byte	0x1
 367 0252 01        		.byte	0x1
 368 0253 02        		.byte	0x2
 369 0254 02        		.byte	0x2
 370 0255 23        		.byte	0x23
 371 0256 00        		.uleb128 0
 372 0257 10        		.uleb128 0x10
 373 0258 0000 0000 		.long	.LASF31
 374 025c 07        		.byte	0x7
 375 025d 24        		.byte	0x24
 376 025e 0E        		.byte	0xe
 377 025f 9400 0000 		.long	0x94
 378 0263 01        		.byte	0x1
 379 0264 01        		.byte	0x1
 380 0265 01        		.byte	0x1
 381 0266 02        		.byte	0x2
 382 0267 23        		.byte	0x23
 383 0268 00        		.uleb128 0
 384 0269 10        		.uleb128 0x10
 385 026a 0000 0000 		.long	.LASF32
 386 026e 07        		.byte	0x7
 387 026f 25        		.byte	0x25
 388 0270 0E        		.byte	0xe
 389 0271 9400 0000 		.long	0x94
 390 0275 01        		.byte	0x1
 391 0276 01        		.byte	0x1
 392 0277 00        		.byte	0
 393 0278 02        		.byte	0x2
 394 0279 23        		.byte	0x23
 395 027a 00        		.uleb128 0
 396 027b 10        		.uleb128 0x10
 397 027c 0000 0000 		.long	.LASF33
 398 0280 07        		.byte	0x7
 399 0281 26        		.byte	0x26
 400 0282 0E        		.byte	0xe
 401 0283 9400 0000 		.long	0x94
 402 0287 01        		.byte	0x1
 403 0288 01        		.byte	0x1
 404 0289 07        		.byte	0x7
 405 028a 02        		.byte	0x2
 406 028b 23        		.byte	0x23
 407 028c 01        		.uleb128 0x1
 408 028d 10        		.uleb128 0x10
 409 028e 0000 0000 		.long	.LASF34
 410 0292 07        		.byte	0x7
 411 0293 27        		.byte	0x27
 412 0294 0E        		.byte	0xe
 413 0295 9400 0000 		.long	0x94
 414 0299 01        		.byte	0x1
 415 029a 01        		.byte	0x1
 416 029b 06        		.byte	0x6
 417 029c 02        		.byte	0x2
 418 029d 23        		.byte	0x23
 419 029e 01        		.uleb128 0x1
 420 029f 10        		.uleb128 0x10
 421 02a0 0000 0000 		.long	.LASF35
 422 02a4 07        		.byte	0x7
 423 02a5 28        		.byte	0x28
 424 02a6 0E        		.byte	0xe
 425 02a7 9400 0000 		.long	0x94
 426 02ab 01        		.byte	0x1
 427 02ac 01        		.byte	0x1
 428 02ad 05        		.byte	0x5
 429 02ae 02        		.byte	0x2
 430 02af 23        		.byte	0x23
 431 02b0 01        		.uleb128 0x1
 432 02b1 00        		.byte	0
 433 02b2 0C        		.uleb128 0xc
 434 02b3 02        		.byte	0x2
 435 02b4 07        		.byte	0x7
 436 02b5 1B        		.byte	0x1b
 437 02b6 09        		.byte	0x9
 438 02b7 CD02 0000 		.long	0x2cd
 439 02bb 0D        		.uleb128 0xd
 440 02bc 7261 7700 		.string	"raw"
 441 02c0 07        		.byte	0x7
 442 02c1 1C        		.byte	0x1c
 443 02c2 0E        		.byte	0xe
 444 02c3 4300 0000 		.long	0x43
 445 02c7 0E        		.uleb128 0xe
 446 02c8 E201 0000 		.long	0x1e2
 447 02cc 00        		.byte	0
 448 02cd 03        		.uleb128 0x3
 449 02ce 0000 0000 		.long	.LASF36
 450 02d2 07        		.byte	0x7
 451 02d3 2A        		.byte	0x2a
 452 02d4 03        		.byte	0x3
 453 02d5 B202 0000 		.long	0x2b2
 454 02d9 07        		.uleb128 0x7
 455 02da 0000 0000 		.long	.LASF37
 456 02de 07        		.byte	0x7
 457 02df 2C        		.byte	0x2c
 458 02e0 18        		.byte	0x18
 459 02e1 CD02 0000 		.long	0x2cd
 460 02e5 01        		.byte	0x1
 461 02e6 01        		.byte	0x1
 462 02e7 07        		.uleb128 0x7
 463 02e8 0000 0000 		.long	.LASF38
 464 02ec 08        		.byte	0x8
 465 02ed 20        		.byte	0x20
 466 02ee 1A        		.byte	0x1a
 467 02ef 6E00 0000 		.long	0x6e
 468 02f3 01        		.byte	0x1
 469 02f4 01        		.byte	0x1
 470 02f5 11        		.uleb128 0x11
 471 02f6 07        		.byte	0x7
 472 02f7 01        		.byte	0x1
 473 02f8 3500 0000 		.long	0x35
 474 02fc 09        		.byte	0x9
 475 02fd 2D        		.byte	0x2d
 476 02fe 0E        		.byte	0xe
 477 02ff 4003 0000 		.long	0x340
 478 0303 12        		.uleb128 0x12
 479 0304 0000 0000 		.long	.LASF39
 480 0308 00        		.byte	0
 481 0309 12        		.uleb128 0x12
 482 030a 0000 0000 		.long	.LASF40
 483 030e 01        		.byte	0x1
 484 030f 12        		.uleb128 0x12
 485 0310 0000 0000 		.long	.LASF41
 486 0314 02        		.byte	0x2
 487 0315 12        		.uleb128 0x12
 488 0316 0000 0000 		.long	.LASF42
 489 031a 03        		.byte	0x3
 490 031b 12        		.uleb128 0x12
 491 031c 0000 0000 		.long	.LASF43
 492 0320 04        		.byte	0x4
 493 0321 12        		.uleb128 0x12
 494 0322 0000 0000 		.long	.LASF44
 495 0326 05        		.byte	0x5
 496 0327 12        		.uleb128 0x12
 497 0328 0000 0000 		.long	.LASF45
 498 032c 06        		.byte	0x6
 499 032d 12        		.uleb128 0x12
 500 032e 0000 0000 		.long	.LASF46
 501 0332 07        		.byte	0x7
 502 0333 12        		.uleb128 0x12
 503 0334 0000 0000 		.long	.LASF47
 504 0338 08        		.byte	0x8
 505 0339 12        		.uleb128 0x12
 506 033a 0000 0000 		.long	.LASF48
 507 033e 09        		.byte	0x9
 508 033f 00        		.byte	0
 509 0340 03        		.uleb128 0x3
 510 0341 0000 0000 		.long	.LASF49
 511 0345 09        		.byte	0x9
 512 0346 2D        		.byte	0x2d
 513 0347 89        		.byte	0x89
 514 0348 F502 0000 		.long	0x2f5
 515 034c 08        		.uleb128 0x8
 516 034d 23        		.byte	0x23
 517 034e 09        		.byte	0x9
 518 034f 2F        		.byte	0x2f
 519 0350 09        		.byte	0x9
 520 0351 A103 0000 		.long	0x3a1
 521 0355 09        		.uleb128 0x9
 522 0356 0000 0000 		.long	.LASF50
 523 035a 09        		.byte	0x9
 524 035b 30        		.byte	0x30
 525 035c 1C        		.byte	0x1c
 526 035d 9400 0000 		.long	0x94
 527 0361 02        		.byte	0x2
 528 0362 23        		.byte	0x23
 529 0363 00        		.uleb128 0
 530 0364 09        		.uleb128 0x9
 531 0365 0000 0000 		.long	.LASF51
 532 0369 09        		.byte	0x9
 533 036a 31        		.byte	0x31
 534 036b 1C        		.byte	0x1c
 535 036c A103 0000 		.long	0x3a1
 536 0370 02        		.byte	0x2
 537 0371 23        		.byte	0x23
 538 0372 01        		.uleb128 0x1
 539 0373 09        		.uleb128 0x9
 540 0374 0000 0000 		.long	.LASF52
 541 0378 09        		.byte	0x9
 542 0379 32        		.byte	0x32
 543 037a 1C        		.byte	0x1c
 544 037b B103 0000 		.long	0x3b1
 545 037f 02        		.byte	0x2
 546 0380 23        		.byte	0x23
 547 0381 11        		.uleb128 0x11
 548 0382 09        		.uleb128 0x9
 549 0383 0000 0000 		.long	.LASF53
 550 0387 09        		.byte	0x9
 551 0388 33        		.byte	0x33
 552 0389 1C        		.byte	0x1c
 553 038a 2400 0000 		.long	0x24
 554 038e 02        		.byte	0x2
 555 038f 23        		.byte	0x23
 556 0390 21        		.uleb128 0x21
 557 0391 09        		.uleb128 0x9
 558 0392 0000 0000 		.long	.LASF54
 559 0396 09        		.byte	0x9
 560 0397 34        		.byte	0x34
 561 0398 1C        		.byte	0x1c
 562 0399 4003 0000 		.long	0x340
 563 039d 02        		.byte	0x2
 564 039e 23        		.byte	0x23
 565 039f 22        		.uleb128 0x22
 566 03a0 00        		.byte	0
 567 03a1 0A        		.uleb128 0xa
 568 03a2 2400 0000 		.long	0x24
 569 03a6 B103 0000 		.long	0x3b1
 570 03aa 0B        		.uleb128 0xb
 571 03ab 5400 0000 		.long	0x54
 572 03af 0F        		.byte	0xf
 573 03b0 00        		.byte	0
 574 03b1 0A        		.uleb128 0xa
 575 03b2 4300 0000 		.long	0x43
 576 03b6 C103 0000 		.long	0x3c1
 577 03ba 0B        		.uleb128 0xb
 578 03bb 5400 0000 		.long	0x54
 579 03bf 07        		.byte	0x7
 580 03c0 00        		.byte	0
 581 03c1 03        		.uleb128 0x3
 582 03c2 0000 0000 		.long	.LASF55
 583 03c6 09        		.byte	0x9
 584 03c7 35        		.byte	0x35
 585 03c8 03        		.byte	0x3
 586 03c9 4C03 0000 		.long	0x34c
 587 03cd 13        		.uleb128 0x13
 588 03ce 0000 0000 		.long	.LASF59
 589 03d2 07        		.byte	0x7
 590 03d3 01        		.byte	0x1
 591 03d4 3500 0000 		.long	0x35
 592 03d8 09        		.byte	0x9
 593 03d9 3B        		.byte	0x3b
 594 03da 0E        		.byte	0xe
 595 03db F203 0000 		.long	0x3f2
 596 03df 12        		.uleb128 0x12
 597 03e0 0000 0000 		.long	.LASF56
 598 03e4 00        		.byte	0
 599 03e5 12        		.uleb128 0x12
 600 03e6 0000 0000 		.long	.LASF57
 601 03ea 01        		.byte	0x1
 602 03eb 12        		.uleb128 0x12
 603 03ec 0000 0000 		.long	.LASF58
 604 03f0 02        		.byte	0x2
 605 03f1 00        		.byte	0
 606 03f2 03        		.uleb128 0x3
 607 03f3 0000 0000 		.long	.LASF59
 608 03f7 09        		.byte	0x9
 609 03f8 3F        		.byte	0x3f
 610 03f9 03        		.byte	0x3
 611 03fa CD03 0000 		.long	0x3cd
 612 03fe 08        		.uleb128 0x8
 613 03ff 06        		.byte	0x6
 614 0400 09        		.byte	0x9
 615 0401 41        		.byte	0x41
 616 0402 09        		.byte	0x9
 617 0403 5304 0000 		.long	0x453
 618 0407 09        		.uleb128 0x9
 619 0408 0000 0000 		.long	.LASF60
 620 040c 09        		.byte	0x9
 621 040d 42        		.byte	0x42
 622 040e 17        		.byte	0x17
 623 040f 2400 0000 		.long	0x24
 624 0413 02        		.byte	0x2
 625 0414 23        		.byte	0x23
 626 0415 00        		.uleb128 0
 627 0416 09        		.uleb128 0x9
 628 0417 0000 0000 		.long	.LASF61
 629 041b 09        		.byte	0x9
 630 041c 43        		.byte	0x43
 631 041d 17        		.byte	0x17
 632 041e 2400 0000 		.long	0x24
 633 0422 02        		.byte	0x2
 634 0423 23        		.byte	0x23
 635 0424 01        		.uleb128 0x1
 636 0425 09        		.uleb128 0x9
 637 0426 0000 0000 		.long	.LASF62
 638 042a 09        		.byte	0x9
 639 042b 44        		.byte	0x44
 640 042c 17        		.byte	0x17
 641 042d 2400 0000 		.long	0x24
 642 0431 02        		.byte	0x2
 643 0432 23        		.byte	0x23
 644 0433 02        		.uleb128 0x2
 645 0434 09        		.uleb128 0x9
 646 0435 0000 0000 		.long	.LASF63
 647 0439 09        		.byte	0x9
 648 043a 45        		.byte	0x45
 649 043b 17        		.byte	0x17
 650 043c 4300 0000 		.long	0x43
 651 0440 02        		.byte	0x2
 652 0441 23        		.byte	0x23
 653 0442 03        		.uleb128 0x3
 654 0443 09        		.uleb128 0x9
 655 0444 0000 0000 		.long	.LASF64
 656 0448 09        		.byte	0x9
 657 0449 46        		.byte	0x46
 658 044a 17        		.byte	0x17
 659 044b F203 0000 		.long	0x3f2
 660 044f 02        		.byte	0x2
 661 0450 23        		.byte	0x23
 662 0451 05        		.uleb128 0x5
 663 0452 00        		.byte	0
 664 0453 03        		.uleb128 0x3
 665 0454 0000 0000 		.long	.LASF65
 666 0458 09        		.byte	0x9
 667 0459 47        		.byte	0x47
 668 045a 03        		.byte	0x3
 669 045b FE03 0000 		.long	0x3fe
 670 045f 07        		.uleb128 0x7
 671 0460 0000 0000 		.long	.LASF66
 672 0464 09        		.byte	0x9
 673 0465 49        		.byte	0x49
 674 0466 1B        		.byte	0x1b
 675 0467 C103 0000 		.long	0x3c1
 676 046b 01        		.byte	0x1
 677 046c 01        		.byte	0x1
 678 046d 07        		.uleb128 0x7
 679 046e 0000 0000 		.long	.LASF67
 680 0472 09        		.byte	0x9
 681 0473 4C        		.byte	0x4c
 682 0474 1A        		.byte	0x1a
 683 0475 5304 0000 		.long	0x453
 684 0479 01        		.byte	0x1
 685 047a 01        		.byte	0x1
 686 047b 0A        		.uleb128 0xa
 687 047c 4F00 0000 		.long	0x4f
 688 0480 9204 0000 		.long	0x492
 689 0484 14        		.uleb128 0x14
 690 0485 0B        		.uleb128 0xb
 691 0486 5400 0000 		.long	0x54
 692 048a 04        		.byte	0x4
 693 048b 0B        		.uleb128 0xb
 694 048c 5400 0000 		.long	0x54
 695 0490 0F        		.byte	0xf
 696 0491 00        		.byte	0
 697 0492 04        		.uleb128 0x4
 698 0493 7B04 0000 		.long	0x47b
 699 0497 07        		.uleb128 0x7
 700 0498 0000 0000 		.long	.LASF68
 701 049c 0A        		.byte	0xa
 702 049d 37        		.byte	0x37
 703 049e 17        		.byte	0x17
 704 049f 9204 0000 		.long	0x492
 705 04a3 01        		.byte	0x1
 706 04a4 01        		.byte	0x1
 707 04a5 0A        		.uleb128 0xa
 708 04a6 4F00 0000 		.long	0x4f
 709 04aa B004 0000 		.long	0x4b0
 710 04ae 14        		.uleb128 0x14
 711 04af 00        		.byte	0
 712 04b0 04        		.uleb128 0x4
 713 04b1 A504 0000 		.long	0x4a5
 714 04b5 07        		.uleb128 0x7
 715 04b6 0000 0000 		.long	.LASF69
 716 04ba 0A        		.byte	0xa
 717 04bb 38        		.byte	0x38
 718 04bc 17        		.byte	0x17
 719 04bd B004 0000 		.long	0x4b0
 720 04c1 01        		.byte	0x1
 721 04c2 01        		.byte	0x1
 722 04c3 03        		.uleb128 0x3
 723 04c4 0000 0000 		.long	.LASF70
 724 04c8 0B        		.byte	0xb
 725 04c9 27        		.byte	0x27
 726 04ca 12        		.byte	0x12
 727 04cb 6200 0000 		.long	0x62
 728 04cf 07        		.uleb128 0x7
 729 04d0 0000 0000 		.long	.LASF71
 730 04d4 0B        		.byte	0xb
 731 04d5 32        		.byte	0x32
 732 04d6 16        		.byte	0x16
 733 04d7 C304 0000 		.long	0x4c3
 734 04db 01        		.byte	0x1
 735 04dc 01        		.byte	0x1
 736 04dd 07        		.uleb128 0x7
 737 04de 0000 0000 		.long	.LASF72
 738 04e2 0B        		.byte	0xb
 739 04e3 48        		.byte	0x48
 740 04e4 16        		.byte	0x16
 741 04e5 C304 0000 		.long	0x4c3
 742 04e9 01        		.byte	0x1
 743 04ea 01        		.byte	0x1
 744 04eb 07        		.uleb128 0x7
 745 04ec 0000 0000 		.long	.LASF73
 746 04f0 0C        		.byte	0xc
 747 04f1 1B        		.byte	0x1b
 748 04f2 1B        		.byte	0x1b
 749 04f3 2701 0000 		.long	0x127
 750 04f7 01        		.byte	0x1
 751 04f8 01        		.byte	0x1
 752 04f9 0A        		.uleb128 0xa
 753 04fa 3000 0000 		.long	0x30
 754 04fe 0905 0000 		.long	0x509
 755 0502 0B        		.uleb128 0xb
 756 0503 5400 0000 		.long	0x54
 757 0507 0F        		.byte	0xf
 758 0508 00        		.byte	0
 759 0509 04        		.uleb128 0x4
 760 050a F904 0000 		.long	0x4f9
 761 050e 07        		.uleb128 0x7
 762 050f 0000 0000 		.long	.LASF74
 763 0513 0D        		.byte	0xd
 764 0514 1A        		.byte	0x1a
 765 0515 16        		.byte	0x16
 766 0516 0905 0000 		.long	0x509
 767 051a 01        		.byte	0x1
 768 051b 01        		.byte	0x1
 769 051c 07        		.uleb128 0x7
 770 051d 0000 0000 		.long	.LASF75
 771 0521 0D        		.byte	0xd
 772 0522 1B        		.byte	0x1b
 773 0523 16        		.byte	0x16
 774 0524 0905 0000 		.long	0x509
 775 0528 01        		.byte	0x1
 776 0529 01        		.byte	0x1
 777 052a 07        		.uleb128 0x7
 778 052b 0000 0000 		.long	.LASF76
 779 052f 0D        		.byte	0xd
 780 0530 1C        		.byte	0x1c
 781 0531 16        		.byte	0x16
 782 0532 0905 0000 		.long	0x509
 783 0536 01        		.byte	0x1
 784 0537 01        		.byte	0x1
 785 0538 0A        		.uleb128 0xa
 786 0539 3000 0000 		.long	0x30
 787 053d 4805 0000 		.long	0x548
 788 0541 0B        		.uleb128 0xb
 789 0542 5400 0000 		.long	0x54
 790 0546 7F        		.byte	0x7f
 791 0547 00        		.byte	0
 792 0548 04        		.uleb128 0x4
 793 0549 3805 0000 		.long	0x538
 794 054d 07        		.uleb128 0x7
 795 054e 0000 0000 		.long	.LASF77
 796 0552 0D        		.byte	0xd
 797 0553 1D        		.byte	0x1d
 798 0554 16        		.byte	0x16
 799 0555 4805 0000 		.long	0x548
 800 0559 01        		.byte	0x1
 801 055a 01        		.byte	0x1
 802 055b 15        		.uleb128 0x15
 803 055c 0000 0000 		.long	.LASF78
 804 0560 0E        		.byte	0xe
 805 0561 3801      		.word	0x138
 806 0563 0F        		.byte	0xf
 807 0564 8800 0000 		.long	0x88
 808 0568 01        		.byte	0x1
 809 0569 01        		.byte	0x1
 810 056a 15        		.uleb128 0x15
 811 056b 0000 0000 		.long	.LASF79
 812 056f 0E        		.byte	0xe
 813 0570 3D01      		.word	0x13d
 814 0572 0E        		.byte	0xe
 815 0573 7905 0000 		.long	0x579
 816 0577 01        		.byte	0x1
 817 0578 01        		.byte	0x1
 818 0579 0F        		.uleb128 0xf
 819 057a 02        		.byte	0x2
 820 057b 7F05 0000 		.long	0x57f
 821 057f 02        		.uleb128 0x2
 822 0580 01        		.byte	0x1
 823 0581 08        		.byte	0x8
 824 0582 0000 0000 		.long	.LASF80
 825 0586 15        		.uleb128 0x15
 826 0587 0000 0000 		.long	.LASF81
 827 058b 0E        		.byte	0xe
 828 058c 4201      		.word	0x142
 829 058e 0E        		.byte	0xe
 830 058f 7905 0000 		.long	0x579
 831 0593 01        		.byte	0x1
 832 0594 01        		.byte	0x1
 833 0595 00        		.byte	0
 834               		.section	.gnu.debuglto_.debug_abbrev,"",@progbits
 835               	.Ldebug_abbrev0:
 836 0000 01        		.uleb128 0x1
 837 0001 11        		.uleb128 0x11
 838 0002 01        		.byte	0x1
 839 0003 25        		.uleb128 0x25
 840 0004 0E        		.uleb128 0xe
 841 0005 13        		.uleb128 0x13
 842 0006 0B        		.uleb128 0xb
 843 0007 03        		.uleb128 0x3
 844 0008 0E        		.uleb128 0xe
 845 0009 1B        		.uleb128 0x1b
 846 000a 0E        		.uleb128 0xe
 847 000b 10        		.uleb128 0x10
 848 000c 06        		.uleb128 0x6
 849 000d 00        		.byte	0
 850 000e 00        		.byte	0
 851 000f 02        		.uleb128 0x2
 852 0010 24        		.uleb128 0x24
 853 0011 00        		.byte	0
 854 0012 0B        		.uleb128 0xb
 855 0013 0B        		.uleb128 0xb
 856 0014 3E        		.uleb128 0x3e
 857 0015 0B        		.uleb128 0xb
 858 0016 03        		.uleb128 0x3
 859 0017 0E        		.uleb128 0xe
 860 0018 00        		.byte	0
 861 0019 00        		.byte	0
 862 001a 03        		.uleb128 0x3
 863 001b 16        		.uleb128 0x16
 864 001c 00        		.byte	0
 865 001d 03        		.uleb128 0x3
 866 001e 0E        		.uleb128 0xe
 867 001f 3A        		.uleb128 0x3a
 868 0020 0B        		.uleb128 0xb
 869 0021 3B        		.uleb128 0x3b
 870 0022 0B        		.uleb128 0xb
 871 0023 39        		.uleb128 0x39
 872 0024 0B        		.uleb128 0xb
 873 0025 49        		.uleb128 0x49
 874 0026 13        		.uleb128 0x13
 875 0027 00        		.byte	0
 876 0028 00        		.byte	0
 877 0029 04        		.uleb128 0x4
 878 002a 26        		.uleb128 0x26
 879 002b 00        		.byte	0
 880 002c 49        		.uleb128 0x49
 881 002d 13        		.uleb128 0x13
 882 002e 00        		.byte	0
 883 002f 00        		.byte	0
 884 0030 05        		.uleb128 0x5
 885 0031 24        		.uleb128 0x24
 886 0032 00        		.byte	0
 887 0033 0B        		.uleb128 0xb
 888 0034 0B        		.uleb128 0xb
 889 0035 3E        		.uleb128 0x3e
 890 0036 0B        		.uleb128 0xb
 891 0037 03        		.uleb128 0x3
 892 0038 08        		.uleb128 0x8
 893 0039 00        		.byte	0
 894 003a 00        		.byte	0
 895 003b 06        		.uleb128 0x6
 896 003c 35        		.uleb128 0x35
 897 003d 00        		.byte	0
 898 003e 49        		.uleb128 0x49
 899 003f 13        		.uleb128 0x13
 900 0040 00        		.byte	0
 901 0041 00        		.byte	0
 902 0042 07        		.uleb128 0x7
 903 0043 34        		.uleb128 0x34
 904 0044 00        		.byte	0
 905 0045 03        		.uleb128 0x3
 906 0046 0E        		.uleb128 0xe
 907 0047 3A        		.uleb128 0x3a
 908 0048 0B        		.uleb128 0xb
 909 0049 3B        		.uleb128 0x3b
 910 004a 0B        		.uleb128 0xb
 911 004b 39        		.uleb128 0x39
 912 004c 0B        		.uleb128 0xb
 913 004d 49        		.uleb128 0x49
 914 004e 13        		.uleb128 0x13
 915 004f 3F        		.uleb128 0x3f
 916 0050 0C        		.uleb128 0xc
 917 0051 3C        		.uleb128 0x3c
 918 0052 0C        		.uleb128 0xc
 919 0053 00        		.byte	0
 920 0054 00        		.byte	0
 921 0055 08        		.uleb128 0x8
 922 0056 13        		.uleb128 0x13
 923 0057 01        		.byte	0x1
 924 0058 0B        		.uleb128 0xb
 925 0059 0B        		.uleb128 0xb
 926 005a 3A        		.uleb128 0x3a
 927 005b 0B        		.uleb128 0xb
 928 005c 3B        		.uleb128 0x3b
 929 005d 0B        		.uleb128 0xb
 930 005e 39        		.uleb128 0x39
 931 005f 0B        		.uleb128 0xb
 932 0060 01        		.uleb128 0x1
 933 0061 13        		.uleb128 0x13
 934 0062 00        		.byte	0
 935 0063 00        		.byte	0
 936 0064 09        		.uleb128 0x9
 937 0065 0D        		.uleb128 0xd
 938 0066 00        		.byte	0
 939 0067 03        		.uleb128 0x3
 940 0068 0E        		.uleb128 0xe
 941 0069 3A        		.uleb128 0x3a
 942 006a 0B        		.uleb128 0xb
 943 006b 3B        		.uleb128 0x3b
 944 006c 0B        		.uleb128 0xb
 945 006d 39        		.uleb128 0x39
 946 006e 0B        		.uleb128 0xb
 947 006f 49        		.uleb128 0x49
 948 0070 13        		.uleb128 0x13
 949 0071 38        		.uleb128 0x38
 950 0072 0A        		.uleb128 0xa
 951 0073 00        		.byte	0
 952 0074 00        		.byte	0
 953 0075 0A        		.uleb128 0xa
 954 0076 01        		.uleb128 0x1
 955 0077 01        		.byte	0x1
 956 0078 49        		.uleb128 0x49
 957 0079 13        		.uleb128 0x13
 958 007a 01        		.uleb128 0x1
 959 007b 13        		.uleb128 0x13
 960 007c 00        		.byte	0
 961 007d 00        		.byte	0
 962 007e 0B        		.uleb128 0xb
 963 007f 21        		.uleb128 0x21
 964 0080 00        		.byte	0
 965 0081 49        		.uleb128 0x49
 966 0082 13        		.uleb128 0x13
 967 0083 2F        		.uleb128 0x2f
 968 0084 0B        		.uleb128 0xb
 969 0085 00        		.byte	0
 970 0086 00        		.byte	0
 971 0087 0C        		.uleb128 0xc
 972 0088 17        		.uleb128 0x17
 973 0089 01        		.byte	0x1
 974 008a 0B        		.uleb128 0xb
 975 008b 0B        		.uleb128 0xb
 976 008c 3A        		.uleb128 0x3a
 977 008d 0B        		.uleb128 0xb
 978 008e 3B        		.uleb128 0x3b
 979 008f 0B        		.uleb128 0xb
 980 0090 39        		.uleb128 0x39
 981 0091 0B        		.uleb128 0xb
 982 0092 01        		.uleb128 0x1
 983 0093 13        		.uleb128 0x13
 984 0094 00        		.byte	0
 985 0095 00        		.byte	0
 986 0096 0D        		.uleb128 0xd
 987 0097 0D        		.uleb128 0xd
 988 0098 00        		.byte	0
 989 0099 03        		.uleb128 0x3
 990 009a 08        		.uleb128 0x8
 991 009b 3A        		.uleb128 0x3a
 992 009c 0B        		.uleb128 0xb
 993 009d 3B        		.uleb128 0x3b
 994 009e 0B        		.uleb128 0xb
 995 009f 39        		.uleb128 0x39
 996 00a0 0B        		.uleb128 0xb
 997 00a1 49        		.uleb128 0x49
 998 00a2 13        		.uleb128 0x13
 999 00a3 00        		.byte	0
 1000 00a4 00        		.byte	0
 1001 00a5 0E        		.uleb128 0xe
 1002 00a6 0D        		.uleb128 0xd
 1003 00a7 00        		.byte	0
 1004 00a8 49        		.uleb128 0x49
 1005 00a9 13        		.uleb128 0x13
 1006 00aa 00        		.byte	0
 1007 00ab 00        		.byte	0
 1008 00ac 0F        		.uleb128 0xf
 1009 00ad 0F        		.uleb128 0xf
 1010 00ae 00        		.byte	0
 1011 00af 0B        		.uleb128 0xb
 1012 00b0 0B        		.uleb128 0xb
 1013 00b1 49        		.uleb128 0x49
 1014 00b2 13        		.uleb128 0x13
 1015 00b3 00        		.byte	0
 1016 00b4 00        		.byte	0
 1017 00b5 10        		.uleb128 0x10
 1018 00b6 0D        		.uleb128 0xd
 1019 00b7 00        		.byte	0
 1020 00b8 03        		.uleb128 0x3
 1021 00b9 0E        		.uleb128 0xe
 1022 00ba 3A        		.uleb128 0x3a
 1023 00bb 0B        		.uleb128 0xb
 1024 00bc 3B        		.uleb128 0x3b
 1025 00bd 0B        		.uleb128 0xb
 1026 00be 39        		.uleb128 0x39
 1027 00bf 0B        		.uleb128 0xb
 1028 00c0 49        		.uleb128 0x49
 1029 00c1 13        		.uleb128 0x13
 1030 00c2 0B        		.uleb128 0xb
 1031 00c3 0B        		.uleb128 0xb
 1032 00c4 0D        		.uleb128 0xd
 1033 00c5 0B        		.uleb128 0xb
 1034 00c6 0C        		.uleb128 0xc
 1035 00c7 0B        		.uleb128 0xb
 1036 00c8 38        		.uleb128 0x38
 1037 00c9 0A        		.uleb128 0xa
 1038 00ca 00        		.byte	0
 1039 00cb 00        		.byte	0
 1040 00cc 11        		.uleb128 0x11
 1041 00cd 04        		.uleb128 0x4
 1042 00ce 01        		.byte	0x1
 1043 00cf 3E        		.uleb128 0x3e
 1044 00d0 0B        		.uleb128 0xb
 1045 00d1 0B        		.uleb128 0xb
 1046 00d2 0B        		.uleb128 0xb
 1047 00d3 49        		.uleb128 0x49
 1048 00d4 13        		.uleb128 0x13
 1049 00d5 3A        		.uleb128 0x3a
 1050 00d6 0B        		.uleb128 0xb
 1051 00d7 3B        		.uleb128 0x3b
 1052 00d8 0B        		.uleb128 0xb
 1053 00d9 39        		.uleb128 0x39
 1054 00da 0B        		.uleb128 0xb
 1055 00db 01        		.uleb128 0x1
 1056 00dc 13        		.uleb128 0x13
 1057 00dd 00        		.byte	0
 1058 00de 00        		.byte	0
 1059 00df 12        		.uleb128 0x12
 1060 00e0 28        		.uleb128 0x28
 1061 00e1 00        		.byte	0
 1062 00e2 03        		.uleb128 0x3
 1063 00e3 0E        		.uleb128 0xe
 1064 00e4 1C        		.uleb128 0x1c
 1065 00e5 0B        		.uleb128 0xb
 1066 00e6 00        		.byte	0
 1067 00e7 00        		.byte	0
 1068 00e8 13        		.uleb128 0x13
 1069 00e9 04        		.uleb128 0x4
 1070 00ea 01        		.byte	0x1
 1071 00eb 03        		.uleb128 0x3
 1072 00ec 0E        		.uleb128 0xe
 1073 00ed 3E        		.uleb128 0x3e
 1074 00ee 0B        		.uleb128 0xb
 1075 00ef 0B        		.uleb128 0xb
 1076 00f0 0B        		.uleb128 0xb
 1077 00f1 49        		.uleb128 0x49
 1078 00f2 13        		.uleb128 0x13
 1079 00f3 3A        		.uleb128 0x3a
 1080 00f4 0B        		.uleb128 0xb
 1081 00f5 3B        		.uleb128 0x3b
 1082 00f6 0B        		.uleb128 0xb
 1083 00f7 39        		.uleb128 0x39
 1084 00f8 0B        		.uleb128 0xb
 1085 00f9 01        		.uleb128 0x1
 1086 00fa 13        		.uleb128 0x13
 1087 00fb 00        		.byte	0
 1088 00fc 00        		.byte	0
 1089 00fd 14        		.uleb128 0x14
 1090 00fe 21        		.uleb128 0x21
 1091 00ff 00        		.byte	0
 1092 0100 00        		.byte	0
 1093 0101 00        		.byte	0
 1094 0102 15        		.uleb128 0x15
 1095 0103 34        		.uleb128 0x34
 1096 0104 00        		.byte	0
 1097 0105 03        		.uleb128 0x3
 1098 0106 0E        		.uleb128 0xe
 1099 0107 3A        		.uleb128 0x3a
 1100 0108 0B        		.uleb128 0xb
 1101 0109 3B        		.uleb128 0x3b
 1102 010a 05        		.uleb128 0x5
 1103 010b 39        		.uleb128 0x39
 1104 010c 0B        		.uleb128 0xb
 1105 010d 49        		.uleb128 0x49
 1106 010e 13        		.uleb128 0x13
 1107 010f 3F        		.uleb128 0x3f
 1108 0110 0C        		.uleb128 0xc
 1109 0111 3C        		.uleb128 0x3c
 1110 0112 0C        		.uleb128 0xc
 1111 0113 00        		.byte	0
 1112 0114 00        		.byte	0
 1113 0115 00        		.byte	0
 1114               		.section	.gnu.debuglto_.debug_line,"",@progbits
 1115               	.Ldebug_line0:
 1116 0000 5E01 0000 		.long	.LELT0-.LSLT0
 1117               	.LSLT0:
 1118 0004 0200      		.word	0x2
 1119 0006 5801 0000 		.long	.LELTP0-.LASLTP0
 1120               	.LASLTP0:
 1121 000a 01        		.byte	0x1
 1122 000b 01        		.byte	0x1
 1123 000c F6        		.byte	0xf6
 1124 000d F2        		.byte	0xf2
 1125 000e 0D        		.byte	0xd
 1126 000f 00        		.byte	0
 1127 0010 01        		.byte	0x1
 1128 0011 01        		.byte	0x1
 1129 0012 01        		.byte	0x1
 1130 0013 01        		.byte	0x1
 1131 0014 00        		.byte	0
 1132 0015 00        		.byte	0
 1133 0016 00        		.byte	0
 1134 0017 01        		.byte	0x1
 1135 0018 00        		.byte	0
 1136 0019 00        		.byte	0
 1137 001a 01        		.byte	0x1
 1138 001b 653A 5C67 		.ascii	"e:\\game\\msys2\\mingw64\\avr\\include"
 1138      616D 655C 
 1138      6D73 7973 
 1138      325C 6D69 
 1138      6E67 7736 
 1139 003c 00        		.byte	0
 1140 003d 653A 5C67 		.ascii	"e:\\game\\msys2\\mingw64\\lib\\gcc\\avr\\8.4.0\\include"
 1140      616D 655C 
 1140      6D73 7973 
 1140      325C 6D69 
 1140      6E67 7736 
 1141 006c 00        		.byte	0
 1142 006d 746D 6B5F 		.ascii	"tmk_core/common"
 1142      636F 7265 
 1142      2F63 6F6D 
 1142      6D6F 6E
 1143 007c 00        		.byte	0
 1144 007d 7175 616E 		.ascii	"quantum"
 1144      7475 6D
 1145 0084 00        		.byte	0
 1146 0085 7175 616E 		.ascii	"quantum/sequencer"
 1146      7475 6D2F 
 1146      7365 7175 
 1146      656E 6365 
 1146      72
 1147 0096 00        		.byte	0
 1148 0097 00        		.byte	0
 1149 0098 7374 6469 		.string	"stdint.h"
 1149      6E74 2E68 
 1149      00
 1150 00a1 01        		.uleb128 0x1
 1151 00a2 00        		.uleb128 0
 1152 00a3 00        		.uleb128 0
 1153 00a4 7374 6464 		.string	"stddef.h"
 1153      6566 2E68 
 1153      00
 1154 00ad 02        		.uleb128 0x2
 1155 00ae 00        		.uleb128 0
 1156 00af 00        		.uleb128 0
 1157 00b0 7265 706F 		.string	"report.h"
 1157      7274 2E68 
 1157      00
 1158 00b9 03        		.uleb128 0x3
 1159 00ba 00        		.uleb128 0
 1160 00bb 00        		.uleb128 0
 1161 00bc 6163 7469 		.string	"action.h"
 1161      6F6E 2E68 
 1161      00
 1162 00c5 03        		.uleb128 0x3
 1163 00c6 00        		.uleb128 0
 1164 00c7 00        		.uleb128 0
 1165 00c8 686F 7374 		.string	"host.h"
 1165      2E68 00
 1166 00cf 03        		.uleb128 0x3
 1167 00d0 00        		.uleb128 0
 1168 00d1 00        		.uleb128 0
 1169 00d2 6465 6275 		.string	"debug.h"
 1169      672E 6800 
 1170 00da 03        		.uleb128 0x3
 1171 00db 00        		.uleb128 0
 1172 00dc 00        		.uleb128 0
 1173 00dd 6B65 7963 		.string	"keycode_config.h"
 1173      6F64 655F 
 1173      636F 6E66 
 1173      6967 2E68 
 1173      00
 1174 00ee 04        		.uleb128 0x4
 1175 00ef 00        		.uleb128 0
 1176 00f0 00        		.uleb128 0
 1177 00f1 7469 6D65 		.string	"timer.h"
 1177      722E 6800 
 1178 00f9 03        		.uleb128 0x3
 1179 00fa 00        		.uleb128 0
 1180 00fb 00        		.uleb128 0
 1181 00fc 7365 7175 		.string	"sequencer/sequencer.h"
 1181      656E 6365 
 1181      722F 7365 
 1181      7175 656E 
 1181      6365 722E 
 1182 0112 04        		.uleb128 0x4
 1183 0113 00        		.uleb128 0
 1184 0114 00        		.uleb128 0
 1185 0115 6B65 796D 		.string	"keymap.h"
 1185      6170 2E68 
 1185      00
 1186 011e 04        		.uleb128 0x4
 1187 011f 00        		.uleb128 0
 1188 0120 00        		.uleb128 0
 1189 0121 6163 7469 		.string	"action_layer.h"
 1189      6F6E 5F6C 
 1189      6179 6572 
 1189      2E68 00
 1190 0130 03        		.uleb128 0x3
 1191 0131 00        		.uleb128 0
 1192 0132 00        		.uleb128 0
 1193 0133 6163 7469 		.string	"action_util.h"
 1193      6F6E 5F75 
 1193      7469 6C2E 
 1193      6800 
 1194 0141 03        		.uleb128 0x3
 1195 0142 00        		.uleb128 0
 1196 0143 00        		.uleb128 0
 1197 0144 7365 6E64 		.string	"send_string.h"
 1197      5F73 7472 
 1197      696E 672E 
 1197      6800 
 1198 0152 04        		.uleb128 0x4
 1199 0153 00        		.uleb128 0
 1200 0154 00        		.uleb128 0
 1201 0155 7374 646C 		.string	"stdlib.h"
 1201      6962 2E68 
 1201      00
 1202 015e 01        		.uleb128 0x1
 1203 015f 00        		.uleb128 0
 1204 0160 00        		.uleb128 0
 1205 0161 00        		.byte	0
 1206               	.LELTP0:
 1207               	.LELT0:
 1208               		.section	.gnu.debuglto_.debug_str,"MS",@progbits,1
 1209               	.LASF59:
 1210 0000 7365 7175 		.string	"sequencer_phase_t"
 1210      656E 6365 
 1210      725F 7068 
 1210      6173 655F 
 1210      7400 
 1211               	.LASF19:
 1212 0012 656E 6162 		.string	"enable"
 1212      6C65 00
 1213               	.LASF78:
 1214 0019 5F5F 6D61 		.string	"__malloc_margin"
 1214      6C6C 6F63 
 1214      5F6D 6172 
 1214      6769 6E00 
 1215               	.LASF10:
 1216 0029 7369 7A65 		.string	"size_t"
 1216      5F74 00
 1217               	.LASF79:
 1218 0030 5F5F 6D61 		.string	"__malloc_heap_start"
 1218      6C6C 6F63 
 1218      5F68 6561 
 1218      705F 7374 
 1218      6172 7400 
 1219               	.LASF53:
 1220 0044 7465 6D70 		.string	"tempo"
 1220      6F00 
 1221               	.LASF64:
 1222 004a 7068 6173 		.string	"phase"
 1222      6500 
 1223               	.LASF8:
 1224 0050 6C6F 6E67 		.string	"long long int"
 1224      206C 6F6E 
 1224      6720 696E 
 1224      7400 
 1225               	.LASF23:
 1226 005e 6465 6275 		.string	"debug_config_t"
 1226      675F 636F 
 1226      6E66 6967 
 1226      5F74 00
 1227               	.LASF35:
 1228 006d 6F6E 6573 		.string	"oneshot_disable"
 1228      686F 745F 
 1228      6469 7361 
 1228      626C 6500 
 1229               	.LASF70:
 1230 007d 6C61 7965 		.string	"layer_state_t"
 1230      725F 7374 
 1230      6174 655F 
 1230      7400 
 1231               	.LASF38:
 1232 008b 7469 6D65 		.string	"timer_count"
 1232      725F 636F 
 1232      756E 7400 
 1233               	.LASF12:
 1234 0097 6D6F 6473 		.string	"mods"
 1234      00
 1235               	.LASF82:
 1236 009c 474E 5520 		.string	"GNU C99 8.4.0 -mn-flash=1 -mno-skip-bug -mmcu=avr5 -gdwarf-2 -Os -std=gnu99 -funsigned-ch
 1236      4339 3920 
 1236      382E 342E 
 1236      3020 2D6D 
 1236      6E2D 666C 
 1237               	.LASF2:
 1238 018d 7569 6E74 		.string	"uint8_t"
 1238      385F 7400 
 1239               	.LASF63:
 1240 0195 7469 6D65 		.string	"timer"
 1240      7200 
 1241               	.LASF15:
 1242 019b 7265 706F 		.string	"report_keyboard_t"
 1242      7274 5F6B 
 1242      6579 626F 
 1242      6172 645F 
 1242      7400 
 1243               	.LASF36:
 1244 01ad 6B65 796D 		.string	"keymap_config_t"
 1244      6170 5F63 
 1244      6F6E 6669 
 1244      675F 7400 
 1245               	.LASF60:
 1246 01bd 6163 7469 		.string	"active_tracks"
 1246      7665 5F74 
 1246      7261 636B 
 1246      7300 
 1247               	.LASF75:
 1248 01cb 6173 6369 		.string	"ascii_to_altgr_lut"
 1248      695F 746F 
 1248      5F61 6C74 
 1248      6772 5F6C 
 1248      7574 00
 1249               	.LASF83:
 1250 01de 6B65 7962 		.string	"keyboards/lagom/lagom.c"
 1250      6F61 7264 
 1250      732F 6C61 
 1250      676F 6D2F 
 1250      6C61 676F 
 1251               	.LASF48:
 1252 01f6 5345 5155 		.string	"SEQUENCER_RESOLUTIONS"
 1252      454E 4345 
 1252      525F 5245 
 1252      534F 4C55 
 1252      5449 4F4E 
 1253               	.LASF27:
 1254 020c 7377 6170 		.string	"swap_lalt_lgui"
 1254      5F6C 616C 
 1254      745F 6C67 
 1254      7569 00
 1255               	.LASF66:
 1256 021b 7365 7175 		.string	"sequencer_config"
 1256      656E 6365 
 1256      725F 636F 
 1256      6E66 6967 
 1256      00
 1257               	.LASF31:
 1258 022c 7377 6170 		.string	"swap_backslash_backspace"
 1258      5F62 6163 
 1258      6B73 6C61 
 1258      7368 5F62 
 1258      6163 6B73 
 1259               	.LASF40:
 1260 0245 5351 5F52 		.string	"SQ_RES_2T"
 1260      4553 5F32 
 1260      5400 
 1261               	.LASF57:
 1262 024f 5345 5155 		.string	"SEQUENCER_PHASE_RELEASE"
 1262      454E 4345 
 1262      525F 5048 
 1262      4153 455F 
 1262      5245 4C45 
 1263               	.LASF84:
 1264 0267 443A 5C44 		.string	"D:\\Download\\vial-qmk"
 1264      6F77 6E6C 
 1264      6F61 645C 
 1264      7669 616C 
 1264      2D71 6D6B 
 1265               	.LASF5:
 1266 027c 6C6F 6E67 		.string	"long int"
 1266      2069 6E74 
 1266      00
 1267               	.LASF61:
 1268 0285 6375 7272 		.string	"current_track"
 1268      656E 745F 
 1268      7472 6163 
 1268      6B00 
 1269               	.LASF30:
 1270 0293 7377 6170 		.string	"swap_grave_esc"
 1270      5F67 7261 
 1270      7665 5F65 
 1270      7363 00
 1271               	.LASF56:
 1272 02a2 5345 5155 		.string	"SEQUENCER_PHASE_ATTACK"
 1272      454E 4345 
 1272      525F 5048 
 1272      4153 455F 
 1272      4154 5441 
 1273               	.LASF26:
 1274 02b9 6361 7073 		.string	"capslock_to_control"
 1274      6C6F 636B 
 1274      5F74 6F5F 
 1274      636F 6E74 
 1274      726F 6C00 
 1275               	.LASF46:
 1276 02cd 5351 5F52 		.string	"SQ_RES_16T"
 1276      4553 5F31 
 1276      3654 00
 1277               	.LASF47:
 1278 02d8 5351 5F52 		.string	"SQ_RES_32"
 1278      4553 5F33 
 1278      3200 
 1279               	.LASF62:
 1280 02e2 6375 7272 		.string	"current_step"
 1280      656E 745F 
 1280      7374 6570 
 1280      00
 1281               	.LASF49:
 1282 02ef 7365 7175 		.string	"sequencer_resolution_t"
 1282      656E 6365 
 1282      725F 7265 
 1282      736F 6C75 
 1282      7469 6F6E 
 1283               	.LASF14:
 1284 0306 6B65 7973 		.string	"keys"
 1284      00
 1285               	.LASF1:
 1286 030b 756E 7369 		.string	"unsigned char"
 1286      676E 6564 
 1286      2063 6861 
 1286      7200 
 1287               	.LASF17:
 1288 0319 6B65 7962 		.string	"keyboard_idle"
 1288      6F61 7264 
 1288      5F69 646C 
 1288      6500 
 1289               	.LASF0:
 1290 0327 7369 676E 		.string	"signed char"
 1290      6564 2063 
 1290      6861 7200 
 1291               	.LASF9:
 1292 0333 6C6F 6E67 		.string	"long long unsigned int"
 1292      206C 6F6E 
 1292      6720 756E 
 1292      7369 676E 
 1292      6564 2069 
 1293               	.LASF6:
 1294 034a 7569 6E74 		.string	"uint32_t"
 1294      3332 5F74 
 1294      00
 1295               	.LASF4:
 1296 0353 756E 7369 		.string	"unsigned int"
 1296      676E 6564 
 1296      2069 6E74 
 1296      00
 1297               	.LASF3:
 1298 0360 7569 6E74 		.string	"uint16_t"
 1298      3136 5F74 
 1298      00
 1299               	.LASF67:
 1300 0369 7365 7175 		.string	"sequencer_internal_state"
 1300      656E 6365 
 1300      725F 696E 
 1300      7465 726E 
 1300      616C 5F73 
 1301               	.LASF39:
 1302 0382 5351 5F52 		.string	"SQ_RES_2"
 1302      4553 5F32 
 1302      00
 1303               	.LASF22:
 1304 038b 6D6F 7573 		.string	"mouse"
 1304      6500 
 1305               	.LASF41:
 1306 0391 5351 5F52 		.string	"SQ_RES_4"
 1306      4553 5F34 
 1306      00
 1307               	.LASF51:
 1308 039a 7374 6570 		.string	"steps"
 1308      7300 
 1309               	.LASF43:
 1310 03a0 5351 5F52 		.string	"SQ_RES_8"
 1310      4553 5F38 
 1310      00
 1311               	.LASF69:
 1312 03a9 666E 5F61 		.string	"fn_actions"
 1312      6374 696F 
 1312      6E73 00
 1313               	.LASF71:
 1314 03b4 6465 6661 		.string	"default_layer_state"
 1314      756C 745F 
 1314      6C61 7965 
 1314      725F 7374 
 1314      6174 6500 
 1315               	.LASF80:
 1316 03c8 6368 6172 		.string	"char"
 1316      00
 1317               	.LASF18:
 1318 03cd 6B65 7962 		.string	"keyboard_protocol"
 1318      6F61 7264 
 1318      5F70 726F 
 1318      746F 636F 
 1318      6C00 
 1319               	.LASF21:
 1320 03df 6B65 7962 		.string	"keyboard"
 1320      6F61 7264 
 1320      00
 1321               	.LASF76:
 1322 03e8 6173 6369 		.string	"ascii_to_dead_lut"
 1322      695F 746F 
 1322      5F64 6561 
 1322      645F 6C75 
 1322      7400 
 1323               	.LASF34:
 1324 03fa 7377 6170 		.string	"swap_rctl_rgui"
 1324      5F72 6374 
 1324      6C5F 7267 
 1324      7569 00
 1325               	.LASF54:
 1326 0409 7265 736F 		.string	"resolution"
 1326      6C75 7469 
 1326      6F6E 00
 1327               	.LASF58:
 1328 0414 5345 5155 		.string	"SEQUENCER_PHASE_PAUSE"
 1328      454E 4345 
 1328      525F 5048 
 1328      4153 455F 
 1328      5041 5553 
 1329               	.LASF68:
 1330 042a 6B65 796D 		.string	"keymaps"
 1330      6170 7300 
 1331               	.LASF11:
 1332 0432 5F42 6F6F 		.string	"_Bool"
 1332      6C00 
 1333               	.LASF37:
 1334 0438 6B65 796D 		.string	"keymap_config"
 1334      6170 5F63 
 1334      6F6E 6669 
 1334      6700 
 1335               	.LASF16:
 1336 0446 6469 7361 		.string	"disable_action_cache"
 1336      626C 655F 
 1336      6163 7469 
 1336      6F6E 5F63 
 1336      6163 6865 
 1337               	.LASF7:
 1338 045b 6C6F 6E67 		.string	"long unsigned int"
 1338      2075 6E73 
 1338      6967 6E65 
 1338      6420 696E 
 1338      7400 
 1339               	.LASF28:
 1340 046d 7377 6170 		.string	"swap_ralt_rgui"
 1340      5F72 616C 
 1340      745F 7267 
 1340      7569 00
 1341               	.LASF74:
 1342 047c 6173 6369 		.string	"ascii_to_shift_lut"
 1342      695F 746F 
 1342      5F73 6869 
 1342      6674 5F6C 
 1342      7574 00
 1343               	.LASF65:
 1344 048f 7365 7175 		.string	"sequencer_state_t"
 1344      656E 6365 
 1344      725F 7374 
 1344      6174 655F 
 1344      7400 
 1345               	.LASF55:
 1346 04a1 7365 7175 		.string	"sequencer_config_t"
 1346      656E 6365 
 1346      725F 636F 
 1346      6E66 6967 
 1346      5F74 00
 1347               	.LASF50:
 1348 04b4 656E 6162 		.string	"enabled"
 1348      6C65 6400 
 1349               	.LASF81:
 1350 04bc 5F5F 6D61 		.string	"__malloc_heap_end"
 1350      6C6C 6F63 
 1350      5F68 6561 
 1350      705F 656E 
 1350      6400 
 1351               	.LASF24:
 1352 04ce 6465 6275 		.string	"debug_config"
 1352      675F 636F 
 1352      6E66 6967 
 1352      00
 1353               	.LASF29:
 1354 04db 6E6F 5F67 		.string	"no_gui"
 1354      7569 00
 1355               	.LASF42:
 1356 04e2 5351 5F52 		.string	"SQ_RES_4T"
 1356      4553 5F34 
 1356      5400 
 1357               	.LASF25:
 1358 04ec 7377 6170 		.string	"swap_control_capslock"
 1358      5F63 6F6E 
 1358      7472 6F6C 
 1358      5F63 6170 
 1358      736C 6F63 
 1359               	.LASF33:
 1360 0502 7377 6170 		.string	"swap_lctl_lgui"
 1360      5F6C 6374 
 1360      6C5F 6C67 
 1360      7569 00
 1361               	.LASF77:
 1362 0511 6173 6369 		.string	"ascii_to_keycode_lut"
 1362      695F 746F 
 1362      5F6B 6579 
 1362      636F 6465 
 1362      5F6C 7574 
 1363               	.LASF44:
 1364 0526 5351 5F52 		.string	"SQ_RES_8T"
 1364      4553 5F38 
 1364      5400 
 1365               	.LASF32:
 1366 0530 6E6B 726F 		.string	"nkro"
 1366      00
 1367               	.LASF45:
 1368 0535 5351 5F52 		.string	"SQ_RES_16"
 1368      4553 5F31 
 1368      3600 
 1369               	.LASF73:
 1370 053f 6B65 7962 		.string	"keyboard_report"
 1370      6F61 7264 
 1370      5F72 6570 
 1370      6F72 7400 
 1371               	.LASF13:
 1372 054f 7265 7365 		.string	"reserved"
 1372      7276 6564 
 1372      00
 1373               	.LASF72:
 1374 0558 6C61 7965 		.string	"layer_state"
 1374      725F 7374 
 1374      6174 6500 
 1375               	.LASF20:
 1376 0564 6D61 7472 		.string	"matrix"
 1376      6978 00
 1377               	.LASF52:
 1378 056b 7472 6163 		.string	"track_notes"
 1378      6B5F 6E6F 
 1378      7465 7300 
 1379               		.text
 1380               		.section	.gnu.lto_.profile.61e8a4a8,"",@progbits
 1381 0000 789C 6367 		.string	"x\234cg`f`d"
 1381      6066 6064 
 1381      00
 1382 0009 0200      		.string	"\002"
 1383 000b 00        		.string	""
 1384 000c 6200      		.string	"b"
 1385 000e 0C        		.ascii	"\f"
 1386               		.text
 1387               		.section	.gnu.lto_.icf.61e8a4a8,"",@progbits
 1388 0000 789C 6367 		.string	"x\234cg`f`b@\006"
 1388      6066 6062 
 1388      4006 00
 1389 000b 00        		.string	""
 1390 000c DC00      		.string	"\334"
 1391 000e 0D        		.ascii	"\r"
 1392               		.text
 1393               		.section	.gnu.lto_.jmpfuncs.61e8a4a8,"",@progbits
 1394 0000 789C 6367 		.string	"x\234cg`f`b@\006"
 1394      6066 6062 
 1394      4006 00
 1395 000b 00        		.string	""
 1396 000c DC00      		.string	"\334"
 1397 000e 0D        		.ascii	"\r"
 1398               		.text
 1399               		.section	.gnu.lto_.inline.61e8a4a8,"",@progbits
 1400 0000 789C 6367 		.string	"x\234cg`f`b@\006"
 1400      6066 6062 
 1400      4006 00
 1401 000b 00        		.string	""
 1402 000c DC00      		.string	"\334"
 1403 000e 0D        		.ascii	"\r"
 1404               		.text
 1405               		.section	.gnu.lto_.pureconst.61e8a4a8,"",@progbits
 1406 0000 789C 6367 		.string	"x\234cg`f`d"
 1406      6066 6064 
 1406      00
 1407 0009 0200      		.string	"\002"
 1408 000b 00        		.string	""
 1409 000c 6200      		.string	"b"
 1410 000e 0C        		.ascii	"\f"
 1411               		.text
 1412               		.section	.gnu.lto_.symbol_nodes.61e8a4a8,"",@progbits
 1413 0000 789C 6367 		.string	"x\234cg`f`b"
 1413      6066 6062 
 1413      00
 1414 0009 0100      		.string	"\001"
 1415 000b 00        		.string	""
 1416 000c 7400      		.string	"t"
 1417 000e 0D        		.ascii	"\r"
 1418               		.text
 1419               		.section	.gnu.lto_.refs.61e8a4a8,"",@progbits
 1420 0000 789C 6367 		.string	"x\234cg`f`d"
 1420      6066 6064 
 1420      00
 1421 0009 0200      		.string	"\002"
 1422 000b 00        		.string	""
 1423 000c 6200      		.string	"b"
 1424 000e 0C        		.ascii	"\f"
 1425               		.text
 1426               		.section	.gnu.lto_.decls.61e8a4a8,"",@progbits
 1427 0000 789C 6367 		.string	"x\234cg`f"
 1427      6066 00
 1428 0007 0146 2056 		.string	"\001F V\001\342\377@"
 1428      01E2 FF40 
 1428      00
 1429 0010 625F 6420 		.string	"b_d "
 1429      00
 1430 0015 00        		.string	""
 1431 0016 C16A 04FE 		.ascii	"\301j\004\376"
 1432               		.text
 1433               		.section	.gnu.lto_.symtab.61e8a4a8,"",@progbits
 1434               		.text
 1435               		.section	.gnu.lto_.opts,"",@progbits
 1436 0000 272D 666E 		.ascii	"'-fn"
 1437 0004 6F2D 6F70 		.string	"o-openmp' '-fno-openacc' '-fno-pie' '-mn-flash=1' '-mno-skip-bug' '-mmcu=avr5' '-Os' '-We
 1437      656E 6D70 
 1437      2720 272D 
 1437      666E 6F2D 
 1437      6F70 656E 
 1438               		.text
 1439               		.comm	__gnu_lto_v1,1,1
 1440               		.comm	__gnu_lto_slim,1,1
 1441               		.ident	"GCC: (GNU) 8.4.0"
DEFINED SYMBOLS
                            *ABS*:0000000000000000 lagom.c
C:\Users\Roningo\AppData\Local\Temp\ccr5DCyK.s:2      *ABS*:000000000000003e __SP_H__
C:\Users\Roningo\AppData\Local\Temp\ccr5DCyK.s:3      *ABS*:000000000000003d __SP_L__
C:\Users\Roningo\AppData\Local\Temp\ccr5DCyK.s:4      *ABS*:000000000000003f __SREG__
C:\Users\Roningo\AppData\Local\Temp\ccr5DCyK.s:5      *ABS*:0000000000000000 __tmp_reg__
C:\Users\Roningo\AppData\Local\Temp\ccr5DCyK.s:6      *ABS*:0000000000000001 __zero_reg__
C:\Users\Roningo\AppData\Local\Temp\ccr5DCyK.s:25     .gnu.debuglto_.debug_info:0000000000000000 lagom.c.093fff61
                            *COM*:0000000000000001 __gnu_lto_v1
                            *COM*:0000000000000001 __gnu_lto_slim

NO UNDEFINED SYMBOLS
