   1               		.file	"damapad.c"
   2               	__SP_H__ = 0x3e
   3               	__SP_L__ = 0x3d
   4               	__SREG__ = 0x3f
   5               	__tmp_reg__ = 0
   6               	__zero_reg__ = 1
   7               		.file 1 "e:\\game\\msys2\\mingw64\\avr\\include\\stdint.h"
   8               		.file 2 "e:\\game\\msys2\\mingw64\\lib\\gcc\\avr\\8.4.0\\include\\stddef.h"
   9               		.file 3 "tmk_core/common/keyboard.h"
  10               		.file 4 "tmk_core/common/action.h"
  11               		.file 5 "lib/lufa/LUFA/Drivers/USB/Core/AVR8/../StdRequestType.h"
  12               		.file 6 "lib/lufa/LUFA/Drivers/USB/Core/AVR8/../DeviceStandardReq.h"
  13               		.file 7 "lib/lufa/LUFA/Drivers/USB/Core/USBTask.h"
  14               		.file 8 "lib/lufa/LUFA/Drivers/USB/Core/HostStandardReq.h"
  15               		.file 9 "e:\\game\\msys2\\mingw64\\avr\\include\\stdio.h"
  16               		.file 10 "tmk_core/common/report.h"
  17               		.file 11 "tmk_core/common/host.h"
  18               		.file 12 "tmk_core/common/debug.h"
  19               		.file 13 "quantum/keycode_config.h"
  20               		.file 14 "tmk_core/common/timer.h"
  21               		.file 15 "quantum/sequencer/sequencer.h"
  22               		.file 16 "quantum/keymap.h"
  23               		.file 17 "tmk_core/common/action_layer.h"
  24               		.file 18 "tmk_core/common/action_util.h"
  25               		.file 19 "quantum/send_string.h"
  26               		.file 20 "e:\\game\\msys2\\mingw64\\avr\\include\\stdlib.h"
  27               		.file 21 "keyboards/damapad/damapad.c"
  28               		.section	.gnu.debuglto_.debug_info,"",@progbits
  29               	.Ldebug_info0:
  30               		.hidden	damapad.c.1b288ff4
  31               		.weak	damapad.c.1b288ff4
  32               	damapad.c.1b288ff4:
  33 0000 ED08 0000 		.long	0x8ed
  34 0004 0200      		.word	0x2
  35 0006 0000 0000 		.long	.Ldebug_abbrev0
  36 000a 04        		.byte	0x4
  37 000b 01        		.uleb128 0x1
  38 000c 0000 0000 		.long	.LASF118
  39 0010 0C        		.byte	0xc
  40 0011 0000 0000 		.long	.LASF119
  41 0015 0000 0000 		.long	.LASF120
  42 0019 0000 0000 		.long	.Ldebug_line0
  43 001d 02        		.uleb128 0x2
  44 001e 01        		.byte	0x1
  45 001f 06        		.byte	0x6
  46 0020 0000 0000 		.long	.LASF0
  47 0024 03        		.uleb128 0x3
  48 0025 0000 0000 		.long	.LASF2
  49 0029 01        		.byte	0x1
  50 002a 7E        		.byte	0x7e
  51 002b 16        		.byte	0x16
  52 002c 3A00 0000 		.long	0x3a
  53 0030 04        		.uleb128 0x4
  54 0031 2400 0000 		.long	0x24
  55 0035 05        		.uleb128 0x5
  56 0036 2400 0000 		.long	0x24
  57 003a 02        		.uleb128 0x2
  58 003b 01        		.byte	0x1
  59 003c 08        		.byte	0x8
  60 003d 0000 0000 		.long	.LASF1
  61 0041 06        		.uleb128 0x6
  62 0042 02        		.byte	0x2
  63 0043 05        		.byte	0x5
  64 0044 696E 7400 		.string	"int"
  65 0048 03        		.uleb128 0x3
  66 0049 0000 0000 		.long	.LASF3
  67 004d 01        		.byte	0x1
  68 004e 80        		.byte	0x80
  69 004f 16        		.byte	0x16
  70 0050 5900 0000 		.long	0x59
  71 0054 05        		.uleb128 0x5
  72 0055 4800 0000 		.long	0x48
  73 0059 02        		.uleb128 0x2
  74 005a 02        		.byte	0x2
  75 005b 07        		.byte	0x7
  76 005c 0000 0000 		.long	.LASF4
  77 0060 02        		.uleb128 0x2
  78 0061 04        		.byte	0x4
  79 0062 05        		.byte	0x5
  80 0063 0000 0000 		.long	.LASF5
  81 0067 03        		.uleb128 0x3
  82 0068 0000 0000 		.long	.LASF6
  83 006c 01        		.byte	0x1
  84 006d 82        		.byte	0x82
  85 006e 16        		.byte	0x16
  86 006f 7800 0000 		.long	0x78
  87 0073 04        		.uleb128 0x4
  88 0074 6700 0000 		.long	0x67
  89 0078 02        		.uleb128 0x2
  90 0079 04        		.byte	0x4
  91 007a 07        		.byte	0x7
  92 007b 0000 0000 		.long	.LASF7
  93 007f 02        		.uleb128 0x2
  94 0080 08        		.byte	0x8
  95 0081 05        		.byte	0x5
  96 0082 0000 0000 		.long	.LASF8
  97 0086 02        		.uleb128 0x2
  98 0087 08        		.byte	0x8
  99 0088 07        		.byte	0x7
 100 0089 0000 0000 		.long	.LASF9
 101 008d 03        		.uleb128 0x3
 102 008e 0000 0000 		.long	.LASF10
 103 0092 02        		.byte	0x2
 104 0093 D8        		.byte	0xd8
 105 0094 17        		.byte	0x17
 106 0095 5900 0000 		.long	0x59
 107 0099 07        		.uleb128 0x7
 108 009a 02        		.byte	0x2
 109 009b 03        		.byte	0x3
 110 009c 1C        		.byte	0x1c
 111 009d 09        		.byte	0x9
 112 009e C100 0000 		.long	0xc1
 113 00a2 08        		.uleb128 0x8
 114 00a3 636F 6C00 		.string	"col"
 115 00a7 03        		.byte	0x3
 116 00a8 1D        		.byte	0x1d
 117 00a9 0D        		.byte	0xd
 118 00aa 2400 0000 		.long	0x24
 119 00ae 02        		.byte	0x2
 120 00af 23        		.byte	0x23
 121 00b0 00        		.uleb128 0
 122 00b1 08        		.uleb128 0x8
 123 00b2 726F 7700 		.string	"row"
 124 00b6 03        		.byte	0x3
 125 00b7 1E        		.byte	0x1e
 126 00b8 0D        		.byte	0xd
 127 00b9 2400 0000 		.long	0x24
 128 00bd 02        		.byte	0x2
 129 00be 23        		.byte	0x23
 130 00bf 01        		.uleb128 0x1
 131 00c0 00        		.byte	0
 132 00c1 03        		.uleb128 0x3
 133 00c2 0000 0000 		.long	.LASF11
 134 00c6 03        		.byte	0x3
 135 00c7 1F        		.byte	0x1f
 136 00c8 03        		.byte	0x3
 137 00c9 9900 0000 		.long	0x99
 138 00cd 07        		.uleb128 0x7
 139 00ce 05        		.byte	0x5
 140 00cf 03        		.byte	0x3
 141 00d0 22        		.byte	0x22
 142 00d1 09        		.byte	0x9
 143 00d2 0401 0000 		.long	0x104
 144 00d6 08        		.uleb128 0x8
 145 00d7 6B65 7900 		.string	"key"
 146 00db 03        		.byte	0x3
 147 00dc 23        		.byte	0x23
 148 00dd 0E        		.byte	0xe
 149 00de C100 0000 		.long	0xc1
 150 00e2 02        		.byte	0x2
 151 00e3 23        		.byte	0x23
 152 00e4 00        		.uleb128 0
 153 00e5 09        		.uleb128 0x9
 154 00e6 0000 0000 		.long	.LASF12
 155 00ea 03        		.byte	0x3
 156 00eb 24        		.byte	0x24
 157 00ec 0E        		.byte	0xe
 158 00ed 0401 0000 		.long	0x104
 159 00f1 02        		.byte	0x2
 160 00f2 23        		.byte	0x23
 161 00f3 02        		.uleb128 0x2
 162 00f4 09        		.uleb128 0x9
 163 00f5 0000 0000 		.long	.LASF13
 164 00f9 03        		.byte	0x3
 165 00fa 25        		.byte	0x25
 166 00fb 0E        		.byte	0xe
 167 00fc 4800 0000 		.long	0x48
 168 0100 02        		.byte	0x2
 169 0101 23        		.byte	0x23
 170 0102 03        		.uleb128 0x3
 171 0103 00        		.byte	0
 172 0104 02        		.uleb128 0x2
 173 0105 01        		.byte	0x1
 174 0106 02        		.byte	0x2
 175 0107 0000 0000 		.long	.LASF14
 176 010b 04        		.uleb128 0x4
 177 010c 0401 0000 		.long	0x104
 178 0110 03        		.uleb128 0x3
 179 0111 0000 0000 		.long	.LASF15
 180 0115 03        		.byte	0x3
 181 0116 26        		.byte	0x26
 182 0117 03        		.byte	0x3
 183 0118 CD00 0000 		.long	0xcd
 184 011c 07        		.uleb128 0x7
 185 011d 01        		.byte	0x1
 186 011e 04        		.byte	0x4
 187 011f 2A        		.byte	0x2a
 188 0120 09        		.byte	0x9
 189 0121 8001 0000 		.long	0x180
 190 0125 0A        		.uleb128 0xa
 191 0126 0000 0000 		.long	.LASF16
 192 012a 04        		.byte	0x4
 193 012b 2B        		.byte	0x2b
 194 012c 0D        		.byte	0xd
 195 012d 0401 0000 		.long	0x104
 196 0131 01        		.byte	0x1
 197 0132 01        		.byte	0x1
 198 0133 07        		.byte	0x7
 199 0134 02        		.byte	0x2
 200 0135 23        		.byte	0x23
 201 0136 00        		.uleb128 0
 202 0137 0A        		.uleb128 0xa
 203 0138 0000 0000 		.long	.LASF17
 204 013c 04        		.byte	0x4
 205 013d 2C        		.byte	0x2c
 206 013e 0D        		.byte	0xd
 207 013f 0401 0000 		.long	0x104
 208 0143 01        		.byte	0x1
 209 0144 01        		.byte	0x1
 210 0145 06        		.byte	0x6
 211 0146 02        		.byte	0x2
 212 0147 23        		.byte	0x23
 213 0148 00        		.uleb128 0
 214 0149 0A        		.uleb128 0xa
 215 014a 0000 0000 		.long	.LASF18
 216 014e 04        		.byte	0x4
 217 014f 2D        		.byte	0x2d
 218 0150 0D        		.byte	0xd
 219 0151 0401 0000 		.long	0x104
 220 0155 01        		.byte	0x1
 221 0156 01        		.byte	0x1
 222 0157 05        		.byte	0x5
 223 0158 02        		.byte	0x2
 224 0159 23        		.byte	0x23
 225 015a 00        		.uleb128 0
 226 015b 0A        		.uleb128 0xa
 227 015c 0000 0000 		.long	.LASF19
 228 0160 04        		.byte	0x4
 229 0161 2E        		.byte	0x2e
 230 0162 0D        		.byte	0xd
 231 0163 0401 0000 		.long	0x104
 232 0167 01        		.byte	0x1
 233 0168 01        		.byte	0x1
 234 0169 04        		.byte	0x4
 235 016a 02        		.byte	0x2
 236 016b 23        		.byte	0x23
 237 016c 00        		.uleb128 0
 238 016d 0A        		.uleb128 0xa
 239 016e 0000 0000 		.long	.LASF20
 240 0172 04        		.byte	0x4
 241 0173 2F        		.byte	0x2f
 242 0174 0D        		.byte	0xd
 243 0175 2400 0000 		.long	0x24
 244 0179 01        		.byte	0x1
 245 017a 04        		.byte	0x4
 246 017b 00        		.byte	0
 247 017c 02        		.byte	0x2
 248 017d 23        		.byte	0x23
 249 017e 00        		.uleb128 0
 250 017f 00        		.byte	0
 251 0180 03        		.uleb128 0x3
 252 0181 0000 0000 		.long	.LASF21
 253 0185 04        		.byte	0x4
 254 0186 30        		.byte	0x30
 255 0187 03        		.byte	0x3
 256 0188 1C01 0000 		.long	0x11c
 257 018c 07        		.uleb128 0x7
 258 018d 06        		.byte	0x6
 259 018e 04        		.byte	0x4
 260 018f 33        		.byte	0x33
 261 0190 09        		.byte	0x9
 262 0191 B401 0000 		.long	0x1b4
 263 0195 09        		.uleb128 0x9
 264 0196 0000 0000 		.long	.LASF22
 265 019a 04        		.byte	0x4
 266 019b 34        		.byte	0x34
 267 019c 10        		.byte	0x10
 268 019d 1001 0000 		.long	0x110
 269 01a1 02        		.byte	0x2
 270 01a2 23        		.byte	0x23
 271 01a3 00        		.uleb128 0
 272 01a4 08        		.uleb128 0x8
 273 01a5 7461 7000 		.string	"tap"
 274 01a9 04        		.byte	0x4
 275 01aa 36        		.byte	0x36
 276 01ab 0B        		.byte	0xb
 277 01ac 8001 0000 		.long	0x180
 278 01b0 02        		.byte	0x2
 279 01b1 23        		.byte	0x23
 280 01b2 05        		.uleb128 0x5
 281 01b3 00        		.byte	0
 282 01b4 03        		.uleb128 0x3
 283 01b5 0000 0000 		.long	.LASF23
 284 01b9 04        		.byte	0x4
 285 01ba 38        		.byte	0x38
 286 01bb 03        		.byte	0x3
 287 01bc 8C01 0000 		.long	0x18c
 288 01c0 0B        		.uleb128 0xb
 289 01c1 0000 0000 		.long	.LASF30
 290 01c5 04        		.byte	0x4
 291 01c6 4B        		.byte	0x4b
 292 01c7 0D        		.byte	0xd
 293 01c8 0401 0000 		.long	0x104
 294 01cc 01        		.byte	0x1
 295 01cd 01        		.byte	0x1
 296 01ce 07        		.uleb128 0x7
 297 01cf 08        		.byte	0x8
 298 01d0 05        		.byte	0x5
 299 01d1 A3        		.byte	0xa3
 300 01d2 0C        		.byte	0xc
 301 01d3 2302 0000 		.long	0x223
 302 01d7 09        		.uleb128 0x9
 303 01d8 0000 0000 		.long	.LASF24
 304 01dc 05        		.byte	0x5
 305 01dd A5        		.byte	0xa5
 306 01de 0E        		.byte	0xe
 307 01df 2400 0000 		.long	0x24
 308 01e3 02        		.byte	0x2
 309 01e4 23        		.byte	0x23
 310 01e5 00        		.uleb128 0
 311 01e6 09        		.uleb128 0x9
 312 01e7 0000 0000 		.long	.LASF25
 313 01eb 05        		.byte	0x5
 314 01ec A6        		.byte	0xa6
 315 01ed 0E        		.byte	0xe
 316 01ee 2400 0000 		.long	0x24
 317 01f2 02        		.byte	0x2
 318 01f3 23        		.byte	0x23
 319 01f4 01        		.uleb128 0x1
 320 01f5 09        		.uleb128 0x9
 321 01f6 0000 0000 		.long	.LASF26
 322 01fa 05        		.byte	0x5
 323 01fb A7        		.byte	0xa7
 324 01fc 0E        		.byte	0xe
 325 01fd 4800 0000 		.long	0x48
 326 0201 02        		.byte	0x2
 327 0202 23        		.byte	0x23
 328 0203 02        		.uleb128 0x2
 329 0204 09        		.uleb128 0x9
 330 0205 0000 0000 		.long	.LASF27
 331 0209 05        		.byte	0x5
 332 020a A8        		.byte	0xa8
 333 020b 0E        		.byte	0xe
 334 020c 4800 0000 		.long	0x48
 335 0210 02        		.byte	0x2
 336 0211 23        		.byte	0x23
 337 0212 04        		.uleb128 0x4
 338 0213 09        		.uleb128 0x9
 339 0214 0000 0000 		.long	.LASF28
 340 0218 05        		.byte	0x5
 341 0219 A9        		.byte	0xa9
 342 021a 0E        		.byte	0xe
 343 021b 4800 0000 		.long	0x48
 344 021f 02        		.byte	0x2
 345 0220 23        		.byte	0x23
 346 0221 06        		.uleb128 0x6
 347 0222 00        		.byte	0
 348 0223 03        		.uleb128 0x3
 349 0224 0000 0000 		.long	.LASF29
 350 0228 05        		.byte	0x5
 351 0229 AA        		.byte	0xaa
 352 022a 12        		.byte	0x12
 353 022b CE01 0000 		.long	0x1ce
 354 022f 0B        		.uleb128 0xb
 355 0230 0000 0000 		.long	.LASF31
 356 0234 06        		.byte	0x6
 357 0235 5E        		.byte	0x5e
 358 0236 13        		.byte	0x13
 359 0237 2400 0000 		.long	0x24
 360 023b 01        		.byte	0x1
 361 023c 01        		.byte	0x1
 362 023d 0B        		.uleb128 0xb
 363 023e 0000 0000 		.long	.LASF32
 364 0242 06        		.byte	0x6
 365 0243 6E        		.byte	0x6e
 366 0244 11        		.byte	0x11
 367 0245 0401 0000 		.long	0x104
 368 0249 01        		.byte	0x1
 369 024a 01        		.byte	0x1
 370 024b 0B        		.uleb128 0xb
 371 024c 0000 0000 		.long	.LASF33
 372 0250 06        		.byte	0x6
 373 0251 78        		.byte	0x78
 374 0252 11        		.byte	0x11
 375 0253 0401 0000 		.long	0x104
 376 0257 01        		.byte	0x1
 377 0258 01        		.byte	0x1
 378 0259 0B        		.uleb128 0xb
 379 025a 0000 0000 		.long	.LASF34
 380 025e 07        		.byte	0x7
 381 025f 51        		.byte	0x51
 382 0260 19        		.byte	0x19
 383 0261 0B01 0000 		.long	0x10b
 384 0265 01        		.byte	0x1
 385 0266 01        		.byte	0x1
 386 0267 0B        		.uleb128 0xb
 387 0268 0000 0000 		.long	.LASF35
 388 026c 07        		.byte	0x7
 389 026d 5B        		.byte	0x5b
 390 026e 21        		.byte	0x21
 391 026f 2302 0000 		.long	0x223
 392 0273 01        		.byte	0x1
 393 0274 01        		.byte	0x1
 394 0275 0B        		.uleb128 0xb
 395 0276 0000 0000 		.long	.LASF36
 396 027a 07        		.byte	0x7
 397 027b 90        		.byte	0x90
 398 027c 1E        		.byte	0x1e
 399 027d 3000 0000 		.long	0x30
 400 0281 01        		.byte	0x1
 401 0282 01        		.byte	0x1
 402 0283 0B        		.uleb128 0xb
 403 0284 0000 0000 		.long	.LASF37
 404 0288 08        		.byte	0x8
 405 0289 67        		.byte	0x67
 406 028a 13        		.byte	0x13
 407 028b 2400 0000 		.long	0x24
 408 028f 01        		.byte	0x1
 409 0290 01        		.byte	0x1
 410 0291 0C        		.uleb128 0xc
 411 0292 02        		.byte	0x2
 412 0293 0D        		.uleb128 0xd
 413 0294 0000 0000 		.long	.LASF47
 414 0298 0E        		.byte	0xe
 415 0299 09        		.byte	0x9
 416 029a F4        		.byte	0xf4
 417 029b 08        		.byte	0x8
 418 029c 1E03 0000 		.long	0x31e
 419 02a0 08        		.uleb128 0x8
 420 02a1 6275 6600 		.string	"buf"
 421 02a5 09        		.byte	0x9
 422 02a6 F5        		.byte	0xf5
 423 02a7 08        		.byte	0x8
 424 02a8 1E03 0000 		.long	0x31e
 425 02ac 02        		.byte	0x2
 426 02ad 23        		.byte	0x23
 427 02ae 00        		.uleb128 0
 428 02af 09        		.uleb128 0x9
 429 02b0 0000 0000 		.long	.LASF38
 430 02b4 09        		.byte	0x9
 431 02b5 F6        		.byte	0xf6
 432 02b6 10        		.byte	0x10
 433 02b7 3A00 0000 		.long	0x3a
 434 02bb 02        		.byte	0x2
 435 02bc 23        		.byte	0x23
 436 02bd 02        		.uleb128 0x2
 437 02be 09        		.uleb128 0x9
 438 02bf 0000 0000 		.long	.LASF39
 439 02c3 09        		.byte	0x9
 440 02c4 F7        		.byte	0xf7
 441 02c5 0A        		.byte	0xa
 442 02c6 2400 0000 		.long	0x24
 443 02ca 02        		.byte	0x2
 444 02cb 23        		.byte	0x23
 445 02cc 03        		.uleb128 0x3
 446 02cd 0E        		.uleb128 0xe
 447 02ce 0000 0000 		.long	.LASF40
 448 02d2 09        		.byte	0x9
 449 02d3 0701      		.word	0x107
 450 02d5 06        		.byte	0x6
 451 02d6 4100 0000 		.long	0x41
 452 02da 02        		.byte	0x2
 453 02db 23        		.byte	0x23
 454 02dc 04        		.uleb128 0x4
 455 02dd 0F        		.uleb128 0xf
 456 02de 6C65 6E00 		.string	"len"
 457 02e2 09        		.byte	0x9
 458 02e3 0801      		.word	0x108
 459 02e5 06        		.byte	0x6
 460 02e6 4100 0000 		.long	0x41
 461 02ea 02        		.byte	0x2
 462 02eb 23        		.byte	0x23
 463 02ec 06        		.uleb128 0x6
 464 02ed 0F        		.uleb128 0xf
 465 02ee 7075 7400 		.string	"put"
 466 02f2 09        		.byte	0x9
 467 02f3 0901      		.word	0x109
 468 02f5 08        		.byte	0x8
 469 02f6 4603 0000 		.long	0x346
 470 02fa 02        		.byte	0x2
 471 02fb 23        		.byte	0x23
 472 02fc 08        		.uleb128 0x8
 473 02fd 0F        		.uleb128 0xf
 474 02fe 6765 7400 		.string	"get"
 475 0302 09        		.byte	0x9
 476 0303 0A01      		.word	0x10a
 477 0305 08        		.byte	0x8
 478 0306 5C03 0000 		.long	0x35c
 479 030a 02        		.byte	0x2
 480 030b 23        		.byte	0x23
 481 030c 0A        		.uleb128 0xa
 482 030d 0E        		.uleb128 0xe
 483 030e 0000 0000 		.long	.LASF41
 484 0312 09        		.byte	0x9
 485 0313 0B01      		.word	0x10b
 486 0315 08        		.byte	0x8
 487 0316 9102 0000 		.long	0x291
 488 031a 02        		.byte	0x2
 489 031b 23        		.byte	0x23
 490 031c 0C        		.uleb128 0xc
 491 031d 00        		.byte	0
 492 031e 10        		.uleb128 0x10
 493 031f 02        		.byte	0x2
 494 0320 2403 0000 		.long	0x324
 495 0324 02        		.uleb128 0x2
 496 0325 01        		.byte	0x1
 497 0326 08        		.byte	0x8
 498 0327 0000 0000 		.long	.LASF42
 499 032b 11        		.uleb128 0x11
 500 032c 01        		.byte	0x1
 501 032d 4100 0000 		.long	0x41
 502 0331 4003 0000 		.long	0x340
 503 0335 12        		.uleb128 0x12
 504 0336 2403 0000 		.long	0x324
 505 033a 12        		.uleb128 0x12
 506 033b 4003 0000 		.long	0x340
 507 033f 00        		.byte	0
 508 0340 10        		.uleb128 0x10
 509 0341 02        		.byte	0x2
 510 0342 9302 0000 		.long	0x293
 511 0346 10        		.uleb128 0x10
 512 0347 02        		.byte	0x2
 513 0348 2B03 0000 		.long	0x32b
 514 034c 11        		.uleb128 0x11
 515 034d 01        		.byte	0x1
 516 034e 4100 0000 		.long	0x41
 517 0352 5C03 0000 		.long	0x35c
 518 0356 12        		.uleb128 0x12
 519 0357 4003 0000 		.long	0x340
 520 035b 00        		.byte	0
 521 035c 10        		.uleb128 0x10
 522 035d 02        		.byte	0x2
 523 035e 4C03 0000 		.long	0x34c
 524 0362 13        		.uleb128 0x13
 525 0363 4003 0000 		.long	0x340
 526 0367 6D03 0000 		.long	0x36d
 527 036b 14        		.uleb128 0x14
 528 036c 00        		.byte	0
 529 036d 15        		.uleb128 0x15
 530 036e 0000 0000 		.long	.LASF43
 531 0372 09        		.byte	0x9
 532 0373 9701      		.word	0x197
 533 0375 17        		.byte	0x17
 534 0376 6203 0000 		.long	0x362
 535 037a 01        		.byte	0x1
 536 037b 01        		.byte	0x1
 537 037c 13        		.uleb128 0x13
 538 037d 2400 0000 		.long	0x24
 539 0381 8C03 0000 		.long	0x38c
 540 0385 16        		.uleb128 0x16
 541 0386 5900 0000 		.long	0x59
 542 038a 05        		.byte	0x5
 543 038b 00        		.byte	0
 544 038c 13        		.uleb128 0x13
 545 038d 2400 0000 		.long	0x24
 546 0391 9C03 0000 		.long	0x39c
 547 0395 16        		.uleb128 0x16
 548 0396 5900 0000 		.long	0x59
 549 039a 0F        		.byte	0xf
 550 039b 00        		.byte	0
 551 039c 13        		.uleb128 0x13
 552 039d 2400 0000 		.long	0x24
 553 03a1 AC03 0000 		.long	0x3ac
 554 03a5 16        		.uleb128 0x16
 555 03a6 5900 0000 		.long	0x59
 556 03aa 07        		.byte	0x7
 557 03ab 00        		.byte	0
 558 03ac 07        		.uleb128 0x7
 559 03ad 08        		.byte	0x8
 560 03ae 0A        		.byte	0xa
 561 03af AD        		.byte	0xad
 562 03b0 05        		.byte	0x5
 563 03b1 E303 0000 		.long	0x3e3
 564 03b5 09        		.uleb128 0x9
 565 03b6 0000 0000 		.long	.LASF44
 566 03ba 0A        		.byte	0xa
 567 03bb B1        		.byte	0xb1
 568 03bc 11        		.byte	0x11
 569 03bd 2400 0000 		.long	0x24
 570 03c1 02        		.byte	0x2
 571 03c2 23        		.byte	0x23
 572 03c3 00        		.uleb128 0
 573 03c4 09        		.uleb128 0x9
 574 03c5 0000 0000 		.long	.LASF45
 575 03c9 0A        		.byte	0xa
 576 03ca B2        		.byte	0xb2
 577 03cb 11        		.byte	0x11
 578 03cc 2400 0000 		.long	0x24
 579 03d0 02        		.byte	0x2
 580 03d1 23        		.byte	0x23
 581 03d2 01        		.uleb128 0x1
 582 03d3 09        		.uleb128 0x9
 583 03d4 0000 0000 		.long	.LASF46
 584 03d8 0A        		.byte	0xa
 585 03d9 B3        		.byte	0xb3
 586 03da 11        		.byte	0x11
 587 03db 7C03 0000 		.long	0x37c
 588 03df 02        		.byte	0x2
 589 03e0 23        		.byte	0x23
 590 03e1 02        		.uleb128 0x2
 591 03e2 00        		.byte	0
 592 03e3 0D        		.uleb128 0xd
 593 03e4 0000 0000 		.long	.LASF48
 594 03e8 20        		.byte	0x20
 595 03e9 0A        		.byte	0xa
 596 03ea B6        		.byte	0xb6
 597 03eb 0C        		.byte	0xc
 598 03ec 1E04 0000 		.long	0x41e
 599 03f0 09        		.uleb128 0x9
 600 03f1 0000 0000 		.long	.LASF49
 601 03f5 0A        		.byte	0xa
 602 03f6 B8        		.byte	0xb8
 603 03f7 11        		.byte	0x11
 604 03f8 2400 0000 		.long	0x24
 605 03fc 02        		.byte	0x2
 606 03fd 23        		.byte	0x23
 607 03fe 00        		.uleb128 0
 608 03ff 09        		.uleb128 0x9
 609 0400 0000 0000 		.long	.LASF44
 610 0404 0A        		.byte	0xa
 611 0405 BA        		.byte	0xba
 612 0406 11        		.byte	0x11
 613 0407 2400 0000 		.long	0x24
 614 040b 02        		.byte	0x2
 615 040c 23        		.byte	0x23
 616 040d 01        		.uleb128 0x1
 617 040e 09        		.uleb128 0x9
 618 040f 0000 0000 		.long	.LASF50
 619 0413 0A        		.byte	0xa
 620 0414 BB        		.byte	0xbb
 621 0415 11        		.byte	0x11
 622 0416 1E04 0000 		.long	0x41e
 623 041a 02        		.byte	0x2
 624 041b 23        		.byte	0x23
 625 041c 02        		.uleb128 0x2
 626 041d 00        		.byte	0
 627 041e 13        		.uleb128 0x13
 628 041f 2400 0000 		.long	0x24
 629 0423 2E04 0000 		.long	0x42e
 630 0427 16        		.uleb128 0x16
 631 0428 5900 0000 		.long	0x59
 632 042c 1D        		.byte	0x1d
 633 042d 00        		.byte	0
 634 042e 17        		.uleb128 0x17
 635 042f 20        		.byte	0x20
 636 0430 0A        		.byte	0xa
 637 0431 AB        		.byte	0xab
 638 0432 09        		.byte	0x9
 639 0433 5504 0000 		.long	0x455
 640 0437 18        		.uleb128 0x18
 641 0438 7261 7700 		.string	"raw"
 642 043c 0A        		.byte	0xa
 643 043d AC        		.byte	0xac
 644 043e 0D        		.byte	0xd
 645 043f 9C03 0000 		.long	0x39c
 646 0443 19        		.uleb128 0x19
 647 0444 AC03 0000 		.long	0x3ac
 648 0448 1A        		.uleb128 0x1a
 649 0449 0000 0000 		.long	.LASF51
 650 044d 0A        		.byte	0xa
 651 044e BC        		.byte	0xbc
 652 044f 07        		.byte	0x7
 653 0450 E303 0000 		.long	0x3e3
 654 0454 00        		.byte	0
 655 0455 03        		.uleb128 0x3
 656 0456 0000 0000 		.long	.LASF52
 657 045a 0A        		.byte	0xa
 658 045b BE        		.byte	0xbe
 659 045c 1B        		.byte	0x1b
 660 045d 2E04 0000 		.long	0x42e
 661 0461 10        		.uleb128 0x10
 662 0462 02        		.byte	0x2
 663 0463 5504 0000 		.long	0x455
 664 0467 0B        		.uleb128 0xb
 665 0468 0000 0000 		.long	.LASF53
 666 046c 0B        		.byte	0xb
 667 046d 24        		.byte	0x24
 668 046e 10        		.byte	0x10
 669 046f 2400 0000 		.long	0x24
 670 0473 01        		.byte	0x1
 671 0474 01        		.byte	0x1
 672 0475 0B        		.uleb128 0xb
 673 0476 0000 0000 		.long	.LASF54
 674 047a 0B        		.byte	0xb
 675 047b 25        		.byte	0x25
 676 047c 10        		.byte	0x10
 677 047d 2400 0000 		.long	0x24
 678 0481 01        		.byte	0x1
 679 0482 01        		.byte	0x1
 680 0483 07        		.uleb128 0x7
 681 0484 01        		.byte	0x1
 682 0485 0C        		.byte	0xc
 683 0486 1F        		.byte	0x1f
 684 0487 05        		.byte	0x5
 685 0488 E704 0000 		.long	0x4e7
 686 048c 0A        		.uleb128 0xa
 687 048d 0000 0000 		.long	.LASF55
 688 0491 0C        		.byte	0xc
 689 0492 20        		.byte	0x20
 690 0493 11        		.byte	0x11
 691 0494 0401 0000 		.long	0x104
 692 0498 01        		.byte	0x1
 693 0499 01        		.byte	0x1
 694 049a 07        		.byte	0x7
 695 049b 02        		.byte	0x2
 696 049c 23        		.byte	0x23
 697 049d 00        		.uleb128 0
 698 049e 0A        		.uleb128 0xa
 699 049f 0000 0000 		.long	.LASF56
 700 04a3 0C        		.byte	0xc
 701 04a4 21        		.byte	0x21
 702 04a5 11        		.byte	0x11
 703 04a6 0401 0000 		.long	0x104
 704 04aa 01        		.byte	0x1
 705 04ab 01        		.byte	0x1
 706 04ac 06        		.byte	0x6
 707 04ad 02        		.byte	0x2
 708 04ae 23        		.byte	0x23
 709 04af 00        		.uleb128 0
 710 04b0 0A        		.uleb128 0xa
 711 04b1 0000 0000 		.long	.LASF57
 712 04b5 0C        		.byte	0xc
 713 04b6 22        		.byte	0x22
 714 04b7 11        		.byte	0x11
 715 04b8 0401 0000 		.long	0x104
 716 04bc 01        		.byte	0x1
 717 04bd 01        		.byte	0x1
 718 04be 05        		.byte	0x5
 719 04bf 02        		.byte	0x2
 720 04c0 23        		.byte	0x23
 721 04c1 00        		.uleb128 0
 722 04c2 0A        		.uleb128 0xa
 723 04c3 0000 0000 		.long	.LASF58
 724 04c7 0C        		.byte	0xc
 725 04c8 23        		.byte	0x23
 726 04c9 11        		.byte	0x11
 727 04ca 0401 0000 		.long	0x104
 728 04ce 01        		.byte	0x1
 729 04cf 01        		.byte	0x1
 730 04d0 04        		.byte	0x4
 731 04d1 02        		.byte	0x2
 732 04d2 23        		.byte	0x23
 733 04d3 00        		.uleb128 0
 734 04d4 0A        		.uleb128 0xa
 735 04d5 0000 0000 		.long	.LASF45
 736 04d9 0C        		.byte	0xc
 737 04da 24        		.byte	0x24
 738 04db 11        		.byte	0x11
 739 04dc 2400 0000 		.long	0x24
 740 04e0 01        		.byte	0x1
 741 04e1 04        		.byte	0x4
 742 04e2 00        		.byte	0
 743 04e3 02        		.byte	0x2
 744 04e4 23        		.byte	0x23
 745 04e5 00        		.uleb128 0
 746 04e6 00        		.byte	0
 747 04e7 17        		.uleb128 0x17
 748 04e8 01        		.byte	0x1
 749 04e9 0C        		.byte	0xc
 750 04ea 1E        		.byte	0x1e
 751 04eb 09        		.byte	0x9
 752 04ec 0205 0000 		.long	0x502
 753 04f0 19        		.uleb128 0x19
 754 04f1 8304 0000 		.long	0x483
 755 04f5 18        		.uleb128 0x18
 756 04f6 7261 7700 		.string	"raw"
 757 04fa 0C        		.byte	0xc
 758 04fb 26        		.byte	0x26
 759 04fc 0D        		.byte	0xd
 760 04fd 2400 0000 		.long	0x24
 761 0501 00        		.byte	0
 762 0502 03        		.uleb128 0x3
 763 0503 0000 0000 		.long	.LASF59
 764 0507 0C        		.byte	0xc
 765 0508 27        		.byte	0x27
 766 0509 03        		.byte	0x3
 767 050a E704 0000 		.long	0x4e7
 768 050e 0B        		.uleb128 0xb
 769 050f 0000 0000 		.long	.LASF60
 770 0513 0C        		.byte	0xc
 771 0514 29        		.byte	0x29
 772 0515 17        		.byte	0x17
 773 0516 0205 0000 		.long	0x502
 774 051a 01        		.byte	0x1
 775 051b 01        		.byte	0x1
 776 051c 07        		.uleb128 0x7
 777 051d 02        		.byte	0x2
 778 051e 0D        		.byte	0xd
 779 051f 1D        		.byte	0x1d
 780 0520 05        		.byte	0x5
 781 0521 EC05 0000 		.long	0x5ec
 782 0525 0A        		.uleb128 0xa
 783 0526 0000 0000 		.long	.LASF61
 784 052a 0D        		.byte	0xd
 785 052b 1E        		.byte	0x1e
 786 052c 0E        		.byte	0xe
 787 052d 0401 0000 		.long	0x104
 788 0531 01        		.byte	0x1
 789 0532 01        		.byte	0x1
 790 0533 07        		.byte	0x7
 791 0534 02        		.byte	0x2
 792 0535 23        		.byte	0x23
 793 0536 00        		.uleb128 0
 794 0537 0A        		.uleb128 0xa
 795 0538 0000 0000 		.long	.LASF62
 796 053c 0D        		.byte	0xd
 797 053d 1F        		.byte	0x1f
 798 053e 0E        		.byte	0xe
 799 053f 0401 0000 		.long	0x104
 800 0543 01        		.byte	0x1
 801 0544 01        		.byte	0x1
 802 0545 06        		.byte	0x6
 803 0546 02        		.byte	0x2
 804 0547 23        		.byte	0x23
 805 0548 00        		.uleb128 0
 806 0549 0A        		.uleb128 0xa
 807 054a 0000 0000 		.long	.LASF63
 808 054e 0D        		.byte	0xd
 809 054f 20        		.byte	0x20
 810 0550 0E        		.byte	0xe
 811 0551 0401 0000 		.long	0x104
 812 0555 01        		.byte	0x1
 813 0556 01        		.byte	0x1
 814 0557 05        		.byte	0x5
 815 0558 02        		.byte	0x2
 816 0559 23        		.byte	0x23
 817 055a 00        		.uleb128 0
 818 055b 0A        		.uleb128 0xa
 819 055c 0000 0000 		.long	.LASF64
 820 0560 0D        		.byte	0xd
 821 0561 21        		.byte	0x21
 822 0562 0E        		.byte	0xe
 823 0563 0401 0000 		.long	0x104
 824 0567 01        		.byte	0x1
 825 0568 01        		.byte	0x1
 826 0569 04        		.byte	0x4
 827 056a 02        		.byte	0x2
 828 056b 23        		.byte	0x23
 829 056c 00        		.uleb128 0
 830 056d 0A        		.uleb128 0xa
 831 056e 0000 0000 		.long	.LASF65
 832 0572 0D        		.byte	0xd
 833 0573 22        		.byte	0x22
 834 0574 0E        		.byte	0xe
 835 0575 0401 0000 		.long	0x104
 836 0579 01        		.byte	0x1
 837 057a 01        		.byte	0x1
 838 057b 03        		.byte	0x3
 839 057c 02        		.byte	0x2
 840 057d 23        		.byte	0x23
 841 057e 00        		.uleb128 0
 842 057f 0A        		.uleb128 0xa
 843 0580 0000 0000 		.long	.LASF66
 844 0584 0D        		.byte	0xd
 845 0585 23        		.byte	0x23
 846 0586 0E        		.byte	0xe
 847 0587 0401 0000 		.long	0x104
 848 058b 01        		.byte	0x1
 849 058c 01        		.byte	0x1
 850 058d 02        		.byte	0x2
 851 058e 02        		.byte	0x2
 852 058f 23        		.byte	0x23
 853 0590 00        		.uleb128 0
 854 0591 0A        		.uleb128 0xa
 855 0592 0000 0000 		.long	.LASF67
 856 0596 0D        		.byte	0xd
 857 0597 24        		.byte	0x24
 858 0598 0E        		.byte	0xe
 859 0599 0401 0000 		.long	0x104
 860 059d 01        		.byte	0x1
 861 059e 01        		.byte	0x1
 862 059f 01        		.byte	0x1
 863 05a0 02        		.byte	0x2
 864 05a1 23        		.byte	0x23
 865 05a2 00        		.uleb128 0
 866 05a3 0A        		.uleb128 0xa
 867 05a4 0000 0000 		.long	.LASF51
 868 05a8 0D        		.byte	0xd
 869 05a9 25        		.byte	0x25
 870 05aa 0E        		.byte	0xe
 871 05ab 0401 0000 		.long	0x104
 872 05af 01        		.byte	0x1
 873 05b0 01        		.byte	0x1
 874 05b1 00        		.byte	0
 875 05b2 02        		.byte	0x2
 876 05b3 23        		.byte	0x23
 877 05b4 00        		.uleb128 0
 878 05b5 0A        		.uleb128 0xa
 879 05b6 0000 0000 		.long	.LASF68
 880 05ba 0D        		.byte	0xd
 881 05bb 26        		.byte	0x26
 882 05bc 0E        		.byte	0xe
 883 05bd 0401 0000 		.long	0x104
 884 05c1 01        		.byte	0x1
 885 05c2 01        		.byte	0x1
 886 05c3 07        		.byte	0x7
 887 05c4 02        		.byte	0x2
 888 05c5 23        		.byte	0x23
 889 05c6 01        		.uleb128 0x1
 890 05c7 0A        		.uleb128 0xa
 891 05c8 0000 0000 		.long	.LASF69
 892 05cc 0D        		.byte	0xd
 893 05cd 27        		.byte	0x27
 894 05ce 0E        		.byte	0xe
 895 05cf 0401 0000 		.long	0x104
 896 05d3 01        		.byte	0x1
 897 05d4 01        		.byte	0x1
 898 05d5 06        		.byte	0x6
 899 05d6 02        		.byte	0x2
 900 05d7 23        		.byte	0x23
 901 05d8 01        		.uleb128 0x1
 902 05d9 0A        		.uleb128 0xa
 903 05da 0000 0000 		.long	.LASF70
 904 05de 0D        		.byte	0xd
 905 05df 28        		.byte	0x28
 906 05e0 0E        		.byte	0xe
 907 05e1 0401 0000 		.long	0x104
 908 05e5 01        		.byte	0x1
 909 05e6 01        		.byte	0x1
 910 05e7 05        		.byte	0x5
 911 05e8 02        		.byte	0x2
 912 05e9 23        		.byte	0x23
 913 05ea 01        		.uleb128 0x1
 914 05eb 00        		.byte	0
 915 05ec 17        		.uleb128 0x17
 916 05ed 02        		.byte	0x2
 917 05ee 0D        		.byte	0xd
 918 05ef 1B        		.byte	0x1b
 919 05f0 09        		.byte	0x9
 920 05f1 0706 0000 		.long	0x607
 921 05f5 18        		.uleb128 0x18
 922 05f6 7261 7700 		.string	"raw"
 923 05fa 0D        		.byte	0xd
 924 05fb 1C        		.byte	0x1c
 925 05fc 0E        		.byte	0xe
 926 05fd 4800 0000 		.long	0x48
 927 0601 19        		.uleb128 0x19
 928 0602 1C05 0000 		.long	0x51c
 929 0606 00        		.byte	0
 930 0607 03        		.uleb128 0x3
 931 0608 0000 0000 		.long	.LASF71
 932 060c 0D        		.byte	0xd
 933 060d 2A        		.byte	0x2a
 934 060e 03        		.byte	0x3
 935 060f EC05 0000 		.long	0x5ec
 936 0613 0B        		.uleb128 0xb
 937 0614 0000 0000 		.long	.LASF72
 938 0618 0D        		.byte	0xd
 939 0619 2C        		.byte	0x2c
 940 061a 18        		.byte	0x18
 941 061b 0706 0000 		.long	0x607
 942 061f 01        		.byte	0x1
 943 0620 01        		.byte	0x1
 944 0621 0B        		.uleb128 0xb
 945 0622 0000 0000 		.long	.LASF73
 946 0626 0E        		.byte	0xe
 947 0627 20        		.byte	0x20
 948 0628 1A        		.byte	0x1a
 949 0629 7300 0000 		.long	0x73
 950 062d 01        		.byte	0x1
 951 062e 01        		.byte	0x1
 952 062f 1B        		.uleb128 0x1b
 953 0630 07        		.byte	0x7
 954 0631 01        		.byte	0x1
 955 0632 3A00 0000 		.long	0x3a
 956 0636 0F        		.byte	0xf
 957 0637 2D        		.byte	0x2d
 958 0638 0E        		.byte	0xe
 959 0639 7A06 0000 		.long	0x67a
 960 063d 1C        		.uleb128 0x1c
 961 063e 0000 0000 		.long	.LASF74
 962 0642 00        		.byte	0
 963 0643 1C        		.uleb128 0x1c
 964 0644 0000 0000 		.long	.LASF75
 965 0648 01        		.byte	0x1
 966 0649 1C        		.uleb128 0x1c
 967 064a 0000 0000 		.long	.LASF76
 968 064e 02        		.byte	0x2
 969 064f 1C        		.uleb128 0x1c
 970 0650 0000 0000 		.long	.LASF77
 971 0654 03        		.byte	0x3
 972 0655 1C        		.uleb128 0x1c
 973 0656 0000 0000 		.long	.LASF78
 974 065a 04        		.byte	0x4
 975 065b 1C        		.uleb128 0x1c
 976 065c 0000 0000 		.long	.LASF79
 977 0660 05        		.byte	0x5
 978 0661 1C        		.uleb128 0x1c
 979 0662 0000 0000 		.long	.LASF80
 980 0666 06        		.byte	0x6
 981 0667 1C        		.uleb128 0x1c
 982 0668 0000 0000 		.long	.LASF81
 983 066c 07        		.byte	0x7
 984 066d 1C        		.uleb128 0x1c
 985 066e 0000 0000 		.long	.LASF82
 986 0672 08        		.byte	0x8
 987 0673 1C        		.uleb128 0x1c
 988 0674 0000 0000 		.long	.LASF83
 989 0678 09        		.byte	0x9
 990 0679 00        		.byte	0
 991 067a 03        		.uleb128 0x3
 992 067b 0000 0000 		.long	.LASF84
 993 067f 0F        		.byte	0xf
 994 0680 2D        		.byte	0x2d
 995 0681 89        		.byte	0x89
 996 0682 2F06 0000 		.long	0x62f
 997 0686 07        		.uleb128 0x7
 998 0687 23        		.byte	0x23
 999 0688 0F        		.byte	0xf
 1000 0689 2F        		.byte	0x2f
 1001 068a 09        		.byte	0x9
 1002 068b DB06 0000 		.long	0x6db
 1003 068f 09        		.uleb128 0x9
 1004 0690 0000 0000 		.long	.LASF85
 1005 0694 0F        		.byte	0xf
 1006 0695 30        		.byte	0x30
 1007 0696 1C        		.byte	0x1c
 1008 0697 0401 0000 		.long	0x104
 1009 069b 02        		.byte	0x2
 1010 069c 23        		.byte	0x23
 1011 069d 00        		.uleb128 0
 1012 069e 09        		.uleb128 0x9
 1013 069f 0000 0000 		.long	.LASF86
 1014 06a3 0F        		.byte	0xf
 1015 06a4 31        		.byte	0x31
 1016 06a5 1C        		.byte	0x1c
 1017 06a6 8C03 0000 		.long	0x38c
 1018 06aa 02        		.byte	0x2
 1019 06ab 23        		.byte	0x23
 1020 06ac 01        		.uleb128 0x1
 1021 06ad 09        		.uleb128 0x9
 1022 06ae 0000 0000 		.long	.LASF87
 1023 06b2 0F        		.byte	0xf
 1024 06b3 32        		.byte	0x32
 1025 06b4 1C        		.byte	0x1c
 1026 06b5 DB06 0000 		.long	0x6db
 1027 06b9 02        		.byte	0x2
 1028 06ba 23        		.byte	0x23
 1029 06bb 11        		.uleb128 0x11
 1030 06bc 09        		.uleb128 0x9
 1031 06bd 0000 0000 		.long	.LASF88
 1032 06c1 0F        		.byte	0xf
 1033 06c2 33        		.byte	0x33
 1034 06c3 1C        		.byte	0x1c
 1035 06c4 2400 0000 		.long	0x24
 1036 06c8 02        		.byte	0x2
 1037 06c9 23        		.byte	0x23
 1038 06ca 21        		.uleb128 0x21
 1039 06cb 09        		.uleb128 0x9
 1040 06cc 0000 0000 		.long	.LASF89
 1041 06d0 0F        		.byte	0xf
 1042 06d1 34        		.byte	0x34
 1043 06d2 1C        		.byte	0x1c
 1044 06d3 7A06 0000 		.long	0x67a
 1045 06d7 02        		.byte	0x2
 1046 06d8 23        		.byte	0x23
 1047 06d9 22        		.uleb128 0x22
 1048 06da 00        		.byte	0
 1049 06db 13        		.uleb128 0x13
 1050 06dc 4800 0000 		.long	0x48
 1051 06e0 EB06 0000 		.long	0x6eb
 1052 06e4 16        		.uleb128 0x16
 1053 06e5 5900 0000 		.long	0x59
 1054 06e9 07        		.byte	0x7
 1055 06ea 00        		.byte	0
 1056 06eb 03        		.uleb128 0x3
 1057 06ec 0000 0000 		.long	.LASF90
 1058 06f0 0F        		.byte	0xf
 1059 06f1 35        		.byte	0x35
 1060 06f2 03        		.byte	0x3
 1061 06f3 8606 0000 		.long	0x686
 1062 06f7 1D        		.uleb128 0x1d
 1063 06f8 0000 0000 		.long	.LASF94
 1064 06fc 07        		.byte	0x7
 1065 06fd 01        		.byte	0x1
 1066 06fe 3A00 0000 		.long	0x3a
 1067 0702 0F        		.byte	0xf
 1068 0703 3B        		.byte	0x3b
 1069 0704 0E        		.byte	0xe
 1070 0705 1C07 0000 		.long	0x71c
 1071 0709 1C        		.uleb128 0x1c
 1072 070a 0000 0000 		.long	.LASF91
 1073 070e 00        		.byte	0
 1074 070f 1C        		.uleb128 0x1c
 1075 0710 0000 0000 		.long	.LASF92
 1076 0714 01        		.byte	0x1
 1077 0715 1C        		.uleb128 0x1c
 1078 0716 0000 0000 		.long	.LASF93
 1079 071a 02        		.byte	0x2
 1080 071b 00        		.byte	0
 1081 071c 03        		.uleb128 0x3
 1082 071d 0000 0000 		.long	.LASF94
 1083 0721 0F        		.byte	0xf
 1084 0722 3F        		.byte	0x3f
 1085 0723 03        		.byte	0x3
 1086 0724 F706 0000 		.long	0x6f7
 1087 0728 07        		.uleb128 0x7
 1088 0729 06        		.byte	0x6
 1089 072a 0F        		.byte	0xf
 1090 072b 41        		.byte	0x41
 1091 072c 09        		.byte	0x9
 1092 072d 7D07 0000 		.long	0x77d
 1093 0731 09        		.uleb128 0x9
 1094 0732 0000 0000 		.long	.LASF95
 1095 0736 0F        		.byte	0xf
 1096 0737 42        		.byte	0x42
 1097 0738 17        		.byte	0x17
 1098 0739 2400 0000 		.long	0x24
 1099 073d 02        		.byte	0x2
 1100 073e 23        		.byte	0x23
 1101 073f 00        		.uleb128 0
 1102 0740 09        		.uleb128 0x9
 1103 0741 0000 0000 		.long	.LASF96
 1104 0745 0F        		.byte	0xf
 1105 0746 43        		.byte	0x43
 1106 0747 17        		.byte	0x17
 1107 0748 2400 0000 		.long	0x24
 1108 074c 02        		.byte	0x2
 1109 074d 23        		.byte	0x23
 1110 074e 01        		.uleb128 0x1
 1111 074f 09        		.uleb128 0x9
 1112 0750 0000 0000 		.long	.LASF97
 1113 0754 0F        		.byte	0xf
 1114 0755 44        		.byte	0x44
 1115 0756 17        		.byte	0x17
 1116 0757 2400 0000 		.long	0x24
 1117 075b 02        		.byte	0x2
 1118 075c 23        		.byte	0x23
 1119 075d 02        		.uleb128 0x2
 1120 075e 09        		.uleb128 0x9
 1121 075f 0000 0000 		.long	.LASF98
 1122 0763 0F        		.byte	0xf
 1123 0764 45        		.byte	0x45
 1124 0765 17        		.byte	0x17
 1125 0766 4800 0000 		.long	0x48
 1126 076a 02        		.byte	0x2
 1127 076b 23        		.byte	0x23
 1128 076c 03        		.uleb128 0x3
 1129 076d 09        		.uleb128 0x9
 1130 076e 0000 0000 		.long	.LASF99
 1131 0772 0F        		.byte	0xf
 1132 0773 46        		.byte	0x46
 1133 0774 17        		.byte	0x17
 1134 0775 1C07 0000 		.long	0x71c
 1135 0779 02        		.byte	0x2
 1136 077a 23        		.byte	0x23
 1137 077b 05        		.uleb128 0x5
 1138 077c 00        		.byte	0
 1139 077d 03        		.uleb128 0x3
 1140 077e 0000 0000 		.long	.LASF100
 1141 0782 0F        		.byte	0xf
 1142 0783 47        		.byte	0x47
 1143 0784 03        		.byte	0x3
 1144 0785 2807 0000 		.long	0x728
 1145 0789 0B        		.uleb128 0xb
 1146 078a 0000 0000 		.long	.LASF101
 1147 078e 0F        		.byte	0xf
 1148 078f 49        		.byte	0x49
 1149 0790 1B        		.byte	0x1b
 1150 0791 EB06 0000 		.long	0x6eb
 1151 0795 01        		.byte	0x1
 1152 0796 01        		.byte	0x1
 1153 0797 0B        		.uleb128 0xb
 1154 0798 0000 0000 		.long	.LASF102
 1155 079c 0F        		.byte	0xf
 1156 079d 4C        		.byte	0x4c
 1157 079e 1A        		.byte	0x1a
 1158 079f 7D07 0000 		.long	0x77d
 1159 07a3 01        		.byte	0x1
 1160 07a4 01        		.byte	0x1
 1161 07a5 13        		.uleb128 0x13
 1162 07a6 5400 0000 		.long	0x54
 1163 07aa BC07 0000 		.long	0x7bc
 1164 07ae 14        		.uleb128 0x14
 1165 07af 16        		.uleb128 0x16
 1166 07b0 5900 0000 		.long	0x59
 1167 07b4 02        		.byte	0x2
 1168 07b5 16        		.uleb128 0x16
 1169 07b6 5900 0000 		.long	0x59
 1170 07ba 05        		.byte	0x5
 1171 07bb 00        		.byte	0
 1172 07bc 05        		.uleb128 0x5
 1173 07bd A507 0000 		.long	0x7a5
 1174 07c1 0B        		.uleb128 0xb
 1175 07c2 0000 0000 		.long	.LASF103
 1176 07c6 10        		.byte	0x10
 1177 07c7 37        		.byte	0x37
 1178 07c8 17        		.byte	0x17
 1179 07c9 BC07 0000 		.long	0x7bc
 1180 07cd 01        		.byte	0x1
 1181 07ce 01        		.byte	0x1
 1182 07cf 13        		.uleb128 0x13
 1183 07d0 5400 0000 		.long	0x54
 1184 07d4 DA07 0000 		.long	0x7da
 1185 07d8 14        		.uleb128 0x14
 1186 07d9 00        		.byte	0
 1187 07da 05        		.uleb128 0x5
 1188 07db CF07 0000 		.long	0x7cf
 1189 07df 0B        		.uleb128 0xb
 1190 07e0 0000 0000 		.long	.LASF104
 1191 07e4 10        		.byte	0x10
 1192 07e5 38        		.byte	0x38
 1193 07e6 17        		.byte	0x17
 1194 07e7 DA07 0000 		.long	0x7da
 1195 07eb 01        		.byte	0x1
 1196 07ec 01        		.byte	0x1
 1197 07ed 03        		.uleb128 0x3
 1198 07ee 0000 0000 		.long	.LASF105
 1199 07f2 11        		.byte	0x11
 1200 07f3 27        		.byte	0x27
 1201 07f4 12        		.byte	0x12
 1202 07f5 6700 0000 		.long	0x67
 1203 07f9 0B        		.uleb128 0xb
 1204 07fa 0000 0000 		.long	.LASF106
 1205 07fe 11        		.byte	0x11
 1206 07ff 32        		.byte	0x32
 1207 0800 16        		.byte	0x16
 1208 0801 ED07 0000 		.long	0x7ed
 1209 0805 01        		.byte	0x1
 1210 0806 01        		.byte	0x1
 1211 0807 0B        		.uleb128 0xb
 1212 0808 0000 0000 		.long	.LASF107
 1213 080c 11        		.byte	0x11
 1214 080d 48        		.byte	0x48
 1215 080e 16        		.byte	0x16
 1216 080f ED07 0000 		.long	0x7ed
 1217 0813 01        		.byte	0x1
 1218 0814 01        		.byte	0x1
 1219 0815 0B        		.uleb128 0xb
 1220 0816 0000 0000 		.long	.LASF108
 1221 081a 12        		.byte	0x12
 1222 081b 1B        		.byte	0x1b
 1223 081c 1B        		.byte	0x1b
 1224 081d 6104 0000 		.long	0x461
 1225 0821 01        		.byte	0x1
 1226 0822 01        		.byte	0x1
 1227 0823 13        		.uleb128 0x13
 1228 0824 3500 0000 		.long	0x35
 1229 0828 3308 0000 		.long	0x833
 1230 082c 16        		.uleb128 0x16
 1231 082d 5900 0000 		.long	0x59
 1232 0831 0F        		.byte	0xf
 1233 0832 00        		.byte	0
 1234 0833 05        		.uleb128 0x5
 1235 0834 2308 0000 		.long	0x823
 1236 0838 0B        		.uleb128 0xb
 1237 0839 0000 0000 		.long	.LASF109
 1238 083d 13        		.byte	0x13
 1239 083e 1A        		.byte	0x1a
 1240 083f 16        		.byte	0x16
 1241 0840 3308 0000 		.long	0x833
 1242 0844 01        		.byte	0x1
 1243 0845 01        		.byte	0x1
 1244 0846 0B        		.uleb128 0xb
 1245 0847 0000 0000 		.long	.LASF110
 1246 084b 13        		.byte	0x13
 1247 084c 1B        		.byte	0x1b
 1248 084d 16        		.byte	0x16
 1249 084e 3308 0000 		.long	0x833
 1250 0852 01        		.byte	0x1
 1251 0853 01        		.byte	0x1
 1252 0854 0B        		.uleb128 0xb
 1253 0855 0000 0000 		.long	.LASF111
 1254 0859 13        		.byte	0x13
 1255 085a 1C        		.byte	0x1c
 1256 085b 16        		.byte	0x16
 1257 085c 3308 0000 		.long	0x833
 1258 0860 01        		.byte	0x1
 1259 0861 01        		.byte	0x1
 1260 0862 13        		.uleb128 0x13
 1261 0863 3500 0000 		.long	0x35
 1262 0867 7208 0000 		.long	0x872
 1263 086b 16        		.uleb128 0x16
 1264 086c 5900 0000 		.long	0x59
 1265 0870 7F        		.byte	0x7f
 1266 0871 00        		.byte	0
 1267 0872 05        		.uleb128 0x5
 1268 0873 6208 0000 		.long	0x862
 1269 0877 0B        		.uleb128 0xb
 1270 0878 0000 0000 		.long	.LASF112
 1271 087c 13        		.byte	0x13
 1272 087d 1D        		.byte	0x1d
 1273 087e 16        		.byte	0x16
 1274 087f 7208 0000 		.long	0x872
 1275 0883 01        		.byte	0x1
 1276 0884 01        		.byte	0x1
 1277 0885 15        		.uleb128 0x15
 1278 0886 0000 0000 		.long	.LASF113
 1279 088a 14        		.byte	0x14
 1280 088b 3801      		.word	0x138
 1281 088d 0F        		.byte	0xf
 1282 088e 8D00 0000 		.long	0x8d
 1283 0892 01        		.byte	0x1
 1284 0893 01        		.byte	0x1
 1285 0894 15        		.uleb128 0x15
 1286 0895 0000 0000 		.long	.LASF114
 1287 0899 14        		.byte	0x14
 1288 089a 3D01      		.word	0x13d
 1289 089c 0E        		.byte	0xe
 1290 089d 1E03 0000 		.long	0x31e
 1291 08a1 01        		.byte	0x1
 1292 08a2 01        		.byte	0x1
 1293 08a3 15        		.uleb128 0x15
 1294 08a4 0000 0000 		.long	.LASF115
 1295 08a8 14        		.byte	0x14
 1296 08a9 4201      		.word	0x142
 1297 08ab 0E        		.byte	0xe
 1298 08ac 1E03 0000 		.long	0x31e
 1299 08b0 01        		.byte	0x1
 1300 08b1 01        		.byte	0x1
 1301 08b2 1E        		.uleb128 0x1e
 1302 08b3 0000 0000 		.long	.LASF121
 1303 08b7 15        		.byte	0x15
 1304 08b8 33        		.byte	0x33
 1305 08b9 06        		.byte	0x6
 1306 08ba 0401 0000 		.long	0x104
 1307 08be 01        		.byte	0x1
 1308 08bf 1F        		.uleb128 0x1f
 1309 08c0 01        		.byte	0x1
 1310 08c1 0000 0000 		.long	.LASF122
 1311 08c5 15        		.byte	0x15
 1312 08c6 34        		.byte	0x34
 1313 08c7 06        		.byte	0x6
 1314 08c8 01        		.byte	0x1
 1315 08c9 0401 0000 		.long	0x104
 1316 08cd EA08 0000 		.long	0x8ea
 1317 08d1 20        		.uleb128 0x20
 1318 08d2 0000 0000 		.long	.LASF116
 1319 08d6 15        		.byte	0x15
 1320 08d7 34        		.byte	0x34
 1321 08d8 23        		.byte	0x23
 1322 08d9 4800 0000 		.long	0x48
 1323 08dd 20        		.uleb128 0x20
 1324 08de 0000 0000 		.long	.LASF117
 1325 08e2 15        		.byte	0x15
 1326 08e3 34        		.byte	0x34
 1327 08e4 39        		.byte	0x39
 1328 08e5 EA08 0000 		.long	0x8ea
 1329 08e9 00        		.byte	0
 1330 08ea 10        		.uleb128 0x10
 1331 08eb 02        		.byte	0x2
 1332 08ec B401 0000 		.long	0x1b4
 1333 08f0 00        		.byte	0
 1334               		.section	.gnu.debuglto_.debug_abbrev,"",@progbits
 1335               	.Ldebug_abbrev0:
 1336 0000 01        		.uleb128 0x1
 1337 0001 11        		.uleb128 0x11
 1338 0002 01        		.byte	0x1
 1339 0003 25        		.uleb128 0x25
 1340 0004 0E        		.uleb128 0xe
 1341 0005 13        		.uleb128 0x13
 1342 0006 0B        		.uleb128 0xb
 1343 0007 03        		.uleb128 0x3
 1344 0008 0E        		.uleb128 0xe
 1345 0009 1B        		.uleb128 0x1b
 1346 000a 0E        		.uleb128 0xe
 1347 000b 10        		.uleb128 0x10
 1348 000c 06        		.uleb128 0x6
 1349 000d 00        		.byte	0
 1350 000e 00        		.byte	0
 1351 000f 02        		.uleb128 0x2
 1352 0010 24        		.uleb128 0x24
 1353 0011 00        		.byte	0
 1354 0012 0B        		.uleb128 0xb
 1355 0013 0B        		.uleb128 0xb
 1356 0014 3E        		.uleb128 0x3e
 1357 0015 0B        		.uleb128 0xb
 1358 0016 03        		.uleb128 0x3
 1359 0017 0E        		.uleb128 0xe
 1360 0018 00        		.byte	0
 1361 0019 00        		.byte	0
 1362 001a 03        		.uleb128 0x3
 1363 001b 16        		.uleb128 0x16
 1364 001c 00        		.byte	0
 1365 001d 03        		.uleb128 0x3
 1366 001e 0E        		.uleb128 0xe
 1367 001f 3A        		.uleb128 0x3a
 1368 0020 0B        		.uleb128 0xb
 1369 0021 3B        		.uleb128 0x3b
 1370 0022 0B        		.uleb128 0xb
 1371 0023 39        		.uleb128 0x39
 1372 0024 0B        		.uleb128 0xb
 1373 0025 49        		.uleb128 0x49
 1374 0026 13        		.uleb128 0x13
 1375 0027 00        		.byte	0
 1376 0028 00        		.byte	0
 1377 0029 04        		.uleb128 0x4
 1378 002a 35        		.uleb128 0x35
 1379 002b 00        		.byte	0
 1380 002c 49        		.uleb128 0x49
 1381 002d 13        		.uleb128 0x13
 1382 002e 00        		.byte	0
 1383 002f 00        		.byte	0
 1384 0030 05        		.uleb128 0x5
 1385 0031 26        		.uleb128 0x26
 1386 0032 00        		.byte	0
 1387 0033 49        		.uleb128 0x49
 1388 0034 13        		.uleb128 0x13
 1389 0035 00        		.byte	0
 1390 0036 00        		.byte	0
 1391 0037 06        		.uleb128 0x6
 1392 0038 24        		.uleb128 0x24
 1393 0039 00        		.byte	0
 1394 003a 0B        		.uleb128 0xb
 1395 003b 0B        		.uleb128 0xb
 1396 003c 3E        		.uleb128 0x3e
 1397 003d 0B        		.uleb128 0xb
 1398 003e 03        		.uleb128 0x3
 1399 003f 08        		.uleb128 0x8
 1400 0040 00        		.byte	0
 1401 0041 00        		.byte	0
 1402 0042 07        		.uleb128 0x7
 1403 0043 13        		.uleb128 0x13
 1404 0044 01        		.byte	0x1
 1405 0045 0B        		.uleb128 0xb
 1406 0046 0B        		.uleb128 0xb
 1407 0047 3A        		.uleb128 0x3a
 1408 0048 0B        		.uleb128 0xb
 1409 0049 3B        		.uleb128 0x3b
 1410 004a 0B        		.uleb128 0xb
 1411 004b 39        		.uleb128 0x39
 1412 004c 0B        		.uleb128 0xb
 1413 004d 01        		.uleb128 0x1
 1414 004e 13        		.uleb128 0x13
 1415 004f 00        		.byte	0
 1416 0050 00        		.byte	0
 1417 0051 08        		.uleb128 0x8
 1418 0052 0D        		.uleb128 0xd
 1419 0053 00        		.byte	0
 1420 0054 03        		.uleb128 0x3
 1421 0055 08        		.uleb128 0x8
 1422 0056 3A        		.uleb128 0x3a
 1423 0057 0B        		.uleb128 0xb
 1424 0058 3B        		.uleb128 0x3b
 1425 0059 0B        		.uleb128 0xb
 1426 005a 39        		.uleb128 0x39
 1427 005b 0B        		.uleb128 0xb
 1428 005c 49        		.uleb128 0x49
 1429 005d 13        		.uleb128 0x13
 1430 005e 38        		.uleb128 0x38
 1431 005f 0A        		.uleb128 0xa
 1432 0060 00        		.byte	0
 1433 0061 00        		.byte	0
 1434 0062 09        		.uleb128 0x9
 1435 0063 0D        		.uleb128 0xd
 1436 0064 00        		.byte	0
 1437 0065 03        		.uleb128 0x3
 1438 0066 0E        		.uleb128 0xe
 1439 0067 3A        		.uleb128 0x3a
 1440 0068 0B        		.uleb128 0xb
 1441 0069 3B        		.uleb128 0x3b
 1442 006a 0B        		.uleb128 0xb
 1443 006b 39        		.uleb128 0x39
 1444 006c 0B        		.uleb128 0xb
 1445 006d 49        		.uleb128 0x49
 1446 006e 13        		.uleb128 0x13
 1447 006f 38        		.uleb128 0x38
 1448 0070 0A        		.uleb128 0xa
 1449 0071 00        		.byte	0
 1450 0072 00        		.byte	0
 1451 0073 0A        		.uleb128 0xa
 1452 0074 0D        		.uleb128 0xd
 1453 0075 00        		.byte	0
 1454 0076 03        		.uleb128 0x3
 1455 0077 0E        		.uleb128 0xe
 1456 0078 3A        		.uleb128 0x3a
 1457 0079 0B        		.uleb128 0xb
 1458 007a 3B        		.uleb128 0x3b
 1459 007b 0B        		.uleb128 0xb
 1460 007c 39        		.uleb128 0x39
 1461 007d 0B        		.uleb128 0xb
 1462 007e 49        		.uleb128 0x49
 1463 007f 13        		.uleb128 0x13
 1464 0080 0B        		.uleb128 0xb
 1465 0081 0B        		.uleb128 0xb
 1466 0082 0D        		.uleb128 0xd
 1467 0083 0B        		.uleb128 0xb
 1468 0084 0C        		.uleb128 0xc
 1469 0085 0B        		.uleb128 0xb
 1470 0086 38        		.uleb128 0x38
 1471 0087 0A        		.uleb128 0xa
 1472 0088 00        		.byte	0
 1473 0089 00        		.byte	0
 1474 008a 0B        		.uleb128 0xb
 1475 008b 34        		.uleb128 0x34
 1476 008c 00        		.byte	0
 1477 008d 03        		.uleb128 0x3
 1478 008e 0E        		.uleb128 0xe
 1479 008f 3A        		.uleb128 0x3a
 1480 0090 0B        		.uleb128 0xb
 1481 0091 3B        		.uleb128 0x3b
 1482 0092 0B        		.uleb128 0xb
 1483 0093 39        		.uleb128 0x39
 1484 0094 0B        		.uleb128 0xb
 1485 0095 49        		.uleb128 0x49
 1486 0096 13        		.uleb128 0x13
 1487 0097 3F        		.uleb128 0x3f
 1488 0098 0C        		.uleb128 0xc
 1489 0099 3C        		.uleb128 0x3c
 1490 009a 0C        		.uleb128 0xc
 1491 009b 00        		.byte	0
 1492 009c 00        		.byte	0
 1493 009d 0C        		.uleb128 0xc
 1494 009e 0F        		.uleb128 0xf
 1495 009f 00        		.byte	0
 1496 00a0 0B        		.uleb128 0xb
 1497 00a1 0B        		.uleb128 0xb
 1498 00a2 00        		.byte	0
 1499 00a3 00        		.byte	0
 1500 00a4 0D        		.uleb128 0xd
 1501 00a5 13        		.uleb128 0x13
 1502 00a6 01        		.byte	0x1
 1503 00a7 03        		.uleb128 0x3
 1504 00a8 0E        		.uleb128 0xe
 1505 00a9 0B        		.uleb128 0xb
 1506 00aa 0B        		.uleb128 0xb
 1507 00ab 3A        		.uleb128 0x3a
 1508 00ac 0B        		.uleb128 0xb
 1509 00ad 3B        		.uleb128 0x3b
 1510 00ae 0B        		.uleb128 0xb
 1511 00af 39        		.uleb128 0x39
 1512 00b0 0B        		.uleb128 0xb
 1513 00b1 01        		.uleb128 0x1
 1514 00b2 13        		.uleb128 0x13
 1515 00b3 00        		.byte	0
 1516 00b4 00        		.byte	0
 1517 00b5 0E        		.uleb128 0xe
 1518 00b6 0D        		.uleb128 0xd
 1519 00b7 00        		.byte	0
 1520 00b8 03        		.uleb128 0x3
 1521 00b9 0E        		.uleb128 0xe
 1522 00ba 3A        		.uleb128 0x3a
 1523 00bb 0B        		.uleb128 0xb
 1524 00bc 3B        		.uleb128 0x3b
 1525 00bd 05        		.uleb128 0x5
 1526 00be 39        		.uleb128 0x39
 1527 00bf 0B        		.uleb128 0xb
 1528 00c0 49        		.uleb128 0x49
 1529 00c1 13        		.uleb128 0x13
 1530 00c2 38        		.uleb128 0x38
 1531 00c3 0A        		.uleb128 0xa
 1532 00c4 00        		.byte	0
 1533 00c5 00        		.byte	0
 1534 00c6 0F        		.uleb128 0xf
 1535 00c7 0D        		.uleb128 0xd
 1536 00c8 00        		.byte	0
 1537 00c9 03        		.uleb128 0x3
 1538 00ca 08        		.uleb128 0x8
 1539 00cb 3A        		.uleb128 0x3a
 1540 00cc 0B        		.uleb128 0xb
 1541 00cd 3B        		.uleb128 0x3b
 1542 00ce 05        		.uleb128 0x5
 1543 00cf 39        		.uleb128 0x39
 1544 00d0 0B        		.uleb128 0xb
 1545 00d1 49        		.uleb128 0x49
 1546 00d2 13        		.uleb128 0x13
 1547 00d3 38        		.uleb128 0x38
 1548 00d4 0A        		.uleb128 0xa
 1549 00d5 00        		.byte	0
 1550 00d6 00        		.byte	0
 1551 00d7 10        		.uleb128 0x10
 1552 00d8 0F        		.uleb128 0xf
 1553 00d9 00        		.byte	0
 1554 00da 0B        		.uleb128 0xb
 1555 00db 0B        		.uleb128 0xb
 1556 00dc 49        		.uleb128 0x49
 1557 00dd 13        		.uleb128 0x13
 1558 00de 00        		.byte	0
 1559 00df 00        		.byte	0
 1560 00e0 11        		.uleb128 0x11
 1561 00e1 15        		.uleb128 0x15
 1562 00e2 01        		.byte	0x1
 1563 00e3 27        		.uleb128 0x27
 1564 00e4 0C        		.uleb128 0xc
 1565 00e5 49        		.uleb128 0x49
 1566 00e6 13        		.uleb128 0x13
 1567 00e7 01        		.uleb128 0x1
 1568 00e8 13        		.uleb128 0x13
 1569 00e9 00        		.byte	0
 1570 00ea 00        		.byte	0
 1571 00eb 12        		.uleb128 0x12
 1572 00ec 05        		.uleb128 0x5
 1573 00ed 00        		.byte	0
 1574 00ee 49        		.uleb128 0x49
 1575 00ef 13        		.uleb128 0x13
 1576 00f0 00        		.byte	0
 1577 00f1 00        		.byte	0
 1578 00f2 13        		.uleb128 0x13
 1579 00f3 01        		.uleb128 0x1
 1580 00f4 01        		.byte	0x1
 1581 00f5 49        		.uleb128 0x49
 1582 00f6 13        		.uleb128 0x13
 1583 00f7 01        		.uleb128 0x1
 1584 00f8 13        		.uleb128 0x13
 1585 00f9 00        		.byte	0
 1586 00fa 00        		.byte	0
 1587 00fb 14        		.uleb128 0x14
 1588 00fc 21        		.uleb128 0x21
 1589 00fd 00        		.byte	0
 1590 00fe 00        		.byte	0
 1591 00ff 00        		.byte	0
 1592 0100 15        		.uleb128 0x15
 1593 0101 34        		.uleb128 0x34
 1594 0102 00        		.byte	0
 1595 0103 03        		.uleb128 0x3
 1596 0104 0E        		.uleb128 0xe
 1597 0105 3A        		.uleb128 0x3a
 1598 0106 0B        		.uleb128 0xb
 1599 0107 3B        		.uleb128 0x3b
 1600 0108 05        		.uleb128 0x5
 1601 0109 39        		.uleb128 0x39
 1602 010a 0B        		.uleb128 0xb
 1603 010b 49        		.uleb128 0x49
 1604 010c 13        		.uleb128 0x13
 1605 010d 3F        		.uleb128 0x3f
 1606 010e 0C        		.uleb128 0xc
 1607 010f 3C        		.uleb128 0x3c
 1608 0110 0C        		.uleb128 0xc
 1609 0111 00        		.byte	0
 1610 0112 00        		.byte	0
 1611 0113 16        		.uleb128 0x16
 1612 0114 21        		.uleb128 0x21
 1613 0115 00        		.byte	0
 1614 0116 49        		.uleb128 0x49
 1615 0117 13        		.uleb128 0x13
 1616 0118 2F        		.uleb128 0x2f
 1617 0119 0B        		.uleb128 0xb
 1618 011a 00        		.byte	0
 1619 011b 00        		.byte	0
 1620 011c 17        		.uleb128 0x17
 1621 011d 17        		.uleb128 0x17
 1622 011e 01        		.byte	0x1
 1623 011f 0B        		.uleb128 0xb
 1624 0120 0B        		.uleb128 0xb
 1625 0121 3A        		.uleb128 0x3a
 1626 0122 0B        		.uleb128 0xb
 1627 0123 3B        		.uleb128 0x3b
 1628 0124 0B        		.uleb128 0xb
 1629 0125 39        		.uleb128 0x39
 1630 0126 0B        		.uleb128 0xb
 1631 0127 01        		.uleb128 0x1
 1632 0128 13        		.uleb128 0x13
 1633 0129 00        		.byte	0
 1634 012a 00        		.byte	0
 1635 012b 18        		.uleb128 0x18
 1636 012c 0D        		.uleb128 0xd
 1637 012d 00        		.byte	0
 1638 012e 03        		.uleb128 0x3
 1639 012f 08        		.uleb128 0x8
 1640 0130 3A        		.uleb128 0x3a
 1641 0131 0B        		.uleb128 0xb
 1642 0132 3B        		.uleb128 0x3b
 1643 0133 0B        		.uleb128 0xb
 1644 0134 39        		.uleb128 0x39
 1645 0135 0B        		.uleb128 0xb
 1646 0136 49        		.uleb128 0x49
 1647 0137 13        		.uleb128 0x13
 1648 0138 00        		.byte	0
 1649 0139 00        		.byte	0
 1650 013a 19        		.uleb128 0x19
 1651 013b 0D        		.uleb128 0xd
 1652 013c 00        		.byte	0
 1653 013d 49        		.uleb128 0x49
 1654 013e 13        		.uleb128 0x13
 1655 013f 00        		.byte	0
 1656 0140 00        		.byte	0
 1657 0141 1A        		.uleb128 0x1a
 1658 0142 0D        		.uleb128 0xd
 1659 0143 00        		.byte	0
 1660 0144 03        		.uleb128 0x3
 1661 0145 0E        		.uleb128 0xe
 1662 0146 3A        		.uleb128 0x3a
 1663 0147 0B        		.uleb128 0xb
 1664 0148 3B        		.uleb128 0x3b
 1665 0149 0B        		.uleb128 0xb
 1666 014a 39        		.uleb128 0x39
 1667 014b 0B        		.uleb128 0xb
 1668 014c 49        		.uleb128 0x49
 1669 014d 13        		.uleb128 0x13
 1670 014e 00        		.byte	0
 1671 014f 00        		.byte	0
 1672 0150 1B        		.uleb128 0x1b
 1673 0151 04        		.uleb128 0x4
 1674 0152 01        		.byte	0x1
 1675 0153 3E        		.uleb128 0x3e
 1676 0154 0B        		.uleb128 0xb
 1677 0155 0B        		.uleb128 0xb
 1678 0156 0B        		.uleb128 0xb
 1679 0157 49        		.uleb128 0x49
 1680 0158 13        		.uleb128 0x13
 1681 0159 3A        		.uleb128 0x3a
 1682 015a 0B        		.uleb128 0xb
 1683 015b 3B        		.uleb128 0x3b
 1684 015c 0B        		.uleb128 0xb
 1685 015d 39        		.uleb128 0x39
 1686 015e 0B        		.uleb128 0xb
 1687 015f 01        		.uleb128 0x1
 1688 0160 13        		.uleb128 0x13
 1689 0161 00        		.byte	0
 1690 0162 00        		.byte	0
 1691 0163 1C        		.uleb128 0x1c
 1692 0164 28        		.uleb128 0x28
 1693 0165 00        		.byte	0
 1694 0166 03        		.uleb128 0x3
 1695 0167 0E        		.uleb128 0xe
 1696 0168 1C        		.uleb128 0x1c
 1697 0169 0B        		.uleb128 0xb
 1698 016a 00        		.byte	0
 1699 016b 00        		.byte	0
 1700 016c 1D        		.uleb128 0x1d
 1701 016d 04        		.uleb128 0x4
 1702 016e 01        		.byte	0x1
 1703 016f 03        		.uleb128 0x3
 1704 0170 0E        		.uleb128 0xe
 1705 0171 3E        		.uleb128 0x3e
 1706 0172 0B        		.uleb128 0xb
 1707 0173 0B        		.uleb128 0xb
 1708 0174 0B        		.uleb128 0xb
 1709 0175 49        		.uleb128 0x49
 1710 0176 13        		.uleb128 0x13
 1711 0177 3A        		.uleb128 0x3a
 1712 0178 0B        		.uleb128 0xb
 1713 0179 3B        		.uleb128 0x3b
 1714 017a 0B        		.uleb128 0xb
 1715 017b 39        		.uleb128 0x39
 1716 017c 0B        		.uleb128 0xb
 1717 017d 01        		.uleb128 0x1
 1718 017e 13        		.uleb128 0x13
 1719 017f 00        		.byte	0
 1720 0180 00        		.byte	0
 1721 0181 1E        		.uleb128 0x1e
 1722 0182 34        		.uleb128 0x34
 1723 0183 00        		.byte	0
 1724 0184 03        		.uleb128 0x3
 1725 0185 0E        		.uleb128 0xe
 1726 0186 3A        		.uleb128 0x3a
 1727 0187 0B        		.uleb128 0xb
 1728 0188 3B        		.uleb128 0x3b
 1729 0189 0B        		.uleb128 0xb
 1730 018a 39        		.uleb128 0x39
 1731 018b 0B        		.uleb128 0xb
 1732 018c 49        		.uleb128 0x49
 1733 018d 13        		.uleb128 0x13
 1734 018e 3F        		.uleb128 0x3f
 1735 018f 0C        		.uleb128 0xc
 1736 0190 00        		.byte	0
 1737 0191 00        		.byte	0
 1738 0192 1F        		.uleb128 0x1f
 1739 0193 2E        		.uleb128 0x2e
 1740 0194 01        		.byte	0x1
 1741 0195 3F        		.uleb128 0x3f
 1742 0196 0C        		.uleb128 0xc
 1743 0197 03        		.uleb128 0x3
 1744 0198 0E        		.uleb128 0xe
 1745 0199 3A        		.uleb128 0x3a
 1746 019a 0B        		.uleb128 0xb
 1747 019b 3B        		.uleb128 0x3b
 1748 019c 0B        		.uleb128 0xb
 1749 019d 39        		.uleb128 0x39
 1750 019e 0B        		.uleb128 0xb
 1751 019f 27        		.uleb128 0x27
 1752 01a0 0C        		.uleb128 0xc
 1753 01a1 49        		.uleb128 0x49
 1754 01a2 13        		.uleb128 0x13
 1755 01a3 01        		.uleb128 0x1
 1756 01a4 13        		.uleb128 0x13
 1757 01a5 00        		.byte	0
 1758 01a6 00        		.byte	0
 1759 01a7 20        		.uleb128 0x20
 1760 01a8 05        		.uleb128 0x5
 1761 01a9 00        		.byte	0
 1762 01aa 03        		.uleb128 0x3
 1763 01ab 0E        		.uleb128 0xe
 1764 01ac 3A        		.uleb128 0x3a
 1765 01ad 0B        		.uleb128 0xb
 1766 01ae 3B        		.uleb128 0x3b
 1767 01af 0B        		.uleb128 0xb
 1768 01b0 39        		.uleb128 0x39
 1769 01b1 0B        		.uleb128 0xb
 1770 01b2 49        		.uleb128 0x49
 1771 01b3 13        		.uleb128 0x13
 1772 01b4 00        		.byte	0
 1773 01b5 00        		.byte	0
 1774 01b6 00        		.byte	0
 1775               		.section	.gnu.debuglto_.debug_line,"",@progbits
 1776               	.Ldebug_line0:
 1777 0000 3902 0000 		.long	.LELT0-.LSLT0
 1778               	.LSLT0:
 1779 0004 0200      		.word	0x2
 1780 0006 3302 0000 		.long	.LELTP0-.LASLTP0
 1781               	.LASLTP0:
 1782 000a 01        		.byte	0x1
 1783 000b 01        		.byte	0x1
 1784 000c F6        		.byte	0xf6
 1785 000d F2        		.byte	0xf2
 1786 000e 0D        		.byte	0xd
 1787 000f 00        		.byte	0
 1788 0010 01        		.byte	0x1
 1789 0011 01        		.byte	0x1
 1790 0012 01        		.byte	0x1
 1791 0013 01        		.byte	0x1
 1792 0014 00        		.byte	0
 1793 0015 00        		.byte	0
 1794 0016 00        		.byte	0
 1795 0017 01        		.byte	0x1
 1796 0018 00        		.byte	0
 1797 0019 00        		.byte	0
 1798 001a 01        		.byte	0x1
 1799 001b 653A 5C67 		.ascii	"e:\\game\\msys2\\mingw64\\avr\\include"
 1799      616D 655C 
 1799      6D73 7973 
 1799      325C 6D69 
 1799      6E67 7736 
 1800 003c 00        		.byte	0
 1801 003d 653A 5C67 		.ascii	"e:\\game\\msys2\\mingw64\\lib\\gcc\\avr\\8.4.0\\include"
 1801      616D 655C 
 1801      6D73 7973 
 1801      325C 6D69 
 1801      6E67 7736 
 1802 006c 00        		.byte	0
 1803 006d 6B65 7962 		.ascii	"keyboards/damapad"
 1803      6F61 7264 
 1803      732F 6461 
 1803      6D61 7061 
 1803      64
 1804 007e 00        		.byte	0
 1805 007f 6C69 622F 		.ascii	"lib/lufa/LUFA/Drivers/USB/Core"
 1805      6C75 6661 
 1805      2F4C 5546 
 1805      412F 4472 
 1805      6976 6572 
 1806 009d 00        		.byte	0
 1807 009e 6C69 622F 		.ascii	"lib/lufa/LUFA/Drivers/USB/Core/AVR8/.."
 1807      6C75 6661 
 1807      2F4C 5546 
 1807      412F 4472 
 1807      6976 6572 
 1808 00c4 00        		.byte	0
 1809 00c5 746D 6B5F 		.ascii	"tmk_core/common"
 1809      636F 7265 
 1809      2F63 6F6D 
 1809      6D6F 6E
 1810 00d4 00        		.byte	0
 1811 00d5 7175 616E 		.ascii	"quantum"
 1811      7475 6D
 1812 00dc 00        		.byte	0
 1813 00dd 7175 616E 		.ascii	"quantum/sequencer"
 1813      7475 6D2F 
 1813      7365 7175 
 1813      656E 6365 
 1813      72
 1814 00ee 00        		.byte	0
 1815 00ef 00        		.byte	0
 1816 00f0 7374 6469 		.string	"stdint.h"
 1816      6E74 2E68 
 1816      00
 1817 00f9 01        		.uleb128 0x1
 1818 00fa 00        		.uleb128 0
 1819 00fb 00        		.uleb128 0
 1820 00fc 7374 6464 		.string	"stddef.h"
 1820      6566 2E68 
 1820      00
 1821 0105 02        		.uleb128 0x2
 1822 0106 00        		.uleb128 0
 1823 0107 00        		.uleb128 0
 1824 0108 6B65 7962 		.string	"keyboard.h"
 1824      6F61 7264 
 1824      2E68 00
 1825 0113 06        		.uleb128 0x6
 1826 0114 00        		.uleb128 0
 1827 0115 00        		.uleb128 0
 1828 0116 6163 7469 		.string	"action.h"
 1828      6F6E 2E68 
 1828      00
 1829 011f 06        		.uleb128 0x6
 1830 0120 00        		.uleb128 0
 1831 0121 00        		.uleb128 0
 1832 0122 4156 5238 		.string	"AVR8/../StdRequestType.h"
 1832      2F2E 2E2F 
 1832      5374 6452 
 1832      6571 7565 
 1832      7374 5479 
 1833 013b 04        		.uleb128 0x4
 1834 013c 00        		.uleb128 0
 1835 013d 00        		.uleb128 0
 1836 013e 4156 5238 		.string	"AVR8/../DeviceStandardReq.h"
 1836      2F2E 2E2F 
 1836      4465 7669 
 1836      6365 5374 
 1836      616E 6461 
 1837 015a 04        		.uleb128 0x4
 1838 015b 00        		.uleb128 0
 1839 015c 00        		.uleb128 0
 1840 015d 5553 4254 		.string	"USBTask.h"
 1840      6173 6B2E 
 1840      6800 
 1841 0167 04        		.uleb128 0x4
 1842 0168 00        		.uleb128 0
 1843 0169 00        		.uleb128 0
 1844 016a 486F 7374 		.string	"HostStandardReq.h"
 1844      5374 616E 
 1844      6461 7264 
 1844      5265 712E 
 1844      6800 
 1845 017c 04        		.uleb128 0x4
 1846 017d 00        		.uleb128 0
 1847 017e 00        		.uleb128 0
 1848 017f 7374 6469 		.string	"stdio.h"
 1848      6F2E 6800 
 1849 0187 01        		.uleb128 0x1
 1850 0188 00        		.uleb128 0
 1851 0189 00        		.uleb128 0
 1852 018a 7265 706F 		.string	"report.h"
 1852      7274 2E68 
 1852      00
 1853 0193 06        		.uleb128 0x6
 1854 0194 00        		.uleb128 0
 1855 0195 00        		.uleb128 0
 1856 0196 686F 7374 		.string	"host.h"
 1856      2E68 00
 1857 019d 06        		.uleb128 0x6
 1858 019e 00        		.uleb128 0
 1859 019f 00        		.uleb128 0
 1860 01a0 6465 6275 		.string	"debug.h"
 1860      672E 6800 
 1861 01a8 06        		.uleb128 0x6
 1862 01a9 00        		.uleb128 0
 1863 01aa 00        		.uleb128 0
 1864 01ab 6B65 7963 		.string	"keycode_config.h"
 1864      6F64 655F 
 1864      636F 6E66 
 1864      6967 2E68 
 1864      00
 1865 01bc 07        		.uleb128 0x7
 1866 01bd 00        		.uleb128 0
 1867 01be 00        		.uleb128 0
 1868 01bf 7469 6D65 		.string	"timer.h"
 1868      722E 6800 
 1869 01c7 06        		.uleb128 0x6
 1870 01c8 00        		.uleb128 0
 1871 01c9 00        		.uleb128 0
 1872 01ca 7365 7175 		.string	"sequencer/sequencer.h"
 1872      656E 6365 
 1872      722F 7365 
 1872      7175 656E 
 1872      6365 722E 
 1873 01e0 07        		.uleb128 0x7
 1874 01e1 00        		.uleb128 0
 1875 01e2 00        		.uleb128 0
 1876 01e3 6B65 796D 		.string	"keymap.h"
 1876      6170 2E68 
 1876      00
 1877 01ec 07        		.uleb128 0x7
 1878 01ed 00        		.uleb128 0
 1879 01ee 00        		.uleb128 0
 1880 01ef 6163 7469 		.string	"action_layer.h"
 1880      6F6E 5F6C 
 1880      6179 6572 
 1880      2E68 00
 1881 01fe 06        		.uleb128 0x6
 1882 01ff 00        		.uleb128 0
 1883 0200 00        		.uleb128 0
 1884 0201 6163 7469 		.string	"action_util.h"
 1884      6F6E 5F75 
 1884      7469 6C2E 
 1884      6800 
 1885 020f 06        		.uleb128 0x6
 1886 0210 00        		.uleb128 0
 1887 0211 00        		.uleb128 0
 1888 0212 7365 6E64 		.string	"send_string.h"
 1888      5F73 7472 
 1888      696E 672E 
 1888      6800 
 1889 0220 07        		.uleb128 0x7
 1890 0221 00        		.uleb128 0
 1891 0222 00        		.uleb128 0
 1892 0223 7374 646C 		.string	"stdlib.h"
 1892      6962 2E68 
 1892      00
 1893 022c 01        		.uleb128 0x1
 1894 022d 00        		.uleb128 0
 1895 022e 00        		.uleb128 0
 1896 022f 6461 6D61 		.string	"damapad.c"
 1896      7061 642E 
 1896      6300 
 1897 0239 03        		.uleb128 0x3
 1898 023a 00        		.uleb128 0
 1899 023b 00        		.uleb128 0
 1900 023c 00        		.byte	0
 1901               	.LELTP0:
 1902               	.LELT0:
 1903               		.section	.gnu.debuglto_.debug_str,"MS",@progbits,1
 1904               	.LASF27:
 1905 0000 7749 6E64 		.string	"wIndex"
 1905      6578 00
 1906               	.LASF20:
 1907 0007 636F 756E 		.string	"count"
 1907      7400 
 1908               	.LASF87:
 1909 000d 7472 6163 		.string	"track_notes"
 1909      6B5F 6E6F 
 1909      7465 7300 
 1910               	.LASF91:
 1911 0019 5345 5155 		.string	"SEQUENCER_PHASE_ATTACK"
 1911      454E 4345 
 1911      525F 5048 
 1911      4153 455F 
 1911      4154 5441 
 1912               	.LASF10:
 1913 0030 7369 7A65 		.string	"size_t"
 1913      5F74 00
 1914               	.LASF90:
 1915 0037 7365 7175 		.string	"sequencer_config_t"
 1915      656E 6365 
 1915      725F 636F 
 1915      6E66 6967 
 1915      5F74 00
 1916               	.LASF110:
 1917 004a 6173 6369 		.string	"ascii_to_altgr_lut"
 1917      695F 746F 
 1917      5F61 6C74 
 1917      6772 5F6C 
 1917      7574 00
 1918               	.LASF66:
 1919 005d 7377 6170 		.string	"swap_grave_esc"
 1919      5F67 7261 
 1919      7665 5F65 
 1919      7363 00
 1920               	.LASF102:
 1921 006c 7365 7175 		.string	"sequencer_internal_state"
 1921      656E 6365 
 1921      725F 696E 
 1921      7465 726E 
 1921      616C 5F73 
 1922               	.LASF83:
 1923 0085 5345 5155 		.string	"SEQUENCER_RESOLUTIONS"
 1923      454E 4345 
 1923      525F 5245 
 1923      534F 4C55 
 1923      5449 4F4E 
 1924               	.LASF74:
 1925 009b 5351 5F52 		.string	"SQ_RES_2"
 1925      4553 5F32 
 1925      00
 1926               	.LASF76:
 1927 00a4 5351 5F52 		.string	"SQ_RES_4"
 1927      4553 5F34 
 1927      00
 1928               	.LASF78:
 1929 00ad 5351 5F52 		.string	"SQ_RES_8"
 1929      4553 5F38 
 1929      00
 1930               	.LASF23:
 1931 00b6 6B65 7972 		.string	"keyrecord_t"
 1931      6563 6F72 
 1931      645F 7400 
 1932               	.LASF79:
 1933 00c2 5351 5F52 		.string	"SQ_RES_8T"
 1933      4553 5F38 
 1933      5400 
 1934               	.LASF119:
 1935 00cc 6B65 7962 		.string	"keyboards/damapad/damapad.c"
 1935      6F61 7264 
 1935      732F 6461 
 1935      6D61 7061 
 1935      642F 6461 
 1936               	.LASF96:
 1937 00e8 6375 7272 		.string	"current_track"
 1937      656E 745F 
 1937      7472 6163 
 1937      6B00 
 1938               	.LASF21:
 1939 00f6 7461 705F 		.string	"tap_t"
 1939      7400 
 1940               	.LASF118:
 1941 00fc 474E 5520 		.string	"GNU C99 8.4.0 -mn-flash=1 -mno-skip-bug -mmcu=avr5 -gdwarf-2 -Os -std=gnu99 -funsigned-ch
 1941      4339 3920 
 1941      382E 342E 
 1941      3020 2D6D 
 1941      6E2D 666C 
 1942               	.LASF56:
 1943 01ed 6D61 7472 		.string	"matrix"
 1943      6978 00
 1944               	.LASF22:
 1945 01f4 6576 656E 		.string	"event"
 1945      7400 
 1946               	.LASF25:
 1947 01fa 6252 6571 		.string	"bRequest"
 1947      7565 7374 
 1947      00
 1948               	.LASF116:
 1949 0203 6B65 7963 		.string	"keycode"
 1949      6F64 6500 
 1950               	.LASF8:
 1951 020b 6C6F 6E67 		.string	"long long int"
 1951      206C 6F6E 
 1951      6720 696E 
 1951      7400 
 1952               	.LASF0:
 1953 0219 7369 676E 		.string	"signed char"
 1953      6564 2063 
 1953      6861 7200 
 1954               	.LASF61:
 1955 0225 7377 6170 		.string	"swap_control_capslock"
 1955      5F63 6F6E 
 1955      7472 6F6C 
 1955      5F63 6170 
 1955      736C 6F63 
 1956               	.LASF73:
 1957 023b 7469 6D65 		.string	"timer_count"
 1957      725F 636F 
 1957      756E 7400 
 1958               	.LASF9:
 1959 0247 6C6F 6E67 		.string	"long long unsigned int"
 1959      206C 6F6E 
 1959      6720 756E 
 1959      7369 676E 
 1959      6564 2069 
 1960               	.LASF75:
 1961 025e 5351 5F52 		.string	"SQ_RES_2T"
 1961      4553 5F32 
 1961      5400 
 1962               	.LASF103:
 1963 0268 6B65 796D 		.string	"keymaps"
 1963      6170 7300 
 1964               	.LASF114:
 1965 0270 5F5F 6D61 		.string	"__malloc_heap_start"
 1965      6C6C 6F63 
 1965      5F68 6561 
 1965      705F 7374 
 1965      6172 7400 
 1966               	.LASF99:
 1967 0284 7068 6173 		.string	"phase"
 1967      6500 
 1968               	.LASF50:
 1969 028a 6269 7473 		.string	"bits"
 1969      00
 1970               	.LASF5:
 1971 028f 6C6F 6E67 		.string	"long int"
 1971      2069 6E74 
 1971      00
 1972               	.LASF41:
 1973 0298 7564 6174 		.string	"udata"
 1973      6100 
 1974               	.LASF29:
 1975 029e 5553 425F 		.string	"USB_Request_Header_t"
 1975      5265 7175 
 1975      6573 745F 
 1975      4865 6164 
 1975      6572 5F74 
 1976               	.LASF26:
 1977 02b3 7756 616C 		.string	"wValue"
 1977      7565 00
 1978               	.LASF82:
 1979 02ba 5351 5F52 		.string	"SQ_RES_32"
 1979      4553 5F33 
 1979      3200 
 1980               	.LASF3:
 1981 02c4 7569 6E74 		.string	"uint16_t"
 1981      3136 5F74 
 1981      00
 1982               	.LASF51:
 1983 02cd 6E6B 726F 		.string	"nkro"
 1983      00
 1984               	.LASF37:
 1985 02d2 5553 425F 		.string	"USB_Host_ConfigurationNumber"
 1985      486F 7374 
 1985      5F43 6F6E 
 1985      6669 6775 
 1985      7261 7469 
 1986               	.LASF71:
 1987 02ef 6B65 796D 		.string	"keymap_config_t"
 1987      6170 5F63 
 1987      6F6E 6669 
 1987      675F 7400 
 1988               	.LASF81:
 1989 02ff 5351 5F52 		.string	"SQ_RES_16T"
 1989      4553 5F31 
 1989      3654 00
 1990               	.LASF115:
 1991 030a 5F5F 6D61 		.string	"__malloc_heap_end"
 1991      6C6C 6F63 
 1991      5F68 6561 
 1991      705F 656E 
 1991      6400 
 1992               	.LASF24:
 1993 031c 626D 5265 		.string	"bmRequestType"
 1993      7175 6573 
 1993      7454 7970 
 1993      6500 
 1994               	.LASF101:
 1995 032a 7365 7175 		.string	"sequencer_config"
 1995      656E 6365 
 1995      725F 636F 
 1995      6E66 6967 
 1995      00
 1996               	.LASF45:
 1997 033b 7265 7365 		.string	"reserved"
 1997      7276 6564 
 1997      00
 1998               	.LASF113:
 1999 0344 5F5F 6D61 		.string	"__malloc_margin"
 1999      6C6C 6F63 
 1999      5F6D 6172 
 1999      6769 6E00 
 2000               	.LASF4:
 2001 0354 756E 7369 		.string	"unsigned int"
 2001      676E 6564 
 2001      2069 6E74 
 2001      00
 2002               	.LASF36:
 2003 0361 5553 425F 		.string	"USB_DeviceState"
 2003      4465 7669 
 2003      6365 5374 
 2003      6174 6500 
 2004               	.LASF7:
 2005 0371 6C6F 6E67 		.string	"long unsigned int"
 2005      2075 6E73 
 2005      6967 6E65 
 2005      6420 696E 
 2005      7400 
 2006               	.LASF65:
 2007 0383 6E6F 5F67 		.string	"no_gui"
 2007      7569 00
 2008               	.LASF31:
 2009 038a 5553 425F 		.string	"USB_Device_ConfigurationNumber"
 2009      4465 7669 
 2009      6365 5F43 
 2009      6F6E 6669 
 2009      6775 7261 
 2010               	.LASF40:
 2011 03a9 7369 7A65 		.string	"size"
 2011      00
 2012               	.LASF52:
 2013 03ae 7265 706F 		.string	"report_keyboard_t"
 2013      7274 5F6B 
 2013      6579 626F 
 2013      6172 645F 
 2013      7400 
 2014               	.LASF57:
 2015 03c0 6B65 7962 		.string	"keyboard"
 2015      6F61 7264 
 2015      00
 2016               	.LASF93:
 2017 03c9 5345 5155 		.string	"SEQUENCER_PHASE_PAUSE"
 2017      454E 4345 
 2017      525F 5048 
 2017      4153 455F 
 2017      5041 5553 
 2018               	.LASF33:
 2019 03df 5553 425F 		.string	"USB_Device_CurrentlySelfPowered"
 2019      4465 7669 
 2019      6365 5F43 
 2019      7572 7265 
 2019      6E74 6C79 
 2020               	.LASF77:
 2021 03ff 5351 5F52 		.string	"SQ_RES_4T"
 2021      4553 5F34 
 2021      5400 
 2022               	.LASF120:
 2023 0409 443A 5C44 		.string	"D:\\Download\\vial-qmk"
 2023      6F77 6E6C 
 2023      6F61 645C 
 2023      7669 616C 
 2023      2D71 6D6B 
 2024               	.LASF122:
 2025 041e 7072 6F63 		.string	"process_record_user"
 2025      6573 735F 
 2025      7265 636F 
 2025      7264 5F75 
 2025      7365 7200 
 2026               	.LASF63:
 2027 0432 7377 6170 		.string	"swap_lalt_lgui"
 2027      5F6C 616C 
 2027      745F 6C67 
 2027      7569 00
 2028               	.LASF35:
 2029 0441 5553 425F 		.string	"USB_ControlRequest"
 2029      436F 6E74 
 2029      726F 6C52 
 2029      6571 7565 
 2029      7374 00
 2030               	.LASF67:
 2031 0454 7377 6170 		.string	"swap_backslash_backspace"
 2031      5F62 6163 
 2031      6B73 6C61 
 2031      7368 5F62 
 2031      6163 6B73 
 2032               	.LASF112:
 2033 046d 6173 6369 		.string	"ascii_to_keycode_lut"
 2033      695F 746F 
 2033      5F6B 6579 
 2033      636F 6465 
 2033      5F6C 7574 
 2034               	.LASF43:
 2035 0482 5F5F 696F 		.string	"__iob"
 2035      6200 
 2036               	.LASF84:
 2037 0488 7365 7175 		.string	"sequencer_resolution_t"
 2037      656E 6365 
 2037      725F 7265 
 2037      736F 6C75 
 2037      7469 6F6E 
 2038               	.LASF55:
 2039 049f 656E 6162 		.string	"enable"
 2039      6C65 00
 2040               	.LASF70:
 2041 04a6 6F6E 6573 		.string	"oneshot_disable"
 2041      686F 745F 
 2041      6469 7361 
 2041      626C 6500 
 2042               	.LASF97:
 2043 04b6 6375 7272 		.string	"current_step"
 2043      656E 745F 
 2043      7374 6570 
 2043      00
 2044               	.LASF121:
 2045 04c3 6F6C 6564 		.string	"oled_tracker"
 2045      5F74 7261 
 2045      636B 6572 
 2045      00
 2046               	.LASF13:
 2047 04d0 7469 6D65 		.string	"time"
 2047      00
 2048               	.LASF46:
 2049 04d5 6B65 7973 		.string	"keys"
 2049      00
 2050               	.LASF117:
 2051 04da 7265 636F 		.string	"record"
 2051      7264 00
 2052               	.LASF49:
 2053 04e1 7265 706F 		.string	"report_id"
 2053      7274 5F69 
 2053      6400 
 2054               	.LASF108:
 2055 04eb 6B65 7962 		.string	"keyboard_report"
 2055      6F61 7264 
 2055      5F72 6570 
 2055      6F72 7400 
 2056               	.LASF107:
 2057 04fb 6C61 7965 		.string	"layer_state"
 2057      725F 7374 
 2057      6174 6500 
 2058               	.LASF104:
 2059 0507 666E 5F61 		.string	"fn_actions"
 2059      6374 696F 
 2059      6E73 00
 2060               	.LASF14:
 2061 0512 5F42 6F6F 		.string	"_Bool"
 2061      6C00 
 2062               	.LASF1:
 2063 0518 756E 7369 		.string	"unsigned char"
 2063      676E 6564 
 2063      2063 6861 
 2063      7200 
 2064               	.LASF47:
 2065 0526 5F5F 6669 		.string	"__file"
 2065      6C65 00
 2066               	.LASF15:
 2067 052d 6B65 7965 		.string	"keyevent_t"
 2067      7665 6E74 
 2067      5F74 00
 2068               	.LASF62:
 2069 0538 6361 7073 		.string	"capslock_to_control"
 2069      6C6F 636B 
 2069      5F74 6F5F 
 2069      636F 6E74 
 2069      726F 6C00 
 2070               	.LASF64:
 2071 054c 7377 6170 		.string	"swap_ralt_rgui"
 2071      5F72 616C 
 2071      745F 7267 
 2071      7569 00
 2072               	.LASF60:
 2073 055b 6465 6275 		.string	"debug_config"
 2073      675F 636F 
 2073      6E66 6967 
 2073      00
 2074               	.LASF48:
 2075 0568 6E6B 726F 		.string	"nkro_report"
 2075      5F72 6570 
 2075      6F72 7400 
 2076               	.LASF72:
 2077 0574 6B65 796D 		.string	"keymap_config"
 2077      6170 5F63 
 2077      6F6E 6669 
 2077      6700 
 2078               	.LASF6:
 2079 0582 7569 6E74 		.string	"uint32_t"
 2079      3332 5F74 
 2079      00
 2080               	.LASF85:
 2081 058b 656E 6162 		.string	"enabled"
 2081      6C65 6400 
 2082               	.LASF94:
 2083 0593 7365 7175 		.string	"sequencer_phase_t"
 2083      656E 6365 
 2083      725F 7068 
 2083      6173 655F 
 2083      7400 
 2084               	.LASF53:
 2085 05a5 6B65 7962 		.string	"keyboard_idle"
 2085      6F61 7264 
 2085      5F69 646C 
 2085      6500 
 2086               	.LASF42:
 2087 05b3 6368 6172 		.string	"char"
 2087      00
 2088               	.LASF105:
 2089 05b8 6C61 7965 		.string	"layer_state_t"
 2089      725F 7374 
 2089      6174 655F 
 2089      7400 
 2090               	.LASF11:
 2091 05c6 6B65 7970 		.string	"keypos_t"
 2091      6F73 5F74 
 2091      00
 2092               	.LASF89:
 2093 05cf 7265 736F 		.string	"resolution"
 2093      6C75 7469 
 2093      6F6E 00
 2094               	.LASF44:
 2095 05da 6D6F 6473 		.string	"mods"
 2095      00
 2096               	.LASF88:
 2097 05df 7465 6D70 		.string	"tempo"
 2097      6F00 
 2098               	.LASF109:
 2099 05e5 6173 6369 		.string	"ascii_to_shift_lut"
 2099      695F 746F 
 2099      5F73 6869 
 2099      6674 5F6C 
 2099      7574 00
 2100               	.LASF58:
 2101 05f8 6D6F 7573 		.string	"mouse"
 2101      6500 
 2102               	.LASF106:
 2103 05fe 6465 6661 		.string	"default_layer_state"
 2103      756C 745F 
 2103      6C61 7965 
 2103      725F 7374 
 2103      6174 6500 
 2104               	.LASF30:
 2105 0612 6469 7361 		.string	"disable_action_cache"
 2105      626C 655F 
 2105      6163 7469 
 2105      6F6E 5F63 
 2105      6163 6865 
 2106               	.LASF100:
 2107 0627 7365 7175 		.string	"sequencer_state_t"
 2107      656E 6365 
 2107      725F 7374 
 2107      6174 655F 
 2107      7400 
 2108               	.LASF59:
 2109 0639 6465 6275 		.string	"debug_config_t"
 2109      675F 636F 
 2109      6E66 6967 
 2109      5F74 00
 2110               	.LASF12:
 2111 0648 7072 6573 		.string	"pressed"
 2111      7365 6400 
 2112               	.LASF34:
 2113 0650 5553 425F 		.string	"USB_IsInitialized"
 2113      4973 496E 
 2113      6974 6961 
 2113      6C69 7A65 
 2113      6400 
 2114               	.LASF16:
 2115 0662 696E 7465 		.string	"interrupted"
 2115      7272 7570 
 2115      7465 6400 
 2116               	.LASF32:
 2117 066e 5553 425F 		.string	"USB_Device_RemoteWakeupEnabled"
 2117      4465 7669 
 2117      6365 5F52 
 2117      656D 6F74 
 2117      6557 616B 
 2118               	.LASF2:
 2119 068d 7569 6E74 		.string	"uint8_t"
 2119      385F 7400 
 2120               	.LASF39:
 2121 0695 666C 6167 		.string	"flags"
 2121      7300 
 2122               	.LASF98:
 2123 069b 7469 6D65 		.string	"timer"
 2123      7200 
 2124               	.LASF54:
 2125 06a1 6B65 7962 		.string	"keyboard_protocol"
 2125      6F61 7264 
 2125      5F70 726F 
 2125      746F 636F 
 2125      6C00 
 2126               	.LASF111:
 2127 06b3 6173 6369 		.string	"ascii_to_dead_lut"
 2127      695F 746F 
 2127      5F64 6561 
 2127      645F 6C75 
 2127      7400 
 2128               	.LASF38:
 2129 06c5 756E 6765 		.string	"unget"
 2129      7400 
 2130               	.LASF28:
 2131 06cb 774C 656E 		.string	"wLength"
 2131      6774 6800 
 2132               	.LASF69:
 2133 06d3 7377 6170 		.string	"swap_rctl_rgui"
 2133      5F72 6374 
 2133      6C5F 7267 
 2133      7569 00
 2134               	.LASF95:
 2135 06e2 6163 7469 		.string	"active_tracks"
 2135      7665 5F74 
 2135      7261 636B 
 2135      7300 
 2136               	.LASF19:
 2137 06f0 7265 7365 		.string	"reserved0"
 2137      7276 6564 
 2137      3000 
 2138               	.LASF18:
 2139 06fa 7265 7365 		.string	"reserved1"
 2139      7276 6564 
 2139      3100 
 2140               	.LASF17:
 2141 0704 7265 7365 		.string	"reserved2"
 2141      7276 6564 
 2141      3200 
 2142               	.LASF92:
 2143 070e 5345 5155 		.string	"SEQUENCER_PHASE_RELEASE"
 2143      454E 4345 
 2143      525F 5048 
 2143      4153 455F 
 2143      5245 4C45 
 2144               	.LASF68:
 2145 0726 7377 6170 		.string	"swap_lctl_lgui"
 2145      5F6C 6374 
 2145      6C5F 6C67 
 2145      7569 00
 2146               	.LASF86:
 2147 0735 7374 6570 		.string	"steps"
 2147      7300 
 2148               	.LASF80:
 2149 073b 5351 5F52 		.string	"SQ_RES_16"
 2149      4553 5F31 
 2149      3600 
 2150               		.text
 2151               		.section	.gnu.lto_.profile.61d1cb92,"",@progbits
 2152 0000 789C 6367 		.string	"x\234cg`f`d"
 2152      6066 6064 
 2152      00
 2153 0009 0200      		.string	"\002"
 2154 000b 00        		.string	""
 2155 000c 6200      		.string	"b"
 2156 000e 0C        		.ascii	"\f"
 2157               		.text
 2158               		.section	.gnu.lto_.icf.61d1cb92,"",@progbits
 2159 0000 789C 6367 		.string	"x\234cg`f\340c@"
 2159      6066 E063 
 2159      4000 
 2160 000a 2686 436F 		.string	"&\206Co\356\265p1\256\371{\343:\033\003"
 2160      EEB5 7031 
 2160      AEF9 7BE3 
 2160      3A1B 0300 
 2161 001a 3299 0694 		.ascii	"2\231\006\224"
 2162               		.text
 2163               		.section	.gnu.lto_.jmpfuncs.61d1cb92,"",@progbits
 2164 0000 789C 6367 		.string	"x\234cg`f\340g@"
 2164      6066 E067 
 2164      4000 
 2165 000a 4606 2646 		.string	"F\006&FF&\206\231\314\f\3653\231\031\031"
 2165      4626 8699 
 2165      CC0C F533 
 2165      9919 1900 
 2166 001a 0CFF 01D9 		.ascii	"\f\377\001\331"
 2167               		.text
 2168               		.section	.gnu.lto_.inline.61d1cb92,"",@progbits
 2169 0000 789C 458D 		.ascii	"x\234E\215\273\r\2000\020C\355\273|\240\"\003\260]h\021L\200"
 2169      BB0D 8030 
 2169      1043 EDBB 
 2169      7CA0 2203 
 2169      B05D 6811 
 2170 0016 A0A3 034A 		.ascii	"\240\243\003J\206`\002\226#$B\274\312\262\374\361P\364\370!P"
 2170      8660 0296 
 2170      2324 42BC 
 2170      CAB2 FCF1 
 2170      50F4 F821 
 2171 002b CF09 DF51 		.ascii	"\317\t\337QY\215\207r\331\366\253Y\365T!x\263\325\300j\370\004"
 2171      598D 8772 
 2171      D9F6 AB59 
 2171      F554 2178 
 2171      B3D5 C06A 
 2172 0041 A1C1 024B 		.ascii	"\241\301\002KjL\200{\233&\n$\355dO\020\004\266\330\b%\340\242"
 2172      6A4C 807B 
 2172      9B26 0A24 
 2172      ED64 4F10 
 2172      04B6 D808 
 2173 0058 81C9 670F 		.ascii	"\201\311g\017\032\347\026n"
 2173      1AE7 166E 
 2174               		.text
 2175               		.section	.gnu.lto_.pureconst.61d1cb92,"",@progbits
 2176 0000 789C 6367 		.string	"x\234cg`f`a```d\230\311\002"
 2176      6066 6061 
 2176      6060 6064 
 2176      98C9 0200 
 2177 0010 01D8 00   		.string	"\001\330"
 2178 0013 AD        		.ascii	"\255"
 2179               		.text
 2180               		.section	.gnu.lto_process_record_user.61d1cb92,"",@progbits
 2181 0000 789C 8D53 		.string	"x\234\215SMkSA\024\235\363\356\344%\366\003\225n\024\003\272\020\032\252T\243.\n\335\324\
 2181      4D6B 5341 
 2181      149D F3EE 
 2181      E425 F603 
 2181      956E 1403 
 2182 008c E728 4768 		.ascii	"\347(Gh\314\275\377\322\332UR\312Qn\276\276=SrQ !FH\340`\020"
 2182      CCBD FFD2 
 2182      DA55 52CA 
 2182      516E BEBE 
 2182      3D53 7251 
 2183 00a7 FB83 427F 		.ascii	"\373\203B\177\230F\027\357\255\326\257Nl>K\005\002,^."
 2183      9846 17EF 
 2183      ADD6 AF4E 
 2183      6C3E 4B05 
 2183      022C 5E2E 
 2184 00bb D63F AC04 		.string	"\326?\254\004\364\322\302\026^\226\027FnH\332\t\301\370\333\374\352%_h\302\250\276>\242\3
 2184      F4D2 C216 
 2184      5E96 1746 
 2184      6E48 DA09 
 2184      C1F8 DBFC 
 2185 01bc 47C6 C8F3 		.ascii	"G\306\310\363\363}\362\316h\013\227b\254T\221\001\236\351C\360"
 2185      F37D F2CE 
 2185      680B 9762 
 2185      AC54 9101 
 2185      9EE9 43F0 
 2186 01d0 9C4D 1BC1 		.ascii	"\234M\033\301!x\202\304\232:\360\346\274\t\374\227\336\213_z"
 2186      2178 82C4 
 2186      9A3A F0E6 
 2186      BC09 FC97 
 2186      DE8B 5F7A 
 2187 01e4 35D6 6311 		.ascii	"5\326c\021c^\376\321\362\345Vc\376\023\234btC\371s\345k\324\253"
 2187      635E FED1 
 2187      F2E5 5663 
 2187      FE13 9C62 
 2187      7443 F973 
 2188 01fc 1998 F76A 		.ascii	"\031\230\367j\316r9\206\305\217!x<q:\232\214\244\342\247\366"
 2188      CE72 3986 
 2188      C58F 2178 
 2188      3C71 3A9A 
 2188      8CA4 E2A7 
 2189 0211 C523 2722 		.ascii	"\305#'\"'#\361\346\334\035\023~N\306\222\361D\307\317Pw8z\240"
 2189      2723 F1E6 
 2189      DC1D 137E 
 2189      4EC6 92F1 
 2189      44C7 CF50 
 2190 0229 A7A7 BFFF 		.ascii	"\247\247\277\377\220\260S\211X2\025\377\001D\242\370\034"
 2190      90B0 5389 
 2190      5832 15FF 
 2190      0144 A2F8 
 2190      1C
 2191               		.text
 2192               		.section	.gnu.lto_.symbol_nodes.61d1cb92,"",@progbits
 2193 0000 789C 6367 		.string	"x\234cg`fPe"
 2193      6066 5065 
 2193      00
 2194 0009 02A6 6F0C 		.string	"\002\246o\f\365\fM\r\r\r,\214\023\3161"
 2194      F50C 4D0D 
 2194      0D0D 2C8C 
 2194      13CE 3100 
 2195 0019 D90C BB1A 		.string	"\331\f\273\032\034\031\030\2012\254_\031\030\032\225@j"
 2195      1C19 1881 
 2195      32AC 5F19 
 2195      181A 9540 
 2195      6A00 
 2196 002b C7DF 08A4 		.ascii	"\307\337\b\244"
 2197               		.text
 2198               		.section	.gnu.lto_.refs.61d1cb92,"",@progbits
 2199 0000 789C 6367 		.string	"x\234cg`f\340d```b``deddg"
 2199      6066 E064 
 2199      6060 6062 
 2199      6060 6465 
 2199      6464 6700 
 2200 0014 00        		.string	""
 2201 0015 0170 00   		.string	"\001p"
 2202 0018 25        		.ascii	"%"
 2203               		.text
 2204               		.section	.gnu.lto_.decls.61d1cb92,"",@progbits
 2205 0000 789C 8D56 		.ascii	"x\234\215V[LTG\030\236\377\314.,\207E\254\313\003\215\373@cV"
 2205      5B4C 5447 
 2205      189E FFCC 
 2205      2E2C 8745 
 2205      ACCB 038D 
 2206 0018 CB8B 5C34 		.ascii	"\313\213\\4\026\323\304\207^\223>\364\241i\2236i\262\342\262"
 2206      16D3 C487 
 2206      5E93 3EF4 
 2206      A169 9336 
 2206      69B2 E2B2 
 2207 002c 46A3 B09B 		.ascii	"F\243\260\233e\261\351\333\001\\D4\026D\251\256\267%\326K\265"
 2207      65B1 E9DB 
 2207      015C 4434 
 2207      1644 A9AE 
 2207      B725 D64B 
 2208 0041 546B AC8D 		.ascii	"Tk\254\215\367-*\024\254\225\213\"\210\262\n\270\240\"\250("
 2208      F72D 2A14 
 2208      AC95 8B22 
 2208      88B2 0AB8 
 2208      A022 A828 
 2209 0055 8A0A F49F 		.string	"\212\n\364\237\231\263\273\007\004\333\t\263s\373\377\357\373\347\233\371\207\023M(\311\2
 2209      99B3 BB07 
 2209      04DB 09B3 
 2209      73FB FFEF 
 2209      FBE7 9BF9 
 2210 0156 4801 3158 		.ascii	"H\0011X\275\n\2063\035\352!\206\254aq\371\025_\022\020\230g\206"
 2210      BD0A 8633 
 2210      1DEA 2186 
 2210      AC61 71F9 
 2210      155F 1210 
 2211 016d 540C E02F 		.ascii	"T\f\340/\214\212-\021\270\210\016u\030\223W1\360\031\304\334"
 2211      8C8A 2D11 
 2211      B888 0E75 
 2211      1893 5731 
 2211      F019 C4DC 
 2212 0181 7971 E71A 		.ascii	"yq\347\032#\375\232\343w\335W\016E\323oy\277\350d\345M\026\257"
 2212      23FD 9AE3 
 2212      77DD 570E 
 2212      45D3 6F79 
 2212      BFE8 64E5 
 2213 0198 19B5 058D 		.ascii	"\031\265\005\215\264f!\355\317\273\366\237\217\243\213y\277\255"
 2213      B466 21ED 
 2213      CFBB F69F 
 2213      8FA3 8B79 
 2213      BFAD 
 2214 01aa E776 A941 		.ascii	"\347v\251A\b\342\367)Q\211a\342\006\340\366\\\216\313H\375\017"
 2214      08E2 F729 
 2214      5189 61E2 
 2214      06E0 F65C 
 2214      8ECB 48FD 
 2215 01bf 52A3 FDBA 		.ascii	"R\243\375\272\007mez\272\214\371\352\372\236_\356\006\260\230"
 2215      076D 657A 
 2215      BA8C F9EA 
 2215      FA9E 5FEE 
 2215      06B0 98
 2216 01d2 922D BBB9 		.ascii	"\222-\273\271\177\317\216\214\346\302|\345\360bh\004\031\232"
 2216      7FCF 8E8C 
 2216      E6C2 7CE5 
 2216      F062 6804 
 2216      199A 
 2217 01e4 10E0 0A98 		.ascii	"\020\340\n\230T<\"~\322\314\354\364\331)6(\240Q\237pS$\203\253"
 2217      543C 227E 
 2217      D2CC ECF4 
 2217      D929 3628 
 2217      A051 9F70 
 2218 01fc 900C 2D60 		.ascii	"\220\f-`\201f\260\260\003\336\307l\375\301r\212\347\316l\b\217"
 2218      8166 B0B0 
 2218      03DE C76C 
 2218      FDC1 728A 
 2218      E7CE 6C08 
 2219 0211 482D 82B6 		.ascii	"H-\202\266\277\231\256V\374\371\224\263^\232\300\232\022a\245"
 2219      BF99 AE56 
 2219      FCF9 94B3 
 2219      5E9A C09A 
 2219      1261 A5
 2220 0224 7077 E0DA 		.ascii	"pw\340\332\357\361\264\030X\364\222\267\367\271\023L\311\223"
 2220      EFF1 B418 
 2220      58F4 92B7 
 2220      F7B9 134C 
 2220      C993 
 2221 0236 0403 6D18 		.ascii	"\004\003m\030\303\033\343\031\235\307\302iE\223k\310\247F\304"
 2221      C31B E319 
 2221      9DC7 C269 
 2221      4593 6BC8 
 2221      A746 C4
 2222 0249 C3E3 3C6B 		.ascii	"\303\343<k\375%\347eZ\306y\364\033\275\217\207\243\300\222l\261"
 2222      FD25 E765 
 2222      5AC6 79F4 
 2222      1BBD 8F87 
 2222      A3C0 926C 
 2223 025e 9876 73E7 		.ascii	"\230vs\347\216n\352\341\3612\377\277\321?\200mD\210H\304\202"
 2223      8E6E EAE1 
 2223      F132 FFBF 
 2223      D13F 806D 
 2223      4488 48C4 
 2224 0273 AB65 13DF 		.ascii	"\253e\023\337{`\322\275\007\273\325\275\343\215\200Z\025+\264"
 2224      7B60 D2BD 
 2224      07BB D5BD 
 2224      E38D 805A 
 2224      152B B4
 2225 0286 7781 C7A1 		.ascii	"w\201\307\241\204\365\275/\225\365\211\354N\303\365\327hk`\374"
 2225      84F5 BD2F 
 2225      95F5 89EC 
 2225      4EC3 F5D7 
 2225      686B 60FC 
 2226 029a F994 7249 		.ascii	"\371\224rI\316\343\3729\276"
 2226      CEE3 FA39 
 2226      BE
 2227 02a3 1250 F5B8 		.string	"\022P\365\270\201z\264\243\0367\261v\bMp\307W\373\237\365\312\264B({\364\325C\257\021\222
 2227      817A B4A3 
 2227      1E37 B176 
 2227      084D 70C7 
 2227      57FB 9FF5 
 2228 03a4 EA55 FAB8 		.string	"\352U\372\270\241\0258\334\275\251Y\356B$\260\316\260\303\375\251\035\322#\366/\270=J\002
 2228      A115 38DC 
 2228      BDA9 59EE 
 2228      4224 B0CE 
 2228      B0C3 FDA9 
 2229 0475 F952 F254 		.string	"\371R\362T\273@\242MG\217\325ScI\370\3776\007\216<^\205\222\221\303c\213\306\207\1779\354
 2229      BB40 A24D 
 2229      478F D553 
 2229      6349 F8FF 
 2229      3607 8E3C 
 2230 0506 2456 88AB 		.string	"$V\210\253\256$\211\234\r\335\226b)\021\177\327\240%g\360n\270\323'\317\252T|\267\360\211
 2230      AE24 899C 
 2230      0DDD 9662 
 2230      2911 7FD7 
 2230      A025 67F0 
 2231 0539 73CE BE45 		.ascii	"s\316\276E`\2554\013\335+\373\n\333\342\351\021\021\240\367\306"
 2231      60AD 340B 
 2231      DD2B FB0A 
 2231      DBE2 E911 
 2231      11A0 F7C6 
 2232 054d 6F5B F5B3 		.ascii	"o[\365\263\177R|\325\212\377\372'\212\221\363\226\b\2140?\033"
 2232      7F52 7CD5 
 2232      8AFF FA27 
 2232      8A91 F396 
 2232      088C 303F 
 2233 0562 E387 D09C 		.ascii	"\343\207\320\234#\210\261N\232\215n-U\025Mq\332\233\301\334\""
 2233      2388 B14E 
 2233      9A8D 6E2D 
 2233      5515 4D71 
 2233      DA9B C1DC 
 2234 0577 3763 BD7A 		.ascii	"7c\275z3X;s\205\375\373%\216LWVnJVfv\24633+\324\316\265\031>"
 2234      3358 3B73 
 2234      85FD FB25 
 2234      8E4C 5756 
 2234      6E4A 5666 
 2235 0595 FDFC ABA4 		.ascii	"\375\374\253\244\017\027.$\246\360\324\334\264%\351\031\031K"
 2235      0F17 2E24 
 2235      A6F0 D4DC 
 2235      B425 E919 
 2235      194B 
 2236 05a7 97CE 2786 		.ascii	"\227\316'\206\274\3459\356\264\005V\267\336\276\312\236\343\216"
 2236      BCE5 39EE 
 2236      B405 56B7 
 2236      DEBE CA9E 
 2236      E38E 
 2237 05b9 76BA ECB9 		.ascii	"v\272\354\271\271\366,\275\365\003\207c%ETjs\254\214fF\031V7"
 2237      B9F6 2CBD 
 2237      F503 8763 
 2237      2545 546A 
 2237      73AC 8C66 
 2238 05d1 7539 BE9B 		.ascii	"u9\276\233\351\316^a\2659\\\366\024\233#;\333\221\223\022b\236"
 2238      E9CE 5E61 
 2238      B539 5CF6 
 2238      149B 233B 
 2238      DB91 9312 
 2239 05e7 BB8C 18B0 		.ascii	"\273\214\030\260\357t\344Z\335:\367\362l\273\214#\016\212\216"
 2239      EF74 E45A 
 2239      DD3A F7F2 
 2239      6CBB 8C23 
 2239      0E8A 8E
 2240 05fa EE4C 670C 		.ascii	"\356Lg\f\"\333]\253\354Y\251\341^Z\270\227\036\213\fv\227+\317"
 2240      22DB 5DAB 
 2240      EC59 A9E1 
 2240      5E5A B897 
 2240      1E8B 0C76 
 2241 0611 E946 729B 		.ascii	"\351Fr\233#/\307\375\366D\242L\233{\271#\007i\364\210fu\307\""
 2241      232F C7FD 
 2241      F644 A24C 
 2241      9B7B B923 
 2241      0769 F488 
 2242 0629 BCCB 8E06 		.ascii	"\274\313\216\006YV\267\311\351r\3300p\253:\221\207\250\3467H"
 2242      5956 B7C9 
 2242      E972 D830 
 2242      70AB 3A91 
 2242      87A8 E637 
 2243 063e 428C 8E95 		.ascii	"B\214\216\225v\364se\332V\330]\377\002Q\0132["
 2243      76F4 7365 
 2243      DA56 D85D 
 2243      FF02 510B 
 2243      325B 
 2244               		.text
 2245               		.section	.gnu.lto_.symtab.61d1cb92,"",@progbits
 2246 0000 7072 6F63 		.string	"process_record_user"
 2246      6573 735F 
 2246      7265 636F 
 2246      7264 5F75 
 2246      7365 7200 
 2247 0014 00        		.string	""
 2248 0015 00        		.string	""
 2249 0016 00        		.string	""
 2250 0017 00        		.string	""
 2251 0018 00        		.string	""
 2252 0019 00        		.string	""
 2253 001a 00        		.string	""
 2254 001b 00        		.string	""
 2255 001c 00        		.string	""
 2256 001d 00        		.string	""
 2257 001e 00        		.string	""
 2258 001f 0901 00   		.string	"\t\001"
 2259 0022 00        		.string	""
 2260 0023 6F6C 6564 		.string	"oled_tracker"
 2260      5F74 7261 
 2260      636B 6572 
 2260      00
 2261 0030 00        		.string	""
 2262 0031 00        		.string	""
 2263 0032 00        		.string	""
 2264 0033 00        		.string	""
 2265 0034 00        		.string	""
 2266 0035 00        		.string	""
 2267 0036 00        		.string	""
 2268 0037 00        		.string	""
 2269 0038 00        		.string	""
 2270 0039 00        		.string	""
 2271 003a 00        		.string	""
 2272 003b 0B01 00   		.string	"\013\001"
 2273 003e 00        		.string	""
 2274               		.text
 2275               		.section	.gnu.lto_.opts,"",@progbits
 2276 0000 272D 666E 		.ascii	"'-fn"
 2277 0004 6F2D 6F70 		.string	"o-openmp' '-fno-openacc' '-fno-pie' '-mn-flash=1' '-mno-skip-bug' '-mmcu=avr5' '-Os' '-We
 2277      656E 6D70 
 2277      2720 272D 
 2277      666E 6F2D 
 2277      6F70 656E 
 2278               		.text
 2279               		.comm	__gnu_lto_v1,1,1
 2280               		.comm	__gnu_lto_slim,1,1
 2281               		.ident	"GCC: (GNU) 8.4.0"
DEFINED SYMBOLS
                            *ABS*:0000000000000000 damapad.c
C:\Users\Roningo\AppData\Local\Temp\ccqso8HR.s:2      *ABS*:000000000000003e __SP_H__
C:\Users\Roningo\AppData\Local\Temp\ccqso8HR.s:3      *ABS*:000000000000003d __SP_L__
C:\Users\Roningo\AppData\Local\Temp\ccqso8HR.s:4      *ABS*:000000000000003f __SREG__
C:\Users\Roningo\AppData\Local\Temp\ccqso8HR.s:5      *ABS*:0000000000000000 __tmp_reg__
C:\Users\Roningo\AppData\Local\Temp\ccqso8HR.s:6      *ABS*:0000000000000001 __zero_reg__
C:\Users\Roningo\AppData\Local\Temp\ccqso8HR.s:32     .gnu.debuglto_.debug_info:0000000000000000 damapad.c.1b288ff4
                            *COM*:0000000000000001 __gnu_lto_v1
                            *COM*:0000000000000001 __gnu_lto_slim

NO UNDEFINED SYMBOLS
