   1               		.file	"magic.c"
   2               	__SP_H__ = 0x3e
   3               	__SP_L__ = 0x3d
   4               	__SREG__ = 0x3f
   5               	__tmp_reg__ = 0
   6               	__zero_reg__ = 1
   7               		.file 1 "e:\\game\\msys2\\mingw64\\avr\\include\\stdint.h"
   8               		.file 2 "tmk_core/common/debug.h"
   9               		.file 3 "tmk_core/common/avr/xprintf.h"
  10               		.file 4 "tmk_core/common/action.h"
  11               		.file 5 "lib/lufa/LUFA/Drivers/USB/Core/AVR8/../StdRequestType.h"
  12               		.file 6 "lib/lufa/LUFA/Drivers/USB/Core/AVR8/../DeviceStandardReq.h"
  13               		.file 7 "lib/lufa/LUFA/Drivers/USB/Core/USBTask.h"
  14               		.file 8 "lib/lufa/LUFA/Drivers/USB/Core/HostStandardReq.h"
  15               		.file 9 "e:\\game\\msys2\\mingw64\\avr\\include\\stdio.h"
  16               		.file 10 "tmk_core/common/host.h"
  17               		.file 11 "quantum/keycode_config.h"
  18               		.file 12 "tmk_core/common/timer.h"
  19               		.file 13 "quantum/sequencer/sequencer.h"
  20               		.file 14 "quantum/keymap.h"
  21               		.file 15 "tmk_core/common/action_layer.h"
  22               		.file 16 "quantum/bootmagic/magic.c"
  23               		.section	.gnu.debuglto_.debug_info,"",@progbits
  24               	.Ldebug_info0:
  25               		.hidden	magic.c.0470da1b
  26               		.weak	magic.c.0470da1b
  27               	magic.c.0470da1b:
  28 0000 5806 0000 		.long	0x658
  29 0004 0200      		.word	0x2
  30 0006 0000 0000 		.long	.Ldebug_abbrev0
  31 000a 04        		.byte	0x4
  32 000b 01        		.uleb128 0x1
  33 000c 0000 0000 		.long	.LASF89
  34 0010 0C        		.byte	0xc
  35 0011 0000 0000 		.long	.LASF90
  36 0015 0000 0000 		.long	.LASF91
  37 0019 0000 0000 		.long	.Ldebug_line0
  38 001d 02        		.uleb128 0x2
  39 001e 01        		.byte	0x1
  40 001f 06        		.byte	0x6
  41 0020 0000 0000 		.long	.LASF0
  42 0024 03        		.uleb128 0x3
  43 0025 0000 0000 		.long	.LASF2
  44 0029 01        		.byte	0x1
  45 002a 7E        		.byte	0x7e
  46 002b 16        		.byte	0x16
  47 002c 3500 0000 		.long	0x35
  48 0030 04        		.uleb128 0x4
  49 0031 2400 0000 		.long	0x24
  50 0035 02        		.uleb128 0x2
  51 0036 01        		.byte	0x1
  52 0037 08        		.byte	0x8
  53 0038 0000 0000 		.long	.LASF1
  54 003c 05        		.uleb128 0x5
  55 003d 02        		.byte	0x2
  56 003e 05        		.byte	0x5
  57 003f 696E 7400 		.string	"int"
  58 0043 03        		.uleb128 0x3
  59 0044 0000 0000 		.long	.LASF3
  60 0048 01        		.byte	0x1
  61 0049 80        		.byte	0x80
  62 004a 16        		.byte	0x16
  63 004b 5400 0000 		.long	0x54
  64 004f 06        		.uleb128 0x6
  65 0050 4300 0000 		.long	0x43
  66 0054 02        		.uleb128 0x2
  67 0055 02        		.byte	0x2
  68 0056 07        		.byte	0x7
  69 0057 0000 0000 		.long	.LASF4
  70 005b 02        		.uleb128 0x2
  71 005c 04        		.byte	0x4
  72 005d 05        		.byte	0x5
  73 005e 0000 0000 		.long	.LASF5
  74 0062 03        		.uleb128 0x3
  75 0063 0000 0000 		.long	.LASF6
  76 0067 01        		.byte	0x1
  77 0068 82        		.byte	0x82
  78 0069 16        		.byte	0x16
  79 006a 7300 0000 		.long	0x73
  80 006e 04        		.uleb128 0x4
  81 006f 6200 0000 		.long	0x62
  82 0073 02        		.uleb128 0x2
  83 0074 04        		.byte	0x4
  84 0075 07        		.byte	0x7
  85 0076 0000 0000 		.long	.LASF7
  86 007a 02        		.uleb128 0x2
  87 007b 08        		.byte	0x8
  88 007c 05        		.byte	0x5
  89 007d 0000 0000 		.long	.LASF8
  90 0081 02        		.uleb128 0x2
  91 0082 08        		.byte	0x8
  92 0083 07        		.byte	0x7
  93 0084 0000 0000 		.long	.LASF9
  94 0088 07        		.uleb128 0x7
  95 0089 01        		.byte	0x1
  96 008a 9400 0000 		.long	0x94
  97 008e 08        		.uleb128 0x8
  98 008f 2400 0000 		.long	0x24
  99 0093 00        		.byte	0
 100 0094 09        		.uleb128 0x9
 101 0095 0000 0000 		.long	.LASF17
 102 0099 03        		.byte	0x3
 103 009a 0E        		.byte	0xe
 104 009b 0F        		.byte	0xf
 105 009c A200 0000 		.long	0xa2
 106 00a0 01        		.byte	0x1
 107 00a1 01        		.byte	0x1
 108 00a2 0A        		.uleb128 0xa
 109 00a3 02        		.byte	0x2
 110 00a4 8800 0000 		.long	0x88
 111 00a8 0B        		.uleb128 0xb
 112 00a9 01        		.byte	0x1
 113 00aa 02        		.byte	0x2
 114 00ab 1F        		.byte	0x1f
 115 00ac 05        		.byte	0x5
 116 00ad 0C01 0000 		.long	0x10c
 117 00b1 0C        		.uleb128 0xc
 118 00b2 0000 0000 		.long	.LASF10
 119 00b6 02        		.byte	0x2
 120 00b7 20        		.byte	0x20
 121 00b8 11        		.byte	0x11
 122 00b9 0C01 0000 		.long	0x10c
 123 00bd 01        		.byte	0x1
 124 00be 01        		.byte	0x1
 125 00bf 07        		.byte	0x7
 126 00c0 02        		.byte	0x2
 127 00c1 23        		.byte	0x23
 128 00c2 00        		.uleb128 0
 129 00c3 0C        		.uleb128 0xc
 130 00c4 0000 0000 		.long	.LASF11
 131 00c8 02        		.byte	0x2
 132 00c9 21        		.byte	0x21
 133 00ca 11        		.byte	0x11
 134 00cb 0C01 0000 		.long	0x10c
 135 00cf 01        		.byte	0x1
 136 00d0 01        		.byte	0x1
 137 00d1 06        		.byte	0x6
 138 00d2 02        		.byte	0x2
 139 00d3 23        		.byte	0x23
 140 00d4 00        		.uleb128 0
 141 00d5 0C        		.uleb128 0xc
 142 00d6 0000 0000 		.long	.LASF12
 143 00da 02        		.byte	0x2
 144 00db 22        		.byte	0x22
 145 00dc 11        		.byte	0x11
 146 00dd 0C01 0000 		.long	0x10c
 147 00e1 01        		.byte	0x1
 148 00e2 01        		.byte	0x1
 149 00e3 05        		.byte	0x5
 150 00e4 02        		.byte	0x2
 151 00e5 23        		.byte	0x23
 152 00e6 00        		.uleb128 0
 153 00e7 0C        		.uleb128 0xc
 154 00e8 0000 0000 		.long	.LASF13
 155 00ec 02        		.byte	0x2
 156 00ed 23        		.byte	0x23
 157 00ee 11        		.byte	0x11
 158 00ef 0C01 0000 		.long	0x10c
 159 00f3 01        		.byte	0x1
 160 00f4 01        		.byte	0x1
 161 00f5 04        		.byte	0x4
 162 00f6 02        		.byte	0x2
 163 00f7 23        		.byte	0x23
 164 00f8 00        		.uleb128 0
 165 00f9 0C        		.uleb128 0xc
 166 00fa 0000 0000 		.long	.LASF14
 167 00fe 02        		.byte	0x2
 168 00ff 24        		.byte	0x24
 169 0100 11        		.byte	0x11
 170 0101 2400 0000 		.long	0x24
 171 0105 01        		.byte	0x1
 172 0106 04        		.byte	0x4
 173 0107 00        		.byte	0
 174 0108 02        		.byte	0x2
 175 0109 23        		.byte	0x23
 176 010a 00        		.uleb128 0
 177 010b 00        		.byte	0
 178 010c 02        		.uleb128 0x2
 179 010d 01        		.byte	0x1
 180 010e 02        		.byte	0x2
 181 010f 0000 0000 		.long	.LASF15
 182 0113 04        		.uleb128 0x4
 183 0114 0C01 0000 		.long	0x10c
 184 0118 0D        		.uleb128 0xd
 185 0119 01        		.byte	0x1
 186 011a 02        		.byte	0x2
 187 011b 1E        		.byte	0x1e
 188 011c 09        		.byte	0x9
 189 011d 3301 0000 		.long	0x133
 190 0121 0E        		.uleb128 0xe
 191 0122 A800 0000 		.long	0xa8
 192 0126 0F        		.uleb128 0xf
 193 0127 7261 7700 		.string	"raw"
 194 012b 02        		.byte	0x2
 195 012c 26        		.byte	0x26
 196 012d 0D        		.byte	0xd
 197 012e 2400 0000 		.long	0x24
 198 0132 00        		.byte	0
 199 0133 03        		.uleb128 0x3
 200 0134 0000 0000 		.long	.LASF16
 201 0138 02        		.byte	0x2
 202 0139 27        		.byte	0x27
 203 013a 03        		.byte	0x3
 204 013b 1801 0000 		.long	0x118
 205 013f 09        		.uleb128 0x9
 206 0140 0000 0000 		.long	.LASF18
 207 0144 02        		.byte	0x2
 208 0145 29        		.byte	0x29
 209 0146 17        		.byte	0x17
 210 0147 3301 0000 		.long	0x133
 211 014b 01        		.byte	0x1
 212 014c 01        		.byte	0x1
 213 014d 09        		.uleb128 0x9
 214 014e 0000 0000 		.long	.LASF19
 215 0152 04        		.byte	0x4
 216 0153 4B        		.byte	0x4b
 217 0154 0D        		.byte	0xd
 218 0155 0C01 0000 		.long	0x10c
 219 0159 01        		.byte	0x1
 220 015a 01        		.byte	0x1
 221 015b 0B        		.uleb128 0xb
 222 015c 08        		.byte	0x8
 223 015d 05        		.byte	0x5
 224 015e A3        		.byte	0xa3
 225 015f 0C        		.byte	0xc
 226 0160 B001 0000 		.long	0x1b0
 227 0164 10        		.uleb128 0x10
 228 0165 0000 0000 		.long	.LASF20
 229 0169 05        		.byte	0x5
 230 016a A5        		.byte	0xa5
 231 016b 0E        		.byte	0xe
 232 016c 2400 0000 		.long	0x24
 233 0170 02        		.byte	0x2
 234 0171 23        		.byte	0x23
 235 0172 00        		.uleb128 0
 236 0173 10        		.uleb128 0x10
 237 0174 0000 0000 		.long	.LASF21
 238 0178 05        		.byte	0x5
 239 0179 A6        		.byte	0xa6
 240 017a 0E        		.byte	0xe
 241 017b 2400 0000 		.long	0x24
 242 017f 02        		.byte	0x2
 243 0180 23        		.byte	0x23
 244 0181 01        		.uleb128 0x1
 245 0182 10        		.uleb128 0x10
 246 0183 0000 0000 		.long	.LASF22
 247 0187 05        		.byte	0x5
 248 0188 A7        		.byte	0xa7
 249 0189 0E        		.byte	0xe
 250 018a 4300 0000 		.long	0x43
 251 018e 02        		.byte	0x2
 252 018f 23        		.byte	0x23
 253 0190 02        		.uleb128 0x2
 254 0191 10        		.uleb128 0x10
 255 0192 0000 0000 		.long	.LASF23
 256 0196 05        		.byte	0x5
 257 0197 A8        		.byte	0xa8
 258 0198 0E        		.byte	0xe
 259 0199 4300 0000 		.long	0x43
 260 019d 02        		.byte	0x2
 261 019e 23        		.byte	0x23
 262 019f 04        		.uleb128 0x4
 263 01a0 10        		.uleb128 0x10
 264 01a1 0000 0000 		.long	.LASF24
 265 01a5 05        		.byte	0x5
 266 01a6 A9        		.byte	0xa9
 267 01a7 0E        		.byte	0xe
 268 01a8 4300 0000 		.long	0x43
 269 01ac 02        		.byte	0x2
 270 01ad 23        		.byte	0x23
 271 01ae 06        		.uleb128 0x6
 272 01af 00        		.byte	0
 273 01b0 03        		.uleb128 0x3
 274 01b1 0000 0000 		.long	.LASF25
 275 01b5 05        		.byte	0x5
 276 01b6 AA        		.byte	0xaa
 277 01b7 12        		.byte	0x12
 278 01b8 5B01 0000 		.long	0x15b
 279 01bc 09        		.uleb128 0x9
 280 01bd 0000 0000 		.long	.LASF26
 281 01c1 06        		.byte	0x6
 282 01c2 5E        		.byte	0x5e
 283 01c3 13        		.byte	0x13
 284 01c4 2400 0000 		.long	0x24
 285 01c8 01        		.byte	0x1
 286 01c9 01        		.byte	0x1
 287 01ca 09        		.uleb128 0x9
 288 01cb 0000 0000 		.long	.LASF27
 289 01cf 06        		.byte	0x6
 290 01d0 6E        		.byte	0x6e
 291 01d1 11        		.byte	0x11
 292 01d2 0C01 0000 		.long	0x10c
 293 01d6 01        		.byte	0x1
 294 01d7 01        		.byte	0x1
 295 01d8 09        		.uleb128 0x9
 296 01d9 0000 0000 		.long	.LASF28
 297 01dd 06        		.byte	0x6
 298 01de 78        		.byte	0x78
 299 01df 11        		.byte	0x11
 300 01e0 0C01 0000 		.long	0x10c
 301 01e4 01        		.byte	0x1
 302 01e5 01        		.byte	0x1
 303 01e6 09        		.uleb128 0x9
 304 01e7 0000 0000 		.long	.LASF29
 305 01eb 07        		.byte	0x7
 306 01ec 51        		.byte	0x51
 307 01ed 19        		.byte	0x19
 308 01ee 1301 0000 		.long	0x113
 309 01f2 01        		.byte	0x1
 310 01f3 01        		.byte	0x1
 311 01f4 09        		.uleb128 0x9
 312 01f5 0000 0000 		.long	.LASF30
 313 01f9 07        		.byte	0x7
 314 01fa 5B        		.byte	0x5b
 315 01fb 21        		.byte	0x21
 316 01fc B001 0000 		.long	0x1b0
 317 0200 01        		.byte	0x1
 318 0201 01        		.byte	0x1
 319 0202 09        		.uleb128 0x9
 320 0203 0000 0000 		.long	.LASF31
 321 0207 07        		.byte	0x7
 322 0208 90        		.byte	0x90
 323 0209 1E        		.byte	0x1e
 324 020a 3000 0000 		.long	0x30
 325 020e 01        		.byte	0x1
 326 020f 01        		.byte	0x1
 327 0210 09        		.uleb128 0x9
 328 0211 0000 0000 		.long	.LASF32
 329 0215 08        		.byte	0x8
 330 0216 67        		.byte	0x67
 331 0217 13        		.byte	0x13
 332 0218 2400 0000 		.long	0x24
 333 021c 01        		.byte	0x1
 334 021d 01        		.byte	0x1
 335 021e 11        		.uleb128 0x11
 336 021f 02        		.byte	0x2
 337 0220 12        		.uleb128 0x12
 338 0221 0000 0000 		.long	.LASF92
 339 0225 0E        		.byte	0xe
 340 0226 09        		.byte	0x9
 341 0227 F4        		.byte	0xf4
 342 0228 08        		.byte	0x8
 343 0229 AB02 0000 		.long	0x2ab
 344 022d 13        		.uleb128 0x13
 345 022e 6275 6600 		.string	"buf"
 346 0232 09        		.byte	0x9
 347 0233 F5        		.byte	0xf5
 348 0234 08        		.byte	0x8
 349 0235 AB02 0000 		.long	0x2ab
 350 0239 02        		.byte	0x2
 351 023a 23        		.byte	0x23
 352 023b 00        		.uleb128 0
 353 023c 10        		.uleb128 0x10
 354 023d 0000 0000 		.long	.LASF33
 355 0241 09        		.byte	0x9
 356 0242 F6        		.byte	0xf6
 357 0243 10        		.byte	0x10
 358 0244 3500 0000 		.long	0x35
 359 0248 02        		.byte	0x2
 360 0249 23        		.byte	0x23
 361 024a 02        		.uleb128 0x2
 362 024b 10        		.uleb128 0x10
 363 024c 0000 0000 		.long	.LASF34
 364 0250 09        		.byte	0x9
 365 0251 F7        		.byte	0xf7
 366 0252 0A        		.byte	0xa
 367 0253 2400 0000 		.long	0x24
 368 0257 02        		.byte	0x2
 369 0258 23        		.byte	0x23
 370 0259 03        		.uleb128 0x3
 371 025a 14        		.uleb128 0x14
 372 025b 0000 0000 		.long	.LASF35
 373 025f 09        		.byte	0x9
 374 0260 0701      		.word	0x107
 375 0262 06        		.byte	0x6
 376 0263 3C00 0000 		.long	0x3c
 377 0267 02        		.byte	0x2
 378 0268 23        		.byte	0x23
 379 0269 04        		.uleb128 0x4
 380 026a 15        		.uleb128 0x15
 381 026b 6C65 6E00 		.string	"len"
 382 026f 09        		.byte	0x9
 383 0270 0801      		.word	0x108
 384 0272 06        		.byte	0x6
 385 0273 3C00 0000 		.long	0x3c
 386 0277 02        		.byte	0x2
 387 0278 23        		.byte	0x23
 388 0279 06        		.uleb128 0x6
 389 027a 15        		.uleb128 0x15
 390 027b 7075 7400 		.string	"put"
 391 027f 09        		.byte	0x9
 392 0280 0901      		.word	0x109
 393 0282 08        		.byte	0x8
 394 0283 D302 0000 		.long	0x2d3
 395 0287 02        		.byte	0x2
 396 0288 23        		.byte	0x23
 397 0289 08        		.uleb128 0x8
 398 028a 15        		.uleb128 0x15
 399 028b 6765 7400 		.string	"get"
 400 028f 09        		.byte	0x9
 401 0290 0A01      		.word	0x10a
 402 0292 08        		.byte	0x8
 403 0293 E902 0000 		.long	0x2e9
 404 0297 02        		.byte	0x2
 405 0298 23        		.byte	0x23
 406 0299 0A        		.uleb128 0xa
 407 029a 14        		.uleb128 0x14
 408 029b 0000 0000 		.long	.LASF36
 409 029f 09        		.byte	0x9
 410 02a0 0B01      		.word	0x10b
 411 02a2 08        		.byte	0x8
 412 02a3 1E02 0000 		.long	0x21e
 413 02a7 02        		.byte	0x2
 414 02a8 23        		.byte	0x23
 415 02a9 0C        		.uleb128 0xc
 416 02aa 00        		.byte	0
 417 02ab 0A        		.uleb128 0xa
 418 02ac 02        		.byte	0x2
 419 02ad B102 0000 		.long	0x2b1
 420 02b1 02        		.uleb128 0x2
 421 02b2 01        		.byte	0x1
 422 02b3 08        		.byte	0x8
 423 02b4 0000 0000 		.long	.LASF37
 424 02b8 16        		.uleb128 0x16
 425 02b9 01        		.byte	0x1
 426 02ba 3C00 0000 		.long	0x3c
 427 02be CD02 0000 		.long	0x2cd
 428 02c2 08        		.uleb128 0x8
 429 02c3 B102 0000 		.long	0x2b1
 430 02c7 08        		.uleb128 0x8
 431 02c8 CD02 0000 		.long	0x2cd
 432 02cc 00        		.byte	0
 433 02cd 0A        		.uleb128 0xa
 434 02ce 02        		.byte	0x2
 435 02cf 2002 0000 		.long	0x220
 436 02d3 0A        		.uleb128 0xa
 437 02d4 02        		.byte	0x2
 438 02d5 B802 0000 		.long	0x2b8
 439 02d9 16        		.uleb128 0x16
 440 02da 01        		.byte	0x1
 441 02db 3C00 0000 		.long	0x3c
 442 02df E902 0000 		.long	0x2e9
 443 02e3 08        		.uleb128 0x8
 444 02e4 CD02 0000 		.long	0x2cd
 445 02e8 00        		.byte	0
 446 02e9 0A        		.uleb128 0xa
 447 02ea 02        		.byte	0x2
 448 02eb D902 0000 		.long	0x2d9
 449 02ef 17        		.uleb128 0x17
 450 02f0 CD02 0000 		.long	0x2cd
 451 02f4 FA02 0000 		.long	0x2fa
 452 02f8 18        		.uleb128 0x18
 453 02f9 00        		.byte	0
 454 02fa 19        		.uleb128 0x19
 455 02fb 0000 0000 		.long	.LASF38
 456 02ff 09        		.byte	0x9
 457 0300 9701      		.word	0x197
 458 0302 17        		.byte	0x17
 459 0303 EF02 0000 		.long	0x2ef
 460 0307 01        		.byte	0x1
 461 0308 01        		.byte	0x1
 462 0309 17        		.uleb128 0x17
 463 030a 2400 0000 		.long	0x24
 464 030e 1903 0000 		.long	0x319
 465 0312 1A        		.uleb128 0x1a
 466 0313 5400 0000 		.long	0x54
 467 0317 0F        		.byte	0xf
 468 0318 00        		.byte	0
 469 0319 09        		.uleb128 0x9
 470 031a 0000 0000 		.long	.LASF39
 471 031e 0A        		.byte	0xa
 472 031f 24        		.byte	0x24
 473 0320 10        		.byte	0x10
 474 0321 2400 0000 		.long	0x24
 475 0325 01        		.byte	0x1
 476 0326 01        		.byte	0x1
 477 0327 09        		.uleb128 0x9
 478 0328 0000 0000 		.long	.LASF40
 479 032c 0A        		.byte	0xa
 480 032d 25        		.byte	0x25
 481 032e 10        		.byte	0x10
 482 032f 2400 0000 		.long	0x24
 483 0333 01        		.byte	0x1
 484 0334 01        		.byte	0x1
 485 0335 0B        		.uleb128 0xb
 486 0336 02        		.byte	0x2
 487 0337 0B        		.byte	0xb
 488 0338 1D        		.byte	0x1d
 489 0339 05        		.byte	0x5
 490 033a 0504 0000 		.long	0x405
 491 033e 0C        		.uleb128 0xc
 492 033f 0000 0000 		.long	.LASF41
 493 0343 0B        		.byte	0xb
 494 0344 1E        		.byte	0x1e
 495 0345 0E        		.byte	0xe
 496 0346 0C01 0000 		.long	0x10c
 497 034a 01        		.byte	0x1
 498 034b 01        		.byte	0x1
 499 034c 07        		.byte	0x7
 500 034d 02        		.byte	0x2
 501 034e 23        		.byte	0x23
 502 034f 00        		.uleb128 0
 503 0350 0C        		.uleb128 0xc
 504 0351 0000 0000 		.long	.LASF42
 505 0355 0B        		.byte	0xb
 506 0356 1F        		.byte	0x1f
 507 0357 0E        		.byte	0xe
 508 0358 0C01 0000 		.long	0x10c
 509 035c 01        		.byte	0x1
 510 035d 01        		.byte	0x1
 511 035e 06        		.byte	0x6
 512 035f 02        		.byte	0x2
 513 0360 23        		.byte	0x23
 514 0361 00        		.uleb128 0
 515 0362 0C        		.uleb128 0xc
 516 0363 0000 0000 		.long	.LASF43
 517 0367 0B        		.byte	0xb
 518 0368 20        		.byte	0x20
 519 0369 0E        		.byte	0xe
 520 036a 0C01 0000 		.long	0x10c
 521 036e 01        		.byte	0x1
 522 036f 01        		.byte	0x1
 523 0370 05        		.byte	0x5
 524 0371 02        		.byte	0x2
 525 0372 23        		.byte	0x23
 526 0373 00        		.uleb128 0
 527 0374 0C        		.uleb128 0xc
 528 0375 0000 0000 		.long	.LASF44
 529 0379 0B        		.byte	0xb
 530 037a 21        		.byte	0x21
 531 037b 0E        		.byte	0xe
 532 037c 0C01 0000 		.long	0x10c
 533 0380 01        		.byte	0x1
 534 0381 01        		.byte	0x1
 535 0382 04        		.byte	0x4
 536 0383 02        		.byte	0x2
 537 0384 23        		.byte	0x23
 538 0385 00        		.uleb128 0
 539 0386 0C        		.uleb128 0xc
 540 0387 0000 0000 		.long	.LASF45
 541 038b 0B        		.byte	0xb
 542 038c 22        		.byte	0x22
 543 038d 0E        		.byte	0xe
 544 038e 0C01 0000 		.long	0x10c
 545 0392 01        		.byte	0x1
 546 0393 01        		.byte	0x1
 547 0394 03        		.byte	0x3
 548 0395 02        		.byte	0x2
 549 0396 23        		.byte	0x23
 550 0397 00        		.uleb128 0
 551 0398 0C        		.uleb128 0xc
 552 0399 0000 0000 		.long	.LASF46
 553 039d 0B        		.byte	0xb
 554 039e 23        		.byte	0x23
 555 039f 0E        		.byte	0xe
 556 03a0 0C01 0000 		.long	0x10c
 557 03a4 01        		.byte	0x1
 558 03a5 01        		.byte	0x1
 559 03a6 02        		.byte	0x2
 560 03a7 02        		.byte	0x2
 561 03a8 23        		.byte	0x23
 562 03a9 00        		.uleb128 0
 563 03aa 0C        		.uleb128 0xc
 564 03ab 0000 0000 		.long	.LASF47
 565 03af 0B        		.byte	0xb
 566 03b0 24        		.byte	0x24
 567 03b1 0E        		.byte	0xe
 568 03b2 0C01 0000 		.long	0x10c
 569 03b6 01        		.byte	0x1
 570 03b7 01        		.byte	0x1
 571 03b8 01        		.byte	0x1
 572 03b9 02        		.byte	0x2
 573 03ba 23        		.byte	0x23
 574 03bb 00        		.uleb128 0
 575 03bc 0C        		.uleb128 0xc
 576 03bd 0000 0000 		.long	.LASF48
 577 03c1 0B        		.byte	0xb
 578 03c2 25        		.byte	0x25
 579 03c3 0E        		.byte	0xe
 580 03c4 0C01 0000 		.long	0x10c
 581 03c8 01        		.byte	0x1
 582 03c9 01        		.byte	0x1
 583 03ca 00        		.byte	0
 584 03cb 02        		.byte	0x2
 585 03cc 23        		.byte	0x23
 586 03cd 00        		.uleb128 0
 587 03ce 0C        		.uleb128 0xc
 588 03cf 0000 0000 		.long	.LASF49
 589 03d3 0B        		.byte	0xb
 590 03d4 26        		.byte	0x26
 591 03d5 0E        		.byte	0xe
 592 03d6 0C01 0000 		.long	0x10c
 593 03da 01        		.byte	0x1
 594 03db 01        		.byte	0x1
 595 03dc 07        		.byte	0x7
 596 03dd 02        		.byte	0x2
 597 03de 23        		.byte	0x23
 598 03df 01        		.uleb128 0x1
 599 03e0 0C        		.uleb128 0xc
 600 03e1 0000 0000 		.long	.LASF50
 601 03e5 0B        		.byte	0xb
 602 03e6 27        		.byte	0x27
 603 03e7 0E        		.byte	0xe
 604 03e8 0C01 0000 		.long	0x10c
 605 03ec 01        		.byte	0x1
 606 03ed 01        		.byte	0x1
 607 03ee 06        		.byte	0x6
 608 03ef 02        		.byte	0x2
 609 03f0 23        		.byte	0x23
 610 03f1 01        		.uleb128 0x1
 611 03f2 0C        		.uleb128 0xc
 612 03f3 0000 0000 		.long	.LASF51
 613 03f7 0B        		.byte	0xb
 614 03f8 28        		.byte	0x28
 615 03f9 0E        		.byte	0xe
 616 03fa 0C01 0000 		.long	0x10c
 617 03fe 01        		.byte	0x1
 618 03ff 01        		.byte	0x1
 619 0400 05        		.byte	0x5
 620 0401 02        		.byte	0x2
 621 0402 23        		.byte	0x23
 622 0403 01        		.uleb128 0x1
 623 0404 00        		.byte	0
 624 0405 0D        		.uleb128 0xd
 625 0406 02        		.byte	0x2
 626 0407 0B        		.byte	0xb
 627 0408 1B        		.byte	0x1b
 628 0409 09        		.byte	0x9
 629 040a 2004 0000 		.long	0x420
 630 040e 0F        		.uleb128 0xf
 631 040f 7261 7700 		.string	"raw"
 632 0413 0B        		.byte	0xb
 633 0414 1C        		.byte	0x1c
 634 0415 0E        		.byte	0xe
 635 0416 4300 0000 		.long	0x43
 636 041a 0E        		.uleb128 0xe
 637 041b 3503 0000 		.long	0x335
 638 041f 00        		.byte	0
 639 0420 03        		.uleb128 0x3
 640 0421 0000 0000 		.long	.LASF52
 641 0425 0B        		.byte	0xb
 642 0426 2A        		.byte	0x2a
 643 0427 03        		.byte	0x3
 644 0428 0504 0000 		.long	0x405
 645 042c 09        		.uleb128 0x9
 646 042d 0000 0000 		.long	.LASF53
 647 0431 0B        		.byte	0xb
 648 0432 2C        		.byte	0x2c
 649 0433 18        		.byte	0x18
 650 0434 2004 0000 		.long	0x420
 651 0438 01        		.byte	0x1
 652 0439 01        		.byte	0x1
 653 043a 09        		.uleb128 0x9
 654 043b 0000 0000 		.long	.LASF54
 655 043f 0C        		.byte	0xc
 656 0440 20        		.byte	0x20
 657 0441 1A        		.byte	0x1a
 658 0442 6E00 0000 		.long	0x6e
 659 0446 01        		.byte	0x1
 660 0447 01        		.byte	0x1
 661 0448 1B        		.uleb128 0x1b
 662 0449 07        		.byte	0x7
 663 044a 01        		.byte	0x1
 664 044b 3500 0000 		.long	0x35
 665 044f 0D        		.byte	0xd
 666 0450 2D        		.byte	0x2d
 667 0451 0E        		.byte	0xe
 668 0452 9304 0000 		.long	0x493
 669 0456 1C        		.uleb128 0x1c
 670 0457 0000 0000 		.long	.LASF55
 671 045b 00        		.byte	0
 672 045c 1C        		.uleb128 0x1c
 673 045d 0000 0000 		.long	.LASF56
 674 0461 01        		.byte	0x1
 675 0462 1C        		.uleb128 0x1c
 676 0463 0000 0000 		.long	.LASF57
 677 0467 02        		.byte	0x2
 678 0468 1C        		.uleb128 0x1c
 679 0469 0000 0000 		.long	.LASF58
 680 046d 03        		.byte	0x3
 681 046e 1C        		.uleb128 0x1c
 682 046f 0000 0000 		.long	.LASF59
 683 0473 04        		.byte	0x4
 684 0474 1C        		.uleb128 0x1c
 685 0475 0000 0000 		.long	.LASF60
 686 0479 05        		.byte	0x5
 687 047a 1C        		.uleb128 0x1c
 688 047b 0000 0000 		.long	.LASF61
 689 047f 06        		.byte	0x6
 690 0480 1C        		.uleb128 0x1c
 691 0481 0000 0000 		.long	.LASF62
 692 0485 07        		.byte	0x7
 693 0486 1C        		.uleb128 0x1c
 694 0487 0000 0000 		.long	.LASF63
 695 048b 08        		.byte	0x8
 696 048c 1C        		.uleb128 0x1c
 697 048d 0000 0000 		.long	.LASF64
 698 0491 09        		.byte	0x9
 699 0492 00        		.byte	0
 700 0493 03        		.uleb128 0x3
 701 0494 0000 0000 		.long	.LASF65
 702 0498 0D        		.byte	0xd
 703 0499 2D        		.byte	0x2d
 704 049a 89        		.byte	0x89
 705 049b 4804 0000 		.long	0x448
 706 049f 0B        		.uleb128 0xb
 707 04a0 23        		.byte	0x23
 708 04a1 0D        		.byte	0xd
 709 04a2 2F        		.byte	0x2f
 710 04a3 09        		.byte	0x9
 711 04a4 F404 0000 		.long	0x4f4
 712 04a8 10        		.uleb128 0x10
 713 04a9 0000 0000 		.long	.LASF66
 714 04ad 0D        		.byte	0xd
 715 04ae 30        		.byte	0x30
 716 04af 1C        		.byte	0x1c
 717 04b0 0C01 0000 		.long	0x10c
 718 04b4 02        		.byte	0x2
 719 04b5 23        		.byte	0x23
 720 04b6 00        		.uleb128 0
 721 04b7 10        		.uleb128 0x10
 722 04b8 0000 0000 		.long	.LASF67
 723 04bc 0D        		.byte	0xd
 724 04bd 31        		.byte	0x31
 725 04be 1C        		.byte	0x1c
 726 04bf 0903 0000 		.long	0x309
 727 04c3 02        		.byte	0x2
 728 04c4 23        		.byte	0x23
 729 04c5 01        		.uleb128 0x1
 730 04c6 10        		.uleb128 0x10
 731 04c7 0000 0000 		.long	.LASF68
 732 04cb 0D        		.byte	0xd
 733 04cc 32        		.byte	0x32
 734 04cd 1C        		.byte	0x1c
 735 04ce F404 0000 		.long	0x4f4
 736 04d2 02        		.byte	0x2
 737 04d3 23        		.byte	0x23
 738 04d4 11        		.uleb128 0x11
 739 04d5 10        		.uleb128 0x10
 740 04d6 0000 0000 		.long	.LASF69
 741 04da 0D        		.byte	0xd
 742 04db 33        		.byte	0x33
 743 04dc 1C        		.byte	0x1c
 744 04dd 2400 0000 		.long	0x24
 745 04e1 02        		.byte	0x2
 746 04e2 23        		.byte	0x23
 747 04e3 21        		.uleb128 0x21
 748 04e4 10        		.uleb128 0x10
 749 04e5 0000 0000 		.long	.LASF70
 750 04e9 0D        		.byte	0xd
 751 04ea 34        		.byte	0x34
 752 04eb 1C        		.byte	0x1c
 753 04ec 9304 0000 		.long	0x493
 754 04f0 02        		.byte	0x2
 755 04f1 23        		.byte	0x23
 756 04f2 22        		.uleb128 0x22
 757 04f3 00        		.byte	0
 758 04f4 17        		.uleb128 0x17
 759 04f5 4300 0000 		.long	0x43
 760 04f9 0405 0000 		.long	0x504
 761 04fd 1A        		.uleb128 0x1a
 762 04fe 5400 0000 		.long	0x54
 763 0502 07        		.byte	0x7
 764 0503 00        		.byte	0
 765 0504 03        		.uleb128 0x3
 766 0505 0000 0000 		.long	.LASF71
 767 0509 0D        		.byte	0xd
 768 050a 35        		.byte	0x35
 769 050b 03        		.byte	0x3
 770 050c 9F04 0000 		.long	0x49f
 771 0510 1D        		.uleb128 0x1d
 772 0511 0000 0000 		.long	.LASF75
 773 0515 07        		.byte	0x7
 774 0516 01        		.byte	0x1
 775 0517 3500 0000 		.long	0x35
 776 051b 0D        		.byte	0xd
 777 051c 3B        		.byte	0x3b
 778 051d 0E        		.byte	0xe
 779 051e 3505 0000 		.long	0x535
 780 0522 1C        		.uleb128 0x1c
 781 0523 0000 0000 		.long	.LASF72
 782 0527 00        		.byte	0
 783 0528 1C        		.uleb128 0x1c
 784 0529 0000 0000 		.long	.LASF73
 785 052d 01        		.byte	0x1
 786 052e 1C        		.uleb128 0x1c
 787 052f 0000 0000 		.long	.LASF74
 788 0533 02        		.byte	0x2
 789 0534 00        		.byte	0
 790 0535 03        		.uleb128 0x3
 791 0536 0000 0000 		.long	.LASF75
 792 053a 0D        		.byte	0xd
 793 053b 3F        		.byte	0x3f
 794 053c 03        		.byte	0x3
 795 053d 1005 0000 		.long	0x510
 796 0541 0B        		.uleb128 0xb
 797 0542 06        		.byte	0x6
 798 0543 0D        		.byte	0xd
 799 0544 41        		.byte	0x41
 800 0545 09        		.byte	0x9
 801 0546 9605 0000 		.long	0x596
 802 054a 10        		.uleb128 0x10
 803 054b 0000 0000 		.long	.LASF76
 804 054f 0D        		.byte	0xd
 805 0550 42        		.byte	0x42
 806 0551 17        		.byte	0x17
 807 0552 2400 0000 		.long	0x24
 808 0556 02        		.byte	0x2
 809 0557 23        		.byte	0x23
 810 0558 00        		.uleb128 0
 811 0559 10        		.uleb128 0x10
 812 055a 0000 0000 		.long	.LASF77
 813 055e 0D        		.byte	0xd
 814 055f 43        		.byte	0x43
 815 0560 17        		.byte	0x17
 816 0561 2400 0000 		.long	0x24
 817 0565 02        		.byte	0x2
 818 0566 23        		.byte	0x23
 819 0567 01        		.uleb128 0x1
 820 0568 10        		.uleb128 0x10
 821 0569 0000 0000 		.long	.LASF78
 822 056d 0D        		.byte	0xd
 823 056e 44        		.byte	0x44
 824 056f 17        		.byte	0x17
 825 0570 2400 0000 		.long	0x24
 826 0574 02        		.byte	0x2
 827 0575 23        		.byte	0x23
 828 0576 02        		.uleb128 0x2
 829 0577 10        		.uleb128 0x10
 830 0578 0000 0000 		.long	.LASF79
 831 057c 0D        		.byte	0xd
 832 057d 45        		.byte	0x45
 833 057e 17        		.byte	0x17
 834 057f 4300 0000 		.long	0x43
 835 0583 02        		.byte	0x2
 836 0584 23        		.byte	0x23
 837 0585 03        		.uleb128 0x3
 838 0586 10        		.uleb128 0x10
 839 0587 0000 0000 		.long	.LASF80
 840 058b 0D        		.byte	0xd
 841 058c 46        		.byte	0x46
 842 058d 17        		.byte	0x17
 843 058e 3505 0000 		.long	0x535
 844 0592 02        		.byte	0x2
 845 0593 23        		.byte	0x23
 846 0594 05        		.uleb128 0x5
 847 0595 00        		.byte	0
 848 0596 03        		.uleb128 0x3
 849 0597 0000 0000 		.long	.LASF81
 850 059b 0D        		.byte	0xd
 851 059c 47        		.byte	0x47
 852 059d 03        		.byte	0x3
 853 059e 4105 0000 		.long	0x541
 854 05a2 09        		.uleb128 0x9
 855 05a3 0000 0000 		.long	.LASF82
 856 05a7 0D        		.byte	0xd
 857 05a8 49        		.byte	0x49
 858 05a9 1B        		.byte	0x1b
 859 05aa 0405 0000 		.long	0x504
 860 05ae 01        		.byte	0x1
 861 05af 01        		.byte	0x1
 862 05b0 09        		.uleb128 0x9
 863 05b1 0000 0000 		.long	.LASF83
 864 05b5 0D        		.byte	0xd
 865 05b6 4C        		.byte	0x4c
 866 05b7 1A        		.byte	0x1a
 867 05b8 9605 0000 		.long	0x596
 868 05bc 01        		.byte	0x1
 869 05bd 01        		.byte	0x1
 870 05be 17        		.uleb128 0x17
 871 05bf 4F00 0000 		.long	0x4f
 872 05c3 D505 0000 		.long	0x5d5
 873 05c7 18        		.uleb128 0x18
 874 05c8 1A        		.uleb128 0x1a
 875 05c9 5400 0000 		.long	0x54
 876 05cd 03        		.byte	0x3
 877 05ce 1A        		.uleb128 0x1a
 878 05cf 5400 0000 		.long	0x54
 879 05d3 0D        		.byte	0xd
 880 05d4 00        		.byte	0
 881 05d5 06        		.uleb128 0x6
 882 05d6 BE05 0000 		.long	0x5be
 883 05da 09        		.uleb128 0x9
 884 05db 0000 0000 		.long	.LASF84
 885 05df 0E        		.byte	0xe
 886 05e0 37        		.byte	0x37
 887 05e1 17        		.byte	0x17
 888 05e2 D505 0000 		.long	0x5d5
 889 05e6 01        		.byte	0x1
 890 05e7 01        		.byte	0x1
 891 05e8 17        		.uleb128 0x17
 892 05e9 4F00 0000 		.long	0x4f
 893 05ed F305 0000 		.long	0x5f3
 894 05f1 18        		.uleb128 0x18
 895 05f2 00        		.byte	0
 896 05f3 06        		.uleb128 0x6
 897 05f4 E805 0000 		.long	0x5e8
 898 05f8 09        		.uleb128 0x9
 899 05f9 0000 0000 		.long	.LASF85
 900 05fd 0E        		.byte	0xe
 901 05fe 38        		.byte	0x38
 902 05ff 17        		.byte	0x17
 903 0600 F305 0000 		.long	0x5f3
 904 0604 01        		.byte	0x1
 905 0605 01        		.byte	0x1
 906 0606 03        		.uleb128 0x3
 907 0607 0000 0000 		.long	.LASF86
 908 060b 0F        		.byte	0xf
 909 060c 27        		.byte	0x27
 910 060d 12        		.byte	0x12
 911 060e 6200 0000 		.long	0x62
 912 0612 09        		.uleb128 0x9
 913 0613 0000 0000 		.long	.LASF87
 914 0617 0F        		.byte	0xf
 915 0618 32        		.byte	0x32
 916 0619 16        		.byte	0x16
 917 061a 0606 0000 		.long	0x606
 918 061e 01        		.byte	0x1
 919 061f 01        		.byte	0x1
 920 0620 09        		.uleb128 0x9
 921 0621 0000 0000 		.long	.LASF88
 922 0625 0F        		.byte	0xf
 923 0626 48        		.byte	0x48
 924 0627 16        		.byte	0x16
 925 0628 0606 0000 		.long	0x606
 926 062c 01        		.byte	0x1
 927 062d 01        		.byte	0x1
 928 062e 1E        		.uleb128 0x1e
 929 062f 2C04 0000 		.long	0x42c
 930 0633 10        		.byte	0x10
 931 0634 1C        		.byte	0x1c
 932 0635 11        		.byte	0x11
 933 0636 1F        		.uleb128 0x1f
 934 0637 01        		.byte	0x1
 935 0638 0000 0000 		.long	.LASF93
 936 063c 10        		.byte	0x10
 937 063d 24        		.byte	0x24
 938 063e 06        		.byte	0x6
 939 063f 01        		.byte	0x1
 940 0640 5106 0000 		.long	0x651
 941 0644 20        		.uleb128 0x20
 942 0645 0000 0000 		.long	.LASF94
 943 0649 10        		.byte	0x10
 944 064a 31        		.byte	0x31
 945 064b 13        		.byte	0x13
 946 064c 0606 0000 		.long	0x606
 947 0650 00        		.byte	0
 948 0651 21        		.uleb128 0x21
 949 0652 01        		.byte	0x1
 950 0653 0000 0000 		.long	.LASF95
 951 0657 10        		.byte	0x10
 952 0658 1E        		.byte	0x1e
 953 0659 1C        		.byte	0x1c
 954 065a 01        		.byte	0x1
 955 065b 00        		.byte	0
 956               		.section	.gnu.debuglto_.debug_abbrev,"",@progbits
 957               	.Ldebug_abbrev0:
 958 0000 01        		.uleb128 0x1
 959 0001 11        		.uleb128 0x11
 960 0002 01        		.byte	0x1
 961 0003 25        		.uleb128 0x25
 962 0004 0E        		.uleb128 0xe
 963 0005 13        		.uleb128 0x13
 964 0006 0B        		.uleb128 0xb
 965 0007 03        		.uleb128 0x3
 966 0008 0E        		.uleb128 0xe
 967 0009 1B        		.uleb128 0x1b
 968 000a 0E        		.uleb128 0xe
 969 000b 10        		.uleb128 0x10
 970 000c 06        		.uleb128 0x6
 971 000d 00        		.byte	0
 972 000e 00        		.byte	0
 973 000f 02        		.uleb128 0x2
 974 0010 24        		.uleb128 0x24
 975 0011 00        		.byte	0
 976 0012 0B        		.uleb128 0xb
 977 0013 0B        		.uleb128 0xb
 978 0014 3E        		.uleb128 0x3e
 979 0015 0B        		.uleb128 0xb
 980 0016 03        		.uleb128 0x3
 981 0017 0E        		.uleb128 0xe
 982 0018 00        		.byte	0
 983 0019 00        		.byte	0
 984 001a 03        		.uleb128 0x3
 985 001b 16        		.uleb128 0x16
 986 001c 00        		.byte	0
 987 001d 03        		.uleb128 0x3
 988 001e 0E        		.uleb128 0xe
 989 001f 3A        		.uleb128 0x3a
 990 0020 0B        		.uleb128 0xb
 991 0021 3B        		.uleb128 0x3b
 992 0022 0B        		.uleb128 0xb
 993 0023 39        		.uleb128 0x39
 994 0024 0B        		.uleb128 0xb
 995 0025 49        		.uleb128 0x49
 996 0026 13        		.uleb128 0x13
 997 0027 00        		.byte	0
 998 0028 00        		.byte	0
 999 0029 04        		.uleb128 0x4
 1000 002a 35        		.uleb128 0x35
 1001 002b 00        		.byte	0
 1002 002c 49        		.uleb128 0x49
 1003 002d 13        		.uleb128 0x13
 1004 002e 00        		.byte	0
 1005 002f 00        		.byte	0
 1006 0030 05        		.uleb128 0x5
 1007 0031 24        		.uleb128 0x24
 1008 0032 00        		.byte	0
 1009 0033 0B        		.uleb128 0xb
 1010 0034 0B        		.uleb128 0xb
 1011 0035 3E        		.uleb128 0x3e
 1012 0036 0B        		.uleb128 0xb
 1013 0037 03        		.uleb128 0x3
 1014 0038 08        		.uleb128 0x8
 1015 0039 00        		.byte	0
 1016 003a 00        		.byte	0
 1017 003b 06        		.uleb128 0x6
 1018 003c 26        		.uleb128 0x26
 1019 003d 00        		.byte	0
 1020 003e 49        		.uleb128 0x49
 1021 003f 13        		.uleb128 0x13
 1022 0040 00        		.byte	0
 1023 0041 00        		.byte	0
 1024 0042 07        		.uleb128 0x7
 1025 0043 15        		.uleb128 0x15
 1026 0044 01        		.byte	0x1
 1027 0045 27        		.uleb128 0x27
 1028 0046 0C        		.uleb128 0xc
 1029 0047 01        		.uleb128 0x1
 1030 0048 13        		.uleb128 0x13
 1031 0049 00        		.byte	0
 1032 004a 00        		.byte	0
 1033 004b 08        		.uleb128 0x8
 1034 004c 05        		.uleb128 0x5
 1035 004d 00        		.byte	0
 1036 004e 49        		.uleb128 0x49
 1037 004f 13        		.uleb128 0x13
 1038 0050 00        		.byte	0
 1039 0051 00        		.byte	0
 1040 0052 09        		.uleb128 0x9
 1041 0053 34        		.uleb128 0x34
 1042 0054 00        		.byte	0
 1043 0055 03        		.uleb128 0x3
 1044 0056 0E        		.uleb128 0xe
 1045 0057 3A        		.uleb128 0x3a
 1046 0058 0B        		.uleb128 0xb
 1047 0059 3B        		.uleb128 0x3b
 1048 005a 0B        		.uleb128 0xb
 1049 005b 39        		.uleb128 0x39
 1050 005c 0B        		.uleb128 0xb
 1051 005d 49        		.uleb128 0x49
 1052 005e 13        		.uleb128 0x13
 1053 005f 3F        		.uleb128 0x3f
 1054 0060 0C        		.uleb128 0xc
 1055 0061 3C        		.uleb128 0x3c
 1056 0062 0C        		.uleb128 0xc
 1057 0063 00        		.byte	0
 1058 0064 00        		.byte	0
 1059 0065 0A        		.uleb128 0xa
 1060 0066 0F        		.uleb128 0xf
 1061 0067 00        		.byte	0
 1062 0068 0B        		.uleb128 0xb
 1063 0069 0B        		.uleb128 0xb
 1064 006a 49        		.uleb128 0x49
 1065 006b 13        		.uleb128 0x13
 1066 006c 00        		.byte	0
 1067 006d 00        		.byte	0
 1068 006e 0B        		.uleb128 0xb
 1069 006f 13        		.uleb128 0x13
 1070 0070 01        		.byte	0x1
 1071 0071 0B        		.uleb128 0xb
 1072 0072 0B        		.uleb128 0xb
 1073 0073 3A        		.uleb128 0x3a
 1074 0074 0B        		.uleb128 0xb
 1075 0075 3B        		.uleb128 0x3b
 1076 0076 0B        		.uleb128 0xb
 1077 0077 39        		.uleb128 0x39
 1078 0078 0B        		.uleb128 0xb
 1079 0079 01        		.uleb128 0x1
 1080 007a 13        		.uleb128 0x13
 1081 007b 00        		.byte	0
 1082 007c 00        		.byte	0
 1083 007d 0C        		.uleb128 0xc
 1084 007e 0D        		.uleb128 0xd
 1085 007f 00        		.byte	0
 1086 0080 03        		.uleb128 0x3
 1087 0081 0E        		.uleb128 0xe
 1088 0082 3A        		.uleb128 0x3a
 1089 0083 0B        		.uleb128 0xb
 1090 0084 3B        		.uleb128 0x3b
 1091 0085 0B        		.uleb128 0xb
 1092 0086 39        		.uleb128 0x39
 1093 0087 0B        		.uleb128 0xb
 1094 0088 49        		.uleb128 0x49
 1095 0089 13        		.uleb128 0x13
 1096 008a 0B        		.uleb128 0xb
 1097 008b 0B        		.uleb128 0xb
 1098 008c 0D        		.uleb128 0xd
 1099 008d 0B        		.uleb128 0xb
 1100 008e 0C        		.uleb128 0xc
 1101 008f 0B        		.uleb128 0xb
 1102 0090 38        		.uleb128 0x38
 1103 0091 0A        		.uleb128 0xa
 1104 0092 00        		.byte	0
 1105 0093 00        		.byte	0
 1106 0094 0D        		.uleb128 0xd
 1107 0095 17        		.uleb128 0x17
 1108 0096 01        		.byte	0x1
 1109 0097 0B        		.uleb128 0xb
 1110 0098 0B        		.uleb128 0xb
 1111 0099 3A        		.uleb128 0x3a
 1112 009a 0B        		.uleb128 0xb
 1113 009b 3B        		.uleb128 0x3b
 1114 009c 0B        		.uleb128 0xb
 1115 009d 39        		.uleb128 0x39
 1116 009e 0B        		.uleb128 0xb
 1117 009f 01        		.uleb128 0x1
 1118 00a0 13        		.uleb128 0x13
 1119 00a1 00        		.byte	0
 1120 00a2 00        		.byte	0
 1121 00a3 0E        		.uleb128 0xe
 1122 00a4 0D        		.uleb128 0xd
 1123 00a5 00        		.byte	0
 1124 00a6 49        		.uleb128 0x49
 1125 00a7 13        		.uleb128 0x13
 1126 00a8 00        		.byte	0
 1127 00a9 00        		.byte	0
 1128 00aa 0F        		.uleb128 0xf
 1129 00ab 0D        		.uleb128 0xd
 1130 00ac 00        		.byte	0
 1131 00ad 03        		.uleb128 0x3
 1132 00ae 08        		.uleb128 0x8
 1133 00af 3A        		.uleb128 0x3a
 1134 00b0 0B        		.uleb128 0xb
 1135 00b1 3B        		.uleb128 0x3b
 1136 00b2 0B        		.uleb128 0xb
 1137 00b3 39        		.uleb128 0x39
 1138 00b4 0B        		.uleb128 0xb
 1139 00b5 49        		.uleb128 0x49
 1140 00b6 13        		.uleb128 0x13
 1141 00b7 00        		.byte	0
 1142 00b8 00        		.byte	0
 1143 00b9 10        		.uleb128 0x10
 1144 00ba 0D        		.uleb128 0xd
 1145 00bb 00        		.byte	0
 1146 00bc 03        		.uleb128 0x3
 1147 00bd 0E        		.uleb128 0xe
 1148 00be 3A        		.uleb128 0x3a
 1149 00bf 0B        		.uleb128 0xb
 1150 00c0 3B        		.uleb128 0x3b
 1151 00c1 0B        		.uleb128 0xb
 1152 00c2 39        		.uleb128 0x39
 1153 00c3 0B        		.uleb128 0xb
 1154 00c4 49        		.uleb128 0x49
 1155 00c5 13        		.uleb128 0x13
 1156 00c6 38        		.uleb128 0x38
 1157 00c7 0A        		.uleb128 0xa
 1158 00c8 00        		.byte	0
 1159 00c9 00        		.byte	0
 1160 00ca 11        		.uleb128 0x11
 1161 00cb 0F        		.uleb128 0xf
 1162 00cc 00        		.byte	0
 1163 00cd 0B        		.uleb128 0xb
 1164 00ce 0B        		.uleb128 0xb
 1165 00cf 00        		.byte	0
 1166 00d0 00        		.byte	0
 1167 00d1 12        		.uleb128 0x12
 1168 00d2 13        		.uleb128 0x13
 1169 00d3 01        		.byte	0x1
 1170 00d4 03        		.uleb128 0x3
 1171 00d5 0E        		.uleb128 0xe
 1172 00d6 0B        		.uleb128 0xb
 1173 00d7 0B        		.uleb128 0xb
 1174 00d8 3A        		.uleb128 0x3a
 1175 00d9 0B        		.uleb128 0xb
 1176 00da 3B        		.uleb128 0x3b
 1177 00db 0B        		.uleb128 0xb
 1178 00dc 39        		.uleb128 0x39
 1179 00dd 0B        		.uleb128 0xb
 1180 00de 01        		.uleb128 0x1
 1181 00df 13        		.uleb128 0x13
 1182 00e0 00        		.byte	0
 1183 00e1 00        		.byte	0
 1184 00e2 13        		.uleb128 0x13
 1185 00e3 0D        		.uleb128 0xd
 1186 00e4 00        		.byte	0
 1187 00e5 03        		.uleb128 0x3
 1188 00e6 08        		.uleb128 0x8
 1189 00e7 3A        		.uleb128 0x3a
 1190 00e8 0B        		.uleb128 0xb
 1191 00e9 3B        		.uleb128 0x3b
 1192 00ea 0B        		.uleb128 0xb
 1193 00eb 39        		.uleb128 0x39
 1194 00ec 0B        		.uleb128 0xb
 1195 00ed 49        		.uleb128 0x49
 1196 00ee 13        		.uleb128 0x13
 1197 00ef 38        		.uleb128 0x38
 1198 00f0 0A        		.uleb128 0xa
 1199 00f1 00        		.byte	0
 1200 00f2 00        		.byte	0
 1201 00f3 14        		.uleb128 0x14
 1202 00f4 0D        		.uleb128 0xd
 1203 00f5 00        		.byte	0
 1204 00f6 03        		.uleb128 0x3
 1205 00f7 0E        		.uleb128 0xe
 1206 00f8 3A        		.uleb128 0x3a
 1207 00f9 0B        		.uleb128 0xb
 1208 00fa 3B        		.uleb128 0x3b
 1209 00fb 05        		.uleb128 0x5
 1210 00fc 39        		.uleb128 0x39
 1211 00fd 0B        		.uleb128 0xb
 1212 00fe 49        		.uleb128 0x49
 1213 00ff 13        		.uleb128 0x13
 1214 0100 38        		.uleb128 0x38
 1215 0101 0A        		.uleb128 0xa
 1216 0102 00        		.byte	0
 1217 0103 00        		.byte	0
 1218 0104 15        		.uleb128 0x15
 1219 0105 0D        		.uleb128 0xd
 1220 0106 00        		.byte	0
 1221 0107 03        		.uleb128 0x3
 1222 0108 08        		.uleb128 0x8
 1223 0109 3A        		.uleb128 0x3a
 1224 010a 0B        		.uleb128 0xb
 1225 010b 3B        		.uleb128 0x3b
 1226 010c 05        		.uleb128 0x5
 1227 010d 39        		.uleb128 0x39
 1228 010e 0B        		.uleb128 0xb
 1229 010f 49        		.uleb128 0x49
 1230 0110 13        		.uleb128 0x13
 1231 0111 38        		.uleb128 0x38
 1232 0112 0A        		.uleb128 0xa
 1233 0113 00        		.byte	0
 1234 0114 00        		.byte	0
 1235 0115 16        		.uleb128 0x16
 1236 0116 15        		.uleb128 0x15
 1237 0117 01        		.byte	0x1
 1238 0118 27        		.uleb128 0x27
 1239 0119 0C        		.uleb128 0xc
 1240 011a 49        		.uleb128 0x49
 1241 011b 13        		.uleb128 0x13
 1242 011c 01        		.uleb128 0x1
 1243 011d 13        		.uleb128 0x13
 1244 011e 00        		.byte	0
 1245 011f 00        		.byte	0
 1246 0120 17        		.uleb128 0x17
 1247 0121 01        		.uleb128 0x1
 1248 0122 01        		.byte	0x1
 1249 0123 49        		.uleb128 0x49
 1250 0124 13        		.uleb128 0x13
 1251 0125 01        		.uleb128 0x1
 1252 0126 13        		.uleb128 0x13
 1253 0127 00        		.byte	0
 1254 0128 00        		.byte	0
 1255 0129 18        		.uleb128 0x18
 1256 012a 21        		.uleb128 0x21
 1257 012b 00        		.byte	0
 1258 012c 00        		.byte	0
 1259 012d 00        		.byte	0
 1260 012e 19        		.uleb128 0x19
 1261 012f 34        		.uleb128 0x34
 1262 0130 00        		.byte	0
 1263 0131 03        		.uleb128 0x3
 1264 0132 0E        		.uleb128 0xe
 1265 0133 3A        		.uleb128 0x3a
 1266 0134 0B        		.uleb128 0xb
 1267 0135 3B        		.uleb128 0x3b
 1268 0136 05        		.uleb128 0x5
 1269 0137 39        		.uleb128 0x39
 1270 0138 0B        		.uleb128 0xb
 1271 0139 49        		.uleb128 0x49
 1272 013a 13        		.uleb128 0x13
 1273 013b 3F        		.uleb128 0x3f
 1274 013c 0C        		.uleb128 0xc
 1275 013d 3C        		.uleb128 0x3c
 1276 013e 0C        		.uleb128 0xc
 1277 013f 00        		.byte	0
 1278 0140 00        		.byte	0
 1279 0141 1A        		.uleb128 0x1a
 1280 0142 21        		.uleb128 0x21
 1281 0143 00        		.byte	0
 1282 0144 49        		.uleb128 0x49
 1283 0145 13        		.uleb128 0x13
 1284 0146 2F        		.uleb128 0x2f
 1285 0147 0B        		.uleb128 0xb
 1286 0148 00        		.byte	0
 1287 0149 00        		.byte	0
 1288 014a 1B        		.uleb128 0x1b
 1289 014b 04        		.uleb128 0x4
 1290 014c 01        		.byte	0x1
 1291 014d 3E        		.uleb128 0x3e
 1292 014e 0B        		.uleb128 0xb
 1293 014f 0B        		.uleb128 0xb
 1294 0150 0B        		.uleb128 0xb
 1295 0151 49        		.uleb128 0x49
 1296 0152 13        		.uleb128 0x13
 1297 0153 3A        		.uleb128 0x3a
 1298 0154 0B        		.uleb128 0xb
 1299 0155 3B        		.uleb128 0x3b
 1300 0156 0B        		.uleb128 0xb
 1301 0157 39        		.uleb128 0x39
 1302 0158 0B        		.uleb128 0xb
 1303 0159 01        		.uleb128 0x1
 1304 015a 13        		.uleb128 0x13
 1305 015b 00        		.byte	0
 1306 015c 00        		.byte	0
 1307 015d 1C        		.uleb128 0x1c
 1308 015e 28        		.uleb128 0x28
 1309 015f 00        		.byte	0
 1310 0160 03        		.uleb128 0x3
 1311 0161 0E        		.uleb128 0xe
 1312 0162 1C        		.uleb128 0x1c
 1313 0163 0B        		.uleb128 0xb
 1314 0164 00        		.byte	0
 1315 0165 00        		.byte	0
 1316 0166 1D        		.uleb128 0x1d
 1317 0167 04        		.uleb128 0x4
 1318 0168 01        		.byte	0x1
 1319 0169 03        		.uleb128 0x3
 1320 016a 0E        		.uleb128 0xe
 1321 016b 3E        		.uleb128 0x3e
 1322 016c 0B        		.uleb128 0xb
 1323 016d 0B        		.uleb128 0xb
 1324 016e 0B        		.uleb128 0xb
 1325 016f 49        		.uleb128 0x49
 1326 0170 13        		.uleb128 0x13
 1327 0171 3A        		.uleb128 0x3a
 1328 0172 0B        		.uleb128 0xb
 1329 0173 3B        		.uleb128 0x3b
 1330 0174 0B        		.uleb128 0xb
 1331 0175 39        		.uleb128 0x39
 1332 0176 0B        		.uleb128 0xb
 1333 0177 01        		.uleb128 0x1
 1334 0178 13        		.uleb128 0x13
 1335 0179 00        		.byte	0
 1336 017a 00        		.byte	0
 1337 017b 1E        		.uleb128 0x1e
 1338 017c 34        		.uleb128 0x34
 1339 017d 00        		.byte	0
 1340 017e 47        		.uleb128 0x47
 1341 017f 13        		.uleb128 0x13
 1342 0180 3A        		.uleb128 0x3a
 1343 0181 0B        		.uleb128 0xb
 1344 0182 3B        		.uleb128 0x3b
 1345 0183 0B        		.uleb128 0xb
 1346 0184 39        		.uleb128 0x39
 1347 0185 0B        		.uleb128 0xb
 1348 0186 00        		.byte	0
 1349 0187 00        		.byte	0
 1350 0188 1F        		.uleb128 0x1f
 1351 0189 2E        		.uleb128 0x2e
 1352 018a 01        		.byte	0x1
 1353 018b 3F        		.uleb128 0x3f
 1354 018c 0C        		.uleb128 0xc
 1355 018d 03        		.uleb128 0x3
 1356 018e 0E        		.uleb128 0xe
 1357 018f 3A        		.uleb128 0x3a
 1358 0190 0B        		.uleb128 0xb
 1359 0191 3B        		.uleb128 0x3b
 1360 0192 0B        		.uleb128 0xb
 1361 0193 39        		.uleb128 0x39
 1362 0194 0B        		.uleb128 0xb
 1363 0195 27        		.uleb128 0x27
 1364 0196 0C        		.uleb128 0xc
 1365 0197 01        		.uleb128 0x1
 1366 0198 13        		.uleb128 0x13
 1367 0199 00        		.byte	0
 1368 019a 00        		.byte	0
 1369 019b 20        		.uleb128 0x20
 1370 019c 34        		.uleb128 0x34
 1371 019d 00        		.byte	0
 1372 019e 03        		.uleb128 0x3
 1373 019f 0E        		.uleb128 0xe
 1374 01a0 3A        		.uleb128 0x3a
 1375 01a1 0B        		.uleb128 0xb
 1376 01a2 3B        		.uleb128 0x3b
 1377 01a3 0B        		.uleb128 0xb
 1378 01a4 39        		.uleb128 0x39
 1379 01a5 0B        		.uleb128 0xb
 1380 01a6 49        		.uleb128 0x49
 1381 01a7 13        		.uleb128 0x13
 1382 01a8 00        		.byte	0
 1383 01a9 00        		.byte	0
 1384 01aa 21        		.uleb128 0x21
 1385 01ab 2E        		.uleb128 0x2e
 1386 01ac 00        		.byte	0
 1387 01ad 3F        		.uleb128 0x3f
 1388 01ae 0C        		.uleb128 0xc
 1389 01af 03        		.uleb128 0x3
 1390 01b0 0E        		.uleb128 0xe
 1391 01b1 3A        		.uleb128 0x3a
 1392 01b2 0B        		.uleb128 0xb
 1393 01b3 3B        		.uleb128 0x3b
 1394 01b4 0B        		.uleb128 0xb
 1395 01b5 39        		.uleb128 0x39
 1396 01b6 0B        		.uleb128 0xb
 1397 01b7 27        		.uleb128 0x27
 1398 01b8 0C        		.uleb128 0xc
 1399 01b9 00        		.byte	0
 1400 01ba 00        		.byte	0
 1401 01bb 00        		.byte	0
 1402               		.section	.gnu.debuglto_.debug_line,"",@progbits
 1403               	.Ldebug_line0:
 1404 0000 E201 0000 		.long	.LELT0-.LSLT0
 1405               	.LSLT0:
 1406 0004 0200      		.word	0x2
 1407 0006 DC01 0000 		.long	.LELTP0-.LASLTP0
 1408               	.LASLTP0:
 1409 000a 01        		.byte	0x1
 1410 000b 01        		.byte	0x1
 1411 000c F6        		.byte	0xf6
 1412 000d F2        		.byte	0xf2
 1413 000e 0D        		.byte	0xd
 1414 000f 00        		.byte	0
 1415 0010 01        		.byte	0x1
 1416 0011 01        		.byte	0x1
 1417 0012 01        		.byte	0x1
 1418 0013 01        		.byte	0x1
 1419 0014 00        		.byte	0
 1420 0015 00        		.byte	0
 1421 0016 00        		.byte	0
 1422 0017 01        		.byte	0x1
 1423 0018 00        		.byte	0
 1424 0019 00        		.byte	0
 1425 001a 01        		.byte	0x1
 1426 001b 653A 5C67 		.ascii	"e:\\game\\msys2\\mingw64\\avr\\include"
 1426      616D 655C 
 1426      6D73 7973 
 1426      325C 6D69 
 1426      6E67 7736 
 1427 003c 00        		.byte	0
 1428 003d 6C69 622F 		.ascii	"lib/lufa/LUFA/Drivers/USB/Core"
 1428      6C75 6661 
 1428      2F4C 5546 
 1428      412F 4472 
 1428      6976 6572 
 1429 005b 00        		.byte	0
 1430 005c 6C69 622F 		.ascii	"lib/lufa/LUFA/Drivers/USB/Core/AVR8/.."
 1430      6C75 6661 
 1430      2F4C 5546 
 1430      412F 4472 
 1430      6976 6572 
 1431 0082 00        		.byte	0
 1432 0083 746D 6B5F 		.ascii	"tmk_core/common"
 1432      636F 7265 
 1432      2F63 6F6D 
 1432      6D6F 6E
 1433 0092 00        		.byte	0
 1434 0093 746D 6B5F 		.ascii	"tmk_core/common/avr"
 1434      636F 7265 
 1434      2F63 6F6D 
 1434      6D6F 6E2F 
 1434      6176 72
 1435 00a6 00        		.byte	0
 1436 00a7 7175 616E 		.ascii	"quantum"
 1436      7475 6D
 1437 00ae 00        		.byte	0
 1438 00af 7175 616E 		.ascii	"quantum/bootmagic"
 1438      7475 6D2F 
 1438      626F 6F74 
 1438      6D61 6769 
 1438      63
 1439 00c0 00        		.byte	0
 1440 00c1 7175 616E 		.ascii	"quantum/sequencer"
 1440      7475 6D2F 
 1440      7365 7175 
 1440      656E 6365 
 1440      72
 1441 00d2 00        		.byte	0
 1442 00d3 00        		.byte	0
 1443 00d4 7374 6469 		.string	"stdint.h"
 1443      6E74 2E68 
 1443      00
 1444 00dd 01        		.uleb128 0x1
 1445 00de 00        		.uleb128 0
 1446 00df 00        		.uleb128 0
 1447 00e0 6465 6275 		.string	"debug.h"
 1447      672E 6800 
 1448 00e8 04        		.uleb128 0x4
 1449 00e9 00        		.uleb128 0
 1450 00ea 00        		.uleb128 0
 1451 00eb 6176 722F 		.string	"avr/xprintf.h"
 1451      7870 7269 
 1451      6E74 662E 
 1451      6800 
 1452 00f9 04        		.uleb128 0x4
 1453 00fa 00        		.uleb128 0
 1454 00fb 00        		.uleb128 0
 1455 00fc 6163 7469 		.string	"action.h"
 1455      6F6E 2E68 
 1455      00
 1456 0105 04        		.uleb128 0x4
 1457 0106 00        		.uleb128 0
 1458 0107 00        		.uleb128 0
 1459 0108 4156 5238 		.string	"AVR8/../StdRequestType.h"
 1459      2F2E 2E2F 
 1459      5374 6452 
 1459      6571 7565 
 1459      7374 5479 
 1460 0121 02        		.uleb128 0x2
 1461 0122 00        		.uleb128 0
 1462 0123 00        		.uleb128 0
 1463 0124 4156 5238 		.string	"AVR8/../DeviceStandardReq.h"
 1463      2F2E 2E2F 
 1463      4465 7669 
 1463      6365 5374 
 1463      616E 6461 
 1464 0140 02        		.uleb128 0x2
 1465 0141 00        		.uleb128 0
 1466 0142 00        		.uleb128 0
 1467 0143 5553 4254 		.string	"USBTask.h"
 1467      6173 6B2E 
 1467      6800 
 1468 014d 02        		.uleb128 0x2
 1469 014e 00        		.uleb128 0
 1470 014f 00        		.uleb128 0
 1471 0150 486F 7374 		.string	"HostStandardReq.h"
 1471      5374 616E 
 1471      6461 7264 
 1471      5265 712E 
 1471      6800 
 1472 0162 02        		.uleb128 0x2
 1473 0163 00        		.uleb128 0
 1474 0164 00        		.uleb128 0
 1475 0165 7374 6469 		.string	"stdio.h"
 1475      6F2E 6800 
 1476 016d 01        		.uleb128 0x1
 1477 016e 00        		.uleb128 0
 1478 016f 00        		.uleb128 0
 1479 0170 686F 7374 		.string	"host.h"
 1479      2E68 00
 1480 0177 04        		.uleb128 0x4
 1481 0178 00        		.uleb128 0
 1482 0179 00        		.uleb128 0
 1483 017a 6B65 7963 		.string	"keycode_config.h"
 1483      6F64 655F 
 1483      636F 6E66 
 1483      6967 2E68 
 1483      00
 1484 018b 06        		.uleb128 0x6
 1485 018c 00        		.uleb128 0
 1486 018d 00        		.uleb128 0
 1487 018e 7469 6D65 		.string	"timer.h"
 1487      722E 6800 
 1488 0196 04        		.uleb128 0x4
 1489 0197 00        		.uleb128 0
 1490 0198 00        		.uleb128 0
 1491 0199 7365 7175 		.string	"sequencer/sequencer.h"
 1491      656E 6365 
 1491      722F 7365 
 1491      7175 656E 
 1491      6365 722E 
 1492 01af 06        		.uleb128 0x6
 1493 01b0 00        		.uleb128 0
 1494 01b1 00        		.uleb128 0
 1495 01b2 6B65 796D 		.string	"keymap.h"
 1495      6170 2E68 
 1495      00
 1496 01bb 06        		.uleb128 0x6
 1497 01bc 00        		.uleb128 0
 1498 01bd 00        		.uleb128 0
 1499 01be 6163 7469 		.string	"action_layer.h"
 1499      6F6E 5F6C 
 1499      6179 6572 
 1499      2E68 00
 1500 01cd 04        		.uleb128 0x4
 1501 01ce 00        		.uleb128 0
 1502 01cf 00        		.uleb128 0
 1503 01d0 626F 6F74 		.string	"bootmagic/magic.c"
 1503      6D61 6769 
 1503      632F 6D61 
 1503      6769 632E 
 1503      6300 
 1504 01e2 06        		.uleb128 0x6
 1505 01e3 00        		.uleb128 0
 1506 01e4 00        		.uleb128 0
 1507 01e5 00        		.byte	0
 1508               	.LELTP0:
 1509               	.LELT0:
 1510               		.section	.gnu.debuglto_.debug_str,"MS",@progbits,1
 1511               	.LASF75:
 1512 0000 7365 7175 		.string	"sequencer_phase_t"
 1512      656E 6365 
 1512      725F 7068 
 1512      6173 655F 
 1512      7400 
 1513               	.LASF44:
 1514 0012 7377 6170 		.string	"swap_ralt_rgui"
 1514      5F72 616C 
 1514      745F 7267 
 1514      7569 00
 1515               	.LASF21:
 1516 0021 6252 6571 		.string	"bRequest"
 1516      7565 7374 
 1516      00
 1517               	.LASF42:
 1518 002a 6361 7073 		.string	"capslock_to_control"
 1518      6C6F 636B 
 1518      5F74 6F5F 
 1518      636F 6E74 
 1518      726F 6C00 
 1519               	.LASF80:
 1520 003e 7068 6173 		.string	"phase"
 1520      6500 
 1521               	.LASF8:
 1522 0044 6C6F 6E67 		.string	"long long int"
 1522      206C 6F6E 
 1522      6720 696E 
 1522      7400 
 1523               	.LASF16:
 1524 0052 6465 6275 		.string	"debug_config_t"
 1524      675F 636F 
 1524      6E66 6967 
 1524      5F74 00
 1525               	.LASF51:
 1526 0061 6F6E 6573 		.string	"oneshot_disable"
 1526      686F 745F 
 1526      6469 7361 
 1526      626C 6500 
 1527               	.LASF86:
 1528 0071 6C61 7965 		.string	"layer_state_t"
 1528      725F 7374 
 1528      6174 655F 
 1528      7400 
 1529               	.LASF54:
 1530 007f 7469 6D65 		.string	"timer_count"
 1530      725F 636F 
 1530      756E 7400 
 1531               	.LASF32:
 1532 008b 5553 425F 		.string	"USB_Host_ConfigurationNumber"
 1532      486F 7374 
 1532      5F43 6F6E 
 1532      6669 6775 
 1532      7261 7469 
 1533               	.LASF38:
 1534 00a8 5F5F 696F 		.string	"__iob"
 1534      6200 
 1535               	.LASF33:
 1536 00ae 756E 6765 		.string	"unget"
 1536      7400 
 1537               	.LASF10:
 1538 00b4 656E 6162 		.string	"enable"
 1538      6C65 00
 1539               	.LASF79:
 1540 00bb 7469 6D65 		.string	"timer"
 1540      7200 
 1541               	.LASF26:
 1542 00c1 5553 425F 		.string	"USB_Device_ConfigurationNumber"
 1542      4465 7669 
 1542      6365 5F43 
 1542      6F6E 6669 
 1542      6775 7261 
 1543               	.LASF52:
 1544 00e0 6B65 796D 		.string	"keymap_config_t"
 1544      6170 5F63 
 1544      6F6E 6669 
 1544      675F 7400 
 1545               	.LASF76:
 1546 00f0 6163 7469 		.string	"active_tracks"
 1546      7665 5F74 
 1546      7261 636B 
 1546      7300 
 1547               	.LASF77:
 1548 00fe 6375 7272 		.string	"current_track"
 1548      656E 745F 
 1548      7472 6163 
 1548      6B00 
 1549               	.LASF78:
 1550 010c 6375 7272 		.string	"current_step"
 1550      656E 745F 
 1550      7374 6570 
 1550      00
 1551               	.LASF64:
 1552 0119 5345 5155 		.string	"SEQUENCER_RESOLUTIONS"
 1552      454E 4345 
 1552      525F 5245 
 1552      534F 4C55 
 1552      5449 4F4E 
 1553               	.LASF43:
 1554 012f 7377 6170 		.string	"swap_lalt_lgui"
 1554      5F6C 616C 
 1554      745F 6C67 
 1554      7569 00
 1555               	.LASF82:
 1556 013e 7365 7175 		.string	"sequencer_config"
 1556      656E 6365 
 1556      725F 636F 
 1556      6E66 6967 
 1556      00
 1557               	.LASF47:
 1558 014f 7377 6170 		.string	"swap_backslash_backspace"
 1558      5F62 6163 
 1558      6B73 6C61 
 1558      7368 5F62 
 1558      6163 6B73 
 1559               	.LASF56:
 1560 0168 5351 5F52 		.string	"SQ_RES_2T"
 1560      4553 5F32 
 1560      5400 
 1561               	.LASF73:
 1562 0172 5345 5155 		.string	"SEQUENCER_PHASE_RELEASE"
 1562      454E 4345 
 1562      525F 5048 
 1562      4153 455F 
 1562      5245 4C45 
 1563               	.LASF9:
 1564 018a 6C6F 6E67 		.string	"long long unsigned int"
 1564      206C 6F6E 
 1564      6720 756E 
 1564      7369 676E 
 1564      6564 2069 
 1565               	.LASF30:
 1566 01a1 5553 425F 		.string	"USB_ControlRequest"
 1566      436F 6E74 
 1566      726F 6C52 
 1566      6571 7565 
 1566      7374 00
 1567               	.LASF89:
 1568 01b4 474E 5520 		.string	"GNU C99 8.4.0 -mn-flash=1 -mno-skip-bug -mmcu=avr5 -gdwarf-2 -Os -std=gnu99 -funsigned-ch
 1568      4339 3920 
 1568      382E 342E 
 1568      3020 2D6D 
 1568      6E2D 666C 
 1569               	.LASF5:
 1570 02a5 6C6F 6E67 		.string	"long int"
 1570      2069 6E74 
 1570      00
 1571               	.LASF31:
 1572 02ae 5553 425F 		.string	"USB_DeviceState"
 1572      4465 7669 
 1572      6365 5374 
 1572      6174 6500 
 1573               	.LASF17:
 1574 02be 7866 756E 		.string	"xfunc_out"
 1574      635F 6F75 
 1574      7400 
 1575               	.LASF46:
 1576 02c8 7377 6170 		.string	"swap_grave_esc"
 1576      5F67 7261 
 1576      7665 5F65 
 1576      7363 00
 1577               	.LASF72:
 1578 02d7 5345 5155 		.string	"SEQUENCER_PHASE_ATTACK"
 1578      454E 4345 
 1578      525F 5048 
 1578      4153 455F 
 1578      4154 5441 
 1579               	.LASF94:
 1580 02ee 6465 6661 		.string	"default_layer"
 1580      756C 745F 
 1580      6C61 7965 
 1580      7200 
 1581               	.LASF29:
 1582 02fc 5553 425F 		.string	"USB_IsInitialized"
 1582      4973 496E 
 1582      6974 6961 
 1582      6C69 7A65 
 1582      6400 
 1583               	.LASF22:
 1584 030e 7756 616C 		.string	"wValue"
 1584      7565 00
 1585               	.LASF62:
 1586 0315 5351 5F52 		.string	"SQ_RES_16T"
 1586      4553 5F31 
 1586      3654 00
 1587               	.LASF63:
 1588 0320 5351 5F52 		.string	"SQ_RES_32"
 1588      4553 5F33 
 1588      3200 
 1589               	.LASF25:
 1590 032a 5553 425F 		.string	"USB_Request_Header_t"
 1590      5265 7175 
 1590      6573 745F 
 1590      4865 6164 
 1590      6572 5F74 
 1591               	.LASF65:
 1592 033f 7365 7175 		.string	"sequencer_resolution_t"
 1592      656E 6365 
 1592      725F 7265 
 1592      736F 6C75 
 1592      7469 6F6E 
 1593               	.LASF27:
 1594 0356 5553 425F 		.string	"USB_Device_RemoteWakeupEnabled"
 1594      4465 7669 
 1594      6365 5F52 
 1594      656D 6F74 
 1594      6557 616B 
 1595               	.LASF1:
 1596 0375 756E 7369 		.string	"unsigned char"
 1596      676E 6564 
 1596      2063 6861 
 1596      7200 
 1597               	.LASF39:
 1598 0383 6B65 7962 		.string	"keyboard_idle"
 1598      6F61 7264 
 1598      5F69 646C 
 1598      6500 
 1599               	.LASF92:
 1600 0391 5F5F 6669 		.string	"__file"
 1600      6C65 00
 1601               	.LASF0:
 1602 0398 7369 676E 		.string	"signed char"
 1602      6564 2063 
 1602      6861 7200 
 1603               	.LASF34:
 1604 03a4 666C 6167 		.string	"flags"
 1604      7300 
 1605               	.LASF14:
 1606 03aa 7265 7365 		.string	"reserved"
 1606      7276 6564 
 1606      00
 1607               	.LASF6:
 1608 03b3 7569 6E74 		.string	"uint32_t"
 1608      3332 5F74 
 1608      00
 1609               	.LASF4:
 1610 03bc 756E 7369 		.string	"unsigned int"
 1610      676E 6564 
 1610      2069 6E74 
 1610      00
 1611               	.LASF3:
 1612 03c9 7569 6E74 		.string	"uint16_t"
 1612      3136 5F74 
 1612      00
 1613               	.LASF7:
 1614 03d2 6C6F 6E67 		.string	"long unsigned int"
 1614      2075 6E73 
 1614      6967 6E65 
 1614      6420 696E 
 1614      7400 
 1615               	.LASF95:
 1616 03e4 626F 6F74 		.string	"bootmagic"
 1616      6D61 6769 
 1616      6300 
 1617               	.LASF55:
 1618 03ee 5351 5F52 		.string	"SQ_RES_2"
 1618      4553 5F32 
 1618      00
 1619               	.LASF13:
 1620 03f7 6D6F 7573 		.string	"mouse"
 1620      6500 
 1621               	.LASF57:
 1622 03fd 5351 5F52 		.string	"SQ_RES_4"
 1622      4553 5F34 
 1622      00
 1623               	.LASF67:
 1624 0406 7374 6570 		.string	"steps"
 1624      7300 
 1625               	.LASF59:
 1626 040c 5351 5F52 		.string	"SQ_RES_8"
 1626      4553 5F38 
 1626      00
 1627               	.LASF85:
 1628 0415 666E 5F61 		.string	"fn_actions"
 1628      6374 696F 
 1628      6E73 00
 1629               	.LASF36:
 1630 0420 7564 6174 		.string	"udata"
 1630      6100 
 1631               	.LASF87:
 1632 0426 6465 6661 		.string	"default_layer_state"
 1632      756C 745F 
 1632      6C61 7965 
 1632      725F 7374 
 1632      6174 6500 
 1633               	.LASF37:
 1634 043a 6368 6172 		.string	"char"
 1634      00
 1635               	.LASF40:
 1636 043f 6B65 7962 		.string	"keyboard_protocol"
 1636      6F61 7264 
 1636      5F70 726F 
 1636      746F 636F 
 1636      6C00 
 1637               	.LASF12:
 1638 0451 6B65 7962 		.string	"keyboard"
 1638      6F61 7264 
 1638      00
 1639               	.LASF50:
 1640 045a 7377 6170 		.string	"swap_rctl_rgui"
 1640      5F72 6374 
 1640      6C5F 7267 
 1640      7569 00
 1641               	.LASF70:
 1642 0469 7265 736F 		.string	"resolution"
 1642      6C75 7469 
 1642      6F6E 00
 1643               	.LASF74:
 1644 0474 5345 5155 		.string	"SEQUENCER_PHASE_PAUSE"
 1644      454E 4345 
 1644      525F 5048 
 1644      4153 455F 
 1644      5041 5553 
 1645               	.LASF91:
 1646 048a 443A 5C44 		.string	"D:\\Download\\vial-qmk"
 1646      6F77 6E6C 
 1646      6F61 645C 
 1646      7669 616C 
 1646      2D71 6D6B 
 1647               	.LASF84:
 1648 049f 6B65 796D 		.string	"keymaps"
 1648      6170 7300 
 1649               	.LASF83:
 1650 04a7 7365 7175 		.string	"sequencer_internal_state"
 1650      656E 6365 
 1650      725F 696E 
 1650      7465 726E 
 1650      616C 5F73 
 1651               	.LASF15:
 1652 04c0 5F42 6F6F 		.string	"_Bool"
 1652      6C00 
 1653               	.LASF20:
 1654 04c6 626D 5265 		.string	"bmRequestType"
 1654      7175 6573 
 1654      7454 7970 
 1654      6500 
 1655               	.LASF18:
 1656 04d4 6465 6275 		.string	"debug_config"
 1656      675F 636F 
 1656      6E66 6967 
 1656      00
 1657               	.LASF69:
 1658 04e1 7465 6D70 		.string	"tempo"
 1658      6F00 
 1659               	.LASF53:
 1660 04e7 6B65 796D 		.string	"keymap_config"
 1660      6170 5F63 
 1660      6F6E 6669 
 1660      6700 
 1661               	.LASF19:
 1662 04f5 6469 7361 		.string	"disable_action_cache"
 1662      626C 655F 
 1662      6163 7469 
 1662      6F6E 5F63 
 1662      6163 6865 
 1663               	.LASF48:
 1664 050a 6E6B 726F 		.string	"nkro"
 1664      00
 1665               	.LASF35:
 1666 050f 7369 7A65 		.string	"size"
 1666      00
 1667               	.LASF81:
 1668 0514 7365 7175 		.string	"sequencer_state_t"
 1668      656E 6365 
 1668      725F 7374 
 1668      6174 655F 
 1668      7400 
 1669               	.LASF71:
 1670 0526 7365 7175 		.string	"sequencer_config_t"
 1670      656E 6365 
 1670      725F 636F 
 1670      6E66 6967 
 1670      5F74 00
 1671               	.LASF28:
 1672 0539 5553 425F 		.string	"USB_Device_CurrentlySelfPowered"
 1672      4465 7669 
 1672      6365 5F43 
 1672      7572 7265 
 1672      6E74 6C79 
 1673               	.LASF66:
 1674 0559 656E 6162 		.string	"enabled"
 1674      6C65 6400 
 1675               	.LASF2:
 1676 0561 7569 6E74 		.string	"uint8_t"
 1676      385F 7400 
 1677               	.LASF45:
 1678 0569 6E6F 5F67 		.string	"no_gui"
 1678      7569 00
 1679               	.LASF58:
 1680 0570 5351 5F52 		.string	"SQ_RES_4T"
 1680      4553 5F34 
 1680      5400 
 1681               	.LASF41:
 1682 057a 7377 6170 		.string	"swap_control_capslock"
 1682      5F63 6F6E 
 1682      7472 6F6C 
 1682      5F63 6170 
 1682      736C 6F63 
 1683               	.LASF90:
 1684 0590 7175 616E 		.string	"quantum/bootmagic/magic.c"
 1684      7475 6D2F 
 1684      626F 6F74 
 1684      6D61 6769 
 1684      632F 6D61 
 1685               	.LASF49:
 1686 05aa 7377 6170 		.string	"swap_lctl_lgui"
 1686      5F6C 6374 
 1686      6C5F 6C67 
 1686      7569 00
 1687               	.LASF93:
 1688 05b9 6D61 6769 		.string	"magic"
 1688      6300 
 1689               	.LASF60:
 1690 05bf 5351 5F52 		.string	"SQ_RES_8T"
 1690      4553 5F38 
 1690      5400 
 1691               	.LASF61:
 1692 05c9 5351 5F52 		.string	"SQ_RES_16"
 1692      4553 5F31 
 1692      3600 
 1693               	.LASF24:
 1694 05d3 774C 656E 		.string	"wLength"
 1694      6774 6800 
 1695               	.LASF88:
 1696 05db 6C61 7965 		.string	"layer_state"
 1696      725F 7374 
 1696      6174 6500 
 1697               	.LASF11:
 1698 05e7 6D61 7472 		.string	"matrix"
 1698      6978 00
 1699               	.LASF23:
 1700 05ee 7749 6E64 		.string	"wIndex"
 1700      6578 00
 1701               	.LASF68:
 1702 05f5 7472 6163 		.string	"track_notes"
 1702      6B5F 6E6F 
 1702      7465 7300 
 1703               		.text
 1704               		.section	.gnu.lto_.profile.afc15e47,"",@progbits
 1705 0000 789C 6367 		.string	"x\234cg`f`d"
 1705      6066 6064 
 1705      00
 1706 0009 0200      		.string	"\002"
 1707 000b 00        		.string	""
 1708 000c 6200      		.string	"b"
 1709 000e 0C        		.ascii	"\f"
 1710               		.text
 1711               		.section	.gnu.lto_.icf.afc15e47,"",@progbits
 1712 0000 789C 6367 		.string	"x\234cg`f\020a@"
 1712      6066 1061 
 1712      4000 
 1713 000a 6686 E95D 		.string	"f\206\351]'z\271\030\237\355\230>\233\233\371\314\327K\2339\030"
 1713      277A B918 
 1713      9FED 983E 
 1713      9B9B F9CC 
 1713      D74B 9B39 
 1714 0020 5ADE 08CF 		.ascii	"Z\336\b\317"
 1715               		.text
 1716               		.section	.gnu.lto_.jmpfuncs.afc15e47,"",@progbits
 1717 0000 789C 6367 		.string	"x\234cg`f\be@"
 1717      6066 0865 
 1717      4000 
 1718 000a 2620 6604 		.string	"& f\004S\214\007\030\031\031\200\370?\020\360\243\b022Ndfl\354\237\260\226\277\203y&3P=\3
 1718      538C 0718 
 1718      1919 80F8 
 1718      3F10 F0A3 
 1718      0830 3232 
 1719 0043 5FE2 140A 		.ascii	"_\342\024\n"
 1720               		.text
 1721               		.section	.gnu.lto_.inline.afc15e47,"",@progbits
 1722 0000 789C 6367 		.string	"x\234cg`f\250a@"
 1722      6066 A861 
 1722      4000 
 1723 000a 2606 06E6 		.string	"&\006\006\346\006 `If\004\261\033\201\314:\006\0066\210\020\023H\210\201\201\221A\362\354
 1723      0620 6049 
 1723      6604 B11B 
 1723      81CC 3A06 
 1723      0636 8810 
 1724 004b 2640 1260 		.ascii	"&@\022`"
 1725               		.text
 1726               		.section	.gnu.lto_.pureconst.afc15e47,"",@progbits
 1727 0000 789C 6367 		.string	"x\234cg`f`g```b\230\301\3028\203\005"
 1727      6066 6067 
 1727      6060 6062 
 1727      98C1 C238 
 1727      8305 00
 1728 0013 0539 014D 		.ascii	"\0059\001M"
 1729               		.text
 1730               		.section	.gnu.lto_bootmagic.afc15e47,"",@progbits
 1731 0000 789C 6367 		.string	"x\234cg`f\230\304\300\300 \003\304\262@\314\310\314\300\310\324\320\320\340\300\336\310\3
 1731      6066 98C4 
 1731      C0C0 2003 
 1731      C4B2 40CC 
 1731      C8CC C0C8 
 1732 00b9 00        		.string	""
 1733 00ba 6B7C 3B86 		.ascii	"k|;\206"
 1734               		.text
 1735               		.section	.gnu.lto_magic.afc15e47,"",@progbits
 1736 0000 789C 8552 		.string	"x\234\205RKOSA\024\236s\317\334\266@\313CD\201`\302\212EIx$&.t\341\037\3607\230\362\320h@
 1736      4B4F 5341 
 1736      149E 73CF 
 1736      DCB6 40CB 
 1736      4344 8160 
 1737 00ba 4ED7 0FB7 		.ascii	"N\327\017\267\022s>y\325\240\234\256k\306\312\204\027\017\200"
 1737      1273 3E79 
 1737      D5A0 9CAE 
 1737      6BC6 CA84 
 1737      170F 80
 1738 00cd F4B4 1646 		.ascii	"\364\264\026F\242\336\212\001!\faO\217\350\235\302\016\226[\210"
 1738      A2DE 8A01 
 1738      210C 614F 
 1738      8FE8 9DC2 
 1738      0E96 5B88 
 1739 00e1 F014 9070 		.ascii	"\360\024\220p\341\t\224\301c(\223\340\225\343^\031\360\351\341"
 1739      E109 94C1 
 1739      6328 93E0 
 1739      95E3 5E19 
 1739      F0E9 E1
 1740 00f4 C675 9F8B 		.ascii	"\306u\237\213\303(T$\231\301\006\027\003\372\313\267\241Y\335"
 1740      C328 5424 
 1740      99C1 0617 
 1740      03FA CBB7 
 1740      A159 DD
 1741 0107 161B 09C2 		.ascii	"\026\033\t\302Y\034\200\376xN!0\013\271F\233\216\264\271\270"
 1741      591C 80FE 
 1741      784E 2130 
 1741      0BB9 469B 
 1741      8EB4 B9B8 
 1742 011b 3CE9 B4B9 		.ascii	"<\351\264\271\363\231\302`ad\006e\304A\330\354\002jAu\356\260"
 1742      F399 C260 
 1742      6164 0665 
 1742      C441 D8EC 
 1742      026A 4175 
 1743 0131 D902 88FE 		.ascii	"\331\002\210\376\270_\201\177\205\216\276\323\362\324\203@\022"
 1743      B85F 817F 
 1743      858E BED3 
 1743      F2D4 8340 
 1743      12
 1744 0142 22B1 A944 		.ascii	"\"\261\251DV\b\214\240\307B\217\211\222\372\031\204$Q\026\373"
 1744      5608 8CA0 
 1744      C742 8F89 
 1744      92FA 1984 
 1744      2451 16FB 
 1745 0156 0CA1 A5B1 		.ascii	"\f\241\245\261q\330r\016v_\271\237's\347\300\340\271\223\n\361"
 1745      71D8 720E 
 1745      765F B99F 
 1745      2773 E7C0 
 1745      E0B9 930A 
 1746 016b E0EC F29F 		.ascii	"\340\354\362\237\030l\362\214N\302&Q\271:\244\261d\233\250\021"
 1746      186C F28C 
 1746      4EC2 2651 
 1746      B93A A4B1 
 1746      649B A811 
 1747 017f CB98 C392 		.ascii	"\313\230\303\222\243\020x\212\322\357[J\027\223\354Z\032\210"
 1747      A310 788A 
 1747      D2EF 5B4A 
 1747      1793 EC5A 
 1747      1A88 
 1748 0191 D744 AA17 		.ascii	"\327D\252\027\214; >\266\004\306\307\256U]:o\327\231\013\351"
 1748      8C3B 203E 
 1748      B604 C6C7 
 1748      AE55 5D3A 
 1748      6FD7 990B 
 1749 01a6 ECB9 1159 		.ascii	"\354\271\021Ygz\\\037\034\276\231\035\205;\324\366<xI8\360B&"
 1749      677A 5C1F 
 1749      1CBE 991D 
 1749      853B D4F6 
 1749      3C78 4938 
 1750 01bd 4416 3B11 		.ascii	"D\026;\021\276\354\256\035\222\243\321w\227\314\3710\001Q\270"
 1750      BEEC AE1D 
 1750      92A3 D177 
 1750      97CC F930 
 1750      0151 B8
 1751 01d0 E6F4 E715 		.ascii	"\346\364\347\025\324\222\032%\363g\246LLc+0\221f\026^;2\367\354"
 1751      D492 1A25 
 1751      F367 A64C 
 1751      4C63 2B30 
 1751      9166 165E 
 1752 01e8 26B3 3043 		.ascii	"&\2630CfaD\266\"U\346^x#eN\356 s\220\314E0\245d\202\224\371V"
 1752      6661 44B6 
 1752      2255 E65E 
 1752      7823 654E 
 1752      EE20 7390 
 1753 0205 CA44 2573 		.ascii	"\312D%s\315\377\277v\350\0240\275\331\016\031\022\305\177\231"
 1753      CDFF BF76 
 1753      E814 30BD 
 1753      D90E 1912 
 1753      C57F 99
 1754 0218 0DA2 9319 		.ascii	"\r\242\223\031\317l\200\213\302\336mk\300z\347#\335q\316'\177"
 1754      CF6C 808B 
 1754      C2DE 6D6B 
 1754      C07A E723 
 1754      DD71 CE27 
 1755 022d 0232 14A1 		.ascii	"\0022\024\241\234LzR\300\367*\223\300\241\035\265\3543\321M\240"
 1755      9C4C 7A52 
 1755      C0F7 2A93 
 1755      C0A1 1DB5 
 1755      EC33 D14D 
 1756 0242 EF25 2885 		.ascii	"\357%(\205X\270_E\r;r\210\2427\313!\320\267W\2578\243z\305\021"
 1756      58B8 5F45 
 1756      0D3B 7288 
 1756      A237 CB21 
 1756      D0B7 57AF 
 1757 025b 3962 A9D5 		.ascii	"9b\251\325C\230\225\325\233\221\325\2039\252\324\256*JL\364\220"
 1757      4398 95D5 
 1757      9B91 D583 
 1757      39AA D4AE 
 1757      2A4A 4CF4 
 1758 0270 CFBC A342 		.ascii	"\317\274\243B\267\260\224}\003\243/\236\243\234\345\027&v5\260"
 1758      B7B0 947D 
 1758      03A3 2F9E 
 1758      A39C E517 
 1758      2676 35B0 
 1759 0284 C452 7AB6 		.ascii	"\304Rz\266-p\246\265\255\271\272\256\245\245\2659p\362T}\265"
 1759      2D70 A6B5 
 1759      ADB9 BAAE 
 1759      A5A5 B539 
 1759      70F2 547D 
 1760 0299 DAAB EA99 		.ascii	"\332\253\352\231\257\241\361D\240\255\251\365xS\340|\343\271"
 1760      AFA1 F144 
 1760      A0AD A9F5 
 1760      7853 E07C 
 1760      E3B9 
 1761 02ab 82E4 7355 		.ascii	"\202\344sU\315\301C5\r\201\332:\366\027\020]h\262"
 1761      CDC1 4335 
 1761      0D81 DA3A 
 1761      F617 105D 
 1761      68B2 
 1762               		.text
 1763               		.section	.gnu.lto_.symbol_nodes.afc15e47,"",@progbits
 1764 0000 789C 6DCF 		.string	"x\234m\317\273\021\3020\020E\321\367\274\266e\354\"`\250\004f(\203^V\246\002j`\b\250\201\
 1764      BB11 C230 
 1764      1045 D1F7 
 1764      BCB6 65EC 
 1764      2260 A804 
 1765 0037 9233 140B 		.ascii	"\2223\024\013\357}\312\345\036\241\261\365Str\201\322\224\354"
 1765      EF7D CAE5 
 1765      1EA1 B1F5 
 1765      5374 7281 
 1765      D294 EC
 1766 004a 018C DAFB 		.ascii	"\001\214\332\373\004\326\3436\336H\332\001?\320\344\027\317\260"
 1766      04D6 E336 
 1766      DE48 DA01 
 1766      3FD0 E417 
 1766      CFB0 
 1767 005c 7B06 783F 		.ascii	"{\006x?\t\362\202\212-OhjK\003\315l\271Cs[nPg\313\025Z\230\""
 1767      09F2 828A 
 1767      2D4F 686A 
 1767      4B03 CD6C 
 1767      B943 735B 
 1768 0078 ACEA EE9B 		.ascii	"\254\352\356\2333ayh\276\033rM\341\240\037\036C\026}\356r!\372"
 1768      3361 7968 
 1768      BE1B 724D 
 1768      E1A0 1F1E 
 1768      4316 7DEE 
 1769 008f 5C39 A18B 		.ascii	"\\9\241\213\013!\363\230\2450\213\273\025\376\304\035~\274"
 1769      0B21 F398 
 1769      A530 8BBB 
 1769      15FE C41D 
 1769      7EBC 
 1770               		.text
 1771               		.section	.gnu.lto_.refs.afc15e47,"",@progbits
 1772 0000 789C 6367 		.string	"x\234cg`f\340a```fdd\342`d\346f`\021e"
 1772      6066 E061 
 1772      6060 6066 
 1772      6464 E260 
 1772      64E6 6660 
 1773 0017 00        		.string	""
 1774 0018 02A7 00   		.string	"\002\247"
 1775 001b 4E        		.ascii	"N"
 1776               		.text
 1777               		.section	.gnu.lto_.decls.afc15e47,"",@progbits
 1778 0000 789C 8557 		.string	"x\234\205WiPSY\026~\367\335\004BL\210\255\314\024=R5Lu\247\273(\247\004\227v\231\232\037S
 1778      6950 5359 
 1778      167E F7DD 
 1778      0442 4C88 
 1778      ADCC 143D 
 1779 00b8 12C5 FD18 		.string	"\022\305\375\030\003\211\001Y\007\362)\3102\300=\206q9\214\3150\256\200\261\027\306\317`\
 1779      0389 0159 
 1779      07F2 29C8 
 1779      32C0 3D86 
 1779      7139 8CCD 
 1780 00d6 B90D CF2B 		.ascii	"\271\r\317+a\274\007\343*\030\227\200\f\301\363j\304\342[\003"
 1780      61BC 07E3 
 1780      2A18 9780 
 1780      0CC1 F36A 
 1780      C4E2 5B03 
 1781 00ea E39F 405A 		.ascii	"\343\237@Z\341\031\302\027\324\360\274\030\261X[x<>\036\3370"
 1781      E119 C217 
 1781      D4F0 BC18 
 1781      B158 5B78 
 1781      3C3E 1EDF 
 1782 00ff F7B5 8FC7 		.ascii	"\367\265\217\307\336\366\377b\305h\274\351\351\351\360l\214>"
 1782      DEF6 FF62 
 1782      C568 BCE9 
 1782      E9E9 F06C 
 1782      8C3E 
 1783 0111 D522 9255 		.ascii	"\325\"\222U\003L\345e\f\216\350\330\024A\264\337\271Z\250\307"
 1783      034C E565 
 1783      0C8E E8D8 
 1783      1441 B4DF 
 1783      B95A A8C7 
 1784 0125 227D BEF1 		.ascii	"\"}\276\361\260\363\006N\250\226\330G\363g\001\375\2000\2452"
 1784      B0F3 064E 
 1784      A896 D847 
 1784      F367 01FD 
 1784      8030 A532 
 1785 0139 CE23 EBB9 		.ascii	"\316#\353\271;Z\206\"\361*\212\375\345\260{\032\003\315\002-"
 1785      3B5A 8622 
 1785      F12A 8AFD 
 1785      E5B0 7B1A 
 1785      03CD 022D 
 1786 014d 5281 DA7F 		.ascii	"R\201\332\177h\266K\017j\224\026\305\202:\326\3347\022\241\315"
 1786      68B6 4B0F 
 1786      6A94 16C5 
 1786      823A D6DC 
 1786      3712 A1CD 
 1787 0161 96A4 2DD2 		.ascii	"\226\244-\322\204$-\210\026P=\212A^\024#\240+\210\356}\031%\b"
 1787      8424 2D88 
 1787      1650 3D8A 
 1787      415E 1423 
 1787      A02B 88EE 
 1788 0179 E812 4C5E 		.ascii	"\350\022L^$\223\rH\013V5U5E\252At\027\211\374\224\310\001!> "
 1788      2493 0D48 
 1788      0B56 3555 
 1788      3545 AA41 
 1788      7417 89FC 
 1789 0193 2A4C 4754 		.ascii	"*LGT\205Qd\003\237B\034&\370\2379\212\315\213\001B\372\207\004"
 1789      8551 6403 
 1789      9F42 1C26 
 1789      F89F 398A 
 1789      CD8B 0142 
 1790 01aa CE37 EBFF 		.ascii	"\3167\353\3770n\016\t\020\2229\321\237T\306\317a\360%\"^\261"
 1790      306E 0E09 
 1790      1092 39D1 
 1790      9F54 C6CF 
 1790      61F0 2522 
 1791 01c0 9C81 F12A 		.ascii	"\234\201\361*\034\bZd\033+\226\225Q\"\377\251U\355\362T\350\360"
 1791      1C08 5A64 
 1791      1B2B 9695 
 1791      5122 FFA9 
 1791      55ED F254 
 1792 01d6 1734 CFAD 		.ascii	"\0274\317\255w\236T\251\361?\350s\315\201\267\035\032\225(\240"
 1792      779E 54A9 
 1792      F13F E873 
 1792      CD81 B71D 
 1792      1A95 28A0 
 1793 01ea 267A 2C24 		.ascii	"&z,$\317}\215G\"\243\363\311qy%)\026\241\r\277E\313cP\002\224"
 1793      CF7D 8D47 
 1793      22A3 F3C9 
 1793      7179 2529 
 1793      16A1 0DBF 
 1794 0204 286A 46D1 		.ascii	"(jF\321\360\275I\305\220o_\370n\352?*\221\206\274\222w\264h\365"
 1794      F0BD 49C5 
 1794      906F 5FF8 
 1794      6EEA 3F2A 
 1794      9186 BC92 
 1795 021c 8FE5 1952 		.ascii	"\217\345\031R\215G\222\376Bq\250\021\016\205\234\210\200\256"
 1795      8D47 92FE 
 1795      4271 A811 
 1795      0E85 9C88 
 1795      80AE 
 1796 022e 2295 4054 		.ascii	"\"\225@T\342\317\217h\020\031;t\002\272\206>\002\212\375;\016"
 1796      E2CF 8F68 
 1796      1019 3B74 
 1796      02BA 863E 
 1796      028A FD3B 
 1797 0243 1684 613B 		.ascii	"\026\204a;se\370z\275\006\350<C\222\327\227\344\226\274\031\340"
 1797      7365 F87A 
 1797      BD06 E83C 
 1797      4392 D797 
 1797      E496 BC19 
 1798 0258 8248 B9AE 		.ascii	"\202H\271\256\373\271\200\341\272\202\350\034\020\265P\242\326"
 1798      FBB9 80E1 
 1798      BA82 E81C 
 1798      10B5 50A2 
 1798      D6
 1799 0269 5777 9B54 		.ascii	"Ww\233T8\235\022M\035\233\316#1\321\032 \336\302\334\253c\243"
 1799      389D 124D 
 1799      1D9B CE23 
 1799      31D1 1A20 
 1799      DEC2 DCAB 
 1800 027f B341 5191 		.ascii	"\263AQ\221%\177X\2554\254\237\020\217\253vb\372h\004\211\013"
 1800      257F 58AD 
 1800      34AC 9F10 
 1800      8FAB 7662 
 1800      FA68 0489 
 1801 0294 B0CD 951F 		.ascii	"\260\315\225\037\027_\336'e\207Q\024\272\241p\344\006/d\001\265"
 1801      175F DE27 
 1801      6587 5114 
 1801      BAA1 70E4 
 1801      062F 6401 
 1802 02a9 5117 769E 		.ascii	"Q\027v\236\034\2715\017W\240\220>\364\037\311*\r\017\221\331"
 1802      1CB9 350F 
 1802      57A0 903E 
 1802      F41F C92A 
 1802      0D0F 91D9 
 1803 02bd 0EEA 42BB 		.ascii	"\016\352B\273\337\205\357\013'.\031\270\013>\237\332-5 \002A"
 1803      DF85 EF0B 
 1803      272E 19B8 
 1803      0B3E 9FDA 
 1803      2D35 2002 
 1804 02d2 3715 FBDF 		.ascii	"7\025\373\337\224\367\357\244\373o\363\236{\240\303ul\377\254"
 1804      94F7 EFA4 
 1804      FB6F F39E 
 1804      7BA0 C375 
 1804      6CFF AC
 1805 02e5 8B25 7755 		.ascii	"\213%wU\320<1\320\245H\321\2421\254E+\017W4\352q\017\303\366"
 1805      D03C 31D0 
 1805      A548 D1A2 
 1805      31AC 452B 
 1805      0F57 34EA 
 1806 02fd 8DDE CBD3 		.ascii	"\215\336\313\323\260\316\362z\2440\350,\346\025\352A\324\200"
 1806      B0CE F27A 
 1806      A430 E82C 
 1806      E615 EA41 
 1806      D480 
 1807 030f F6D5 2DE8 		.ascii	"\366\325-\350\253n\350+\300\317V\325\035R+\343\270\255\310eo"
 1807      AB6E E82B 
 1807      C0CF 56D5 
 1807      1D52 2BE3 
 1807      B8AD C865 
 1808 0324 5089 14D4 		.ascii	"P\211\024\324\345\344G\3628\246.\376\261\370\024K%\200P\227\""
 1808      E5E4 47F2 
 1808      38A6 2EFE 
 1808      B1F8 144B 
 1808      2580 5097 
 1809 0339 942E 3994 		.ascii	"\224.9\224>\032\312\333\312\247\276H\374\232\271\327"
 1809      3E1A CADB 
 1809      CAA7 BE48 
 1809      FC9A B9D7 
 1810 0349 597C 6C9A 		.string	"Y|l\232\204\262\216\\8X\021\313:\026\313\345\335\003>-\336\305\356\233\353\275\305\337\03
 1810      84B2 8E5C 
 1810      3858 11CB 
 1810      3A16 CBE5 
 1810      DD03 3E2D 
 1811 044a 34AA F07F 		.string	"4\252\360\177T\366\377\t\365\177\373L\337\2550\334-\006\275A\242\330\033$\257(\253D\207\3
 1811      54F6 FF09 
 1811      F57F FB4C 
 1811      DFAD 30DC 
 1811      2D06 BD41 
 1812 0486 8099 C074 		.ascii	"\200\231\300t"
 1813 048a 9604 4346 		.string	"\226\004CF\240<\330\363&\213\277\224H)\346\334*\253\214\304c\301\265\027\305j\357\304\243
 1813      A03C D8F3 
 1813      268B BF94 
 1813      4829 E6DC 
 1813      2AAB 8CC4 
 1814 058b 0922 67AE 		.ascii	"\t\"g\256Nv\343Lx\237a\352\325\026\021\207`\332\363~\366\b\220"
 1814      4E76 E34C 
 1814      789F 61EA 
 1814      D516 1187 
 1814      60DA F37E 
 1815 05a2 642F 13B2 		.ascii	"d/\023\262\267U4\"7\313\030\370\374\334\227\333\250\303G\251"
 1815      B755 3422 
 1815      37CB 18F8 
 1815      FCDC 97DB 
 1815      A8C3 47A9 
 1816 05b6 CFE2 DBC2 		.ascii	"\317\342\333\302\341\022\003\212\213\342q\256 \256\344\200\351"
 1816      E112 038A 
 1816      8BE2 71AE 
 1816      20AE E480 
 1816      E9
 1817 05c7 3631 D039 		.ascii	"61\3209\304\2659\366@\331@\035z\233\231\2627y\342'G%x\261{\333"
 1817      C4B5 39F6 
 1817      40D9 401D 
 1817      7A9B 99B2 
 1817      3779 E227 
 1818 05e1 5E42 ED34 		.ascii	"^B\3554d\250(\365S\326\224\262\247\240\013\306+\360\237\304v"
 1818      64A8 28F5 
 1818      53D6 94B2 
 1818      A7A0 0BC6 
 1818      2BF0 9FC4 
 1819 05f6 F113      		.ascii	"\361\023"
 1820 05f8 F212 BDBD 		.string	"\362\022\275\275\033\3360\2471+\370\203\355\236\b\\\317\224\343\325\265Kp\007{\316?U0-\34
 1820      1BDE 30A7 
 1820      312B F883 
 1820      ED9E 085C 
 1820      CF94 E3D5 
 1821 06f9 E7EA 9891 		.string	"\347\352\230\221@\374\205\241\351\024\031{&o\237\033:~\005>p\335\344\207\346\177\241\270\
 1821      40FC 85A1 
 1821      E914 197B 
 1821      266F 9F1B 
 1821      3A7E 053E 
 1822 074c 95D0 D173 		.string	"\225\320\321sU\343\236\271J\245\222\337\026\307\240T\216\303\026\025\254\f\330\251\376\31
 1822      55E3 9EB9 
 1822      4AA5 92DF 
 1822      16C7 A054 
 1822      8EC3 1615 
 1823 079c 4743 380D 		.ascii	"GC8\r\033\375t\374Y\t\275\342\350\357\230\204\275e\360;FB\224"
 1823      1BFD 74FC 
 1823      5909 BDE2 
 1823      E8EF 9884 
 1823      BD65 F03B 
 1824 07b3 FE1B 46AF 		.ascii	"\376\033F\257p\021f\004c5\374\356\370\236^s\215\207\267\036\327"
 1824      7011 6604 
 1824      6335 FCEE 
 1824      F89E 5E73 
 1824      8D87 B71E 
 1825 07c8 E3FD D449 		.ascii	"\343\375\324IT\275\255\264"
 1825      54BD ADB4 
 1826 07d0 5C4F 88B6 		.string	"\\O\210\266\220\037\016\261\205w\016H\331Y\363\351/\200\032N\344\377\315*\220\031\301\350
 1826      901F 0EB1 
 1826      8577 0E48 
 1826      D959 F3E9 
 1826      2F80 1A4E 
 1827 086a AEE5 E05A 		.string	"\256\345\340Z\n>\227q}\317<%\2705\210\271\216\203\311\370\341\277\323\315i\256\364\324\37
 1827      0A3E 9771 
 1827      7DCF 3C25 
 1827      B835 88B9 
 1827      8E83 C9F8 
 1828 0914 6354 B07D 		.ascii	"cT\260}\212\365\353T\363F\r1\\\272\322\344Z\370.{b\372z\275<"
 1828      8AF5 EB54 
 1828      F346 0D31 
 1828      5CBA D2E4 
 1828      5AF8 2E7B 
 1829 092d 979C 96AC 		.ascii	"\227\234\226\254@$;M\3264s\242\315\232\2446\375\325n\267\351"
 1829      4024 3B4D 
 1829      D634 73A2 
 1829      CD9A A436 
 1829      FDD5 6EB7 
 1830 0942 28DA C456 		.ascii	"(\332\304V5\016\253\323\352\330\004k\251\366t\247U\003\373$\332"
 1830      350E ABD3 
 1830      EAD8 046B 
 1830      A9F6 74A7 
 1830      5503 FB24 
 1831 0957 CD8E A4B0 		.ascii	"\315\216\244\260T\263\313\221\374\2370f\031\375\256\243\224\002"
 1831      54B3 CB91 
 1831      FC9F 3066 
 1831      19FD AEA3 
 1831      9402 
 1832 0969 BCC4 0EF3 		.ascii	"\274\304\016\363\346H%\237\311\245g\256r\335`O\263:7\330]\246"
 1832      E648 259F 
 1832      C9A5 67AE 
 1832      72DD 604F 
 1832      B33A 37D8 
 1833 097f A464 2761 		.ascii	"\244d'a\212tn\2065\207\305e39\326\247'3\325FT\033\250\252\264"
 1833      8A74 6E86 
 1833      3587 C565 
 1833      3339 D6A7 
 1833      2733 D546 
 1834 0998 1487 3D9A 		.ascii	"\024\207=\232\316%\232-)N\233\331\271\201=m4[\270\355z\207y\223"
 1834      CE25 9A2D 
 1834      294E 9BD9 
 1834      B981 3D6D 
 1834      345B B8ED 
 1835 09b0 D564 755A 		.ascii	"\325duZ\302\322\354&\231\302a\206\344*\030\211J\030\027Z\314"
 1835      C2D2 EC26 
 1835      99C2 6186 
 1835      E42A 1889 
 1835      4A18 175A 
 1836 09c5 1B9D 36BB 		.ascii	"\033\2356\273%\305\344\262\023\227\\\016\273\3557\024\302\025"
 1836      25C5 E4B2 
 1836      1397 5C0E 
 1836      BBED 3714 
 1836      C215 
 1837 09d7 931F 2017 		.ascii	"\223\037 \027\032\370o\261'YM\362Q\030\202\"2\271\346)\352\343"
 1837      1AF8 6FB1 
 1837      2759 4DF2 
 1837      5118 8222 
 1837      32B9 E629 
 1838 09ed 7FE4 AEA8 		.ascii	"\177\344\256\250U"
 1838      55
 1839               		.text
 1840               		.section	.gnu.lto_.symtab.afc15e47,"",@progbits
 1841 0000 626F 6F74 		.string	"bootmagic"
 1841      6D61 6769 
 1841      6300 
 1842 000a 00        		.string	""
 1843 000b 01        		.ascii	"\001"
 1844 000c 00        		.string	""
 1845 000d 00        		.string	""
 1846 000e 00        		.string	""
 1847 000f 00        		.string	""
 1848 0010 00        		.string	""
 1849 0011 00        		.string	""
 1850 0012 00        		.string	""
 1851 0013 00        		.string	""
 1852 0014 00        		.string	""
 1853 0015 C800      		.string	"\310"
 1854 0017 00        		.string	""
 1855 0018 00        		.string	""
 1856 0019 6D61 6769 		.string	"magic"
 1856      6300 
 1857 001f 00        		.string	""
 1858 0020 00        		.string	""
 1859 0021 00        		.string	""
 1860 0022 00        		.string	""
 1861 0023 00        		.string	""
 1862 0024 00        		.string	""
 1863 0025 00        		.string	""
 1864 0026 00        		.string	""
 1865 0027 00        		.string	""
 1866 0028 00        		.string	""
 1867 0029 00        		.string	""
 1868 002a CA00      		.string	"\312"
 1869 002c 00        		.string	""
 1870 002d 00        		.string	""
 1871 002e 6B65 796D 		.string	"keymap_config"
 1871      6170 5F63 
 1871      6F6E 6669 
 1871      6700 
 1872 003c 00        		.string	""
 1873 003d 04        		.ascii	"\004"
 1874 003e 00        		.string	""
 1875 003f 0200      		.string	"\002"
 1876 0041 00        		.string	""
 1877 0042 00        		.string	""
 1878 0043 00        		.string	""
 1879 0044 00        		.string	""
 1880 0045 00        		.string	""
 1881 0046 00        		.string	""
 1882 0047 2F01 00   		.string	"/\001"
 1883 004a 00        		.string	""
 1884 004b 6465 6275 		.string	"debug_config"
 1884      675F 636F 
 1884      6E66 6967 
 1884      00
 1885 0058 00        		.string	""
 1886 0059 02        		.ascii	"\002"
 1887 005a 00        		.string	""
 1888 005b 00        		.string	""
 1889 005c 00        		.string	""
 1890 005d 00        		.string	""
 1891 005e 00        		.string	""
 1892 005f 00        		.string	""
 1893 0060 00        		.string	""
 1894 0061 00        		.string	""
 1895 0062 00        		.string	""
 1896 0063 0A01 00   		.string	"\n\001"
 1897 0066 00        		.string	""
 1898 0067 6C61 7965 		.string	"layer_state"
 1898      725F 7374 
 1898      6174 6500 
 1899 0073 00        		.string	""
 1900 0074 02        		.ascii	"\002"
 1901 0075 00        		.string	""
 1902 0076 00        		.string	""
 1903 0077 00        		.string	""
 1904 0078 00        		.string	""
 1905 0079 00        		.string	""
 1906 007a 00        		.string	""
 1907 007b 00        		.string	""
 1908 007c 00        		.string	""
 1909 007d 00        		.string	""
 1910 007e 3101 00   		.string	"1\001"
 1911 0081 00        		.string	""
 1912 0082 6C61 7965 		.string	"layer_state_set_kb"
 1912      725F 7374 
 1912      6174 655F 
 1912      7365 745F 
 1912      6B62 00
 1913 0095 00        		.string	""
 1914 0096 02        		.ascii	"\002"
 1915 0097 00        		.string	""
 1916 0098 00        		.string	""
 1917 0099 00        		.string	""
 1918 009a 00        		.string	""
 1919 009b 00        		.string	""
 1920 009c 00        		.string	""
 1921 009d 00        		.string	""
 1922 009e 00        		.string	""
 1923 009f 00        		.string	""
 1924 00a0 CE00      		.string	"\316"
 1925 00a2 00        		.string	""
 1926 00a3 00        		.string	""
 1927 00a4 6465 6661 		.string	"default_layer_set"
 1927      756C 745F 
 1927      6C61 7965 
 1927      725F 7365 
 1927      7400 
 1928 00b6 00        		.string	""
 1929 00b7 02        		.ascii	"\002"
 1930 00b8 00        		.string	""
 1931 00b9 00        		.string	""
 1932 00ba 00        		.string	""
 1933 00bb 00        		.string	""
 1934 00bc 00        		.string	""
 1935 00bd 00        		.string	""
 1936 00be 00        		.string	""
 1937 00bf 00        		.string	""
 1938 00c0 00        		.string	""
 1939 00c1 D200      		.string	"\322"
 1940 00c3 00        		.string	""
 1941 00c4 00        		.string	""
 1942 00c5 6565 636F 		.string	"eeconfig_read_default_layer"
 1942      6E66 6967 
 1942      5F72 6561 
 1942      645F 6465 
 1942      6661 756C 
 1943 00e1 00        		.string	""
 1944 00e2 02        		.ascii	"\002"
 1945 00e3 00        		.string	""
 1946 00e4 00        		.string	""
 1947 00e5 00        		.string	""
 1948 00e6 00        		.string	""
 1949 00e7 00        		.string	""
 1950 00e8 00        		.string	""
 1951 00e9 00        		.string	""
 1952 00ea 00        		.string	""
 1953 00eb 00        		.string	""
 1954 00ec D900      		.string	"\331"
 1955 00ee 00        		.string	""
 1956 00ef 00        		.string	""
 1957 00f0 6565 636F 		.string	"eeconfig_read_keymap"
 1957      6E66 6967 
 1957      5F72 6561 
 1957      645F 6B65 
 1957      796D 6170 
 1958 0105 00        		.string	""
 1959 0106 02        		.ascii	"\002"
 1960 0107 00        		.string	""
 1961 0108 00        		.string	""
 1962 0109 00        		.string	""
 1963 010a 00        		.string	""
 1964 010b 00        		.string	""
 1965 010c 00        		.string	""
 1966 010d 00        		.string	""
 1967 010e 00        		.string	""
 1968 010f 00        		.string	""
 1969 0110 E200      		.string	"\342"
 1970 0112 00        		.string	""
 1971 0113 00        		.string	""
 1972 0114 6565 636F 		.string	"eeconfig_read_debug"
 1972      6E66 6967 
 1972      5F72 6561 
 1972      645F 6465 
 1972      6275 6700 
 1973 0128 00        		.string	""
 1974 0129 02        		.ascii	"\002"
 1975 012a 00        		.string	""
 1976 012b 00        		.string	""
 1977 012c 00        		.string	""
 1978 012d 00        		.string	""
 1979 012e 00        		.string	""
 1980 012f 00        		.string	""
 1981 0130 00        		.string	""
 1982 0131 00        		.string	""
 1983 0132 00        		.string	""
 1984 0133 E400      		.string	"\344"
 1985 0135 00        		.string	""
 1986 0136 00        		.string	""
 1987 0137 6565 636F 		.string	"eeconfig_init"
 1987      6E66 6967 
 1987      5F69 6E69 
 1987      7400 
 1988 0145 00        		.string	""
 1989 0146 02        		.ascii	"\002"
 1990 0147 00        		.string	""
 1991 0148 00        		.string	""
 1992 0149 00        		.string	""
 1993 014a 00        		.string	""
 1994 014b 00        		.string	""
 1995 014c 00        		.string	""
 1996 014d 00        		.string	""
 1997 014e 00        		.string	""
 1998 014f 00        		.string	""
 1999 0150 E600      		.string	"\346"
 2000 0152 00        		.string	""
 2001 0153 00        		.string	""
 2002 0154 6565 636F 		.string	"eeconfig_is_enabled"
 2002      6E66 6967 
 2002      5F69 735F 
 2002      656E 6162 
 2002      6C65 6400 
 2003 0168 00        		.string	""
 2004 0169 02        		.ascii	"\002"
 2005 016a 00        		.string	""
 2006 016b 00        		.string	""
 2007 016c 00        		.string	""
 2008 016d 00        		.string	""
 2009 016e 00        		.string	""
 2010 016f 00        		.string	""
 2011 0170 00        		.string	""
 2012 0171 00        		.string	""
 2013 0172 00        		.string	""
 2014 0173 ED00      		.string	"\355"
 2015 0175 00        		.string	""
 2016 0176 00        		.string	""
 2017               		.text
 2018               		.section	.gnu.lto_.opts,"",@progbits
 2019 0000 272D 666E 		.ascii	"'-fn"
 2020 0004 6F2D 6F70 		.string	"o-openmp' '-fno-openacc' '-fno-pie' '-mn-flash=1' '-mno-skip-bug' '-mmcu=avr5' '-Os' '-We
 2020      656E 6D70 
 2020      2720 272D 
 2020      666E 6F2D 
 2020      6F70 656E 
 2021               		.text
 2022               		.comm	__gnu_lto_v1,1,1
 2023               		.comm	__gnu_lto_slim,1,1
 2024               		.ident	"GCC: (GNU) 8.4.0"
DEFINED SYMBOLS
                            *ABS*:0000000000000000 magic.c
C:\Users\Roningo\AppData\Local\Temp\ccCyfasW.s:2      *ABS*:000000000000003e __SP_H__
C:\Users\Roningo\AppData\Local\Temp\ccCyfasW.s:3      *ABS*:000000000000003d __SP_L__
C:\Users\Roningo\AppData\Local\Temp\ccCyfasW.s:4      *ABS*:000000000000003f __SREG__
C:\Users\Roningo\AppData\Local\Temp\ccCyfasW.s:5      *ABS*:0000000000000000 __tmp_reg__
C:\Users\Roningo\AppData\Local\Temp\ccCyfasW.s:6      *ABS*:0000000000000001 __zero_reg__
C:\Users\Roningo\AppData\Local\Temp\ccCyfasW.s:27     .gnu.debuglto_.debug_info:0000000000000000 magic.c.0470da1b
                            *COM*:0000000000000001 __gnu_lto_v1
                            *COM*:0000000000000001 __gnu_lto_slim

NO UNDEFINED SYMBOLS
