   1               		.file	"magic.c"
   2               	__SP_H__ = 0x3e
   3               	__SP_L__ = 0x3d
   4               	__SREG__ = 0x3f
   5               	__tmp_reg__ = 0
   6               	__zero_reg__ = 1
   7               		.file 1 "e:\\game\\msys2\\mingw64\\avr\\include\\stdint.h"
   8               		.file 2 "tmk_core/common/debug.h"
   9               		.file 3 "tmk_core/common/avr/xprintf.h"
  10               		.file 4 "tmk_core/common/action.h"
  11               		.file 5 "lib/lufa/LUFA/Drivers/USB/Core/AVR8/../StdRequestType.h"
  12               		.file 6 "lib/lufa/LUFA/Drivers/USB/Core/AVR8/../DeviceStandardReq.h"
  13               		.file 7 "lib/lufa/LUFA/Drivers/USB/Core/USBTask.h"
  14               		.file 8 "lib/lufa/LUFA/Drivers/USB/Core/HostStandardReq.h"
  15               		.file 9 "e:\\game\\msys2\\mingw64\\avr\\include\\stdio.h"
  16               		.file 10 "tmk_core/common/host.h"
  17               		.file 11 "quantum/keycode_config.h"
  18               		.file 12 "tmk_core/common/timer.h"
  19               		.file 13 "quantum/sequencer/sequencer.h"
  20               		.file 14 "quantum/keymap.h"
  21               		.file 15 "tmk_core/common/action_layer.h"
  22               		.file 16 "quantum/bootmagic/magic.c"
  23               		.section	.gnu.debuglto_.debug_info,"",@progbits
  24               	.Ldebug_info0:
  25               		.hidden	magic.c.4bbdc580
  26               		.weak	magic.c.4bbdc580
  27               	magic.c.4bbdc580:
  28 0000 5806 0000 		.long	0x658
  29 0004 0200      		.word	0x2
  30 0006 0000 0000 		.long	.Ldebug_abbrev0
  31 000a 04        		.byte	0x4
  32 000b 01        		.uleb128 0x1
  33 000c 0000 0000 		.long	.LASF89
  34 0010 0C        		.byte	0xc
  35 0011 0000 0000 		.long	.LASF90
  36 0015 0000 0000 		.long	.LASF91
  37 0019 0000 0000 		.long	.Ldebug_line0
  38 001d 02        		.uleb128 0x2
  39 001e 01        		.byte	0x1
  40 001f 06        		.byte	0x6
  41 0020 0000 0000 		.long	.LASF0
  42 0024 03        		.uleb128 0x3
  43 0025 0000 0000 		.long	.LASF2
  44 0029 01        		.byte	0x1
  45 002a 7E        		.byte	0x7e
  46 002b 16        		.byte	0x16
  47 002c 3500 0000 		.long	0x35
  48 0030 04        		.uleb128 0x4
  49 0031 2400 0000 		.long	0x24
  50 0035 02        		.uleb128 0x2
  51 0036 01        		.byte	0x1
  52 0037 08        		.byte	0x8
  53 0038 0000 0000 		.long	.LASF1
  54 003c 05        		.uleb128 0x5
  55 003d 02        		.byte	0x2
  56 003e 05        		.byte	0x5
  57 003f 696E 7400 		.string	"int"
  58 0043 03        		.uleb128 0x3
  59 0044 0000 0000 		.long	.LASF3
  60 0048 01        		.byte	0x1
  61 0049 80        		.byte	0x80
  62 004a 16        		.byte	0x16
  63 004b 5400 0000 		.long	0x54
  64 004f 06        		.uleb128 0x6
  65 0050 4300 0000 		.long	0x43
  66 0054 02        		.uleb128 0x2
  67 0055 02        		.byte	0x2
  68 0056 07        		.byte	0x7
  69 0057 0000 0000 		.long	.LASF4
  70 005b 02        		.uleb128 0x2
  71 005c 04        		.byte	0x4
  72 005d 05        		.byte	0x5
  73 005e 0000 0000 		.long	.LASF5
  74 0062 03        		.uleb128 0x3
  75 0063 0000 0000 		.long	.LASF6
  76 0067 01        		.byte	0x1
  77 0068 82        		.byte	0x82
  78 0069 16        		.byte	0x16
  79 006a 7300 0000 		.long	0x73
  80 006e 04        		.uleb128 0x4
  81 006f 6200 0000 		.long	0x62
  82 0073 02        		.uleb128 0x2
  83 0074 04        		.byte	0x4
  84 0075 07        		.byte	0x7
  85 0076 0000 0000 		.long	.LASF7
  86 007a 02        		.uleb128 0x2
  87 007b 08        		.byte	0x8
  88 007c 05        		.byte	0x5
  89 007d 0000 0000 		.long	.LASF8
  90 0081 02        		.uleb128 0x2
  91 0082 08        		.byte	0x8
  92 0083 07        		.byte	0x7
  93 0084 0000 0000 		.long	.LASF9
  94 0088 07        		.uleb128 0x7
  95 0089 01        		.byte	0x1
  96 008a 9400 0000 		.long	0x94
  97 008e 08        		.uleb128 0x8
  98 008f 2400 0000 		.long	0x24
  99 0093 00        		.byte	0
 100 0094 09        		.uleb128 0x9
 101 0095 0000 0000 		.long	.LASF17
 102 0099 03        		.byte	0x3
 103 009a 0E        		.byte	0xe
 104 009b 0F        		.byte	0xf
 105 009c A200 0000 		.long	0xa2
 106 00a0 01        		.byte	0x1
 107 00a1 01        		.byte	0x1
 108 00a2 0A        		.uleb128 0xa
 109 00a3 02        		.byte	0x2
 110 00a4 8800 0000 		.long	0x88
 111 00a8 0B        		.uleb128 0xb
 112 00a9 01        		.byte	0x1
 113 00aa 02        		.byte	0x2
 114 00ab 1F        		.byte	0x1f
 115 00ac 05        		.byte	0x5
 116 00ad 0C01 0000 		.long	0x10c
 117 00b1 0C        		.uleb128 0xc
 118 00b2 0000 0000 		.long	.LASF10
 119 00b6 02        		.byte	0x2
 120 00b7 20        		.byte	0x20
 121 00b8 11        		.byte	0x11
 122 00b9 0C01 0000 		.long	0x10c
 123 00bd 01        		.byte	0x1
 124 00be 01        		.byte	0x1
 125 00bf 07        		.byte	0x7
 126 00c0 02        		.byte	0x2
 127 00c1 23        		.byte	0x23
 128 00c2 00        		.uleb128 0
 129 00c3 0C        		.uleb128 0xc
 130 00c4 0000 0000 		.long	.LASF11
 131 00c8 02        		.byte	0x2
 132 00c9 21        		.byte	0x21
 133 00ca 11        		.byte	0x11
 134 00cb 0C01 0000 		.long	0x10c
 135 00cf 01        		.byte	0x1
 136 00d0 01        		.byte	0x1
 137 00d1 06        		.byte	0x6
 138 00d2 02        		.byte	0x2
 139 00d3 23        		.byte	0x23
 140 00d4 00        		.uleb128 0
 141 00d5 0C        		.uleb128 0xc
 142 00d6 0000 0000 		.long	.LASF12
 143 00da 02        		.byte	0x2
 144 00db 22        		.byte	0x22
 145 00dc 11        		.byte	0x11
 146 00dd 0C01 0000 		.long	0x10c
 147 00e1 01        		.byte	0x1
 148 00e2 01        		.byte	0x1
 149 00e3 05        		.byte	0x5
 150 00e4 02        		.byte	0x2
 151 00e5 23        		.byte	0x23
 152 00e6 00        		.uleb128 0
 153 00e7 0C        		.uleb128 0xc
 154 00e8 0000 0000 		.long	.LASF13
 155 00ec 02        		.byte	0x2
 156 00ed 23        		.byte	0x23
 157 00ee 11        		.byte	0x11
 158 00ef 0C01 0000 		.long	0x10c
 159 00f3 01        		.byte	0x1
 160 00f4 01        		.byte	0x1
 161 00f5 04        		.byte	0x4
 162 00f6 02        		.byte	0x2
 163 00f7 23        		.byte	0x23
 164 00f8 00        		.uleb128 0
 165 00f9 0C        		.uleb128 0xc
 166 00fa 0000 0000 		.long	.LASF14
 167 00fe 02        		.byte	0x2
 168 00ff 24        		.byte	0x24
 169 0100 11        		.byte	0x11
 170 0101 2400 0000 		.long	0x24
 171 0105 01        		.byte	0x1
 172 0106 04        		.byte	0x4
 173 0107 00        		.byte	0
 174 0108 02        		.byte	0x2
 175 0109 23        		.byte	0x23
 176 010a 00        		.uleb128 0
 177 010b 00        		.byte	0
 178 010c 02        		.uleb128 0x2
 179 010d 01        		.byte	0x1
 180 010e 02        		.byte	0x2
 181 010f 0000 0000 		.long	.LASF15
 182 0113 04        		.uleb128 0x4
 183 0114 0C01 0000 		.long	0x10c
 184 0118 0D        		.uleb128 0xd
 185 0119 01        		.byte	0x1
 186 011a 02        		.byte	0x2
 187 011b 1E        		.byte	0x1e
 188 011c 09        		.byte	0x9
 189 011d 3301 0000 		.long	0x133
 190 0121 0E        		.uleb128 0xe
 191 0122 A800 0000 		.long	0xa8
 192 0126 0F        		.uleb128 0xf
 193 0127 7261 7700 		.string	"raw"
 194 012b 02        		.byte	0x2
 195 012c 26        		.byte	0x26
 196 012d 0D        		.byte	0xd
 197 012e 2400 0000 		.long	0x24
 198 0132 00        		.byte	0
 199 0133 03        		.uleb128 0x3
 200 0134 0000 0000 		.long	.LASF16
 201 0138 02        		.byte	0x2
 202 0139 27        		.byte	0x27
 203 013a 03        		.byte	0x3
 204 013b 1801 0000 		.long	0x118
 205 013f 09        		.uleb128 0x9
 206 0140 0000 0000 		.long	.LASF18
 207 0144 02        		.byte	0x2
 208 0145 29        		.byte	0x29
 209 0146 17        		.byte	0x17
 210 0147 3301 0000 		.long	0x133
 211 014b 01        		.byte	0x1
 212 014c 01        		.byte	0x1
 213 014d 09        		.uleb128 0x9
 214 014e 0000 0000 		.long	.LASF19
 215 0152 04        		.byte	0x4
 216 0153 4B        		.byte	0x4b
 217 0154 0D        		.byte	0xd
 218 0155 0C01 0000 		.long	0x10c
 219 0159 01        		.byte	0x1
 220 015a 01        		.byte	0x1
 221 015b 0B        		.uleb128 0xb
 222 015c 08        		.byte	0x8
 223 015d 05        		.byte	0x5
 224 015e A3        		.byte	0xa3
 225 015f 0C        		.byte	0xc
 226 0160 B001 0000 		.long	0x1b0
 227 0164 10        		.uleb128 0x10
 228 0165 0000 0000 		.long	.LASF20
 229 0169 05        		.byte	0x5
 230 016a A5        		.byte	0xa5
 231 016b 0E        		.byte	0xe
 232 016c 2400 0000 		.long	0x24
 233 0170 02        		.byte	0x2
 234 0171 23        		.byte	0x23
 235 0172 00        		.uleb128 0
 236 0173 10        		.uleb128 0x10
 237 0174 0000 0000 		.long	.LASF21
 238 0178 05        		.byte	0x5
 239 0179 A6        		.byte	0xa6
 240 017a 0E        		.byte	0xe
 241 017b 2400 0000 		.long	0x24
 242 017f 02        		.byte	0x2
 243 0180 23        		.byte	0x23
 244 0181 01        		.uleb128 0x1
 245 0182 10        		.uleb128 0x10
 246 0183 0000 0000 		.long	.LASF22
 247 0187 05        		.byte	0x5
 248 0188 A7        		.byte	0xa7
 249 0189 0E        		.byte	0xe
 250 018a 4300 0000 		.long	0x43
 251 018e 02        		.byte	0x2
 252 018f 23        		.byte	0x23
 253 0190 02        		.uleb128 0x2
 254 0191 10        		.uleb128 0x10
 255 0192 0000 0000 		.long	.LASF23
 256 0196 05        		.byte	0x5
 257 0197 A8        		.byte	0xa8
 258 0198 0E        		.byte	0xe
 259 0199 4300 0000 		.long	0x43
 260 019d 02        		.byte	0x2
 261 019e 23        		.byte	0x23
 262 019f 04        		.uleb128 0x4
 263 01a0 10        		.uleb128 0x10
 264 01a1 0000 0000 		.long	.LASF24
 265 01a5 05        		.byte	0x5
 266 01a6 A9        		.byte	0xa9
 267 01a7 0E        		.byte	0xe
 268 01a8 4300 0000 		.long	0x43
 269 01ac 02        		.byte	0x2
 270 01ad 23        		.byte	0x23
 271 01ae 06        		.uleb128 0x6
 272 01af 00        		.byte	0
 273 01b0 03        		.uleb128 0x3
 274 01b1 0000 0000 		.long	.LASF25
 275 01b5 05        		.byte	0x5
 276 01b6 AA        		.byte	0xaa
 277 01b7 12        		.byte	0x12
 278 01b8 5B01 0000 		.long	0x15b
 279 01bc 09        		.uleb128 0x9
 280 01bd 0000 0000 		.long	.LASF26
 281 01c1 06        		.byte	0x6
 282 01c2 5E        		.byte	0x5e
 283 01c3 13        		.byte	0x13
 284 01c4 2400 0000 		.long	0x24
 285 01c8 01        		.byte	0x1
 286 01c9 01        		.byte	0x1
 287 01ca 09        		.uleb128 0x9
 288 01cb 0000 0000 		.long	.LASF27
 289 01cf 06        		.byte	0x6
 290 01d0 6E        		.byte	0x6e
 291 01d1 11        		.byte	0x11
 292 01d2 0C01 0000 		.long	0x10c
 293 01d6 01        		.byte	0x1
 294 01d7 01        		.byte	0x1
 295 01d8 09        		.uleb128 0x9
 296 01d9 0000 0000 		.long	.LASF28
 297 01dd 06        		.byte	0x6
 298 01de 78        		.byte	0x78
 299 01df 11        		.byte	0x11
 300 01e0 0C01 0000 		.long	0x10c
 301 01e4 01        		.byte	0x1
 302 01e5 01        		.byte	0x1
 303 01e6 09        		.uleb128 0x9
 304 01e7 0000 0000 		.long	.LASF29
 305 01eb 07        		.byte	0x7
 306 01ec 51        		.byte	0x51
 307 01ed 19        		.byte	0x19
 308 01ee 1301 0000 		.long	0x113
 309 01f2 01        		.byte	0x1
 310 01f3 01        		.byte	0x1
 311 01f4 09        		.uleb128 0x9
 312 01f5 0000 0000 		.long	.LASF30
 313 01f9 07        		.byte	0x7
 314 01fa 5B        		.byte	0x5b
 315 01fb 21        		.byte	0x21
 316 01fc B001 0000 		.long	0x1b0
 317 0200 01        		.byte	0x1
 318 0201 01        		.byte	0x1
 319 0202 09        		.uleb128 0x9
 320 0203 0000 0000 		.long	.LASF31
 321 0207 07        		.byte	0x7
 322 0208 90        		.byte	0x90
 323 0209 1E        		.byte	0x1e
 324 020a 3000 0000 		.long	0x30
 325 020e 01        		.byte	0x1
 326 020f 01        		.byte	0x1
 327 0210 09        		.uleb128 0x9
 328 0211 0000 0000 		.long	.LASF32
 329 0215 08        		.byte	0x8
 330 0216 67        		.byte	0x67
 331 0217 13        		.byte	0x13
 332 0218 2400 0000 		.long	0x24
 333 021c 01        		.byte	0x1
 334 021d 01        		.byte	0x1
 335 021e 11        		.uleb128 0x11
 336 021f 02        		.byte	0x2
 337 0220 12        		.uleb128 0x12
 338 0221 0000 0000 		.long	.LASF92
 339 0225 0E        		.byte	0xe
 340 0226 09        		.byte	0x9
 341 0227 F4        		.byte	0xf4
 342 0228 08        		.byte	0x8
 343 0229 AB02 0000 		.long	0x2ab
 344 022d 13        		.uleb128 0x13
 345 022e 6275 6600 		.string	"buf"
 346 0232 09        		.byte	0x9
 347 0233 F5        		.byte	0xf5
 348 0234 08        		.byte	0x8
 349 0235 AB02 0000 		.long	0x2ab
 350 0239 02        		.byte	0x2
 351 023a 23        		.byte	0x23
 352 023b 00        		.uleb128 0
 353 023c 10        		.uleb128 0x10
 354 023d 0000 0000 		.long	.LASF33
 355 0241 09        		.byte	0x9
 356 0242 F6        		.byte	0xf6
 357 0243 10        		.byte	0x10
 358 0244 3500 0000 		.long	0x35
 359 0248 02        		.byte	0x2
 360 0249 23        		.byte	0x23
 361 024a 02        		.uleb128 0x2
 362 024b 10        		.uleb128 0x10
 363 024c 0000 0000 		.long	.LASF34
 364 0250 09        		.byte	0x9
 365 0251 F7        		.byte	0xf7
 366 0252 0A        		.byte	0xa
 367 0253 2400 0000 		.long	0x24
 368 0257 02        		.byte	0x2
 369 0258 23        		.byte	0x23
 370 0259 03        		.uleb128 0x3
 371 025a 14        		.uleb128 0x14
 372 025b 0000 0000 		.long	.LASF35
 373 025f 09        		.byte	0x9
 374 0260 0701      		.word	0x107
 375 0262 06        		.byte	0x6
 376 0263 3C00 0000 		.long	0x3c
 377 0267 02        		.byte	0x2
 378 0268 23        		.byte	0x23
 379 0269 04        		.uleb128 0x4
 380 026a 15        		.uleb128 0x15
 381 026b 6C65 6E00 		.string	"len"
 382 026f 09        		.byte	0x9
 383 0270 0801      		.word	0x108
 384 0272 06        		.byte	0x6
 385 0273 3C00 0000 		.long	0x3c
 386 0277 02        		.byte	0x2
 387 0278 23        		.byte	0x23
 388 0279 06        		.uleb128 0x6
 389 027a 15        		.uleb128 0x15
 390 027b 7075 7400 		.string	"put"
 391 027f 09        		.byte	0x9
 392 0280 0901      		.word	0x109
 393 0282 08        		.byte	0x8
 394 0283 D302 0000 		.long	0x2d3
 395 0287 02        		.byte	0x2
 396 0288 23        		.byte	0x23
 397 0289 08        		.uleb128 0x8
 398 028a 15        		.uleb128 0x15
 399 028b 6765 7400 		.string	"get"
 400 028f 09        		.byte	0x9
 401 0290 0A01      		.word	0x10a
 402 0292 08        		.byte	0x8
 403 0293 E902 0000 		.long	0x2e9
 404 0297 02        		.byte	0x2
 405 0298 23        		.byte	0x23
 406 0299 0A        		.uleb128 0xa
 407 029a 14        		.uleb128 0x14
 408 029b 0000 0000 		.long	.LASF36
 409 029f 09        		.byte	0x9
 410 02a0 0B01      		.word	0x10b
 411 02a2 08        		.byte	0x8
 412 02a3 1E02 0000 		.long	0x21e
 413 02a7 02        		.byte	0x2
 414 02a8 23        		.byte	0x23
 415 02a9 0C        		.uleb128 0xc
 416 02aa 00        		.byte	0
 417 02ab 0A        		.uleb128 0xa
 418 02ac 02        		.byte	0x2
 419 02ad B102 0000 		.long	0x2b1
 420 02b1 02        		.uleb128 0x2
 421 02b2 01        		.byte	0x1
 422 02b3 08        		.byte	0x8
 423 02b4 0000 0000 		.long	.LASF37
 424 02b8 16        		.uleb128 0x16
 425 02b9 01        		.byte	0x1
 426 02ba 3C00 0000 		.long	0x3c
 427 02be CD02 0000 		.long	0x2cd
 428 02c2 08        		.uleb128 0x8
 429 02c3 B102 0000 		.long	0x2b1
 430 02c7 08        		.uleb128 0x8
 431 02c8 CD02 0000 		.long	0x2cd
 432 02cc 00        		.byte	0
 433 02cd 0A        		.uleb128 0xa
 434 02ce 02        		.byte	0x2
 435 02cf 2002 0000 		.long	0x220
 436 02d3 0A        		.uleb128 0xa
 437 02d4 02        		.byte	0x2
 438 02d5 B802 0000 		.long	0x2b8
 439 02d9 16        		.uleb128 0x16
 440 02da 01        		.byte	0x1
 441 02db 3C00 0000 		.long	0x3c
 442 02df E902 0000 		.long	0x2e9
 443 02e3 08        		.uleb128 0x8
 444 02e4 CD02 0000 		.long	0x2cd
 445 02e8 00        		.byte	0
 446 02e9 0A        		.uleb128 0xa
 447 02ea 02        		.byte	0x2
 448 02eb D902 0000 		.long	0x2d9
 449 02ef 17        		.uleb128 0x17
 450 02f0 CD02 0000 		.long	0x2cd
 451 02f4 FA02 0000 		.long	0x2fa
 452 02f8 18        		.uleb128 0x18
 453 02f9 00        		.byte	0
 454 02fa 19        		.uleb128 0x19
 455 02fb 0000 0000 		.long	.LASF38
 456 02ff 09        		.byte	0x9
 457 0300 9701      		.word	0x197
 458 0302 17        		.byte	0x17
 459 0303 EF02 0000 		.long	0x2ef
 460 0307 01        		.byte	0x1
 461 0308 01        		.byte	0x1
 462 0309 17        		.uleb128 0x17
 463 030a 2400 0000 		.long	0x24
 464 030e 1903 0000 		.long	0x319
 465 0312 1A        		.uleb128 0x1a
 466 0313 5400 0000 		.long	0x54
 467 0317 0F        		.byte	0xf
 468 0318 00        		.byte	0
 469 0319 09        		.uleb128 0x9
 470 031a 0000 0000 		.long	.LASF39
 471 031e 0A        		.byte	0xa
 472 031f 24        		.byte	0x24
 473 0320 10        		.byte	0x10
 474 0321 2400 0000 		.long	0x24
 475 0325 01        		.byte	0x1
 476 0326 01        		.byte	0x1
 477 0327 09        		.uleb128 0x9
 478 0328 0000 0000 		.long	.LASF40
 479 032c 0A        		.byte	0xa
 480 032d 25        		.byte	0x25
 481 032e 10        		.byte	0x10
 482 032f 2400 0000 		.long	0x24
 483 0333 01        		.byte	0x1
 484 0334 01        		.byte	0x1
 485 0335 0B        		.uleb128 0xb
 486 0336 02        		.byte	0x2
 487 0337 0B        		.byte	0xb
 488 0338 1D        		.byte	0x1d
 489 0339 05        		.byte	0x5
 490 033a 0504 0000 		.long	0x405
 491 033e 0C        		.uleb128 0xc
 492 033f 0000 0000 		.long	.LASF41
 493 0343 0B        		.byte	0xb
 494 0344 1E        		.byte	0x1e
 495 0345 0E        		.byte	0xe
 496 0346 0C01 0000 		.long	0x10c
 497 034a 01        		.byte	0x1
 498 034b 01        		.byte	0x1
 499 034c 07        		.byte	0x7
 500 034d 02        		.byte	0x2
 501 034e 23        		.byte	0x23
 502 034f 00        		.uleb128 0
 503 0350 0C        		.uleb128 0xc
 504 0351 0000 0000 		.long	.LASF42
 505 0355 0B        		.byte	0xb
 506 0356 1F        		.byte	0x1f
 507 0357 0E        		.byte	0xe
 508 0358 0C01 0000 		.long	0x10c
 509 035c 01        		.byte	0x1
 510 035d 01        		.byte	0x1
 511 035e 06        		.byte	0x6
 512 035f 02        		.byte	0x2
 513 0360 23        		.byte	0x23
 514 0361 00        		.uleb128 0
 515 0362 0C        		.uleb128 0xc
 516 0363 0000 0000 		.long	.LASF43
 517 0367 0B        		.byte	0xb
 518 0368 20        		.byte	0x20
 519 0369 0E        		.byte	0xe
 520 036a 0C01 0000 		.long	0x10c
 521 036e 01        		.byte	0x1
 522 036f 01        		.byte	0x1
 523 0370 05        		.byte	0x5
 524 0371 02        		.byte	0x2
 525 0372 23        		.byte	0x23
 526 0373 00        		.uleb128 0
 527 0374 0C        		.uleb128 0xc
 528 0375 0000 0000 		.long	.LASF44
 529 0379 0B        		.byte	0xb
 530 037a 21        		.byte	0x21
 531 037b 0E        		.byte	0xe
 532 037c 0C01 0000 		.long	0x10c
 533 0380 01        		.byte	0x1
 534 0381 01        		.byte	0x1
 535 0382 04        		.byte	0x4
 536 0383 02        		.byte	0x2
 537 0384 23        		.byte	0x23
 538 0385 00        		.uleb128 0
 539 0386 0C        		.uleb128 0xc
 540 0387 0000 0000 		.long	.LASF45
 541 038b 0B        		.byte	0xb
 542 038c 22        		.byte	0x22
 543 038d 0E        		.byte	0xe
 544 038e 0C01 0000 		.long	0x10c
 545 0392 01        		.byte	0x1
 546 0393 01        		.byte	0x1
 547 0394 03        		.byte	0x3
 548 0395 02        		.byte	0x2
 549 0396 23        		.byte	0x23
 550 0397 00        		.uleb128 0
 551 0398 0C        		.uleb128 0xc
 552 0399 0000 0000 		.long	.LASF46
 553 039d 0B        		.byte	0xb
 554 039e 23        		.byte	0x23
 555 039f 0E        		.byte	0xe
 556 03a0 0C01 0000 		.long	0x10c
 557 03a4 01        		.byte	0x1
 558 03a5 01        		.byte	0x1
 559 03a6 02        		.byte	0x2
 560 03a7 02        		.byte	0x2
 561 03a8 23        		.byte	0x23
 562 03a9 00        		.uleb128 0
 563 03aa 0C        		.uleb128 0xc
 564 03ab 0000 0000 		.long	.LASF47
 565 03af 0B        		.byte	0xb
 566 03b0 24        		.byte	0x24
 567 03b1 0E        		.byte	0xe
 568 03b2 0C01 0000 		.long	0x10c
 569 03b6 01        		.byte	0x1
 570 03b7 01        		.byte	0x1
 571 03b8 01        		.byte	0x1
 572 03b9 02        		.byte	0x2
 573 03ba 23        		.byte	0x23
 574 03bb 00        		.uleb128 0
 575 03bc 0C        		.uleb128 0xc
 576 03bd 0000 0000 		.long	.LASF48
 577 03c1 0B        		.byte	0xb
 578 03c2 25        		.byte	0x25
 579 03c3 0E        		.byte	0xe
 580 03c4 0C01 0000 		.long	0x10c
 581 03c8 01        		.byte	0x1
 582 03c9 01        		.byte	0x1
 583 03ca 00        		.byte	0
 584 03cb 02        		.byte	0x2
 585 03cc 23        		.byte	0x23
 586 03cd 00        		.uleb128 0
 587 03ce 0C        		.uleb128 0xc
 588 03cf 0000 0000 		.long	.LASF49
 589 03d3 0B        		.byte	0xb
 590 03d4 26        		.byte	0x26
 591 03d5 0E        		.byte	0xe
 592 03d6 0C01 0000 		.long	0x10c
 593 03da 01        		.byte	0x1
 594 03db 01        		.byte	0x1
 595 03dc 07        		.byte	0x7
 596 03dd 02        		.byte	0x2
 597 03de 23        		.byte	0x23
 598 03df 01        		.uleb128 0x1
 599 03e0 0C        		.uleb128 0xc
 600 03e1 0000 0000 		.long	.LASF50
 601 03e5 0B        		.byte	0xb
 602 03e6 27        		.byte	0x27
 603 03e7 0E        		.byte	0xe
 604 03e8 0C01 0000 		.long	0x10c
 605 03ec 01        		.byte	0x1
 606 03ed 01        		.byte	0x1
 607 03ee 06        		.byte	0x6
 608 03ef 02        		.byte	0x2
 609 03f0 23        		.byte	0x23
 610 03f1 01        		.uleb128 0x1
 611 03f2 0C        		.uleb128 0xc
 612 03f3 0000 0000 		.long	.LASF51
 613 03f7 0B        		.byte	0xb
 614 03f8 28        		.byte	0x28
 615 03f9 0E        		.byte	0xe
 616 03fa 0C01 0000 		.long	0x10c
 617 03fe 01        		.byte	0x1
 618 03ff 01        		.byte	0x1
 619 0400 05        		.byte	0x5
 620 0401 02        		.byte	0x2
 621 0402 23        		.byte	0x23
 622 0403 01        		.uleb128 0x1
 623 0404 00        		.byte	0
 624 0405 0D        		.uleb128 0xd
 625 0406 02        		.byte	0x2
 626 0407 0B        		.byte	0xb
 627 0408 1B        		.byte	0x1b
 628 0409 09        		.byte	0x9
 629 040a 2004 0000 		.long	0x420
 630 040e 0F        		.uleb128 0xf
 631 040f 7261 7700 		.string	"raw"
 632 0413 0B        		.byte	0xb
 633 0414 1C        		.byte	0x1c
 634 0415 0E        		.byte	0xe
 635 0416 4300 0000 		.long	0x43
 636 041a 0E        		.uleb128 0xe
 637 041b 3503 0000 		.long	0x335
 638 041f 00        		.byte	0
 639 0420 03        		.uleb128 0x3
 640 0421 0000 0000 		.long	.LASF52
 641 0425 0B        		.byte	0xb
 642 0426 2A        		.byte	0x2a
 643 0427 03        		.byte	0x3
 644 0428 0504 0000 		.long	0x405
 645 042c 09        		.uleb128 0x9
 646 042d 0000 0000 		.long	.LASF53
 647 0431 0B        		.byte	0xb
 648 0432 2C        		.byte	0x2c
 649 0433 18        		.byte	0x18
 650 0434 2004 0000 		.long	0x420
 651 0438 01        		.byte	0x1
 652 0439 01        		.byte	0x1
 653 043a 09        		.uleb128 0x9
 654 043b 0000 0000 		.long	.LASF54
 655 043f 0C        		.byte	0xc
 656 0440 20        		.byte	0x20
 657 0441 1A        		.byte	0x1a
 658 0442 6E00 0000 		.long	0x6e
 659 0446 01        		.byte	0x1
 660 0447 01        		.byte	0x1
 661 0448 1B        		.uleb128 0x1b
 662 0449 07        		.byte	0x7
 663 044a 01        		.byte	0x1
 664 044b 3500 0000 		.long	0x35
 665 044f 0D        		.byte	0xd
 666 0450 2D        		.byte	0x2d
 667 0451 0E        		.byte	0xe
 668 0452 9304 0000 		.long	0x493
 669 0456 1C        		.uleb128 0x1c
 670 0457 0000 0000 		.long	.LASF55
 671 045b 00        		.byte	0
 672 045c 1C        		.uleb128 0x1c
 673 045d 0000 0000 		.long	.LASF56
 674 0461 01        		.byte	0x1
 675 0462 1C        		.uleb128 0x1c
 676 0463 0000 0000 		.long	.LASF57
 677 0467 02        		.byte	0x2
 678 0468 1C        		.uleb128 0x1c
 679 0469 0000 0000 		.long	.LASF58
 680 046d 03        		.byte	0x3
 681 046e 1C        		.uleb128 0x1c
 682 046f 0000 0000 		.long	.LASF59
 683 0473 04        		.byte	0x4
 684 0474 1C        		.uleb128 0x1c
 685 0475 0000 0000 		.long	.LASF60
 686 0479 05        		.byte	0x5
 687 047a 1C        		.uleb128 0x1c
 688 047b 0000 0000 		.long	.LASF61
 689 047f 06        		.byte	0x6
 690 0480 1C        		.uleb128 0x1c
 691 0481 0000 0000 		.long	.LASF62
 692 0485 07        		.byte	0x7
 693 0486 1C        		.uleb128 0x1c
 694 0487 0000 0000 		.long	.LASF63
 695 048b 08        		.byte	0x8
 696 048c 1C        		.uleb128 0x1c
 697 048d 0000 0000 		.long	.LASF64
 698 0491 09        		.byte	0x9
 699 0492 00        		.byte	0
 700 0493 03        		.uleb128 0x3
 701 0494 0000 0000 		.long	.LASF65
 702 0498 0D        		.byte	0xd
 703 0499 2D        		.byte	0x2d
 704 049a 89        		.byte	0x89
 705 049b 4804 0000 		.long	0x448
 706 049f 0B        		.uleb128 0xb
 707 04a0 23        		.byte	0x23
 708 04a1 0D        		.byte	0xd
 709 04a2 2F        		.byte	0x2f
 710 04a3 09        		.byte	0x9
 711 04a4 F404 0000 		.long	0x4f4
 712 04a8 10        		.uleb128 0x10
 713 04a9 0000 0000 		.long	.LASF66
 714 04ad 0D        		.byte	0xd
 715 04ae 30        		.byte	0x30
 716 04af 1C        		.byte	0x1c
 717 04b0 0C01 0000 		.long	0x10c
 718 04b4 02        		.byte	0x2
 719 04b5 23        		.byte	0x23
 720 04b6 00        		.uleb128 0
 721 04b7 10        		.uleb128 0x10
 722 04b8 0000 0000 		.long	.LASF67
 723 04bc 0D        		.byte	0xd
 724 04bd 31        		.byte	0x31
 725 04be 1C        		.byte	0x1c
 726 04bf 0903 0000 		.long	0x309
 727 04c3 02        		.byte	0x2
 728 04c4 23        		.byte	0x23
 729 04c5 01        		.uleb128 0x1
 730 04c6 10        		.uleb128 0x10
 731 04c7 0000 0000 		.long	.LASF68
 732 04cb 0D        		.byte	0xd
 733 04cc 32        		.byte	0x32
 734 04cd 1C        		.byte	0x1c
 735 04ce F404 0000 		.long	0x4f4
 736 04d2 02        		.byte	0x2
 737 04d3 23        		.byte	0x23
 738 04d4 11        		.uleb128 0x11
 739 04d5 10        		.uleb128 0x10
 740 04d6 0000 0000 		.long	.LASF69
 741 04da 0D        		.byte	0xd
 742 04db 33        		.byte	0x33
 743 04dc 1C        		.byte	0x1c
 744 04dd 2400 0000 		.long	0x24
 745 04e1 02        		.byte	0x2
 746 04e2 23        		.byte	0x23
 747 04e3 21        		.uleb128 0x21
 748 04e4 10        		.uleb128 0x10
 749 04e5 0000 0000 		.long	.LASF70
 750 04e9 0D        		.byte	0xd
 751 04ea 34        		.byte	0x34
 752 04eb 1C        		.byte	0x1c
 753 04ec 9304 0000 		.long	0x493
 754 04f0 02        		.byte	0x2
 755 04f1 23        		.byte	0x23
 756 04f2 22        		.uleb128 0x22
 757 04f3 00        		.byte	0
 758 04f4 17        		.uleb128 0x17
 759 04f5 4300 0000 		.long	0x43
 760 04f9 0405 0000 		.long	0x504
 761 04fd 1A        		.uleb128 0x1a
 762 04fe 5400 0000 		.long	0x54
 763 0502 07        		.byte	0x7
 764 0503 00        		.byte	0
 765 0504 03        		.uleb128 0x3
 766 0505 0000 0000 		.long	.LASF71
 767 0509 0D        		.byte	0xd
 768 050a 35        		.byte	0x35
 769 050b 03        		.byte	0x3
 770 050c 9F04 0000 		.long	0x49f
 771 0510 1D        		.uleb128 0x1d
 772 0511 0000 0000 		.long	.LASF75
 773 0515 07        		.byte	0x7
 774 0516 01        		.byte	0x1
 775 0517 3500 0000 		.long	0x35
 776 051b 0D        		.byte	0xd
 777 051c 3B        		.byte	0x3b
 778 051d 0E        		.byte	0xe
 779 051e 3505 0000 		.long	0x535
 780 0522 1C        		.uleb128 0x1c
 781 0523 0000 0000 		.long	.LASF72
 782 0527 00        		.byte	0
 783 0528 1C        		.uleb128 0x1c
 784 0529 0000 0000 		.long	.LASF73
 785 052d 01        		.byte	0x1
 786 052e 1C        		.uleb128 0x1c
 787 052f 0000 0000 		.long	.LASF74
 788 0533 02        		.byte	0x2
 789 0534 00        		.byte	0
 790 0535 03        		.uleb128 0x3
 791 0536 0000 0000 		.long	.LASF75
 792 053a 0D        		.byte	0xd
 793 053b 3F        		.byte	0x3f
 794 053c 03        		.byte	0x3
 795 053d 1005 0000 		.long	0x510
 796 0541 0B        		.uleb128 0xb
 797 0542 06        		.byte	0x6
 798 0543 0D        		.byte	0xd
 799 0544 41        		.byte	0x41
 800 0545 09        		.byte	0x9
 801 0546 9605 0000 		.long	0x596
 802 054a 10        		.uleb128 0x10
 803 054b 0000 0000 		.long	.LASF76
 804 054f 0D        		.byte	0xd
 805 0550 42        		.byte	0x42
 806 0551 17        		.byte	0x17
 807 0552 2400 0000 		.long	0x24
 808 0556 02        		.byte	0x2
 809 0557 23        		.byte	0x23
 810 0558 00        		.uleb128 0
 811 0559 10        		.uleb128 0x10
 812 055a 0000 0000 		.long	.LASF77
 813 055e 0D        		.byte	0xd
 814 055f 43        		.byte	0x43
 815 0560 17        		.byte	0x17
 816 0561 2400 0000 		.long	0x24
 817 0565 02        		.byte	0x2
 818 0566 23        		.byte	0x23
 819 0567 01        		.uleb128 0x1
 820 0568 10        		.uleb128 0x10
 821 0569 0000 0000 		.long	.LASF78
 822 056d 0D        		.byte	0xd
 823 056e 44        		.byte	0x44
 824 056f 17        		.byte	0x17
 825 0570 2400 0000 		.long	0x24
 826 0574 02        		.byte	0x2
 827 0575 23        		.byte	0x23
 828 0576 02        		.uleb128 0x2
 829 0577 10        		.uleb128 0x10
 830 0578 0000 0000 		.long	.LASF79
 831 057c 0D        		.byte	0xd
 832 057d 45        		.byte	0x45
 833 057e 17        		.byte	0x17
 834 057f 4300 0000 		.long	0x43
 835 0583 02        		.byte	0x2
 836 0584 23        		.byte	0x23
 837 0585 03        		.uleb128 0x3
 838 0586 10        		.uleb128 0x10
 839 0587 0000 0000 		.long	.LASF80
 840 058b 0D        		.byte	0xd
 841 058c 46        		.byte	0x46
 842 058d 17        		.byte	0x17
 843 058e 3505 0000 		.long	0x535
 844 0592 02        		.byte	0x2
 845 0593 23        		.byte	0x23
 846 0594 05        		.uleb128 0x5
 847 0595 00        		.byte	0
 848 0596 03        		.uleb128 0x3
 849 0597 0000 0000 		.long	.LASF81
 850 059b 0D        		.byte	0xd
 851 059c 47        		.byte	0x47
 852 059d 03        		.byte	0x3
 853 059e 4105 0000 		.long	0x541
 854 05a2 09        		.uleb128 0x9
 855 05a3 0000 0000 		.long	.LASF82
 856 05a7 0D        		.byte	0xd
 857 05a8 49        		.byte	0x49
 858 05a9 1B        		.byte	0x1b
 859 05aa 0405 0000 		.long	0x504
 860 05ae 01        		.byte	0x1
 861 05af 01        		.byte	0x1
 862 05b0 09        		.uleb128 0x9
 863 05b1 0000 0000 		.long	.LASF83
 864 05b5 0D        		.byte	0xd
 865 05b6 4C        		.byte	0x4c
 866 05b7 1A        		.byte	0x1a
 867 05b8 9605 0000 		.long	0x596
 868 05bc 01        		.byte	0x1
 869 05bd 01        		.byte	0x1
 870 05be 17        		.uleb128 0x17
 871 05bf 4F00 0000 		.long	0x4f
 872 05c3 D505 0000 		.long	0x5d5
 873 05c7 18        		.uleb128 0x18
 874 05c8 1A        		.uleb128 0x1a
 875 05c9 5400 0000 		.long	0x54
 876 05cd 03        		.byte	0x3
 877 05ce 1A        		.uleb128 0x1a
 878 05cf 5400 0000 		.long	0x54
 879 05d3 0D        		.byte	0xd
 880 05d4 00        		.byte	0
 881 05d5 06        		.uleb128 0x6
 882 05d6 BE05 0000 		.long	0x5be
 883 05da 09        		.uleb128 0x9
 884 05db 0000 0000 		.long	.LASF84
 885 05df 0E        		.byte	0xe
 886 05e0 37        		.byte	0x37
 887 05e1 17        		.byte	0x17
 888 05e2 D505 0000 		.long	0x5d5
 889 05e6 01        		.byte	0x1
 890 05e7 01        		.byte	0x1
 891 05e8 17        		.uleb128 0x17
 892 05e9 4F00 0000 		.long	0x4f
 893 05ed F305 0000 		.long	0x5f3
 894 05f1 18        		.uleb128 0x18
 895 05f2 00        		.byte	0
 896 05f3 06        		.uleb128 0x6
 897 05f4 E805 0000 		.long	0x5e8
 898 05f8 09        		.uleb128 0x9
 899 05f9 0000 0000 		.long	.LASF85
 900 05fd 0E        		.byte	0xe
 901 05fe 38        		.byte	0x38
 902 05ff 17        		.byte	0x17
 903 0600 F305 0000 		.long	0x5f3
 904 0604 01        		.byte	0x1
 905 0605 01        		.byte	0x1
 906 0606 03        		.uleb128 0x3
 907 0607 0000 0000 		.long	.LASF86
 908 060b 0F        		.byte	0xf
 909 060c 27        		.byte	0x27
 910 060d 12        		.byte	0x12
 911 060e 6200 0000 		.long	0x62
 912 0612 09        		.uleb128 0x9
 913 0613 0000 0000 		.long	.LASF87
 914 0617 0F        		.byte	0xf
 915 0618 32        		.byte	0x32
 916 0619 16        		.byte	0x16
 917 061a 0606 0000 		.long	0x606
 918 061e 01        		.byte	0x1
 919 061f 01        		.byte	0x1
 920 0620 09        		.uleb128 0x9
 921 0621 0000 0000 		.long	.LASF88
 922 0625 0F        		.byte	0xf
 923 0626 48        		.byte	0x48
 924 0627 16        		.byte	0x16
 925 0628 0606 0000 		.long	0x606
 926 062c 01        		.byte	0x1
 927 062d 01        		.byte	0x1
 928 062e 1E        		.uleb128 0x1e
 929 062f 2C04 0000 		.long	0x42c
 930 0633 10        		.byte	0x10
 931 0634 1C        		.byte	0x1c
 932 0635 11        		.byte	0x11
 933 0636 1F        		.uleb128 0x1f
 934 0637 01        		.byte	0x1
 935 0638 0000 0000 		.long	.LASF93
 936 063c 10        		.byte	0x10
 937 063d 24        		.byte	0x24
 938 063e 06        		.byte	0x6
 939 063f 01        		.byte	0x1
 940 0640 5106 0000 		.long	0x651
 941 0644 20        		.uleb128 0x20
 942 0645 0000 0000 		.long	.LASF94
 943 0649 10        		.byte	0x10
 944 064a 31        		.byte	0x31
 945 064b 13        		.byte	0x13
 946 064c 0606 0000 		.long	0x606
 947 0650 00        		.byte	0
 948 0651 21        		.uleb128 0x21
 949 0652 01        		.byte	0x1
 950 0653 0000 0000 		.long	.LASF95
 951 0657 10        		.byte	0x10
 952 0658 1E        		.byte	0x1e
 953 0659 1C        		.byte	0x1c
 954 065a 01        		.byte	0x1
 955 065b 00        		.byte	0
 956               		.section	.gnu.debuglto_.debug_abbrev,"",@progbits
 957               	.Ldebug_abbrev0:
 958 0000 01        		.uleb128 0x1
 959 0001 11        		.uleb128 0x11
 960 0002 01        		.byte	0x1
 961 0003 25        		.uleb128 0x25
 962 0004 0E        		.uleb128 0xe
 963 0005 13        		.uleb128 0x13
 964 0006 0B        		.uleb128 0xb
 965 0007 03        		.uleb128 0x3
 966 0008 0E        		.uleb128 0xe
 967 0009 1B        		.uleb128 0x1b
 968 000a 0E        		.uleb128 0xe
 969 000b 10        		.uleb128 0x10
 970 000c 06        		.uleb128 0x6
 971 000d 00        		.byte	0
 972 000e 00        		.byte	0
 973 000f 02        		.uleb128 0x2
 974 0010 24        		.uleb128 0x24
 975 0011 00        		.byte	0
 976 0012 0B        		.uleb128 0xb
 977 0013 0B        		.uleb128 0xb
 978 0014 3E        		.uleb128 0x3e
 979 0015 0B        		.uleb128 0xb
 980 0016 03        		.uleb128 0x3
 981 0017 0E        		.uleb128 0xe
 982 0018 00        		.byte	0
 983 0019 00        		.byte	0
 984 001a 03        		.uleb128 0x3
 985 001b 16        		.uleb128 0x16
 986 001c 00        		.byte	0
 987 001d 03        		.uleb128 0x3
 988 001e 0E        		.uleb128 0xe
 989 001f 3A        		.uleb128 0x3a
 990 0020 0B        		.uleb128 0xb
 991 0021 3B        		.uleb128 0x3b
 992 0022 0B        		.uleb128 0xb
 993 0023 39        		.uleb128 0x39
 994 0024 0B        		.uleb128 0xb
 995 0025 49        		.uleb128 0x49
 996 0026 13        		.uleb128 0x13
 997 0027 00        		.byte	0
 998 0028 00        		.byte	0
 999 0029 04        		.uleb128 0x4
 1000 002a 35        		.uleb128 0x35
 1001 002b 00        		.byte	0
 1002 002c 49        		.uleb128 0x49
 1003 002d 13        		.uleb128 0x13
 1004 002e 00        		.byte	0
 1005 002f 00        		.byte	0
 1006 0030 05        		.uleb128 0x5
 1007 0031 24        		.uleb128 0x24
 1008 0032 00        		.byte	0
 1009 0033 0B        		.uleb128 0xb
 1010 0034 0B        		.uleb128 0xb
 1011 0035 3E        		.uleb128 0x3e
 1012 0036 0B        		.uleb128 0xb
 1013 0037 03        		.uleb128 0x3
 1014 0038 08        		.uleb128 0x8
 1015 0039 00        		.byte	0
 1016 003a 00        		.byte	0
 1017 003b 06        		.uleb128 0x6
 1018 003c 26        		.uleb128 0x26
 1019 003d 00        		.byte	0
 1020 003e 49        		.uleb128 0x49
 1021 003f 13        		.uleb128 0x13
 1022 0040 00        		.byte	0
 1023 0041 00        		.byte	0
 1024 0042 07        		.uleb128 0x7
 1025 0043 15        		.uleb128 0x15
 1026 0044 01        		.byte	0x1
 1027 0045 27        		.uleb128 0x27
 1028 0046 0C        		.uleb128 0xc
 1029 0047 01        		.uleb128 0x1
 1030 0048 13        		.uleb128 0x13
 1031 0049 00        		.byte	0
 1032 004a 00        		.byte	0
 1033 004b 08        		.uleb128 0x8
 1034 004c 05        		.uleb128 0x5
 1035 004d 00        		.byte	0
 1036 004e 49        		.uleb128 0x49
 1037 004f 13        		.uleb128 0x13
 1038 0050 00        		.byte	0
 1039 0051 00        		.byte	0
 1040 0052 09        		.uleb128 0x9
 1041 0053 34        		.uleb128 0x34
 1042 0054 00        		.byte	0
 1043 0055 03        		.uleb128 0x3
 1044 0056 0E        		.uleb128 0xe
 1045 0057 3A        		.uleb128 0x3a
 1046 0058 0B        		.uleb128 0xb
 1047 0059 3B        		.uleb128 0x3b
 1048 005a 0B        		.uleb128 0xb
 1049 005b 39        		.uleb128 0x39
 1050 005c 0B        		.uleb128 0xb
 1051 005d 49        		.uleb128 0x49
 1052 005e 13        		.uleb128 0x13
 1053 005f 3F        		.uleb128 0x3f
 1054 0060 0C        		.uleb128 0xc
 1055 0061 3C        		.uleb128 0x3c
 1056 0062 0C        		.uleb128 0xc
 1057 0063 00        		.byte	0
 1058 0064 00        		.byte	0
 1059 0065 0A        		.uleb128 0xa
 1060 0066 0F        		.uleb128 0xf
 1061 0067 00        		.byte	0
 1062 0068 0B        		.uleb128 0xb
 1063 0069 0B        		.uleb128 0xb
 1064 006a 49        		.uleb128 0x49
 1065 006b 13        		.uleb128 0x13
 1066 006c 00        		.byte	0
 1067 006d 00        		.byte	0
 1068 006e 0B        		.uleb128 0xb
 1069 006f 13        		.uleb128 0x13
 1070 0070 01        		.byte	0x1
 1071 0071 0B        		.uleb128 0xb
 1072 0072 0B        		.uleb128 0xb
 1073 0073 3A        		.uleb128 0x3a
 1074 0074 0B        		.uleb128 0xb
 1075 0075 3B        		.uleb128 0x3b
 1076 0076 0B        		.uleb128 0xb
 1077 0077 39        		.uleb128 0x39
 1078 0078 0B        		.uleb128 0xb
 1079 0079 01        		.uleb128 0x1
 1080 007a 13        		.uleb128 0x13
 1081 007b 00        		.byte	0
 1082 007c 00        		.byte	0
 1083 007d 0C        		.uleb128 0xc
 1084 007e 0D        		.uleb128 0xd
 1085 007f 00        		.byte	0
 1086 0080 03        		.uleb128 0x3
 1087 0081 0E        		.uleb128 0xe
 1088 0082 3A        		.uleb128 0x3a
 1089 0083 0B        		.uleb128 0xb
 1090 0084 3B        		.uleb128 0x3b
 1091 0085 0B        		.uleb128 0xb
 1092 0086 39        		.uleb128 0x39
 1093 0087 0B        		.uleb128 0xb
 1094 0088 49        		.uleb128 0x49
 1095 0089 13        		.uleb128 0x13
 1096 008a 0B        		.uleb128 0xb
 1097 008b 0B        		.uleb128 0xb
 1098 008c 0D        		.uleb128 0xd
 1099 008d 0B        		.uleb128 0xb
 1100 008e 0C        		.uleb128 0xc
 1101 008f 0B        		.uleb128 0xb
 1102 0090 38        		.uleb128 0x38
 1103 0091 0A        		.uleb128 0xa
 1104 0092 00        		.byte	0
 1105 0093 00        		.byte	0
 1106 0094 0D        		.uleb128 0xd
 1107 0095 17        		.uleb128 0x17
 1108 0096 01        		.byte	0x1
 1109 0097 0B        		.uleb128 0xb
 1110 0098 0B        		.uleb128 0xb
 1111 0099 3A        		.uleb128 0x3a
 1112 009a 0B        		.uleb128 0xb
 1113 009b 3B        		.uleb128 0x3b
 1114 009c 0B        		.uleb128 0xb
 1115 009d 39        		.uleb128 0x39
 1116 009e 0B        		.uleb128 0xb
 1117 009f 01        		.uleb128 0x1
 1118 00a0 13        		.uleb128 0x13
 1119 00a1 00        		.byte	0
 1120 00a2 00        		.byte	0
 1121 00a3 0E        		.uleb128 0xe
 1122 00a4 0D        		.uleb128 0xd
 1123 00a5 00        		.byte	0
 1124 00a6 49        		.uleb128 0x49
 1125 00a7 13        		.uleb128 0x13
 1126 00a8 00        		.byte	0
 1127 00a9 00        		.byte	0
 1128 00aa 0F        		.uleb128 0xf
 1129 00ab 0D        		.uleb128 0xd
 1130 00ac 00        		.byte	0
 1131 00ad 03        		.uleb128 0x3
 1132 00ae 08        		.uleb128 0x8
 1133 00af 3A        		.uleb128 0x3a
 1134 00b0 0B        		.uleb128 0xb
 1135 00b1 3B        		.uleb128 0x3b
 1136 00b2 0B        		.uleb128 0xb
 1137 00b3 39        		.uleb128 0x39
 1138 00b4 0B        		.uleb128 0xb
 1139 00b5 49        		.uleb128 0x49
 1140 00b6 13        		.uleb128 0x13
 1141 00b7 00        		.byte	0
 1142 00b8 00        		.byte	0
 1143 00b9 10        		.uleb128 0x10
 1144 00ba 0D        		.uleb128 0xd
 1145 00bb 00        		.byte	0
 1146 00bc 03        		.uleb128 0x3
 1147 00bd 0E        		.uleb128 0xe
 1148 00be 3A        		.uleb128 0x3a
 1149 00bf 0B        		.uleb128 0xb
 1150 00c0 3B        		.uleb128 0x3b
 1151 00c1 0B        		.uleb128 0xb
 1152 00c2 39        		.uleb128 0x39
 1153 00c3 0B        		.uleb128 0xb
 1154 00c4 49        		.uleb128 0x49
 1155 00c5 13        		.uleb128 0x13
 1156 00c6 38        		.uleb128 0x38
 1157 00c7 0A        		.uleb128 0xa
 1158 00c8 00        		.byte	0
 1159 00c9 00        		.byte	0
 1160 00ca 11        		.uleb128 0x11
 1161 00cb 0F        		.uleb128 0xf
 1162 00cc 00        		.byte	0
 1163 00cd 0B        		.uleb128 0xb
 1164 00ce 0B        		.uleb128 0xb
 1165 00cf 00        		.byte	0
 1166 00d0 00        		.byte	0
 1167 00d1 12        		.uleb128 0x12
 1168 00d2 13        		.uleb128 0x13
 1169 00d3 01        		.byte	0x1
 1170 00d4 03        		.uleb128 0x3
 1171 00d5 0E        		.uleb128 0xe
 1172 00d6 0B        		.uleb128 0xb
 1173 00d7 0B        		.uleb128 0xb
 1174 00d8 3A        		.uleb128 0x3a
 1175 00d9 0B        		.uleb128 0xb
 1176 00da 3B        		.uleb128 0x3b
 1177 00db 0B        		.uleb128 0xb
 1178 00dc 39        		.uleb128 0x39
 1179 00dd 0B        		.uleb128 0xb
 1180 00de 01        		.uleb128 0x1
 1181 00df 13        		.uleb128 0x13
 1182 00e0 00        		.byte	0
 1183 00e1 00        		.byte	0
 1184 00e2 13        		.uleb128 0x13
 1185 00e3 0D        		.uleb128 0xd
 1186 00e4 00        		.byte	0
 1187 00e5 03        		.uleb128 0x3
 1188 00e6 08        		.uleb128 0x8
 1189 00e7 3A        		.uleb128 0x3a
 1190 00e8 0B        		.uleb128 0xb
 1191 00e9 3B        		.uleb128 0x3b
 1192 00ea 0B        		.uleb128 0xb
 1193 00eb 39        		.uleb128 0x39
 1194 00ec 0B        		.uleb128 0xb
 1195 00ed 49        		.uleb128 0x49
 1196 00ee 13        		.uleb128 0x13
 1197 00ef 38        		.uleb128 0x38
 1198 00f0 0A        		.uleb128 0xa
 1199 00f1 00        		.byte	0
 1200 00f2 00        		.byte	0
 1201 00f3 14        		.uleb128 0x14
 1202 00f4 0D        		.uleb128 0xd
 1203 00f5 00        		.byte	0
 1204 00f6 03        		.uleb128 0x3
 1205 00f7 0E        		.uleb128 0xe
 1206 00f8 3A        		.uleb128 0x3a
 1207 00f9 0B        		.uleb128 0xb
 1208 00fa 3B        		.uleb128 0x3b
 1209 00fb 05        		.uleb128 0x5
 1210 00fc 39        		.uleb128 0x39
 1211 00fd 0B        		.uleb128 0xb
 1212 00fe 49        		.uleb128 0x49
 1213 00ff 13        		.uleb128 0x13
 1214 0100 38        		.uleb128 0x38
 1215 0101 0A        		.uleb128 0xa
 1216 0102 00        		.byte	0
 1217 0103 00        		.byte	0
 1218 0104 15        		.uleb128 0x15
 1219 0105 0D        		.uleb128 0xd
 1220 0106 00        		.byte	0
 1221 0107 03        		.uleb128 0x3
 1222 0108 08        		.uleb128 0x8
 1223 0109 3A        		.uleb128 0x3a
 1224 010a 0B        		.uleb128 0xb
 1225 010b 3B        		.uleb128 0x3b
 1226 010c 05        		.uleb128 0x5
 1227 010d 39        		.uleb128 0x39
 1228 010e 0B        		.uleb128 0xb
 1229 010f 49        		.uleb128 0x49
 1230 0110 13        		.uleb128 0x13
 1231 0111 38        		.uleb128 0x38
 1232 0112 0A        		.uleb128 0xa
 1233 0113 00        		.byte	0
 1234 0114 00        		.byte	0
 1235 0115 16        		.uleb128 0x16
 1236 0116 15        		.uleb128 0x15
 1237 0117 01        		.byte	0x1
 1238 0118 27        		.uleb128 0x27
 1239 0119 0C        		.uleb128 0xc
 1240 011a 49        		.uleb128 0x49
 1241 011b 13        		.uleb128 0x13
 1242 011c 01        		.uleb128 0x1
 1243 011d 13        		.uleb128 0x13
 1244 011e 00        		.byte	0
 1245 011f 00        		.byte	0
 1246 0120 17        		.uleb128 0x17
 1247 0121 01        		.uleb128 0x1
 1248 0122 01        		.byte	0x1
 1249 0123 49        		.uleb128 0x49
 1250 0124 13        		.uleb128 0x13
 1251 0125 01        		.uleb128 0x1
 1252 0126 13        		.uleb128 0x13
 1253 0127 00        		.byte	0
 1254 0128 00        		.byte	0
 1255 0129 18        		.uleb128 0x18
 1256 012a 21        		.uleb128 0x21
 1257 012b 00        		.byte	0
 1258 012c 00        		.byte	0
 1259 012d 00        		.byte	0
 1260 012e 19        		.uleb128 0x19
 1261 012f 34        		.uleb128 0x34
 1262 0130 00        		.byte	0
 1263 0131 03        		.uleb128 0x3
 1264 0132 0E        		.uleb128 0xe
 1265 0133 3A        		.uleb128 0x3a
 1266 0134 0B        		.uleb128 0xb
 1267 0135 3B        		.uleb128 0x3b
 1268 0136 05        		.uleb128 0x5
 1269 0137 39        		.uleb128 0x39
 1270 0138 0B        		.uleb128 0xb
 1271 0139 49        		.uleb128 0x49
 1272 013a 13        		.uleb128 0x13
 1273 013b 3F        		.uleb128 0x3f
 1274 013c 0C        		.uleb128 0xc
 1275 013d 3C        		.uleb128 0x3c
 1276 013e 0C        		.uleb128 0xc
 1277 013f 00        		.byte	0
 1278 0140 00        		.byte	0
 1279 0141 1A        		.uleb128 0x1a
 1280 0142 21        		.uleb128 0x21
 1281 0143 00        		.byte	0
 1282 0144 49        		.uleb128 0x49
 1283 0145 13        		.uleb128 0x13
 1284 0146 2F        		.uleb128 0x2f
 1285 0147 0B        		.uleb128 0xb
 1286 0148 00        		.byte	0
 1287 0149 00        		.byte	0
 1288 014a 1B        		.uleb128 0x1b
 1289 014b 04        		.uleb128 0x4
 1290 014c 01        		.byte	0x1
 1291 014d 3E        		.uleb128 0x3e
 1292 014e 0B        		.uleb128 0xb
 1293 014f 0B        		.uleb128 0xb
 1294 0150 0B        		.uleb128 0xb
 1295 0151 49        		.uleb128 0x49
 1296 0152 13        		.uleb128 0x13
 1297 0153 3A        		.uleb128 0x3a
 1298 0154 0B        		.uleb128 0xb
 1299 0155 3B        		.uleb128 0x3b
 1300 0156 0B        		.uleb128 0xb
 1301 0157 39        		.uleb128 0x39
 1302 0158 0B        		.uleb128 0xb
 1303 0159 01        		.uleb128 0x1
 1304 015a 13        		.uleb128 0x13
 1305 015b 00        		.byte	0
 1306 015c 00        		.byte	0
 1307 015d 1C        		.uleb128 0x1c
 1308 015e 28        		.uleb128 0x28
 1309 015f 00        		.byte	0
 1310 0160 03        		.uleb128 0x3
 1311 0161 0E        		.uleb128 0xe
 1312 0162 1C        		.uleb128 0x1c
 1313 0163 0B        		.uleb128 0xb
 1314 0164 00        		.byte	0
 1315 0165 00        		.byte	0
 1316 0166 1D        		.uleb128 0x1d
 1317 0167 04        		.uleb128 0x4
 1318 0168 01        		.byte	0x1
 1319 0169 03        		.uleb128 0x3
 1320 016a 0E        		.uleb128 0xe
 1321 016b 3E        		.uleb128 0x3e
 1322 016c 0B        		.uleb128 0xb
 1323 016d 0B        		.uleb128 0xb
 1324 016e 0B        		.uleb128 0xb
 1325 016f 49        		.uleb128 0x49
 1326 0170 13        		.uleb128 0x13
 1327 0171 3A        		.uleb128 0x3a
 1328 0172 0B        		.uleb128 0xb
 1329 0173 3B        		.uleb128 0x3b
 1330 0174 0B        		.uleb128 0xb
 1331 0175 39        		.uleb128 0x39
 1332 0176 0B        		.uleb128 0xb
 1333 0177 01        		.uleb128 0x1
 1334 0178 13        		.uleb128 0x13
 1335 0179 00        		.byte	0
 1336 017a 00        		.byte	0
 1337 017b 1E        		.uleb128 0x1e
 1338 017c 34        		.uleb128 0x34
 1339 017d 00        		.byte	0
 1340 017e 47        		.uleb128 0x47
 1341 017f 13        		.uleb128 0x13
 1342 0180 3A        		.uleb128 0x3a
 1343 0181 0B        		.uleb128 0xb
 1344 0182 3B        		.uleb128 0x3b
 1345 0183 0B        		.uleb128 0xb
 1346 0184 39        		.uleb128 0x39
 1347 0185 0B        		.uleb128 0xb
 1348 0186 00        		.byte	0
 1349 0187 00        		.byte	0
 1350 0188 1F        		.uleb128 0x1f
 1351 0189 2E        		.uleb128 0x2e
 1352 018a 01        		.byte	0x1
 1353 018b 3F        		.uleb128 0x3f
 1354 018c 0C        		.uleb128 0xc
 1355 018d 03        		.uleb128 0x3
 1356 018e 0E        		.uleb128 0xe
 1357 018f 3A        		.uleb128 0x3a
 1358 0190 0B        		.uleb128 0xb
 1359 0191 3B        		.uleb128 0x3b
 1360 0192 0B        		.uleb128 0xb
 1361 0193 39        		.uleb128 0x39
 1362 0194 0B        		.uleb128 0xb
 1363 0195 27        		.uleb128 0x27
 1364 0196 0C        		.uleb128 0xc
 1365 0197 01        		.uleb128 0x1
 1366 0198 13        		.uleb128 0x13
 1367 0199 00        		.byte	0
 1368 019a 00        		.byte	0
 1369 019b 20        		.uleb128 0x20
 1370 019c 34        		.uleb128 0x34
 1371 019d 00        		.byte	0
 1372 019e 03        		.uleb128 0x3
 1373 019f 0E        		.uleb128 0xe
 1374 01a0 3A        		.uleb128 0x3a
 1375 01a1 0B        		.uleb128 0xb
 1376 01a2 3B        		.uleb128 0x3b
 1377 01a3 0B        		.uleb128 0xb
 1378 01a4 39        		.uleb128 0x39
 1379 01a5 0B        		.uleb128 0xb
 1380 01a6 49        		.uleb128 0x49
 1381 01a7 13        		.uleb128 0x13
 1382 01a8 00        		.byte	0
 1383 01a9 00        		.byte	0
 1384 01aa 21        		.uleb128 0x21
 1385 01ab 2E        		.uleb128 0x2e
 1386 01ac 00        		.byte	0
 1387 01ad 3F        		.uleb128 0x3f
 1388 01ae 0C        		.uleb128 0xc
 1389 01af 03        		.uleb128 0x3
 1390 01b0 0E        		.uleb128 0xe
 1391 01b1 3A        		.uleb128 0x3a
 1392 01b2 0B        		.uleb128 0xb
 1393 01b3 3B        		.uleb128 0x3b
 1394 01b4 0B        		.uleb128 0xb
 1395 01b5 39        		.uleb128 0x39
 1396 01b6 0B        		.uleb128 0xb
 1397 01b7 27        		.uleb128 0x27
 1398 01b8 0C        		.uleb128 0xc
 1399 01b9 00        		.byte	0
 1400 01ba 00        		.byte	0
 1401 01bb 00        		.byte	0
 1402               		.section	.gnu.debuglto_.debug_line,"",@progbits
 1403               	.Ldebug_line0:
 1404 0000 E201 0000 		.long	.LELT0-.LSLT0
 1405               	.LSLT0:
 1406 0004 0200      		.word	0x2
 1407 0006 DC01 0000 		.long	.LELTP0-.LASLTP0
 1408               	.LASLTP0:
 1409 000a 01        		.byte	0x1
 1410 000b 01        		.byte	0x1
 1411 000c F6        		.byte	0xf6
 1412 000d F2        		.byte	0xf2
 1413 000e 0D        		.byte	0xd
 1414 000f 00        		.byte	0
 1415 0010 01        		.byte	0x1
 1416 0011 01        		.byte	0x1
 1417 0012 01        		.byte	0x1
 1418 0013 01        		.byte	0x1
 1419 0014 00        		.byte	0
 1420 0015 00        		.byte	0
 1421 0016 00        		.byte	0
 1422 0017 01        		.byte	0x1
 1423 0018 00        		.byte	0
 1424 0019 00        		.byte	0
 1425 001a 01        		.byte	0x1
 1426 001b 653A 5C67 		.ascii	"e:\\game\\msys2\\mingw64\\avr\\include"
 1426      616D 655C 
 1426      6D73 7973 
 1426      325C 6D69 
 1426      6E67 7736 
 1427 003c 00        		.byte	0
 1428 003d 6C69 622F 		.ascii	"lib/lufa/LUFA/Drivers/USB/Core"
 1428      6C75 6661 
 1428      2F4C 5546 
 1428      412F 4472 
 1428      6976 6572 
 1429 005b 00        		.byte	0
 1430 005c 6C69 622F 		.ascii	"lib/lufa/LUFA/Drivers/USB/Core/AVR8/.."
 1430      6C75 6661 
 1430      2F4C 5546 
 1430      412F 4472 
 1430      6976 6572 
 1431 0082 00        		.byte	0
 1432 0083 746D 6B5F 		.ascii	"tmk_core/common"
 1432      636F 7265 
 1432      2F63 6F6D 
 1432      6D6F 6E
 1433 0092 00        		.byte	0
 1434 0093 746D 6B5F 		.ascii	"tmk_core/common/avr"
 1434      636F 7265 
 1434      2F63 6F6D 
 1434      6D6F 6E2F 
 1434      6176 72
 1435 00a6 00        		.byte	0
 1436 00a7 7175 616E 		.ascii	"quantum"
 1436      7475 6D
 1437 00ae 00        		.byte	0
 1438 00af 7175 616E 		.ascii	"quantum/bootmagic"
 1438      7475 6D2F 
 1438      626F 6F74 
 1438      6D61 6769 
 1438      63
 1439 00c0 00        		.byte	0
 1440 00c1 7175 616E 		.ascii	"quantum/sequencer"
 1440      7475 6D2F 
 1440      7365 7175 
 1440      656E 6365 
 1440      72
 1441 00d2 00        		.byte	0
 1442 00d3 00        		.byte	0
 1443 00d4 7374 6469 		.string	"stdint.h"
 1443      6E74 2E68 
 1443      00
 1444 00dd 01        		.uleb128 0x1
 1445 00de 00        		.uleb128 0
 1446 00df 00        		.uleb128 0
 1447 00e0 6465 6275 		.string	"debug.h"
 1447      672E 6800 
 1448 00e8 04        		.uleb128 0x4
 1449 00e9 00        		.uleb128 0
 1450 00ea 00        		.uleb128 0
 1451 00eb 6176 722F 		.string	"avr/xprintf.h"
 1451      7870 7269 
 1451      6E74 662E 
 1451      6800 
 1452 00f9 04        		.uleb128 0x4
 1453 00fa 00        		.uleb128 0
 1454 00fb 00        		.uleb128 0
 1455 00fc 6163 7469 		.string	"action.h"
 1455      6F6E 2E68 
 1455      00
 1456 0105 04        		.uleb128 0x4
 1457 0106 00        		.uleb128 0
 1458 0107 00        		.uleb128 0
 1459 0108 4156 5238 		.string	"AVR8/../StdRequestType.h"
 1459      2F2E 2E2F 
 1459      5374 6452 
 1459      6571 7565 
 1459      7374 5479 
 1460 0121 02        		.uleb128 0x2
 1461 0122 00        		.uleb128 0
 1462 0123 00        		.uleb128 0
 1463 0124 4156 5238 		.string	"AVR8/../DeviceStandardReq.h"
 1463      2F2E 2E2F 
 1463      4465 7669 
 1463      6365 5374 
 1463      616E 6461 
 1464 0140 02        		.uleb128 0x2
 1465 0141 00        		.uleb128 0
 1466 0142 00        		.uleb128 0
 1467 0143 5553 4254 		.string	"USBTask.h"
 1467      6173 6B2E 
 1467      6800 
 1468 014d 02        		.uleb128 0x2
 1469 014e 00        		.uleb128 0
 1470 014f 00        		.uleb128 0
 1471 0150 486F 7374 		.string	"HostStandardReq.h"
 1471      5374 616E 
 1471      6461 7264 
 1471      5265 712E 
 1471      6800 
 1472 0162 02        		.uleb128 0x2
 1473 0163 00        		.uleb128 0
 1474 0164 00        		.uleb128 0
 1475 0165 7374 6469 		.string	"stdio.h"
 1475      6F2E 6800 
 1476 016d 01        		.uleb128 0x1
 1477 016e 00        		.uleb128 0
 1478 016f 00        		.uleb128 0
 1479 0170 686F 7374 		.string	"host.h"
 1479      2E68 00
 1480 0177 04        		.uleb128 0x4
 1481 0178 00        		.uleb128 0
 1482 0179 00        		.uleb128 0
 1483 017a 6B65 7963 		.string	"keycode_config.h"
 1483      6F64 655F 
 1483      636F 6E66 
 1483      6967 2E68 
 1483      00
 1484 018b 06        		.uleb128 0x6
 1485 018c 00        		.uleb128 0
 1486 018d 00        		.uleb128 0
 1487 018e 7469 6D65 		.string	"timer.h"
 1487      722E 6800 
 1488 0196 04        		.uleb128 0x4
 1489 0197 00        		.uleb128 0
 1490 0198 00        		.uleb128 0
 1491 0199 7365 7175 		.string	"sequencer/sequencer.h"
 1491      656E 6365 
 1491      722F 7365 
 1491      7175 656E 
 1491      6365 722E 
 1492 01af 06        		.uleb128 0x6
 1493 01b0 00        		.uleb128 0
 1494 01b1 00        		.uleb128 0
 1495 01b2 6B65 796D 		.string	"keymap.h"
 1495      6170 2E68 
 1495      00
 1496 01bb 06        		.uleb128 0x6
 1497 01bc 00        		.uleb128 0
 1498 01bd 00        		.uleb128 0
 1499 01be 6163 7469 		.string	"action_layer.h"
 1499      6F6E 5F6C 
 1499      6179 6572 
 1499      2E68 00
 1500 01cd 04        		.uleb128 0x4
 1501 01ce 00        		.uleb128 0
 1502 01cf 00        		.uleb128 0
 1503 01d0 626F 6F74 		.string	"bootmagic/magic.c"
 1503      6D61 6769 
 1503      632F 6D61 
 1503      6769 632E 
 1503      6300 
 1504 01e2 06        		.uleb128 0x6
 1505 01e3 00        		.uleb128 0
 1506 01e4 00        		.uleb128 0
 1507 01e5 00        		.byte	0
 1508               	.LELTP0:
 1509               	.LELT0:
 1510               		.section	.gnu.debuglto_.debug_str,"MS",@progbits,1
 1511               	.LASF75:
 1512 0000 7365 7175 		.string	"sequencer_phase_t"
 1512      656E 6365 
 1512      725F 7068 
 1512      6173 655F 
 1512      7400 
 1513               	.LASF44:
 1514 0012 7377 6170 		.string	"swap_ralt_rgui"
 1514      5F72 616C 
 1514      745F 7267 
 1514      7569 00
 1515               	.LASF21:
 1516 0021 6252 6571 		.string	"bRequest"
 1516      7565 7374 
 1516      00
 1517               	.LASF42:
 1518 002a 6361 7073 		.string	"capslock_to_control"
 1518      6C6F 636B 
 1518      5F74 6F5F 
 1518      636F 6E74 
 1518      726F 6C00 
 1519               	.LASF80:
 1520 003e 7068 6173 		.string	"phase"
 1520      6500 
 1521               	.LASF8:
 1522 0044 6C6F 6E67 		.string	"long long int"
 1522      206C 6F6E 
 1522      6720 696E 
 1522      7400 
 1523               	.LASF16:
 1524 0052 6465 6275 		.string	"debug_config_t"
 1524      675F 636F 
 1524      6E66 6967 
 1524      5F74 00
 1525               	.LASF51:
 1526 0061 6F6E 6573 		.string	"oneshot_disable"
 1526      686F 745F 
 1526      6469 7361 
 1526      626C 6500 
 1527               	.LASF86:
 1528 0071 6C61 7965 		.string	"layer_state_t"
 1528      725F 7374 
 1528      6174 655F 
 1528      7400 
 1529               	.LASF54:
 1530 007f 7469 6D65 		.string	"timer_count"
 1530      725F 636F 
 1530      756E 7400 
 1531               	.LASF32:
 1532 008b 5553 425F 		.string	"USB_Host_ConfigurationNumber"
 1532      486F 7374 
 1532      5F43 6F6E 
 1532      6669 6775 
 1532      7261 7469 
 1533               	.LASF38:
 1534 00a8 5F5F 696F 		.string	"__iob"
 1534      6200 
 1535               	.LASF33:
 1536 00ae 756E 6765 		.string	"unget"
 1536      7400 
 1537               	.LASF10:
 1538 00b4 656E 6162 		.string	"enable"
 1538      6C65 00
 1539               	.LASF79:
 1540 00bb 7469 6D65 		.string	"timer"
 1540      7200 
 1541               	.LASF26:
 1542 00c1 5553 425F 		.string	"USB_Device_ConfigurationNumber"
 1542      4465 7669 
 1542      6365 5F43 
 1542      6F6E 6669 
 1542      6775 7261 
 1543               	.LASF52:
 1544 00e0 6B65 796D 		.string	"keymap_config_t"
 1544      6170 5F63 
 1544      6F6E 6669 
 1544      675F 7400 
 1545               	.LASF76:
 1546 00f0 6163 7469 		.string	"active_tracks"
 1546      7665 5F74 
 1546      7261 636B 
 1546      7300 
 1547               	.LASF77:
 1548 00fe 6375 7272 		.string	"current_track"
 1548      656E 745F 
 1548      7472 6163 
 1548      6B00 
 1549               	.LASF78:
 1550 010c 6375 7272 		.string	"current_step"
 1550      656E 745F 
 1550      7374 6570 
 1550      00
 1551               	.LASF64:
 1552 0119 5345 5155 		.string	"SEQUENCER_RESOLUTIONS"
 1552      454E 4345 
 1552      525F 5245 
 1552      534F 4C55 
 1552      5449 4F4E 
 1553               	.LASF43:
 1554 012f 7377 6170 		.string	"swap_lalt_lgui"
 1554      5F6C 616C 
 1554      745F 6C67 
 1554      7569 00
 1555               	.LASF82:
 1556 013e 7365 7175 		.string	"sequencer_config"
 1556      656E 6365 
 1556      725F 636F 
 1556      6E66 6967 
 1556      00
 1557               	.LASF47:
 1558 014f 7377 6170 		.string	"swap_backslash_backspace"
 1558      5F62 6163 
 1558      6B73 6C61 
 1558      7368 5F62 
 1558      6163 6B73 
 1559               	.LASF56:
 1560 0168 5351 5F52 		.string	"SQ_RES_2T"
 1560      4553 5F32 
 1560      5400 
 1561               	.LASF73:
 1562 0172 5345 5155 		.string	"SEQUENCER_PHASE_RELEASE"
 1562      454E 4345 
 1562      525F 5048 
 1562      4153 455F 
 1562      5245 4C45 
 1563               	.LASF9:
 1564 018a 6C6F 6E67 		.string	"long long unsigned int"
 1564      206C 6F6E 
 1564      6720 756E 
 1564      7369 676E 
 1564      6564 2069 
 1565               	.LASF30:
 1566 01a1 5553 425F 		.string	"USB_ControlRequest"
 1566      436F 6E74 
 1566      726F 6C52 
 1566      6571 7565 
 1566      7374 00
 1567               	.LASF89:
 1568 01b4 474E 5520 		.string	"GNU C99 8.4.0 -mn-flash=1 -mno-skip-bug -mmcu=avr5 -gdwarf-2 -Os -std=gnu99 -funsigned-ch
 1568      4339 3920 
 1568      382E 342E 
 1568      3020 2D6D 
 1568      6E2D 666C 
 1569               	.LASF5:
 1570 02a5 6C6F 6E67 		.string	"long int"
 1570      2069 6E74 
 1570      00
 1571               	.LASF31:
 1572 02ae 5553 425F 		.string	"USB_DeviceState"
 1572      4465 7669 
 1572      6365 5374 
 1572      6174 6500 
 1573               	.LASF17:
 1574 02be 7866 756E 		.string	"xfunc_out"
 1574      635F 6F75 
 1574      7400 
 1575               	.LASF46:
 1576 02c8 7377 6170 		.string	"swap_grave_esc"
 1576      5F67 7261 
 1576      7665 5F65 
 1576      7363 00
 1577               	.LASF72:
 1578 02d7 5345 5155 		.string	"SEQUENCER_PHASE_ATTACK"
 1578      454E 4345 
 1578      525F 5048 
 1578      4153 455F 
 1578      4154 5441 
 1579               	.LASF94:
 1580 02ee 6465 6661 		.string	"default_layer"
 1580      756C 745F 
 1580      6C61 7965 
 1580      7200 
 1581               	.LASF29:
 1582 02fc 5553 425F 		.string	"USB_IsInitialized"
 1582      4973 496E 
 1582      6974 6961 
 1582      6C69 7A65 
 1582      6400 
 1583               	.LASF22:
 1584 030e 7756 616C 		.string	"wValue"
 1584      7565 00
 1585               	.LASF62:
 1586 0315 5351 5F52 		.string	"SQ_RES_16T"
 1586      4553 5F31 
 1586      3654 00
 1587               	.LASF63:
 1588 0320 5351 5F52 		.string	"SQ_RES_32"
 1588      4553 5F33 
 1588      3200 
 1589               	.LASF25:
 1590 032a 5553 425F 		.string	"USB_Request_Header_t"
 1590      5265 7175 
 1590      6573 745F 
 1590      4865 6164 
 1590      6572 5F74 
 1591               	.LASF65:
 1592 033f 7365 7175 		.string	"sequencer_resolution_t"
 1592      656E 6365 
 1592      725F 7265 
 1592      736F 6C75 
 1592      7469 6F6E 
 1593               	.LASF27:
 1594 0356 5553 425F 		.string	"USB_Device_RemoteWakeupEnabled"
 1594      4465 7669 
 1594      6365 5F52 
 1594      656D 6F74 
 1594      6557 616B 
 1595               	.LASF1:
 1596 0375 756E 7369 		.string	"unsigned char"
 1596      676E 6564 
 1596      2063 6861 
 1596      7200 
 1597               	.LASF39:
 1598 0383 6B65 7962 		.string	"keyboard_idle"
 1598      6F61 7264 
 1598      5F69 646C 
 1598      6500 
 1599               	.LASF92:
 1600 0391 5F5F 6669 		.string	"__file"
 1600      6C65 00
 1601               	.LASF0:
 1602 0398 7369 676E 		.string	"signed char"
 1602      6564 2063 
 1602      6861 7200 
 1603               	.LASF34:
 1604 03a4 666C 6167 		.string	"flags"
 1604      7300 
 1605               	.LASF14:
 1606 03aa 7265 7365 		.string	"reserved"
 1606      7276 6564 
 1606      00
 1607               	.LASF6:
 1608 03b3 7569 6E74 		.string	"uint32_t"
 1608      3332 5F74 
 1608      00
 1609               	.LASF4:
 1610 03bc 756E 7369 		.string	"unsigned int"
 1610      676E 6564 
 1610      2069 6E74 
 1610      00
 1611               	.LASF3:
 1612 03c9 7569 6E74 		.string	"uint16_t"
 1612      3136 5F74 
 1612      00
 1613               	.LASF7:
 1614 03d2 6C6F 6E67 		.string	"long unsigned int"
 1614      2075 6E73 
 1614      6967 6E65 
 1614      6420 696E 
 1614      7400 
 1615               	.LASF95:
 1616 03e4 626F 6F74 		.string	"bootmagic"
 1616      6D61 6769 
 1616      6300 
 1617               	.LASF55:
 1618 03ee 5351 5F52 		.string	"SQ_RES_2"
 1618      4553 5F32 
 1618      00
 1619               	.LASF13:
 1620 03f7 6D6F 7573 		.string	"mouse"
 1620      6500 
 1621               	.LASF57:
 1622 03fd 5351 5F52 		.string	"SQ_RES_4"
 1622      4553 5F34 
 1622      00
 1623               	.LASF67:
 1624 0406 7374 6570 		.string	"steps"
 1624      7300 
 1625               	.LASF59:
 1626 040c 5351 5F52 		.string	"SQ_RES_8"
 1626      4553 5F38 
 1626      00
 1627               	.LASF85:
 1628 0415 666E 5F61 		.string	"fn_actions"
 1628      6374 696F 
 1628      6E73 00
 1629               	.LASF36:
 1630 0420 7564 6174 		.string	"udata"
 1630      6100 
 1631               	.LASF87:
 1632 0426 6465 6661 		.string	"default_layer_state"
 1632      756C 745F 
 1632      6C61 7965 
 1632      725F 7374 
 1632      6174 6500 
 1633               	.LASF37:
 1634 043a 6368 6172 		.string	"char"
 1634      00
 1635               	.LASF40:
 1636 043f 6B65 7962 		.string	"keyboard_protocol"
 1636      6F61 7264 
 1636      5F70 726F 
 1636      746F 636F 
 1636      6C00 
 1637               	.LASF12:
 1638 0451 6B65 7962 		.string	"keyboard"
 1638      6F61 7264 
 1638      00
 1639               	.LASF50:
 1640 045a 7377 6170 		.string	"swap_rctl_rgui"
 1640      5F72 6374 
 1640      6C5F 7267 
 1640      7569 00
 1641               	.LASF70:
 1642 0469 7265 736F 		.string	"resolution"
 1642      6C75 7469 
 1642      6F6E 00
 1643               	.LASF74:
 1644 0474 5345 5155 		.string	"SEQUENCER_PHASE_PAUSE"
 1644      454E 4345 
 1644      525F 5048 
 1644      4153 455F 
 1644      5041 5553 
 1645               	.LASF84:
 1646 048a 6B65 796D 		.string	"keymaps"
 1646      6170 7300 
 1647               	.LASF83:
 1648 0492 7365 7175 		.string	"sequencer_internal_state"
 1648      656E 6365 
 1648      725F 696E 
 1648      7465 726E 
 1648      616C 5F73 
 1649               	.LASF15:
 1650 04ab 5F42 6F6F 		.string	"_Bool"
 1650      6C00 
 1651               	.LASF20:
 1652 04b1 626D 5265 		.string	"bmRequestType"
 1652      7175 6573 
 1652      7454 7970 
 1652      6500 
 1653               	.LASF18:
 1654 04bf 6465 6275 		.string	"debug_config"
 1654      675F 636F 
 1654      6E66 6967 
 1654      00
 1655               	.LASF69:
 1656 04cc 7465 6D70 		.string	"tempo"
 1656      6F00 
 1657               	.LASF53:
 1658 04d2 6B65 796D 		.string	"keymap_config"
 1658      6170 5F63 
 1658      6F6E 6669 
 1658      6700 
 1659               	.LASF19:
 1660 04e0 6469 7361 		.string	"disable_action_cache"
 1660      626C 655F 
 1660      6163 7469 
 1660      6F6E 5F63 
 1660      6163 6865 
 1661               	.LASF48:
 1662 04f5 6E6B 726F 		.string	"nkro"
 1662      00
 1663               	.LASF66:
 1664 04fa 656E 6162 		.string	"enabled"
 1664      6C65 6400 
 1665               	.LASF35:
 1666 0502 7369 7A65 		.string	"size"
 1666      00
 1667               	.LASF81:
 1668 0507 7365 7175 		.string	"sequencer_state_t"
 1668      656E 6365 
 1668      725F 7374 
 1668      6174 655F 
 1668      7400 
 1669               	.LASF71:
 1670 0519 7365 7175 		.string	"sequencer_config_t"
 1670      656E 6365 
 1670      725F 636F 
 1670      6E66 6967 
 1670      5F74 00
 1671               	.LASF28:
 1672 052c 5553 425F 		.string	"USB_Device_CurrentlySelfPowered"
 1672      4465 7669 
 1672      6365 5F43 
 1672      7572 7265 
 1672      6E74 6C79 
 1673               	.LASF91:
 1674 054c 443A 5C44 		.string	"D:\\Download\\qmk_firmware\\vial-qmk"
 1674      6F77 6E6C 
 1674      6F61 645C 
 1674      716D 6B5F 
 1674      6669 726D 
 1675               	.LASF2:
 1676 056e 7569 6E74 		.string	"uint8_t"
 1676      385F 7400 
 1677               	.LASF45:
 1678 0576 6E6F 5F67 		.string	"no_gui"
 1678      7569 00
 1679               	.LASF58:
 1680 057d 5351 5F52 		.string	"SQ_RES_4T"
 1680      4553 5F34 
 1680      5400 
 1681               	.LASF41:
 1682 0587 7377 6170 		.string	"swap_control_capslock"
 1682      5F63 6F6E 
 1682      7472 6F6C 
 1682      5F63 6170 
 1682      736C 6F63 
 1683               	.LASF90:
 1684 059d 7175 616E 		.string	"quantum/bootmagic/magic.c"
 1684      7475 6D2F 
 1684      626F 6F74 
 1684      6D61 6769 
 1684      632F 6D61 
 1685               	.LASF49:
 1686 05b7 7377 6170 		.string	"swap_lctl_lgui"
 1686      5F6C 6374 
 1686      6C5F 6C67 
 1686      7569 00
 1687               	.LASF93:
 1688 05c6 6D61 6769 		.string	"magic"
 1688      6300 
 1689               	.LASF60:
 1690 05cc 5351 5F52 		.string	"SQ_RES_8T"
 1690      4553 5F38 
 1690      5400 
 1691               	.LASF61:
 1692 05d6 5351 5F52 		.string	"SQ_RES_16"
 1692      4553 5F31 
 1692      3600 
 1693               	.LASF24:
 1694 05e0 774C 656E 		.string	"wLength"
 1694      6774 6800 
 1695               	.LASF88:
 1696 05e8 6C61 7965 		.string	"layer_state"
 1696      725F 7374 
 1696      6174 6500 
 1697               	.LASF11:
 1698 05f4 6D61 7472 		.string	"matrix"
 1698      6978 00
 1699               	.LASF23:
 1700 05fb 7749 6E64 		.string	"wIndex"
 1700      6578 00
 1701               	.LASF68:
 1702 0602 7472 6163 		.string	"track_notes"
 1702      6B5F 6E6F 
 1702      7465 7300 
 1703               		.text
 1704               		.section	.gnu.lto_.profile.a5e0d726,"",@progbits
 1705 0000 789C 6367 		.string	"x\234cg`f`d"
 1705      6066 6064 
 1705      00
 1706 0009 0200      		.string	"\002"
 1707 000b 00        		.string	""
 1708 000c 6200      		.string	"b"
 1709 000e 0C        		.ascii	"\f"
 1710               		.text
 1711               		.section	.gnu.lto_.icf.a5e0d726,"",@progbits
 1712 0000 789C 6367 		.string	"x\234cg`f\020a@"
 1712      6066 1061 
 1712      4000 
 1713 000a 6686 E95D 		.string	"f\206\351]'z\271\030\237\355\230>\233\233\371\314\327K\2339\030"
 1713      277A B918 
 1713      9FED 983E 
 1713      9B9B F9CC 
 1713      D74B 9B39 
 1714 0020 5ADE 08CF 		.ascii	"Z\336\b\317"
 1715               		.text
 1716               		.section	.gnu.lto_.jmpfuncs.a5e0d726,"",@progbits
 1717 0000 789C 6367 		.string	"x\234cg`f\be@"
 1717      6066 0865 
 1717      4000 
 1718 000a 2620 6604 		.string	"& f\004S\214\007\030\031\031\200\370?\020\360\243\b022Ndfl\354\237\260\226\277\203y&3P=\3
 1718      538C 0718 
 1718      1919 80F8 
 1718      3F10 F0A3 
 1718      0830 3232 
 1719 0043 5FE2 140A 		.ascii	"_\342\024\n"
 1720               		.text
 1721               		.section	.gnu.lto_.inline.a5e0d726,"",@progbits
 1722 0000 789C 6367 		.string	"x\234cg`f\250a@"
 1722      6066 A861 
 1722      4000 
 1723 000a 2606 06E6 		.string	"&\006\006\346\006 `If\004\261\033\201\314:\006\0066\210\020\023H\210\201\201\221A\362\354
 1723      0620 6049 
 1723      6604 B11B 
 1723      81CC 3A06 
 1723      0636 8810 
 1724 004b 2640 1260 		.ascii	"&@\022`"
 1725               		.text
 1726               		.section	.gnu.lto_.pureconst.a5e0d726,"",@progbits
 1727 0000 789C 6367 		.string	"x\234cg`f`g```b\230\301\3028\203\005"
 1727      6066 6067 
 1727      6060 6062 
 1727      98C1 C238 
 1727      8305 00
 1728 0013 0539 014D 		.ascii	"\0059\001M"
 1729               		.text
 1730               		.section	.gnu.lto_bootmagic.a5e0d726,"",@progbits
 1731 0000 789C 6367 		.string	"x\234cg`f\230\304\300\300 \003\304\262@\314\310\314\300\310\324\320\320\340\300\336\310\3
 1731      6066 98C4 
 1731      C0C0 2003 
 1731      C4B2 40CC 
 1731      C8CC C0C8 
 1732 00b9 00        		.string	""
 1733 00ba 6B7C 3B86 		.ascii	"k|;\206"
 1734               		.text
 1735               		.section	.gnu.lto_magic.a5e0d726,"",@progbits
 1736 0000 789C 8552 		.string	"x\234\205R\335KTA\024\237s\317\334\335Uwu\315,\025\003\237|XA\023\n\202z\350\037\350o\210
 1736      DD4B 5441 
 1736      149F 73CF 
 1736      DCDD 5577 
 1736      75CD 2C15 
 1737 008d 6BD5 9043 		.string	"k\325\220C+\\\302\253\b\277~\337\370\342\013\304\311&\354\256\356b\021\267\301B\306LZ\316
 1737      2B5C C2AB 
 1737      08BF 7EDF 
 1737      F8E2 0BC4 
 1737      C926 ECAE 
 1738 0112 6621 D768 		.ascii	"f!\327h\323\2216\027\227'\2356\267\237)\f\026AfPF\034\204\315"
 1738      D391 3617 
 1738      9727 9D36 
 1738      B79F 290C 
 1738      1641 6650 
 1739 012a 2EA0 1652 		.ascii	".\240\026R\3476\233\315\201\350M\004\024\370Wh\3539-O]\b$!\032"
 1739      E736 9BCD 
 1739      81E8 4D04 
 1739      14F8 5768 
 1739      EB39 2D4F 
 1740 0143 9F48 6685 		.ascii	"\237Hf\205\301\by,\364\230(\251\237AX\022e\261\317\020^\030\031"
 1740      C108 792C 
 1740      F498 28A9 
 1740      9F41 5812 
 1740      65B1 CF10 
 1741 015a 850D E750 		.ascii	"\205\r\347P\347\225\373y2w\016\f\236;\251\020\017\316,\376\211"
 1741      E795 FB79 
 1741      3277 0E0C 
 1741      9E3B A910 
 1741      0FCE 2CFE 
 1742 016f C33A CFF0 		.ascii	"\303:\317\3608\254\023\225\251C\032K\266\211\032\261\2148,9\n"
 1742      38AC 1395 
 1742      A943 1A4B 
 1742      B689 1AB1 
 1742      8C38 2C39 
 1743 0184 816F 51FA 		.ascii	"\201oQ\372}C\351|\212]K\003\361\232H\365\202Q\007\304\307\026"
 1743      7D43 E97C 
 1743      8A5D 4B03 
 1743      F19A 48F5 
 1743      8251 07C4 
 1744 019a C0F8 D8B1 		.ascii	"\300\370\330\261\254K\347\315:s!\235=7*\353L\217\253\375\203"
 1744      AC4B E7CD 
 1744      3A73 219D 
 1744      3D37 2AEB 
 1744      4C8F ABFD 
 1745 01af 37B3 6370 		.ascii	"7\263cp\207\332\236\007/\t\007^\310\204\310b'#\227\335\325\003"
 1745      87DA 9E07 
 1745      2F09 075E 
 1745      C884 C862 
 1745      2723 97DD 
 1746 01c5 7234 7AEE 		.ascii	"r4z\356\222\331\017c\020\203kN\177^A5\251Q2\177f\312\3044\266"
 1746      92D9 0F63 
 1746      1083 6B4E 
 1746      7F5E 4135 
 1746      A951 327F 
 1747 01de 7C13 6966 		.ascii	"|\023if\341\265#s\327N2\0132d\026De+\266\312\334\ro\244\314\361"
 1747      E1B5 2373 
 1747      D74E 320B 
 1747      3264 1644 
 1747      652B B6CA 
 1748 01f8 6D64 F693 		.ascii	"md\366\223\271\020&\224L\2202\337J\231\250d\256\004\376\327\016"
 1748      B910 2694 
 1748      4C90 32DF 
 1748      4A99 A864 
 1748      AE04 FED7 
 1749 020d 9D02 26D7 		.ascii	"\235\002&\327\333!Cb\370/\263~t2\343\231\rpQ\330\273M\rXm\177"
 1749      DB21 4362 
 1749      F82F B37E 
 1749      7432 E399 
 1749      0D70 51D8 
 1750 0227 A43B CE7E 		.ascii	"\244;\316~\362' C\021\312\311\244'\005|\257\"\005\034\336V\313"
 1750      F227 2043 
 1750      11CA C9A4 
 1750      2705 7CAF 
 1750      2205 1CDE 
 1751 023d 1E13 DD04 		.ascii	"\036\023\335\004:%A)\304\302\275*j\320\221C\024\335Y\016\201"
 1751      3A25 4129 
 1751      C4C2 BD2A 
 1751      6AD0 9143 
 1751      14DD 590E 
 1752 0252 BEB9 7A45 		.ascii	"\276\271zE\031\325+\212\312\021\333Z=\204\031Y\275iY=\230\245"
 1752      19D5 2B8A 
 1752      CA11 DB5A 
 1752      3D84 1959 
 1752      BD69 593D 
 1753 0268 4AED A8A2 		.ascii	"J\355\250\242\330D\017\371\274wT\350\026\226\260o`\364$r\224"
 1753      D844 0FF9 
 1753      BC77 54E8 
 1753      1696 B06F 
 1753      60F4 2472 
 1754 027d B3FC 22C4 		.ascii	"\263\374\"\304\256\006\226XJ\316\266\004\3174\2674V\3254557\006"
 1754      AE06 9658 
 1754      4ACE B604 
 1754      CF34 B734 
 1754      56D5 3435 
 1755 0294 4F9E AAAD 		.ascii	"O\236\252\255R{e-\363\325\325\237\b\26644\037o\b\236\257?\227"
 1755      527B 652D 
 1755      F3D5 D59F 
 1755      08B6 3434 
 1755      1F6F 089E 
 1756 02ab 9F7A AE3C 		.ascii	"\237z\256<PSSW{\360\320~\366\027\023Rh\353"
 1756      5053 5357 
 1756      7BF0 D07E 
 1756      F617 1352 
 1756      68EB 
 1757               		.text
 1758               		.section	.gnu.lto_.symbol_nodes.a5e0d726,"",@progbits
 1759 0000 789C 6DCF 		.string	"x\234m\317\273\021\3020\020E\321\367\274\266e\354\"`\250\004f(\203^V\246\002j`\b\250\201\
 1759      BB11 C230 
 1759      1045 D1F7 
 1759      BCB6 65EC 
 1759      2260 A804 
 1760 0037 9233 140B 		.ascii	"\2223\024\013\357}\312\345\036\241\261\365Str\201\322\224\354"
 1760      EF7D CAE5 
 1760      1EA1 B1F5 
 1760      5374 7281 
 1760      D294 EC
 1761 004a 018C DAFB 		.ascii	"\001\214\332\373\004\326\3436\336H\332\001?\320\344\027\317\260"
 1761      04D6 E336 
 1761      DE48 DA01 
 1761      3FD0 E417 
 1761      CFB0 
 1762 005c 7B06 783F 		.ascii	"{\006x?\t\362\202\212-OhjK\003\315l\271Cs[nPg\313\025Z\230\""
 1762      09F2 828A 
 1762      2D4F 686A 
 1762      4B03 CD6C 
 1762      B943 735B 
 1763 0078 ACEA EE9B 		.ascii	"\254\352\356\2333ayh\276\033rM\341\240\037\036C\026}\356r!\372"
 1763      3361 7968 
 1763      BE1B 724D 
 1763      E1A0 1F1E 
 1763      4316 7DEE 
 1764 008f 5C39 A18B 		.ascii	"\\9\241\213\013!\363\230\2450\213\273\025\376\304\035~\274"
 1764      0B21 F398 
 1764      A530 8BBB 
 1764      15FE C41D 
 1764      7EBC 
 1765               		.text
 1766               		.section	.gnu.lto_.refs.a5e0d726,"",@progbits
 1767 0000 789C 6367 		.string	"x\234cg`f\340a```fdd\342`d\346f`\021e"
 1767      6066 E061 
 1767      6060 6066 
 1767      6464 E260 
 1767      64E6 6660 
 1768 0017 00        		.string	""
 1769 0018 02A7 00   		.string	"\002\247"
 1770 001b 4E        		.ascii	"N"
 1771               		.text
 1772               		.section	.gnu.lto_.decls.a5e0d726,"",@progbits
 1773 0000 789C 8557 		.ascii	"x\234\205WiPSY\026~\367\335\004BL\210\255\314\024=R5Lu\247\273"
 1773      6950 5359 
 1773      167E F7DD 
 1773      0442 4C88 
 1773      ADCC 143D 
 1774 001a 28A7 04D7 		.ascii	"(\247\004\327\326\251\37115m\327\374\233\3711\323?\374\225\n"
 1774      D6A9 F931 
 1774      356D D7FC 
 1774      9BF9 31D3 
 1774      3FFC 950A 
 1775 002e 21AD 1481 		.ascii	"!\255\024\2018I\320\351\177\017%\b\266\"n4\213K\020i@\221\306"
 1775      3849 D0E9 
 1775      7F0F 2508 
 1775      B622 6E34 
 1775      8B4B 1069 
 1776 0045 5DD0 D640 		.ascii	"]\320\326@\203(6\310&\262h\203\240\301\301\005\332\005Dm\230"
 1776      8328 36C8 
 1776      26B2 6883 
 1776      A0C1 C105 
 1776      DA05 446D 
 1777 005a 7397 BCBC 		.ascii	"s\227\274\274(\251Iqr\337\271\367;\337=\347\334s\356#\341\002"
 1777      28A9 4971 
 1777      72DF B9F7 
 1777      3BDF 3DE7 
 1777      DC73 EE23 
 1778 0070 161E CD17 		.ascii	"\026\036\315\027\004\217(\bk\221 \314\302\007\013\202\320\001"
 1778      048F 2808 
 1778      6B91 20CC 
 1778      C207 0B82 
 1778      D001 
 1779 0082 02AA D020 		.ascii	"\002\252\320 \260O\004\3105\220\026\2206\220N\220>\220a\220\373"
 1779      B04F 04C8 
 1779      3590 1690 
 1779      3690 4E90 
 1779      3E90 6190 
 1780 0097 203E 9027 		.ascii	" >\220' \304V\013\206\361 K\221\020\364\331\215\030\347\006\256"
 1780      20C4 560B 
 1780      86F1 204B 
 1780      9110 F4D9 
 1780      8D18 E706 
 1781 00ac 23CE F9EE 		.ascii	"#\316\371\356g?,,\342\270\005 Q\334\2171\220\030\220u \237\202"
 1781      673F 2C2C 
 1781      E2B8 0520 
 1781      51DC 8F31 
 1781      9018 9075 
 1782 00c3 2C03 DC63 		.ascii	",\003\334c\030\227\303\330\f\343\n\030{a\\\tc\004\310mx^\005"
 1782      1897 C3D8 
 1782      0CE3 0A18 
 1782      7B61 5C09 
 1782      6304 C86D 
 1783 00da E33D 183F 		.ascii	"\343=\030?\203q\t\310\020<\257F,\27650\376\t\244\025\236!|A\r"
 1783      8371 09C8 
 1783      103C AF46 
 1783      2CBE 3530 
 1783      FE09 A415 
 1784 00f3 CF8B 118B 		.ascii	"\317\213\021\213\265\205\307\343\343\361\rs_\373x\354m\377/V"
 1784      B585 C7E3 
 1784      E3F1 0D73 
 1784      5FFB 78EC 
 1784      6DFF 2F56 
 1785 0107 8CC6 9B9E 		.ascii	"\214\306\233\236\236\016\317\306\350S-\"Y5\300T^\306\340\210"
 1785      9E0E CFC6 
 1785      E853 2D22 
 1785      5935 C054 
 1785      5EC6 E088 
 1786 011b 8E4D 1144 		.ascii	"\216M\021D\373\235\253\205z,\322\347\033\017;o\340\204j\211}"
 1786      FB9D AB85 
 1786      7A2C D2E7 
 1786      1B0F 3B6F 
 1786      E084 6A89 
 1787 0130 347F 16D0 		.ascii	"4\177\026\320\017\bS*\343<\262\236\273\243e(\022\177F\261\277"
 1787      0F08 532A 
 1787      E33C B29E 
 1787      BBA3 6528 
 1787      127F 46B1 
 1788 0145 1C76 4F63 		.ascii	"\034vOc\240Y\240"
 1788      A059 A0
 1789 014c 452A 50FB 		.string	"E*P\373\017\315v\351A\215\322\242XP\307\232\373F\"\264\331\222\264E\232\220\244\005\321\0
 1789      0FCD 76E9 
 1789      418D D2A2 
 1789      5850 C79A 
 1789      FB46 22B4 
 1790 024d 9D67 48F2 		.ascii	"\235gH\362\372\222\334\2227\003\\\020)\327u?\0270\\W\020\235"
 1790      FA92 DC92 
 1790      3703 5C10 
 1790      29D7 753F 
 1790      1730 5C57 
 1791 0263 03A2 164A 		.ascii	"\003\242\026J\324\372\352n\223\n\247S\242\251c\323y$&Z\003\304"
 1791      D4FA EA6E 
 1791      930A A753 
 1791      A2A9 63D3 
 1791      7924 265A 
 1792 0279 5B98 7B75 		.ascii	"[\230{ult6(*\262\344\017\253\225\206\365\023\342q\325NL\037\215"
 1792      6C74 3628 
 1792      2AB2 E40F 
 1792      AB95 86F5 
 1792      13E2 71D5 
 1793 0291 2071 01B6 		.ascii	" q\001\266\271\362\343\342\313\373\244\3540\212B7\024\216\334"
 1793      B9F2 E3E2 
 1793      CBFB A4EC 
 1793      308A 4237 
 1793      148E DC
 1794 02a4 E085 2CA0 		.ascii	"\340\205,\2406\352\302\316\223#\267\346\341\n\024\322\207\376"
 1794      36EA C2CE 
 1794      9323 B7E6 
 1794      E10A 14D2 
 1794      87FE 
 1795 02b6 2359 A5E1 		.ascii	"#Y\245\341!2\333A]h\367\273\360}\341\304%\003w\301\347S\273\245"
 1795      2132 DB41 
 1795      5D68 F7BB 
 1795      F07D E1C4 
 1795      2503 77C1 
 1796 02ce 0644 20E8 		.ascii	"\006D \350\246b\377\233\362\376\235t\377m\336s\017t\270\216\355"
 1796      A662 FF9B 
 1796      F2FE 9D74 
 1796      FF6D DE73 
 1796      0F74 B88E 
 1797 02e3 9F75 B1E4 		.ascii	"\237u\261\344\256\n\232'\006\272\024)Z4\206\265h\345\341\212"
 1797      AE0A 9A27 
 1797      06BA 1429 
 1797      5A34 86B5 
 1797      68E5 E18A 
 1798 02f7 463D EE61 		.ascii	"F=\356a\330\276\321{y\032\326Y^\217\024\006\235\305\274B=\210"
 1798      D8BE D17B 
 1798      791A D659 
 1798      5E8F 1406 
 1798      9DC5 BC42 
 1799 030d 1AD0 BEBA 		.ascii	"\032\320\276\272\005}\325\r}\005\370\331\252\272Cje\034\267\025"
 1799      057D D50D 
 1799      7D05 F8D9 
 1799      AABA 436A 
 1799      651C B715 
 1800 0321 B9EC 0D2A 		.ascii	"\271\354\r*\221\202\272\234\374H\036\307\324\305?\026\237b\251"
 1800      9182 BA9C 
 1800      FC48 1EC7 
 1800      D4C5 3F16 
 1800      9F62 A9
 1801 0334 0410 EA52 		.ascii	"\004\020\352R\204\322%\207\322GCy[\371\324"
 1801      84D2 2587 
 1801      D247 4379 
 1801      5BF9 D4
 1802 0343 1789 5F33 		.string	"\027\211_3\367:\213\217M\223P\326\221\013\007+bY\307b\271\274{\300\247\305\273\330}s\275\
 1802      F73A 8B8F 
 1802      4D93 50D6 
 1802      910B 072B 
 1802      6259 C762 
 1803 0444 C31F 52FF 		.string	"\303\037R\377\001\200F\025\376\217\312\376?\241\376o\237\351\273\025\206\273\305\2407H\02
 1803      0180 4615 
 1803      FE8F CAFE 
 1803      3FA1 FE6F 
 1803      9FE9 BB15 
 1804 0486 3013 98CE 		.string	"0\023\230\316\222`\310\b\224\007{\336d\361\227\022)\305\234[e\225\221x,\270\366\242X\355\
 1804      9260 C808 
 1804      9407 7BDE 
 1804      64F1 9712 
 1804      29C5 9C5B 
 1805 052d CE82 BC05 		.ascii	"\316\202\274\005\371\025D\022\215\202\274M\213\274\315\253\320"
 1805      F915 4412 
 1805      8D82 BC4D 
 1805      8BBC CDAB 
 1805      D0
 1806 053e DB2C 0BB8 		.ascii	"\333,\013\2705L\361p.h\202\343\307Q\300\200\334I\304`\234\372"
 1806      354C F170 
 1806      2E68 82E3 
 1806      C751 C080 
 1806      DC49 C460 
 1807 0554 554E FD9A 		.ascii	"UN\375\232\371'\374\013B\220\202\277\234\370\333\321]\377\370"
 1807      F927 FC0B 
 1807      4290 82BF 
 1807      9CF8 DBD1 
 1807      5DFF F8
 1808 0567 9888 3DF4 		.ascii	"\230\210=\364@T\003\307\247\026#c\2341\212\345ul\255\264#\232"
 1808      4054 03C7 
 1808      A716 2363 
 1808      9C31 8AE5 
 1808      756C ADB4 
 1809 057d 1965 8951 		.ascii	"\031e\211Qs\344\225qO\356\305\204\034 A\344\314\325\311n\234"
 1809      73E4 9571 
 1809      4FEE C584 
 1809      1C20 41E4 
 1809      CCD5 C96E 
 1810 0592 09EF 334C 		.ascii	"\t\3573L\275\332\"\342\020L{\336\317\036\001\222\354eB\366\266"
 1810      BDDA 22E2 
 1810      104C 7BDE 
 1810      CF1E 0192 
 1810      EC65 42F6 
 1811 05a7 8A46 E466 		.ascii	"\212F\344f\031\003\237\237\373r\033u\370(\365Y|[8\\b@qQ<\316"
 1811      1903 9F9F 
 1811      FB72 1B75 
 1811      F828 F559 
 1811      7C5B 385C 
 1812 05c1 15C4 951C 		.ascii	"\025\304\225\0340\335&\006:\207\2706\307\036(\033\250Co3S\366"
 1812      30DD 2606 
 1812      3A87 B836 
 1812      C71E 281B 
 1812      A843 6F33 
 1813 05d7 264F FCE4 		.ascii	"&O\374\344\250\004/vo\333K\250\235"
 1813      A804 2F76 
 1813      6FDB 4BA8 
 1813      9D
 1814 05e4 860C 15A5 		.string	"\206\f\025\245~\312\232R\366\024t\301x\005\376\223\330.~B^\242\267w\303\033\3464f\005\177
 1814      7ECA 9A52 
 1814      F614 74C1 
 1814      7805 FE93 
 1814      D82E 7E42 
 1815 06e5 E4A0 B27F 		.ascii	"\344\240\262\177\307\344\376\315\013\235\214]b\240e\236\322v"
 1815      C7E4 FECD 
 1815      0B9D 8C5D 
 1815      62A0 659E 
 1815      D276 
 1816 06f7 04E0 5C1D 		.ascii	"\004\340\\\0353\022\210\27704\235\"c\317\344\355sC\307\257\300"
 1816      3312 88BF 
 1816      3034 9D22 
 1816      63CF E4ED 
 1816      7343 C7AF 
 1817 070c 07AE 9BFC 		.ascii	"\007\256\233\374\320\374/\024\327\340\353\317\375\006\005\241"
 1817      D0FC 2F14 
 1817      D7E0 EBCF 
 1817      FD06 05A1 
 1818 071c 0DDE BB9F 		.ascii	"\r\336\273\237\310\302\236\320\370\335\242\342\004e\203oC\033"
 1818      C8C2 9ED0 
 1818      F8DD A2E2 
 1818      0465 836F 
 1818      431B 
 1819 072e 282F E64E 		.ascii	"(/\346N\331`\177h\003v\001\302\275VR_]\247E\306\2508c\240\026"
 1819      D960 7F68 
 1819      0376 01C2 
 1819      BD56 525F 
 1819      5DA7 45C6 
 1820 0747 C99D 440F 		.ascii	"\311\235D\017\240\022:z\256j\3343W\251T\362\333\342\030\224\312"
 1820      A012 3A7A 
 1820      AE6A DC33 
 1820      57A9 54F2 
 1820      DBE2 1894 
 1821 075c 71D8 A282 		.ascii	"q\330\242\202\225\001;\325\237\331EX9\347E\350\033\301l\323!"
 1821      9501 3BD5 
 1821      9FD9 4558 
 1821      39E7 45E8 
 1821      1BC1 6CD3 
 1822 0771 7E11 86DA 		.ascii	"~\021\206\332\027\372p0\177\317k=v\253\351\005w\277\374\325\270"
 1822      17FA 7030 
 1822      7FCF 6B3D 
 1822      76AB E905 
 1822      77BF FCD5 
 1823 0786 4ABE E07A 		.ascii	"J\276\340zV\222-\252\301\266Jq\301U\006.\270`\217\321\tp4\204"
 1823      5692 2DAA 
 1823      C1B6 4A71 
 1823      C155 062E 
 1823      B860 8FD1 
 1824 079e D3B0 D14F 		.ascii	"\323\260\321O\307\237\225\320+\216\376\216I\330[\006\277c$D\351"
 1824      C79F 95D0 
 1824      2B8E FE8E 
 1824      49D8 5B06 
 1824      BF63 2444 
 1825 07b3 BF61 F40A 		.ascii	"\277a\364\n\027aF0V\303\357\216\357\3515\327xx\353q=\336O\235"
 1825      1761 4630 
 1825      56C3 EF8E 
 1825      EFE9 35D7 
 1825      7878 EB71 
 1826 07cb 44D5 DB4A 		.ascii	"D\325\333J\313"
 1826      CB
 1827 07d0 F584 680B 		.ascii	"\365\204h\013\371\341\020[x\347\200\224\2355\237\376\002\250"
 1827      F9E1 105B 
 1827      78E7 8094 
 1827      9D35 9FFE 
 1827      02A8 
 1828 07e2 E144 FEDF 		.ascii	"\341D\376\337\254\002\231\021\214\036 :I\211^>\317\310\321\350"
 1828      AC02 9911 
 1828      8C1E 203A 
 1828      4989 5E3E 
 1828      CFC8 D1E8 
 1829 07f6 B6CB FF9A 		.ascii	"\266\313\377\232\322\177|\002\333\236\022u4F\030\001\374\315"
 1829      D27F 7C02 
 1829      DB9E 1275 
 1829      3446 1801 
 1829      FCCD 
 1830 0808 B7AD 9241 		.ascii	"\267\255\222A\tn\016\002\237\346\340\323\024\274\257\355\245"
 1830      096E 0E02 
 1830      9FE6 E0D3 
 1830      14BC AFED 
 1830      A5
 1831 0819 4FA7 04F7 		.ascii	"O\247\004\367\006\201\317p\360\031\n.\032\177r*R\t\316\t:\240"
 1831      0681 CF70 
 1831      F019 0A2E 
 1831      1A7F 722A 
 1831      5209 CE09 
 1832 082f B31C 7C96 		.ascii	"\263\034|\226\202\245\235\305\213\225\330{A\304\3478\366\034"
 1832      82A5 9DC5 
 1832      8B95 D87B 
 1832      41C4 E738 
 1832      F61C 
 1833 0841 C516 E75E 		.ascii	"\305\026\347^\036\210P\202\253\203\210\317s\360y\n\256no\331"
 1833      1E88 5082 
 1833      AB83 88CF 
 1833      73F0 790A 
 1833      AE6E 6FD9 
 1834 0855 8F95 E08E 		.ascii	"\217\225\340\216 \346\013\034|\201%\343e\347hP\346H\276\003\340"
 1834      20E6 0B1C 
 1834      7C81 25E3 
 1834      65E7 6850 
 1834      E648 BE03 
 1835 086a 5A0E AEA5 		.ascii	"Z\016\256\245\340s\031\327\367\314S\202[\203\230\3538\230\214"
 1835      E073 19D7 
 1835      F7CC 5382 
 1835      5B83 98EB 
 1835      3898 8C
 1836 087d 1FFE 3BDD 		.ascii	"\037\376;\335\234\346JO\215O\264\333]\251\346\365\311\226x\372"
 1836      9CE6 4A4F 
 1836      8D4F B4DB 
 1836      5DA9 E6F5 
 1836      C996 78FA 
 1837 0891 BDC4 A2F9 		.ascii	"\275\304\242\371\333\337\277\214\375|\315\032\341\003>\261dE"
 1837      DBDF BF8C 
 1837      FD7C CD1A 
 1837      E103 3EB1 
 1837      6445 
 1838 08a3 6262 9265 		.ascii	"bb\222e\345\352\004Ao3\177mu\230\234.\263\313jrE\310\246\252"
 1838      E5EA 0441 
 1838      6F33 7F6D 
 1838      7598 9C2E 
 1838      B3CB 6A72 
 1839 08bb CD56 73CA 		.ascii	"\315Vs\312\357B2\nj\372\260@i\355\264\272L)\211\277w\245\246"
 1839      EF42 320A 
 1839      6AFA B040 
 1839      69ED B4BA 
 1839      4C29 89BF 
 1840 08d2 982C 7687 		.ascii	"\230,v\2075\336bOM\265\247\305\233-\256d{\232\211\"\227l\020"
 1840      35DE 624F 
 1840      4DB5 A7C5 
 1840      9B2D AE64 
 1840      7B9A 8922 
 1841 08e9 3E48 B27E 		.ascii	">H\262~eN\267\271L\334\324\352Zd\265Z\354i_%\25779\254\346$S"
 1841      654E B7B9 
 1841      4CDC D4EA 
 1841      5A64 B55A 
 1841      EC69 5F25 
 1842 0904 D07A 787A 		.ascii	"\320zxzr\232k\265\311\265\350]V\277\r0F\005\333\247X\277N5o\324"
 1842      729A 6BB5 
 1842      C9B5 E85D 
 1842      56BF 0D30 
 1842      4605 DBA7 
 1843 091e 10C3 A5AB 		.ascii	"\020\303\245\253L\256\205\357\262'\246\257\327\313s\311i\311"
 1843      4CAE 85EF 
 1843      B227 A6AF 
 1843      D7CB 73C9 
 1843      69C9 
 1844 0930 0A44 B2D3 		.ascii	"\nD\262\323dM3'\332\254Ij\323_\355v\233\216\242MlU\343\260:\255"
 1844      644D 3327 
 1844      DAAC 496A 
 1844      D35F ED76 
 1844      9B8E A24D 
 1845 094a 8E4D B096 		.ascii	"\216M\260\226jOwZ5\260O\242\335\354H\nK5\273\034\311\377\tc\226"
 1845      6A4F 775A 
 1845      35B0 4FA2 
 1845      DDEC 480A 
 1845      4B35 BB1C 
 1846 0963 D1EF 3A4A 		.ascii	"\321\357:J)\300K\3540o\216T\362\231\\z\346*\327\r\3664\253s\203"
 1846      29C0 4BEC 
 1846      306F 8E54 
 1846      F299 5C7A 
 1846      E62A D70D 
 1847 097c DD65 4A4A 		.ascii	"\335eJJv\022\246H\347fXsX\\6\223c}z2SmD\265\201\252JKq\330\243"
 1847      7612 A648 
 1847      E766 5873 
 1847      585C 3693 
 1847      637D 7A32 
 1848 099b E95C A2D9 		.ascii	"\351\\\242\331\222\342\264\231\235\033\330\323F\263\205\333\256"
 1848      92E2 B499 
 1848      9D1B D8D3 
 1848      46B3 85DB 
 1848      AE
 1849 09ac 7798 3759 		.ascii	"w\2307YMV\247%,\315n\222)\034fH\256\202\221\250\204q\241\305"
 1849      4D56 A725 
 1849      2CCD 6E92 
 1849      291C 6648 
 1849      AE82 91A8 
 1850 09c4 BCD1 69B3 		.ascii	"\274\321i\263[RL.;q\311\345\260\333~C!\\1\371\001r\241\201\377"
 1850      5B52 4C2E 
 1850      3B71 C9E5 
 1850      B0DB 7E43 
 1850      215C 31F9 
 1851 09dd 167B 92D5 		.ascii	"\026{\222\325$\037\205!(\"\223k\236\242>\376\007qL\250\216"
 1851      241F 8521 
 1851      2822 936B 
 1851      9EA2 3EFE 
 1851      0771 4CA8 
 1852               		.text
 1853               		.section	.gnu.lto_.symtab.a5e0d726,"",@progbits
 1854 0000 626F 6F74 		.string	"bootmagic"
 1854      6D61 6769 
 1854      6300 
 1855 000a 00        		.string	""
 1856 000b 01        		.ascii	"\001"
 1857 000c 00        		.string	""
 1858 000d 00        		.string	""
 1859 000e 00        		.string	""
 1860 000f 00        		.string	""
 1861 0010 00        		.string	""
 1862 0011 00        		.string	""
 1863 0012 00        		.string	""
 1864 0013 00        		.string	""
 1865 0014 00        		.string	""
 1866 0015 C800      		.string	"\310"
 1867 0017 00        		.string	""
 1868 0018 00        		.string	""
 1869 0019 6D61 6769 		.string	"magic"
 1869      6300 
 1870 001f 00        		.string	""
 1871 0020 00        		.string	""
 1872 0021 00        		.string	""
 1873 0022 00        		.string	""
 1874 0023 00        		.string	""
 1875 0024 00        		.string	""
 1876 0025 00        		.string	""
 1877 0026 00        		.string	""
 1878 0027 00        		.string	""
 1879 0028 00        		.string	""
 1880 0029 00        		.string	""
 1881 002a CA00      		.string	"\312"
 1882 002c 00        		.string	""
 1883 002d 00        		.string	""
 1884 002e 6B65 796D 		.string	"keymap_config"
 1884      6170 5F63 
 1884      6F6E 6669 
 1884      6700 
 1885 003c 00        		.string	""
 1886 003d 04        		.ascii	"\004"
 1887 003e 00        		.string	""
 1888 003f 0200      		.string	"\002"
 1889 0041 00        		.string	""
 1890 0042 00        		.string	""
 1891 0043 00        		.string	""
 1892 0044 00        		.string	""
 1893 0045 00        		.string	""
 1894 0046 00        		.string	""
 1895 0047 2F01 00   		.string	"/\001"
 1896 004a 00        		.string	""
 1897 004b 6465 6275 		.string	"debug_config"
 1897      675F 636F 
 1897      6E66 6967 
 1897      00
 1898 0058 00        		.string	""
 1899 0059 02        		.ascii	"\002"
 1900 005a 00        		.string	""
 1901 005b 00        		.string	""
 1902 005c 00        		.string	""
 1903 005d 00        		.string	""
 1904 005e 00        		.string	""
 1905 005f 00        		.string	""
 1906 0060 00        		.string	""
 1907 0061 00        		.string	""
 1908 0062 00        		.string	""
 1909 0063 0A01 00   		.string	"\n\001"
 1910 0066 00        		.string	""
 1911 0067 6C61 7965 		.string	"layer_state"
 1911      725F 7374 
 1911      6174 6500 
 1912 0073 00        		.string	""
 1913 0074 02        		.ascii	"\002"
 1914 0075 00        		.string	""
 1915 0076 00        		.string	""
 1916 0077 00        		.string	""
 1917 0078 00        		.string	""
 1918 0079 00        		.string	""
 1919 007a 00        		.string	""
 1920 007b 00        		.string	""
 1921 007c 00        		.string	""
 1922 007d 00        		.string	""
 1923 007e 3101 00   		.string	"1\001"
 1924 0081 00        		.string	""
 1925 0082 6C61 7965 		.string	"layer_state_set_kb"
 1925      725F 7374 
 1925      6174 655F 
 1925      7365 745F 
 1925      6B62 00
 1926 0095 00        		.string	""
 1927 0096 02        		.ascii	"\002"
 1928 0097 00        		.string	""
 1929 0098 00        		.string	""
 1930 0099 00        		.string	""
 1931 009a 00        		.string	""
 1932 009b 00        		.string	""
 1933 009c 00        		.string	""
 1934 009d 00        		.string	""
 1935 009e 00        		.string	""
 1936 009f 00        		.string	""
 1937 00a0 CE00      		.string	"\316"
 1938 00a2 00        		.string	""
 1939 00a3 00        		.string	""
 1940 00a4 6465 6661 		.string	"default_layer_set"
 1940      756C 745F 
 1940      6C61 7965 
 1940      725F 7365 
 1940      7400 
 1941 00b6 00        		.string	""
 1942 00b7 02        		.ascii	"\002"
 1943 00b8 00        		.string	""
 1944 00b9 00        		.string	""
 1945 00ba 00        		.string	""
 1946 00bb 00        		.string	""
 1947 00bc 00        		.string	""
 1948 00bd 00        		.string	""
 1949 00be 00        		.string	""
 1950 00bf 00        		.string	""
 1951 00c0 00        		.string	""
 1952 00c1 D200      		.string	"\322"
 1953 00c3 00        		.string	""
 1954 00c4 00        		.string	""
 1955 00c5 6565 636F 		.string	"eeconfig_read_default_layer"
 1955      6E66 6967 
 1955      5F72 6561 
 1955      645F 6465 
 1955      6661 756C 
 1956 00e1 00        		.string	""
 1957 00e2 02        		.ascii	"\002"
 1958 00e3 00        		.string	""
 1959 00e4 00        		.string	""
 1960 00e5 00        		.string	""
 1961 00e6 00        		.string	""
 1962 00e7 00        		.string	""
 1963 00e8 00        		.string	""
 1964 00e9 00        		.string	""
 1965 00ea 00        		.string	""
 1966 00eb 00        		.string	""
 1967 00ec D900      		.string	"\331"
 1968 00ee 00        		.string	""
 1969 00ef 00        		.string	""
 1970 00f0 6565 636F 		.string	"eeconfig_read_keymap"
 1970      6E66 6967 
 1970      5F72 6561 
 1970      645F 6B65 
 1970      796D 6170 
 1971 0105 00        		.string	""
 1972 0106 02        		.ascii	"\002"
 1973 0107 00        		.string	""
 1974 0108 00        		.string	""
 1975 0109 00        		.string	""
 1976 010a 00        		.string	""
 1977 010b 00        		.string	""
 1978 010c 00        		.string	""
 1979 010d 00        		.string	""
 1980 010e 00        		.string	""
 1981 010f 00        		.string	""
 1982 0110 E200      		.string	"\342"
 1983 0112 00        		.string	""
 1984 0113 00        		.string	""
 1985 0114 6565 636F 		.string	"eeconfig_read_debug"
 1985      6E66 6967 
 1985      5F72 6561 
 1985      645F 6465 
 1985      6275 6700 
 1986 0128 00        		.string	""
 1987 0129 02        		.ascii	"\002"
 1988 012a 00        		.string	""
 1989 012b 00        		.string	""
 1990 012c 00        		.string	""
 1991 012d 00        		.string	""
 1992 012e 00        		.string	""
 1993 012f 00        		.string	""
 1994 0130 00        		.string	""
 1995 0131 00        		.string	""
 1996 0132 00        		.string	""
 1997 0133 E400      		.string	"\344"
 1998 0135 00        		.string	""
 1999 0136 00        		.string	""
 2000 0137 6565 636F 		.string	"eeconfig_init"
 2000      6E66 6967 
 2000      5F69 6E69 
 2000      7400 
 2001 0145 00        		.string	""
 2002 0146 02        		.ascii	"\002"
 2003 0147 00        		.string	""
 2004 0148 00        		.string	""
 2005 0149 00        		.string	""
 2006 014a 00        		.string	""
 2007 014b 00        		.string	""
 2008 014c 00        		.string	""
 2009 014d 00        		.string	""
 2010 014e 00        		.string	""
 2011 014f 00        		.string	""
 2012 0150 E600      		.string	"\346"
 2013 0152 00        		.string	""
 2014 0153 00        		.string	""
 2015 0154 6565 636F 		.string	"eeconfig_is_enabled"
 2015      6E66 6967 
 2015      5F69 735F 
 2015      656E 6162 
 2015      6C65 6400 
 2016 0168 00        		.string	""
 2017 0169 02        		.ascii	"\002"
 2018 016a 00        		.string	""
 2019 016b 00        		.string	""
 2020 016c 00        		.string	""
 2021 016d 00        		.string	""
 2022 016e 00        		.string	""
 2023 016f 00        		.string	""
 2024 0170 00        		.string	""
 2025 0171 00        		.string	""
 2026 0172 00        		.string	""
 2027 0173 ED00      		.string	"\355"
 2028 0175 00        		.string	""
 2029 0176 00        		.string	""
 2030               		.text
 2031               		.section	.gnu.lto_.opts,"",@progbits
 2032 0000 272D 666E 		.ascii	"'-fn"
 2033 0004 6F2D 6F70 		.string	"o-openmp' '-fno-openacc' '-fno-pie' '-mn-flash=1' '-mno-skip-bug' '-mmcu=avr5' '-Os' '-We
 2033      656E 6D70 
 2033      2720 272D 
 2033      666E 6F2D 
 2033      6F70 656E 
 2034               		.text
 2035               		.comm	__gnu_lto_v1,1,1
 2036               		.comm	__gnu_lto_slim,1,1
 2037               		.ident	"GCC: (GNU) 8.4.0"
DEFINED SYMBOLS
                            *ABS*:0000000000000000 magic.c
C:\Users\Roningo\AppData\Local\Temp\ccSo0O99.s:2      *ABS*:000000000000003e __SP_H__
C:\Users\Roningo\AppData\Local\Temp\ccSo0O99.s:3      *ABS*:000000000000003d __SP_L__
C:\Users\Roningo\AppData\Local\Temp\ccSo0O99.s:4      *ABS*:000000000000003f __SREG__
C:\Users\Roningo\AppData\Local\Temp\ccSo0O99.s:5      *ABS*:0000000000000000 __tmp_reg__
C:\Users\Roningo\AppData\Local\Temp\ccSo0O99.s:6      *ABS*:0000000000000001 __zero_reg__
C:\Users\Roningo\AppData\Local\Temp\ccSo0O99.s:27     .gnu.debuglto_.debug_info:0000000000000000 magic.c.4bbdc580
                            *COM*:0000000000000001 __gnu_lto_v1
                            *COM*:0000000000000001 __gnu_lto_slim

NO UNDEFINED SYMBOLS
