   1               		.file	"magic.c"
   2               	__SP_H__ = 0x3e
   3               	__SP_L__ = 0x3d
   4               	__SREG__ = 0x3f
   5               	__tmp_reg__ = 0
   6               	__zero_reg__ = 1
   7               		.file 1 "e:\\game\\msys2\\mingw64\\avr\\include\\stdint.h"
   8               		.file 2 "tmk_core/common/debug.h"
   9               		.file 3 "tmk_core/common/action.h"
  10               		.file 4 "lib/lufa/LUFA/Drivers/USB/Core/AVR8/../StdRequestType.h"
  11               		.file 5 "lib/lufa/LUFA/Drivers/USB/Core/AVR8/../DeviceStandardReq.h"
  12               		.file 6 "lib/lufa/LUFA/Drivers/USB/Core/USBTask.h"
  13               		.file 7 "lib/lufa/LUFA/Drivers/USB/Core/HostStandardReq.h"
  14               		.file 8 "e:\\game\\msys2\\mingw64\\avr\\include\\stdio.h"
  15               		.file 9 "tmk_core/common/host.h"
  16               		.file 10 "quantum/keycode_config.h"
  17               		.file 11 "tmk_core/common/timer.h"
  18               		.file 12 "quantum/sequencer/sequencer.h"
  19               		.file 13 "quantum/keymap.h"
  20               		.file 14 "tmk_core/common/action_layer.h"
  21               		.file 15 "quantum/bootmagic/magic.c"
  22               		.section	.gnu.debuglto_.debug_info,"",@progbits
  23               	.Ldebug_info0:
  24               		.hidden	magic.c.00c3c9ba
  25               		.weak	magic.c.00c3c9ba
  26               	magic.c.00c3c9ba:
  27 0000 3806 0000 		.long	0x638
  28 0004 0200      		.word	0x2
  29 0006 0000 0000 		.long	.Ldebug_abbrev0
  30 000a 04        		.byte	0x4
  31 000b 01        		.uleb128 0x1
  32 000c 0000 0000 		.long	.LASF88
  33 0010 0C        		.byte	0xc
  34 0011 0000 0000 		.long	.LASF89
  35 0015 0000 0000 		.long	.LASF90
  36 0019 0000 0000 		.long	.Ldebug_line0
  37 001d 02        		.uleb128 0x2
  38 001e 01        		.byte	0x1
  39 001f 06        		.byte	0x6
  40 0020 0000 0000 		.long	.LASF0
  41 0024 03        		.uleb128 0x3
  42 0025 0000 0000 		.long	.LASF2
  43 0029 01        		.byte	0x1
  44 002a 7E        		.byte	0x7e
  45 002b 16        		.byte	0x16
  46 002c 3500 0000 		.long	0x35
  47 0030 04        		.uleb128 0x4
  48 0031 2400 0000 		.long	0x24
  49 0035 02        		.uleb128 0x2
  50 0036 01        		.byte	0x1
  51 0037 08        		.byte	0x8
  52 0038 0000 0000 		.long	.LASF1
  53 003c 05        		.uleb128 0x5
  54 003d 02        		.byte	0x2
  55 003e 05        		.byte	0x5
  56 003f 696E 7400 		.string	"int"
  57 0043 03        		.uleb128 0x3
  58 0044 0000 0000 		.long	.LASF3
  59 0048 01        		.byte	0x1
  60 0049 80        		.byte	0x80
  61 004a 16        		.byte	0x16
  62 004b 5400 0000 		.long	0x54
  63 004f 06        		.uleb128 0x6
  64 0050 4300 0000 		.long	0x43
  65 0054 02        		.uleb128 0x2
  66 0055 02        		.byte	0x2
  67 0056 07        		.byte	0x7
  68 0057 0000 0000 		.long	.LASF4
  69 005b 02        		.uleb128 0x2
  70 005c 04        		.byte	0x4
  71 005d 05        		.byte	0x5
  72 005e 0000 0000 		.long	.LASF5
  73 0062 03        		.uleb128 0x3
  74 0063 0000 0000 		.long	.LASF6
  75 0067 01        		.byte	0x1
  76 0068 82        		.byte	0x82
  77 0069 16        		.byte	0x16
  78 006a 7300 0000 		.long	0x73
  79 006e 04        		.uleb128 0x4
  80 006f 6200 0000 		.long	0x62
  81 0073 02        		.uleb128 0x2
  82 0074 04        		.byte	0x4
  83 0075 07        		.byte	0x7
  84 0076 0000 0000 		.long	.LASF7
  85 007a 02        		.uleb128 0x2
  86 007b 08        		.byte	0x8
  87 007c 05        		.byte	0x5
  88 007d 0000 0000 		.long	.LASF8
  89 0081 02        		.uleb128 0x2
  90 0082 08        		.byte	0x8
  91 0083 07        		.byte	0x7
  92 0084 0000 0000 		.long	.LASF9
  93 0088 07        		.uleb128 0x7
  94 0089 01        		.byte	0x1
  95 008a 02        		.byte	0x2
  96 008b 1F        		.byte	0x1f
  97 008c 05        		.byte	0x5
  98 008d EC00 0000 		.long	0xec
  99 0091 08        		.uleb128 0x8
 100 0092 0000 0000 		.long	.LASF10
 101 0096 02        		.byte	0x2
 102 0097 20        		.byte	0x20
 103 0098 11        		.byte	0x11
 104 0099 EC00 0000 		.long	0xec
 105 009d 01        		.byte	0x1
 106 009e 01        		.byte	0x1
 107 009f 07        		.byte	0x7
 108 00a0 02        		.byte	0x2
 109 00a1 23        		.byte	0x23
 110 00a2 00        		.uleb128 0
 111 00a3 08        		.uleb128 0x8
 112 00a4 0000 0000 		.long	.LASF11
 113 00a8 02        		.byte	0x2
 114 00a9 21        		.byte	0x21
 115 00aa 11        		.byte	0x11
 116 00ab EC00 0000 		.long	0xec
 117 00af 01        		.byte	0x1
 118 00b0 01        		.byte	0x1
 119 00b1 06        		.byte	0x6
 120 00b2 02        		.byte	0x2
 121 00b3 23        		.byte	0x23
 122 00b4 00        		.uleb128 0
 123 00b5 08        		.uleb128 0x8
 124 00b6 0000 0000 		.long	.LASF12
 125 00ba 02        		.byte	0x2
 126 00bb 22        		.byte	0x22
 127 00bc 11        		.byte	0x11
 128 00bd EC00 0000 		.long	0xec
 129 00c1 01        		.byte	0x1
 130 00c2 01        		.byte	0x1
 131 00c3 05        		.byte	0x5
 132 00c4 02        		.byte	0x2
 133 00c5 23        		.byte	0x23
 134 00c6 00        		.uleb128 0
 135 00c7 08        		.uleb128 0x8
 136 00c8 0000 0000 		.long	.LASF13
 137 00cc 02        		.byte	0x2
 138 00cd 23        		.byte	0x23
 139 00ce 11        		.byte	0x11
 140 00cf EC00 0000 		.long	0xec
 141 00d3 01        		.byte	0x1
 142 00d4 01        		.byte	0x1
 143 00d5 04        		.byte	0x4
 144 00d6 02        		.byte	0x2
 145 00d7 23        		.byte	0x23
 146 00d8 00        		.uleb128 0
 147 00d9 08        		.uleb128 0x8
 148 00da 0000 0000 		.long	.LASF14
 149 00de 02        		.byte	0x2
 150 00df 24        		.byte	0x24
 151 00e0 11        		.byte	0x11
 152 00e1 2400 0000 		.long	0x24
 153 00e5 01        		.byte	0x1
 154 00e6 04        		.byte	0x4
 155 00e7 00        		.byte	0
 156 00e8 02        		.byte	0x2
 157 00e9 23        		.byte	0x23
 158 00ea 00        		.uleb128 0
 159 00eb 00        		.byte	0
 160 00ec 02        		.uleb128 0x2
 161 00ed 01        		.byte	0x1
 162 00ee 02        		.byte	0x2
 163 00ef 0000 0000 		.long	.LASF15
 164 00f3 04        		.uleb128 0x4
 165 00f4 EC00 0000 		.long	0xec
 166 00f8 09        		.uleb128 0x9
 167 00f9 01        		.byte	0x1
 168 00fa 02        		.byte	0x2
 169 00fb 1E        		.byte	0x1e
 170 00fc 09        		.byte	0x9
 171 00fd 1301 0000 		.long	0x113
 172 0101 0A        		.uleb128 0xa
 173 0102 8800 0000 		.long	0x88
 174 0106 0B        		.uleb128 0xb
 175 0107 7261 7700 		.string	"raw"
 176 010b 02        		.byte	0x2
 177 010c 26        		.byte	0x26
 178 010d 0D        		.byte	0xd
 179 010e 2400 0000 		.long	0x24
 180 0112 00        		.byte	0
 181 0113 03        		.uleb128 0x3
 182 0114 0000 0000 		.long	.LASF16
 183 0118 02        		.byte	0x2
 184 0119 27        		.byte	0x27
 185 011a 03        		.byte	0x3
 186 011b F800 0000 		.long	0xf8
 187 011f 0C        		.uleb128 0xc
 188 0120 0000 0000 		.long	.LASF17
 189 0124 02        		.byte	0x2
 190 0125 29        		.byte	0x29
 191 0126 17        		.byte	0x17
 192 0127 1301 0000 		.long	0x113
 193 012b 01        		.byte	0x1
 194 012c 01        		.byte	0x1
 195 012d 0C        		.uleb128 0xc
 196 012e 0000 0000 		.long	.LASF18
 197 0132 03        		.byte	0x3
 198 0133 4B        		.byte	0x4b
 199 0134 0D        		.byte	0xd
 200 0135 EC00 0000 		.long	0xec
 201 0139 01        		.byte	0x1
 202 013a 01        		.byte	0x1
 203 013b 07        		.uleb128 0x7
 204 013c 08        		.byte	0x8
 205 013d 04        		.byte	0x4
 206 013e A3        		.byte	0xa3
 207 013f 0C        		.byte	0xc
 208 0140 9001 0000 		.long	0x190
 209 0144 0D        		.uleb128 0xd
 210 0145 0000 0000 		.long	.LASF19
 211 0149 04        		.byte	0x4
 212 014a A5        		.byte	0xa5
 213 014b 0E        		.byte	0xe
 214 014c 2400 0000 		.long	0x24
 215 0150 02        		.byte	0x2
 216 0151 23        		.byte	0x23
 217 0152 00        		.uleb128 0
 218 0153 0D        		.uleb128 0xd
 219 0154 0000 0000 		.long	.LASF20
 220 0158 04        		.byte	0x4
 221 0159 A6        		.byte	0xa6
 222 015a 0E        		.byte	0xe
 223 015b 2400 0000 		.long	0x24
 224 015f 02        		.byte	0x2
 225 0160 23        		.byte	0x23
 226 0161 01        		.uleb128 0x1
 227 0162 0D        		.uleb128 0xd
 228 0163 0000 0000 		.long	.LASF21
 229 0167 04        		.byte	0x4
 230 0168 A7        		.byte	0xa7
 231 0169 0E        		.byte	0xe
 232 016a 4300 0000 		.long	0x43
 233 016e 02        		.byte	0x2
 234 016f 23        		.byte	0x23
 235 0170 02        		.uleb128 0x2
 236 0171 0D        		.uleb128 0xd
 237 0172 0000 0000 		.long	.LASF22
 238 0176 04        		.byte	0x4
 239 0177 A8        		.byte	0xa8
 240 0178 0E        		.byte	0xe
 241 0179 4300 0000 		.long	0x43
 242 017d 02        		.byte	0x2
 243 017e 23        		.byte	0x23
 244 017f 04        		.uleb128 0x4
 245 0180 0D        		.uleb128 0xd
 246 0181 0000 0000 		.long	.LASF23
 247 0185 04        		.byte	0x4
 248 0186 A9        		.byte	0xa9
 249 0187 0E        		.byte	0xe
 250 0188 4300 0000 		.long	0x43
 251 018c 02        		.byte	0x2
 252 018d 23        		.byte	0x23
 253 018e 06        		.uleb128 0x6
 254 018f 00        		.byte	0
 255 0190 03        		.uleb128 0x3
 256 0191 0000 0000 		.long	.LASF24
 257 0195 04        		.byte	0x4
 258 0196 AA        		.byte	0xaa
 259 0197 12        		.byte	0x12
 260 0198 3B01 0000 		.long	0x13b
 261 019c 0C        		.uleb128 0xc
 262 019d 0000 0000 		.long	.LASF25
 263 01a1 05        		.byte	0x5
 264 01a2 5E        		.byte	0x5e
 265 01a3 13        		.byte	0x13
 266 01a4 2400 0000 		.long	0x24
 267 01a8 01        		.byte	0x1
 268 01a9 01        		.byte	0x1
 269 01aa 0C        		.uleb128 0xc
 270 01ab 0000 0000 		.long	.LASF26
 271 01af 05        		.byte	0x5
 272 01b0 6E        		.byte	0x6e
 273 01b1 11        		.byte	0x11
 274 01b2 EC00 0000 		.long	0xec
 275 01b6 01        		.byte	0x1
 276 01b7 01        		.byte	0x1
 277 01b8 0C        		.uleb128 0xc
 278 01b9 0000 0000 		.long	.LASF27
 279 01bd 05        		.byte	0x5
 280 01be 78        		.byte	0x78
 281 01bf 11        		.byte	0x11
 282 01c0 EC00 0000 		.long	0xec
 283 01c4 01        		.byte	0x1
 284 01c5 01        		.byte	0x1
 285 01c6 0C        		.uleb128 0xc
 286 01c7 0000 0000 		.long	.LASF28
 287 01cb 06        		.byte	0x6
 288 01cc 51        		.byte	0x51
 289 01cd 19        		.byte	0x19
 290 01ce F300 0000 		.long	0xf3
 291 01d2 01        		.byte	0x1
 292 01d3 01        		.byte	0x1
 293 01d4 0C        		.uleb128 0xc
 294 01d5 0000 0000 		.long	.LASF29
 295 01d9 06        		.byte	0x6
 296 01da 5B        		.byte	0x5b
 297 01db 21        		.byte	0x21
 298 01dc 9001 0000 		.long	0x190
 299 01e0 01        		.byte	0x1
 300 01e1 01        		.byte	0x1
 301 01e2 0C        		.uleb128 0xc
 302 01e3 0000 0000 		.long	.LASF30
 303 01e7 06        		.byte	0x6
 304 01e8 90        		.byte	0x90
 305 01e9 1E        		.byte	0x1e
 306 01ea 3000 0000 		.long	0x30
 307 01ee 01        		.byte	0x1
 308 01ef 01        		.byte	0x1
 309 01f0 0C        		.uleb128 0xc
 310 01f1 0000 0000 		.long	.LASF31
 311 01f5 07        		.byte	0x7
 312 01f6 67        		.byte	0x67
 313 01f7 13        		.byte	0x13
 314 01f8 2400 0000 		.long	0x24
 315 01fc 01        		.byte	0x1
 316 01fd 01        		.byte	0x1
 317 01fe 0E        		.uleb128 0xe
 318 01ff 02        		.byte	0x2
 319 0200 0F        		.uleb128 0xf
 320 0201 0000 0000 		.long	.LASF91
 321 0205 0E        		.byte	0xe
 322 0206 08        		.byte	0x8
 323 0207 F4        		.byte	0xf4
 324 0208 08        		.byte	0x8
 325 0209 8B02 0000 		.long	0x28b
 326 020d 10        		.uleb128 0x10
 327 020e 6275 6600 		.string	"buf"
 328 0212 08        		.byte	0x8
 329 0213 F5        		.byte	0xf5
 330 0214 08        		.byte	0x8
 331 0215 8B02 0000 		.long	0x28b
 332 0219 02        		.byte	0x2
 333 021a 23        		.byte	0x23
 334 021b 00        		.uleb128 0
 335 021c 0D        		.uleb128 0xd
 336 021d 0000 0000 		.long	.LASF32
 337 0221 08        		.byte	0x8
 338 0222 F6        		.byte	0xf6
 339 0223 10        		.byte	0x10
 340 0224 3500 0000 		.long	0x35
 341 0228 02        		.byte	0x2
 342 0229 23        		.byte	0x23
 343 022a 02        		.uleb128 0x2
 344 022b 0D        		.uleb128 0xd
 345 022c 0000 0000 		.long	.LASF33
 346 0230 08        		.byte	0x8
 347 0231 F7        		.byte	0xf7
 348 0232 0A        		.byte	0xa
 349 0233 2400 0000 		.long	0x24
 350 0237 02        		.byte	0x2
 351 0238 23        		.byte	0x23
 352 0239 03        		.uleb128 0x3
 353 023a 11        		.uleb128 0x11
 354 023b 0000 0000 		.long	.LASF34
 355 023f 08        		.byte	0x8
 356 0240 0701      		.word	0x107
 357 0242 06        		.byte	0x6
 358 0243 3C00 0000 		.long	0x3c
 359 0247 02        		.byte	0x2
 360 0248 23        		.byte	0x23
 361 0249 04        		.uleb128 0x4
 362 024a 12        		.uleb128 0x12
 363 024b 6C65 6E00 		.string	"len"
 364 024f 08        		.byte	0x8
 365 0250 0801      		.word	0x108
 366 0252 06        		.byte	0x6
 367 0253 3C00 0000 		.long	0x3c
 368 0257 02        		.byte	0x2
 369 0258 23        		.byte	0x23
 370 0259 06        		.uleb128 0x6
 371 025a 12        		.uleb128 0x12
 372 025b 7075 7400 		.string	"put"
 373 025f 08        		.byte	0x8
 374 0260 0901      		.word	0x109
 375 0262 08        		.byte	0x8
 376 0263 B302 0000 		.long	0x2b3
 377 0267 02        		.byte	0x2
 378 0268 23        		.byte	0x23
 379 0269 08        		.uleb128 0x8
 380 026a 12        		.uleb128 0x12
 381 026b 6765 7400 		.string	"get"
 382 026f 08        		.byte	0x8
 383 0270 0A01      		.word	0x10a
 384 0272 08        		.byte	0x8
 385 0273 C902 0000 		.long	0x2c9
 386 0277 02        		.byte	0x2
 387 0278 23        		.byte	0x23
 388 0279 0A        		.uleb128 0xa
 389 027a 11        		.uleb128 0x11
 390 027b 0000 0000 		.long	.LASF35
 391 027f 08        		.byte	0x8
 392 0280 0B01      		.word	0x10b
 393 0282 08        		.byte	0x8
 394 0283 FE01 0000 		.long	0x1fe
 395 0287 02        		.byte	0x2
 396 0288 23        		.byte	0x23
 397 0289 0C        		.uleb128 0xc
 398 028a 00        		.byte	0
 399 028b 13        		.uleb128 0x13
 400 028c 02        		.byte	0x2
 401 028d 9102 0000 		.long	0x291
 402 0291 02        		.uleb128 0x2
 403 0292 01        		.byte	0x1
 404 0293 08        		.byte	0x8
 405 0294 0000 0000 		.long	.LASF36
 406 0298 14        		.uleb128 0x14
 407 0299 01        		.byte	0x1
 408 029a 3C00 0000 		.long	0x3c
 409 029e AD02 0000 		.long	0x2ad
 410 02a2 15        		.uleb128 0x15
 411 02a3 9102 0000 		.long	0x291
 412 02a7 15        		.uleb128 0x15
 413 02a8 AD02 0000 		.long	0x2ad
 414 02ac 00        		.byte	0
 415 02ad 13        		.uleb128 0x13
 416 02ae 02        		.byte	0x2
 417 02af 0002 0000 		.long	0x200
 418 02b3 13        		.uleb128 0x13
 419 02b4 02        		.byte	0x2
 420 02b5 9802 0000 		.long	0x298
 421 02b9 14        		.uleb128 0x14
 422 02ba 01        		.byte	0x1
 423 02bb 3C00 0000 		.long	0x3c
 424 02bf C902 0000 		.long	0x2c9
 425 02c3 15        		.uleb128 0x15
 426 02c4 AD02 0000 		.long	0x2ad
 427 02c8 00        		.byte	0
 428 02c9 13        		.uleb128 0x13
 429 02ca 02        		.byte	0x2
 430 02cb B902 0000 		.long	0x2b9
 431 02cf 16        		.uleb128 0x16
 432 02d0 AD02 0000 		.long	0x2ad
 433 02d4 DA02 0000 		.long	0x2da
 434 02d8 17        		.uleb128 0x17
 435 02d9 00        		.byte	0
 436 02da 18        		.uleb128 0x18
 437 02db 0000 0000 		.long	.LASF37
 438 02df 08        		.byte	0x8
 439 02e0 9701      		.word	0x197
 440 02e2 17        		.byte	0x17
 441 02e3 CF02 0000 		.long	0x2cf
 442 02e7 01        		.byte	0x1
 443 02e8 01        		.byte	0x1
 444 02e9 16        		.uleb128 0x16
 445 02ea 2400 0000 		.long	0x24
 446 02ee F902 0000 		.long	0x2f9
 447 02f2 19        		.uleb128 0x19
 448 02f3 5400 0000 		.long	0x54
 449 02f7 0F        		.byte	0xf
 450 02f8 00        		.byte	0
 451 02f9 0C        		.uleb128 0xc
 452 02fa 0000 0000 		.long	.LASF38
 453 02fe 09        		.byte	0x9
 454 02ff 24        		.byte	0x24
 455 0300 10        		.byte	0x10
 456 0301 2400 0000 		.long	0x24
 457 0305 01        		.byte	0x1
 458 0306 01        		.byte	0x1
 459 0307 0C        		.uleb128 0xc
 460 0308 0000 0000 		.long	.LASF39
 461 030c 09        		.byte	0x9
 462 030d 25        		.byte	0x25
 463 030e 10        		.byte	0x10
 464 030f 2400 0000 		.long	0x24
 465 0313 01        		.byte	0x1
 466 0314 01        		.byte	0x1
 467 0315 07        		.uleb128 0x7
 468 0316 02        		.byte	0x2
 469 0317 0A        		.byte	0xa
 470 0318 1D        		.byte	0x1d
 471 0319 05        		.byte	0x5
 472 031a E503 0000 		.long	0x3e5
 473 031e 08        		.uleb128 0x8
 474 031f 0000 0000 		.long	.LASF40
 475 0323 0A        		.byte	0xa
 476 0324 1E        		.byte	0x1e
 477 0325 0E        		.byte	0xe
 478 0326 EC00 0000 		.long	0xec
 479 032a 01        		.byte	0x1
 480 032b 01        		.byte	0x1
 481 032c 07        		.byte	0x7
 482 032d 02        		.byte	0x2
 483 032e 23        		.byte	0x23
 484 032f 00        		.uleb128 0
 485 0330 08        		.uleb128 0x8
 486 0331 0000 0000 		.long	.LASF41
 487 0335 0A        		.byte	0xa
 488 0336 1F        		.byte	0x1f
 489 0337 0E        		.byte	0xe
 490 0338 EC00 0000 		.long	0xec
 491 033c 01        		.byte	0x1
 492 033d 01        		.byte	0x1
 493 033e 06        		.byte	0x6
 494 033f 02        		.byte	0x2
 495 0340 23        		.byte	0x23
 496 0341 00        		.uleb128 0
 497 0342 08        		.uleb128 0x8
 498 0343 0000 0000 		.long	.LASF42
 499 0347 0A        		.byte	0xa
 500 0348 20        		.byte	0x20
 501 0349 0E        		.byte	0xe
 502 034a EC00 0000 		.long	0xec
 503 034e 01        		.byte	0x1
 504 034f 01        		.byte	0x1
 505 0350 05        		.byte	0x5
 506 0351 02        		.byte	0x2
 507 0352 23        		.byte	0x23
 508 0353 00        		.uleb128 0
 509 0354 08        		.uleb128 0x8
 510 0355 0000 0000 		.long	.LASF43
 511 0359 0A        		.byte	0xa
 512 035a 21        		.byte	0x21
 513 035b 0E        		.byte	0xe
 514 035c EC00 0000 		.long	0xec
 515 0360 01        		.byte	0x1
 516 0361 01        		.byte	0x1
 517 0362 04        		.byte	0x4
 518 0363 02        		.byte	0x2
 519 0364 23        		.byte	0x23
 520 0365 00        		.uleb128 0
 521 0366 08        		.uleb128 0x8
 522 0367 0000 0000 		.long	.LASF44
 523 036b 0A        		.byte	0xa
 524 036c 22        		.byte	0x22
 525 036d 0E        		.byte	0xe
 526 036e EC00 0000 		.long	0xec
 527 0372 01        		.byte	0x1
 528 0373 01        		.byte	0x1
 529 0374 03        		.byte	0x3
 530 0375 02        		.byte	0x2
 531 0376 23        		.byte	0x23
 532 0377 00        		.uleb128 0
 533 0378 08        		.uleb128 0x8
 534 0379 0000 0000 		.long	.LASF45
 535 037d 0A        		.byte	0xa
 536 037e 23        		.byte	0x23
 537 037f 0E        		.byte	0xe
 538 0380 EC00 0000 		.long	0xec
 539 0384 01        		.byte	0x1
 540 0385 01        		.byte	0x1
 541 0386 02        		.byte	0x2
 542 0387 02        		.byte	0x2
 543 0388 23        		.byte	0x23
 544 0389 00        		.uleb128 0
 545 038a 08        		.uleb128 0x8
 546 038b 0000 0000 		.long	.LASF46
 547 038f 0A        		.byte	0xa
 548 0390 24        		.byte	0x24
 549 0391 0E        		.byte	0xe
 550 0392 EC00 0000 		.long	0xec
 551 0396 01        		.byte	0x1
 552 0397 01        		.byte	0x1
 553 0398 01        		.byte	0x1
 554 0399 02        		.byte	0x2
 555 039a 23        		.byte	0x23
 556 039b 00        		.uleb128 0
 557 039c 08        		.uleb128 0x8
 558 039d 0000 0000 		.long	.LASF47
 559 03a1 0A        		.byte	0xa
 560 03a2 25        		.byte	0x25
 561 03a3 0E        		.byte	0xe
 562 03a4 EC00 0000 		.long	0xec
 563 03a8 01        		.byte	0x1
 564 03a9 01        		.byte	0x1
 565 03aa 00        		.byte	0
 566 03ab 02        		.byte	0x2
 567 03ac 23        		.byte	0x23
 568 03ad 00        		.uleb128 0
 569 03ae 08        		.uleb128 0x8
 570 03af 0000 0000 		.long	.LASF48
 571 03b3 0A        		.byte	0xa
 572 03b4 26        		.byte	0x26
 573 03b5 0E        		.byte	0xe
 574 03b6 EC00 0000 		.long	0xec
 575 03ba 01        		.byte	0x1
 576 03bb 01        		.byte	0x1
 577 03bc 07        		.byte	0x7
 578 03bd 02        		.byte	0x2
 579 03be 23        		.byte	0x23
 580 03bf 01        		.uleb128 0x1
 581 03c0 08        		.uleb128 0x8
 582 03c1 0000 0000 		.long	.LASF49
 583 03c5 0A        		.byte	0xa
 584 03c6 27        		.byte	0x27
 585 03c7 0E        		.byte	0xe
 586 03c8 EC00 0000 		.long	0xec
 587 03cc 01        		.byte	0x1
 588 03cd 01        		.byte	0x1
 589 03ce 06        		.byte	0x6
 590 03cf 02        		.byte	0x2
 591 03d0 23        		.byte	0x23
 592 03d1 01        		.uleb128 0x1
 593 03d2 08        		.uleb128 0x8
 594 03d3 0000 0000 		.long	.LASF50
 595 03d7 0A        		.byte	0xa
 596 03d8 28        		.byte	0x28
 597 03d9 0E        		.byte	0xe
 598 03da EC00 0000 		.long	0xec
 599 03de 01        		.byte	0x1
 600 03df 01        		.byte	0x1
 601 03e0 05        		.byte	0x5
 602 03e1 02        		.byte	0x2
 603 03e2 23        		.byte	0x23
 604 03e3 01        		.uleb128 0x1
 605 03e4 00        		.byte	0
 606 03e5 09        		.uleb128 0x9
 607 03e6 02        		.byte	0x2
 608 03e7 0A        		.byte	0xa
 609 03e8 1B        		.byte	0x1b
 610 03e9 09        		.byte	0x9
 611 03ea 0004 0000 		.long	0x400
 612 03ee 0B        		.uleb128 0xb
 613 03ef 7261 7700 		.string	"raw"
 614 03f3 0A        		.byte	0xa
 615 03f4 1C        		.byte	0x1c
 616 03f5 0E        		.byte	0xe
 617 03f6 4300 0000 		.long	0x43
 618 03fa 0A        		.uleb128 0xa
 619 03fb 1503 0000 		.long	0x315
 620 03ff 00        		.byte	0
 621 0400 03        		.uleb128 0x3
 622 0401 0000 0000 		.long	.LASF51
 623 0405 0A        		.byte	0xa
 624 0406 2A        		.byte	0x2a
 625 0407 03        		.byte	0x3
 626 0408 E503 0000 		.long	0x3e5
 627 040c 0C        		.uleb128 0xc
 628 040d 0000 0000 		.long	.LASF52
 629 0411 0A        		.byte	0xa
 630 0412 2C        		.byte	0x2c
 631 0413 18        		.byte	0x18
 632 0414 0004 0000 		.long	0x400
 633 0418 01        		.byte	0x1
 634 0419 01        		.byte	0x1
 635 041a 0C        		.uleb128 0xc
 636 041b 0000 0000 		.long	.LASF53
 637 041f 0B        		.byte	0xb
 638 0420 20        		.byte	0x20
 639 0421 1A        		.byte	0x1a
 640 0422 6E00 0000 		.long	0x6e
 641 0426 01        		.byte	0x1
 642 0427 01        		.byte	0x1
 643 0428 1A        		.uleb128 0x1a
 644 0429 07        		.byte	0x7
 645 042a 01        		.byte	0x1
 646 042b 3500 0000 		.long	0x35
 647 042f 0C        		.byte	0xc
 648 0430 2D        		.byte	0x2d
 649 0431 0E        		.byte	0xe
 650 0432 7304 0000 		.long	0x473
 651 0436 1B        		.uleb128 0x1b
 652 0437 0000 0000 		.long	.LASF54
 653 043b 00        		.byte	0
 654 043c 1B        		.uleb128 0x1b
 655 043d 0000 0000 		.long	.LASF55
 656 0441 01        		.byte	0x1
 657 0442 1B        		.uleb128 0x1b
 658 0443 0000 0000 		.long	.LASF56
 659 0447 02        		.byte	0x2
 660 0448 1B        		.uleb128 0x1b
 661 0449 0000 0000 		.long	.LASF57
 662 044d 03        		.byte	0x3
 663 044e 1B        		.uleb128 0x1b
 664 044f 0000 0000 		.long	.LASF58
 665 0453 04        		.byte	0x4
 666 0454 1B        		.uleb128 0x1b
 667 0455 0000 0000 		.long	.LASF59
 668 0459 05        		.byte	0x5
 669 045a 1B        		.uleb128 0x1b
 670 045b 0000 0000 		.long	.LASF60
 671 045f 06        		.byte	0x6
 672 0460 1B        		.uleb128 0x1b
 673 0461 0000 0000 		.long	.LASF61
 674 0465 07        		.byte	0x7
 675 0466 1B        		.uleb128 0x1b
 676 0467 0000 0000 		.long	.LASF62
 677 046b 08        		.byte	0x8
 678 046c 1B        		.uleb128 0x1b
 679 046d 0000 0000 		.long	.LASF63
 680 0471 09        		.byte	0x9
 681 0472 00        		.byte	0
 682 0473 03        		.uleb128 0x3
 683 0474 0000 0000 		.long	.LASF64
 684 0478 0C        		.byte	0xc
 685 0479 2D        		.byte	0x2d
 686 047a 89        		.byte	0x89
 687 047b 2804 0000 		.long	0x428
 688 047f 07        		.uleb128 0x7
 689 0480 23        		.byte	0x23
 690 0481 0C        		.byte	0xc
 691 0482 2F        		.byte	0x2f
 692 0483 09        		.byte	0x9
 693 0484 D404 0000 		.long	0x4d4
 694 0488 0D        		.uleb128 0xd
 695 0489 0000 0000 		.long	.LASF65
 696 048d 0C        		.byte	0xc
 697 048e 30        		.byte	0x30
 698 048f 1C        		.byte	0x1c
 699 0490 EC00 0000 		.long	0xec
 700 0494 02        		.byte	0x2
 701 0495 23        		.byte	0x23
 702 0496 00        		.uleb128 0
 703 0497 0D        		.uleb128 0xd
 704 0498 0000 0000 		.long	.LASF66
 705 049c 0C        		.byte	0xc
 706 049d 31        		.byte	0x31
 707 049e 1C        		.byte	0x1c
 708 049f E902 0000 		.long	0x2e9
 709 04a3 02        		.byte	0x2
 710 04a4 23        		.byte	0x23
 711 04a5 01        		.uleb128 0x1
 712 04a6 0D        		.uleb128 0xd
 713 04a7 0000 0000 		.long	.LASF67
 714 04ab 0C        		.byte	0xc
 715 04ac 32        		.byte	0x32
 716 04ad 1C        		.byte	0x1c
 717 04ae D404 0000 		.long	0x4d4
 718 04b2 02        		.byte	0x2
 719 04b3 23        		.byte	0x23
 720 04b4 11        		.uleb128 0x11
 721 04b5 0D        		.uleb128 0xd
 722 04b6 0000 0000 		.long	.LASF68
 723 04ba 0C        		.byte	0xc
 724 04bb 33        		.byte	0x33
 725 04bc 1C        		.byte	0x1c
 726 04bd 2400 0000 		.long	0x24
 727 04c1 02        		.byte	0x2
 728 04c2 23        		.byte	0x23
 729 04c3 21        		.uleb128 0x21
 730 04c4 0D        		.uleb128 0xd
 731 04c5 0000 0000 		.long	.LASF69
 732 04c9 0C        		.byte	0xc
 733 04ca 34        		.byte	0x34
 734 04cb 1C        		.byte	0x1c
 735 04cc 7304 0000 		.long	0x473
 736 04d0 02        		.byte	0x2
 737 04d1 23        		.byte	0x23
 738 04d2 22        		.uleb128 0x22
 739 04d3 00        		.byte	0
 740 04d4 16        		.uleb128 0x16
 741 04d5 4300 0000 		.long	0x43
 742 04d9 E404 0000 		.long	0x4e4
 743 04dd 19        		.uleb128 0x19
 744 04de 5400 0000 		.long	0x54
 745 04e2 07        		.byte	0x7
 746 04e3 00        		.byte	0
 747 04e4 03        		.uleb128 0x3
 748 04e5 0000 0000 		.long	.LASF70
 749 04e9 0C        		.byte	0xc
 750 04ea 35        		.byte	0x35
 751 04eb 03        		.byte	0x3
 752 04ec 7F04 0000 		.long	0x47f
 753 04f0 1C        		.uleb128 0x1c
 754 04f1 0000 0000 		.long	.LASF74
 755 04f5 07        		.byte	0x7
 756 04f6 01        		.byte	0x1
 757 04f7 3500 0000 		.long	0x35
 758 04fb 0C        		.byte	0xc
 759 04fc 3B        		.byte	0x3b
 760 04fd 0E        		.byte	0xe
 761 04fe 1505 0000 		.long	0x515
 762 0502 1B        		.uleb128 0x1b
 763 0503 0000 0000 		.long	.LASF71
 764 0507 00        		.byte	0
 765 0508 1B        		.uleb128 0x1b
 766 0509 0000 0000 		.long	.LASF72
 767 050d 01        		.byte	0x1
 768 050e 1B        		.uleb128 0x1b
 769 050f 0000 0000 		.long	.LASF73
 770 0513 02        		.byte	0x2
 771 0514 00        		.byte	0
 772 0515 03        		.uleb128 0x3
 773 0516 0000 0000 		.long	.LASF74
 774 051a 0C        		.byte	0xc
 775 051b 3F        		.byte	0x3f
 776 051c 03        		.byte	0x3
 777 051d F004 0000 		.long	0x4f0
 778 0521 07        		.uleb128 0x7
 779 0522 06        		.byte	0x6
 780 0523 0C        		.byte	0xc
 781 0524 41        		.byte	0x41
 782 0525 09        		.byte	0x9
 783 0526 7605 0000 		.long	0x576
 784 052a 0D        		.uleb128 0xd
 785 052b 0000 0000 		.long	.LASF75
 786 052f 0C        		.byte	0xc
 787 0530 42        		.byte	0x42
 788 0531 17        		.byte	0x17
 789 0532 2400 0000 		.long	0x24
 790 0536 02        		.byte	0x2
 791 0537 23        		.byte	0x23
 792 0538 00        		.uleb128 0
 793 0539 0D        		.uleb128 0xd
 794 053a 0000 0000 		.long	.LASF76
 795 053e 0C        		.byte	0xc
 796 053f 43        		.byte	0x43
 797 0540 17        		.byte	0x17
 798 0541 2400 0000 		.long	0x24
 799 0545 02        		.byte	0x2
 800 0546 23        		.byte	0x23
 801 0547 01        		.uleb128 0x1
 802 0548 0D        		.uleb128 0xd
 803 0549 0000 0000 		.long	.LASF77
 804 054d 0C        		.byte	0xc
 805 054e 44        		.byte	0x44
 806 054f 17        		.byte	0x17
 807 0550 2400 0000 		.long	0x24
 808 0554 02        		.byte	0x2
 809 0555 23        		.byte	0x23
 810 0556 02        		.uleb128 0x2
 811 0557 0D        		.uleb128 0xd
 812 0558 0000 0000 		.long	.LASF78
 813 055c 0C        		.byte	0xc
 814 055d 45        		.byte	0x45
 815 055e 17        		.byte	0x17
 816 055f 4300 0000 		.long	0x43
 817 0563 02        		.byte	0x2
 818 0564 23        		.byte	0x23
 819 0565 03        		.uleb128 0x3
 820 0566 0D        		.uleb128 0xd
 821 0567 0000 0000 		.long	.LASF79
 822 056b 0C        		.byte	0xc
 823 056c 46        		.byte	0x46
 824 056d 17        		.byte	0x17
 825 056e 1505 0000 		.long	0x515
 826 0572 02        		.byte	0x2
 827 0573 23        		.byte	0x23
 828 0574 05        		.uleb128 0x5
 829 0575 00        		.byte	0
 830 0576 03        		.uleb128 0x3
 831 0577 0000 0000 		.long	.LASF80
 832 057b 0C        		.byte	0xc
 833 057c 47        		.byte	0x47
 834 057d 03        		.byte	0x3
 835 057e 2105 0000 		.long	0x521
 836 0582 0C        		.uleb128 0xc
 837 0583 0000 0000 		.long	.LASF81
 838 0587 0C        		.byte	0xc
 839 0588 49        		.byte	0x49
 840 0589 1B        		.byte	0x1b
 841 058a E404 0000 		.long	0x4e4
 842 058e 01        		.byte	0x1
 843 058f 01        		.byte	0x1
 844 0590 0C        		.uleb128 0xc
 845 0591 0000 0000 		.long	.LASF82
 846 0595 0C        		.byte	0xc
 847 0596 4C        		.byte	0x4c
 848 0597 1A        		.byte	0x1a
 849 0598 7605 0000 		.long	0x576
 850 059c 01        		.byte	0x1
 851 059d 01        		.byte	0x1
 852 059e 16        		.uleb128 0x16
 853 059f 4F00 0000 		.long	0x4f
 854 05a3 B505 0000 		.long	0x5b5
 855 05a7 17        		.uleb128 0x17
 856 05a8 19        		.uleb128 0x19
 857 05a9 5400 0000 		.long	0x54
 858 05ad 03        		.byte	0x3
 859 05ae 19        		.uleb128 0x19
 860 05af 5400 0000 		.long	0x54
 861 05b3 09        		.byte	0x9
 862 05b4 00        		.byte	0
 863 05b5 06        		.uleb128 0x6
 864 05b6 9E05 0000 		.long	0x59e
 865 05ba 0C        		.uleb128 0xc
 866 05bb 0000 0000 		.long	.LASF83
 867 05bf 0D        		.byte	0xd
 868 05c0 37        		.byte	0x37
 869 05c1 17        		.byte	0x17
 870 05c2 B505 0000 		.long	0x5b5
 871 05c6 01        		.byte	0x1
 872 05c7 01        		.byte	0x1
 873 05c8 16        		.uleb128 0x16
 874 05c9 4F00 0000 		.long	0x4f
 875 05cd D305 0000 		.long	0x5d3
 876 05d1 17        		.uleb128 0x17
 877 05d2 00        		.byte	0
 878 05d3 06        		.uleb128 0x6
 879 05d4 C805 0000 		.long	0x5c8
 880 05d8 0C        		.uleb128 0xc
 881 05d9 0000 0000 		.long	.LASF84
 882 05dd 0D        		.byte	0xd
 883 05de 38        		.byte	0x38
 884 05df 17        		.byte	0x17
 885 05e0 D305 0000 		.long	0x5d3
 886 05e4 01        		.byte	0x1
 887 05e5 01        		.byte	0x1
 888 05e6 03        		.uleb128 0x3
 889 05e7 0000 0000 		.long	.LASF85
 890 05eb 0E        		.byte	0xe
 891 05ec 27        		.byte	0x27
 892 05ed 12        		.byte	0x12
 893 05ee 6200 0000 		.long	0x62
 894 05f2 0C        		.uleb128 0xc
 895 05f3 0000 0000 		.long	.LASF86
 896 05f7 0E        		.byte	0xe
 897 05f8 32        		.byte	0x32
 898 05f9 16        		.byte	0x16
 899 05fa E605 0000 		.long	0x5e6
 900 05fe 01        		.byte	0x1
 901 05ff 01        		.byte	0x1
 902 0600 0C        		.uleb128 0xc
 903 0601 0000 0000 		.long	.LASF87
 904 0605 0E        		.byte	0xe
 905 0606 48        		.byte	0x48
 906 0607 16        		.byte	0x16
 907 0608 E605 0000 		.long	0x5e6
 908 060c 01        		.byte	0x1
 909 060d 01        		.byte	0x1
 910 060e 1D        		.uleb128 0x1d
 911 060f 0C04 0000 		.long	0x40c
 912 0613 0F        		.byte	0xf
 913 0614 1C        		.byte	0x1c
 914 0615 11        		.byte	0x11
 915 0616 1E        		.uleb128 0x1e
 916 0617 01        		.byte	0x1
 917 0618 0000 0000 		.long	.LASF92
 918 061c 0F        		.byte	0xf
 919 061d 24        		.byte	0x24
 920 061e 06        		.byte	0x6
 921 061f 01        		.byte	0x1
 922 0620 3106 0000 		.long	0x631
 923 0624 1F        		.uleb128 0x1f
 924 0625 0000 0000 		.long	.LASF93
 925 0629 0F        		.byte	0xf
 926 062a 31        		.byte	0x31
 927 062b 13        		.byte	0x13
 928 062c E605 0000 		.long	0x5e6
 929 0630 00        		.byte	0
 930 0631 20        		.uleb128 0x20
 931 0632 01        		.byte	0x1
 932 0633 0000 0000 		.long	.LASF94
 933 0637 0F        		.byte	0xf
 934 0638 1E        		.byte	0x1e
 935 0639 1C        		.byte	0x1c
 936 063a 01        		.byte	0x1
 937 063b 00        		.byte	0
 938               		.section	.gnu.debuglto_.debug_abbrev,"",@progbits
 939               	.Ldebug_abbrev0:
 940 0000 01        		.uleb128 0x1
 941 0001 11        		.uleb128 0x11
 942 0002 01        		.byte	0x1
 943 0003 25        		.uleb128 0x25
 944 0004 0E        		.uleb128 0xe
 945 0005 13        		.uleb128 0x13
 946 0006 0B        		.uleb128 0xb
 947 0007 03        		.uleb128 0x3
 948 0008 0E        		.uleb128 0xe
 949 0009 1B        		.uleb128 0x1b
 950 000a 0E        		.uleb128 0xe
 951 000b 10        		.uleb128 0x10
 952 000c 06        		.uleb128 0x6
 953 000d 00        		.byte	0
 954 000e 00        		.byte	0
 955 000f 02        		.uleb128 0x2
 956 0010 24        		.uleb128 0x24
 957 0011 00        		.byte	0
 958 0012 0B        		.uleb128 0xb
 959 0013 0B        		.uleb128 0xb
 960 0014 3E        		.uleb128 0x3e
 961 0015 0B        		.uleb128 0xb
 962 0016 03        		.uleb128 0x3
 963 0017 0E        		.uleb128 0xe
 964 0018 00        		.byte	0
 965 0019 00        		.byte	0
 966 001a 03        		.uleb128 0x3
 967 001b 16        		.uleb128 0x16
 968 001c 00        		.byte	0
 969 001d 03        		.uleb128 0x3
 970 001e 0E        		.uleb128 0xe
 971 001f 3A        		.uleb128 0x3a
 972 0020 0B        		.uleb128 0xb
 973 0021 3B        		.uleb128 0x3b
 974 0022 0B        		.uleb128 0xb
 975 0023 39        		.uleb128 0x39
 976 0024 0B        		.uleb128 0xb
 977 0025 49        		.uleb128 0x49
 978 0026 13        		.uleb128 0x13
 979 0027 00        		.byte	0
 980 0028 00        		.byte	0
 981 0029 04        		.uleb128 0x4
 982 002a 35        		.uleb128 0x35
 983 002b 00        		.byte	0
 984 002c 49        		.uleb128 0x49
 985 002d 13        		.uleb128 0x13
 986 002e 00        		.byte	0
 987 002f 00        		.byte	0
 988 0030 05        		.uleb128 0x5
 989 0031 24        		.uleb128 0x24
 990 0032 00        		.byte	0
 991 0033 0B        		.uleb128 0xb
 992 0034 0B        		.uleb128 0xb
 993 0035 3E        		.uleb128 0x3e
 994 0036 0B        		.uleb128 0xb
 995 0037 03        		.uleb128 0x3
 996 0038 08        		.uleb128 0x8
 997 0039 00        		.byte	0
 998 003a 00        		.byte	0
 999 003b 06        		.uleb128 0x6
 1000 003c 26        		.uleb128 0x26
 1001 003d 00        		.byte	0
 1002 003e 49        		.uleb128 0x49
 1003 003f 13        		.uleb128 0x13
 1004 0040 00        		.byte	0
 1005 0041 00        		.byte	0
 1006 0042 07        		.uleb128 0x7
 1007 0043 13        		.uleb128 0x13
 1008 0044 01        		.byte	0x1
 1009 0045 0B        		.uleb128 0xb
 1010 0046 0B        		.uleb128 0xb
 1011 0047 3A        		.uleb128 0x3a
 1012 0048 0B        		.uleb128 0xb
 1013 0049 3B        		.uleb128 0x3b
 1014 004a 0B        		.uleb128 0xb
 1015 004b 39        		.uleb128 0x39
 1016 004c 0B        		.uleb128 0xb
 1017 004d 01        		.uleb128 0x1
 1018 004e 13        		.uleb128 0x13
 1019 004f 00        		.byte	0
 1020 0050 00        		.byte	0
 1021 0051 08        		.uleb128 0x8
 1022 0052 0D        		.uleb128 0xd
 1023 0053 00        		.byte	0
 1024 0054 03        		.uleb128 0x3
 1025 0055 0E        		.uleb128 0xe
 1026 0056 3A        		.uleb128 0x3a
 1027 0057 0B        		.uleb128 0xb
 1028 0058 3B        		.uleb128 0x3b
 1029 0059 0B        		.uleb128 0xb
 1030 005a 39        		.uleb128 0x39
 1031 005b 0B        		.uleb128 0xb
 1032 005c 49        		.uleb128 0x49
 1033 005d 13        		.uleb128 0x13
 1034 005e 0B        		.uleb128 0xb
 1035 005f 0B        		.uleb128 0xb
 1036 0060 0D        		.uleb128 0xd
 1037 0061 0B        		.uleb128 0xb
 1038 0062 0C        		.uleb128 0xc
 1039 0063 0B        		.uleb128 0xb
 1040 0064 38        		.uleb128 0x38
 1041 0065 0A        		.uleb128 0xa
 1042 0066 00        		.byte	0
 1043 0067 00        		.byte	0
 1044 0068 09        		.uleb128 0x9
 1045 0069 17        		.uleb128 0x17
 1046 006a 01        		.byte	0x1
 1047 006b 0B        		.uleb128 0xb
 1048 006c 0B        		.uleb128 0xb
 1049 006d 3A        		.uleb128 0x3a
 1050 006e 0B        		.uleb128 0xb
 1051 006f 3B        		.uleb128 0x3b
 1052 0070 0B        		.uleb128 0xb
 1053 0071 39        		.uleb128 0x39
 1054 0072 0B        		.uleb128 0xb
 1055 0073 01        		.uleb128 0x1
 1056 0074 13        		.uleb128 0x13
 1057 0075 00        		.byte	0
 1058 0076 00        		.byte	0
 1059 0077 0A        		.uleb128 0xa
 1060 0078 0D        		.uleb128 0xd
 1061 0079 00        		.byte	0
 1062 007a 49        		.uleb128 0x49
 1063 007b 13        		.uleb128 0x13
 1064 007c 00        		.byte	0
 1065 007d 00        		.byte	0
 1066 007e 0B        		.uleb128 0xb
 1067 007f 0D        		.uleb128 0xd
 1068 0080 00        		.byte	0
 1069 0081 03        		.uleb128 0x3
 1070 0082 08        		.uleb128 0x8
 1071 0083 3A        		.uleb128 0x3a
 1072 0084 0B        		.uleb128 0xb
 1073 0085 3B        		.uleb128 0x3b
 1074 0086 0B        		.uleb128 0xb
 1075 0087 39        		.uleb128 0x39
 1076 0088 0B        		.uleb128 0xb
 1077 0089 49        		.uleb128 0x49
 1078 008a 13        		.uleb128 0x13
 1079 008b 00        		.byte	0
 1080 008c 00        		.byte	0
 1081 008d 0C        		.uleb128 0xc
 1082 008e 34        		.uleb128 0x34
 1083 008f 00        		.byte	0
 1084 0090 03        		.uleb128 0x3
 1085 0091 0E        		.uleb128 0xe
 1086 0092 3A        		.uleb128 0x3a
 1087 0093 0B        		.uleb128 0xb
 1088 0094 3B        		.uleb128 0x3b
 1089 0095 0B        		.uleb128 0xb
 1090 0096 39        		.uleb128 0x39
 1091 0097 0B        		.uleb128 0xb
 1092 0098 49        		.uleb128 0x49
 1093 0099 13        		.uleb128 0x13
 1094 009a 3F        		.uleb128 0x3f
 1095 009b 0C        		.uleb128 0xc
 1096 009c 3C        		.uleb128 0x3c
 1097 009d 0C        		.uleb128 0xc
 1098 009e 00        		.byte	0
 1099 009f 00        		.byte	0
 1100 00a0 0D        		.uleb128 0xd
 1101 00a1 0D        		.uleb128 0xd
 1102 00a2 00        		.byte	0
 1103 00a3 03        		.uleb128 0x3
 1104 00a4 0E        		.uleb128 0xe
 1105 00a5 3A        		.uleb128 0x3a
 1106 00a6 0B        		.uleb128 0xb
 1107 00a7 3B        		.uleb128 0x3b
 1108 00a8 0B        		.uleb128 0xb
 1109 00a9 39        		.uleb128 0x39
 1110 00aa 0B        		.uleb128 0xb
 1111 00ab 49        		.uleb128 0x49
 1112 00ac 13        		.uleb128 0x13
 1113 00ad 38        		.uleb128 0x38
 1114 00ae 0A        		.uleb128 0xa
 1115 00af 00        		.byte	0
 1116 00b0 00        		.byte	0
 1117 00b1 0E        		.uleb128 0xe
 1118 00b2 0F        		.uleb128 0xf
 1119 00b3 00        		.byte	0
 1120 00b4 0B        		.uleb128 0xb
 1121 00b5 0B        		.uleb128 0xb
 1122 00b6 00        		.byte	0
 1123 00b7 00        		.byte	0
 1124 00b8 0F        		.uleb128 0xf
 1125 00b9 13        		.uleb128 0x13
 1126 00ba 01        		.byte	0x1
 1127 00bb 03        		.uleb128 0x3
 1128 00bc 0E        		.uleb128 0xe
 1129 00bd 0B        		.uleb128 0xb
 1130 00be 0B        		.uleb128 0xb
 1131 00bf 3A        		.uleb128 0x3a
 1132 00c0 0B        		.uleb128 0xb
 1133 00c1 3B        		.uleb128 0x3b
 1134 00c2 0B        		.uleb128 0xb
 1135 00c3 39        		.uleb128 0x39
 1136 00c4 0B        		.uleb128 0xb
 1137 00c5 01        		.uleb128 0x1
 1138 00c6 13        		.uleb128 0x13
 1139 00c7 00        		.byte	0
 1140 00c8 00        		.byte	0
 1141 00c9 10        		.uleb128 0x10
 1142 00ca 0D        		.uleb128 0xd
 1143 00cb 00        		.byte	0
 1144 00cc 03        		.uleb128 0x3
 1145 00cd 08        		.uleb128 0x8
 1146 00ce 3A        		.uleb128 0x3a
 1147 00cf 0B        		.uleb128 0xb
 1148 00d0 3B        		.uleb128 0x3b
 1149 00d1 0B        		.uleb128 0xb
 1150 00d2 39        		.uleb128 0x39
 1151 00d3 0B        		.uleb128 0xb
 1152 00d4 49        		.uleb128 0x49
 1153 00d5 13        		.uleb128 0x13
 1154 00d6 38        		.uleb128 0x38
 1155 00d7 0A        		.uleb128 0xa
 1156 00d8 00        		.byte	0
 1157 00d9 00        		.byte	0
 1158 00da 11        		.uleb128 0x11
 1159 00db 0D        		.uleb128 0xd
 1160 00dc 00        		.byte	0
 1161 00dd 03        		.uleb128 0x3
 1162 00de 0E        		.uleb128 0xe
 1163 00df 3A        		.uleb128 0x3a
 1164 00e0 0B        		.uleb128 0xb
 1165 00e1 3B        		.uleb128 0x3b
 1166 00e2 05        		.uleb128 0x5
 1167 00e3 39        		.uleb128 0x39
 1168 00e4 0B        		.uleb128 0xb
 1169 00e5 49        		.uleb128 0x49
 1170 00e6 13        		.uleb128 0x13
 1171 00e7 38        		.uleb128 0x38
 1172 00e8 0A        		.uleb128 0xa
 1173 00e9 00        		.byte	0
 1174 00ea 00        		.byte	0
 1175 00eb 12        		.uleb128 0x12
 1176 00ec 0D        		.uleb128 0xd
 1177 00ed 00        		.byte	0
 1178 00ee 03        		.uleb128 0x3
 1179 00ef 08        		.uleb128 0x8
 1180 00f0 3A        		.uleb128 0x3a
 1181 00f1 0B        		.uleb128 0xb
 1182 00f2 3B        		.uleb128 0x3b
 1183 00f3 05        		.uleb128 0x5
 1184 00f4 39        		.uleb128 0x39
 1185 00f5 0B        		.uleb128 0xb
 1186 00f6 49        		.uleb128 0x49
 1187 00f7 13        		.uleb128 0x13
 1188 00f8 38        		.uleb128 0x38
 1189 00f9 0A        		.uleb128 0xa
 1190 00fa 00        		.byte	0
 1191 00fb 00        		.byte	0
 1192 00fc 13        		.uleb128 0x13
 1193 00fd 0F        		.uleb128 0xf
 1194 00fe 00        		.byte	0
 1195 00ff 0B        		.uleb128 0xb
 1196 0100 0B        		.uleb128 0xb
 1197 0101 49        		.uleb128 0x49
 1198 0102 13        		.uleb128 0x13
 1199 0103 00        		.byte	0
 1200 0104 00        		.byte	0
 1201 0105 14        		.uleb128 0x14
 1202 0106 15        		.uleb128 0x15
 1203 0107 01        		.byte	0x1
 1204 0108 27        		.uleb128 0x27
 1205 0109 0C        		.uleb128 0xc
 1206 010a 49        		.uleb128 0x49
 1207 010b 13        		.uleb128 0x13
 1208 010c 01        		.uleb128 0x1
 1209 010d 13        		.uleb128 0x13
 1210 010e 00        		.byte	0
 1211 010f 00        		.byte	0
 1212 0110 15        		.uleb128 0x15
 1213 0111 05        		.uleb128 0x5
 1214 0112 00        		.byte	0
 1215 0113 49        		.uleb128 0x49
 1216 0114 13        		.uleb128 0x13
 1217 0115 00        		.byte	0
 1218 0116 00        		.byte	0
 1219 0117 16        		.uleb128 0x16
 1220 0118 01        		.uleb128 0x1
 1221 0119 01        		.byte	0x1
 1222 011a 49        		.uleb128 0x49
 1223 011b 13        		.uleb128 0x13
 1224 011c 01        		.uleb128 0x1
 1225 011d 13        		.uleb128 0x13
 1226 011e 00        		.byte	0
 1227 011f 00        		.byte	0
 1228 0120 17        		.uleb128 0x17
 1229 0121 21        		.uleb128 0x21
 1230 0122 00        		.byte	0
 1231 0123 00        		.byte	0
 1232 0124 00        		.byte	0
 1233 0125 18        		.uleb128 0x18
 1234 0126 34        		.uleb128 0x34
 1235 0127 00        		.byte	0
 1236 0128 03        		.uleb128 0x3
 1237 0129 0E        		.uleb128 0xe
 1238 012a 3A        		.uleb128 0x3a
 1239 012b 0B        		.uleb128 0xb
 1240 012c 3B        		.uleb128 0x3b
 1241 012d 05        		.uleb128 0x5
 1242 012e 39        		.uleb128 0x39
 1243 012f 0B        		.uleb128 0xb
 1244 0130 49        		.uleb128 0x49
 1245 0131 13        		.uleb128 0x13
 1246 0132 3F        		.uleb128 0x3f
 1247 0133 0C        		.uleb128 0xc
 1248 0134 3C        		.uleb128 0x3c
 1249 0135 0C        		.uleb128 0xc
 1250 0136 00        		.byte	0
 1251 0137 00        		.byte	0
 1252 0138 19        		.uleb128 0x19
 1253 0139 21        		.uleb128 0x21
 1254 013a 00        		.byte	0
 1255 013b 49        		.uleb128 0x49
 1256 013c 13        		.uleb128 0x13
 1257 013d 2F        		.uleb128 0x2f
 1258 013e 0B        		.uleb128 0xb
 1259 013f 00        		.byte	0
 1260 0140 00        		.byte	0
 1261 0141 1A        		.uleb128 0x1a
 1262 0142 04        		.uleb128 0x4
 1263 0143 01        		.byte	0x1
 1264 0144 3E        		.uleb128 0x3e
 1265 0145 0B        		.uleb128 0xb
 1266 0146 0B        		.uleb128 0xb
 1267 0147 0B        		.uleb128 0xb
 1268 0148 49        		.uleb128 0x49
 1269 0149 13        		.uleb128 0x13
 1270 014a 3A        		.uleb128 0x3a
 1271 014b 0B        		.uleb128 0xb
 1272 014c 3B        		.uleb128 0x3b
 1273 014d 0B        		.uleb128 0xb
 1274 014e 39        		.uleb128 0x39
 1275 014f 0B        		.uleb128 0xb
 1276 0150 01        		.uleb128 0x1
 1277 0151 13        		.uleb128 0x13
 1278 0152 00        		.byte	0
 1279 0153 00        		.byte	0
 1280 0154 1B        		.uleb128 0x1b
 1281 0155 28        		.uleb128 0x28
 1282 0156 00        		.byte	0
 1283 0157 03        		.uleb128 0x3
 1284 0158 0E        		.uleb128 0xe
 1285 0159 1C        		.uleb128 0x1c
 1286 015a 0B        		.uleb128 0xb
 1287 015b 00        		.byte	0
 1288 015c 00        		.byte	0
 1289 015d 1C        		.uleb128 0x1c
 1290 015e 04        		.uleb128 0x4
 1291 015f 01        		.byte	0x1
 1292 0160 03        		.uleb128 0x3
 1293 0161 0E        		.uleb128 0xe
 1294 0162 3E        		.uleb128 0x3e
 1295 0163 0B        		.uleb128 0xb
 1296 0164 0B        		.uleb128 0xb
 1297 0165 0B        		.uleb128 0xb
 1298 0166 49        		.uleb128 0x49
 1299 0167 13        		.uleb128 0x13
 1300 0168 3A        		.uleb128 0x3a
 1301 0169 0B        		.uleb128 0xb
 1302 016a 3B        		.uleb128 0x3b
 1303 016b 0B        		.uleb128 0xb
 1304 016c 39        		.uleb128 0x39
 1305 016d 0B        		.uleb128 0xb
 1306 016e 01        		.uleb128 0x1
 1307 016f 13        		.uleb128 0x13
 1308 0170 00        		.byte	0
 1309 0171 00        		.byte	0
 1310 0172 1D        		.uleb128 0x1d
 1311 0173 34        		.uleb128 0x34
 1312 0174 00        		.byte	0
 1313 0175 47        		.uleb128 0x47
 1314 0176 13        		.uleb128 0x13
 1315 0177 3A        		.uleb128 0x3a
 1316 0178 0B        		.uleb128 0xb
 1317 0179 3B        		.uleb128 0x3b
 1318 017a 0B        		.uleb128 0xb
 1319 017b 39        		.uleb128 0x39
 1320 017c 0B        		.uleb128 0xb
 1321 017d 00        		.byte	0
 1322 017e 00        		.byte	0
 1323 017f 1E        		.uleb128 0x1e
 1324 0180 2E        		.uleb128 0x2e
 1325 0181 01        		.byte	0x1
 1326 0182 3F        		.uleb128 0x3f
 1327 0183 0C        		.uleb128 0xc
 1328 0184 03        		.uleb128 0x3
 1329 0185 0E        		.uleb128 0xe
 1330 0186 3A        		.uleb128 0x3a
 1331 0187 0B        		.uleb128 0xb
 1332 0188 3B        		.uleb128 0x3b
 1333 0189 0B        		.uleb128 0xb
 1334 018a 39        		.uleb128 0x39
 1335 018b 0B        		.uleb128 0xb
 1336 018c 27        		.uleb128 0x27
 1337 018d 0C        		.uleb128 0xc
 1338 018e 01        		.uleb128 0x1
 1339 018f 13        		.uleb128 0x13
 1340 0190 00        		.byte	0
 1341 0191 00        		.byte	0
 1342 0192 1F        		.uleb128 0x1f
 1343 0193 34        		.uleb128 0x34
 1344 0194 00        		.byte	0
 1345 0195 03        		.uleb128 0x3
 1346 0196 0E        		.uleb128 0xe
 1347 0197 3A        		.uleb128 0x3a
 1348 0198 0B        		.uleb128 0xb
 1349 0199 3B        		.uleb128 0x3b
 1350 019a 0B        		.uleb128 0xb
 1351 019b 39        		.uleb128 0x39
 1352 019c 0B        		.uleb128 0xb
 1353 019d 49        		.uleb128 0x49
 1354 019e 13        		.uleb128 0x13
 1355 019f 00        		.byte	0
 1356 01a0 00        		.byte	0
 1357 01a1 20        		.uleb128 0x20
 1358 01a2 2E        		.uleb128 0x2e
 1359 01a3 00        		.byte	0
 1360 01a4 3F        		.uleb128 0x3f
 1361 01a5 0C        		.uleb128 0xc
 1362 01a6 03        		.uleb128 0x3
 1363 01a7 0E        		.uleb128 0xe
 1364 01a8 3A        		.uleb128 0x3a
 1365 01a9 0B        		.uleb128 0xb
 1366 01aa 3B        		.uleb128 0x3b
 1367 01ab 0B        		.uleb128 0xb
 1368 01ac 39        		.uleb128 0x39
 1369 01ad 0B        		.uleb128 0xb
 1370 01ae 27        		.uleb128 0x27
 1371 01af 0C        		.uleb128 0xc
 1372 01b0 00        		.byte	0
 1373 01b1 00        		.byte	0
 1374 01b2 00        		.byte	0
 1375               		.section	.gnu.debuglto_.debug_line,"",@progbits
 1376               	.Ldebug_line0:
 1377 0000 BD01 0000 		.long	.LELT0-.LSLT0
 1378               	.LSLT0:
 1379 0004 0200      		.word	0x2
 1380 0006 B701 0000 		.long	.LELTP0-.LASLTP0
 1381               	.LASLTP0:
 1382 000a 01        		.byte	0x1
 1383 000b 01        		.byte	0x1
 1384 000c F6        		.byte	0xf6
 1385 000d F2        		.byte	0xf2
 1386 000e 0D        		.byte	0xd
 1387 000f 00        		.byte	0
 1388 0010 01        		.byte	0x1
 1389 0011 01        		.byte	0x1
 1390 0012 01        		.byte	0x1
 1391 0013 01        		.byte	0x1
 1392 0014 00        		.byte	0
 1393 0015 00        		.byte	0
 1394 0016 00        		.byte	0
 1395 0017 01        		.byte	0x1
 1396 0018 00        		.byte	0
 1397 0019 00        		.byte	0
 1398 001a 01        		.byte	0x1
 1399 001b 653A 5C67 		.ascii	"e:\\game\\msys2\\mingw64\\avr\\include"
 1399      616D 655C 
 1399      6D73 7973 
 1399      325C 6D69 
 1399      6E67 7736 
 1400 003c 00        		.byte	0
 1401 003d 6C69 622F 		.ascii	"lib/lufa/LUFA/Drivers/USB/Core"
 1401      6C75 6661 
 1401      2F4C 5546 
 1401      412F 4472 
 1401      6976 6572 
 1402 005b 00        		.byte	0
 1403 005c 6C69 622F 		.ascii	"lib/lufa/LUFA/Drivers/USB/Core/AVR8/.."
 1403      6C75 6661 
 1403      2F4C 5546 
 1403      412F 4472 
 1403      6976 6572 
 1404 0082 00        		.byte	0
 1405 0083 746D 6B5F 		.ascii	"tmk_core/common"
 1405      636F 7265 
 1405      2F63 6F6D 
 1405      6D6F 6E
 1406 0092 00        		.byte	0
 1407 0093 7175 616E 		.ascii	"quantum"
 1407      7475 6D
 1408 009a 00        		.byte	0
 1409 009b 7175 616E 		.ascii	"quantum/bootmagic"
 1409      7475 6D2F 
 1409      626F 6F74 
 1409      6D61 6769 
 1409      63
 1410 00ac 00        		.byte	0
 1411 00ad 7175 616E 		.ascii	"quantum/sequencer"
 1411      7475 6D2F 
 1411      7365 7175 
 1411      656E 6365 
 1411      72
 1412 00be 00        		.byte	0
 1413 00bf 00        		.byte	0
 1414 00c0 7374 6469 		.string	"stdint.h"
 1414      6E74 2E68 
 1414      00
 1415 00c9 01        		.uleb128 0x1
 1416 00ca 00        		.uleb128 0
 1417 00cb 00        		.uleb128 0
 1418 00cc 6465 6275 		.string	"debug.h"
 1418      672E 6800 
 1419 00d4 04        		.uleb128 0x4
 1420 00d5 00        		.uleb128 0
 1421 00d6 00        		.uleb128 0
 1422 00d7 6163 7469 		.string	"action.h"
 1422      6F6E 2E68 
 1422      00
 1423 00e0 04        		.uleb128 0x4
 1424 00e1 00        		.uleb128 0
 1425 00e2 00        		.uleb128 0
 1426 00e3 4156 5238 		.string	"AVR8/../StdRequestType.h"
 1426      2F2E 2E2F 
 1426      5374 6452 
 1426      6571 7565 
 1426      7374 5479 
 1427 00fc 02        		.uleb128 0x2
 1428 00fd 00        		.uleb128 0
 1429 00fe 00        		.uleb128 0
 1430 00ff 4156 5238 		.string	"AVR8/../DeviceStandardReq.h"
 1430      2F2E 2E2F 
 1430      4465 7669 
 1430      6365 5374 
 1430      616E 6461 
 1431 011b 02        		.uleb128 0x2
 1432 011c 00        		.uleb128 0
 1433 011d 00        		.uleb128 0
 1434 011e 5553 4254 		.string	"USBTask.h"
 1434      6173 6B2E 
 1434      6800 
 1435 0128 02        		.uleb128 0x2
 1436 0129 00        		.uleb128 0
 1437 012a 00        		.uleb128 0
 1438 012b 486F 7374 		.string	"HostStandardReq.h"
 1438      5374 616E 
 1438      6461 7264 
 1438      5265 712E 
 1438      6800 
 1439 013d 02        		.uleb128 0x2
 1440 013e 00        		.uleb128 0
 1441 013f 00        		.uleb128 0
 1442 0140 7374 6469 		.string	"stdio.h"
 1442      6F2E 6800 
 1443 0148 01        		.uleb128 0x1
 1444 0149 00        		.uleb128 0
 1445 014a 00        		.uleb128 0
 1446 014b 686F 7374 		.string	"host.h"
 1446      2E68 00
 1447 0152 04        		.uleb128 0x4
 1448 0153 00        		.uleb128 0
 1449 0154 00        		.uleb128 0
 1450 0155 6B65 7963 		.string	"keycode_config.h"
 1450      6F64 655F 
 1450      636F 6E66 
 1450      6967 2E68 
 1450      00
 1451 0166 05        		.uleb128 0x5
 1452 0167 00        		.uleb128 0
 1453 0168 00        		.uleb128 0
 1454 0169 7469 6D65 		.string	"timer.h"
 1454      722E 6800 
 1455 0171 04        		.uleb128 0x4
 1456 0172 00        		.uleb128 0
 1457 0173 00        		.uleb128 0
 1458 0174 7365 7175 		.string	"sequencer/sequencer.h"
 1458      656E 6365 
 1458      722F 7365 
 1458      7175 656E 
 1458      6365 722E 
 1459 018a 05        		.uleb128 0x5
 1460 018b 00        		.uleb128 0
 1461 018c 00        		.uleb128 0
 1462 018d 6B65 796D 		.string	"keymap.h"
 1462      6170 2E68 
 1462      00
 1463 0196 05        		.uleb128 0x5
 1464 0197 00        		.uleb128 0
 1465 0198 00        		.uleb128 0
 1466 0199 6163 7469 		.string	"action_layer.h"
 1466      6F6E 5F6C 
 1466      6179 6572 
 1466      2E68 00
 1467 01a8 04        		.uleb128 0x4
 1468 01a9 00        		.uleb128 0
 1469 01aa 00        		.uleb128 0
 1470 01ab 626F 6F74 		.string	"bootmagic/magic.c"
 1470      6D61 6769 
 1470      632F 6D61 
 1470      6769 632E 
 1470      6300 
 1471 01bd 05        		.uleb128 0x5
 1472 01be 00        		.uleb128 0
 1473 01bf 00        		.uleb128 0
 1474 01c0 00        		.byte	0
 1475               	.LELTP0:
 1476               	.LELT0:
 1477               		.section	.gnu.debuglto_.debug_str,"MS",@progbits,1
 1478               	.LASF74:
 1479 0000 7365 7175 		.string	"sequencer_phase_t"
 1479      656E 6365 
 1479      725F 7068 
 1479      6173 655F 
 1479      7400 
 1480               	.LASF43:
 1481 0012 7377 6170 		.string	"swap_ralt_rgui"
 1481      5F72 616C 
 1481      745F 7267 
 1481      7569 00
 1482               	.LASF20:
 1483 0021 6252 6571 		.string	"bRequest"
 1483      7565 7374 
 1483      00
 1484               	.LASF41:
 1485 002a 6361 7073 		.string	"capslock_to_control"
 1485      6C6F 636B 
 1485      5F74 6F5F 
 1485      636F 6E74 
 1485      726F 6C00 
 1486               	.LASF79:
 1487 003e 7068 6173 		.string	"phase"
 1487      6500 
 1488               	.LASF8:
 1489 0044 6C6F 6E67 		.string	"long long int"
 1489      206C 6F6E 
 1489      6720 696E 
 1489      7400 
 1490               	.LASF16:
 1491 0052 6465 6275 		.string	"debug_config_t"
 1491      675F 636F 
 1491      6E66 6967 
 1491      5F74 00
 1492               	.LASF50:
 1493 0061 6F6E 6573 		.string	"oneshot_disable"
 1493      686F 745F 
 1493      6469 7361 
 1493      626C 6500 
 1494               	.LASF85:
 1495 0071 6C61 7965 		.string	"layer_state_t"
 1495      725F 7374 
 1495      6174 655F 
 1495      7400 
 1496               	.LASF53:
 1497 007f 7469 6D65 		.string	"timer_count"
 1497      725F 636F 
 1497      756E 7400 
 1498               	.LASF31:
 1499 008b 5553 425F 		.string	"USB_Host_ConfigurationNumber"
 1499      486F 7374 
 1499      5F43 6F6E 
 1499      6669 6775 
 1499      7261 7469 
 1500               	.LASF37:
 1501 00a8 5F5F 696F 		.string	"__iob"
 1501      6200 
 1502               	.LASF32:
 1503 00ae 756E 6765 		.string	"unget"
 1503      7400 
 1504               	.LASF10:
 1505 00b4 656E 6162 		.string	"enable"
 1505      6C65 00
 1506               	.LASF78:
 1507 00bb 7469 6D65 		.string	"timer"
 1507      7200 
 1508               	.LASF25:
 1509 00c1 5553 425F 		.string	"USB_Device_ConfigurationNumber"
 1509      4465 7669 
 1509      6365 5F43 
 1509      6F6E 6669 
 1509      6775 7261 
 1510               	.LASF51:
 1511 00e0 6B65 796D 		.string	"keymap_config_t"
 1511      6170 5F63 
 1511      6F6E 6669 
 1511      675F 7400 
 1512               	.LASF75:
 1513 00f0 6163 7469 		.string	"active_tracks"
 1513      7665 5F74 
 1513      7261 636B 
 1513      7300 
 1514               	.LASF77:
 1515 00fe 6375 7272 		.string	"current_step"
 1515      656E 745F 
 1515      7374 6570 
 1515      00
 1516               	.LASF63:
 1517 010b 5345 5155 		.string	"SEQUENCER_RESOLUTIONS"
 1517      454E 4345 
 1517      525F 5245 
 1517      534F 4C55 
 1517      5449 4F4E 
 1518               	.LASF42:
 1519 0121 7377 6170 		.string	"swap_lalt_lgui"
 1519      5F6C 616C 
 1519      745F 6C67 
 1519      7569 00
 1520               	.LASF81:
 1521 0130 7365 7175 		.string	"sequencer_config"
 1521      656E 6365 
 1521      725F 636F 
 1521      6E66 6967 
 1521      00
 1522               	.LASF46:
 1523 0141 7377 6170 		.string	"swap_backslash_backspace"
 1523      5F62 6163 
 1523      6B73 6C61 
 1523      7368 5F62 
 1523      6163 6B73 
 1524               	.LASF55:
 1525 015a 5351 5F52 		.string	"SQ_RES_2T"
 1525      4553 5F32 
 1525      5400 
 1526               	.LASF72:
 1527 0164 5345 5155 		.string	"SEQUENCER_PHASE_RELEASE"
 1527      454E 4345 
 1527      525F 5048 
 1527      4153 455F 
 1527      5245 4C45 
 1528               	.LASF9:
 1529 017c 6C6F 6E67 		.string	"long long unsigned int"
 1529      206C 6F6E 
 1529      6720 756E 
 1529      7369 676E 
 1529      6564 2069 
 1530               	.LASF29:
 1531 0193 5553 425F 		.string	"USB_ControlRequest"
 1531      436F 6E74 
 1531      726F 6C52 
 1531      6571 7565 
 1531      7374 00
 1532               	.LASF88:
 1533 01a6 474E 5520 		.string	"GNU C99 8.4.0 -mn-flash=1 -mno-skip-bug -mmcu=avr5 -gdwarf-2 -Os -std=gnu99 -funsigned-ch
 1533      4339 3920 
 1533      382E 342E 
 1533      3020 2D6D 
 1533      6E2D 666C 
 1534               	.LASF5:
 1535 0297 6C6F 6E67 		.string	"long int"
 1535      2069 6E74 
 1535      00
 1536               	.LASF30:
 1537 02a0 5553 425F 		.string	"USB_DeviceState"
 1537      4465 7669 
 1537      6365 5374 
 1537      6174 6500 
 1538               	.LASF76:
 1539 02b0 6375 7272 		.string	"current_track"
 1539      656E 745F 
 1539      7472 6163 
 1539      6B00 
 1540               	.LASF45:
 1541 02be 7377 6170 		.string	"swap_grave_esc"
 1541      5F67 7261 
 1541      7665 5F65 
 1541      7363 00
 1542               	.LASF71:
 1543 02cd 5345 5155 		.string	"SEQUENCER_PHASE_ATTACK"
 1543      454E 4345 
 1543      525F 5048 
 1543      4153 455F 
 1543      4154 5441 
 1544               	.LASF93:
 1545 02e4 6465 6661 		.string	"default_layer"
 1545      756C 745F 
 1545      6C61 7965 
 1545      7200 
 1546               	.LASF28:
 1547 02f2 5553 425F 		.string	"USB_IsInitialized"
 1547      4973 496E 
 1547      6974 6961 
 1547      6C69 7A65 
 1547      6400 
 1548               	.LASF21:
 1549 0304 7756 616C 		.string	"wValue"
 1549      7565 00
 1550               	.LASF61:
 1551 030b 5351 5F52 		.string	"SQ_RES_16T"
 1551      4553 5F31 
 1551      3654 00
 1552               	.LASF62:
 1553 0316 5351 5F52 		.string	"SQ_RES_32"
 1553      4553 5F33 
 1553      3200 
 1554               	.LASF24:
 1555 0320 5553 425F 		.string	"USB_Request_Header_t"
 1555      5265 7175 
 1555      6573 745F 
 1555      4865 6164 
 1555      6572 5F74 
 1556               	.LASF64:
 1557 0335 7365 7175 		.string	"sequencer_resolution_t"
 1557      656E 6365 
 1557      725F 7265 
 1557      736F 6C75 
 1557      7469 6F6E 
 1558               	.LASF26:
 1559 034c 5553 425F 		.string	"USB_Device_RemoteWakeupEnabled"
 1559      4465 7669 
 1559      6365 5F52 
 1559      656D 6F74 
 1559      6557 616B 
 1560               	.LASF1:
 1561 036b 756E 7369 		.string	"unsigned char"
 1561      676E 6564 
 1561      2063 6861 
 1561      7200 
 1562               	.LASF38:
 1563 0379 6B65 7962 		.string	"keyboard_idle"
 1563      6F61 7264 
 1563      5F69 646C 
 1563      6500 
 1564               	.LASF91:
 1565 0387 5F5F 6669 		.string	"__file"
 1565      6C65 00
 1566               	.LASF0:
 1567 038e 7369 676E 		.string	"signed char"
 1567      6564 2063 
 1567      6861 7200 
 1568               	.LASF33:
 1569 039a 666C 6167 		.string	"flags"
 1569      7300 
 1570               	.LASF14:
 1571 03a0 7265 7365 		.string	"reserved"
 1571      7276 6564 
 1571      00
 1572               	.LASF6:
 1573 03a9 7569 6E74 		.string	"uint32_t"
 1573      3332 5F74 
 1573      00
 1574               	.LASF4:
 1575 03b2 756E 7369 		.string	"unsigned int"
 1575      676E 6564 
 1575      2069 6E74 
 1575      00
 1576               	.LASF3:
 1577 03bf 7569 6E74 		.string	"uint16_t"
 1577      3136 5F74 
 1577      00
 1578               	.LASF7:
 1579 03c8 6C6F 6E67 		.string	"long unsigned int"
 1579      2075 6E73 
 1579      6967 6E65 
 1579      6420 696E 
 1579      7400 
 1580               	.LASF94:
 1581 03da 626F 6F74 		.string	"bootmagic"
 1581      6D61 6769 
 1581      6300 
 1582               	.LASF54:
 1583 03e4 5351 5F52 		.string	"SQ_RES_2"
 1583      4553 5F32 
 1583      00
 1584               	.LASF13:
 1585 03ed 6D6F 7573 		.string	"mouse"
 1585      6500 
 1586               	.LASF56:
 1587 03f3 5351 5F52 		.string	"SQ_RES_4"
 1587      4553 5F34 
 1587      00
 1588               	.LASF66:
 1589 03fc 7374 6570 		.string	"steps"
 1589      7300 
 1590               	.LASF58:
 1591 0402 5351 5F52 		.string	"SQ_RES_8"
 1591      4553 5F38 
 1591      00
 1592               	.LASF84:
 1593 040b 666E 5F61 		.string	"fn_actions"
 1593      6374 696F 
 1593      6E73 00
 1594               	.LASF35:
 1595 0416 7564 6174 		.string	"udata"
 1595      6100 
 1596               	.LASF86:
 1597 041c 6465 6661 		.string	"default_layer_state"
 1597      756C 745F 
 1597      6C61 7965 
 1597      725F 7374 
 1597      6174 6500 
 1598               	.LASF36:
 1599 0430 6368 6172 		.string	"char"
 1599      00
 1600               	.LASF39:
 1601 0435 6B65 7962 		.string	"keyboard_protocol"
 1601      6F61 7264 
 1601      5F70 726F 
 1601      746F 636F 
 1601      6C00 
 1602               	.LASF12:
 1603 0447 6B65 7962 		.string	"keyboard"
 1603      6F61 7264 
 1603      00
 1604               	.LASF49:
 1605 0450 7377 6170 		.string	"swap_rctl_rgui"
 1605      5F72 6374 
 1605      6C5F 7267 
 1605      7569 00
 1606               	.LASF69:
 1607 045f 7265 736F 		.string	"resolution"
 1607      6C75 7469 
 1607      6F6E 00
 1608               	.LASF73:
 1609 046a 5345 5155 		.string	"SEQUENCER_PHASE_PAUSE"
 1609      454E 4345 
 1609      525F 5048 
 1609      4153 455F 
 1609      5041 5553 
 1610               	.LASF90:
 1611 0480 443A 5C44 		.string	"D:\\Download\\vial-qmk"
 1611      6F77 6E6C 
 1611      6F61 645C 
 1611      7669 616C 
 1611      2D71 6D6B 
 1612               	.LASF83:
 1613 0495 6B65 796D 		.string	"keymaps"
 1613      6170 7300 
 1614               	.LASF82:
 1615 049d 7365 7175 		.string	"sequencer_internal_state"
 1615      656E 6365 
 1615      725F 696E 
 1615      7465 726E 
 1615      616C 5F73 
 1616               	.LASF15:
 1617 04b6 5F42 6F6F 		.string	"_Bool"
 1617      6C00 
 1618               	.LASF19:
 1619 04bc 626D 5265 		.string	"bmRequestType"
 1619      7175 6573 
 1619      7454 7970 
 1619      6500 
 1620               	.LASF17:
 1621 04ca 6465 6275 		.string	"debug_config"
 1621      675F 636F 
 1621      6E66 6967 
 1621      00
 1622               	.LASF68:
 1623 04d7 7465 6D70 		.string	"tempo"
 1623      6F00 
 1624               	.LASF52:
 1625 04dd 6B65 796D 		.string	"keymap_config"
 1625      6170 5F63 
 1625      6F6E 6669 
 1625      6700 
 1626               	.LASF18:
 1627 04eb 6469 7361 		.string	"disable_action_cache"
 1627      626C 655F 
 1627      6163 7469 
 1627      6F6E 5F63 
 1627      6163 6865 
 1628               	.LASF47:
 1629 0500 6E6B 726F 		.string	"nkro"
 1629      00
 1630               	.LASF34:
 1631 0505 7369 7A65 		.string	"size"
 1631      00
 1632               	.LASF80:
 1633 050a 7365 7175 		.string	"sequencer_state_t"
 1633      656E 6365 
 1633      725F 7374 
 1633      6174 655F 
 1633      7400 
 1634               	.LASF70:
 1635 051c 7365 7175 		.string	"sequencer_config_t"
 1635      656E 6365 
 1635      725F 636F 
 1635      6E66 6967 
 1635      5F74 00
 1636               	.LASF27:
 1637 052f 5553 425F 		.string	"USB_Device_CurrentlySelfPowered"
 1637      4465 7669 
 1637      6365 5F43 
 1637      7572 7265 
 1637      6E74 6C79 
 1638               	.LASF65:
 1639 054f 656E 6162 		.string	"enabled"
 1639      6C65 6400 
 1640               	.LASF2:
 1641 0557 7569 6E74 		.string	"uint8_t"
 1641      385F 7400 
 1642               	.LASF44:
 1643 055f 6E6F 5F67 		.string	"no_gui"
 1643      7569 00
 1644               	.LASF57:
 1645 0566 5351 5F52 		.string	"SQ_RES_4T"
 1645      4553 5F34 
 1645      5400 
 1646               	.LASF40:
 1647 0570 7377 6170 		.string	"swap_control_capslock"
 1647      5F63 6F6E 
 1647      7472 6F6C 
 1647      5F63 6170 
 1647      736C 6F63 
 1648               	.LASF89:
 1649 0586 7175 616E 		.string	"quantum/bootmagic/magic.c"
 1649      7475 6D2F 
 1649      626F 6F74 
 1649      6D61 6769 
 1649      632F 6D61 
 1650               	.LASF48:
 1651 05a0 7377 6170 		.string	"swap_lctl_lgui"
 1651      5F6C 6374 
 1651      6C5F 6C67 
 1651      7569 00
 1652               	.LASF92:
 1653 05af 6D61 6769 		.string	"magic"
 1653      6300 
 1654               	.LASF59:
 1655 05b5 5351 5F52 		.string	"SQ_RES_8T"
 1655      4553 5F38 
 1655      5400 
 1656               	.LASF60:
 1657 05bf 5351 5F52 		.string	"SQ_RES_16"
 1657      4553 5F31 
 1657      3600 
 1658               	.LASF23:
 1659 05c9 774C 656E 		.string	"wLength"
 1659      6774 6800 
 1660               	.LASF87:
 1661 05d1 6C61 7965 		.string	"layer_state"
 1661      725F 7374 
 1661      6174 6500 
 1662               	.LASF11:
 1663 05dd 6D61 7472 		.string	"matrix"
 1663      6978 00
 1664               	.LASF22:
 1665 05e4 7749 6E64 		.string	"wIndex"
 1665      6578 00
 1666               	.LASF67:
 1667 05eb 7472 6163 		.string	"track_notes"
 1667      6B5F 6E6F 
 1667      7465 7300 
 1668               		.text
 1669               		.section	.gnu.lto_.profile.73a9d93a,"",@progbits
 1670 0000 789C 6367 		.string	"x\234cg`f`d"
 1670      6066 6064 
 1670      00
 1671 0009 0200      		.string	"\002"
 1672 000b 00        		.string	""
 1673 000c 6200      		.string	"b"
 1674 000e 0C        		.ascii	"\f"
 1675               		.text
 1676               		.section	.gnu.lto_.icf.73a9d93a,"",@progbits
 1677 0000 789C 6367 		.string	"x\234cg`f\020a@"
 1677      6066 1061 
 1677      4000 
 1678 000a 6686 E95D 		.string	"f\206\351]'z\271\030\237\355\230>\233\233\371\314\327K\2339\030"
 1678      277A B918 
 1678      9FED 983E 
 1678      9B9B F9CC 
 1678      D74B 9B39 
 1679 0020 5ADE 08CF 		.ascii	"Z\336\b\317"
 1680               		.text
 1681               		.section	.gnu.lto_.jmpfuncs.73a9d93a,"",@progbits
 1682 0000 789C 6367 		.string	"x\234cg`f\be@"
 1682      6066 0865 
 1682      4000 
 1683 000a 2620 6604 		.string	"& f\004S\214\007\030\031\031\200\370?\020\360\243\b022Ndfl\354\237\260\226\277\203y&3P=\3
 1683      538C 0718 
 1683      1919 80F8 
 1683      3F10 F0A3 
 1683      0830 3232 
 1684 0043 5FE2 140A 		.ascii	"_\342\024\n"
 1685               		.text
 1686               		.section	.gnu.lto_.inline.73a9d93a,"",@progbits
 1687 0000 789C 6367 		.string	"x\234cg`f\250a@"
 1687      6066 A861 
 1687      4000 
 1688 000a 2606 06E6 		.string	"&\006\006\346\006 `If\004\261\033\201\314:\006\0066\210\020\023H\210\201\201\221A\362\354
 1688      0620 6049 
 1688      6604 B11B 
 1688      81CC 3A06 
 1688      0636 8810 
 1689 004b 2640 1260 		.ascii	"&@\022`"
 1690               		.text
 1691               		.section	.gnu.lto_.pureconst.73a9d93a,"",@progbits
 1692 0000 789C 6367 		.string	"x\234cg`f`g```b\230\301\3028\203\005"
 1692      6066 6067 
 1692      6060 6062 
 1692      98C1 C238 
 1692      8305 00
 1693 0013 0539 014D 		.ascii	"\0059\001M"
 1694               		.text
 1695               		.section	.gnu.lto_bootmagic.73a9d93a,"",@progbits
 1696 0000 789C 6367 		.string	"x\234cg`f\230\304\300\300 \003\304\262@\314\310\314\300\310\324\320\320\340\300\336\310\3
 1696      6066 98C4 
 1696      C0C0 2003 
 1696      C4B2 40CC 
 1696      C8CC C0C8 
 1697 00b9 00        		.string	""
 1698 00ba 6B7C 3B86 		.ascii	"k|;\206"
 1699               		.text
 1700               		.section	.gnu.lto_magic.73a9d93a,"",@progbits
 1701 0000 789C 8552 		.string	"x\234\205R\315O\023A\024\237\267o\266-\320\362!\242@0\341\304\241$|\304\223\321\203\377\2
 1701      CD4F 1341 
 1701      149F B76F 
 1701      B62D D0F2 
 1701      21A2 4030 
 1702 00b9 4ED7 0F37 		.ascii	"N\327\0177\223s>y\325\240\222\256\253\306\362\204\027\367\201"
 1702      9373 3E79 
 1702      D5A0 92AE 
 1702      ABC6 F284 
 1702      17F7 81
 1703 00cc F4B4 E647 		.ascii	"\364\264\346Gb\336\252\001!\faO\217\350\235\302\016UZ\210\360"
 1703      62DE AA01 
 1703      210C 614F 
 1703      8FE8 9DC2 
 1703      0E55 5A88 
 1704 00e1 0490 70E1 		.ascii	"\004\220p\3411T\300#\250\220\340\325\003^\031\360\351\301\372"
 1704      3154 C023 
 1704      A890 E0D5 
 1704      035E 19F0 
 1704      E9C1 FA
 1705 00f4 359F 8BC3 		.ascii	"5\237\213\303(T\245\230\301\006\027\003\372\313\267\241Y\335"
 1705      2854 A598 
 1705      C106 1703 
 1705      FACB B7A1 
 1705      59DD 
 1706 0106 16EB 49C2 		.ascii	"\026\353I\302Y\030\200\376D^10\013\271F\233\216\264\271\270<"
 1706      5918 80FE 
 1706      445E 3130 
 1706      0BB9 469B 
 1706      8EB4 B9B8 
 1707 011b E9B4 B90B 		.ascii	"\351\264\271\013\231\302`\021d\006e\304A\330\354<j!u\356\260"
 1707      99C2 6011 
 1707      6406 65C4 
 1707      41D8 EC3C 
 1707      6A21 75EE 
 1708 0130 D93C 88FE 		.ascii	"\331<\210\376\204_\201\177\205\216\276S\362\324\203@\022\242"
 1708      845F 817F 
 1708      858E BE53 
 1708      F2D4 8340 
 1708      12A2 
 1709 0142 F1A9 644E 		.ascii	"\361\251dN\030\214\220\307B\217\211\222\372)\204%Q\016\373\f"
 1709      188C 90C7 
 1709      428F 8992 
 1709      FA29 8425 
 1709      510E FB0C 
 1710 0156 E1C5 B171 		.ascii	"\341\305\261q\330t\016u_\276W s\347\300\340\231\223\n\361\340"
 1710      D874 0E75 
 1710      5FBE 5720 
 1710      73E7 C0E0 
 1710      9993 0AF1 
 1711 016b ECD2 9F38 		.ascii	"\354\322\2378l\360\214N\302\006Q\245:d\260\344\232\250\021\313"
 1711      6CF0 8C4E 
 1711      C206 51A5 
 1711      3A64 B0E4 
 1711      9AA8 11CB 
 1712 017f 98C3 92A7 		.ascii	"\230\303\222\247\020x\232\322\357\233J\027R\354Z\006\210\327"
 1712      1078 9AD2 
 1712      EF9B 4A17 
 1712      52EC 5A06 
 1712      88D7 
 1713 0191 44AA 178C 		.ascii	"D\252\027\214; >\266\b\306\307\256\025]:o\325\231\017\231\354"
 1713      3B20 3EB6 
 1713      08C6 C7AE 
 1713      155D 3A6F 
 1713      D599 0F99 
 1714 01a6 F951 5967 		.ascii	"\371QYgz\\\033\034\276\221\033\203\333\324\366\002xA8\360\\&"
 1714      7A5C 1B1C 
 1714      BE91 1B83 
 1714      DBD4 F602 
 1714      7841 38F0 
 1715 01bc 4416 3B19 		.ascii	"D\026;\031\271\344\256\037\222\243\321w\207\314\2050\0011\270"
 1715      B9E4 AE1F 
 1715      92A3 D177 
 1715      87CC 8530 
 1715      0131 B8
 1716 01cf EAF4 E725 		.ascii	"\352\364\347%\324\223\032%\363g\266L\314`+2\221f\026^92w\355"
 1716      D493 1A25 
 1716      F367 B64C 
 1716      CC60 2B32 
 1716      9166 165E 
 1717 01e7 24B3 384B 		.ascii	"$\2638KfqT\266\"]\346nx-eNn#s\220\314%0\245d\202\224\371F\312"
 1717      6671 54B6 
 1717      225D E66E 
 1717      782D 654E 
 1717      6E23 7390 
 1718 0205 4425 73D5 		.ascii	"D%s\325\377\277v\350\0240\275\321\016\031\022\303\177\231\r\242"
 1718      FFBF 76E8 
 1718      1430 BDD1 
 1718      0E19 12C3 
 1718      7F99 0DA2 
 1719 0219 9319 CF6E 		.ascii	"\223\031\317n\200\213\302\336ni\300Z\347C\335q.$\177\0022\024"
 1719      808B C2DE 
 1719      6E69 C05A 
 1719      E743 DD71 
 1719      2E24 7F02 
 1720 022f A19C 4C7A 		.ascii	"\241\234LzR\300w\253S\300\341m\265\3541\321M\240\357$(\205X\270"
 1720      52C0 77AB 
 1720      53C0 E16D 
 1720      B5EC 31D1 
 1720      4DA0 EF24 
 1721 0247 5745 0D3B 		.ascii	"WE\r;r\210\2427\307!\320\267V\2574\253z\245Q9b\351\325C\230\225"
 1721      7288 A237 
 1721      C721 D0B7 
 1721      56AF 34AB 
 1721      7AA5 5139 
 1722 0261 D59B 91D5 		.ascii	"\325\233\221\325\2039\252\324\216*\312L\364\220\317{G\205na9"
 1722      8339 AAD4 
 1722      8E2A CA4C 
 1722      F490 CF7B 
 1722      4785 6E61 
 1723 0276 FB06 465F 		.ascii	"\373\006F_\"O9\313/B\354j`\211\245\374L[\340tk[smCKKks\340\304"
 1723      224F 39CB 
 1723      2F42 EC6A 
 1723      6089 A5FC 
 1723      4C5B E074 
 1724 0295 C960 ADDA 		.ascii	"\311`\255\332k\202\314w\254\361x\240\255\251\365hS\340\\\343"
 1724      6B82 CC77 
 1724      ACF1 78A0 
 1724      ADA9 F568 
 1724      53E0 5CE3 
 1725 02a9 D9A2 D473 		.ascii	"\331\242\324sM]]p\177\360@C\200\375\005\220\300h\304"
 1725      4D5D 5D70 
 1725      7FF0 4043 
 1725      80FD 0590 
 1725      C068 C4
 1726               		.text
 1727               		.section	.gnu.lto_.symbol_nodes.73a9d93a,"",@progbits
 1728 0000 789C 6DCF 		.string	"x\234m\317\273\021\3020\020E\321\367\274\266e\354\"`\250\004f(\203^V\246\002j`\b\250\201\
 1728      BB11 C230 
 1728      1045 D1F7 
 1728      BCB6 65EC 
 1728      2260 A804 
 1729 0037 9233 140B 		.ascii	"\2223\024\013\357}\312\345\036\241\261\365Str\201\322\224\354"
 1729      EF7D CAE5 
 1729      1EA1 B1F5 
 1729      5374 7281 
 1729      D294 EC
 1730 004a 018C DAFB 		.ascii	"\001\214\332\373\004\326\3436\336H\332\001?\320\344\027\317\260"
 1730      04D6 E336 
 1730      DE48 DA01 
 1730      3FD0 E417 
 1730      CFB0 
 1731 005c 7B06 783F 		.ascii	"{\006x?\t\362\202\212-OhjK\003\315l\271Cs[nPg\313\025Z\230\""
 1731      09F2 828A 
 1731      2D4F 686A 
 1731      4B03 CD6C 
 1731      B943 735B 
 1732 0078 ACEA EE9B 		.ascii	"\254\352\356\2333ayh\276\033rM\341\240\037\036C\026}\356r!\372"
 1732      3361 7968 
 1732      BE1B 724D 
 1732      E1A0 1F1E 
 1732      4316 7DEE 
 1733 008f 5C39 A18B 		.ascii	"\\9\241\213\013!\363\230\2450\213\273\025\376\304\035~\274"
 1733      0B21 F398 
 1733      A530 8BBB 
 1733      15FE C41D 
 1733      7EBC 
 1734               		.text
 1735               		.section	.gnu.lto_.refs.73a9d93a,"",@progbits
 1736 0000 789C 6367 		.string	"x\234cg`f\340a```fdd\342`d\346f`\021e"
 1736      6066 E061 
 1736      6060 6066 
 1736      6464 E260 
 1736      64E6 6660 
 1737 0017 00        		.string	""
 1738 0018 02A7 00   		.string	"\002\247"
 1739 001b 4E        		.ascii	"N"
 1740               		.text
 1741               		.section	.gnu.lto_.decls.73a9d93a,"",@progbits
 1742 0000 789C 8557 		.string	"x\234\205WkTSW\026\276\347\236\004BL\210Uf\026\035Yk\230\325\246],g\tjku\326\374\2305\265
 1742      6B54 5357 
 1742      16BE E79E 
 1742      0442 4C88 
 1742      5566 161D 
 1743 00c6 DC23 1857 		.string	"\334#\030W\302\330\002\343'0\366\301\370)\214\021 \267\340y\025\214wa\374\f\306e \303\360
 1743      C2D8 02E3 
 1743      2730 F6C1 
 1743      F829 8C11 
 1743      20B7 E079 
 1744 0117 5379 1943 		.string	"Sy\031C\243:6E\020\035\267\257\024\352\261H\237\257?\350\272\216\023j$\366\321\374Y@? L\2
 1744      A33A 3645 
 1744      101D B7AF 
 1744      14EA B148 
 1744      9FAF 3FE8 
 1745 01a7 21FD 4302 		.string	"!\375C\002\347\233\363\177\0307\207\004\b\311\234\350O*\343\3470\370\022\021\257X\316\300
 1745      E79B F37F 
 1745      1837 8704 
 1745      08C9 9CE8 
 1745      4F2A E3E7 
 1746 0240 28F6 EF38 		.string	"(\366\3578X\020\206\355\314\225\221k\r\032\240+\036\226\274\276$\267\344\315"
 1746      5810 86ED 
 1746      CC95 916B 
 1746      0D1A A02B 
 1746      1E96 BCBE 
 1747 0259 1744 CA75 		.ascii	"\027D\312u\315\317\005\f\327\024D\371@\324J\211\332^\336iV\341"
 1747      CDCF 050C 
 1747      D714 44F9 
 1747      40D4 4A89 
 1747      DA5E DE69 
 1748 026f 744A 345D 		.ascii	"tJ4]5\223Gb\2425@\274\205\271\227UcsAQ\221%\177Xm4\254\237\020"
 1748      3593 4762 
 1748      A235 40BC 
 1748      85B9 9755 
 1748      6373 4151 
 1749 028c 8FAB 6E72 		.ascii	"\217\253nr\346h\004\211\013\260-\225\037z.\355\223\262\303(\n"
 1749      E668 0489 
 1749      0BB0 2D95 
 1749      1F7A 2EED 
 1749      93B2 C328 
 1750 02a1 5D57 3872 		.ascii	"]W8r\235\027\262\200\332\251\013;O\214\336\\\200+PH\037\006\216"
 1750      9D17 B280 
 1750      DAA9 0B3B 
 1750      4F8C DE5C 
 1750      802B 5048 
 1751 02b8 6495 8687 		.ascii	"d\225\206\207\310l'u\241\303\357\302\367\205\223\027\r\334\005"
 1751      C86C 2775 
 1751      A1C3 EFC2 
 1751      F785 9317 
 1751      0DDC 05
 1752 02cb 9F4F ED96 		.ascii	"\237O\355\226\032\021\201\240\033\212\375o\310\373w\321\375\267"
 1752      1A11 81A0 
 1752      1B8A FD6F 
 1752      C8FB 77D1 
 1752      FDB7 
 1753 02dd 79CF DED7 		.ascii	"y\317\336\327\341z\266\177\326\205\222;*h\236\030\350R\244h\321"
 1753      E17A B67F 
 1753      D685 923B 
 1753      2A68 9E18 
 1753      E852 A468 
 1754 02f2 18D6 A295 		.ascii	"\030\326\242\225\207+\232\364\270\227a\373\307\356\346iXgy\213"
 1754      872B 9AF4 
 1754      B897 61FB 
 1754      C7EE E669 
 1754      5867 798B 
 1755 0306 A530 E82C 		.ascii	"\2450\350,\346\025"
 1755      E615 
 1756 030c EA45 D480 		.string	"\352E\324\200\366\325M\350\253\036\350+\300\317U\327\037R+\343\270\245\310e_P\211\024\324
 1756      F6D5 4DE8 
 1756      AB1E E82B 
 1756      C0CF 55D7 
 1756      1F52 2BE3 
 1757 040d 2992 206B 		.string	")\222 k\013\3218\212\020\266\321B\221\212c\221\\(\017`\003\262$\240\207`\360_H]\221\244\2
 1757      0BD1 388A 
 1757      10B6 D142 
 1757      918A 6391 
 1757      5C28 0F60 
 1758 044a A031 85FF 		.string	"\2401\205\377c\262\377\217\251\377\333g\373o\206\341\0361\350\r\022\305\336 yEY%:|\227\20
 1758      63B2 FF8F 
 1758      A9FF DB67 
 1758      FB6F 86E1 
 1758      1E31 E80D 
 1759 0487 CC24 A6B3 		.ascii	"\314$\246\263$\0302\002\345\301\336\327Y\374\245DJ1\347fYe$\036"
 1759      2418 3202 
 1759      E5C1 DED7 
 1759      59FC A544 
 1759      4A31 E766 
 1760 049f 0FAE BD28 		.ascii	"\017\256\275(V{\307\037\016\327a<\311\326\256l\275\320\240\306"
 1760      567B C71F 
 1760      0ED7 613C 
 1760      C9D6 AE6C 
 1760      BDD0 A0C6 
 1761 04b3 334C D93A 		.ascii	"3L\331:\320uN\203%L\024M_\207\373\264\006\031\341\263\330h\214"
 1761      D075 4E83 
 1761      254C 144D 
 1761      5F87 FBB4 
 1761      0619 E1B3 
 1762 04ca 2BA5 8ECD 		.ascii	"+\245\216\315=\210\335\347\316\360\216\204\321\\\315@\370\263"
 1762      3D88 DDE7 
 1762      CEF0 8E84 
 1762      D15C CD40 
 1762      F8B3 
 1763 04dc 6831 5AC1 		.ascii	"h1Z\301\035\215\217\241\323\257\221\021-'\3778\224\322\324>\371"
 1763      1D8D 8FA1 
 1763      D3AF 9111 
 1763      2D27 FF38 
 1763      94D2 D43E 
 1764 04f1 57A6 94BD 		.ascii	"W\246\224\275\004\372U\240\340\2252\030\276\3740\240\356\335"
 1764      04FA 55A0 
 1764      E095 3218 
 1764      BEFC 30A0 
 1764      EEDD 
 1765 0503 A7CE 94B6 		.ascii	"\247\316\224\266/\241\f\323\241\211\247P\300d`mG\037;\265\027"
 1765      2FA1 0CD3 
 1765      A189 A750 
 1765      C064 606D 
 1765      471F 3BB5 
 1766 0518 A10D 9E53 		.ascii	"\241\r\236S\203\335\354\224Qt \255\004\017\207\2072\3048\364"
 1766      83DD EC94 
 1766      5174 20AD 
 1766      040F 8787 
 1766      32C4 38F4 
 1767 052c 0A80 7320 		.ascii	"\n\200s o@~\005\221D\243 o\323*o\3632\3646+\002n\215P<\234\013"
 1767      6F40 7E05 
 1767      9144 A320 
 1767      6FD3 2A6F 
 1767      F332 F436 
 1768 0548 9AE4 F809 		.ascii	"\232\344\370\t\0240 w\0221\230\240~\225S\277f\377\t\377\202\020"
 1768      1430 2077 
 1768      1231 98A0 
 1768      7E95 53BF 
 1768      66FF 09FF 
 1769 055e A4E0 2F27 		.ascii	"\244\340/'\376vt7<\252\022q1=\020\325\340\261\351\245\310\030"
 1769      FE76 7437 
 1769      3CAA 1271 
 1769      313D 10D5 
 1769      E0B1 E9A5 
 1770 0574 678C 6279 		.ascii	"g\214by\035_+\355\210fFYb\324<ye\334S{1!\007H\0209su\252\007"
 1770      1D5F 2BED 
 1770      8866 4659 
 1770      62D4 3C79 
 1770      65DC 537B 
 1771 0592 67C2 FB0C 		.ascii	"g\302\373\fS\257\266\2108\004\323\236w\263G\200${\231\220\275"
 1771      53AF B688 
 1771      3804 D39E 
 1771      77B3 4780 
 1771      247B 9990 
 1772 05a7 ADA2 11B9 		.ascii	"\255\242\021\271Y\306\300\347g\276\334&\035>J}\026\337\024\216"
 1772      59C6 C0E7 
 1772      67BE DC26 
 1772      1D3E 4A7D 
 1772      16DF 148E 
 1773 05bb 9418 505C 		.ascii	"\224\030P\\\024\217\363\023\342J\016\230n\023\003\235C\\\233"
 1773      148F F313 
 1773      E24A 0E98 
 1773      6E13 039D 
 1773      435C 9B
 1774 05ce 670F 940D 		.ascii	"g\017\224\r\324\241\267\231-{\235'~tT\202\027\273\267\375\005"
 1774      D4A1 B799 
 1774      2D7B 9D27 
 1774      7E74 5482 
 1774      17BB B7FD 
 1775 05e3 D44E      		.ascii	"\324N"
 1776 05e5 6386 8A52 		.string	"c\206\212R?aM){\n\272`<\f\377Il\027?\"/\321[\273\341\rs\n\263\202?\330Q\034\201\033\230r\
 1776      3F61 4D29 
 1776      7B0A BA60 
 1776      3C0C FF49 
 1776      6C17 3F22 
 1777 06e6 E4A0 B27F 		.ascii	"\344\240\262\177\307\345\376\315\013\235\214]b\240e\236\320v"
 1777      C7E5 FECD 
 1777      0B9D 8C5D 
 1777      62A0 659E 
 1777      D076 
 1778 06f8 04E0 7C1D 		.ascii	"\004\340|\0353\032\210\27704\235\"cO\345\355sC\307\257\300\007"
 1778      331A 88BF 
 1778      3034 9D22 
 1778      634F E5ED 
 1778      7343 C7AF 
 1779 070e AE9B FCD0 		.ascii	"\256\233\374\320\374\317\025\327\340\253\317\375\006\005\241"
 1779      FCCF 15D7 
 1779      E0AB CFFD 
 1779      0605 A1
 1780 071d 0DDE B99F 		.ascii	"\r\336\271\237\310\302\236\320\370\335\242\342\004e\203oC\033"
 1780      C8C2 9ED0 
 1780      F8DD A2E2 
 1780      0465 836F 
 1780      431B 
 1781 072f 282F E62E 		.ascii	"(/\346.\331`\177h\003v\001\302\275V\322PS\257E\306\2508c\240"
 1781      D960 7F68 
 1781      0376 01C2 
 1781      BD56 D250 
 1781      53AF 45C6 
 1782 0747 16C9 9D44 		.ascii	"\026\311\235D\017\240\022:z\276j\3343_\251T\362\333\242\nJ\345"
 1782      0FA0 123A 
 1782      7ABE 6ADC 
 1782      335F A954 
 1782      F2DB A20A 
 1783 075d 186C 51C1 		.ascii	"\030lQ\301\312\200\235\352\317\354\"\254\234\367\"\364\215b\266"
 1783      CA80 9DEA 
 1783      CFEC 22AC 
 1783      9CF7 22F4 
 1783      8D62 B6
 1784 0770 E930 BF08 		.ascii	"\3510\277\bC\355\013}8\224\277\347\225\036\273\325\364\202\273"
 1784      43ED 0B7D 
 1784      3894 BFE7 
 1784      951E BBD5 
 1784      F482 BB
 1785 0783 57FE 7242 		.ascii	"W\376rB%_p\275\237\222-j\300\266Zq\301U\006.\270`\217\321qp4"
 1785      255F 70BD 
 1785      9F92 2D6A 
 1785      C0B6 5A71 
 1785      C155 062E 
 1786 079e 84D3 B0D1 		.ascii	"\204\323\260\321O\307\236\226\320+\216\376\216I\330[\006\277"
 1786      4FC7 9E96 
 1786      D02B 8EFE 
 1786      8E49 D85B 
 1786      06BF 
 1787 07b0 6324 44E9 		.ascii	"c$D\351\277a\364\n\027aF0\346\302\357\216\357\3515\327tx\353"
 1787      BF61 F40A 
 1787      1761 4630 
 1787      E6C2 EF8E 
 1787      EFE9 35D7 
 1788 07c7 313D DE4F 		.ascii	"1=\336O\235D5\333J"
 1788      9D44 35DB 
 1788      4A
 1789 07d0 CBF5 8468 		.string	"\313\365\204h\013\371\341\020[x\373\200\224\235\265\220\376\002\250\345D\376\337\254\002\
 1789      0BF9 E110 
 1789      5B78 FB80 
 1789      949D B590 
 1789      FE02 A8E5 
 1790 0807 FEE6 DB36 		.string	"\376\346\3336\311\240\004\267\004\201Oq\360)\n\336\327\376\302\247S\202\373\202\300\2479\
 1790      C9A0 04B7 
 1790      0481 4F71 
 1790      F029 0ADE 
 1790      D7FE C2A7 
 1791 086a 5CC7 C175 		.string	"\\\307\301u\024|6\343\332\236\005Jp[\020s=\007\223\361\375\177\247\233\323\\\351\251\361\
 1791      147C 36E3 
 1791      DA9E 054A 
 1791      705B 1073 
 1791      3D07 93F1 
 1792 0969 2FB1 C3BC 		.ascii	"/\261\303\2749R\311gr\351\231\253\\7\330\323\254\316\rv\227)"
 1792      3952 C967 
 1792      72E9 99AB 
 1792      5C37 D8D3 
 1792      ACCE 0D76 
 1793 097f 29D9 4998 		.ascii	")\331I\230\"\235\233a\315aq\331L\216\365\351\311L\265\021\325"
 1793      229D 9B61 
 1793      CD61 71D9 
 1793      4C8E F5E9 
 1793      C94C B511 
 1794 0994 06AA 2A2D 		.ascii	"\006\252*-\305a\217\246s\211fK\212\323fvn`O\033\315\026n\273"
 1794      C561 8FA6 
 1794      7389 664B 
 1794      8AD3 6676 
 1794      6E60 4F1B 
 1795 09ac DE61 DE64 		.ascii	"\336a\336d5Y\235\226\2604\273I\246p\230!\271\nF\242\022\306\305"
 1795      3559 9D96 
 1795      B034 BB49 
 1795      A670 9821 
 1795      B90A 46A2 
 1796 09c3 16F3 46A7 		.ascii	"\026\363F\247\315nI1\271\354\304%\227\303n\373\r\205p\305\344"
 1796      CD6E 4931 
 1796      B9EC C425 
 1796      97C3 6EFB 
 1796      0D85 70C5 
 1797 09d8 07C8 8506 		.ascii	"\007\310\205\006\376[\354IV\223|\024\206\240\210L\256\005\212"
 1797      FE5B EC49 
 1797      5693 7C14 
 1797      86A0 884C 
 1797      AE05 8A
 1798 09eb FAF8 1FD0 		.ascii	"\372\370\037\320\272\247\347"
 1798      BAA7 E7
 1799               		.text
 1800               		.section	.gnu.lto_.symtab.73a9d93a,"",@progbits
 1801 0000 626F 6F74 		.string	"bootmagic"
 1801      6D61 6769 
 1801      6300 
 1802 000a 00        		.string	""
 1803 000b 01        		.ascii	"\001"
 1804 000c 00        		.string	""
 1805 000d 00        		.string	""
 1806 000e 00        		.string	""
 1807 000f 00        		.string	""
 1808 0010 00        		.string	""
 1809 0011 00        		.string	""
 1810 0012 00        		.string	""
 1811 0013 00        		.string	""
 1812 0014 00        		.string	""
 1813 0015 C800      		.string	"\310"
 1814 0017 00        		.string	""
 1815 0018 00        		.string	""
 1816 0019 6D61 6769 		.string	"magic"
 1816      6300 
 1817 001f 00        		.string	""
 1818 0020 00        		.string	""
 1819 0021 00        		.string	""
 1820 0022 00        		.string	""
 1821 0023 00        		.string	""
 1822 0024 00        		.string	""
 1823 0025 00        		.string	""
 1824 0026 00        		.string	""
 1825 0027 00        		.string	""
 1826 0028 00        		.string	""
 1827 0029 00        		.string	""
 1828 002a CA00      		.string	"\312"
 1829 002c 00        		.string	""
 1830 002d 00        		.string	""
 1831 002e 6B65 796D 		.string	"keymap_config"
 1831      6170 5F63 
 1831      6F6E 6669 
 1831      6700 
 1832 003c 00        		.string	""
 1833 003d 04        		.ascii	"\004"
 1834 003e 00        		.string	""
 1835 003f 0200      		.string	"\002"
 1836 0041 00        		.string	""
 1837 0042 00        		.string	""
 1838 0043 00        		.string	""
 1839 0044 00        		.string	""
 1840 0045 00        		.string	""
 1841 0046 00        		.string	""
 1842 0047 2F01 00   		.string	"/\001"
 1843 004a 00        		.string	""
 1844 004b 6465 6275 		.string	"debug_config"
 1844      675F 636F 
 1844      6E66 6967 
 1844      00
 1845 0058 00        		.string	""
 1846 0059 02        		.ascii	"\002"
 1847 005a 00        		.string	""
 1848 005b 00        		.string	""
 1849 005c 00        		.string	""
 1850 005d 00        		.string	""
 1851 005e 00        		.string	""
 1852 005f 00        		.string	""
 1853 0060 00        		.string	""
 1854 0061 00        		.string	""
 1855 0062 00        		.string	""
 1856 0063 0A01 00   		.string	"\n\001"
 1857 0066 00        		.string	""
 1858 0067 6C61 7965 		.string	"layer_state"
 1858      725F 7374 
 1858      6174 6500 
 1859 0073 00        		.string	""
 1860 0074 02        		.ascii	"\002"
 1861 0075 00        		.string	""
 1862 0076 00        		.string	""
 1863 0077 00        		.string	""
 1864 0078 00        		.string	""
 1865 0079 00        		.string	""
 1866 007a 00        		.string	""
 1867 007b 00        		.string	""
 1868 007c 00        		.string	""
 1869 007d 00        		.string	""
 1870 007e 3101 00   		.string	"1\001"
 1871 0081 00        		.string	""
 1872 0082 6C61 7965 		.string	"layer_state_set_kb"
 1872      725F 7374 
 1872      6174 655F 
 1872      7365 745F 
 1872      6B62 00
 1873 0095 00        		.string	""
 1874 0096 02        		.ascii	"\002"
 1875 0097 00        		.string	""
 1876 0098 00        		.string	""
 1877 0099 00        		.string	""
 1878 009a 00        		.string	""
 1879 009b 00        		.string	""
 1880 009c 00        		.string	""
 1881 009d 00        		.string	""
 1882 009e 00        		.string	""
 1883 009f 00        		.string	""
 1884 00a0 CE00      		.string	"\316"
 1885 00a2 00        		.string	""
 1886 00a3 00        		.string	""
 1887 00a4 6465 6661 		.string	"default_layer_set"
 1887      756C 745F 
 1887      6C61 7965 
 1887      725F 7365 
 1887      7400 
 1888 00b6 00        		.string	""
 1889 00b7 02        		.ascii	"\002"
 1890 00b8 00        		.string	""
 1891 00b9 00        		.string	""
 1892 00ba 00        		.string	""
 1893 00bb 00        		.string	""
 1894 00bc 00        		.string	""
 1895 00bd 00        		.string	""
 1896 00be 00        		.string	""
 1897 00bf 00        		.string	""
 1898 00c0 00        		.string	""
 1899 00c1 D200      		.string	"\322"
 1900 00c3 00        		.string	""
 1901 00c4 00        		.string	""
 1902 00c5 6565 636F 		.string	"eeconfig_read_default_layer"
 1902      6E66 6967 
 1902      5F72 6561 
 1902      645F 6465 
 1902      6661 756C 
 1903 00e1 00        		.string	""
 1904 00e2 02        		.ascii	"\002"
 1905 00e3 00        		.string	""
 1906 00e4 00        		.string	""
 1907 00e5 00        		.string	""
 1908 00e6 00        		.string	""
 1909 00e7 00        		.string	""
 1910 00e8 00        		.string	""
 1911 00e9 00        		.string	""
 1912 00ea 00        		.string	""
 1913 00eb 00        		.string	""
 1914 00ec D900      		.string	"\331"
 1915 00ee 00        		.string	""
 1916 00ef 00        		.string	""
 1917 00f0 6565 636F 		.string	"eeconfig_read_keymap"
 1917      6E66 6967 
 1917      5F72 6561 
 1917      645F 6B65 
 1917      796D 6170 
 1918 0105 00        		.string	""
 1919 0106 02        		.ascii	"\002"
 1920 0107 00        		.string	""
 1921 0108 00        		.string	""
 1922 0109 00        		.string	""
 1923 010a 00        		.string	""
 1924 010b 00        		.string	""
 1925 010c 00        		.string	""
 1926 010d 00        		.string	""
 1927 010e 00        		.string	""
 1928 010f 00        		.string	""
 1929 0110 E200      		.string	"\342"
 1930 0112 00        		.string	""
 1931 0113 00        		.string	""
 1932 0114 6565 636F 		.string	"eeconfig_read_debug"
 1932      6E66 6967 
 1932      5F72 6561 
 1932      645F 6465 
 1932      6275 6700 
 1933 0128 00        		.string	""
 1934 0129 02        		.ascii	"\002"
 1935 012a 00        		.string	""
 1936 012b 00        		.string	""
 1937 012c 00        		.string	""
 1938 012d 00        		.string	""
 1939 012e 00        		.string	""
 1940 012f 00        		.string	""
 1941 0130 00        		.string	""
 1942 0131 00        		.string	""
 1943 0132 00        		.string	""
 1944 0133 E400      		.string	"\344"
 1945 0135 00        		.string	""
 1946 0136 00        		.string	""
 1947 0137 6565 636F 		.string	"eeconfig_init"
 1947      6E66 6967 
 1947      5F69 6E69 
 1947      7400 
 1948 0145 00        		.string	""
 1949 0146 02        		.ascii	"\002"
 1950 0147 00        		.string	""
 1951 0148 00        		.string	""
 1952 0149 00        		.string	""
 1953 014a 00        		.string	""
 1954 014b 00        		.string	""
 1955 014c 00        		.string	""
 1956 014d 00        		.string	""
 1957 014e 00        		.string	""
 1958 014f 00        		.string	""
 1959 0150 E600      		.string	"\346"
 1960 0152 00        		.string	""
 1961 0153 00        		.string	""
 1962 0154 6565 636F 		.string	"eeconfig_is_enabled"
 1962      6E66 6967 
 1962      5F69 735F 
 1962      656E 6162 
 1962      6C65 6400 
 1963 0168 00        		.string	""
 1964 0169 02        		.ascii	"\002"
 1965 016a 00        		.string	""
 1966 016b 00        		.string	""
 1967 016c 00        		.string	""
 1968 016d 00        		.string	""
 1969 016e 00        		.string	""
 1970 016f 00        		.string	""
 1971 0170 00        		.string	""
 1972 0171 00        		.string	""
 1973 0172 00        		.string	""
 1974 0173 ED00      		.string	"\355"
 1975 0175 00        		.string	""
 1976 0176 00        		.string	""
 1977               		.text
 1978               		.section	.gnu.lto_.opts,"",@progbits
 1979 0000 272D 666E 		.ascii	"'-fn"
 1980 0004 6F2D 6F70 		.string	"o-openmp' '-fno-openacc' '-fno-pie' '-mn-flash=1' '-mno-skip-bug' '-mmcu=avr5' '-Os' '-We
 1980      656E 6D70 
 1980      2720 272D 
 1980      666E 6F2D 
 1980      6F70 656E 
 1981               		.text
 1982               		.comm	__gnu_lto_v1,1,1
 1983               		.comm	__gnu_lto_slim,1,1
 1984               		.ident	"GCC: (GNU) 8.4.0"
DEFINED SYMBOLS
                            *ABS*:0000000000000000 magic.c
C:\Users\Roningo\AppData\Local\Temp\ccHggsNY.s:2      *ABS*:000000000000003e __SP_H__
C:\Users\Roningo\AppData\Local\Temp\ccHggsNY.s:3      *ABS*:000000000000003d __SP_L__
C:\Users\Roningo\AppData\Local\Temp\ccHggsNY.s:4      *ABS*:000000000000003f __SREG__
C:\Users\Roningo\AppData\Local\Temp\ccHggsNY.s:5      *ABS*:0000000000000000 __tmp_reg__
C:\Users\Roningo\AppData\Local\Temp\ccHggsNY.s:6      *ABS*:0000000000000001 __zero_reg__
C:\Users\Roningo\AppData\Local\Temp\ccHggsNY.s:26     .gnu.debuglto_.debug_info:0000000000000000 magic.c.00c3c9ba
                            *COM*:0000000000000001 __gnu_lto_v1
                            *COM*:0000000000000001 __gnu_lto_slim

NO UNDEFINED SYMBOLS
